nohup: ignoring input
cuda
epoch:  0 batch:  0 region_loss:  10.0 10.0 loc_loss:  1.9868173217773437 reward_loss:  -99.34036254882812
epoch:  0 batch:  10 region_loss:  10.0 10.0 loc_loss:  1.989449462890625 reward_loss:  -99.47265625
epoch:  0 batch:  20 region_loss:  10.0 10.0 loc_loss:  1.9853782653808594 reward_loss:  -99.26982116699219
epoch:  0 batch:  30 region_loss:  10.0 10.0 loc_loss:  1.984980926513672 reward_loss:  -99.24854278564453
epoch:  0 batch:  40 region_loss:  10.0 10.0 loc_loss:  1.9843582153320312 reward_loss:  -99.21798706054688
epoch:  0 batch:  50 region_loss:  10.0 10.0 loc_loss:  1.9815093994140625 reward_loss:  -99.07492065429688
epoch:  0 batch:  60 region_loss:  10.0 10.0 loc_loss:  1.9856488037109374 reward_loss:  -99.2821044921875
epoch:  0 batch:  70 region_loss:  10.0 10.0 loc_loss:  1.9875448608398438 reward_loss:  -99.3778305053711
epoch:  0 batch:  80 region_loss:  10.0 10.0 loc_loss:  1.98095703125 reward_loss:  -99.04885864257812
epoch:  0 batch:  90 region_loss:  6.0 6.0 loc_loss:  1.1816804504394531 reward_loss:  -59.0849494934082
epoch:  0 batch:  100 region_loss:  8.0 8.0 loc_loss:  1.5721943664550782 reward_loss:  -78.60942840576172
epoch:  0 batch:  110 region_loss:  4.0 4.0 loc_loss:  0.7870582580566406 reward_loss:  -39.35243606567383
epoch:  0 batch:  120 region_loss:  5.0 5.0 loc_loss:  0.9775120544433594 reward_loss:  -48.87474822998047
epoch:  0 batch:  130 region_loss:  7.0 7.0 loc_loss:  1.3716824340820313 reward_loss:  -68.58491516113281
acc@1:  0.0028222013170272815
epoch: 0 region loss 0.17051094890510948 loc loss 1.687086559769011 reward loss -84.35428883907569
epoch:  1 batch:  0 region_loss:  10.0 10.0 loc_loss:  1.91340576171875 reward_loss:  -95.6700439453125
epoch:  1 batch:  10 region_loss:  10.0 10.0 loc_loss:  1.9368702697753906 reward_loss:  -96.84308624267578
epoch:  1 batch:  20 region_loss:  10.0 10.0 loc_loss:  1.9268350219726562 reward_loss:  -96.34135437011719
epoch:  1 batch:  30 region_loss:  10.0 10.0 loc_loss:  1.9236981201171874 reward_loss:  -96.184814453125
epoch:  1 batch:  40 region_loss:  10.0 10.0 loc_loss:  1.9149249267578126 reward_loss:  -95.74652862548828
epoch:  1 batch:  50 region_loss:  10.0 10.0 loc_loss:  1.9001039123535157 reward_loss:  -95.00555419921875
epoch:  1 batch:  60 region_loss:  10.0 10.0 loc_loss:  1.891964874267578 reward_loss:  -94.59727478027344
epoch:  1 batch:  70 region_loss:  10.0 10.0 loc_loss:  1.8819973754882813 reward_loss:  -94.09825134277344
epoch:  1 batch:  80 region_loss:  10.0 10.0 loc_loss:  1.844766845703125 reward_loss:  -92.23729705810547
epoch:  1 batch:  90 region_loss:  6.0 6.0 loc_loss:  1.1007904052734374 reward_loss:  -55.0399055480957
epoch:  1 batch:  100 region_loss:  8.0 8.0 loc_loss:  1.4478759765625 reward_loss:  -72.3941879272461
epoch:  1 batch:  110 region_loss:  4.0 4.0 loc_loss:  0.7317986297607422 reward_loss:  -36.58945846557617
epoch:  1 batch:  120 region_loss:  5.0 5.0 loc_loss:  0.90204345703125 reward_loss:  -45.10088348388672
epoch:  1 batch:  130 region_loss:  7.0 7.0 loc_loss:  1.2542623138427735 reward_loss:  -62.71343231201172
acc@1:  0.022107243650047036
epoch: 1 region loss 0.17051094890510948 loc loss 1.5983560615038348 reward loss -79.91779216014555
epoch:  2 batch:  0 region_loss:  10.0 10.0 loc_loss:  1.7296377563476562 reward_loss:  -86.48162078857422
epoch:  2 batch:  10 region_loss:  10.0 10.0 loc_loss:  1.755956268310547 reward_loss:  -87.79800415039062
epoch:  2 batch:  20 region_loss:  10.0 10.0 loc_loss:  1.7350424194335938 reward_loss:  -86.7516860961914
epoch:  2 batch:  30 region_loss:  10.0 10.0 loc_loss:  1.7700802612304687 reward_loss:  -88.50334930419922
epoch:  2 batch:  40 region_loss:  10.0 10.0 loc_loss:  1.7208428955078126 reward_loss:  -86.04331970214844
epoch:  2 batch:  50 region_loss:  10.0 10.0 loc_loss:  1.7694308471679687 reward_loss:  -88.4721908569336
epoch:  2 batch:  60 region_loss:  10.0 10.0 loc_loss:  1.7422488403320313 reward_loss:  -87.1111068725586
epoch:  2 batch:  70 region_loss:  10.0 10.0 loc_loss:  1.7505499267578124 reward_loss:  -87.52802276611328
epoch:  2 batch:  80 region_loss:  10.0 10.0 loc_loss:  1.7161953735351563 reward_loss:  -85.8094253540039
epoch:  2 batch:  90 region_loss:  6.0 6.0 loc_loss:  1.0332886505126953 reward_loss:  -51.66353225708008
epoch:  2 batch:  100 region_loss:  8.0 8.0 loc_loss:  1.3682652282714844 reward_loss:  -68.4134521484375
epoch:  2 batch:  110 region_loss:  4.0 4.0 loc_loss:  0.6970680999755859 reward_loss:  -34.852725982666016
epoch:  2 batch:  120 region_loss:  5.0 5.0 loc_loss:  0.8636468505859375 reward_loss:  -43.18240737915039
epoch:  2 batch:  130 region_loss:  7.0 7.0 loc_loss:  1.2029814147949218 reward_loss:  -60.1486930847168
acc@1:  0.02916274694261524
epoch: 2 region loss 0.17051094890510948 loc loss 1.472159209982322 reward loss -73.607997337397
epoch:  3 batch:  0 region_loss:  10.0 10.0 loc_loss:  1.6781448364257812 reward_loss:  -83.90727996826172
epoch:  3 batch:  10 region_loss:  10.0 10.0 loc_loss:  1.6859796142578125 reward_loss:  -84.29730224609375
epoch:  3 batch:  20 region_loss:  10.0 10.0 loc_loss:  1.6501747131347657 reward_loss:  -82.50788116455078
epoch:  3 batch:  30 region_loss:  10.0 10.0 loc_loss:  1.7022462463378907 reward_loss:  -85.1125717163086
epoch:  3 batch:  40 region_loss:  10.0 10.0 loc_loss:  1.6532215881347656 reward_loss:  -82.66259765625
epoch:  3 batch:  50 region_loss:  10.0 10.0 loc_loss:  1.7021632385253906 reward_loss:  -85.1083984375
epoch:  3 batch:  60 region_loss:  10.0 10.0 loc_loss:  1.6782035827636719 reward_loss:  -83.9096908569336
epoch:  3 batch:  70 region_loss:  10.0 10.0 loc_loss:  1.684727325439453 reward_loss:  -84.23635864257812
epoch:  3 batch:  80 region_loss:  10.0 10.0 loc_loss:  1.6593914794921876 reward_loss:  -82.97098541259766
epoch:  3 batch:  90 region_loss:  6.0 6.0 loc_loss:  1.000503158569336 reward_loss:  -50.02433776855469
epoch:  3 batch:  100 region_loss:  8.0 8.0 loc_loss:  1.3241865539550781 reward_loss:  -66.20952606201172
epoch:  3 batch:  110 region_loss:  4.0 4.0 loc_loss:  0.6775926208496094 reward_loss:  -33.878868103027344
epoch:  3 batch:  120 region_loss:  5.0 5.0 loc_loss:  0.8391038513183594 reward_loss:  -41.95518493652344
epoch:  3 batch:  130 region_loss:  7.0 7.0 loc_loss:  1.171715545654297 reward_loss:  -58.58622360229492
acc@1:  0.03527751646284102
epoch: 3 region loss 0.17051094890510948 loc loss 1.4146156194088233 reward loss -70.73073719887837
epoch:  4 batch:  0 region_loss:  10.0 10.0 loc_loss:  1.6382829284667968 reward_loss:  -81.9144287109375
epoch:  4 batch:  10 region_loss:  10.0 10.0 loc_loss:  1.6401010131835938 reward_loss:  -82.00494384765625
epoch:  4 batch:  20 region_loss:  10.0 10.0 loc_loss:  1.5872032165527343 reward_loss:  -79.36032104492188
epoch:  4 batch:  30 region_loss:  10.0 10.0 loc_loss:  1.6491011047363282 reward_loss:  -82.45472717285156
epoch:  4 batch:  40 region_loss:  10.0 10.0 loc_loss:  1.6018141174316407 reward_loss:  -80.09056091308594
epoch:  4 batch:  50 region_loss:  10.0 10.0 loc_loss:  1.6448027038574218 reward_loss:  -82.24070739746094
epoch:  4 batch:  60 region_loss:  10.0 10.0 loc_loss:  1.6253887939453124 reward_loss:  -81.26973724365234
epoch:  4 batch:  70 region_loss:  10.0 10.0 loc_loss:  1.627830810546875 reward_loss:  -81.391845703125
epoch:  4 batch:  80 region_loss:  10.0 10.0 loc_loss:  1.6093995666503906 reward_loss:  -80.46943664550781
epoch:  4 batch:  90 region_loss:  6.0 6.0 loc_loss:  0.9715230560302734 reward_loss:  -48.57642364501953
epoch:  4 batch:  100 region_loss:  8.0 8.0 loc_loss:  1.282020263671875 reward_loss:  -64.10104370117188
epoch:  4 batch:  110 region_loss:  4.0 4.0 loc_loss:  0.6602925109863281 reward_loss:  -33.01425552368164
epoch:  4 batch:  120 region_loss:  5.0 5.0 loc_loss:  0.814521484375 reward_loss:  -40.72676086425781
epoch:  4 batch:  130 region_loss:  7.0 7.0 loc_loss:  1.1407005310058593 reward_loss:  -57.03465270996094
acc@1:  0.04280338664158043
epoch: 4 region loss 0.17051094890510948 loc loss 1.3674899731935375 reward loss -68.37446396542292
epoch:  5 batch:  0 region_loss:  10.0 10.0 loc_loss:  1.5933792114257812 reward_loss:  -79.66874694824219
epoch:  5 batch:  10 region_loss:  10.0 10.0 loc_loss:  1.5953823852539062 reward_loss:  -79.76880645751953
epoch:  5 batch:  20 region_loss:  10.0 10.0 loc_loss:  1.5246119689941406 reward_loss:  -76.23080444335938
epoch:  5 batch:  30 region_loss:  10.0 10.0 loc_loss:  1.5958248901367187 reward_loss:  -79.791259765625
epoch:  5 batch:  40 region_loss:  10.0 10.0 loc_loss:  1.5523239135742188 reward_loss:  -77.61617279052734
epoch:  5 batch:  50 region_loss:  10.0 10.0 loc_loss:  1.5875079345703125 reward_loss:  -79.37554168701172
epoch:  5 batch:  60 region_loss:  10.0 10.0 loc_loss:  1.5728999328613282 reward_loss:  -78.64503479003906
epoch:  5 batch:  70 region_loss:  10.0 10.0 loc_loss:  1.5712342834472657 reward_loss:  -78.56278991699219
epoch:  5 batch:  80 region_loss:  10.0 10.0 loc_loss:  1.55751708984375 reward_loss:  -77.8758544921875
epoch:  5 batch:  90 region_loss:  6.0 6.0 loc_loss:  0.9423184204101562 reward_loss:  -47.115726470947266
epoch:  5 batch:  100 region_loss:  8.0 8.0 loc_loss:  1.2369377136230468 reward_loss:  -61.846832275390625
epoch:  5 batch:  110 region_loss:  4.0 4.0 loc_loss:  0.6426618194580078 reward_loss:  -32.1329231262207
epoch:  5 batch:  120 region_loss:  5.0 5.0 loc_loss:  0.788429946899414 reward_loss:  -39.42174530029297
epoch:  5 batch:  130 region_loss:  7.0 7.0 loc_loss:  1.107181396484375 reward_loss:  -55.359130859375
acc@1:  0.05315145813734713
epoch: 5 region loss 0.17051094890510948 loc loss 1.3196265687037558 reward loss -65.9813374289631
epoch:  6 batch:  0 region_loss:  10.0 10.0 loc_loss:  1.5419813537597655 reward_loss:  -77.0994644165039
epoch:  6 batch:  10 region_loss:  10.0 10.0 loc_loss:  1.5464767456054687 reward_loss:  -77.32380676269531
epoch:  6 batch:  20 region_loss:  10.0 10.0 loc_loss:  1.4582695007324218 reward_loss:  -72.91345977783203
epoch:  6 batch:  30 region_loss:  10.0 10.0 loc_loss:  1.5385235595703124 reward_loss:  -76.92616271972656
epoch:  6 batch:  40 region_loss:  10.0 10.0 loc_loss:  1.5003292846679688 reward_loss:  -75.01644897460938
epoch:  6 batch:  50 region_loss:  10.0 10.0 loc_loss:  1.52704345703125 reward_loss:  -76.35200500488281
epoch:  6 batch:  60 region_loss:  10.0 10.0 loc_loss:  1.5170509338378906 reward_loss:  -75.85289001464844
epoch:  6 batch:  70 region_loss:  10.0 10.0 loc_loss:  1.510879669189453 reward_loss:  -75.54418182373047
epoch:  6 batch:  80 region_loss:  10.0 10.0 loc_loss:  1.501805877685547 reward_loss:  -75.09026336669922
epoch:  6 batch:  90 region_loss:  6.0 6.0 loc_loss:  0.9115947723388672 reward_loss:  -45.579830169677734
epoch:  6 batch:  100 region_loss:  8.0 8.0 loc_loss:  1.1874093627929687 reward_loss:  -59.3702507019043
epoch:  6 batch:  110 region_loss:  4.0 4.0 loc_loss:  0.6239785766601562 reward_loss:  -31.198020935058594
epoch:  6 batch:  120 region_loss:  5.0 5.0 loc_loss:  0.7600491333007813 reward_loss:  -38.00244903564453
epoch:  6 batch:  130 region_loss:  7.0 7.0 loc_loss:  1.0703427124023437 reward_loss:  -53.51710891723633
acc@1:  0.06396989651928504
epoch: 6 region loss 0.17051094890510948 loc loss 1.2684848648962312 reward loss -63.42423185640878
epoch:  7 batch:  0 region_loss:  10.0 10.0 loc_loss:  1.484513397216797 reward_loss:  -74.22557830810547
epoch:  7 batch:  10 region_loss:  10.0 10.0 loc_loss:  1.4921014404296875 reward_loss:  -74.60501861572266
epoch:  7 batch:  20 region_loss:  10.0 10.0 loc_loss:  1.3873716735839843 reward_loss:  -69.36856842041016
epoch:  7 batch:  30 region_loss:  10.0 10.0 loc_loss:  1.4762397766113282 reward_loss:  -73.81204223632812
epoch:  7 batch:  40 region_loss:  10.0 10.0 loc_loss:  1.4453799438476562 reward_loss:  -72.2689437866211
epoch:  7 batch:  50 region_loss:  10.0 10.0 loc_loss:  1.4622611999511719 reward_loss:  -73.11306762695312
epoch:  7 batch:  60 region_loss:  10.0 10.0 loc_loss:  1.4570953369140625 reward_loss:  -72.85458374023438
epoch:  7 batch:  70 region_loss:  10.0 10.0 loc_loss:  1.4455278015136719 reward_loss:  -72.27654266357422
epoch:  7 batch:  80 region_loss:  10.0 10.0 loc_loss:  1.4427462768554689 reward_loss:  -72.13731384277344
epoch:  7 batch:  90 region_loss:  6.0 6.0 loc_loss:  0.8791028594970703 reward_loss:  -43.95524978637695
epoch:  7 batch:  100 region_loss:  8.0 8.0 loc_loss:  1.1335255432128906 reward_loss:  -56.67686462402344
epoch:  7 batch:  110 region_loss:  4.0 4.0 loc_loss:  0.6040463256835937 reward_loss:  -30.20237159729004
epoch:  7 batch:  120 region_loss:  5.0 5.0 loc_loss:  0.729759521484375 reward_loss:  -36.488014221191406
epoch:  7 batch:  130 region_loss:  7.0 7.0 loc_loss:  1.0305645751953125 reward_loss:  -51.52836990356445
acc@1:  0.07808090310442145
epoch: 7 region loss 0.17051094890510948 loc loss 1.2138778733859097 reward loss -60.69388338075067
epoch:  8 batch:  0 region_loss:  10.0 10.0 loc_loss:  1.4215965270996094 reward_loss:  -71.07989501953125
epoch:  8 batch:  10 region_loss:  10.0 10.0 loc_loss:  1.4325254821777345 reward_loss:  -71.62627410888672
epoch:  8 batch:  20 region_loss:  10.0 10.0 loc_loss:  1.3135551452636718 reward_loss:  -65.677734375
epoch:  8 batch:  30 region_loss:  10.0 10.0 loc_loss:  1.4092770385742188 reward_loss:  -70.4638900756836
epoch:  8 batch:  40 region_loss:  10.0 10.0 loc_loss:  1.3886407470703126 reward_loss:  -69.43202209472656
epoch:  8 batch:  50 region_loss:  10.0 10.0 loc_loss:  1.392920684814453 reward_loss:  -69.64600372314453
epoch:  8 batch:  60 region_loss:  10.0 10.0 loc_loss:  1.3936799621582032 reward_loss:  -69.68399047851562
epoch:  8 batch:  70 region_loss:  10.0 10.0 loc_loss:  1.3757316589355468 reward_loss:  -68.78609466552734
epoch:  8 batch:  80 region_loss:  10.0 10.0 loc_loss:  1.3814846801757812 reward_loss:  -69.07423400878906
epoch:  8 batch:  90 region_loss:  6.0 6.0 loc_loss:  0.8450924682617188 reward_loss:  -42.25440979003906
epoch:  8 batch:  100 region_loss:  8.0 8.0 loc_loss:  1.0764149475097655 reward_loss:  -53.81983184814453
epoch:  8 batch:  110 region_loss:  4.0 4.0 loc_loss:  0.5829902648925781 reward_loss:  -29.149524688720703
epoch:  8 batch:  120 region_loss:  5.0 5.0 loc_loss:  0.6981752777099609 reward_loss:  -34.90863037109375
epoch:  8 batch:  130 region_loss:  7.0 7.0 loc_loss:  0.98872802734375 reward_loss:  -49.43639373779297
acc@1:  0.09501411100658513
epoch: 8 region loss 0.17051094890510948 loc loss 1.1567561446141152 reward loss -57.83780278950712
epoch:  9 batch:  0 region_loss:  10.0 10.0 loc_loss:  1.35421630859375 reward_loss:  -67.71080780029297
epoch:  9 batch:  10 region_loss:  10.0 10.0 loc_loss:  1.3684910583496093 reward_loss:  -68.424560546875
epoch:  9 batch:  20 region_loss:  10.0 10.0 loc_loss:  1.2389053344726562 reward_loss:  -61.945194244384766
epoch:  9 batch:  30 region_loss:  10.0 10.0 loc_loss:  1.3389385986328124 reward_loss:  -66.9468994140625
epoch:  9 batch:  40 region_loss:  10.0 10.0 loc_loss:  1.3316267395019532 reward_loss:  -66.58132934570312
epoch:  9 batch:  50 region_loss:  10.0 10.0 loc_loss:  1.3199105834960938 reward_loss:  -65.99552154541016
epoch:  9 batch:  60 region_loss:  10.0 10.0 loc_loss:  1.3281550598144531 reward_loss:  -66.40776062011719
epoch:  9 batch:  70 region_loss:  10.0 10.0 loc_loss:  1.3027975463867187 reward_loss:  -65.13977813720703
epoch:  9 batch:  80 region_loss:  10.0 10.0 loc_loss:  1.3199696350097656 reward_loss:  -65.99846649169922
epoch:  9 batch:  90 region_loss:  6.0 6.0 loc_loss:  0.8099658203125 reward_loss:  -40.498191833496094
epoch:  9 batch:  100 region_loss:  8.0 8.0 loc_loss:  1.0178578186035157 reward_loss:  -50.89284896850586
epoch:  9 batch:  110 region_loss:  4.0 4.0 loc_loss:  0.5610543441772461 reward_loss:  -28.052715301513672
epoch:  9 batch:  120 region_loss:  5.0 5.0 loc_loss:  0.665863037109375 reward_loss:  -33.293052673339844
epoch:  9 batch:  130 region_loss:  7.0 7.0 loc_loss:  0.94566650390625 reward_loss:  -47.28333282470703
acc@1:  0.10959548447789276
epoch: 9 region loss 0.17051094890510948 loc loss 1.0984923386399763 reward loss -54.924601339075686
epoch:  10 batch:  0 region_loss:  10.0 10.0 loc_loss:  1.2839378356933593 reward_loss:  -64.19688415527344
epoch:  10 batch:  10 region_loss:  10.0 10.0 loc_loss:  1.3013825988769532 reward_loss:  -65.06912994384766
epoch:  10 batch:  20 region_loss:  10.0 10.0 loc_loss:  1.1649356842041017 reward_loss:  -58.24678039550781
epoch:  10 batch:  30 region_loss:  10.0 10.0 loc_loss:  1.2671685791015626 reward_loss:  -63.35844039916992
epoch:  10 batch:  40 region_loss:  10.0 10.0 loc_loss:  1.2752901458740233 reward_loss:  -63.76450729370117
epoch:  10 batch:  50 region_loss:  10.0 10.0 loc_loss:  1.2452997589111328 reward_loss:  -62.264984130859375
epoch:  10 batch:  60 region_loss:  10.0 10.0 loc_loss:  1.262375030517578 reward_loss:  -63.1187744140625
epoch:  10 batch:  70 region_loss:  10.0 10.0 loc_loss:  1.2287637329101562 reward_loss:  -61.43818664550781
epoch:  10 batch:  80 region_loss:  10.0 10.0 loc_loss:  1.2603675842285156 reward_loss:  -63.01837921142578
epoch:  10 batch:  90 region_loss:  6.0 6.0 loc_loss:  0.7742733001708985 reward_loss:  -38.71316909790039
epoch:  10 batch:  100 region_loss:  8.0 8.0 loc_loss:  0.9598576354980469 reward_loss:  -47.992881774902344
epoch:  10 batch:  110 region_loss:  4.0 4.0 loc_loss:  0.5383744812011719 reward_loss:  -26.918716430664062
epoch:  10 batch:  120 region_loss:  5.0 5.0 loc_loss:  0.6334203720092774 reward_loss:  -31.671003341674805
epoch:  10 batch:  130 region_loss:  7.0 7.0 loc_loss:  0.9021504974365234 reward_loss:  -45.1075553894043
acc@1:  0.12041392285983067
epoch: 10 region loss 0.17051094890510948 loc loss 1.0404925523187123 reward loss -52.02461718816827
epoch:  11 batch:  0 region_loss:  10.0 10.0 loc_loss:  1.2125482940673828 reward_loss:  -60.627418518066406
epoch:  11 batch:  10 region_loss:  10.0 10.0 loc_loss:  1.233021240234375 reward_loss:  -61.651039123535156
epoch:  11 batch:  20 region_loss:  10.0 10.0 loc_loss:  1.0929998016357423 reward_loss:  -54.649993896484375
epoch:  11 batch:  30 region_loss:  10.0 10.0 loc_loss:  1.1952580261230468 reward_loss:  -59.762901306152344
epoch:  11 batch:  40 region_loss:  10.0 10.0 loc_loss:  1.2200081634521485 reward_loss:  -61.000396728515625
epoch:  11 batch:  50 region_loss:  10.0 10.0 loc_loss:  1.1711300659179686 reward_loss:  -58.5574951171875
epoch:  11 batch:  60 region_loss:  10.0 10.0 loc_loss:  1.1976007843017578 reward_loss:  -59.88005065917969
epoch:  11 batch:  70 region_loss:  10.0 10.0 loc_loss:  1.156323471069336 reward_loss:  -57.81617736816406
epoch:  11 batch:  80 region_loss:  10.0 10.0 loc_loss:  1.203596725463867 reward_loss:  -60.179840087890625
epoch:  11 batch:  90 region_loss:  6.0 6.0 loc_loss:  0.7387303161621094 reward_loss:  -36.9365119934082
epoch:  11 batch:  100 region_loss:  8.0 8.0 loc_loss:  0.904059066772461 reward_loss:  -45.20291519165039
epoch:  11 batch:  110 region_loss:  4.0 4.0 loc_loss:  0.5152893447875977 reward_loss:  -25.764495849609375
epoch:  11 batch:  120 region_loss:  5.0 5.0 loc_loss:  0.6013622665405274 reward_loss:  -30.068090438842773
epoch:  11 batch:  130 region_loss:  7.0 7.0 loc_loss:  0.8591029357910156 reward_loss:  -42.95515441894531
acc@1:  0.12935089369708372
epoch: 11 region loss 0.17051094890510948 loc loss 0.9840664394406506 reward loss -49.20332993556113
epoch:  12 batch:  0 region_loss:  10.0 10.0 loc_loss:  1.1419363403320313 reward_loss:  -57.096805572509766
epoch:  12 batch:  10 region_loss:  10.0 10.0 loc_loss:  1.1653160095214843 reward_loss:  -58.26580047607422
epoch:  12 batch:  20 region_loss:  10.0 10.0 loc_loss:  1.0248722076416015 reward_loss:  -51.24361038208008
epoch:  12 batch:  30 region_loss:  10.0 10.0 loc_loss:  1.1246347045898437 reward_loss:  -56.23172378540039
epoch:  12 batch:  40 region_loss:  10.0 10.0 loc_loss:  1.165971450805664 reward_loss:  -58.2985725402832
epoch:  12 batch:  50 region_loss:  10.0 10.0 loc_loss:  1.0999850463867187 reward_loss:  -54.99924850463867
epoch:  12 batch:  60 region_loss:  10.0 10.0 loc_loss:  1.1346707153320312 reward_loss:  -56.73352813720703
epoch:  12 batch:  70 region_loss:  10.0 10.0 loc_loss:  1.087714309692383 reward_loss:  -54.38571548461914
epoch:  12 batch:  80 region_loss:  10.0 10.0 loc_loss:  1.1496702575683593 reward_loss:  -57.48350524902344
epoch:  12 batch:  90 region_loss:  6.0 6.0 loc_loss:  0.7038578033447266 reward_loss:  -35.193031311035156
epoch:  12 batch:  100 region_loss:  8.0 8.0 loc_loss:  0.8515717315673829 reward_loss:  -42.5786247253418
epoch:  12 batch:  110 region_loss:  4.0 4.0 loc_loss:  0.4920556640625 reward_loss:  -24.60285186767578
epoch:  12 batch:  120 region_loss:  5.0 5.0 loc_loss:  0.5701775360107422 reward_loss:  -28.508869171142578
epoch:  12 batch:  130 region_loss:  7.0 7.0 loc_loss:  0.8172230529785156 reward_loss:  -40.86113739013672
acc@1:  0.13781749764816556
epoch: 12 region loss 0.17051094890510948 loc loss 0.9302722669169851 reward loss -46.513615475953934
epoch:  13 batch:  0 region_loss:  10.0 10.0 loc_loss:  1.0740339660644531 reward_loss:  -53.70170593261719
epoch:  13 batch:  10 region_loss:  10.0 10.0 loc_loss:  1.0999024200439453 reward_loss:  -54.9951171875
epoch:  13 batch:  20 region_loss:  10.0 10.0 loc_loss:  0.9620830535888671 reward_loss:  -48.10415267944336
epoch:  13 batch:  30 region_loss:  10.0 10.0 loc_loss:  1.0565916442871093 reward_loss:  -52.82957458496094
epoch:  13 batch:  40 region_loss:  10.0 10.0 loc_loss:  1.11373779296875 reward_loss:  -55.686893463134766
epoch:  13 batch:  50 region_loss:  10.0 10.0 loc_loss:  1.0333333587646485 reward_loss:  -51.666664123535156
epoch:  13 batch:  60 region_loss:  10.0 10.0 loc_loss:  1.0742694854736328 reward_loss:  -53.71347427368164
epoch:  13 batch:  70 region_loss:  10.0 10.0 loc_loss:  1.0243939208984374 reward_loss:  -51.21968460083008
epoch:  13 batch:  80 region_loss:  10.0 10.0 loc_loss:  1.098392562866211 reward_loss:  -54.91962432861328
epoch:  13 batch:  90 region_loss:  6.0 6.0 loc_loss:  0.6703192901611328 reward_loss:  -33.515953063964844
epoch:  13 batch:  100 region_loss:  8.0 8.0 loc_loss:  0.8030831909179688 reward_loss:  -40.154151916503906
epoch:  13 batch:  110 region_loss:  4.0 4.0 loc_loss:  0.46895668029785154 reward_loss:  -23.44780731201172
epoch:  13 batch:  120 region_loss:  5.0 5.0 loc_loss:  0.5401821899414062 reward_loss:  -27.009109497070312
epoch:  13 batch:  130 region_loss:  7.0 7.0 loc_loss:  0.7771367645263672 reward_loss:  -38.856842041015625
acc@1:  0.14299153339604892
epoch: 13 region loss 0.17051094890510948 loc loss 0.87982484163159 reward loss -43.99124119055532
epoch:  14 batch:  0 region_loss:  10.0 10.0 loc_loss:  1.0107494354248048 reward_loss:  -50.537471771240234
epoch:  14 batch:  10 region_loss:  10.0 10.0 loc_loss:  1.0381204986572266 reward_loss:  -51.90602493286133
epoch:  14 batch:  20 region_loss:  10.0 10.0 loc_loss:  0.9054539489746094 reward_loss:  -45.27267837524414
epoch:  14 batch:  30 region_loss:  10.0 10.0 loc_loss:  0.9929095458984375 reward_loss:  -49.645477294921875
epoch:  14 batch:  40 region_loss:  10.0 10.0 loc_loss:  1.0639366912841797 reward_loss:  -53.196834564208984
epoch:  14 batch:  50 region_loss:  10.0 10.0 loc_loss:  0.9721537780761719 reward_loss:  -48.607688903808594
epoch:  14 batch:  60 region_loss:  10.0 10.0 loc_loss:  1.0172621154785155 reward_loss:  -50.86310577392578
epoch:  14 batch:  70 region_loss:  10.0 10.0 loc_loss:  0.9663264465332031 reward_loss:  -48.31632614135742
epoch:  14 batch:  80 region_loss:  10.0 10.0 loc_loss:  1.0496825408935546 reward_loss:  -52.48412322998047
epoch:  14 batch:  90 region_loss:  6.0 6.0 loc_loss:  0.6385896682739258 reward_loss:  -31.929485321044922
epoch:  14 batch:  100 region_loss:  8.0 8.0 loc_loss:  0.7587849426269532 reward_loss:  -37.93925476074219
epoch:  14 batch:  110 region_loss:  4.0 4.0 loc_loss:  0.44640609741210935 reward_loss:  -22.320314407348633
epoch:  14 batch:  120 region_loss:  5.0 5.0 loc_loss:  0.5116226959228516 reward_loss:  -25.58112907409668
epoch:  14 batch:  130 region_loss:  7.0 7.0 loc_loss:  0.7393552398681641 reward_loss:  -36.96776580810547
acc@1:  0.14346190028222014
epoch: 14 region loss 0.17051094890510948 loc loss 0.8330744939650933 reward loss -41.65372778899478
epoch:  15 batch:  0 region_loss:  10.0 10.0 loc_loss:  0.9527461242675781 reward_loss:  -47.63730239868164
epoch:  15 batch:  10 region_loss:  10.0 10.0 loc_loss:  0.9811199951171875 reward_loss:  -49.055999755859375
epoch:  15 batch:  20 region_loss:  10.0 10.0 loc_loss:  0.8550338745117188 reward_loss:  -42.75169372558594
epoch:  15 batch:  30 region_loss:  10.0 10.0 loc_loss:  0.9348549652099609 reward_loss:  -46.74274444580078
epoch:  15 batch:  40 region_loss:  10.0 10.0 loc_loss:  1.017079086303711 reward_loss:  -50.85395050048828
epoch:  15 batch:  50 region_loss:  10.0 10.0 loc_loss:  0.9168142700195312 reward_loss:  -45.84071350097656
epoch:  15 batch:  60 region_loss:  10.0 10.0 loc_loss:  0.963966064453125 reward_loss:  -48.198299407958984
epoch:  15 batch:  70 region_loss:  10.0 10.0 loc_loss:  0.9134717559814454 reward_loss:  -45.67359161376953
epoch:  15 batch:  80 region_loss:  10.0 10.0 loc_loss:  1.0037716674804686 reward_loss:  -50.18858337402344
epoch:  15 batch:  90 region_loss:  6.0 6.0 loc_loss:  0.608754768371582 reward_loss:  -30.43778419494629
epoch:  15 batch:  100 region_loss:  8.0 8.0 loc_loss:  0.7185391998291015 reward_loss:  -35.926979064941406
epoch:  15 batch:  110 region_loss:  4.0 4.0 loc_loss:  0.4245659637451172 reward_loss:  -21.228336334228516
epoch:  15 batch:  120 region_loss:  5.0 5.0 loc_loss:  0.4843419647216797 reward_loss:  -24.21709442138672
epoch:  15 batch:  130 region_loss:  7.0 7.0 loc_loss:  0.7041132354736328 reward_loss:  -35.20566940307617
acc@1:  0.14346190028222014
epoch: 15 region loss 0.17051094890510948 loc loss 0.7900810241699219 reward loss -39.504055106726874
epoch:  16 batch:  0 region_loss:  10.0 10.0 loc_loss:  0.8999125671386718 reward_loss:  -44.99563217163086
epoch:  16 batch:  10 region_loss:  10.0 10.0 loc_loss:  0.9292172241210938 reward_loss:  -46.46086120605469
epoch:  16 batch:  20 region_loss:  10.0 10.0 loc_loss:  0.8099855804443359 reward_loss:  -40.49927520751953
epoch:  16 batch:  30 region_loss:  10.0 10.0 loc_loss:  0.8823333740234375 reward_loss:  -44.116668701171875
epoch:  16 batch:  40 region_loss:  10.0 10.0 loc_loss:  0.9735302734375 reward_loss:  -48.676517486572266
epoch:  16 batch:  50 region_loss:  10.0 10.0 loc_loss:  0.8669071197509766 reward_loss:  -43.345359802246094
epoch:  16 batch:  60 region_loss:  10.0 10.0 loc_loss:  0.9145174407958985 reward_loss:  -45.72587203979492
epoch:  16 batch:  70 region_loss:  10.0 10.0 loc_loss:  0.8654012298583984 reward_loss:  -43.270057678222656
epoch:  16 batch:  80 region_loss:  10.0 10.0 loc_loss:  0.9603564453125 reward_loss:  -48.017822265625
epoch:  16 batch:  90 region_loss:  6.0 6.0 loc_loss:  0.5808284759521485 reward_loss:  -29.041427612304688
epoch:  16 batch:  100 region_loss:  8.0 8.0 loc_loss:  0.6818278503417968 reward_loss:  -34.09138488769531
epoch:  16 batch:  110 region_loss:  4.0 4.0 loc_loss:  0.40369327545166017 reward_loss:  -20.18466567993164
epoch:  16 batch:  120 region_loss:  5.0 5.0 loc_loss:  0.45845008850097657 reward_loss:  -22.922504425048828
epoch:  16 batch:  130 region_loss:  7.0 7.0 loc_loss:  0.6712551879882812 reward_loss:  -33.56275939941406
acc@1:  0.14487300094073377
epoch: 16 region loss 0.17051094890510948 loc loss 0.7506466986663151 reward loss -37.53233736970999
epoch:  17 batch:  0 region_loss:  10.0 10.0 loc_loss:  0.8517098236083984 reward_loss:  -42.58549118041992
epoch:  17 batch:  10 region_loss:  10.0 10.0 loc_loss:  0.8821759033203125 reward_loss:  -44.108795166015625
epoch:  17 batch:  20 region_loss:  10.0 10.0 loc_loss:  0.7695842742919922 reward_loss:  -38.479209899902344
epoch:  17 batch:  30 region_loss:  10.0 10.0 loc_loss:  0.8347249603271485 reward_loss:  -41.736244201660156
epoch:  17 batch:  40 region_loss:  10.0 10.0 loc_loss:  0.9331085205078125 reward_loss:  -46.65542221069336
epoch:  17 batch:  50 region_loss:  10.0 10.0 loc_loss:  0.8219696044921875 reward_loss:  -41.098480224609375
epoch:  17 batch:  60 region_loss:  10.0 10.0 loc_loss:  0.8684739685058593 reward_loss:  -43.4236946105957
epoch:  17 batch:  70 region_loss:  10.0 10.0 loc_loss:  0.8217904663085938 reward_loss:  -41.08953094482422
epoch:  17 batch:  80 region_loss:  10.0 10.0 loc_loss:  0.9193736267089844 reward_loss:  -45.96868133544922
epoch:  17 batch:  90 region_loss:  6.0 6.0 loc_loss:  0.5546070861816407 reward_loss:  -27.730348587036133
epoch:  17 batch:  100 region_loss:  8.0 8.0 loc_loss:  0.6482534027099609 reward_loss:  -32.41267395019531
epoch:  17 batch:  110 region_loss:  4.0 4.0 loc_loss:  0.38380817413330076 reward_loss:  -19.190414428710938
epoch:  17 batch:  120 region_loss:  5.0 5.0 loc_loss:  0.4339485168457031 reward_loss:  -21.69742202758789
epoch:  17 batch:  130 region_loss:  7.0 7.0 loc_loss:  0.6407566070556641 reward_loss:  -32.03782653808594
acc@1:  0.1462841015992474
epoch: 17 region loss 0.17051094890510948 loc loss 0.7144439193280074 reward loss -35.72219701056933
epoch:  18 batch:  0 region_loss:  10.0 10.0 loc_loss:  0.8075202941894531 reward_loss:  -40.376014709472656
epoch:  18 batch:  10 region_loss:  10.0 10.0 loc_loss:  0.8393283081054688 reward_loss:  -41.9664192199707
epoch:  18 batch:  20 region_loss:  10.0 10.0 loc_loss:  0.7332164001464844 reward_loss:  -36.66082000732422
epoch:  18 batch:  30 region_loss:  10.0 10.0 loc_loss:  0.7913046264648438 reward_loss:  -39.56523132324219
epoch:  18 batch:  40 region_loss:  10.0 10.0 loc_loss:  0.8957733154296875 reward_loss:  -44.788665771484375
epoch:  18 batch:  50 region_loss:  10.0 10.0 loc_loss:  0.781192626953125 reward_loss:  -39.05963134765625
epoch:  18 batch:  60 region_loss:  10.0 10.0 loc_loss:  0.8254586791992188 reward_loss:  -41.27293395996094
epoch:  18 batch:  70 region_loss:  10.0 10.0 loc_loss:  0.7821636962890625 reward_loss:  -39.108184814453125
epoch:  18 batch:  80 region_loss:  10.0 10.0 loc_loss:  0.8804833984375 reward_loss:  -44.0241584777832
epoch:  18 batch:  90 region_loss:  6.0 6.0 loc_loss:  0.529770393371582 reward_loss:  -26.488515853881836
epoch:  18 batch:  100 region_loss:  8.0 8.0 loc_loss:  0.617308349609375 reward_loss:  -30.86541748046875
epoch:  18 batch:  110 region_loss:  4.0 4.0 loc_loss:  0.3649041748046875 reward_loss:  -18.245210647583008
epoch:  18 batch:  120 region_loss:  5.0 5.0 loc_loss:  0.41070098876953126 reward_loss:  -20.535051345825195
epoch:  18 batch:  130 region_loss:  7.0 7.0 loc_loss:  0.6120974349975586 reward_loss:  -30.604867935180664
acc@1:  0.14863593603010347
epoch: 18 region loss 0.17051094890510948 loc loss 0.6810745459229406 reward loss -34.0537264956175
epoch:  19 batch:  0 region_loss:  10.0 10.0 loc_loss:  0.7668232727050781 reward_loss:  -38.34116744995117
epoch:  19 batch:  10 region_loss:  10.0 10.0 loc_loss:  0.8000602722167969 reward_loss:  -40.003013610839844
epoch:  19 batch:  20 region_loss:  10.0 10.0 loc_loss:  0.7002490234375 reward_loss:  -35.012451171875
epoch:  19 batch:  30 region_loss:  10.0 10.0 loc_loss:  0.751360855102539 reward_loss:  -37.56804275512695
epoch:  19 batch:  40 region_loss:  10.0 10.0 loc_loss:  0.8610273742675781 reward_loss:  -43.051368713378906
epoch:  19 batch:  50 region_loss:  10.0 10.0 loc_loss:  0.7439814758300781 reward_loss:  -37.19907760620117
epoch:  19 batch:  60 region_loss:  10.0 10.0 loc_loss:  0.7849761962890625 reward_loss:  -39.248809814453125
epoch:  19 batch:  70 region_loss:  10.0 10.0 loc_loss:  0.7458091735839844 reward_loss:  -37.29045867919922
epoch:  19 batch:  80 region_loss:  10.0 10.0 loc_loss:  0.8434694671630859 reward_loss:  -42.17347717285156
epoch:  19 batch:  90 region_loss:  6.0 6.0 loc_loss:  0.5061375045776367 reward_loss:  -25.3068790435791
epoch:  19 batch:  100 region_loss:  8.0 8.0 loc_loss:  0.5885784149169921 reward_loss:  -29.42891502380371
epoch:  19 batch:  110 region_loss:  4.0 4.0 loc_loss:  0.347018928527832 reward_loss:  -17.350954055786133
epoch:  19 batch:  120 region_loss:  5.0 5.0 loc_loss:  0.38883373260498044 reward_loss:  -19.44168472290039
epoch:  19 batch:  130 region_loss:  7.0 7.0 loc_loss:  0.5849271011352539 reward_loss:  -29.246355056762695
acc@1:  0.14675446848541862
epoch: 19 region loss 0.17051094890510948 loc loss 0.6501301975667911 reward loss -32.50651642179837
epoch:  20 batch:  0 region_loss:  10.0 10.0 loc_loss:  0.7289922332763672 reward_loss:  -36.44961166381836
epoch:  20 batch:  10 region_loss:  10.0 10.0 loc_loss:  0.7636890411376953 reward_loss:  -38.184452056884766
epoch:  20 batch:  20 region_loss:  10.0 10.0 loc_loss:  0.6700030517578125 reward_loss:  -33.500152587890625
epoch:  20 batch:  30 region_loss:  10.0 10.0 loc_loss:  0.7142692565917969 reward_loss:  -35.71346664428711
epoch:  20 batch:  40 region_loss:  10.0 10.0 loc_loss:  0.8284320068359375 reward_loss:  -41.421600341796875
epoch:  20 batch:  50 region_loss:  10.0 10.0 loc_loss:  0.7097832489013672 reward_loss:  -35.489166259765625
epoch:  20 batch:  60 region_loss:  10.0 10.0 loc_loss:  0.7468856048583984 reward_loss:  -37.34428405761719
epoch:  20 batch:  70 region_loss:  10.0 10.0 loc_loss:  0.7120755767822265 reward_loss:  -35.604312896728516
epoch:  20 batch:  80 region_loss:  10.0 10.0 loc_loss:  0.8081761169433593 reward_loss:  -40.4088020324707
epoch:  20 batch:  90 region_loss:  6.0 6.0 loc_loss:  0.48354846954345704 reward_loss:  -24.17742156982422
epoch:  20 batch:  100 region_loss:  8.0 8.0 loc_loss:  0.5616241073608399 reward_loss:  -28.081207275390625
epoch:  20 batch:  110 region_loss:  4.0 4.0 loc_loss:  0.33002174377441407 reward_loss:  -16.50109100341797
epoch:  20 batch:  120 region_loss:  5.0 5.0 loc_loss:  0.3681260299682617 reward_loss:  -18.406299591064453
epoch:  20 batch:  130 region_loss:  7.0 7.0 loc_loss:  0.5590918350219727 reward_loss:  -27.954599380493164
acc@1:  0.14487300094073377
epoch: 20 region loss 0.17051094890510948 loc loss 0.6212528966639164 reward loss -31.062647889130307
epoch:  21 batch:  0 region_loss:  10.0 10.0 loc_loss:  0.6937511444091797 reward_loss:  -34.68756103515625
epoch:  21 batch:  10 region_loss:  10.0 10.0 loc_loss:  0.7299124908447265 reward_loss:  -36.49562454223633
epoch:  21 batch:  20 region_loss:  10.0 10.0 loc_loss:  0.6421204376220703 reward_loss:  -32.106021881103516
epoch:  21 batch:  30 region_loss:  10.0 10.0 loc_loss:  0.6796785736083985 reward_loss:  -33.98393249511719
epoch:  21 batch:  40 region_loss:  10.0 10.0 loc_loss:  0.7975379180908203 reward_loss:  -39.87689208984375
epoch:  21 batch:  50 region_loss:  10.0 10.0 loc_loss:  0.6781340026855469 reward_loss:  -33.906700134277344
epoch:  21 batch:  60 region_loss:  10.0 10.0 loc_loss:  0.710900650024414 reward_loss:  -35.5450325012207
epoch:  21 batch:  70 region_loss:  10.0 10.0 loc_loss:  0.680601577758789 reward_loss:  -34.03007888793945
epoch:  21 batch:  80 region_loss:  10.0 10.0 loc_loss:  0.7743656921386719 reward_loss:  -38.718284606933594
epoch:  21 batch:  90 region_loss:  6.0 6.0 loc_loss:  0.4620057678222656 reward_loss:  -23.100292205810547
epoch:  21 batch:  100 region_loss:  8.0 8.0 loc_loss:  0.5362202835083008 reward_loss:  -26.81101417541504
epoch:  21 batch:  110 region_loss:  4.0 4.0 loc_loss:  0.31386775970458985 reward_loss:  -15.693384170532227
epoch:  21 batch:  120 region_loss:  5.0 5.0 loc_loss:  0.3486384582519531 reward_loss:  -17.431922912597656
epoch:  21 batch:  130 region_loss:  7.0 7.0 loc_loss:  0.5343224716186523 reward_loss:  -26.71611976623535
acc@1:  0.14346190028222014
epoch: 21 region loss 0.17051094890510948 loc loss 0.5941376684703966 reward loss -29.706883235569418
epoch:  22 batch:  0 region_loss:  10.0 10.0 loc_loss:  0.6606340026855468 reward_loss:  -33.031700134277344
epoch:  22 batch:  10 region_loss:  10.0 10.0 loc_loss:  0.6982236480712891 reward_loss:  -34.91118240356445
epoch:  22 batch:  20 region_loss:  10.0 10.0 loc_loss:  0.6161829376220703 reward_loss:  -30.809144973754883
epoch:  22 batch:  30 region_loss:  10.0 10.0 loc_loss:  0.6471263885498046 reward_loss:  -32.35631561279297
epoch:  22 batch:  40 region_loss:  10.0 10.0 loc_loss:  0.7679853820800782 reward_loss:  -38.399269104003906
epoch:  22 batch:  50 region_loss:  10.0 10.0 loc_loss:  0.6486213684082032 reward_loss:  -32.431068420410156
epoch:  22 batch:  60 region_loss:  10.0 10.0 loc_loss:  0.6768642425537109 reward_loss:  -33.84321212768555
epoch:  22 batch:  70 region_loss:  10.0 10.0 loc_loss:  0.650936279296875 reward_loss:  -32.546810150146484
epoch:  22 batch:  80 region_loss:  10.0 10.0 loc_loss:  0.7420188903808593 reward_loss:  -37.100948333740234
epoch:  22 batch:  90 region_loss:  6.0 6.0 loc_loss:  0.44135734558105466 reward_loss:  -22.067869186401367
epoch:  22 batch:  100 region_loss:  8.0 8.0 loc_loss:  0.5120549774169922 reward_loss:  -25.602745056152344
epoch:  22 batch:  110 region_loss:  4.0 4.0 loc_loss:  0.29844566345214846 reward_loss:  -14.922281265258789
epoch:  22 batch:  120 region_loss:  5.0 5.0 loc_loss:  0.33027557373046873 reward_loss:  -16.513778686523438
epoch:  22 batch:  130 region_loss:  7.0 7.0 loc_loss:  0.5105166625976563 reward_loss:  -25.525833129882812
acc@1:  0.14063969896519285
epoch: 22 region loss 0.17051094890510948 loc loss 0.5685221789701141 reward loss -28.42610856912432
epoch:  23 batch:  0 region_loss:  10.0 10.0 loc_loss:  0.629346923828125 reward_loss:  -31.46734619140625
epoch:  23 batch:  10 region_loss:  10.0 10.0 loc_loss:  0.668375244140625 reward_loss:  -33.41876220703125
epoch:  23 batch:  20 region_loss:  10.0 10.0 loc_loss:  0.5918344116210937 reward_loss:  -29.591703414916992
epoch:  23 batch:  30 region_loss:  10.0 10.0 loc_loss:  0.616412696838379 reward_loss:  -30.820632934570312
epoch:  23 batch:  40 region_loss:  10.0 10.0 loc_loss:  0.7394993591308594 reward_loss:  -36.974971771240234
epoch:  23 batch:  50 region_loss:  10.0 10.0 loc_loss:  0.6209172058105469 reward_loss:  -31.045860290527344
epoch:  23 batch:  60 region_loss:  10.0 10.0 loc_loss:  0.644642333984375 reward_loss:  -32.23211669921875
epoch:  23 batch:  70 region_loss:  10.0 10.0 loc_loss:  0.6230205535888672 reward_loss:  -31.151025772094727
epoch:  23 batch:  80 region_loss:  10.0 10.0 loc_loss:  0.7109128570556641 reward_loss:  -35.54564666748047
epoch:  23 batch:  90 region_loss:  6.0 6.0 loc_loss:  0.42151191711425784 reward_loss:  -21.07559585571289
epoch:  23 batch:  100 region_loss:  8.0 8.0 loc_loss:  0.48904129028320314 reward_loss:  -24.452064514160156
epoch:  23 batch:  110 region_loss:  4.0 4.0 loc_loss:  0.2836665344238281 reward_loss:  -14.183327674865723
epoch:  23 batch:  120 region_loss:  5.0 5.0 loc_loss:  0.3128596496582031 reward_loss:  -15.642982482910156
epoch:  23 batch:  130 region_loss:  7.0 7.0 loc_loss:  0.4875680160522461 reward_loss:  -24.378402709960938
acc@1:  0.13734713076199437
epoch: 23 region loss 0.17051094890510948 loc loss 0.5441985839648839 reward loss -27.209922028284
epoch:  24 batch:  0 region_loss:  10.0 10.0 loc_loss:  0.5996542739868164 reward_loss:  -29.982715606689453
epoch:  24 batch:  10 region_loss:  10.0 10.0 loc_loss:  0.6400199890136719 reward_loss:  -32.000999450683594
epoch:  24 batch:  20 region_loss:  10.0 10.0 loc_loss:  0.5688070678710937 reward_loss:  -28.440357208251953
epoch:  24 batch:  30 region_loss:  10.0 10.0 loc_loss:  0.587318344116211 reward_loss:  -29.36591339111328
epoch:  24 batch:  40 region_loss:  10.0 10.0 loc_loss:  0.7118243408203125 reward_loss:  -35.591217041015625
epoch:  24 batch:  50 region_loss:  10.0 10.0 loc_loss:  0.5947497177124024 reward_loss:  -29.737483978271484
epoch:  24 batch:  60 region_loss:  10.0 10.0 loc_loss:  0.6141336059570313 reward_loss:  -30.706682205200195
epoch:  24 batch:  70 region_loss:  10.0 10.0 loc_loss:  0.5964459228515625 reward_loss:  -29.822296142578125
epoch:  24 batch:  80 region_loss:  10.0 10.0 loc_loss:  0.6809330749511718 reward_loss:  -34.04665756225586
epoch:  24 batch:  90 region_loss:  6.0 6.0 loc_loss:  0.4023842620849609 reward_loss:  -20.11920928955078
epoch:  24 batch:  100 region_loss:  8.0 8.0 loc_loss:  0.4669377517700195 reward_loss:  -23.346887588500977
epoch:  24 batch:  110 region_loss:  4.0 4.0 loc_loss:  0.2694227981567383 reward_loss:  -13.471136093139648
epoch:  24 batch:  120 region_loss:  5.0 5.0 loc_loss:  0.29640241622924807 reward_loss:  -14.820120811462402
epoch:  24 batch:  130 region_loss:  7.0 7.0 loc_loss:  0.46543460845947265 reward_loss:  -23.271724700927734
acc@1:  0.13781749764816556
epoch: 24 region loss 0.17051094890510948 loc loss 0.5210048241858936 reward loss -26.05024179054873
epoch:  25 batch:  0 region_loss:  10.0 10.0 loc_loss:  0.5714444732666015 reward_loss:  -28.572223663330078
epoch:  25 batch:  10 region_loss:  10.0 10.0 loc_loss:  0.6130008697509766 reward_loss:  -30.65004539489746
epoch:  25 batch:  20 region_loss:  10.0 10.0 loc_loss:  0.5468798065185547 reward_loss:  -27.3439884185791
epoch:  25 batch:  30 region_loss:  10.0 10.0 loc_loss:  0.559685401916504 reward_loss:  -27.984277725219727
epoch:  25 batch:  40 region_loss:  10.0 10.0 loc_loss:  0.6850072479248047 reward_loss:  -34.2503662109375
epoch:  25 batch:  50 region_loss:  10.0 10.0 loc_loss:  0.569865837097168 reward_loss:  -28.4932918548584
epoch:  25 batch:  60 region_loss:  10.0 10.0 loc_loss:  0.5851810455322266 reward_loss:  -29.259052276611328
epoch:  25 batch:  70 region_loss:  10.0 10.0 loc_loss:  0.5711309814453125 reward_loss:  -28.556549072265625
epoch:  25 batch:  80 region_loss:  10.0 10.0 loc_loss:  0.6520068359375 reward_loss:  -32.600341796875
epoch:  25 batch:  90 region_loss:  6.0 6.0 loc_loss:  0.3839090728759766 reward_loss:  -19.195451736450195
epoch:  25 batch:  100 region_loss:  8.0 8.0 loc_loss:  0.4457267379760742 reward_loss:  -22.286338806152344
epoch:  25 batch:  110 region_loss:  4.0 4.0 loc_loss:  0.2557020950317383 reward_loss:  -12.785102844238281
epoch:  25 batch:  120 region_loss:  5.0 5.0 loc_loss:  0.2807515335083008 reward_loss:  -14.037575721740723
epoch:  25 batch:  130 region_loss:  7.0 7.0 loc_loss:  0.4439823150634766 reward_loss:  -22.19911766052246
acc@1:  0.13687676387582315
epoch: 25 region loss 0.17051094890510948 loc loss 0.49878665833577623 reward loss -24.939326958064616
epoch:  26 batch:  0 region_loss:  10.0 10.0 loc_loss:  0.5445221328735351 reward_loss:  -27.226106643676758
epoch:  26 batch:  10 region_loss:  10.0 10.0 loc_loss:  0.5870792770385742 reward_loss:  -29.353965759277344
epoch:  26 batch:  20 region_loss:  10.0 10.0 loc_loss:  0.5259262847900391 reward_loss:  -26.29631233215332
epoch:  26 batch:  30 region_loss:  10.0 10.0 loc_loss:  0.5333853530883789 reward_loss:  -26.669269561767578
epoch:  26 batch:  40 region_loss:  10.0 10.0 loc_loss:  0.6588567352294922 reward_loss:  -32.94283676147461
epoch:  26 batch:  50 region_loss:  10.0 10.0 loc_loss:  0.5460795974731445 reward_loss:  -27.303979873657227
epoch:  26 batch:  60 region_loss:  10.0 10.0 loc_loss:  0.5576031494140625 reward_loss:  -27.880157470703125
epoch:  26 batch:  70 region_loss:  10.0 10.0 loc_loss:  0.5469071960449219 reward_loss:  -27.345359802246094
epoch:  26 batch:  80 region_loss:  10.0 10.0 loc_loss:  0.6239379119873046 reward_loss:  -31.196895599365234
epoch:  26 batch:  90 region_loss:  6.0 6.0 loc_loss:  0.36599361419677734 reward_loss:  -18.299671173095703
epoch:  26 batch:  100 region_loss:  8.0 8.0 loc_loss:  0.42527027130126954 reward_loss:  -21.263513565063477
epoch:  26 batch:  110 region_loss:  4.0 4.0 loc_loss:  0.2424491310119629 reward_loss:  -12.122455596923828
epoch:  26 batch:  120 region_loss:  5.0 5.0 loc_loss:  0.26582807540893555 reward_loss:  -13.291402816772461
epoch:  26 batch:  130 region_loss:  7.0 7.0 loc_loss:  0.42333839416503904 reward_loss:  -21.166919708251953
acc@1:  0.1354656632173095
epoch: 26 region loss 0.17051094890510948 loc loss 0.47744270359512664 reward loss -23.872134020728787
epoch:  27 batch:  0 region_loss:  10.0 10.0 loc_loss:  0.5187231826782227 reward_loss:  -25.936161041259766
epoch:  27 batch:  10 region_loss:  10.0 10.0 loc_loss:  0.5620915222167969 reward_loss:  -28.104576110839844
epoch:  27 batch:  20 region_loss:  10.0 10.0 loc_loss:  0.5057803726196289 reward_loss:  -25.289018630981445
epoch:  27 batch:  30 region_loss:  10.0 10.0 loc_loss:  0.5082517623901367 reward_loss:  -25.412588119506836
epoch:  27 batch:  40 region_loss:  10.0 10.0 loc_loss:  0.6333006286621093 reward_loss:  -31.665029525756836
epoch:  27 batch:  50 region_loss:  10.0 10.0 loc_loss:  0.5232981491088867 reward_loss:  -26.164907455444336
epoch:  27 batch:  60 region_loss:  10.0 10.0 loc_loss:  0.5312036514282227 reward_loss:  -26.560184478759766
epoch:  27 batch:  70 region_loss:  10.0 10.0 loc_loss:  0.5235269927978515 reward_loss:  -26.176345825195312
epoch:  27 batch:  80 region_loss:  10.0 10.0 loc_loss:  0.596839828491211 reward_loss:  -29.841991424560547
epoch:  27 batch:  90 region_loss:  6.0 6.0 loc_loss:  0.3486137771606445 reward_loss:  -17.430688858032227
epoch:  27 batch:  100 region_loss:  8.0 8.0 loc_loss:  0.4055358505249023 reward_loss:  -20.276792526245117
epoch:  27 batch:  110 region_loss:  4.0 4.0 loc_loss:  0.22961429595947266 reward_loss:  -11.480716705322266
epoch:  27 batch:  120 region_loss:  5.0 5.0 loc_loss:  0.25156803131103517 reward_loss:  -12.578401565551758
epoch:  27 batch:  130 region_loss:  7.0 7.0 loc_loss:  0.40332881927490233 reward_loss:  -20.16643714904785
acc@1:  0.13358419567262464
epoch: 27 region loss 0.17051094890510948 loc loss 0.45686105059881277 reward loss -22.843049717645574
epoch:  28 batch:  0 region_loss:  10.0 10.0 loc_loss:  0.4940268325805664 reward_loss:  -24.701343536376953
epoch:  28 batch:  10 region_loss:  10.0 10.0 loc_loss:  0.5379225921630859 reward_loss:  -26.89612579345703
epoch:  28 batch:  20 region_loss:  10.0 10.0 loc_loss:  0.4863695907592773 reward_loss:  -24.318479537963867
epoch:  28 batch:  30 region_loss:  10.0 10.0 loc_loss:  0.4841214370727539 reward_loss:  -24.20606803894043
epoch:  28 batch:  40 region_loss:  10.0 10.0 loc_loss:  0.6083015060424805 reward_loss:  -30.415075302124023
epoch:  28 batch:  50 region_loss:  10.0 10.0 loc_loss:  0.5012879943847657 reward_loss:  -25.06439971923828
epoch:  28 batch:  60 region_loss:  10.0 10.0 loc_loss:  0.5059662628173828 reward_loss:  -25.298309326171875
epoch:  28 batch:  70 region_loss:  10.0 10.0 loc_loss:  0.5010366439819336 reward_loss:  -25.051828384399414
epoch:  28 batch:  80 region_loss:  10.0 10.0 loc_loss:  0.5703001403808594 reward_loss:  -28.51500701904297
epoch:  28 batch:  90 region_loss:  6.0 6.0 loc_loss:  0.3316857147216797 reward_loss:  -16.584287643432617
epoch:  28 batch:  100 region_loss:  8.0 8.0 loc_loss:  0.38645774841308594 reward_loss:  -19.322887420654297
epoch:  28 batch:  110 region_loss:  4.0 4.0 loc_loss:  0.2172299575805664 reward_loss:  -10.86149787902832
epoch:  28 batch:  120 region_loss:  5.0 5.0 loc_loss:  0.2379176902770996 reward_loss:  -11.895885467529297
epoch:  28 batch:  130 region_loss:  7.0 7.0 loc_loss:  0.38401073455810547 reward_loss:  -19.200532913208008
acc@1:  0.132173095014111
epoch: 28 region loss 0.17051094890510948 loc loss 0.4369717085970579 reward loss -21.848586823818458
epoch:  29 batch:  0 region_loss:  10.0 10.0 loc_loss:  0.47023788452148435 reward_loss:  -23.51189613342285
epoch:  29 batch:  10 region_loss:  10.0 10.0 loc_loss:  0.5145470809936523 reward_loss:  -25.72735595703125
epoch:  29 batch:  20 region_loss:  10.0 10.0 loc_loss:  0.46764434814453126 reward_loss:  -23.382213592529297
epoch:  29 batch:  30 region_loss:  10.0 10.0 loc_loss:  0.46105621337890623 reward_loss:  -23.052812576293945
epoch:  29 batch:  40 region_loss:  10.0 10.0 loc_loss:  0.58388671875 reward_loss:  -29.194339752197266
epoch:  29 batch:  50 region_loss:  10.0 10.0 loc_loss:  0.48012283325195315 reward_loss:  -24.006139755249023
epoch:  29 batch:  60 region_loss:  10.0 10.0 loc_loss:  0.48169776916503904 reward_loss:  -24.084888458251953
epoch:  29 batch:  70 region_loss:  10.0 10.0 loc_loss:  0.4791802215576172 reward_loss:  -23.95901107788086
epoch:  29 batch:  80 region_loss:  10.0 10.0 loc_loss:  0.5445440673828125 reward_loss:  -27.227203369140625
epoch:  29 batch:  90 region_loss:  6.0 6.0 loc_loss:  0.3151791763305664 reward_loss:  -15.758956909179688
epoch:  29 batch:  100 region_loss:  8.0 8.0 loc_loss:  0.36795822143554685 reward_loss:  -18.397911071777344
epoch:  29 batch:  110 region_loss:  4.0 4.0 loc_loss:  0.20527175903320313 reward_loss:  -10.263589859008789
epoch:  29 batch:  120 region_loss:  5.0 5.0 loc_loss:  0.22490779876708986 reward_loss:  -11.245391845703125
epoch:  29 batch:  130 region_loss:  7.0 7.0 loc_loss:  0.36524276733398436 reward_loss:  -18.262136459350586
acc@1:  0.13123236124176857
epoch: 29 region loss 0.17051094890510948 loc loss 0.4177163365983615 reward loss -20.885817318937203
epoch:  30 batch:  0 region_loss:  10.0 10.0 loc_loss:  0.44741771697998045 reward_loss:  -22.37088394165039
epoch:  30 batch:  10 region_loss:  10.0 10.0 loc_loss:  0.49177257537841795 reward_loss:  -24.588626861572266
epoch:  30 batch:  20 region_loss:  10.0 10.0 loc_loss:  0.44945808410644533 reward_loss:  -22.472902297973633
epoch:  30 batch:  30 region_loss:  10.0 10.0 loc_loss:  0.43874340057373046 reward_loss:  -21.93716812133789
epoch:  30 batch:  40 region_loss:  10.0 10.0 loc_loss:  0.5599758529663086 reward_loss:  -27.99879264831543
epoch:  30 batch:  50 region_loss:  10.0 10.0 loc_loss:  0.45954872131347657 reward_loss:  -22.97743797302246
epoch:  30 batch:  60 region_loss:  10.0 10.0 loc_loss:  0.45834949493408206 reward_loss:  -22.9174747467041
epoch:  30 batch:  70 region_loss:  10.0 10.0 loc_loss:  0.4580961608886719 reward_loss:  -22.904808044433594
epoch:  30 batch:  80 region_loss:  10.0 10.0 loc_loss:  0.519393310546875 reward_loss:  -25.96966552734375
epoch:  30 batch:  90 region_loss:  6.0 6.0 loc_loss:  0.29912750244140623 reward_loss:  -14.956374168395996
epoch:  30 batch:  100 region_loss:  8.0 8.0 loc_loss:  0.35012901306152344 reward_loss:  -17.506450653076172
epoch:  30 batch:  110 region_loss:  4.0 4.0 loc_loss:  0.193751277923584 reward_loss:  -9.687562942504883
epoch:  30 batch:  120 region_loss:  5.0 5.0 loc_loss:  0.2124168586730957 reward_loss:  -10.620841979980469
epoch:  30 batch:  130 region_loss:  7.0 7.0 loc_loss:  0.34708839416503906 reward_loss:  -17.35441780090332
acc@1:  0.1279397930385701
epoch: 30 region loss 0.17051094890510948 loc loss 0.3990447780163619 reward loss -19.952239802283962
epoch:  31 batch:  0 region_loss:  10.0 10.0 loc_loss:  0.425347900390625 reward_loss:  -21.26739501953125
epoch:  31 batch:  10 region_loss:  10.0 10.0 loc_loss:  0.46969200134277345 reward_loss:  -23.484596252441406
epoch:  31 batch:  20 region_loss:  10.0 10.0 loc_loss:  0.43178768157958985 reward_loss:  -21.589384078979492
epoch:  31 batch:  30 region_loss:  10.0 10.0 loc_loss:  0.41731273651123046 reward_loss:  -20.865636825561523
epoch:  31 batch:  40 region_loss:  10.0 10.0 loc_loss:  0.536557388305664 reward_loss:  -26.82786750793457
epoch:  31 batch:  50 region_loss:  10.0 10.0 loc_loss:  0.4395808792114258 reward_loss:  -21.979047775268555
epoch:  31 batch:  60 region_loss:  10.0 10.0 loc_loss:  0.43578853607177737 reward_loss:  -21.789426803588867
epoch:  31 batch:  70 region_loss:  10.0 10.0 loc_loss:  0.437589111328125 reward_loss:  -21.87945556640625
epoch:  31 batch:  80 region_loss:  10.0 10.0 loc_loss:  0.4948255920410156 reward_loss:  -24.741275787353516
epoch:  31 batch:  90 region_loss:  6.0 6.0 loc_loss:  0.2834832191467285 reward_loss:  -14.174161911010742
epoch:  31 batch:  100 region_loss:  8.0 8.0 loc_loss:  0.3327288055419922 reward_loss:  -16.63644027709961
epoch:  31 batch:  110 region_loss:  4.0 4.0 loc_loss:  0.18268335342407227 reward_loss:  -9.134166717529297
epoch:  31 batch:  120 region_loss:  5.0 5.0 loc_loss:  0.20041250228881835 reward_loss:  -10.020626068115234
epoch:  31 batch:  130 region_loss:  7.0 7.0 loc_loss:  0.3294355010986328 reward_loss:  -16.47177505493164
acc@1:  0.12699905926622765
epoch: 31 region loss 0.17051094890510948 loc loss 0.3809383726468052 reward loss -19.04691876634194
epoch:  32 batch:  0 region_loss:  10.0 10.0 loc_loss:  0.4039970016479492 reward_loss:  -20.199848175048828
epoch:  32 batch:  10 region_loss:  10.0 10.0 loc_loss:  0.44817508697509767 reward_loss:  -22.408754348754883
epoch:  32 batch:  20 region_loss:  10.0 10.0 loc_loss:  0.41452014923095704 reward_loss:  -20.726009368896484
epoch:  32 batch:  30 region_loss:  10.0 10.0 loc_loss:  0.3966880035400391 reward_loss:  -19.834407806396484
epoch:  32 batch:  40 region_loss:  10.0 10.0 loc_loss:  0.5136528015136719 reward_loss:  -25.682640075683594
epoch:  32 batch:  50 region_loss:  10.0 10.0 loc_loss:  0.42020591735839846 reward_loss:  -21.010292053222656
epoch:  32 batch:  60 region_loss:  10.0 10.0 loc_loss:  0.41412364959716796 reward_loss:  -20.7061824798584
epoch:  32 batch:  70 region_loss:  10.0 10.0 loc_loss:  0.41778594970703126 reward_loss:  -20.889299392700195
epoch:  32 batch:  80 region_loss:  10.0 10.0 loc_loss:  0.4709380340576172 reward_loss:  -23.546903610229492
epoch:  32 batch:  90 region_loss:  6.0 6.0 loc_loss:  0.26836719512939455 reward_loss:  -13.418359756469727
epoch:  32 batch:  100 region_loss:  8.0 8.0 loc_loss:  0.3160274696350098 reward_loss:  -15.801373481750488
epoch:  32 batch:  110 region_loss:  4.0 4.0 loc_loss:  0.1719502639770508 reward_loss:  -8.59751033782959
epoch:  32 batch:  120 region_loss:  5.0 5.0 loc_loss:  0.18891740798950196 reward_loss:  -9.445869445800781
epoch:  32 batch:  130 region_loss:  7.0 7.0 loc_loss:  0.3124712371826172 reward_loss:  -15.623559951782227
acc@1:  0.12558795860771402
epoch: 32 region loss 0.17051094890510948 loc loss 0.3634144766313316 reward loss -18.170724696486534
epoch:  33 batch:  0 region_loss:  10.0 10.0 loc_loss:  0.38340351104736325 reward_loss:  -19.17017364501953
epoch:  33 batch:  10 region_loss:  10.0 10.0 loc_loss:  0.4272494125366211 reward_loss:  -21.362468719482422
epoch:  33 batch:  20 region_loss:  10.0 10.0 loc_loss:  0.39791072845458986 reward_loss:  -19.895536422729492
epoch:  33 batch:  30 region_loss:  10.0 10.0 loc_loss:  0.37681583404541014 reward_loss:  -18.840791702270508
epoch:  33 batch:  40 region_loss:  10.0 10.0 loc_loss:  0.49121795654296874 reward_loss:  -24.560897827148438
epoch:  33 batch:  50 region_loss:  10.0 10.0 loc_loss:  0.40134105682373045 reward_loss:  -20.06705093383789
epoch:  33 batch:  60 region_loss:  10.0 10.0 loc_loss:  0.3930374526977539 reward_loss:  -19.651872634887695
epoch:  33 batch:  70 region_loss:  10.0 10.0 loc_loss:  0.3983771514892578 reward_loss:  -19.91885757446289
epoch:  33 batch:  80 region_loss:  10.0 10.0 loc_loss:  0.4474971008300781 reward_loss:  -22.374853134155273
epoch:  33 batch:  90 region_loss:  6.0 6.0 loc_loss:  0.2535251045227051 reward_loss:  -12.676255226135254
epoch:  33 batch:  100 region_loss:  8.0 8.0 loc_loss:  0.2996400451660156 reward_loss:  -14.982001304626465
epoch:  33 batch:  110 region_loss:  4.0 4.0 loc_loss:  0.161751708984375 reward_loss:  -8.087584495544434
epoch:  33 batch:  120 region_loss:  5.0 5.0 loc_loss:  0.17797574996948243 reward_loss:  -8.898786544799805
epoch:  33 batch:  130 region_loss:  7.0 7.0 loc_loss:  0.2958611297607422 reward_loss:  -14.793058395385742
acc@1:  0.12558795860771402
epoch: 33 region loss 0.17051094890510948 loc loss 0.34632296520428063 reward loss -17.316147969587007
epoch:  34 batch:  0 region_loss:  10.0 10.0 loc_loss:  0.3635724639892578 reward_loss:  -18.178621292114258
epoch:  34 batch:  10 region_loss:  10.0 10.0 loc_loss:  0.40688209533691405 reward_loss:  -20.344104766845703
epoch:  34 batch:  20 region_loss:  10.0 10.0 loc_loss:  0.3815282440185547 reward_loss:  -19.076412200927734
epoch:  34 batch:  30 region_loss:  10.0 10.0 loc_loss:  0.3574995422363281 reward_loss:  -17.874977111816406
epoch:  34 batch:  40 region_loss:  10.0 10.0 loc_loss:  0.4692874526977539 reward_loss:  -23.464372634887695
epoch:  34 batch:  50 region_loss:  10.0 10.0 loc_loss:  0.3829530715942383 reward_loss:  -19.14765167236328
epoch:  34 batch:  60 region_loss:  10.0 10.0 loc_loss:  0.3728497314453125 reward_loss:  -18.64249038696289
epoch:  34 batch:  70 region_loss:  10.0 10.0 loc_loss:  0.3796631622314453 reward_loss:  -18.983158111572266
epoch:  34 batch:  80 region_loss:  10.0 10.0 loc_loss:  0.424648323059082 reward_loss:  -21.23241424560547
epoch:  34 batch:  90 region_loss:  6.0 6.0 loc_loss:  0.23933353424072265 reward_loss:  -11.96667766571045
epoch:  34 batch:  100 region_loss:  8.0 8.0 loc_loss:  0.28405284881591797 reward_loss:  -14.202644348144531
epoch:  34 batch:  110 region_loss:  4.0 4.0 loc_loss:  0.15182548522949219 reward_loss:  -7.591275215148926
epoch:  34 batch:  120 region_loss:  5.0 5.0 loc_loss:  0.1673573684692383 reward_loss:  -8.367868423461914
epoch:  34 batch:  130 region_loss:  7.0 7.0 loc_loss:  0.2799504280090332 reward_loss:  -13.99752140045166
acc@1:  0.12276575729068674
epoch: 34 region loss 0.17051094890510948 loc loss 0.3297391164737896 reward loss -16.486956827831964
epoch:  35 batch:  0 region_loss:  10.0 10.0 loc_loss:  0.34427078247070314 reward_loss:  -17.213539123535156
epoch:  35 batch:  10 region_loss:  10.0 10.0 loc_loss:  0.3870128631591797 reward_loss:  -19.350645065307617
epoch:  35 batch:  20 region_loss:  10.0 10.0 loc_loss:  0.36573650360107424 reward_loss:  -18.28682518005371
epoch:  35 batch:  30 region_loss:  10.0 10.0 loc_loss:  0.33894111633300783 reward_loss:  -16.94705581665039
epoch:  35 batch:  40 region_loss:  10.0 10.0 loc_loss:  0.4476783752441406 reward_loss:  -22.38391876220703
epoch:  35 batch:  50 region_loss:  10.0 10.0 loc_loss:  0.3650298309326172 reward_loss:  -18.25149154663086
epoch:  35 batch:  60 region_loss:  10.0 10.0 loc_loss:  0.3532579040527344 reward_loss:  -17.662893295288086
epoch:  35 batch:  70 region_loss:  10.0 10.0 loc_loss:  0.36143035888671876 reward_loss:  -18.07151985168457
epoch:  35 batch:  80 region_loss:  10.0 10.0 loc_loss:  0.4024203109741211 reward_loss:  -20.121013641357422
epoch:  35 batch:  90 region_loss:  6.0 6.0 loc_loss:  0.2253968620300293 reward_loss:  -11.269844055175781
epoch:  35 batch:  100 region_loss:  8.0 8.0 loc_loss:  0.2686109924316406 reward_loss:  -13.430549621582031
epoch:  35 batch:  110 region_loss:  4.0 4.0 loc_loss:  0.14244659423828124 reward_loss:  -7.1223297119140625
epoch:  35 batch:  120 region_loss:  5.0 5.0 loc_loss:  0.1572901725769043 reward_loss:  -7.864508628845215
epoch:  35 batch:  130 region_loss:  7.0 7.0 loc_loss:  0.2644468116760254 reward_loss:  -13.222341537475586
acc@1:  0.1218250235183443
epoch: 35 region loss 0.17051094890510948 loc loss 0.31357907204732405 reward loss -15.678953463143676
epoch:  36 batch:  0 region_loss:  10.0 10.0 loc_loss:  0.32569644927978514 reward_loss:  -16.28482437133789
epoch:  36 batch:  10 region_loss:  10.0 10.0 loc_loss:  0.36771751403808595 reward_loss:  -18.385875701904297
epoch:  36 batch:  20 region_loss:  10.0 10.0 loc_loss:  0.35029537200927735 reward_loss:  -17.514768600463867
epoch:  36 batch:  30 region_loss:  10.0 10.0 loc_loss:  0.32097888946533204 reward_loss:  -16.04894256591797
epoch:  36 batch:  40 region_loss:  10.0 10.0 loc_loss:  0.42663734436035156 reward_loss:  -21.331867218017578
epoch:  36 batch:  50 region_loss:  10.0 10.0 loc_loss:  0.347749137878418 reward_loss:  -17.3874568939209
epoch:  36 batch:  60 region_loss:  10.0 10.0 loc_loss:  0.33438858032226565 reward_loss:  -16.71942901611328
epoch:  36 batch:  70 region_loss:  10.0 10.0 loc_loss:  0.3437361145019531 reward_loss:  -17.186803817749023
epoch:  36 batch:  80 region_loss:  10.0 10.0 loc_loss:  0.38065959930419924 reward_loss:  -19.03297996520996
epoch:  36 batch:  90 region_loss:  6.0 6.0 loc_loss:  0.21209043502807617 reward_loss:  -10.604521751403809
epoch:  36 batch:  100 region_loss:  8.0 8.0 loc_loss:  0.2543593215942383 reward_loss:  -12.717966079711914
epoch:  36 batch:  110 region_loss:  4.0 4.0 loc_loss:  0.1332954216003418 reward_loss:  -6.66477108001709
epoch:  36 batch:  120 region_loss:  5.0 5.0 loc_loss:  0.1475389766693115 reward_loss:  -7.376948833465576
epoch:  36 batch:  130 region_loss:  7.0 7.0 loc_loss:  0.24964651107788086 reward_loss:  -12.48232650756836
acc@1:  0.1213546566321731
epoch: 36 region loss 0.17051094890510948 loc loss 0.2980172439561273 reward loss -14.900862904360695
epoch:  37 batch:  0 region_loss:  10.0 10.0 loc_loss:  0.3077418899536133 reward_loss:  -15.387096405029297
epoch:  37 batch:  10 region_loss:  10.0 10.0 loc_loss:  0.34898136138916014 reward_loss:  -17.449068069458008
epoch:  37 batch:  20 region_loss:  10.0 10.0 loc_loss:  0.3352736282348633 reward_loss:  -16.763681411743164
epoch:  37 batch:  30 region_loss:  10.0 10.0 loc_loss:  0.30380165100097656 reward_loss:  -15.190082550048828
epoch:  37 batch:  40 region_loss:  10.0 10.0 loc_loss:  0.40609634399414063 reward_loss:  -20.304811477661133
epoch:  37 batch:  50 region_loss:  10.0 10.0 loc_loss:  0.33059303283691405 reward_loss:  -16.529651641845703
epoch:  37 batch:  60 region_loss:  10.0 10.0 loc_loss:  0.3161728668212891 reward_loss:  -15.808643341064453
epoch:  37 batch:  70 region_loss:  10.0 10.0 loc_loss:  0.32637706756591794 reward_loss:  -16.31885528564453
epoch:  37 batch:  80 region_loss:  10.0 10.0 loc_loss:  0.3596210098266602 reward_loss:  -17.981050491333008
epoch:  37 batch:  90 region_loss:  6.0 6.0 loc_loss:  0.1991450881958008 reward_loss:  -9.957254409790039
epoch:  37 batch:  100 region_loss:  8.0 8.0 loc_loss:  0.2396377754211426 reward_loss:  -11.981888771057129
epoch:  37 batch:  110 region_loss:  4.0 4.0 loc_loss:  0.12469167709350586 reward_loss:  -6.234583854675293
epoch:  37 batch:  120 region_loss:  5.0 5.0 loc_loss:  0.138321590423584 reward_loss:  -6.916079044342041
epoch:  37 batch:  130 region_loss:  7.0 7.0 loc_loss:  0.23513429641723632 reward_loss:  -11.75671672821045
acc@1:  0.1180620884289746
epoch: 37 region loss 0.17051094890510948 loc loss 0.28290579310298836 reward loss -14.145289913581236
epoch:  38 batch:  0 region_loss:  10.0 10.0 loc_loss:  0.2905039024353027 reward_loss:  -14.525195121765137
epoch:  38 batch:  10 region_loss:  10.0 10.0 loc_loss:  0.33075149536132814 reward_loss:  -16.53757667541504
epoch:  38 batch:  20 region_loss:  10.0 10.0 loc_loss:  0.3206922149658203 reward_loss:  -16.034610748291016
epoch:  38 batch:  30 region_loss:  10.0 10.0 loc_loss:  0.28698513031005857 reward_loss:  -14.34925365447998
epoch:  38 batch:  40 region_loss:  10.0 10.0 loc_loss:  0.3859761428833008 reward_loss:  -19.298803329467773
epoch:  38 batch:  50 region_loss:  10.0 10.0 loc_loss:  0.31451696395874024 reward_loss:  -15.725847244262695
epoch:  38 batch:  60 region_loss:  10.0 10.0 loc_loss:  0.29866823196411135 reward_loss:  -14.933412551879883
epoch:  38 batch:  70 region_loss:  10.0 10.0 loc_loss:  0.309877872467041 reward_loss:  -15.493895530700684
epoch:  38 batch:  80 region_loss:  10.0 10.0 loc_loss:  0.339117546081543 reward_loss:  -16.95587730407715
epoch:  38 batch:  90 region_loss:  6.0 6.0 loc_loss:  0.1867544937133789 reward_loss:  -9.337724685668945
epoch:  38 batch:  100 region_loss:  8.0 8.0 loc_loss:  0.227031192779541 reward_loss:  -11.351558685302734
epoch:  38 batch:  110 region_loss:  4.0 4.0 loc_loss:  0.11636782646179199 reward_loss:  -5.8183913230896
epoch:  38 batch:  120 region_loss:  5.0 5.0 loc_loss:  0.12945634841918946 reward_loss:  -6.472817420959473
epoch:  38 batch:  130 region_loss:  7.0 7.0 loc_loss:  0.2214284896850586 reward_loss:  -11.071422576904297
acc@1:  0.1180620884289746
epoch: 38 region loss 0.17051094890510948 loc loss 0.26844741008577555 reward loss -13.422370492106806
epoch:  39 batch:  0 region_loss:  10.0 10.0 loc_loss:  0.27394920349121094 reward_loss:  -13.697461128234863
epoch:  39 batch:  10 region_loss:  10.0 10.0 loc_loss:  0.313126335144043 reward_loss:  -15.656315803527832
epoch:  39 batch:  20 region_loss:  10.0 10.0 loc_loss:  0.30649797439575194 reward_loss:  -15.324898719787598
epoch:  39 batch:  30 region_loss:  10.0 10.0 loc_loss:  0.2711102294921875 reward_loss:  -13.555510520935059
epoch:  39 batch:  40 region_loss:  10.0 10.0 loc_loss:  0.36638671875 reward_loss:  -18.319334030151367
epoch:  39 batch:  50 region_loss:  10.0 10.0 loc_loss:  0.29832643508911133 reward_loss:  -14.916321754455566
epoch:  39 batch:  60 region_loss:  10.0 10.0 loc_loss:  0.28181407928466795 reward_loss:  -14.090702056884766
epoch:  39 batch:  70 region_loss:  10.0 10.0 loc_loss:  0.2934392356872559 reward_loss:  -14.671960830688477
epoch:  39 batch:  80 region_loss:  10.0 10.0 loc_loss:  0.31936431884765626 reward_loss:  -15.968215942382812
epoch:  39 batch:  90 region_loss:  6.0 6.0 loc_loss:  0.17485652923583983 reward_loss:  -8.742826461791992
epoch:  39 batch:  100 region_loss:  8.0 8.0 loc_loss:  0.21274192810058593 reward_loss:  -10.637096405029297
epoch:  39 batch:  110 region_loss:  4.0 4.0 loc_loss:  0.10847055435180664 reward_loss:  -5.423528671264648
epoch:  39 batch:  120 region_loss:  5.0 5.0 loc_loss:  0.12097048759460449 reward_loss:  -6.048523902893066
epoch:  39 batch:  130 region_loss:  7.0 7.0 loc_loss:  0.20793941497802734 reward_loss:  -10.396974563598633
acc@1:  0.1147695202257761
epoch: 39 region loss 0.17051094890510948 loc loss 0.2544361614832913 reward loss -12.721807826174437
epoch:  40 batch:  0 region_loss:  10.0 10.0 loc_loss:  0.2579549026489258 reward_loss:  -12.897746086120605
epoch:  40 batch:  10 region_loss:  10.0 10.0 loc_loss:  0.296047534942627 reward_loss:  -14.802375793457031
epoch:  40 batch:  20 region_loss:  10.0 10.0 loc_loss:  0.29292762756347657 reward_loss:  -14.646379470825195
epoch:  40 batch:  30 region_loss:  10.0 10.0 loc_loss:  0.2553700828552246 reward_loss:  -12.76850414276123
epoch:  40 batch:  40 region_loss:  10.0 10.0 loc_loss:  0.34746227264404295 reward_loss:  -17.37311363220215
epoch:  40 batch:  50 region_loss:  10.0 10.0 loc_loss:  0.28376277923583987 reward_loss:  -14.188138961791992
epoch:  40 batch:  60 region_loss:  10.0 10.0 loc_loss:  0.265625057220459 reward_loss:  -13.28125286102295
epoch:  40 batch:  70 region_loss:  10.0 10.0 loc_loss:  0.2782264709472656 reward_loss:  -13.911323547363281
epoch:  40 batch:  80 region_loss:  10.0 10.0 loc_loss:  0.30027549743652343 reward_loss:  -15.013774871826172
epoch:  40 batch:  90 region_loss:  6.0 6.0 loc_loss:  0.163409481048584 reward_loss:  -8.1704740524292
epoch:  40 batch:  100 region_loss:  8.0 8.0 loc_loss:  0.2018330764770508 reward_loss:  -10.091654777526855
epoch:  40 batch:  110 region_loss:  4.0 4.0 loc_loss:  0.10098386764526367 reward_loss:  -5.049193382263184
epoch:  40 batch:  120 region_loss:  5.0 5.0 loc_loss:  0.11297337532043457 reward_loss:  -5.6486687660217285
epoch:  40 batch:  130 region_loss:  7.0 7.0 loc_loss:  0.19527788162231446 reward_loss:  -9.763893127441406
acc@1:  0.11523988711194733
epoch: 40 region loss 0.17051094890510948 loc loss 0.2410340686262089 reward loss -12.051703648845645
epoch:  41 batch:  0 region_loss:  10.0 10.0 loc_loss:  0.24295106887817383 reward_loss:  -12.147554397583008
epoch:  41 batch:  10 region_loss:  10.0 10.0 loc_loss:  0.27969127655029297 reward_loss:  -13.984563827514648
epoch:  41 batch:  20 region_loss:  10.0 10.0 loc_loss:  0.27971757888793947 reward_loss:  -13.985878944396973
epoch:  41 batch:  30 region_loss:  10.0 10.0 loc_loss:  0.2408408546447754 reward_loss:  -12.042043685913086
epoch:  41 batch:  40 region_loss:  10.0 10.0 loc_loss:  0.3291466522216797 reward_loss:  -16.457332611083984
epoch:  41 batch:  50 region_loss:  10.0 10.0 loc_loss:  0.2695774269104004 reward_loss:  -13.478872299194336
epoch:  41 batch:  60 region_loss:  10.0 10.0 loc_loss:  0.2502302551269531 reward_loss:  -12.511513710021973
epoch:  41 batch:  70 region_loss:  10.0 10.0 loc_loss:  0.2627855682373047 reward_loss:  -13.139278411865234
epoch:  41 batch:  80 region_loss:  10.0 10.0 loc_loss:  0.2819793701171875 reward_loss:  -14.098968505859375
epoch:  41 batch:  90 region_loss:  6.0 6.0 loc_loss:  0.15258520126342773 reward_loss:  -7.629260540008545
epoch:  41 batch:  100 region_loss:  8.0 8.0 loc_loss:  0.18820785522460937 reward_loss:  -9.410393714904785
epoch:  41 batch:  110 region_loss:  4.0 4.0 loc_loss:  0.09385599136352539 reward_loss:  -4.692800521850586
epoch:  41 batch:  120 region_loss:  5.0 5.0 loc_loss:  0.10534221649169923 reward_loss:  -5.267111301422119
epoch:  41 batch:  130 region_loss:  7.0 7.0 loc_loss:  0.182822265625 reward_loss:  -9.141112327575684
acc@1:  0.1147695202257761
epoch: 41 region loss 0.17051094890510948 loc loss 0.22796544626681473 reward loss -11.398272728397899
epoch:  42 batch:  0 region_loss:  10.0 10.0 loc_loss:  0.22848060607910156 reward_loss:  -11.424030303955078
epoch:  42 batch:  10 region_loss:  10.0 10.0 loc_loss:  0.26375160217285154 reward_loss:  -13.187580108642578
epoch:  42 batch:  20 region_loss:  10.0 10.0 loc_loss:  0.26795955657958986 reward_loss:  -13.397977828979492
epoch:  42 batch:  30 region_loss:  10.0 10.0 loc_loss:  0.22632478713989257 reward_loss:  -11.316239356994629
epoch:  42 batch:  40 region_loss:  10.0 10.0 loc_loss:  0.31151954650878905 reward_loss:  -15.57597541809082
epoch:  42 batch:  50 region_loss:  10.0 10.0 loc_loss:  0.25779136657714846 reward_loss:  -12.889568328857422
epoch:  42 batch:  60 region_loss:  10.0 10.0 loc_loss:  0.23523372650146485 reward_loss:  -11.761685371398926
epoch:  42 batch:  70 region_loss:  10.0 10.0 loc_loss:  0.24905994415283203 reward_loss:  -12.452997207641602
epoch:  42 batch:  80 region_loss:  10.0 10.0 loc_loss:  0.2642465972900391 reward_loss:  -13.212328910827637
epoch:  42 batch:  90 region_loss:  6.0 6.0 loc_loss:  0.14212736129760742 reward_loss:  -7.106367111206055
epoch:  42 batch:  100 region_loss:  8.0 8.0 loc_loss:  0.1786160659790039 reward_loss:  -8.930804252624512
epoch:  42 batch:  110 region_loss:  4.0 4.0 loc_loss:  0.08713786125183105 reward_loss:  -4.356893539428711
epoch:  42 batch:  120 region_loss:  5.0 5.0 loc_loss:  0.09808587074279786 reward_loss:  -4.904294013977051
epoch:  42 batch:  130 region_loss:  7.0 7.0 loc_loss:  0.17122674942016602 reward_loss:  -8.561336517333984
acc@1:  0.11429915333960489
epoch: 42 region loss 0.17051094890510948 loc loss 0.21550118488116854 reward loss -10.77505983314375
epoch:  43 batch:  0 region_loss:  10.0 10.0 loc_loss:  0.21533540725708009 reward_loss:  -10.766769409179688
epoch:  43 batch:  10 region_loss:  10.0 10.0 loc_loss:  0.24864673614501953 reward_loss:  -12.432336807250977
epoch:  43 batch:  20 region_loss:  10.0 10.0 loc_loss:  0.2575749588012695 reward_loss:  -12.878747940063477
epoch:  43 batch:  30 region_loss:  10.0 10.0 loc_loss:  0.2130491828918457 reward_loss:  -10.652458190917969
epoch:  43 batch:  40 region_loss:  10.0 10.0 loc_loss:  0.29443647384643556 reward_loss:  -14.721822738647461
epoch:  43 batch:  50 region_loss:  10.0 10.0 loc_loss:  0.2431073760986328 reward_loss:  -12.15536880493164
epoch:  43 batch:  60 region_loss:  10.0 10.0 loc_loss:  0.2213176155090332 reward_loss:  -11.06588077545166
epoch:  43 batch:  70 region_loss:  10.0 10.0 loc_loss:  0.23483882904052733 reward_loss:  -11.741941452026367
epoch:  43 batch:  80 region_loss:  10.0 10.0 loc_loss:  0.24745426177978516 reward_loss:  -12.372713088989258
epoch:  43 batch:  90 region_loss:  6.0 6.0 loc_loss:  0.1324021625518799 reward_loss:  -6.620108127593994
epoch:  43 batch:  100 region_loss:  8.0 8.0 loc_loss:  0.16588987350463869 reward_loss:  -8.29449462890625
epoch:  43 batch:  110 region_loss:  4.0 4.0 loc_loss:  0.08071505546569824 reward_loss:  -4.035752773284912
epoch:  43 batch:  120 region_loss:  5.0 5.0 loc_loss:  0.09136421203613282 reward_loss:  -4.568211078643799
epoch:  43 batch:  130 region_loss:  7.0 7.0 loc_loss:  0.15981618881225587 reward_loss:  -7.990810394287109
acc@1:  0.11335841956726246
epoch: 43 region loss 0.17051094890510948 loc loss 0.2034639300047046 reward loss -10.173196714289867
epoch:  44 batch:  0 region_loss:  10.0 10.0 loc_loss:  0.202071475982666 reward_loss:  -10.103572845458984
epoch:  44 batch:  10 region_loss:  10.0 10.0 loc_loss:  0.2338729667663574 reward_loss:  -11.693645477294922
epoch:  44 batch:  20 region_loss:  10.0 10.0 loc_loss:  0.24976892471313478 reward_loss:  -12.488446235656738
epoch:  44 batch:  30 region_loss:  10.0 10.0 loc_loss:  0.19987945556640624 reward_loss:  -9.993972778320312
epoch:  44 batch:  40 region_loss:  10.0 10.0 loc_loss:  0.27799110412597655 reward_loss:  -13.899555206298828
epoch:  44 batch:  50 region_loss:  10.0 10.0 loc_loss:  0.2303782081604004 reward_loss:  -11.518909454345703
epoch:  44 batch:  60 region_loss:  10.0 10.0 loc_loss:  0.20761043548583985 reward_loss:  -10.380522727966309
epoch:  44 batch:  70 region_loss:  10.0 10.0 loc_loss:  0.222213191986084 reward_loss:  -11.1106595993042
epoch:  44 batch:  80 region_loss:  10.0 10.0 loc_loss:  0.23133617401123047 reward_loss:  -11.56680679321289
epoch:  44 batch:  90 region_loss:  6.0 6.0 loc_loss:  0.12299781799316406 reward_loss:  -6.14988899230957
epoch:  44 batch:  100 region_loss:  8.0 8.0 loc_loss:  0.1573024559020996 reward_loss:  -7.8651227951049805
epoch:  44 batch:  110 region_loss:  4.0 4.0 loc_loss:  0.07481981754302978 reward_loss:  -3.74099063873291
epoch:  44 batch:  120 region_loss:  5.0 5.0 loc_loss:  0.08485830307006836 reward_loss:  -4.24291467666626
epoch:  44 batch:  130 region_loss:  7.0 7.0 loc_loss:  0.14945461273193358 reward_loss:  -7.472731590270996
acc@1:  0.11382878645343368
epoch: 44 region loss 0.17051094890510948 loc loss 0.19200947937304086 reward loss -9.600474036523025
epoch:  45 batch:  0 region_loss:  10.0 10.0 loc_loss:  0.18955705642700196 reward_loss:  -9.477852821350098
epoch:  45 batch:  10 region_loss:  10.0 10.0 loc_loss:  0.2202479934692383 reward_loss:  -11.012399673461914
epoch:  45 batch:  20 region_loss:  10.0 10.0 loc_loss:  0.24096336364746093 reward_loss:  -12.04817008972168
epoch:  45 batch:  30 region_loss:  10.0 10.0 loc_loss:  0.18802692413330077 reward_loss:  -9.401346206665039
epoch:  45 batch:  40 region_loss:  10.0 10.0 loc_loss:  0.262060661315918 reward_loss:  -13.103033065795898
epoch:  45 batch:  50 region_loss:  10.0 10.0 loc_loss:  0.2167072296142578 reward_loss:  -10.83536148071289
epoch:  45 batch:  60 region_loss:  10.0 10.0 loc_loss:  0.1951134490966797 reward_loss:  -9.7556734085083
epoch:  45 batch:  70 region_loss:  10.0 10.0 loc_loss:  0.2089891815185547 reward_loss:  -10.449459075927734
epoch:  45 batch:  80 region_loss:  10.0 10.0 loc_loss:  0.21630458831787108 reward_loss:  -10.815227508544922
epoch:  45 batch:  90 region_loss:  6.0 6.0 loc_loss:  0.11429251670837402 reward_loss:  -5.714625358581543
epoch:  45 batch:  100 region_loss:  8.0 8.0 loc_loss:  0.1458194923400879 reward_loss:  -7.290974140167236
epoch:  45 batch:  110 region_loss:  4.0 4.0 loc_loss:  0.06914673805236816 reward_loss:  -3.457336902618408
epoch:  45 batch:  120 region_loss:  5.0 5.0 loc_loss:  0.07889078140258789 reward_loss:  -3.9445395469665527
epoch:  45 batch:  130 region_loss:  7.0 7.0 loc_loss:  0.13918659210205078 reward_loss:  -6.959329605102539
acc@1:  0.11382878645343368
epoch: 45 region loss 0.17051094890510948 loc loss 0.18101626627636652 reward loss -9.050809391658671
epoch:  46 batch:  0 region_loss:  10.0 10.0 loc_loss:  0.1771059226989746 reward_loss:  -8.855294227600098
epoch:  46 batch:  10 region_loss:  10.0 10.0 loc_loss:  0.20662757873535156 reward_loss:  -10.331378936767578
epoch:  46 batch:  20 region_loss:  10.0 10.0 loc_loss:  0.22762041091918944 reward_loss:  -11.381020545959473
epoch:  46 batch:  30 region_loss:  10.0 10.0 loc_loss:  0.17624826431274415 reward_loss:  -8.812414169311523
epoch:  46 batch:  40 region_loss:  10.0 10.0 loc_loss:  0.24655794143676757 reward_loss:  -12.327897071838379
epoch:  46 batch:  50 region_loss:  10.0 10.0 loc_loss:  0.2047886848449707 reward_loss:  -10.239435195922852
epoch:  46 batch:  60 region_loss:  10.0 10.0 loc_loss:  0.1828116226196289 reward_loss:  -9.140581130981445
epoch:  46 batch:  70 region_loss:  10.0 10.0 loc_loss:  0.19683835983276368 reward_loss:  -9.841917991638184
epoch:  46 batch:  80 region_loss:  10.0 10.0 loc_loss:  0.20169221878051757 reward_loss:  -10.084609985351562
epoch:  46 batch:  90 region_loss:  6.0 6.0 loc_loss:  0.10600706100463868 reward_loss:  -5.300353050231934
epoch:  46 batch:  100 region_loss:  8.0 8.0 loc_loss:  0.13803022384643554 reward_loss:  -6.901512145996094
epoch:  46 batch:  110 region_loss:  4.0 4.0 loc_loss:  0.06399126052856445 reward_loss:  -3.1995627880096436
epoch:  46 batch:  120 region_loss:  5.0 5.0 loc_loss:  0.07324166774749756 reward_loss:  -3.662083387374878
epoch:  46 batch:  130 region_loss:  7.0 7.0 loc_loss:  0.12993188858032226 reward_loss:  -6.496594429016113
acc@1:  0.11571025399811853
epoch: 46 region loss 0.17051094890510948 loc loss 0.1704692397674505 reward loss -8.523462529600101
epoch:  47 batch:  0 region_loss:  10.0 10.0 loc_loss:  0.16571878433227538 reward_loss:  -8.28593921661377
epoch:  47 batch:  10 region_loss:  10.0 10.0 loc_loss:  0.19427116394042968 reward_loss:  -9.713558197021484
epoch:  47 batch:  20 region_loss:  10.0 10.0 loc_loss:  0.21604944229125977 reward_loss:  -10.802472114562988
epoch:  47 batch:  30 region_loss:  10.0 10.0 loc_loss:  0.16601354598999024 reward_loss:  -8.300677299499512
epoch:  47 batch:  40 region_loss:  10.0 10.0 loc_loss:  0.2320762825012207 reward_loss:  -11.603813171386719
epoch:  47 batch:  50 region_loss:  10.0 10.0 loc_loss:  0.1930226516723633 reward_loss:  -9.651132583618164
epoch:  47 batch:  60 region_loss:  10.0 10.0 loc_loss:  0.17137893676757812 reward_loss:  -8.56894588470459
epoch:  47 batch:  70 region_loss:  10.0 10.0 loc_loss:  0.18450910568237305 reward_loss:  -9.225454330444336
epoch:  47 batch:  80 region_loss:  10.0 10.0 loc_loss:  0.18822145462036133 reward_loss:  -9.411072731018066
epoch:  47 batch:  90 region_loss:  6.0 6.0 loc_loss:  0.09831520080566407 reward_loss:  -4.915760040283203
epoch:  47 batch:  100 region_loss:  8.0 8.0 loc_loss:  0.12774221420288087 reward_loss:  -6.387110710144043
epoch:  47 batch:  110 region_loss:  4.0 4.0 loc_loss:  0.05902582168579101 reward_loss:  -2.951291084289551
epoch:  47 batch:  120 region_loss:  5.0 5.0 loc_loss:  0.06791670799255371 reward_loss:  -3.3958358764648438
epoch:  47 batch:  130 region_loss:  7.0 7.0 loc_loss:  0.12080489158630371 reward_loss:  -6.0402445793151855
acc@1:  0.11241768579492004
epoch: 47 region loss 0.17051094890510948 loc loss 0.16040280552676123 reward loss -8.020140321150313
epoch:  48 batch:  0 region_loss:  10.0 10.0 loc_loss:  0.1548879337310791 reward_loss:  -7.74439811706543
epoch:  48 batch:  10 region_loss:  10.0 10.0 loc_loss:  0.18183246612548828 reward_loss:  -9.091622352600098
epoch:  48 batch:  20 region_loss:  10.0 10.0 loc_loss:  0.20335739135742187 reward_loss:  -10.167869567871094
epoch:  48 batch:  30 region_loss:  10.0 10.0 loc_loss:  0.15555291175842284 reward_loss:  -7.777645111083984
epoch:  48 batch:  40 region_loss:  10.0 10.0 loc_loss:  0.21782474517822265 reward_loss:  -10.89123821258545
epoch:  48 batch:  50 region_loss:  10.0 10.0 loc_loss:  0.18239604949951171 reward_loss:  -9.119802474975586
epoch:  48 batch:  60 region_loss:  10.0 10.0 loc_loss:  0.1606319046020508 reward_loss:  -8.031596183776855
epoch:  48 batch:  70 region_loss:  10.0 10.0 loc_loss:  0.17328880310058595 reward_loss:  -8.66443920135498
epoch:  48 batch:  80 region_loss:  10.0 10.0 loc_loss:  0.17530241012573242 reward_loss:  -8.765120506286621
epoch:  48 batch:  90 region_loss:  6.0 6.0 loc_loss:  0.09116662979125977 reward_loss:  -4.558331489562988
epoch:  48 batch:  100 region_loss:  8.0 8.0 loc_loss:  0.12076553344726562 reward_loss:  -6.038276672363281
epoch:  48 batch:  110 region_loss:  4.0 4.0 loc_loss:  0.05454780578613281 reward_loss:  -2.7273905277252197
epoch:  48 batch:  120 region_loss:  5.0 5.0 loc_loss:  0.06307475090026855 reward_loss:  -3.1537373065948486
epoch:  48 batch:  130 region_loss:  7.0 7.0 loc_loss:  0.11250560760498046 reward_loss:  -5.625280857086182
acc@1:  0.1147695202257761
epoch: 48 region loss 0.17051094890510948 loc loss 0.15090437542783083 reward loss -7.545218318048184
epoch:  49 batch:  0 region_loss:  10.0 10.0 loc_loss:  0.14500128746032714 reward_loss:  -7.250063896179199
epoch:  49 batch:  10 region_loss:  10.0 10.0 loc_loss:  0.17048765182495118 reward_loss:  -8.524382591247559
epoch:  49 batch:  20 region_loss:  10.0 10.0 loc_loss:  0.19306571960449218 reward_loss:  -9.653286933898926
epoch:  49 batch:  30 region_loss:  10.0 10.0 loc_loss:  0.14588685989379882 reward_loss:  -7.294342994689941
epoch:  49 batch:  40 region_loss:  10.0 10.0 loc_loss:  0.2049882698059082 reward_loss:  -10.249412536621094
epoch:  49 batch:  50 region_loss:  10.0 10.0 loc_loss:  0.1721670150756836 reward_loss:  -8.60835075378418
epoch:  49 batch:  60 region_loss:  10.0 10.0 loc_loss:  0.15012674331665038 reward_loss:  -7.506337642669678
epoch:  49 batch:  70 region_loss:  10.0 10.0 loc_loss:  0.16221872329711914 reward_loss:  -8.110937118530273
epoch:  49 batch:  80 region_loss:  10.0 10.0 loc_loss:  0.1634853172302246 reward_loss:  -8.174266815185547
epoch:  49 batch:  90 region_loss:  6.0 6.0 loc_loss:  0.08443716049194336 reward_loss:  -4.221858024597168
epoch:  49 batch:  100 region_loss:  8.0 8.0 loc_loss:  0.11169184684753418 reward_loss:  -5.584592342376709
epoch:  49 batch:  110 region_loss:  4.0 4.0 loc_loss:  0.05028075695037842 reward_loss:  -2.5140373706817627
epoch:  49 batch:  120 region_loss:  5.0 5.0 loc_loss:  0.058445372581481934 reward_loss:  -2.9222686290740967
epoch:  49 batch:  130 region_loss:  7.0 7.0 loc_loss:  0.10457768440246581 reward_loss:  -5.228884696960449
acc@1:  0.11147695202257761
epoch: 49 region loss 0.17051094890510948 loc loss 0.14186488963391658 reward loss -7.093240961541224
