nohup: ignoring input
cuda
epoch:  0 batch:  0 region_loss:  10.0 10.0 loc_loss:  1.987461700439453 reward_loss:  -99.37387084960938
epoch:  0 batch:  10 region_loss:  10.0 10.0 loc_loss:  1.9824465942382812 reward_loss:  -99.12293243408203
epoch:  0 batch:  20 region_loss:  10.0 10.0 loc_loss:  1.9827668762207031 reward_loss:  -99.1373519897461
epoch:  0 batch:  30 region_loss:  10.0 10.0 loc_loss:  1.986181640625 reward_loss:  -99.30824279785156
epoch:  0 batch:  40 region_loss:  10.0 10.0 loc_loss:  1.9843226623535157 reward_loss:  -99.21711730957031
epoch:  0 batch:  50 region_loss:  10.0 10.0 loc_loss:  1.9786363220214844 reward_loss:  -98.93107604980469
epoch:  0 batch:  60 region_loss:  10.0 10.0 loc_loss:  1.9858753967285157 reward_loss:  -99.29487609863281
epoch:  0 batch:  70 region_loss:  10.0 10.0 loc_loss:  1.9765748596191406 reward_loss:  -98.82925415039062
epoch:  0 batch:  80 region_loss:  10.0 10.0 loc_loss:  1.9841648864746093 reward_loss:  -99.20834350585938
epoch:  0 batch:  90 region_loss:  6.0 6.0 loc_loss:  1.1796939086914062 reward_loss:  -58.9854621887207
epoch:  0 batch:  100 region_loss:  8.0 8.0 loc_loss:  1.5746533203125 reward_loss:  -78.73247528076172
epoch:  0 batch:  110 region_loss:  4.0 4.0 loc_loss:  0.7870697021484375 reward_loss:  -39.35332489013672
epoch:  0 batch:  120 region_loss:  5.0 5.0 loc_loss:  0.9790485382080079 reward_loss:  -48.952362060546875
epoch:  0 batch:  130 region_loss:  7.0 7.0 loc_loss:  1.3718080139160156 reward_loss:  -68.58975219726562
acc@1:  0.0037629350893697085
epoch: 0 region loss 0.17051094890510948 loc loss 1.6865571616513888 reward loss -84.32779186833514
epoch:  1 batch:  0 region_loss:  10.0 10.0 loc_loss:  1.9151016235351563 reward_loss:  -95.75537109375
epoch:  1 batch:  10 region_loss:  10.0 10.0 loc_loss:  1.9328652954101562 reward_loss:  -96.641845703125
epoch:  1 batch:  20 region_loss:  10.0 10.0 loc_loss:  1.918423614501953 reward_loss:  -95.92173767089844
epoch:  1 batch:  30 region_loss:  10.0 10.0 loc_loss:  1.9237826538085938 reward_loss:  -96.18891906738281
epoch:  1 batch:  40 region_loss:  10.0 10.0 loc_loss:  1.91352783203125 reward_loss:  -95.67694091796875
epoch:  1 batch:  50 region_loss:  10.0 10.0 loc_loss:  1.9037571716308594 reward_loss:  -95.18860626220703
epoch:  1 batch:  60 region_loss:  10.0 10.0 loc_loss:  1.8994509887695312 reward_loss:  -94.97174835205078
epoch:  1 batch:  70 region_loss:  10.0 10.0 loc_loss:  1.8798391723632812 reward_loss:  -93.9912338256836
epoch:  1 batch:  80 region_loss:  10.0 10.0 loc_loss:  1.8683341979980468 reward_loss:  -93.4173355102539
epoch:  1 batch:  90 region_loss:  6.0 6.0 loc_loss:  1.1047669219970704 reward_loss:  -55.238216400146484
epoch:  1 batch:  100 region_loss:  8.0 8.0 loc_loss:  1.45698486328125 reward_loss:  -72.8485107421875
epoch:  1 batch:  110 region_loss:  4.0 4.0 loc_loss:  0.7362387084960937 reward_loss:  -36.81242370605469
epoch:  1 batch:  120 region_loss:  5.0 5.0 loc_loss:  0.9073993682861328 reward_loss:  -45.37108612060547
epoch:  1 batch:  130 region_loss:  7.0 7.0 loc_loss:  1.2578346252441406 reward_loss:  -62.891014099121094
acc@1:  0.02492944496707432
epoch: 1 region loss 0.17051094890510948 loc loss 1.602287134323677 reward loss -80.11437450882292
epoch:  2 batch:  0 region_loss:  10.0 10.0 loc_loss:  1.7345101928710938 reward_loss:  -86.72616577148438
epoch:  2 batch:  10 region_loss:  10.0 10.0 loc_loss:  1.752108154296875 reward_loss:  -87.60565948486328
epoch:  2 batch:  20 region_loss:  10.0 10.0 loc_loss:  1.7339492797851563 reward_loss:  -86.69586181640625
epoch:  2 batch:  30 region_loss:  10.0 10.0 loc_loss:  1.7617572021484376 reward_loss:  -88.08766174316406
epoch:  2 batch:  40 region_loss:  10.0 10.0 loc_loss:  1.7133592224121095 reward_loss:  -85.6677017211914
epoch:  2 batch:  50 region_loss:  10.0 10.0 loc_loss:  1.770482940673828 reward_loss:  -88.52237701416016
epoch:  2 batch:  60 region_loss:  10.0 10.0 loc_loss:  1.7452587890625 reward_loss:  -87.26217651367188
epoch:  2 batch:  70 region_loss:  10.0 10.0 loc_loss:  1.7484487915039062 reward_loss:  -87.4212417602539
epoch:  2 batch:  80 region_loss:  10.0 10.0 loc_loss:  1.7270867919921875 reward_loss:  -86.35580444335938
epoch:  2 batch:  90 region_loss:  6.0 6.0 loc_loss:  1.0355438232421874 reward_loss:  -51.7774658203125
epoch:  2 batch:  100 region_loss:  8.0 8.0 loc_loss:  1.3727427673339845 reward_loss:  -68.6357650756836
epoch:  2 batch:  110 region_loss:  4.0 4.0 loc_loss:  0.7000883483886718 reward_loss:  -35.00391387939453
epoch:  2 batch:  120 region_loss:  5.0 5.0 loc_loss:  0.8659321594238282 reward_loss:  -43.296470642089844
epoch:  2 batch:  130 region_loss:  7.0 7.0 loc_loss:  1.204781494140625 reward_loss:  -60.238948822021484
acc@1:  0.031044214487300093
epoch: 2 region loss 0.17051094890510948 loc loss 1.4741448735146627 reward loss -73.70715373798008
epoch:  3 batch:  0 region_loss:  10.0 10.0 loc_loss:  1.6797048950195312 reward_loss:  -83.98416900634766
epoch:  3 batch:  10 region_loss:  10.0 10.0 loc_loss:  1.6801290893554688 reward_loss:  -84.00724029541016
epoch:  3 batch:  20 region_loss:  10.0 10.0 loc_loss:  1.6457077026367188 reward_loss:  -82.28729248046875
epoch:  3 batch:  30 region_loss:  10.0 10.0 loc_loss:  1.6926571655273437 reward_loss:  -84.63278198242188
epoch:  3 batch:  40 region_loss:  10.0 10.0 loc_loss:  1.6374266052246094 reward_loss:  -81.87152862548828
epoch:  3 batch:  50 region_loss:  10.0 10.0 loc_loss:  1.7020709228515625 reward_loss:  -85.10441589355469
epoch:  3 batch:  60 region_loss:  10.0 10.0 loc_loss:  1.679386444091797 reward_loss:  -83.96918487548828
epoch:  3 batch:  70 region_loss:  10.0 10.0 loc_loss:  1.6789193725585938 reward_loss:  -83.94638061523438
epoch:  3 batch:  80 region_loss:  10.0 10.0 loc_loss:  1.66630615234375 reward_loss:  -83.31539916992188
epoch:  3 batch:  90 region_loss:  6.0 6.0 loc_loss:  1.0013992309570312 reward_loss:  -50.070003509521484
epoch:  3 batch:  100 region_loss:  8.0 8.0 loc_loss:  1.3260588073730468 reward_loss:  -66.30237579345703
epoch:  3 batch:  110 region_loss:  4.0 4.0 loc_loss:  0.6797827911376954 reward_loss:  -33.98970031738281
epoch:  3 batch:  120 region_loss:  5.0 5.0 loc_loss:  0.8407560729980469 reward_loss:  -42.03789138793945
epoch:  3 batch:  130 region_loss:  7.0 7.0 loc_loss:  1.1715190124511718 reward_loss:  -58.57609558105469
acc@1:  0.03527751646284102
epoch: 3 region loss 0.17051094890510948 loc loss 1.4142707462728459 reward loss -70.7134920384762
epoch:  4 batch:  0 region_loss:  10.0 10.0 loc_loss:  1.6374421691894532 reward_loss:  -81.87069702148438
epoch:  4 batch:  10 region_loss:  10.0 10.0 loc_loss:  1.6321949768066406 reward_loss:  -81.6094741821289
epoch:  4 batch:  20 region_loss:  10.0 10.0 loc_loss:  1.5841386413574219 reward_loss:  -79.20720672607422
epoch:  4 batch:  30 region_loss:  10.0 10.0 loc_loss:  1.6408181762695313 reward_loss:  -82.04022216796875
epoch:  4 batch:  40 region_loss:  10.0 10.0 loc_loss:  1.5836761474609375 reward_loss:  -79.18289184570312
epoch:  4 batch:  50 region_loss:  10.0 10.0 loc_loss:  1.6459928894042968 reward_loss:  -82.29952239990234
epoch:  4 batch:  60 region_loss:  10.0 10.0 loc_loss:  1.6273286437988281 reward_loss:  -81.366455078125
epoch:  4 batch:  70 region_loss:  10.0 10.0 loc_loss:  1.6175161743164062 reward_loss:  -80.87531280517578
epoch:  4 batch:  80 region_loss:  10.0 10.0 loc_loss:  1.6134629821777344 reward_loss:  -80.67265319824219
epoch:  4 batch:  90 region_loss:  6.0 6.0 loc_loss:  0.9714366149902344 reward_loss:  -48.57100296020508
epoch:  4 batch:  100 region_loss:  8.0 8.0 loc_loss:  1.2819790649414062 reward_loss:  -64.09862518310547
epoch:  4 batch:  110 region_loss:  4.0 4.0 loc_loss:  0.6617971801757813 reward_loss:  -33.089385986328125
epoch:  4 batch:  120 region_loss:  5.0 5.0 loc_loss:  0.8161939239501953 reward_loss:  -40.80958557128906
epoch:  4 batch:  130 region_loss:  7.0 7.0 loc_loss:  1.1387559509277343 reward_loss:  -56.93788146972656
acc@1:  0.045625587958607716
epoch: 4 region loss 0.17051094890510948 loc loss 1.3661100011672418 reward loss -68.30543969147396
epoch:  5 batch:  0 region_loss:  10.0 10.0 loc_loss:  1.5911094665527343 reward_loss:  -79.55551147460938
epoch:  5 batch:  10 region_loss:  10.0 10.0 loc_loss:  1.5846307373046875 reward_loss:  -79.23164367675781
epoch:  5 batch:  20 region_loss:  10.0 10.0 loc_loss:  1.5237257385253906 reward_loss:  -76.18589782714844
epoch:  5 batch:  30 region_loss:  10.0 10.0 loc_loss:  1.58814208984375 reward_loss:  -79.4072036743164
epoch:  5 batch:  40 region_loss:  10.0 10.0 loc_loss:  1.5317337036132812 reward_loss:  -76.58621215820312
epoch:  5 batch:  50 region_loss:  10.0 10.0 loc_loss:  1.589542694091797 reward_loss:  -79.4770278930664
epoch:  5 batch:  60 region_loss:  10.0 10.0 loc_loss:  1.5746360778808595 reward_loss:  -78.73176574707031
epoch:  5 batch:  70 region_loss:  10.0 10.0 loc_loss:  1.5558248901367187 reward_loss:  -77.79116821289062
epoch:  5 batch:  80 region_loss:  10.0 10.0 loc_loss:  1.5599664306640626 reward_loss:  -77.99848175048828
epoch:  5 batch:  90 region_loss:  6.0 6.0 loc_loss:  0.9409557342529297 reward_loss:  -47.04813003540039
epoch:  5 batch:  100 region_loss:  8.0 8.0 loc_loss:  1.235290756225586 reward_loss:  -61.76456069946289
epoch:  5 batch:  110 region_loss:  4.0 4.0 loc_loss:  0.6436874389648437 reward_loss:  -32.18442916870117
epoch:  5 batch:  120 region_loss:  5.0 5.0 loc_loss:  0.7898159790039062 reward_loss:  -39.490867614746094
epoch:  5 batch:  130 region_loss:  7.0 7.0 loc_loss:  1.1040841674804687 reward_loss:  -55.204261779785156
acc@1:  0.05456255879586077
epoch: 5 region loss 0.17051094890510948 loc loss 1.3172978853657298 reward loss -65.86486886017514
epoch:  6 batch:  0 region_loss:  10.0 10.0 loc_loss:  1.5393086242675782 reward_loss:  -76.96599578857422
epoch:  6 batch:  10 region_loss:  10.0 10.0 loc_loss:  1.5315371704101564 reward_loss:  -76.5768814086914
epoch:  6 batch:  20 region_loss:  10.0 10.0 loc_loss:  1.4590185546875 reward_loss:  -72.95100402832031
epoch:  6 batch:  30 region_loss:  10.0 10.0 loc_loss:  1.5304548645019531 reward_loss:  -76.5228271484375
epoch:  6 batch:  40 region_loss:  10.0 10.0 loc_loss:  1.477289276123047 reward_loss:  -73.86434173583984
epoch:  6 batch:  50 region_loss:  10.0 10.0 loc_loss:  1.5290109252929687 reward_loss:  -76.45030975341797
epoch:  6 batch:  60 region_loss:  10.0 10.0 loc_loss:  1.518235321044922 reward_loss:  -75.91180419921875
epoch:  6 batch:  70 region_loss:  10.0 10.0 loc_loss:  1.4908392333984375 reward_loss:  -74.54200744628906
epoch:  6 batch:  80 region_loss:  10.0 10.0 loc_loss:  1.5032090759277343 reward_loss:  -75.16049194335938
epoch:  6 batch:  90 region_loss:  6.0 6.0 loc_loss:  0.9087948608398437 reward_loss:  -45.4394416809082
epoch:  6 batch:  100 region_loss:  8.0 8.0 loc_loss:  1.18480712890625 reward_loss:  -59.2403564453125
epoch:  6 batch:  110 region_loss:  4.0 4.0 loc_loss:  0.6248091125488281 reward_loss:  -31.24059295654297
epoch:  6 batch:  120 region_loss:  5.0 5.0 loc_loss:  0.7612424468994141 reward_loss:  -38.06228256225586
epoch:  6 batch:  130 region_loss:  7.0 7.0 loc_loss:  1.0668815612792968 reward_loss:  -53.34408187866211
acc@1:  0.07243650047036689
epoch: 6 region loss 0.17051094890510948 loc loss 1.265282635375531 reward loss -63.264130529696054
epoch:  7 batch:  0 region_loss:  10.0 10.0 loc_loss:  1.4812847900390624 reward_loss:  -74.06417083740234
epoch:  7 batch:  10 region_loss:  10.0 10.0 loc_loss:  1.4728497314453124 reward_loss:  -73.64239501953125
epoch:  7 batch:  20 region_loss:  10.0 10.0 loc_loss:  1.3896726989746093 reward_loss:  -69.48388671875
epoch:  7 batch:  30 region_loss:  10.0 10.0 loc_loss:  1.4673451232910155 reward_loss:  -73.36722564697266
epoch:  7 batch:  40 region_loss:  10.0 10.0 loc_loss:  1.4214469909667968 reward_loss:  -71.07235717773438
epoch:  7 batch:  50 region_loss:  10.0 10.0 loc_loss:  1.46379150390625 reward_loss:  -73.18949127197266
epoch:  7 batch:  60 region_loss:  10.0 10.0 loc_loss:  1.4578237915039063 reward_loss:  -72.89119720458984
epoch:  7 batch:  70 region_loss:  10.0 10.0 loc_loss:  1.421795654296875 reward_loss:  -71.0897445678711
epoch:  7 batch:  80 region_loss:  10.0 10.0 loc_loss:  1.4432980346679687 reward_loss:  -72.164794921875
epoch:  7 batch:  90 region_loss:  6.0 6.0 loc_loss:  0.8752518463134765 reward_loss:  -43.762794494628906
epoch:  7 batch:  100 region_loss:  8.0 8.0 loc_loss:  1.1304131317138673 reward_loss:  -56.52063751220703
epoch:  7 batch:  110 region_loss:  4.0 4.0 loc_loss:  0.6048691558837891 reward_loss:  -30.24338150024414
epoch:  7 batch:  120 region_loss:  5.0 5.0 loc_loss:  0.7306403350830079 reward_loss:  -36.53200149536133
epoch:  7 batch:  130 region_loss:  7.0 7.0 loc_loss:  1.0274224853515626 reward_loss:  -51.37113952636719
acc@1:  0.08842897460018814
epoch: 7 region loss 0.17051094890510948 loc loss 1.2099813887324646 reward loss -60.49905987203556
epoch:  8 batch:  0 region_loss:  10.0 10.0 loc_loss:  1.417884521484375 reward_loss:  -70.89424896240234
epoch:  8 batch:  10 region_loss:  10.0 10.0 loc_loss:  1.4092227172851564 reward_loss:  -70.46127319335938
epoch:  8 batch:  20 region_loss:  10.0 10.0 loc_loss:  1.3176197814941406 reward_loss:  -65.88089752197266
epoch:  8 batch:  30 region_loss:  10.0 10.0 loc_loss:  1.3998115539550782 reward_loss:  -69.99059295654297
epoch:  8 batch:  40 region_loss:  10.0 10.0 loc_loss:  1.365771484375 reward_loss:  -68.28856658935547
epoch:  8 batch:  50 region_loss:  10.0 10.0 loc_loss:  1.3937886047363282 reward_loss:  -69.68951416015625
epoch:  8 batch:  60 region_loss:  10.0 10.0 loc_loss:  1.3942860412597655 reward_loss:  -69.7143325805664
epoch:  8 batch:  70 region_loss:  10.0 10.0 loc_loss:  1.349347381591797 reward_loss:  -67.46736145019531
epoch:  8 batch:  80 region_loss:  10.0 10.0 loc_loss:  1.3814717102050782 reward_loss:  -69.07352447509766
epoch:  8 batch:  90 region_loss:  6.0 6.0 loc_loss:  0.8405641174316406 reward_loss:  -42.02813720703125
epoch:  8 batch:  100 region_loss:  8.0 8.0 loc_loss:  1.0730722808837891 reward_loss:  -53.65362548828125
epoch:  8 batch:  110 region_loss:  4.0 4.0 loc_loss:  0.5839687347412109 reward_loss:  -29.198410034179688
epoch:  8 batch:  120 region_loss:  5.0 5.0 loc_loss:  0.6983865356445312 reward_loss:  -34.91935729980469
epoch:  8 batch:  130 region_loss:  7.0 7.0 loc_loss:  0.9862054443359375 reward_loss:  -49.310333251953125
acc@1:  0.09830667920978363
epoch: 8 region loss 0.17051094890510948 loc loss 1.1524205220354735 reward loss -57.62103665484129
epoch:  9 batch:  0 region_loss:  10.0 10.0 loc_loss:  1.3503387451171875 reward_loss:  -67.51692962646484
epoch:  9 batch:  10 region_loss:  10.0 10.0 loc_loss:  1.341483154296875 reward_loss:  -67.07416534423828
epoch:  9 batch:  20 region_loss:  10.0 10.0 loc_loss:  1.2447254943847657 reward_loss:  -62.23626708984375
epoch:  9 batch:  30 region_loss:  10.0 10.0 loc_loss:  1.3288543701171875 reward_loss:  -66.44271850585938
epoch:  9 batch:  40 region_loss:  10.0 10.0 loc_loss:  1.3104603576660157 reward_loss:  -65.52304077148438
epoch:  9 batch:  50 region_loss:  10.0 10.0 loc_loss:  1.3199241638183594 reward_loss:  -65.9962158203125
epoch:  9 batch:  60 region_loss:  10.0 10.0 loc_loss:  1.3295443725585938 reward_loss:  -66.47720336914062
epoch:  9 batch:  70 region_loss:  10.0 10.0 loc_loss:  1.2748978424072266 reward_loss:  -63.74492263793945
epoch:  9 batch:  80 region_loss:  10.0 10.0 loc_loss:  1.3197225952148437 reward_loss:  -65.98612976074219
epoch:  9 batch:  90 region_loss:  6.0 6.0 loc_loss:  0.8051572418212891 reward_loss:  -40.25785446166992
epoch:  9 batch:  100 region_loss:  8.0 8.0 loc_loss:  1.01453857421875 reward_loss:  -50.726924896240234
epoch:  9 batch:  110 region_loss:  4.0 4.0 loc_loss:  0.5622572326660156 reward_loss:  -28.11272621154785
epoch:  9 batch:  120 region_loss:  5.0 5.0 loc_loss:  0.6651864624023438 reward_loss:  -33.259361267089844
epoch:  9 batch:  130 region_loss:  7.0 7.0 loc_loss:  0.9436724090576172 reward_loss:  -47.1834716796875
acc@1:  0.10630291627469426
epoch: 9 region loss 0.17051094890510948 loc loss 1.0939652324592979 reward loss -54.69825697293247
epoch:  10 batch:  0 region_loss:  10.0 10.0 loc_loss:  1.280052490234375 reward_loss:  -64.00265502929688
epoch:  10 batch:  10 region_loss:  10.0 10.0 loc_loss:  1.271449966430664 reward_loss:  -63.57250213623047
epoch:  10 batch:  20 region_loss:  10.0 10.0 loc_loss:  1.172564697265625 reward_loss:  -58.62823486328125
epoch:  10 batch:  30 region_loss:  10.0 10.0 loc_loss:  1.2561328887939454 reward_loss:  -62.80766296386719
epoch:  10 batch:  40 region_loss:  10.0 10.0 loc_loss:  1.255519027709961 reward_loss:  -62.77593231201172
epoch:  10 batch:  50 region_loss:  10.0 10.0 loc_loss:  1.2438441467285157 reward_loss:  -62.192230224609375
epoch:  10 batch:  60 region_loss:  10.0 10.0 loc_loss:  1.2653069305419922 reward_loss:  -63.26536178588867
epoch:  10 batch:  70 region_loss:  10.0 10.0 loc_loss:  1.2012043762207032 reward_loss:  -60.05949401855469
epoch:  10 batch:  80 region_loss:  10.0 10.0 loc_loss:  1.2599349975585938 reward_loss:  -62.996742248535156
epoch:  10 batch:  90 region_loss:  6.0 6.0 loc_loss:  0.7696524047851563 reward_loss:  -38.482608795166016
epoch:  10 batch:  100 region_loss:  8.0 8.0 loc_loss:  0.9569089508056641 reward_loss:  -47.845436096191406
epoch:  10 batch:  110 region_loss:  4.0 4.0 loc_loss:  0.5399695205688476 reward_loss:  -26.998544692993164
epoch:  10 batch:  120 region_loss:  5.0 5.0 loc_loss:  0.631806755065918 reward_loss:  -31.59033966064453
epoch:  10 batch:  130 region_loss:  7.0 7.0 loc_loss:  0.9007109069824218 reward_loss:  -45.03550720214844
acc@1:  0.1180620884289746
epoch: 10 region loss 0.17051094890510948 loc loss 1.0359724757619149 reward loss -51.79862569544437
epoch:  11 batch:  0 region_loss:  10.0 10.0 loc_loss:  1.2088004302978517 reward_loss:  -60.44001388549805
epoch:  11 batch:  10 region_loss:  10.0 10.0 loc_loss:  1.2016253662109375 reward_loss:  -60.08137893676758
epoch:  11 batch:  20 region_loss:  10.0 10.0 loc_loss:  1.1024859619140626 reward_loss:  -55.124305725097656
epoch:  11 batch:  30 region_loss:  10.0 10.0 loc_loss:  1.1833043670654297 reward_loss:  -59.16522216796875
epoch:  11 batch:  40 region_loss:  10.0 10.0 loc_loss:  1.2012667083740234 reward_loss:  -60.06333541870117
epoch:  11 batch:  50 region_loss:  10.0 10.0 loc_loss:  1.1678672790527345 reward_loss:  -58.39337158203125
epoch:  11 batch:  60 region_loss:  10.0 10.0 loc_loss:  1.2027703094482423 reward_loss:  -60.138526916503906
epoch:  11 batch:  70 region_loss:  10.0 10.0 loc_loss:  1.1309258270263671 reward_loss:  -56.546287536621094
epoch:  11 batch:  80 region_loss:  10.0 10.0 loc_loss:  1.2031332397460937 reward_loss:  -60.15668487548828
epoch:  11 batch:  90 region_loss:  6.0 6.0 loc_loss:  0.7345641326904296 reward_loss:  -36.728233337402344
epoch:  11 batch:  100 region_loss:  8.0 8.0 loc_loss:  0.9016324615478516 reward_loss:  -45.081573486328125
epoch:  11 batch:  110 region_loss:  4.0 4.0 loc_loss:  0.5173336410522461 reward_loss:  -25.866676330566406
epoch:  11 batch:  120 region_loss:  5.0 5.0 loc_loss:  0.598949851989746 reward_loss:  -29.947490692138672
epoch:  11 batch:  130 region_loss:  7.0 7.0 loc_loss:  0.8583604431152344 reward_loss:  -42.91801071166992
acc@1:  0.1279397930385701
epoch: 11 region loss 0.17051094890510948 loc loss 0.9797542655555002 reward loss -48.987718888442885
epoch:  12 batch:  0 region_loss:  10.0 10.0 loc_loss:  1.1385268402099609 reward_loss:  -56.92633819580078
epoch:  12 batch:  10 region_loss:  10.0 10.0 loc_loss:  1.1342772674560546 reward_loss:  -56.7138671875
epoch:  12 batch:  20 region_loss:  10.0 10.0 loc_loss:  1.0358972930908203 reward_loss:  -51.79484939575195
epoch:  12 batch:  30 region_loss:  10.0 10.0 loc_loss:  1.1122109985351563 reward_loss:  -55.61056137084961
epoch:  12 batch:  40 region_loss:  10.0 10.0 loc_loss:  1.1481085205078125 reward_loss:  -57.40543746948242
epoch:  12 batch:  50 region_loss:  10.0 10.0 loc_loss:  1.094458770751953 reward_loss:  -54.722999572753906
epoch:  12 batch:  60 region_loss:  10.0 10.0 loc_loss:  1.1424371337890624 reward_loss:  -57.12186050415039
epoch:  12 batch:  70 region_loss:  10.0 10.0 loc_loss:  1.0658514404296875 reward_loss:  -53.2926025390625
epoch:  12 batch:  80 region_loss:  10.0 10.0 loc_loss:  1.1490697479248047 reward_loss:  -57.4534912109375
epoch:  12 batch:  90 region_loss:  6.0 6.0 loc_loss:  0.7004779052734375 reward_loss:  -35.02387619018555
epoch:  12 batch:  100 region_loss:  8.0 8.0 loc_loss:  0.8498976898193359 reward_loss:  -42.49481201171875
epoch:  12 batch:  110 region_loss:  4.0 4.0 loc_loss:  0.4946176147460937 reward_loss:  -24.730876922607422
epoch:  12 batch:  120 region_loss:  5.0 5.0 loc_loss:  0.5672433853149415 reward_loss:  -28.362171173095703
epoch:  12 batch:  130 region_loss:  7.0 7.0 loc_loss:  0.817421875 reward_loss:  -40.871089935302734
acc@1:  0.132173095014111
epoch: 12 region loss 0.17051094890510948 loc loss 0.9263580425290295 reward loss -46.31789924454515
epoch:  13 batch:  0 region_loss:  10.0 10.0 loc_loss:  1.0712302398681641 reward_loss:  -53.561519622802734
epoch:  13 batch:  10 region_loss:  10.0 10.0 loc_loss:  1.0710841369628907 reward_loss:  -53.55419158935547
epoch:  13 batch:  20 region_loss:  10.0 10.0 loc_loss:  0.9741107177734375 reward_loss:  -48.70553207397461
epoch:  13 batch:  30 region_loss:  10.0 10.0 loc_loss:  1.044348831176758 reward_loss:  -52.21744155883789
epoch:  13 batch:  40 region_loss:  10.0 10.0 loc_loss:  1.0967090606689454 reward_loss:  -54.8354606628418
epoch:  13 batch:  50 region_loss:  10.0 10.0 loc_loss:  1.0257184600830078 reward_loss:  -51.285858154296875
epoch:  13 batch:  60 region_loss:  10.0 10.0 loc_loss:  1.0847582244873046 reward_loss:  -54.2379035949707
epoch:  13 batch:  70 region_loss:  10.0 10.0 loc_loss:  1.0066370391845703 reward_loss:  -50.33186340332031
epoch:  13 batch:  80 region_loss:  10.0 10.0 loc_loss:  1.0975556945800782 reward_loss:  -54.877784729003906
epoch:  13 batch:  90 region_loss:  6.0 6.0 loc_loss:  0.6678148651123047 reward_loss:  -33.3907356262207
epoch:  13 batch:  100 region_loss:  8.0 8.0 loc_loss:  0.8021790313720704 reward_loss:  -40.108978271484375
epoch:  13 batch:  110 region_loss:  4.0 4.0 loc_loss:  0.4721308898925781 reward_loss:  -23.6065673828125
epoch:  13 batch:  120 region_loss:  5.0 5.0 loc_loss:  0.5370989990234375 reward_loss:  -26.85495376586914
epoch:  13 batch:  130 region_loss:  7.0 7.0 loc_loss:  0.778377914428711 reward_loss:  -38.918880462646484
acc@1:  0.13452492944496708
epoch: 13 region loss 0.17051094890510948 loc loss 0.8764496904916137 reward loss -43.822481935041665
epoch:  14 batch:  0 region_loss:  10.0 10.0 loc_loss:  1.008517303466797 reward_loss:  -50.425880432128906
epoch:  14 batch:  10 region_loss:  10.0 10.0 loc_loss:  1.0129094696044922 reward_loss:  -50.645477294921875
epoch:  14 batch:  20 region_loss:  10.0 10.0 loc_loss:  0.9180685424804688 reward_loss:  -45.903526306152344
epoch:  14 batch:  30 region_loss:  10.0 10.0 loc_loss:  0.9812820434570313 reward_loss:  -49.06410217285156
epoch:  14 batch:  40 region_loss:  10.0 10.0 loc_loss:  1.0478346252441406 reward_loss:  -52.39173126220703
epoch:  14 batch:  50 region_loss:  10.0 10.0 loc_loss:  0.9627096557617187 reward_loss:  -48.13547897338867
epoch:  14 batch:  60 region_loss:  10.0 10.0 loc_loss:  1.0302537536621095 reward_loss:  -51.51268005371094
epoch:  14 batch:  70 region_loss:  10.0 10.0 loc_loss:  0.9533565521240235 reward_loss:  -47.66783905029297
epoch:  14 batch:  80 region_loss:  10.0 10.0 loc_loss:  1.0484087371826172 reward_loss:  -52.420433044433594
epoch:  14 batch:  90 region_loss:  6.0 6.0 loc_loss:  0.6367112731933594 reward_loss:  -31.83576202392578
epoch:  14 batch:  100 region_loss:  8.0 8.0 loc_loss:  0.7586992645263672 reward_loss:  -37.9349365234375
epoch:  14 batch:  110 region_loss:  4.0 4.0 loc_loss:  0.45024131774902343 reward_loss:  -22.512052536010742
epoch:  14 batch:  120 region_loss:  5.0 5.0 loc_loss:  0.5086244583129883 reward_loss:  -25.43121337890625
epoch:  14 batch:  130 region_loss:  7.0 7.0 loc_loss:  0.7414894104003906 reward_loss:  -37.0744514465332
acc@1:  0.13405456255879586
epoch: 14 region loss 0.17051094890510948 loc loss 0.8303120951408887 reward loss -41.515607123827415
epoch:  15 batch:  0 region_loss:  10.0 10.0 loc_loss:  0.9509943389892578 reward_loss:  -47.54971694946289
epoch:  15 batch:  10 region_loss:  10.0 10.0 loc_loss:  0.9599509429931641 reward_loss:  -47.99755096435547
epoch:  15 batch:  20 region_loss:  10.0 10.0 loc_loss:  0.8676957702636718 reward_loss:  -43.38471603393555
epoch:  15 batch:  30 region_loss:  10.0 10.0 loc_loss:  0.9236414337158203 reward_loss:  -46.18206787109375
epoch:  15 batch:  40 region_loss:  10.0 10.0 loc_loss:  1.0021319580078125 reward_loss:  -50.10659408569336
epoch:  15 batch:  50 region_loss:  10.0 10.0 loc_loss:  0.9058463287353515 reward_loss:  -45.292320251464844
epoch:  15 batch:  60 region_loss:  10.0 10.0 loc_loss:  0.9792295837402344 reward_loss:  -48.96147537231445
epoch:  15 batch:  70 region_loss:  10.0 10.0 loc_loss:  0.905159683227539 reward_loss:  -45.25798416137695
epoch:  15 batch:  80 region_loss:  10.0 10.0 loc_loss:  1.0017847442626953 reward_loss:  -50.0892333984375
epoch:  15 batch:  90 region_loss:  6.0 6.0 loc_loss:  0.6073133087158203 reward_loss:  -30.36565399169922
epoch:  15 batch:  100 region_loss:  8.0 8.0 loc_loss:  0.7189386749267578 reward_loss:  -35.94695281982422
epoch:  15 batch:  110 region_loss:  4.0 4.0 loc_loss:  0.4291305160522461 reward_loss:  -21.4565372467041
epoch:  15 batch:  120 region_loss:  5.0 5.0 loc_loss:  0.4817691421508789 reward_loss:  -24.088369369506836
epoch:  15 batch:  130 region_loss:  7.0 7.0 loc_loss:  0.7068492126464844 reward_loss:  -35.34244918823242
acc@1:  0.14111006585136407
epoch: 15 region loss 0.17051094890510948 loc loss 0.7879170502711387 reward loss -39.39585120486517
epoch:  16 batch:  0 region_loss:  10.0 10.0 loc_loss:  0.8988114166259765 reward_loss:  -44.940574645996094
epoch:  16 batch:  10 region_loss:  10.0 10.0 loc_loss:  0.91201416015625 reward_loss:  -45.600704193115234
epoch:  16 batch:  20 region_loss:  10.0 10.0 loc_loss:  0.8227335357666016 reward_loss:  -41.13667678833008
epoch:  16 batch:  30 region_loss:  10.0 10.0 loc_loss:  0.8713716125488281 reward_loss:  -43.568580627441406
epoch:  16 batch:  40 region_loss:  10.0 10.0 loc_loss:  0.959912338256836 reward_loss:  -47.99560546875
epoch:  16 batch:  50 region_loss:  10.0 10.0 loc_loss:  0.8551286315917969 reward_loss:  -42.756431579589844
epoch:  16 batch:  60 region_loss:  10.0 10.0 loc_loss:  0.931556167602539 reward_loss:  -46.57780456542969
epoch:  16 batch:  70 region_loss:  10.0 10.0 loc_loss:  0.8612506866455079 reward_loss:  -43.06253433227539
epoch:  16 batch:  80 region_loss:  10.0 10.0 loc_loss:  0.957669677734375 reward_loss:  -47.88347625732422
epoch:  16 batch:  90 region_loss:  6.0 6.0 loc_loss:  0.5796050262451172 reward_loss:  -28.98025131225586
epoch:  16 batch:  100 region_loss:  8.0 8.0 loc_loss:  0.6826080322265625 reward_loss:  -34.13039779663086
epoch:  16 batch:  110 region_loss:  4.0 4.0 loc_loss:  0.4088624572753906 reward_loss:  -20.443117141723633
epoch:  16 batch:  120 region_loss:  5.0 5.0 loc_loss:  0.4564265823364258 reward_loss:  -22.82132911682129
epoch:  16 batch:  130 region_loss:  7.0 7.0 loc_loss:  0.6743534088134766 reward_loss:  -33.71766662597656
acc@1:  0.1462841015992474
epoch: 16 region loss 0.17051094890510948 loc loss 0.7490406209012888 reward loss -37.45202943704424
epoch:  17 batch:  0 region_loss:  10.0 10.0 loc_loss:  0.851395263671875 reward_loss:  -42.56976318359375
epoch:  17 batch:  10 region_loss:  10.0 10.0 loc_loss:  0.8684342956542969 reward_loss:  -43.42171096801758
epoch:  17 batch:  20 region_loss:  10.0 10.0 loc_loss:  0.7824201965332032 reward_loss:  -39.12098693847656
epoch:  17 batch:  30 region_loss:  10.0 10.0 loc_loss:  0.8240423583984375 reward_loss:  -41.20212936401367
epoch:  17 batch:  40 region_loss:  10.0 10.0 loc_loss:  0.9210958099365234 reward_loss:  -46.05479049682617
epoch:  17 batch:  50 region_loss:  10.0 10.0 loc_loss:  0.8098016357421876 reward_loss:  -40.490074157714844
epoch:  17 batch:  60 region_loss:  10.0 10.0 loc_loss:  0.8867124938964843 reward_loss:  -44.33562088012695
epoch:  17 batch:  70 region_loss:  10.0 10.0 loc_loss:  0.820682144165039 reward_loss:  -41.03411102294922
epoch:  17 batch:  80 region_loss:  10.0 10.0 loc_loss:  0.9158110046386718 reward_loss:  -45.79054641723633
epoch:  17 batch:  90 region_loss:  6.0 6.0 loc_loss:  0.5534748840332031 reward_loss:  -27.67372703552246
epoch:  17 batch:  100 region_loss:  8.0 8.0 loc_loss:  0.6491630554199219 reward_loss:  -32.458229064941406
epoch:  17 batch:  110 region_loss:  4.0 4.0 loc_loss:  0.3894435119628906 reward_loss:  -19.47207260131836
epoch:  17 batch:  120 region_loss:  5.0 5.0 loc_loss:  0.4324839782714844 reward_loss:  -21.624202728271484
epoch:  17 batch:  130 region_loss:  7.0 7.0 loc_loss:  0.6439805603027344 reward_loss:  -32.19902801513672
acc@1:  0.14675446848541862
epoch: 17 region loss 0.17051094890510948 loc loss 0.7133116241789211 reward loss -35.66557889089097
epoch:  18 batch:  0 region_loss:  10.0 10.0 loc_loss:  0.8079446411132812 reward_loss:  -40.397247314453125
epoch:  18 batch:  10 region_loss:  10.0 10.0 loc_loss:  0.8285501098632813 reward_loss:  -41.42750549316406
epoch:  18 batch:  20 region_loss:  10.0 10.0 loc_loss:  0.7459370422363282 reward_loss:  -37.29685592651367
epoch:  18 batch:  30 region_loss:  10.0 10.0 loc_loss:  0.7811001586914063 reward_loss:  -39.05500793457031
epoch:  18 batch:  40 region_loss:  10.0 10.0 loc_loss:  0.88532958984375 reward_loss:  -44.266475677490234
epoch:  18 batch:  50 region_loss:  10.0 10.0 loc_loss:  0.7690975189208984 reward_loss:  -38.45487976074219
epoch:  18 batch:  60 region_loss:  10.0 10.0 loc_loss:  0.8444477844238282 reward_loss:  -42.222381591796875
epoch:  18 batch:  70 region_loss:  10.0 10.0 loc_loss:  0.7830989837646485 reward_loss:  -39.15495300292969
epoch:  18 batch:  80 region_loss:  10.0 10.0 loc_loss:  0.8761696624755859 reward_loss:  -43.8084831237793
epoch:  18 batch:  90 region_loss:  6.0 6.0 loc_loss:  0.5288129425048829 reward_loss:  -26.440643310546875
epoch:  18 batch:  100 region_loss:  8.0 8.0 loc_loss:  0.6183004379272461 reward_loss:  -30.915075302124023
epoch:  18 batch:  110 region_loss:  4.0 4.0 loc_loss:  0.3708710479736328 reward_loss:  -18.543533325195312
epoch:  18 batch:  120 region_loss:  5.0 5.0 loc_loss:  0.40993270874023435 reward_loss:  -20.496631622314453
epoch:  18 batch:  130 region_loss:  7.0 7.0 loc_loss:  0.6153890991210937 reward_loss:  -30.769454956054688
acc@1:  0.14816556914393228
epoch: 18 region loss 0.17051094890510948 loc loss 0.680334702094976 reward loss -34.01673588439496
epoch:  19 batch:  0 region_loss:  10.0 10.0 loc_loss:  0.7678005981445313 reward_loss:  -38.3900260925293
epoch:  19 batch:  10 region_loss:  10.0 10.0 loc_loss:  0.7916427612304687 reward_loss:  -39.58217239379883
epoch:  19 batch:  20 region_loss:  10.0 10.0 loc_loss:  0.7127289581298828 reward_loss:  -35.636444091796875
epoch:  19 batch:  30 region_loss:  10.0 10.0 loc_loss:  0.7419564819335938 reward_loss:  -37.09782409667969
epoch:  19 batch:  40 region_loss:  10.0 10.0 loc_loss:  0.8521270751953125 reward_loss:  -42.60634994506836
epoch:  19 batch:  50 region_loss:  10.0 10.0 loc_loss:  0.7320931243896485 reward_loss:  -36.60465621948242
epoch:  19 batch:  60 region_loss:  10.0 10.0 loc_loss:  0.804375 reward_loss:  -40.21875
epoch:  19 batch:  70 region_loss:  10.0 10.0 loc_loss:  0.7479568481445312 reward_loss:  -37.3978385925293
epoch:  19 batch:  80 region_loss:  10.0 10.0 loc_loss:  0.8383209228515625 reward_loss:  -41.91604232788086
epoch:  19 batch:  90 region_loss:  6.0 6.0 loc_loss:  0.5055552291870117 reward_loss:  -25.277767181396484
epoch:  19 batch:  100 region_loss:  8.0 8.0 loc_loss:  0.5896100616455078 reward_loss:  -29.48047637939453
epoch:  19 batch:  110 region_loss:  4.0 4.0 loc_loss:  0.35306533813476565 reward_loss:  -17.653274536132812
epoch:  19 batch:  120 region_loss:  5.0 5.0 loc_loss:  0.3886366271972656 reward_loss:  -19.43182945251465
epoch:  19 batch:  130 region_loss:  7.0 7.0 loc_loss:  0.5883462524414063 reward_loss:  -29.417312622070312
acc@1:  0.15004703668861713
epoch: 19 region loss 0.17051094890510948 loc loss 0.6497177976065308 reward loss -32.48589185728644
epoch:  20 batch:  0 region_loss:  10.0 10.0 loc_loss:  0.7304336547851562 reward_loss:  -36.52167510986328
epoch:  20 batch:  10 region_loss:  10.0 10.0 loc_loss:  0.7572042083740235 reward_loss:  -37.86021041870117
epoch:  20 batch:  20 region_loss:  10.0 10.0 loc_loss:  0.6821525573730469 reward_loss:  -34.10762405395508
epoch:  20 batch:  30 region_loss:  10.0 10.0 loc_loss:  0.7058498382568359 reward_loss:  -35.29249572753906
epoch:  20 batch:  40 region_loss:  10.0 10.0 loc_loss:  0.8208470916748047 reward_loss:  -41.042354583740234
epoch:  20 batch:  50 region_loss:  10.0 10.0 loc_loss:  0.698148422241211 reward_loss:  -34.90742111206055
epoch:  20 batch:  60 region_loss:  10.0 10.0 loc_loss:  0.7663943481445312 reward_loss:  -38.319725036621094
epoch:  20 batch:  70 region_loss:  10.0 10.0 loc_loss:  0.7148362731933594 reward_loss:  -35.74181365966797
epoch:  20 batch:  80 region_loss:  10.0 10.0 loc_loss:  0.8024600219726562 reward_loss:  -40.12300109863281
epoch:  20 batch:  90 region_loss:  6.0 6.0 loc_loss:  0.4833769989013672 reward_loss:  -24.16884994506836
epoch:  20 batch:  100 region_loss:  8.0 8.0 loc_loss:  0.5627334976196289 reward_loss:  -28.136547088623047
epoch:  20 batch:  110 region_loss:  4.0 4.0 loc_loss:  0.33606361389160155 reward_loss:  -16.803245544433594
epoch:  20 batch:  120 region_loss:  5.0 5.0 loc_loss:  0.36856369018554686 reward_loss:  -18.428197860717773
epoch:  20 batch:  130 region_loss:  7.0 7.0 loc_loss:  0.5626089096069335 reward_loss:  -28.130443572998047
acc@1:  0.14722483537158984
epoch: 20 region loss 0.17051094890510948 loc loss 0.6211020291460692 reward loss -31.055106831293035
epoch:  21 batch:  0 region_loss:  10.0 10.0 loc_loss:  0.6955013275146484 reward_loss:  -34.77508544921875
epoch:  21 batch:  10 region_loss:  10.0 10.0 loc_loss:  0.7247901916503906 reward_loss:  -36.23950958251953
epoch:  21 batch:  20 region_loss:  10.0 10.0 loc_loss:  0.6538890838623047 reward_loss:  -32.694454193115234
epoch:  21 batch:  30 region_loss:  10.0 10.0 loc_loss:  0.6725588989257812 reward_loss:  -33.6279411315918
epoch:  21 batch:  40 region_loss:  10.0 10.0 loc_loss:  0.7911017608642578 reward_loss:  -39.555091857910156
epoch:  21 batch:  50 region_loss:  10.0 10.0 loc_loss:  0.6668045043945312 reward_loss:  -33.34022521972656
epoch:  21 batch:  60 region_loss:  10.0 10.0 loc_loss:  0.7303495788574219 reward_loss:  -36.51748275756836
epoch:  21 batch:  70 region_loss:  10.0 10.0 loc_loss:  0.6836014556884765 reward_loss:  -34.1800651550293
epoch:  21 batch:  80 region_loss:  10.0 10.0 loc_loss:  0.7680913543701172 reward_loss:  -38.40456771850586
epoch:  21 batch:  90 region_loss:  6.0 6.0 loc_loss:  0.46224369049072267 reward_loss:  -23.112186431884766
epoch:  21 batch:  100 region_loss:  8.0 8.0 loc_loss:  0.5374327850341797 reward_loss:  -26.87160873413086
epoch:  21 batch:  110 region_loss:  4.0 4.0 loc_loss:  0.319774284362793 reward_loss:  -15.988754272460938
epoch:  21 batch:  120 region_loss:  5.0 5.0 loc_loss:  0.3495148086547852 reward_loss:  -17.47573471069336
epoch:  21 batch:  130 region_loss:  7.0 7.0 loc_loss:  0.5380510330200196 reward_loss:  -26.902549743652344
acc@1:  0.14722483537158984
epoch: 21 region loss 0.17051094890510948 loc loss 0.5941860775355875 reward loss -29.70930182324709
epoch:  22 batch:  0 region_loss:  10.0 10.0 loc_loss:  0.6625657653808594 reward_loss:  -33.12830352783203
epoch:  22 batch:  10 region_loss:  10.0 10.0 loc_loss:  0.6941426849365234 reward_loss:  -34.70713424682617
epoch:  22 batch:  20 region_loss:  10.0 10.0 loc_loss:  0.6275531768798828 reward_loss:  -31.377660751342773
epoch:  22 batch:  30 region_loss:  10.0 10.0 loc_loss:  0.6414497375488282 reward_loss:  -32.07249069213867
epoch:  22 batch:  40 region_loss:  10.0 10.0 loc_loss:  0.7625624084472656 reward_loss:  -38.12812042236328
epoch:  22 batch:  50 region_loss:  10.0 10.0 loc_loss:  0.6377680206298828 reward_loss:  -31.88840103149414
epoch:  22 batch:  60 region_loss:  10.0 10.0 loc_loss:  0.6960790252685547 reward_loss:  -34.803951263427734
epoch:  22 batch:  70 region_loss:  10.0 10.0 loc_loss:  0.654091796875 reward_loss:  -32.704593658447266
epoch:  22 batch:  80 region_loss:  10.0 10.0 loc_loss:  0.7352346038818359 reward_loss:  -36.76173400878906
epoch:  22 batch:  90 region_loss:  6.0 6.0 loc_loss:  0.44195831298828125 reward_loss:  -22.097915649414062
epoch:  22 batch:  100 region_loss:  8.0 8.0 loc_loss:  0.5134363174438477 reward_loss:  -25.671794891357422
epoch:  22 batch:  110 region_loss:  4.0 4.0 loc_loss:  0.3041806602478027 reward_loss:  -15.2090425491333
epoch:  22 batch:  120 region_loss:  5.0 5.0 loc_loss:  0.33149967193603513 reward_loss:  -16.574987411499023
epoch:  22 batch:  130 region_loss:  7.0 7.0 loc_loss:  0.5145076751708985 reward_loss:  -25.72538185119629
acc@1:  0.14722483537158984
epoch: 22 region loss 0.17051094890510948 loc loss 0.5687282035994703 reward loss -28.436407618279006
epoch:  23 batch:  0 region_loss:  10.0 10.0 loc_loss:  0.6314469909667969 reward_loss:  -31.57235336303711
epoch:  23 batch:  10 region_loss:  10.0 10.0 loc_loss:  0.6650001525878906 reward_loss:  -33.25000762939453
epoch:  23 batch:  20 region_loss:  10.0 10.0 loc_loss:  0.6027798461914062 reward_loss:  -30.13899803161621
epoch:  23 batch:  30 region_loss:  10.0 10.0 loc_loss:  0.6121989440917969 reward_loss:  -30.609947204589844
epoch:  23 batch:  40 region_loss:  10.0 10.0 loc_loss:  0.7350367736816407 reward_loss:  -36.75183868408203
epoch:  23 batch:  50 region_loss:  10.0 10.0 loc_loss:  0.6105381774902344 reward_loss:  -30.526899337768555
epoch:  23 batch:  60 region_loss:  10.0 10.0 loc_loss:  0.6636309814453125 reward_loss:  -33.181541442871094
epoch:  23 batch:  70 region_loss:  10.0 10.0 loc_loss:  0.6259187698364258 reward_loss:  -31.29593849182129
epoch:  23 batch:  80 region_loss:  10.0 10.0 loc_loss:  0.7035895538330078 reward_loss:  -35.179473876953125
epoch:  23 batch:  90 region_loss:  6.0 6.0 loc_loss:  0.4224604415893555 reward_loss:  -21.12302017211914
epoch:  23 batch:  100 region_loss:  8.0 8.0 loc_loss:  0.4905190277099609 reward_loss:  -24.525962829589844
epoch:  23 batch:  110 region_loss:  4.0 4.0 loc_loss:  0.2891996383666992 reward_loss:  -14.46036148071289
epoch:  23 batch:  120 region_loss:  5.0 5.0 loc_loss:  0.3143741226196289 reward_loss:  -15.718696594238281
epoch:  23 batch:  130 region_loss:  7.0 7.0 loc_loss:  0.49187206268310546 reward_loss:  -24.593605041503906
acc@1:  0.14393226716839136
epoch: 23 region loss 0.17051094890510948 loc loss 0.544506467276246 reward loss -27.225326405824536
epoch:  24 batch:  0 region_loss:  10.0 10.0 loc_loss:  0.6018465805053711 reward_loss:  -30.092321395874023
epoch:  24 batch:  10 region_loss:  10.0 10.0 loc_loss:  0.6372196197509765 reward_loss:  -31.86098289489746
epoch:  24 batch:  20 region_loss:  10.0 10.0 loc_loss:  0.5794463729858399 reward_loss:  -28.97231674194336
epoch:  24 batch:  30 region_loss:  10.0 10.0 loc_loss:  0.5846018981933594 reward_loss:  -29.23009490966797
epoch:  24 batch:  40 region_loss:  10.0 10.0 loc_loss:  0.708309326171875 reward_loss:  -35.41546630859375
epoch:  24 batch:  50 region_loss:  10.0 10.0 loc_loss:  0.5848456954956055 reward_loss:  -29.242284774780273
epoch:  24 batch:  60 region_loss:  10.0 10.0 loc_loss:  0.6326753234863282 reward_loss:  -31.63376808166504
epoch:  24 batch:  70 region_loss:  10.0 10.0 loc_loss:  0.5992024993896484 reward_loss:  -29.96013069152832
epoch:  24 batch:  80 region_loss:  10.0 10.0 loc_loss:  0.6729844665527344 reward_loss:  -33.64922332763672
epoch:  24 batch:  90 region_loss:  6.0 6.0 loc_loss:  0.40361968994140623 reward_loss:  -20.180984497070312
epoch:  24 batch:  100 region_loss:  8.0 8.0 loc_loss:  0.46865386962890626 reward_loss:  -23.432716369628906
epoch:  24 batch:  110 region_loss:  4.0 4.0 loc_loss:  0.2748414993286133 reward_loss:  -13.742164611816406
epoch:  24 batch:  120 region_loss:  5.0 5.0 loc_loss:  0.2980996704101562 reward_loss:  -14.904983520507812
epoch:  24 batch:  130 region_loss:  7.0 7.0 loc_loss:  0.47012691497802733 reward_loss:  -23.506345748901367
acc@1:  0.14299153339604892
epoch: 24 region loss 0.17051094890510948 loc loss 0.5213850931877637 reward loss -26.069256768609485
epoch:  25 batch:  0 region_loss:  10.0 10.0 loc_loss:  0.5735748672485351 reward_loss:  -28.67874526977539
epoch:  25 batch:  10 region_loss:  10.0 10.0 loc_loss:  0.6108245086669922 reward_loss:  -30.54122543334961
epoch:  25 batch:  20 region_loss:  10.0 10.0 loc_loss:  0.5571596527099609 reward_loss:  -27.857982635498047
epoch:  25 batch:  30 region_loss:  10.0 10.0 loc_loss:  0.5583801651000977 reward_loss:  -27.919008255004883
epoch:  25 batch:  40 region_loss:  10.0 10.0 loc_loss:  0.6822994995117188 reward_loss:  -34.11497497558594
epoch:  25 batch:  50 region_loss:  10.0 10.0 loc_loss:  0.5604954528808593 reward_loss:  -28.02477264404297
epoch:  25 batch:  60 region_loss:  10.0 10.0 loc_loss:  0.6031597518920898 reward_loss:  -30.15798568725586
epoch:  25 batch:  70 region_loss:  10.0 10.0 loc_loss:  0.5738058853149414 reward_loss:  -28.690292358398438
epoch:  25 batch:  80 region_loss:  10.0 10.0 loc_loss:  0.6433848571777344 reward_loss:  -32.16924285888672
epoch:  25 batch:  90 region_loss:  6.0 6.0 loc_loss:  0.38542415618896486 reward_loss:  -19.27120590209961
epoch:  25 batch:  100 region_loss:  8.0 8.0 loc_loss:  0.4476120376586914 reward_loss:  -22.380619049072266
epoch:  25 batch:  110 region_loss:  4.0 4.0 loc_loss:  0.2610088539123535 reward_loss:  -13.050369262695312
epoch:  25 batch:  120 region_loss:  5.0 5.0 loc_loss:  0.2825590705871582 reward_loss:  -14.127957344055176
epoch:  25 batch:  130 region_loss:  7.0 7.0 loc_loss:  0.4490959167480469 reward_loss:  -22.454792022705078
acc@1:  0.13781749764816556
epoch: 25 region loss 0.17051094890510948 loc loss 0.49921683095667485 reward loss -24.960843542196454
epoch:  26 batch:  0 region_loss:  10.0 10.0 loc_loss:  0.5465225219726563 reward_loss:  -27.326126098632812
epoch:  26 batch:  10 region_loss:  10.0 10.0 loc_loss:  0.5854392623901368 reward_loss:  -29.27195930480957
epoch:  26 batch:  20 region_loss:  10.0 10.0 loc_loss:  0.5359002304077148 reward_loss:  -26.795011520385742
epoch:  26 batch:  30 region_loss:  10.0 10.0 loc_loss:  0.5333683776855469 reward_loss:  -26.668418884277344
epoch:  26 batch:  40 region_loss:  10.0 10.0 loc_loss:  0.6570347595214844 reward_loss:  -32.85173797607422
epoch:  26 batch:  50 region_loss:  10.0 10.0 loc_loss:  0.5372467803955078 reward_loss:  -26.862337112426758
epoch:  26 batch:  60 region_loss:  10.0 10.0 loc_loss:  0.5750019454956055 reward_loss:  -28.750097274780273
epoch:  26 batch:  70 region_loss:  10.0 10.0 loc_loss:  0.5495634078979492 reward_loss:  -27.47817611694336
epoch:  26 batch:  80 region_loss:  10.0 10.0 loc_loss:  0.6146061325073242 reward_loss:  -30.730308532714844
epoch:  26 batch:  90 region_loss:  6.0 6.0 loc_loss:  0.3677596282958984 reward_loss:  -18.387968063354492
epoch:  26 batch:  100 region_loss:  8.0 8.0 loc_loss:  0.42744792938232423 reward_loss:  -21.37248420715332
epoch:  26 batch:  110 region_loss:  4.0 4.0 loc_loss:  0.24770084381103516 reward_loss:  -12.38501262664795
epoch:  26 batch:  120 region_loss:  5.0 5.0 loc_loss:  0.26774246215820313 reward_loss:  -13.387125015258789
epoch:  26 batch:  130 region_loss:  7.0 7.0 loc_loss:  0.42887565612792966 reward_loss:  -21.443782806396484
acc@1:  0.13452492944496708
epoch: 26 region loss 0.17051094890510948 loc loss 0.4779040621318956 reward loss -23.895199406756102
epoch:  27 batch:  0 region_loss:  10.0 10.0 loc_loss:  0.5206746673583984 reward_loss:  -26.033733367919922
epoch:  27 batch:  10 region_loss:  10.0 10.0 loc_loss:  0.5610087203979492 reward_loss:  -28.05043601989746
epoch:  27 batch:  20 region_loss:  10.0 10.0 loc_loss:  0.5154754638671875 reward_loss:  -25.773771286010742
epoch:  27 batch:  30 region_loss:  10.0 10.0 loc_loss:  0.5094367599487305 reward_loss:  -25.47183609008789
epoch:  27 batch:  40 region_loss:  10.0 10.0 loc_loss:  0.6323296737670898 reward_loss:  -31.616483688354492
epoch:  27 batch:  50 region_loss:  10.0 10.0 loc_loss:  0.5149612808227539 reward_loss:  -25.74806022644043
epoch:  27 batch:  60 region_loss:  10.0 10.0 loc_loss:  0.5479914855957031 reward_loss:  -27.39957618713379
epoch:  27 batch:  70 region_loss:  10.0 10.0 loc_loss:  0.5264707946777344 reward_loss:  -26.323537826538086
epoch:  27 batch:  80 region_loss:  10.0 10.0 loc_loss:  0.5866448974609375 reward_loss:  -29.33224105834961
epoch:  27 batch:  90 region_loss:  6.0 6.0 loc_loss:  0.35074764251708984 reward_loss:  -17.53738021850586
epoch:  27 batch:  100 region_loss:  8.0 8.0 loc_loss:  0.40793800354003906 reward_loss:  -20.39692497253418
epoch:  27 batch:  110 region_loss:  4.0 4.0 loc_loss:  0.23481800079345702 reward_loss:  -11.740930557250977
epoch:  27 batch:  120 region_loss:  5.0 5.0 loc_loss:  0.2534865951538086 reward_loss:  -12.674330711364746
epoch:  27 batch:  130 region_loss:  7.0 7.0 loc_loss:  0.4092292404174805 reward_loss:  -20.46146011352539
acc@1:  0.12982126058325494
epoch: 27 region loss 0.17051094890510948 loc loss 0.4573499918332065 reward loss -22.867499939716645
epoch:  28 batch:  0 region_loss:  10.0 10.0 loc_loss:  0.4958364105224609 reward_loss:  -24.791820526123047
epoch:  28 batch:  10 region_loss:  10.0 10.0 loc_loss:  0.5374490737915039 reward_loss:  -26.872451782226562
epoch:  28 batch:  20 region_loss:  10.0 10.0 loc_loss:  0.4957693862915039 reward_loss:  -24.788471221923828
epoch:  28 batch:  30 region_loss:  10.0 10.0 loc_loss:  0.4864424514770508 reward_loss:  -24.322114944458008
epoch:  28 batch:  40 region_loss:  10.0 10.0 loc_loss:  0.6080258178710938 reward_loss:  -30.401290893554688
epoch:  28 batch:  50 region_loss:  10.0 10.0 loc_loss:  0.493475456237793 reward_loss:  -24.673768997192383
epoch:  28 batch:  60 region_loss:  10.0 10.0 loc_loss:  0.521905403137207 reward_loss:  -26.09526824951172
epoch:  28 batch:  70 region_loss:  10.0 10.0 loc_loss:  0.50427001953125 reward_loss:  -25.213499069213867
epoch:  28 batch:  80 region_loss:  10.0 10.0 loc_loss:  0.5594356536865235 reward_loss:  -27.971776962280273
epoch:  28 batch:  90 region_loss:  6.0 6.0 loc_loss:  0.33406734466552734 reward_loss:  -16.703365325927734
epoch:  28 batch:  100 region_loss:  8.0 8.0 loc_loss:  0.38906471252441405 reward_loss:  -19.453269958496094
epoch:  28 batch:  110 region_loss:  4.0 4.0 loc_loss:  0.22241403579711913 reward_loss:  -11.120710372924805
epoch:  28 batch:  120 region_loss:  5.0 5.0 loc_loss:  0.23983301162719728 reward_loss:  -11.99165153503418
epoch:  28 batch:  130 region_loss:  7.0 7.0 loc_loss:  0.39020088195800784 reward_loss:  -19.51004409790039
acc@1:  0.1288805268109125
epoch: 28 region loss 0.17051094890510948 loc loss 0.437480874200807 reward loss -21.874041496402157
epoch:  29 batch:  0 region_loss:  10.0 10.0 loc_loss:  0.4719210052490234 reward_loss:  -23.596046447753906
epoch:  29 batch:  10 region_loss:  10.0 10.0 loc_loss:  0.5145970916748047 reward_loss:  -25.729856491088867
epoch:  29 batch:  20 region_loss:  10.0 10.0 loc_loss:  0.4766497421264648 reward_loss:  -23.832489013671875
epoch:  29 batch:  30 region_loss:  10.0 10.0 loc_loss:  0.4642591857910156 reward_loss:  -23.21295928955078
epoch:  29 batch:  40 region_loss:  10.0 10.0 loc_loss:  0.5843710708618164 reward_loss:  -29.218551635742188
epoch:  29 batch:  50 region_loss:  10.0 10.0 loc_loss:  0.4726415634155273 reward_loss:  -23.632078170776367
epoch:  29 batch:  60 region_loss:  10.0 10.0 loc_loss:  0.49680137634277344 reward_loss:  -24.840070724487305
epoch:  29 batch:  70 region_loss:  10.0 10.0 loc_loss:  0.4829098892211914 reward_loss:  -24.145498275756836
epoch:  29 batch:  80 region_loss:  10.0 10.0 loc_loss:  0.532901382446289 reward_loss:  -26.645069122314453
epoch:  29 batch:  90 region_loss:  6.0 6.0 loc_loss:  0.3179653167724609 reward_loss:  -15.898263931274414
epoch:  29 batch:  100 region_loss:  8.0 8.0 loc_loss:  0.3708583068847656 reward_loss:  -18.542949676513672
epoch:  29 batch:  110 region_loss:  4.0 4.0 loc_loss:  0.21043365478515624 reward_loss:  -10.521692276000977
epoch:  29 batch:  120 region_loss:  5.0 5.0 loc_loss:  0.2266469955444336 reward_loss:  -11.33234977722168
epoch:  29 batch:  130 region_loss:  7.0 7.0 loc_loss:  0.37173244476318357 reward_loss:  -18.586618423461914
acc@1:  0.12746942615239887
epoch: 29 region loss 0.17051094890510948 loc loss 0.4182396459231411 reward loss -20.911983023594765
epoch:  30 batch:  0 region_loss:  10.0 10.0 loc_loss:  0.4488988494873047 reward_loss:  -22.4449405670166
epoch:  30 batch:  10 region_loss:  10.0 10.0 loc_loss:  0.4925065612792969 reward_loss:  -24.625328063964844
epoch:  30 batch:  20 region_loss:  10.0 10.0 loc_loss:  0.4581826400756836 reward_loss:  -22.90913200378418
epoch:  30 batch:  30 region_loss:  10.0 10.0 loc_loss:  0.4428271865844727 reward_loss:  -22.141359329223633
epoch:  30 batch:  40 region_loss:  10.0 10.0 loc_loss:  0.5610662078857422 reward_loss:  -28.053312301635742
epoch:  30 batch:  50 region_loss:  10.0 10.0 loc_loss:  0.45243656158447265 reward_loss:  -22.621826171875
epoch:  30 batch:  60 region_loss:  10.0 10.0 loc_loss:  0.4725409698486328 reward_loss:  -23.627050399780273
epoch:  30 batch:  70 region_loss:  10.0 10.0 loc_loss:  0.46228431701660155 reward_loss:  -23.114219665527344
epoch:  30 batch:  80 region_loss:  10.0 10.0 loc_loss:  0.5070825958251953 reward_loss:  -25.354129791259766
epoch:  30 batch:  90 region_loss:  6.0 6.0 loc_loss:  0.3023292350769043 reward_loss:  -15.116460800170898
epoch:  30 batch:  100 region_loss:  8.0 8.0 loc_loss:  0.35325763702392576 reward_loss:  -17.662883758544922
epoch:  30 batch:  110 region_loss:  4.0 4.0 loc_loss:  0.19887258529663085 reward_loss:  -9.943681716918945
epoch:  30 batch:  120 region_loss:  5.0 5.0 loc_loss:  0.21405738830566406 reward_loss:  -10.702868461608887
epoch:  30 batch:  130 region_loss:  7.0 7.0 loc_loss:  0.3537900161743164 reward_loss:  -17.68950080871582
acc@1:  0.12605832549388524
epoch: 30 region loss 0.17051094890510948 loc loss 0.3995921529992653 reward loss -19.97960848007759
epoch:  31 batch:  0 region_loss:  10.0 10.0 loc_loss:  0.4267184066772461 reward_loss:  -21.335920333862305
epoch:  31 batch:  10 region_loss:  10.0 10.0 loc_loss:  0.47096900939941405 reward_loss:  -23.548442840576172
epoch:  31 batch:  20 region_loss:  10.0 10.0 loc_loss:  0.44026363372802735 reward_loss:  -22.013181686401367
epoch:  31 batch:  30 region_loss:  10.0 10.0 loc_loss:  0.42208515167236327 reward_loss:  -21.104257583618164
epoch:  31 batch:  40 region_loss:  10.0 10.0 loc_loss:  0.5383883666992187 reward_loss:  -26.91942024230957
epoch:  31 batch:  50 region_loss:  10.0 10.0 loc_loss:  0.4328701782226563 reward_loss:  -21.643508911132812
epoch:  31 batch:  60 region_loss:  10.0 10.0 loc_loss:  0.4492558288574219 reward_loss:  -22.46278953552246
epoch:  31 batch:  70 region_loss:  10.0 10.0 loc_loss:  0.44235809326171877 reward_loss:  -22.117902755737305
epoch:  31 batch:  80 region_loss:  10.0 10.0 loc_loss:  0.48165599822998045 reward_loss:  -24.082799911499023
epoch:  31 batch:  90 region_loss:  6.0 6.0 loc_loss:  0.28708686828613283 reward_loss:  -14.354342460632324
epoch:  31 batch:  100 region_loss:  8.0 8.0 loc_loss:  0.33608020782470704 reward_loss:  -16.803987503051758
epoch:  31 batch:  110 region_loss:  4.0 4.0 loc_loss:  0.187730770111084 reward_loss:  -9.38654613494873
epoch:  31 batch:  120 region_loss:  5.0 5.0 loc_loss:  0.20186410903930663 reward_loss:  -10.093205451965332
epoch:  31 batch:  130 region_loss:  7.0 7.0 loc_loss:  0.33643638610839843 reward_loss:  -16.82181739807129
acc@1:  0.12276575729068674
epoch: 31 region loss 0.17051094890510948 loc loss 0.38153599575488234 reward loss -19.07679868962643
epoch:  32 batch:  0 region_loss:  10.0 10.0 loc_loss:  0.40531837463378906 reward_loss:  -20.265920639038086
epoch:  32 batch:  10 region_loss:  10.0 10.0 loc_loss:  0.45004520416259763 reward_loss:  -22.502262115478516
epoch:  32 batch:  20 region_loss:  10.0 10.0 loc_loss:  0.4227893829345703 reward_loss:  -21.139467239379883
epoch:  32 batch:  30 region_loss:  10.0 10.0 loc_loss:  0.4019828033447266 reward_loss:  -20.099140167236328
epoch:  32 batch:  40 region_loss:  10.0 10.0 loc_loss:  0.5160274887084961 reward_loss:  -25.801372528076172
epoch:  32 batch:  50 region_loss:  10.0 10.0 loc_loss:  0.4137485122680664 reward_loss:  -20.68742561340332
epoch:  32 batch:  60 region_loss:  10.0 10.0 loc_loss:  0.4266353607177734 reward_loss:  -21.331768035888672
epoch:  32 batch:  70 region_loss:  10.0 10.0 loc_loss:  0.4229603958129883 reward_loss:  -21.148019790649414
epoch:  32 batch:  80 region_loss:  10.0 10.0 loc_loss:  0.45736228942871093 reward_loss:  -22.868118286132812
epoch:  32 batch:  90 region_loss:  6.0 6.0 loc_loss:  0.2722793197631836 reward_loss:  -13.613964080810547
epoch:  32 batch:  100 region_loss:  8.0 8.0 loc_loss:  0.3195235824584961 reward_loss:  -15.976174354553223
epoch:  32 batch:  110 region_loss:  4.0 4.0 loc_loss:  0.17702320098876953 reward_loss:  -8.850646018981934
epoch:  32 batch:  120 region_loss:  5.0 5.0 loc_loss:  0.1902040100097656 reward_loss:  -9.510200500488281
epoch:  32 batch:  130 region_loss:  7.0 7.0 loc_loss:  0.3194900131225586 reward_loss:  -15.97450065612793
acc@1:  0.1218250235183443
epoch: 32 region loss 0.17051094890510948 loc loss 0.3640058015906898 reward loss -18.200285111030524
epoch:  33 batch:  0 region_loss:  10.0 10.0 loc_loss:  0.38468833923339846 reward_loss:  -19.234416961669922
epoch:  33 batch:  10 region_loss:  10.0 10.0 loc_loss:  0.4295823669433594 reward_loss:  -21.47911834716797
epoch:  33 batch:  20 region_loss:  10.0 10.0 loc_loss:  0.4057541656494141 reward_loss:  -20.287704467773438
epoch:  33 batch:  30 region_loss:  10.0 10.0 loc_loss:  0.3824893951416016 reward_loss:  -19.12447166442871
epoch:  33 batch:  40 region_loss:  10.0 10.0 loc_loss:  0.49416919708251955 reward_loss:  -24.70846176147461
epoch:  33 batch:  50 region_loss:  10.0 10.0 loc_loss:  0.39517276763916015 reward_loss:  -19.758638381958008
epoch:  33 batch:  60 region_loss:  10.0 10.0 loc_loss:  0.40482025146484374 reward_loss:  -20.241012573242188
epoch:  33 batch:  70 region_loss:  10.0 10.0 loc_loss:  0.4042210006713867 reward_loss:  -20.2110538482666
epoch:  33 batch:  80 region_loss:  10.0 10.0 loc_loss:  0.4331388092041016 reward_loss:  -21.656940460205078
epoch:  33 batch:  90 region_loss:  6.0 6.0 loc_loss:  0.2579447174072266 reward_loss:  -12.897238731384277
epoch:  33 batch:  100 region_loss:  8.0 8.0 loc_loss:  0.30338769912719726 reward_loss:  -15.169410705566406
epoch:  33 batch:  110 region_loss:  4.0 4.0 loc_loss:  0.16664636611938477 reward_loss:  -8.332331657409668
epoch:  33 batch:  120 region_loss:  5.0 5.0 loc_loss:  0.17896324157714844 reward_loss:  -8.948162078857422
epoch:  33 batch:  130 region_loss:  7.0 7.0 loc_loss:  0.3031281280517578 reward_loss:  -15.15640640258789
acc@1:  0.11947318908748825
epoch: 33 region loss 0.17051094890510948 loc loss 0.34694194654478644 reward loss -17.34709720541961
epoch:  34 batch:  0 region_loss:  10.0 10.0 loc_loss:  0.3647777557373047 reward_loss:  -18.238887786865234
epoch:  34 batch:  10 region_loss:  10.0 10.0 loc_loss:  0.4096767807006836 reward_loss:  -20.48383903503418
epoch:  34 batch:  20 region_loss:  10.0 10.0 loc_loss:  0.389299201965332 reward_loss:  -19.4649600982666
epoch:  34 batch:  30 region_loss:  10.0 10.0 loc_loss:  0.3635067367553711 reward_loss:  -18.175334930419922
epoch:  34 batch:  40 region_loss:  10.0 10.0 loc_loss:  0.47265670776367186 reward_loss:  -23.632835388183594
epoch:  34 batch:  50 region_loss:  10.0 10.0 loc_loss:  0.3769689559936523 reward_loss:  -18.84844398498535
epoch:  34 batch:  60 region_loss:  10.0 10.0 loc_loss:  0.38369762420654296 reward_loss:  -19.184885025024414
epoch:  34 batch:  70 region_loss:  10.0 10.0 loc_loss:  0.3858623504638672 reward_loss:  -19.29311752319336
epoch:  34 batch:  80 region_loss:  10.0 10.0 loc_loss:  0.4100760269165039 reward_loss:  -20.503801345825195
epoch:  34 batch:  90 region_loss:  6.0 6.0 loc_loss:  0.24391902923583986 reward_loss:  -12.195951461791992
epoch:  34 batch:  100 region_loss:  8.0 8.0 loc_loss:  0.2877634429931641 reward_loss:  -14.388162612915039
epoch:  34 batch:  110 region_loss:  4.0 4.0 loc_loss:  0.15665392875671386 reward_loss:  -7.83305025100708
epoch:  34 batch:  120 region_loss:  5.0 5.0 loc_loss:  0.16826147079467774 reward_loss:  -8.413073539733887
epoch:  34 batch:  130 region_loss:  7.0 7.0 loc_loss:  0.2872301483154297 reward_loss:  -14.361506462097168
acc@1:  0.1180620884289746
epoch: 34 region loss 0.17051094890510948 loc loss 0.3302916669845581 reward loss -16.514585796063834
epoch:  35 batch:  0 region_loss:  10.0 10.0 loc_loss:  0.3455573272705078 reward_loss:  -17.277864456176758
epoch:  35 batch:  10 region_loss:  10.0 10.0 loc_loss:  0.3902887344360352 reward_loss:  -19.514432907104492
epoch:  35 batch:  20 region_loss:  10.0 10.0 loc_loss:  0.37324283599853514 reward_loss:  -18.662141799926758
epoch:  35 batch:  30 region_loss:  10.0 10.0 loc_loss:  0.34511051177978513 reward_loss:  -17.255521774291992
epoch:  35 batch:  40 region_loss:  10.0 10.0 loc_loss:  0.4517243957519531 reward_loss:  -22.586219787597656
epoch:  35 batch:  50 region_loss:  10.0 10.0 loc_loss:  0.359386100769043 reward_loss:  -17.96930694580078
epoch:  35 batch:  60 region_loss:  10.0 10.0 loc_loss:  0.3635012435913086 reward_loss:  -18.17505645751953
epoch:  35 batch:  70 region_loss:  10.0 10.0 loc_loss:  0.36814762115478517 reward_loss:  -18.40738296508789
epoch:  35 batch:  80 region_loss:  10.0 10.0 loc_loss:  0.3873087692260742 reward_loss:  -19.365436553955078
epoch:  35 batch:  90 region_loss:  6.0 6.0 loc_loss:  0.2303959083557129 reward_loss:  -11.519795417785645
epoch:  35 batch:  100 region_loss:  8.0 8.0 loc_loss:  0.2728000259399414 reward_loss:  -13.639976501464844
epoch:  35 batch:  110 region_loss:  4.0 4.0 loc_loss:  0.14711702346801758 reward_loss:  -7.355813026428223
epoch:  35 batch:  120 region_loss:  5.0 5.0 loc_loss:  0.15794711112976073 reward_loss:  -7.897353172302246
epoch:  35 batch:  130 region_loss:  7.0 7.0 loc_loss:  0.271849365234375 reward_loss:  -13.59246826171875
acc@1:  0.1147695202257761
epoch: 35 region loss 0.17051094890510948 loc loss 0.3142165877349185 reward loss -15.710831040013446
epoch:  36 batch:  0 region_loss:  10.0 10.0 loc_loss:  0.32701160430908205 reward_loss:  -16.3505802154541
epoch:  36 batch:  10 region_loss:  10.0 10.0 loc_loss:  0.37141765594482423 reward_loss:  -18.570884704589844
epoch:  36 batch:  20 region_loss:  10.0 10.0 loc_loss:  0.3575865173339844 reward_loss:  -17.87932586669922
epoch:  36 batch:  30 region_loss:  10.0 10.0 loc_loss:  0.3272797393798828 reward_loss:  -16.363988876342773
epoch:  36 batch:  40 region_loss:  10.0 10.0 loc_loss:  0.4308795928955078 reward_loss:  -21.543981552124023
epoch:  36 batch:  50 region_loss:  10.0 10.0 loc_loss:  0.34210853576660155 reward_loss:  -17.105426788330078
epoch:  36 batch:  60 region_loss:  10.0 10.0 loc_loss:  0.3437364196777344 reward_loss:  -17.18682098388672
epoch:  36 batch:  70 region_loss:  10.0 10.0 loc_loss:  0.3507841491699219 reward_loss:  -17.53920555114746
epoch:  36 batch:  80 region_loss:  10.0 10.0 loc_loss:  0.36551437377929685 reward_loss:  -18.275718688964844
epoch:  36 batch:  90 region_loss:  6.0 6.0 loc_loss:  0.2173839569091797 reward_loss:  -10.869193077087402
epoch:  36 batch:  100 region_loss:  8.0 8.0 loc_loss:  0.2581037902832031 reward_loss:  -12.905231475830078
epoch:  36 batch:  110 region_loss:  4.0 4.0 loc_loss:  0.13797906875610352 reward_loss:  -6.898925304412842
epoch:  36 batch:  120 region_loss:  5.0 5.0 loc_loss:  0.14816370010375976 reward_loss:  -7.4081854820251465
epoch:  36 batch:  130 region_loss:  7.0 7.0 loc_loss:  0.25692373275756836 reward_loss:  -12.84618854522705
acc@1:  0.11429915333960489
epoch: 36 region loss 0.17051094890510948 loc loss 0.298629902749166 reward loss -14.9314935485812
epoch:  37 batch:  0 region_loss:  10.0 10.0 loc_loss:  0.30924713134765625 reward_loss:  -15.462356567382812
epoch:  37 batch:  10 region_loss:  10.0 10.0 loc_loss:  0.3531296157836914 reward_loss:  -17.65648078918457
epoch:  37 batch:  20 region_loss:  10.0 10.0 loc_loss:  0.3424405670166016 reward_loss:  -17.122028350830078
epoch:  37 batch:  30 region_loss:  10.0 10.0 loc_loss:  0.30990961074829104 reward_loss:  -15.495478630065918
epoch:  37 batch:  40 region_loss:  10.0 10.0 loc_loss:  0.4108350372314453 reward_loss:  -20.541751861572266
epoch:  37 batch:  50 region_loss:  10.0 10.0 loc_loss:  0.32550132751464844 reward_loss:  -16.275062561035156
epoch:  37 batch:  60 region_loss:  10.0 10.0 loc_loss:  0.32505207061767577 reward_loss:  -16.252605438232422
epoch:  37 batch:  70 region_loss:  10.0 10.0 loc_loss:  0.3340514373779297 reward_loss:  -16.70256996154785
epoch:  37 batch:  80 region_loss:  10.0 10.0 loc_loss:  0.3442047500610352 reward_loss:  -17.210237503051758
epoch:  37 batch:  90 region_loss:  6.0 6.0 loc_loss:  0.2045785140991211 reward_loss:  -10.228927612304688
epoch:  37 batch:  100 region_loss:  8.0 8.0 loc_loss:  0.24422683715820312 reward_loss:  -12.211324691772461
epoch:  37 batch:  110 region_loss:  4.0 4.0 loc_loss:  0.1293034553527832 reward_loss:  -6.465161323547363
epoch:  37 batch:  120 region_loss:  5.0 5.0 loc_loss:  0.13872677803039551 reward_loss:  -6.936339378356934
epoch:  37 batch:  130 region_loss:  7.0 7.0 loc_loss:  0.2425609016418457 reward_loss:  -12.128044128417969
acc@1:  0.11100658513640639
epoch: 37 region loss 0.17051094890510948 loc loss 0.28359781510638493 reward loss -14.17987689484645
epoch:  38 batch:  0 region_loss:  10.0 10.0 loc_loss:  0.29199052810668946 reward_loss:  -14.599610328674316
epoch:  38 batch:  10 region_loss:  10.0 10.0 loc_loss:  0.3352766418457031 reward_loss:  -16.763830184936523
epoch:  38 batch:  20 region_loss:  10.0 10.0 loc_loss:  0.32778236389160154 reward_loss:  -16.389116287231445
epoch:  38 batch:  30 region_loss:  10.0 10.0 loc_loss:  0.2932779312133789 reward_loss:  -14.663894653320312
epoch:  38 batch:  40 region_loss:  10.0 10.0 loc_loss:  0.3907905960083008 reward_loss:  -19.53952980041504
epoch:  38 batch:  50 region_loss:  10.0 10.0 loc_loss:  0.3092348670959473 reward_loss:  -15.461742401123047
epoch:  38 batch:  60 region_loss:  10.0 10.0 loc_loss:  0.30644983291625977 reward_loss:  -15.322493553161621
epoch:  38 batch:  70 region_loss:  10.0 10.0 loc_loss:  0.31756732940673826 reward_loss:  -15.878368377685547
epoch:  38 batch:  80 region_loss:  10.0 10.0 loc_loss:  0.3238357925415039 reward_loss:  -16.191789627075195
epoch:  38 batch:  90 region_loss:  6.0 6.0 loc_loss:  0.19254194259643553 reward_loss:  -9.62709903717041
epoch:  38 batch:  100 region_loss:  8.0 8.0 loc_loss:  0.230576114654541 reward_loss:  -11.528763771057129
epoch:  38 batch:  110 region_loss:  4.0 4.0 loc_loss:  0.12091346740722657 reward_loss:  -6.045663356781006
epoch:  38 batch:  120 region_loss:  5.0 5.0 loc_loss:  0.1299559497833252 reward_loss:  -6.497797966003418
epoch:  38 batch:  130 region_loss:  7.0 7.0 loc_loss:  0.22853252410888672 reward_loss:  -11.42662525177002
acc@1:  0.11429915333960489
epoch: 38 region loss 0.17051094890510948 loc loss 0.2690993352702064 reward loss -13.454969529687924
epoch:  39 batch:  0 region_loss:  10.0 10.0 loc_loss:  0.27571685791015627 reward_loss:  -13.785841941833496
epoch:  39 batch:  10 region_loss:  10.0 10.0 loc_loss:  0.31800159454345706 reward_loss:  -15.900081634521484
epoch:  39 batch:  20 region_loss:  10.0 10.0 loc_loss:  0.3135210609436035 reward_loss:  -15.676054000854492
epoch:  39 batch:  30 region_loss:  10.0 10.0 loc_loss:  0.2769539070129394 reward_loss:  -13.847694396972656
epoch:  39 batch:  40 region_loss:  10.0 10.0 loc_loss:  0.3718426513671875 reward_loss:  -18.592132568359375
epoch:  39 batch:  50 region_loss:  10.0 10.0 loc_loss:  0.2934147453308105 reward_loss:  -14.670737266540527
epoch:  39 batch:  60 region_loss:  10.0 10.0 loc_loss:  0.2895172500610352 reward_loss:  -14.475863456726074
epoch:  39 batch:  70 region_loss:  10.0 10.0 loc_loss:  0.30201873779296873 reward_loss:  -15.100934982299805
epoch:  39 batch:  80 region_loss:  10.0 10.0 loc_loss:  0.3041891860961914 reward_loss:  -15.209460258483887
epoch:  39 batch:  90 region_loss:  6.0 6.0 loc_loss:  0.18063018798828126 reward_loss:  -9.031509399414062
epoch:  39 batch:  100 region_loss:  8.0 8.0 loc_loss:  0.21742151260375978 reward_loss:  -10.871111869812012
epoch:  39 batch:  110 region_loss:  4.0 4.0 loc_loss:  0.11306268692016602 reward_loss:  -5.653112888336182
epoch:  39 batch:  120 region_loss:  5.0 5.0 loc_loss:  0.12127716064453126 reward_loss:  -6.063858509063721
epoch:  39 batch:  130 region_loss:  7.0 7.0 loc_loss:  0.21528730392456055 reward_loss:  -10.764365196228027
acc@1:  0.10959548447789276
epoch: 39 region loss 0.17051094890510948 loc loss 0.2552028475016573 reward loss -12.760139004157407
epoch:  40 batch:  0 region_loss:  10.0 10.0 loc_loss:  0.25999568939208983 reward_loss:  -12.999785423278809
epoch:  40 batch:  10 region_loss:  10.0 10.0 loc_loss:  0.3011184310913086 reward_loss:  -15.055922508239746
epoch:  40 batch:  20 region_loss:  10.0 10.0 loc_loss:  0.2999744033813477 reward_loss:  -14.99873161315918
epoch:  40 batch:  30 region_loss:  10.0 10.0 loc_loss:  0.2613916206359863 reward_loss:  -13.06958293914795
epoch:  40 batch:  40 region_loss:  10.0 10.0 loc_loss:  0.3525955963134766 reward_loss:  -17.629779815673828
epoch:  40 batch:  50 region_loss:  10.0 10.0 loc_loss:  0.278472900390625 reward_loss:  -13.923640251159668
epoch:  40 batch:  60 region_loss:  10.0 10.0 loc_loss:  0.27193851470947267 reward_loss:  -13.596923828125
epoch:  40 batch:  70 region_loss:  10.0 10.0 loc_loss:  0.2866016387939453 reward_loss:  -14.33008098602295
epoch:  40 batch:  80 region_loss:  10.0 10.0 loc_loss:  0.28537385940551757 reward_loss:  -14.268692016601562
epoch:  40 batch:  90 region_loss:  6.0 6.0 loc_loss:  0.1695345687866211 reward_loss:  -8.476728439331055
epoch:  40 batch:  100 region_loss:  8.0 8.0 loc_loss:  0.20543338775634765 reward_loss:  -10.271661758422852
epoch:  40 batch:  110 region_loss:  4.0 4.0 loc_loss:  0.10541692733764649 reward_loss:  -5.270820140838623
epoch:  40 batch:  120 region_loss:  5.0 5.0 loc_loss:  0.11367902755737305 reward_loss:  -5.6839518547058105
epoch:  40 batch:  130 region_loss:  7.0 7.0 loc_loss:  0.20227254867553712 reward_loss:  -10.113626480102539
acc@1:  0.11053621825023519
epoch: 40 region loss 0.17051094890510948 loc loss 0.24178184277819892 reward loss -12.089094145454629
epoch:  41 batch:  0 region_loss:  10.0 10.0 loc_loss:  0.24558250427246095 reward_loss:  -12.279125213623047
epoch:  41 batch:  10 region_loss:  10.0 10.0 loc_loss:  0.2850151062011719 reward_loss:  -14.250755310058594
epoch:  41 batch:  20 region_loss:  10.0 10.0 loc_loss:  0.2882022666931152 reward_loss:  -14.410113334655762
epoch:  41 batch:  30 region_loss:  10.0 10.0 loc_loss:  0.24624837875366212 reward_loss:  -12.312420845031738
epoch:  41 batch:  40 region_loss:  10.0 10.0 loc_loss:  0.33471858978271485 reward_loss:  -16.735931396484375
epoch:  41 batch:  50 region_loss:  10.0 10.0 loc_loss:  0.26406867980957033 reward_loss:  -13.2034330368042
epoch:  41 batch:  60 region_loss:  10.0 10.0 loc_loss:  0.2568832588195801 reward_loss:  -12.844161987304688
epoch:  41 batch:  70 region_loss:  10.0 10.0 loc_loss:  0.2724386024475098 reward_loss:  -13.621928215026855
epoch:  41 batch:  80 region_loss:  10.0 10.0 loc_loss:  0.26732988357543946 reward_loss:  -13.366487503051758
epoch:  41 batch:  90 region_loss:  6.0 6.0 loc_loss:  0.15863277435302733 reward_loss:  -7.931639671325684
epoch:  41 batch:  100 region_loss:  8.0 8.0 loc_loss:  0.19271852493286132 reward_loss:  -9.635933876037598
epoch:  41 batch:  110 region_loss:  4.0 4.0 loc_loss:  0.09835014343261719 reward_loss:  -4.917503356933594
epoch:  41 batch:  120 region_loss:  5.0 5.0 loc_loss:  0.10569403648376464 reward_loss:  -5.284704685211182
epoch:  41 batch:  130 region_loss:  7.0 7.0 loc_loss:  0.19018842697143554 reward_loss:  -9.509422302246094
acc@1:  0.10959548447789276
epoch: 41 region loss 0.17051094890510948 loc loss 0.22885797067280234 reward loss -11.442897149246104
epoch:  42 batch:  0 region_loss:  10.0 10.0 loc_loss:  0.23183050155639648 reward_loss:  -11.591525077819824
epoch:  42 batch:  10 region_loss:  10.0 10.0 loc_loss:  0.2692961502075195 reward_loss:  -13.464807510375977
epoch:  42 batch:  20 region_loss:  10.0 10.0 loc_loss:  0.27807615280151365 reward_loss:  -13.903806686401367
epoch:  42 batch:  30 region_loss:  10.0 10.0 loc_loss:  0.23195533752441405 reward_loss:  -11.597766876220703
epoch:  42 batch:  40 region_loss:  10.0 10.0 loc_loss:  0.3165155792236328 reward_loss:  -15.825780868530273
epoch:  42 batch:  50 region_loss:  10.0 10.0 loc_loss:  0.25066572189331054 reward_loss:  -12.533289909362793
epoch:  42 batch:  60 region_loss:  10.0 10.0 loc_loss:  0.24040977478027345 reward_loss:  -12.019214630126953
epoch:  42 batch:  70 region_loss:  10.0 10.0 loc_loss:  0.2578467559814453 reward_loss:  -12.892338752746582
epoch:  42 batch:  80 region_loss:  10.0 10.0 loc_loss:  0.25033525466918943 reward_loss:  -12.516763687133789
epoch:  42 batch:  90 region_loss:  6.0 6.0 loc_loss:  0.1484217166900635 reward_loss:  -7.421085834503174
epoch:  42 batch:  100 region_loss:  8.0 8.0 loc_loss:  0.18203250885009767 reward_loss:  -9.101633071899414
epoch:  42 batch:  110 region_loss:  4.0 4.0 loc_loss:  0.09150983810424805 reward_loss:  -4.575506687164307
epoch:  42 batch:  120 region_loss:  5.0 5.0 loc_loss:  0.09908367156982421 reward_loss:  -4.954183578491211
epoch:  42 batch:  130 region_loss:  7.0 7.0 loc_loss:  0.17818580627441405 reward_loss:  -8.909289360046387
acc@1:  0.11006585136406397
epoch: 42 region loss 0.17051094890510948 loc loss 0.2163639995129439 reward loss -10.818187795416282
epoch:  43 batch:  0 region_loss:  10.0 10.0 loc_loss:  0.21821149826049804 reward_loss:  -10.910575866699219
epoch:  43 batch:  10 region_loss:  10.0 10.0 loc_loss:  0.2542736053466797 reward_loss:  -12.713680267333984
epoch:  43 batch:  20 region_loss:  10.0 10.0 loc_loss:  0.27058111190795897 reward_loss:  -13.529056549072266
epoch:  43 batch:  30 region_loss:  10.0 10.0 loc_loss:  0.2182544708251953 reward_loss:  -10.91273307800293
epoch:  43 batch:  40 region_loss:  10.0 10.0 loc_loss:  0.2998026275634766 reward_loss:  -14.990129470825195
epoch:  43 batch:  50 region_loss:  10.0 10.0 loc_loss:  0.23820764541625977 reward_loss:  -11.910391807556152
epoch:  43 batch:  60 region_loss:  10.0 10.0 loc_loss:  0.22674911499023437 reward_loss:  -11.337455749511719
epoch:  43 batch:  70 region_loss:  10.0 10.0 loc_loss:  0.2445220947265625 reward_loss:  -12.226104736328125
epoch:  43 batch:  80 region_loss:  10.0 10.0 loc_loss:  0.23383556365966796 reward_loss:  -11.691779136657715
epoch:  43 batch:  90 region_loss:  6.0 6.0 loc_loss:  0.1386351203918457 reward_loss:  -6.931755542755127
epoch:  43 batch:  100 region_loss:  8.0 8.0 loc_loss:  0.1701340675354004 reward_loss:  -8.506670951843262
epoch:  43 batch:  110 region_loss:  4.0 4.0 loc_loss:  0.08519509315490723 reward_loss:  -4.259765148162842
epoch:  43 batch:  120 region_loss:  5.0 5.0 loc_loss:  0.09194684982299804 reward_loss:  -4.597339630126953
epoch:  43 batch:  130 region_loss:  7.0 7.0 loc_loss:  0.16731311798095702 reward_loss:  -8.365657806396484
acc@1:  0.10442144873000941
epoch: 43 region loss 0.17051094890510948 loc loss 0.20437667270646478 reward loss -10.218834025146318
epoch:  44 batch:  0 region_loss:  10.0 10.0 loc_loss:  0.20496326446533203 reward_loss:  -10.248163223266602
epoch:  44 batch:  10 region_loss:  10.0 10.0 loc_loss:  0.23983051300048827 reward_loss:  -11.991525650024414
epoch:  44 batch:  20 region_loss:  10.0 10.0 loc_loss:  0.2605398559570313 reward_loss:  -13.026994705200195
epoch:  44 batch:  30 region_loss:  10.0 10.0 loc_loss:  0.20562074661254884 reward_loss:  -10.281039237976074
epoch:  44 batch:  40 region_loss:  10.0 10.0 loc_loss:  0.28284626007080077 reward_loss:  -14.142312049865723
epoch:  44 batch:  50 region_loss:  10.0 10.0 loc_loss:  0.2245872688293457 reward_loss:  -11.229362487792969
epoch:  44 batch:  60 region_loss:  10.0 10.0 loc_loss:  0.21167945861816406 reward_loss:  -10.583971977233887
epoch:  44 batch:  70 region_loss:  10.0 10.0 loc_loss:  0.2305303382873535 reward_loss:  -11.526517868041992
epoch:  44 batch:  80 region_loss:  10.0 10.0 loc_loss:  0.21860340118408203 reward_loss:  -10.930169105529785
epoch:  44 batch:  90 region_loss:  6.0 6.0 loc_loss:  0.1292974090576172 reward_loss:  -6.464870452880859
epoch:  44 batch:  100 region_loss:  8.0 8.0 loc_loss:  0.16047399520874023 reward_loss:  -8.023689270019531
epoch:  44 batch:  110 region_loss:  4.0 4.0 loc_loss:  0.07902271270751954 reward_loss:  -3.95108962059021
epoch:  44 batch:  120 region_loss:  5.0 5.0 loc_loss:  0.0861649227142334 reward_loss:  -4.308245658874512
epoch:  44 batch:  130 region_loss:  7.0 7.0 loc_loss:  0.15657496452331543 reward_loss:  -7.8287482261657715
acc@1:  0.10865475070555033
epoch: 44 region loss 0.17051094890510948 loc loss 0.192869846942651 reward loss -9.643494455483708
epoch:  45 batch:  0 region_loss:  10.0 10.0 loc_loss:  0.19245098114013673 reward_loss:  -9.622550010681152
epoch:  45 batch:  10 region_loss:  10.0 10.0 loc_loss:  0.22588024139404297 reward_loss:  -11.294013023376465
epoch:  45 batch:  20 region_loss:  10.0 10.0 loc_loss:  0.2478790283203125 reward_loss:  -12.393949508666992
epoch:  45 batch:  30 region_loss:  10.0 10.0 loc_loss:  0.19337581634521483 reward_loss:  -9.668780326843262
epoch:  45 batch:  40 region_loss:  10.0 10.0 loc_loss:  0.26716352462768556 reward_loss:  -13.358177185058594
epoch:  45 batch:  50 region_loss:  10.0 10.0 loc_loss:  0.21259857177734376 reward_loss:  -10.629928588867188
epoch:  45 batch:  60 region_loss:  10.0 10.0 loc_loss:  0.19920562744140624 reward_loss:  -9.960281372070312
epoch:  45 batch:  70 region_loss:  10.0 10.0 loc_loss:  0.21789155960083006 reward_loss:  -10.89457893371582
epoch:  45 batch:  80 region_loss:  10.0 10.0 loc_loss:  0.20380935668945313 reward_loss:  -10.190467834472656
epoch:  45 batch:  90 region_loss:  6.0 6.0 loc_loss:  0.12055444717407227 reward_loss:  -6.027721405029297
epoch:  45 batch:  100 region_loss:  8.0 8.0 loc_loss:  0.14958373069763184 reward_loss:  -7.4791741371154785
epoch:  45 batch:  110 region_loss:  4.0 4.0 loc_loss:  0.07350572109222413 reward_loss:  -3.6753039360046387
epoch:  45 batch:  120 region_loss:  5.0 5.0 loc_loss:  0.07985198974609375 reward_loss:  -3.9925997257232666
epoch:  45 batch:  130 region_loss:  7.0 7.0 loc_loss:  0.14671726226806642 reward_loss:  -7.33586311340332
acc@1:  0.1039510818438382
epoch: 45 region loss 0.17051094890510948 loc loss 0.18186955441523645 reward loss -9.093475616761367
epoch:  46 batch:  0 region_loss:  10.0 10.0 loc_loss:  0.18064990997314453 reward_loss:  -9.032496452331543
epoch:  46 batch:  10 region_loss:  10.0 10.0 loc_loss:  0.21264394760131836 reward_loss:  -10.632197380065918
epoch:  46 batch:  20 region_loss:  10.0 10.0 loc_loss:  0.23571834564208985 reward_loss:  -11.785918235778809
epoch:  46 batch:  30 region_loss:  10.0 10.0 loc_loss:  0.18206254959106447 reward_loss:  -9.103127479553223
epoch:  46 batch:  40 region_loss:  10.0 10.0 loc_loss:  0.25140909194946287 reward_loss:  -12.570454597473145
epoch:  46 batch:  50 region_loss:  10.0 10.0 loc_loss:  0.20010522842407227 reward_loss:  -10.005260467529297
epoch:  46 batch:  60 region_loss:  10.0 10.0 loc_loss:  0.18562860488891603 reward_loss:  -9.281427383422852
epoch:  46 batch:  70 region_loss:  10.0 10.0 loc_loss:  0.2050074005126953 reward_loss:  -10.250368118286133
epoch:  46 batch:  80 region_loss:  10.0 10.0 loc_loss:  0.1901254653930664 reward_loss:  -9.506272315979004
epoch:  46 batch:  90 region_loss:  6.0 6.0 loc_loss:  0.11216225624084472 reward_loss:  -5.608112335205078
epoch:  46 batch:  100 region_loss:  8.0 8.0 loc_loss:  0.1410554504394531 reward_loss:  -7.0527472496032715
epoch:  46 batch:  110 region_loss:  4.0 4.0 loc_loss:  0.06798182487487793 reward_loss:  -3.399076461791992
epoch:  46 batch:  120 region_loss:  5.0 5.0 loc_loss:  0.07487372398376464 reward_loss:  -3.7436861991882324
epoch:  46 batch:  130 region_loss:  7.0 7.0 loc_loss:  0.13713177680969238 reward_loss:  -6.8565897941589355
acc@1:  0.10630291627469426
epoch: 46 region loss 0.17051094890510948 loc loss 0.17136568596763332 reward loss -8.568282810440898
epoch:  47 batch:  0 region_loss:  10.0 10.0 loc_loss:  0.16947681427001954 reward_loss:  -8.473840713500977
epoch:  47 batch:  10 region_loss:  10.0 10.0 loc_loss:  0.19967853546142578 reward_loss:  -9.983925819396973
epoch:  47 batch:  20 region_loss:  10.0 10.0 loc_loss:  0.2228570556640625 reward_loss:  -11.142852783203125
epoch:  47 batch:  30 region_loss:  10.0 10.0 loc_loss:  0.170466365814209 reward_loss:  -8.52331829071045
epoch:  47 batch:  40 region_loss:  10.0 10.0 loc_loss:  0.23692752838134765 reward_loss:  -11.846376419067383
epoch:  47 batch:  50 region_loss:  10.0 10.0 loc_loss:  0.18909801483154298 reward_loss:  -9.454912185668945
epoch:  47 batch:  60 region_loss:  10.0 10.0 loc_loss:  0.1743229866027832 reward_loss:  -8.71614933013916
epoch:  47 batch:  70 region_loss:  10.0 10.0 loc_loss:  0.1932026481628418 reward_loss:  -9.660131454467773
epoch:  47 batch:  80 region_loss:  10.0 10.0 loc_loss:  0.17710866928100585 reward_loss:  -8.855432510375977
epoch:  47 batch:  90 region_loss:  6.0 6.0 loc_loss:  0.10434401512145997 reward_loss:  -5.217202186584473
epoch:  47 batch:  100 region_loss:  8.0 8.0 loc_loss:  0.13106840133666992 reward_loss:  -6.553460597991943
epoch:  47 batch:  110 region_loss:  4.0 4.0 loc_loss:  0.06316804409027099 reward_loss:  -3.1584126949310303
epoch:  47 batch:  120 region_loss:  5.0 5.0 loc_loss:  0.06924972534179688 reward_loss:  -3.46248722076416
epoch:  47 batch:  130 region_loss:  7.0 7.0 loc_loss:  0.12819164276123046 reward_loss:  -6.409582614898682
acc@1:  0.10253998118532455
epoch: 47 region loss 0.17051094890510948 loc loss 0.16132134926580163 reward loss -8.066062654021882
epoch:  48 batch:  0 region_loss:  10.0 10.0 loc_loss:  0.15894515991210936 reward_loss:  -7.9472575187683105
epoch:  48 batch:  10 region_loss:  10.0 10.0 loc_loss:  0.1874941635131836 reward_loss:  -9.374707221984863
epoch:  48 batch:  20 region_loss:  10.0 10.0 loc_loss:  0.21141717910766603 reward_loss:  -10.57086181640625
epoch:  48 batch:  30 region_loss:  10.0 10.0 loc_loss:  0.15961456298828125 reward_loss:  -7.9807281494140625
epoch:  48 batch:  40 region_loss:  10.0 10.0 loc_loss:  0.2226242446899414 reward_loss:  -11.131213188171387
epoch:  48 batch:  50 region_loss:  10.0 10.0 loc_loss:  0.1780958366394043 reward_loss:  -8.904769897460938
epoch:  48 batch:  60 region_loss:  10.0 10.0 loc_loss:  0.16209821701049804 reward_loss:  -8.104909896850586
epoch:  48 batch:  70 region_loss:  10.0 10.0 loc_loss:  0.18170682907104493 reward_loss:  -9.085339546203613
epoch:  48 batch:  80 region_loss:  10.0 10.0 loc_loss:  0.1649661636352539 reward_loss:  -8.248308181762695
epoch:  48 batch:  90 region_loss:  6.0 6.0 loc_loss:  0.09698811531066895 reward_loss:  -4.8494062423706055
epoch:  48 batch:  100 region_loss:  8.0 8.0 loc_loss:  0.12363398551940918 reward_loss:  -6.181697368621826
epoch:  48 batch:  110 region_loss:  4.0 4.0 loc_loss:  0.05829513072967529 reward_loss:  -2.9147260189056396
epoch:  48 batch:  120 region_loss:  5.0 5.0 loc_loss:  0.0649432134628296 reward_loss:  -3.247161865234375
epoch:  48 batch:  130 region_loss:  7.0 7.0 loc_loss:  0.11941001892089843 reward_loss:  -5.970501899719238
acc@1:  0.10677328316086547
epoch: 48 region loss 0.17051094890510948 loc loss 0.15177107541230472 reward loss -7.588554517631113
epoch:  49 batch:  0 region_loss:  10.0 10.0 loc_loss:  0.14896484375 reward_loss:  -7.448241233825684
epoch:  49 batch:  10 region_loss:  10.0 10.0 loc_loss:  0.1757327651977539 reward_loss:  -8.786638259887695
epoch:  49 batch:  20 region_loss:  10.0 10.0 loc_loss:  0.20097116470336915 reward_loss:  -10.04855728149414
epoch:  49 batch:  30 region_loss:  10.0 10.0 loc_loss:  0.14895017623901366 reward_loss:  -7.447509765625
epoch:  49 batch:  40 region_loss:  10.0 10.0 loc_loss:  0.20947580337524413 reward_loss:  -10.473790168762207
epoch:  49 batch:  50 region_loss:  10.0 10.0 loc_loss:  0.1682272720336914 reward_loss:  -8.411362648010254
epoch:  49 batch:  60 region_loss:  10.0 10.0 loc_loss:  0.1521459674835205 reward_loss:  -7.607297897338867
epoch:  49 batch:  70 region_loss:  10.0 10.0 loc_loss:  0.17064689636230468 reward_loss:  -8.532344818115234
epoch:  49 batch:  80 region_loss:  10.0 10.0 loc_loss:  0.15370006561279298 reward_loss:  -7.685003280639648
epoch:  49 batch:  90 region_loss:  6.0 6.0 loc_loss:  0.08999938011169434 reward_loss:  -4.499969005584717
epoch:  49 batch:  100 region_loss:  8.0 8.0 loc_loss:  0.11448601722717285 reward_loss:  -5.724287509918213
epoch:  49 batch:  110 region_loss:  4.0 4.0 loc_loss:  0.05403116226196289 reward_loss:  -2.7015528678894043
epoch:  49 batch:  120 region_loss:  5.0 5.0 loc_loss:  0.05998837471008301 reward_loss:  -2.999420404434204
epoch:  49 batch:  130 region_loss:  7.0 7.0 loc_loss:  0.11168970108032227 reward_loss:  -5.584484100341797
acc@1:  0.1039510818438382
epoch: 49 region loss 0.17051094890510948 loc loss 0.14272295780425526 reward loss -7.136157323409171
