nohup: ignoring input
cuda
epoch:  0 batch:  0 region_loss:  10.0 10.0 loc_loss:  1.9882635498046874 reward_loss:  -99.41373443603516
epoch:  0 batch:  10 region_loss:  10.0 10.0 loc_loss:  1.988480224609375 reward_loss:  -99.42383575439453
epoch:  0 batch:  20 region_loss:  10.0 10.0 loc_loss:  1.9910296630859374 reward_loss:  -99.5510025024414
epoch:  0 batch:  30 region_loss:  10.0 10.0 loc_loss:  1.9802847290039063 reward_loss:  -99.01455688476562
epoch:  0 batch:  40 region_loss:  10.0 10.0 loc_loss:  1.9805157470703125 reward_loss:  -99.02763366699219
epoch:  0 batch:  50 region_loss:  10.0 10.0 loc_loss:  1.9799575805664062 reward_loss:  -98.99872589111328
epoch:  0 batch:  60 region_loss:  10.0 10.0 loc_loss:  1.9874835205078125 reward_loss:  -99.37333679199219
epoch:  0 batch:  70 region_loss:  10.0 10.0 loc_loss:  1.9822697448730469 reward_loss:  -99.1126708984375
epoch:  0 batch:  80 region_loss:  10.0 10.0 loc_loss:  1.982487030029297 reward_loss:  -99.1253662109375
epoch:  0 batch:  90 region_loss:  6.0 6.0 loc_loss:  1.1782864379882811 reward_loss:  -58.91455841064453
epoch:  0 batch:  100 region_loss:  8.0 8.0 loc_loss:  1.5686933898925781 reward_loss:  -78.43403625488281
epoch:  0 batch:  110 region_loss:  4.0 4.0 loc_loss:  0.7882553100585937 reward_loss:  -39.412681579589844
epoch:  0 batch:  120 region_loss:  5.0 5.0 loc_loss:  0.9801475524902343 reward_loss:  -49.00754928588867
epoch:  0 batch:  130 region_loss:  7.0 7.0 loc_loss:  1.3681355285644532 reward_loss:  -68.40713500976562
acc@1:  0.0061147695202257765
epoch: 0 region loss 0.17051094890510948 loc loss 1.6859966617779139 reward loss -84.29984166500343
epoch:  1 batch:  0 region_loss:  10.0 10.0 loc_loss:  1.912855987548828 reward_loss:  -95.64283752441406
epoch:  1 batch:  10 region_loss:  10.0 10.0 loc_loss:  1.935025177001953 reward_loss:  -96.75069427490234
epoch:  1 batch:  20 region_loss:  10.0 10.0 loc_loss:  1.9299649047851561 reward_loss:  -96.49907684326172
epoch:  1 batch:  30 region_loss:  10.0 10.0 loc_loss:  1.9243080139160156 reward_loss:  -96.21542358398438
epoch:  1 batch:  40 region_loss:  10.0 10.0 loc_loss:  1.9070269775390625 reward_loss:  -95.35192108154297
epoch:  1 batch:  50 region_loss:  10.0 10.0 loc_loss:  1.9060299682617188 reward_loss:  -95.30140686035156
epoch:  1 batch:  60 region_loss:  10.0 10.0 loc_loss:  1.8943679809570313 reward_loss:  -94.71866607666016
epoch:  1 batch:  70 region_loss:  10.0 10.0 loc_loss:  1.873976593017578 reward_loss:  -93.69860076904297
epoch:  1 batch:  80 region_loss:  10.0 10.0 loc_loss:  1.8599688720703125 reward_loss:  -92.99787902832031
epoch:  1 batch:  90 region_loss:  6.0 6.0 loc_loss:  1.0968394470214844 reward_loss:  -54.84244918823242
epoch:  1 batch:  100 region_loss:  8.0 8.0 loc_loss:  1.447998046875 reward_loss:  -72.39906311035156
epoch:  1 batch:  110 region_loss:  4.0 4.0 loc_loss:  0.7345304107666015 reward_loss:  -36.72591781616211
epoch:  1 batch:  120 region_loss:  5.0 5.0 loc_loss:  0.9046148681640624 reward_loss:  -45.23155975341797
epoch:  1 batch:  130 region_loss:  7.0 7.0 loc_loss:  1.2535211944580078 reward_loss:  -62.6761474609375
acc@1:  0.02634054562558796
epoch: 1 region loss 0.17051094890510948 loc loss 1.5992731425709967 reward loss -79.96361115727112
epoch:  2 batch:  0 region_loss:  10.0 10.0 loc_loss:  1.7349517822265625 reward_loss:  -86.74789428710938
epoch:  2 batch:  10 region_loss:  10.0 10.0 loc_loss:  1.7477508544921876 reward_loss:  -87.38833618164062
epoch:  2 batch:  20 region_loss:  10.0 10.0 loc_loss:  1.7463092041015624 reward_loss:  -87.31549835205078
epoch:  2 batch:  30 region_loss:  10.0 10.0 loc_loss:  1.775041046142578 reward_loss:  -88.75218200683594
epoch:  2 batch:  40 region_loss:  10.0 10.0 loc_loss:  1.7049411010742188 reward_loss:  -85.24656677246094
epoch:  2 batch:  50 region_loss:  10.0 10.0 loc_loss:  1.763572235107422 reward_loss:  -88.17890930175781
epoch:  2 batch:  60 region_loss:  10.0 10.0 loc_loss:  1.7415414428710938 reward_loss:  -87.07666015625
epoch:  2 batch:  70 region_loss:  10.0 10.0 loc_loss:  1.7399168395996094 reward_loss:  -86.9960708618164
epoch:  2 batch:  80 region_loss:  10.0 10.0 loc_loss:  1.7247158813476562 reward_loss:  -86.23550415039062
epoch:  2 batch:  90 region_loss:  6.0 6.0 loc_loss:  1.0295065307617188 reward_loss:  -51.47589874267578
epoch:  2 batch:  100 region_loss:  8.0 8.0 loc_loss:  1.3673307800292969 reward_loss:  -68.3670425415039
epoch:  2 batch:  110 region_loss:  4.0 4.0 loc_loss:  0.7001824951171876 reward_loss:  -35.008453369140625
epoch:  2 batch:  120 region_loss:  5.0 5.0 loc_loss:  0.8656623077392578 reward_loss:  -43.283023834228516
epoch:  2 batch:  130 region_loss:  7.0 7.0 loc_loss:  1.2009662628173827 reward_loss:  -60.04812240600586
acc@1:  0.03527751646284102
epoch: 2 region loss 0.17051094890510948 loc loss 1.4721594383072678 reward loss -73.6079834151442
epoch:  3 batch:  0 region_loss:  10.0 10.0 loc_loss:  1.6817530822753906 reward_loss:  -84.08772277832031
epoch:  3 batch:  10 region_loss:  10.0 10.0 loc_loss:  1.68224853515625 reward_loss:  -84.1126708984375
epoch:  3 batch:  20 region_loss:  10.0 10.0 loc_loss:  1.6559317016601562 reward_loss:  -82.79750061035156
epoch:  3 batch:  30 region_loss:  10.0 10.0 loc_loss:  1.703411865234375 reward_loss:  -85.16979217529297
epoch:  3 batch:  40 region_loss:  10.0 10.0 loc_loss:  1.6343243408203125 reward_loss:  -81.7162094116211
epoch:  3 batch:  50 region_loss:  10.0 10.0 loc_loss:  1.693965606689453 reward_loss:  -84.69874572753906
epoch:  3 batch:  60 region_loss:  10.0 10.0 loc_loss:  1.6796176147460937 reward_loss:  -83.98112487792969
epoch:  3 batch:  70 region_loss:  10.0 10.0 loc_loss:  1.677596893310547 reward_loss:  -83.87931823730469
epoch:  3 batch:  80 region_loss:  10.0 10.0 loc_loss:  1.664267578125 reward_loss:  -83.21276092529297
epoch:  3 batch:  90 region_loss:  6.0 6.0 loc_loss:  0.997657470703125 reward_loss:  -49.883277893066406
epoch:  3 batch:  100 region_loss:  8.0 8.0 loc_loss:  1.3222669982910156 reward_loss:  -66.11341857910156
epoch:  3 batch:  110 region_loss:  4.0 4.0 loc_loss:  0.6814838409423828 reward_loss:  -34.07423782348633
epoch:  3 batch:  120 region_loss:  5.0 5.0 loc_loss:  0.841126937866211 reward_loss:  -42.05650329589844
epoch:  3 batch:  130 region_loss:  7.0 7.0 loc_loss:  1.1688860321044923 reward_loss:  -58.445960998535156
acc@1:  0.040921919096895576
epoch: 3 region loss 0.17051094890510948 loc loss 1.4141180586988908 reward loss -70.70591568772811
epoch:  4 batch:  0 region_loss:  10.0 10.0 loc_loss:  1.6391085815429687 reward_loss:  -81.95573425292969
epoch:  4 batch:  10 region_loss:  10.0 10.0 loc_loss:  1.63955322265625 reward_loss:  -81.9771728515625
epoch:  4 batch:  20 region_loss:  10.0 10.0 loc_loss:  1.5882217407226562 reward_loss:  -79.41094970703125
epoch:  4 batch:  30 region_loss:  10.0 10.0 loc_loss:  1.6487774658203125 reward_loss:  -82.43818664550781
epoch:  4 batch:  40 region_loss:  10.0 10.0 loc_loss:  1.5820230102539063 reward_loss:  -79.10138702392578
epoch:  4 batch:  50 region_loss:  10.0 10.0 loc_loss:  1.6356080627441407 reward_loss:  -81.77993774414062
epoch:  4 batch:  60 region_loss:  10.0 10.0 loc_loss:  1.6278683471679687 reward_loss:  -81.39336395263672
epoch:  4 batch:  70 region_loss:  10.0 10.0 loc_loss:  1.6233978271484375 reward_loss:  -81.16926574707031
epoch:  4 batch:  80 region_loss:  10.0 10.0 loc_loss:  1.611929931640625 reward_loss:  -80.59724426269531
epoch:  4 batch:  90 region_loss:  6.0 6.0 loc_loss:  0.9686184692382812 reward_loss:  -48.430450439453125
epoch:  4 batch:  100 region_loss:  8.0 8.0 loc_loss:  1.2793891143798828 reward_loss:  -63.968910217285156
epoch:  4 batch:  110 region_loss:  4.0 4.0 loc_loss:  0.6646156311035156 reward_loss:  -33.23122787475586
epoch:  4 batch:  120 region_loss:  5.0 5.0 loc_loss:  0.8168695068359375 reward_loss:  -40.843868255615234
epoch:  4 batch:  130 region_loss:  7.0 7.0 loc_loss:  1.136546859741211 reward_loss:  -56.82760238647461
acc@1:  0.051269990592662275
epoch: 4 region loss 0.17051094890510948 loc loss 1.3665022389210053 reward loss -68.32511308767499
epoch:  5 batch:  0 region_loss:  10.0 10.0 loc_loss:  1.5924366760253905 reward_loss:  -79.62174987792969
epoch:  5 batch:  10 region_loss:  10.0 10.0 loc_loss:  1.5957693481445312 reward_loss:  -79.78852844238281
epoch:  5 batch:  20 region_loss:  10.0 10.0 loc_loss:  1.5223916625976563 reward_loss:  -76.11961364746094
epoch:  5 batch:  30 region_loss:  10.0 10.0 loc_loss:  1.5945936584472655 reward_loss:  -79.72945404052734
epoch:  5 batch:  40 region_loss:  10.0 10.0 loc_loss:  1.5299465942382813 reward_loss:  -76.49736785888672
epoch:  5 batch:  50 region_loss:  10.0 10.0 loc_loss:  1.576401824951172 reward_loss:  -78.82012939453125
epoch:  5 batch:  60 region_loss:  10.0 10.0 loc_loss:  1.5755996704101562 reward_loss:  -78.78036499023438
epoch:  5 batch:  70 region_loss:  10.0 10.0 loc_loss:  1.5670855712890626 reward_loss:  -78.35443115234375
epoch:  5 batch:  80 region_loss:  10.0 10.0 loc_loss:  1.5594198608398437 reward_loss:  -77.9714126586914
epoch:  5 batch:  90 region_loss:  6.0 6.0 loc_loss:  0.9393096160888672 reward_loss:  -46.965362548828125
epoch:  5 batch:  100 region_loss:  8.0 8.0 loc_loss:  1.2338004302978516 reward_loss:  -61.690185546875
epoch:  5 batch:  110 region_loss:  4.0 4.0 loc_loss:  0.6472720336914063 reward_loss:  -32.36359786987305
epoch:  5 batch:  120 region_loss:  5.0 5.0 loc_loss:  0.7910646057128906 reward_loss:  -39.55331039428711
epoch:  5 batch:  130 region_loss:  7.0 7.0 loc_loss:  1.1019640350341797 reward_loss:  -55.09811782836914
acc@1:  0.06349952963311382
epoch: 5 region loss 0.17051094890510948 loc loss 1.318172597397853 reward loss -65.90861558566128
epoch:  6 batch:  0 region_loss:  10.0 10.0 loc_loss:  1.5401583862304689 reward_loss:  -77.00785827636719
epoch:  6 batch:  10 region_loss:  10.0 10.0 loc_loss:  1.5475741577148439 reward_loss:  -77.37875366210938
epoch:  6 batch:  20 region_loss:  10.0 10.0 loc_loss:  1.4530679321289062 reward_loss:  -72.65296936035156
epoch:  6 batch:  30 region_loss:  10.0 10.0 loc_loss:  1.536380615234375 reward_loss:  -76.81874084472656
epoch:  6 batch:  40 region_loss:  10.0 10.0 loc_loss:  1.4746702575683595 reward_loss:  -73.73348236083984
epoch:  6 batch:  50 region_loss:  10.0 10.0 loc_loss:  1.5124952697753906 reward_loss:  -75.62464904785156
epoch:  6 batch:  60 region_loss:  10.0 10.0 loc_loss:  1.5193380737304687 reward_loss:  -75.96684265136719
epoch:  6 batch:  70 region_loss:  10.0 10.0 loc_loss:  1.5069139099121094 reward_loss:  -75.34645080566406
epoch:  6 batch:  80 region_loss:  10.0 10.0 loc_loss:  1.5034632873535156 reward_loss:  -75.17301940917969
epoch:  6 batch:  90 region_loss:  6.0 6.0 loc_loss:  0.908418960571289 reward_loss:  -45.420989990234375
epoch:  6 batch:  100 region_loss:  8.0 8.0 loc_loss:  1.184100112915039 reward_loss:  -59.20513916015625
epoch:  6 batch:  110 region_loss:  4.0 4.0 loc_loss:  0.628919448852539 reward_loss:  -31.44611930847168
epoch:  6 batch:  120 region_loss:  5.0 5.0 loc_loss:  0.7629555511474609 reward_loss:  -38.147769927978516
epoch:  6 batch:  130 region_loss:  7.0 7.0 loc_loss:  1.0643623352050782 reward_loss:  -53.21809005737305
acc@1:  0.07196613358419568
epoch: 6 region loss 0.17051094890510948 loc loss 1.266712381683127 reward loss -63.33563396704458
epoch:  7 batch:  0 region_loss:  10.0 10.0 loc_loss:  1.481798858642578 reward_loss:  -74.08979797363281
epoch:  7 batch:  10 region_loss:  10.0 10.0 loc_loss:  1.4938511657714844 reward_loss:  -74.69256591796875
epoch:  7 batch:  20 region_loss:  10.0 10.0 loc_loss:  1.3797724914550782 reward_loss:  -68.98893737792969
epoch:  7 batch:  30 region_loss:  10.0 10.0 loc_loss:  1.4730593872070312 reward_loss:  -73.65296936035156
epoch:  7 batch:  40 region_loss:  10.0 10.0 loc_loss:  1.4169731140136719 reward_loss:  -70.8486557006836
epoch:  7 batch:  50 region_loss:  10.0 10.0 loc_loss:  1.4438069152832032 reward_loss:  -72.1904525756836
epoch:  7 batch:  60 region_loss:  10.0 10.0 loc_loss:  1.4584400939941407 reward_loss:  -72.92194366455078
epoch:  7 batch:  70 region_loss:  10.0 10.0 loc_loss:  1.441494140625 reward_loss:  -72.0749282836914
epoch:  7 batch:  80 region_loss:  10.0 10.0 loc_loss:  1.443759765625 reward_loss:  -72.18787384033203
epoch:  7 batch:  90 region_loss:  6.0 6.0 loc_loss:  0.8759149932861328 reward_loss:  -43.79576110839844
epoch:  7 batch:  100 region_loss:  8.0 8.0 loc_loss:  1.1302984619140626 reward_loss:  -56.51488494873047
epoch:  7 batch:  110 region_loss:  4.0 4.0 loc_loss:  0.6093599700927734 reward_loss:  -30.467884063720703
epoch:  7 batch:  120 region_loss:  5.0 5.0 loc_loss:  0.7326955413818359 reward_loss:  -36.634708404541016
epoch:  7 batch:  130 region_loss:  7.0 7.0 loc_loss:  1.023992156982422 reward_loss:  -51.19961166381836
acc@1:  0.08372530573847602
epoch: 7 region loss 0.17051094890510948 loc loss 1.211886828067529 reward loss -60.594321564166215
epoch:  8 batch:  0 region_loss:  10.0 10.0 loc_loss:  1.418159942626953 reward_loss:  -70.90829467773438
epoch:  8 batch:  10 region_loss:  10.0 10.0 loc_loss:  1.433824005126953 reward_loss:  -71.69117736816406
epoch:  8 batch:  20 region_loss:  10.0 10.0 loc_loss:  1.3045814514160157 reward_loss:  -65.22908782958984
epoch:  8 batch:  30 region_loss:  10.0 10.0 loc_loss:  1.404686279296875 reward_loss:  -70.23430633544922
epoch:  8 batch:  40 region_loss:  10.0 10.0 loc_loss:  1.3598080444335938 reward_loss:  -67.99043273925781
epoch:  8 batch:  50 region_loss:  10.0 10.0 loc_loss:  1.3706356811523437 reward_loss:  -68.53162384033203
epoch:  8 batch:  60 region_loss:  10.0 10.0 loc_loss:  1.3940422058105468 reward_loss:  -69.70211029052734
epoch:  8 batch:  70 region_loss:  10.0 10.0 loc_loss:  1.3712974548339845 reward_loss:  -68.56517791748047
epoch:  8 batch:  80 region_loss:  10.0 10.0 loc_loss:  1.3818431091308594 reward_loss:  -69.0921630859375
epoch:  8 batch:  90 region_loss:  6.0 6.0 loc_loss:  0.842088623046875 reward_loss:  -42.10442352294922
epoch:  8 batch:  100 region_loss:  8.0 8.0 loc_loss:  1.073537826538086 reward_loss:  -53.67691421508789
epoch:  8 batch:  110 region_loss:  4.0 4.0 loc_loss:  0.5887744140625 reward_loss:  -29.438716888427734
epoch:  8 batch:  120 region_loss:  5.0 5.0 loc_loss:  0.7008651733398438 reward_loss:  -35.04325866699219
epoch:  8 batch:  130 region_loss:  7.0 7.0 loc_loss:  0.9816073608398438 reward_loss:  -49.080352783203125
acc@1:  0.09689557855126998
epoch: 8 region loss 0.17051094890510948 loc loss 1.154665238039337 reward loss -57.73325456493962
epoch:  9 batch:  0 region_loss:  10.0 10.0 loc_loss:  1.3499923706054688 reward_loss:  -67.49964904785156
epoch:  9 batch:  10 region_loss:  10.0 10.0 loc_loss:  1.3684727478027343 reward_loss:  -68.42362976074219
epoch:  9 batch:  20 region_loss:  10.0 10.0 loc_loss:  1.229754180908203 reward_loss:  -61.48781204223633
epoch:  9 batch:  30 region_loss:  10.0 10.0 loc_loss:  1.3327394104003907 reward_loss:  -66.63697052001953
epoch:  9 batch:  40 region_loss:  10.0 10.0 loc_loss:  1.3041526794433593 reward_loss:  -65.2076416015625
epoch:  9 batch:  50 region_loss:  10.0 10.0 loc_loss:  1.2946714782714843 reward_loss:  -64.73357391357422
epoch:  9 batch:  60 region_loss:  10.0 10.0 loc_loss:  1.3275685119628906 reward_loss:  -66.37846374511719
epoch:  9 batch:  70 region_loss:  10.0 10.0 loc_loss:  1.2977308654785156 reward_loss:  -64.88650512695312
epoch:  9 batch:  80 region_loss:  10.0 10.0 loc_loss:  1.3201095581054687 reward_loss:  -66.00546264648438
epoch:  9 batch:  90 region_loss:  6.0 6.0 loc_loss:  0.8074618530273437 reward_loss:  -40.373111724853516
epoch:  9 batch:  100 region_loss:  8.0 8.0 loc_loss:  1.0155025482177735 reward_loss:  -50.77513122558594
epoch:  9 batch:  110 region_loss:  4.0 4.0 loc_loss:  0.5672753524780273 reward_loss:  -28.363758087158203
epoch:  9 batch:  120 region_loss:  5.0 5.0 loc_loss:  0.6680712890625 reward_loss:  -33.403602600097656
epoch:  9 batch:  130 region_loss:  7.0 7.0 loc_loss:  0.9380342102050782 reward_loss:  -46.90170669555664
acc@1:  0.10818438381937912
epoch: 9 region loss 0.17051094890510948 loc loss 1.0964564611615926 reward loss -54.82281437059388
epoch:  10 batch:  0 region_loss:  10.0 10.0 loc_loss:  1.2790798950195312 reward_loss:  -63.95405960083008
epoch:  10 batch:  10 region_loss:  10.0 10.0 loc_loss:  1.3000978088378907 reward_loss:  -65.00489044189453
epoch:  10 batch:  20 region_loss:  10.0 10.0 loc_loss:  1.1571361541748046 reward_loss:  -57.856842041015625
epoch:  10 batch:  30 region_loss:  10.0 10.0 loc_loss:  1.2593362426757813 reward_loss:  -62.96681213378906
epoch:  10 batch:  40 region_loss:  10.0 10.0 loc_loss:  1.249620361328125 reward_loss:  -62.48101043701172
epoch:  10 batch:  50 region_loss:  10.0 10.0 loc_loss:  1.218020248413086 reward_loss:  -60.90100860595703
epoch:  10 batch:  60 region_loss:  10.0 10.0 loc_loss:  1.261060791015625 reward_loss:  -63.05300521850586
epoch:  10 batch:  70 region_loss:  10.0 10.0 loc_loss:  1.222756576538086 reward_loss:  -61.1378173828125
epoch:  10 batch:  80 region_loss:  10.0 10.0 loc_loss:  1.260621566772461 reward_loss:  -63.03104019165039
epoch:  10 batch:  90 region_loss:  6.0 6.0 loc_loss:  0.7725508880615234 reward_loss:  -38.62757873535156
epoch:  10 batch:  100 region_loss:  8.0 8.0 loc_loss:  0.9580471038818359 reward_loss:  -47.90235137939453
epoch:  10 batch:  110 region_loss:  4.0 4.0 loc_loss:  0.545117301940918 reward_loss:  -27.255916595458984
epoch:  10 batch:  120 region_loss:  5.0 5.0 loc_loss:  0.6353254699707032 reward_loss:  -31.766273498535156
epoch:  10 batch:  130 region_loss:  7.0 7.0 loc_loss:  0.894425048828125 reward_loss:  -44.72125244140625
acc@1:  0.11382878645343368
epoch: 10 region loss 0.17051094890510948 loc loss 1.0386875461661902 reward loss -51.93436704760921
epoch:  11 batch:  0 region_loss:  10.0 10.0 loc_loss:  1.207331771850586 reward_loss:  -60.36659622192383
epoch:  11 batch:  10 region_loss:  10.0 10.0 loc_loss:  1.2313558959960937 reward_loss:  -61.56780242919922
epoch:  11 batch:  20 region_loss:  10.0 10.0 loc_loss:  1.0876429748535157 reward_loss:  -54.38208770751953
epoch:  11 batch:  30 region_loss:  10.0 10.0 loc_loss:  1.1864359283447266 reward_loss:  -59.32179641723633
epoch:  11 batch:  40 region_loss:  10.0 10.0 loc_loss:  1.1961043548583985 reward_loss:  -59.80521774291992
epoch:  11 batch:  50 region_loss:  10.0 10.0 loc_loss:  1.1433273315429688 reward_loss:  -57.16636276245117
epoch:  11 batch:  60 region_loss:  10.0 10.0 loc_loss:  1.196258316040039 reward_loss:  -59.81292724609375
epoch:  11 batch:  70 region_loss:  10.0 10.0 loc_loss:  1.1491957092285157 reward_loss:  -57.45977020263672
epoch:  11 batch:  80 region_loss:  10.0 10.0 loc_loss:  1.2042481994628906 reward_loss:  -60.21241760253906
epoch:  11 batch:  90 region_loss:  6.0 6.0 loc_loss:  0.7378970336914062 reward_loss:  -36.89485168457031
epoch:  11 batch:  100 region_loss:  8.0 8.0 loc_loss:  0.9026554870605469 reward_loss:  -45.132774353027344
epoch:  11 batch:  110 region_loss:  4.0 4.0 loc_loss:  0.5225937271118164 reward_loss:  -26.129697799682617
epoch:  11 batch:  120 region_loss:  5.0 5.0 loc_loss:  0.6032448577880859 reward_loss:  -30.16225814819336
epoch:  11 batch:  130 region_loss:  7.0 7.0 loc_loss:  0.8514391326904297 reward_loss:  -42.57196807861328
acc@1:  0.12370649106302917
epoch: 11 region loss 0.17051094890510948 loc loss 0.9826315313186089 reward loss -49.13157797207798
epoch:  12 batch:  0 region_loss:  10.0 10.0 loc_loss:  1.1368041229248047 reward_loss:  -56.8402214050293
epoch:  12 batch:  10 region_loss:  10.0 10.0 loc_loss:  1.1643333435058594 reward_loss:  -58.21665954589844
epoch:  12 batch:  20 region_loss:  10.0 10.0 loc_loss:  1.0220145416259765 reward_loss:  -51.100685119628906
epoch:  12 batch:  30 region_loss:  10.0 10.0 loc_loss:  1.1159232330322266 reward_loss:  -55.796138763427734
epoch:  12 batch:  40 region_loss:  10.0 10.0 loc_loss:  1.1437769317626953 reward_loss:  -57.188846588134766
epoch:  12 batch:  50 region_loss:  10.0 10.0 loc_loss:  1.0725096893310546 reward_loss:  -53.62548065185547
epoch:  12 batch:  60 region_loss:  10.0 10.0 loc_loss:  1.1338150024414062 reward_loss:  -56.69074249267578
epoch:  12 batch:  70 region_loss:  10.0 10.0 loc_loss:  1.0797923278808594 reward_loss:  -53.9896240234375
epoch:  12 batch:  80 region_loss:  10.0 10.0 loc_loss:  1.15044189453125 reward_loss:  -57.522098541259766
epoch:  12 batch:  90 region_loss:  6.0 6.0 loc_loss:  0.7040331268310547 reward_loss:  -35.2016487121582
epoch:  12 batch:  100 region_loss:  8.0 8.0 loc_loss:  0.8504679870605468 reward_loss:  -42.52339553833008
epoch:  12 batch:  110 region_loss:  4.0 4.0 loc_loss:  0.4998644256591797 reward_loss:  -24.993221282958984
epoch:  12 batch:  120 region_loss:  5.0 5.0 loc_loss:  0.5723069763183594 reward_loss:  -28.615345001220703
epoch:  12 batch:  130 region_loss:  7.0 7.0 loc_loss:  0.8099796295166015 reward_loss:  -40.49897003173828
acc@1:  0.13076199435559738
epoch: 12 region loss 0.17051094890510948 loc loss 0.9292625004009609 reward loss -46.463121929307924
epoch:  13 batch:  0 region_loss:  10.0 10.0 loc_loss:  1.0693881225585937 reward_loss:  -53.469383239746094
epoch:  13 batch:  10 region_loss:  10.0 10.0 loc_loss:  1.1005532836914063 reward_loss:  -55.02766036987305
epoch:  13 batch:  20 region_loss:  10.0 10.0 loc_loss:  0.9610993957519531 reward_loss:  -48.05496597290039
epoch:  13 batch:  30 region_loss:  10.0 10.0 loc_loss:  1.0493236541748048 reward_loss:  -52.466190338134766
epoch:  13 batch:  40 region_loss:  10.0 10.0 loc_loss:  1.0936038970947266 reward_loss:  -54.68019485473633
epoch:  13 batch:  50 region_loss:  10.0 10.0 loc_loss:  1.0067463684082032 reward_loss:  -50.337318420410156
epoch:  13 batch:  60 region_loss:  10.0 10.0 loc_loss:  1.0745948028564454 reward_loss:  -53.7297477722168
epoch:  13 batch:  70 region_loss:  10.0 10.0 loc_loss:  1.0164060974121094 reward_loss:  -50.82029342651367
epoch:  13 batch:  80 region_loss:  10.0 10.0 loc_loss:  1.0988224029541016 reward_loss:  -54.94112014770508
epoch:  13 batch:  90 region_loss:  6.0 6.0 loc_loss:  0.6713019561767578 reward_loss:  -33.565040588378906
epoch:  13 batch:  100 region_loss:  8.0 8.0 loc_loss:  0.8021343994140625 reward_loss:  -40.10673141479492
epoch:  13 batch:  110 region_loss:  4.0 4.0 loc_loss:  0.4772937774658203 reward_loss:  -23.864688873291016
epoch:  13 batch:  120 region_loss:  5.0 5.0 loc_loss:  0.5427291107177734 reward_loss:  -27.136455535888672
epoch:  13 batch:  130 region_loss:  7.0 7.0 loc_loss:  0.770423583984375 reward_loss:  -38.52117919921875
acc@1:  0.138758231420508
epoch: 13 region loss 0.17051094890510948 loc loss 0.8792374587233048 reward loss -43.961871293339414
epoch:  14 batch:  0 region_loss:  10.0 10.0 loc_loss:  1.0064922332763673 reward_loss:  -50.324607849121094
epoch:  14 batch:  10 region_loss:  10.0 10.0 loc_loss:  1.0405530548095703 reward_loss:  -52.02765655517578
epoch:  14 batch:  20 region_loss:  10.0 10.0 loc_loss:  0.9054087829589844 reward_loss:  -45.27043151855469
epoch:  14 batch:  30 region_loss:  10.0 10.0 loc_loss:  0.9875092315673828 reward_loss:  -49.375457763671875
epoch:  14 batch:  40 region_loss:  10.0 10.0 loc_loss:  1.0462953186035155 reward_loss:  -52.31476593017578
epoch:  14 batch:  50 region_loss:  10.0 10.0 loc_loss:  0.9466071319580078 reward_loss:  -47.33036804199219
epoch:  14 batch:  60 region_loss:  10.0 10.0 loc_loss:  1.0191696166992188 reward_loss:  -50.95848083496094
epoch:  14 batch:  70 region_loss:  10.0 10.0 loc_loss:  0.9594145965576172 reward_loss:  -47.970741271972656
epoch:  14 batch:  80 region_loss:  10.0 10.0 loc_loss:  1.0494223022460938 reward_loss:  -52.47112274169922
epoch:  14 batch:  90 region_loss:  6.0 6.0 loc_loss:  0.6401358032226563 reward_loss:  -32.00679016113281
epoch:  14 batch:  100 region_loss:  8.0 8.0 loc_loss:  0.7578295135498047 reward_loss:  -37.89147186279297
epoch:  14 batch:  110 region_loss:  4.0 4.0 loc_loss:  0.4552088928222656 reward_loss:  -22.76044273376465
epoch:  14 batch:  120 region_loss:  5.0 5.0 loc_loss:  0.5146705627441406 reward_loss:  -25.733516693115234
epoch:  14 batch:  130 region_loss:  7.0 7.0 loc_loss:  0.7331047821044921 reward_loss:  -36.655242919921875
acc@1:  0.14440263405456255
epoch: 14 region loss 0.17051094890510948 loc loss 0.832882030514905 reward loss -41.64410240284718
epoch:  15 batch:  0 region_loss:  10.0 10.0 loc_loss:  0.9487295532226563 reward_loss:  -47.43647766113281
epoch:  15 batch:  10 region_loss:  10.0 10.0 loc_loss:  0.9848177337646484 reward_loss:  -49.240882873535156
epoch:  15 batch:  20 region_loss:  10.0 10.0 loc_loss:  0.8554268646240234 reward_loss:  -42.77134704589844
epoch:  15 batch:  30 region_loss:  10.0 10.0 loc_loss:  0.9308892059326171 reward_loss:  -46.54446029663086
epoch:  15 batch:  40 region_loss:  10.0 10.0 loc_loss:  1.002237548828125 reward_loss:  -50.111873626708984
epoch:  15 batch:  50 region_loss:  10.0 10.0 loc_loss:  0.8922586822509766 reward_loss:  -44.61293029785156
epoch:  15 batch:  60 region_loss:  10.0 10.0 loc_loss:  0.9676115417480469 reward_loss:  -48.38056564331055
epoch:  15 batch:  70 region_loss:  10.0 10.0 loc_loss:  0.9081759643554688 reward_loss:  -45.40886306762695
epoch:  15 batch:  80 region_loss:  10.0 10.0 loc_loss:  1.002447509765625 reward_loss:  -50.12234878540039
epoch:  15 batch:  90 region_loss:  6.0 6.0 loc_loss:  0.6105310821533203 reward_loss:  -30.526552200317383
epoch:  15 batch:  100 region_loss:  8.0 8.0 loc_loss:  0.7176101684570313 reward_loss:  -35.8805046081543
epoch:  15 batch:  110 region_loss:  4.0 4.0 loc_loss:  0.43383983612060545 reward_loss:  -21.691993713378906
epoch:  15 batch:  120 region_loss:  5.0 5.0 loc_loss:  0.4880107498168945 reward_loss:  -24.400537490844727
epoch:  15 batch:  130 region_loss:  7.0 7.0 loc_loss:  0.6981021118164062 reward_loss:  -34.90510559082031
acc@1:  0.14440263405456255
epoch: 15 region loss 0.17051094890510948 loc loss 0.7902138900756835 reward loss -39.51069371021577
epoch:  16 batch:  0 region_loss:  10.0 10.0 loc_loss:  0.8963113403320313 reward_loss:  -44.81555938720703
epoch:  16 batch:  10 region_loss:  10.0 10.0 loc_loss:  0.9335356140136719 reward_loss:  -46.676780700683594
epoch:  16 batch:  20 region_loss:  10.0 10.0 loc_loss:  0.8109358215332031 reward_loss:  -40.54678726196289
epoch:  16 batch:  30 region_loss:  10.0 10.0 loc_loss:  0.8792960357666015 reward_loss:  -43.96479797363281
epoch:  16 batch:  40 region_loss:  10.0 10.0 loc_loss:  0.9614811706542968 reward_loss:  -48.07406234741211
epoch:  16 batch:  50 region_loss:  10.0 10.0 loc_loss:  0.8436847686767578 reward_loss:  -42.184242248535156
epoch:  16 batch:  60 region_loss:  10.0 10.0 loc_loss:  0.9194854736328125 reward_loss:  -45.97426986694336
epoch:  16 batch:  70 region_loss:  10.0 10.0 loc_loss:  0.8617093658447266 reward_loss:  -43.0854606628418
epoch:  16 batch:  80 region_loss:  10.0 10.0 loc_loss:  0.9579785919189453 reward_loss:  -47.89893341064453
epoch:  16 batch:  90 region_loss:  6.0 6.0 loc_loss:  0.5824444580078125 reward_loss:  -29.122222900390625
epoch:  16 batch:  100 region_loss:  8.0 8.0 loc_loss:  0.6809574890136719 reward_loss:  -34.04786682128906
epoch:  16 batch:  110 region_loss:  4.0 4.0 loc_loss:  0.41335952758789063 reward_loss:  -20.667972564697266
epoch:  16 batch:  120 region_loss:  5.0 5.0 loc_loss:  0.4627951049804688 reward_loss:  -23.139755249023438
epoch:  16 batch:  130 region_loss:  7.0 7.0 loc_loss:  0.6653667449951172 reward_loss:  -33.26833724975586
acc@1:  0.14769520225776106
epoch: 16 region loss 0.17051094890510948 loc loss 0.7510497373037964 reward loss -37.552485960243395
epoch:  17 batch:  0 region_loss:  10.0 10.0 loc_loss:  0.8488951110839844 reward_loss:  -42.44475555419922
epoch:  17 batch:  10 region_loss:  10.0 10.0 loc_loss:  0.8867170715332031 reward_loss:  -44.33584976196289
epoch:  17 batch:  20 region_loss:  10.0 10.0 loc_loss:  0.7713286590576172 reward_loss:  -38.56643295288086
epoch:  17 batch:  30 region_loss:  10.0 10.0 loc_loss:  0.8322344207763672 reward_loss:  -41.611724853515625
epoch:  17 batch:  40 region_loss:  10.0 10.0 loc_loss:  0.9237358856201172 reward_loss:  -46.18679428100586
epoch:  17 batch:  50 region_loss:  10.0 10.0 loc_loss:  0.8002465057373047 reward_loss:  -40.012325286865234
epoch:  17 batch:  60 region_loss:  10.0 10.0 loc_loss:  0.8741410064697266 reward_loss:  -43.70704650878906
epoch:  17 batch:  70 region_loss:  10.0 10.0 loc_loss:  0.8192704772949219 reward_loss:  -40.96352005004883
epoch:  17 batch:  80 region_loss:  10.0 10.0 loc_loss:  0.9159624481201172 reward_loss:  -45.79812240600586
epoch:  17 batch:  90 region_loss:  6.0 6.0 loc_loss:  0.5557519149780273 reward_loss:  -27.787595748901367
epoch:  17 batch:  100 region_loss:  8.0 8.0 loc_loss:  0.64743408203125 reward_loss:  -32.3717041015625
epoch:  17 batch:  110 region_loss:  4.0 4.0 loc_loss:  0.3937961578369141 reward_loss:  -19.68979835510254
epoch:  17 batch:  120 region_loss:  5.0 5.0 loc_loss:  0.43897586822509765 reward_loss:  -21.948793411254883
epoch:  17 batch:  130 region_loss:  7.0 7.0 loc_loss:  0.6348831939697266 reward_loss:  -31.744165420532227
acc@1:  0.14722483537158984
epoch: 17 region loss 0.17051094890510948 loc loss 0.7150556377772866 reward loss -35.75278244575445
epoch:  18 batch:  0 region_loss:  10.0 10.0 loc_loss:  0.8055966186523438 reward_loss:  -40.27983474731445
epoch:  18 batch:  10 region_loss:  10.0 10.0 loc_loss:  0.844061279296875 reward_loss:  -42.20306396484375
epoch:  18 batch:  20 region_loss:  10.0 10.0 loc_loss:  0.7358546447753906 reward_loss:  -36.79273223876953
epoch:  18 batch:  30 region_loss:  10.0 10.0 loc_loss:  0.7892408752441407 reward_loss:  -39.4620361328125
epoch:  18 batch:  40 region_loss:  10.0 10.0 loc_loss:  0.888649673461914 reward_loss:  -44.43247604370117
epoch:  18 batch:  50 region_loss:  10.0 10.0 loc_loss:  0.761158447265625 reward_loss:  -38.05792236328125
epoch:  18 batch:  60 region_loss:  10.0 10.0 loc_loss:  0.8312648010253906 reward_loss:  -41.56324005126953
epoch:  18 batch:  70 region_loss:  10.0 10.0 loc_loss:  0.7803474426269531 reward_loss:  -39.01737594604492
epoch:  18 batch:  80 region_loss:  10.0 10.0 loc_loss:  0.8761318969726563 reward_loss:  -43.80659484863281
epoch:  18 batch:  90 region_loss:  6.0 6.0 loc_loss:  0.5304405975341797 reward_loss:  -26.522029876708984
epoch:  18 batch:  100 region_loss:  8.0 8.0 loc_loss:  0.6164929962158203 reward_loss:  -30.82465362548828
epoch:  18 batch:  110 region_loss:  4.0 4.0 loc_loss:  0.37498931884765624 reward_loss:  -18.749465942382812
epoch:  18 batch:  120 region_loss:  5.0 5.0 loc_loss:  0.4164868927001953 reward_loss:  -20.824357986450195
epoch:  18 batch:  130 region_loss:  7.0 7.0 loc_loss:  0.6062400436401367 reward_loss:  -30.312002182006836
acc@1:  0.14816556914393228
epoch: 18 region loss 0.17051094890510948 loc loss 0.6818382066879829 reward loss -34.09190968005326
epoch:  19 batch:  0 region_loss:  10.0 10.0 loc_loss:  0.7658519744873047 reward_loss:  -38.29259490966797
epoch:  19 batch:  10 region_loss:  10.0 10.0 loc_loss:  0.8049756622314453 reward_loss:  -40.248779296875
epoch:  19 batch:  20 region_loss:  10.0 10.0 loc_loss:  0.7037779235839844 reward_loss:  -35.18889236450195
epoch:  19 batch:  30 region_loss:  10.0 10.0 loc_loss:  0.7496934509277344 reward_loss:  -37.48466873168945
epoch:  19 batch:  40 region_loss:  10.0 10.0 loc_loss:  0.8558290100097656 reward_loss:  -42.79145050048828
epoch:  19 batch:  50 region_loss:  10.0 10.0 loc_loss:  0.7255079650878906 reward_loss:  -36.275394439697266
epoch:  19 batch:  60 region_loss:  10.0 10.0 loc_loss:  0.7906938171386719 reward_loss:  -39.53469467163086
epoch:  19 batch:  70 region_loss:  10.0 10.0 loc_loss:  0.7441376495361328 reward_loss:  -37.206878662109375
epoch:  19 batch:  80 region_loss:  10.0 10.0 loc_loss:  0.8382177734375 reward_loss:  -41.910888671875
epoch:  19 batch:  90 region_loss:  6.0 6.0 loc_loss:  0.5063114166259766 reward_loss:  -25.315568923950195
epoch:  19 batch:  100 region_loss:  8.0 8.0 loc_loss:  0.5876573944091796 reward_loss:  -29.38286590576172
epoch:  19 batch:  110 region_loss:  4.0 4.0 loc_loss:  0.3570165252685547 reward_loss:  -17.850826263427734
epoch:  19 batch:  120 region_loss:  5.0 5.0 loc_loss:  0.3952772903442383 reward_loss:  -19.76386260986328
epoch:  19 batch:  130 region_loss:  7.0 7.0 loc_loss:  0.5792904281616211 reward_loss:  -28.964521408081055
acc@1:  0.1458137347130762
epoch: 19 region loss 0.17051094890510948 loc loss 0.65100991993925 reward loss -32.550494667387355
epoch:  20 batch:  0 region_loss:  10.0 10.0 loc_loss:  0.7289298248291015 reward_loss:  -36.44649124145508
epoch:  20 batch:  10 region_loss:  10.0 10.0 loc_loss:  0.7689143371582031 reward_loss:  -38.445716857910156
epoch:  20 batch:  20 region_loss:  10.0 10.0 loc_loss:  0.6744737243652343 reward_loss:  -33.72368621826172
epoch:  20 batch:  30 region_loss:  10.0 10.0 loc_loss:  0.7130926513671875 reward_loss:  -35.654632568359375
epoch:  20 batch:  40 region_loss:  10.0 10.0 loc_loss:  0.824809799194336 reward_loss:  -41.240478515625
epoch:  20 batch:  50 region_loss:  10.0 10.0 loc_loss:  0.6928135681152344 reward_loss:  -34.64067459106445
epoch:  20 batch:  60 region_loss:  10.0 10.0 loc_loss:  0.7522838592529297 reward_loss:  -37.61419677734375
epoch:  20 batch:  70 region_loss:  10.0 10.0 loc_loss:  0.7103036499023437 reward_loss:  -35.51516342163086
epoch:  20 batch:  80 region_loss:  10.0 10.0 loc_loss:  0.8019798278808594 reward_loss:  -40.098995208740234
epoch:  20 batch:  90 region_loss:  6.0 6.0 loc_loss:  0.48339324951171875 reward_loss:  -24.169662475585938
epoch:  20 batch:  100 region_loss:  8.0 8.0 loc_loss:  0.560639877319336 reward_loss:  -28.031991958618164
epoch:  20 batch:  110 region_loss:  4.0 4.0 loc_loss:  0.339748649597168 reward_loss:  -16.98743438720703
epoch:  20 batch:  120 region_loss:  5.0 5.0 loc_loss:  0.3751120758056641 reward_loss:  -18.755603790283203
epoch:  20 batch:  130 region_loss:  7.0 7.0 loc_loss:  0.5536235046386718 reward_loss:  -27.68117332458496
acc@1:  0.14299153339604892
epoch: 20 region loss 0.17051094890510948 loc loss 0.6222082655969328 reward loss -31.11041270903427
epoch:  21 batch:  0 region_loss:  10.0 10.0 loc_loss:  0.6944953155517578 reward_loss:  -34.724769592285156
epoch:  21 batch:  10 region_loss:  10.0 10.0 loc_loss:  0.7352993011474609 reward_loss:  -36.76496887207031
epoch:  21 batch:  20 region_loss:  10.0 10.0 loc_loss:  0.6473822784423828 reward_loss:  -32.36911392211914
epoch:  21 batch:  30 region_loss:  10.0 10.0 loc_loss:  0.6789640808105468 reward_loss:  -33.94820022583008
epoch:  21 batch:  40 region_loss:  10.0 10.0 loc_loss:  0.7952968597412109 reward_loss:  -39.76484680175781
epoch:  21 batch:  50 region_loss:  10.0 10.0 loc_loss:  0.6626596832275391 reward_loss:  -33.13298416137695
epoch:  21 batch:  60 region_loss:  10.0 10.0 loc_loss:  0.7158229064941406 reward_loss:  -35.791141510009766
epoch:  21 batch:  70 region_loss:  10.0 10.0 loc_loss:  0.6784381103515625 reward_loss:  -33.921905517578125
epoch:  21 batch:  80 region_loss:  10.0 10.0 loc_loss:  0.7671458435058593 reward_loss:  -38.35729217529297
epoch:  21 batch:  90 region_loss:  6.0 6.0 loc_loss:  0.46148880004882814 reward_loss:  -23.074440002441406
epoch:  21 batch:  100 region_loss:  8.0 8.0 loc_loss:  0.5350706100463867 reward_loss:  -26.753528594970703
epoch:  21 batch:  110 region_loss:  4.0 4.0 loc_loss:  0.3231323623657227 reward_loss:  -16.156618118286133
epoch:  21 batch:  120 region_loss:  5.0 5.0 loc_loss:  0.35603115081787107 reward_loss:  -17.801557540893555
epoch:  21 batch:  130 region_loss:  7.0 7.0 loc_loss:  0.5291626358032226 reward_loss:  -26.458133697509766
acc@1:  0.13922859830667922
epoch: 21 region loss 0.17051094890510948 loc loss 0.5951222769187315 reward loss -29.756112648622832
epoch:  22 batch:  0 region_loss:  10.0 10.0 loc_loss:  0.6620234680175782 reward_loss:  -33.10116958618164
epoch:  22 batch:  10 region_loss:  10.0 10.0 loc_loss:  0.7037525939941406 reward_loss:  -35.18762969970703
epoch:  22 batch:  20 region_loss:  10.0 10.0 loc_loss:  0.6221385192871094 reward_loss:  -31.1069278717041
epoch:  22 batch:  30 region_loss:  10.0 10.0 loc_loss:  0.6469509124755859 reward_loss:  -32.3475456237793
epoch:  22 batch:  40 region_loss:  10.0 10.0 loc_loss:  0.7669231414794921 reward_loss:  -38.34615707397461
epoch:  22 batch:  50 region_loss:  10.0 10.0 loc_loss:  0.6346242904663086 reward_loss:  -31.731212615966797
epoch:  22 batch:  60 region_loss:  10.0 10.0 loc_loss:  0.6813517761230469 reward_loss:  -34.067588806152344
epoch:  22 batch:  70 region_loss:  10.0 10.0 loc_loss:  0.6483061218261719 reward_loss:  -32.415306091308594
epoch:  22 batch:  80 region_loss:  10.0 10.0 loc_loss:  0.7336948394775391 reward_loss:  -36.68473434448242
epoch:  22 batch:  90 region_loss:  6.0 6.0 loc_loss:  0.44050605773925783 reward_loss:  -22.02530288696289
epoch:  22 batch:  100 region_loss:  8.0 8.0 loc_loss:  0.5107893753051758 reward_loss:  -25.53946876525879
epoch:  22 batch:  110 region_loss:  4.0 4.0 loc_loss:  0.30722627639770506 reward_loss:  -15.36131477355957
epoch:  22 batch:  120 region_loss:  5.0 5.0 loc_loss:  0.3379149627685547 reward_loss:  -16.895751953125
epoch:  22 batch:  130 region_loss:  7.0 7.0 loc_loss:  0.5057225036621094 reward_loss:  -25.286128997802734
acc@1:  0.138758231420508
epoch: 22 region loss 0.17051094890510948 loc loss 0.5695186584361278 reward loss -28.475934014703235
epoch:  23 batch:  0 region_loss:  10.0 10.0 loc_loss:  0.6312443923950195 reward_loss:  -31.562223434448242
epoch:  23 batch:  10 region_loss:  10.0 10.0 loc_loss:  0.6739452362060547 reward_loss:  -33.697261810302734
epoch:  23 batch:  20 region_loss:  10.0 10.0 loc_loss:  0.5983356857299804 reward_loss:  -29.916786193847656
epoch:  23 batch:  30 region_loss:  10.0 10.0 loc_loss:  0.6167737579345703 reward_loss:  -30.838687896728516
epoch:  23 batch:  40 region_loss:  10.0 10.0 loc_loss:  0.7394638061523438 reward_loss:  -36.97319030761719
epoch:  23 batch:  50 region_loss:  10.0 10.0 loc_loss:  0.6083018112182618 reward_loss:  -30.41509246826172
epoch:  23 batch:  60 region_loss:  10.0 10.0 loc_loss:  0.6485983276367188 reward_loss:  -32.42991256713867
epoch:  23 batch:  70 region_loss:  10.0 10.0 loc_loss:  0.619748191833496 reward_loss:  -30.987409591674805
epoch:  23 batch:  80 region_loss:  10.0 10.0 loc_loss:  0.7013072967529297 reward_loss:  -35.065059661865234
epoch:  23 batch:  90 region_loss:  6.0 6.0 loc_loss:  0.4202993392944336 reward_loss:  -21.01496696472168
epoch:  23 batch:  100 region_loss:  8.0 8.0 loc_loss:  0.48766555786132815 reward_loss:  -24.383277893066406
epoch:  23 batch:  110 region_loss:  4.0 4.0 loc_loss:  0.29198341369628905 reward_loss:  -14.599170684814453
epoch:  23 batch:  120 region_loss:  5.0 5.0 loc_loss:  0.3207128143310547 reward_loss:  -16.035642623901367
epoch:  23 batch:  130 region_loss:  7.0 7.0 loc_loss:  0.48304569244384765 reward_loss:  -24.15228271484375
acc@1:  0.1354656632173095
epoch: 23 region loss 0.17051094890510948 loc loss 0.5451819847274 reward loss -27.2590967303645
epoch:  24 batch:  0 region_loss:  10.0 10.0 loc_loss:  0.6021097946166992 reward_loss:  -30.105485916137695
epoch:  24 batch:  10 region_loss:  10.0 10.0 loc_loss:  0.6455554962158203 reward_loss:  -32.277774810791016
epoch:  24 batch:  20 region_loss:  10.0 10.0 loc_loss:  0.575845832824707 reward_loss:  -28.792295455932617
epoch:  24 batch:  30 region_loss:  10.0 10.0 loc_loss:  0.5882250213623047 reward_loss:  -29.411251068115234
epoch:  24 batch:  40 region_loss:  10.0 10.0 loc_loss:  0.7128193664550782 reward_loss:  -35.640968322753906
epoch:  24 batch:  50 region_loss:  10.0 10.0 loc_loss:  0.5833708953857422 reward_loss:  -29.168540954589844
epoch:  24 batch:  60 region_loss:  10.0 10.0 loc_loss:  0.6175080490112305 reward_loss:  -30.87540054321289
epoch:  24 batch:  70 region_loss:  10.0 10.0 loc_loss:  0.5926229095458985 reward_loss:  -29.631149291992188
epoch:  24 batch:  80 region_loss:  10.0 10.0 loc_loss:  0.6700837707519531 reward_loss:  -33.50418472290039
epoch:  24 batch:  90 region_loss:  6.0 6.0 loc_loss:  0.4008663558959961 reward_loss:  -20.043319702148438
epoch:  24 batch:  100 region_loss:  8.0 8.0 loc_loss:  0.46554912567138673 reward_loss:  -23.277454376220703
epoch:  24 batch:  110 region_loss:  4.0 4.0 loc_loss:  0.2773356056213379 reward_loss:  -13.866779327392578
epoch:  24 batch:  120 region_loss:  5.0 5.0 loc_loss:  0.30433002471923826 reward_loss:  -15.21650218963623
epoch:  24 batch:  130 region_loss:  7.0 7.0 loc_loss:  0.46118648529052736 reward_loss:  -23.059322357177734
acc@1:  0.1354656632173095
epoch: 24 region loss 0.17051094890510948 loc loss 0.5219563850347143 reward loss -26.09782147929616
epoch:  25 batch:  0 region_loss:  10.0 10.0 loc_loss:  0.5742798233032227 reward_loss:  -28.713987350463867
epoch:  25 batch:  10 region_loss:  10.0 10.0 loc_loss:  0.6184403228759766 reward_loss:  -30.92201042175293
epoch:  25 batch:  20 region_loss:  10.0 10.0 loc_loss:  0.5545163726806641 reward_loss:  -27.725818634033203
epoch:  25 batch:  30 region_loss:  10.0 10.0 loc_loss:  0.5610120391845703 reward_loss:  -28.050600051879883
epoch:  25 batch:  40 region_loss:  10.0 10.0 loc_loss:  0.6868663024902344 reward_loss:  -34.343318939208984
epoch:  25 batch:  50 region_loss:  10.0 10.0 loc_loss:  0.5596354293823242 reward_loss:  -27.98177146911621
epoch:  25 batch:  60 region_loss:  10.0 10.0 loc_loss:  0.5879133224487305 reward_loss:  -29.395668029785156
epoch:  25 batch:  70 region_loss:  10.0 10.0 loc_loss:  0.5667432022094726 reward_loss:  -28.337156295776367
epoch:  25 batch:  80 region_loss:  10.0 10.0 loc_loss:  0.6399131774902344 reward_loss:  -31.995656967163086
epoch:  25 batch:  90 region_loss:  6.0 6.0 loc_loss:  0.38205760955810547 reward_loss:  -19.102880477905273
epoch:  25 batch:  100 region_loss:  8.0 8.0 loc_loss:  0.44432323455810546 reward_loss:  -22.21615982055664
epoch:  25 batch:  110 region_loss:  4.0 4.0 loc_loss:  0.26329832077026366 reward_loss:  -13.164916038513184
epoch:  25 batch:  120 region_loss:  5.0 5.0 loc_loss:  0.28874807357788085 reward_loss:  -14.437403678894043
epoch:  25 batch:  130 region_loss:  7.0 7.0 loc_loss:  0.4400182342529297 reward_loss:  -22.000913619995117
acc@1:  0.13452492944496708
epoch: 25 region loss 0.17051094890510948 loc loss 0.4997065229485505 reward loss -24.98532575412388
epoch:  26 batch:  0 region_loss:  10.0 10.0 loc_loss:  0.5476438903808594 reward_loss:  -27.38219451904297
epoch:  26 batch:  10 region_loss:  10.0 10.0 loc_loss:  0.5924300003051758 reward_loss:  -29.621498107910156
epoch:  26 batch:  20 region_loss:  10.0 10.0 loc_loss:  0.5340439605712891 reward_loss:  -26.70219612121582
epoch:  26 batch:  30 region_loss:  10.0 10.0 loc_loss:  0.5351573181152344 reward_loss:  -26.75786590576172
epoch:  26 batch:  40 region_loss:  10.0 10.0 loc_loss:  0.6615711975097657 reward_loss:  -33.07855987548828
epoch:  26 batch:  50 region_loss:  10.0 10.0 loc_loss:  0.5369204330444336 reward_loss:  -26.846025466918945
epoch:  26 batch:  60 region_loss:  10.0 10.0 loc_loss:  0.5596438598632812 reward_loss:  -27.982192993164062
epoch:  26 batch:  70 region_loss:  10.0 10.0 loc_loss:  0.5421275329589844 reward_loss:  -27.10637664794922
epoch:  26 batch:  80 region_loss:  10.0 10.0 loc_loss:  0.6107538986206055 reward_loss:  -30.537691116333008
epoch:  26 batch:  90 region_loss:  6.0 6.0 loc_loss:  0.36382820129394533 reward_loss:  -18.1914119720459
epoch:  26 batch:  100 region_loss:  8.0 8.0 loc_loss:  0.4238709259033203 reward_loss:  -21.193546295166016
epoch:  26 batch:  110 region_loss:  4.0 4.0 loc_loss:  0.24983596801757812 reward_loss:  -12.49179744720459
epoch:  26 batch:  120 region_loss:  5.0 5.0 loc_loss:  0.27376340866088866 reward_loss:  -13.688170433044434
epoch:  26 batch:  130 region_loss:  7.0 7.0 loc_loss:  0.4194464111328125 reward_loss:  -20.972320556640625
acc@1:  0.13405456255879586
epoch: 26 region loss 0.17051094890510948 loc loss 0.4783201991728622 reward loss -23.916010334543937
epoch:  27 batch:  0 region_loss:  10.0 10.0 loc_loss:  0.5221592330932617 reward_loss:  -26.10796546936035
epoch:  27 batch:  10 region_loss:  10.0 10.0 loc_loss:  0.5674922561645508 reward_loss:  -28.374614715576172
epoch:  27 batch:  20 region_loss:  10.0 10.0 loc_loss:  0.5144285583496093 reward_loss:  -25.72142791748047
epoch:  27 batch:  30 region_loss:  10.0 10.0 loc_loss:  0.5103564453125 reward_loss:  -25.517822265625
epoch:  27 batch:  40 region_loss:  10.0 10.0 loc_loss:  0.6368704223632813 reward_loss:  -31.84351348876953
epoch:  27 batch:  50 region_loss:  10.0 10.0 loc_loss:  0.5150732040405274 reward_loss:  -25.753658294677734
epoch:  27 batch:  60 region_loss:  10.0 10.0 loc_loss:  0.5325604248046875 reward_loss:  -26.628019332885742
epoch:  27 batch:  70 region_loss:  10.0 10.0 loc_loss:  0.5184688186645507 reward_loss:  -25.923439025878906
epoch:  27 batch:  80 region_loss:  10.0 10.0 loc_loss:  0.5824219894409179 reward_loss:  -29.121095657348633
epoch:  27 batch:  90 region_loss:  6.0 6.0 loc_loss:  0.3462001037597656 reward_loss:  -17.31000518798828
epoch:  27 batch:  100 region_loss:  8.0 8.0 loc_loss:  0.4041471099853516 reward_loss:  -20.207355499267578
epoch:  27 batch:  110 region_loss:  4.0 4.0 loc_loss:  0.23684839248657227 reward_loss:  -11.842421531677246
epoch:  27 batch:  120 region_loss:  5.0 5.0 loc_loss:  0.25941076278686526 reward_loss:  -12.970538139343262
epoch:  27 batch:  130 region_loss:  7.0 7.0 loc_loss:  0.3994891357421875 reward_loss:  -19.974456787109375
acc@1:  0.13123236124176857
epoch: 27 region loss 0.17051094890510948 loc loss 0.4576976937621179 reward loss -22.884884990914895
epoch:  28 batch:  0 region_loss:  10.0 10.0 loc_loss:  0.49769699096679687 reward_loss:  -24.884849548339844
epoch:  28 batch:  10 region_loss:  10.0 10.0 loc_loss:  0.5432826614379883 reward_loss:  -27.164134979248047
epoch:  28 batch:  20 region_loss:  10.0 10.0 loc_loss:  0.495428581237793 reward_loss:  -24.771432876586914
epoch:  28 batch:  30 region_loss:  10.0 10.0 loc_loss:  0.4866209030151367 reward_loss:  -24.331045150756836
epoch:  28 batch:  40 region_loss:  10.0 10.0 loc_loss:  0.61261962890625 reward_loss:  -30.6309814453125
epoch:  28 batch:  50 region_loss:  10.0 10.0 loc_loss:  0.4939488983154297 reward_loss:  -24.69744300842285
epoch:  28 batch:  60 region_loss:  10.0 10.0 loc_loss:  0.5066579818725586 reward_loss:  -25.33289909362793
epoch:  28 batch:  70 region_loss:  10.0 10.0 loc_loss:  0.4958684539794922 reward_loss:  -24.793420791625977
epoch:  28 batch:  80 region_loss:  10.0 10.0 loc_loss:  0.5549964141845704 reward_loss:  -27.74982452392578
epoch:  28 batch:  90 region_loss:  6.0 6.0 loc_loss:  0.32906303405761717 reward_loss:  -16.453147888183594
epoch:  28 batch:  100 region_loss:  8.0 8.0 loc_loss:  0.38511348724365235 reward_loss:  -19.255672454833984
epoch:  28 batch:  110 region_loss:  4.0 4.0 loc_loss:  0.2243009948730469 reward_loss:  -11.215049743652344
epoch:  28 batch:  120 region_loss:  5.0 5.0 loc_loss:  0.24562593460083007 reward_loss:  -12.281295776367188
epoch:  28 batch:  130 region_loss:  7.0 7.0 loc_loss:  0.38012741088867186 reward_loss:  -19.006370544433594
acc@1:  0.12982126058325494
epoch: 28 region loss 0.17051094890510948 loc loss 0.43777396424843446 reward loss -21.888698282032987
epoch:  29 batch:  0 region_loss:  10.0 10.0 loc_loss:  0.47416454315185547 reward_loss:  -23.70822525024414
epoch:  29 batch:  10 region_loss:  10.0 10.0 loc_loss:  0.5199394226074219 reward_loss:  -25.996971130371094
epoch:  29 batch:  20 region_loss:  10.0 10.0 loc_loss:  0.47702396392822266 reward_loss:  -23.851198196411133
epoch:  29 batch:  30 region_loss:  10.0 10.0 loc_loss:  0.4637620162963867 reward_loss:  -23.188100814819336
epoch:  29 batch:  40 region_loss:  10.0 10.0 loc_loss:  0.5889894866943359 reward_loss:  -29.449472427368164
epoch:  29 batch:  50 region_loss:  10.0 10.0 loc_loss:  0.4734471893310547 reward_loss:  -23.672359466552734
epoch:  29 batch:  60 region_loss:  10.0 10.0 loc_loss:  0.48175094604492186 reward_loss:  -24.087543487548828
epoch:  29 batch:  70 region_loss:  10.0 10.0 loc_loss:  0.4740772247314453 reward_loss:  -23.703861236572266
epoch:  29 batch:  80 region_loss:  10.0 10.0 loc_loss:  0.5283037567138672 reward_loss:  -26.41518783569336
epoch:  29 batch:  90 region_loss:  6.0 6.0 loc_loss:  0.3124762153625488 reward_loss:  -15.623809814453125
epoch:  29 batch:  100 region_loss:  8.0 8.0 loc_loss:  0.36665695190429687 reward_loss:  -18.332849502563477
epoch:  29 batch:  110 region_loss:  4.0 4.0 loc_loss:  0.21218641281127928 reward_loss:  -10.609320640563965
epoch:  29 batch:  120 region_loss:  5.0 5.0 loc_loss:  0.2323614501953125 reward_loss:  -11.618071556091309
epoch:  29 batch:  130 region_loss:  7.0 7.0 loc_loss:  0.3613216781616211 reward_loss:  -18.066082000732422
acc@1:  0.1288805268109125
epoch: 29 region loss 0.17051094890510948 loc loss 0.418475617109424 reward loss -20.923780451725868
epoch:  30 batch:  0 region_loss:  10.0 10.0 loc_loss:  0.4514796447753906 reward_loss:  -22.5739803314209
epoch:  30 batch:  10 region_loss:  10.0 10.0 loc_loss:  0.49726688385009765 reward_loss:  -24.86334228515625
epoch:  30 batch:  20 region_loss:  10.0 10.0 loc_loss:  0.4591874694824219 reward_loss:  -22.95937728881836
epoch:  30 batch:  30 region_loss:  10.0 10.0 loc_loss:  0.4417781066894531 reward_loss:  -22.08890724182129
epoch:  30 batch:  40 region_loss:  10.0 10.0 loc_loss:  0.5657429122924804 reward_loss:  -28.287145614624023
epoch:  30 batch:  50 region_loss:  10.0 10.0 loc_loss:  0.4534885787963867 reward_loss:  -22.674427032470703
epoch:  30 batch:  60 region_loss:  10.0 10.0 loc_loss:  0.4578450393676758 reward_loss:  -22.892250061035156
epoch:  30 batch:  70 region_loss:  10.0 10.0 loc_loss:  0.45299301147460935 reward_loss:  -22.64965057373047
epoch:  30 batch:  80 region_loss:  10.0 10.0 loc_loss:  0.502413673400879 reward_loss:  -25.120689392089844
epoch:  30 batch:  90 region_loss:  6.0 6.0 loc_loss:  0.2962966537475586 reward_loss:  -14.814831733703613
epoch:  30 batch:  100 region_loss:  8.0 8.0 loc_loss:  0.34891639709472655 reward_loss:  -17.44582176208496
epoch:  30 batch:  110 region_loss:  4.0 4.0 loc_loss:  0.20047117233276368 reward_loss:  -10.023557662963867
epoch:  30 batch:  120 region_loss:  5.0 5.0 loc_loss:  0.21963054656982423 reward_loss:  -10.981528282165527
epoch:  30 batch:  130 region_loss:  7.0 7.0 loc_loss:  0.34306720733642576 reward_loss:  -17.15336036682129
acc@1:  0.1284101599247413
epoch: 30 region loss 0.17051094890510948 loc loss 0.3997622734264736 reward loss -19.988113234512998
epoch:  31 batch:  0 region_loss:  10.0 10.0 loc_loss:  0.42951408386230466 reward_loss:  -21.475704193115234
epoch:  31 batch:  10 region_loss:  10.0 10.0 loc_loss:  0.4751786422729492 reward_loss:  -23.758930206298828
epoch:  31 batch:  20 region_loss:  10.0 10.0 loc_loss:  0.44179615020751956 reward_loss:  -22.089805603027344
epoch:  31 batch:  30 region_loss:  10.0 10.0 loc_loss:  0.42052719116210935 reward_loss:  -21.0263614654541
epoch:  31 batch:  40 region_loss:  10.0 10.0 loc_loss:  0.542946548461914 reward_loss:  -27.147327423095703
epoch:  31 batch:  50 region_loss:  10.0 10.0 loc_loss:  0.434178466796875 reward_loss:  -21.708925247192383
epoch:  31 batch:  60 region_loss:  10.0 10.0 loc_loss:  0.4347781753540039 reward_loss:  -21.738908767700195
epoch:  31 batch:  70 region_loss:  10.0 10.0 loc_loss:  0.4326471710205078 reward_loss:  -21.63235855102539
epoch:  31 batch:  80 region_loss:  10.0 10.0 loc_loss:  0.47722305297851564 reward_loss:  -23.86115074157715
epoch:  31 batch:  90 region_loss:  6.0 6.0 loc_loss:  0.2806836700439453 reward_loss:  -14.034183502197266
epoch:  31 batch:  100 region_loss:  8.0 8.0 loc_loss:  0.33160167694091797 reward_loss:  -16.58008575439453
epoch:  31 batch:  110 region_loss:  4.0 4.0 loc_loss:  0.18915054321289063 reward_loss:  -9.457526206970215
epoch:  31 batch:  120 region_loss:  5.0 5.0 loc_loss:  0.2073243713378906 reward_loss:  -10.366220474243164
epoch:  31 batch:  130 region_loss:  7.0 7.0 loc_loss:  0.325355224609375 reward_loss:  -16.26776123046875
acc@1:  0.12699905926622765
epoch: 31 region loss 0.17051094890510948 loc loss 0.3816006739818267 reward loss -19.080033472854726
epoch:  32 batch:  0 region_loss:  10.0 10.0 loc_loss:  0.40838470458984377 reward_loss:  -20.41922378540039
epoch:  32 batch:  10 region_loss:  10.0 10.0 loc_loss:  0.4538776397705078 reward_loss:  -22.693878173828125
epoch:  32 batch:  20 region_loss:  10.0 10.0 loc_loss:  0.4249016571044922 reward_loss:  -21.245084762573242
epoch:  32 batch:  30 region_loss:  10.0 10.0 loc_loss:  0.3999449157714844 reward_loss:  -19.997243881225586
epoch:  32 batch:  40 region_loss:  10.0 10.0 loc_loss:  0.520597267150879 reward_loss:  -26.029863357543945
epoch:  32 batch:  50 region_loss:  10.0 10.0 loc_loss:  0.41516647338867185 reward_loss:  -20.758323669433594
epoch:  32 batch:  60 region_loss:  10.0 10.0 loc_loss:  0.41260787963867185 reward_loss:  -20.63039207458496
epoch:  32 batch:  70 region_loss:  10.0 10.0 loc_loss:  0.41290252685546874 reward_loss:  -20.645124435424805
epoch:  32 batch:  80 region_loss:  10.0 10.0 loc_loss:  0.4527133560180664 reward_loss:  -22.63566780090332
epoch:  32 batch:  90 region_loss:  6.0 6.0 loc_loss:  0.2655036926269531 reward_loss:  -13.27518367767334
epoch:  32 batch:  100 region_loss:  8.0 8.0 loc_loss:  0.31503787994384763 reward_loss:  -15.751893997192383
epoch:  32 batch:  110 region_loss:  4.0 4.0 loc_loss:  0.17827178955078124 reward_loss:  -8.913590431213379
epoch:  32 batch:  120 region_loss:  5.0 5.0 loc_loss:  0.19551979064941405 reward_loss:  -9.77599048614502
epoch:  32 batch:  130 region_loss:  7.0 7.0 loc_loss:  0.30821273803710936 reward_loss:  -15.410636901855469
acc@1:  0.12605832549388524
epoch: 32 region loss 0.17051094890510948 loc loss 0.36395978141005025 reward loss -18.197988837304777
epoch:  33 batch:  0 region_loss:  10.0 10.0 loc_loss:  0.38784000396728513 reward_loss:  -19.391998291015625
epoch:  33 batch:  10 region_loss:  10.0 10.0 loc_loss:  0.4331103515625 reward_loss:  -21.655517578125
epoch:  33 batch:  20 region_loss:  10.0 10.0 loc_loss:  0.4084060287475586 reward_loss:  -20.420303344726562
epoch:  33 batch:  30 region_loss:  10.0 10.0 loc_loss:  0.38007080078125 reward_loss:  -19.0035400390625
epoch:  33 batch:  40 region_loss:  10.0 10.0 loc_loss:  0.4986465072631836 reward_loss:  -24.932327270507812
epoch:  33 batch:  50 region_loss:  10.0 10.0 loc_loss:  0.3967594146728516 reward_loss:  -19.837970733642578
epoch:  33 batch:  60 region_loss:  10.0 10.0 loc_loss:  0.3911843490600586 reward_loss:  -19.55922508239746
epoch:  33 batch:  70 region_loss:  10.0 10.0 loc_loss:  0.393817253112793 reward_loss:  -19.690860748291016
epoch:  33 batch:  80 region_loss:  10.0 10.0 loc_loss:  0.4288652420043945 reward_loss:  -21.44326400756836
epoch:  33 batch:  90 region_loss:  6.0 6.0 loc_loss:  0.250799560546875 reward_loss:  -12.53997802734375
epoch:  33 batch:  100 region_loss:  8.0 8.0 loc_loss:  0.29890335083007813 reward_loss:  -14.945168495178223
epoch:  33 batch:  110 region_loss:  4.0 4.0 loc_loss:  0.16773941040039062 reward_loss:  -8.386970520019531
epoch:  33 batch:  120 region_loss:  5.0 5.0 loc_loss:  0.18416748046875 reward_loss:  -9.2083740234375
epoch:  33 batch:  130 region_loss:  7.0 7.0 loc_loss:  0.29162212371826174 reward_loss:  -14.581106185913086
acc@1:  0.12558795860771402
epoch: 33 region loss 0.17051094890510948 loc loss 0.3468366996737292 reward loss -17.34183571112417
epoch:  34 batch:  0 region_loss:  10.0 10.0 loc_loss:  0.3680380630493164 reward_loss:  -18.40190315246582
epoch:  34 batch:  10 region_loss:  10.0 10.0 loc_loss:  0.41285888671875 reward_loss:  -20.642946243286133
epoch:  34 batch:  20 region_loss:  10.0 10.0 loc_loss:  0.39229450225830076 reward_loss:  -19.61472511291504
epoch:  34 batch:  30 region_loss:  10.0 10.0 loc_loss:  0.360794792175293 reward_loss:  -18.03973960876465
epoch:  34 batch:  40 region_loss:  10.0 10.0 loc_loss:  0.4771295166015625 reward_loss:  -23.856475830078125
epoch:  34 batch:  50 region_loss:  10.0 10.0 loc_loss:  0.3787581634521484 reward_loss:  -18.937908172607422
epoch:  34 batch:  60 region_loss:  10.0 10.0 loc_loss:  0.37070693969726565 reward_loss:  -18.535348892211914
epoch:  34 batch:  70 region_loss:  10.0 10.0 loc_loss:  0.3752603530883789 reward_loss:  -18.763017654418945
epoch:  34 batch:  80 region_loss:  10.0 10.0 loc_loss:  0.405694580078125 reward_loss:  -20.28472900390625
epoch:  34 batch:  90 region_loss:  6.0 6.0 loc_loss:  0.23655223846435547 reward_loss:  -11.82761001586914
epoch:  34 batch:  100 region_loss:  8.0 8.0 loc_loss:  0.2834242630004883 reward_loss:  -14.171213150024414
epoch:  34 batch:  110 region_loss:  4.0 4.0 loc_loss:  0.15757901191711426 reward_loss:  -7.878950595855713
epoch:  34 batch:  120 region_loss:  5.0 5.0 loc_loss:  0.17324934005737305 reward_loss:  -8.662467002868652
epoch:  34 batch:  130 region_loss:  7.0 7.0 loc_loss:  0.27555938720703127 reward_loss:  -13.777968406677246
acc@1:  0.1251175917215428
epoch: 34 region loss 0.17051094890510948 loc loss 0.3302125799916956 reward loss -16.51062896477915
epoch:  35 batch:  0 region_loss:  10.0 10.0 loc_loss:  0.34881450653076174 reward_loss:  -17.44072723388672
epoch:  35 batch:  10 region_loss:  10.0 10.0 loc_loss:  0.39326622009277346 reward_loss:  -19.66330909729004
epoch:  35 batch:  20 region_loss:  10.0 10.0 loc_loss:  0.3764476776123047 reward_loss:  -18.822385787963867
epoch:  35 batch:  30 region_loss:  10.0 10.0 loc_loss:  0.342061767578125 reward_loss:  -17.103086471557617
epoch:  35 batch:  40 region_loss:  10.0 10.0 loc_loss:  0.45597621917724607 reward_loss:  -22.798810958862305
epoch:  35 batch:  50 region_loss:  10.0 10.0 loc_loss:  0.36117263793945314 reward_loss:  -18.05863380432129
epoch:  35 batch:  60 region_loss:  10.0 10.0 loc_loss:  0.3507251739501953 reward_loss:  -17.536258697509766
epoch:  35 batch:  70 region_loss:  10.0 10.0 loc_loss:  0.3573566436767578 reward_loss:  -17.86783218383789
epoch:  35 batch:  80 region_loss:  10.0 10.0 loc_loss:  0.38333290100097656 reward_loss:  -19.166645050048828
epoch:  35 batch:  90 region_loss:  6.0 6.0 loc_loss:  0.22278366088867188 reward_loss:  -11.139183044433594
epoch:  35 batch:  100 region_loss:  8.0 8.0 loc_loss:  0.2682903289794922 reward_loss:  -13.414515495300293
epoch:  35 batch:  110 region_loss:  4.0 4.0 loc_loss:  0.14787830352783204 reward_loss:  -7.393915176391602
epoch:  35 batch:  120 region_loss:  5.0 5.0 loc_loss:  0.1628116226196289 reward_loss:  -8.140582084655762
epoch:  35 batch:  130 region_loss:  7.0 7.0 loc_loss:  0.2600681304931641 reward_loss:  -13.003406524658203
acc@1:  0.12323612417685795
epoch: 35 region loss 0.17051094890510948 loc loss 0.31415487827175725 reward loss -15.707743760443082
epoch:  36 batch:  0 region_loss:  10.0 10.0 loc_loss:  0.3302177047729492 reward_loss:  -16.510887145996094
epoch:  36 batch:  10 region_loss:  10.0 10.0 loc_loss:  0.3741376495361328 reward_loss:  -18.70688247680664
epoch:  36 batch:  20 region_loss:  10.0 10.0 loc_loss:  0.36127193450927736 reward_loss:  -18.063596725463867
epoch:  36 batch:  30 region_loss:  10.0 10.0 loc_loss:  0.32405986785888674 reward_loss:  -16.202993392944336
epoch:  36 batch:  40 region_loss:  10.0 10.0 loc_loss:  0.43539535522460937 reward_loss:  -21.76976776123047
epoch:  36 batch:  50 region_loss:  10.0 10.0 loc_loss:  0.3440785598754883 reward_loss:  -17.203929901123047
epoch:  36 batch:  60 region_loss:  10.0 10.0 loc_loss:  0.33188934326171876 reward_loss:  -16.59446907043457
epoch:  36 batch:  70 region_loss:  10.0 10.0 loc_loss:  0.3398226547241211 reward_loss:  -16.991132736206055
epoch:  36 batch:  80 region_loss:  10.0 10.0 loc_loss:  0.36154678344726565 reward_loss:  -18.077341079711914
epoch:  36 batch:  90 region_loss:  6.0 6.0 loc_loss:  0.20956943511962892 reward_loss:  -10.478471755981445
epoch:  36 batch:  100 region_loss:  8.0 8.0 loc_loss:  0.25412525177001954 reward_loss:  -12.706262588500977
epoch:  36 batch:  110 region_loss:  4.0 4.0 loc_loss:  0.1384889602661133 reward_loss:  -6.924448490142822
epoch:  36 batch:  120 region_loss:  5.0 5.0 loc_loss:  0.15278535842895508 reward_loss:  -7.639267921447754
epoch:  36 batch:  130 region_loss:  7.0 7.0 loc_loss:  0.24521921157836915 reward_loss:  -12.260961532592773
acc@1:  0.1213546566321731
epoch: 36 region loss 0.17051094890510948 loc loss 0.2986645367893859 reward loss -14.933227100511537
epoch:  37 batch:  0 region_loss:  10.0 10.0 loc_loss:  0.31221952438354494 reward_loss:  -15.610976219177246
epoch:  37 batch:  10 region_loss:  10.0 10.0 loc_loss:  0.3557436752319336 reward_loss:  -17.787181854248047
epoch:  37 batch:  20 region_loss:  10.0 10.0 loc_loss:  0.34612369537353516 reward_loss:  -17.30618667602539
epoch:  37 batch:  30 region_loss:  10.0 10.0 loc_loss:  0.3066128349304199 reward_loss:  -15.330641746520996
epoch:  37 batch:  40 region_loss:  10.0 10.0 loc_loss:  0.4151273727416992 reward_loss:  -20.756370544433594
epoch:  37 batch:  50 region_loss:  10.0 10.0 loc_loss:  0.3274869918823242 reward_loss:  -16.37434959411621
epoch:  37 batch:  60 region_loss:  10.0 10.0 loc_loss:  0.31327768325805666 reward_loss:  -15.6638822555542
epoch:  37 batch:  70 region_loss:  10.0 10.0 loc_loss:  0.3231937789916992 reward_loss:  -16.15968894958496
epoch:  37 batch:  80 region_loss:  10.0 10.0 loc_loss:  0.3406225204467773 reward_loss:  -17.0311279296875
epoch:  37 batch:  90 region_loss:  6.0 6.0 loc_loss:  0.19674983978271485 reward_loss:  -9.837491989135742
epoch:  37 batch:  100 region_loss:  8.0 8.0 loc_loss:  0.23961654663085938 reward_loss:  -11.980827331542969
epoch:  37 batch:  110 region_loss:  4.0 4.0 loc_loss:  0.12958647727966308 reward_loss:  -6.479323387145996
epoch:  37 batch:  120 region_loss:  5.0 5.0 loc_loss:  0.1431894302368164 reward_loss:  -7.15947151184082
epoch:  37 batch:  130 region_loss:  7.0 7.0 loc_loss:  0.2307421875 reward_loss:  -11.537109375
acc@1:  0.11853245531514581
epoch: 37 region loss 0.17051094890510948 loc loss 0.28363369297807234 reward loss -14.18168450010954
epoch:  38 batch:  0 region_loss:  10.0 10.0 loc_loss:  0.2949726104736328 reward_loss:  -14.748631477355957
epoch:  38 batch:  10 region_loss:  10.0 10.0 loc_loss:  0.3375857162475586 reward_loss:  -16.87928581237793
epoch:  38 batch:  20 region_loss:  10.0 10.0 loc_loss:  0.33187160491943357 reward_loss:  -16.59358024597168
epoch:  38 batch:  30 region_loss:  10.0 10.0 loc_loss:  0.2898710250854492 reward_loss:  -14.493550300598145
epoch:  38 batch:  40 region_loss:  10.0 10.0 loc_loss:  0.39544105529785156 reward_loss:  -19.772052764892578
epoch:  38 batch:  50 region_loss:  10.0 10.0 loc_loss:  0.3115156936645508 reward_loss:  -15.575785636901855
epoch:  38 batch:  60 region_loss:  10.0 10.0 loc_loss:  0.29606428146362307 reward_loss:  -14.803215026855469
epoch:  38 batch:  70 region_loss:  10.0 10.0 loc_loss:  0.3065831756591797 reward_loss:  -15.3291597366333
epoch:  38 batch:  80 region_loss:  10.0 10.0 loc_loss:  0.3202663040161133 reward_loss:  -16.013315200805664
epoch:  38 batch:  90 region_loss:  6.0 6.0 loc_loss:  0.1845700263977051 reward_loss:  -9.228500366210938
epoch:  38 batch:  100 region_loss:  8.0 8.0 loc_loss:  0.2273790168762207 reward_loss:  -11.368949890136719
epoch:  38 batch:  110 region_loss:  4.0 4.0 loc_loss:  0.1210082721710205 reward_loss:  -6.050414085388184
epoch:  38 batch:  120 region_loss:  5.0 5.0 loc_loss:  0.13401037216186523 reward_loss:  -6.70051908493042
epoch:  38 batch:  130 region_loss:  7.0 7.0 loc_loss:  0.21716888427734374 reward_loss:  -10.858445167541504
acc@1:  0.11759172154280338
epoch: 38 region loss 0.17051094890510948 loc loss 0.26916062125324336 reward loss -13.458029774853783
epoch:  39 batch:  0 region_loss:  10.0 10.0 loc_loss:  0.27827362060546873 reward_loss:  -13.913681983947754
epoch:  39 batch:  10 region_loss:  10.0 10.0 loc_loss:  0.32051692962646483 reward_loss:  -16.02584457397461
epoch:  39 batch:  20 region_loss:  10.0 10.0 loc_loss:  0.3174724006652832 reward_loss:  -15.87362289428711
epoch:  39 batch:  30 region_loss:  10.0 10.0 loc_loss:  0.27364912033081057 reward_loss:  -13.682455062866211
epoch:  39 batch:  40 region_loss:  10.0 10.0 loc_loss:  0.37610595703125 reward_loss:  -18.8052978515625
epoch:  39 batch:  50 region_loss:  10.0 10.0 loc_loss:  0.29646026611328125 reward_loss:  -14.823014259338379
epoch:  39 batch:  60 region_loss:  10.0 10.0 loc_loss:  0.2787420082092285 reward_loss:  -13.937101364135742
epoch:  39 batch:  70 region_loss:  10.0 10.0 loc_loss:  0.2911703109741211 reward_loss:  -14.558516502380371
epoch:  39 batch:  80 region_loss:  10.0 10.0 loc_loss:  0.3009470748901367 reward_loss:  -15.047354698181152
epoch:  39 batch:  90 region_loss:  6.0 6.0 loc_loss:  0.1727180290222168 reward_loss:  -8.635900497436523
epoch:  39 batch:  100 region_loss:  8.0 8.0 loc_loss:  0.2131296920776367 reward_loss:  -10.656484603881836
epoch:  39 batch:  110 region_loss:  4.0 4.0 loc_loss:  0.11292940139770508 reward_loss:  -5.6464691162109375
epoch:  39 batch:  120 region_loss:  5.0 5.0 loc_loss:  0.12535082817077636 reward_loss:  -6.26754093170166
epoch:  39 batch:  130 region_loss:  7.0 7.0 loc_loss:  0.2037966728210449 reward_loss:  -10.189834594726562
acc@1:  0.11288805268109126
epoch: 39 region loss 0.17051094890510948 loc loss 0.2551391814921024 reward loss -12.75695864997641
epoch:  40 batch:  0 region_loss:  10.0 10.0 loc_loss:  0.2624086570739746 reward_loss:  -13.12043285369873
epoch:  40 batch:  10 region_loss:  10.0 10.0 loc_loss:  0.303396110534668 reward_loss:  -15.169803619384766
epoch:  40 batch:  20 region_loss:  10.0 10.0 loc_loss:  0.3044844436645508 reward_loss:  -15.224218368530273
epoch:  40 batch:  30 region_loss:  10.0 10.0 loc_loss:  0.2582896423339844 reward_loss:  -12.914482116699219
epoch:  40 batch:  40 region_loss:  10.0 10.0 loc_loss:  0.35757133483886716 reward_loss:  -17.878564834594727
epoch:  40 batch:  50 region_loss:  10.0 10.0 loc_loss:  0.282988452911377 reward_loss:  -14.149423599243164
epoch:  40 batch:  60 region_loss:  10.0 10.0 loc_loss:  0.26297046661376955 reward_loss:  -13.148523330688477
epoch:  40 batch:  70 region_loss:  10.0 10.0 loc_loss:  0.2755852699279785 reward_loss:  -13.779251098632812
epoch:  40 batch:  80 region_loss:  10.0 10.0 loc_loss:  0.28225101470947267 reward_loss:  -14.112552642822266
epoch:  40 batch:  90 region_loss:  6.0 6.0 loc_loss:  0.16159147262573242 reward_loss:  -8.079573631286621
epoch:  40 batch:  100 region_loss:  8.0 8.0 loc_loss:  0.20238880157470704 reward_loss:  -10.119440078735352
epoch:  40 batch:  110 region_loss:  4.0 4.0 loc_loss:  0.10509147644042968 reward_loss:  -5.254573822021484
epoch:  40 batch:  120 region_loss:  5.0 5.0 loc_loss:  0.11697966575622559 reward_loss:  -5.848978519439697
epoch:  40 batch:  130 region_loss:  7.0 7.0 loc_loss:  0.1912750244140625 reward_loss:  -9.563751220703125
acc@1:  0.11712135465663218
epoch: 40 region loss 0.17051094890510948 loc loss 0.2415384354382536 reward loss -12.076921355985377
epoch:  41 batch:  0 region_loss:  10.0 10.0 loc_loss:  0.24702213287353517 reward_loss:  -12.351107597351074
epoch:  41 batch:  10 region_loss:  10.0 10.0 loc_loss:  0.28756258010864255 reward_loss:  -14.378128051757812
epoch:  41 batch:  20 region_loss:  10.0 10.0 loc_loss:  0.2917685317993164 reward_loss:  -14.588425636291504
epoch:  41 batch:  30 region_loss:  10.0 10.0 loc_loss:  0.24349235534667968 reward_loss:  -12.174617767333984
epoch:  41 batch:  40 region_loss:  10.0 10.0 loc_loss:  0.3392603302001953 reward_loss:  -16.963016510009766
epoch:  41 batch:  50 region_loss:  10.0 10.0 loc_loss:  0.2692201805114746 reward_loss:  -13.46100902557373
epoch:  41 batch:  60 region_loss:  10.0 10.0 loc_loss:  0.24706241607666016 reward_loss:  -12.353121757507324
epoch:  41 batch:  70 region_loss:  10.0 10.0 loc_loss:  0.26127731323242187 reward_loss:  -13.063863754272461
epoch:  41 batch:  80 region_loss:  10.0 10.0 loc_loss:  0.2643381881713867 reward_loss:  -13.21690845489502
epoch:  41 batch:  90 region_loss:  6.0 6.0 loc_loss:  0.1508104133605957 reward_loss:  -7.540520668029785
epoch:  41 batch:  100 region_loss:  8.0 8.0 loc_loss:  0.18917102813720704 reward_loss:  -9.458550453186035
epoch:  41 batch:  110 region_loss:  4.0 4.0 loc_loss:  0.09783063888549805 reward_loss:  -4.891531944274902
epoch:  41 batch:  120 region_loss:  5.0 5.0 loc_loss:  0.1092581844329834 reward_loss:  -5.462909698486328
epoch:  41 batch:  130 region_loss:  7.0 7.0 loc_loss:  0.17911998748779298 reward_loss:  -8.955999374389648
acc@1:  0.11194731890874883
epoch: 41 region loss 0.17051094890510948 loc loss 0.22841429397137497 reward loss -11.420714545423968
epoch:  42 batch:  0 region_loss:  10.0 10.0 loc_loss:  0.23256229400634765 reward_loss:  -11.628113746643066
epoch:  42 batch:  10 region_loss:  10.0 10.0 loc_loss:  0.27144660949707033 reward_loss:  -13.572330474853516
epoch:  42 batch:  20 region_loss:  10.0 10.0 loc_loss:  0.28235057830810545 reward_loss:  -14.11752700805664
epoch:  42 batch:  30 region_loss:  10.0 10.0 loc_loss:  0.22974224090576173 reward_loss:  -11.487112045288086
epoch:  42 batch:  40 region_loss:  10.0 10.0 loc_loss:  0.3218706512451172 reward_loss:  -16.093530654907227
epoch:  42 batch:  50 region_loss:  10.0 10.0 loc_loss:  0.25432764053344725 reward_loss:  -12.716381072998047
epoch:  42 batch:  60 region_loss:  10.0 10.0 loc_loss:  0.23274774551391603 reward_loss:  -11.637388229370117
epoch:  42 batch:  70 region_loss:  10.0 10.0 loc_loss:  0.24699687957763672 reward_loss:  -12.34984302520752
epoch:  42 batch:  80 region_loss:  10.0 10.0 loc_loss:  0.24744688034057616 reward_loss:  -12.372343063354492
epoch:  42 batch:  90 region_loss:  6.0 6.0 loc_loss:  0.1408144760131836 reward_loss:  -7.040724277496338
epoch:  42 batch:  100 region_loss:  8.0 8.0 loc_loss:  0.17906564712524414 reward_loss:  -8.953282356262207
epoch:  42 batch:  110 region_loss:  4.0 4.0 loc_loss:  0.09078190803527832 reward_loss:  -4.539095401763916
epoch:  42 batch:  120 region_loss:  5.0 5.0 loc_loss:  0.10171377182006835 reward_loss:  -5.085688591003418
epoch:  42 batch:  130 region_loss:  7.0 7.0 loc_loss:  0.16761852264404298 reward_loss:  -8.380926132202148
acc@1:  0.11523988711194733
epoch: 42 region loss 0.17051094890510948 loc loss 0.21586737136771209 reward loss -10.793368413500541
epoch:  43 batch:  0 region_loss:  10.0 10.0 loc_loss:  0.21876682281494142 reward_loss:  -10.938340187072754
epoch:  43 batch:  10 region_loss:  10.0 10.0 loc_loss:  0.25664005279541013 reward_loss:  -12.832002639770508
epoch:  43 batch:  20 region_loss:  10.0 10.0 loc_loss:  0.2705906677246094 reward_loss:  -13.529534339904785
epoch:  43 batch:  30 region_loss:  10.0 10.0 loc_loss:  0.21662569046020508 reward_loss:  -10.831284523010254
epoch:  43 batch:  40 region_loss:  10.0 10.0 loc_loss:  0.30468580245971677 reward_loss:  -15.234291076660156
epoch:  43 batch:  50 region_loss:  10.0 10.0 loc_loss:  0.24055795669555663 reward_loss:  -12.027897834777832
epoch:  43 batch:  60 region_loss:  10.0 10.0 loc_loss:  0.21813556671142578 reward_loss:  -10.906780242919922
epoch:  43 batch:  70 region_loss:  10.0 10.0 loc_loss:  0.23406242370605468 reward_loss:  -11.703123092651367
epoch:  43 batch:  80 region_loss:  10.0 10.0 loc_loss:  0.23113056182861327 reward_loss:  -11.556527137756348
epoch:  43 batch:  90 region_loss:  6.0 6.0 loc_loss:  0.13113421440124512 reward_loss:  -6.556710243225098
epoch:  43 batch:  100 region_loss:  8.0 8.0 loc_loss:  0.16738153457641602 reward_loss:  -8.3690767288208
epoch:  43 batch:  110 region_loss:  4.0 4.0 loc_loss:  0.08428077697753907 reward_loss:  -4.214038848876953
epoch:  43 batch:  120 region_loss:  5.0 5.0 loc_loss:  0.09484926223754883 reward_loss:  -4.7424635887146
epoch:  43 batch:  130 region_loss:  7.0 7.0 loc_loss:  0.15671356201171874 reward_loss:  -7.835678577423096
acc@1:  0.11335841956726246
epoch: 43 region loss 0.17051094890510948 loc loss 0.20382064960298749 reward loss -10.191032554111342
epoch:  44 batch:  0 region_loss:  10.0 10.0 loc_loss:  0.20600379943847658 reward_loss:  -10.300190925598145
epoch:  44 batch:  10 region_loss:  10.0 10.0 loc_loss:  0.24168315887451172 reward_loss:  -12.08415699005127
epoch:  44 batch:  20 region_loss:  10.0 10.0 loc_loss:  0.26047649383544924 reward_loss:  -13.023823738098145
epoch:  44 batch:  30 region_loss:  10.0 10.0 loc_loss:  0.2044288444519043 reward_loss:  -10.221444129943848
epoch:  44 batch:  40 region_loss:  10.0 10.0 loc_loss:  0.2884457397460938 reward_loss:  -14.422286987304688
epoch:  44 batch:  50 region_loss:  10.0 10.0 loc_loss:  0.22729509353637695 reward_loss:  -11.364754676818848
epoch:  44 batch:  60 region_loss:  10.0 10.0 loc_loss:  0.20535200119018554 reward_loss:  -10.267600059509277
epoch:  44 batch:  70 region_loss:  10.0 10.0 loc_loss:  0.22094886779785156 reward_loss:  -11.047443389892578
epoch:  44 batch:  80 region_loss:  10.0 10.0 loc_loss:  0.21587491989135743 reward_loss:  -10.793746948242188
epoch:  44 batch:  90 region_loss:  6.0 6.0 loc_loss:  0.12211261749267578 reward_loss:  -6.105630874633789
epoch:  44 batch:  100 region_loss:  8.0 8.0 loc_loss:  0.15789064407348632 reward_loss:  -7.894532203674316
epoch:  44 batch:  110 region_loss:  4.0 4.0 loc_loss:  0.07805638790130615 reward_loss:  -3.9028196334838867
epoch:  44 batch:  120 region_loss:  5.0 5.0 loc_loss:  0.08814803123474121 reward_loss:  -4.407402038574219
epoch:  44 batch:  130 region_loss:  7.0 7.0 loc_loss:  0.14606010437011718 reward_loss:  -7.303004264831543
acc@1:  0.11241768579492004
epoch: 44 region loss 0.17051094890510948 loc loss 0.1923390393361558 reward loss -9.616951974639058
epoch:  45 batch:  0 region_loss:  10.0 10.0 loc_loss:  0.19413843154907226 reward_loss:  -9.706921577453613
epoch:  45 batch:  10 region_loss:  10.0 10.0 loc_loss:  0.22783721923828126 reward_loss:  -11.391860008239746
epoch:  45 batch:  20 region_loss:  10.0 10.0 loc_loss:  0.24790699005126954 reward_loss:  -12.395347595214844
epoch:  45 batch:  30 region_loss:  10.0 10.0 loc_loss:  0.19221248626708984 reward_loss:  -9.610623359680176
epoch:  45 batch:  40 region_loss:  10.0 10.0 loc_loss:  0.27232511520385744 reward_loss:  -13.616254806518555
epoch:  45 batch:  50 region_loss:  10.0 10.0 loc_loss:  0.21532310485839845 reward_loss:  -10.766155242919922
epoch:  45 batch:  60 region_loss:  10.0 10.0 loc_loss:  0.1921422576904297 reward_loss:  -9.607112884521484
epoch:  45 batch:  70 region_loss:  10.0 10.0 loc_loss:  0.20902732849121095 reward_loss:  -10.451366424560547
epoch:  45 batch:  80 region_loss:  10.0 10.0 loc_loss:  0.20136066436767577 reward_loss:  -10.068032264709473
epoch:  45 batch:  90 region_loss:  6.0 6.0 loc_loss:  0.1135519027709961 reward_loss:  -5.677595615386963
epoch:  45 batch:  100 region_loss:  8.0 8.0 loc_loss:  0.1474923324584961 reward_loss:  -7.374617576599121
epoch:  45 batch:  110 region_loss:  4.0 4.0 loc_loss:  0.07226082801818848 reward_loss:  -3.6130411624908447
epoch:  45 batch:  120 region_loss:  5.0 5.0 loc_loss:  0.08215071678161621 reward_loss:  -4.107535362243652
epoch:  45 batch:  130 region_loss:  7.0 7.0 loc_loss:  0.13646697044372558 reward_loss:  -6.823348522186279
acc@1:  0.11335841956726246
epoch: 45 region loss 0.17051094890510948 loc loss 0.1813941290430779 reward loss -9.069706526550933
epoch:  46 batch:  0 region_loss:  10.0 10.0 loc_loss:  0.18194385528564452 reward_loss:  -9.097192764282227
epoch:  46 batch:  10 region_loss:  10.0 10.0 loc_loss:  0.2140296745300293 reward_loss:  -10.701483726501465
epoch:  46 batch:  20 region_loss:  10.0 10.0 loc_loss:  0.23702802658081054 reward_loss:  -11.851402282714844
epoch:  46 batch:  30 region_loss:  10.0 10.0 loc_loss:  0.1805617904663086 reward_loss:  -9.02808952331543
epoch:  46 batch:  40 region_loss:  10.0 10.0 loc_loss:  0.25731592178344725 reward_loss:  -12.865795135498047
epoch:  46 batch:  50 region_loss:  10.0 10.0 loc_loss:  0.20313947677612304 reward_loss:  -10.156973838806152
epoch:  46 batch:  60 region_loss:  10.0 10.0 loc_loss:  0.18085391998291014 reward_loss:  -9.042695999145508
epoch:  46 batch:  70 region_loss:  10.0 10.0 loc_loss:  0.19670894622802734 reward_loss:  -9.83544635772705
epoch:  46 batch:  80 region_loss:  10.0 10.0 loc_loss:  0.18789207458496093 reward_loss:  -9.394604682922363
epoch:  46 batch:  90 region_loss:  6.0 6.0 loc_loss:  0.10553949356079101 reward_loss:  -5.276974678039551
epoch:  46 batch:  100 region_loss:  8.0 8.0 loc_loss:  0.13888687133789063 reward_loss:  -6.944343566894531
epoch:  46 batch:  110 region_loss:  4.0 4.0 loc_loss:  0.0667606258392334 reward_loss:  -3.33803129196167
epoch:  46 batch:  120 region_loss:  5.0 5.0 loc_loss:  0.07624102592468261 reward_loss:  -3.8120510578155518
epoch:  46 batch:  130 region_loss:  7.0 7.0 loc_loss:  0.1267093849182129 reward_loss:  -6.335468769073486
acc@1:  0.1147695202257761
epoch: 46 region loss 0.17051094890510948 loc loss 0.17094170601698605 reward loss -8.547085153360436
epoch:  47 batch:  0 region_loss:  10.0 10.0 loc_loss:  0.17073459625244142 reward_loss:  -8.536730766296387
epoch:  47 batch:  10 region_loss:  10.0 10.0 loc_loss:  0.20124120712280275 reward_loss:  -10.06205940246582
epoch:  47 batch:  20 region_loss:  10.0 10.0 loc_loss:  0.2251677131652832 reward_loss:  -11.25838565826416
epoch:  47 batch:  30 region_loss:  10.0 10.0 loc_loss:  0.16886184692382813 reward_loss:  -8.443092346191406
epoch:  47 batch:  40 region_loss:  10.0 10.0 loc_loss:  0.24251802444458007 reward_loss:  -12.125901222229004
epoch:  47 batch:  50 region_loss:  10.0 10.0 loc_loss:  0.19230457305908202 reward_loss:  -9.615228652954102
epoch:  47 batch:  60 region_loss:  10.0 10.0 loc_loss:  0.16880208969116212 reward_loss:  -8.440104484558105
epoch:  47 batch:  70 region_loss:  10.0 10.0 loc_loss:  0.18546478271484376 reward_loss:  -9.273238182067871
epoch:  47 batch:  80 region_loss:  10.0 10.0 loc_loss:  0.1751565933227539 reward_loss:  -8.757829666137695
epoch:  47 batch:  90 region_loss:  6.0 6.0 loc_loss:  0.09793266296386718 reward_loss:  -4.896633148193359
epoch:  47 batch:  100 region_loss:  8.0 8.0 loc_loss:  0.1294312572479248 reward_loss:  -6.471562385559082
epoch:  47 batch:  110 region_loss:  4.0 4.0 loc_loss:  0.06162329196929932 reward_loss:  -3.081164598464966
epoch:  47 batch:  120 region_loss:  5.0 5.0 loc_loss:  0.0710170602798462 reward_loss:  -3.5508527755737305
epoch:  47 batch:  130 region_loss:  7.0 7.0 loc_loss:  0.11834966659545898 reward_loss:  -5.917483806610107
acc@1:  0.11147695202257761
epoch: 47 region loss 0.17051094890510948 loc loss 0.1610162924850074 reward loss -8.050814562035303
epoch:  48 batch:  0 region_loss:  10.0 10.0 loc_loss:  0.15945662498474122 reward_loss:  -7.972832202911377
epoch:  48 batch:  10 region_loss:  10.0 10.0 loc_loss:  0.18859127044677734 reward_loss:  -9.429563522338867
epoch:  48 batch:  20 region_loss:  10.0 10.0 loc_loss:  0.21499862670898437 reward_loss:  -10.749931335449219
epoch:  48 batch:  30 region_loss:  10.0 10.0 loc_loss:  0.15818970680236816 reward_loss:  -7.909484386444092
epoch:  48 batch:  40 region_loss:  10.0 10.0 loc_loss:  0.22875244140625 reward_loss:  -11.437621116638184
epoch:  48 batch:  50 region_loss:  10.0 10.0 loc_loss:  0.181182861328125 reward_loss:  -9.059141159057617
epoch:  48 batch:  60 region_loss:  10.0 10.0 loc_loss:  0.15899489402770997 reward_loss:  -7.949743747711182
epoch:  48 batch:  70 region_loss:  10.0 10.0 loc_loss:  0.1741616630554199 reward_loss:  -8.708083152770996
epoch:  48 batch:  80 region_loss:  10.0 10.0 loc_loss:  0.16321462631225586 reward_loss:  -8.160730361938477
epoch:  48 batch:  90 region_loss:  6.0 6.0 loc_loss:  0.09102381706237793 reward_loss:  -4.551190376281738
epoch:  48 batch:  100 region_loss:  8.0 8.0 loc_loss:  0.12200315475463867 reward_loss:  -6.100156784057617
epoch:  48 batch:  110 region_loss:  4.0 4.0 loc_loss:  0.0568602991104126 reward_loss:  -2.843014717102051
epoch:  48 batch:  120 region_loss:  5.0 5.0 loc_loss:  0.06585630416870117 reward_loss:  -3.2928152084350586
epoch:  48 batch:  130 region_loss:  7.0 7.0 loc_loss:  0.10963388442993165 reward_loss:  -5.481693744659424
acc@1:  0.11006585136406397
epoch: 48 region loss 0.17051094890510948 loc loss 0.1515402170863465 reward loss -7.577010668542263
epoch:  49 batch:  0 region_loss:  10.0 10.0 loc_loss:  0.14946389198303223 reward_loss:  -7.4731950759887695
epoch:  49 batch:  10 region_loss:  10.0 10.0 loc_loss:  0.176828556060791 reward_loss:  -8.841428756713867
epoch:  49 batch:  20 region_loss:  10.0 10.0 loc_loss:  0.20341892242431642 reward_loss:  -10.17094612121582
epoch:  49 batch:  30 region_loss:  10.0 10.0 loc_loss:  0.14774976730346678 reward_loss:  -7.38748836517334
epoch:  49 batch:  40 region_loss:  10.0 10.0 loc_loss:  0.21529579162597656 reward_loss:  -10.764788627624512
epoch:  49 batch:  50 region_loss:  10.0 10.0 loc_loss:  0.1715104103088379 reward_loss:  -8.575520515441895
epoch:  49 batch:  60 region_loss:  10.0 10.0 loc_loss:  0.14789620399475098 reward_loss:  -7.394810199737549
epoch:  49 batch:  70 region_loss:  10.0 10.0 loc_loss:  0.16382009506225587 reward_loss:  -8.191004753112793
epoch:  49 batch:  80 region_loss:  10.0 10.0 loc_loss:  0.15191954612731934 reward_loss:  -7.595977783203125
epoch:  49 batch:  90 region_loss:  6.0 6.0 loc_loss:  0.08439156532287598 reward_loss:  -4.219578266143799
epoch:  49 batch:  100 region_loss:  8.0 8.0 loc_loss:  0.11337141036987304 reward_loss:  -5.668570518493652
epoch:  49 batch:  110 region_loss:  4.0 4.0 loc_loss:  0.052278261184692386 reward_loss:  -2.61391282081604
epoch:  49 batch:  120 region_loss:  5.0 5.0 loc_loss:  0.06136823654174805 reward_loss:  -3.0684118270874023
epoch:  49 batch:  130 region_loss:  7.0 7.0 loc_loss:  0.10219799041748047 reward_loss:  -5.10990047454834
acc@1:  0.10912511759172154
epoch: 49 region loss 0.17051094890510948 loc loss 0.14252123549036735 reward loss -7.126061588743307
