nohup: ignoring input
cuda
epoch:  0 batch:  0 region_loss:  10.0 10.0 loc_loss:  1.9845751953125 reward_loss:  -99.22101593017578
epoch:  0 batch:  10 region_loss:  10.0 10.0 loc_loss:  1.9819677734375 reward_loss:  -99.09960174560547
epoch:  0 batch:  20 region_loss:  10.0 10.0 loc_loss:  1.9853614807128905 reward_loss:  -99.26731872558594
epoch:  0 batch:  30 region_loss:  10.0 10.0 loc_loss:  1.9809071350097656 reward_loss:  -99.05018615722656
epoch:  0 batch:  40 region_loss:  10.0 10.0 loc_loss:  1.9806147766113282 reward_loss:  -99.02751159667969
epoch:  0 batch:  50 region_loss:  10.0 10.0 loc_loss:  1.9795661926269532 reward_loss:  -98.97724914550781
epoch:  0 batch:  60 region_loss:  10.0 10.0 loc_loss:  1.9808731079101562 reward_loss:  -99.04420471191406
epoch:  0 batch:  70 region_loss:  10.0 10.0 loc_loss:  1.9817233276367188 reward_loss:  -99.08679962158203
epoch:  0 batch:  80 region_loss:  10.0 10.0 loc_loss:  1.9790377807617188 reward_loss:  -98.9496841430664
epoch:  0 batch:  90 region_loss:  6.0 6.0 loc_loss:  1.182288284301758 reward_loss:  -59.115020751953125
epoch:  0 batch:  100 region_loss:  8.0 8.0 loc_loss:  1.5736476135253907 reward_loss:  -78.67859649658203
epoch:  0 batch:  110 region_loss:  4.0 4.0 loc_loss:  0.787975082397461 reward_loss:  -39.397010803222656
epoch:  0 batch:  120 region_loss:  5.0 5.0 loc_loss:  0.9799079132080079 reward_loss:  -48.993988037109375
epoch:  0 batch:  130 region_loss:  7.0 7.0 loc_loss:  1.3746733093261718 reward_loss:  -68.73294830322266
acc@1:  0.0037629350893697085
epoch: 0 region loss 0.17051094890510948 loc loss 1.6869377331142008 reward loss -84.34655157492979
epoch:  1 batch:  0 region_loss:  10.0 10.0 loc_loss:  1.9116433715820313 reward_loss:  -95.58576965332031
epoch:  1 batch:  10 region_loss:  10.0 10.0 loc_loss:  1.931710205078125 reward_loss:  -96.58769226074219
epoch:  1 batch:  20 region_loss:  10.0 10.0 loc_loss:  1.9255372619628905 reward_loss:  -96.27371215820312
epoch:  1 batch:  30 region_loss:  10.0 10.0 loc_loss:  1.9235020446777344 reward_loss:  -96.16816711425781
epoch:  1 batch:  40 region_loss:  10.0 10.0 loc_loss:  1.9133424377441406 reward_loss:  -95.668701171875
epoch:  1 batch:  50 region_loss:  10.0 10.0 loc_loss:  1.9130348205566405 reward_loss:  -95.64592742919922
epoch:  1 batch:  60 region_loss:  10.0 10.0 loc_loss:  1.903477325439453 reward_loss:  -95.17724609375
epoch:  1 batch:  70 region_loss:  10.0 10.0 loc_loss:  1.893216552734375 reward_loss:  -94.6552734375
epoch:  1 batch:  80 region_loss:  10.0 10.0 loc_loss:  1.8794865417480469 reward_loss:  -93.97764587402344
epoch:  1 batch:  90 region_loss:  6.0 6.0 loc_loss:  1.112906494140625 reward_loss:  -55.64634323120117
epoch:  1 batch:  100 region_loss:  8.0 8.0 loc_loss:  1.4646034240722656 reward_loss:  -73.23408508300781
epoch:  1 batch:  110 region_loss:  4.0 4.0 loc_loss:  0.7399429321289063 reward_loss:  -36.996795654296875
epoch:  1 batch:  120 region_loss:  5.0 5.0 loc_loss:  0.9103910827636719 reward_loss:  -45.51905822753906
epoch:  1 batch:  130 region_loss:  7.0 7.0 loc_loss:  1.2625893402099608 reward_loss:  -63.13071823120117
acc@1:  0.02116650987770461
epoch: 1 region loss 0.17051094890510948 loc loss 1.6084916854078752 reward loss -80.42482328762974
epoch:  2 batch:  0 region_loss:  10.0 10.0 loc_loss:  1.7312863159179688 reward_loss:  -86.56607055664062
epoch:  2 batch:  10 region_loss:  10.0 10.0 loc_loss:  1.7512088012695313 reward_loss:  -87.56046295166016
epoch:  2 batch:  20 region_loss:  10.0 10.0 loc_loss:  1.7320098876953125 reward_loss:  -86.60189819335938
epoch:  2 batch:  30 region_loss:  10.0 10.0 loc_loss:  1.7716642761230468 reward_loss:  -88.58352661132812
epoch:  2 batch:  40 region_loss:  10.0 10.0 loc_loss:  1.7250164794921874 reward_loss:  -86.25194549560547
epoch:  2 batch:  50 region_loss:  10.0 10.0 loc_loss:  1.7761027526855468 reward_loss:  -88.80679321289062
epoch:  2 batch:  60 region_loss:  10.0 10.0 loc_loss:  1.7508882141113282 reward_loss:  -87.54229736328125
epoch:  2 batch:  70 region_loss:  10.0 10.0 loc_loss:  1.755671844482422 reward_loss:  -87.78662109375
epoch:  2 batch:  80 region_loss:  10.0 10.0 loc_loss:  1.732264404296875 reward_loss:  -86.609375
epoch:  2 batch:  90 region_loss:  6.0 6.0 loc_loss:  1.0388677215576172 reward_loss:  -51.945247650146484
epoch:  2 batch:  100 region_loss:  8.0 8.0 loc_loss:  1.3761911010742187 reward_loss:  -68.81251525878906
epoch:  2 batch:  110 region_loss:  4.0 4.0 loc_loss:  0.7012984466552734 reward_loss:  -35.064170837402344
epoch:  2 batch:  120 region_loss:  5.0 5.0 loc_loss:  0.865665054321289 reward_loss:  -43.28294372558594
epoch:  2 batch:  130 region_loss:  7.0 7.0 loc_loss:  1.2060691070556642 reward_loss:  -60.303016662597656
acc@1:  0.02634054562558796
epoch: 2 region loss 0.17051094890510948 loc loss 1.4782227943587478 reward loss -73.91112253787743
epoch:  3 batch:  0 region_loss:  10.0 10.0 loc_loss:  1.6743795776367187 reward_loss:  -83.71892547607422
epoch:  3 batch:  10 region_loss:  10.0 10.0 loc_loss:  1.6777572631835938 reward_loss:  -83.88507080078125
epoch:  3 batch:  20 region_loss:  10.0 10.0 loc_loss:  1.638074188232422 reward_loss:  -81.9025650024414
epoch:  3 batch:  30 region_loss:  10.0 10.0 loc_loss:  1.6982772827148438 reward_loss:  -84.91523742675781
epoch:  3 batch:  40 region_loss:  10.0 10.0 loc_loss:  1.6460443115234376 reward_loss:  -82.3003921508789
epoch:  3 batch:  50 region_loss:  10.0 10.0 loc_loss:  1.705191650390625 reward_loss:  -85.26007080078125
epoch:  3 batch:  60 region_loss:  10.0 10.0 loc_loss:  1.6829843139648437 reward_loss:  -84.14720916748047
epoch:  3 batch:  70 region_loss:  10.0 10.0 loc_loss:  1.6876823425292968 reward_loss:  -84.38419342041016
epoch:  3 batch:  80 region_loss:  10.0 10.0 loc_loss:  1.6694912719726562 reward_loss:  -83.47188568115234
epoch:  3 batch:  90 region_loss:  6.0 6.0 loc_loss:  1.0052769470214844 reward_loss:  -50.26426696777344
epoch:  3 batch:  100 region_loss:  8.0 8.0 loc_loss:  1.3287196350097656 reward_loss:  -66.43494415283203
epoch:  3 batch:  110 region_loss:  4.0 4.0 loc_loss:  0.680981674194336 reward_loss:  -34.04716110229492
epoch:  3 batch:  120 region_loss:  5.0 5.0 loc_loss:  0.8405030059814453 reward_loss:  -42.026519775390625
epoch:  3 batch:  130 region_loss:  7.0 7.0 loc_loss:  1.1737367248535155 reward_loss:  -58.686256408691406
acc@1:  0.036688617121354655
epoch: 3 region loss 0.17051094890510948 loc loss 1.4170217555804845 reward loss -70.85094541006714
epoch:  4 batch:  0 region_loss:  10.0 10.0 loc_loss:  1.6305464172363282 reward_loss:  -81.5273666381836
epoch:  4 batch:  10 region_loss:  10.0 10.0 loc_loss:  1.6319346618652344 reward_loss:  -81.59674835205078
epoch:  4 batch:  20 region_loss:  10.0 10.0 loc_loss:  1.5721533203125 reward_loss:  -78.60725402832031
epoch:  4 batch:  30 region_loss:  10.0 10.0 loc_loss:  1.6452525329589844 reward_loss:  -82.26423645019531
epoch:  4 batch:  40 region_loss:  10.0 10.0 loc_loss:  1.5899929809570312 reward_loss:  -79.49918365478516
epoch:  4 batch:  50 region_loss:  10.0 10.0 loc_loss:  1.6467208862304688 reward_loss:  -82.33638763427734
epoch:  4 batch:  60 region_loss:  10.0 10.0 loc_loss:  1.6288995361328125 reward_loss:  -81.44390106201172
epoch:  4 batch:  70 region_loss:  10.0 10.0 loc_loss:  1.6300926208496094 reward_loss:  -81.50349426269531
epoch:  4 batch:  80 region_loss:  10.0 10.0 loc_loss:  1.6174151611328125 reward_loss:  -80.87075805664062
epoch:  4 batch:  90 region_loss:  6.0 6.0 loc_loss:  0.9760087585449219 reward_loss:  -48.79824447631836
epoch:  4 batch:  100 region_loss:  8.0 8.0 loc_loss:  1.284774169921875 reward_loss:  -64.23937225341797
epoch:  4 batch:  110 region_loss:  4.0 4.0 loc_loss:  0.6632855987548828 reward_loss:  -33.16535949707031
epoch:  4 batch:  120 region_loss:  5.0 5.0 loc_loss:  0.815991439819336 reward_loss:  -40.799869537353516
epoch:  4 batch:  130 region_loss:  7.0 7.0 loc_loss:  1.14147216796875 reward_loss:  -57.07360076904297
acc@1:  0.044684854186265284
epoch: 4 region loss 0.17051094890510948 loc loss 1.368599803395515 reward loss -68.42998259607023
epoch:  5 batch:  0 region_loss:  10.0 10.0 loc_loss:  1.5822000122070312 reward_loss:  -79.1090316772461
epoch:  5 batch:  10 region_loss:  10.0 10.0 loc_loss:  1.5857717895507812 reward_loss:  -79.28992462158203
epoch:  5 batch:  20 region_loss:  10.0 10.0 loc_loss:  1.5076869201660157 reward_loss:  -75.38582611083984
epoch:  5 batch:  30 region_loss:  10.0 10.0 loc_loss:  1.5919635009765625 reward_loss:  -79.59896087646484
epoch:  5 batch:  40 region_loss:  10.0 10.0 loc_loss:  1.536007080078125 reward_loss:  -76.79986572265625
epoch:  5 batch:  50 region_loss:  10.0 10.0 loc_loss:  1.5868412780761718 reward_loss:  -79.3420639038086
epoch:  5 batch:  60 region_loss:  10.0 10.0 loc_loss:  1.5751165771484374 reward_loss:  -78.75570678710938
epoch:  5 batch:  70 region_loss:  10.0 10.0 loc_loss:  1.5725198364257813 reward_loss:  -78.62619018554688
epoch:  5 batch:  80 region_loss:  10.0 10.0 loc_loss:  1.5654464721679688 reward_loss:  -78.2723159790039
epoch:  5 batch:  90 region_loss:  6.0 6.0 loc_loss:  0.945609359741211 reward_loss:  -47.28070831298828
epoch:  5 batch:  100 region_loss:  8.0 8.0 loc_loss:  1.239260711669922 reward_loss:  -61.963382720947266
epoch:  5 batch:  110 region_loss:  4.0 4.0 loc_loss:  0.645591812133789 reward_loss:  -32.2811279296875
epoch:  5 batch:  120 region_loss:  5.0 5.0 loc_loss:  0.7897003936767578 reward_loss:  -39.48501968383789
epoch:  5 batch:  130 region_loss:  7.0 7.0 loc_loss:  1.106864471435547 reward_loss:  -55.343223571777344
acc@1:  0.055973659454374415
epoch: 5 region loss 0.17051094890510948 loc loss 1.3198407394520557 reward loss -65.99211000874095
epoch:  6 batch:  0 region_loss:  10.0 10.0 loc_loss:  1.5278982543945312 reward_loss:  -76.39491271972656
epoch:  6 batch:  10 region_loss:  10.0 10.0 loc_loss:  1.5353115844726561 reward_loss:  -76.76557922363281
epoch:  6 batch:  20 region_loss:  10.0 10.0 loc_loss:  1.43952880859375 reward_loss:  -71.97643280029297
epoch:  6 batch:  30 region_loss:  10.0 10.0 loc_loss:  1.5345053100585937 reward_loss:  -76.72525787353516
epoch:  6 batch:  40 region_loss:  10.0 10.0 loc_loss:  1.4810240173339844 reward_loss:  -74.05120086669922
epoch:  6 batch:  50 region_loss:  10.0 10.0 loc_loss:  1.5239785766601563 reward_loss:  -76.19892120361328
epoch:  6 batch:  60 region_loss:  10.0 10.0 loc_loss:  1.51915283203125 reward_loss:  -75.9558334350586
epoch:  6 batch:  70 region_loss:  10.0 10.0 loc_loss:  1.5112809753417968 reward_loss:  -75.56404113769531
epoch:  6 batch:  80 region_loss:  10.0 10.0 loc_loss:  1.510657958984375 reward_loss:  -75.53170776367188
epoch:  6 batch:  90 region_loss:  6.0 6.0 loc_loss:  0.9139751434326172 reward_loss:  -45.69875717163086
epoch:  6 batch:  100 region_loss:  8.0 8.0 loc_loss:  1.1893505859375 reward_loss:  -59.467525482177734
epoch:  6 batch:  110 region_loss:  4.0 4.0 loc_loss:  0.6271933364868164 reward_loss:  -31.359664916992188
epoch:  6 batch:  120 region_loss:  5.0 5.0 loc_loss:  0.7609934997558594 reward_loss:  -38.04967498779297
epoch:  6 batch:  130 region_loss:  7.0 7.0 loc_loss:  1.069382095336914 reward_loss:  -53.46910858154297
acc@1:  0.07055503292568203
epoch: 6 region loss 0.17051094890510948 loc loss 1.2680112267932753 reward loss -63.400545649284865
epoch:  7 batch:  0 region_loss:  10.0 10.0 loc_loss:  1.46744873046875 reward_loss:  -73.3724365234375
epoch:  7 batch:  10 region_loss:  10.0 10.0 loc_loss:  1.478934326171875 reward_loss:  -73.94672393798828
epoch:  7 batch:  20 region_loss:  10.0 10.0 loc_loss:  1.368382568359375 reward_loss:  -68.41912841796875
epoch:  7 batch:  30 region_loss:  10.0 10.0 loc_loss:  1.4718003845214844 reward_loss:  -73.58915710449219
epoch:  7 batch:  40 region_loss:  10.0 10.0 loc_loss:  1.4245462036132812 reward_loss:  -71.2273178100586
epoch:  7 batch:  50 region_loss:  10.0 10.0 loc_loss:  1.4567933654785157 reward_loss:  -72.83965301513672
epoch:  7 batch:  60 region_loss:  10.0 10.0 loc_loss:  1.4590687561035156 reward_loss:  -72.95343017578125
epoch:  7 batch:  70 region_loss:  10.0 10.0 loc_loss:  1.4451992797851563 reward_loss:  -72.25996398925781
epoch:  7 batch:  80 region_loss:  10.0 10.0 loc_loss:  1.4522288513183594 reward_loss:  -72.61144256591797
epoch:  7 batch:  90 region_loss:  6.0 6.0 loc_loss:  0.880517578125 reward_loss:  -44.02587890625
epoch:  7 batch:  100 region_loss:  8.0 8.0 loc_loss:  1.1356749725341797 reward_loss:  -56.78420639038086
epoch:  7 batch:  110 region_loss:  4.0 4.0 loc_loss:  0.6075279235839843 reward_loss:  -30.376394271850586
epoch:  7 batch:  120 region_loss:  5.0 5.0 loc_loss:  0.7299722290039062 reward_loss:  -36.49860763549805
epoch:  7 batch:  130 region_loss:  7.0 7.0 loc_loss:  1.0288092041015624 reward_loss:  -51.440460205078125
acc@1:  0.08419567262464722
epoch: 7 region loss 0.17051094890510948 loc loss 1.2129621664450987 reward loss -60.64813860315476
epoch:  8 batch:  0 region_loss:  10.0 10.0 loc_loss:  1.4014181518554687 reward_loss:  -70.07090759277344
epoch:  8 batch:  10 region_loss:  10.0 10.0 loc_loss:  1.4176060485839843 reward_loss:  -70.88031005859375
epoch:  8 batch:  20 region_loss:  10.0 10.0 loc_loss:  1.2951141357421876 reward_loss:  -64.75570678710938
epoch:  8 batch:  30 region_loss:  10.0 10.0 loc_loss:  1.4041015625 reward_loss:  -70.205078125
epoch:  8 batch:  40 region_loss:  10.0 10.0 loc_loss:  1.3680435180664063 reward_loss:  -68.40217590332031
epoch:  8 batch:  50 region_loss:  10.0 10.0 loc_loss:  1.385625 reward_loss:  -69.28125762939453
epoch:  8 batch:  60 region_loss:  10.0 10.0 loc_loss:  1.3953773498535156 reward_loss:  -69.76886749267578
epoch:  8 batch:  70 region_loss:  10.0 10.0 loc_loss:  1.3747842407226563 reward_loss:  -68.73921203613281
epoch:  8 batch:  80 region_loss:  10.0 10.0 loc_loss:  1.3910275268554688 reward_loss:  -69.55138397216797
epoch:  8 batch:  90 region_loss:  6.0 6.0 loc_loss:  0.8457693481445312 reward_loss:  -42.289886474609375
epoch:  8 batch:  100 region_loss:  8.0 8.0 loc_loss:  1.078837661743164 reward_loss:  -53.9418830871582
epoch:  8 batch:  110 region_loss:  4.0 4.0 loc_loss:  0.5868799591064453 reward_loss:  -29.343997955322266
epoch:  8 batch:  120 region_loss:  5.0 5.0 loc_loss:  0.6974739074707031 reward_loss:  -34.873695373535156
epoch:  8 batch:  130 region_loss:  7.0 7.0 loc_loss:  0.9864292144775391 reward_loss:  -49.32146072387695
acc@1:  0.09454374412041393
epoch: 8 region loss 0.17051094890510948 loc loss 1.1556520837936959 reward loss -57.78265307071435
epoch:  9 batch:  0 region_loss:  10.0 10.0 loc_loss:  1.3320608520507813 reward_loss:  -66.60304260253906
epoch:  9 batch:  10 region_loss:  10.0 10.0 loc_loss:  1.3521722412109376 reward_loss:  -67.60860443115234
epoch:  9 batch:  20 region_loss:  10.0 10.0 loc_loss:  1.222081527709961 reward_loss:  -61.10407257080078
epoch:  9 batch:  30 region_loss:  10.0 10.0 loc_loss:  1.3328033447265626 reward_loss:  -66.64017486572266
epoch:  9 batch:  40 region_loss:  10.0 10.0 loc_loss:  1.3126416015625 reward_loss:  -65.63208770751953
epoch:  9 batch:  50 region_loss:  10.0 10.0 loc_loss:  1.311741180419922 reward_loss:  -65.5870590209961
epoch:  9 batch:  60 region_loss:  10.0 10.0 loc_loss:  1.3301799011230468 reward_loss:  -66.50899505615234
epoch:  9 batch:  70 region_loss:  10.0 10.0 loc_loss:  1.301161651611328 reward_loss:  -65.05809020996094
epoch:  9 batch:  80 region_loss:  10.0 10.0 loc_loss:  1.3288864135742187 reward_loss:  -66.4443130493164
epoch:  9 batch:  90 region_loss:  6.0 6.0 loc_loss:  0.8101863098144532 reward_loss:  -40.508480072021484
epoch:  9 batch:  100 region_loss:  8.0 8.0 loc_loss:  1.0208168029785156 reward_loss:  -51.04084014892578
epoch:  9 batch:  110 region_loss:  4.0 4.0 loc_loss:  0.5655337905883789 reward_loss:  -28.276180267333984
epoch:  9 batch:  120 region_loss:  5.0 5.0 loc_loss:  0.6642839050292969 reward_loss:  -33.214195251464844
epoch:  9 batch:  130 region_loss:  7.0 7.0 loc_loss:  0.9429519653320313 reward_loss:  -47.1475944519043
acc@1:  0.11194731890874883
epoch: 9 region loss 0.17051094890510948 loc loss 1.0973631849080108 reward loss -54.86813531304798
epoch:  10 batch:  0 region_loss:  10.0 10.0 loc_loss:  1.2609127044677735 reward_loss:  -63.04563903808594
epoch:  10 batch:  10 region_loss:  10.0 10.0 loc_loss:  1.2842041015625 reward_loss:  -64.21019744873047
epoch:  10 batch:  20 region_loss:  10.0 10.0 loc_loss:  1.151332778930664 reward_loss:  -57.5666389465332
epoch:  10 batch:  30 region_loss:  10.0 10.0 loc_loss:  1.259725570678711 reward_loss:  -62.98627853393555
epoch:  10 batch:  40 region_loss:  10.0 10.0 loc_loss:  1.2579425048828126 reward_loss:  -62.897125244140625
epoch:  10 batch:  50 region_loss:  10.0 10.0 loc_loss:  1.2361360931396483 reward_loss:  -61.80680465698242
epoch:  10 batch:  60 region_loss:  10.0 10.0 loc_loss:  1.2652919006347656 reward_loss:  -63.26459503173828
epoch:  10 batch:  70 region_loss:  10.0 10.0 loc_loss:  1.2271878051757812 reward_loss:  -61.35938262939453
epoch:  10 batch:  80 region_loss:  10.0 10.0 loc_loss:  1.267873306274414 reward_loss:  -63.39366149902344
epoch:  10 batch:  90 region_loss:  6.0 6.0 loc_loss:  0.7743141174316406 reward_loss:  -38.71570587158203
epoch:  10 batch:  100 region_loss:  8.0 8.0 loc_loss:  0.9638276672363282 reward_loss:  -48.191375732421875
epoch:  10 batch:  110 region_loss:  4.0 4.0 loc_loss:  0.5434953689575195 reward_loss:  -27.17476463317871
epoch:  10 batch:  120 region_loss:  5.0 5.0 loc_loss:  0.6312565994262695 reward_loss:  -31.562828063964844
epoch:  10 batch:  130 region_loss:  7.0 7.0 loc_loss:  0.8989657592773438 reward_loss:  -44.94828796386719
acc@1:  0.11712135465663218
epoch: 10 region loss 0.17051094890510948 loc loss 1.039430010997466 reward loss -51.97146744275615
epoch:  11 batch:  0 region_loss:  10.0 10.0 loc_loss:  1.190283203125 reward_loss:  -59.514163970947266
epoch:  11 batch:  10 region_loss:  10.0 10.0 loc_loss:  1.2158599853515626 reward_loss:  -60.79299545288086
epoch:  11 batch:  20 region_loss:  10.0 10.0 loc_loss:  1.0842052459716798 reward_loss:  -54.210262298583984
epoch:  11 batch:  30 region_loss:  10.0 10.0 loc_loss:  1.1870162963867188 reward_loss:  -59.35081100463867
epoch:  11 batch:  40 region_loss:  10.0 10.0 loc_loss:  1.203843460083008 reward_loss:  -60.19216537475586
epoch:  11 batch:  50 region_loss:  10.0 10.0 loc_loss:  1.1608100891113282 reward_loss:  -58.040504455566406
epoch:  11 batch:  60 region_loss:  10.0 10.0 loc_loss:  1.2028373718261718 reward_loss:  -60.14186477661133
epoch:  11 batch:  70 region_loss:  10.0 10.0 loc_loss:  1.1555110168457032 reward_loss:  -57.775543212890625
epoch:  11 batch:  80 region_loss:  10.0 10.0 loc_loss:  1.2098731994628906 reward_loss:  -60.49365997314453
epoch:  11 batch:  90 region_loss:  6.0 6.0 loc_loss:  0.7385801696777343 reward_loss:  -36.92900848388672
epoch:  11 batch:  100 region_loss:  8.0 8.0 loc_loss:  0.9093441772460937 reward_loss:  -45.46720504760742
epoch:  11 batch:  110 region_loss:  4.0 4.0 loc_loss:  0.5210390090942383 reward_loss:  -26.05194854736328
epoch:  11 batch:  120 region_loss:  5.0 5.0 loc_loss:  0.5989759826660156 reward_loss:  -29.948801040649414
epoch:  11 batch:  130 region_loss:  7.0 7.0 loc_loss:  0.855496826171875 reward_loss:  -42.774837493896484
acc@1:  0.12276575729068674
epoch: 11 region loss 0.17051094890510948 loc loss 0.9831807229814739 reward loss -49.159032933033295
epoch:  12 batch:  0 region_loss:  10.0 10.0 loc_loss:  1.1220179748535157 reward_loss:  -56.10090255737305
epoch:  12 batch:  10 region_loss:  10.0 10.0 loc_loss:  1.1488308715820312 reward_loss:  -57.4415397644043
epoch:  12 batch:  20 region_loss:  10.0 10.0 loc_loss:  1.021109848022461 reward_loss:  -51.05549621582031
epoch:  12 batch:  30 region_loss:  10.0 10.0 loc_loss:  1.1160477447509765 reward_loss:  -55.80238723754883
epoch:  12 batch:  40 region_loss:  10.0 10.0 loc_loss:  1.1511468505859375 reward_loss:  -57.55733871459961
epoch:  12 batch:  50 region_loss:  10.0 10.0 loc_loss:  1.0883294677734374 reward_loss:  -54.41647720336914
epoch:  12 batch:  60 region_loss:  10.0 10.0 loc_loss:  1.1428678131103516 reward_loss:  -57.14338302612305
epoch:  12 batch:  70 region_loss:  10.0 10.0 loc_loss:  1.0880841827392578 reward_loss:  -54.40420913696289
epoch:  12 batch:  80 region_loss:  10.0 10.0 loc_loss:  1.1544931030273438 reward_loss:  -57.72465515136719
epoch:  12 batch:  90 region_loss:  6.0 6.0 loc_loss:  0.7038878631591797 reward_loss:  -35.19581604003906
epoch:  12 batch:  100 region_loss:  8.0 8.0 loc_loss:  0.857978515625 reward_loss:  -42.898929595947266
epoch:  12 batch:  110 region_loss:  4.0 4.0 loc_loss:  0.49869083404541015 reward_loss:  -24.93454360961914
epoch:  12 batch:  120 region_loss:  5.0 5.0 loc_loss:  0.568157615661621 reward_loss:  -28.407880783081055
epoch:  12 batch:  130 region_loss:  7.0 7.0 loc_loss:  0.8136581420898438 reward_loss:  -40.68290710449219
acc@1:  0.12935089369708372
epoch: 12 region loss 0.17051094890510948 loc loss 0.9296636500671832 reward loss -46.48319323741607
epoch:  13 batch:  0 region_loss:  10.0 10.0 loc_loss:  1.0571989440917968 reward_loss:  -52.859947204589844
epoch:  13 batch:  10 region_loss:  10.0 10.0 loc_loss:  1.084710922241211 reward_loss:  -54.23554992675781
epoch:  13 batch:  20 region_loss:  10.0 10.0 loc_loss:  0.96246337890625 reward_loss:  -48.1231689453125
epoch:  13 batch:  30 region_loss:  10.0 10.0 loc_loss:  1.0487079620361328 reward_loss:  -52.435394287109375
epoch:  13 batch:  40 region_loss:  10.0 10.0 loc_loss:  1.1002153778076171 reward_loss:  -55.010772705078125
epoch:  13 batch:  50 region_loss:  10.0 10.0 loc_loss:  1.0206685638427735 reward_loss:  -51.03342819213867
epoch:  13 batch:  60 region_loss:  10.0 10.0 loc_loss:  1.0857826232910157 reward_loss:  -54.28913116455078
epoch:  13 batch:  70 region_loss:  10.0 10.0 loc_loss:  1.025724868774414 reward_loss:  -51.2862434387207
epoch:  13 batch:  80 region_loss:  10.0 10.0 loc_loss:  1.101317138671875 reward_loss:  -55.065860748291016
epoch:  13 batch:  90 region_loss:  6.0 6.0 loc_loss:  0.6703846740722657 reward_loss:  -33.519229888916016
epoch:  13 batch:  100 region_loss:  8.0 8.0 loc_loss:  0.8105274963378907 reward_loss:  -40.5263671875
epoch:  13 batch:  110 region_loss:  4.0 4.0 loc_loss:  0.4764725875854492 reward_loss:  -23.82362937927246
epoch:  13 batch:  120 region_loss:  5.0 5.0 loc_loss:  0.5380613327026367 reward_loss:  -26.903064727783203
epoch:  13 batch:  130 region_loss:  7.0 7.0 loc_loss:  0.773548583984375 reward_loss:  -38.67742919921875
acc@1:  0.1359360301034807
epoch: 13 region loss 0.17051094890510948 loc loss 0.8795475217721759 reward loss -43.97737557348544
epoch:  14 batch:  0 region_loss:  10.0 10.0 loc_loss:  0.9969770812988281 reward_loss:  -49.848854064941406
epoch:  14 batch:  10 region_loss:  10.0 10.0 loc_loss:  1.0246475982666015 reward_loss:  -51.23237991333008
epoch:  14 batch:  20 region_loss:  10.0 10.0 loc_loss:  0.9085511779785156 reward_loss:  -45.42755889892578
epoch:  14 batch:  30 region_loss:  10.0 10.0 loc_loss:  0.9863632202148438 reward_loss:  -49.31816482543945
epoch:  14 batch:  40 region_loss:  10.0 10.0 loc_loss:  1.0517488098144532 reward_loss:  -52.58743667602539
epoch:  14 batch:  50 region_loss:  10.0 10.0 loc_loss:  0.9588986206054687 reward_loss:  -47.9449348449707
epoch:  14 batch:  60 region_loss:  10.0 10.0 loc_loss:  1.031518783569336 reward_loss:  -51.57593536376953
epoch:  14 batch:  70 region_loss:  10.0 10.0 loc_loss:  0.9687820434570312 reward_loss:  -48.4390983581543
epoch:  14 batch:  80 region_loss:  10.0 10.0 loc_loss:  1.051203842163086 reward_loss:  -52.5601921081543
epoch:  14 batch:  90 region_loss:  6.0 6.0 loc_loss:  0.6387651443481446 reward_loss:  -31.93825912475586
epoch:  14 batch:  100 region_loss:  8.0 8.0 loc_loss:  0.7673302459716796 reward_loss:  -38.366512298583984
epoch:  14 batch:  110 region_loss:  4.0 4.0 loc_loss:  0.4544412612915039 reward_loss:  -22.722063064575195
epoch:  14 batch:  120 region_loss:  5.0 5.0 loc_loss:  0.5092636871337891 reward_loss:  -25.463184356689453
epoch:  14 batch:  130 region_loss:  7.0 7.0 loc_loss:  0.7358673095703125 reward_loss:  -36.793365478515625
acc@1:  0.13687676387582315
epoch: 14 region loss 0.17051094890510948 loc loss 0.8331372454566677 reward loss -41.65686164633201
epoch:  15 batch:  0 region_loss:  10.0 10.0 loc_loss:  0.9416937255859374 reward_loss:  -47.084686279296875
epoch:  15 batch:  10 region_loss:  10.0 10.0 loc_loss:  0.9700698852539062 reward_loss:  -48.50349426269531
epoch:  15 batch:  20 region_loss:  10.0 10.0 loc_loss:  0.8597512054443359 reward_loss:  -42.9875602722168
epoch:  15 batch:  30 region_loss:  10.0 10.0 loc_loss:  0.9292578125 reward_loss:  -46.462886810302734
epoch:  15 batch:  40 region_loss:  10.0 10.0 loc_loss:  1.0060127258300782 reward_loss:  -50.300636291503906
epoch:  15 batch:  50 region_loss:  10.0 10.0 loc_loss:  0.902812728881836 reward_loss:  -45.14063262939453
epoch:  15 batch:  60 region_loss:  10.0 10.0 loc_loss:  0.980135269165039 reward_loss:  -49.00675964355469
epoch:  15 batch:  70 region_loss:  10.0 10.0 loc_loss:  0.917011489868164 reward_loss:  -45.85057067871094
epoch:  15 batch:  80 region_loss:  10.0 10.0 loc_loss:  1.0038294219970703 reward_loss:  -50.191471099853516
epoch:  15 batch:  90 region_loss:  6.0 6.0 loc_loss:  0.6093631744384765 reward_loss:  -30.467491149902344
epoch:  15 batch:  100 region_loss:  8.0 8.0 loc_loss:  0.7281351470947266 reward_loss:  -36.406761169433594
epoch:  15 batch:  110 region_loss:  4.0 4.0 loc_loss:  0.4332612991333008 reward_loss:  -21.663063049316406
epoch:  15 batch:  120 region_loss:  5.0 5.0 loc_loss:  0.48209213256835937 reward_loss:  -24.104604721069336
epoch:  15 batch:  130 region_loss:  7.0 7.0 loc_loss:  0.7006114196777343 reward_loss:  -35.030574798583984
acc@1:  0.13687676387582315
epoch: 15 region loss 0.17051094890510948 loc loss 0.7904513574864742 reward loss -39.52256231934485
epoch:  16 batch:  0 region_loss:  10.0 10.0 loc_loss:  0.8905269622802734 reward_loss:  -44.52634811401367
epoch:  16 batch:  10 region_loss:  10.0 10.0 loc_loss:  0.919906005859375 reward_loss:  -45.99530029296875
epoch:  16 batch:  20 region_loss:  10.0 10.0 loc_loss:  0.8159532928466797 reward_loss:  -40.79766845703125
epoch:  16 batch:  30 region_loss:  10.0 10.0 loc_loss:  0.8775251770019531 reward_loss:  -43.876258850097656
epoch:  16 batch:  40 region_loss:  10.0 10.0 loc_loss:  0.9644773864746093 reward_loss:  -48.22386932373047
epoch:  16 batch:  50 region_loss:  10.0 10.0 loc_loss:  0.8523600769042968 reward_loss:  -42.61799621582031
epoch:  16 batch:  60 region_loss:  10.0 10.0 loc_loss:  0.9317247009277344 reward_loss:  -46.586238861083984
epoch:  16 batch:  70 region_loss:  10.0 10.0 loc_loss:  0.8693701171875 reward_loss:  -43.468505859375
epoch:  16 batch:  80 region_loss:  10.0 10.0 loc_loss:  0.9592937469482422 reward_loss:  -47.964691162109375
epoch:  16 batch:  90 region_loss:  6.0 6.0 loc_loss:  0.5812387084960937 reward_loss:  -29.061935424804688
epoch:  16 batch:  100 region_loss:  8.0 8.0 loc_loss:  0.6925057983398437 reward_loss:  -34.62480545043945
epoch:  16 batch:  110 region_loss:  4.0 4.0 loc_loss:  0.4125726318359375 reward_loss:  -20.628631591796875
epoch:  16 batch:  120 region_loss:  5.0 5.0 loc_loss:  0.45625839233398435 reward_loss:  -22.81291961669922
epoch:  16 batch:  130 region_loss:  7.0 7.0 loc_loss:  0.6675888824462891 reward_loss:  -33.37944412231445
acc@1:  0.13922859830667922
epoch: 16 region loss 0.17051094890510948 loc loss 0.7512439892065786 reward loss -37.56219547856463
epoch:  17 batch:  0 region_loss:  10.0 10.0 loc_loss:  0.8437268829345703 reward_loss:  -42.18634033203125
epoch:  17 batch:  10 region_loss:  10.0 10.0 loc_loss:  0.8743936920166016 reward_loss:  -43.71967697143555
epoch:  17 batch:  20 region_loss:  10.0 10.0 loc_loss:  0.7765016174316406 reward_loss:  -38.82508087158203
epoch:  17 batch:  30 region_loss:  10.0 10.0 loc_loss:  0.8300994110107421 reward_loss:  -41.504966735839844
epoch:  17 batch:  40 region_loss:  10.0 10.0 loc_loss:  0.9257202911376953 reward_loss:  -46.2860107421875
epoch:  17 batch:  50 region_loss:  10.0 10.0 loc_loss:  0.8068106079101562 reward_loss:  -40.34052658081055
epoch:  17 batch:  60 region_loss:  10.0 10.0 loc_loss:  0.8858865356445312 reward_loss:  -44.29432678222656
epoch:  17 batch:  70 region_loss:  10.0 10.0 loc_loss:  0.8260504150390625 reward_loss:  -41.302528381347656
epoch:  17 batch:  80 region_loss:  10.0 10.0 loc_loss:  0.9173243713378906 reward_loss:  -45.86621856689453
epoch:  17 batch:  90 region_loss:  6.0 6.0 loc_loss:  0.55495361328125 reward_loss:  -27.7476806640625
epoch:  17 batch:  100 region_loss:  8.0 8.0 loc_loss:  0.6599462890625 reward_loss:  -32.997310638427734
epoch:  17 batch:  110 region_loss:  4.0 4.0 loc_loss:  0.39313297271728515 reward_loss:  -19.656648635864258
epoch:  17 batch:  120 region_loss:  5.0 5.0 loc_loss:  0.43166107177734375 reward_loss:  -21.583053588867188
epoch:  17 batch:  130 region_loss:  7.0 7.0 loc_loss:  0.6369923782348633 reward_loss:  -31.84961700439453
acc@1:  0.13687676387582315
epoch: 17 region loss 0.17051094890510948 loc loss 0.7152067262412858 reward loss -35.760330457756986
epoch:  18 batch:  0 region_loss:  10.0 10.0 loc_loss:  0.8007978820800781 reward_loss:  -40.039894104003906
epoch:  18 batch:  10 region_loss:  10.0 10.0 loc_loss:  0.8321577453613281 reward_loss:  -41.60788345336914
epoch:  18 batch:  20 region_loss:  10.0 10.0 loc_loss:  0.7404994964599609 reward_loss:  -37.02497482299805
epoch:  18 batch:  30 region_loss:  10.0 10.0 loc_loss:  0.787471923828125 reward_loss:  -39.37359619140625
epoch:  18 batch:  40 region_loss:  10.0 10.0 loc_loss:  0.8904826354980468 reward_loss:  -44.524131774902344
epoch:  18 batch:  50 region_loss:  10.0 10.0 loc_loss:  0.7657478332519532 reward_loss:  -38.287391662597656
epoch:  18 batch:  60 region_loss:  10.0 10.0 loc_loss:  0.84283447265625 reward_loss:  -42.1417236328125
epoch:  18 batch:  70 region_loss:  10.0 10.0 loc_loss:  0.7861720275878906 reward_loss:  -39.30860137939453
epoch:  18 batch:  80 region_loss:  10.0 10.0 loc_loss:  0.8779388427734375 reward_loss:  -43.89694595336914
epoch:  18 batch:  90 region_loss:  6.0 6.0 loc_loss:  0.5300323867797851 reward_loss:  -26.501617431640625
epoch:  18 batch:  100 region_loss:  8.0 8.0 loc_loss:  0.6296162796020508 reward_loss:  -31.480810165405273
epoch:  18 batch:  110 region_loss:  4.0 4.0 loc_loss:  0.3742191696166992 reward_loss:  -18.710956573486328
epoch:  18 batch:  120 region_loss:  5.0 5.0 loc_loss:  0.40881092071533204 reward_loss:  -20.4405460357666
epoch:  18 batch:  130 region_loss:  7.0 7.0 loc_loss:  0.6081341934204102 reward_loss:  -30.40671157836914
acc@1:  0.13922859830667922
epoch: 18 region loss 0.17051094890510948 loc loss 0.6819532411115883 reward loss -34.09766101837158
epoch:  19 batch:  0 region_loss:  10.0 10.0 loc_loss:  0.7607035827636719 reward_loss:  -38.035179138183594
epoch:  19 batch:  10 region_loss:  10.0 10.0 loc_loss:  0.7932842254638672 reward_loss:  -39.66421127319336
epoch:  19 batch:  20 region_loss:  10.0 10.0 loc_loss:  0.7080075073242188 reward_loss:  -35.40037536621094
epoch:  19 batch:  30 region_loss:  10.0 10.0 loc_loss:  0.747911376953125 reward_loss:  -37.395572662353516
epoch:  19 batch:  40 region_loss:  10.0 10.0 loc_loss:  0.8573135375976563 reward_loss:  -42.86567687988281
epoch:  19 batch:  50 region_loss:  10.0 10.0 loc_loss:  0.7281733703613281 reward_loss:  -36.408668518066406
epoch:  19 batch:  60 region_loss:  10.0 10.0 loc_loss:  0.801841812133789 reward_loss:  -40.09209060668945
epoch:  19 batch:  70 region_loss:  10.0 10.0 loc_loss:  0.7495378875732421 reward_loss:  -37.47689437866211
epoch:  19 batch:  80 region_loss:  10.0 10.0 loc_loss:  0.840255126953125 reward_loss:  -42.012752532958984
epoch:  19 batch:  90 region_loss:  6.0 6.0 loc_loss:  0.5066390228271485 reward_loss:  -25.33194923400879
epoch:  19 batch:  100 region_loss:  8.0 8.0 loc_loss:  0.601313362121582 reward_loss:  -30.0656681060791
epoch:  19 batch:  110 region_loss:  4.0 4.0 loc_loss:  0.3561566162109375 reward_loss:  -17.807830810546875
epoch:  19 batch:  120 region_loss:  5.0 5.0 loc_loss:  0.38702854156494143 reward_loss:  -19.35142707824707
epoch:  19 batch:  130 region_loss:  7.0 7.0 loc_loss:  0.5809856414794922 reward_loss:  -29.04928207397461
acc@1:  0.1349952963311383
epoch: 19 region loss 0.17051094890510948 loc loss 0.6510613774209126 reward loss -32.5530683350389
epoch:  20 batch:  0 region_loss:  10.0 10.0 loc_loss:  0.7235075378417969 reward_loss:  -36.175376892089844
epoch:  20 batch:  10 region_loss:  10.0 10.0 loc_loss:  0.7566469573974609 reward_loss:  -37.83235168457031
epoch:  20 batch:  20 region_loss:  10.0 10.0 loc_loss:  0.6780435180664063 reward_loss:  -33.90217590332031
epoch:  20 batch:  30 region_loss:  10.0 10.0 loc_loss:  0.7113938903808594 reward_loss:  -35.56969451904297
epoch:  20 batch:  40 region_loss:  10.0 10.0 loc_loss:  0.8262587738037109 reward_loss:  -41.31293869018555
epoch:  20 batch:  50 region_loss:  10.0 10.0 loc_loss:  0.6937322235107422 reward_loss:  -34.686607360839844
epoch:  20 batch:  60 region_loss:  10.0 10.0 loc_loss:  0.762657241821289 reward_loss:  -38.13286209106445
epoch:  20 batch:  70 region_loss:  10.0 10.0 loc_loss:  0.7151951599121094 reward_loss:  -35.75975799560547
epoch:  20 batch:  80 region_loss:  10.0 10.0 loc_loss:  0.8042507171630859 reward_loss:  -40.2125358581543
epoch:  20 batch:  90 region_loss:  6.0 6.0 loc_loss:  0.4841873931884766 reward_loss:  -24.209369659423828
epoch:  20 batch:  100 region_loss:  8.0 8.0 loc_loss:  0.5745424652099609 reward_loss:  -28.72711944580078
epoch:  20 batch:  110 region_loss:  4.0 4.0 loc_loss:  0.33892333984375 reward_loss:  -16.9461669921875
epoch:  20 batch:  120 region_loss:  5.0 5.0 loc_loss:  0.3664548110961914 reward_loss:  -18.322736740112305
epoch:  20 batch:  130 region_loss:  7.0 7.0 loc_loss:  0.5550645446777344 reward_loss:  -27.753225326538086
acc@1:  0.13311382878645345
epoch: 20 region loss 0.17051094890510948 loc loss 0.6221917819280695 reward loss -31.109588595202368
epoch:  21 batch:  0 region_loss:  10.0 10.0 loc_loss:  0.6888016510009766 reward_loss:  -34.44008255004883
epoch:  21 batch:  10 region_loss:  10.0 10.0 loc_loss:  0.722490234375 reward_loss:  -36.12451171875
epoch:  21 batch:  20 region_loss:  10.0 10.0 loc_loss:  0.6507829284667969 reward_loss:  -32.539146423339844
epoch:  21 batch:  30 region_loss:  10.0 10.0 loc_loss:  0.6772501373291016 reward_loss:  -33.86250305175781
epoch:  21 batch:  40 region_loss:  10.0 10.0 loc_loss:  0.7967079925537109 reward_loss:  -39.83539962768555
epoch:  21 batch:  50 region_loss:  10.0 10.0 loc_loss:  0.6622522735595703 reward_loss:  -33.11260986328125
epoch:  21 batch:  60 region_loss:  10.0 10.0 loc_loss:  0.7256189727783203 reward_loss:  -36.280948638916016
epoch:  21 batch:  70 region_loss:  10.0 10.0 loc_loss:  0.6833917236328125 reward_loss:  -34.169586181640625
epoch:  21 batch:  80 region_loss:  10.0 10.0 loc_loss:  0.7700056457519531 reward_loss:  -38.50027847290039
epoch:  21 batch:  90 region_loss:  6.0 6.0 loc_loss:  0.4627658843994141 reward_loss:  -23.138294219970703
epoch:  21 batch:  100 region_loss:  8.0 8.0 loc_loss:  0.5493075180053711 reward_loss:  -27.465375900268555
epoch:  21 batch:  110 region_loss:  4.0 4.0 loc_loss:  0.32249011993408205 reward_loss:  -16.1245059967041
epoch:  21 batch:  120 region_loss:  5.0 5.0 loc_loss:  0.34728652954101563 reward_loss:  -17.36432647705078
epoch:  21 batch:  130 region_loss:  7.0 7.0 loc_loss:  0.5304236221313476 reward_loss:  -26.521181106567383
acc@1:  0.13358419567262464
epoch: 21 region loss 0.17051094890510948 loc loss 0.5950821954490495 reward loss -29.754109340862637
epoch:  22 batch:  0 region_loss:  10.0 10.0 loc_loss:  0.6563005065917968 reward_loss:  -32.815025329589844
epoch:  22 batch:  10 region_loss:  10.0 10.0 loc_loss:  0.6901979064941406 reward_loss:  -34.50989532470703
epoch:  22 batch:  20 region_loss:  10.0 10.0 loc_loss:  0.6253060913085937 reward_loss:  -31.265304565429688
epoch:  22 batch:  30 region_loss:  10.0 10.0 loc_loss:  0.6454966735839843 reward_loss:  -32.27483367919922
epoch:  22 batch:  40 region_loss:  10.0 10.0 loc_loss:  0.7684501647949219 reward_loss:  -38.42251205444336
epoch:  22 batch:  50 region_loss:  10.0 10.0 loc_loss:  0.632576789855957 reward_loss:  -31.62883758544922
epoch:  22 batch:  60 region_loss:  10.0 10.0 loc_loss:  0.6906172180175781 reward_loss:  -34.530860900878906
epoch:  22 batch:  70 region_loss:  10.0 10.0 loc_loss:  0.6533924102783203 reward_loss:  -32.669620513916016
epoch:  22 batch:  80 region_loss:  10.0 10.0 loc_loss:  0.7371939849853516 reward_loss:  -36.859703063964844
epoch:  22 batch:  90 region_loss:  6.0 6.0 loc_loss:  0.4425429534912109 reward_loss:  -22.127147674560547
epoch:  22 batch:  100 region_loss:  8.0 8.0 loc_loss:  0.5250046539306641 reward_loss:  -26.250232696533203
epoch:  22 batch:  110 region_loss:  4.0 4.0 loc_loss:  0.3068229103088379 reward_loss:  -15.341145515441895
epoch:  22 batch:  120 region_loss:  5.0 5.0 loc_loss:  0.3289950180053711 reward_loss:  -16.449752807617188
epoch:  22 batch:  130 region_loss:  7.0 7.0 loc_loss:  0.5068557739257813 reward_loss:  -25.34278678894043
acc@1:  0.13358419567262464
epoch: 22 region loss 0.17051094890510948 loc loss 0.5694530327650752 reward loss -28.472651043077455
epoch:  23 batch:  0 region_loss:  10.0 10.0 loc_loss:  0.6256520080566407 reward_loss:  -31.282594680786133
epoch:  23 batch:  10 region_loss:  10.0 10.0 loc_loss:  0.6597071075439453 reward_loss:  -32.985355377197266
epoch:  23 batch:  20 region_loss:  10.0 10.0 loc_loss:  0.6015806198120117 reward_loss:  -30.079029083251953
epoch:  23 batch:  30 region_loss:  10.0 10.0 loc_loss:  0.615297737121582 reward_loss:  -30.76488494873047
epoch:  23 batch:  40 region_loss:  10.0 10.0 loc_loss:  0.740756607055664 reward_loss:  -37.0378303527832
epoch:  23 batch:  50 region_loss:  10.0 10.0 loc_loss:  0.6046578979492188 reward_loss:  -30.232892990112305
epoch:  23 batch:  60 region_loss:  10.0 10.0 loc_loss:  0.657136459350586 reward_loss:  -32.85681915283203
epoch:  23 batch:  70 region_loss:  10.0 10.0 loc_loss:  0.6251051330566406 reward_loss:  -31.2552547454834
epoch:  23 batch:  80 region_loss:  10.0 10.0 loc_loss:  0.7054125213623047 reward_loss:  -35.270626068115234
epoch:  23 batch:  90 region_loss:  6.0 6.0 loc_loss:  0.422956657409668 reward_loss:  -21.1478328704834
epoch:  23 batch:  100 region_loss:  8.0 8.0 loc_loss:  0.5017712020874023 reward_loss:  -25.088558197021484
epoch:  23 batch:  110 region_loss:  4.0 4.0 loc_loss:  0.29188045501708987 reward_loss:  -14.594021797180176
epoch:  23 batch:  120 region_loss:  5.0 5.0 loc_loss:  0.31180614471435547 reward_loss:  -15.59030532836914
epoch:  23 batch:  130 region_loss:  7.0 7.0 loc_loss:  0.48404129028320314 reward_loss:  -24.20206642150879
acc@1:  0.12982126058325494
epoch: 23 region loss 0.17051094890510948 loc loss 0.5450851768994853 reward loss -27.254258232395145
epoch:  24 batch:  0 region_loss:  10.0 10.0 loc_loss:  0.5963596725463867 reward_loss:  -29.817983627319336
epoch:  24 batch:  10 region_loss:  10.0 10.0 loc_loss:  0.6306900405883789 reward_loss:  -31.534500122070312
epoch:  24 batch:  20 region_loss:  10.0 10.0 loc_loss:  0.5788211059570313 reward_loss:  -28.941055297851562
epoch:  24 batch:  30 region_loss:  10.0 10.0 loc_loss:  0.5870072937011719 reward_loss:  -29.350364685058594
epoch:  24 batch:  40 region_loss:  10.0 10.0 loc_loss:  0.7140353393554687 reward_loss:  -35.70176696777344
epoch:  24 batch:  50 region_loss:  10.0 10.0 loc_loss:  0.5784896469116211 reward_loss:  -28.924482345581055
epoch:  24 batch:  60 region_loss:  10.0 10.0 loc_loss:  0.6255935668945313 reward_loss:  -31.279678344726562
epoch:  24 batch:  70 region_loss:  10.0 10.0 loc_loss:  0.5983084869384766 reward_loss:  -29.91542625427246
epoch:  24 batch:  80 region_loss:  10.0 10.0 loc_loss:  0.6748515319824219 reward_loss:  -33.742576599121094
epoch:  24 batch:  90 region_loss:  6.0 6.0 loc_loss:  0.4041310882568359 reward_loss:  -20.206554412841797
epoch:  24 batch:  100 region_loss:  8.0 8.0 loc_loss:  0.47962471008300783 reward_loss:  -23.981233596801758
epoch:  24 batch:  110 region_loss:  4.0 4.0 loc_loss:  0.2775094985961914 reward_loss:  -13.875473976135254
epoch:  24 batch:  120 region_loss:  5.0 5.0 loc_loss:  0.29534257888793947 reward_loss:  -14.767127990722656
epoch:  24 batch:  130 region_loss:  7.0 7.0 loc_loss:  0.46233203887939456 reward_loss:  -23.116601943969727
acc@1:  0.12558795860771402
epoch: 24 region loss 0.17051094890510948 loc loss 0.5218768917557096 reward loss -26.09384415967621
epoch:  25 batch:  0 region_loss:  10.0 10.0 loc_loss:  0.568428955078125 reward_loss:  -28.421445846557617
epoch:  25 batch:  10 region_loss:  10.0 10.0 loc_loss:  0.6033765411376953 reward_loss:  -30.16883087158203
epoch:  25 batch:  20 region_loss:  10.0 10.0 loc_loss:  0.5575752639770508 reward_loss:  -27.87876319885254
epoch:  25 batch:  30 region_loss:  10.0 10.0 loc_loss:  0.5597293853759766 reward_loss:  -27.98647117614746
epoch:  25 batch:  40 region_loss:  10.0 10.0 loc_loss:  0.6881940460205078 reward_loss:  -34.40970230102539
epoch:  25 batch:  50 region_loss:  10.0 10.0 loc_loss:  0.5535192108154297 reward_loss:  -27.67595863342285
epoch:  25 batch:  60 region_loss:  10.0 10.0 loc_loss:  0.5953853988647461 reward_loss:  -29.769269943237305
epoch:  25 batch:  70 region_loss:  10.0 10.0 loc_loss:  0.5729088973999024 reward_loss:  -28.645444869995117
epoch:  25 batch:  80 region_loss:  10.0 10.0 loc_loss:  0.645306625366211 reward_loss:  -32.26533126831055
epoch:  25 batch:  90 region_loss:  6.0 6.0 loc_loss:  0.38617347717285155 reward_loss:  -19.308673858642578
epoch:  25 batch:  100 region_loss:  8.0 8.0 loc_loss:  0.45816352844238284 reward_loss:  -22.90817642211914
epoch:  25 batch:  110 region_loss:  4.0 4.0 loc_loss:  0.26356910705566405 reward_loss:  -13.178455352783203
epoch:  25 batch:  120 region_loss:  5.0 5.0 loc_loss:  0.2798873329162598 reward_loss:  -13.994367599487305
epoch:  25 batch:  130 region_loss:  7.0 7.0 loc_loss:  0.44115394592285156 reward_loss:  -22.057697296142578
acc@1:  0.1213546566321731
epoch: 25 region loss 0.17051094890510948 loc loss 0.49959690755301145 reward loss -24.97984495998299
epoch:  26 batch:  0 region_loss:  10.0 10.0 loc_loss:  0.541689796447754 reward_loss:  -27.084491729736328
epoch:  26 batch:  10 region_loss:  10.0 10.0 loc_loss:  0.5771315383911133 reward_loss:  -28.8565731048584
epoch:  26 batch:  20 region_loss:  10.0 10.0 loc_loss:  0.5369662475585938 reward_loss:  -26.848312377929688
epoch:  26 batch:  30 region_loss:  10.0 10.0 loc_loss:  0.5340145111083985 reward_loss:  -26.700721740722656
epoch:  26 batch:  40 region_loss:  10.0 10.0 loc_loss:  0.66305908203125 reward_loss:  -33.1529541015625
epoch:  26 batch:  50 region_loss:  10.0 10.0 loc_loss:  0.5298242568969727 reward_loss:  -26.491209030151367
epoch:  26 batch:  60 region_loss:  10.0 10.0 loc_loss:  0.5665275573730468 reward_loss:  -28.326377868652344
epoch:  26 batch:  70 region_loss:  10.0 10.0 loc_loss:  0.5484809112548829 reward_loss:  -27.424047470092773
epoch:  26 batch:  80 region_loss:  10.0 10.0 loc_loss:  0.6167468643188476 reward_loss:  -30.837339401245117
epoch:  26 batch:  90 region_loss:  6.0 6.0 loc_loss:  0.36834346771240234 reward_loss:  -18.417173385620117
epoch:  26 batch:  100 region_loss:  8.0 8.0 loc_loss:  0.4375936508178711 reward_loss:  -21.879682540893555
epoch:  26 batch:  110 region_loss:  4.0 4.0 loc_loss:  0.25016950607299804 reward_loss:  -12.508474349975586
epoch:  26 batch:  120 region_loss:  5.0 5.0 loc_loss:  0.2651305389404297 reward_loss:  -13.256525993347168
epoch:  26 batch:  130 region_loss:  7.0 7.0 loc_loss:  0.4207231903076172 reward_loss:  -21.03615951538086
acc@1:  0.11994355597365945
epoch: 26 region loss 0.17051094890510948 loc loss 0.47825774408604976 reward loss -23.91288692237687
epoch:  27 batch:  0 region_loss:  10.0 10.0 loc_loss:  0.5162186050415039 reward_loss:  -25.810930252075195
epoch:  27 batch:  10 region_loss:  10.0 10.0 loc_loss:  0.5523011779785156 reward_loss:  -27.61505699157715
epoch:  27 batch:  20 region_loss:  10.0 10.0 loc_loss:  0.5172864151000977 reward_loss:  -25.864320755004883
epoch:  27 batch:  30 region_loss:  10.0 10.0 loc_loss:  0.509502067565918 reward_loss:  -25.475101470947266
epoch:  27 batch:  40 region_loss:  10.0 10.0 loc_loss:  0.6382265853881836 reward_loss:  -31.911325454711914
epoch:  27 batch:  50 region_loss:  10.0 10.0 loc_loss:  0.5071812438964843 reward_loss:  -25.35906219482422
epoch:  27 batch:  60 region_loss:  10.0 10.0 loc_loss:  0.5392637252807617 reward_loss:  -26.963186264038086
epoch:  27 batch:  70 region_loss:  10.0 10.0 loc_loss:  0.5250908279418945 reward_loss:  -26.25454330444336
epoch:  27 batch:  80 region_loss:  10.0 10.0 loc_loss:  0.5888969802856445 reward_loss:  -29.44485092163086
epoch:  27 batch:  90 region_loss:  6.0 6.0 loc_loss:  0.3515563201904297 reward_loss:  -17.577816009521484
epoch:  27 batch:  100 region_loss:  8.0 8.0 loc_loss:  0.4177373504638672 reward_loss:  -20.88686752319336
epoch:  27 batch:  110 region_loss:  4.0 4.0 loc_loss:  0.23722806930541993 reward_loss:  -11.861404418945312
epoch:  27 batch:  120 region_loss:  5.0 5.0 loc_loss:  0.2512313270568848 reward_loss:  -12.561564445495605
epoch:  27 batch:  130 region_loss:  7.0 7.0 loc_loss:  0.400898323059082 reward_loss:  -20.0449161529541
acc@1:  0.11853245531514581
epoch: 27 region loss 0.17051094890510948 loc loss 0.45765335542442154 reward loss -22.882667475373207
epoch:  28 batch:  0 region_loss:  10.0 10.0 loc_loss:  0.4918932723999023 reward_loss:  -24.594661712646484
epoch:  28 batch:  10 region_loss:  10.0 10.0 loc_loss:  0.5279829025268554 reward_loss:  -26.39914321899414
epoch:  28 batch:  20 region_loss:  10.0 10.0 loc_loss:  0.4982322692871094 reward_loss:  -24.9116153717041
epoch:  28 batch:  30 region_loss:  10.0 10.0 loc_loss:  0.48548973083496094 reward_loss:  -24.274486541748047
epoch:  28 batch:  40 region_loss:  10.0 10.0 loc_loss:  0.6141576766967773 reward_loss:  -30.707881927490234
epoch:  28 batch:  50 region_loss:  10.0 10.0 loc_loss:  0.4857924270629883 reward_loss:  -24.289623260498047
epoch:  28 batch:  60 region_loss:  10.0 10.0 loc_loss:  0.5125911331176758 reward_loss:  -25.629558563232422
epoch:  28 batch:  70 region_loss:  10.0 10.0 loc_loss:  0.5027582168579101 reward_loss:  -25.137908935546875
epoch:  28 batch:  80 region_loss:  10.0 10.0 loc_loss:  0.5619623565673828 reward_loss:  -28.09811782836914
epoch:  28 batch:  90 region_loss:  6.0 6.0 loc_loss:  0.3351835632324219 reward_loss:  -16.759178161621094
epoch:  28 batch:  100 region_loss:  8.0 8.0 loc_loss:  0.3984877395629883 reward_loss:  -19.924388885498047
epoch:  28 batch:  110 region_loss:  4.0 4.0 loc_loss:  0.2245881462097168 reward_loss:  -11.22940731048584
epoch:  28 batch:  120 region_loss:  5.0 5.0 loc_loss:  0.2376399040222168 reward_loss:  -11.88199520111084
epoch:  28 batch:  130 region_loss:  7.0 7.0 loc_loss:  0.38157947540283205 reward_loss:  -19.07897186279297
acc@1:  0.12041392285983067
epoch: 28 region loss 0.17051094890510948 loc loss 0.43776060821366136 reward loss -21.88803023665491
epoch:  29 batch:  0 region_loss:  10.0 10.0 loc_loss:  0.46837486267089845 reward_loss:  -23.418743133544922
epoch:  29 batch:  10 region_loss:  10.0 10.0 loc_loss:  0.5048048400878906 reward_loss:  -25.24024200439453
epoch:  29 batch:  20 region_loss:  10.0 10.0 loc_loss:  0.479655876159668 reward_loss:  -23.9827938079834
epoch:  29 batch:  30 region_loss:  10.0 10.0 loc_loss:  0.462890625 reward_loss:  -23.14453125
epoch:  29 batch:  40 region_loss:  10.0 10.0 loc_loss:  0.5900386047363281 reward_loss:  -29.501930236816406
epoch:  29 batch:  50 region_loss:  10.0 10.0 loc_loss:  0.46454826354980466 reward_loss:  -23.227413177490234
epoch:  29 batch:  60 region_loss:  10.0 10.0 loc_loss:  0.48718986511230467 reward_loss:  -24.359493255615234
epoch:  29 batch:  70 region_loss:  10.0 10.0 loc_loss:  0.48106040954589846 reward_loss:  -24.053020477294922
epoch:  29 batch:  80 region_loss:  10.0 10.0 loc_loss:  0.5356761932373046 reward_loss:  -26.783809661865234
epoch:  29 batch:  90 region_loss:  6.0 6.0 loc_loss:  0.31878755569458006 reward_loss:  -15.939376831054688
epoch:  29 batch:  100 region_loss:  8.0 8.0 loc_loss:  0.3797993850708008 reward_loss:  -18.98996925354004
epoch:  29 batch:  110 region_loss:  4.0 4.0 loc_loss:  0.2125147247314453 reward_loss:  -10.625734329223633
epoch:  29 batch:  120 region_loss:  5.0 5.0 loc_loss:  0.2247569465637207 reward_loss:  -11.237847328186035
epoch:  29 batch:  130 region_loss:  7.0 7.0 loc_loss:  0.3628495407104492 reward_loss:  -18.142475128173828
acc@1:  0.11759172154280338
epoch: 29 region loss 0.17051094890510948 loc loss 0.41852392861442844 reward loss -20.926196009573275
epoch:  30 batch:  0 region_loss:  10.0 10.0 loc_loss:  0.4456342315673828 reward_loss:  -22.28171157836914
epoch:  30 batch:  10 region_loss:  10.0 10.0 loc_loss:  0.48237586975097657 reward_loss:  -24.118793487548828
epoch:  30 batch:  20 region_loss:  10.0 10.0 loc_loss:  0.461673469543457 reward_loss:  -23.083669662475586
epoch:  30 batch:  30 region_loss:  10.0 10.0 loc_loss:  0.4408415222167969 reward_loss:  -22.042076110839844
epoch:  30 batch:  40 region_loss:  10.0 10.0 loc_loss:  0.5667470932006836 reward_loss:  -28.33735466003418
epoch:  30 batch:  50 region_loss:  10.0 10.0 loc_loss:  0.4441654205322266 reward_loss:  -22.208271026611328
epoch:  30 batch:  60 region_loss:  10.0 10.0 loc_loss:  0.46294254302978516 reward_loss:  -23.147127151489258
epoch:  30 batch:  70 region_loss:  10.0 10.0 loc_loss:  0.46022132873535154 reward_loss:  -23.011066436767578
epoch:  30 batch:  80 region_loss:  10.0 10.0 loc_loss:  0.5099531936645508 reward_loss:  -25.497661590576172
epoch:  30 batch:  90 region_loss:  6.0 6.0 loc_loss:  0.3031081008911133 reward_loss:  -15.155405044555664
epoch:  30 batch:  100 region_loss:  8.0 8.0 loc_loss:  0.36206932067871095 reward_loss:  -18.103466033935547
epoch:  30 batch:  110 region_loss:  4.0 4.0 loc_loss:  0.20064451217651366 reward_loss:  -10.032225608825684
epoch:  30 batch:  120 region_loss:  5.0 5.0 loc_loss:  0.21230379104614258 reward_loss:  -10.615188598632812
epoch:  30 batch:  130 region_loss:  7.0 7.0 loc_loss:  0.34454444885253904 reward_loss:  -17.22722053527832
acc@1:  0.11853245531514581
epoch: 30 region loss 0.17051094890510948 loc loss 0.3998795768292281 reward loss -19.993978650030428
epoch:  31 batch:  0 region_loss:  10.0 10.0 loc_loss:  0.42372138977050783 reward_loss:  -21.186071395874023
epoch:  31 batch:  10 region_loss:  10.0 10.0 loc_loss:  0.46068702697753905 reward_loss:  -23.034347534179688
epoch:  31 batch:  20 region_loss:  10.0 10.0 loc_loss:  0.444039306640625 reward_loss:  -22.20196533203125
epoch:  31 batch:  30 region_loss:  10.0 10.0 loc_loss:  0.41985157012939456 reward_loss:  -20.992576599121094
epoch:  31 batch:  40 region_loss:  10.0 10.0 loc_loss:  0.5439843368530274 reward_loss:  -27.199216842651367
epoch:  31 batch:  50 region_loss:  10.0 10.0 loc_loss:  0.4244660186767578 reward_loss:  -21.22330093383789
epoch:  31 batch:  60 region_loss:  10.0 10.0 loc_loss:  0.43936004638671877 reward_loss:  -21.968000411987305
epoch:  31 batch:  70 region_loss:  10.0 10.0 loc_loss:  0.43993812561035156 reward_loss:  -21.996906280517578
epoch:  31 batch:  80 region_loss:  10.0 10.0 loc_loss:  0.48511600494384766 reward_loss:  -24.25579833984375
epoch:  31 batch:  90 region_loss:  6.0 6.0 loc_loss:  0.2877990913391113 reward_loss:  -14.38995361328125
epoch:  31 batch:  100 region_loss:  8.0 8.0 loc_loss:  0.34435245513916013 reward_loss:  -17.217622756958008
epoch:  31 batch:  110 region_loss:  4.0 4.0 loc_loss:  0.18939687728881835 reward_loss:  -9.469842910766602
epoch:  31 batch:  120 region_loss:  5.0 5.0 loc_loss:  0.20030658721923827 reward_loss:  -10.01533031463623
epoch:  31 batch:  130 region_loss:  7.0 7.0 loc_loss:  0.3270783996582031 reward_loss:  -16.353919982910156
acc@1:  0.11853245531514581
epoch: 31 region loss 0.17051094890510948 loc loss 0.3816785301431252 reward loss -19.08392073986304
epoch:  32 batch:  0 region_loss:  10.0 10.0 loc_loss:  0.40269596099853516 reward_loss:  -20.134796142578125
epoch:  32 batch:  10 region_loss:  10.0 10.0 loc_loss:  0.43961860656738283 reward_loss:  -21.980932235717773
epoch:  32 batch:  20 region_loss:  10.0 10.0 loc_loss:  0.42690181732177734 reward_loss:  -21.345090866088867
epoch:  32 batch:  30 region_loss:  10.0 10.0 loc_loss:  0.39952285766601564 reward_loss:  -19.97614288330078
epoch:  32 batch:  40 region_loss:  10.0 10.0 loc_loss:  0.5213534164428711 reward_loss:  -26.067670822143555
epoch:  32 batch:  50 region_loss:  10.0 10.0 loc_loss:  0.40523757934570315 reward_loss:  -20.261877059936523
epoch:  32 batch:  60 region_loss:  10.0 10.0 loc_loss:  0.4166753005981445 reward_loss:  -20.833765029907227
epoch:  32 batch:  70 region_loss:  10.0 10.0 loc_loss:  0.42029342651367185 reward_loss:  -21.014671325683594
epoch:  32 batch:  80 region_loss:  10.0 10.0 loc_loss:  0.4606850051879883 reward_loss:  -23.03424835205078
epoch:  32 batch:  90 region_loss:  6.0 6.0 loc_loss:  0.27301706314086915 reward_loss:  -13.650853157043457
epoch:  32 batch:  100 region_loss:  8.0 8.0 loc_loss:  0.32746707916259765 reward_loss:  -16.373353958129883
epoch:  32 batch:  110 region_loss:  4.0 4.0 loc_loss:  0.17835853576660157 reward_loss:  -8.917926788330078
epoch:  32 batch:  120 region_loss:  5.0 5.0 loc_loss:  0.18896738052368164 reward_loss:  -9.448369979858398
epoch:  32 batch:  130 region_loss:  7.0 7.0 loc_loss:  0.3099173355102539 reward_loss:  -15.495868682861328
acc@1:  0.1180620884289746
epoch: 32 region loss 0.17051094890510948 loc loss 0.3640613452535476 reward loss -18.203067203507807
epoch:  33 batch:  0 region_loss:  10.0 10.0 loc_loss:  0.3821039581298828 reward_loss:  -19.10519790649414
epoch:  33 batch:  10 region_loss:  10.0 10.0 loc_loss:  0.419365234375 reward_loss:  -20.968257904052734
epoch:  33 batch:  20 region_loss:  10.0 10.0 loc_loss:  0.4102191925048828 reward_loss:  -20.510961532592773
epoch:  33 batch:  30 region_loss:  10.0 10.0 loc_loss:  0.3797250747680664 reward_loss:  -18.98625373840332
epoch:  33 batch:  40 region_loss:  10.0 10.0 loc_loss:  0.49943790435791013 reward_loss:  -24.971895217895508
epoch:  33 batch:  50 region_loss:  10.0 10.0 loc_loss:  0.38683753967285156 reward_loss:  -19.341876983642578
epoch:  33 batch:  60 region_loss:  10.0 10.0 loc_loss:  0.3949459075927734 reward_loss:  -19.747295379638672
epoch:  33 batch:  70 region_loss:  10.0 10.0 loc_loss:  0.40104652404785157 reward_loss:  -20.052326202392578
epoch:  33 batch:  80 region_loss:  10.0 10.0 loc_loss:  0.4370256423950195 reward_loss:  -21.851280212402344
epoch:  33 batch:  90 region_loss:  6.0 6.0 loc_loss:  0.25836971282958987 reward_loss:  -12.918487548828125
epoch:  33 batch:  100 region_loss:  8.0 8.0 loc_loss:  0.3106703758239746 reward_loss:  -15.53351879119873
epoch:  33 batch:  110 region_loss:  4.0 4.0 loc_loss:  0.16795070648193358 reward_loss:  -8.39753532409668
epoch:  33 batch:  120 region_loss:  5.0 5.0 loc_loss:  0.17796653747558594 reward_loss:  -8.898326873779297
epoch:  33 batch:  130 region_loss:  7.0 7.0 loc_loss:  0.29331489562988283 reward_loss:  -14.66574478149414
acc@1:  0.11712135465663218
epoch: 33 region loss 0.17051094890510948 loc loss 0.34695474847389834 reward loss -17.3477374254352
epoch:  34 batch:  0 region_loss:  10.0 10.0 loc_loss:  0.3623664093017578 reward_loss:  -18.11832046508789
epoch:  34 batch:  10 region_loss:  10.0 10.0 loc_loss:  0.3996497344970703 reward_loss:  -19.98248291015625
epoch:  34 batch:  20 region_loss:  10.0 10.0 loc_loss:  0.3943557357788086 reward_loss:  -19.71778678894043
epoch:  34 batch:  30 region_loss:  10.0 10.0 loc_loss:  0.3606749725341797 reward_loss:  -18.033748626708984
epoch:  34 batch:  40 region_loss:  10.0 10.0 loc_loss:  0.47785392761230466 reward_loss:  -23.892696380615234
epoch:  34 batch:  50 region_loss:  10.0 10.0 loc_loss:  0.36876449584960935 reward_loss:  -18.43822479248047
epoch:  34 batch:  60 region_loss:  10.0 10.0 loc_loss:  0.37392635345458985 reward_loss:  -18.696317672729492
epoch:  34 batch:  70 region_loss:  10.0 10.0 loc_loss:  0.3826706695556641 reward_loss:  -19.13353157043457
epoch:  34 batch:  80 region_loss:  10.0 10.0 loc_loss:  0.4137202072143555 reward_loss:  -20.686010360717773
epoch:  34 batch:  90 region_loss:  6.0 6.0 loc_loss:  0.24429954528808595 reward_loss:  -12.214978218078613
epoch:  34 batch:  100 region_loss:  8.0 8.0 loc_loss:  0.2954092025756836 reward_loss:  -14.770461082458496
epoch:  34 batch:  110 region_loss:  4.0 4.0 loc_loss:  0.15784212112426757 reward_loss:  -7.8921051025390625
epoch:  34 batch:  120 region_loss:  5.0 5.0 loc_loss:  0.16739429473876954 reward_loss:  -8.369714736938477
epoch:  34 batch:  130 region_loss:  7.0 7.0 loc_loss:  0.2772087287902832 reward_loss:  -13.86043643951416
acc@1:  0.11712135465663218
epoch: 34 region loss 0.17051094890510948 loc loss 0.33037610088821745 reward loss -16.518804795550604
epoch:  35 batch:  0 region_loss:  10.0 10.0 loc_loss:  0.3431697845458984 reward_loss:  -17.158489227294922
epoch:  35 batch:  10 region_loss:  10.0 10.0 loc_loss:  0.38067882537841796 reward_loss:  -19.0339412689209
epoch:  35 batch:  20 region_loss:  10.0 10.0 loc_loss:  0.378096809387207 reward_loss:  -18.904842376708984
epoch:  35 batch:  30 region_loss:  10.0 10.0 loc_loss:  0.34215660095214845 reward_loss:  -17.107830047607422
epoch:  35 batch:  40 region_loss:  10.0 10.0 loc_loss:  0.45670921325683594 reward_loss:  -22.835460662841797
epoch:  35 batch:  50 region_loss:  10.0 10.0 loc_loss:  0.3515348434448242 reward_loss:  -17.57674217224121
epoch:  35 batch:  60 region_loss:  10.0 10.0 loc_loss:  0.35348087310791015 reward_loss:  -17.674043655395508
epoch:  35 batch:  70 region_loss:  10.0 10.0 loc_loss:  0.36438846588134766 reward_loss:  -18.219423294067383
epoch:  35 batch:  80 region_loss:  10.0 10.0 loc_loss:  0.39179195404052736 reward_loss:  -19.589597702026367
epoch:  35 batch:  90 region_loss:  6.0 6.0 loc_loss:  0.23075809478759765 reward_loss:  -11.537904739379883
epoch:  35 batch:  100 region_loss:  8.0 8.0 loc_loss:  0.2793476676940918 reward_loss:  -13.967381477355957
epoch:  35 batch:  110 region_loss:  4.0 4.0 loc_loss:  0.14819802284240724 reward_loss:  -7.4099016189575195
epoch:  35 batch:  120 region_loss:  5.0 5.0 loc_loss:  0.15753579139709473 reward_loss:  -7.876789093017578
epoch:  35 batch:  130 region_loss:  7.0 7.0 loc_loss:  0.261962890625 reward_loss:  -13.098143577575684
acc@1:  0.11665098777046096
epoch: 35 region loss 0.17051094890510948 loc loss 0.3143184789253847 reward loss -15.715923824449526
epoch:  36 batch:  0 region_loss:  10.0 10.0 loc_loss:  0.3247601318359375 reward_loss:  -16.238006591796875
epoch:  36 batch:  10 region_loss:  10.0 10.0 loc_loss:  0.3620185852050781 reward_loss:  -18.100929260253906
epoch:  36 batch:  20 region_loss:  10.0 10.0 loc_loss:  0.3633063507080078 reward_loss:  -18.16531753540039
epoch:  36 batch:  30 region_loss:  10.0 10.0 loc_loss:  0.3242121887207031 reward_loss:  -16.210607528686523
epoch:  36 batch:  40 region_loss:  10.0 10.0 loc_loss:  0.43610538482666017 reward_loss:  -21.805267333984375
epoch:  36 batch:  50 region_loss:  10.0 10.0 loc_loss:  0.3343603897094727 reward_loss:  -16.718017578125
epoch:  36 batch:  60 region_loss:  10.0 10.0 loc_loss:  0.3337293243408203 reward_loss:  -16.686466217041016
epoch:  36 batch:  70 region_loss:  10.0 10.0 loc_loss:  0.3471308898925781 reward_loss:  -17.35654640197754
epoch:  36 batch:  80 region_loss:  10.0 10.0 loc_loss:  0.37007377624511717 reward_loss:  -18.50368881225586
epoch:  36 batch:  90 region_loss:  6.0 6.0 loc_loss:  0.2174346160888672 reward_loss:  -10.871731758117676
epoch:  36 batch:  100 region_loss:  8.0 8.0 loc_loss:  0.26543699264526366 reward_loss:  -13.271849632263184
epoch:  36 batch:  110 region_loss:  4.0 4.0 loc_loss:  0.1387232780456543 reward_loss:  -6.936163902282715
epoch:  36 batch:  120 region_loss:  5.0 5.0 loc_loss:  0.1477716636657715 reward_loss:  -7.388582229614258
epoch:  36 batch:  130 region_loss:  7.0 7.0 loc_loss:  0.2469107437133789 reward_loss:  -12.345537185668945
acc@1:  0.11571025399811853
epoch: 36 region loss 0.17051094890510948 loc loss 0.29877791724935937 reward loss -14.93889574412882
epoch:  37 batch:  0 region_loss:  10.0 10.0 loc_loss:  0.3069879341125488 reward_loss:  -15.349396705627441
epoch:  37 batch:  10 region_loss:  10.0 10.0 loc_loss:  0.3445113754272461 reward_loss:  -17.225568771362305
epoch:  37 batch:  20 region_loss:  10.0 10.0 loc_loss:  0.3481038665771484 reward_loss:  -17.405195236206055
epoch:  37 batch:  30 region_loss:  10.0 10.0 loc_loss:  0.30678272247314453 reward_loss:  -15.339136123657227
epoch:  37 batch:  40 region_loss:  10.0 10.0 loc_loss:  0.4160261917114258 reward_loss:  -20.80130958557129
epoch:  37 batch:  50 region_loss:  10.0 10.0 loc_loss:  0.3179982376098633 reward_loss:  -15.899911880493164
epoch:  37 batch:  60 region_loss:  10.0 10.0 loc_loss:  0.3151860237121582 reward_loss:  -15.759300231933594
epoch:  37 batch:  70 region_loss:  10.0 10.0 loc_loss:  0.3299971389770508 reward_loss:  -16.49985694885254
epoch:  37 batch:  80 region_loss:  10.0 10.0 loc_loss:  0.3492023468017578 reward_loss:  -17.46011734008789
epoch:  37 batch:  90 region_loss:  6.0 6.0 loc_loss:  0.20472194671630858 reward_loss:  -10.23609733581543
epoch:  37 batch:  100 region_loss:  8.0 8.0 loc_loss:  0.25011247634887696 reward_loss:  -12.505624771118164
epoch:  37 batch:  110 region_loss:  4.0 4.0 loc_loss:  0.13007827758789062 reward_loss:  -6.503912925720215
epoch:  37 batch:  120 region_loss:  5.0 5.0 loc_loss:  0.138670015335083 reward_loss:  -6.93350076675415
epoch:  37 batch:  130 region_loss:  7.0 7.0 loc_loss:  0.23285911560058595 reward_loss:  -11.64295768737793
acc@1:  0.1147695202257761
epoch: 37 region loss 0.17051094890510948 loc loss 0.28375972970558777 reward loss -14.187986569683048
epoch:  38 batch:  0 region_loss:  10.0 10.0 loc_loss:  0.28991558074951174 reward_loss:  -14.495779037475586
epoch:  38 batch:  10 region_loss:  10.0 10.0 loc_loss:  0.32705020904541016 reward_loss:  -16.35251235961914
epoch:  38 batch:  20 region_loss:  10.0 10.0 loc_loss:  0.3355581283569336 reward_loss:  -16.77790641784668
epoch:  38 batch:  30 region_loss:  10.0 10.0 loc_loss:  0.29015048980712893 reward_loss:  -14.507524490356445
epoch:  38 batch:  40 region_loss:  10.0 10.0 loc_loss:  0.3965309143066406 reward_loss:  -19.8265438079834
epoch:  38 batch:  50 region_loss:  10.0 10.0 loc_loss:  0.30261213302612305 reward_loss:  -15.130606651306152
epoch:  38 batch:  60 region_loss:  10.0 10.0 loc_loss:  0.2970431900024414 reward_loss:  -14.852158546447754
epoch:  38 batch:  70 region_loss:  10.0 10.0 loc_loss:  0.31374048233032226 reward_loss:  -15.687023162841797
epoch:  38 batch:  80 region_loss:  10.0 10.0 loc_loss:  0.32878616333007815 reward_loss:  -16.439306259155273
epoch:  38 batch:  90 region_loss:  6.0 6.0 loc_loss:  0.19228946685791015 reward_loss:  -9.614472389221191
epoch:  38 batch:  100 region_loss:  8.0 8.0 loc_loss:  0.23709373474121093 reward_loss:  -11.854687690734863
epoch:  38 batch:  110 region_loss:  4.0 4.0 loc_loss:  0.12149251937866211 reward_loss:  -6.074625015258789
epoch:  38 batch:  120 region_loss:  5.0 5.0 loc_loss:  0.12987030029296875 reward_loss:  -6.4935150146484375
epoch:  38 batch:  130 region_loss:  7.0 7.0 loc_loss:  0.21908025741577147 reward_loss:  -10.954012870788574
acc@1:  0.11382878645343368
epoch: 38 region loss 0.17051094890510948 loc loss 0.2691709154365707 reward loss -13.45854583447867
epoch:  39 batch:  0 region_loss:  10.0 10.0 loc_loss:  0.2730086326599121 reward_loss:  -13.650431632995605
epoch:  39 batch:  10 region_loss:  10.0 10.0 loc_loss:  0.31047128677368163 reward_loss:  -15.523564338684082
epoch:  39 batch:  20 region_loss:  10.0 10.0 loc_loss:  0.32142982482910154 reward_loss:  -16.071491241455078
epoch:  39 batch:  30 region_loss:  10.0 10.0 loc_loss:  0.274376220703125 reward_loss:  -13.71881103515625
epoch:  39 batch:  40 region_loss:  10.0 10.0 loc_loss:  0.3769959259033203 reward_loss:  -18.849796295166016
epoch:  39 batch:  50 region_loss:  10.0 10.0 loc_loss:  0.2880319786071777 reward_loss:  -14.401599884033203
epoch:  39 batch:  60 region_loss:  10.0 10.0 loc_loss:  0.279606990814209 reward_loss:  -13.98034954071045
epoch:  39 batch:  70 region_loss:  10.0 10.0 loc_loss:  0.2976250267028809 reward_loss:  -14.881253242492676
epoch:  39 batch:  80 region_loss:  10.0 10.0 loc_loss:  0.309231071472168 reward_loss:  -15.461553573608398
epoch:  39 batch:  90 region_loss:  6.0 6.0 loc_loss:  0.1804072380065918 reward_loss:  -9.02036190032959
epoch:  39 batch:  100 region_loss:  8.0 8.0 loc_loss:  0.2230335807800293 reward_loss:  -11.151679039001465
epoch:  39 batch:  110 region_loss:  4.0 4.0 loc_loss:  0.11366779327392579 reward_loss:  -5.683390140533447
epoch:  39 batch:  120 region_loss:  5.0 5.0 loc_loss:  0.12156554222106934 reward_loss:  -6.078277111053467
epoch:  39 batch:  130 region_loss:  7.0 7.0 loc_loss:  0.20604824066162108 reward_loss:  -10.302412033081055
acc@1:  0.11147695202257761
epoch: 39 region loss 0.17051094890510948 loc loss 0.2551356221115502 reward loss -12.75678120390342
epoch:  40 batch:  0 region_loss:  10.0 10.0 loc_loss:  0.257354793548584 reward_loss:  -12.867738723754883
epoch:  40 batch:  10 region_loss:  10.0 10.0 loc_loss:  0.29416326522827146 reward_loss:  -14.708163261413574
epoch:  40 batch:  20 region_loss:  10.0 10.0 loc_loss:  0.3096650695800781 reward_loss:  -15.483256340026855
epoch:  40 batch:  30 region_loss:  10.0 10.0 loc_loss:  0.2589192581176758 reward_loss:  -12.945963859558105
epoch:  40 batch:  40 region_loss:  10.0 10.0 loc_loss:  0.35853939056396483 reward_loss:  -17.92696762084961
epoch:  40 batch:  50 region_loss:  10.0 10.0 loc_loss:  0.2741019821166992 reward_loss:  -13.705099105834961
epoch:  40 batch:  60 region_loss:  10.0 10.0 loc_loss:  0.2634063148498535 reward_loss:  -13.170315742492676
epoch:  40 batch:  70 region_loss:  10.0 10.0 loc_loss:  0.2822944450378418 reward_loss:  -14.114723205566406
epoch:  40 batch:  80 region_loss:  10.0 10.0 loc_loss:  0.2907354164123535 reward_loss:  -14.53676986694336
epoch:  40 batch:  90 region_loss:  6.0 6.0 loc_loss:  0.16882604598999024 reward_loss:  -8.441302299499512
epoch:  40 batch:  100 region_loss:  8.0 8.0 loc_loss:  0.21076593399047852 reward_loss:  -10.538296699523926
epoch:  40 batch:  110 region_loss:  4.0 4.0 loc_loss:  0.10577263832092285 reward_loss:  -5.288632869720459
epoch:  40 batch:  120 region_loss:  5.0 5.0 loc_loss:  0.1135562515258789 reward_loss:  -5.6778130531311035
epoch:  40 batch:  130 region_loss:  7.0 7.0 loc_loss:  0.19347352981567384 reward_loss:  -9.673677444458008
acc@1:  0.1077140169332079
epoch: 40 region loss 0.17051094890510948 loc loss 0.24163187578646805 reward loss -12.08159375277749
epoch:  41 batch:  0 region_loss:  10.0 10.0 loc_loss:  0.24259208679199218 reward_loss:  -12.12960433959961
epoch:  41 batch:  10 region_loss:  10.0 10.0 loc_loss:  0.2791801643371582 reward_loss:  -13.95900821685791
epoch:  41 batch:  20 region_loss:  10.0 10.0 loc_loss:  0.29532676696777344 reward_loss:  -14.766338348388672
epoch:  41 batch:  30 region_loss:  10.0 10.0 loc_loss:  0.24382888793945312 reward_loss:  -12.191444396972656
epoch:  41 batch:  40 region_loss:  10.0 10.0 loc_loss:  0.3402679824829102 reward_loss:  -17.013399124145508
epoch:  41 batch:  50 region_loss:  10.0 10.0 loc_loss:  0.2603438758850098 reward_loss:  -13.017191886901855
epoch:  41 batch:  60 region_loss:  10.0 10.0 loc_loss:  0.24686504364013673 reward_loss:  -12.343252182006836
epoch:  41 batch:  70 region_loss:  10.0 10.0 loc_loss:  0.2680225372314453 reward_loss:  -13.401126861572266
epoch:  41 batch:  80 region_loss:  10.0 10.0 loc_loss:  0.2725788879394531 reward_loss:  -13.628944396972656
epoch:  41 batch:  90 region_loss:  6.0 6.0 loc_loss:  0.15804213523864746 reward_loss:  -7.902106761932373
epoch:  41 batch:  100 region_loss:  8.0 8.0 loc_loss:  0.19797630310058595 reward_loss:  -9.898816108703613
epoch:  41 batch:  110 region_loss:  4.0 4.0 loc_loss:  0.0989111042022705 reward_loss:  -4.945555210113525
epoch:  41 batch:  120 region_loss:  5.0 5.0 loc_loss:  0.10606077194213867 reward_loss:  -5.303038597106934
epoch:  41 batch:  130 region_loss:  7.0 7.0 loc_loss:  0.18142114639282225 reward_loss:  -9.071057319641113
acc@1:  0.10724365004703669
epoch: 41 region loss 0.17051094890510948 loc loss 0.22862931947638518 reward loss -11.431466068664607
epoch:  42 batch:  0 region_loss:  10.0 10.0 loc_loss:  0.22873804092407227 reward_loss:  -11.436902046203613
epoch:  42 batch:  10 region_loss:  10.0 10.0 loc_loss:  0.2636311149597168 reward_loss:  -13.18155574798584
epoch:  42 batch:  20 region_loss:  10.0 10.0 loc_loss:  0.2829722023010254 reward_loss:  -14.148611068725586
epoch:  42 batch:  30 region_loss:  10.0 10.0 loc_loss:  0.22985073089599609 reward_loss:  -11.492536544799805
epoch:  42 batch:  40 region_loss:  10.0 10.0 loc_loss:  0.3229515838623047 reward_loss:  -16.147579193115234
epoch:  42 batch:  50 region_loss:  10.0 10.0 loc_loss:  0.24615598678588868 reward_loss:  -12.307799339294434
epoch:  42 batch:  60 region_loss:  10.0 10.0 loc_loss:  0.23278038024902345 reward_loss:  -11.639019966125488
epoch:  42 batch:  70 region_loss:  10.0 10.0 loc_loss:  0.2533807945251465 reward_loss:  -12.669039726257324
epoch:  42 batch:  80 region_loss:  10.0 10.0 loc_loss:  0.2553594779968262 reward_loss:  -12.767974853515625
epoch:  42 batch:  90 region_loss:  6.0 6.0 loc_loss:  0.14742711067199707 reward_loss:  -7.3713555335998535
epoch:  42 batch:  100 region_loss:  8.0 8.0 loc_loss:  0.18633207321166992 reward_loss:  -9.31660270690918
epoch:  42 batch:  110 region_loss:  4.0 4.0 loc_loss:  0.09177924156188964 reward_loss:  -4.588962554931641
epoch:  42 batch:  120 region_loss:  5.0 5.0 loc_loss:  0.09892687797546387 reward_loss:  -4.946343898773193
epoch:  42 batch:  130 region_loss:  7.0 7.0 loc_loss:  0.17026578903198242 reward_loss:  -8.513289451599121
acc@1:  0.10630291627469426
epoch: 42 region loss 0.17051094890510948 loc loss 0.2161446226774341 reward loss -10.807231173028041
epoch:  43 batch:  0 region_loss:  10.0 10.0 loc_loss:  0.215350399017334 reward_loss:  -10.7675199508667
epoch:  43 batch:  10 region_loss:  10.0 10.0 loc_loss:  0.24942893981933595 reward_loss:  -12.471446990966797
epoch:  43 batch:  20 region_loss:  10.0 10.0 loc_loss:  0.269444522857666 reward_loss:  -13.4722261428833
epoch:  43 batch:  30 region_loss:  10.0 10.0 loc_loss:  0.21611881256103516 reward_loss:  -10.805940628051758
epoch:  43 batch:  40 region_loss:  10.0 10.0 loc_loss:  0.30583261489868163 reward_loss:  -15.291630744934082
epoch:  43 batch:  50 region_loss:  10.0 10.0 loc_loss:  0.23266225814819336 reward_loss:  -11.633112907409668
epoch:  43 batch:  60 region_loss:  10.0 10.0 loc_loss:  0.21745595932006836 reward_loss:  -10.872797012329102
epoch:  43 batch:  70 region_loss:  10.0 10.0 loc_loss:  0.24021961212158202 reward_loss:  -12.010980606079102
epoch:  43 batch:  80 region_loss:  10.0 10.0 loc_loss:  0.238885555267334 reward_loss:  -11.944278717041016
epoch:  43 batch:  90 region_loss:  6.0 6.0 loc_loss:  0.1375285816192627 reward_loss:  -6.876429557800293
epoch:  43 batch:  100 region_loss:  8.0 8.0 loc_loss:  0.1748672294616699 reward_loss:  -8.74336051940918
epoch:  43 batch:  110 region_loss:  4.0 4.0 loc_loss:  0.08547268867492676 reward_loss:  -4.27363395690918
epoch:  43 batch:  120 region_loss:  5.0 5.0 loc_loss:  0.09230597496032715 reward_loss:  -4.615298748016357
epoch:  43 batch:  130 region_loss:  7.0 7.0 loc_loss:  0.15919204711914062 reward_loss:  -7.959602355957031
acc@1:  0.10724365004703669
epoch: 43 region loss 0.17051094890510948 loc loss 0.204058573454836 reward loss -10.202928585727719
epoch:  44 batch:  0 region_loss:  10.0 10.0 loc_loss:  0.2020130920410156 reward_loss:  -10.100655555725098
epoch:  44 batch:  10 region_loss:  10.0 10.0 loc_loss:  0.23522811889648437 reward_loss:  -11.761406898498535
epoch:  44 batch:  20 region_loss:  10.0 10.0 loc_loss:  0.25744411468505857 reward_loss:  -12.872207641601562
epoch:  44 batch:  30 region_loss:  10.0 10.0 loc_loss:  0.2032247543334961 reward_loss:  -10.161237716674805
epoch:  44 batch:  40 region_loss:  10.0 10.0 loc_loss:  0.28947795867919923 reward_loss:  -14.473898887634277
epoch:  44 batch:  50 region_loss:  10.0 10.0 loc_loss:  0.22012813568115233 reward_loss:  -11.006406784057617
epoch:  44 batch:  60 region_loss:  10.0 10.0 loc_loss:  0.20469348907470702 reward_loss:  -10.234674453735352
epoch:  44 batch:  70 region_loss:  10.0 10.0 loc_loss:  0.22654863357543945 reward_loss:  -11.327431678771973
epoch:  44 batch:  80 region_loss:  10.0 10.0 loc_loss:  0.22343025207519532 reward_loss:  -11.171512603759766
epoch:  44 batch:  90 region_loss:  6.0 6.0 loc_loss:  0.1280495262145996 reward_loss:  -6.4024763107299805
epoch:  44 batch:  100 region_loss:  8.0 8.0 loc_loss:  0.16402780532836914 reward_loss:  -8.201390266418457
epoch:  44 batch:  110 region_loss:  4.0 4.0 loc_loss:  0.07906075954437256 reward_loss:  -3.953038215637207
epoch:  44 batch:  120 region_loss:  5.0 5.0 loc_loss:  0.08585386276245117 reward_loss:  -4.292693138122559
epoch:  44 batch:  130 region_loss:  7.0 7.0 loc_loss:  0.14891465187072753 reward_loss:  -7.445732593536377
acc@1:  0.10583254938852305
epoch: 44 region loss 0.17051094890510948 loc loss 0.1925263925538446 reward loss -9.626319728193492
epoch:  45 batch:  0 region_loss:  10.0 10.0 loc_loss:  0.18914018630981444 reward_loss:  -9.457009315490723
epoch:  45 batch:  10 region_loss:  10.0 10.0 loc_loss:  0.2219226837158203 reward_loss:  -11.0961332321167
epoch:  45 batch:  20 region_loss:  10.0 10.0 loc_loss:  0.24482730865478516 reward_loss:  -12.241364479064941
epoch:  45 batch:  30 region_loss:  10.0 10.0 loc_loss:  0.19128795623779296 reward_loss:  -9.564396858215332
epoch:  45 batch:  40 region_loss:  10.0 10.0 loc_loss:  0.2735367584228516 reward_loss:  -13.676837921142578
epoch:  45 batch:  50 region_loss:  10.0 10.0 loc_loss:  0.20791933059692383 reward_loss:  -10.395965576171875
epoch:  45 batch:  60 region_loss:  10.0 10.0 loc_loss:  0.19079151153564453 reward_loss:  -9.539575576782227
epoch:  45 batch:  70 region_loss:  10.0 10.0 loc_loss:  0.2140032958984375 reward_loss:  -10.700164794921875
epoch:  45 batch:  80 region_loss:  10.0 10.0 loc_loss:  0.20831356048583985 reward_loss:  -10.415678977966309
epoch:  45 batch:  90 region_loss:  6.0 6.0 loc_loss:  0.11931575775146484 reward_loss:  -5.965787887573242
epoch:  45 batch:  100 region_loss:  8.0 8.0 loc_loss:  0.15315165519714355 reward_loss:  -7.657582759857178
epoch:  45 batch:  110 region_loss:  4.0 4.0 loc_loss:  0.07357154369354248 reward_loss:  -3.678577184677124
epoch:  45 batch:  120 region_loss:  5.0 5.0 loc_loss:  0.07989344120025635 reward_loss:  -3.9946722984313965
epoch:  45 batch:  130 region_loss:  7.0 7.0 loc_loss:  0.13914235115051268 reward_loss:  -6.957117080688477
acc@1:  0.10583254938852305
epoch: 45 region loss 0.17051094890510948 loc loss 0.18150689681951146 reward loss -9.075344774409801
epoch:  46 batch:  0 region_loss:  10.0 10.0 loc_loss:  0.17725173950195314 reward_loss:  -8.862588882446289
epoch:  46 batch:  10 region_loss:  10.0 10.0 loc_loss:  0.20871381759643554 reward_loss:  -10.435690879821777
epoch:  46 batch:  20 region_loss:  10.0 10.0 loc_loss:  0.23410945892333984 reward_loss:  -11.705472946166992
epoch:  46 batch:  30 region_loss:  10.0 10.0 loc_loss:  0.17983339309692384 reward_loss:  -8.991670608520508
epoch:  46 batch:  40 region_loss:  10.0 10.0 loc_loss:  0.2586020851135254 reward_loss:  -12.93010425567627
epoch:  46 batch:  50 region_loss:  10.0 10.0 loc_loss:  0.19665666580200195 reward_loss:  -9.832833290100098
epoch:  46 batch:  60 region_loss:  10.0 10.0 loc_loss:  0.17931610107421875 reward_loss:  -8.965804100036621
epoch:  46 batch:  70 region_loss:  10.0 10.0 loc_loss:  0.20097400665283202 reward_loss:  -10.048700332641602
epoch:  46 batch:  80 region_loss:  10.0 10.0 loc_loss:  0.19452106475830078 reward_loss:  -9.726053237915039
epoch:  46 batch:  90 region_loss:  6.0 6.0 loc_loss:  0.11077402114868164 reward_loss:  -5.538700580596924
epoch:  46 batch:  100 region_loss:  8.0 8.0 loc_loss:  0.14365690231323242 reward_loss:  -7.182844638824463
epoch:  46 batch:  110 region_loss:  4.0 4.0 loc_loss:  0.06789619922637939 reward_loss:  -3.394810438156128
epoch:  46 batch:  120 region_loss:  5.0 5.0 loc_loss:  0.0742658519744873 reward_loss:  -3.713292360305786
epoch:  46 batch:  130 region_loss:  7.0 7.0 loc_loss:  0.13009546279907228 reward_loss:  -6.504772663116455
