nohup: ignoring input
cuda
epoch:  0 batch:  0 region_loss:  10.0 10.0 loc_loss:  1.9898680114746095 reward_loss:  -99.4928970336914
epoch:  0 batch:  10 region_loss:  10.0 10.0 loc_loss:  1.9833979797363281 reward_loss:  -99.16891479492188
epoch:  0 batch:  20 region_loss:  10.0 10.0 loc_loss:  1.9752236938476562 reward_loss:  -98.75973510742188
epoch:  0 batch:  30 region_loss:  10.0 10.0 loc_loss:  1.9856845092773439 reward_loss:  -99.28392791748047
epoch:  0 batch:  40 region_loss:  10.0 10.0 loc_loss:  1.9775503540039063 reward_loss:  -98.87704467773438
epoch:  0 batch:  50 region_loss:  10.0 10.0 loc_loss:  1.9806440734863282 reward_loss:  -99.03275299072266
epoch:  0 batch:  60 region_loss:  10.0 10.0 loc_loss:  1.9806033325195314 reward_loss:  -99.03115844726562
epoch:  0 batch:  70 region_loss:  10.0 10.0 loc_loss:  1.9893527221679688 reward_loss:  -99.46774291992188
epoch:  0 batch:  80 region_loss:  10.0 10.0 loc_loss:  1.9772979736328125 reward_loss:  -98.86343383789062
epoch:  0 batch:  90 region_loss:  6.0 6.0 loc_loss:  1.184798126220703 reward_loss:  -59.24037551879883
epoch:  0 batch:  100 region_loss:  8.0 8.0 loc_loss:  1.577986297607422 reward_loss:  -78.89895629882812
epoch:  0 batch:  110 region_loss:  4.0 4.0 loc_loss:  0.7882334136962891 reward_loss:  -39.41158676147461
epoch:  0 batch:  120 region_loss:  5.0 5.0 loc_loss:  0.9794105529785156 reward_loss:  -48.970703125
epoch:  0 batch:  130 region_loss:  7.0 7.0 loc_loss:  1.3723777770996093 reward_loss:  -68.6190185546875
acc@1:  0.0037629350893697085
epoch: 0 region loss 0.17051094890510948 loc loss 1.6864083455774905 reward loss -84.32042036961465
epoch:  1 batch:  0 region_loss:  10.0 10.0 loc_loss:  1.917076873779297 reward_loss:  -95.85387420654297
epoch:  1 batch:  10 region_loss:  10.0 10.0 loc_loss:  1.9315011596679688 reward_loss:  -96.57530212402344
epoch:  1 batch:  20 region_loss:  10.0 10.0 loc_loss:  1.9185968017578126 reward_loss:  -95.92974853515625
epoch:  1 batch:  30 region_loss:  10.0 10.0 loc_loss:  1.9232818603515625 reward_loss:  -96.16360473632812
epoch:  1 batch:  40 region_loss:  10.0 10.0 loc_loss:  1.907376708984375 reward_loss:  -95.36888122558594
epoch:  1 batch:  50 region_loss:  10.0 10.0 loc_loss:  1.907283477783203 reward_loss:  -95.36434173583984
epoch:  1 batch:  60 region_loss:  10.0 10.0 loc_loss:  1.8880293273925781 reward_loss:  -94.40058135986328
epoch:  1 batch:  70 region_loss:  10.0 10.0 loc_loss:  1.8909707641601563 reward_loss:  -94.54953002929688
epoch:  1 batch:  80 region_loss:  10.0 10.0 loc_loss:  1.8544338989257811 reward_loss:  -92.72026824951172
epoch:  1 batch:  90 region_loss:  6.0 6.0 loc_loss:  1.1063450622558593 reward_loss:  -55.31712341308594
epoch:  1 batch:  100 region_loss:  8.0 8.0 loc_loss:  1.4597422790527343 reward_loss:  -72.9862060546875
epoch:  1 batch:  110 region_loss:  4.0 4.0 loc_loss:  0.7349690246582031 reward_loss:  -36.74945068359375
epoch:  1 batch:  120 region_loss:  5.0 5.0 loc_loss:  0.9030558776855468 reward_loss:  -45.15404510498047
epoch:  1 batch:  130 region_loss:  7.0 7.0 loc_loss:  1.253285140991211 reward_loss:  -62.66597366333008
acc@1:  0.022577610536218252
epoch: 1 region loss 0.17051094890510948 loc loss 1.600929468530808 reward loss -80.04643920564304
epoch:  2 batch:  0 region_loss:  10.0 10.0 loc_loss:  1.74474853515625 reward_loss:  -87.23731231689453
epoch:  2 batch:  10 region_loss:  10.0 10.0 loc_loss:  1.7412022399902343 reward_loss:  -87.05982208251953
epoch:  2 batch:  20 region_loss:  10.0 10.0 loc_loss:  1.7412420654296874 reward_loss:  -87.061279296875
epoch:  2 batch:  30 region_loss:  10.0 10.0 loc_loss:  1.767080078125 reward_loss:  -88.35371398925781
epoch:  2 batch:  40 region_loss:  10.0 10.0 loc_loss:  1.7067265319824219 reward_loss:  -85.3366470336914
epoch:  2 batch:  50 region_loss:  10.0 10.0 loc_loss:  1.7686274719238282 reward_loss:  -88.43170928955078
epoch:  2 batch:  60 region_loss:  10.0 10.0 loc_loss:  1.736986083984375 reward_loss:  -86.84966278076172
epoch:  2 batch:  70 region_loss:  10.0 10.0 loc_loss:  1.7572801208496094 reward_loss:  -87.86375427246094
epoch:  2 batch:  80 region_loss:  10.0 10.0 loc_loss:  1.7248860168457032 reward_loss:  -86.24465942382812
epoch:  2 batch:  90 region_loss:  6.0 6.0 loc_loss:  1.0376132202148438 reward_loss:  -51.88050079345703
epoch:  2 batch:  100 region_loss:  8.0 8.0 loc_loss:  1.3773170471191407 reward_loss:  -68.86582946777344
epoch:  2 batch:  110 region_loss:  4.0 4.0 loc_loss:  0.699927978515625 reward_loss:  -34.9962158203125
epoch:  2 batch:  120 region_loss:  5.0 5.0 loc_loss:  0.8643167877197265 reward_loss:  -43.21588897705078
epoch:  2 batch:  130 region_loss:  7.0 7.0 loc_loss:  1.2027710723876952 reward_loss:  -60.13829803466797
acc@1:  0.03151458137347131
epoch: 2 region loss 0.17051094890510948 loc loss 1.473868991267072 reward loss -73.69339136833692
epoch:  3 batch:  0 region_loss:  10.0 10.0 loc_loss:  1.6870010375976563 reward_loss:  -84.35027313232422
epoch:  3 batch:  10 region_loss:  10.0 10.0 loc_loss:  1.6746002197265626 reward_loss:  -83.73104095458984
epoch:  3 batch:  20 region_loss:  10.0 10.0 loc_loss:  1.648484649658203 reward_loss:  -82.42301940917969
epoch:  3 batch:  30 region_loss:  10.0 10.0 loc_loss:  1.6992155456542968 reward_loss:  -84.96064758300781
epoch:  3 batch:  40 region_loss:  10.0 10.0 loc_loss:  1.633135986328125 reward_loss:  -81.65704345703125
epoch:  3 batch:  50 region_loss:  10.0 10.0 loc_loss:  1.697068634033203 reward_loss:  -84.85321044921875
epoch:  3 batch:  60 region_loss:  10.0 10.0 loc_loss:  1.6742115783691407 reward_loss:  -83.71005249023438
epoch:  3 batch:  70 region_loss:  10.0 10.0 loc_loss:  1.6882122802734374 reward_loss:  -84.41069793701172
epoch:  3 batch:  80 region_loss:  10.0 10.0 loc_loss:  1.667421875 reward_loss:  -83.37052917480469
epoch:  3 batch:  90 region_loss:  6.0 6.0 loc_loss:  1.0047900390625 reward_loss:  -50.23859405517578
epoch:  3 batch:  100 region_loss:  8.0 8.0 loc_loss:  1.3305589294433593 reward_loss:  -66.52814483642578
epoch:  3 batch:  110 region_loss:  4.0 4.0 loc_loss:  0.6801632690429688 reward_loss:  -34.008544921875
epoch:  3 batch:  120 region_loss:  5.0 5.0 loc_loss:  0.8397721099853516 reward_loss:  -41.98807144165039
epoch:  3 batch:  130 region_loss:  7.0 7.0 loc_loss:  1.171660385131836 reward_loss:  -58.58289337158203
acc@1:  0.03998118532455315
epoch: 3 region loss 0.17051094890510948 loc loss 1.4148488884250614 reward loss -70.74245366562891
epoch:  4 batch:  0 region_loss:  10.0 10.0 loc_loss:  1.6419775390625 reward_loss:  -82.09858703613281
epoch:  4 batch:  10 region_loss:  10.0 10.0 loc_loss:  1.6288998413085938 reward_loss:  -81.4466781616211
epoch:  4 batch:  20 region_loss:  10.0 10.0 loc_loss:  1.5804800415039062 reward_loss:  -79.02412414550781
epoch:  4 batch:  30 region_loss:  10.0 10.0 loc_loss:  1.6463424682617187 reward_loss:  -82.31769561767578
epoch:  4 batch:  40 region_loss:  10.0 10.0 loc_loss:  1.580153045654297 reward_loss:  -79.00775909423828
epoch:  4 batch:  50 region_loss:  10.0 10.0 loc_loss:  1.6378675842285155 reward_loss:  -81.89338684082031
epoch:  4 batch:  60 region_loss:  10.0 10.0 loc_loss:  1.6220326232910156 reward_loss:  -81.10176849365234
epoch:  4 batch:  70 region_loss:  10.0 10.0 loc_loss:  1.6293386840820312 reward_loss:  -81.46804809570312
epoch:  4 batch:  80 region_loss:  10.0 10.0 loc_loss:  1.617071533203125 reward_loss:  -80.85374450683594
epoch:  4 batch:  90 region_loss:  6.0 6.0 loc_loss:  0.9757984924316406 reward_loss:  -48.78975296020508
epoch:  4 batch:  100 region_loss:  8.0 8.0 loc_loss:  1.2871603393554687 reward_loss:  -64.35800170898438
epoch:  4 batch:  110 region_loss:  4.0 4.0 loc_loss:  0.6626419830322265 reward_loss:  -33.131988525390625
epoch:  4 batch:  120 region_loss:  5.0 5.0 loc_loss:  0.8156373596191406 reward_loss:  -40.78186798095703
epoch:  4 batch:  130 region_loss:  7.0 7.0 loc_loss:  1.1401863861083985 reward_loss:  -57.00946044921875
acc@1:  0.04750705550329257
epoch: 4 region loss 0.17051094890510948 loc loss 1.3668963684304787 reward loss -68.34488311823267
epoch:  5 batch:  0 region_loss:  10.0 10.0 loc_loss:  1.5939663696289061 reward_loss:  -79.69795227050781
epoch:  5 batch:  10 region_loss:  10.0 10.0 loc_loss:  1.5823196411132812 reward_loss:  -79.11573028564453
epoch:  5 batch:  20 region_loss:  10.0 10.0 loc_loss:  1.512685546875 reward_loss:  -75.63463592529297
epoch:  5 batch:  30 region_loss:  10.0 10.0 loc_loss:  1.5931703186035155 reward_loss:  -79.6583480834961
epoch:  5 batch:  40 region_loss:  10.0 10.0 loc_loss:  1.5292922973632812 reward_loss:  -76.46446228027344
epoch:  5 batch:  50 region_loss:  10.0 10.0 loc_loss:  1.5781101989746094 reward_loss:  -78.90532684326172
epoch:  5 batch:  60 region_loss:  10.0 10.0 loc_loss:  1.569872589111328 reward_loss:  -78.49388122558594
epoch:  5 batch:  70 region_loss:  10.0 10.0 loc_loss:  1.5715179443359375 reward_loss:  -78.57534790039062
epoch:  5 batch:  80 region_loss:  10.0 10.0 loc_loss:  1.5653323364257812 reward_loss:  -78.26713562011719
epoch:  5 batch:  90 region_loss:  6.0 6.0 loc_loss:  0.9468833923339843 reward_loss:  -47.344337463378906
epoch:  5 batch:  100 region_loss:  8.0 8.0 loc_loss:  1.241418991088867 reward_loss:  -62.07117462158203
epoch:  5 batch:  110 region_loss:  4.0 4.0 loc_loss:  0.6450099182128907 reward_loss:  -32.25059127807617
epoch:  5 batch:  120 region_loss:  5.0 5.0 loc_loss:  0.789823989868164 reward_loss:  -39.49117660522461
epoch:  5 batch:  130 region_loss:  7.0 7.0 loc_loss:  1.106343002319336 reward_loss:  -55.31704330444336
acc@1:  0.05738476011288805
epoch: 5 region loss 0.17051094890510948 loc loss 1.3185181120712393 reward loss -65.92591598956254
epoch:  6 batch:  0 region_loss:  10.0 10.0 loc_loss:  1.5405227661132812 reward_loss:  -77.02615356445312
epoch:  6 batch:  10 region_loss:  10.0 10.0 loc_loss:  1.5317494201660156 reward_loss:  -76.58740234375
epoch:  6 batch:  20 region_loss:  10.0 10.0 loc_loss:  1.440234375 reward_loss:  -72.0118179321289
epoch:  6 batch:  30 region_loss:  10.0 10.0 loc_loss:  1.5353466796875 reward_loss:  -76.76687622070312
epoch:  6 batch:  40 region_loss:  10.0 10.0 loc_loss:  1.47712890625 reward_loss:  -73.85507202148438
epoch:  6 batch:  50 region_loss:  10.0 10.0 loc_loss:  1.5141006469726563 reward_loss:  -75.7048110961914
epoch:  6 batch:  60 region_loss:  10.0 10.0 loc_loss:  1.5145706176757812 reward_loss:  -75.72845458984375
epoch:  6 batch:  70 region_loss:  10.0 10.0 loc_loss:  1.5106431579589843 reward_loss:  -75.53226470947266
epoch:  6 batch:  80 region_loss:  10.0 10.0 loc_loss:  1.5105067443847657 reward_loss:  -75.52552795410156
epoch:  6 batch:  90 region_loss:  6.0 6.0 loc_loss:  0.9163224029541016 reward_loss:  -45.81657791137695
epoch:  6 batch:  100 region_loss:  8.0 8.0 loc_loss:  1.1916921997070313 reward_loss:  -59.58477783203125
epoch:  6 batch:  110 region_loss:  4.0 4.0 loc_loss:  0.626452980041504 reward_loss:  -31.32278823852539
epoch:  6 batch:  120 region_loss:  5.0 5.0 loc_loss:  0.7617112731933594 reward_loss:  -38.085533142089844
epoch:  6 batch:  130 region_loss:  7.0 7.0 loc_loss:  1.0696056365966797 reward_loss:  -53.480247497558594
acc@1:  0.06914393226716839
epoch: 6 region loss 0.17051094890510948 loc loss 1.2671498046652243 reward loss -63.35746656543147
epoch:  7 batch:  0 region_loss:  10.0 10.0 loc_loss:  1.4812640380859374 reward_loss:  -74.06321716308594
epoch:  7 batch:  10 region_loss:  10.0 10.0 loc_loss:  1.475275421142578 reward_loss:  -73.76380157470703
epoch:  7 batch:  20 region_loss:  10.0 10.0 loc_loss:  1.36340087890625 reward_loss:  -68.16978454589844
epoch:  7 batch:  30 region_loss:  10.0 10.0 loc_loss:  1.472359161376953 reward_loss:  -73.61760711669922
epoch:  7 batch:  40 region_loss:  10.0 10.0 loc_loss:  1.4244752502441407 reward_loss:  -71.22379302978516
epoch:  7 batch:  50 region_loss:  10.0 10.0 loc_loss:  1.4455764770507813 reward_loss:  -72.2788314819336
epoch:  7 batch:  60 region_loss:  10.0 10.0 loc_loss:  1.4547914123535157 reward_loss:  -72.73941802978516
epoch:  7 batch:  70 region_loss:  10.0 10.0 loc_loss:  1.4456782531738281 reward_loss:  -72.28392028808594
epoch:  7 batch:  80 region_loss:  10.0 10.0 loc_loss:  1.4523641967773437 reward_loss:  -72.61824035644531
epoch:  7 batch:  90 region_loss:  6.0 6.0 loc_loss:  0.8841390228271484 reward_loss:  -44.20661163330078
epoch:  7 batch:  100 region_loss:  8.0 8.0 loc_loss:  1.1379763793945312 reward_loss:  -56.898860931396484
epoch:  7 batch:  110 region_loss:  4.0 4.0 loc_loss:  0.6067631530761719 reward_loss:  -30.33814239501953
epoch:  7 batch:  120 region_loss:  5.0 5.0 loc_loss:  0.7314060974121094 reward_loss:  -36.570343017578125
epoch:  7 batch:  130 region_loss:  7.0 7.0 loc_loss:  1.0300790405273437 reward_loss:  -51.50395584106445
acc@1:  0.07902163687676388
epoch: 7 region loss 0.17051094890510948 loc loss 1.2125320944124764 reward loss -60.6265941397117
epoch:  8 batch:  0 region_loss:  10.0 10.0 loc_loss:  1.4165251159667969 reward_loss:  -70.82625579833984
epoch:  8 batch:  10 region_loss:  10.0 10.0 loc_loss:  1.4127793884277344 reward_loss:  -70.63899230957031
epoch:  8 batch:  20 region_loss:  10.0 10.0 loc_loss:  1.2847560119628907 reward_loss:  -64.23776245117188
epoch:  8 batch:  30 region_loss:  10.0 10.0 loc_loss:  1.4048774719238282 reward_loss:  -70.24398803710938
epoch:  8 batch:  40 region_loss:  10.0 10.0 loc_loss:  1.372479248046875 reward_loss:  -68.6239242553711
epoch:  8 batch:  50 region_loss:  10.0 10.0 loc_loss:  1.3734242248535156 reward_loss:  -68.67118072509766
epoch:  8 batch:  60 region_loss:  10.0 10.0 loc_loss:  1.3917756652832032 reward_loss:  -69.58878326416016
epoch:  8 batch:  70 region_loss:  10.0 10.0 loc_loss:  1.3766690063476563 reward_loss:  -68.83344268798828
epoch:  8 batch:  80 region_loss:  10.0 10.0 loc_loss:  1.39123291015625 reward_loss:  -69.56165313720703
epoch:  8 batch:  90 region_loss:  6.0 6.0 loc_loss:  0.85031005859375 reward_loss:  -42.51557159423828
epoch:  8 batch:  100 region_loss:  8.0 8.0 loc_loss:  1.0811811065673829 reward_loss:  -54.05907440185547
epoch:  8 batch:  110 region_loss:  4.0 4.0 loc_loss:  0.5860272216796875 reward_loss:  -29.30132293701172
epoch:  8 batch:  120 region_loss:  5.0 5.0 loc_loss:  0.699525375366211 reward_loss:  -34.97620391845703
epoch:  8 batch:  130 region_loss:  7.0 7.0 loc_loss:  0.9884759521484375 reward_loss:  -49.423805236816406
acc@1:  0.09125117591721543
epoch: 8 region loss 0.17051094890510948 loc loss 1.1555105501717895 reward loss -57.77552600498617
epoch:  9 batch:  0 region_loss:  10.0 10.0 loc_loss:  1.3475917053222657 reward_loss:  -67.37957000732422
epoch:  9 batch:  10 region_loss:  10.0 10.0 loc_loss:  1.3455509948730469 reward_loss:  -67.277587890625
epoch:  9 batch:  20 region_loss:  10.0 10.0 loc_loss:  1.207147674560547 reward_loss:  -60.357337951660156
epoch:  9 batch:  30 region_loss:  10.0 10.0 loc_loss:  1.3341452026367187 reward_loss:  -66.70726776123047
epoch:  9 batch:  40 region_loss:  10.0 10.0 loc_loss:  1.3205172729492187 reward_loss:  -66.0259017944336
epoch:  9 batch:  50 region_loss:  10.0 10.0 loc_loss:  1.2989419555664063 reward_loss:  -64.94708251953125
epoch:  9 batch:  60 region_loss:  10.0 10.0 loc_loss:  1.327158203125 reward_loss:  -66.35790252685547
epoch:  9 batch:  70 region_loss:  10.0 10.0 loc_loss:  1.3044831848144531 reward_loss:  -65.22416687011719
epoch:  9 batch:  80 region_loss:  10.0 10.0 loc_loss:  1.328677978515625 reward_loss:  -66.43391418457031
epoch:  9 batch:  90 region_loss:  6.0 6.0 loc_loss:  0.8152610015869141 reward_loss:  -40.76306915283203
epoch:  9 batch:  100 region_loss:  8.0 8.0 loc_loss:  1.022953872680664 reward_loss:  -51.147682189941406
epoch:  9 batch:  110 region_loss:  4.0 4.0 loc_loss:  0.5643664932250977 reward_loss:  -28.218172073364258
epoch:  9 batch:  120 region_loss:  5.0 5.0 loc_loss:  0.6665969848632812 reward_loss:  -33.3298454284668
epoch:  9 batch:  130 region_loss:  7.0 7.0 loc_loss:  0.9455184173583985 reward_loss:  -47.275901794433594
acc@1:  0.10724365004703669
epoch: 9 region loss 0.17051094890510948 loc loss 1.0973578092477618 reward loss -54.86788362656196
epoch:  10 batch:  0 region_loss:  10.0 10.0 loc_loss:  1.2759231567382812 reward_loss:  -63.79615020751953
epoch:  10 batch:  10 region_loss:  10.0 10.0 loc_loss:  1.2756585693359375 reward_loss:  -63.78294372558594
epoch:  10 batch:  20 region_loss:  10.0 10.0 loc_loss:  1.1327799987792968 reward_loss:  -56.637657165527344
epoch:  10 batch:  30 region_loss:  10.0 10.0 loc_loss:  1.2617401885986328 reward_loss:  -63.08698654174805
epoch:  10 batch:  40 region_loss:  10.0 10.0 loc_loss:  1.2679945373535155 reward_loss:  -63.39973831176758
epoch:  10 batch:  50 region_loss:  10.0 10.0 loc_loss:  1.2242323303222655 reward_loss:  -61.21160888671875
epoch:  10 batch:  60 region_loss:  10.0 10.0 loc_loss:  1.2629318237304688 reward_loss:  -63.14659118652344
epoch:  10 batch:  70 region_loss:  10.0 10.0 loc_loss:  1.230848846435547 reward_loss:  -61.54241180419922
epoch:  10 batch:  80 region_loss:  10.0 10.0 loc_loss:  1.2667588806152343 reward_loss:  -63.33793640136719
epoch:  10 batch:  90 region_loss:  6.0 6.0 loc_loss:  0.7795255279541016 reward_loss:  -38.97627258300781
epoch:  10 batch:  100 region_loss:  8.0 8.0 loc_loss:  0.9650557708740234 reward_loss:  -48.25279998779297
epoch:  10 batch:  110 region_loss:  4.0 4.0 loc_loss:  0.541988525390625 reward_loss:  -27.099428176879883
epoch:  10 batch:  120 region_loss:  5.0 5.0 loc_loss:  0.6335544586181641 reward_loss:  -31.6777286529541
epoch:  10 batch:  130 region_loss:  7.0 7.0 loc_loss:  0.9021690368652344 reward_loss:  -45.108455657958984
acc@1:  0.1180620884289746
epoch: 10 region loss 0.17051094890510948 loc loss 1.039465003744529 reward loss -51.973249894859144
epoch:  11 batch:  0 region_loss:  10.0 10.0 loc_loss:  1.2034605407714845 reward_loss:  -60.17302703857422
epoch:  11 batch:  10 region_loss:  10.0 10.0 loc_loss:  1.2058905029296876 reward_loss:  -60.29452896118164
epoch:  11 batch:  20 region_loss:  10.0 10.0 loc_loss:  1.0627703857421875 reward_loss:  -53.13855743408203
epoch:  11 batch:  30 region_loss:  10.0 10.0 loc_loss:  1.189151611328125 reward_loss:  -59.457576751708984
epoch:  11 batch:  40 region_loss:  10.0 10.0 loc_loss:  1.2150603485107423 reward_loss:  -60.75300598144531
epoch:  11 batch:  50 region_loss:  10.0 10.0 loc_loss:  1.1514683532714844 reward_loss:  -57.573421478271484
epoch:  11 batch:  60 region_loss:  10.0 10.0 loc_loss:  1.1998904418945313 reward_loss:  -59.99454116821289
epoch:  11 batch:  70 region_loss:  10.0 10.0 loc_loss:  1.15814697265625 reward_loss:  -57.9073486328125
epoch:  11 batch:  80 region_loss:  10.0 10.0 loc_loss:  1.2072098541259766 reward_loss:  -60.36049270629883
epoch:  11 batch:  90 region_loss:  6.0 6.0 loc_loss:  0.7438663482666016 reward_loss:  -37.193321228027344
epoch:  11 batch:  100 region_loss:  8.0 8.0 loc_loss:  0.9089228820800781 reward_loss:  -45.446144104003906
epoch:  11 batch:  110 region_loss:  4.0 4.0 loc_loss:  0.5191139221191406 reward_loss:  -25.95570182800293
epoch:  11 batch:  120 region_loss:  5.0 5.0 loc_loss:  0.6009592056274414 reward_loss:  -30.04795265197754
epoch:  11 batch:  130 region_loss:  7.0 7.0 loc_loss:  0.8593502807617187 reward_loss:  -42.96751022338867
acc@1:  0.12558795860771402
epoch: 11 region loss 0.17051094890510948 loc loss 0.9831258946439645 reward loss -49.156292685627065
epoch:  12 batch:  0 region_loss:  10.0 10.0 loc_loss:  1.1326614379882813 reward_loss:  -56.63307571411133
epoch:  12 batch:  10 region_loss:  10.0 10.0 loc_loss:  1.1388884735107423 reward_loss:  -56.94442367553711
epoch:  12 batch:  20 region_loss:  10.0 10.0 loc_loss:  0.9980326080322266 reward_loss:  -49.901615142822266
epoch:  12 batch:  30 region_loss:  10.0 10.0 loc_loss:  1.1175826263427735 reward_loss:  -55.879119873046875
epoch:  12 batch:  40 region_loss:  10.0 10.0 loc_loss:  1.1623486328125 reward_loss:  -58.117427825927734
epoch:  12 batch:  50 region_loss:  10.0 10.0 loc_loss:  1.0819502258300782 reward_loss:  -54.09750747680664
epoch:  12 batch:  60 region_loss:  10.0 10.0 loc_loss:  1.138272705078125 reward_loss:  -56.913631439208984
epoch:  12 batch:  70 region_loss:  10.0 10.0 loc_loss:  1.0888971710205078 reward_loss:  -54.444862365722656
epoch:  12 batch:  80 region_loss:  10.0 10.0 loc_loss:  1.1506099700927734 reward_loss:  -57.53050231933594
epoch:  12 batch:  90 region_loss:  6.0 6.0 loc_loss:  0.7090798950195313 reward_loss:  -35.45399475097656
epoch:  12 batch:  100 region_loss:  8.0 8.0 loc_loss:  0.8558737182617188 reward_loss:  -42.79369354248047
epoch:  12 batch:  110 region_loss:  4.0 4.0 loc_loss:  0.4960653305053711 reward_loss:  -24.80326271057129
epoch:  12 batch:  120 region_loss:  5.0 5.0 loc_loss:  0.5694268035888672 reward_loss:  -28.471633911132812
epoch:  12 batch:  130 region_loss:  7.0 7.0 loc_loss:  0.8179572296142578 reward_loss:  -40.897857666015625
acc@1:  0.13358419567262464
epoch: 12 region loss 0.17051094890510948 loc loss 0.9293868843134302 reward loss -46.46934299051327
epoch:  13 batch:  0 region_loss:  10.0 10.0 loc_loss:  1.0655492401123048 reward_loss:  -53.277469635009766
epoch:  13 batch:  10 region_loss:  10.0 10.0 loc_loss:  1.0760778045654298 reward_loss:  -53.80388259887695
epoch:  13 batch:  20 region_loss:  10.0 10.0 loc_loss:  0.9387301635742188 reward_loss:  -46.93651580810547
epoch:  13 batch:  30 region_loss:  10.0 10.0 loc_loss:  1.0485741424560546 reward_loss:  -52.42870330810547
epoch:  13 batch:  40 region_loss:  10.0 10.0 loc_loss:  1.110642852783203 reward_loss:  -55.53215026855469
epoch:  13 batch:  50 region_loss:  10.0 10.0 loc_loss:  1.0164372253417968 reward_loss:  -50.821861267089844
epoch:  13 batch:  60 region_loss:  10.0 10.0 loc_loss:  1.078794937133789 reward_loss:  -53.93975067138672
epoch:  13 batch:  70 region_loss:  10.0 10.0 loc_loss:  1.0250098419189453 reward_loss:  -51.25049591064453
epoch:  13 batch:  80 region_loss:  10.0 10.0 loc_loss:  1.096719970703125 reward_loss:  -54.836002349853516
epoch:  13 batch:  90 region_loss:  6.0 6.0 loc_loss:  0.6756685638427734 reward_loss:  -33.78341293334961
epoch:  13 batch:  100 region_loss:  8.0 8.0 loc_loss:  0.806822280883789 reward_loss:  -40.341102600097656
epoch:  13 batch:  110 region_loss:  4.0 4.0 loc_loss:  0.4732899475097656 reward_loss:  -23.664501190185547
epoch:  13 batch:  120 region_loss:  5.0 5.0 loc_loss:  0.5393571472167968 reward_loss:  -26.967857360839844
epoch:  13 batch:  130 region_loss:  7.0 7.0 loc_loss:  0.7785227966308593 reward_loss:  -38.92613220214844
acc@1:  0.13734713076199437
epoch: 13 region loss 0.17051094890510948 loc loss 0.8789504381165888 reward loss -43.94752179445141
epoch:  14 batch:  0 region_loss:  10.0 10.0 loc_loss:  1.0034152221679689 reward_loss:  -50.17073059082031
epoch:  14 batch:  10 region_loss:  10.0 10.0 loc_loss:  1.0182876586914062 reward_loss:  -50.91438293457031
epoch:  14 batch:  20 region_loss:  10.0 10.0 loc_loss:  0.8849740600585938 reward_loss:  -44.24870681762695
epoch:  14 batch:  30 region_loss:  10.0 10.0 loc_loss:  0.9838597106933594 reward_loss:  -49.192989349365234
epoch:  14 batch:  40 region_loss:  10.0 10.0 loc_loss:  1.0608799743652344 reward_loss:  -53.04399108886719
epoch:  14 batch:  50 region_loss:  10.0 10.0 loc_loss:  0.9556020355224609 reward_loss:  -47.78010177612305
epoch:  14 batch:  60 region_loss:  10.0 10.0 loc_loss:  1.0223609924316406 reward_loss:  -51.11804962158203
epoch:  14 batch:  70 region_loss:  10.0 10.0 loc_loss:  0.9668012237548829 reward_loss:  -48.340065002441406
epoch:  14 batch:  80 region_loss:  10.0 10.0 loc_loss:  1.045701675415039 reward_loss:  -52.285072326660156
epoch:  14 batch:  90 region_loss:  6.0 6.0 loc_loss:  0.6439857482910156 reward_loss:  -32.19928741455078
epoch:  14 batch:  100 region_loss:  8.0 8.0 loc_loss:  0.7621104431152343 reward_loss:  -38.10552978515625
epoch:  14 batch:  110 region_loss:  4.0 4.0 loc_loss:  0.45095138549804686 reward_loss:  -22.54757308959961
epoch:  14 batch:  120 region_loss:  5.0 5.0 loc_loss:  0.5107790756225586 reward_loss:  -25.538951873779297
epoch:  14 batch:  130 region_loss:  7.0 7.0 loc_loss:  0.7412547302246094 reward_loss:  -37.062744140625
acc@1:  0.1425211665098777
epoch: 14 region loss 0.17051094890510948 loc loss 0.8322052678574611 reward loss -41.610257030403524
epoch:  15 batch:  0 region_loss:  10.0 10.0 loc_loss:  0.9466855621337891 reward_loss:  -47.33428192138672
epoch:  15 batch:  10 region_loss:  10.0 10.0 loc_loss:  0.9653269958496093 reward_loss:  -48.26634979248047
epoch:  15 batch:  20 region_loss:  10.0 10.0 loc_loss:  0.8369041442871094 reward_loss:  -41.84520721435547
epoch:  15 batch:  30 region_loss:  10.0 10.0 loc_loss:  0.92491455078125 reward_loss:  -46.2457275390625
epoch:  15 batch:  40 region_loss:  10.0 10.0 loc_loss:  1.0138538360595704 reward_loss:  -50.69268798828125
epoch:  15 batch:  50 region_loss:  10.0 10.0 loc_loss:  0.900289306640625 reward_loss:  -45.014469146728516
epoch:  15 batch:  60 region_loss:  10.0 10.0 loc_loss:  0.9694744110107422 reward_loss:  -48.47372055053711
epoch:  15 batch:  70 region_loss:  10.0 10.0 loc_loss:  0.9137842559814453 reward_loss:  -45.689208984375
epoch:  15 batch:  80 region_loss:  10.0 10.0 loc_loss:  0.9974502563476563 reward_loss:  -49.87250518798828
epoch:  15 batch:  90 region_loss:  6.0 6.0 loc_loss:  0.6140795135498047 reward_loss:  -30.703968048095703
epoch:  15 batch:  100 region_loss:  8.0 8.0 loc_loss:  0.7215240478515625 reward_loss:  -36.076202392578125
epoch:  15 batch:  110 region_loss:  4.0 4.0 loc_loss:  0.4293442535400391 reward_loss:  -21.467208862304688
epoch:  15 batch:  120 region_loss:  5.0 5.0 loc_loss:  0.4836396026611328 reward_loss:  -24.181976318359375
epoch:  15 batch:  130 region_loss:  7.0 7.0 loc_loss:  0.70631103515625 reward_loss:  -35.315547943115234
acc@1:  0.1425211665098777
epoch: 15 region loss 0.17051094890510948 loc loss 0.7892126796193366 reward loss -39.46063100160473
epoch:  16 batch:  0 region_loss:  10.0 10.0 loc_loss:  0.8950989532470703 reward_loss:  -44.75495529174805
epoch:  16 batch:  10 region_loss:  10.0 10.0 loc_loss:  0.9170488739013671 reward_loss:  -45.852439880371094
epoch:  16 batch:  20 region_loss:  10.0 10.0 loc_loss:  0.7941950225830078 reward_loss:  -39.70975112915039
epoch:  16 batch:  30 region_loss:  10.0 10.0 loc_loss:  0.8718143463134765 reward_loss:  -43.59071731567383
epoch:  16 batch:  40 region_loss:  10.0 10.0 loc_loss:  0.9699565124511719 reward_loss:  -48.497825622558594
epoch:  16 batch:  50 region_loss:  10.0 10.0 loc_loss:  0.8505123138427735 reward_loss:  -42.525611877441406
epoch:  16 batch:  60 region_loss:  10.0 10.0 loc_loss:  0.9204083251953125 reward_loss:  -46.020416259765625
epoch:  16 batch:  70 region_loss:  10.0 10.0 loc_loss:  0.8655307006835937 reward_loss:  -43.27653121948242
epoch:  16 batch:  80 region_loss:  10.0 10.0 loc_loss:  0.9521884918212891 reward_loss:  -47.60941696166992
epoch:  16 batch:  90 region_loss:  6.0 6.0 loc_loss:  0.5859951400756835 reward_loss:  -29.299753189086914
epoch:  16 batch:  100 region_loss:  8.0 8.0 loc_loss:  0.6846007537841797 reward_loss:  -34.23004150390625
epoch:  16 batch:  110 region_loss:  4.0 4.0 loc_loss:  0.4085462188720703 reward_loss:  -20.42730712890625
epoch:  16 batch:  120 region_loss:  5.0 5.0 loc_loss:  0.45779579162597656 reward_loss:  -22.88979148864746
epoch:  16 batch:  130 region_loss:  7.0 7.0 loc_loss:  0.6735581970214843 reward_loss:  -33.67791748046875
acc@1:  0.1462841015992474
epoch: 16 region loss 0.17051094890510948 loc loss 0.7497726604712271 reward loss -37.48863131112426
epoch:  17 batch:  0 region_loss:  10.0 10.0 loc_loss:  0.847928466796875 reward_loss:  -42.396419525146484
epoch:  17 batch:  10 region_loss:  10.0 10.0 loc_loss:  0.872928237915039 reward_loss:  -43.64641571044922
epoch:  17 batch:  20 region_loss:  10.0 10.0 loc_loss:  0.7562957763671875 reward_loss:  -37.81486129760742
epoch:  17 batch:  30 region_loss:  10.0 10.0 loc_loss:  0.8240455627441406 reward_loss:  -41.20227813720703
epoch:  17 batch:  40 region_loss:  10.0 10.0 loc_loss:  0.9292413330078125 reward_loss:  -46.462066650390625
epoch:  17 batch:  50 region_loss:  10.0 10.0 loc_loss:  0.8057412719726562 reward_loss:  -40.28706359863281
epoch:  17 batch:  60 region_loss:  10.0 10.0 loc_loss:  0.8746079254150391 reward_loss:  -43.73039627075195
epoch:  17 batch:  70 region_loss:  10.0 10.0 loc_loss:  0.8215673065185547 reward_loss:  -41.07836151123047
epoch:  17 batch:  80 region_loss:  10.0 10.0 loc_loss:  0.9097023773193359 reward_loss:  -45.48511505126953
epoch:  17 batch:  90 region_loss:  6.0 6.0 loc_loss:  0.5595796966552734 reward_loss:  -27.978984832763672
epoch:  17 batch:  100 region_loss:  8.0 8.0 loc_loss:  0.6508540344238282 reward_loss:  -32.542694091796875
epoch:  17 batch:  110 region_loss:  4.0 4.0 loc_loss:  0.38861114501953126 reward_loss:  -19.43054962158203
epoch:  17 batch:  120 region_loss:  5.0 5.0 loc_loss:  0.4333618545532227 reward_loss:  -21.6680908203125
epoch:  17 batch:  130 region_loss:  7.0 7.0 loc_loss:  0.6430689239501953 reward_loss:  -32.15345001220703
acc@1:  0.14440263405456255
epoch: 17 region loss 0.17051094890510948 loc loss 0.7135552800310789 reward loss -35.677761669576604
epoch:  18 batch:  0 region_loss:  10.0 10.0 loc_loss:  0.8045581817626953 reward_loss:  -40.227909088134766
epoch:  18 batch:  10 region_loss:  10.0 10.0 loc_loss:  0.8323623657226562 reward_loss:  -41.61811828613281
epoch:  18 batch:  20 region_loss:  10.0 10.0 loc_loss:  0.7223552703857422 reward_loss:  -36.11775588989258
epoch:  18 batch:  30 region_loss:  10.0 10.0 loc_loss:  0.7807537078857422 reward_loss:  -39.037689208984375
epoch:  18 batch:  40 region_loss:  10.0 10.0 loc_loss:  0.8916046142578125 reward_loss:  -44.580230712890625
epoch:  18 batch:  50 region_loss:  10.0 10.0 loc_loss:  0.7652277374267578 reward_loss:  -38.26138687133789
epoch:  18 batch:  60 region_loss:  10.0 10.0 loc_loss:  0.8316595458984375 reward_loss:  -41.58297348022461
epoch:  18 batch:  70 region_loss:  10.0 10.0 loc_loss:  0.7812606048583984 reward_loss:  -39.063018798828125
epoch:  18 batch:  80 region_loss:  10.0 10.0 loc_loss:  0.8696376037597656 reward_loss:  -43.481868743896484
epoch:  18 batch:  90 region_loss:  6.0 6.0 loc_loss:  0.534566535949707 reward_loss:  -26.72832489013672
epoch:  18 batch:  100 region_loss:  8.0 8.0 loc_loss:  0.6197796630859375 reward_loss:  -30.98897933959961
epoch:  18 batch:  110 region_loss:  4.0 4.0 loc_loss:  0.3694742584228516 reward_loss:  -18.473712921142578
epoch:  18 batch:  120 region_loss:  5.0 5.0 loc_loss:  0.4101639175415039 reward_loss:  -20.50819969177246
epoch:  18 batch:  130 region_loss:  7.0 7.0 loc_loss:  0.6144026947021485 reward_loss:  -30.720129013061523
acc@1:  0.14440263405456255
epoch: 18 region loss 0.17051094890510948 loc loss 0.6801528338968319 reward loss -34.007636362618776
epoch:  19 batch:  0 region_loss:  10.0 10.0 loc_loss:  0.7645975494384766 reward_loss:  -38.22987747192383
epoch:  19 batch:  10 region_loss:  10.0 10.0 loc_loss:  0.7948936462402344 reward_loss:  -39.74468231201172
epoch:  19 batch:  20 region_loss:  10.0 10.0 loc_loss:  0.6917742919921875 reward_loss:  -34.588714599609375
epoch:  19 batch:  30 region_loss:  10.0 10.0 loc_loss:  0.7412472534179687 reward_loss:  -37.06236267089844
epoch:  19 batch:  40 region_loss:  10.0 10.0 loc_loss:  0.8565845489501953 reward_loss:  -42.829227447509766
epoch:  19 batch:  50 region_loss:  10.0 10.0 loc_loss:  0.7281913757324219 reward_loss:  -36.409568786621094
epoch:  19 batch:  60 region_loss:  10.0 10.0 loc_loss:  0.7911484527587891 reward_loss:  -39.55742263793945
epoch:  19 batch:  70 region_loss:  10.0 10.0 loc_loss:  0.7441796875 reward_loss:  -37.20899200439453
epoch:  19 batch:  80 region_loss:  10.0 10.0 loc_loss:  0.8318961334228515 reward_loss:  -41.59480667114258
epoch:  19 batch:  90 region_loss:  6.0 6.0 loc_loss:  0.510908088684082 reward_loss:  -25.54540252685547
epoch:  19 batch:  100 region_loss:  8.0 8.0 loc_loss:  0.5908387756347656 reward_loss:  -29.54193687438965
epoch:  19 batch:  110 region_loss:  4.0 4.0 loc_loss:  0.35112007141113283 reward_loss:  -17.556007385253906
epoch:  19 batch:  120 region_loss:  5.0 5.0 loc_loss:  0.3882735824584961 reward_loss:  -19.413677215576172
epoch:  19 batch:  130 region_loss:  7.0 7.0 loc_loss:  0.5873931884765625 reward_loss:  -29.36965560913086
acc@1:  0.13781749764816556
epoch: 19 region loss 0.17051094890510948 loc loss 0.6491648000174195 reward loss -32.45824034196617
epoch:  20 batch:  0 region_loss:  10.0 10.0 loc_loss:  0.7275046539306641 reward_loss:  -36.375240325927734
epoch:  20 batch:  10 region_loss:  10.0 10.0 loc_loss:  0.7597716522216796 reward_loss:  -37.98858642578125
epoch:  20 batch:  20 region_loss:  10.0 10.0 loc_loss:  0.6638195037841796 reward_loss:  -33.19097137451172
epoch:  20 batch:  30 region_loss:  10.0 10.0 loc_loss:  0.7049140930175781 reward_loss:  -35.24570083618164
epoch:  20 batch:  40 region_loss:  10.0 10.0 loc_loss:  0.823931655883789 reward_loss:  -41.19657897949219
epoch:  20 batch:  50 region_loss:  10.0 10.0 loc_loss:  0.6941818237304688 reward_loss:  -34.70909118652344
epoch:  20 batch:  60 region_loss:  10.0 10.0 loc_loss:  0.7529063415527344 reward_loss:  -37.64531707763672
epoch:  20 batch:  70 region_loss:  10.0 10.0 loc_loss:  0.7096649169921875 reward_loss:  -35.48324203491211
epoch:  20 batch:  80 region_loss:  10.0 10.0 loc_loss:  0.7959801483154297 reward_loss:  -39.799007415771484
epoch:  20 batch:  90 region_loss:  6.0 6.0 loc_loss:  0.48835575103759765 reward_loss:  -24.417787551879883
epoch:  20 batch:  100 region_loss:  8.0 8.0 loc_loss:  0.5637302780151368 reward_loss:  -28.186513900756836
epoch:  20 batch:  110 region_loss:  4.0 4.0 loc_loss:  0.3335455322265625 reward_loss:  -16.677276611328125
epoch:  20 batch:  120 region_loss:  5.0 5.0 loc_loss:  0.3676542663574219 reward_loss:  -18.382715225219727
epoch:  20 batch:  130 region_loss:  7.0 7.0 loc_loss:  0.5617277145385742 reward_loss:  -28.086383819580078
acc@1:  0.13452492944496708
epoch: 20 region loss 0.17051094890510948 loc loss 0.6202304575565087 reward loss -31.01152154128917
epoch:  21 batch:  0 region_loss:  10.0 10.0 loc_loss:  0.6928028106689453 reward_loss:  -34.64014434814453
epoch:  21 batch:  10 region_loss:  10.0 10.0 loc_loss:  0.7268765258789063 reward_loss:  -36.34382629394531
epoch:  21 batch:  20 region_loss:  10.0 10.0 loc_loss:  0.6378929138183593 reward_loss:  -31.89464569091797
epoch:  21 batch:  30 region_loss:  10.0 10.0 loc_loss:  0.6711402130126953 reward_loss:  -33.557010650634766
epoch:  21 batch:  40 region_loss:  10.0 10.0 loc_loss:  0.7930544281005859 reward_loss:  -39.65271759033203
epoch:  21 batch:  50 region_loss:  10.0 10.0 loc_loss:  0.662660140991211 reward_loss:  -33.13300704956055
epoch:  21 batch:  60 region_loss:  10.0 10.0 loc_loss:  0.7167156982421875 reward_loss:  -35.83578109741211
epoch:  21 batch:  70 region_loss:  10.0 10.0 loc_loss:  0.6774756622314453 reward_loss:  -33.873783111572266
epoch:  21 batch:  80 region_loss:  10.0 10.0 loc_loss:  0.7616869354248047 reward_loss:  -38.084346771240234
epoch:  21 batch:  90 region_loss:  6.0 6.0 loc_loss:  0.4668714904785156 reward_loss:  -23.343570709228516
epoch:  21 batch:  100 region_loss:  8.0 8.0 loc_loss:  0.5380952072143554 reward_loss:  -26.904762268066406
epoch:  21 batch:  110 region_loss:  4.0 4.0 loc_loss:  0.3167219543457031 reward_loss:  -15.836097717285156
epoch:  21 batch:  120 region_loss:  5.0 5.0 loc_loss:  0.3482463836669922 reward_loss:  -17.412321090698242
epoch:  21 batch:  130 region_loss:  7.0 7.0 loc_loss:  0.5371669387817383 reward_loss:  -26.858348846435547
acc@1:  0.13358419567262464
epoch: 21 region loss 0.17051094890510948 loc loss 0.5930434434431313 reward loss -29.652172067739667
epoch:  22 batch:  0 region_loss:  10.0 10.0 loc_loss:  0.6602069854736328 reward_loss:  -33.01034927368164
epoch:  22 batch:  10 region_loss:  10.0 10.0 loc_loss:  0.69578125 reward_loss:  -34.7890625
epoch:  22 batch:  20 region_loss:  10.0 10.0 loc_loss:  0.613654556274414 reward_loss:  -30.682729721069336
epoch:  22 batch:  30 region_loss:  10.0 10.0 loc_loss:  0.6395867919921875 reward_loss:  -31.979339599609375
epoch:  22 batch:  40 region_loss:  10.0 10.0 loc_loss:  0.7636231231689453 reward_loss:  -38.181156158447266
epoch:  22 batch:  50 region_loss:  10.0 10.0 loc_loss:  0.6332597351074218 reward_loss:  -31.66298484802246
epoch:  22 batch:  60 region_loss:  10.0 10.0 loc_loss:  0.682452392578125 reward_loss:  -34.122615814208984
epoch:  22 batch:  70 region_loss:  10.0 10.0 loc_loss:  0.6471813201904297 reward_loss:  -32.359066009521484
epoch:  22 batch:  80 region_loss:  10.0 10.0 loc_loss:  0.7287515258789062 reward_loss:  -36.43757247924805
epoch:  22 batch:  90 region_loss:  6.0 6.0 loc_loss:  0.4462323760986328 reward_loss:  -22.31161880493164
epoch:  22 batch:  100 region_loss:  8.0 8.0 loc_loss:  0.5137827682495117 reward_loss:  -25.689138412475586
epoch:  22 batch:  110 region_loss:  4.0 4.0 loc_loss:  0.30058506011962893 reward_loss:  -15.029253005981445
epoch:  22 batch:  120 region_loss:  5.0 5.0 loc_loss:  0.3299057388305664 reward_loss:  -16.495288848876953
epoch:  22 batch:  130 region_loss:  7.0 7.0 loc_loss:  0.5137211227416992 reward_loss:  -25.686059951782227
acc@1:  0.1317027281279398
epoch: 22 region loss 0.17051094890510948 loc loss 0.5673505089056753 reward loss -28.367523812899623
epoch:  23 batch:  0 region_loss:  10.0 10.0 loc_loss:  0.6293498992919921 reward_loss:  -31.46749496459961
epoch:  23 batch:  10 region_loss:  10.0 10.0 loc_loss:  0.6662240600585938 reward_loss:  -33.31170654296875
epoch:  23 batch:  20 region_loss:  10.0 10.0 loc_loss:  0.590710105895996 reward_loss:  -29.534778594970703
epoch:  23 batch:  30 region_loss:  10.0 10.0 loc_loss:  0.6098347473144531 reward_loss:  -30.49173927307129
epoch:  23 batch:  40 region_loss:  10.0 10.0 loc_loss:  0.7352163696289062 reward_loss:  -36.76081848144531
epoch:  23 batch:  50 region_loss:  10.0 10.0 loc_loss:  0.6057324981689454 reward_loss:  -30.286624908447266
epoch:  23 batch:  60 region_loss:  10.0 10.0 loc_loss:  0.6499755096435547 reward_loss:  -32.498775482177734
epoch:  23 batch:  70 region_loss:  10.0 10.0 loc_loss:  0.6186891555786133 reward_loss:  -30.934457778930664
epoch:  23 batch:  80 region_loss:  10.0 10.0 loc_loss:  0.6971204376220703 reward_loss:  -34.85601806640625
epoch:  23 batch:  90 region_loss:  6.0 6.0 loc_loss:  0.42651149749755857 reward_loss:  -21.32557487487793
epoch:  23 batch:  100 region_loss:  8.0 8.0 loc_loss:  0.4905575180053711 reward_loss:  -24.527873992919922
epoch:  23 batch:  110 region_loss:  4.0 4.0 loc_loss:  0.28516708374023436 reward_loss:  -14.258355140686035
epoch:  23 batch:  120 region_loss:  5.0 5.0 loc_loss:  0.3126529312133789 reward_loss:  -15.632652282714844
epoch:  23 batch:  130 region_loss:  7.0 7.0 loc_loss:  0.4911447906494141 reward_loss:  -24.557241439819336
acc@1:  0.13076199435559738
epoch: 23 region loss 0.17051094890510948 loc loss 0.5429509989884648 reward loss -27.147549510872278
epoch:  24 batch:  0 region_loss:  10.0 10.0 loc_loss:  0.6001810455322265 reward_loss:  -30.009050369262695
epoch:  24 batch:  10 region_loss:  10.0 10.0 loc_loss:  0.6381107711791992 reward_loss:  -31.90553855895996
epoch:  24 batch:  20 region_loss:  10.0 10.0 loc_loss:  0.5688333129882812 reward_loss:  -28.441667556762695
epoch:  24 batch:  30 region_loss:  10.0 10.0 loc_loss:  0.5817157363891602 reward_loss:  -29.085784912109375
epoch:  24 batch:  40 region_loss:  10.0 10.0 loc_loss:  0.7078737640380859 reward_loss:  -35.3936882019043
epoch:  24 batch:  50 region_loss:  10.0 10.0 loc_loss:  0.5797708129882813 reward_loss:  -28.98853874206543
epoch:  24 batch:  60 region_loss:  10.0 10.0 loc_loss:  0.6190742111206055 reward_loss:  -30.953710556030273
epoch:  24 batch:  70 region_loss:  10.0 10.0 loc_loss:  0.5916810607910157 reward_loss:  -29.58405303955078
epoch:  24 batch:  80 region_loss:  10.0 10.0 loc_loss:  0.666507568359375 reward_loss:  -33.32537841796875
epoch:  24 batch:  90 region_loss:  6.0 6.0 loc_loss:  0.4075004577636719 reward_loss:  -20.37502098083496
epoch:  24 batch:  100 region_loss:  8.0 8.0 loc_loss:  0.4683436965942383 reward_loss:  -23.41718864440918
epoch:  24 batch:  110 region_loss:  4.0 4.0 loc_loss:  0.2703740119934082 reward_loss:  -13.518701553344727
epoch:  24 batch:  120 region_loss:  5.0 5.0 loc_loss:  0.2963466262817383 reward_loss:  -14.81733226776123
epoch:  24 batch:  130 region_loss:  7.0 7.0 loc_loss:  0.4693965148925781 reward_loss:  -23.469825744628906
acc@1:  0.1288805268109125
epoch: 24 region loss 0.17051094890510948 loc loss 0.519666493826539 reward loss -25.9833260765911
epoch:  25 batch:  0 region_loss:  10.0 10.0 loc_loss:  0.5722125625610351 reward_loss:  -28.610626220703125
epoch:  25 batch:  10 region_loss:  10.0 10.0 loc_loss:  0.6112678527832032 reward_loss:  -30.563396453857422
epoch:  25 batch:  20 region_loss:  10.0 10.0 loc_loss:  0.5480303192138671 reward_loss:  -27.401514053344727
epoch:  25 batch:  30 region_loss:  10.0 10.0 loc_loss:  0.5550921249389649 reward_loss:  -27.754606246948242
epoch:  25 batch:  40 region_loss:  10.0 10.0 loc_loss:  0.6812493896484375 reward_loss:  -34.062469482421875
epoch:  25 batch:  50 region_loss:  10.0 10.0 loc_loss:  0.5551158905029296 reward_loss:  -27.755794525146484
epoch:  25 batch:  60 region_loss:  10.0 10.0 loc_loss:  0.589748649597168 reward_loss:  -29.487430572509766
epoch:  25 batch:  70 region_loss:  10.0 10.0 loc_loss:  0.5659983825683593 reward_loss:  -28.299922943115234
epoch:  25 batch:  80 region_loss:  10.0 10.0 loc_loss:  0.6369376373291016 reward_loss:  -31.84688377380371
epoch:  25 batch:  90 region_loss:  6.0 6.0 loc_loss:  0.38909435272216797 reward_loss:  -19.454715728759766
epoch:  25 batch:  100 region_loss:  8.0 8.0 loc_loss:  0.4469435501098633 reward_loss:  -22.347179412841797
epoch:  25 batch:  110 region_loss:  4.0 4.0 loc_loss:  0.2562770652770996 reward_loss:  -12.81385326385498
epoch:  25 batch:  120 region_loss:  5.0 5.0 loc_loss:  0.28086267471313475 reward_loss:  -14.043133735656738
epoch:  25 batch:  130 region_loss:  7.0 7.0 loc_loss:  0.4484549331665039 reward_loss:  -22.422746658325195
acc@1:  0.1279397930385701
epoch: 25 region loss 0.17051094890510948 loc loss 0.4973725442816741 reward loss -24.868627095744557
epoch:  26 batch:  0 region_loss:  10.0 10.0 loc_loss:  0.5455377197265625 reward_loss:  -27.276885986328125
epoch:  26 batch:  10 region_loss:  10.0 10.0 loc_loss:  0.5855099105834961 reward_loss:  -29.275497436523438
epoch:  26 batch:  20 region_loss:  10.0 10.0 loc_loss:  0.527890625 reward_loss:  -26.394533157348633
epoch:  26 batch:  30 region_loss:  10.0 10.0 loc_loss:  0.5297258377075196 reward_loss:  -26.486291885375977
epoch:  26 batch:  40 region_loss:  10.0 10.0 loc_loss:  0.655283203125 reward_loss:  -32.764156341552734
epoch:  26 batch:  50 region_loss:  10.0 10.0 loc_loss:  0.5315302276611328 reward_loss:  -26.576513290405273
epoch:  26 batch:  60 region_loss:  10.0 10.0 loc_loss:  0.56169189453125 reward_loss:  -28.084592819213867
epoch:  26 batch:  70 region_loss:  10.0 10.0 loc_loss:  0.5416085815429688 reward_loss:  -27.080432891845703
epoch:  26 batch:  80 region_loss:  10.0 10.0 loc_loss:  0.6083628463745118 reward_loss:  -30.418142318725586
epoch:  26 batch:  90 region_loss:  6.0 6.0 loc_loss:  0.37134323120117185 reward_loss:  -18.567161560058594
epoch:  26 batch:  100 region_loss:  8.0 8.0 loc_loss:  0.42631534576416014 reward_loss:  -21.315765380859375
epoch:  26 batch:  110 region_loss:  4.0 4.0 loc_loss:  0.24267183303833006 reward_loss:  -12.133591651916504
epoch:  26 batch:  120 region_loss:  5.0 5.0 loc_loss:  0.2661635208129883 reward_loss:  -13.308174133300781
epoch:  26 batch:  130 region_loss:  7.0 7.0 loc_loss:  0.4282313537597656 reward_loss:  -21.41156578063965
acc@1:  0.12652869238005646
epoch: 26 region loss 0.17051094890510948 loc loss 0.4759505475872624 reward loss -23.797527612560856
epoch:  27 batch:  0 region_loss:  10.0 10.0 loc_loss:  0.5200009918212891 reward_loss:  -26.000045776367188
epoch:  27 batch:  10 region_loss:  10.0 10.0 loc_loss:  0.5606873703002929 reward_loss:  -28.034364700317383
epoch:  27 batch:  20 region_loss:  10.0 10.0 loc_loss:  0.5085151672363282 reward_loss:  -25.42575454711914
epoch:  27 batch:  30 region_loss:  10.0 10.0 loc_loss:  0.5053688049316406 reward_loss:  -25.26844024658203
epoch:  27 batch:  40 region_loss:  10.0 10.0 loc_loss:  0.6299545288085937 reward_loss:  -31.497726440429688
epoch:  27 batch:  50 region_loss:  10.0 10.0 loc_loss:  0.5088876342773437 reward_loss:  -25.444381713867188
epoch:  27 batch:  60 region_loss:  10.0 10.0 loc_loss:  0.5349137115478516 reward_loss:  -26.745685577392578
epoch:  27 batch:  70 region_loss:  10.0 10.0 loc_loss:  0.5180963134765625 reward_loss:  -25.904813766479492
epoch:  27 batch:  80 region_loss:  10.0 10.0 loc_loss:  0.580610237121582 reward_loss:  -29.0305118560791
epoch:  27 batch:  90 region_loss:  6.0 6.0 loc_loss:  0.354169921875 reward_loss:  -17.708492279052734
epoch:  27 batch:  100 region_loss:  8.0 8.0 loc_loss:  0.40636497497558594 reward_loss:  -20.318246841430664
epoch:  27 batch:  110 region_loss:  4.0 4.0 loc_loss:  0.2296798324584961 reward_loss:  -11.483990669250488
epoch:  27 batch:  120 region_loss:  5.0 5.0 loc_loss:  0.25207368850708006 reward_loss:  -12.603683471679688
epoch:  27 batch:  130 region_loss:  7.0 7.0 loc_loss:  0.4085033416748047 reward_loss:  -20.425167083740234
acc@1:  0.12652869238005646
epoch: 27 region loss 0.17051094890510948 loc loss 0.4552958107690741 reward loss -22.764790500167514
epoch:  28 batch:  0 region_loss:  10.0 10.0 loc_loss:  0.49552814483642577 reward_loss:  -24.77640724182129
epoch:  28 batch:  10 region_loss:  10.0 10.0 loc_loss:  0.5367428588867188 reward_loss:  -26.837141036987305
epoch:  28 batch:  20 region_loss:  10.0 10.0 loc_loss:  0.4897647476196289 reward_loss:  -24.488235473632812
epoch:  28 batch:  30 region_loss:  10.0 10.0 loc_loss:  0.4820396041870117 reward_loss:  -24.101980209350586
epoch:  28 batch:  40 region_loss:  10.0 10.0 loc_loss:  0.6052515029907226 reward_loss:  -30.262575149536133
epoch:  28 batch:  50 region_loss:  10.0 10.0 loc_loss:  0.48710479736328127 reward_loss:  -24.355239868164062
epoch:  28 batch:  60 region_loss:  10.0 10.0 loc_loss:  0.5091329956054688 reward_loss:  -25.456649780273438
epoch:  28 batch:  70 region_loss:  10.0 10.0 loc_loss:  0.49550010681152346 reward_loss:  -24.775005340576172
epoch:  28 batch:  80 region_loss:  10.0 10.0 loc_loss:  0.5536896514892579 reward_loss:  -27.68448257446289
epoch:  28 batch:  90 region_loss:  6.0 6.0 loc_loss:  0.33747276306152346 reward_loss:  -16.873638153076172
epoch:  28 batch:  100 region_loss:  8.0 8.0 loc_loss:  0.3871072006225586 reward_loss:  -19.355361938476562
epoch:  28 batch:  110 region_loss:  4.0 4.0 loc_loss:  0.2171338653564453 reward_loss:  -10.856694221496582
epoch:  28 batch:  120 region_loss:  5.0 5.0 loc_loss:  0.23856857299804687 reward_loss:  -11.928428649902344
epoch:  28 batch:  130 region_loss:  7.0 7.0 loc_loss:  0.3894599151611328 reward_loss:  -19.47299575805664
acc@1:  0.12699905926622765
epoch: 28 region loss 0.17051094890510948 loc loss 0.43534169391994054 reward loss -21.767085552215576
epoch:  29 batch:  0 region_loss:  10.0 10.0 loc_loss:  0.4719289016723633 reward_loss:  -23.59644317626953
epoch:  29 batch:  10 region_loss:  10.0 10.0 loc_loss:  0.5135608673095703 reward_loss:  -25.678043365478516
epoch:  29 batch:  20 region_loss:  10.0 10.0 loc_loss:  0.47157711029052735 reward_loss:  -23.578857421875
epoch:  29 batch:  30 region_loss:  10.0 10.0 loc_loss:  0.45960311889648436 reward_loss:  -22.98015785217285
epoch:  29 batch:  40 region_loss:  10.0 10.0 loc_loss:  0.5810997772216797 reward_loss:  -29.054990768432617
epoch:  29 batch:  50 region_loss:  10.0 10.0 loc_loss:  0.4660776519775391 reward_loss:  -23.303882598876953
epoch:  29 batch:  60 region_loss:  10.0 10.0 loc_loss:  0.4843180847167969 reward_loss:  -24.215900421142578
epoch:  29 batch:  70 region_loss:  10.0 10.0 loc_loss:  0.47375953674316407 reward_loss:  -23.687978744506836
epoch:  29 batch:  80 region_loss:  10.0 10.0 loc_loss:  0.5275178527832032 reward_loss:  -26.375892639160156
epoch:  29 batch:  90 region_loss:  6.0 6.0 loc_loss:  0.32126335144042967 reward_loss:  -16.063167572021484
epoch:  29 batch:  100 region_loss:  8.0 8.0 loc_loss:  0.36841297149658203 reward_loss:  -18.420644760131836
epoch:  29 batch:  110 region_loss:  4.0 4.0 loc_loss:  0.20508556365966796 reward_loss:  -10.254279136657715
epoch:  29 batch:  120 region_loss:  5.0 5.0 loc_loss:  0.22563108444213867 reward_loss:  -11.281553268432617
epoch:  29 batch:  130 region_loss:  7.0 7.0 loc_loss:  0.3708824157714844 reward_loss:  -18.54412269592285
acc@1:  0.12464722483537159
epoch: 29 region loss 0.17051094890510948 loc loss 0.41601981817370787 reward loss -20.800991371600297
epoch:  30 batch:  0 region_loss:  10.0 10.0 loc_loss:  0.44918342590332033 reward_loss:  -22.459171295166016
epoch:  30 batch:  10 region_loss:  10.0 10.0 loc_loss:  0.49110420227050783 reward_loss:  -24.55521011352539
epoch:  30 batch:  20 region_loss:  10.0 10.0 loc_loss:  0.45394248962402345 reward_loss:  -22.697126388549805
epoch:  30 batch:  30 region_loss:  10.0 10.0 loc_loss:  0.4379059600830078 reward_loss:  -21.89529800415039
epoch:  30 batch:  40 region_loss:  10.0 10.0 loc_loss:  0.5574388885498047 reward_loss:  -27.87194061279297
epoch:  30 batch:  50 region_loss:  10.0 10.0 loc_loss:  0.4457423782348633 reward_loss:  -22.28711700439453
epoch:  30 batch:  60 region_loss:  10.0 10.0 loc_loss:  0.4604444885253906 reward_loss:  -23.02222442626953
epoch:  30 batch:  70 region_loss:  10.0 10.0 loc_loss:  0.4527123260498047 reward_loss:  -22.635616302490234
epoch:  30 batch:  80 region_loss:  10.0 10.0 loc_loss:  0.502105598449707 reward_loss:  -25.10527992248535
epoch:  30 batch:  90 region_loss:  6.0 6.0 loc_loss:  0.30538742065429686 reward_loss:  -15.269370079040527
epoch:  30 batch:  100 region_loss:  8.0 8.0 loc_loss:  0.35037315368652344 reward_loss:  -17.518659591674805
epoch:  30 batch:  110 region_loss:  4.0 4.0 loc_loss:  0.19350021362304687 reward_loss:  -9.67501163482666
epoch:  30 batch:  120 region_loss:  5.0 5.0 loc_loss:  0.2131654739379883 reward_loss:  -10.658273696899414
epoch:  30 batch:  130 region_loss:  7.0 7.0 loc_loss:  0.3528461074829102 reward_loss:  -17.642305374145508
acc@1:  0.1213546566321731
epoch: 30 region loss 0.17051094890510948 loc loss 0.39729442927089054 reward loss -19.864722258853217
epoch:  31 batch:  0 region_loss:  10.0 10.0 loc_loss:  0.4272607421875 reward_loss:  -21.363037109375
epoch:  31 batch:  10 region_loss:  10.0 10.0 loc_loss:  0.4692145538330078 reward_loss:  -23.460729598999023
epoch:  31 batch:  20 region_loss:  10.0 10.0 loc_loss:  0.4366701889038086 reward_loss:  -21.833507537841797
epoch:  31 batch:  30 region_loss:  10.0 10.0 loc_loss:  0.4169538116455078 reward_loss:  -20.847688674926758
epoch:  31 batch:  40 region_loss:  10.0 10.0 loc_loss:  0.534332275390625 reward_loss:  -26.71661376953125
epoch:  31 batch:  50 region_loss:  10.0 10.0 loc_loss:  0.42603546142578125 reward_loss:  -21.301773071289062
epoch:  31 batch:  60 region_loss:  10.0 10.0 loc_loss:  0.43739933013916016 reward_loss:  -21.869966506958008
epoch:  31 batch:  70 region_loss:  10.0 10.0 loc_loss:  0.4323869323730469 reward_loss:  -21.61934471130371
epoch:  31 batch:  80 region_loss:  10.0 10.0 loc_loss:  0.4773309326171875 reward_loss:  -23.866544723510742
epoch:  31 batch:  90 region_loss:  6.0 6.0 loc_loss:  0.29004377365112305 reward_loss:  -14.502188682556152
epoch:  31 batch:  100 region_loss:  8.0 8.0 loc_loss:  0.3328439712524414 reward_loss:  -16.642200469970703
epoch:  31 batch:  110 region_loss:  4.0 4.0 loc_loss:  0.1823652458190918 reward_loss:  -9.118261337280273
epoch:  31 batch:  120 region_loss:  5.0 5.0 loc_loss:  0.2011692237854004 reward_loss:  -10.05846118927002
epoch:  31 batch:  130 region_loss:  7.0 7.0 loc_loss:  0.33532272338867186 reward_loss:  -16.766138076782227
acc@1:  0.11947318908748825
epoch: 31 region loss 0.17051094890510948 loc loss 0.3791572797733502 reward loss -18.957863329100782
epoch:  32 batch:  0 region_loss:  10.0 10.0 loc_loss:  0.4061141586303711 reward_loss:  -20.305706024169922
epoch:  32 batch:  10 region_loss:  10.0 10.0 loc_loss:  0.44793033599853516 reward_loss:  -22.396516799926758
epoch:  32 batch:  20 region_loss:  10.0 10.0 loc_loss:  0.41989112854003907 reward_loss:  -20.994556427001953
epoch:  32 batch:  30 region_loss:  10.0 10.0 loc_loss:  0.39669486999511716 reward_loss:  -19.834749221801758
epoch:  32 batch:  40 region_loss:  10.0 10.0 loc_loss:  0.5115878677368164 reward_loss:  -25.57939338684082
epoch:  32 batch:  50 region_loss:  10.0 10.0 loc_loss:  0.40688648223876955 reward_loss:  -20.34432029724121
epoch:  32 batch:  60 region_loss:  10.0 10.0 loc_loss:  0.41513160705566404 reward_loss:  -20.756582260131836
epoch:  32 batch:  70 region_loss:  10.0 10.0 loc_loss:  0.41255855560302734 reward_loss:  -20.627927780151367
epoch:  32 batch:  80 region_loss:  10.0 10.0 loc_loss:  0.4534119415283203 reward_loss:  -22.67059898376465
epoch:  32 batch:  90 region_loss:  6.0 6.0 loc_loss:  0.274907169342041 reward_loss:  -13.745361328125
epoch:  32 batch:  100 region_loss:  8.0 8.0 loc_loss:  0.3158414840698242 reward_loss:  -15.792073249816895
epoch:  32 batch:  110 region_loss:  4.0 4.0 loc_loss:  0.17155614852905274 reward_loss:  -8.577807426452637
epoch:  32 batch:  120 region_loss:  5.0 5.0 loc_loss:  0.1896751594543457 reward_loss:  -9.483758926391602
epoch:  32 batch:  130 region_loss:  7.0 7.0 loc_loss:  0.3182648468017578 reward_loss:  -15.913240432739258
acc@1:  0.11665098777046096
epoch: 32 region loss 0.17051094890510948 loc loss 0.3615702993504323 reward loss -18.078515011028653
epoch:  33 batch:  0 region_loss:  10.0 10.0 loc_loss:  0.3856208801269531 reward_loss:  -19.281044006347656
epoch:  33 batch:  10 region_loss:  10.0 10.0 loc_loss:  0.42715450286865236 reward_loss:  -21.35772705078125
epoch:  33 batch:  20 region_loss:  10.0 10.0 loc_loss:  0.4035578155517578 reward_loss:  -20.17789077758789
epoch:  33 batch:  30 region_loss:  10.0 10.0 loc_loss:  0.37708324432373047 reward_loss:  -18.854162216186523
epoch:  33 batch:  40 region_loss:  10.0 10.0 loc_loss:  0.4893893051147461 reward_loss:  -24.469463348388672
epoch:  33 batch:  50 region_loss:  10.0 10.0 loc_loss:  0.3882421875 reward_loss:  -19.412109375
epoch:  33 batch:  60 region_loss:  10.0 10.0 loc_loss:  0.3937725830078125 reward_loss:  -19.688629150390625
epoch:  33 batch:  70 region_loss:  10.0 10.0 loc_loss:  0.3932949066162109 reward_loss:  -19.664745330810547
epoch:  33 batch:  80 region_loss:  10.0 10.0 loc_loss:  0.4299885559082031 reward_loss:  -21.499427795410156
epoch:  33 batch:  90 region_loss:  6.0 6.0 loc_loss:  0.260501823425293 reward_loss:  -13.025091171264648
epoch:  33 batch:  100 region_loss:  8.0 8.0 loc_loss:  0.29947649002075194 reward_loss:  -14.973827362060547
epoch:  33 batch:  110 region_loss:  4.0 4.0 loc_loss:  0.16124608993530273 reward_loss:  -8.062304496765137
epoch:  33 batch:  120 region_loss:  5.0 5.0 loc_loss:  0.17847862243652343 reward_loss:  -8.923930168151855
epoch:  33 batch:  130 region_loss:  7.0 7.0 loc_loss:  0.3016656875610352 reward_loss:  -15.083283424377441
acc@1:  0.11523988711194733
epoch: 33 region loss 0.17051094890510948 loc loss 0.3444905857796216 reward loss -17.224526676818403
epoch:  34 batch:  0 region_loss:  10.0 10.0 loc_loss:  0.36585559844970705 reward_loss:  -18.29277801513672
epoch:  34 batch:  10 region_loss:  10.0 10.0 loc_loss:  0.4070021438598633 reward_loss:  -20.350107192993164
epoch:  34 batch:  20 region_loss:  10.0 10.0 loc_loss:  0.3874924468994141 reward_loss:  -19.374624252319336
epoch:  34 batch:  30 region_loss:  10.0 10.0 loc_loss:  0.35800952911376954 reward_loss:  -17.90047836303711
epoch:  34 batch:  40 region_loss:  10.0 10.0 loc_loss:  0.4676509857177734 reward_loss:  -23.382549285888672
epoch:  34 batch:  50 region_loss:  10.0 10.0 loc_loss:  0.3701727676391602 reward_loss:  -18.508638381958008
epoch:  34 batch:  60 region_loss:  10.0 10.0 loc_loss:  0.373062744140625 reward_loss:  -18.653139114379883
epoch:  34 batch:  70 region_loss:  10.0 10.0 loc_loss:  0.37467350006103517 reward_loss:  -18.73369598388672
epoch:  34 batch:  80 region_loss:  10.0 10.0 loc_loss:  0.40725032806396483 reward_loss:  -20.362518310546875
epoch:  34 batch:  90 region_loss:  6.0 6.0 loc_loss:  0.24610038757324218 reward_loss:  -12.30501937866211
epoch:  34 batch:  100 region_loss:  8.0 8.0 loc_loss:  0.2835801124572754 reward_loss:  -14.179004669189453
epoch:  34 batch:  110 region_loss:  4.0 4.0 loc_loss:  0.15131725311279298 reward_loss:  -7.565863132476807
epoch:  34 batch:  120 region_loss:  5.0 5.0 loc_loss:  0.1678318977355957 reward_loss:  -8.391595840454102
epoch:  34 batch:  130 region_loss:  7.0 7.0 loc_loss:  0.2856182098388672 reward_loss:  -14.28091049194336
acc@1:  0.11429915333960489
epoch: 34 region loss 0.17051094890510948 loc loss 0.32779300146729407 reward loss -16.389649716606975
epoch:  35 batch:  0 region_loss:  10.0 10.0 loc_loss:  0.3467618179321289 reward_loss:  -17.338090896606445
epoch:  35 batch:  10 region_loss:  10.0 10.0 loc_loss:  0.3873323059082031 reward_loss:  -19.366613388061523
epoch:  35 batch:  20 region_loss:  10.0 10.0 loc_loss:  0.3720030212402344 reward_loss:  -18.60015106201172
epoch:  35 batch:  30 region_loss:  10.0 10.0 loc_loss:  0.3395125579833984 reward_loss:  -16.975627899169922
epoch:  35 batch:  40 region_loss:  10.0 10.0 loc_loss:  0.44641670227050784 reward_loss:  -22.320833206176758
epoch:  35 batch:  50 region_loss:  10.0 10.0 loc_loss:  0.35262786865234375 reward_loss:  -17.631393432617188
epoch:  35 batch:  60 region_loss:  10.0 10.0 loc_loss:  0.35306564331054685 reward_loss:  -17.653282165527344
epoch:  35 batch:  70 region_loss:  10.0 10.0 loc_loss:  0.35659420013427734 reward_loss:  -17.829708099365234
epoch:  35 batch:  80 region_loss:  10.0 10.0 loc_loss:  0.38525985717773437 reward_loss:  -19.26299285888672
epoch:  35 batch:  90 region_loss:  6.0 6.0 loc_loss:  0.2325156021118164 reward_loss:  -11.625781059265137
epoch:  35 batch:  100 region_loss:  8.0 8.0 loc_loss:  0.2682344436645508 reward_loss:  -13.411724090576172
epoch:  35 batch:  110 region_loss:  4.0 4.0 loc_loss:  0.1418321895599365 reward_loss:  -7.091610431671143
epoch:  35 batch:  120 region_loss:  5.0 5.0 loc_loss:  0.1575309944152832 reward_loss:  -7.876548767089844
epoch:  35 batch:  130 region_loss:  7.0 7.0 loc_loss:  0.2700374984741211 reward_loss:  -13.501874923706055
acc@1:  0.11335841956726246
epoch: 35 region loss 0.17051094890510948 loc loss 0.31169269036202535 reward loss -15.584640565579825
epoch:  36 batch:  0 region_loss:  10.0 10.0 loc_loss:  0.32824119567871096 reward_loss:  -16.412059783935547
epoch:  36 batch:  10 region_loss:  10.0 10.0 loc_loss:  0.36831321716308596 reward_loss:  -18.41566276550293
epoch:  36 batch:  20 region_loss:  10.0 10.0 loc_loss:  0.35664207458496094 reward_loss:  -17.832103729248047
epoch:  36 batch:  30 region_loss:  10.0 10.0 loc_loss:  0.321607666015625 reward_loss:  -16.080381393432617
epoch:  36 batch:  40 region_loss:  10.0 10.0 loc_loss:  0.4255291748046875 reward_loss:  -21.276460647583008
epoch:  36 batch:  50 region_loss:  10.0 10.0 loc_loss:  0.3355611801147461 reward_loss:  -16.778059005737305
epoch:  36 batch:  60 region_loss:  10.0 10.0 loc_loss:  0.3338883590698242 reward_loss:  -16.694419860839844
epoch:  36 batch:  70 region_loss:  10.0 10.0 loc_loss:  0.3389789581298828 reward_loss:  -16.94894790649414
epoch:  36 batch:  80 region_loss:  10.0 10.0 loc_loss:  0.3640247344970703 reward_loss:  -18.201236724853516
epoch:  36 batch:  90 region_loss:  6.0 6.0 loc_loss:  0.21893953323364257 reward_loss:  -10.946975708007812
epoch:  36 batch:  100 region_loss:  8.0 8.0 loc_loss:  0.2535333251953125 reward_loss:  -12.676666259765625
epoch:  36 batch:  110 region_loss:  4.0 4.0 loc_loss:  0.13271522521972656 reward_loss:  -6.635773181915283
epoch:  36 batch:  120 region_loss:  5.0 5.0 loc_loss:  0.1476981258392334 reward_loss:  -7.384907245635986
epoch:  36 batch:  130 region_loss:  7.0 7.0 loc_loss:  0.25492431640625 reward_loss:  -12.746216773986816
acc@1:  0.11194731890874883
epoch: 36 region loss 0.17051094890510948 loc loss 0.296118741261698 reward loss -14.80593418987998
epoch:  37 batch:  0 region_loss:  10.0 10.0 loc_loss:  0.31046241760253906 reward_loss:  -15.523120880126953
epoch:  37 batch:  10 region_loss:  10.0 10.0 loc_loss:  0.34962661743164064 reward_loss:  -17.4813289642334
epoch:  37 batch:  20 region_loss:  10.0 10.0 loc_loss:  0.34260948181152345 reward_loss:  -17.13047218322754
epoch:  37 batch:  30 region_loss:  10.0 10.0 loc_loss:  0.30429628372192385 reward_loss:  -15.214814186096191
epoch:  37 batch:  40 region_loss:  10.0 10.0 loc_loss:  0.40533683776855467 reward_loss:  -20.266843795776367
epoch:  37 batch:  50 region_loss:  10.0 10.0 loc_loss:  0.31914793014526366 reward_loss:  -15.957395553588867
epoch:  37 batch:  60 region_loss:  10.0 10.0 loc_loss:  0.3153940582275391 reward_loss:  -15.769702911376953
epoch:  37 batch:  70 region_loss:  10.0 10.0 loc_loss:  0.32189632415771485 reward_loss:  -16.094816207885742
epoch:  37 batch:  80 region_loss:  10.0 10.0 loc_loss:  0.34330024719238283 reward_loss:  -17.165014266967773
epoch:  37 batch:  90 region_loss:  6.0 6.0 loc_loss:  0.20613594055175782 reward_loss:  -10.30679702758789
epoch:  37 batch:  100 region_loss:  8.0 8.0 loc_loss:  0.23920352935791014 reward_loss:  -11.960175514221191
epoch:  37 batch:  110 region_loss:  4.0 4.0 loc_loss:  0.12398225784301758 reward_loss:  -6.199117183685303
epoch:  37 batch:  120 region_loss:  5.0 5.0 loc_loss:  0.13828809738159178 reward_loss:  -6.91440486907959
epoch:  37 batch:  130 region_loss:  7.0 7.0 loc_loss:  0.24034061431884765 reward_loss:  -12.017030715942383
acc@1:  0.11288805268109126
epoch: 37 region loss 0.17051094890510948 loc loss 0.28109570169100795 reward loss -14.054786625569754
epoch:  38 batch:  0 region_loss:  10.0 10.0 loc_loss:  0.2932828712463379 reward_loss:  -14.664144515991211
epoch:  38 batch:  10 region_loss:  10.0 10.0 loc_loss:  0.33166385650634767 reward_loss:  -16.583192825317383
epoch:  38 batch:  20 region_loss:  10.0 10.0 loc_loss:  0.32926597595214846 reward_loss:  -16.46329689025879
epoch:  38 batch:  30 region_loss:  10.0 10.0 loc_loss:  0.28754873275756837 reward_loss:  -14.377435684204102
epoch:  38 batch:  40 region_loss:  10.0 10.0 loc_loss:  0.385340576171875 reward_loss:  -19.267026901245117
epoch:  38 batch:  50 region_loss:  10.0 10.0 loc_loss:  0.30322364807128904 reward_loss:  -15.161181449890137
epoch:  38 batch:  60 region_loss:  10.0 10.0 loc_loss:  0.29752952575683594 reward_loss:  -14.87647819519043
epoch:  38 batch:  70 region_loss:  10.0 10.0 loc_loss:  0.3055051040649414 reward_loss:  -15.27525520324707
epoch:  38 batch:  80 region_loss:  10.0 10.0 loc_loss:  0.32342578887939455 reward_loss:  -16.171287536621094
epoch:  38 batch:  90 region_loss:  6.0 6.0 loc_loss:  0.1935567855834961 reward_loss:  -9.677839279174805
epoch:  38 batch:  100 region_loss:  8.0 8.0 loc_loss:  0.22586431503295898 reward_loss:  -11.293214797973633
epoch:  38 batch:  110 region_loss:  4.0 4.0 loc_loss:  0.11568495750427246 reward_loss:  -5.784246921539307
epoch:  38 batch:  120 region_loss:  5.0 5.0 loc_loss:  0.1292565631866455 reward_loss:  -6.462828636169434
epoch:  38 batch:  130 region_loss:  7.0 7.0 loc_loss:  0.22615108489990235 reward_loss:  -11.307555198669434
acc@1:  0.11147695202257761
epoch: 38 region loss 0.17051094890510948 loc loss 0.26662867763616743 reward loss -13.33142214012842
epoch:  39 batch:  0 region_loss:  10.0 10.0 loc_loss:  0.27681259155273436 reward_loss:  -13.840629577636719
epoch:  39 batch:  10 region_loss:  10.0 10.0 loc_loss:  0.31400672912597655 reward_loss:  -15.700335502624512
epoch:  39 batch:  20 region_loss:  10.0 10.0 loc_loss:  0.3201139831542969 reward_loss:  -16.005699157714844
epoch:  39 batch:  30 region_loss:  10.0 10.0 loc_loss:  0.27144140243530274 reward_loss:  -13.572071075439453
epoch:  39 batch:  40 region_loss:  10.0 10.0 loc_loss:  0.36627296447753904 reward_loss:  -18.313648223876953
epoch:  39 batch:  50 region_loss:  10.0 10.0 loc_loss:  0.2885489273071289 reward_loss:  -14.427447319030762
epoch:  39 batch:  60 region_loss:  10.0 10.0 loc_loss:  0.28064659118652346 reward_loss:  -14.032329559326172
epoch:  39 batch:  70 region_loss:  10.0 10.0 loc_loss:  0.28930131912231444 reward_loss:  -14.465065956115723
epoch:  39 batch:  80 region_loss:  10.0 10.0 loc_loss:  0.30416522979736327 reward_loss:  -15.208261489868164
epoch:  39 batch:  90 region_loss:  6.0 6.0 loc_loss:  0.18157629013061524 reward_loss:  -9.078814506530762
epoch:  39 batch:  100 region_loss:  8.0 8.0 loc_loss:  0.2120121955871582 reward_loss:  -10.600610733032227
epoch:  39 batch:  110 region_loss:  4.0 4.0 loc_loss:  0.1077919864654541 reward_loss:  -5.389598846435547
epoch:  39 batch:  120 region_loss:  5.0 5.0 loc_loss:  0.1207956886291504 reward_loss:  -6.0397844314575195
epoch:  39 batch:  130 region_loss:  7.0 7.0 loc_loss:  0.21269826889038085 reward_loss:  -10.63491439819336
acc@1:  0.11006585136406397
epoch: 39 region loss 0.17051094890510948 loc loss 0.25262934552492017 reward loss -12.631464698018819
epoch:  40 batch:  0 region_loss:  10.0 10.0 loc_loss:  0.26101676940917967 reward_loss:  -13.0508394241333
epoch:  40 batch:  10 region_loss:  10.0 10.0 loc_loss:  0.2972208023071289 reward_loss:  -14.861040115356445
epoch:  40 batch:  20 region_loss:  10.0 10.0 loc_loss:  0.3093691825866699 reward_loss:  -15.468459129333496
epoch:  40 batch:  30 region_loss:  10.0 10.0 loc_loss:  0.25603511810302737 reward_loss:  -12.80175495147705
epoch:  40 batch:  40 region_loss:  10.0 10.0 loc_loss:  0.3474008560180664 reward_loss:  -17.370044708251953
epoch:  40 batch:  50 region_loss:  10.0 10.0 loc_loss:  0.2750313949584961 reward_loss:  -13.751569747924805
epoch:  40 batch:  60 region_loss:  10.0 10.0 loc_loss:  0.2638935852050781 reward_loss:  -13.194677352905273
epoch:  40 batch:  70 region_loss:  10.0 10.0 loc_loss:  0.2743034362792969 reward_loss:  -13.715171813964844
epoch:  40 batch:  80 region_loss:  10.0 10.0 loc_loss:  0.2856870651245117 reward_loss:  -14.284353256225586
epoch:  40 batch:  90 region_loss:  6.0 6.0 loc_loss:  0.16995264053344727 reward_loss:  -8.497632026672363
epoch:  40 batch:  100 region_loss:  8.0 8.0 loc_loss:  0.20067230224609375 reward_loss:  -10.033615112304688
epoch:  40 batch:  110 region_loss:  4.0 4.0 loc_loss:  0.10026752471923828 reward_loss:  -5.0133771896362305
epoch:  40 batch:  120 region_loss:  5.0 5.0 loc_loss:  0.11247117042541505 reward_loss:  -5.623558521270752
epoch:  40 batch:  130 region_loss:  7.0 7.0 loc_loss:  0.19936431884765626 reward_loss:  -9.968216896057129
acc@1:  0.11053621825023519
epoch: 40 region loss 0.17051094890510948 loc loss 0.23926689198417386 reward loss -11.96333883974674
epoch:  41 batch:  0 region_loss:  10.0 10.0 loc_loss:  0.24626245498657226 reward_loss:  -12.313122749328613
epoch:  41 batch:  10 region_loss:  10.0 10.0 loc_loss:  0.2807368469238281 reward_loss:  -14.03684139251709
epoch:  41 batch:  20 region_loss:  10.0 10.0 loc_loss:  0.29922462463378907 reward_loss:  -14.961231231689453
epoch:  41 batch:  30 region_loss:  10.0 10.0 loc_loss:  0.24108747482299805 reward_loss:  -12.054375648498535
epoch:  41 batch:  40 region_loss:  10.0 10.0 loc_loss:  0.3293764877319336 reward_loss:  -16.46882438659668
epoch:  41 batch:  50 region_loss:  10.0 10.0 loc_loss:  0.2607455825805664 reward_loss:  -13.03727912902832
epoch:  41 batch:  60 region_loss:  10.0 10.0 loc_loss:  0.2488222312927246 reward_loss:  -12.44111156463623
epoch:  41 batch:  70 region_loss:  10.0 10.0 loc_loss:  0.2588797950744629 reward_loss:  -12.943989753723145
epoch:  41 batch:  80 region_loss:  10.0 10.0 loc_loss:  0.26798377990722655 reward_loss:  -13.399187088012695
epoch:  41 batch:  90 region_loss:  6.0 6.0 loc_loss:  0.15902410507202147 reward_loss:  -7.951205253601074
epoch:  41 batch:  100 region_loss:  8.0 8.0 loc_loss:  0.18722625732421874 reward_loss:  -9.361312866210938
epoch:  41 batch:  110 region_loss:  4.0 4.0 loc_loss:  0.09317185401916504 reward_loss:  -4.658592224121094
epoch:  41 batch:  120 region_loss:  5.0 5.0 loc_loss:  0.10510936737060547 reward_loss:  -5.255468368530273
epoch:  41 batch:  130 region_loss:  7.0 7.0 loc_loss:  0.18708972930908202 reward_loss:  -9.354486465454102
acc@1:  0.11006585136406397
epoch: 41 region loss 0.17051094890510948 loc loss 0.22641928836376998 reward loss -11.320962652672817
epoch:  42 batch:  0 region_loss:  10.0 10.0 loc_loss:  0.23242925643920898 reward_loss:  -11.621461868286133
epoch:  42 batch:  10 region_loss:  10.0 10.0 loc_loss:  0.2651211357116699 reward_loss:  -13.256057739257812
epoch:  42 batch:  20 region_loss:  10.0 10.0 loc_loss:  0.28403324127197266 reward_loss:  -14.201661109924316
epoch:  42 batch:  30 region_loss:  10.0 10.0 loc_loss:  0.2270100212097168 reward_loss:  -11.350500106811523
epoch:  42 batch:  40 region_loss:  10.0 10.0 loc_loss:  0.3118190002441406 reward_loss:  -15.59095287322998
epoch:  42 batch:  50 region_loss:  10.0 10.0 loc_loss:  0.2466889762878418 reward_loss:  -12.334447860717773
epoch:  42 batch:  60 region_loss:  10.0 10.0 loc_loss:  0.23318252563476563 reward_loss:  -11.659126281738281
epoch:  42 batch:  70 region_loss:  10.0 10.0 loc_loss:  0.24546445846557619 reward_loss:  -12.273222923278809
epoch:  42 batch:  80 region_loss:  10.0 10.0 loc_loss:  0.251024112701416 reward_loss:  -12.5512056350708
epoch:  42 batch:  90 region_loss:  6.0 6.0 loc_loss:  0.14840539932250976 reward_loss:  -7.420269966125488
epoch:  42 batch:  100 region_loss:  8.0 8.0 loc_loss:  0.17742080688476564 reward_loss:  -8.871045112609863
epoch:  42 batch:  110 region_loss:  4.0 4.0 loc_loss:  0.08644608497619628 reward_loss:  -4.3223042488098145
epoch:  42 batch:  120 region_loss:  5.0 5.0 loc_loss:  0.09736963272094727 reward_loss:  -4.868481636047363
epoch:  42 batch:  130 region_loss:  7.0 7.0 loc_loss:  0.1748059844970703 reward_loss:  -8.740299224853516
acc@1:  0.10865475070555033
epoch: 42 region loss 0.17051094890510948 loc loss 0.21406718415935544 reward loss -10.703358441373728
epoch:  43 batch:  0 region_loss:  10.0 10.0 loc_loss:  0.2188037872314453 reward_loss:  -10.940189361572266
epoch:  43 batch:  10 region_loss:  10.0 10.0 loc_loss:  0.24979066848754883 reward_loss:  -12.489533424377441
epoch:  43 batch:  20 region_loss:  10.0 10.0 loc_loss:  0.2688299751281738 reward_loss:  -13.441497802734375
epoch:  43 batch:  30 region_loss:  10.0 10.0 loc_loss:  0.21331045150756836 reward_loss:  -10.665522575378418
epoch:  43 batch:  40 region_loss:  10.0 10.0 loc_loss:  0.2949445343017578 reward_loss:  -14.74722671508789
epoch:  43 batch:  50 region_loss:  10.0 10.0 loc_loss:  0.23261686325073241 reward_loss:  -11.630843162536621
epoch:  43 batch:  60 region_loss:  10.0 10.0 loc_loss:  0.2197469711303711 reward_loss:  -10.987348556518555
epoch:  43 batch:  70 region_loss:  10.0 10.0 loc_loss:  0.23095859527587892 reward_loss:  -11.547929763793945
epoch:  43 batch:  80 region_loss:  10.0 10.0 loc_loss:  0.2348833465576172 reward_loss:  -11.744168281555176
epoch:  43 batch:  90 region_loss:  6.0 6.0 loc_loss:  0.13849350929260254 reward_loss:  -6.924675464630127
epoch:  43 batch:  100 region_loss:  8.0 8.0 loc_loss:  0.16481712341308594 reward_loss:  -8.240870475769043
epoch:  43 batch:  110 region_loss:  4.0 4.0 loc_loss:  0.08008719444274902 reward_loss:  -4.00435733795166
epoch:  43 batch:  120 region_loss:  5.0 5.0 loc_loss:  0.09105397224426269 reward_loss:  -4.552698612213135
epoch:  43 batch:  130 region_loss:  7.0 7.0 loc_loss:  0.1634938621520996 reward_loss:  -8.174692153930664
acc@1:  0.11006585136406397
epoch: 43 region loss 0.17051094890510948 loc loss 0.20209510213267193 reward loss -10.104755248466548
epoch:  44 batch:  0 region_loss:  10.0 10.0 loc_loss:  0.20567062377929687 reward_loss:  -10.283530235290527
epoch:  44 batch:  10 region_loss:  10.0 10.0 loc_loss:  0.23530818939208983 reward_loss:  -11.765409469604492
epoch:  44 batch:  20 region_loss:  10.0 10.0 loc_loss:  0.25401458740234373 reward_loss:  -12.700730323791504
epoch:  44 batch:  30 region_loss:  10.0 10.0 loc_loss:  0.20072587966918945 reward_loss:  -10.036293983459473
epoch:  44 batch:  40 region_loss:  10.0 10.0 loc_loss:  0.27871639251708985 reward_loss:  -13.935818672180176
epoch:  44 batch:  50 region_loss:  10.0 10.0 loc_loss:  0.21969711303710937 reward_loss:  -10.984855651855469
epoch:  44 batch:  60 region_loss:  10.0 10.0 loc_loss:  0.2052949523925781 reward_loss:  -10.264754295349121
epoch:  44 batch:  70 region_loss:  10.0 10.0 loc_loss:  0.2186773681640625 reward_loss:  -10.933868408203125
epoch:  44 batch:  80 region_loss:  10.0 10.0 loc_loss:  0.21930990219116211 reward_loss:  -10.965495109558105
epoch:  44 batch:  90 region_loss:  6.0 6.0 loc_loss:  0.12871354103088378 reward_loss:  -6.435677528381348
epoch:  44 batch:  100 region_loss:  8.0 8.0 loc_loss:  0.15592564582824708 reward_loss:  -7.796280384063721
epoch:  44 batch:  110 region_loss:  4.0 4.0 loc_loss:  0.07414381504058838 reward_loss:  -3.7071921825408936
epoch:  44 batch:  120 region_loss:  5.0 5.0 loc_loss:  0.08404995918273926 reward_loss:  -4.202497482299805
epoch:  44 batch:  130 region_loss:  7.0 7.0 loc_loss:  0.15246614456176757 reward_loss:  -7.623307704925537
acc@1:  0.10630291627469426
epoch: 44 region loss 0.17051094890510948 loc loss 0.19063076124574146 reward loss -9.531527363470872
epoch:  45 batch:  0 region_loss:  10.0 10.0 loc_loss:  0.1925956153869629 reward_loss:  -9.629778861999512
epoch:  45 batch:  10 region_loss:  10.0 10.0 loc_loss:  0.2211867904663086 reward_loss:  -11.059337615966797
epoch:  45 batch:  20 region_loss:  10.0 10.0 loc_loss:  0.24197803497314452 reward_loss:  -12.098901748657227
epoch:  45 batch:  30 region_loss:  10.0 10.0 loc_loss:  0.18836681365966798 reward_loss:  -9.418339729309082
epoch:  45 batch:  40 region_loss:  10.0 10.0 loc_loss:  0.2630450630187988 reward_loss:  -13.152253150939941
epoch:  45 batch:  50 region_loss:  10.0 10.0 loc_loss:  0.2073518943786621 reward_loss:  -10.367593765258789
epoch:  45 batch:  60 region_loss:  10.0 10.0 loc_loss:  0.19358255386352538 reward_loss:  -9.67912769317627
epoch:  45 batch:  70 region_loss:  10.0 10.0 loc_loss:  0.2051120376586914 reward_loss:  -10.25560188293457
epoch:  45 batch:  80 region_loss:  10.0 10.0 loc_loss:  0.20492982864379883 reward_loss:  -10.246492385864258
epoch:  45 batch:  90 region_loss:  6.0 6.0 loc_loss:  0.11998605728149414 reward_loss:  -5.999302864074707
epoch:  45 batch:  100 region_loss:  8.0 8.0 loc_loss:  0.14448525428771972 reward_loss:  -7.224263668060303
epoch:  45 batch:  110 region_loss:  4.0 4.0 loc_loss:  0.06845602512359619 reward_loss:  -3.4227962493896484
epoch:  45 batch:  120 region_loss:  5.0 5.0 loc_loss:  0.07844658851623536 reward_loss:  -3.922329902648926
epoch:  45 batch:  130 region_loss:  7.0 7.0 loc_loss:  0.14214691162109375 reward_loss:  -7.107346057891846
acc@1:  0.10677328316086547
epoch: 45 region loss 0.17051094890510948 loc loss 0.17971261650976472 reward loss -8.985632671927014
epoch:  46 batch:  0 region_loss:  10.0 10.0 loc_loss:  0.18058368682861328 reward_loss:  -9.029184341430664
epoch:  46 batch:  10 region_loss:  10.0 10.0 loc_loss:  0.20780982971191406 reward_loss:  -10.39048957824707
epoch:  46 batch:  20 region_loss:  10.0 10.0 loc_loss:  0.22968387603759766 reward_loss:  -11.484193801879883
epoch:  46 batch:  30 region_loss:  10.0 10.0 loc_loss:  0.17746936798095703 reward_loss:  -8.873469352722168
epoch:  46 batch:  40 region_loss:  10.0 10.0 loc_loss:  0.24793354034423828 reward_loss:  -12.396676063537598
epoch:  46 batch:  50 region_loss:  10.0 10.0 loc_loss:  0.19584802627563477 reward_loss:  -9.792401313781738
epoch:  46 batch:  60 region_loss:  10.0 10.0 loc_loss:  0.1801173973083496 reward_loss:  -9.005870819091797
epoch:  46 batch:  70 region_loss:  10.0 10.0 loc_loss:  0.19361148834228514 reward_loss:  -9.680574417114258
epoch:  46 batch:  80 region_loss:  10.0 10.0 loc_loss:  0.19092323303222655 reward_loss:  -9.546161651611328
epoch:  46 batch:  90 region_loss:  6.0 6.0 loc_loss:  0.11112563133239746 reward_loss:  -5.556281566619873
epoch:  46 batch:  100 region_loss:  8.0 8.0 loc_loss:  0.1364614772796631 reward_loss:  -6.8229804039001465
epoch:  46 batch:  110 region_loss:  4.0 4.0 loc_loss:  0.06324296951293945 reward_loss:  -3.162147283554077
epoch:  46 batch:  120 region_loss:  5.0 5.0 loc_loss:  0.07247222423553466 reward_loss:  -3.6236109733581543
epoch:  46 batch:  130 region_loss:  7.0 7.0 loc_loss:  0.13218623161315918 reward_loss:  -6.609312057495117
