nohup: ignoring input
cuda
epoch:  0 batch:  0 region_loss:  10.0 10.0 loc_loss:  1.9820545959472655 reward_loss:  -99.09895324707031
epoch:  0 batch:  10 region_loss:  10.0 10.0 loc_loss:  1.9839472961425781 reward_loss:  -99.19731903076172
epoch:  0 batch:  20 region_loss:  10.0 10.0 loc_loss:  1.9819000244140625 reward_loss:  -99.09481811523438
epoch:  0 batch:  30 region_loss:  10.0 10.0 loc_loss:  1.9838548278808594 reward_loss:  -99.19613647460938
epoch:  0 batch:  40 region_loss:  10.0 10.0 loc_loss:  1.9834800720214845 reward_loss:  -99.17411804199219
epoch:  0 batch:  50 region_loss:  10.0 10.0 loc_loss:  1.9824993896484375 reward_loss:  -99.12334442138672
epoch:  0 batch:  60 region_loss:  10.0 10.0 loc_loss:  1.9875582885742187 reward_loss:  -99.37651824951172
epoch:  0 batch:  70 region_loss:  10.0 10.0 loc_loss:  1.9819123840332031 reward_loss:  -99.09336853027344
epoch:  0 batch:  80 region_loss:  10.0 10.0 loc_loss:  1.9853195190429687 reward_loss:  -99.26348876953125
epoch:  0 batch:  90 region_loss:  6.0 6.0 loc_loss:  1.180588836669922 reward_loss:  -59.02727508544922
epoch:  0 batch:  100 region_loss:  8.0 8.0 loc_loss:  1.5741683959960937 reward_loss:  -78.70801544189453
epoch:  0 batch:  110 region_loss:  4.0 4.0 loc_loss:  0.7874751281738281 reward_loss:  -39.371952056884766
epoch:  0 batch:  120 region_loss:  5.0 5.0 loc_loss:  0.9796858215332032 reward_loss:  -48.98631286621094
epoch:  0 batch:  130 region_loss:  7.0 7.0 loc_loss:  1.3746607971191407 reward_loss:  -68.73192596435547
acc@1:  0.0037629350893697085
epoch: 0 region loss 0.17051094890510948 loc loss 1.6868351823570082 reward loss -84.34162393277579
epoch:  1 batch:  0 region_loss:  10.0 10.0 loc_loss:  1.9133175659179686 reward_loss:  -95.66316223144531
epoch:  1 batch:  10 region_loss:  10.0 10.0 loc_loss:  1.9334384155273439 reward_loss:  -96.66950225830078
epoch:  1 batch:  20 region_loss:  10.0 10.0 loc_loss:  1.9232756042480468 reward_loss:  -96.1673583984375
epoch:  1 batch:  30 region_loss:  10.0 10.0 loc_loss:  1.9273707580566406 reward_loss:  -96.369384765625
epoch:  1 batch:  40 region_loss:  10.0 10.0 loc_loss:  1.9167059326171876 reward_loss:  -95.83467102050781
epoch:  1 batch:  50 region_loss:  10.0 10.0 loc_loss:  1.9165631103515626 reward_loss:  -95.82179260253906
epoch:  1 batch:  60 region_loss:  10.0 10.0 loc_loss:  1.9101902770996093 reward_loss:  -95.5075454711914
epoch:  1 batch:  70 region_loss:  10.0 10.0 loc_loss:  1.8978497314453124 reward_loss:  -94.8956298828125
epoch:  1 batch:  80 region_loss:  10.0 10.0 loc_loss:  1.8787628173828126 reward_loss:  -93.9402084350586
epoch:  1 batch:  90 region_loss:  6.0 6.0 loc_loss:  1.114619903564453 reward_loss:  -55.73101043701172
epoch:  1 batch:  100 region_loss:  8.0 8.0 loc_loss:  1.4674742126464844 reward_loss:  -73.3770980834961
epoch:  1 batch:  110 region_loss:  4.0 4.0 loc_loss:  0.7402198791503907 reward_loss:  -37.01232147216797
epoch:  1 batch:  120 region_loss:  5.0 5.0 loc_loss:  0.9098780059814453 reward_loss:  -45.49507141113281
epoch:  1 batch:  130 region_loss:  7.0 7.0 loc_loss:  1.2658067321777344 reward_loss:  -63.29047393798828
acc@1:  0.026810912511759172
epoch: 1 region loss 0.17051094890510948 loc loss 1.6101520978273265 reward loss -80.50784702718693
epoch:  2 batch:  0 region_loss:  10.0 10.0 loc_loss:  1.7451068115234376 reward_loss:  -87.25460052490234
epoch:  2 batch:  10 region_loss:  10.0 10.0 loc_loss:  1.7443865966796874 reward_loss:  -87.21773529052734
epoch:  2 batch:  20 region_loss:  10.0 10.0 loc_loss:  1.7409812927246093 reward_loss:  -87.04879760742188
epoch:  2 batch:  30 region_loss:  10.0 10.0 loc_loss:  1.766474151611328 reward_loss:  -88.3244857788086
epoch:  2 batch:  40 region_loss:  10.0 10.0 loc_loss:  1.7320291137695312 reward_loss:  -86.6015625
epoch:  2 batch:  50 region_loss:  10.0 10.0 loc_loss:  1.7744784545898438 reward_loss:  -88.72332000732422
epoch:  2 batch:  60 region_loss:  10.0 10.0 loc_loss:  1.7481411743164061 reward_loss:  -87.40601348876953
epoch:  2 batch:  70 region_loss:  10.0 10.0 loc_loss:  1.7525868225097656 reward_loss:  -87.62710571289062
epoch:  2 batch:  80 region_loss:  10.0 10.0 loc_loss:  1.7327822875976562 reward_loss:  -86.6397705078125
epoch:  2 batch:  90 region_loss:  6.0 6.0 loc_loss:  1.0387638854980468 reward_loss:  -51.93611145019531
epoch:  2 batch:  100 region_loss:  8.0 8.0 loc_loss:  1.3738040161132812 reward_loss:  -68.6922378540039
epoch:  2 batch:  110 region_loss:  4.0 4.0 loc_loss:  0.6996366119384766 reward_loss:  -34.98139190673828
epoch:  2 batch:  120 region_loss:  5.0 5.0 loc_loss:  0.8636251831054688 reward_loss:  -43.18115997314453
epoch:  2 batch:  130 region_loss:  7.0 7.0 loc_loss:  1.205511474609375 reward_loss:  -60.272499084472656
acc@1:  0.03339604891815616
epoch: 2 region loss 0.17051094890510948 loc loss 1.477585079443716 reward loss -73.87926705910341
epoch:  3 batch:  0 region_loss:  10.0 10.0 loc_loss:  1.6821310424804687 reward_loss:  -84.10813903808594
epoch:  3 batch:  10 region_loss:  10.0 10.0 loc_loss:  1.6721539306640625 reward_loss:  -83.60810852050781
epoch:  3 batch:  20 region_loss:  10.0 10.0 loc_loss:  1.6500357055664063 reward_loss:  -82.50078582763672
epoch:  3 batch:  30 region_loss:  10.0 10.0 loc_loss:  1.6917927551269532 reward_loss:  -84.58847045898438
epoch:  3 batch:  40 region_loss:  10.0 10.0 loc_loss:  1.6522071838378907 reward_loss:  -82.61093139648438
epoch:  3 batch:  50 region_loss:  10.0 10.0 loc_loss:  1.7017147827148438 reward_loss:  -85.0855712890625
epoch:  3 batch:  60 region_loss:  10.0 10.0 loc_loss:  1.6804913330078124 reward_loss:  -84.0259780883789
epoch:  3 batch:  70 region_loss:  10.0 10.0 loc_loss:  1.6809735107421875 reward_loss:  -84.04859924316406
epoch:  3 batch:  80 region_loss:  10.0 10.0 loc_loss:  1.6719296264648438 reward_loss:  -83.59603118896484
epoch:  3 batch:  90 region_loss:  6.0 6.0 loc_loss:  1.004821548461914 reward_loss:  -50.24047088623047
epoch:  3 batch:  100 region_loss:  8.0 8.0 loc_loss:  1.3257121276855468 reward_loss:  -66.28630065917969
epoch:  3 batch:  110 region_loss:  4.0 4.0 loc_loss:  0.6788186645507812 reward_loss:  -33.939918518066406
epoch:  3 batch:  120 region_loss:  5.0 5.0 loc_loss:  0.8386770629882813 reward_loss:  -41.93260955810547
epoch:  3 batch:  130 region_loss:  7.0 7.0 loc_loss:  1.1722279357910157 reward_loss:  -58.60964584350586
acc@1:  0.04233301975540922
epoch: 3 region loss 0.17051094890510948 loc loss 1.4150139100012118 reward loss -70.75060163623225
epoch:  4 batch:  0 region_loss:  10.0 10.0 loc_loss:  1.6372254943847657 reward_loss:  -81.85934448242188
epoch:  4 batch:  10 region_loss:  10.0 10.0 loc_loss:  1.6292349243164062 reward_loss:  -81.46057891845703
epoch:  4 batch:  20 region_loss:  10.0 10.0 loc_loss:  1.5867547607421875 reward_loss:  -79.33821105957031
epoch:  4 batch:  30 region_loss:  10.0 10.0 loc_loss:  1.6379364013671875 reward_loss:  -81.8964614868164
epoch:  4 batch:  40 region_loss:  10.0 10.0 loc_loss:  1.5958973693847656 reward_loss:  -79.79540252685547
epoch:  4 batch:  50 region_loss:  10.0 10.0 loc_loss:  1.6433624267578124 reward_loss:  -82.16812896728516
epoch:  4 batch:  60 region_loss:  10.0 10.0 loc_loss:  1.6278443908691407 reward_loss:  -81.39338684082031
epoch:  4 batch:  70 region_loss:  10.0 10.0 loc_loss:  1.6196257019042968 reward_loss:  -80.97916412353516
epoch:  4 batch:  80 region_loss:  10.0 10.0 loc_loss:  1.6204713439941407 reward_loss:  -81.02356719970703
epoch:  4 batch:  90 region_loss:  6.0 6.0 loc_loss:  0.9756481170654296 reward_loss:  -48.78241729736328
epoch:  4 batch:  100 region_loss:  8.0 8.0 loc_loss:  1.2809848022460937 reward_loss:  -64.04924011230469
epoch:  4 batch:  110 region_loss:  4.0 4.0 loc_loss:  0.6606610107421875 reward_loss:  -33.03305435180664
epoch:  4 batch:  120 region_loss:  5.0 5.0 loc_loss:  0.8142216491699219 reward_loss:  -40.71159362792969
epoch:  4 batch:  130 region_loss:  7.0 7.0 loc_loss:  1.1397134399414062 reward_loss:  -56.98585510253906
acc@1:  0.05221072436500471
epoch: 4 region loss 0.17051094890510948 loc loss 1.3660679281192976 reward loss -68.303382093889
epoch:  5 batch:  0 region_loss:  10.0 10.0 loc_loss:  1.5880474853515625 reward_loss:  -79.40290832519531
epoch:  5 batch:  10 region_loss:  10.0 10.0 loc_loss:  1.5845451354980469 reward_loss:  -79.22724914550781
epoch:  5 batch:  20 region_loss:  10.0 10.0 loc_loss:  1.522731475830078 reward_loss:  -76.13693237304688
epoch:  5 batch:  30 region_loss:  10.0 10.0 loc_loss:  1.5837214660644532 reward_loss:  -79.18606567382812
epoch:  5 batch:  40 region_loss:  10.0 10.0 loc_loss:  1.5420281982421875 reward_loss:  -77.10140228271484
epoch:  5 batch:  50 region_loss:  10.0 10.0 loc_loss:  1.5859674072265626 reward_loss:  -79.2983627319336
epoch:  5 batch:  60 region_loss:  10.0 10.0 loc_loss:  1.5745518493652344 reward_loss:  -78.7273178100586
epoch:  5 batch:  70 region_loss:  10.0 10.0 loc_loss:  1.558829803466797 reward_loss:  -77.94332122802734
epoch:  5 batch:  80 region_loss:  10.0 10.0 loc_loss:  1.5693641662597657 reward_loss:  -78.46820831298828
epoch:  5 batch:  90 region_loss:  6.0 6.0 loc_loss:  0.9463094329833984 reward_loss:  -47.3155517578125
epoch:  5 batch:  100 region_loss:  8.0 8.0 loc_loss:  1.2340313720703124 reward_loss:  -61.701560974121094
epoch:  5 batch:  110 region_loss:  4.0 4.0 loc_loss:  0.6422047424316406 reward_loss:  -32.110477447509766
epoch:  5 batch:  120 region_loss:  5.0 5.0 loc_loss:  0.7877056121826171 reward_loss:  -39.385276794433594
epoch:  5 batch:  130 region_loss:  7.0 7.0 loc_loss:  1.105145721435547 reward_loss:  -55.257286071777344
acc@1:  0.057855126999059266
epoch: 5 region loss 0.17051094890510948 loc loss 1.3167025213868078 reward loss -65.83517282026527
epoch:  6 batch:  0 region_loss:  10.0 10.0 loc_loss:  1.53375 reward_loss:  -76.6875
epoch:  6 batch:  10 region_loss:  10.0 10.0 loc_loss:  1.5353279113769531 reward_loss:  -76.76639556884766
epoch:  6 batch:  20 region_loss:  10.0 10.0 loc_loss:  1.4550993347167969 reward_loss:  -72.75496673583984
epoch:  6 batch:  30 region_loss:  10.0 10.0 loc_loss:  1.5247743225097656 reward_loss:  -76.2387924194336
epoch:  6 batch:  40 region_loss:  10.0 10.0 loc_loss:  1.4863885498046876 reward_loss:  -74.31942749023438
epoch:  6 batch:  50 region_loss:  10.0 10.0 loc_loss:  1.5256369018554687 reward_loss:  -76.2818374633789
epoch:  6 batch:  60 region_loss:  10.0 10.0 loc_loss:  1.5179978942871093 reward_loss:  -75.90030670166016
epoch:  6 batch:  70 region_loss:  10.0 10.0 loc_loss:  1.4950540161132813 reward_loss:  -74.75382995605469
epoch:  6 batch:  80 region_loss:  10.0 10.0 loc_loss:  1.5155487060546875 reward_loss:  -75.77743530273438
epoch:  6 batch:  90 region_loss:  6.0 6.0 loc_loss:  0.9156407928466797 reward_loss:  -45.78276443481445
epoch:  6 batch:  100 region_loss:  8.0 8.0 loc_loss:  1.1829769134521484 reward_loss:  -59.14884948730469
epoch:  6 batch:  110 region_loss:  4.0 4.0 loc_loss:  0.62305419921875 reward_loss:  -31.152706146240234
epoch:  6 batch:  120 region_loss:  5.0 5.0 loc_loss:  0.7591139221191406 reward_loss:  -37.955692291259766
epoch:  6 batch:  130 region_loss:  7.0 7.0 loc_loss:  1.067635726928711 reward_loss:  -53.381778717041016
acc@1:  0.07243650047036689
epoch: 6 region loss 0.17051094890510948 loc loss 1.264367809991767 reward loss -63.21842022359806
epoch:  7 batch:  0 region_loss:  10.0 10.0 loc_loss:  1.473802490234375 reward_loss:  -73.69010925292969
epoch:  7 batch:  10 region_loss:  10.0 10.0 loc_loss:  1.4803089904785156 reward_loss:  -74.01544189453125
epoch:  7 batch:  20 region_loss:  10.0 10.0 loc_loss:  1.3832101440429687 reward_loss:  -69.16050720214844
epoch:  7 batch:  30 region_loss:  10.0 10.0 loc_loss:  1.4608953857421876 reward_loss:  -73.04476928710938
epoch:  7 batch:  40 region_loss:  10.0 10.0 loc_loss:  1.4291307067871093 reward_loss:  -71.45654296875
epoch:  7 batch:  50 region_loss:  10.0 10.0 loc_loss:  1.4606849670410156 reward_loss:  -73.03425598144531
epoch:  7 batch:  60 region_loss:  10.0 10.0 loc_loss:  1.4578634643554687 reward_loss:  -72.89373779296875
epoch:  7 batch:  70 region_loss:  10.0 10.0 loc_loss:  1.4265060424804688 reward_loss:  -71.32530212402344
epoch:  7 batch:  80 region_loss:  10.0 10.0 loc_loss:  1.4582437133789063 reward_loss:  -72.91218566894531
epoch:  7 batch:  90 region_loss:  6.0 6.0 loc_loss:  0.883033676147461 reward_loss:  -44.15327835083008
epoch:  7 batch:  100 region_loss:  8.0 8.0 loc_loss:  1.1283658599853517 reward_loss:  -56.41828918457031
epoch:  7 batch:  110 region_loss:  4.0 4.0 loc_loss:  0.6027805709838867 reward_loss:  -30.13903045654297
epoch:  7 batch:  120 region_loss:  5.0 5.0 loc_loss:  0.7282540130615235 reward_loss:  -36.412696838378906
epoch:  7 batch:  130 region_loss:  7.0 7.0 loc_loss:  1.0278519439697265 reward_loss:  -51.39259719848633
acc@1:  0.08372530573847602
epoch: 7 region loss 0.17051094890510948 loc loss 1.2087264363087007 reward loss -60.436332619103204
epoch:  8 batch:  0 region_loss:  10.0 10.0 loc_loss:  1.4087644958496093 reward_loss:  -70.43822479248047
epoch:  8 batch:  10 region_loss:  10.0 10.0 loc_loss:  1.4193121337890624 reward_loss:  -70.96561431884766
epoch:  8 batch:  20 region_loss:  10.0 10.0 loc_loss:  1.308304443359375 reward_loss:  -65.41522216796875
epoch:  8 batch:  30 region_loss:  10.0 10.0 loc_loss:  1.3924540710449218 reward_loss:  -69.6227035522461
epoch:  8 batch:  40 region_loss:  10.0 10.0 loc_loss:  1.37197509765625 reward_loss:  -68.5987548828125
epoch:  8 batch:  50 region_loss:  10.0 10.0 loc_loss:  1.390853271484375 reward_loss:  -69.54266357421875
epoch:  8 batch:  60 region_loss:  10.0 10.0 loc_loss:  1.3945527648925782 reward_loss:  -69.72863006591797
epoch:  8 batch:  70 region_loss:  10.0 10.0 loc_loss:  1.3541806030273438 reward_loss:  -67.70902252197266
epoch:  8 batch:  80 region_loss:  10.0 10.0 loc_loss:  1.39731201171875 reward_loss:  -69.86558532714844
epoch:  8 batch:  90 region_loss:  6.0 6.0 loc_loss:  0.8495509338378906 reward_loss:  -42.47582244873047
epoch:  8 batch:  100 region_loss:  8.0 8.0 loc_loss:  1.07095947265625 reward_loss:  -53.5479736328125
epoch:  8 batch:  110 region_loss:  4.0 4.0 loc_loss:  0.581941032409668 reward_loss:  -29.0970516204834
epoch:  8 batch:  120 region_loss:  5.0 5.0 loc_loss:  0.6959498596191406 reward_loss:  -34.797489166259766
epoch:  8 batch:  130 region_loss:  7.0 7.0 loc_loss:  0.9858882141113281 reward_loss:  -49.294403076171875
acc@1:  0.09454374412041393
epoch: 8 region loss 0.17051094890510948 loc loss 1.1507118278002217 reward loss -57.53558016867533
epoch:  9 batch:  0 region_loss:  10.0 10.0 loc_loss:  1.3392556762695313 reward_loss:  -66.96277618408203
epoch:  9 batch:  10 region_loss:  10.0 10.0 loc_loss:  1.3537741088867188 reward_loss:  -67.68871307373047
epoch:  9 batch:  20 region_loss:  10.0 10.0 loc_loss:  1.232496337890625 reward_loss:  -61.624813079833984
epoch:  9 batch:  30 region_loss:  10.0 10.0 loc_loss:  1.3207737731933593 reward_loss:  -66.0386962890625
epoch:  9 batch:  40 region_loss:  10.0 10.0 loc_loss:  1.3158174133300782 reward_loss:  -65.7908706665039
epoch:  9 batch:  50 region_loss:  10.0 10.0 loc_loss:  1.317574005126953 reward_loss:  -65.87870788574219
epoch:  9 batch:  60 region_loss:  10.0 10.0 loc_loss:  1.32982421875 reward_loss:  -66.4912109375
epoch:  9 batch:  70 region_loss:  10.0 10.0 loc_loss:  1.2800650024414062 reward_loss:  -64.00325775146484
epoch:  9 batch:  80 region_loss:  10.0 10.0 loc_loss:  1.3348146057128907 reward_loss:  -66.74072265625
epoch:  9 batch:  90 region_loss:  6.0 6.0 loc_loss:  0.8149409484863281 reward_loss:  -40.747047424316406
epoch:  9 batch:  100 region_loss:  8.0 8.0 loc_loss:  1.012986602783203 reward_loss:  -50.649330139160156
epoch:  9 batch:  110 region_loss:  4.0 4.0 loc_loss:  0.5601457214355469 reward_loss:  -28.00728416442871
epoch:  9 batch:  120 region_loss:  5.0 5.0 loc_loss:  0.6629647827148437 reward_loss:  -33.14823913574219
epoch:  9 batch:  130 region_loss:  7.0 7.0 loc_loss:  0.9428752136230468 reward_loss:  -47.14375686645508
acc@1:  0.10865475070555033
epoch: 9 region loss 0.17051094890510948 loc loss 1.0918563124385192 reward loss -54.59281889365538
epoch:  10 batch:  0 region_loss:  10.0 10.0 loc_loss:  1.2669702911376952 reward_loss:  -63.34851837158203
epoch:  10 batch:  10 region_loss:  10.0 10.0 loc_loss:  1.2851861572265626 reward_loss:  -64.25930786132812
epoch:  10 batch:  20 region_loss:  10.0 10.0 loc_loss:  1.1575677490234375 reward_loss:  -57.87838363647461
epoch:  10 batch:  30 region_loss:  10.0 10.0 loc_loss:  1.2479732513427735 reward_loss:  -62.39866638183594
epoch:  10 batch:  40 region_loss:  10.0 10.0 loc_loss:  1.261623077392578 reward_loss:  -63.08115005493164
epoch:  10 batch:  50 region_loss:  10.0 10.0 loc_loss:  1.2425002288818359 reward_loss:  -62.12501525878906
epoch:  10 batch:  60 region_loss:  10.0 10.0 loc_loss:  1.2654082489013672 reward_loss:  -63.27041244506836
epoch:  10 batch:  70 region_loss:  10.0 10.0 loc_loss:  1.2059446716308593 reward_loss:  -60.29723358154297
epoch:  10 batch:  80 region_loss:  10.0 10.0 loc_loss:  1.271986083984375 reward_loss:  -63.59929656982422
epoch:  10 batch:  90 region_loss:  6.0 6.0 loc_loss:  0.779625244140625 reward_loss:  -38.98126220703125
epoch:  10 batch:  100 region_loss:  8.0 8.0 loc_loss:  0.9563497161865234 reward_loss:  -47.818111419677734
epoch:  10 batch:  110 region_loss:  4.0 4.0 loc_loss:  0.5380599975585938 reward_loss:  -26.902996063232422
epoch:  10 batch:  120 region_loss:  5.0 5.0 loc_loss:  0.630035514831543 reward_loss:  -31.50177574157715
epoch:  10 batch:  130 region_loss:  7.0 7.0 loc_loss:  0.8994142913818359 reward_loss:  -44.9707145690918
acc@1:  0.11712135465663218
epoch: 10 region loss 0.17051094890510948 loc loss 1.0336441143063733 reward loss -51.68220919588187
epoch:  11 batch:  0 region_loss:  10.0 10.0 loc_loss:  1.1936154174804687 reward_loss:  -59.6807746887207
epoch:  11 batch:  10 region_loss:  10.0 10.0 loc_loss:  1.2161183166503906 reward_loss:  -60.805908203125
epoch:  11 batch:  20 region_loss:  10.0 10.0 loc_loss:  1.0852998352050782 reward_loss:  -54.26498794555664
epoch:  11 batch:  30 region_loss:  10.0 10.0 loc_loss:  1.1754989624023438 reward_loss:  -58.77494812011719
epoch:  11 batch:  40 region_loss:  10.0 10.0 loc_loss:  1.208152313232422 reward_loss:  -60.407615661621094
epoch:  11 batch:  50 region_loss:  10.0 10.0 loc_loss:  1.1680387878417968 reward_loss:  -58.401939392089844
epoch:  11 batch:  60 region_loss:  10.0 10.0 loc_loss:  1.202223434448242 reward_loss:  -60.111175537109375
epoch:  11 batch:  70 region_loss:  10.0 10.0 loc_loss:  1.135105972290039 reward_loss:  -56.75529479980469
epoch:  11 batch:  80 region_loss:  10.0 10.0 loc_loss:  1.2110057830810548 reward_loss:  -60.55028533935547
epoch:  11 batch:  90 region_loss:  6.0 6.0 loc_loss:  0.744688720703125 reward_loss:  -37.23443603515625
epoch:  11 batch:  100 region_loss:  8.0 8.0 loc_loss:  0.9012986755371094 reward_loss:  -45.06493377685547
epoch:  11 batch:  110 region_loss:  4.0 4.0 loc_loss:  0.5155455017089844 reward_loss:  -25.77727699279785
epoch:  11 batch:  120 region_loss:  5.0 5.0 loc_loss:  0.5977275848388672 reward_loss:  -29.886375427246094
epoch:  11 batch:  130 region_loss:  7.0 7.0 loc_loss:  0.8567500305175781 reward_loss:  -42.837501525878906
acc@1:  0.1218250235183443
epoch: 11 region loss 0.17051094890510948 loc loss 0.9774391029524978 reward loss -48.8719430213427
epoch:  12 batch:  0 region_loss:  10.0 10.0 loc_loss:  1.121800765991211 reward_loss:  -56.09003829956055
epoch:  12 batch:  10 region_loss:  10.0 10.0 loc_loss:  1.1480618286132813 reward_loss:  -57.40309143066406
epoch:  12 batch:  20 region_loss:  10.0 10.0 loc_loss:  1.0175732421875 reward_loss:  -50.87865447998047
epoch:  12 batch:  30 region_loss:  10.0 10.0 loc_loss:  1.1061590576171876 reward_loss:  -55.30794906616211
epoch:  12 batch:  40 region_loss:  10.0 10.0 loc_loss:  1.155106201171875 reward_loss:  -57.75530242919922
epoch:  12 batch:  50 region_loss:  10.0 10.0 loc_loss:  1.0960986328125 reward_loss:  -54.804931640625
epoch:  12 batch:  60 region_loss:  10.0 10.0 loc_loss:  1.1408356475830077 reward_loss:  -57.041778564453125
epoch:  12 batch:  70 region_loss:  10.0 10.0 loc_loss:  1.0684084320068359 reward_loss:  -53.4204216003418
epoch:  12 batch:  80 region_loss:  10.0 10.0 loc_loss:  1.153181686401367 reward_loss:  -57.659088134765625
epoch:  12 batch:  90 region_loss:  6.0 6.0 loc_loss:  0.7105872344970703 reward_loss:  -35.529361724853516
epoch:  12 batch:  100 region_loss:  8.0 8.0 loc_loss:  0.8499177551269531 reward_loss:  -42.49588394165039
epoch:  12 batch:  110 region_loss:  4.0 4.0 loc_loss:  0.49301082611083985 reward_loss:  -24.65053939819336
epoch:  12 batch:  120 region_loss:  5.0 5.0 loc_loss:  0.5665584564208984 reward_loss:  -28.32792091369629
epoch:  12 batch:  130 region_loss:  7.0 7.0 loc_loss:  0.8150770568847656 reward_loss:  -40.75385284423828
acc@1:  0.1288805268109125
epoch: 12 region loss 0.17051094890510948 loc loss 0.9241089273717281 reward loss -46.20544553325124
epoch:  13 batch:  0 region_loss:  10.0 10.0 loc_loss:  1.0536283874511718 reward_loss:  -52.681419372558594
epoch:  13 batch:  10 region_loss:  10.0 10.0 loc_loss:  1.0825777435302735 reward_loss:  -54.128883361816406
epoch:  13 batch:  20 region_loss:  10.0 10.0 loc_loss:  0.9552635955810547 reward_loss:  -47.76317596435547
epoch:  13 batch:  30 region_loss:  10.0 10.0 loc_loss:  1.040323486328125 reward_loss:  -52.016178131103516
epoch:  13 batch:  40 region_loss:  10.0 10.0 loc_loss:  1.103969192504883 reward_loss:  -55.19845962524414
epoch:  13 batch:  50 region_loss:  10.0 10.0 loc_loss:  1.0287708282470702 reward_loss:  -51.438541412353516
epoch:  13 batch:  60 region_loss:  10.0 10.0 loc_loss:  1.0816682434082032 reward_loss:  -54.08341598510742
epoch:  13 batch:  70 region_loss:  10.0 10.0 loc_loss:  1.007166061401367 reward_loss:  -50.358299255371094
epoch:  13 batch:  80 region_loss:  10.0 10.0 loc_loss:  1.0989215087890625 reward_loss:  -54.94607162475586
epoch:  13 batch:  90 region_loss:  6.0 6.0 loc_loss:  0.6775096893310547 reward_loss:  -33.875484466552734
epoch:  13 batch:  100 region_loss:  8.0 8.0 loc_loss:  0.8023043060302735 reward_loss:  -40.11521530151367
epoch:  13 batch:  110 region_loss:  4.0 4.0 loc_loss:  0.4709408569335938 reward_loss:  -23.54704475402832
epoch:  13 batch:  120 region_loss:  5.0 5.0 loc_loss:  0.5369543838500976 reward_loss:  -26.84771728515625
epoch:  13 batch:  130 region_loss:  7.0 7.0 loc_loss:  0.7752944946289062 reward_loss:  -38.76472473144531
acc@1:  0.12982126058325494
epoch: 13 region loss 0.17051094890510948 loc loss 0.874304298623635 reward loss -43.7152139705463
epoch:  14 batch:  0 region_loss:  10.0 10.0 loc_loss:  0.9910256958007813 reward_loss:  -49.55128479003906
epoch:  14 batch:  10 region_loss:  10.0 10.0 loc_loss:  1.0213877868652343 reward_loss:  -51.06938552856445
epoch:  14 batch:  20 region_loss:  10.0 10.0 loc_loss:  0.8990616607666015 reward_loss:  -44.95307922363281
epoch:  14 batch:  30 region_loss:  10.0 10.0 loc_loss:  0.9794862365722656 reward_loss:  -48.97430419921875
epoch:  14 batch:  40 region_loss:  10.0 10.0 loc_loss:  1.055356216430664 reward_loss:  -52.7678108215332
epoch:  14 batch:  50 region_loss:  10.0 10.0 loc_loss:  0.966631851196289 reward_loss:  -48.33159255981445
epoch:  14 batch:  60 region_loss:  10.0 10.0 loc_loss:  1.0254344177246093 reward_loss:  -51.27172088623047
epoch:  14 batch:  70 region_loss:  10.0 10.0 loc_loss:  0.9516023254394531 reward_loss:  -47.580116271972656
epoch:  14 batch:  80 region_loss:  10.0 10.0 loc_loss:  1.0475516510009766 reward_loss:  -52.377586364746094
epoch:  14 batch:  90 region_loss:  6.0 6.0 loc_loss:  0.646253433227539 reward_loss:  -32.31266784667969
epoch:  14 batch:  100 region_loss:  8.0 8.0 loc_loss:  0.7589751434326172 reward_loss:  -37.94875717163086
epoch:  14 batch:  110 region_loss:  4.0 4.0 loc_loss:  0.44919544219970703 reward_loss:  -22.45977210998535
epoch:  14 batch:  120 region_loss:  5.0 5.0 loc_loss:  0.5085872268676758 reward_loss:  -25.42936134338379
epoch:  14 batch:  130 region_loss:  7.0 7.0 loc_loss:  0.7379356384277344 reward_loss:  -36.89678192138672
acc@1:  0.13123236124176857
epoch: 14 region loss 0.17051094890510948 loc loss 0.8281611393838033 reward loss -41.40805620346626
epoch:  15 batch:  0 region_loss:  10.0 10.0 loc_loss:  0.9339111328125 reward_loss:  -46.695552825927734
epoch:  15 batch:  10 region_loss:  10.0 10.0 loc_loss:  0.9650225830078125 reward_loss:  -48.25113296508789
epoch:  15 batch:  20 region_loss:  10.0 10.0 loc_loss:  0.8498622131347656 reward_loss:  -42.49311447143555
epoch:  15 batch:  30 region_loss:  10.0 10.0 loc_loss:  0.9240196990966797 reward_loss:  -46.20097351074219
epoch:  15 batch:  40 region_loss:  10.0 10.0 loc_loss:  1.0096980285644532 reward_loss:  -50.484901428222656
epoch:  15 batch:  50 region_loss:  10.0 10.0 loc_loss:  0.9093307495117188 reward_loss:  -45.46653366088867
epoch:  15 batch:  60 region_loss:  10.0 10.0 loc_loss:  0.9725157165527344 reward_loss:  -48.62578582763672
epoch:  15 batch:  70 region_loss:  10.0 10.0 loc_loss:  0.9012150573730469 reward_loss:  -45.060752868652344
epoch:  15 batch:  80 region_loss:  10.0 10.0 loc_loss:  0.9993550109863282 reward_loss:  -49.96774673461914
epoch:  15 batch:  90 region_loss:  6.0 6.0 loc_loss:  0.6167784881591797 reward_loss:  -30.838924407958984
epoch:  15 batch:  100 region_loss:  8.0 8.0 loc_loss:  0.7200969696044922 reward_loss:  -36.00484848022461
epoch:  15 batch:  110 region_loss:  4.0 4.0 loc_loss:  0.4281646347045898 reward_loss:  -21.408233642578125
epoch:  15 batch:  120 region_loss:  5.0 5.0 loc_loss:  0.4818318939208984 reward_loss:  -24.091590881347656
epoch:  15 batch:  130 region_loss:  7.0 7.0 loc_loss:  0.7030123138427734 reward_loss:  -35.150611877441406
acc@1:  0.13358419567262464
epoch: 15 region loss 0.17051094890510948 loc loss 0.7857363966781727 reward loss -39.286818817584184
epoch:  16 batch:  0 region_loss:  10.0 10.0 loc_loss:  0.8825328063964843 reward_loss:  -44.12664031982422
epoch:  16 batch:  10 region_loss:  10.0 10.0 loc_loss:  0.9141818237304687 reward_loss:  -45.70909118652344
epoch:  16 batch:  20 region_loss:  10.0 10.0 loc_loss:  0.8061861419677734 reward_loss:  -40.309303283691406
epoch:  16 batch:  30 region_loss:  10.0 10.0 loc_loss:  0.8736385345458985 reward_loss:  -43.68192672729492
epoch:  16 batch:  40 region_loss:  10.0 10.0 loc_loss:  0.9672025299072265 reward_loss:  -48.360130310058594
epoch:  16 batch:  50 region_loss:  10.0 10.0 loc_loss:  0.8577660369873047 reward_loss:  -42.888301849365234
epoch:  16 batch:  60 region_loss:  10.0 10.0 loc_loss:  0.9234607696533204 reward_loss:  -46.17303466796875
epoch:  16 batch:  70 region_loss:  10.0 10.0 loc_loss:  0.8557582092285156 reward_loss:  -42.78791427612305
epoch:  16 batch:  80 region_loss:  10.0 10.0 loc_loss:  0.9536825561523438 reward_loss:  -47.68412399291992
epoch:  16 batch:  90 region_loss:  6.0 6.0 loc_loss:  0.5889087677001953 reward_loss:  -29.445438385009766
epoch:  16 batch:  100 region_loss:  8.0 8.0 loc_loss:  0.6849647521972656 reward_loss:  -34.24823760986328
epoch:  16 batch:  110 region_loss:  4.0 4.0 loc_loss:  0.4079816436767578 reward_loss:  -20.39908218383789
epoch:  16 batch:  120 region_loss:  5.0 5.0 loc_loss:  0.4563097763061523 reward_loss:  -22.81549072265625
epoch:  16 batch:  130 region_loss:  7.0 7.0 loc_loss:  0.6702601623535156 reward_loss:  -33.51300811767578
acc@1:  0.13687676387582315
epoch: 16 region loss 0.17051094890510948 loc loss 0.7467871374979507 reward loss -37.33935666606374
epoch:  17 batch:  0 region_loss:  10.0 10.0 loc_loss:  0.8358302307128906 reward_loss:  -41.79151153564453
epoch:  17 batch:  10 region_loss:  10.0 10.0 loc_loss:  0.868039321899414 reward_loss:  -43.40196990966797
epoch:  17 batch:  20 region_loss:  10.0 10.0 loc_loss:  0.7674484252929688 reward_loss:  -38.3724250793457
epoch:  17 batch:  30 region_loss:  10.0 10.0 loc_loss:  0.8279403686523438 reward_loss:  -41.39701843261719
epoch:  17 batch:  40 region_loss:  10.0 10.0 loc_loss:  0.927322998046875 reward_loss:  -46.36614990234375
epoch:  17 batch:  50 region_loss:  10.0 10.0 loc_loss:  0.8115020751953125 reward_loss:  -40.575103759765625
epoch:  17 batch:  60 region_loss:  10.0 10.0 loc_loss:  0.8777600860595703 reward_loss:  -43.888004302978516
epoch:  17 batch:  70 region_loss:  10.0 10.0 loc_loss:  0.8149180603027344 reward_loss:  -40.74590301513672
epoch:  17 batch:  80 region_loss:  10.0 10.0 loc_loss:  0.9109767150878906 reward_loss:  -45.54883575439453
epoch:  17 batch:  90 region_loss:  6.0 6.0 loc_loss:  0.5625067138671875 reward_loss:  -28.125337600708008
epoch:  17 batch:  100 region_loss:  8.0 8.0 loc_loss:  0.6523739624023438 reward_loss:  -32.61869812011719
epoch:  17 batch:  110 region_loss:  4.0 4.0 loc_loss:  0.3884394073486328 reward_loss:  -19.421968460083008
epoch:  17 batch:  120 region_loss:  5.0 5.0 loc_loss:  0.43211750030517576 reward_loss:  -21.605873107910156
epoch:  17 batch:  130 region_loss:  7.0 7.0 loc_loss:  0.6396744918823242 reward_loss:  -31.983722686767578
acc@1:  0.13922859830667922
epoch: 17 region loss 0.17051094890510948 loc loss 0.710989791424605 reward loss -35.54948888207874
epoch:  18 batch:  0 region_loss:  10.0 10.0 loc_loss:  0.7930405426025391 reward_loss:  -39.65203094482422
epoch:  18 batch:  10 region_loss:  10.0 10.0 loc_loss:  0.8262801361083985 reward_loss:  -41.31400680541992
epoch:  18 batch:  20 region_loss:  10.0 10.0 loc_loss:  0.7322372436523438 reward_loss:  -36.61186218261719
epoch:  18 batch:  30 region_loss:  10.0 10.0 loc_loss:  0.7860874938964844 reward_loss:  -39.30436706542969
epoch:  18 batch:  40 region_loss:  10.0 10.0 loc_loss:  0.8906742858886719 reward_loss:  -44.533714294433594
epoch:  18 batch:  50 region_loss:  10.0 10.0 loc_loss:  0.7695399475097656 reward_loss:  -38.47700119018555
epoch:  18 batch:  60 region_loss:  10.0 10.0 loc_loss:  0.8347848510742187 reward_loss:  -41.739234924316406
epoch:  18 batch:  70 region_loss:  10.0 10.0 loc_loss:  0.7770010375976563 reward_loss:  -38.85005569458008
epoch:  18 batch:  80 region_loss:  10.0 10.0 loc_loss:  0.8703872680664062 reward_loss:  -43.51936340332031
epoch:  18 batch:  90 region_loss:  6.0 6.0 loc_loss:  0.5375223541259766 reward_loss:  -26.87611961364746
epoch:  18 batch:  100 region_loss:  8.0 8.0 loc_loss:  0.6226214599609375 reward_loss:  -31.131072998046875
epoch:  18 batch:  110 region_loss:  4.0 4.0 loc_loss:  0.37009387969970703 reward_loss:  -18.504695892333984
epoch:  18 batch:  120 region_loss:  5.0 5.0 loc_loss:  0.40926944732666015 reward_loss:  -20.463472366333008
epoch:  18 batch:  130 region_loss:  7.0 7.0 loc_loss:  0.6108084106445313 reward_loss:  -30.540420532226562
acc@1:  0.14111006585136407
epoch: 18 region loss 0.17051094890510948 loc loss 0.6779418264514337 reward loss -33.89709078656496
epoch:  19 batch:  0 region_loss:  10.0 10.0 loc_loss:  0.7539803314208985 reward_loss:  -37.69901657104492
epoch:  19 batch:  10 region_loss:  10.0 10.0 loc_loss:  0.787783432006836 reward_loss:  -39.38916778564453
epoch:  19 batch:  20 region_loss:  10.0 10.0 loc_loss:  0.7005020904541016 reward_loss:  -35.025108337402344
epoch:  19 batch:  30 region_loss:  10.0 10.0 loc_loss:  0.7474765014648438 reward_loss:  -37.37382507324219
epoch:  19 batch:  40 region_loss:  10.0 10.0 loc_loss:  0.856240234375 reward_loss:  -42.81201171875
epoch:  19 batch:  50 region_loss:  10.0 10.0 loc_loss:  0.7316875457763672 reward_loss:  -36.584381103515625
epoch:  19 batch:  60 region_loss:  10.0 10.0 loc_loss:  0.7943453216552734 reward_loss:  -39.717262268066406
epoch:  19 batch:  70 region_loss:  10.0 10.0 loc_loss:  0.7419379425048828 reward_loss:  -37.09689712524414
epoch:  19 batch:  80 region_loss:  10.0 10.0 loc_loss:  0.8323023986816406 reward_loss:  -41.6151237487793
epoch:  19 batch:  90 region_loss:  6.0 6.0 loc_loss:  0.5139931106567383 reward_loss:  -25.699655532836914
epoch:  19 batch:  100 region_loss:  8.0 8.0 loc_loss:  0.5946409225463867 reward_loss:  -29.732046127319336
epoch:  19 batch:  110 region_loss:  4.0 4.0 loc_loss:  0.35246177673339846 reward_loss:  -17.623090744018555
epoch:  19 batch:  120 region_loss:  5.0 5.0 loc_loss:  0.3875754928588867 reward_loss:  -19.378772735595703
epoch:  19 batch:  130 region_loss:  7.0 7.0 loc_loss:  0.5833509826660156 reward_loss:  -29.16754722595215
acc@1:  0.14063969896519285
epoch: 19 region loss 0.17051094890510948 loc loss 0.6472661488943726 reward loss -32.363307068817804
epoch:  20 batch:  0 region_loss:  10.0 10.0 loc_loss:  0.7176127624511719 reward_loss:  -35.880638122558594
epoch:  20 batch:  10 region_loss:  10.0 10.0 loc_loss:  0.7514928436279297 reward_loss:  -37.574642181396484
epoch:  20 batch:  20 region_loss:  10.0 10.0 loc_loss:  0.671216049194336 reward_loss:  -33.56079864501953
epoch:  20 batch:  30 region_loss:  10.0 10.0 loc_loss:  0.7118087005615235 reward_loss:  -35.59043502807617
epoch:  20 batch:  40 region_loss:  10.0 10.0 loc_loss:  0.8240162658691407 reward_loss:  -41.20081329345703
epoch:  20 batch:  50 region_loss:  10.0 10.0 loc_loss:  0.6972761535644532 reward_loss:  -34.863807678222656
epoch:  20 batch:  60 region_loss:  10.0 10.0 loc_loss:  0.7562094879150391 reward_loss:  -37.81047058105469
epoch:  20 batch:  70 region_loss:  10.0 10.0 loc_loss:  0.7092140960693359 reward_loss:  -35.4607048034668
epoch:  20 batch:  80 region_loss:  10.0 10.0 loc_loss:  0.795996322631836 reward_loss:  -39.79981231689453
epoch:  20 batch:  90 region_loss:  6.0 6.0 loc_loss:  0.49177959442138675 reward_loss:  -24.58898162841797
epoch:  20 batch:  100 region_loss:  8.0 8.0 loc_loss:  0.5684166336059571 reward_loss:  -28.420833587646484
epoch:  20 batch:  110 region_loss:  4.0 4.0 loc_loss:  0.3356195068359375 reward_loss:  -16.780975341796875
epoch:  20 batch:  120 region_loss:  5.0 5.0 loc_loss:  0.36734832763671876 reward_loss:  -18.367414474487305
epoch:  20 batch:  130 region_loss:  7.0 7.0 loc_loss:  0.5572490692138672 reward_loss:  -27.862457275390625
acc@1:  0.13922859830667922
epoch: 20 region loss 0.17051094890510948 loc loss 0.6186519131347211 reward loss -30.932587846352234
epoch:  21 batch:  0 region_loss:  10.0 10.0 loc_loss:  0.6837645721435547 reward_loss:  -34.188228607177734
epoch:  21 batch:  10 region_loss:  10.0 10.0 loc_loss:  0.7176507568359375 reward_loss:  -35.882537841796875
epoch:  21 batch:  20 region_loss:  10.0 10.0 loc_loss:  0.644045639038086 reward_loss:  -32.2022819519043
epoch:  21 batch:  30 region_loss:  10.0 10.0 loc_loss:  0.6785447692871094 reward_loss:  -33.9272346496582
epoch:  21 batch:  40 region_loss:  10.0 10.0 loc_loss:  0.7933946228027344 reward_loss:  -39.66973114013672
epoch:  21 batch:  50 region_loss:  10.0 10.0 loc_loss:  0.6655290222167969 reward_loss:  -33.27644729614258
epoch:  21 batch:  60 region_loss:  10.0 10.0 loc_loss:  0.7200405883789063 reward_loss:  -36.00202941894531
epoch:  21 batch:  70 region_loss:  10.0 10.0 loc_loss:  0.6783399200439453 reward_loss:  -33.916996002197266
epoch:  21 batch:  80 region_loss:  10.0 10.0 loc_loss:  0.7614794158935547 reward_loss:  -38.073970794677734
epoch:  21 batch:  90 region_loss:  6.0 6.0 loc_loss:  0.47024749755859374 reward_loss:  -23.512374877929688
epoch:  21 batch:  100 region_loss:  8.0 8.0 loc_loss:  0.5432777786254883 reward_loss:  -27.163888931274414
epoch:  21 batch:  110 region_loss:  4.0 4.0 loc_loss:  0.319728946685791 reward_loss:  -15.98644733428955
epoch:  21 batch:  120 region_loss:  5.0 5.0 loc_loss:  0.34807720184326174 reward_loss:  -17.403860092163086
epoch:  21 batch:  130 region_loss:  7.0 7.0 loc_loss:  0.532337646484375 reward_loss:  -26.61688232421875
acc@1:  0.13734713076199437
epoch: 21 region loss 0.17051094890510948 loc loss 0.5917449564133247 reward loss -29.58724599685112
epoch:  22 batch:  0 region_loss:  10.0 10.0 loc_loss:  0.6517304229736328 reward_loss:  -32.58652114868164
epoch:  22 batch:  10 region_loss:  10.0 10.0 loc_loss:  0.6856322479248047 reward_loss:  -34.281612396240234
epoch:  22 batch:  20 region_loss:  10.0 10.0 loc_loss:  0.6186790084838867 reward_loss:  -30.933950424194336
epoch:  22 batch:  30 region_loss:  10.0 10.0 loc_loss:  0.6476970672607422 reward_loss:  -32.384849548339844
epoch:  22 batch:  40 region_loss:  10.0 10.0 loc_loss:  0.7646392059326171 reward_loss:  -38.231964111328125
epoch:  22 batch:  50 region_loss:  10.0 10.0 loc_loss:  0.6365154647827148 reward_loss:  -31.82577133178711
epoch:  22 batch:  60 region_loss:  10.0 10.0 loc_loss:  0.6858589935302735 reward_loss:  -34.29295349121094
epoch:  22 batch:  70 region_loss:  10.0 10.0 loc_loss:  0.6492470550537109 reward_loss:  -32.46235275268555
epoch:  22 batch:  80 region_loss:  10.0 10.0 loc_loss:  0.7284921264648437 reward_loss:  -36.42461013793945
epoch:  22 batch:  90 region_loss:  6.0 6.0 loc_loss:  0.4499459075927734 reward_loss:  -22.497291564941406
epoch:  22 batch:  100 region_loss:  8.0 8.0 loc_loss:  0.5195288467407226 reward_loss:  -25.976442337036133
epoch:  22 batch:  110 region_loss:  4.0 4.0 loc_loss:  0.304156551361084 reward_loss:  -15.2078275680542
epoch:  22 batch:  120 region_loss:  5.0 5.0 loc_loss:  0.3300743865966797 reward_loss:  -16.503721237182617
epoch:  22 batch:  130 region_loss:  7.0 7.0 loc_loss:  0.5083967971801758 reward_loss:  -25.419841766357422
acc@1:  0.1359360301034807
epoch: 22 region loss 0.17051094890510948 loc loss 0.5663201151102999 reward loss -28.31600540397811
epoch:  23 batch:  0 region_loss:  10.0 10.0 loc_loss:  0.6216120147705078 reward_loss:  -31.080598831176758
epoch:  23 batch:  10 region_loss:  10.0 10.0 loc_loss:  0.6555818176269531 reward_loss:  -32.77909469604492
epoch:  23 batch:  20 region_loss:  10.0 10.0 loc_loss:  0.5948087310791016 reward_loss:  -29.740434646606445
epoch:  23 batch:  30 region_loss:  10.0 10.0 loc_loss:  0.6178857421875 reward_loss:  -30.894287109375
epoch:  23 batch:  40 region_loss:  10.0 10.0 loc_loss:  0.7366229248046875 reward_loss:  -36.831146240234375
epoch:  23 batch:  50 region_loss:  10.0 10.0 loc_loss:  0.6093162155151367 reward_loss:  -30.46580696105957
epoch:  23 batch:  60 region_loss:  10.0 10.0 loc_loss:  0.6535684967041016 reward_loss:  -32.678428649902344
epoch:  23 batch:  70 region_loss:  10.0 10.0 loc_loss:  0.6212580490112305 reward_loss:  -31.062898635864258
epoch:  23 batch:  80 region_loss:  10.0 10.0 loc_loss:  0.6967049407958984 reward_loss:  -34.83524703979492
epoch:  23 batch:  90 region_loss:  6.0 6.0 loc_loss:  0.43078495025634767 reward_loss:  -21.53924560546875
epoch:  23 batch:  100 region_loss:  8.0 8.0 loc_loss:  0.4966801452636719 reward_loss:  -24.834007263183594
epoch:  23 batch:  110 region_loss:  4.0 4.0 loc_loss:  0.2893446731567383 reward_loss:  -14.467233657836914
epoch:  23 batch:  120 region_loss:  5.0 5.0 loc_loss:  0.312884578704834 reward_loss:  -15.6442289352417
epoch:  23 batch:  130 region_loss:  7.0 7.0 loc_loss:  0.4856431579589844 reward_loss:  -24.28215789794922
acc@1:  0.13358419567262464
epoch: 23 region loss 0.17051094890510948 loc loss 0.5421560574273994 reward loss -27.10780238409112
epoch:  24 batch:  0 region_loss:  10.0 10.0 loc_loss:  0.5931795120239258 reward_loss:  -29.658971786499023
epoch:  24 batch:  10 region_loss:  10.0 10.0 loc_loss:  0.6265714263916016 reward_loss:  -31.328569412231445
epoch:  24 batch:  20 region_loss:  10.0 10.0 loc_loss:  0.571962776184082 reward_loss:  -28.59813690185547
epoch:  24 batch:  30 region_loss:  10.0 10.0 loc_loss:  0.5900786972045898 reward_loss:  -29.503936767578125
epoch:  24 batch:  40 region_loss:  10.0 10.0 loc_loss:  0.7094175720214844 reward_loss:  -35.47087478637695
epoch:  24 batch:  50 region_loss:  10.0 10.0 loc_loss:  0.5837318801879883 reward_loss:  -29.186594009399414
epoch:  24 batch:  60 region_loss:  10.0 10.0 loc_loss:  0.6226373291015626 reward_loss:  -31.131868362426758
epoch:  24 batch:  70 region_loss:  10.0 10.0 loc_loss:  0.5948092651367187 reward_loss:  -29.740463256835938
epoch:  24 batch:  80 region_loss:  10.0 10.0 loc_loss:  0.66628173828125 reward_loss:  -33.314090728759766
epoch:  24 batch:  90 region_loss:  6.0 6.0 loc_loss:  0.41166015625 reward_loss:  -20.5830078125
epoch:  24 batch:  100 region_loss:  8.0 8.0 loc_loss:  0.4745046615600586 reward_loss:  -23.72523307800293
epoch:  24 batch:  110 region_loss:  4.0 4.0 loc_loss:  0.27529014587402345 reward_loss:  -13.764505386352539
epoch:  24 batch:  120 region_loss:  5.0 5.0 loc_loss:  0.2967991065979004 reward_loss:  -14.839956283569336
epoch:  24 batch:  130 region_loss:  7.0 7.0 loc_loss:  0.46338226318359377 reward_loss:  -23.169113159179688
acc@1:  0.1317027281279398
epoch: 24 region loss 0.17051094890510948 loc loss 0.5191155987064334 reward loss -25.955779517654086
epoch:  25 batch:  0 region_loss:  10.0 10.0 loc_loss:  0.565859146118164 reward_loss:  -28.29295539855957
epoch:  25 batch:  10 region_loss:  10.0 10.0 loc_loss:  0.5992871475219727 reward_loss:  -29.964353561401367
epoch:  25 batch:  20 region_loss:  10.0 10.0 loc_loss:  0.5501742172241211 reward_loss:  -27.508712768554688
epoch:  25 batch:  30 region_loss:  10.0 10.0 loc_loss:  0.5634964370727539 reward_loss:  -28.174819946289062
epoch:  25 batch:  40 region_loss:  10.0 10.0 loc_loss:  0.6831211853027344 reward_loss:  -34.15605926513672
epoch:  25 batch:  50 region_loss:  10.0 10.0 loc_loss:  0.5591183471679687 reward_loss:  -27.955917358398438
epoch:  25 batch:  60 region_loss:  10.0 10.0 loc_loss:  0.5935950469970703 reward_loss:  -29.679752349853516
epoch:  25 batch:  70 region_loss:  10.0 10.0 loc_loss:  0.5695380401611329 reward_loss:  -28.476900100708008
epoch:  25 batch:  80 region_loss:  10.0 10.0 loc_loss:  0.6367952728271484 reward_loss:  -31.839763641357422
epoch:  25 batch:  90 region_loss:  6.0 6.0 loc_loss:  0.3934928894042969 reward_loss:  -19.67464828491211
epoch:  25 batch:  100 region_loss:  8.0 8.0 loc_loss:  0.45350334167480466 reward_loss:  -22.675167083740234
epoch:  25 batch:  110 region_loss:  4.0 4.0 loc_loss:  0.2615935134887695 reward_loss:  -13.07967472076416
epoch:  25 batch:  120 region_loss:  5.0 5.0 loc_loss:  0.2813172149658203 reward_loss:  -14.065860748291016
epoch:  25 batch:  130 region_loss:  7.0 7.0 loc_loss:  0.44242435455322265 reward_loss:  -22.121217727661133
acc@1:  0.13029162746942616
epoch: 25 region loss 0.17051094890510948 loc loss 0.49704959180233255 reward loss -24.852479144604537
epoch:  26 batch:  0 region_loss:  10.0 10.0 loc_loss:  0.5398746871948242 reward_loss:  -26.993732452392578
epoch:  26 batch:  10 region_loss:  10.0 10.0 loc_loss:  0.5730470275878906 reward_loss:  -28.6523494720459
epoch:  26 batch:  20 region_loss:  10.0 10.0 loc_loss:  0.5293918991088867 reward_loss:  -26.469593048095703
epoch:  26 batch:  30 region_loss:  10.0 10.0 loc_loss:  0.5383395004272461 reward_loss:  -26.916975021362305
epoch:  26 batch:  40 region_loss:  10.0 10.0 loc_loss:  0.6577571105957031 reward_loss:  -32.887855529785156
epoch:  26 batch:  50 region_loss:  10.0 10.0 loc_loss:  0.5360369491577148 reward_loss:  -26.801847457885742
epoch:  26 batch:  60 region_loss:  10.0 10.0 loc_loss:  0.5654460144042969 reward_loss:  -28.272302627563477
epoch:  26 batch:  70 region_loss:  10.0 10.0 loc_loss:  0.5455072784423828 reward_loss:  -27.275362014770508
epoch:  26 batch:  80 region_loss:  10.0 10.0 loc_loss:  0.6083934020996093 reward_loss:  -30.41967010498047
epoch:  26 batch:  90 region_loss:  6.0 6.0 loc_loss:  0.37577796936035157 reward_loss:  -18.788894653320312
epoch:  26 batch:  100 region_loss:  8.0 8.0 loc_loss:  0.4328351211547852 reward_loss:  -21.641756057739258
epoch:  26 batch:  110 region_loss:  4.0 4.0 loc_loss:  0.2483971405029297 reward_loss:  -12.419857025146484
epoch:  26 batch:  120 region_loss:  5.0 5.0 loc_loss:  0.26676239013671876 reward_loss:  -13.338119506835938
epoch:  26 batch:  130 region_loss:  7.0 7.0 loc_loss:  0.4219574737548828 reward_loss:  -21.097875595092773
acc@1:  0.13076199435559738
epoch: 26 region loss 0.17051094890510948 loc loss 0.4758472847068397 reward loss -23.79236394645524
epoch:  27 batch:  0 region_loss:  10.0 10.0 loc_loss:  0.5147461700439453 reward_loss:  -25.737308502197266
epoch:  27 batch:  10 region_loss:  10.0 10.0 loc_loss:  0.5481749725341797 reward_loss:  -27.408750534057617
epoch:  27 batch:  20 region_loss:  10.0 10.0 loc_loss:  0.5095121765136719 reward_loss:  -25.475608825683594
epoch:  27 batch:  30 region_loss:  10.0 10.0 loc_loss:  0.5140868377685547 reward_loss:  -25.704341888427734
epoch:  27 batch:  40 region_loss:  10.0 10.0 loc_loss:  0.6328065109252929 reward_loss:  -31.64032745361328
epoch:  27 batch:  50 region_loss:  10.0 10.0 loc_loss:  0.5135304641723633 reward_loss:  -25.67652130126953
epoch:  27 batch:  60 region_loss:  10.0 10.0 loc_loss:  0.5387074279785157 reward_loss:  -26.93536949157715
epoch:  27 batch:  70 region_loss:  10.0 10.0 loc_loss:  0.5221801376342774 reward_loss:  -26.109010696411133
epoch:  27 batch:  80 region_loss:  10.0 10.0 loc_loss:  0.5807135772705078 reward_loss:  -29.03567886352539
epoch:  27 batch:  90 region_loss:  6.0 6.0 loc_loss:  0.35836578369140626 reward_loss:  -17.918291091918945
epoch:  27 batch:  100 region_loss:  8.0 8.0 loc_loss:  0.4131326675415039 reward_loss:  -20.656633377075195
epoch:  27 batch:  110 region_loss:  4.0 4.0 loc_loss:  0.2357764434814453 reward_loss:  -11.788822174072266
epoch:  27 batch:  120 region_loss:  5.0 5.0 loc_loss:  0.2527547264099121 reward_loss:  -12.637735366821289
epoch:  27 batch:  130 region_loss:  7.0 7.0 loc_loss:  0.4020798492431641 reward_loss:  -20.103992462158203
acc@1:  0.1251175917215428
epoch: 27 region loss 0.17051094890510948 loc loss 0.45539740061237866 reward loss -22.769869696484864
epoch:  28 batch:  0 region_loss:  10.0 10.0 loc_loss:  0.49071414947509767 reward_loss:  -24.535707473754883
epoch:  28 batch:  10 region_loss:  10.0 10.0 loc_loss:  0.5240433502197266 reward_loss:  -26.20216178894043
epoch:  28 batch:  20 region_loss:  10.0 10.0 loc_loss:  0.49028934478759767 reward_loss:  -24.514467239379883
epoch:  28 batch:  30 region_loss:  10.0 10.0 loc_loss:  0.4907447052001953 reward_loss:  -24.537233352661133
epoch:  28 batch:  40 region_loss:  10.0 10.0 loc_loss:  0.6083614730834961 reward_loss:  -30.418071746826172
epoch:  28 batch:  50 region_loss:  10.0 10.0 loc_loss:  0.4920857620239258 reward_loss:  -24.604286193847656
epoch:  28 batch:  60 region_loss:  10.0 10.0 loc_loss:  0.5128568649291992 reward_loss:  -25.642845153808594
epoch:  28 batch:  70 region_loss:  10.0 10.0 loc_loss:  0.4997692108154297 reward_loss:  -24.988462448120117
epoch:  28 batch:  80 region_loss:  10.0 10.0 loc_loss:  0.5536327743530274 reward_loss:  -27.681638717651367
epoch:  28 batch:  90 region_loss:  6.0 6.0 loc_loss:  0.3415845489501953 reward_loss:  -17.079227447509766
epoch:  28 batch:  100 region_loss:  8.0 8.0 loc_loss:  0.39424625396728513 reward_loss:  -19.712312698364258
epoch:  28 batch:  110 region_loss:  4.0 4.0 loc_loss:  0.22349380493164062 reward_loss:  -11.174690246582031
epoch:  28 batch:  120 region_loss:  5.0 5.0 loc_loss:  0.23936649322509765 reward_loss:  -11.968324661254883
epoch:  28 batch:  130 region_loss:  7.0 7.0 loc_loss:  0.3830704116821289 reward_loss:  -19.15352439880371
acc@1:  0.12323612417685795
epoch: 28 region loss 0.17051094890510948 loc loss 0.43563893460879366 reward loss -21.781946290148436
epoch:  29 batch:  0 region_loss:  10.0 10.0 loc_loss:  0.4677301788330078 reward_loss:  -23.386507034301758
epoch:  29 batch:  10 region_loss:  10.0 10.0 loc_loss:  0.5008468627929688 reward_loss:  -25.042343139648438
epoch:  29 batch:  20 region_loss:  10.0 10.0 loc_loss:  0.4716271209716797 reward_loss:  -23.581357955932617
epoch:  29 batch:  30 region_loss:  10.0 10.0 loc_loss:  0.46814788818359376 reward_loss:  -23.407394409179688
epoch:  29 batch:  40 region_loss:  10.0 10.0 loc_loss:  0.5845523071289063 reward_loss:  -29.227615356445312
epoch:  29 batch:  50 region_loss:  10.0 10.0 loc_loss:  0.47106204986572264 reward_loss:  -23.553102493286133
epoch:  29 batch:  60 region_loss:  10.0 10.0 loc_loss:  0.4882356262207031 reward_loss:  -24.41178321838379
epoch:  29 batch:  70 region_loss:  10.0 10.0 loc_loss:  0.47821281433105467 reward_loss:  -23.910640716552734
epoch:  29 batch:  80 region_loss:  10.0 10.0 loc_loss:  0.5279047393798828 reward_loss:  -26.395233154296875
epoch:  29 batch:  90 region_loss:  6.0 6.0 loc_loss:  0.3250325775146484 reward_loss:  -16.25162696838379
epoch:  29 batch:  100 region_loss:  8.0 8.0 loc_loss:  0.37570220947265626 reward_loss:  -18.785110473632812
epoch:  29 batch:  110 region_loss:  4.0 4.0 loc_loss:  0.2115627098083496 reward_loss:  -10.57813549041748
epoch:  29 batch:  120 region_loss:  5.0 5.0 loc_loss:  0.22629459381103514 reward_loss:  -11.314729690551758
epoch:  29 batch:  130 region_loss:  7.0 7.0 loc_loss:  0.36450294494628904 reward_loss:  -18.225149154663086
acc@1:  0.12323612417685795
epoch: 29 region loss 0.17051094890510948 loc loss 0.41652664581354515 reward loss -20.826332022673892
epoch:  30 batch:  0 region_loss:  10.0 10.0 loc_loss:  0.44557796478271483 reward_loss:  -22.278900146484375
epoch:  30 batch:  10 region_loss:  10.0 10.0 loc_loss:  0.47819976806640624 reward_loss:  -23.909984588623047
epoch:  30 batch:  20 region_loss:  10.0 10.0 loc_loss:  0.45369888305664063 reward_loss:  -22.684946060180664
epoch:  30 batch:  30 region_loss:  10.0 10.0 loc_loss:  0.4464917755126953 reward_loss:  -22.324588775634766
epoch:  30 batch:  40 region_loss:  10.0 10.0 loc_loss:  0.5611454010009765 reward_loss:  -28.057268142700195
epoch:  30 batch:  50 region_loss:  10.0 10.0 loc_loss:  0.45089820861816404 reward_loss:  -22.544906616210938
epoch:  30 batch:  60 region_loss:  10.0 10.0 loc_loss:  0.4641565322875977 reward_loss:  -23.207826614379883
epoch:  30 batch:  70 region_loss:  10.0 10.0 loc_loss:  0.45756168365478517 reward_loss:  -22.878084182739258
epoch:  30 batch:  80 region_loss:  10.0 10.0 loc_loss:  0.5025431060791016 reward_loss:  -25.127155303955078
epoch:  30 batch:  90 region_loss:  6.0 6.0 loc_loss:  0.3089113235473633 reward_loss:  -15.445568084716797
epoch:  30 batch:  100 region_loss:  8.0 8.0 loc_loss:  0.3577766036987305 reward_loss:  -17.888830184936523
epoch:  30 batch:  110 region_loss:  4.0 4.0 loc_loss:  0.20008493423461915 reward_loss:  -10.004246711730957
epoch:  30 batch:  120 region_loss:  5.0 5.0 loc_loss:  0.21395660400390626 reward_loss:  -10.697829246520996
epoch:  30 batch:  130 region_loss:  7.0 7.0 loc_loss:  0.34663833618164064 reward_loss:  -17.33191680908203
acc@1:  0.12323612417685795
epoch: 30 region loss 0.17051094890510948 loc loss 0.3980103418252764 reward loss -19.900516849364678
epoch:  31 batch:  0 region_loss:  10.0 10.0 loc_loss:  0.42396366119384765 reward_loss:  -21.198183059692383
epoch:  31 batch:  10 region_loss:  10.0 10.0 loc_loss:  0.4565069580078125 reward_loss:  -22.825349807739258
epoch:  31 batch:  20 region_loss:  10.0 10.0 loc_loss:  0.436329345703125 reward_loss:  -21.81646728515625
epoch:  31 batch:  30 region_loss:  10.0 10.0 loc_loss:  0.42536331176757813 reward_loss:  -21.268165588378906
epoch:  31 batch:  40 region_loss:  10.0 10.0 loc_loss:  0.5382730102539063 reward_loss:  -26.913650512695312
epoch:  31 batch:  50 region_loss:  10.0 10.0 loc_loss:  0.4313627624511719 reward_loss:  -21.568138122558594
epoch:  31 batch:  60 region_loss:  10.0 10.0 loc_loss:  0.4412361526489258 reward_loss:  -22.061803817749023
epoch:  31 batch:  70 region_loss:  10.0 10.0 loc_loss:  0.4371649932861328 reward_loss:  -21.858247756958008
epoch:  31 batch:  80 region_loss:  10.0 10.0 loc_loss:  0.47798633575439453 reward_loss:  -23.899314880371094
epoch:  31 batch:  90 region_loss:  6.0 6.0 loc_loss:  0.29319345474243164 reward_loss:  -14.659671783447266
epoch:  31 batch:  100 region_loss:  8.0 8.0 loc_loss:  0.34044345855712893 reward_loss:  -17.022172927856445
epoch:  31 batch:  110 region_loss:  4.0 4.0 loc_loss:  0.18908748626708985 reward_loss:  -9.454373359680176
epoch:  31 batch:  120 region_loss:  5.0 5.0 loc_loss:  0.20220972061157227 reward_loss:  -10.11048698425293
epoch:  31 batch:  130 region_loss:  7.0 7.0 loc_loss:  0.3291748428344727 reward_loss:  -16.458740234375
acc@1:  0.1180620884289746
epoch: 31 region loss 0.17051094890510948 loc loss 0.38004917235270036 reward loss -19.002458408801225
epoch:  32 batch:  0 region_loss:  10.0 10.0 loc_loss:  0.40309135437011717 reward_loss:  -20.15456771850586
epoch:  32 batch:  10 region_loss:  10.0 10.0 loc_loss:  0.4351069641113281 reward_loss:  -21.75535011291504
epoch:  32 batch:  20 region_loss:  10.0 10.0 loc_loss:  0.41941238403320313 reward_loss:  -20.97062110900879
epoch:  32 batch:  30 region_loss:  10.0 10.0 loc_loss:  0.40514244079589845 reward_loss:  -20.257123947143555
epoch:  32 batch:  40 region_loss:  10.0 10.0 loc_loss:  0.5158981704711914 reward_loss:  -25.794910430908203
epoch:  32 batch:  50 region_loss:  10.0 10.0 loc_loss:  0.41213809967041015 reward_loss:  -20.606904983520508
epoch:  32 batch:  60 region_loss:  10.0 10.0 loc_loss:  0.4188897323608398 reward_loss:  -20.944486618041992
epoch:  32 batch:  70 region_loss:  10.0 10.0 loc_loss:  0.4179682159423828 reward_loss:  -20.89841079711914
epoch:  32 batch:  80 region_loss:  10.0 10.0 loc_loss:  0.45396900177001953 reward_loss:  -22.69845199584961
epoch:  32 batch:  90 region_loss:  6.0 6.0 loc_loss:  0.2777520751953125 reward_loss:  -13.887601852416992
epoch:  32 batch:  100 region_loss:  8.0 8.0 loc_loss:  0.32345100402832033 reward_loss:  -16.172550201416016
epoch:  32 batch:  110 region_loss:  4.0 4.0 loc_loss:  0.17835363388061523 reward_loss:  -8.917680740356445
epoch:  32 batch:  120 region_loss:  5.0 5.0 loc_loss:  0.19083816528320313 reward_loss:  -9.541909217834473
epoch:  32 batch:  130 region_loss:  7.0 7.0 loc_loss:  0.3122327423095703 reward_loss:  -15.611637115478516
acc@1:  0.11712135465663218
epoch: 32 region loss 0.17051094890510948 loc loss 0.362630974532914 reward loss -18.13154865877472
epoch:  33 batch:  0 region_loss:  10.0 10.0 loc_loss:  0.38319332122802735 reward_loss:  -19.159664154052734
epoch:  33 batch:  10 region_loss:  10.0 10.0 loc_loss:  0.41473148345947264 reward_loss:  -20.736572265625
epoch:  33 batch:  20 region_loss:  10.0 10.0 loc_loss:  0.40277355194091796 reward_loss:  -20.1386775970459
epoch:  33 batch:  30 region_loss:  10.0 10.0 loc_loss:  0.38522838592529296 reward_loss:  -19.261417388916016
epoch:  33 batch:  40 region_loss:  10.0 10.0 loc_loss:  0.4935852813720703 reward_loss:  -24.67926597595215
epoch:  33 batch:  50 region_loss:  10.0 10.0 loc_loss:  0.3932007598876953 reward_loss:  -19.660037994384766
epoch:  33 batch:  60 region_loss:  10.0 10.0 loc_loss:  0.3973040771484375 reward_loss:  -19.865203857421875
epoch:  33 batch:  70 region_loss:  10.0 10.0 loc_loss:  0.39873218536376953 reward_loss:  -19.936609268188477
epoch:  33 batch:  80 region_loss:  10.0 10.0 loc_loss:  0.4305954742431641 reward_loss:  -21.52977180480957
epoch:  33 batch:  90 region_loss:  6.0 6.0 loc_loss:  0.2628404998779297 reward_loss:  -13.142024993896484
epoch:  33 batch:  100 region_loss:  8.0 8.0 loc_loss:  0.3072064781188965 reward_loss:  -15.360323905944824
epoch:  33 batch:  110 region_loss:  4.0 4.0 loc_loss:  0.16799015045166016 reward_loss:  -8.399506568908691
epoch:  33 batch:  120 region_loss:  5.0 5.0 loc_loss:  0.17981901168823242 reward_loss:  -8.990950584411621
epoch:  33 batch:  130 region_loss:  7.0 7.0 loc_loss:  0.29589014053344725 reward_loss:  -14.794507026672363
acc@1:  0.11571025399811853
epoch: 33 region loss 0.17051094890510948 loc loss 0.3456209586484589 reward loss -17.281047953306324
epoch:  34 batch:  0 region_loss:  10.0 10.0 loc_loss:  0.3639630126953125 reward_loss:  -18.198148727416992
epoch:  34 batch:  10 region_loss:  10.0 10.0 loc_loss:  0.39477073669433593 reward_loss:  -19.738534927368164
epoch:  34 batch:  20 region_loss:  10.0 10.0 loc_loss:  0.38676597595214846 reward_loss:  -19.338293075561523
epoch:  34 batch:  30 region_loss:  10.0 10.0 loc_loss:  0.3662698745727539 reward_loss:  -18.313493728637695
epoch:  34 batch:  40 region_loss:  10.0 10.0 loc_loss:  0.4719489288330078 reward_loss:  -23.59744644165039
epoch:  34 batch:  50 region_loss:  10.0 10.0 loc_loss:  0.3751582336425781 reward_loss:  -18.757911682128906
epoch:  34 batch:  60 region_loss:  10.0 10.0 loc_loss:  0.3764209365844727 reward_loss:  -18.821048736572266
epoch:  34 batch:  70 region_loss:  10.0 10.0 loc_loss:  0.38059707641601564 reward_loss:  -19.02985191345215
epoch:  34 batch:  80 region_loss:  10.0 10.0 loc_loss:  0.40773189544677735 reward_loss:  -20.386592864990234
epoch:  34 batch:  90 region_loss:  6.0 6.0 loc_loss:  0.24835315704345703 reward_loss:  -12.417657852172852
epoch:  34 batch:  100 region_loss:  8.0 8.0 loc_loss:  0.2913396453857422 reward_loss:  -14.56698226928711
epoch:  34 batch:  110 region_loss:  4.0 4.0 loc_loss:  0.158017578125 reward_loss:  -7.90087890625
epoch:  34 batch:  120 region_loss:  5.0 5.0 loc_loss:  0.16929508209228517 reward_loss:  -8.464752197265625
epoch:  34 batch:  130 region_loss:  7.0 7.0 loc_loss:  0.28009822845458987 reward_loss:  -14.004912376403809
acc@1:  0.11665098777046096
epoch: 34 region loss 0.17051094890510948 loc loss 0.32916983033618785 reward loss -16.458491441977284
epoch:  35 batch:  0 region_loss:  10.0 10.0 loc_loss:  0.34511775970458985 reward_loss:  -17.255887985229492
epoch:  35 batch:  10 region_loss:  10.0 10.0 loc_loss:  0.37525421142578125 reward_loss:  -18.762710571289062
epoch:  35 batch:  20 region_loss:  10.0 10.0 loc_loss:  0.37133541107177737 reward_loss:  -18.566768646240234
epoch:  35 batch:  30 region_loss:  10.0 10.0 loc_loss:  0.34773792266845704 reward_loss:  -17.38689613342285
epoch:  35 batch:  40 region_loss:  10.0 10.0 loc_loss:  0.45067127227783205 reward_loss:  -22.533565521240234
epoch:  35 batch:  50 region_loss:  10.0 10.0 loc_loss:  0.3575320816040039 reward_loss:  -17.876602172851562
epoch:  35 batch:  60 region_loss:  10.0 10.0 loc_loss:  0.35651847839355466 reward_loss:  -17.825923919677734
epoch:  35 batch:  70 region_loss:  10.0 10.0 loc_loss:  0.3624382019042969 reward_loss:  -18.121910095214844
epoch:  35 batch:  80 region_loss:  10.0 10.0 loc_loss:  0.38603103637695313 reward_loss:  -19.301551818847656
epoch:  35 batch:  90 region_loss:  6.0 6.0 loc_loss:  0.23427215576171875 reward_loss:  -11.713607788085938
epoch:  35 batch:  100 region_loss:  8.0 8.0 loc_loss:  0.27610694885253906 reward_loss:  -13.805347442626953
epoch:  35 batch:  110 region_loss:  4.0 4.0 loc_loss:  0.14845096588134765 reward_loss:  -7.422548770904541
epoch:  35 batch:  120 region_loss:  5.0 5.0 loc_loss:  0.15926895141601563 reward_loss:  -7.963447570800781
epoch:  35 batch:  130 region_loss:  7.0 7.0 loc_loss:  0.26482118606567384 reward_loss:  -13.241060256958008
acc@1:  0.1147695202257761
epoch: 35 region loss 0.17051094890510948 loc loss 0.31327119075468857 reward loss -15.663559339342326
epoch:  36 batch:  0 region_loss:  10.0 10.0 loc_loss:  0.3272629165649414 reward_loss:  -16.36314582824707
epoch:  36 batch:  10 region_loss:  10.0 10.0 loc_loss:  0.35654319763183595 reward_loss:  -17.827159881591797
epoch:  36 batch:  20 region_loss:  10.0 10.0 loc_loss:  0.3560677719116211 reward_loss:  -17.803388595581055
epoch:  36 batch:  30 region_loss:  10.0 10.0 loc_loss:  0.32964969635009767 reward_loss:  -16.48248291015625
epoch:  36 batch:  40 region_loss:  10.0 10.0 loc_loss:  0.4296125030517578 reward_loss:  -21.48062515258789
epoch:  36 batch:  50 region_loss:  10.0 10.0 loc_loss:  0.34036590576171877 reward_loss:  -17.018295288085938
epoch:  36 batch:  60 region_loss:  10.0 10.0 loc_loss:  0.33694992065429685 reward_loss:  -16.84749412536621
epoch:  36 batch:  70 region_loss:  10.0 10.0 loc_loss:  0.344918212890625 reward_loss:  -17.24591064453125
epoch:  36 batch:  80 region_loss:  10.0 10.0 loc_loss:  0.3642124557495117 reward_loss:  -18.210622787475586
epoch:  36 batch:  90 region_loss:  6.0 6.0 loc_loss:  0.22078069686889648 reward_loss:  -11.039034843444824
epoch:  36 batch:  100 region_loss:  8.0 8.0 loc_loss:  0.2612639045715332 reward_loss:  -13.06319522857666
epoch:  36 batch:  110 region_loss:  4.0 4.0 loc_loss:  0.1391296863555908 reward_loss:  -6.956484317779541
epoch:  36 batch:  120 region_loss:  5.0 5.0 loc_loss:  0.14973155975341798 reward_loss:  -7.486577033996582
epoch:  36 batch:  130 region_loss:  7.0 7.0 loc_loss:  0.2501115417480469 reward_loss:  -12.505577087402344
acc@1:  0.11429915333960489
epoch: 36 region loss 0.17051094890510948 loc loss 0.29785179695073705 reward loss -14.89258979010756
epoch:  37 batch:  0 region_loss:  10.0 10.0 loc_loss:  0.3098301887512207 reward_loss:  -15.491510391235352
epoch:  37 batch:  10 region_loss:  10.0 10.0 loc_loss:  0.3383003234863281 reward_loss:  -16.915014266967773
epoch:  37 batch:  20 region_loss:  10.0 10.0 loc_loss:  0.3413894271850586 reward_loss:  -17.069473266601562
epoch:  37 batch:  30 region_loss:  10.0 10.0 loc_loss:  0.31260009765625 reward_loss:  -15.630005836486816
epoch:  37 batch:  40 region_loss:  10.0 10.0 loc_loss:  0.4094843292236328 reward_loss:  -20.474218368530273
epoch:  37 batch:  50 region_loss:  10.0 10.0 loc_loss:  0.32324684143066407 reward_loss:  -16.16234016418457
epoch:  37 batch:  60 region_loss:  10.0 10.0 loc_loss:  0.31848669052124023 reward_loss:  -15.924336433410645
epoch:  37 batch:  70 region_loss:  10.0 10.0 loc_loss:  0.3279584503173828 reward_loss:  -16.397920608520508
epoch:  37 batch:  80 region_loss:  10.0 10.0 loc_loss:  0.34371994018554686 reward_loss:  -17.185998916625977
epoch:  37 batch:  90 region_loss:  6.0 6.0 loc_loss:  0.20760730743408204 reward_loss:  -10.380363464355469
epoch:  37 batch:  100 region_loss:  8.0 8.0 loc_loss:  0.2473834800720215 reward_loss:  -12.369174003601074
epoch:  37 batch:  110 region_loss:  4.0 4.0 loc_loss:  0.130194034576416 reward_loss:  -6.509702205657959
epoch:  37 batch:  120 region_loss:  5.0 5.0 loc_loss:  0.14041187286376952 reward_loss:  -7.020593166351318
epoch:  37 batch:  130 region_loss:  7.0 7.0 loc_loss:  0.23584701538085937 reward_loss:  -11.792351722717285
