0
cuda
epoch:  0 batch:  0 region_loss:  10.0 10.0 loc_loss:  1.99323486328125 reward_loss:  -99.66173553466797
epoch:  0 batch:  10 region_loss:  10.0 10.0 loc_loss:  2.5108267211914064 reward_loss:  -99.55553436279297
epoch:  0 batch:  20 region_loss:  10.0 10.0 loc_loss:  1.988990478515625 reward_loss:  -99.44976043701172
epoch:  0 batch:  30 region_loss:  10.0 10.0 loc_loss:  1.985986328125 reward_loss:  -99.2990951538086
epoch:  0 batch:  40 region_loss:  10.0 10.0 loc_loss:  1.9834304809570313 reward_loss:  -99.17102813720703
epoch:  0 batch:  50 region_loss:  10.0 10.0 loc_loss:  2.2696409606933594 reward_loss:  -99.41405487060547
epoch:  0 batch:  60 region_loss:  10.0 10.0 loc_loss:  2.000563049316406 reward_loss:  -100.02784729003906
epoch:  0 batch:  70 region_loss:  10.0 10.0 loc_loss:  1.9854908752441407 reward_loss:  -99.27350616455078
epoch:  0 batch:  80 region_loss:  10.0 10.0 loc_loss:  1.978201904296875 reward_loss:  -98.90914916992188
epoch:  0 batch:  90 region_loss:  6.0 6.0 loc_loss:  1.1827322387695312 reward_loss:  -59.13604736328125
epoch:  0 batch:  100 region_loss:  8.0 8.0 loc_loss:  1.5689419555664061 reward_loss:  -78.44685363769531
epoch:  0 batch:  110 region_loss:  4.0 4.0 loc_loss:  0.785784912109375 reward_loss:  -39.2896614074707
epoch:  0 batch:  120 region_loss:  5.0 5.0 loc_loss:  0.9731901550292968 reward_loss:  -48.65930938720703
epoch:  0 batch:  130 region_loss:  7.0 7.0 loc_loss:  1.3657711791992186 reward_loss:  -68.28927612304688
acc@1:  0.0023518344308560675
epoch: 0 region loss 0.17051094890510948 loc loss 2.1423507812945513 reward loss -84.3826500273099
epoch:  1 batch:  0 region_loss:  10.0 10.0 loc_loss:  1.8588558959960937 reward_loss:  -92.9429702758789
epoch:  1 batch:  10 region_loss:  10.0 10.0 loc_loss:  2.284494171142578 reward_loss:  -95.50312805175781
epoch:  1 batch:  20 region_loss:  10.0 10.0 loc_loss:  1.9005722045898437 reward_loss:  -95.02889251708984
epoch:  1 batch:  30 region_loss:  10.0 10.0 loc_loss:  1.90409423828125 reward_loss:  -95.20488739013672
epoch:  1 batch:  40 region_loss:  10.0 10.0 loc_loss:  1.902776641845703 reward_loss:  -95.13861083984375
epoch:  1 batch:  50 region_loss:  10.0 10.0 loc_loss:  2.1339288330078126 reward_loss:  -94.492431640625
epoch:  1 batch:  60 region_loss:  10.0 10.0 loc_loss:  1.8958938598632813 reward_loss:  -94.7950210571289
epoch:  1 batch:  70 region_loss:  10.0 10.0 loc_loss:  1.8812672424316406 reward_loss:  -94.06287384033203
epoch:  1 batch:  80 region_loss:  10.0 10.0 loc_loss:  1.8624798583984374 reward_loss:  -93.1252212524414
epoch:  1 batch:  90 region_loss:  6.0 6.0 loc_loss:  1.1031034088134766 reward_loss:  -55.15499496459961
epoch:  1 batch:  100 region_loss:  8.0 8.0 loc_loss:  1.4542962646484374 reward_loss:  -72.71428680419922
epoch:  1 batch:  110 region_loss:  4.0 4.0 loc_loss:  0.7347068786621094 reward_loss:  -36.73637008666992
epoch:  1 batch:  120 region_loss:  5.0 5.0 loc_loss:  0.9002549743652344 reward_loss:  -45.01311492919922
epoch:  1 batch:  130 region_loss:  7.0 7.0 loc_loss:  1.2566307830810546 reward_loss:  -62.83180618286133
acc@1:  0.016933207902163686
epoch: 1 region loss 0.17051094890510948 loc loss 1.95109534437639 reward loss -79.65444993624722
epoch:  2 batch:  0 region_loss:  10.0 10.0 loc_loss:  1.6880657958984375 reward_loss:  -84.40325164794922
epoch:  2 batch:  10 region_loss:  10.0 10.0 loc_loss:  2.0457504272460936 reward_loss:  -86.90624237060547
epoch:  2 batch:  20 region_loss:  10.0 10.0 loc_loss:  1.717928466796875 reward_loss:  -85.89632415771484
epoch:  2 batch:  30 region_loss:  10.0 10.0 loc_loss:  1.7445994567871095 reward_loss:  -87.22974395751953
epoch:  2 batch:  40 region_loss:  10.0 10.0 loc_loss:  1.719315185546875 reward_loss:  -85.96488189697266
epoch:  2 batch:  50 region_loss:  10.0 10.0 loc_loss:  1.973006591796875 reward_loss:  -87.76124572753906
epoch:  2 batch:  60 region_loss:  10.0 10.0 loc_loss:  1.7468789672851563 reward_loss:  -87.34454345703125
epoch:  2 batch:  70 region_loss:  10.0 10.0 loc_loss:  1.74781005859375 reward_loss:  -87.39069366455078
epoch:  2 batch:  80 region_loss:  10.0 10.0 loc_loss:  1.7206723022460937 reward_loss:  -86.03456115722656
epoch:  2 batch:  90 region_loss:  6.0 6.0 loc_loss:  1.0286003875732421 reward_loss:  -51.43052673339844
epoch:  2 batch:  100 region_loss:  8.0 8.0 loc_loss:  1.364174346923828 reward_loss:  -68.2091293334961
epoch:  2 batch:  110 region_loss:  4.0 4.0 loc_loss:  0.6969541931152343 reward_loss:  -34.84683609008789
epoch:  2 batch:  120 region_loss:  5.0 5.0 loc_loss:  0.8567575073242187 reward_loss:  -42.836456298828125
epoch:  2 batch:  130 region_loss:  7.0 7.0 loc_loss:  1.1995786285400392 reward_loss:  -59.97895050048828
acc@1:  0.024459078080903106
epoch: 2 region loss 0.17051094890510948 loc loss 1.7288352192231338 reward loss -73.28537404972272
epoch:  3 batch:  0 region_loss:  10.0 10.0 loc_loss:  1.623478546142578 reward_loss:  -81.17302703857422
epoch:  3 batch:  10 region_loss:  10.0 10.0 loc_loss:  1.9329515075683594 reward_loss:  -83.24447631835938
epoch:  3 batch:  20 region_loss:  10.0 10.0 loc_loss:  1.6299131774902345 reward_loss:  -81.4955825805664
epoch:  3 batch:  30 region_loss:  10.0 10.0 loc_loss:  1.6696464538574218 reward_loss:  -83.48196411132812
epoch:  3 batch:  40 region_loss:  10.0 10.0 loc_loss:  1.6387969970703125 reward_loss:  -81.93937683105469
epoch:  3 batch:  50 region_loss:  10.0 10.0 loc_loss:  1.870531768798828 reward_loss:  -83.53755187988281
epoch:  3 batch:  60 region_loss:  10.0 10.0 loc_loss:  1.6706092834472657 reward_loss:  -83.53103637695312
epoch:  3 batch:  70 region_loss:  10.0 10.0 loc_loss:  1.6738621520996093 reward_loss:  -83.69293212890625
epoch:  3 batch:  80 region_loss:  10.0 10.0 loc_loss:  1.6551785278320312 reward_loss:  -82.75914001464844
epoch:  3 batch:  90 region_loss:  6.0 6.0 loc_loss:  0.9907635498046875 reward_loss:  -49.53852844238281
epoch:  3 batch:  100 region_loss:  8.0 8.0 loc_loss:  1.3111392211914064 reward_loss:  -65.55712890625
epoch:  3 batch:  110 region_loss:  4.0 4.0 loc_loss:  0.6747276306152343 reward_loss:  -33.73558807373047
epoch:  3 batch:  120 region_loss:  5.0 5.0 loc_loss:  0.828875732421875 reward_loss:  -41.4433479309082
epoch:  3 batch:  130 region_loss:  7.0 7.0 loc_loss:  1.162928466796875 reward_loss:  -58.146488189697266
acc@1:  0.03621825023518344
epoch: 3 region loss 0.17051094890510948 loc loss 1.5996781971506828 reward loss -70.01078609828531
epoch:  4 batch:  0 region_loss:  10.0 10.0 loc_loss:  1.5655693054199218 reward_loss:  -78.27838134765625
epoch:  4 batch:  10 region_loss:  10.0 10.0 loc_loss:  1.821487274169922 reward_loss:  -80.6795654296875
epoch:  4 batch:  20 region_loss:  10.0 10.0 loc_loss:  1.566797332763672 reward_loss:  -78.3394546508789
epoch:  4 batch:  30 region_loss:  10.0 10.0 loc_loss:  1.6102183532714844 reward_loss:  -80.51092529296875
epoch:  4 batch:  40 region_loss:  10.0 10.0 loc_loss:  1.5784516906738282 reward_loss:  -78.92206573486328
epoch:  4 batch:  50 region_loss:  10.0 10.0 loc_loss:  1.7812080383300781 reward_loss:  -79.93104553222656
epoch:  4 batch:  60 region_loss:  10.0 10.0 loc_loss:  1.6078956604003907 reward_loss:  -80.39490509033203
epoch:  4 batch:  70 region_loss:  10.0 10.0 loc_loss:  1.6088821411132812 reward_loss:  -80.4434814453125
epoch:  4 batch:  80 region_loss:  10.0 10.0 loc_loss:  1.59946533203125 reward_loss:  -79.97319030761719
epoch:  4 batch:  90 region_loss:  6.0 6.0 loc_loss:  0.9573582458496094 reward_loss:  -47.8680305480957
epoch:  4 batch:  100 region_loss:  8.0 8.0 loc_loss:  1.261022491455078 reward_loss:  -63.05115509033203
epoch:  4 batch:  110 region_loss:  4.0 4.0 loc_loss:  0.6548176574707031 reward_loss:  -32.741519927978516
epoch:  4 batch:  120 region_loss:  5.0 5.0 loc_loss:  0.8019607543945313 reward_loss:  -40.09769058227539
epoch:  4 batch:  130 region_loss:  7.0 7.0 loc_loss:  1.127387161254883 reward_loss:  -56.36933517456055
acc@1:  0.05221072436500471
epoch: 4 region loss 0.17051094890510948 loc loss 1.4642652202522668 reward loss -67.30805807740148
epoch:  5 batch:  0 region_loss:  10.0 10.0 loc_loss:  1.504775848388672 reward_loss:  -75.23902893066406
epoch:  5 batch:  10 region_loss:  10.0 10.0 loc_loss:  1.7161528015136718 reward_loss:  -78.093017578125
epoch:  5 batch:  20 region_loss:  10.0 10.0 loc_loss:  1.5050468444824219 reward_loss:  -75.25308990478516
epoch:  5 batch:  30 region_loss:  10.0 10.0 loc_loss:  1.5488273620605468 reward_loss:  -77.44060516357422
epoch:  5 batch:  40 region_loss:  10.0 10.0 loc_loss:  1.519484405517578 reward_loss:  -75.974365234375
epoch:  5 batch:  50 region_loss:  10.0 10.0 loc_loss:  1.6914447021484376 reward_loss:  -76.39420318603516
epoch:  5 batch:  60 region_loss:  10.0 10.0 loc_loss:  1.5439942932128907 reward_loss:  -77.19979095458984
epoch:  5 batch:  70 region_loss:  10.0 10.0 loc_loss:  1.5435246276855468 reward_loss:  -77.17652893066406
epoch:  5 batch:  80 region_loss:  10.0 10.0 loc_loss:  1.543336181640625 reward_loss:  -77.16678619384766
epoch:  5 batch:  90 region_loss:  6.0 6.0 loc_loss:  0.923641357421875 reward_loss:  -46.18204116821289
epoch:  5 batch:  100 region_loss:  8.0 8.0 loc_loss:  1.2087384796142577 reward_loss:  -60.436920166015625
epoch:  5 batch:  110 region_loss:  4.0 4.0 loc_loss:  0.6349390411376953 reward_loss:  -31.74640655517578
epoch:  5 batch:  120 region_loss:  5.0 5.0 loc_loss:  0.7733958435058593 reward_loss:  -38.6695671081543
epoch:  5 batch:  130 region_loss:  7.0 7.0 loc_loss:  1.0899248504638672 reward_loss:  -54.49627685546875
acc@1:  0.06114769520225776
epoch: 5 region loss 0.17051094890510948 loc loss 1.3553295082593488 reward loss -64.58866990917791
epoch:  6 batch:  0 region_loss:  10.0 10.0 loc_loss:  1.438370819091797 reward_loss:  -71.91915130615234
epoch:  6 batch:  10 region_loss:  10.0 10.0 loc_loss:  1.6311126708984376 reward_loss:  -75.29337310791016
epoch:  6 batch:  20 region_loss:  10.0 10.0 loc_loss:  1.4397508239746093 reward_loss:  -71.98741912841797
epoch:  6 batch:  30 region_loss:  10.0 10.0 loc_loss:  1.4838458251953126 reward_loss:  -74.19180297851562
epoch:  6 batch:  40 region_loss:  10.0 10.0 loc_loss:  1.4587057495117188 reward_loss:  -72.93524169921875
epoch:  6 batch:  50 region_loss:  10.0 10.0 loc_loss:  1.6031752014160157 reward_loss:  -72.72669219970703
epoch:  6 batch:  60 region_loss:  10.0 10.0 loc_loss:  1.4780645751953125 reward_loss:  -73.9032211303711
epoch:  6 batch:  70 region_loss:  10.0 10.0 loc_loss:  1.474543914794922 reward_loss:  -73.7269058227539
epoch:  6 batch:  80 region_loss:  10.0 10.0 loc_loss:  1.4843450927734374 reward_loss:  -74.21715545654297
epoch:  6 batch:  90 region_loss:  6.0 6.0 loc_loss:  0.8885565185546875 reward_loss:  -44.42782211303711
epoch:  6 batch:  100 region_loss:  8.0 8.0 loc_loss:  1.1530818939208984 reward_loss:  -57.653995513916016
epoch:  6 batch:  110 region_loss:  4.0 4.0 loc_loss:  0.6143007278442383 reward_loss:  -30.715036392211914
epoch:  6 batch:  120 region_loss:  5.0 5.0 loc_loss:  0.7428826904296875 reward_loss:  -37.144134521484375
epoch:  6 batch:  130 region_loss:  7.0 7.0 loc_loss:  1.0500825500488282 reward_loss:  -52.50386047363281
acc@1:  0.06961429915333961
epoch: 6 region loss 0.17051094890510948 loc loss 1.2925069744917599 reward loss -61.7370991811265
epoch:  7 batch:  0 region_loss:  10.0 10.0 loc_loss:  1.3670968627929687 reward_loss:  -68.35441589355469
epoch:  7 batch:  10 region_loss:  10.0 10.0 loc_loss:  1.5358432006835938 reward_loss:  -72.21514892578125
epoch:  7 batch:  20 region_loss:  10.0 10.0 loc_loss:  1.3690023803710938 reward_loss:  -68.45012664794922
epoch:  7 batch:  30 region_loss:  10.0 10.0 loc_loss:  1.4135621643066407 reward_loss:  -70.67867279052734
epoch:  7 batch:  40 region_loss:  10.0 10.0 loc_loss:  1.397071075439453 reward_loss:  -69.85320281982422
epoch:  7 batch:  50 region_loss:  10.0 10.0 loc_loss:  1.5142974853515625 reward_loss:  -68.88065338134766
epoch:  7 batch:  60 region_loss:  10.0 10.0 loc_loss:  1.4089111328125 reward_loss:  -70.44552612304688
epoch:  7 batch:  70 region_loss:  10.0 10.0 loc_loss:  1.4016738891601563 reward_loss:  -70.08370208740234
epoch:  7 batch:  80 region_loss:  10.0 10.0 loc_loss:  1.4223567199707032 reward_loss:  -71.11785125732422
epoch:  7 batch:  90 region_loss:  6.0 6.0 loc_loss:  0.8524650573730469 reward_loss:  -42.62328338623047
epoch:  7 batch:  100 region_loss:  8.0 8.0 loc_loss:  1.0941361236572265 reward_loss:  -54.70669937133789
epoch:  7 batch:  110 region_loss:  4.0 4.0 loc_loss:  0.5926762390136718 reward_loss:  -29.633573532104492
epoch:  7 batch:  120 region_loss:  5.0 5.0 loc_loss:  0.7103621673583984 reward_loss:  -35.51810073852539
epoch:  7 batch:  130 region_loss:  7.0 7.0 loc_loss:  1.0080482482910156 reward_loss:  -50.402305603027344
acc@1:  0.08278457196613359
epoch: 7 region loss 0.17051094890510948 loc loss 1.228729681585827 reward loss -58.753248019810144
epoch:  8 batch:  0 region_loss:  10.0 10.0 loc_loss:  1.2939376831054688 reward_loss:  -64.69694519042969
epoch:  8 batch:  10 region_loss:  10.0 10.0 loc_loss:  1.4410720825195313 reward_loss:  -68.88843536376953
epoch:  8 batch:  20 region_loss:  10.0 10.0 loc_loss:  1.2938192749023438 reward_loss:  -64.69096374511719
epoch:  8 batch:  30 region_loss:  10.0 10.0 loc_loss:  1.3391496276855468 reward_loss:  -66.9573974609375
epoch:  8 batch:  40 region_loss:  10.0 10.0 loc_loss:  1.3367422485351563 reward_loss:  -66.83708953857422
epoch:  8 batch:  50 region_loss:  10.0 10.0 loc_loss:  1.4236375427246093 reward_loss:  -64.97837829589844
epoch:  8 batch:  60 region_loss:  10.0 10.0 loc_loss:  1.3375875854492187 reward_loss:  -66.87935638427734
epoch:  8 batch:  70 region_loss:  10.0 10.0 loc_loss:  1.3251956176757813 reward_loss:  -66.26008605957031
epoch:  8 batch:  80 region_loss:  10.0 10.0 loc_loss:  1.357814178466797 reward_loss:  -67.89070129394531
epoch:  8 batch:  90 region_loss:  6.0 6.0 loc_loss:  0.8152378082275391 reward_loss:  -40.76188659667969
epoch:  8 batch:  100 region_loss:  8.0 8.0 loc_loss:  1.0334290313720702 reward_loss:  -51.67137908935547
epoch:  8 batch:  110 region_loss:  4.0 4.0 loc_loss:  0.5700587463378907 reward_loss:  -28.502960205078125
epoch:  8 batch:  120 region_loss:  5.0 5.0 loc_loss:  0.6768175506591797 reward_loss:  -33.8408203125
epoch:  8 batch:  130 region_loss:  7.0 7.0 loc_loss:  0.9643571472167969 reward_loss:  -48.21784210205078
acc@1:  0.09830667920978363
epoch: 8 region loss 0.17051094890510948 loc loss 1.1656018701260977 reward loss -55.69631902318801
epoch:  9 batch:  0 region_loss:  10.0 10.0 loc_loss:  1.2174974060058594 reward_loss:  -60.87493896484375
epoch:  9 batch:  10 region_loss:  10.0 10.0 loc_loss:  1.348348388671875 reward_loss:  -65.38111114501953
epoch:  9 batch:  20 region_loss:  10.0 10.0 loc_loss:  1.2164845275878906 reward_loss:  -60.82423782348633
epoch:  9 batch:  30 region_loss:  10.0 10.0 loc_loss:  1.2629220581054688 reward_loss:  -63.14588928222656
epoch:  9 batch:  40 region_loss:  10.0 10.0 loc_loss:  1.2783695983886718 reward_loss:  -63.91846466064453
epoch:  9 batch:  50 region_loss:  10.0 10.0 loc_loss:  1.3501608276367187 reward_loss:  -61.099544525146484
epoch:  9 batch:  60 region_loss:  10.0 10.0 loc_loss:  1.2661629486083985 reward_loss:  -63.30815124511719
epoch:  9 batch:  70 region_loss:  10.0 10.0 loc_loss:  1.247086944580078 reward_loss:  -62.35438919067383
epoch:  9 batch:  80 region_loss:  10.0 10.0 loc_loss:  1.292347412109375 reward_loss:  -64.61737060546875
epoch:  9 batch:  90 region_loss:  6.0 6.0 loc_loss:  0.7778725433349609 reward_loss:  -38.8936882019043
epoch:  9 batch:  100 region_loss:  8.0 8.0 loc_loss:  0.97312255859375 reward_loss:  -48.65614318847656
epoch:  9 batch:  110 region_loss:  4.0 4.0 loc_loss:  0.5466598510742188 reward_loss:  -27.332984924316406
epoch:  9 batch:  120 region_loss:  5.0 5.0 loc_loss:  0.6430800628662109 reward_loss:  -32.15400314331055
epoch:  9 batch:  130 region_loss:  7.0 7.0 loc_loss:  0.9197257995605469 reward_loss:  -45.98637390136719
acc@1:  0.10677328316086547
epoch: 9 region loss 0.17051094890510948 loc loss 1.0835912309075795 reward loss -52.64194379931819
epoch:  10 batch:  0 region_loss:  10.0 10.0 loc_loss:  1.1422835540771485 reward_loss:  -57.11415481567383
epoch:  10 batch:  10 region_loss:  10.0 10.0 loc_loss:  1.2961392211914062 reward_loss:  -61.82902145385742
epoch:  10 batch:  20 region_loss:  10.0 10.0 loc_loss:  1.1383554077148437 reward_loss:  -56.91775894165039
epoch:  10 batch:  30 region_loss:  10.0 10.0 loc_loss:  1.1868869018554689 reward_loss:  -59.344337463378906
epoch:  10 batch:  40 region_loss:  10.0 10.0 loc_loss:  1.2212981414794921 reward_loss:  -61.064903259277344
epoch:  10 batch:  50 region_loss:  10.0 10.0 loc_loss:  1.2629774475097657 reward_loss:  -57.471824645996094
epoch:  10 batch:  60 region_loss:  10.0 10.0 loc_loss:  1.1975926208496093 reward_loss:  -59.8796272277832
epoch:  10 batch:  70 region_loss:  10.0 10.0 loc_loss:  1.1697793579101563 reward_loss:  -58.48899459838867
epoch:  10 batch:  80 region_loss:  10.0 10.0 loc_loss:  1.2285643005371094 reward_loss:  -61.42821502685547
epoch:  10 batch:  90 region_loss:  6.0 6.0 loc_loss:  0.7411978149414062 reward_loss:  -37.05988693237305
epoch:  10 batch:  100 region_loss:  8.0 8.0 loc_loss:  0.9147791290283203 reward_loss:  -45.73896026611328
epoch:  10 batch:  110 region_loss:  4.0 4.0 loc_loss:  0.5229287719726563 reward_loss:  -26.146434783935547
epoch:  10 batch:  120 region_loss:  5.0 5.0 loc_loss:  0.6101411437988281 reward_loss:  -30.507055282592773
epoch:  10 batch:  130 region_loss:  7.0 7.0 loc_loss:  0.8749903106689453 reward_loss:  -43.749515533447266
acc@1:  0.11241768579492004
epoch: 10 region loss 0.17051094890510948 loc loss 1.0426545186286424 reward loss -49.676430319347524
epoch:  11 batch:  0 region_loss:  10.0 10.0 loc_loss:  1.0719143676757812 reward_loss:  -53.59577178955078
epoch:  11 batch:  10 region_loss:  10.0 10.0 loc_loss:  1.1991705322265624 reward_loss:  -58.303565979003906
epoch:  11 batch:  20 region_loss:  10.0 10.0 loc_loss:  1.06247314453125 reward_loss:  -53.12364959716797
epoch:  11 batch:  30 region_loss:  10.0 10.0 loc_loss:  1.1126234436035156 reward_loss:  -55.63125991821289
epoch:  11 batch:  40 region_loss:  10.0 10.0 loc_loss:  1.16561767578125 reward_loss:  -58.280887603759766
epoch:  11 batch:  50 region_loss:  10.0 10.0 loc_loss:  1.1813414001464844 reward_loss:  -54.03347396850586
epoch:  11 batch:  60 region_loss:  10.0 10.0 loc_loss:  1.1327628326416015 reward_loss:  -56.63813018798828
epoch:  11 batch:  70 region_loss:  10.0 10.0 loc_loss:  1.096890640258789 reward_loss:  -54.844573974609375
epoch:  11 batch:  80 region_loss:  10.0 10.0 loc_loss:  1.1678361511230468 reward_loss:  -58.391815185546875
epoch:  11 batch:  90 region_loss:  6.0 6.0 loc_loss:  0.7055415344238282 reward_loss:  -35.277069091796875
epoch:  11 batch:  100 region_loss:  8.0 8.0 loc_loss:  0.8596206665039062 reward_loss:  -42.981048583984375
epoch:  11 batch:  110 region_loss:  4.0 4.0 loc_loss:  0.49910751342773435 reward_loss:  -24.955373764038086
epoch:  11 batch:  120 region_loss:  5.0 5.0 loc_loss:  0.5784118270874024 reward_loss:  -28.920589447021484
epoch:  11 batch:  130 region_loss:  7.0 7.0 loc_loss:  0.8310848999023438 reward_loss:  -41.55424499511719
acc@1:  0.11712135465663218
epoch: 11 region loss 0.17051094890510948 loc loss 0.9842817164511577 reward loss -46.86034347367113
epoch:  12 batch:  0 region_loss:  10.0 10.0 loc_loss:  1.0070912170410156 reward_loss:  -50.354469299316406
epoch:  12 batch:  10 region_loss:  10.0 10.0 loc_loss:  1.1201128387451171 reward_loss:  -54.96876907348633
epoch:  12 batch:  20 region_loss:  10.0 10.0 loc_loss:  0.9908223724365235 reward_loss:  -49.54111099243164
epoch:  12 batch:  30 region_loss:  10.0 10.0 loc_loss:  1.0416229248046875 reward_loss:  -52.081146240234375
epoch:  12 batch:  40 region_loss:  10.0 10.0 loc_loss:  1.111934814453125 reward_loss:  -55.59674072265625
epoch:  12 batch:  50 region_loss:  10.0 10.0 loc_loss:  1.107630157470703 reward_loss:  -50.80413055419922
epoch:  12 batch:  60 region_loss:  10.0 10.0 loc_loss:  1.0722171020507814 reward_loss:  -53.6108512878418
epoch:  12 batch:  70 region_loss:  10.0 10.0 loc_loss:  1.0303853607177735 reward_loss:  -51.519287109375
epoch:  12 batch:  80 region_loss:  10.0 10.0 loc_loss:  1.1104920959472657 reward_loss:  -55.52460479736328
epoch:  12 batch:  90 region_loss:  6.0 6.0 loc_loss:  0.6711956787109375 reward_loss:  -33.55978775024414
epoch:  12 batch:  100 region_loss:  8.0 8.0 loc_loss:  0.8084912109375 reward_loss:  -40.42481231689453
epoch:  12 batch:  110 region_loss:  4.0 4.0 loc_loss:  0.4755315017700195 reward_loss:  -23.776573181152344
epoch:  12 batch:  120 region_loss:  5.0 5.0 loc_loss:  0.5481615829467773 reward_loss:  -27.4080810546875
epoch:  12 batch:  130 region_loss:  7.0 7.0 loc_loss:  0.7886648559570313 reward_loss:  -39.433223724365234
acc@1:  0.11853245531514581
epoch: 12 region loss 0.17051094890510948 loc loss 0.930799291568951 reward loss -44.23064476904208
epoch:  13 batch:  0 region_loss:  10.0 10.0 loc_loss:  0.9479369354248047 reward_loss:  -47.39685821533203
epoch:  13 batch:  10 region_loss:  10.0 10.0 loc_loss:  1.068595428466797 reward_loss:  -51.870704650878906
epoch:  13 batch:  20 region_loss:  10.0 10.0 loc_loss:  0.9251676940917969 reward_loss:  -46.25837707519531
epoch:  13 batch:  30 region_loss:  10.0 10.0 loc_loss:  0.9754591369628907 reward_loss:  -48.77281188964844
epoch:  13 batch:  40 region_loss:  10.0 10.0 loc_loss:  1.0611502838134765 reward_loss:  -53.05751037597656
epoch:  13 batch:  50 region_loss:  10.0 10.0 loc_loss:  1.0322279357910156 reward_loss:  -47.81129455566406
epoch:  13 batch:  60 region_loss:  10.0 10.0 loc_loss:  1.0161957550048828 reward_loss:  -50.809783935546875
epoch:  13 batch:  70 region_loss:  10.0 10.0 loc_loss:  0.9704307556152344 reward_loss:  -48.52153778076172
epoch:  13 batch:  80 region_loss:  10.0 10.0 loc_loss:  1.0562750244140624 reward_loss:  -52.81375503540039
epoch:  13 batch:  90 region_loss:  6.0 6.0 loc_loss:  0.6385248947143555 reward_loss:  -31.926193237304688
epoch:  13 batch:  100 region_loss:  8.0 8.0 loc_loss:  0.761803970336914 reward_loss:  -38.0901985168457
epoch:  13 batch:  110 region_loss:  4.0 4.0 loc_loss:  0.4525184631347656 reward_loss:  -22.625919342041016
epoch:  13 batch:  120 region_loss:  5.0 5.0 loc_loss:  0.5194385528564454 reward_loss:  -25.97189712524414
epoch:  13 batch:  130 region_loss:  7.0 7.0 loc_loss:  0.7483363342285156 reward_loss:  -37.41678237915039
acc@1:  0.1213546566321731
epoch: 13 region loss 0.17051094890510948 loc loss 0.8808241400057382 reward loss -41.801484588288915
epoch:  14 batch:  0 region_loss:  10.0 10.0 loc_loss:  0.89457275390625 reward_loss:  -44.7286376953125
epoch:  14 batch:  10 region_loss:  10.0 10.0 loc_loss:  1.0079035949707031 reward_loss:  -49.04220962524414
epoch:  14 batch:  20 region_loss:  10.0 10.0 loc_loss:  0.866728286743164 reward_loss:  -43.3364143371582
epoch:  14 batch:  30 region_loss:  10.0 10.0 loc_loss:  0.915283203125 reward_loss:  -45.764156341552734
epoch:  14 batch:  40 region_loss:  10.0 10.0 loc_loss:  1.0139923095703125 reward_loss:  -50.699615478515625
epoch:  14 batch:  50 region_loss:  10.0 10.0 loc_loss:  0.9644868469238281 reward_loss:  -45.07238006591797
epoch:  14 batch:  60 region_loss:  10.0 10.0 loc_loss:  0.9646266174316406 reward_loss:  -48.231327056884766
epoch:  14 batch:  70 region_loss:  10.0 10.0 loc_loss:  0.9164486694335937 reward_loss:  -45.82242202758789
epoch:  14 batch:  80 region_loss:  10.0 10.0 loc_loss:  1.0051681518554687 reward_loss:  -50.258419036865234
epoch:  14 batch:  90 region_loss:  6.0 6.0 loc_loss:  0.6077692031860351 reward_loss:  -30.38846778869629
epoch:  14 batch:  100 region_loss:  8.0 8.0 loc_loss:  0.7195762634277344 reward_loss:  -35.978816986083984
epoch:  14 batch:  110 region_loss:  4.0 4.0 loc_loss:  0.43032676696777344 reward_loss:  -21.516342163085938
epoch:  14 batch:  120 region_loss:  5.0 5.0 loc_loss:  0.49211471557617187 reward_loss:  -24.60573387145996
epoch:  14 batch:  130 region_loss:  7.0 7.0 loc_loss:  0.7104869842529297 reward_loss:  -35.524349212646484
acc@1:  0.12605832549388524
epoch: 14 region loss 0.17051094890510948 loc loss 0.8355346044832772 reward loss -39.58153785928322
epoch:  15 batch:  0 region_loss:  10.0 10.0 loc_loss:  0.846332778930664 reward_loss:  -42.316646575927734
epoch:  15 batch:  10 region_loss:  10.0 10.0 loc_loss:  0.9473283386230469 reward_loss:  -46.383445739746094
epoch:  15 batch:  20 region_loss:  10.0 10.0 loc_loss:  0.8156636810302734 reward_loss:  -40.783180236816406
epoch:  15 batch:  30 region_loss:  10.0 10.0 loc_loss:  0.8614125061035156 reward_loss:  -43.07056427001953
epoch:  15 batch:  40 region_loss:  10.0 10.0 loc_loss:  0.9706065368652343 reward_loss:  -48.53032684326172
epoch:  15 batch:  50 region_loss:  10.0 10.0 loc_loss:  0.9016983795166016 reward_loss:  -42.58659744262695
epoch:  15 batch:  60 region_loss:  10.0 10.0 loc_loss:  0.9169763946533203 reward_loss:  -45.848819732666016
epoch:  15 batch:  70 region_loss:  10.0 10.0 loc_loss:  0.8678452301025391 reward_loss:  -43.39225387573242
epoch:  15 batch:  80 region_loss:  10.0 10.0 loc_loss:  0.9572802734375 reward_loss:  -47.86399841308594
epoch:  15 batch:  90 region_loss:  6.0 6.0 loc_loss:  0.5789763641357422 reward_loss:  -28.94882583618164
epoch:  15 batch:  100 region_loss:  8.0 8.0 loc_loss:  0.6814112854003906 reward_loss:  -34.0705680847168
epoch:  15 batch:  110 region_loss:  4.0 4.0 loc_loss:  0.40911270141601563 reward_loss:  -20.455629348754883
epoch:  15 batch:  120 region_loss:  5.0 5.0 loc_loss:  0.4661196517944336 reward_loss:  -23.305984497070312
epoch:  15 batch:  130 region_loss:  7.0 7.0 loc_loss:  0.6752362060546875 reward_loss:  -33.76180648803711
acc@1:  0.12982126058325494
epoch: 15 region loss 0.17051094890510948 loc loss 0.7960651358722771 reward loss -37.552386012390585
epoch:  16 batch:  0 region_loss:  10.0 10.0 loc_loss:  0.8024159240722656 reward_loss:  -40.120792388916016
epoch:  16 batch:  10 region_loss:  10.0 10.0 loc_loss:  0.9023818969726562 reward_loss:  -44.06453323364258
epoch:  16 batch:  20 region_loss:  10.0 10.0 loc_loss:  0.771308364868164 reward_loss:  -38.5654182434082
epoch:  16 batch:  30 region_loss:  10.0 10.0 loc_loss:  0.8128201293945313 reward_loss:  -40.64097213745117
epoch:  16 batch:  40 region_loss:  10.0 10.0 loc_loss:  0.9308159637451172 reward_loss:  -46.54079818725586
epoch:  16 batch:  50 region_loss:  10.0 10.0 loc_loss:  0.8608718872070312 reward_loss:  -40.31802749633789
epoch:  16 batch:  60 region_loss:  10.0 10.0 loc_loss:  0.8723048400878907 reward_loss:  -43.61524200439453
epoch:  16 batch:  70 region_loss:  10.0 10.0 loc_loss:  0.8237216186523437 reward_loss:  -41.18609619140625
epoch:  16 batch:  80 region_loss:  10.0 10.0 loc_loss:  0.9121223449707031 reward_loss:  -45.606117248535156
epoch:  16 batch:  90 region_loss:  6.0 6.0 loc_loss:  0.5519588470458985 reward_loss:  -27.5980224609375
epoch:  16 batch:  100 region_loss:  8.0 8.0 loc_loss:  0.6465948486328125 reward_loss:  -32.329742431640625
epoch:  16 batch:  110 region_loss:  4.0 4.0 loc_loss:  0.38889728546142577 reward_loss:  -19.44486427307129
epoch:  16 batch:  120 region_loss:  5.0 5.0 loc_loss:  0.44159530639648437 reward_loss:  -22.079769134521484
epoch:  16 batch:  130 region_loss:  7.0 7.0 loc_loss:  0.6423727416992188 reward_loss:  -32.11863708496094
acc@1:  0.13076199435559738
epoch: 16 region loss 0.17051094890510948 loc loss 0.7579972416118984 reward loss -35.69680169377014
epoch:  17 batch:  0 region_loss:  10.0 10.0 loc_loss:  0.7622322082519531 reward_loss:  -38.11161422729492
epoch:  17 batch:  10 region_loss:  10.0 10.0 loc_loss:  0.8476358795166016 reward_loss:  -41.8880500793457
epoch:  17 batch:  20 region_loss:  10.0 10.0 loc_loss:  0.7323432922363281 reward_loss:  -36.61716079711914
epoch:  17 batch:  30 region_loss:  10.0 10.0 loc_loss:  0.7693556213378906 reward_loss:  -38.46773910522461
epoch:  17 batch:  40 region_loss:  10.0 10.0 loc_loss:  0.8943051147460938 reward_loss:  -44.71525573730469
epoch:  17 batch:  50 region_loss:  10.0 10.0 loc_loss:  0.8012867736816406 reward_loss:  -38.27640151977539
epoch:  17 batch:  60 region_loss:  10.0 10.0 loc_loss:  0.8304866790771485 reward_loss:  -41.52433395385742
epoch:  17 batch:  70 region_loss:  10.0 10.0 loc_loss:  0.7835737609863281 reward_loss:  -39.178733825683594
epoch:  17 batch:  80 region_loss:  10.0 10.0 loc_loss:  0.8701702117919922 reward_loss:  -43.50851821899414
epoch:  17 batch:  90 region_loss:  6.0 6.0 loc_loss:  0.5266133880615235 reward_loss:  -26.33071517944336
epoch:  17 batch:  100 region_loss:  8.0 8.0 loc_loss:  0.6148471832275391 reward_loss:  -30.742359161376953
epoch:  17 batch:  110 region_loss:  4.0 4.0 loc_loss:  0.36949249267578127 reward_loss:  -18.47461700439453
epoch:  17 batch:  120 region_loss:  5.0 5.0 loc_loss:  0.41819984436035157 reward_loss:  -20.909992218017578
epoch:  17 batch:  130 region_loss:  7.0 7.0 loc_loss:  0.6118029403686523 reward_loss:  -30.590147018432617
acc@1:  0.1288805268109125
epoch: 17 region loss 0.17051094890510948 loc loss 0.7054411517790635 reward loss -33.99186972457997
epoch:  18 batch:  0 region_loss:  10.0 10.0 loc_loss:  0.7252182006835938 reward_loss:  -36.26090621948242
epoch:  18 batch:  10 region_loss:  10.0 10.0 loc_loss:  0.832495346069336 reward_loss:  -39.88290023803711
epoch:  18 batch:  20 region_loss:  10.0 10.0 loc_loss:  0.6976683807373046 reward_loss:  -34.883419036865234
epoch:  18 batch:  30 region_loss:  10.0 10.0 loc_loss:  0.7298596954345703 reward_loss:  -36.49300765991211
epoch:  18 batch:  40 region_loss:  10.0 10.0 loc_loss:  0.8603059387207032 reward_loss:  -43.015296936035156
epoch:  18 batch:  50 region_loss:  10.0 10.0 loc_loss:  0.7511743927001953 reward_loss:  -36.42259979248047
epoch:  18 batch:  60 region_loss:  10.0 10.0 loc_loss:  0.7909295654296875 reward_loss:  -39.54647445678711
epoch:  18 batch:  70 region_loss:  10.0 10.0 loc_loss:  0.7463887023925782 reward_loss:  -37.31943130493164
epoch:  18 batch:  80 region_loss:  10.0 10.0 loc_loss:  0.830833969116211 reward_loss:  -41.54169845581055
epoch:  18 batch:  90 region_loss:  6.0 6.0 loc_loss:  0.5025916290283203 reward_loss:  -25.129451751708984
epoch:  18 batch:  100 region_loss:  8.0 8.0 loc_loss:  0.5853536224365234 reward_loss:  -29.267677307128906
epoch:  18 batch:  110 region_loss:  4.0 4.0 loc_loss:  0.3512934875488281 reward_loss:  -17.564674377441406
epoch:  18 batch:  120 region_loss:  5.0 5.0 loc_loss:  0.3959967041015625 reward_loss:  -19.799837112426758
epoch:  18 batch:  130 region_loss:  7.0 7.0 loc_loss:  0.5830257415771485 reward_loss:  -29.151287078857422
acc@1:  0.12982126058325494
epoch: 18 region loss 0.17051094890510948 loc loss 0.6914034640179934 reward loss -32.41757772960802
epoch:  19 batch:  0 region_loss:  10.0 10.0 loc_loss:  0.6904383850097656 reward_loss:  -34.52191925048828
epoch:  19 batch:  10 region_loss:  10.0 10.0 loc_loss:  0.7934363555908203 reward_loss:  -38.01558303833008
epoch:  19 batch:  20 region_loss:  10.0 10.0 loc_loss:  0.6663974761962891 reward_loss:  -33.31987762451172
epoch:  19 batch:  30 region_loss:  10.0 10.0 loc_loss:  0.6937766265869141 reward_loss:  -34.68887710571289
epoch:  19 batch:  40 region_loss:  10.0 10.0 loc_loss:  0.8284270477294922 reward_loss:  -41.42135238647461
epoch:  19 batch:  50 region_loss:  10.0 10.0 loc_loss:  0.7057093811035157 reward_loss:  -34.71674346923828
epoch:  19 batch:  60 region_loss:  10.0 10.0 loc_loss:  0.7534438323974609 reward_loss:  -37.67219161987305
epoch:  19 batch:  70 region_loss:  10.0 10.0 loc_loss:  0.7117308807373047 reward_loss:  -35.586551666259766
epoch:  19 batch:  80 region_loss:  10.0 10.0 loc_loss:  0.7937403869628906 reward_loss:  -39.686981201171875
epoch:  19 batch:  90 region_loss:  6.0 6.0 loc_loss:  0.47981121063232424 reward_loss:  -23.99050521850586
epoch:  19 batch:  100 region_loss:  8.0 8.0 loc_loss:  0.557818603515625 reward_loss:  -27.890926361083984
epoch:  19 batch:  110 region_loss:  4.0 4.0 loc_loss:  0.3341288375854492 reward_loss:  -16.70644187927246
epoch:  19 batch:  120 region_loss:  5.0 5.0 loc_loss:  0.3749453353881836 reward_loss:  -18.747268676757812
epoch:  19 batch:  130 region_loss:  7.0 7.0 loc_loss:  0.5558252716064453 reward_loss:  -27.7912654876709
acc@1:  0.12746942615239887
epoch: 19 region loss 0.17051094890510948 loc loss 0.6613930187086119 reward loss -30.949941718665354
epoch:  20 batch:  0 region_loss:  10.0 10.0 loc_loss:  0.6577143096923828 reward_loss:  -32.88571548461914
epoch:  20 batch:  10 region_loss:  10.0 10.0 loc_loss:  0.7669229888916016 reward_loss:  -36.27809524536133
epoch:  20 batch:  20 region_loss:  10.0 10.0 loc_loss:  0.6379122161865234 reward_loss:  -31.89560890197754
epoch:  20 batch:  30 region_loss:  10.0 10.0 loc_loss:  0.6604168701171875 reward_loss:  -33.020843505859375
epoch:  20 batch:  40 region_loss:  10.0 10.0 loc_loss:  0.7982555389404297 reward_loss:  -39.912776947021484
epoch:  20 batch:  50 region_loss:  10.0 10.0 loc_loss:  0.667553939819336 reward_loss:  -33.13124084472656
epoch:  20 batch:  60 region_loss:  10.0 10.0 loc_loss:  0.7177935028076172 reward_loss:  -35.88967514038086
epoch:  20 batch:  70 region_loss:  10.0 10.0 loc_loss:  0.6791917419433594 reward_loss:  -33.95956802368164
epoch:  20 batch:  80 region_loss:  10.0 10.0 loc_loss:  0.7586480712890625 reward_loss:  -37.93244934082031
epoch:  20 batch:  90 region_loss:  6.0 6.0 loc_loss:  0.4581136703491211 reward_loss:  -22.905675888061523
epoch:  20 batch:  100 region_loss:  8.0 8.0 loc_loss:  0.5318867874145508 reward_loss:  -26.594337463378906
epoch:  20 batch:  110 region_loss:  4.0 4.0 loc_loss:  0.31779890060424804 reward_loss:  -15.889944076538086
epoch:  20 batch:  120 region_loss:  5.0 5.0 loc_loss:  0.35496414184570313 reward_loss:  -17.748207092285156
epoch:  20 batch:  130 region_loss:  7.0 7.0 loc_loss:  0.5300020980834961 reward_loss:  -26.500102996826172
acc@1:  0.12605832549388524
epoch: 20 region loss 0.17051094890510948 loc loss 0.6330491103569087 reward loss -29.576589897601274
epoch:  21 batch:  0 region_loss:  10.0 10.0 loc_loss:  0.6267284393310547 reward_loss:  -31.336421966552734
epoch:  21 batch:  10 region_loss:  10.0 10.0 loc_loss:  0.7127313995361328 reward_loss:  -34.64896774291992
epoch:  21 batch:  20 region_loss:  10.0 10.0 loc_loss:  0.6116330718994141 reward_loss:  -30.581649780273438
epoch:  21 batch:  30 region_loss:  10.0 10.0 loc_loss:  0.6293747329711914 reward_loss:  -31.46869659423828
epoch:  21 batch:  40 region_loss:  10.0 10.0 loc_loss:  0.7694399261474609 reward_loss:  -38.47199630737305
epoch:  21 batch:  50 region_loss:  10.0 10.0 loc_loss:  0.6506654357910157 reward_loss:  -31.648235321044922
epoch:  21 batch:  60 region_loss:  10.0 10.0 loc_loss:  0.683885498046875 reward_loss:  -34.19427490234375
epoch:  21 batch:  70 region_loss:  10.0 10.0 loc_loss:  0.6485401153564453 reward_loss:  -32.42700958251953
epoch:  21 batch:  80 region_loss:  10.0 10.0 loc_loss:  0.72512939453125 reward_loss:  -36.25650405883789
epoch:  21 batch:  90 region_loss:  6.0 6.0 loc_loss:  0.4376443099975586 reward_loss:  -21.88195037841797
epoch:  21 batch:  100 region_loss:  8.0 8.0 loc_loss:  0.5073689270019531 reward_loss:  -25.36844825744629
epoch:  21 batch:  110 region_loss:  4.0 4.0 loc_loss:  0.3023023414611816 reward_loss:  -15.115117073059082
epoch:  21 batch:  120 region_loss:  5.0 5.0 loc_loss:  0.33600914001464843 reward_loss:  -16.800457000732422
epoch:  21 batch:  130 region_loss:  7.0 7.0 loc_loss:  0.5053812408447266 reward_loss:  -25.269060134887695
acc@1:  0.12746942615239887
epoch: 21 region loss 0.17051094890510948 loc loss 0.6067425397886848 reward loss -28.28213965979806
epoch:  22 batch:  0 region_loss:  10.0 10.0 loc_loss:  0.5973582458496094 reward_loss:  -29.86791229248047
epoch:  22 batch:  10 region_loss:  10.0 10.0 loc_loss:  0.6754728698730469 reward_loss:  -32.953392028808594
epoch:  22 batch:  20 region_loss:  10.0 10.0 loc_loss:  0.5872025680541992 reward_loss:  -29.36012840270996
epoch:  22 batch:  30 region_loss:  10.0 10.0 loc_loss:  0.6001327133178711 reward_loss:  -30.006607055664062
epoch:  22 batch:  40 region_loss:  10.0 10.0 loc_loss:  0.7417190551757813 reward_loss:  -37.08595657348633
epoch:  22 batch:  50 region_loss:  10.0 10.0 loc_loss:  0.6153681945800781 reward_loss:  -30.252197265625
epoch:  22 batch:  60 region_loss:  10.0 10.0 loc_loss:  0.6515962982177734 reward_loss:  -32.57981491088867
epoch:  22 batch:  70 region_loss:  10.0 10.0 loc_loss:  0.6196006393432617 reward_loss:  -30.980031967163086
epoch:  22 batch:  80 region_loss:  10.0 10.0 loc_loss:  0.6930544281005859 reward_loss:  -34.6527214050293
epoch:  22 batch:  90 region_loss:  6.0 6.0 loc_loss:  0.41797107696533203 reward_loss:  -20.898637771606445
epoch:  22 batch:  100 region_loss:  8.0 8.0 loc_loss:  0.4840532684326172 reward_loss:  -24.20266342163086
epoch:  22 batch:  110 region_loss:  4.0 4.0 loc_loss:  0.2875289726257324 reward_loss:  -14.376447677612305
epoch:  22 batch:  120 region_loss:  5.0 5.0 loc_loss:  0.31804374694824217 reward_loss:  -15.90218734741211
epoch:  22 batch:  130 region_loss:  7.0 7.0 loc_loss:  0.48182682037353514 reward_loss:  -24.091341018676758
acc@1:  0.12746942615239887
epoch: 22 region loss 0.17051094890510948 loc loss 0.5817587535050663 reward loss -27.055952475888887
epoch:  23 batch:  0 region_loss:  10.0 10.0 loc_loss:  0.5694286346435546 reward_loss:  -28.471433639526367
epoch:  23 batch:  10 region_loss:  10.0 10.0 loc_loss:  0.6614112091064454 reward_loss:  -31.674121856689453
epoch:  23 batch:  20 region_loss:  10.0 10.0 loc_loss:  0.5642627334594726 reward_loss:  -28.213136672973633
epoch:  23 batch:  30 region_loss:  10.0 10.0 loc_loss:  0.5725181198120117 reward_loss:  -28.62590217590332
epoch:  23 batch:  40 region_loss:  10.0 10.0 loc_loss:  0.7149114227294922 reward_loss:  -35.74557113647461
epoch:  23 batch:  50 region_loss:  10.0 10.0 loc_loss:  0.5796566772460937 reward_loss:  -28.93191146850586
epoch:  23 batch:  60 region_loss:  10.0 10.0 loc_loss:  0.6208038711547852 reward_loss:  -31.040191650390625
epoch:  23 batch:  70 region_loss:  10.0 10.0 loc_loss:  0.5922796249389648 reward_loss:  -29.613981246948242
epoch:  23 batch:  80 region_loss:  10.0 10.0 loc_loss:  0.6622819519042968 reward_loss:  -33.11408996582031
epoch:  23 batch:  90 region_loss:  6.0 6.0 loc_loss:  0.39889442443847656 reward_loss:  -19.944334030151367
epoch:  23 batch:  100 region_loss:  8.0 8.0 loc_loss:  0.4618097686767578 reward_loss:  -23.090490341186523
epoch:  23 batch:  110 region_loss:  4.0 4.0 loc_loss:  0.27339365005493166 reward_loss:  -13.66968059539795
epoch:  23 batch:  120 region_loss:  5.0 5.0 loc_loss:  0.3009882164001465 reward_loss:  -15.049409866333008
epoch:  23 batch:  130 region_loss:  7.0 7.0 loc_loss:  0.4592102432250977 reward_loss:  -22.96051025390625
acc@1:  0.12699905926622765
epoch: 23 region loss 0.17051094890510948 loc loss 0.5597146621063678 reward loss -25.885140060508338
epoch:  24 batch:  0 region_loss:  10.0 10.0 loc_loss:  0.5428779983520508 reward_loss:  -27.14389991760254
epoch:  24 batch:  10 region_loss:  10.0 10.0 loc_loss:  0.6093050003051758 reward_loss:  -30.013996124267578
epoch:  24 batch:  20 region_loss:  10.0 10.0 loc_loss:  0.5431011199951172 reward_loss:  -27.155057907104492
epoch:  24 batch:  30 region_loss:  10.0 10.0 loc_loss:  0.5470635223388672 reward_loss:  -27.354026794433594
epoch:  24 batch:  40 region_loss:  10.0 10.0 loc_loss:  0.6887709808349609 reward_loss:  -34.43854522705078
epoch:  24 batch:  50 region_loss:  10.0 10.0 loc_loss:  0.577292594909668 reward_loss:  -27.698223114013672
epoch:  24 batch:  60 region_loss:  10.0 10.0 loc_loss:  0.5916738891601563 reward_loss:  -29.583696365356445
epoch:  24 batch:  70 region_loss:  10.0 10.0 loc_loss:  0.567066650390625 reward_loss:  -28.353328704833984
epoch:  24 batch:  80 region_loss:  10.0 10.0 loc_loss:  0.6325959396362305 reward_loss:  -31.629791259765625
epoch:  24 batch:  90 region_loss:  6.0 6.0 loc_loss:  0.38041465759277343 reward_loss:  -19.020387649536133
epoch:  24 batch:  100 region_loss:  8.0 8.0 loc_loss:  0.4406403350830078 reward_loss:  -22.03201675415039
epoch:  24 batch:  110 region_loss:  4.0 4.0 loc_loss:  0.25996070861816406 reward_loss:  -12.998034477233887
epoch:  24 batch:  120 region_loss:  5.0 5.0 loc_loss:  0.28475357055664063 reward_loss:  -14.237679481506348
epoch:  24 batch:  130 region_loss:  7.0 7.0 loc_loss:  0.43721710205078124 reward_loss:  -21.860855102539062
acc@1:  0.12323612417685795
epoch: 24 region loss 0.17051094890510948 loc loss 0.5366556888079121 reward loss -24.77810895878033
epoch:  25 batch:  0 region_loss:  10.0 10.0 loc_loss:  0.5175233840942383 reward_loss:  -25.876169204711914
epoch:  25 batch:  10 region_loss:  10.0 10.0 loc_loss:  0.5779944229125976 reward_loss:  -28.788000106811523
epoch:  25 batch:  20 region_loss:  10.0 10.0 loc_loss:  0.5223247909545898 reward_loss:  -26.116241455078125
epoch:  25 batch:  30 region_loss:  10.0 10.0 loc_loss:  0.5219253158569336 reward_loss:  -26.0961971282959
epoch:  25 batch:  40 region_loss:  10.0 10.0 loc_loss:  0.663662338256836 reward_loss:  -33.1831169128418
epoch:  25 batch:  50 region_loss:  10.0 10.0 loc_loss:  0.5390369415283203 reward_loss:  -26.493438720703125
epoch:  25 batch:  60 region_loss:  10.0 10.0 loc_loss:  0.5634372711181641 reward_loss:  -28.17186164855957
epoch:  25 batch:  70 region_loss:  10.0 10.0 loc_loss:  0.5426004791259765 reward_loss:  -27.130023956298828
epoch:  25 batch:  80 region_loss:  10.0 10.0 loc_loss:  0.604134292602539 reward_loss:  -30.206716537475586
epoch:  25 batch:  90 region_loss:  6.0 6.0 loc_loss:  0.36266742706298827 reward_loss:  -18.133438110351562
epoch:  25 batch:  100 region_loss:  8.0 8.0 loc_loss:  0.420321044921875 reward_loss:  -21.016050338745117
epoch:  25 batch:  110 region_loss:  4.0 4.0 loc_loss:  0.24694908142089844 reward_loss:  -12.347455024719238
epoch:  25 batch:  120 region_loss:  5.0 5.0 loc_loss:  0.26929752349853514 reward_loss:  -13.464875221252441
epoch:  25 batch:  130 region_loss:  7.0 7.0 loc_loss:  0.41659954071044925 reward_loss:  -20.82997703552246
acc@1:  0.1213546566321731
epoch: 25 region loss 0.17051094890510948 loc loss 0.4917541542192445 reward loss -23.711660754071534
epoch:  26 batch:  0 region_loss:  10.0 10.0 loc_loss:  0.49342453002929687 reward_loss:  -24.671226501464844
epoch:  26 batch:  10 region_loss:  10.0 10.0 loc_loss:  0.6411518096923828 reward_loss:  -27.791475296020508
epoch:  26 batch:  20 region_loss:  10.0 10.0 loc_loss:  0.5025933074951172 reward_loss:  -25.12966537475586
epoch:  26 batch:  30 region_loss:  10.0 10.0 loc_loss:  0.4979677963256836 reward_loss:  -24.898399353027344
epoch:  26 batch:  40 region_loss:  10.0 10.0 loc_loss:  0.6390187454223633 reward_loss:  -31.950937271118164
epoch:  26 batch:  50 region_loss:  10.0 10.0 loc_loss:  0.5160264205932618 reward_loss:  -25.342334747314453
epoch:  26 batch:  60 region_loss:  10.0 10.0 loc_loss:  0.536309814453125 reward_loss:  -26.815486907958984
epoch:  26 batch:  70 region_loss:  10.0 10.0 loc_loss:  0.5189111328125 reward_loss:  -25.945554733276367
epoch:  26 batch:  80 region_loss:  10.0 10.0 loc_loss:  0.5764752960205078 reward_loss:  -28.823760986328125
epoch:  26 batch:  90 region_loss:  6.0 6.0 loc_loss:  0.34540107727050784 reward_loss:  -17.270051956176758
epoch:  26 batch:  100 region_loss:  8.0 8.0 loc_loss:  0.40074806213378905 reward_loss:  -20.037403106689453
epoch:  26 batch:  110 region_loss:  4.0 4.0 loc_loss:  0.23433361053466797 reward_loss:  -11.716679573059082
epoch:  26 batch:  120 region_loss:  5.0 5.0 loc_loss:  0.254637393951416 reward_loss:  -12.7318696975708
epoch:  26 batch:  130 region_loss:  7.0 7.0 loc_loss:  0.39642921447753904 reward_loss:  -19.821462631225586
acc@1:  0.1213546566321731
epoch: 26 region loss 0.17051094890510948 loc loss 0.49545014242186164 reward loss -22.680050230374302
epoch:  27 batch:  0 region_loss:  10.0 10.0 loc_loss:  0.46994796752929685 reward_loss:  -23.497398376464844
epoch:  27 batch:  10 region_loss:  10.0 10.0 loc_loss:  0.5996182250976563 reward_loss:  -26.599708557128906
epoch:  27 batch:  20 region_loss:  10.0 10.0 loc_loss:  0.4833792114257813 reward_loss:  -24.168960571289062
epoch:  27 batch:  30 region_loss:  10.0 10.0 loc_loss:  0.4748480224609375 reward_loss:  -23.742395401000977
epoch:  27 batch:  40 region_loss:  10.0 10.0 loc_loss:  0.6149053955078125 reward_loss:  -30.74526596069336
epoch:  27 batch:  50 region_loss:  10.0 10.0 loc_loss:  0.48497711181640624 reward_loss:  -24.236431121826172
epoch:  27 batch:  60 region_loss:  10.0 10.0 loc_loss:  0.5102590942382812 reward_loss:  -25.512956619262695
epoch:  27 batch:  70 region_loss:  10.0 10.0 loc_loss:  0.4964310073852539 reward_loss:  -24.821552276611328
epoch:  27 batch:  80 region_loss:  10.0 10.0 loc_loss:  0.5496443939208985 reward_loss:  -27.482295989990234
epoch:  27 batch:  90 region_loss:  6.0 6.0 loc_loss:  0.3285401916503906 reward_loss:  -16.426944732666016
epoch:  27 batch:  100 region_loss:  8.0 8.0 loc_loss:  0.3817580795288086 reward_loss:  -19.08790397644043
epoch:  27 batch:  110 region_loss:  4.0 4.0 loc_loss:  0.22216104507446288 reward_loss:  -11.108052253723145
epoch:  27 batch:  120 region_loss:  5.0 5.0 loc_loss:  0.24058612823486328 reward_loss:  -12.029306411743164
epoch:  27 batch:  130 region_loss:  7.0 7.0 loc_loss:  0.3769664764404297 reward_loss:  -18.848323822021484
acc@1:  0.12088428974600188
epoch: 27 region loss 0.17051094890510948 loc loss 0.4744565553386716 reward loss -21.688378708205953
epoch:  28 batch:  0 region_loss:  10.0 10.0 loc_loss:  0.4474510192871094 reward_loss:  -22.3725528717041
epoch:  28 batch:  10 region_loss:  10.0 10.0 loc_loss:  0.559994888305664 reward_loss:  -25.40736961364746
epoch:  28 batch:  20 region_loss:  10.0 10.0 loc_loss:  0.4648768997192383 reward_loss:  -23.243871688842773
epoch:  28 batch:  30 region_loss:  10.0 10.0 loc_loss:  0.4526188278198242 reward_loss:  -22.630966186523438
epoch:  28 batch:  40 region_loss:  10.0 10.0 loc_loss:  0.5913699722290039 reward_loss:  -29.568496704101562
epoch:  28 batch:  50 region_loss:  10.0 10.0 loc_loss:  0.4661739349365234 reward_loss:  -23.1706600189209
epoch:  28 batch:  60 region_loss:  10.0 10.0 loc_loss:  0.4851503372192383 reward_loss:  -24.25751495361328
epoch:  28 batch:  70 region_loss:  10.0 10.0 loc_loss:  0.4747321701049805 reward_loss:  -23.736608505249023
epoch:  28 batch:  80 region_loss:  10.0 10.0 loc_loss:  0.5235903930664062 reward_loss:  -26.179697036743164
epoch:  28 batch:  90 region_loss:  6.0 6.0 loc_loss:  0.31228179931640626 reward_loss:  -15.614192962646484
epoch:  28 batch:  100 region_loss:  8.0 8.0 loc_loss:  0.3635274505615234 reward_loss:  -18.176372528076172
epoch:  28 batch:  110 region_loss:  4.0 4.0 loc_loss:  0.21036418914794922 reward_loss:  -10.518209457397461
epoch:  28 batch:  120 region_loss:  5.0 5.0 loc_loss:  0.2271656036376953 reward_loss:  -11.35827922821045
epoch:  28 batch:  130 region_loss:  7.0 7.0 loc_loss:  0.3581304168701172 reward_loss:  -17.90652084350586
acc@1:  0.12041392285983067
epoch: 28 region loss 0.17051094890510948 loc loss 0.4544053647814006 reward loss -20.726110721156545
epoch:  29 batch:  0 region_loss:  10.0 10.0 loc_loss:  0.42572864532470706 reward_loss:  -21.286434173583984
epoch:  29 batch:  10 region_loss:  10.0 10.0 loc_loss:  0.5472573471069336 reward_loss:  -24.362232208251953
epoch:  29 batch:  20 region_loss:  10.0 10.0 loc_loss:  0.44690040588378904 reward_loss:  -22.345020294189453
epoch:  29 batch:  30 region_loss:  10.0 10.0 loc_loss:  0.43116016387939454 reward_loss:  -21.558019638061523
epoch:  29 batch:  40 region_loss:  10.0 10.0 loc_loss:  0.5682402038574219 reward_loss:  -28.412010192871094
epoch:  29 batch:  50 region_loss:  10.0 10.0 loc_loss:  0.4367916488647461 reward_loss:  -21.839582443237305
epoch:  29 batch:  60 region_loss:  10.0 10.0 loc_loss:  0.4609908294677734 reward_loss:  -23.049541473388672
epoch:  29 batch:  70 region_loss:  10.0 10.0 loc_loss:  0.453835563659668 reward_loss:  -22.691776275634766
epoch:  29 batch:  80 region_loss:  10.0 10.0 loc_loss:  0.4982731628417969 reward_loss:  -24.91383934020996
epoch:  29 batch:  90 region_loss:  6.0 6.0 loc_loss:  0.29636497497558595 reward_loss:  -14.818193435668945
epoch:  29 batch:  100 region_loss:  8.0 8.0 loc_loss:  0.3458224105834961 reward_loss:  -17.291120529174805
epoch:  29 batch:  110 region_loss:  4.0 4.0 loc_loss:  0.19894935607910155 reward_loss:  -9.947464942932129
epoch:  29 batch:  120 region_loss:  5.0 5.0 loc_loss:  0.21430240631103514 reward_loss:  -10.715118408203125
epoch:  29 batch:  130 region_loss:  7.0 7.0 loc_loss:  0.33994972229003906 reward_loss:  -16.997486114501953
acc@1:  0.1180620884289746
epoch: 29 region loss 0.17051094890510948 loc loss 0.43527313458658484 reward loss -19.787759265760435
epoch:  30 batch:  0 region_loss:  10.0 10.0 loc_loss:  0.40480934143066405 reward_loss:  -20.240467071533203
epoch:  30 batch:  10 region_loss:  10.0 10.0 loc_loss:  0.5147249603271484 reward_loss:  -23.114702224731445
epoch:  30 batch:  20 region_loss:  10.0 10.0 loc_loss:  0.4294976806640625 reward_loss:  -21.474884033203125
epoch:  30 batch:  30 region_loss:  10.0 10.0 loc_loss:  0.41042797088623045 reward_loss:  -20.521602630615234
epoch:  30 batch:  40 region_loss:  10.0 10.0 loc_loss:  0.5455955505371094 reward_loss:  -27.27977752685547
epoch:  30 batch:  50 region_loss:  10.0 10.0 loc_loss:  0.42951255798339844 reward_loss:  -21.14015007019043
epoch:  30 batch:  60 region_loss:  10.0 10.0 loc_loss:  0.437669563293457 reward_loss:  -21.88347816467285
epoch:  30 batch:  70 region_loss:  10.0 10.0 loc_loss:  0.4335944747924805 reward_loss:  -21.67972755432129
epoch:  30 batch:  80 region_loss:  10.0 10.0 loc_loss:  0.4736100006103516 reward_loss:  -23.680522918701172
epoch:  30 batch:  90 region_loss:  6.0 6.0 loc_loss:  0.28099363327026367 reward_loss:  -14.0496187210083
epoch:  30 batch:  100 region_loss:  8.0 8.0 loc_loss:  0.3288122177124023 reward_loss:  -16.44060707092285
epoch:  30 batch:  110 region_loss:  4.0 4.0 loc_loss:  0.18790317535400392 reward_loss:  -9.395150184631348
epoch:  30 batch:  120 region_loss:  5.0 5.0 loc_loss:  0.2020185661315918 reward_loss:  -10.10092830657959
epoch:  30 batch:  130 region_loss:  7.0 7.0 loc_loss:  0.3223733901977539 reward_loss:  -16.118667602539062
acc@1:  0.1180620884289746
epoch: 30 region loss 0.17051094890510948 loc loss 0.4171455449083426 reward loss -18.896084195505964
epoch:  31 batch:  0 region_loss:  10.0 10.0 loc_loss:  0.3845902252197266 reward_loss:  -19.229511260986328
epoch:  31 batch:  10 region_loss:  10.0 10.0 loc_loss:  0.4919614028930664 reward_loss:  -22.276283264160156
epoch:  31 batch:  20 region_loss:  10.0 10.0 loc_loss:  0.41253292083740234 reward_loss:  -20.626644134521484
epoch:  31 batch:  30 region_loss:  10.0 10.0 loc_loss:  0.3903501510620117 reward_loss:  -19.517467498779297
epoch:  31 batch:  40 region_loss:  10.0 10.0 loc_loss:  0.5233627700805664 reward_loss:  -26.168136596679688
epoch:  31 batch:  50 region_loss:  10.0 10.0 loc_loss:  0.40171234130859373 reward_loss:  -20.085613250732422
epoch:  31 batch:  60 region_loss:  10.0 10.0 loc_loss:  0.41514347076416014 reward_loss:  -20.757171630859375
epoch:  31 batch:  70 region_loss:  10.0 10.0 loc_loss:  0.4139801025390625 reward_loss:  -20.699052810668945
epoch:  31 batch:  80 region_loss:  10.0 10.0 loc_loss:  0.44959766387939454 reward_loss:  -22.47983169555664
epoch:  31 batch:  90 region_loss:  6.0 6.0 loc_loss:  0.2660036468505859 reward_loss:  -13.30013656616211
epoch:  31 batch:  100 region_loss:  8.0 8.0 loc_loss:  0.3122310256958008 reward_loss:  -15.611550331115723
epoch:  31 batch:  110 region_loss:  4.0 4.0 loc_loss:  0.17725225448608398 reward_loss:  -8.862611770629883
epoch:  31 batch:  120 region_loss:  5.0 5.0 loc_loss:  0.19029325485229492 reward_loss:  -9.514663696289062
epoch:  31 batch:  130 region_loss:  7.0 7.0 loc_loss:  0.30545429229736326 reward_loss:  -15.272714614868164
