2.0
cuda
epoch:  0 batch:  0 region_loss:  10.0 10.0 loc_loss:  1.990350341796875 reward_loss:  -99.51779174804688
epoch:  0 batch:  10 region_loss:  10.0 10.0 loc_loss:  1.9869224548339843 reward_loss:  -99.34626007080078
epoch:  0 batch:  20 region_loss:  10.0 10.0 loc_loss:  1.9826089477539062 reward_loss:  -99.13052368164062
epoch:  0 batch:  30 region_loss:  10.0 10.0 loc_loss:  1.9786785888671874 reward_loss:  -98.93416595458984
epoch:  0 batch:  40 region_loss:  10.0 10.0 loc_loss:  1.9812159729003906 reward_loss:  -99.06133270263672
epoch:  0 batch:  50 region_loss:  10.0 10.0 loc_loss:  1.98895751953125 reward_loss:  -99.44914245605469
epoch:  0 batch:  60 region_loss:  10.0 10.0 loc_loss:  1.9840756225585938 reward_loss:  -99.20349884033203
epoch:  0 batch:  70 region_loss:  10.0 10.0 loc_loss:  1.984127197265625 reward_loss:  -99.20489501953125
epoch:  0 batch:  80 region_loss:  10.0 10.0 loc_loss:  1.9782679748535157 reward_loss:  -98.91329956054688
epoch:  0 batch:  90 region_loss:  6.0 6.0 loc_loss:  1.181361312866211 reward_loss:  -59.06892013549805
epoch:  0 batch:  100 region_loss:  8.0 8.0 loc_loss:  1.576126708984375 reward_loss:  -78.8066635131836
epoch:  0 batch:  110 region_loss:  4.0 4.0 loc_loss:  0.7886215209960937 reward_loss:  -39.43082046508789
epoch:  0 batch:  120 region_loss:  5.0 5.0 loc_loss:  0.9810161590576172 reward_loss:  -49.05071258544922
epoch:  0 batch:  130 region_loss:  7.0 7.0 loc_loss:  1.3727493286132812 reward_loss:  -68.63789367675781
acc@1:  0.0023518344308560675
epoch: 0 region loss 0.17051094890510948 loc loss 1.687841234972877 reward loss -84.39207455711643
epoch:  1 batch:  0 region_loss:  10.0 10.0 loc_loss:  1.9197799682617187 reward_loss:  -95.98970031738281
epoch:  1 batch:  10 region_loss:  10.0 10.0 loc_loss:  1.9416024780273438 reward_loss:  -97.07990264892578
epoch:  1 batch:  20 region_loss:  10.0 10.0 loc_loss:  1.922882080078125 reward_loss:  -96.1442642211914
epoch:  1 batch:  30 region_loss:  10.0 10.0 loc_loss:  1.9278787231445313 reward_loss:  -96.3935546875
epoch:  1 batch:  40 region_loss:  10.0 10.0 loc_loss:  1.9220587158203124 reward_loss:  -96.10321807861328
epoch:  1 batch:  50 region_loss:  10.0 10.0 loc_loss:  1.9288542175292969 reward_loss:  -96.44133758544922
epoch:  1 batch:  60 region_loss:  10.0 10.0 loc_loss:  1.91544921875 reward_loss:  -95.77237701416016
epoch:  1 batch:  70 region_loss:  10.0 10.0 loc_loss:  1.911219482421875 reward_loss:  -95.56109619140625
epoch:  1 batch:  80 region_loss:  10.0 10.0 loc_loss:  1.8890292358398437 reward_loss:  -94.45213317871094
epoch:  1 batch:  90 region_loss:  6.0 6.0 loc_loss:  1.1230844116210938 reward_loss:  -56.154083251953125
epoch:  1 batch:  100 region_loss:  8.0 8.0 loc_loss:  1.4898037719726562 reward_loss:  -74.48953247070312
epoch:  1 batch:  110 region_loss:  4.0 4.0 loc_loss:  0.7493165588378906 reward_loss:  -37.46511459350586
epoch:  1 batch:  120 region_loss:  5.0 5.0 loc_loss:  0.9224436950683593 reward_loss:  -46.122230529785156
epoch:  1 batch:  130 region_loss:  7.0 7.0 loc_loss:  1.2744938659667968 reward_loss:  -63.72451400756836
acc@1:  0.028222013170272814
epoch: 1 region loss 0.17051094890510948 loc loss 1.6191924352715485 reward loss -80.95956746679153
epoch:  2 batch:  0 region_loss:  10.0 10.0 loc_loss:  1.7507400512695312 reward_loss:  -87.53702545166016
epoch:  2 batch:  10 region_loss:  10.0 10.0 loc_loss:  1.7701498413085937 reward_loss:  -88.50727844238281
epoch:  2 batch:  20 region_loss:  10.0 10.0 loc_loss:  1.7445645141601562 reward_loss:  -87.22769165039062
epoch:  2 batch:  30 region_loss:  10.0 10.0 loc_loss:  1.7792070007324219 reward_loss:  -88.96072387695312
epoch:  2 batch:  40 region_loss:  10.0 10.0 loc_loss:  1.7335499572753905 reward_loss:  -86.67717742919922
epoch:  2 batch:  50 region_loss:  10.0 10.0 loc_loss:  1.7772941589355469 reward_loss:  -88.86434936523438
epoch:  2 batch:  60 region_loss:  10.0 10.0 loc_loss:  1.7542536926269532 reward_loss:  -87.7125015258789
epoch:  2 batch:  70 region_loss:  10.0 10.0 loc_loss:  1.7610990905761719 reward_loss:  -88.05508422851562
epoch:  2 batch:  80 region_loss:  10.0 10.0 loc_loss:  1.7281877136230468 reward_loss:  -86.40902709960938
epoch:  2 batch:  90 region_loss:  6.0 6.0 loc_loss:  1.038399658203125 reward_loss:  -51.920677185058594
epoch:  2 batch:  100 region_loss:  8.0 8.0 loc_loss:  1.3831573486328126 reward_loss:  -69.157470703125
epoch:  2 batch:  110 region_loss:  4.0 4.0 loc_loss:  0.7048445129394532 reward_loss:  -35.24220657348633
epoch:  2 batch:  120 region_loss:  5.0 5.0 loc_loss:  0.8696453857421875 reward_loss:  -43.4820442199707
epoch:  2 batch:  130 region_loss:  7.0 7.0 loc_loss:  1.2034053802490234 reward_loss:  -60.170867919921875
acc@1:  0.03198494825964252
epoch: 2 region loss 0.17051094890510948 loc loss 1.4828064878143534 reward loss -74.14034031777486
epoch:  3 batch:  0 region_loss:  10.0 10.0 loc_loss:  1.6822373962402344 reward_loss:  -84.11172485351562
epoch:  3 batch:  10 region_loss:  10.0 10.0 loc_loss:  1.685615997314453 reward_loss:  -84.28170013427734
epoch:  3 batch:  20 region_loss:  10.0 10.0 loc_loss:  1.6430047607421876 reward_loss:  -82.15082550048828
epoch:  3 batch:  30 region_loss:  10.0 10.0 loc_loss:  1.70240234375 reward_loss:  -85.11986541748047
epoch:  3 batch:  40 region_loss:  10.0 10.0 loc_loss:  1.6455392456054687 reward_loss:  -82.27690887451172
epoch:  3 batch:  50 region_loss:  10.0 10.0 loc_loss:  1.7035667419433593 reward_loss:  -85.18014526367188
epoch:  3 batch:  60 region_loss:  10.0 10.0 loc_loss:  1.6821115112304688 reward_loss:  -84.10438537597656
epoch:  3 batch:  70 region_loss:  10.0 10.0 loc_loss:  1.6866168212890624 reward_loss:  -84.33042907714844
epoch:  3 batch:  80 region_loss:  10.0 10.0 loc_loss:  1.659744873046875 reward_loss:  -82.98651885986328
epoch:  3 batch:  90 region_loss:  6.0 6.0 loc_loss:  1.0024610900878905 reward_loss:  -50.124229431152344
epoch:  3 batch:  100 region_loss:  8.0 8.0 loc_loss:  1.3310560607910156 reward_loss:  -66.55215454101562
epoch:  3 batch:  110 region_loss:  4.0 4.0 loc_loss:  0.68337158203125 reward_loss:  -34.16878128051758
epoch:  3 batch:  120 region_loss:  5.0 5.0 loc_loss:  0.8423026275634765 reward_loss:  -42.115177154541016
epoch:  3 batch:  130 region_loss:  7.0 7.0 loc_loss:  1.1676640319824219 reward_loss:  -58.383235931396484
acc@1:  0.0380997177798683
epoch: 3 region loss 0.17051094890510948 loc loss 1.4155747289727205 reward loss -70.77876097964544
epoch:  4 batch:  0 region_loss:  10.0 10.0 loc_loss:  1.63534912109375 reward_loss:  -81.7682113647461
epoch:  4 batch:  10 region_loss:  10.0 10.0 loc_loss:  1.636693572998047 reward_loss:  -81.83478546142578
epoch:  4 batch:  20 region_loss:  10.0 10.0 loc_loss:  1.5740171813964843 reward_loss:  -78.7012710571289
epoch:  4 batch:  30 region_loss:  10.0 10.0 loc_loss:  1.6480027770996093 reward_loss:  -82.40010070800781
epoch:  4 batch:  40 region_loss:  10.0 10.0 loc_loss:  1.5863214111328126 reward_loss:  -79.31600952148438
epoch:  4 batch:  50 region_loss:  10.0 10.0 loc_loss:  1.6484368896484376 reward_loss:  -82.42169189453125
epoch:  4 batch:  60 region_loss:  10.0 10.0 loc_loss:  1.6277793884277343 reward_loss:  -81.38870239257812
epoch:  4 batch:  70 region_loss:  10.0 10.0 loc_loss:  1.6268519592285156 reward_loss:  -81.3420639038086
epoch:  4 batch:  80 region_loss:  10.0 10.0 loc_loss:  1.6050755310058593 reward_loss:  -80.25379180908203
epoch:  4 batch:  90 region_loss:  6.0 6.0 loc_loss:  0.9722966003417969 reward_loss:  -48.61505126953125
epoch:  4 batch:  100 region_loss:  8.0 8.0 loc_loss:  1.2845892333984374 reward_loss:  -64.22959899902344
epoch:  4 batch:  110 region_loss:  4.0 4.0 loc_loss:  0.6651679229736328 reward_loss:  -33.25865173339844
epoch:  4 batch:  120 region_loss:  5.0 5.0 loc_loss:  0.8165924835205078 reward_loss:  -40.829715728759766
epoch:  4 batch:  130 region_loss:  7.0 7.0 loc_loss:  1.1342242431640626 reward_loss:  -56.711280822753906
acc@1:  0.045625587958607716
epoch: 4 region loss 0.17051094890510948 loc loss 1.365099495379594 reward loss -68.25493662200705
epoch:  5 batch:  0 region_loss:  10.0 10.0 loc_loss:  1.5871612548828125 reward_loss:  -79.35783386230469
epoch:  5 batch:  10 region_loss:  10.0 10.0 loc_loss:  1.5889262390136718 reward_loss:  -79.44638061523438
epoch:  5 batch:  20 region_loss:  10.0 10.0 loc_loss:  1.5084349060058593 reward_loss:  -75.42134094238281
epoch:  5 batch:  30 region_loss:  10.0 10.0 loc_loss:  1.5938436889648437 reward_loss:  -79.69185638427734
epoch:  5 batch:  40 region_loss:  10.0 10.0 loc_loss:  1.5311164855957031 reward_loss:  -76.55577087402344
epoch:  5 batch:  50 region_loss:  10.0 10.0 loc_loss:  1.5923678588867187 reward_loss:  -79.6182861328125
epoch:  5 batch:  60 region_loss:  10.0 10.0 loc_loss:  1.574285888671875 reward_loss:  -78.71407318115234
epoch:  5 batch:  70 region_loss:  10.0 10.0 loc_loss:  1.569279327392578 reward_loss:  -78.46357727050781
epoch:  5 batch:  80 region_loss:  10.0 10.0 loc_loss:  1.5513990783691407 reward_loss:  -77.5699234008789
epoch:  5 batch:  90 region_loss:  6.0 6.0 loc_loss:  0.9421781921386718 reward_loss:  -47.108917236328125
epoch:  5 batch:  100 region_loss:  8.0 8.0 loc_loss:  1.236802444458008 reward_loss:  -61.839969635009766
epoch:  5 batch:  110 region_loss:  4.0 4.0 loc_loss:  0.6471064758300781 reward_loss:  -32.35515213012695
epoch:  5 batch:  120 region_loss:  5.0 5.0 loc_loss:  0.7895533752441406 reward_loss:  -39.47766876220703
epoch:  5 batch:  130 region_loss:  7.0 7.0 loc_loss:  1.0990782165527344 reward_loss:  -54.95413589477539
acc@1:  0.059266227657572904
epoch: 5 region loss 0.17051094890510948 loc loss 1.3151273095346716 reward loss -65.75634693229286
epoch:  6 batch:  0 region_loss:  10.0 10.0 loc_loss:  1.5329696655273437 reward_loss:  -76.6485824584961
epoch:  6 batch:  10 region_loss:  10.0 10.0 loc_loss:  1.5366732788085937 reward_loss:  -76.83368682861328
epoch:  6 batch:  20 region_loss:  10.0 10.0 loc_loss:  1.4393098449707031 reward_loss:  -71.96553802490234
epoch:  6 batch:  30 region_loss:  10.0 10.0 loc_loss:  1.53559326171875 reward_loss:  -76.77960205078125
epoch:  6 batch:  40 region_loss:  10.0 10.0 loc_loss:  1.4753387451171875 reward_loss:  -73.76687622070312
epoch:  6 batch:  50 region_loss:  10.0 10.0 loc_loss:  1.5320469665527343 reward_loss:  -76.6019287109375
epoch:  6 batch:  60 region_loss:  10.0 10.0 loc_loss:  1.5177743530273438 reward_loss:  -75.88880920410156
epoch:  6 batch:  70 region_loss:  10.0 10.0 loc_loss:  1.5093218994140625 reward_loss:  -75.46577453613281
epoch:  6 batch:  80 region_loss:  10.0 10.0 loc_loss:  1.4947184753417968 reward_loss:  -74.73583221435547
epoch:  6 batch:  90 region_loss:  6.0 6.0 loc_loss:  0.9107263946533203 reward_loss:  -45.53744125366211
epoch:  6 batch:  100 region_loss:  8.0 8.0 loc_loss:  1.1856478881835937 reward_loss:  -59.28255081176758
epoch:  6 batch:  110 region_loss:  4.0 4.0 loc_loss:  0.6281917953491211 reward_loss:  -31.409713745117188
epoch:  6 batch:  120 region_loss:  5.0 5.0 loc_loss:  0.7606582641601562 reward_loss:  -38.032928466796875
epoch:  6 batch:  130 region_loss:  7.0 7.0 loc_loss:  1.0610832977294922 reward_loss:  -53.05405044555664
acc@1:  0.06773283160865474
epoch: 6 region loss 0.17051094890510948 loc loss 1.2623210937611378 reward loss -63.11608102895918
epoch:  7 batch:  0 region_loss:  10.0 10.0 loc_loss:  1.4726029968261718 reward_loss:  -73.6302719116211
epoch:  7 batch:  10 region_loss:  10.0 10.0 loc_loss:  1.4786312866210938 reward_loss:  -73.93146514892578
epoch:  7 batch:  20 region_loss:  10.0 10.0 loc_loss:  1.3666790771484374 reward_loss:  -68.33395385742188
epoch:  7 batch:  30 region_loss:  10.0 10.0 loc_loss:  1.472581787109375 reward_loss:  -73.62903594970703
epoch:  7 batch:  40 region_loss:  10.0 10.0 loc_loss:  1.419063262939453 reward_loss:  -70.95310974121094
epoch:  7 batch:  50 region_loss:  10.0 10.0 loc_loss:  1.4675703430175782 reward_loss:  -73.37842559814453
epoch:  7 batch:  60 region_loss:  10.0 10.0 loc_loss:  1.4573605346679688 reward_loss:  -72.8680191040039
epoch:  7 batch:  70 region_loss:  10.0 10.0 loc_loss:  1.4452719116210937 reward_loss:  -72.26439666748047
epoch:  7 batch:  80 region_loss:  10.0 10.0 loc_loss:  1.435198516845703 reward_loss:  -71.75992584228516
epoch:  7 batch:  90 region_loss:  6.0 6.0 loc_loss:  0.8776423645019531 reward_loss:  -43.882110595703125
epoch:  7 batch:  100 region_loss:  8.0 8.0 loc_loss:  1.1309334564208984 reward_loss:  -56.546669006347656
epoch:  7 batch:  110 region_loss:  4.0 4.0 loc_loss:  0.6082007598876953 reward_loss:  -30.410457611083984
epoch:  7 batch:  120 region_loss:  5.0 5.0 loc_loss:  0.729890365600586 reward_loss:  -36.4944953918457
epoch:  7 batch:  130 region_loss:  7.0 7.0 loc_loss:  1.0208163452148438 reward_loss:  -51.040809631347656
acc@1:  0.08278457196613359
epoch: 7 region loss 0.17051094890510948 loc loss 1.2064983415255581 reward loss -60.32493005181751
epoch:  8 batch:  0 region_loss:  10.0 10.0 loc_loss:  1.4069837951660156 reward_loss:  -70.34916687011719
epoch:  8 batch:  10 region_loss:  10.0 10.0 loc_loss:  1.4149870300292968 reward_loss:  -70.74935913085938
epoch:  8 batch:  20 region_loss:  10.0 10.0 loc_loss:  1.2926348876953124 reward_loss:  -64.6317138671875
epoch:  8 batch:  30 region_loss:  10.0 10.0 loc_loss:  1.4051568603515625 reward_loss:  -70.25785064697266
epoch:  8 batch:  40 region_loss:  10.0 10.0 loc_loss:  1.3633349609375 reward_loss:  -68.16673278808594
epoch:  8 batch:  50 region_loss:  10.0 10.0 loc_loss:  1.3992282104492189 reward_loss:  -69.96138763427734
epoch:  8 batch:  60 region_loss:  10.0 10.0 loc_loss:  1.3937423706054688 reward_loss:  -69.68712615966797
epoch:  8 batch:  70 region_loss:  10.0 10.0 loc_loss:  1.3770582580566406 reward_loss:  -68.85279083251953
epoch:  8 batch:  80 region_loss:  10.0 10.0 loc_loss:  1.3743833923339843 reward_loss:  -68.71917724609375
epoch:  8 batch:  90 region_loss:  6.0 6.0 loc_loss:  0.8429651641845703 reward_loss:  -42.148231506347656
epoch:  8 batch:  100 region_loss:  8.0 8.0 loc_loss:  1.0736813354492187 reward_loss:  -53.68406677246094
epoch:  8 batch:  110 region_loss:  4.0 4.0 loc_loss:  0.587186279296875 reward_loss:  -29.359331130981445
epoch:  8 batch:  120 region_loss:  5.0 5.0 loc_loss:  0.6977734375 reward_loss:  -34.888675689697266
epoch:  8 batch:  130 region_loss:  7.0 7.0 loc_loss:  0.9788996887207031 reward_loss:  -48.94500732421875
acc@1:  0.09548447789275635
epoch: 8 region loss 0.17051094890510948 loc loss 1.1486867762656108 reward loss -57.43432280268982
epoch:  9 batch:  0 region_loss:  10.0 10.0 loc_loss:  1.3375843811035155 reward_loss:  -66.879150390625
epoch:  9 batch:  10 region_loss:  10.0 10.0 loc_loss:  1.3472003173828124 reward_loss:  -67.36003112792969
epoch:  9 batch:  20 region_loss:  10.0 10.0 loc_loss:  1.2186095428466797 reward_loss:  -60.93048095703125
epoch:  9 batch:  30 region_loss:  10.0 10.0 loc_loss:  1.3341534423828125 reward_loss:  -66.70767211914062
epoch:  9 batch:  40 region_loss:  10.0 10.0 loc_loss:  1.3084904479980468 reward_loss:  -65.42451477050781
epoch:  9 batch:  50 region_loss:  10.0 10.0 loc_loss:  1.3276359558105468 reward_loss:  -66.38179779052734
epoch:  9 batch:  60 region_loss:  10.0 10.0 loc_loss:  1.3281398010253906 reward_loss:  -66.406982421875
epoch:  9 batch:  70 region_loss:  10.0 10.0 loc_loss:  1.3055812072753907 reward_loss:  -65.27908325195312
epoch:  9 batch:  80 region_loss:  10.0 10.0 loc_loss:  1.3141751098632812 reward_loss:  -65.7087631225586
epoch:  9 batch:  90 region_loss:  6.0 6.0 loc_loss:  0.8072547149658204 reward_loss:  -40.36274337768555
epoch:  9 batch:  100 region_loss:  8.0 8.0 loc_loss:  1.0156204986572266 reward_loss:  -50.78102111816406
epoch:  9 batch:  110 region_loss:  4.0 4.0 loc_loss:  0.5652907180786133 reward_loss:  -28.264564514160156
epoch:  9 batch:  120 region_loss:  5.0 5.0 loc_loss:  0.6650601196289062 reward_loss:  -33.25300216674805
epoch:  9 batch:  130 region_loss:  7.0 7.0 loc_loss:  0.9360639953613281 reward_loss:  -46.80323028564453
acc@1:  0.11053621825023519
epoch: 9 region loss 0.17051094890510948 loc loss 1.0902056007663699 reward loss -54.5102935150592
epoch:  10 batch:  0 region_loss:  10.0 10.0 loc_loss:  1.2657839965820312 reward_loss:  -63.2891845703125
epoch:  10 batch:  10 region_loss:  10.0 10.0 loc_loss:  1.277323989868164 reward_loss:  -63.866188049316406
epoch:  10 batch:  20 region_loss:  10.0 10.0 loc_loss:  1.1455088806152345 reward_loss:  -57.27543640136719
epoch:  10 batch:  30 region_loss:  10.0 10.0 loc_loss:  1.2611174011230468 reward_loss:  -63.05580139160156
epoch:  10 batch:  40 region_loss:  10.0 10.0 loc_loss:  1.254182357788086 reward_loss:  -62.709129333496094
epoch:  10 batch:  50 region_loss:  10.0 10.0 loc_loss:  1.2537798309326171 reward_loss:  -62.688987731933594
epoch:  10 batch:  60 region_loss:  10.0 10.0 loc_loss:  1.2622704315185547 reward_loss:  -63.11353302001953
epoch:  10 batch:  70 region_loss:  10.0 10.0 loc_loss:  1.2327090454101564 reward_loss:  -61.63547134399414
epoch:  10 batch:  80 region_loss:  10.0 10.0 loc_loss:  1.255895538330078 reward_loss:  -62.794776916503906
epoch:  10 batch:  90 region_loss:  6.0 6.0 loc_loss:  0.7711660766601562 reward_loss:  -38.558311462402344
epoch:  10 batch:  100 region_loss:  8.0 8.0 loc_loss:  0.9586797332763672 reward_loss:  -47.93387985229492
epoch:  10 batch:  110 region_loss:  4.0 4.0 loc_loss:  0.5427698135375977 reward_loss:  -27.138500213623047
epoch:  10 batch:  120 region_loss:  5.0 5.0 loc_loss:  0.6324520492553711 reward_loss:  -31.622587203979492
epoch:  10 batch:  130 region_loss:  7.0 7.0 loc_loss:  0.8930042266845704 reward_loss:  -44.650211334228516
acc@1:  0.11712135465663218
epoch: 10 region loss 0.17051094890510948 loc loss 1.0323905942039768 reward loss -51.61952196942629
epoch:  11 batch:  0 region_loss:  10.0 10.0 loc_loss:  1.1934256744384766 reward_loss:  -59.67124938964844
epoch:  11 batch:  10 region_loss:  10.0 10.0 loc_loss:  1.207555160522461 reward_loss:  -60.37775421142578
epoch:  11 batch:  20 region_loss:  10.0 10.0 loc_loss:  1.0745243072509765 reward_loss:  -53.726280212402344
epoch:  11 batch:  30 region_loss:  10.0 10.0 loc_loss:  1.1879961395263672 reward_loss:  -59.399803161621094
epoch:  11 batch:  40 region_loss:  10.0 10.0 loc_loss:  1.2003739166259766 reward_loss:  -60.01869583129883
epoch:  11 batch:  50 region_loss:  10.0 10.0 loc_loss:  1.1790851593017577 reward_loss:  -58.954254150390625
epoch:  11 batch:  60 region_loss:  10.0 10.0 loc_loss:  1.197784423828125 reward_loss:  -59.889225006103516
epoch:  11 batch:  70 region_loss:  10.0 10.0 loc_loss:  1.1610160064697266 reward_loss:  -58.05080795288086
epoch:  11 batch:  80 region_loss:  10.0 10.0 loc_loss:  1.1998226165771484 reward_loss:  -59.99113082885742
epoch:  11 batch:  90 region_loss:  6.0 6.0 loc_loss:  0.7353762817382813 reward_loss:  -36.76881408691406
epoch:  11 batch:  100 region_loss:  8.0 8.0 loc_loss:  0.9042463684082032 reward_loss:  -45.21229934692383
epoch:  11 batch:  110 region_loss:  4.0 4.0 loc_loss:  0.519896011352539 reward_loss:  -25.994792938232422
epoch:  11 batch:  120 region_loss:  5.0 5.0 loc_loss:  0.6004672241210938 reward_loss:  -30.023359298706055
epoch:  11 batch:  130 region_loss:  7.0 7.0 loc_loss:  0.8504782104492188 reward_loss:  -42.523895263671875
acc@1:  0.13076199435559738
epoch: 11 region loss 0.17051094890510948 loc loss 0.9764380954825965 reward loss -48.82190399448367
epoch:  12 batch:  0 region_loss:  10.0 10.0 loc_loss:  1.1226854705810547 reward_loss:  -56.134273529052734
epoch:  12 batch:  10 region_loss:  10.0 10.0 loc_loss:  1.1398389434814453 reward_loss:  -56.991947174072266
epoch:  12 batch:  20 region_loss:  10.0 10.0 loc_loss:  1.0069931030273438 reward_loss:  -50.34965896606445
epoch:  12 batch:  30 region_loss:  10.0 10.0 loc_loss:  1.1167079162597657 reward_loss:  -55.83537292480469
epoch:  12 batch:  40 region_loss:  10.0 10.0 loc_loss:  1.1474447631835938 reward_loss:  -57.37223434448242
epoch:  12 batch:  50 region_loss:  10.0 10.0 loc_loss:  1.1054973602294922 reward_loss:  -55.27486801147461
epoch:  12 batch:  60 region_loss:  10.0 10.0 loc_loss:  1.1358033752441405 reward_loss:  -56.79016876220703
epoch:  12 batch:  70 region_loss:  10.0 10.0 loc_loss:  1.093164825439453 reward_loss:  -54.65824890136719
epoch:  12 batch:  80 region_loss:  10.0 10.0 loc_loss:  1.145900650024414 reward_loss:  -57.29503631591797
epoch:  12 batch:  90 region_loss:  6.0 6.0 loc_loss:  0.7005123138427735 reward_loss:  -35.0256462097168
epoch:  12 batch:  100 region_loss:  8.0 8.0 loc_loss:  0.8531839752197266 reward_loss:  -42.659202575683594
epoch:  12 batch:  110 region_loss:  4.0 4.0 loc_loss:  0.49692665100097655 reward_loss:  -24.84632682800293
epoch:  12 batch:  120 region_loss:  5.0 5.0 loc_loss:  0.5695944976806641 reward_loss:  -28.47972869873047
epoch:  12 batch:  130 region_loss:  7.0 7.0 loc_loss:  0.809166259765625 reward_loss:  -40.45832061767578
acc@1:  0.1359360301034807
epoch: 12 region loss 0.17051094890510948 loc loss 0.9232970333795478 reward loss -46.16485065265294
epoch:  13 batch:  0 region_loss:  10.0 10.0 loc_loss:  1.0557281494140625 reward_loss:  -52.7863655090332
epoch:  13 batch:  10 region_loss:  10.0 10.0 loc_loss:  1.0755216979980469 reward_loss:  -53.77607345581055
epoch:  13 batch:  20 region_loss:  10.0 10.0 loc_loss:  0.9441462707519531 reward_loss:  -47.207313537597656
epoch:  13 batch:  30 region_loss:  10.0 10.0 loc_loss:  1.049126434326172 reward_loss:  -52.45631790161133
epoch:  13 batch:  40 region_loss:  10.0 10.0 loc_loss:  1.096175765991211 reward_loss:  -54.80878829956055
epoch:  13 batch:  50 region_loss:  10.0 10.0 loc_loss:  1.035221176147461 reward_loss:  -51.76105499267578
epoch:  13 batch:  60 region_loss:  10.0 10.0 loc_loss:  1.077080535888672 reward_loss:  -53.85401916503906
epoch:  13 batch:  70 region_loss:  10.0 10.0 loc_loss:  1.0308222961425781 reward_loss:  -51.541114807128906
epoch:  13 batch:  80 region_loss:  10.0 10.0 loc_loss:  1.0941950225830077 reward_loss:  -54.709754943847656
epoch:  13 batch:  90 region_loss:  6.0 6.0 loc_loss:  0.66704833984375 reward_loss:  -33.3524169921875
epoch:  13 batch:  100 region_loss:  8.0 8.0 loc_loss:  0.806028060913086 reward_loss:  -40.3014030456543
epoch:  13 batch:  110 region_loss:  4.0 4.0 loc_loss:  0.47413379669189454 reward_loss:  -23.706674575805664
epoch:  13 batch:  120 region_loss:  5.0 5.0 loc_loss:  0.5401356506347657 reward_loss:  -27.006824493408203
epoch:  13 batch:  130 region_loss:  7.0 7.0 loc_loss:  0.7695602416992188 reward_loss:  -38.47801971435547
acc@1:  0.13828786453433678
epoch: 13 region loss 0.17051094890510948 loc loss 0.873584233583325 reward loss -43.67921020340746
epoch:  14 batch:  0 region_loss:  10.0 10.0 loc_loss:  0.9939568328857422 reward_loss:  -49.697837829589844
epoch:  14 batch:  10 region_loss:  10.0 10.0 loc_loss:  1.0154595947265626 reward_loss:  -50.772979736328125
epoch:  14 batch:  20 region_loss:  10.0 10.0 loc_loss:  0.8869063568115234 reward_loss:  -44.345314025878906
epoch:  14 batch:  30 region_loss:  10.0 10.0 loc_loss:  0.986840591430664 reward_loss:  -49.34202194213867
epoch:  14 batch:  40 region_loss:  10.0 10.0 loc_loss:  1.0474039459228515 reward_loss:  -52.37019729614258
epoch:  14 batch:  50 region_loss:  10.0 10.0 loc_loss:  0.9701316833496094 reward_loss:  -48.506568908691406
epoch:  14 batch:  60 region_loss:  10.0 10.0 loc_loss:  1.0220545959472656 reward_loss:  -51.10272979736328
epoch:  14 batch:  70 region_loss:  10.0 10.0 loc_loss:  0.9741757202148438 reward_loss:  -48.708778381347656
epoch:  14 batch:  80 region_loss:  10.0 10.0 loc_loss:  1.044752426147461 reward_loss:  -52.237613677978516
epoch:  14 batch:  90 region_loss:  6.0 6.0 loc_loss:  0.6352757644653321 reward_loss:  -31.763792037963867
epoch:  14 batch:  100 region_loss:  8.0 8.0 loc_loss:  0.7629238891601563 reward_loss:  -38.14617919921875
epoch:  14 batch:  110 region_loss:  4.0 4.0 loc_loss:  0.45179965972900393 reward_loss:  -22.589988708496094
epoch:  14 batch:  120 region_loss:  5.0 5.0 loc_loss:  0.5121370697021485 reward_loss:  -25.60685157775879
epoch:  14 batch:  130 region_loss:  7.0 7.0 loc_loss:  0.7320105743408203 reward_loss:  -36.60049057006836
acc@1:  0.13922859830667922
epoch: 14 region loss 0.17051094890510948 loc loss 0.8275653928213745 reward loss -41.378269320856916
epoch:  15 batch:  0 region_loss:  10.0 10.0 loc_loss:  0.9376844787597656 reward_loss:  -46.88422393798828
epoch:  15 batch:  10 region_loss:  10.0 10.0 loc_loss:  0.9600982666015625 reward_loss:  -48.004913330078125
epoch:  15 batch:  20 region_loss:  10.0 10.0 loc_loss:  0.8356748199462891 reward_loss:  -41.78372573852539
epoch:  15 batch:  30 region_loss:  10.0 10.0 loc_loss:  0.9303373718261718 reward_loss:  -46.516868591308594
epoch:  15 batch:  40 region_loss:  10.0 10.0 loc_loss:  1.0017461395263672 reward_loss:  -50.08729934692383
epoch:  15 batch:  50 region_loss:  10.0 10.0 loc_loss:  0.9113314819335937 reward_loss:  -45.56657028198242
epoch:  15 batch:  60 region_loss:  10.0 10.0 loc_loss:  0.9707637023925781 reward_loss:  -48.538177490234375
epoch:  15 batch:  70 region_loss:  10.0 10.0 loc_loss:  0.9225701904296875 reward_loss:  -46.12850570678711
epoch:  15 batch:  80 region_loss:  10.0 10.0 loc_loss:  0.9975688171386718 reward_loss:  -49.878440856933594
epoch:  15 batch:  90 region_loss:  6.0 6.0 loc_loss:  0.605345458984375 reward_loss:  -30.267047882080078
epoch:  15 batch:  100 region_loss:  8.0 8.0 loc_loss:  0.7237026977539063 reward_loss:  -36.18513488769531
epoch:  15 batch:  110 region_loss:  4.0 4.0 loc_loss:  0.4301519012451172 reward_loss:  -21.507596969604492
epoch:  15 batch:  120 region_loss:  5.0 5.0 loc_loss:  0.4855423736572266 reward_loss:  -24.277122497558594
epoch:  15 batch:  130 region_loss:  7.0 7.0 loc_loss:  0.6967493438720703 reward_loss:  -34.837467193603516
acc@1:  0.14393226716839136
epoch: 15 region loss 0.17051094890510948 loc loss 0.7852089607628592 reward loss -39.26044395892289
epoch:  16 batch:  0 region_loss:  10.0 10.0 loc_loss:  0.8864585876464843 reward_loss:  -44.322940826416016
epoch:  16 batch:  10 region_loss:  10.0 10.0 loc_loss:  0.9095343017578125 reward_loss:  -45.476715087890625
epoch:  16 batch:  20 region_loss:  10.0 10.0 loc_loss:  0.7902683258056641 reward_loss:  -39.51340866088867
epoch:  16 batch:  30 region_loss:  10.0 10.0 loc_loss:  0.8790329742431641 reward_loss:  -43.95165252685547
epoch:  16 batch:  40 region_loss:  10.0 10.0 loc_loss:  0.9594833374023437 reward_loss:  -47.97416687011719
epoch:  16 batch:  50 region_loss:  10.0 10.0 loc_loss:  0.8589945983886719 reward_loss:  -42.949729919433594
epoch:  16 batch:  60 region_loss:  10.0 10.0 loc_loss:  0.9228775024414062 reward_loss:  -46.14386749267578
epoch:  16 batch:  70 region_loss:  10.0 10.0 loc_loss:  0.8753142547607422 reward_loss:  -43.765716552734375
epoch:  16 batch:  80 region_loss:  10.0 10.0 loc_loss:  0.9526621246337891 reward_loss:  -47.63310241699219
epoch:  16 batch:  90 region_loss:  6.0 6.0 loc_loss:  0.5772180938720703 reward_loss:  -28.860902786254883
epoch:  16 batch:  100 region_loss:  8.0 8.0 loc_loss:  0.6879632568359375 reward_loss:  -34.398162841796875
epoch:  16 batch:  110 region_loss:  4.0 4.0 loc_loss:  0.40931358337402346 reward_loss:  -20.465679168701172
epoch:  16 batch:  120 region_loss:  5.0 5.0 loc_loss:  0.46032623291015623 reward_loss:  -23.016342163085938
epoch:  16 batch:  130 region_loss:  7.0 7.0 loc_loss:  0.6638592529296875 reward_loss:  -33.19296646118164
acc@1:  0.14111006585136407
epoch: 16 region loss 0.17051094890510948 loc loss 0.746291334333211 reward loss -37.31456879107621
epoch:  17 batch:  0 region_loss:  10.0 10.0 loc_loss:  0.8395819091796874 reward_loss:  -41.979095458984375
epoch:  17 batch:  10 region_loss:  10.0 10.0 loc_loss:  0.8635844421386719 reward_loss:  -43.17923355102539
epoch:  17 batch:  20 region_loss:  10.0 10.0 loc_loss:  0.7501300048828125 reward_loss:  -37.506500244140625
epoch:  17 batch:  30 region_loss:  10.0 10.0 loc_loss:  0.8321540069580078 reward_loss:  -41.607696533203125
epoch:  17 batch:  40 region_loss:  10.0 10.0 loc_loss:  0.9205209350585938 reward_loss:  -46.02604675292969
epoch:  17 batch:  50 region_loss:  10.0 10.0 loc_loss:  0.8125069427490235 reward_loss:  -40.62534713745117
epoch:  17 batch:  60 region_loss:  10.0 10.0 loc_loss:  0.8778953552246094 reward_loss:  -43.8947639465332
epoch:  17 batch:  70 region_loss:  10.0 10.0 loc_loss:  0.8318946838378907 reward_loss:  -41.5947380065918
epoch:  17 batch:  80 region_loss:  10.0 10.0 loc_loss:  0.9100853729248047 reward_loss:  -45.50426483154297
epoch:  17 batch:  90 region_loss:  6.0 6.0 loc_loss:  0.5507647705078125 reward_loss:  -27.538236618041992
epoch:  17 batch:  100 region_loss:  8.0 8.0 loc_loss:  0.6551887512207031 reward_loss:  -32.75944137573242
epoch:  17 batch:  110 region_loss:  4.0 4.0 loc_loss:  0.3893241882324219 reward_loss:  -19.466209411621094
epoch:  17 batch:  120 region_loss:  5.0 5.0 loc_loss:  0.4364606857299805 reward_loss:  -21.823036193847656
epoch:  17 batch:  130 region_loss:  7.0 7.0 loc_loss:  0.6332292938232422 reward_loss:  -31.661462783813477
acc@1:  0.14016933207902163
epoch: 17 region loss 0.17051094890510948 loc loss 0.7104841140412936 reward loss -35.52420564637567
epoch:  18 batch:  0 region_loss:  10.0 10.0 loc_loss:  0.7964105987548828 reward_loss:  -39.82052993774414
epoch:  18 batch:  10 region_loss:  10.0 10.0 loc_loss:  0.821826171875 reward_loss:  -41.091312408447266
epoch:  18 batch:  20 region_loss:  10.0 10.0 loc_loss:  0.714354248046875 reward_loss:  -35.717708587646484
epoch:  18 batch:  30 region_loss:  10.0 10.0 loc_loss:  0.7890586090087891 reward_loss:  -39.45292663574219
epoch:  18 batch:  40 region_loss:  10.0 10.0 loc_loss:  0.8844680786132812 reward_loss:  -44.22340774536133
epoch:  18 batch:  50 region_loss:  10.0 10.0 loc_loss:  0.7709452819824218 reward_loss:  -38.547264099121094
epoch:  18 batch:  60 region_loss:  10.0 10.0 loc_loss:  0.8353715515136719 reward_loss:  -41.76856231689453
epoch:  18 batch:  70 region_loss:  10.0 10.0 loc_loss:  0.7918839263916015 reward_loss:  -39.59419250488281
epoch:  18 batch:  80 region_loss:  10.0 10.0 loc_loss:  0.8698173522949219 reward_loss:  -43.49087142944336
epoch:  18 batch:  90 region_loss:  6.0 6.0 loc_loss:  0.5257580184936523 reward_loss:  -26.287900924682617
epoch:  18 batch:  100 region_loss:  8.0 8.0 loc_loss:  0.6248481750488282 reward_loss:  -31.242412567138672
epoch:  18 batch:  110 region_loss:  4.0 4.0 loc_loss:  0.37017833709716796 reward_loss:  -18.50891876220703
epoch:  18 batch:  120 region_loss:  5.0 5.0 loc_loss:  0.4138690948486328 reward_loss:  -20.693450927734375
epoch:  18 batch:  130 region_loss:  7.0 7.0 loc_loss:  0.6045984649658203 reward_loss:  -30.229923248291016
acc@1:  0.1396989651928504
epoch: 18 region loss 0.17051094890510948 loc loss 0.677406434664761 reward loss -33.870320863097255
epoch:  19 batch:  0 region_loss:  10.0 10.0 loc_loss:  0.7564292907714844 reward_loss:  -37.82146453857422
epoch:  19 batch:  10 region_loss:  10.0 10.0 loc_loss:  0.7836937713623047 reward_loss:  -39.18468475341797
epoch:  19 batch:  20 region_loss:  10.0 10.0 loc_loss:  0.6821704864501953 reward_loss:  -34.1085205078125
epoch:  19 batch:  30 region_loss:  10.0 10.0 loc_loss:  0.7491864013671875 reward_loss:  -37.459327697753906
epoch:  19 batch:  40 region_loss:  10.0 10.0 loc_loss:  0.8508180999755859 reward_loss:  -42.5409049987793
epoch:  19 batch:  50 region_loss:  10.0 10.0 loc_loss:  0.7334987640380859 reward_loss:  -36.6749382019043
epoch:  19 batch:  60 region_loss:  10.0 10.0 loc_loss:  0.7950163269042969 reward_loss:  -39.75082015991211
epoch:  19 batch:  70 region_loss:  10.0 10.0 loc_loss:  0.7548577117919922 reward_loss:  -37.74289321899414
epoch:  19 batch:  80 region_loss:  10.0 10.0 loc_loss:  0.8316944122314454 reward_loss:  -41.584720611572266
epoch:  19 batch:  90 region_loss:  6.0 6.0 loc_loss:  0.5020010375976562 reward_loss:  -25.100038528442383
epoch:  19 batch:  100 region_loss:  8.0 8.0 loc_loss:  0.5964583587646485 reward_loss:  -29.822917938232422
epoch:  19 batch:  110 region_loss:  4.0 4.0 loc_loss:  0.3518563842773437 reward_loss:  -17.592819213867188
epoch:  19 batch:  120 region_loss:  5.0 5.0 loc_loss:  0.39245349884033204 reward_loss:  -19.6226749420166
epoch:  19 batch:  130 region_loss:  7.0 7.0 loc_loss:  0.5776631546020508 reward_loss:  -28.883161544799805
acc@1:  0.13828786453433678
epoch: 19 region loss 0.17051094890510948 loc loss 0.6466762673593786 reward loss -32.333813639452856
epoch:  20 batch:  0 region_loss:  10.0 10.0 loc_loss:  0.7192192077636719 reward_loss:  -35.960960388183594
epoch:  20 batch:  10 region_loss:  10.0 10.0 loc_loss:  0.748602294921875 reward_loss:  -37.430110931396484
epoch:  20 batch:  20 region_loss:  10.0 10.0 loc_loss:  0.6529405975341797 reward_loss:  -32.647029876708984
epoch:  20 batch:  30 region_loss:  10.0 10.0 loc_loss:  0.7120507049560547 reward_loss:  -35.602535247802734
epoch:  20 batch:  40 region_loss:  10.0 10.0 loc_loss:  0.8190988159179687 reward_loss:  -40.95494079589844
epoch:  20 batch:  50 region_loss:  10.0 10.0 loc_loss:  0.6994821166992188 reward_loss:  -34.97410583496094
epoch:  20 batch:  60 region_loss:  10.0 10.0 loc_loss:  0.7566746520996094 reward_loss:  -37.833736419677734
epoch:  20 batch:  70 region_loss:  10.0 10.0 loc_loss:  0.7203921508789063 reward_loss:  -36.01960372924805
epoch:  20 batch:  80 region_loss:  10.0 10.0 loc_loss:  0.7954686737060547 reward_loss:  -39.77342987060547
epoch:  20 batch:  90 region_loss:  6.0 6.0 loc_loss:  0.4793416976928711 reward_loss:  -23.967086791992188
epoch:  20 batch:  100 region_loss:  8.0 8.0 loc_loss:  0.5696283340454101 reward_loss:  -28.48141860961914
epoch:  20 batch:  110 region_loss:  4.0 4.0 loc_loss:  0.3343380355834961 reward_loss:  -16.716899871826172
epoch:  20 batch:  120 region_loss:  5.0 5.0 loc_loss:  0.37213596343994143 reward_loss:  -18.60679817199707
epoch:  20 batch:  130 region_loss:  7.0 7.0 loc_loss:  0.5521434783935547 reward_loss:  -27.6071720123291
acc@1:  0.13828786453433678
epoch: 20 region loss 0.17051094890510948 loc loss 0.617946792658228 reward loss -30.897341735171576
epoch:  21 batch:  0 region_loss:  10.0 10.0 loc_loss:  0.6844200897216797 reward_loss:  -34.221004486083984
epoch:  21 batch:  10 region_loss:  10.0 10.0 loc_loss:  0.7160248565673828 reward_loss:  -35.801239013671875
epoch:  21 batch:  20 region_loss:  10.0 10.0 loc_loss:  0.6261012268066406 reward_loss:  -31.305063247680664
epoch:  21 batch:  30 region_loss:  10.0 10.0 loc_loss:  0.6772602081298829 reward_loss:  -33.863006591796875
epoch:  21 batch:  40 region_loss:  10.0 10.0 loc_loss:  0.7889366149902344 reward_loss:  -39.44683074951172
epoch:  21 batch:  50 region_loss:  10.0 10.0 loc_loss:  0.6682442474365234 reward_loss:  -33.41221237182617
epoch:  21 batch:  60 region_loss:  10.0 10.0 loc_loss:  0.7202526092529297 reward_loss:  -36.01262664794922
epoch:  21 batch:  70 region_loss:  10.0 10.0 loc_loss:  0.688113784790039 reward_loss:  -34.40569305419922
epoch:  21 batch:  80 region_loss:  10.0 10.0 loc_loss:  0.7608964538574219 reward_loss:  -38.04481887817383
epoch:  21 batch:  90 region_loss:  6.0 6.0 loc_loss:  0.45766769409179686 reward_loss:  -22.883386611938477
epoch:  21 batch:  100 region_loss:  8.0 8.0 loc_loss:  0.54407470703125 reward_loss:  -27.203731536865234
epoch:  21 batch:  110 region_loss:  4.0 4.0 loc_loss:  0.3176018524169922 reward_loss:  -15.880093574523926
epoch:  21 batch:  120 region_loss:  5.0 5.0 loc_loss:  0.3528645706176758 reward_loss:  -17.643226623535156
epoch:  21 batch:  130 region_loss:  7.0 7.0 loc_loss:  0.5278140640258789 reward_loss:  -26.390703201293945
acc@1:  0.13781749764816556
epoch: 21 region loss 0.17051094890510948 loc loss 0.5909221518300746 reward loss -29.546107347864304
epoch:  22 batch:  0 region_loss:  10.0 10.0 loc_loss:  0.6517147827148437 reward_loss:  -32.58573532104492
epoch:  22 batch:  10 region_loss:  10.0 10.0 loc_loss:  0.6855199432373047 reward_loss:  -34.275997161865234
epoch:  22 batch:  20 region_loss:  10.0 10.0 loc_loss:  0.6011855697631836 reward_loss:  -30.059280395507812
epoch:  22 batch:  30 region_loss:  10.0 10.0 loc_loss:  0.644522933959961 reward_loss:  -32.22614669799805
epoch:  22 batch:  40 region_loss:  10.0 10.0 loc_loss:  0.7600530242919922 reward_loss:  -38.00265121459961
epoch:  22 batch:  50 region_loss:  10.0 10.0 loc_loss:  0.6392438888549805 reward_loss:  -31.962194442749023
epoch:  22 batch:  60 region_loss:  10.0 10.0 loc_loss:  0.6856636047363281 reward_loss:  -34.28317642211914
epoch:  22 batch:  70 region_loss:  10.0 10.0 loc_loss:  0.6577294921875 reward_loss:  -32.886474609375
epoch:  22 batch:  80 region_loss:  10.0 10.0 loc_loss:  0.7277784729003907 reward_loss:  -36.38892364501953
epoch:  22 batch:  90 region_loss:  6.0 6.0 loc_loss:  0.4368839645385742 reward_loss:  -21.844196319580078
epoch:  22 batch:  100 region_loss:  8.0 8.0 loc_loss:  0.5196111679077149 reward_loss:  -25.98055648803711
epoch:  22 batch:  110 region_loss:  4.0 4.0 loc_loss:  0.3016189193725586 reward_loss:  -15.080944061279297
epoch:  22 batch:  120 region_loss:  5.0 5.0 loc_loss:  0.3345975494384766 reward_loss:  -16.729877471923828
epoch:  22 batch:  130 region_loss:  7.0 7.0 loc_loss:  0.5045084762573242 reward_loss:  -25.225421905517578
acc@1:  0.1359360301034807
epoch: 22 region loss 0.17051094890510948 loc loss 0.5653606432893851 reward loss -28.268031416148165
epoch:  23 batch:  0 region_loss:  10.0 10.0 loc_loss:  0.620836296081543 reward_loss:  -31.04181480407715
epoch:  23 batch:  10 region_loss:  10.0 10.0 loc_loss:  0.6567423248291016 reward_loss:  -32.83711242675781
epoch:  23 batch:  20 region_loss:  10.0 10.0 loc_loss:  0.5778210830688476 reward_loss:  -28.89105224609375
epoch:  23 batch:  30 region_loss:  10.0 10.0 loc_loss:  0.6136236572265625 reward_loss:  -30.681182861328125
epoch:  23 batch:  40 region_loss:  10.0 10.0 loc_loss:  0.7322354888916016 reward_loss:  -36.61177062988281
epoch:  23 batch:  50 region_loss:  10.0 10.0 loc_loss:  0.6120648193359375 reward_loss:  -30.603242874145508
epoch:  23 batch:  60 region_loss:  10.0 10.0 loc_loss:  0.6528005981445313 reward_loss:  -32.6400260925293
epoch:  23 batch:  70 region_loss:  10.0 10.0 loc_loss:  0.6290131378173828 reward_loss:  -31.450660705566406
epoch:  23 batch:  80 region_loss:  10.0 10.0 loc_loss:  0.6959565734863281 reward_loss:  -34.79783248901367
epoch:  23 batch:  90 region_loss:  6.0 6.0 loc_loss:  0.416904182434082 reward_loss:  -20.84520721435547
epoch:  23 batch:  100 region_loss:  8.0 8.0 loc_loss:  0.4961270523071289 reward_loss:  -24.806354522705078
epoch:  23 batch:  110 region_loss:  4.0 4.0 loc_loss:  0.28634426116943357 reward_loss:  -14.31721305847168
epoch:  23 batch:  120 region_loss:  5.0 5.0 loc_loss:  0.3172851371765137 reward_loss:  -15.86425495147705
epoch:  23 batch:  130 region_loss:  7.0 7.0 loc_loss:  0.4821052169799805 reward_loss:  -24.10525894165039
acc@1:  0.13405456255879586
epoch: 23 region loss 0.17051094890510948 loc loss 0.5410673123380563 reward loss -27.053365122662843
epoch:  24 batch:  0 region_loss:  10.0 10.0 loc_loss:  0.5915696716308594 reward_loss:  -29.57848358154297
epoch:  24 batch:  10 region_loss:  10.0 10.0 loc_loss:  0.6294347381591797 reward_loss:  -31.471736907958984
epoch:  24 batch:  20 region_loss:  10.0 10.0 loc_loss:  0.5557176208496094 reward_loss:  -27.7858829498291
epoch:  24 batch:  30 region_loss:  10.0 10.0 loc_loss:  0.5843882369995117 reward_loss:  -29.219411849975586
epoch:  24 batch:  40 region_loss:  10.0 10.0 loc_loss:  0.7053201293945313 reward_loss:  -35.26600646972656
epoch:  24 batch:  50 region_loss:  10.0 10.0 loc_loss:  0.5863892745971679 reward_loss:  -29.3194637298584
epoch:  24 batch:  60 region_loss:  10.0 10.0 loc_loss:  0.621535530090332 reward_loss:  -31.07677459716797
epoch:  24 batch:  70 region_loss:  10.0 10.0 loc_loss:  0.601781005859375 reward_loss:  -30.089048385620117
epoch:  24 batch:  80 region_loss:  10.0 10.0 loc_loss:  0.6653028106689454 reward_loss:  -33.26513671875
epoch:  24 batch:  90 region_loss:  6.0 6.0 loc_loss:  0.39764793395996095 reward_loss:  -19.882394790649414
epoch:  24 batch:  100 region_loss:  8.0 8.0 loc_loss:  0.4735600662231445 reward_loss:  -23.678003311157227
epoch:  24 batch:  110 region_loss:  4.0 4.0 loc_loss:  0.27171787261962893 reward_loss:  -13.585893630981445
epoch:  24 batch:  120 region_loss:  5.0 5.0 loc_loss:  0.3008626937866211 reward_loss:  -15.043115615844727
epoch:  24 batch:  130 region_loss:  7.0 7.0 loc_loss:  0.46051090240478515 reward_loss:  -23.025543212890625
acc@1:  0.13358419567262464
epoch: 24 region loss 0.17051094890510948 loc loss 0.5178839184419952 reward loss -25.894196304961714
epoch:  25 batch:  0 region_loss:  10.0 10.0 loc_loss:  0.563736572265625 reward_loss:  -28.186832427978516
epoch:  25 batch:  10 region_loss:  10.0 10.0 loc_loss:  0.6033953857421875 reward_loss:  -30.169767379760742
epoch:  25 batch:  20 region_loss:  10.0 10.0 loc_loss:  0.5346535873413086 reward_loss:  -26.732681274414062
epoch:  25 batch:  30 region_loss:  10.0 10.0 loc_loss:  0.5566616058349609 reward_loss:  -27.83307647705078
epoch:  25 batch:  40 region_loss:  10.0 10.0 loc_loss:  0.6791838836669922 reward_loss:  -33.95919418334961
epoch:  25 batch:  50 region_loss:  10.0 10.0 loc_loss:  0.5619721221923828 reward_loss:  -28.098609924316406
epoch:  25 batch:  60 region_loss:  10.0 10.0 loc_loss:  0.5917344284057617 reward_loss:  -29.586719512939453
epoch:  25 batch:  70 region_loss:  10.0 10.0 loc_loss:  0.5758705520629883 reward_loss:  -28.793529510498047
epoch:  25 batch:  80 region_loss:  10.0 10.0 loc_loss:  0.6357044982910156 reward_loss:  -31.785221099853516
epoch:  25 batch:  90 region_loss:  6.0 6.0 loc_loss:  0.37904350280761717 reward_loss:  -18.95217514038086
epoch:  25 batch:  100 region_loss:  8.0 8.0 loc_loss:  0.45187084197998045 reward_loss:  -22.593542098999023
epoch:  25 batch:  110 region_loss:  4.0 4.0 loc_loss:  0.257673397064209 reward_loss:  -12.88366985321045
epoch:  25 batch:  120 region_loss:  5.0 5.0 loc_loss:  0.28524993896484374 reward_loss:  -14.262496948242188
epoch:  25 batch:  130 region_loss:  7.0 7.0 loc_loss:  0.4396433639526367 reward_loss:  -21.982166290283203
acc@1:  0.132173095014111
epoch: 25 region loss 0.17051094890510948 loc loss 0.4956787314032116 reward loss -24.783935901892445
epoch:  26 batch:  0 region_loss:  10.0 10.0 loc_loss:  0.537190055847168 reward_loss:  -26.859500885009766
epoch:  26 batch:  10 region_loss:  10.0 10.0 loc_loss:  0.5784451675415039 reward_loss:  -28.92226219177246
epoch:  26 batch:  20 region_loss:  10.0 10.0 loc_loss:  0.514468765258789 reward_loss:  -25.723440170288086
epoch:  26 batch:  30 region_loss:  10.0 10.0 loc_loss:  0.5302983093261718 reward_loss:  -26.514915466308594
epoch:  26 batch:  40 region_loss:  10.0 10.0 loc_loss:  0.6537345886230469 reward_loss:  -32.68672561645508
epoch:  26 batch:  50 region_loss:  10.0 10.0 loc_loss:  0.5386222457885742 reward_loss:  -26.93111228942871
epoch:  26 batch:  60 region_loss:  10.0 10.0 loc_loss:  0.563266372680664 reward_loss:  -28.163318634033203
epoch:  26 batch:  70 region_loss:  10.0 10.0 loc_loss:  0.5511325836181641 reward_loss:  -27.55663299560547
epoch:  26 batch:  80 region_loss:  10.0 10.0 loc_loss:  0.6070552062988281 reward_loss:  -30.35276222229004
epoch:  26 batch:  90 region_loss:  6.0 6.0 loc_loss:  0.3610331344604492 reward_loss:  -18.05165672302246
epoch:  26 batch:  100 region_loss:  8.0 8.0 loc_loss:  0.43101844787597654 reward_loss:  -21.550920486450195
epoch:  26 batch:  110 region_loss:  4.0 4.0 loc_loss:  0.24414907455444335 reward_loss:  -12.207452774047852
epoch:  26 batch:  120 region_loss:  5.0 5.0 loc_loss:  0.27036462783813475 reward_loss:  -13.518228530883789
epoch:  26 batch:  130 region_loss:  7.0 7.0 loc_loss:  0.41942893981933593 reward_loss:  -20.97144889831543
acc@1:  0.1284101599247413
epoch: 26 region loss 0.17051094890510948 loc loss 0.4743405875324333 reward loss -23.717029070332103
epoch:  27 batch:  0 region_loss:  10.0 10.0 loc_loss:  0.5118105316162109 reward_loss:  -25.590530395507812
epoch:  27 batch:  10 region_loss:  10.0 10.0 loc_loss:  0.5544374084472656 reward_loss:  -27.72187042236328
epoch:  27 batch:  20 region_loss:  10.0 10.0 loc_loss:  0.4950559616088867 reward_loss:  -24.752798080444336
epoch:  27 batch:  30 region_loss:  10.0 10.0 loc_loss:  0.5051605987548828 reward_loss:  -25.25802993774414
epoch:  27 batch:  40 region_loss:  10.0 10.0 loc_loss:  0.628898811340332 reward_loss:  -31.444944381713867
epoch:  27 batch:  50 region_loss:  10.0 10.0 loc_loss:  0.5161868286132812 reward_loss:  -25.80933952331543
epoch:  27 batch:  60 region_loss:  10.0 10.0 loc_loss:  0.5360068511962891 reward_loss:  -26.800342559814453
epoch:  27 batch:  70 region_loss:  10.0 10.0 loc_loss:  0.5274322891235351 reward_loss:  -26.371612548828125
epoch:  27 batch:  80 region_loss:  10.0 10.0 loc_loss:  0.5792656707763671 reward_loss:  -28.96328353881836
epoch:  27 batch:  90 region_loss:  6.0 6.0 loc_loss:  0.34357059478759766 reward_loss:  -17.178531646728516
epoch:  27 batch:  100 region_loss:  8.0 8.0 loc_loss:  0.4109539794921875 reward_loss:  -20.547698974609375
epoch:  27 batch:  110 region_loss:  4.0 4.0 loc_loss:  0.23109687805175783 reward_loss:  -11.55484390258789
epoch:  27 batch:  120 region_loss:  5.0 5.0 loc_loss:  0.25612424850463866 reward_loss:  -12.806212425231934
epoch:  27 batch:  130 region_loss:  7.0 7.0 loc_loss:  0.3998138427734375 reward_loss:  -19.990690231323242
acc@1:  0.12605832549388524
epoch: 27 region loss 0.17051094890510948 loc loss 0.4537756258553832 reward loss -22.68878104216861
epoch:  28 batch:  0 region_loss:  10.0 10.0 loc_loss:  0.48749256134033203 reward_loss:  -24.374629974365234
epoch:  28 batch:  10 region_loss:  10.0 10.0 loc_loss:  0.531251220703125 reward_loss:  -26.56255531311035
epoch:  28 batch:  20 region_loss:  10.0 10.0 loc_loss:  0.4763277816772461 reward_loss:  -23.816389083862305
epoch:  28 batch:  30 region_loss:  10.0 10.0 loc_loss:  0.4811197662353516 reward_loss:  -24.055988311767578
epoch:  28 batch:  40 region_loss:  10.0 10.0 loc_loss:  0.6046197128295898 reward_loss:  -30.230985641479492
epoch:  28 batch:  50 region_loss:  10.0 10.0 loc_loss:  0.49454418182373044 reward_loss:  -24.727209091186523
epoch:  28 batch:  60 region_loss:  10.0 10.0 loc_loss:  0.5098481369018555 reward_loss:  -25.492408752441406
epoch:  28 batch:  70 region_loss:  10.0 10.0 loc_loss:  0.5046532440185547 reward_loss:  -25.2326602935791
epoch:  28 batch:  80 region_loss:  10.0 10.0 loc_loss:  0.5522666931152344 reward_loss:  -27.61333465576172
epoch:  28 batch:  90 region_loss:  6.0 6.0 loc_loss:  0.32661846160888675 reward_loss:  -16.330921173095703
epoch:  28 batch:  100 region_loss:  8.0 8.0 loc_loss:  0.39162502288818357 reward_loss:  -19.581249237060547
epoch:  28 batch:  110 region_loss:  4.0 4.0 loc_loss:  0.21848464965820313 reward_loss:  -10.924232482910156
epoch:  28 batch:  120 region_loss:  5.0 5.0 loc_loss:  0.2424577522277832 reward_loss:  -12.122886657714844
epoch:  28 batch:  130 region_loss:  7.0 7.0 loc_loss:  0.3807653045654297 reward_loss:  -19.038265228271484
acc@1:  0.12370649106302917
epoch: 28 region loss 0.17051094890510948 loc loss 0.433905970336747 reward loss -21.69529743264191
epoch:  29 batch:  0 region_loss:  10.0 10.0 loc_loss:  0.4641347122192383 reward_loss:  -23.20673370361328
epoch:  29 batch:  10 region_loss:  10.0 10.0 loc_loss:  0.5087892150878907 reward_loss:  -25.439456939697266
epoch:  29 batch:  20 region_loss:  10.0 10.0 loc_loss:  0.4582073211669922 reward_loss:  -22.91036605834961
epoch:  29 batch:  30 region_loss:  10.0 10.0 loc_loss:  0.45806106567382815 reward_loss:  -22.90304946899414
epoch:  29 batch:  40 region_loss:  10.0 10.0 loc_loss:  0.5808606719970704 reward_loss:  -29.043033599853516
epoch:  29 batch:  50 region_loss:  10.0 10.0 loc_loss:  0.47359878540039063 reward_loss:  -23.67993927001953
epoch:  29 batch:  60 region_loss:  10.0 10.0 loc_loss:  0.48470062255859375 reward_loss:  -24.235029220581055
epoch:  29 batch:  70 region_loss:  10.0 10.0 loc_loss:  0.48269359588623045 reward_loss:  -24.134679794311523
epoch:  29 batch:  80 region_loss:  10.0 10.0 loc_loss:  0.5260002899169922 reward_loss:  -26.30001449584961
epoch:  29 batch:  90 region_loss:  6.0 6.0 loc_loss:  0.31014921188354494 reward_loss:  -15.50745964050293
epoch:  29 batch:  100 region_loss:  8.0 8.0 loc_loss:  0.37297763824462893 reward_loss:  -18.648881912231445
epoch:  29 batch:  110 region_loss:  4.0 4.0 loc_loss:  0.20629451751708985 reward_loss:  -10.314725875854492
epoch:  29 batch:  120 region_loss:  5.0 5.0 loc_loss:  0.22931018829345703 reward_loss:  -11.465509414672852
epoch:  29 batch:  130 region_loss:  7.0 7.0 loc_loss:  0.36225387573242185 reward_loss:  -18.112693786621094
acc@1:  0.12370649106302917
epoch: 29 region loss 0.17051094890510948 loc loss 0.41466953500343934 reward loss -20.733476330764102
epoch:  30 batch:  0 region_loss:  10.0 10.0 loc_loss:  0.44164825439453126 reward_loss:  -22.082412719726562
epoch:  30 batch:  10 region_loss:  10.0 10.0 loc_loss:  0.4869820022583008 reward_loss:  -24.349098205566406
epoch:  30 batch:  20 region_loss:  10.0 10.0 loc_loss:  0.4406447982788086 reward_loss:  -22.03223991394043
epoch:  30 batch:  30 region_loss:  10.0 10.0 loc_loss:  0.43588268280029296 reward_loss:  -21.79413414001465
epoch:  30 batch:  40 region_loss:  10.0 10.0 loc_loss:  0.5576026153564453 reward_loss:  -27.8801326751709
epoch:  30 batch:  50 region_loss:  10.0 10.0 loc_loss:  0.4532780075073242 reward_loss:  -22.663898468017578
epoch:  30 batch:  60 region_loss:  10.0 10.0 loc_loss:  0.46049152374267577 reward_loss:  -23.02457618713379
epoch:  30 batch:  70 region_loss:  10.0 10.0 loc_loss:  0.46146678924560547 reward_loss:  -23.073339462280273
epoch:  30 batch:  80 region_loss:  10.0 10.0 loc_loss:  0.5004232406616211 reward_loss:  -25.021162033081055
epoch:  30 batch:  90 region_loss:  6.0 6.0 loc_loss:  0.29414390563964843 reward_loss:  -14.707196235656738
epoch:  30 batch:  100 region_loss:  8.0 8.0 loc_loss:  0.3549614334106445 reward_loss:  -17.748071670532227
epoch:  30 batch:  110 region_loss:  4.0 4.0 loc_loss:  0.19452165603637694 reward_loss:  -9.726083755493164
epoch:  30 batch:  120 region_loss:  5.0 5.0 loc_loss:  0.2166442108154297 reward_loss:  -10.832209587097168
epoch:  30 batch:  130 region_loss:  7.0 7.0 loc_loss:  0.344260139465332 reward_loss:  -17.213008880615234
acc@1:  0.12605832549388524
epoch: 30 region loss 0.17051094890510948 loc loss 0.3960195901620127 reward loss -19.800979400203175
epoch:  31 batch:  0 region_loss:  10.0 10.0 loc_loss:  0.41995986938476565 reward_loss:  -20.997995376586914
epoch:  31 batch:  10 region_loss:  10.0 10.0 loc_loss:  0.4657786560058594 reward_loss:  -23.28893280029297
epoch:  31 batch:  20 region_loss:  10.0 10.0 loc_loss:  0.42360729217529297 reward_loss:  -21.18036460876465
epoch:  31 batch:  30 region_loss:  10.0 10.0 loc_loss:  0.4145069122314453 reward_loss:  -20.72534942626953
epoch:  31 batch:  40 region_loss:  10.0 10.0 loc_loss:  0.5348217010498046 reward_loss:  -26.741086959838867
epoch:  31 batch:  50 region_loss:  10.0 10.0 loc_loss:  0.4335270690917969 reward_loss:  -21.67635154724121
epoch:  31 batch:  60 region_loss:  10.0 10.0 loc_loss:  0.43716140747070314 reward_loss:  -21.85806655883789
epoch:  31 batch:  70 region_loss:  10.0 10.0 loc_loss:  0.4409013748168945 reward_loss:  -22.045068740844727
epoch:  31 batch:  80 region_loss:  10.0 10.0 loc_loss:  0.4755139923095703 reward_loss:  -23.775699615478516
epoch:  31 batch:  90 region_loss:  6.0 6.0 loc_loss:  0.27859161376953123 reward_loss:  -13.929580688476562
epoch:  31 batch:  100 region_loss:  8.0 8.0 loc_loss:  0.3375327682495117 reward_loss:  -16.876638412475586
epoch:  31 batch:  110 region_loss:  4.0 4.0 loc_loss:  0.1831661605834961 reward_loss:  -9.158306121826172
epoch:  31 batch:  120 region_loss:  5.0 5.0 loc_loss:  0.2044371795654297 reward_loss:  -10.221858978271484
epoch:  31 batch:  130 region_loss:  7.0 7.0 loc_loss:  0.3267746353149414 reward_loss:  -16.338727951049805
acc@1:  0.12558795860771402
epoch: 31 region loss 0.17051094890510948 loc loss 0.37792105177023116 reward loss -18.896052445808465
epoch:  32 batch:  0 region_loss:  10.0 10.0 loc_loss:  0.3990133285522461 reward_loss:  -19.950664520263672
epoch:  32 batch:  10 region_loss:  10.0 10.0 loc_loss:  0.4451344680786133 reward_loss:  -22.25672721862793
epoch:  32 batch:  20 region_loss:  10.0 10.0 loc_loss:  0.40707386016845704 reward_loss:  -20.35369300842285
epoch:  32 batch:  30 region_loss:  10.0 10.0 loc_loss:  0.3938679504394531 reward_loss:  -19.693395614624023
epoch:  32 batch:  40 region_loss:  10.0 10.0 loc_loss:  0.5125028228759766 reward_loss:  -25.625137329101562
epoch:  32 batch:  50 region_loss:  10.0 10.0 loc_loss:  0.41430755615234377 reward_loss:  -20.715377807617188
epoch:  32 batch:  60 region_loss:  10.0 10.0 loc_loss:  0.4146745300292969 reward_loss:  -20.73372459411621
epoch:  32 batch:  70 region_loss:  10.0 10.0 loc_loss:  0.42094783782958983 reward_loss:  -21.047391891479492
epoch:  32 batch:  80 region_loss:  10.0 10.0 loc_loss:  0.4512553024291992 reward_loss:  -22.562767028808594
epoch:  32 batch:  90 region_loss:  6.0 6.0 loc_loss:  0.2634915924072266 reward_loss:  -13.174578666687012
epoch:  32 batch:  100 region_loss:  8.0 8.0 loc_loss:  0.32065208435058595 reward_loss:  -16.03260040283203
epoch:  32 batch:  110 region_loss:  4.0 4.0 loc_loss:  0.17223419189453126 reward_loss:  -8.611709594726562
epoch:  32 batch:  120 region_loss:  5.0 5.0 loc_loss:  0.1926765823364258 reward_loss:  -9.633828163146973
epoch:  32 batch:  130 region_loss:  7.0 7.0 loc_loss:  0.3098000907897949 reward_loss:  -15.490006446838379
acc@1:  0.12464722483537159
epoch: 32 region loss 0.17051094890510948 loc loss 0.36034980457194526 reward loss -18.01748959339448
epoch:  33 batch:  0 region_loss:  10.0 10.0 loc_loss:  0.3787685012817383 reward_loss:  -18.93842315673828
epoch:  33 batch:  10 region_loss:  10.0 10.0 loc_loss:  0.4250271606445313 reward_loss:  -21.25135612487793
epoch:  33 batch:  20 region_loss:  10.0 10.0 loc_loss:  0.39102317810058596 reward_loss:  -19.551158905029297
epoch:  33 batch:  30 region_loss:  10.0 10.0 loc_loss:  0.37392879486083985 reward_loss:  -18.696443557739258
epoch:  33 batch:  40 region_loss:  10.0 10.0 loc_loss:  0.4906316375732422 reward_loss:  -24.53158187866211
epoch:  33 batch:  50 region_loss:  10.0 10.0 loc_loss:  0.3955912399291992 reward_loss:  -19.77956199645996
epoch:  33 batch:  60 region_loss:  10.0 10.0 loc_loss:  0.39300071716308593 reward_loss:  -19.650035858154297
epoch:  33 batch:  70 region_loss:  10.0 10.0 loc_loss:  0.40155452728271485 reward_loss:  -20.077728271484375
epoch:  33 batch:  80 region_loss:  10.0 10.0 loc_loss:  0.42765987396240235 reward_loss:  -21.38299560546875
epoch:  33 batch:  90 region_loss:  6.0 6.0 loc_loss:  0.2488435363769531 reward_loss:  -12.442178726196289
epoch:  33 batch:  100 region_loss:  8.0 8.0 loc_loss:  0.3043044090270996 reward_loss:  -15.21522045135498
epoch:  33 batch:  110 region_loss:  4.0 4.0 loc_loss:  0.16172122955322266 reward_loss:  -8.086061477661133
epoch:  33 batch:  120 region_loss:  5.0 5.0 loc_loss:  0.18135412216186522 reward_loss:  -9.067707061767578
epoch:  33 batch:  130 region_loss:  7.0 7.0 loc_loss:  0.29333732604980467 reward_loss:  -14.666863441467285
acc@1:  0.12323612417685795
epoch: 33 region loss 0.17051094890510948 loc loss 0.3432894487798649 reward loss -17.164472447694653
epoch:  34 batch:  0 region_loss:  10.0 10.0 loc_loss:  0.3591958999633789 reward_loss:  -17.959796905517578
epoch:  34 batch:  10 region_loss:  10.0 10.0 loc_loss:  0.40543781280517577 reward_loss:  -20.27189064025879
epoch:  34 batch:  20 region_loss:  10.0 10.0 loc_loss:  0.3754457473754883 reward_loss:  -18.772289276123047
epoch:  34 batch:  30 region_loss:  10.0 10.0 loc_loss:  0.35461666107177736 reward_loss:  -17.730831146240234
epoch:  34 batch:  40 region_loss:  10.0 10.0 loc_loss:  0.46921875 reward_loss:  -23.4609317779541
epoch:  34 batch:  50 region_loss:  10.0 10.0 loc_loss:  0.3773609161376953 reward_loss:  -18.868045806884766
epoch:  34 batch:  60 region_loss:  10.0 10.0 loc_loss:  0.37212295532226564 reward_loss:  -18.60614776611328
epoch:  34 batch:  70 region_loss:  10.0 10.0 loc_loss:  0.38272743225097655 reward_loss:  -19.136371612548828
epoch:  34 batch:  80 region_loss:  10.0 10.0 loc_loss:  0.40469932556152344 reward_loss:  -20.23496437072754
epoch:  34 batch:  90 region_loss:  6.0 6.0 loc_loss:  0.2346632194519043 reward_loss:  -11.733161926269531
epoch:  34 batch:  100 region_loss:  8.0 8.0 loc_loss:  0.2884525299072266 reward_loss:  -14.422626495361328
epoch:  34 batch:  110 region_loss:  4.0 4.0 loc_loss:  0.15164610862731934 reward_loss:  -7.582303524017334
epoch:  34 batch:  120 region_loss:  5.0 5.0 loc_loss:  0.17047204971313476 reward_loss:  -8.523601531982422
epoch:  34 batch:  130 region_loss:  7.0 7.0 loc_loss:  0.2773985481262207 reward_loss:  -13.869928359985352
acc@1:  0.12229539040451552
epoch: 34 region loss 0.17051094890510948 loc loss 0.3267371639370048 reward loss -16.336857993237295
epoch:  35 batch:  0 region_loss:  10.0 10.0 loc_loss:  0.34027774810791017 reward_loss:  -17.01388931274414
epoch:  35 batch:  10 region_loss:  10.0 10.0 loc_loss:  0.3863587188720703 reward_loss:  -19.317935943603516
epoch:  35 batch:  20 region_loss:  10.0 10.0 loc_loss:  0.3603010940551758 reward_loss:  -18.01505470275879
epoch:  35 batch:  30 region_loss:  10.0 10.0 loc_loss:  0.3359932708740234 reward_loss:  -16.799663543701172
epoch:  35 batch:  40 region_loss:  10.0 10.0 loc_loss:  0.4482322311401367 reward_loss:  -22.411611557006836
epoch:  35 batch:  50 region_loss:  10.0 10.0 loc_loss:  0.35959911346435547 reward_loss:  -17.979955673217773
epoch:  35 batch:  60 region_loss:  10.0 10.0 loc_loss:  0.35199626922607424 reward_loss:  -17.599815368652344
epoch:  35 batch:  70 region_loss:  10.0 10.0 loc_loss:  0.36437400817871096 reward_loss:  -18.218698501586914
epoch:  35 batch:  80 region_loss:  10.0 10.0 loc_loss:  0.3824760437011719 reward_loss:  -19.123804092407227
epoch:  35 batch:  90 region_loss:  6.0 6.0 loc_loss:  0.22090818405151366 reward_loss:  -11.045409202575684
epoch:  35 batch:  100 region_loss:  8.0 8.0 loc_loss:  0.2731644058227539 reward_loss:  -13.658219337463379
epoch:  35 batch:  110 region_loss:  4.0 4.0 loc_loss:  0.1419629192352295 reward_loss:  -7.098145484924316
epoch:  35 batch:  120 region_loss:  5.0 5.0 loc_loss:  0.16001415252685547 reward_loss:  -8.00070571899414
epoch:  35 batch:  130 region_loss:  7.0 7.0 loc_loss:  0.26196928024291993 reward_loss:  -13.098464012145996
acc@1:  0.11994355597365945
epoch: 35 region loss 0.17051094890510948 loc loss 0.31070842678529503 reward loss -15.535421096495469
epoch:  36 batch:  0 region_loss:  10.0 10.0 loc_loss:  0.3219948959350586 reward_loss:  -16.09974479675293
epoch:  36 batch:  10 region_loss:  10.0 10.0 loc_loss:  0.36775691986083986 reward_loss:  -18.387853622436523
epoch:  36 batch:  20 region_loss:  10.0 10.0 loc_loss:  0.34563461303710935 reward_loss:  -17.28173065185547
epoch:  36 batch:  30 region_loss:  10.0 10.0 loc_loss:  0.31782424926757813 reward_loss:  -15.89121150970459
epoch:  36 batch:  40 region_loss:  10.0 10.0 loc_loss:  0.42775424957275393 reward_loss:  -21.387712478637695
epoch:  36 batch:  50 region_loss:  10.0 10.0 loc_loss:  0.34231414794921877 reward_loss:  -17.115707397460938
epoch:  36 batch:  60 region_loss:  10.0 10.0 loc_loss:  0.3326278305053711 reward_loss:  -16.631391525268555
epoch:  36 batch:  70 region_loss:  10.0 10.0 loc_loss:  0.34666656494140624 reward_loss:  -17.333328247070312
epoch:  36 batch:  80 region_loss:  10.0 10.0 loc_loss:  0.36082695007324217 reward_loss:  -18.04134750366211
epoch:  36 batch:  90 region_loss:  6.0 6.0 loc_loss:  0.2076929473876953 reward_loss:  -10.384647369384766
epoch:  36 batch:  100 region_loss:  8.0 8.0 loc_loss:  0.2582728958129883 reward_loss:  -12.913644790649414
epoch:  36 batch:  110 region_loss:  4.0 4.0 loc_loss:  0.13276787757873534 reward_loss:  -6.638395309448242
epoch:  36 batch:  120 region_loss:  5.0 5.0 loc_loss:  0.1500064754486084 reward_loss:  -7.500324249267578
epoch:  36 batch:  130 region_loss:  7.0 7.0 loc_loss:  0.24707168579101563 reward_loss:  -12.353585243225098
acc@1:  0.12088428974600188
epoch: 36 region loss 0.17051094890510948 loc loss 0.2952239446222347 reward loss -14.761196797781617
epoch:  37 batch:  0 region_loss:  10.0 10.0 loc_loss:  0.3043570327758789 reward_loss:  -15.217853546142578
epoch:  37 batch:  10 region_loss:  10.0 10.0 loc_loss:  0.3496698760986328 reward_loss:  -17.48349380493164
epoch:  37 batch:  20 region_loss:  10.0 10.0 loc_loss:  0.33131622314453124 reward_loss:  -16.565811157226562
epoch:  37 batch:  30 region_loss:  10.0 10.0 loc_loss:  0.3005824661254883 reward_loss:  -15.029122352600098
epoch:  37 batch:  40 region_loss:  10.0 10.0 loc_loss:  0.4076399230957031 reward_loss:  -20.38199234008789
epoch:  37 batch:  50 region_loss:  10.0 10.0 loc_loss:  0.32547348022460937 reward_loss:  -16.273672103881836
epoch:  37 batch:  60 region_loss:  10.0 10.0 loc_loss:  0.31398944854736327 reward_loss:  -15.699470520019531
epoch:  37 batch:  70 region_loss:  10.0 10.0 loc_loss:  0.3292951965332031 reward_loss:  -16.46476173400879
epoch:  37 batch:  80 region_loss:  10.0 10.0 loc_loss:  0.34007972717285156 reward_loss:  -17.00398826599121
epoch:  37 batch:  90 region_loss:  6.0 6.0 loc_loss:  0.19484657287597656 reward_loss:  -9.742327690124512
epoch:  37 batch:  100 region_loss:  8.0 8.0 loc_loss:  0.24405673980712891 reward_loss:  -12.202836036682129
epoch:  37 batch:  110 region_loss:  4.0 4.0 loc_loss:  0.12391768455505371 reward_loss:  -6.195884704589844
epoch:  37 batch:  120 region_loss:  5.0 5.0 loc_loss:  0.14038324356079102 reward_loss:  -7.019161701202393
epoch:  37 batch:  130 region_loss:  7.0 7.0 loc_loss:  0.23268991470336914 reward_loss:  -11.634495735168457
acc@1:  0.11994355597365945
epoch: 37 region loss 0.17051094890510948 loc loss 0.2801152997295352 reward loss -14.00576507436098
epoch:  38 batch:  0 region_loss:  10.0 10.0 loc_loss:  0.2873393630981445 reward_loss:  -14.366968154907227
epoch:  38 batch:  10 region_loss:  10.0 10.0 loc_loss:  0.3320271301269531 reward_loss:  -16.601356506347656
epoch:  38 batch:  20 region_loss:  10.0 10.0 loc_loss:  0.31750587463378904 reward_loss:  -15.875295639038086
epoch:  38 batch:  30 region_loss:  10.0 10.0 loc_loss:  0.2835477066040039 reward_loss:  -14.177387237548828
epoch:  38 batch:  40 region_loss:  10.0 10.0 loc_loss:  0.38814334869384765 reward_loss:  -19.407167434692383
epoch:  38 batch:  50 region_loss:  10.0 10.0 loc_loss:  0.3091093063354492 reward_loss:  -15.455465316772461
epoch:  38 batch:  60 region_loss:  10.0 10.0 loc_loss:  0.29605209350585937 reward_loss:  -14.802605628967285
epoch:  38 batch:  70 region_loss:  10.0 10.0 loc_loss:  0.3126627349853516 reward_loss:  -15.633134841918945
epoch:  38 batch:  80 region_loss:  10.0 10.0 loc_loss:  0.31981870651245115 reward_loss:  -15.990935325622559
epoch:  38 batch:  90 region_loss:  6.0 6.0 loc_loss:  0.18259315490722655 reward_loss:  -9.129657745361328
epoch:  38 batch:  100 region_loss:  8.0 8.0 loc_loss:  0.2301163101196289 reward_loss:  -11.505814552307129
epoch:  38 batch:  110 region_loss:  4.0 4.0 loc_loss:  0.11554896354675293 reward_loss:  -5.7774481773376465
epoch:  38 batch:  120 region_loss:  5.0 5.0 loc_loss:  0.13124557495117187 reward_loss:  -6.5622782707214355
epoch:  38 batch:  130 region_loss:  7.0 7.0 loc_loss:  0.2187892723083496 reward_loss:  -10.93946361541748
acc@1:  0.11994355597365945
epoch: 38 region loss 0.17051094890510948 loc loss 0.2655166591518987 reward loss -13.275832951503949
epoch:  39 batch:  0 region_loss:  10.0 10.0 loc_loss:  0.27095125198364256 reward_loss:  -13.547562599182129
epoch:  39 batch:  10 region_loss:  10.0 10.0 loc_loss:  0.3149439430236816 reward_loss:  -15.747197151184082
epoch:  39 batch:  20 region_loss:  10.0 10.0 loc_loss:  0.30399848937988283 reward_loss:  -15.19992446899414
epoch:  39 batch:  30 region_loss:  10.0 10.0 loc_loss:  0.2675265693664551 reward_loss:  -13.376328468322754
epoch:  39 batch:  40 region_loss:  10.0 10.0 loc_loss:  0.36898040771484375 reward_loss:  -18.449016571044922
epoch:  39 batch:  50 region_loss:  10.0 10.0 loc_loss:  0.2932316780090332 reward_loss:  -14.661584854125977
epoch:  39 batch:  60 region_loss:  10.0 10.0 loc_loss:  0.27890361785888673 reward_loss:  -13.94517993927002
epoch:  39 batch:  70 region_loss:  10.0 10.0 loc_loss:  0.2962257957458496 reward_loss:  -14.811288833618164
epoch:  39 batch:  80 region_loss:  10.0 10.0 loc_loss:  0.3006300354003906 reward_loss:  -15.031500816345215
epoch:  39 batch:  90 region_loss:  6.0 6.0 loc_loss:  0.1707912254333496 reward_loss:  -8.539554595947266
epoch:  39 batch:  100 region_loss:  8.0 8.0 loc_loss:  0.21695856094360352 reward_loss:  -10.84792709350586
epoch:  39 batch:  110 region_loss:  4.0 4.0 loc_loss:  0.10757116317749023 reward_loss:  -5.3785600662231445
epoch:  39 batch:  120 region_loss:  5.0 5.0 loc_loss:  0.12246104240417481 reward_loss:  -6.123052597045898
epoch:  39 batch:  130 region_loss:  7.0 7.0 loc_loss:  0.20548107147216796 reward_loss:  -10.274052619934082
acc@1:  0.11853245531514581
epoch: 39 region loss 0.17051094890510948 loc loss 0.25144625562820994 reward loss -12.57231299198457
epoch:  40 batch:  0 region_loss:  10.0 10.0 loc_loss:  0.2552712631225586 reward_loss:  -12.76356315612793
epoch:  40 batch:  10 region_loss:  10.0 10.0 loc_loss:  0.2982427978515625 reward_loss:  -14.912140846252441
epoch:  40 batch:  20 region_loss:  10.0 10.0 loc_loss:  0.29105627059936523 reward_loss:  -14.552812576293945
epoch:  40 batch:  30 region_loss:  10.0 10.0 loc_loss:  0.2518716239929199 reward_loss:  -12.593583106994629
epoch:  40 batch:  40 region_loss:  10.0 10.0 loc_loss:  0.3505572509765625 reward_loss:  -17.527862548828125
epoch:  40 batch:  50 region_loss:  10.0 10.0 loc_loss:  0.27783754348754885 reward_loss:  -13.891878128051758
epoch:  40 batch:  60 region_loss:  10.0 10.0 loc_loss:  0.262347412109375 reward_loss:  -13.11737060546875
epoch:  40 batch:  70 region_loss:  10.0 10.0 loc_loss:  0.28075370788574217 reward_loss:  -14.03768539428711
epoch:  40 batch:  80 region_loss:  10.0 10.0 loc_loss:  0.28191370010375977 reward_loss:  -14.095684051513672
epoch:  40 batch:  90 region_loss:  6.0 6.0 loc_loss:  0.15942254066467285 reward_loss:  -7.971127033233643
epoch:  40 batch:  100 region_loss:  8.0 8.0 loc_loss:  0.2041006088256836 reward_loss:  -10.20503044128418
epoch:  40 batch:  110 region_loss:  4.0 4.0 loc_loss:  0.09997823715209961 reward_loss:  -4.998911380767822
epoch:  40 batch:  120 region_loss:  5.0 5.0 loc_loss:  0.11419919967651367 reward_loss:  -5.709959983825684
epoch:  40 batch:  130 region_loss:  7.0 7.0 loc_loss:  0.19269502639770508 reward_loss:  -9.634750366210938
acc@1:  0.11712135465663218
epoch: 40 region loss 0.17051094890510948 loc loss 0.23796854177530666 reward loss -11.898426865139147
epoch:  41 batch:  0 region_loss:  10.0 10.0 loc_loss:  0.2401835250854492 reward_loss:  -12.009170532226562
epoch:  41 batch:  10 region_loss:  10.0 10.0 loc_loss:  0.2822686958312988 reward_loss:  -14.113433837890625
epoch:  41 batch:  20 region_loss:  10.0 10.0 loc_loss:  0.2782992744445801 reward_loss:  -13.914963722229004
epoch:  41 batch:  30 region_loss:  10.0 10.0 loc_loss:  0.23699134826660156 reward_loss:  -11.849567413330078
epoch:  41 batch:  40 region_loss:  10.0 10.0 loc_loss:  0.3324764251708984 reward_loss:  -16.623823165893555
epoch:  41 batch:  50 region_loss:  10.0 10.0 loc_loss:  0.26297473907470703 reward_loss:  -13.148736953735352
epoch:  41 batch:  60 region_loss:  10.0 10.0 loc_loss:  0.2467803192138672 reward_loss:  -12.339016914367676
epoch:  41 batch:  70 region_loss:  10.0 10.0 loc_loss:  0.2652954292297363 reward_loss:  -13.264771461486816
epoch:  41 batch:  80 region_loss:  10.0 10.0 loc_loss:  0.2644388198852539 reward_loss:  -13.221939086914062
epoch:  41 batch:  90 region_loss:  6.0 6.0 loc_loss:  0.14889778137207033 reward_loss:  -7.444888591766357
epoch:  41 batch:  100 region_loss:  8.0 8.0 loc_loss:  0.191759090423584 reward_loss:  -9.587955474853516
epoch:  41 batch:  110 region_loss:  4.0 4.0 loc_loss:  0.0928050708770752 reward_loss:  -4.640253067016602
epoch:  41 batch:  120 region_loss:  5.0 5.0 loc_loss:  0.10626994132995606 reward_loss:  -5.313498020172119
epoch:  41 batch:  130 region_loss:  7.0 7.0 loc_loss:  0.1804044723510742 reward_loss:  -9.020223617553711
acc@1:  0.1147695202257761
epoch: 41 region loss 0.17051094890510948 loc loss 0.22512489790463971 reward loss -11.256244470603274
epoch:  42 batch:  0 region_loss:  10.0 10.0 loc_loss:  0.22591556549072267 reward_loss:  -11.295777320861816
epoch:  42 batch:  10 region_loss:  10.0 10.0 loc_loss:  0.26656005859375 reward_loss:  -13.32800579071045
epoch:  42 batch:  20 region_loss:  10.0 10.0 loc_loss:  0.266557559967041 reward_loss:  -13.32787799835205
epoch:  42 batch:  30 region_loss:  10.0 10.0 loc_loss:  0.22281673431396484 reward_loss:  -11.140836715698242
epoch:  42 batch:  40 region_loss:  10.0 10.0 loc_loss:  0.31511672973632815 reward_loss:  -15.755834579467773
epoch:  42 batch:  50 region_loss:  10.0 10.0 loc_loss:  0.24874343872070312 reward_loss:  -12.437171936035156
epoch:  42 batch:  60 region_loss:  10.0 10.0 loc_loss:  0.2315540313720703 reward_loss:  -11.577701568603516
epoch:  42 batch:  70 region_loss:  10.0 10.0 loc_loss:  0.2511255073547363 reward_loss:  -12.556273460388184
epoch:  42 batch:  80 region_loss:  10.0 10.0 loc_loss:  0.24744110107421874 reward_loss:  -12.372056007385254
epoch:  42 batch:  90 region_loss:  6.0 6.0 loc_loss:  0.13845562934875488 reward_loss:  -6.922787189483643
epoch:  42 batch:  100 region_loss:  8.0 8.0 loc_loss:  0.18040960311889648 reward_loss:  -9.020479202270508
epoch:  42 batch:  110 region_loss:  4.0 4.0 loc_loss:  0.08599695205688476 reward_loss:  -4.299847602844238
epoch:  42 batch:  120 region_loss:  5.0 5.0 loc_loss:  0.09891959190368653 reward_loss:  -4.945979118347168
epoch:  42 batch:  130 region_loss:  7.0 7.0 loc_loss:  0.16886823654174804 reward_loss:  -8.443410873413086
acc@1:  0.11523988711194733
epoch: 42 region loss 0.17051094890510948 loc loss 0.21281358090630412 reward loss -10.640678925235775
epoch:  43 batch:  0 region_loss:  10.0 10.0 loc_loss:  0.2124789047241211 reward_loss:  -10.623945236206055
epoch:  43 batch:  10 region_loss:  10.0 10.0 loc_loss:  0.2517777252197266 reward_loss:  -12.588887214660645
epoch:  43 batch:  20 region_loss:  10.0 10.0 loc_loss:  0.2552901649475098 reward_loss:  -12.764507293701172
epoch:  43 batch:  30 region_loss:  10.0 10.0 loc_loss:  0.2092043685913086 reward_loss:  -10.460217475891113
epoch:  43 batch:  40 region_loss:  10.0 10.0 loc_loss:  0.2982373046875 reward_loss:  -14.911864280700684
epoch:  43 batch:  50 region_loss:  10.0 10.0 loc_loss:  0.23499420166015625 reward_loss:  -11.749709129333496
epoch:  43 batch:  60 region_loss:  10.0 10.0 loc_loss:  0.2176820945739746 reward_loss:  -10.88410472869873
epoch:  43 batch:  70 region_loss:  10.0 10.0 loc_loss:  0.23684085845947267 reward_loss:  -11.842042922973633
epoch:  43 batch:  80 region_loss:  10.0 10.0 loc_loss:  0.23171531677246093 reward_loss:  -11.585765838623047
epoch:  43 batch:  90 region_loss:  6.0 6.0 loc_loss:  0.12907602310180663 reward_loss:  -6.453802108764648
epoch:  43 batch:  100 region_loss:  8.0 8.0 loc_loss:  0.1683211898803711 reward_loss:  -8.416060447692871
epoch:  43 batch:  110 region_loss:  4.0 4.0 loc_loss:  0.0795214557647705 reward_loss:  -3.9760725498199463
epoch:  43 batch:  120 region_loss:  5.0 5.0 loc_loss:  0.09180066108703613 reward_loss:  -4.590033054351807
epoch:  43 batch:  130 region_loss:  7.0 7.0 loc_loss:  0.1574721145629883 reward_loss:  -7.873600482940674
acc@1:  0.1147695202257761
epoch: 43 region loss 0.17051094890510948 loc loss 0.20105151940436258 reward loss -10.052576086816996
epoch:  44 batch:  0 region_loss:  10.0 10.0 loc_loss:  0.19988534927368165 reward_loss:  -9.994268417358398
epoch:  44 batch:  10 region_loss:  10.0 10.0 loc_loss:  0.23727142333984375 reward_loss:  -11.863569259643555
epoch:  44 batch:  20 region_loss:  10.0 10.0 loc_loss:  0.24722835540771484 reward_loss:  -12.361398696899414
epoch:  44 batch:  30 region_loss:  10.0 10.0 loc_loss:  0.1965957260131836 reward_loss:  -9.82978630065918
epoch:  44 batch:  40 region_loss:  10.0 10.0 loc_loss:  0.2818902397155762 reward_loss:  -14.094511985778809
epoch:  44 batch:  50 region_loss:  10.0 10.0 loc_loss:  0.22295063018798827 reward_loss:  -11.147531509399414
epoch:  44 batch:  60 region_loss:  10.0 10.0 loc_loss:  0.2038011932373047 reward_loss:  -10.190059661865234
epoch:  44 batch:  70 region_loss:  10.0 10.0 loc_loss:  0.2242437744140625 reward_loss:  -11.212187767028809
epoch:  44 batch:  80 region_loss:  10.0 10.0 loc_loss:  0.2165833854675293 reward_loss:  -10.829170227050781
epoch:  44 batch:  90 region_loss:  6.0 6.0 loc_loss:  0.11972400665283203 reward_loss:  -5.986201286315918
epoch:  44 batch:  100 region_loss:  8.0 8.0 loc_loss:  0.1594550609588623 reward_loss:  -7.972753047943115
epoch:  44 batch:  110 region_loss:  4.0 4.0 loc_loss:  0.07349092483520508 reward_loss:  -3.674549102783203
epoch:  44 batch:  120 region_loss:  5.0 5.0 loc_loss:  0.08529460906982422 reward_loss:  -4.264730930328369
epoch:  44 batch:  130 region_loss:  7.0 7.0 loc_loss:  0.14733608245849608 reward_loss:  -7.3668036460876465
acc@1:  0.11241768579492004
epoch: 44 region loss 0.17051094890510948 loc loss 0.18967918870222827 reward loss -9.483958538866391
epoch:  45 batch:  0 region_loss:  10.0 10.0 loc_loss:  0.18778478622436523 reward_loss:  -9.389239311218262
epoch:  45 batch:  10 region_loss:  10.0 10.0 loc_loss:  0.22347654342651369 reward_loss:  -11.173827171325684
epoch:  45 batch:  20 region_loss:  10.0 10.0 loc_loss:  0.23885061264038085 reward_loss:  -11.942520141601562
epoch:  45 batch:  30 region_loss:  10.0 10.0 loc_loss:  0.18436798095703125 reward_loss:  -9.218399047851562
epoch:  45 batch:  40 region_loss:  10.0 10.0 loc_loss:  0.26627058029174805 reward_loss:  -13.313529014587402
epoch:  45 batch:  50 region_loss:  10.0 10.0 loc_loss:  0.21298080444335937 reward_loss:  -10.649040222167969
epoch:  45 batch:  60 region_loss:  10.0 10.0 loc_loss:  0.1915752410888672 reward_loss:  -9.57876205444336
epoch:  45 batch:  70 region_loss:  10.0 10.0 loc_loss:  0.21139616012573242 reward_loss:  -10.569808006286621
epoch:  45 batch:  80 region_loss:  10.0 10.0 loc_loss:  0.20267389297485353 reward_loss:  -10.133695602416992
epoch:  45 batch:  90 region_loss:  6.0 6.0 loc_loss:  0.11139065742492676 reward_loss:  -5.569532871246338
epoch:  45 batch:  100 region_loss:  8.0 8.0 loc_loss:  0.14726540565490723 reward_loss:  -7.363270282745361
epoch:  45 batch:  110 region_loss:  4.0 4.0 loc_loss:  0.06774358749389649 reward_loss:  -3.387179374694824
epoch:  45 batch:  120 region_loss:  5.0 5.0 loc_loss:  0.07911970138549805 reward_loss:  -3.955984115600586
epoch:  45 batch:  130 region_loss:  7.0 7.0 loc_loss:  0.13687049865722656 reward_loss:  -6.843524932861328
acc@1:  0.11335841956726246
epoch: 45 region loss 0.17051094890510948 loc loss 0.17884278675065424 reward loss -8.942139120867653
epoch:  46 batch:  0 region_loss:  10.0 10.0 loc_loss:  0.17577066421508789 reward_loss:  -8.788533210754395
epoch:  46 batch:  10 region_loss:  10.0 10.0 loc_loss:  0.21014150619506836 reward_loss:  -10.507074356079102
epoch:  46 batch:  20 region_loss:  10.0 10.0 loc_loss:  0.23158889770507812 reward_loss:  -11.579460144042969
epoch:  46 batch:  30 region_loss:  10.0 10.0 loc_loss:  0.17343515396118164 reward_loss:  -8.671757698059082
epoch:  46 batch:  40 region_loss:  10.0 10.0 loc_loss:  0.2514059257507324 reward_loss:  -12.570295333862305
epoch:  46 batch:  50 region_loss:  10.0 10.0 loc_loss:  0.20424036026000977 reward_loss:  -10.212018013000488
epoch:  46 batch:  60 region_loss:  10.0 10.0 loc_loss:  0.17919849395751952 reward_loss:  -8.959924697875977
epoch:  46 batch:  70 region_loss:  10.0 10.0 loc_loss:  0.19955360412597656 reward_loss:  -9.977681159973145
epoch:  46 batch:  80 region_loss:  10.0 10.0 loc_loss:  0.1892467498779297 reward_loss:  -9.462336540222168
epoch:  46 batch:  90 region_loss:  6.0 6.0 loc_loss:  0.10317403793334962 reward_loss:  -5.158701419830322
epoch:  46 batch:  100 region_loss:  8.0 8.0 loc_loss:  0.14009074211120606 reward_loss:  -7.004537105560303
epoch:  46 batch:  110 region_loss:  4.0 4.0 loc_loss:  0.06238185405731201 reward_loss:  -3.119095802307129
epoch:  46 batch:  120 region_loss:  5.0 5.0 loc_loss:  0.07325376510620117 reward_loss:  -3.6626880168914795
epoch:  46 batch:  130 region_loss:  7.0 7.0 loc_loss:  0.12806347846984864 reward_loss:  -6.403184413909912
acc@1:  0.10865475070555033
epoch: 46 region loss 0.17051094890510948 loc loss 0.1685105825601703 reward loss -8.425529342498223
epoch:  47 batch:  0 region_loss:  10.0 10.0 loc_loss:  0.16449213027954102 reward_loss:  -8.22460651397705
epoch:  47 batch:  10 region_loss:  10.0 10.0 loc_loss:  0.1974307441711426 reward_loss:  -9.871537208557129
epoch:  47 batch:  20 region_loss:  10.0 10.0 loc_loss:  0.22094961166381835 reward_loss:  -11.047480583190918
epoch:  47 batch:  30 region_loss:  10.0 10.0 loc_loss:  0.16242341995239257 reward_loss:  -8.121170997619629
epoch:  47 batch:  40 region_loss:  10.0 10.0 loc_loss:  0.23701055526733397 reward_loss:  -11.8505277633667
epoch:  47 batch:  50 region_loss:  10.0 10.0 loc_loss:  0.19001293182373047 reward_loss:  -9.500646591186523
epoch:  47 batch:  60 region_loss:  10.0 10.0 loc_loss:  0.16828630447387696 reward_loss:  -8.414316177368164
epoch:  47 batch:  70 region_loss:  10.0 10.0 loc_loss:  0.18730667114257812 reward_loss:  -9.365333557128906
epoch:  47 batch:  80 region_loss:  10.0 10.0 loc_loss:  0.1769576835632324 reward_loss:  -8.847885131835938
epoch:  47 batch:  90 region_loss:  6.0 6.0 loc_loss:  0.09596879959106445 reward_loss:  -4.7984395027160645
epoch:  47 batch:  100 region_loss:  8.0 8.0 loc_loss:  0.1286837387084961 reward_loss:  -6.434186935424805
epoch:  47 batch:  110 region_loss:  4.0 4.0 loc_loss:  0.057376036643981936 reward_loss:  -2.8688018321990967
epoch:  47 batch:  120 region_loss:  5.0 5.0 loc_loss:  0.06797986030578614 reward_loss:  -3.3989930152893066
epoch:  47 batch:  130 region_loss:  7.0 7.0 loc_loss:  0.11882781982421875 reward_loss:  -5.9413909912109375
acc@1:  0.10912511759172154
epoch: 47 region loss 0.17051094890510948 loc loss 0.15856829725042748 reward loss -7.928414643680962
epoch:  48 batch:  0 region_loss:  10.0 10.0 loc_loss:  0.15375030517578125 reward_loss:  -7.687515735626221
epoch:  48 batch:  10 region_loss:  10.0 10.0 loc_loss:  0.18528167724609376 reward_loss:  -9.264083862304688
epoch:  48 batch:  20 region_loss:  10.0 10.0 loc_loss:  0.21010074615478516 reward_loss:  -10.505032539367676
epoch:  48 batch:  30 region_loss:  10.0 10.0 loc_loss:  0.1523955249786377 reward_loss:  -7.619776248931885
epoch:  48 batch:  40 region_loss:  10.0 10.0 loc_loss:  0.22400716781616212 reward_loss:  -11.200358390808105
epoch:  48 batch:  50 region_loss:  10.0 10.0 loc_loss:  0.1787262725830078 reward_loss:  -8.93631362915039
epoch:  48 batch:  60 region_loss:  10.0 10.0 loc_loss:  0.15729848861694337 reward_loss:  -7.864925384521484
epoch:  48 batch:  70 region_loss:  10.0 10.0 loc_loss:  0.1757536506652832 reward_loss:  -8.78768253326416
epoch:  48 batch:  80 region_loss:  10.0 10.0 loc_loss:  0.16512252807617187 reward_loss:  -8.256126403808594
epoch:  48 batch:  90 region_loss:  6.0 6.0 loc_loss:  0.08873944282531739 reward_loss:  -4.436972141265869
epoch:  48 batch:  100 region_loss:  8.0 8.0 loc_loss:  0.12188531875610352 reward_loss:  -6.094264030456543
epoch:  48 batch:  110 region_loss:  4.0 4.0 loc_loss:  0.05267446041107178 reward_loss:  -2.633723020553589
epoch:  48 batch:  120 region_loss:  5.0 5.0 loc_loss:  0.06281922817230225 reward_loss:  -3.140960693359375
epoch:  48 batch:  130 region_loss:  7.0 7.0 loc_loss:  0.11099727630615235 reward_loss:  -5.549862861633301
acc@1:  0.10583254938852305
epoch: 48 region loss 0.17051094890510948 loc loss 0.14914216809029127 reward loss -7.457108329247384
epoch:  49 batch:  0 region_loss:  10.0 10.0 loc_loss:  0.14388391494750977 reward_loss:  -7.194195747375488
epoch:  49 batch:  10 region_loss:  10.0 10.0 loc_loss:  0.17376291275024414 reward_loss:  -8.688145637512207
epoch:  49 batch:  20 region_loss:  10.0 10.0 loc_loss:  0.19829639434814453 reward_loss:  -9.914824485778809
epoch:  49 batch:  30 region_loss:  10.0 10.0 loc_loss:  0.142168025970459 reward_loss:  -7.108402252197266
epoch:  49 batch:  40 region_loss:  10.0 10.0 loc_loss:  0.21097742080688475 reward_loss:  -10.548871040344238
epoch:  49 batch:  50 region_loss:  10.0 10.0 loc_loss:  0.1675527000427246 reward_loss:  -8.37763500213623
epoch:  49 batch:  60 region_loss:  10.0 10.0 loc_loss:  0.14743030548095704 reward_loss:  -7.371514797210693
epoch:  49 batch:  70 region_loss:  10.0 10.0 loc_loss:  0.16466503143310546 reward_loss:  -8.23325252532959
epoch:  49 batch:  80 region_loss:  10.0 10.0 loc_loss:  0.1543261432647705 reward_loss:  -7.716307640075684
epoch:  49 batch:  90 region_loss:  6.0 6.0 loc_loss:  0.08274406433105469 reward_loss:  -4.137203216552734
epoch:  49 batch:  100 region_loss:  8.0 8.0 loc_loss:  0.11221257209777832 reward_loss:  -5.610629081726074
epoch:  49 batch:  110 region_loss:  4.0 4.0 loc_loss:  0.04834804534912109 reward_loss:  -2.4174022674560547
epoch:  49 batch:  120 region_loss:  5.0 5.0 loc_loss:  0.05828668594360351 reward_loss:  -2.9143335819244385
epoch:  49 batch:  130 region_loss:  7.0 7.0 loc_loss:  0.1030558967590332 reward_loss:  -5.15279483795166
acc@1:  0.10818438381937912
epoch: 49 region loss 0.17051094890510948 loc loss 0.14016486409806858 reward loss -7.008243287566804
