1
cuda
epoch:  0 batch:  0 region_loss:  10.0 10.0 loc_loss:  2.002089080810547 reward_loss:  -100.10444641113281
epoch:  0 batch:  10 region_loss:  10.0 10.0 loc_loss:  2.507648620605469 reward_loss:  -99.45269775390625
epoch:  0 batch:  20 region_loss:  10.0 10.0 loc_loss:  1.9888632202148437 reward_loss:  -99.44185638427734
epoch:  0 batch:  30 region_loss:  10.0 10.0 loc_loss:  1.9954219055175781 reward_loss:  -99.77171325683594
epoch:  0 batch:  40 region_loss:  10.0 10.0 loc_loss:  1.9844349670410155 reward_loss:  -99.22330474853516
epoch:  0 batch:  50 region_loss:  10.0 10.0 loc_loss:  2.2016441345214846 reward_loss:  -100.0522689819336
epoch:  0 batch:  60 region_loss:  10.0 10.0 loc_loss:  1.9791278076171874 reward_loss:  -98.95664978027344
epoch:  0 batch:  70 region_loss:  10.0 10.0 loc_loss:  1.9764744567871093 reward_loss:  -98.8240966796875
epoch:  0 batch:  80 region_loss:  10.0 10.0 loc_loss:  1.9711163330078125 reward_loss:  -98.55528259277344
epoch:  0 batch:  90 region_loss:  6.0 6.0 loc_loss:  1.1758460998535156 reward_loss:  -58.792274475097656
epoch:  0 batch:  100 region_loss:  8.0 8.0 loc_loss:  1.5643426513671874 reward_loss:  -78.21673583984375
epoch:  0 batch:  110 region_loss:  4.0 4.0 loc_loss:  0.7816915893554688 reward_loss:  -39.08388900756836
epoch:  0 batch:  120 region_loss:  5.0 5.0 loc_loss:  0.9751036071777344 reward_loss:  -48.75471878051758
epoch:  0 batch:  130 region_loss:  7.0 7.0 loc_loss:  1.3636863708496094 reward_loss:  -68.18486022949219
acc@1:  0.0051740357478833494
epoch: 0 region loss 0.17051094890510948 loc loss 2.1878807134697906 reward loss -84.3089181106456
epoch:  1 batch:  0 region_loss:  10.0 10.0 loc_loss:  1.865471649169922 reward_loss:  -93.2744369506836
epoch:  1 batch:  10 region_loss:  10.0 10.0 loc_loss:  2.3067974853515625 reward_loss:  -95.26628875732422
epoch:  1 batch:  20 region_loss:  10.0 10.0 loc_loss:  1.9033280944824218 reward_loss:  -95.16514587402344
epoch:  1 batch:  30 region_loss:  10.0 10.0 loc_loss:  1.9053836059570313 reward_loss:  -95.26951599121094
epoch:  1 batch:  40 region_loss:  10.0 10.0 loc_loss:  1.9061392211914063 reward_loss:  -95.3062515258789
epoch:  1 batch:  50 region_loss:  10.0 10.0 loc_loss:  2.0632139587402345 reward_loss:  -94.65544891357422
epoch:  1 batch:  60 region_loss:  10.0 10.0 loc_loss:  1.8659617614746093 reward_loss:  -93.2984390258789
epoch:  1 batch:  70 region_loss:  10.0 10.0 loc_loss:  1.8615309143066405 reward_loss:  -93.07793426513672
epoch:  1 batch:  80 region_loss:  10.0 10.0 loc_loss:  1.8513839721679688 reward_loss:  -92.56986999511719
epoch:  1 batch:  90 region_loss:  6.0 6.0 loc_loss:  1.0956624603271485 reward_loss:  -54.783660888671875
epoch:  1 batch:  100 region_loss:  8.0 8.0 loc_loss:  1.4472648620605468 reward_loss:  -72.36166381835938
epoch:  1 batch:  110 region_loss:  4.0 4.0 loc_loss:  0.7296515655517578 reward_loss:  -36.48255920410156
epoch:  1 batch:  120 region_loss:  5.0 5.0 loc_loss:  0.898575439453125 reward_loss:  -44.9297981262207
epoch:  1 batch:  130 region_loss:  7.0 7.0 loc_loss:  1.247923583984375 reward_loss:  -62.39555358886719
acc@1:  0.02634054562558796
epoch: 1 region loss 0.17051094890510948 loc loss 2.0012731671855395 reward loss -79.51047568773701
epoch:  2 batch:  0 region_loss:  10.0 10.0 loc_loss:  1.6811219787597655 reward_loss:  -84.05508422851562
epoch:  2 batch:  10 region_loss:  10.0 10.0 loc_loss:  2.0591159057617188 reward_loss:  -86.27545166015625
epoch:  2 batch:  20 region_loss:  10.0 10.0 loc_loss:  1.7246694946289063 reward_loss:  -86.23448181152344
epoch:  2 batch:  30 region_loss:  10.0 10.0 loc_loss:  1.7491722106933594 reward_loss:  -87.45846557617188
epoch:  2 batch:  40 region_loss:  10.0 10.0 loc_loss:  1.7148385620117188 reward_loss:  -85.74188232421875
epoch:  2 batch:  50 region_loss:  10.0 10.0 loc_loss:  1.9024446105957031 reward_loss:  -88.059326171875
epoch:  2 batch:  60 region_loss:  10.0 10.0 loc_loss:  1.7212939453125 reward_loss:  -86.06501007080078
epoch:  2 batch:  70 region_loss:  10.0 10.0 loc_loss:  1.7312982177734375 reward_loss:  -86.56494903564453
epoch:  2 batch:  80 region_loss:  10.0 10.0 loc_loss:  1.721041259765625 reward_loss:  -86.05166625976562
epoch:  2 batch:  90 region_loss:  6.0 6.0 loc_loss:  1.0244332885742187 reward_loss:  -51.22169494628906
epoch:  2 batch:  100 region_loss:  8.0 8.0 loc_loss:  1.3610842895507813 reward_loss:  -68.05462646484375
epoch:  2 batch:  110 region_loss:  4.0 4.0 loc_loss:  0.693121566772461 reward_loss:  -34.65623092651367
epoch:  2 batch:  120 region_loss:  5.0 5.0 loc_loss:  0.8569535827636718 reward_loss:  -42.84788513183594
epoch:  2 batch:  130 region_loss:  7.0 7.0 loc_loss:  1.192905807495117 reward_loss:  -59.64461135864258
acc@1:  0.03057384760112888
epoch: 2 region loss 0.17051094890510948 loc loss 1.7865458116740205 reward loss -73.159189655833
epoch:  3 batch:  0 region_loss:  10.0 10.0 loc_loss:  1.62203857421875 reward_loss:  -81.10150909423828
epoch:  3 batch:  10 region_loss:  10.0 10.0 loc_loss:  1.951459197998047 reward_loss:  -82.63151550292969
epoch:  3 batch:  20 region_loss:  10.0 10.0 loc_loss:  1.6292771911621093 reward_loss:  -81.4651107788086
epoch:  3 batch:  30 region_loss:  10.0 10.0 loc_loss:  1.6731880187988282 reward_loss:  -83.6596908569336
epoch:  3 batch:  40 region_loss:  10.0 10.0 loc_loss:  1.638900146484375 reward_loss:  -81.94496154785156
epoch:  3 batch:  50 region_loss:  10.0 10.0 loc_loss:  1.7980735778808594 reward_loss:  -84.00498962402344
epoch:  3 batch:  60 region_loss:  10.0 10.0 loc_loss:  1.647120361328125 reward_loss:  -82.35633087158203
epoch:  3 batch:  70 region_loss:  10.0 10.0 loc_loss:  1.6580934143066406 reward_loss:  -82.90396118164062
epoch:  3 batch:  80 region_loss:  10.0 10.0 loc_loss:  1.6572673034667968 reward_loss:  -82.86351776123047
epoch:  3 batch:  90 region_loss:  6.0 6.0 loc_loss:  0.9877667236328125 reward_loss:  -49.38774871826172
epoch:  3 batch:  100 region_loss:  8.0 8.0 loc_loss:  1.3089482116699218 reward_loss:  -65.4471206665039
epoch:  3 batch:  110 region_loss:  4.0 4.0 loc_loss:  0.6712241363525391 reward_loss:  -33.561954498291016
epoch:  3 batch:  120 region_loss:  5.0 5.0 loc_loss:  0.8310853576660157 reward_loss:  -41.553794860839844
epoch:  3 batch:  130 region_loss:  7.0 7.0 loc_loss:  1.1571665954589845 reward_loss:  -57.85812759399414
acc@1:  0.03527751646284102
epoch: 3 region loss 0.17051094890510948 loc loss 1.646446911888401 reward loss -69.93365266897382
epoch:  4 batch:  0 region_loss:  10.0 10.0 loc_loss:  1.5705656433105468 reward_loss:  -78.52783203125
epoch:  4 batch:  10 region_loss:  10.0 10.0 loc_loss:  1.8383462524414063 reward_loss:  -80.08980560302734
epoch:  4 batch:  20 region_loss:  10.0 10.0 loc_loss:  1.5581930541992188 reward_loss:  -77.9098129272461
epoch:  4 batch:  30 region_loss:  10.0 10.0 loc_loss:  1.6124990844726563 reward_loss:  -80.62506103515625
epoch:  4 batch:  40 region_loss:  10.0 10.0 loc_loss:  1.5795948791503907 reward_loss:  -78.97972869873047
epoch:  4 batch:  50 region_loss:  10.0 10.0 loc_loss:  1.6981085205078126 reward_loss:  -80.57858276367188
epoch:  4 batch:  60 region_loss:  10.0 10.0 loc_loss:  1.58527099609375 reward_loss:  -79.26362609863281
epoch:  4 batch:  70 region_loss:  10.0 10.0 loc_loss:  1.593392333984375 reward_loss:  -79.6696548461914
epoch:  4 batch:  80 region_loss:  10.0 10.0 loc_loss:  1.6016423034667968 reward_loss:  -80.08263397216797
epoch:  4 batch:  90 region_loss:  6.0 6.0 loc_loss:  0.9555259704589844 reward_loss:  -47.77594757080078
epoch:  4 batch:  100 region_loss:  8.0 8.0 loc_loss:  1.2594482421875 reward_loss:  -62.972930908203125
epoch:  4 batch:  110 region_loss:  4.0 4.0 loc_loss:  0.6515641021728515 reward_loss:  -32.57796859741211
epoch:  4 batch:  120 region_loss:  5.0 5.0 loc_loss:  0.805069580078125 reward_loss:  -40.254058837890625
epoch:  4 batch:  130 region_loss:  7.0 7.0 loc_loss:  1.122417221069336 reward_loss:  -56.12102127075195
acc@1:  0.04656632173095014
epoch: 4 region loss 0.17051094890510948 loc loss 1.5068137412523699 reward loss -67.24573590633644
epoch:  5 batch:  0 region_loss:  10.0 10.0 loc_loss:  1.5148751831054688 reward_loss:  -75.74380493164062
epoch:  5 batch:  10 region_loss:  10.0 10.0 loc_loss:  1.7619187927246094 reward_loss:  -77.55421447753906
epoch:  5 batch:  20 region_loss:  10.0 10.0 loc_loss:  1.4894650268554688 reward_loss:  -74.47309112548828
epoch:  5 batch:  30 region_loss:  10.0 10.0 loc_loss:  1.55177978515625 reward_loss:  -77.5890121459961
epoch:  5 batch:  40 region_loss:  10.0 10.0 loc_loss:  1.520645751953125 reward_loss:  -76.03254699707031
epoch:  5 batch:  50 region_loss:  10.0 10.0 loc_loss:  1.620630645751953 reward_loss:  -77.16166687011719
epoch:  5 batch:  60 region_loss:  10.0 10.0 loc_loss:  1.5233566284179687 reward_loss:  -76.16749572753906
epoch:  5 batch:  70 region_loss:  10.0 10.0 loc_loss:  1.5282049560546875 reward_loss:  -76.41026306152344
epoch:  5 batch:  80 region_loss:  10.0 10.0 loc_loss:  1.545077362060547 reward_loss:  -77.25343322753906
epoch:  5 batch:  90 region_loss:  6.0 6.0 loc_loss:  0.923332290649414 reward_loss:  -46.16667175292969
epoch:  5 batch:  100 region_loss:  8.0 8.0 loc_loss:  1.207563934326172 reward_loss:  -60.378326416015625
epoch:  5 batch:  110 region_loss:  4.0 4.0 loc_loss:  0.6319147491455078 reward_loss:  -31.595556259155273
epoch:  5 batch:  120 region_loss:  5.0 5.0 loc_loss:  0.7779836273193359 reward_loss:  -38.89918518066406
epoch:  5 batch:  130 region_loss:  7.0 7.0 loc_loss:  1.0857341766357422 reward_loss:  -54.28696060180664
acc@1:  0.05973659454374412
epoch: 5 region loss 0.17051094890510948 loc loss 1.391048962112761 reward loss -64.54794459099317
epoch:  6 batch:  0 region_loss:  10.0 10.0 loc_loss:  1.4516427612304688 reward_loss:  -72.58219909667969
epoch:  6 batch:  10 region_loss:  10.0 10.0 loc_loss:  1.7382968139648438 reward_loss:  -74.79397583007812
epoch:  6 batch:  20 region_loss:  10.0 10.0 loc_loss:  1.4168400573730469 reward_loss:  -70.84196472167969
epoch:  6 batch:  30 region_loss:  10.0 10.0 loc_loss:  1.4874114990234375 reward_loss:  -74.37055969238281
epoch:  6 batch:  40 region_loss:  10.0 10.0 loc_loss:  1.4607708740234375 reward_loss:  -73.0385513305664
epoch:  6 batch:  50 region_loss:  10.0 10.0 loc_loss:  1.5358839416503907 reward_loss:  -73.62199401855469
epoch:  6 batch:  60 region_loss:  10.0 10.0 loc_loss:  1.4584846496582031 reward_loss:  -72.92432403564453
epoch:  6 batch:  70 region_loss:  10.0 10.0 loc_loss:  1.4606854248046874 reward_loss:  -73.03425598144531
epoch:  6 batch:  80 region_loss:  10.0 10.0 loc_loss:  1.4852413940429687 reward_loss:  -74.26158142089844
epoch:  6 batch:  90 region_loss:  6.0 6.0 loc_loss:  0.8894859313964844 reward_loss:  -44.47437286376953
epoch:  6 batch:  100 region_loss:  8.0 8.0 loc_loss:  1.1518589782714843 reward_loss:  -57.5928840637207
epoch:  6 batch:  110 region_loss:  4.0 4.0 loc_loss:  0.6115363693237305 reward_loss:  -30.57684326171875
epoch:  6 batch:  120 region_loss:  5.0 5.0 loc_loss:  0.7479825592041016 reward_loss:  -37.39915466308594
epoch:  6 batch:  130 region_loss:  7.0 7.0 loc_loss:  1.0463755798339844 reward_loss:  -52.318763732910156
acc@1:  0.07196613358419568
epoch: 6 region loss 0.17051094890510948 loc loss 1.336251426752466 reward loss -61.71487648121632
epoch:  7 batch:  0 region_loss:  10.0 10.0 loc_loss:  1.3829515075683594 reward_loss:  -69.14757537841797
epoch:  7 batch:  10 region_loss:  10.0 10.0 loc_loss:  1.6360791015625 reward_loss:  -71.77632141113281
epoch:  7 batch:  20 region_loss:  10.0 10.0 loc_loss:  1.3404107666015626 reward_loss:  -67.02050018310547
epoch:  7 batch:  30 region_loss:  10.0 10.0 loc_loss:  1.4190359497070313 reward_loss:  -70.95182800292969
epoch:  7 batch:  40 region_loss:  10.0 10.0 loc_loss:  1.4013569641113282 reward_loss:  -70.06778717041016
epoch:  7 batch:  50 region_loss:  10.0 10.0 loc_loss:  1.4451458740234375 reward_loss:  -70.01921844482422
epoch:  7 batch:  60 region_loss:  10.0 10.0 loc_loss:  1.390670166015625 reward_loss:  -69.53353881835938
epoch:  7 batch:  70 region_loss:  10.0 10.0 loc_loss:  1.3892304992675781 reward_loss:  -69.46151733398438
epoch:  7 batch:  80 region_loss:  10.0 10.0 loc_loss:  1.4221652221679688 reward_loss:  -71.10874938964844
epoch:  7 batch:  90 region_loss:  6.0 6.0 loc_loss:  0.8546202850341796 reward_loss:  -42.73072814941406
epoch:  7 batch:  100 region_loss:  8.0 8.0 loc_loss:  1.092880401611328 reward_loss:  -54.64387512207031
epoch:  7 batch:  110 region_loss:  4.0 4.0 loc_loss:  0.5900200653076172 reward_loss:  -29.501005172729492
epoch:  7 batch:  120 region_loss:  5.0 5.0 loc_loss:  0.7160549926757812 reward_loss:  -35.80268859863281
epoch:  7 batch:  130 region_loss:  7.0 7.0 loc_loss:  1.0048936462402345 reward_loss:  -50.24467468261719
acc@1:  0.08654750705550329
epoch: 7 region loss 0.17051094890510948 loc loss 1.2414184742948435 reward loss -58.76162591641837
epoch:  8 batch:  0 region_loss:  10.0 10.0 loc_loss:  1.3113641357421875 reward_loss:  -65.56831359863281
epoch:  8 batch:  10 region_loss:  10.0 10.0 loc_loss:  1.5428651428222657 reward_loss:  -68.47671508789062
epoch:  8 batch:  20 region_loss:  10.0 10.0 loc_loss:  1.261408233642578 reward_loss:  -63.07040023803711
epoch:  8 batch:  30 region_loss:  10.0 10.0 loc_loss:  1.3460781860351563 reward_loss:  -67.30389404296875
epoch:  8 batch:  40 region_loss:  10.0 10.0 loc_loss:  1.3440367126464843 reward_loss:  -67.20184326171875
epoch:  8 batch:  50 region_loss:  10.0 10.0 loc_loss:  1.364615936279297 reward_loss:  -66.2649154663086
epoch:  8 batch:  60 region_loss:  10.0 10.0 loc_loss:  1.32039306640625 reward_loss:  -66.01932525634766
epoch:  8 batch:  70 region_loss:  10.0 10.0 loc_loss:  1.3144790649414062 reward_loss:  -65.72396087646484
epoch:  8 batch:  80 region_loss:  10.0 10.0 loc_loss:  1.3571681213378906 reward_loss:  -67.85858154296875
epoch:  8 batch:  90 region_loss:  6.0 6.0 loc_loss:  0.818619384765625 reward_loss:  -40.93098068237305
epoch:  8 batch:  100 region_loss:  8.0 8.0 loc_loss:  1.031563262939453 reward_loss:  -51.578155517578125
epoch:  8 batch:  110 region_loss:  4.0 4.0 loc_loss:  0.5676414489746093 reward_loss:  -28.38205337524414
epoch:  8 batch:  120 region_loss:  5.0 5.0 loc_loss:  0.6826119995117188 reward_loss:  -34.13062286376953
epoch:  8 batch:  130 region_loss:  7.0 7.0 loc_loss:  0.9616796112060547 reward_loss:  -48.08396911621094
acc@1:  0.1006585136406397
epoch: 8 region loss 0.17051094890510948 loc loss 1.1711111157828002 reward loss -55.72572671932026
epoch:  9 batch:  0 region_loss:  10.0 10.0 loc_loss:  1.2366019439697267 reward_loss:  -61.829994201660156
epoch:  9 batch:  10 region_loss:  10.0 10.0 loc_loss:  1.4435984802246093 reward_loss:  -65.03376770019531
epoch:  9 batch:  20 region_loss:  10.0 10.0 loc_loss:  1.183015365600586 reward_loss:  -59.15078353881836
epoch:  9 batch:  30 region_loss:  10.0 10.0 loc_loss:  1.2711564636230468 reward_loss:  -63.55784225463867
epoch:  9 batch:  40 region_loss:  10.0 10.0 loc_loss:  1.2881668090820313 reward_loss:  -64.40835571289062
epoch:  9 batch:  50 region_loss:  10.0 10.0 loc_loss:  1.2733698272705078 reward_loss:  -62.39283752441406
epoch:  9 batch:  60 region_loss:  10.0 10.0 loc_loss:  1.251113510131836 reward_loss:  -62.5554313659668
epoch:  9 batch:  70 region_loss:  10.0 10.0 loc_loss:  1.238508834838867 reward_loss:  -61.925453186035156
epoch:  9 batch:  80 region_loss:  10.0 10.0 loc_loss:  1.2929791259765624 reward_loss:  -64.64909362792969
epoch:  9 batch:  90 region_loss:  6.0 6.0 loc_loss:  0.7821692657470704 reward_loss:  -39.10839080810547
epoch:  9 batch:  100 region_loss:  8.0 8.0 loc_loss:  0.970405502319336 reward_loss:  -48.52027130126953
epoch:  9 batch:  110 region_loss:  4.0 4.0 loc_loss:  0.5446072387695312 reward_loss:  -27.23036766052246
epoch:  9 batch:  120 region_loss:  5.0 5.0 loc_loss:  0.6488102722167969 reward_loss:  -32.44050979614258
epoch:  9 batch:  130 region_loss:  7.0 7.0 loc_loss:  0.9173948669433594 reward_loss:  -45.8697509765625
acc@1:  0.11571025399811853
epoch: 9 region loss 0.17051094890510948 loc loss 1.106360805539319 reward loss -52.70081517296116
epoch:  10 batch:  0 region_loss:  10.0 10.0 loc_loss:  1.161961441040039 reward_loss:  -58.09807586669922
epoch:  10 batch:  10 region_loss:  10.0 10.0 loc_loss:  1.342514190673828 reward_loss:  -61.56096649169922
epoch:  10 batch:  20 region_loss:  10.0 10.0 loc_loss:  1.1064772033691406 reward_loss:  -55.32386779785156
epoch:  10 batch:  30 region_loss:  10.0 10.0 loc_loss:  1.1955176544189454 reward_loss:  -59.775821685791016
epoch:  10 batch:  40 region_loss:  10.0 10.0 loc_loss:  1.2330538940429687 reward_loss:  -61.65267562866211
epoch:  10 batch:  50 region_loss:  10.0 10.0 loc_loss:  1.1839717102050782 reward_loss:  -58.577110290527344
epoch:  10 batch:  60 region_loss:  10.0 10.0 loc_loss:  1.184761505126953 reward_loss:  -59.23807907104492
epoch:  10 batch:  70 region_loss:  10.0 10.0 loc_loss:  1.1642704010009766 reward_loss:  -58.213523864746094
epoch:  10 batch:  80 region_loss:  10.0 10.0 loc_loss:  1.2318661499023438 reward_loss:  -61.593807220458984
epoch:  10 batch:  90 region_loss:  6.0 6.0 loc_loss:  0.7459996795654297 reward_loss:  -37.299991607666016
epoch:  10 batch:  100 region_loss:  8.0 8.0 loc_loss:  0.9114995574951172 reward_loss:  -45.57503890991211
epoch:  10 batch:  110 region_loss:  4.0 4.0 loc_loss:  0.5211842727661132 reward_loss:  -26.0592041015625
epoch:  10 batch:  120 region_loss:  5.0 5.0 loc_loss:  0.615282974243164 reward_loss:  -30.76416015625
epoch:  10 batch:  130 region_loss:  7.0 7.0 loc_loss:  0.8730001068115234 reward_loss:  -43.650001525878906
acc@1:  0.11994355597365945
epoch: 10 region loss 0.17051094890510948 loc loss 1.045132140277946 reward loss -49.75964248267403
epoch:  11 batch:  0 region_loss:  10.0 10.0 loc_loss:  1.0900556182861327 reward_loss:  -54.50278854370117
epoch:  11 batch:  10 region_loss:  10.0 10.0 loc_loss:  1.2444200134277343 reward_loss:  -58.19300842285156
epoch:  11 batch:  20 region_loss:  10.0 10.0 loc_loss:  1.0336214447021483 reward_loss:  -51.68106460571289
epoch:  11 batch:  30 region_loss:  10.0 10.0 loc_loss:  1.1210321044921876 reward_loss:  -56.05160140991211
epoch:  11 batch:  40 region_loss:  10.0 10.0 loc_loss:  1.1786919403076173 reward_loss:  -58.93458938598633
epoch:  11 batch:  50 region_loss:  10.0 10.0 loc_loss:  1.1050490570068359 reward_loss:  -54.97511291503906
epoch:  11 batch:  60 region_loss:  10.0 10.0 loc_loss:  1.1225397491455078 reward_loss:  -56.12700653076172
epoch:  11 batch:  70 region_loss:  10.0 10.0 loc_loss:  1.0945257568359374 reward_loss:  -54.72626876831055
epoch:  11 batch:  80 region_loss:  10.0 10.0 loc_loss:  1.1744376373291017 reward_loss:  -58.72174072265625
epoch:  11 batch:  90 region_loss:  6.0 6.0 loc_loss:  0.7106743621826171 reward_loss:  -35.53372573852539
epoch:  11 batch:  100 region_loss:  8.0 8.0 loc_loss:  0.8562898254394531 reward_loss:  -42.81446075439453
epoch:  11 batch:  110 region_loss:  4.0 4.0 loc_loss:  0.4976565551757812 reward_loss:  -24.882829666137695
epoch:  11 batch:  120 region_loss:  5.0 5.0 loc_loss:  0.5826797485351562 reward_loss:  -29.13399314880371
epoch:  11 batch:  130 region_loss:  7.0 7.0 loc_loss:  0.8294229125976562 reward_loss:  -41.47114562988281
acc@1:  0.1251175917215428
epoch: 11 region loss 0.17051094890510948 loc loss 0.9876525486298721 reward loss -46.961642912704576
epoch:  12 batch:  0 region_loss:  10.0 10.0 loc_loss:  1.0231217193603515 reward_loss:  -51.15611267089844
epoch:  12 batch:  10 region_loss:  10.0 10.0 loc_loss:  1.1689057922363282 reward_loss:  -55.02262878417969
epoch:  12 batch:  20 region_loss:  10.0 10.0 loc_loss:  0.9662482452392578 reward_loss:  -48.31241226196289
epoch:  12 batch:  30 region_loss:  10.0 10.0 loc_loss:  1.049241943359375 reward_loss:  -52.46208953857422
epoch:  12 batch:  40 region_loss:  10.0 10.0 loc_loss:  1.1257327270507813 reward_loss:  -56.28662109375
epoch:  12 batch:  50 region_loss:  10.0 10.0 loc_loss:  1.0324039459228516 reward_loss:  -51.59436798095703
epoch:  12 batch:  60 region_loss:  10.0 10.0 loc_loss:  1.0652639770507812 reward_loss:  -53.263187408447266
epoch:  12 batch:  70 region_loss:  10.0 10.0 loc_loss:  1.0305490112304687 reward_loss:  -51.52745056152344
epoch:  12 batch:  80 region_loss:  10.0 10.0 loc_loss:  1.1200255584716796 reward_loss:  -56.001224517822266
epoch:  12 batch:  90 region_loss:  6.0 6.0 loc_loss:  0.6765097045898437 reward_loss:  -33.82548522949219
epoch:  12 batch:  100 region_loss:  8.0 8.0 loc_loss:  0.80558837890625 reward_loss:  -40.279415130615234
epoch:  12 batch:  110 region_loss:  4.0 4.0 loc_loss:  0.4743344497680664 reward_loss:  -23.716720581054688
epoch:  12 batch:  120 region_loss:  5.0 5.0 loc_loss:  0.5515105438232422 reward_loss:  -27.575529098510742
epoch:  12 batch:  130 region_loss:  7.0 7.0 loc_loss:  0.7874360656738282 reward_loss:  -39.371803283691406
acc@1:  0.12652869238005646
epoch: 12 region loss 0.17051094890510948 loc loss 0.9336814562943729 reward loss -44.345764174078504
epoch:  13 batch:  0 region_loss:  10.0 10.0 loc_loss:  0.9624070739746093 reward_loss:  -48.120357513427734
epoch:  13 batch:  10 region_loss:  10.0 10.0 loc_loss:  1.0991018676757813 reward_loss:  -52.08586502075195
epoch:  13 batch:  20 region_loss:  10.0 10.0 loc_loss:  0.9054300689697266 reward_loss:  -45.27150344848633
epoch:  13 batch:  30 region_loss:  10.0 10.0 loc_loss:  0.9823648834228516 reward_loss:  -49.11824417114258
epoch:  13 batch:  40 region_loss:  10.0 10.0 loc_loss:  1.075131607055664 reward_loss:  -53.75658416748047
epoch:  13 batch:  50 region_loss:  10.0 10.0 loc_loss:  0.9711861419677734 reward_loss:  -48.500694274902344
epoch:  13 batch:  60 region_loss:  10.0 10.0 loc_loss:  1.011996078491211 reward_loss:  -50.59979248046875
epoch:  13 batch:  70 region_loss:  10.0 10.0 loc_loss:  0.9721553039550781 reward_loss:  -48.60776138305664
epoch:  13 batch:  80 region_loss:  10.0 10.0 loc_loss:  1.0679749298095702 reward_loss:  -53.39873123168945
epoch:  13 batch:  90 region_loss:  6.0 6.0 loc_loss:  0.6438679504394531 reward_loss:  -32.193389892578125
epoch:  13 batch:  100 region_loss:  8.0 8.0 loc_loss:  0.7597543334960938 reward_loss:  -37.98771667480469
epoch:  13 batch:  110 region_loss:  4.0 4.0 loc_loss:  0.4515399551391602 reward_loss:  -22.57700538635254
epoch:  13 batch:  120 region_loss:  5.0 5.0 loc_loss:  0.5219916534423829 reward_loss:  -26.09958267211914
epoch:  13 batch:  130 region_loss:  7.0 7.0 loc_loss:  0.7475852203369141 reward_loss:  -37.37926483154297
acc@1:  0.13311382878645345
epoch: 13 region loss 0.17051094890510948 loc loss 0.8839300876812344 reward loss -41.927341043514055
epoch:  14 batch:  0 region_loss:  10.0 10.0 loc_loss:  0.9078913116455078 reward_loss:  -45.39457321166992
epoch:  14 batch:  10 region_loss:  10.0 10.0 loc_loss:  1.0264889526367187 reward_loss:  -49.385231018066406
epoch:  14 batch:  20 region_loss:  10.0 10.0 loc_loss:  0.8514384460449219 reward_loss:  -42.57192611694336
epoch:  14 batch:  30 region_loss:  10.0 10.0 loc_loss:  0.9220882415771484 reward_loss:  -46.10441207885742
epoch:  14 batch:  40 region_loss:  10.0 10.0 loc_loss:  1.0276566314697266 reward_loss:  -51.382835388183594
epoch:  14 batch:  50 region_loss:  10.0 10.0 loc_loss:  0.9129188537597657 reward_loss:  -45.64594268798828
epoch:  14 batch:  60 region_loss:  10.0 10.0 loc_loss:  0.9624158477783203 reward_loss:  -48.12079620361328
epoch:  14 batch:  70 region_loss:  10.0 10.0 loc_loss:  0.9187721252441406 reward_loss:  -45.9385986328125
epoch:  14 batch:  80 region_loss:  10.0 10.0 loc_loss:  1.0181039428710938 reward_loss:  -50.90519714355469
epoch:  14 batch:  90 region_loss:  6.0 6.0 loc_loss:  0.613025894165039 reward_loss:  -30.651290893554688
epoch:  14 batch:  100 region_loss:  8.0 8.0 loc_loss:  0.7185264587402344 reward_loss:  -35.926273345947266
epoch:  14 batch:  110 region_loss:  4.0 4.0 loc_loss:  0.4295731353759766 reward_loss:  -21.478656768798828
epoch:  14 batch:  120 region_loss:  5.0 5.0 loc_loss:  0.4941361236572266 reward_loss:  -24.706787109375
epoch:  14 batch:  130 region_loss:  7.0 7.0 loc_loss:  0.7101446533203125 reward_loss:  -35.507232666015625
acc@1:  0.13687676387582315
epoch: 14 region loss 0.17051094890510948 loc loss 0.8384988280804488 reward loss -39.713479800816
epoch:  15 batch:  0 region_loss:  10.0 10.0 loc_loss:  0.8586797332763672 reward_loss:  -42.93397903442383
epoch:  15 batch:  10 region_loss:  10.0 10.0 loc_loss:  0.9706795501708985 reward_loss:  -46.90432357788086
epoch:  15 batch:  20 region_loss:  10.0 10.0 loc_loss:  0.8038069915771484 reward_loss:  -40.19034957885742
epoch:  15 batch:  30 region_loss:  10.0 10.0 loc_loss:  0.8679987335205078 reward_loss:  -43.39993667602539
epoch:  15 batch:  40 region_loss:  10.0 10.0 loc_loss:  0.9836479949951172 reward_loss:  -49.182395935058594
epoch:  15 batch:  50 region_loss:  10.0 10.0 loc_loss:  0.8603105926513672 reward_loss:  -43.01552963256836
epoch:  15 batch:  60 region_loss:  10.0 10.0 loc_loss:  0.9159268951416015 reward_loss:  -45.79633712768555
epoch:  15 batch:  70 region_loss:  10.0 10.0 loc_loss:  0.87007080078125 reward_loss:  -43.50354766845703
epoch:  15 batch:  80 region_loss:  10.0 10.0 loc_loss:  0.9705428314208985 reward_loss:  -48.52712631225586
epoch:  15 batch:  90 region_loss:  6.0 6.0 loc_loss:  0.584078598022461 reward_loss:  -29.203927993774414
epoch:  15 batch:  100 region_loss:  8.0 8.0 loc_loss:  0.6812982177734375 reward_loss:  -34.06491470336914
epoch:  15 batch:  110 region_loss:  4.0 4.0 loc_loss:  0.408568115234375 reward_loss:  -20.42841339111328
epoch:  15 batch:  120 region_loss:  5.0 5.0 loc_loss:  0.46786186218261716 reward_loss:  -23.393089294433594
epoch:  15 batch:  130 region_loss:  7.0 7.0 loc_loss:  0.6751575469970703 reward_loss:  -33.75787353515625
acc@1:  0.1359360301034807
epoch: 15 region loss 0.17051094890510948 loc loss 0.7966492991203808 reward loss -37.68722037155263
epoch:  16 batch:  0 region_loss:  10.0 10.0 loc_loss:  0.8139553833007812 reward_loss:  -40.69776153564453
epoch:  16 batch:  10 region_loss:  10.0 10.0 loc_loss:  0.9244303894042969 reward_loss:  -44.62278366088867
epoch:  16 batch:  20 region_loss:  10.0 10.0 loc_loss:  0.7616770935058593 reward_loss:  -38.083858489990234
epoch:  16 batch:  30 region_loss:  10.0 10.0 loc_loss:  0.8198537445068359 reward_loss:  -40.9926872253418
epoch:  16 batch:  40 region_loss:  10.0 10.0 loc_loss:  0.9430422973632813 reward_loss:  -47.15211486816406
epoch:  16 batch:  50 region_loss:  10.0 10.0 loc_loss:  0.8128870391845703 reward_loss:  -40.644344329833984
epoch:  16 batch:  60 region_loss:  10.0 10.0 loc_loss:  0.8719838714599609 reward_loss:  -43.59919738769531
epoch:  16 batch:  70 region_loss:  10.0 10.0 loc_loss:  0.8256304931640625 reward_loss:  -41.281524658203125
epoch:  16 batch:  80 region_loss:  10.0 10.0 loc_loss:  0.925442886352539 reward_loss:  -46.27220153808594
epoch:  16 batch:  90 region_loss:  6.0 6.0 loc_loss:  0.5569380187988281 reward_loss:  -27.846914291381836
epoch:  16 batch:  100 region_loss:  8.0 8.0 loc_loss:  0.6473690795898438 reward_loss:  -32.36845397949219
epoch:  16 batch:  110 region_loss:  4.0 4.0 loc_loss:  0.3885550308227539 reward_loss:  -19.42778205871582
epoch:  16 batch:  120 region_loss:  5.0 5.0 loc_loss:  0.44309520721435547 reward_loss:  -22.154756546020508
epoch:  16 batch:  130 region_loss:  7.0 7.0 loc_loss:  0.6425594329833985 reward_loss:  -32.12797164916992
acc@1:  0.138758231420508
epoch: 16 region loss 0.17051094890510948 loc loss 0.7588744464233844 reward loss -35.83738215648345
epoch:  17 batch:  0 region_loss:  10.0 10.0 loc_loss:  0.7730941009521485 reward_loss:  -38.65470886230469
epoch:  17 batch:  10 region_loss:  10.0 10.0 loc_loss:  0.8836900329589844 reward_loss:  -42.52911376953125
epoch:  17 batch:  20 region_loss:  10.0 10.0 loc_loss:  0.72423828125 reward_loss:  -36.211910247802734
epoch:  17 batch:  30 region_loss:  10.0 10.0 loc_loss:  0.7770442199707032 reward_loss:  -38.85221862792969
epoch:  17 batch:  40 region_loss:  10.0 10.0 loc_loss:  0.9055354309082031 reward_loss:  -45.27677917480469
epoch:  17 batch:  50 region_loss:  10.0 10.0 loc_loss:  0.7832178497314453 reward_loss:  -38.7420539855957
epoch:  17 batch:  60 region_loss:  10.0 10.0 loc_loss:  0.8305634307861328 reward_loss:  -41.52817153930664
epoch:  17 batch:  70 region_loss:  10.0 10.0 loc_loss:  0.7851850128173828 reward_loss:  -39.25925064086914
epoch:  17 batch:  80 region_loss:  10.0 10.0 loc_loss:  0.8827246856689454 reward_loss:  -44.13627624511719
epoch:  17 batch:  90 region_loss:  6.0 6.0 loc_loss:  0.5312269592285156 reward_loss:  -26.56134033203125
epoch:  17 batch:  100 region_loss:  8.0 8.0 loc_loss:  0.6161433410644531 reward_loss:  -30.807167053222656
epoch:  17 batch:  110 region_loss:  4.0 4.0 loc_loss:  0.3694944000244141 reward_loss:  -18.474720001220703
epoch:  17 batch:  120 region_loss:  5.0 5.0 loc_loss:  0.4196020126342773 reward_loss:  -20.98009490966797
epoch:  17 batch:  130 region_loss:  7.0 7.0 loc_loss:  0.6121021270751953 reward_loss:  -30.6051082611084
acc@1:  0.13781749764816556
epoch: 17 region loss 0.17051094890510948 loc loss 0.7254223673187034 reward loss -34.13916311472872
epoch:  18 batch:  0 region_loss:  10.0 10.0 loc_loss:  0.7351676940917968 reward_loss:  -36.75839614868164
epoch:  18 batch:  10 region_loss:  10.0 10.0 loc_loss:  0.8217477416992187 reward_loss:  -40.532615661621094
epoch:  18 batch:  20 region_loss:  10.0 10.0 loc_loss:  0.6902980804443359 reward_loss:  -34.51490020751953
epoch:  18 batch:  30 region_loss:  10.0 10.0 loc_loss:  0.7378183746337891 reward_loss:  -36.89089584350586
epoch:  18 batch:  40 region_loss:  10.0 10.0 loc_loss:  0.8706367492675782 reward_loss:  -43.531837463378906
epoch:  18 batch:  50 region_loss:  10.0 10.0 loc_loss:  0.7410455322265626 reward_loss:  -36.824317932128906
epoch:  18 batch:  60 region_loss:  10.0 10.0 loc_loss:  0.7903860473632812 reward_loss:  -39.51945877075195
epoch:  18 batch:  70 region_loss:  10.0 10.0 loc_loss:  0.7467337036132813 reward_loss:  -37.33668899536133
epoch:  18 batch:  80 region_loss:  10.0 10.0 loc_loss:  0.8423149108886718 reward_loss:  -42.115753173828125
epoch:  18 batch:  90 region_loss:  6.0 6.0 loc_loss:  0.5072147369384765 reward_loss:  -25.360746383666992
epoch:  18 batch:  100 region_loss:  8.0 8.0 loc_loss:  0.5869013977050781 reward_loss:  -29.34506607055664
epoch:  18 batch:  110 region_loss:  4.0 4.0 loc_loss:  0.3514495849609375 reward_loss:  -17.572481155395508
epoch:  18 batch:  120 region_loss:  5.0 5.0 loc_loss:  0.3976344299316406 reward_loss:  -19.8817195892334
epoch:  18 batch:  130 region_loss:  7.0 7.0 loc_loss:  0.5837811279296875 reward_loss:  -29.189056396484375
acc@1:  0.13640639698965193
epoch: 18 region loss 0.17051094890510948 loc loss 0.671392777435971 reward loss -32.56716653030284
epoch:  19 batch:  0 region_loss:  10.0 10.0 loc_loss:  0.6993361663818359 reward_loss:  -34.9668083190918
epoch:  19 batch:  10 region_loss:  10.0 10.0 loc_loss:  0.8160627746582031 reward_loss:  -38.728031158447266
epoch:  19 batch:  20 region_loss:  10.0 10.0 loc_loss:  0.6591368865966797 reward_loss:  -32.956844329833984
epoch:  19 batch:  30 region_loss:  10.0 10.0 loc_loss:  0.7016500854492187 reward_loss:  -35.082427978515625
epoch:  19 batch:  40 region_loss:  10.0 10.0 loc_loss:  0.8378662109375 reward_loss:  -41.893310546875
epoch:  19 batch:  50 region_loss:  10.0 10.0 loc_loss:  0.6982388305664062 reward_loss:  -34.91194152832031
epoch:  19 batch:  60 region_loss:  10.0 10.0 loc_loss:  0.7526796722412109 reward_loss:  -37.63397979736328
epoch:  19 batch:  70 region_loss:  10.0 10.0 loc_loss:  0.7120356750488281 reward_loss:  -35.601783752441406
epoch:  19 batch:  80 region_loss:  10.0 10.0 loc_loss:  0.8041485595703125 reward_loss:  -40.207427978515625
epoch:  19 batch:  90 region_loss:  6.0 6.0 loc_loss:  0.48436660766601564 reward_loss:  -24.21833038330078
epoch:  19 batch:  100 region_loss:  8.0 8.0 loc_loss:  0.559580192565918 reward_loss:  -27.979007720947266
epoch:  19 batch:  110 region_loss:  4.0 4.0 loc_loss:  0.3343278121948242 reward_loss:  -16.716388702392578
epoch:  19 batch:  120 region_loss:  5.0 5.0 loc_loss:  0.37686302185058596 reward_loss:  -18.843149185180664
epoch:  19 batch:  130 region_loss:  7.0 7.0 loc_loss:  0.5569673919677735 reward_loss:  -27.848371505737305
acc@1:  0.13640639698965193
epoch: 19 region loss 0.17051094890510948 loc loss 0.6639498518505236 reward loss -31.103866646759702
epoch:  20 batch:  0 region_loss:  10.0 10.0 loc_loss:  0.6659344482421875 reward_loss:  -33.29673385620117
epoch:  20 batch:  10 region_loss:  10.0 10.0 loc_loss:  0.7726821899414062 reward_loss:  -37.02387237548828
epoch:  20 batch:  20 region_loss:  10.0 10.0 loc_loss:  0.6309769058227539 reward_loss:  -31.548852920532227
epoch:  20 batch:  30 region_loss:  10.0 10.0 loc_loss:  0.6685730743408204 reward_loss:  -33.42865753173828
epoch:  20 batch:  40 region_loss:  10.0 10.0 loc_loss:  0.8068802642822266 reward_loss:  -40.3440055847168
epoch:  20 batch:  50 region_loss:  10.0 10.0 loc_loss:  0.6668407440185546 reward_loss:  -33.342037200927734
epoch:  20 batch:  60 region_loss:  10.0 10.0 loc_loss:  0.7168842315673828 reward_loss:  -35.844207763671875
epoch:  20 batch:  70 region_loss:  10.0 10.0 loc_loss:  0.6793254852294922 reward_loss:  -33.96627426147461
epoch:  20 batch:  80 region_loss:  10.0 10.0 loc_loss:  0.767895736694336 reward_loss:  -38.3947868347168
epoch:  20 batch:  90 region_loss:  6.0 6.0 loc_loss:  0.4626283645629883 reward_loss:  -23.13141441345215
epoch:  20 batch:  100 region_loss:  8.0 8.0 loc_loss:  0.5337203216552734 reward_loss:  -26.68601417541504
epoch:  20 batch:  110 region_loss:  4.0 4.0 loc_loss:  0.31801040649414064 reward_loss:  -15.900519371032715
epoch:  20 batch:  120 region_loss:  5.0 5.0 loc_loss:  0.3571865844726563 reward_loss:  -17.859329223632812
epoch:  20 batch:  130 region_loss:  7.0 7.0 loc_loss:  0.5314757156372071 reward_loss:  -26.57378387451172
acc@1:  0.13405456255879586
epoch: 20 region loss 0.17051094890510948 loc loss 0.635437228488226 reward loss -29.73173074652679
epoch:  21 batch:  0 region_loss:  10.0 10.0 loc_loss:  0.6343035507202148 reward_loss:  -31.715194702148438
epoch:  21 batch:  10 region_loss:  10.0 10.0 loc_loss:  0.7334690856933593 reward_loss:  -35.4295654296875
epoch:  21 batch:  20 region_loss:  10.0 10.0 loc_loss:  0.604912109375 reward_loss:  -30.24560546875
epoch:  21 batch:  30 region_loss:  10.0 10.0 loc_loss:  0.6376414108276367 reward_loss:  -31.882078170776367
epoch:  21 batch:  40 region_loss:  10.0 10.0 loc_loss:  0.7773750305175782 reward_loss:  -38.868751525878906
epoch:  21 batch:  50 region_loss:  10.0 10.0 loc_loss:  0.638755111694336 reward_loss:  -31.937759399414062
epoch:  21 batch:  60 region_loss:  10.0 10.0 loc_loss:  0.6829000091552735 reward_loss:  -34.1450309753418
epoch:  21 batch:  70 region_loss:  10.0 10.0 loc_loss:  0.6484507751464844 reward_loss:  -32.422523498535156
epoch:  21 batch:  80 region_loss:  10.0 10.0 loc_loss:  0.7333133697509766 reward_loss:  -36.66566848754883
epoch:  21 batch:  90 region_loss:  6.0 6.0 loc_loss:  0.4418636703491211 reward_loss:  -22.09318733215332
epoch:  21 batch:  100 region_loss:  8.0 8.0 loc_loss:  0.5091298294067382 reward_loss:  -25.45649528503418
epoch:  21 batch:  110 region_loss:  4.0 4.0 loc_loss:  0.3024033737182617 reward_loss:  -15.12016773223877
epoch:  21 batch:  120 region_loss:  5.0 5.0 loc_loss:  0.33850898742675783 reward_loss:  -16.925445556640625
epoch:  21 batch:  130 region_loss:  7.0 7.0 loc_loss:  0.5071514129638672 reward_loss:  -25.357572555541992
acc@1:  0.13358419567262464
epoch: 21 region loss 0.17051094890510948 loc loss 0.6088776406058429 reward loss -28.44253635406494
epoch:  22 batch:  0 region_loss:  10.0 10.0 loc_loss:  0.604178466796875 reward_loss:  -30.208890914916992
epoch:  22 batch:  10 region_loss:  10.0 10.0 loc_loss:  0.7016448211669922 reward_loss:  -33.92890548706055
epoch:  22 batch:  20 region_loss:  10.0 10.0 loc_loss:  0.5805781555175781 reward_loss:  -29.028907775878906
epoch:  22 batch:  30 region_loss:  10.0 10.0 loc_loss:  0.6084486389160156 reward_loss:  -30.422433853149414
epoch:  22 batch:  40 region_loss:  10.0 10.0 loc_loss:  0.7490790557861328 reward_loss:  -37.45395278930664
epoch:  22 batch:  50 region_loss:  10.0 10.0 loc_loss:  0.6118173217773437 reward_loss:  -30.590869903564453
epoch:  22 batch:  60 region_loss:  10.0 10.0 loc_loss:  0.6505780792236329 reward_loss:  -32.52890396118164
epoch:  22 batch:  70 region_loss:  10.0 10.0 loc_loss:  0.6191970443725586 reward_loss:  -30.95985221862793
epoch:  22 batch:  80 region_loss:  10.0 10.0 loc_loss:  0.7002520751953125 reward_loss:  -35.012603759765625
epoch:  22 batch:  90 region_loss:  6.0 6.0 loc_loss:  0.4219262313842773 reward_loss:  -21.096309661865234
epoch:  22 batch:  100 region_loss:  8.0 8.0 loc_loss:  0.4856523895263672 reward_loss:  -24.282621383666992
epoch:  22 batch:  110 region_loss:  4.0 4.0 loc_loss:  0.2874073791503906 reward_loss:  -14.370366096496582
epoch:  22 batch:  120 region_loss:  5.0 5.0 loc_loss:  0.3207742691040039 reward_loss:  -16.038713455200195
epoch:  22 batch:  130 region_loss:  7.0 7.0 loc_loss:  0.4838266372680664 reward_loss:  -24.19133186340332
acc@1:  0.12982126058325494
epoch: 22 region loss 0.17051094890510948 loc loss 0.5852521020652603 reward loss -27.218866428319554
epoch:  23 batch:  0 region_loss:  10.0 10.0 loc_loss:  0.5751795959472656 reward_loss:  -28.75892448425293
epoch:  23 batch:  10 region_loss:  10.0 10.0 loc_loss:  0.6514610290527344 reward_loss:  -32.264774322509766
epoch:  23 batch:  20 region_loss:  10.0 10.0 loc_loss:  0.5577880096435547 reward_loss:  -27.88951873779297
epoch:  23 batch:  30 region_loss:  10.0 10.0 loc_loss:  0.5808609008789063 reward_loss:  -29.043052673339844
epoch:  23 batch:  40 region_loss:  10.0 10.0 loc_loss:  0.7216360473632812 reward_loss:  -36.08180236816406
epoch:  23 batch:  50 region_loss:  10.0 10.0 loc_loss:  0.5950115966796875 reward_loss:  -29.35680389404297
epoch:  23 batch:  60 region_loss:  10.0 10.0 loc_loss:  0.6200785827636719 reward_loss:  -31.00392723083496
epoch:  23 batch:  70 region_loss:  10.0 10.0 loc_loss:  0.5917752075195313 reward_loss:  -29.58875846862793
epoch:  23 batch:  80 region_loss:  10.0 10.0 loc_loss:  0.6686090850830078 reward_loss:  -33.430450439453125
epoch:  23 batch:  90 region_loss:  6.0 6.0 loc_loss:  0.4025008392333984 reward_loss:  -20.125202178955078
epoch:  23 batch:  100 region_loss:  8.0 8.0 loc_loss:  0.4631463623046875 reward_loss:  -23.15732192993164
epoch:  23 batch:  110 region_loss:  4.0 4.0 loc_loss:  0.2730304908752441 reward_loss:  -13.651525497436523
epoch:  23 batch:  120 region_loss:  5.0 5.0 loc_loss:  0.30389795303344724 reward_loss:  -15.194897651672363
epoch:  23 batch:  130 region_loss:  7.0 7.0 loc_loss:  0.4612575531005859 reward_loss:  -23.062875747680664
acc@1:  0.1288805268109125
epoch: 23 region loss 0.17051094890510948 loc loss 0.5602955151996474 reward loss -26.049950502214642
epoch:  24 batch:  0 region_loss:  10.0 10.0 loc_loss:  0.5474498748779297 reward_loss:  -27.372661590576172
epoch:  24 batch:  10 region_loss:  10.0 10.0 loc_loss:  0.6144193267822265 reward_loss:  -30.69181251525879
epoch:  24 batch:  20 region_loss:  10.0 10.0 loc_loss:  0.5360287094116211 reward_loss:  -26.801433563232422
epoch:  24 batch:  30 region_loss:  10.0 10.0 loc_loss:  0.5544223785400391 reward_loss:  -27.721134185791016
epoch:  24 batch:  40 region_loss:  10.0 10.0 loc_loss:  0.6952725982666016 reward_loss:  -34.76362991333008
epoch:  24 batch:  50 region_loss:  10.0 10.0 loc_loss:  0.5703497695922851 reward_loss:  -28.119586944580078
epoch:  24 batch:  60 region_loss:  10.0 10.0 loc_loss:  0.5906556701660156 reward_loss:  -29.532793045043945
epoch:  24 batch:  70 region_loss:  10.0 10.0 loc_loss:  0.5650887680053711 reward_loss:  -28.254438400268555
epoch:  24 batch:  80 region_loss:  10.0 10.0 loc_loss:  0.6381562805175781 reward_loss:  -31.907812118530273
epoch:  24 batch:  90 region_loss:  6.0 6.0 loc_loss:  0.38409881591796874 reward_loss:  -19.2049617767334
epoch:  24 batch:  100 region_loss:  8.0 8.0 loc_loss:  0.44168289184570314 reward_loss:  -22.084144592285156
epoch:  24 batch:  110 region_loss:  4.0 4.0 loc_loss:  0.2591194534301758 reward_loss:  -12.955972671508789
epoch:  24 batch:  120 region_loss:  5.0 5.0 loc_loss:  0.28785148620605466 reward_loss:  -14.392573356628418
epoch:  24 batch:  130 region_loss:  7.0 7.0 loc_loss:  0.44002456665039064 reward_loss:  -22.00122833251953
acc@1:  0.12699905926622765
epoch: 24 region loss 0.17051094890510948 loc loss 0.5249206376597829 reward loss -24.933450030584407
epoch:  25 batch:  0 region_loss:  10.0 10.0 loc_loss:  0.5214366912841797 reward_loss:  -26.071744918823242
epoch:  25 batch:  10 region_loss:  10.0 10.0 loc_loss:  0.6261864471435546 reward_loss:  -29.891130447387695
epoch:  25 batch:  20 region_loss:  10.0 10.0 loc_loss:  0.5152831268310547 reward_loss:  -25.7641544342041
epoch:  25 batch:  30 region_loss:  10.0 10.0 loc_loss:  0.5291580963134765 reward_loss:  -26.457881927490234
epoch:  25 batch:  40 region_loss:  10.0 10.0 loc_loss:  0.6694955444335937 reward_loss:  -33.47477722167969
epoch:  25 batch:  50 region_loss:  10.0 10.0 loc_loss:  0.5372464752197266 reward_loss:  -26.862323760986328
epoch:  25 batch:  60 region_loss:  10.0 10.0 loc_loss:  0.5625255584716797 reward_loss:  -28.12627601623535
epoch:  25 batch:  70 region_loss:  10.0 10.0 loc_loss:  0.5401383590698242 reward_loss:  -27.006921768188477
epoch:  25 batch:  80 region_loss:  10.0 10.0 loc_loss:  0.6087340545654297 reward_loss:  -30.436702728271484
epoch:  25 batch:  90 region_loss:  6.0 6.0 loc_loss:  0.36602264404296875 reward_loss:  -18.301111221313477
epoch:  25 batch:  100 region_loss:  8.0 8.0 loc_loss:  0.4209917449951172 reward_loss:  -21.04958724975586
epoch:  25 batch:  110 region_loss:  4.0 4.0 loc_loss:  0.24571067810058594 reward_loss:  -12.285531997680664
epoch:  25 batch:  120 region_loss:  5.0 5.0 loc_loss:  0.2726251983642578 reward_loss:  -13.631260871887207
epoch:  25 batch:  130 region_loss:  7.0 7.0 loc_loss:  0.41920948028564453 reward_loss:  -20.960474014282227
acc@1:  0.12699905926622765
epoch: 25 region loss 0.17051094890510948 loc loss 0.516624199178097 reward loss -23.863964547206017
epoch:  26 batch:  0 region_loss:  10.0 10.0 loc_loss:  0.496163444519043 reward_loss:  -24.808095932006836
epoch:  26 batch:  10 region_loss:  10.0 10.0 loc_loss:  0.5900380325317383 reward_loss:  -28.662778854370117
epoch:  26 batch:  20 region_loss:  10.0 10.0 loc_loss:  0.49538238525390627 reward_loss:  -24.769119262695312
epoch:  26 batch:  30 region_loss:  10.0 10.0 loc_loss:  0.5048286437988281 reward_loss:  -25.24144172668457
epoch:  26 batch:  40 region_loss:  10.0 10.0 loc_loss:  0.644325180053711 reward_loss:  -32.21625900268555
epoch:  26 batch:  50 region_loss:  10.0 10.0 loc_loss:  0.5099140167236328 reward_loss:  -25.495702743530273
epoch:  26 batch:  60 region_loss:  10.0 10.0 loc_loss:  0.5356132125854492 reward_loss:  -26.78066062927246
epoch:  26 batch:  70 region_loss:  10.0 10.0 loc_loss:  0.5162909317016602 reward_loss:  -25.814544677734375
epoch:  26 batch:  80 region_loss:  10.0 10.0 loc_loss:  0.5802534866333008 reward_loss:  -29.01267433166504
epoch:  26 batch:  90 region_loss:  6.0 6.0 loc_loss:  0.34841777801513674 reward_loss:  -17.420795440673828
epoch:  26 batch:  100 region_loss:  8.0 8.0 loc_loss:  0.4010791015625 reward_loss:  -20.053956985473633
epoch:  26 batch:  110 region_loss:  4.0 4.0 loc_loss:  0.23276859283447265 reward_loss:  -11.63843059539795
epoch:  26 batch:  120 region_loss:  5.0 5.0 loc_loss:  0.25802242279052734 reward_loss:  -12.901119232177734
epoch:  26 batch:  130 region_loss:  7.0 7.0 loc_loss:  0.3991047668457031 reward_loss:  -19.955238342285156
acc@1:  0.12370649106302917
epoch: 26 region loss 0.17051094890510948 loc loss 0.49546187240711964 reward loss -22.82991339690494
epoch:  27 batch:  0 region_loss:  10.0 10.0 loc_loss:  0.47186195373535156 reward_loss:  -23.59309196472168
epoch:  27 batch:  10 region_loss:  10.0 10.0 loc_loss:  0.5615977478027344 reward_loss:  -27.395523071289062
epoch:  27 batch:  20 region_loss:  10.0 10.0 loc_loss:  0.476185302734375 reward_loss:  -23.809267044067383
epoch:  27 batch:  30 region_loss:  10.0 10.0 loc_loss:  0.4814801025390625 reward_loss:  -24.073923110961914
epoch:  27 batch:  40 region_loss:  10.0 10.0 loc_loss:  0.6197575378417969 reward_loss:  -30.987876892089844
epoch:  27 batch:  50 region_loss:  10.0 10.0 loc_loss:  0.4908371734619141 reward_loss:  -24.541860580444336
epoch:  27 batch:  60 region_loss:  10.0 10.0 loc_loss:  0.5096498489379883 reward_loss:  -25.48249053955078
epoch:  27 batch:  70 region_loss:  10.0 10.0 loc_loss:  0.49347610473632814 reward_loss:  -24.67380714416504
epoch:  27 batch:  80 region_loss:  10.0 10.0 loc_loss:  0.5526686477661132 reward_loss:  -27.63343620300293
epoch:  27 batch:  90 region_loss:  6.0 6.0 loc_loss:  0.33130287170410155 reward_loss:  -16.565168380737305
epoch:  27 batch:  100 region_loss:  8.0 8.0 loc_loss:  0.38187183380126954 reward_loss:  -19.093591690063477
epoch:  27 batch:  110 region_loss:  4.0 4.0 loc_loss:  0.22032068252563478 reward_loss:  -11.016033172607422
epoch:  27 batch:  120 region_loss:  5.0 5.0 loc_loss:  0.24412086486816406 reward_loss:  -12.206043243408203
epoch:  27 batch:  130 region_loss:  7.0 7.0 loc_loss:  0.3797186279296875 reward_loss:  -18.985929489135742
acc@1:  0.12417685794920037
epoch: 27 region loss 0.17051094890510948 loc loss 0.47504683170875495 reward loss -21.836625826619837
epoch:  28 batch:  0 region_loss:  10.0 10.0 loc_loss:  0.44851917266845703 reward_loss:  -22.42595100402832
epoch:  28 batch:  10 region_loss:  10.0 10.0 loc_loss:  0.5568093490600586 reward_loss:  -26.33798599243164
epoch:  28 batch:  20 region_loss:  10.0 10.0 loc_loss:  0.45766147613525393 reward_loss:  -22.883071899414062
epoch:  28 batch:  30 region_loss:  10.0 10.0 loc_loss:  0.45891311645507815 reward_loss:  -22.945592880249023
epoch:  28 batch:  40 region_loss:  10.0 10.0 loc_loss:  0.5957188415527344 reward_loss:  -29.78594207763672
epoch:  28 batch:  50 region_loss:  10.0 10.0 loc_loss:  0.4671839904785156 reward_loss:  -23.359201431274414
epoch:  28 batch:  60 region_loss:  10.0 10.0 loc_loss:  0.4848288345336914 reward_loss:  -24.24144172668457
epoch:  28 batch:  70 region_loss:  10.0 10.0 loc_loss:  0.47159461975097655 reward_loss:  -23.57973289489746
epoch:  28 batch:  80 region_loss:  10.0 10.0 loc_loss:  0.5259344863891602 reward_loss:  -26.296817779541016
epoch:  28 batch:  90 region_loss:  6.0 6.0 loc_loss:  0.3145959091186523 reward_loss:  -15.729832649230957
epoch:  28 batch:  100 region_loss:  8.0 8.0 loc_loss:  0.36339851379394533 reward_loss:  -18.169925689697266
epoch:  28 batch:  110 region_loss:  4.0 4.0 loc_loss:  0.20829025268554688 reward_loss:  -10.41451358795166
epoch:  28 batch:  120 region_loss:  5.0 5.0 loc_loss:  0.23069871902465822 reward_loss:  -11.534934997558594
epoch:  28 batch:  130 region_loss:  7.0 7.0 loc_loss:  0.3610055923461914 reward_loss:  -18.050281524658203
acc@1:  0.12464722483537159
epoch: 28 region loss 0.17051094890510948 loc loss 0.45765548810471585 reward loss -20.87600565826806
epoch:  29 batch:  0 region_loss:  10.0 10.0 loc_loss:  0.42591014862060544 reward_loss:  -21.29551124572754
epoch:  29 batch:  10 region_loss:  10.0 10.0 loc_loss:  0.5201953125 reward_loss:  -25.216411590576172
epoch:  29 batch:  20 region_loss:  10.0 10.0 loc_loss:  0.4398919677734375 reward_loss:  -21.994583129882812
epoch:  29 batch:  30 region_loss:  10.0 10.0 loc_loss:  0.43741764068603517 reward_loss:  -21.8707275390625
epoch:  29 batch:  40 region_loss:  10.0 10.0 loc_loss:  0.5718998718261719 reward_loss:  -28.594993591308594
epoch:  29 batch:  50 region_loss:  10.0 10.0 loc_loss:  0.47336746215820313 reward_loss:  -22.68659019470215
epoch:  29 batch:  60 region_loss:  10.0 10.0 loc_loss:  0.46078968048095703 reward_loss:  -23.03948211669922
epoch:  29 batch:  70 region_loss:  10.0 10.0 loc_loss:  0.4504541015625 reward_loss:  -22.522705078125
epoch:  29 batch:  80 region_loss:  10.0 10.0 loc_loss:  0.49990737915039063 reward_loss:  -24.995372772216797
epoch:  29 batch:  90 region_loss:  6.0 6.0 loc_loss:  0.298089599609375 reward_loss:  -14.90442943572998
epoch:  29 batch:  100 region_loss:  8.0 8.0 loc_loss:  0.3454659652709961 reward_loss:  -17.273300170898438
epoch:  29 batch:  110 region_loss:  4.0 4.0 loc_loss:  0.19672332763671874 reward_loss:  -9.83616828918457
epoch:  29 batch:  120 region_loss:  5.0 5.0 loc_loss:  0.21794300079345702 reward_loss:  -10.897150039672852
epoch:  29 batch:  130 region_loss:  7.0 7.0 loc_loss:  0.34257198333740235 reward_loss:  -17.128599166870117
acc@1:  0.12370649106302917
epoch: 29 region loss 0.17051094890510948 loc loss 0.43935203326009487 reward loss -19.943926092481963
epoch:  30 batch:  0 region_loss:  10.0 10.0 loc_loss:  0.40451755523681643 reward_loss:  -20.225831985473633
epoch:  30 batch:  10 region_loss:  10.0 10.0 loc_loss:  0.4893872833251953 reward_loss:  -24.08795928955078
epoch:  30 batch:  20 region_loss:  10.0 10.0 loc_loss:  0.42235675811767576 reward_loss:  -21.117841720581055
epoch:  30 batch:  30 region_loss:  10.0 10.0 loc_loss:  0.41632843017578125 reward_loss:  -20.816438674926758
epoch:  30 batch:  40 region_loss:  10.0 10.0 loc_loss:  0.5489062118530273 reward_loss:  -27.445308685302734
epoch:  30 batch:  50 region_loss:  10.0 10.0 loc_loss:  0.44124641418457033 reward_loss:  -21.690113067626953
epoch:  30 batch:  60 region_loss:  10.0 10.0 loc_loss:  0.43779003143310546 reward_loss:  -21.88949966430664
epoch:  30 batch:  70 region_loss:  10.0 10.0 loc_loss:  0.4301824951171875 reward_loss:  -21.509126663208008
epoch:  30 batch:  80 region_loss:  10.0 10.0 loc_loss:  0.47470932006835936 reward_loss:  -23.73546600341797
epoch:  30 batch:  90 region_loss:  6.0 6.0 loc_loss:  0.28226078033447266 reward_loss:  -14.11300277709961
epoch:  30 batch:  100 region_loss:  8.0 8.0 loc_loss:  0.328309211730957 reward_loss:  -16.415462493896484
epoch:  30 batch:  110 region_loss:  4.0 4.0 loc_loss:  0.18555255889892577 reward_loss:  -9.277627944946289
epoch:  30 batch:  120 region_loss:  5.0 5.0 loc_loss:  0.20560457229614257 reward_loss:  -10.280229568481445
epoch:  30 batch:  130 region_loss:  7.0 7.0 loc_loss:  0.3251570510864258 reward_loss:  -16.25785255432129
acc@1:  0.12323612417685795
epoch: 30 region loss 0.17051094890510948 loc loss 0.41915110410565004 reward loss -19.037796688775945
epoch:  31 batch:  0 region_loss:  10.0 10.0 loc_loss:  0.3835605239868164 reward_loss:  -19.178024291992188
epoch:  31 batch:  10 region_loss:  10.0 10.0 loc_loss:  0.4528026580810547 reward_loss:  -22.640132904052734
epoch:  31 batch:  20 region_loss:  10.0 10.0 loc_loss:  0.4053097915649414 reward_loss:  -20.26548957824707
epoch:  31 batch:  30 region_loss:  10.0 10.0 loc_loss:  0.396031494140625 reward_loss:  -19.801570892333984
epoch:  31 batch:  40 region_loss:  10.0 10.0 loc_loss:  0.5263274765014648 reward_loss:  -26.316373825073242
epoch:  31 batch:  50 region_loss:  10.0 10.0 loc_loss:  0.40999191284179687 reward_loss:  -20.499591827392578
epoch:  31 batch:  60 region_loss:  10.0 10.0 loc_loss:  0.41539485931396486 reward_loss:  -20.76974105834961
epoch:  31 batch:  70 region_loss:  10.0 10.0 loc_loss:  0.41034454345703125 reward_loss:  -20.517227172851562
epoch:  31 batch:  80 region_loss:  10.0 10.0 loc_loss:  0.4501828384399414 reward_loss:  -22.50914192199707
epoch:  31 batch:  90 region_loss:  6.0 6.0 loc_loss:  0.26691490173339844 reward_loss:  -13.345731735229492
epoch:  31 batch:  100 region_loss:  8.0 8.0 loc_loss:  0.3115092658996582 reward_loss:  -15.57546329498291
epoch:  31 batch:  110 region_loss:  4.0 4.0 loc_loss:  0.17476409912109375 reward_loss:  -8.738204956054688
epoch:  31 batch:  120 region_loss:  5.0 5.0 loc_loss:  0.1938263702392578 reward_loss:  -9.69131851196289
epoch:  31 batch:  130 region_loss:  7.0 7.0 loc_loss:  0.3083131980895996 reward_loss:  -15.41565990447998
acc@1:  0.1213546566321731
epoch: 31 region loss 0.17051094890510948 loc loss 0.4007025307286395 reward loss -18.151564739046307
epoch:  32 batch:  0 region_loss:  10.0 10.0 loc_loss:  0.3635016632080078 reward_loss:  -18.175052642822266
epoch:  32 batch:  10 region_loss:  10.0 10.0 loc_loss:  0.4442461013793945 reward_loss:  -21.732030868530273
epoch:  32 batch:  20 region_loss:  10.0 10.0 loc_loss:  0.3887517166137695 reward_loss:  -19.437585830688477
epoch:  32 batch:  30 region_loss:  10.0 10.0 loc_loss:  0.37625816345214846 reward_loss:  -18.812908172607422
epoch:  32 batch:  40 region_loss:  10.0 10.0 loc_loss:  0.5041201782226562 reward_loss:  -25.206008911132812
epoch:  32 batch:  50 region_loss:  10.0 10.0 loc_loss:  0.43331130981445315 reward_loss:  -19.7861270904541
epoch:  32 batch:  60 region_loss:  10.0 10.0 loc_loss:  0.3940016555786133 reward_loss:  -19.700082778930664
epoch:  32 batch:  70 region_loss:  10.0 10.0 loc_loss:  0.3908999252319336 reward_loss:  -19.544994354248047
epoch:  32 batch:  80 region_loss:  10.0 10.0 loc_loss:  0.4264590454101562 reward_loss:  -21.322954177856445
epoch:  32 batch:  90 region_loss:  6.0 6.0 loc_loss:  0.25202049255371095 reward_loss:  -12.601027488708496
epoch:  32 batch:  100 region_loss:  8.0 8.0 loc_loss:  0.2955739974975586 reward_loss:  -14.778703689575195
epoch:  32 batch:  110 region_loss:  4.0 4.0 loc_loss:  0.16437965393066406 reward_loss:  -8.21898365020752
epoch:  32 batch:  120 region_loss:  5.0 5.0 loc_loss:  0.18251798629760743 reward_loss:  -9.125898361206055
epoch:  32 batch:  130 region_loss:  7.0 7.0 loc_loss:  0.29224002838134766 reward_loss:  -14.612001419067383
acc@1:  0.11900282220131703
epoch: 32 region loss 0.17051094890510948 loc loss 0.36797893012527133 reward loss -17.302154487066897
epoch:  33 batch:  0 region_loss:  10.0 10.0 loc_loss:  0.34421215057373045 reward_loss:  -17.210617065429688
epoch:  33 batch:  10 region_loss:  10.0 10.0 loc_loss:  0.46165927886962893 reward_loss:  -21.09050750732422
epoch:  33 batch:  20 region_loss:  10.0 10.0 loc_loss:  0.3726295852661133 reward_loss:  -18.631481170654297
epoch:  33 batch:  30 region_loss:  10.0 10.0 loc_loss:  0.35713809967041016 reward_loss:  -17.856908798217773
epoch:  33 batch:  40 region_loss:  10.0 10.0 loc_loss:  0.4823440933227539 reward_loss:  -24.117202758789062
epoch:  33 batch:  50 region_loss:  10.0 10.0 loc_loss:  0.4186923217773437 reward_loss:  -18.884044647216797
epoch:  33 batch:  60 region_loss:  10.0 10.0 loc_loss:  0.37318675994873046 reward_loss:  -18.659337997436523
epoch:  33 batch:  70 region_loss:  10.0 10.0 loc_loss:  0.37222965240478517 reward_loss:  -18.611482620239258
epoch:  33 batch:  80 region_loss:  10.0 10.0 loc_loss:  0.4034372711181641 reward_loss:  -20.171863555908203
epoch:  33 batch:  90 region_loss:  6.0 6.0 loc_loss:  0.23754837036132812 reward_loss:  -11.877395629882812
epoch:  33 batch:  100 region_loss:  8.0 8.0 loc_loss:  0.2799281883239746 reward_loss:  -13.99640941619873
epoch:  33 batch:  110 region_loss:  4.0 4.0 loc_loss:  0.15437454223632813 reward_loss:  -7.718727111816406
epoch:  33 batch:  120 region_loss:  5.0 5.0 loc_loss:  0.17163738250732422 reward_loss:  -8.581869125366211
epoch:  33 batch:  130 region_loss:  7.0 7.0 loc_loss:  0.2764780616760254 reward_loss:  -13.823904037475586
