3
cuda
epoch:  0 batch:  0 region_loss:  10.0 10.0 loc_loss:  1.9869181823730468 reward_loss:  -99.34657287597656
epoch:  0 batch:  10 region_loss:  10.0 10.0 loc_loss:  1.9875686645507813 reward_loss:  -99.3780517578125
epoch:  0 batch:  20 region_loss:  10.0 10.0 loc_loss:  1.9861654663085937 reward_loss:  -99.30949401855469
epoch:  0 batch:  30 region_loss:  10.0 10.0 loc_loss:  1.9948670959472656 reward_loss:  -99.74368286132812
epoch:  0 batch:  40 region_loss:  10.0 10.0 loc_loss:  1.9785752868652344 reward_loss:  -98.92874145507812
epoch:  0 batch:  50 region_loss:  10.0 10.0 loc_loss:  1.9911082458496094 reward_loss:  -99.55500793457031
epoch:  0 batch:  60 region_loss:  10.0 10.0 loc_loss:  1.9766523742675781 reward_loss:  -98.83320617675781
epoch:  0 batch:  70 region_loss:  10.0 10.0 loc_loss:  1.9763270568847657 reward_loss:  -98.81644439697266
epoch:  0 batch:  80 region_loss:  10.0 10.0 loc_loss:  1.9821199035644532 reward_loss:  -99.10529327392578
epoch:  0 batch:  90 region_loss:  6.0 6.0 loc_loss:  1.184990692138672 reward_loss:  -59.249080657958984
epoch:  0 batch:  100 region_loss:  8.0 8.0 loc_loss:  1.5719375610351562 reward_loss:  -78.5970230102539
epoch:  0 batch:  110 region_loss:  4.0 4.0 loc_loss:  0.7892497253417968 reward_loss:  -39.462242126464844
epoch:  0 batch:  120 region_loss:  5.0 5.0 loc_loss:  0.9822084808349609 reward_loss:  -49.11051559448242
epoch:  0 batch:  130 region_loss:  7.0 7.0 loc_loss:  1.3725187683105469 reward_loss:  -68.6256103515625
acc@1:  0.0028222013170272815
epoch: 0 region loss 0.17051094890510948 loc loss 1.687302281177827 reward loss -84.3651461914508
epoch:  1 batch:  0 region_loss:  10.0 10.0 loc_loss:  1.9176365661621093 reward_loss:  -95.88166046142578
epoch:  1 batch:  10 region_loss:  10.0 10.0 loc_loss:  1.9366934204101562 reward_loss:  -96.83543395996094
epoch:  1 batch:  20 region_loss:  10.0 10.0 loc_loss:  1.9269842529296874 reward_loss:  -96.34902954101562
epoch:  1 batch:  30 region_loss:  10.0 10.0 loc_loss:  1.9359312438964844 reward_loss:  -96.797119140625
epoch:  1 batch:  40 region_loss:  10.0 10.0 loc_loss:  1.9089277648925782 reward_loss:  -95.44628143310547
epoch:  1 batch:  50 region_loss:  10.0 10.0 loc_loss:  1.9175743103027343 reward_loss:  -95.87863159179688
epoch:  1 batch:  60 region_loss:  10.0 10.0 loc_loss:  1.8877934265136718 reward_loss:  -94.38960266113281
epoch:  1 batch:  70 region_loss:  10.0 10.0 loc_loss:  1.876827392578125 reward_loss:  -93.8411865234375
epoch:  1 batch:  80 region_loss:  10.0 10.0 loc_loss:  1.8597483825683594 reward_loss:  -92.98700714111328
epoch:  1 batch:  90 region_loss:  6.0 6.0 loc_loss:  1.1065867614746094 reward_loss:  -55.33049392700195
epoch:  1 batch:  100 region_loss:  8.0 8.0 loc_loss:  1.4558103942871095 reward_loss:  -72.79047393798828
epoch:  1 batch:  110 region_loss:  4.0 4.0 loc_loss:  0.7374916839599609 reward_loss:  -36.87445831298828
epoch:  1 batch:  120 region_loss:  5.0 5.0 loc_loss:  0.9072480773925782 reward_loss:  -45.36286544799805
epoch:  1 batch:  130 region_loss:  7.0 7.0 loc_loss:  1.2568379211425782 reward_loss:  -62.842620849609375
acc@1:  0.02116650987770461
epoch: 1 region loss 0.17051094890510948 loc loss 1.602558518012945 reward loss -80.12797696747049
epoch:  2 batch:  0 region_loss:  10.0 10.0 loc_loss:  1.7359141540527343 reward_loss:  -86.79492950439453
epoch:  2 batch:  10 region_loss:  10.0 10.0 loc_loss:  1.749657440185547 reward_loss:  -87.4822769165039
epoch:  2 batch:  20 region_loss:  10.0 10.0 loc_loss:  1.7495840454101563 reward_loss:  -87.4799575805664
epoch:  2 batch:  30 region_loss:  10.0 10.0 loc_loss:  1.7738890075683593 reward_loss:  -88.69452667236328
epoch:  2 batch:  40 region_loss:  10.0 10.0 loc_loss:  1.7123109436035155 reward_loss:  -85.61653900146484
epoch:  2 batch:  50 region_loss:  10.0 10.0 loc_loss:  1.7754946899414064 reward_loss:  -88.77455139160156
epoch:  2 batch:  60 region_loss:  10.0 10.0 loc_loss:  1.7363198852539063 reward_loss:  -86.81668090820312
epoch:  2 batch:  70 region_loss:  10.0 10.0 loc_loss:  1.7471173095703125 reward_loss:  -87.35617065429688
epoch:  2 batch:  80 region_loss:  10.0 10.0 loc_loss:  1.7208616638183594 reward_loss:  -86.0424575805664
epoch:  2 batch:  90 region_loss:  6.0 6.0 loc_loss:  1.0356655883789063 reward_loss:  -51.782615661621094
epoch:  2 batch:  100 region_loss:  8.0 8.0 loc_loss:  1.3713246154785157 reward_loss:  -68.5666275024414
epoch:  2 batch:  110 region_loss:  4.0 4.0 loc_loss:  0.7016831970214844 reward_loss:  -35.084529876708984
epoch:  2 batch:  120 region_loss:  5.0 5.0 loc_loss:  0.8668950653076172 reward_loss:  -43.34489822387695
epoch:  2 batch:  130 region_loss:  7.0 7.0 loc_loss:  1.2042581176757812 reward_loss:  -60.2122802734375
acc@1:  0.026810912511759172
epoch: 2 region loss 0.17051094890510948 loc loss 1.4739571074325672 reward loss -73.69797287544195
epoch:  3 batch:  0 region_loss:  10.0 10.0 loc_loss:  1.6800436401367187 reward_loss:  -84.00244903564453
epoch:  3 batch:  10 region_loss:  10.0 10.0 loc_loss:  1.6809994506835937 reward_loss:  -84.04934692382812
epoch:  3 batch:  20 region_loss:  10.0 10.0 loc_loss:  1.6554904174804688 reward_loss:  -82.77505493164062
epoch:  3 batch:  30 region_loss:  10.0 10.0 loc_loss:  1.7052066040039062 reward_loss:  -85.26093292236328
epoch:  3 batch:  40 region_loss:  10.0 10.0 loc_loss:  1.6383366394042969 reward_loss:  -81.9168472290039
epoch:  3 batch:  50 region_loss:  10.0 10.0 loc_loss:  1.7082489013671875 reward_loss:  -85.41280364990234
epoch:  3 batch:  60 region_loss:  10.0 10.0 loc_loss:  1.6699237060546874 reward_loss:  -83.49563598632812
epoch:  3 batch:  70 region_loss:  10.0 10.0 loc_loss:  1.6788088989257812 reward_loss:  -83.94001770019531
epoch:  3 batch:  80 region_loss:  10.0 10.0 loc_loss:  1.6628793334960938 reward_loss:  -83.14382934570312
epoch:  3 batch:  90 region_loss:  6.0 6.0 loc_loss:  1.0034060668945313 reward_loss:  -50.169925689697266
epoch:  3 batch:  100 region_loss:  8.0 8.0 loc_loss:  1.324661102294922 reward_loss:  -66.23322296142578
epoch:  3 batch:  110 region_loss:  4.0 4.0 loc_loss:  0.6822254180908203 reward_loss:  -34.11103057861328
epoch:  3 batch:  120 region_loss:  5.0 5.0 loc_loss:  0.8426665496826172 reward_loss:  -42.132484436035156
epoch:  3 batch:  130 region_loss:  7.0 7.0 loc_loss:  1.1733151245117188 reward_loss:  -58.665992736816406
acc@1:  0.03433678269049859
epoch: 3 region loss 0.17051094890510948 loc loss 1.414681680498332 reward loss -70.73410719154525
epoch:  4 batch:  0 region_loss:  10.0 10.0 loc_loss:  1.6397407531738282 reward_loss:  -81.9864730834961
epoch:  4 batch:  10 region_loss:  10.0 10.0 loc_loss:  1.6372808837890624 reward_loss:  -81.86390686035156
epoch:  4 batch:  20 region_loss:  10.0 10.0 loc_loss:  1.585679931640625 reward_loss:  -79.28343963623047
epoch:  4 batch:  30 region_loss:  10.0 10.0 loc_loss:  1.6525430297851562 reward_loss:  -82.62745666503906
epoch:  4 batch:  40 region_loss:  10.0 10.0 loc_loss:  1.584826202392578 reward_loss:  -79.24076080322266
epoch:  4 batch:  50 region_loss:  10.0 10.0 loc_loss:  1.6527731323242187 reward_loss:  -82.63858032226562
epoch:  4 batch:  60 region_loss:  10.0 10.0 loc_loss:  1.6159663391113281 reward_loss:  -80.79857635498047
epoch:  4 batch:  70 region_loss:  10.0 10.0 loc_loss:  1.6209841918945314 reward_loss:  -81.0486831665039
epoch:  4 batch:  80 region_loss:  10.0 10.0 loc_loss:  1.6128567504882811 reward_loss:  -80.64263153076172
epoch:  4 batch:  90 region_loss:  6.0 6.0 loc_loss:  0.9749558258056641 reward_loss:  -48.747772216796875
epoch:  4 batch:  100 region_loss:  8.0 8.0 loc_loss:  1.2806398010253905 reward_loss:  -64.03189849853516
epoch:  4 batch:  110 region_loss:  4.0 4.0 loc_loss:  0.6647653961181641 reward_loss:  -33.23820877075195
epoch:  4 batch:  120 region_loss:  5.0 5.0 loc_loss:  0.8190379333496094 reward_loss:  -40.952064514160156
epoch:  4 batch:  130 region_loss:  7.0 7.0 loc_loss:  1.1426899719238282 reward_loss:  -57.134735107421875
acc@1:  0.043273753527751646
epoch: 4 region loss 0.17051094890510948 loc loss 1.3666786065762933 reward loss -68.33388062637218
epoch:  5 batch:  0 region_loss:  10.0 10.0 loc_loss:  1.5958323669433594 reward_loss:  -79.79151153564453
epoch:  5 batch:  10 region_loss:  10.0 10.0 loc_loss:  1.592870330810547 reward_loss:  -79.64340209960938
epoch:  5 batch:  20 region_loss:  10.0 10.0 loc_loss:  1.5190921020507813 reward_loss:  -75.95391845703125
epoch:  5 batch:  30 region_loss:  10.0 10.0 loc_loss:  1.598763427734375 reward_loss:  -79.93790435791016
epoch:  5 batch:  40 region_loss:  10.0 10.0 loc_loss:  1.5332054138183593 reward_loss:  -76.66036224365234
epoch:  5 batch:  50 region_loss:  10.0 10.0 loc_loss:  1.5960028076171875 reward_loss:  -79.80010223388672
epoch:  5 batch:  60 region_loss:  10.0 10.0 loc_loss:  1.5617092895507811 reward_loss:  -78.08496856689453
epoch:  5 batch:  70 region_loss:  10.0 10.0 loc_loss:  1.5628750610351563 reward_loss:  -78.14362335205078
epoch:  5 batch:  80 region_loss:  10.0 10.0 loc_loss:  1.5611294555664061 reward_loss:  -78.05613708496094
epoch:  5 batch:  90 region_loss:  6.0 6.0 loc_loss:  0.9460008239746094 reward_loss:  -47.29970169067383
epoch:  5 batch:  100 region_loss:  8.0 8.0 loc_loss:  1.2343409729003907 reward_loss:  -61.71687698364258
epoch:  5 batch:  110 region_loss:  4.0 4.0 loc_loss:  0.6470986938476563 reward_loss:  -32.35488510131836
epoch:  5 batch:  120 region_loss:  5.0 5.0 loc_loss:  0.7935983276367188 reward_loss:  -39.679710388183594
epoch:  5 batch:  130 region_loss:  7.0 7.0 loc_loss:  1.1096524047851561 reward_loss:  -55.48234558105469
acc@1:  0.05738476011288805
epoch: 5 region loss 0.17051094890510948 loc loss 1.3181450029359245 reward loss -65.9072305721088
epoch:  6 batch:  0 region_loss:  10.0 10.0 loc_loss:  1.545160675048828 reward_loss:  -77.25828552246094
epoch:  6 batch:  10 region_loss:  10.0 10.0 loc_loss:  1.5437567138671875 reward_loss:  -77.18824005126953
epoch:  6 batch:  20 region_loss:  10.0 10.0 loc_loss:  1.4495256042480469 reward_loss:  -72.47622680664062
epoch:  6 batch:  30 region_loss:  10.0 10.0 loc_loss:  1.540621337890625 reward_loss:  -77.03134155273438
epoch:  6 batch:  40 region_loss:  10.0 10.0 loc_loss:  1.4800372314453125 reward_loss:  -74.00164794921875
epoch:  6 batch:  50 region_loss:  10.0 10.0 loc_loss:  1.5354901123046876 reward_loss:  -76.7745132446289
epoch:  6 batch:  60 region_loss:  10.0 10.0 loc_loss:  1.5041680908203126 reward_loss:  -75.20822143554688
epoch:  6 batch:  70 region_loss:  10.0 10.0 loc_loss:  1.5010804748535156 reward_loss:  -75.05387115478516
epoch:  6 batch:  80 region_loss:  10.0 10.0 loc_loss:  1.5059513854980469 reward_loss:  -75.2975082397461
epoch:  6 batch:  90 region_loss:  6.0 6.0 loc_loss:  0.915285415649414 reward_loss:  -45.764278411865234
epoch:  6 batch:  100 region_loss:  8.0 8.0 loc_loss:  1.1843760681152344 reward_loss:  -59.21889114379883
epoch:  6 batch:  110 region_loss:  4.0 4.0 loc_loss:  0.6285879516601562 reward_loss:  -31.429594039916992
epoch:  6 batch:  120 region_loss:  5.0 5.0 loc_loss:  0.7660603332519531 reward_loss:  -38.30261993408203
epoch:  6 batch:  130 region_loss:  7.0 7.0 loc_loss:  1.0739207458496094 reward_loss:  -53.69607925415039
acc@1:  0.06961429915333961
epoch: 6 region loss 0.17051094890510948 loc loss 1.266463877267211 reward loss -63.323184465839915
epoch:  7 batch:  0 region_loss:  10.0 10.0 loc_loss:  1.4880087280273437 reward_loss:  -74.40087890625
epoch:  7 batch:  10 region_loss:  10.0 10.0 loc_loss:  1.4892637634277344 reward_loss:  -74.46324920654297
epoch:  7 batch:  20 region_loss:  10.0 10.0 loc_loss:  1.376737060546875 reward_loss:  -68.83692932128906
epoch:  7 batch:  30 region_loss:  10.0 10.0 loc_loss:  1.4776185607910157 reward_loss:  -73.88064575195312
epoch:  7 batch:  40 region_loss:  10.0 10.0 loc_loss:  1.4257981872558594 reward_loss:  -71.28961181640625
epoch:  7 batch:  50 region_loss:  10.0 10.0 loc_loss:  1.4702157592773437 reward_loss:  -73.51071166992188
epoch:  7 batch:  60 region_loss:  10.0 10.0 loc_loss:  1.4424349975585937 reward_loss:  -72.12185668945312
epoch:  7 batch:  70 region_loss:  10.0 10.0 loc_loss:  1.435123748779297 reward_loss:  -71.7564926147461
epoch:  7 batch:  80 region_loss:  10.0 10.0 loc_loss:  1.4476557922363282 reward_loss:  -72.3827896118164
epoch:  7 batch:  90 region_loss:  6.0 6.0 loc_loss:  0.8828077697753907 reward_loss:  -44.14034652709961
epoch:  7 batch:  100 region_loss:  8.0 8.0 loc_loss:  1.1306779479980469 reward_loss:  -56.53443908691406
epoch:  7 batch:  110 region_loss:  4.0 4.0 loc_loss:  0.6092403793334961 reward_loss:  -30.46196174621582
epoch:  7 batch:  120 region_loss:  5.0 5.0 loc_loss:  0.7360381317138672 reward_loss:  -36.8018684387207
epoch:  7 batch:  130 region_loss:  7.0 7.0 loc_loss:  1.0353010559082032 reward_loss:  -51.76518630981445
acc@1:  0.08701787394167451
epoch: 7 region loss 0.17051094890510948 loc loss 1.2115726328940288 reward loss -60.57868718056783
epoch:  8 batch:  0 region_loss:  10.0 10.0 loc_loss:  1.4251568603515625 reward_loss:  -71.25775146484375
epoch:  8 batch:  10 region_loss:  10.0 10.0 loc_loss:  1.4295411682128907 reward_loss:  -71.47674560546875
epoch:  8 batch:  20 region_loss:  10.0 10.0 loc_loss:  1.3013632202148437 reward_loss:  -65.06852722167969
epoch:  8 batch:  30 region_loss:  10.0 10.0 loc_loss:  1.409969482421875 reward_loss:  -70.4972915649414
epoch:  8 batch:  40 region_loss:  10.0 10.0 loc_loss:  1.3712600708007812 reward_loss:  -68.56231689453125
epoch:  8 batch:  50 region_loss:  10.0 10.0 loc_loss:  1.4000100708007812 reward_loss:  -70.00056457519531
epoch:  8 batch:  60 region_loss:  10.0 10.0 loc_loss:  1.377708740234375 reward_loss:  -68.8853530883789
epoch:  8 batch:  70 region_loss:  10.0 10.0 loc_loss:  1.3645970153808593 reward_loss:  -68.23015594482422
epoch:  8 batch:  80 region_loss:  10.0 10.0 loc_loss:  1.386400909423828 reward_loss:  -69.32022857666016
epoch:  8 batch:  90 region_loss:  6.0 6.0 loc_loss:  0.8489045715332031 reward_loss:  -42.44493865966797
epoch:  8 batch:  100 region_loss:  8.0 8.0 loc_loss:  1.073484878540039 reward_loss:  -53.673763275146484
epoch:  8 batch:  110 region_loss:  4.0 4.0 loc_loss:  0.5884343338012695 reward_loss:  -29.42167091369629
epoch:  8 batch:  120 region_loss:  5.0 5.0 loc_loss:  0.7046861267089843 reward_loss:  -35.234188079833984
epoch:  8 batch:  130 region_loss:  7.0 7.0 loc_loss:  0.9945280456542969 reward_loss:  -49.72611999511719
acc@1:  0.1039510818438382
epoch: 8 region loss 0.17051094890510948 loc loss 1.1543853347666941 reward loss -57.71925095050004
epoch:  9 batch:  0 region_loss:  10.0 10.0 loc_loss:  1.3578538513183593 reward_loss:  -67.89277648925781
epoch:  9 batch:  10 region_loss:  10.0 10.0 loc_loss:  1.3649818420410156 reward_loss:  -68.2490463256836
epoch:  9 batch:  20 region_loss:  10.0 10.0 loc_loss:  1.2262663269042968 reward_loss:  -61.31295394897461
epoch:  9 batch:  30 region_loss:  10.0 10.0 loc_loss:  1.3387879943847656 reward_loss:  -66.93963623046875
epoch:  9 batch:  40 region_loss:  10.0 10.0 loc_loss:  1.3162380981445312 reward_loss:  -65.81207275390625
epoch:  9 batch:  50 region_loss:  10.0 10.0 loc_loss:  1.3258656311035155 reward_loss:  -66.29283905029297
epoch:  9 batch:  60 region_loss:  10.0 10.0 loc_loss:  1.3114955139160156 reward_loss:  -65.57494354248047
epoch:  9 batch:  70 region_loss:  10.0 10.0 loc_loss:  1.2911337280273438 reward_loss:  -64.55691528320312
epoch:  9 batch:  80 region_loss:  10.0 10.0 loc_loss:  1.32376220703125 reward_loss:  -66.18828582763672
epoch:  9 batch:  90 region_loss:  6.0 6.0 loc_loss:  0.8138056945800781 reward_loss:  -40.6905403137207
epoch:  9 batch:  100 region_loss:  8.0 8.0 loc_loss:  1.015037078857422 reward_loss:  -50.75228500366211
epoch:  9 batch:  110 region_loss:  4.0 4.0 loc_loss:  0.5671810913085937 reward_loss:  -28.358747482299805
epoch:  9 batch:  120 region_loss:  5.0 5.0 loc_loss:  0.6721797180175781 reward_loss:  -33.60908126831055
epoch:  9 batch:  130 region_loss:  7.0 7.0 loc_loss:  0.9522991180419922 reward_loss:  -47.615135192871094
acc@1:  0.11571025399811853
epoch: 9 region loss 0.17051094890510948 loc loss 1.096141382760375 reward loss -54.80703891280794
epoch:  10 batch:  0 region_loss:  10.0 10.0 loc_loss:  1.2872525024414063 reward_loss:  -64.3628921508789
epoch:  10 batch:  10 region_loss:  10.0 10.0 loc_loss:  1.297643280029297 reward_loss:  -64.882080078125
epoch:  10 batch:  20 region_loss:  10.0 10.0 loc_loss:  1.1525440979003907 reward_loss:  -57.62779235839844
epoch:  10 batch:  30 region_loss:  10.0 10.0 loc_loss:  1.2654056549072266 reward_loss:  -63.27019500732422
epoch:  10 batch:  40 region_loss:  10.0 10.0 loc_loss:  1.2613645172119141 reward_loss:  -63.067604064941406
epoch:  10 batch:  50 region_loss:  10.0 10.0 loc_loss:  1.2491574859619141 reward_loss:  -62.457672119140625
epoch:  10 batch:  60 region_loss:  10.0 10.0 loc_loss:  1.2458649444580079 reward_loss:  -62.29370880126953
epoch:  10 batch:  70 region_loss:  10.0 10.0 loc_loss:  1.217325210571289 reward_loss:  -60.866485595703125
epoch:  10 batch:  80 region_loss:  10.0 10.0 loc_loss:  1.2628511810302734 reward_loss:  -63.14301300048828
epoch:  10 batch:  90 region_loss:  6.0 6.0 loc_loss:  0.7782389068603516 reward_loss:  -38.91183853149414
epoch:  10 batch:  100 region_loss:  8.0 8.0 loc_loss:  0.9565447235107422 reward_loss:  -47.82710266113281
epoch:  10 batch:  110 region_loss:  4.0 4.0 loc_loss:  0.5446641540527344 reward_loss:  -27.233118057250977
epoch:  10 batch:  120 region_loss:  5.0 5.0 loc_loss:  0.6395281600952148 reward_loss:  -31.97649383544922
epoch:  10 batch:  130 region_loss:  7.0 7.0 loc_loss:  0.9091162872314453 reward_loss:  -45.455570220947266
acc@1:  0.12464722483537159
epoch: 10 region loss 0.17051094890510948 loc loss 1.0382000774188633 reward loss -51.91000722620609
epoch:  11 batch:  0 region_loss:  10.0 10.0 loc_loss:  1.2148243713378906 reward_loss:  -60.74130630493164
epoch:  11 batch:  10 region_loss:  10.0 10.0 loc_loss:  1.2286039733886718 reward_loss:  -61.43060302734375
epoch:  11 batch:  20 region_loss:  10.0 10.0 loc_loss:  1.0807726287841797 reward_loss:  -54.03854751586914
epoch:  11 batch:  30 region_loss:  10.0 10.0 loc_loss:  1.1918253326416015 reward_loss:  -59.5914306640625
epoch:  11 batch:  40 region_loss:  10.0 10.0 loc_loss:  1.2068860626220703 reward_loss:  -60.34471893310547
epoch:  11 batch:  50 region_loss:  10.0 10.0 loc_loss:  1.1722386169433594 reward_loss:  -58.612213134765625
epoch:  11 batch:  60 region_loss:  10.0 10.0 loc_loss:  1.1819379425048828 reward_loss:  -59.09714126586914
epoch:  11 batch:  70 region_loss:  10.0 10.0 loc_loss:  1.1455780029296876 reward_loss:  -57.27958297729492
epoch:  11 batch:  80 region_loss:  10.0 10.0 loc_loss:  1.204810333251953 reward_loss:  -60.240413665771484
epoch:  11 batch:  90 region_loss:  6.0 6.0 loc_loss:  0.7425743865966797 reward_loss:  -37.129112243652344
epoch:  11 batch:  100 region_loss:  8.0 8.0 loc_loss:  0.9007117462158203 reward_loss:  -45.03533935546875
epoch:  11 batch:  110 region_loss:  4.0 4.0 loc_loss:  0.5218695068359375 reward_loss:  -26.09369468688965
epoch:  11 batch:  120 region_loss:  5.0 5.0 loc_loss:  0.6069844818115234 reward_loss:  -30.349531173706055
epoch:  11 batch:  130 region_loss:  7.0 7.0 loc_loss:  0.8666175079345703 reward_loss:  -43.33121871948242
acc@1:  0.1349952963311383
epoch: 11 region loss 0.17051094890510948 loc loss 0.9819069835913443 reward loss -49.095372304429105
epoch:  12 batch:  0 region_loss:  10.0 10.0 loc_loss:  1.143863983154297 reward_loss:  -57.19292449951172
epoch:  12 batch:  10 region_loss:  10.0 10.0 loc_loss:  1.1600621795654298 reward_loss:  -58.003150939941406
epoch:  12 batch:  20 region_loss:  10.0 10.0 loc_loss:  1.013369140625 reward_loss:  -50.668025970458984
epoch:  12 batch:  30 region_loss:  10.0 10.0 loc_loss:  1.1201316070556642 reward_loss:  -56.00636672973633
epoch:  12 batch:  40 region_loss:  10.0 10.0 loc_loss:  1.1530225372314453 reward_loss:  -57.651329040527344
epoch:  12 batch:  50 region_loss:  10.0 10.0 loc_loss:  1.0981830596923827 reward_loss:  -54.90945816040039
epoch:  12 batch:  60 region_loss:  10.0 10.0 loc_loss:  1.1206442260742187 reward_loss:  -56.032169342041016
epoch:  12 batch:  70 region_loss:  10.0 10.0 loc_loss:  1.0786463928222656 reward_loss:  -53.93284606933594
epoch:  12 batch:  80 region_loss:  10.0 10.0 loc_loss:  1.1503485107421876 reward_loss:  -57.51739501953125
epoch:  12 batch:  90 region_loss:  6.0 6.0 loc_loss:  0.7080148315429687 reward_loss:  -35.40065383911133
epoch:  12 batch:  100 region_loss:  8.0 8.0 loc_loss:  0.8480372619628906 reward_loss:  -42.40132522583008
epoch:  12 batch:  110 region_loss:  4.0 4.0 loc_loss:  0.49892086029052735 reward_loss:  -24.945981979370117
epoch:  12 batch:  120 region_loss:  5.0 5.0 loc_loss:  0.5760919189453125 reward_loss:  -28.804847717285156
epoch:  12 batch:  130 region_loss:  7.0 7.0 loc_loss:  0.8250064849853516 reward_loss:  -41.25010681152344
acc@1:  0.13640639698965193
epoch: 12 region loss 0.17051094890510948 loc loss 0.9283089550046155 reward loss -46.41539987160341
epoch:  13 batch:  0 region_loss:  10.0 10.0 loc_loss:  1.0753431701660157 reward_loss:  -53.767051696777344
epoch:  13 batch:  10 region_loss:  10.0 10.0 loc_loss:  1.0933843231201172 reward_loss:  -54.669342041015625
epoch:  13 batch:  20 region_loss:  10.0 10.0 loc_loss:  0.9503900909423828 reward_loss:  -47.51984405517578
epoch:  13 batch:  30 region_loss:  10.0 10.0 loc_loss:  1.0512797546386718 reward_loss:  -52.56398010253906
epoch:  13 batch:  40 region_loss:  10.0 10.0 loc_loss:  1.1007518768310547 reward_loss:  -55.03804016113281
epoch:  13 batch:  50 region_loss:  10.0 10.0 loc_loss:  1.0288885498046876 reward_loss:  -51.444313049316406
epoch:  13 batch:  60 region_loss:  10.0 10.0 loc_loss:  1.0623263549804687 reward_loss:  -53.1165885925293
epoch:  13 batch:  70 region_loss:  10.0 10.0 loc_loss:  1.0178630065917968 reward_loss:  -50.892940521240234
epoch:  13 batch:  80 region_loss:  10.0 10.0 loc_loss:  1.099197235107422 reward_loss:  -54.959808349609375
epoch:  13 batch:  90 region_loss:  6.0 6.0 loc_loss:  0.6744524383544922 reward_loss:  -33.722328186035156
epoch:  13 batch:  100 region_loss:  8.0 8.0 loc_loss:  0.7991310119628906 reward_loss:  -39.95644760131836
epoch:  13 batch:  110 region_loss:  4.0 4.0 loc_loss:  0.4762584686279297 reward_loss:  -23.81310272216797
epoch:  13 batch:  120 region_loss:  5.0 5.0 loc_loss:  0.5464591979980469 reward_loss:  -27.323251724243164
epoch:  13 batch:  130 region_loss:  7.0 7.0 loc_loss:  0.7850261688232422 reward_loss:  -39.251220703125
acc@1:  0.13922859830667922
epoch: 13 region loss 0.17051094890510948 loc loss 0.8781228431645971 reward loss -43.90614006989194
epoch:  14 batch:  0 region_loss:  10.0 10.0 loc_loss:  1.011858901977539 reward_loss:  -50.59360122680664
epoch:  14 batch:  10 region_loss:  10.0 10.0 loc_loss:  1.030875701904297 reward_loss:  -51.543983459472656
epoch:  14 batch:  20 region_loss:  10.0 10.0 loc_loss:  0.8943193054199219 reward_loss:  -44.715675354003906
epoch:  14 batch:  30 region_loss:  10.0 10.0 loc_loss:  0.987724838256836 reward_loss:  -49.385902404785156
epoch:  14 batch:  40 region_loss:  10.0 10.0 loc_loss:  1.0512494659423828 reward_loss:  -52.56209945678711
epoch:  14 batch:  50 region_loss:  10.0 10.0 loc_loss:  0.9654621124267578 reward_loss:  -48.273223876953125
epoch:  14 batch:  60 region_loss:  10.0 10.0 loc_loss:  1.0077893829345703 reward_loss:  -50.38928985595703
epoch:  14 batch:  70 region_loss:  10.0 10.0 loc_loss:  0.9622052001953125 reward_loss:  -48.11020278930664
epoch:  14 batch:  80 region_loss:  10.0 10.0 loc_loss:  1.0502256774902343 reward_loss:  -52.51060485839844
epoch:  14 batch:  90 region_loss:  6.0 6.0 loc_loss:  0.6427772521972657 reward_loss:  -32.138763427734375
epoch:  14 batch:  100 region_loss:  8.0 8.0 loc_loss:  0.7553369903564453 reward_loss:  -37.76658630371094
epoch:  14 batch:  110 region_loss:  4.0 4.0 loc_loss:  0.45372833251953126 reward_loss:  -22.686119079589844
epoch:  14 batch:  120 region_loss:  5.0 5.0 loc_loss:  0.5180664443969727 reward_loss:  -25.90340805053711
epoch:  14 batch:  130 region_loss:  7.0 7.0 loc_loss:  0.7475437164306641 reward_loss:  -37.37710952758789
acc@1:  0.14111006585136407
epoch: 14 region loss 0.17051094890510948 loc loss 0.8315865768655374 reward loss -41.57933854708706
epoch:  15 batch:  0 region_loss:  10.0 10.0 loc_loss:  0.9544745635986328 reward_loss:  -47.723838806152344
epoch:  15 batch:  10 region_loss:  10.0 10.0 loc_loss:  0.9724634552001953 reward_loss:  -48.62318420410156
epoch:  15 batch:  20 region_loss:  10.0 10.0 loc_loss:  0.8432101440429688 reward_loss:  -42.16032028198242
epoch:  15 batch:  30 region_loss:  10.0 10.0 loc_loss:  0.9304458618164062 reward_loss:  -46.522281646728516
epoch:  15 batch:  40 region_loss:  10.0 10.0 loc_loss:  1.0047149658203125 reward_loss:  -50.23570251464844
epoch:  15 batch:  50 region_loss:  10.0 10.0 loc_loss:  0.9088521575927735 reward_loss:  -45.442955017089844
epoch:  15 batch:  60 region_loss:  10.0 10.0 loc_loss:  0.9573174285888671 reward_loss:  -47.866085052490234
epoch:  15 batch:  70 region_loss:  10.0 10.0 loc_loss:  0.9123496246337891 reward_loss:  -45.61719512939453
epoch:  15 batch:  80 region_loss:  10.0 10.0 loc_loss:  1.0042790985107422 reward_loss:  -50.213836669921875
epoch:  15 batch:  90 region_loss:  6.0 6.0 loc_loss:  0.6127770614624023 reward_loss:  -30.63892364501953
epoch:  15 batch:  100 region_loss:  8.0 8.0 loc_loss:  0.7158308410644532 reward_loss:  -35.7913818359375
epoch:  15 batch:  110 region_loss:  4.0 4.0 loc_loss:  0.4323603057861328 reward_loss:  -21.617279052734375
epoch:  15 batch:  120 region_loss:  5.0 5.0 loc_loss:  0.4913013458251953 reward_loss:  -24.56517219543457
epoch:  15 batch:  130 region_loss:  7.0 7.0 loc_loss:  0.7122684478759765 reward_loss:  -35.61320877075195
acc@1:  0.14393226716839136
epoch: 15 region loss 0.17051094890510948 loc loss 0.7888344420829828 reward loss -39.441705717657605
epoch:  16 batch:  0 region_loss:  10.0 10.0 loc_loss:  0.9020600891113282 reward_loss:  -45.103050231933594
epoch:  16 batch:  10 region_loss:  10.0 10.0 loc_loss:  0.9205185699462891 reward_loss:  -46.02534484863281
epoch:  16 batch:  20 region_loss:  10.0 10.0 loc_loss:  0.798239974975586 reward_loss:  -39.91230392456055
epoch:  16 batch:  30 region_loss:  10.0 10.0 loc_loss:  0.8780953979492188 reward_loss:  -43.90470504760742
epoch:  16 batch:  40 region_loss:  10.0 10.0 loc_loss:  0.9618354797363281 reward_loss:  -48.09210205078125
epoch:  16 batch:  50 region_loss:  10.0 10.0 loc_loss:  0.8580558013916015 reward_loss:  -42.90263748168945
epoch:  16 batch:  60 region_loss:  10.0 10.0 loc_loss:  0.9102864837646485 reward_loss:  -45.51410675048828
epoch:  16 batch:  70 region_loss:  10.0 10.0 loc_loss:  0.86681396484375 reward_loss:  -43.340572357177734
epoch:  16 batch:  80 region_loss:  10.0 10.0 loc_loss:  0.960680923461914 reward_loss:  -48.034141540527344
epoch:  16 batch:  90 region_loss:  6.0 6.0 loc_loss:  0.5849658966064453 reward_loss:  -29.248207092285156
epoch:  16 batch:  100 region_loss:  8.0 8.0 loc_loss:  0.6800140380859375 reward_loss:  -34.00040817260742
epoch:  16 batch:  110 region_loss:  4.0 4.0 loc_loss:  0.4114185333251953 reward_loss:  -20.57102394104004
epoch:  16 batch:  120 region_loss:  5.0 5.0 loc_loss:  0.46611114501953127 reward_loss:  -23.305248260498047
epoch:  16 batch:  130 region_loss:  7.0 7.0 loc_loss:  0.6793304443359375 reward_loss:  -33.96617126464844
acc@1:  0.14346190028222014
epoch: 16 region loss 0.17051094890510948 loc loss 0.7496827160354949 reward loss -37.4841420667885
epoch:  17 batch:  0 region_loss:  10.0 10.0 loc_loss:  0.8543179321289063 reward_loss:  -42.71613693237305
epoch:  17 batch:  10 region_loss:  10.0 10.0 loc_loss:  0.8728206634521485 reward_loss:  -43.640750885009766
epoch:  17 batch:  20 region_loss:  10.0 10.0 loc_loss:  0.7584543609619141 reward_loss:  -37.922332763671875
epoch:  17 batch:  30 region_loss:  10.0 10.0 loc_loss:  0.8311772155761719 reward_loss:  -41.558624267578125
epoch:  17 batch:  40 region_loss:  10.0 10.0 loc_loss:  0.9223812103271485 reward_loss:  -46.118690490722656
epoch:  17 batch:  50 region_loss:  10.0 10.0 loc_loss:  0.8134880065917969 reward_loss:  -40.674644470214844
epoch:  17 batch:  60 region_loss:  10.0 10.0 loc_loss:  0.8659754943847656 reward_loss:  -43.29853057861328
epoch:  17 batch:  70 region_loss:  10.0 10.0 loc_loss:  0.8253732299804688 reward_loss:  -41.26868438720703
epoch:  17 batch:  80 region_loss:  10.0 10.0 loc_loss:  0.9185969543457031 reward_loss:  -45.92998504638672
epoch:  17 batch:  90 region_loss:  6.0 6.0 loc_loss:  0.5583018112182617 reward_loss:  -27.9144287109375
epoch:  17 batch:  100 region_loss:  8.0 8.0 loc_loss:  0.6471211242675782 reward_loss:  -32.356014251708984
epoch:  17 batch:  110 region_loss:  4.0 4.0 loc_loss:  0.39134544372558594 reward_loss:  -19.566970825195312
epoch:  17 batch:  120 region_loss:  5.0 5.0 loc_loss:  0.4423506164550781 reward_loss:  -22.1175594329834
epoch:  17 batch:  130 region_loss:  7.0 7.0 loc_loss:  0.6485387420654297 reward_loss:  -32.42686462402344
acc@1:  0.14346190028222014
epoch: 17 region loss 0.17051094890510948 loc loss 0.713717152811315 reward loss -35.685859018868776
epoch:  18 batch:  0 region_loss:  10.0 10.0 loc_loss:  0.8104479217529297 reward_loss:  -40.522605895996094
epoch:  18 batch:  10 region_loss:  10.0 10.0 loc_loss:  0.83029296875 reward_loss:  -41.514503479003906
epoch:  18 batch:  20 region_loss:  10.0 10.0 loc_loss:  0.7226275634765625 reward_loss:  -36.13151168823242
epoch:  18 batch:  30 region_loss:  10.0 10.0 loc_loss:  0.7883956909179688 reward_loss:  -39.41985321044922
epoch:  18 batch:  40 region_loss:  10.0 10.0 loc_loss:  0.885501480102539 reward_loss:  -44.27500915527344
epoch:  18 batch:  50 region_loss:  10.0 10.0 loc_loss:  0.773665771484375 reward_loss:  -38.683433532714844
epoch:  18 batch:  60 region_loss:  10.0 10.0 loc_loss:  0.8239920043945312 reward_loss:  -41.19960403442383
epoch:  18 batch:  70 region_loss:  10.0 10.0 loc_loss:  0.7870146179199219 reward_loss:  -39.3507080078125
epoch:  18 batch:  80 region_loss:  10.0 10.0 loc_loss:  0.8788075256347656 reward_loss:  -43.94087219238281
epoch:  18 batch:  90 region_loss:  6.0 6.0 loc_loss:  0.5332798385620117 reward_loss:  -26.66409683227539
epoch:  18 batch:  100 region_loss:  8.0 8.0 loc_loss:  0.6173210144042969 reward_loss:  -30.866252899169922
epoch:  18 batch:  110 region_loss:  4.0 4.0 loc_loss:  0.37248935699462893 reward_loss:  -18.624614715576172
epoch:  18 batch:  120 region_loss:  5.0 5.0 loc_loss:  0.41929615020751954 reward_loss:  -20.964651107788086
epoch:  18 batch:  130 region_loss:  7.0 7.0 loc_loss:  0.6198652267456055 reward_loss:  -30.993467330932617
acc@1:  0.1415804327375353
epoch: 18 region loss 0.17051094890510948 loc loss 0.680602621510081 reward loss -34.03014908393804
epoch:  19 batch:  0 region_loss:  10.0 10.0 loc_loss:  0.7698292541503906 reward_loss:  -38.491355895996094
epoch:  19 batch:  10 region_loss:  10.0 10.0 loc_loss:  0.7912204742431641 reward_loss:  -39.56121063232422
epoch:  19 batch:  20 region_loss:  10.0 10.0 loc_loss:  0.6907102203369141 reward_loss:  -34.535675048828125
epoch:  19 batch:  30 region_loss:  10.0 10.0 loc_loss:  0.749758071899414 reward_loss:  -37.48790740966797
epoch:  19 batch:  40 region_loss:  10.0 10.0 loc_loss:  0.8516532897949218 reward_loss:  -42.58260726928711
epoch:  19 batch:  50 region_loss:  10.0 10.0 loc_loss:  0.7365969085693359 reward_loss:  -36.82947540283203
epoch:  19 batch:  60 region_loss:  10.0 10.0 loc_loss:  0.7843687438964844 reward_loss:  -39.21868896484375
epoch:  19 batch:  70 region_loss:  10.0 10.0 loc_loss:  0.751400146484375 reward_loss:  -37.56976318359375
epoch:  19 batch:  80 region_loss:  10.0 10.0 loc_loss:  0.8415402221679688 reward_loss:  -42.076717376708984
epoch:  19 batch:  90 region_loss:  6.0 6.0 loc_loss:  0.5093296051025391 reward_loss:  -25.46649932861328
epoch:  19 batch:  100 region_loss:  8.0 8.0 loc_loss:  0.5890913772583007 reward_loss:  -29.454496383666992
epoch:  19 batch:  110 region_loss:  4.0 4.0 loc_loss:  0.35443580627441407 reward_loss:  -17.721771240234375
epoch:  19 batch:  120 region_loss:  5.0 5.0 loc_loss:  0.39814517974853514 reward_loss:  -19.907136917114258
epoch:  19 batch:  130 region_loss:  7.0 7.0 loc_loss:  0.5926698684692383 reward_loss:  -29.63364028930664
acc@1:  0.14205079962370648
epoch: 19 region loss 0.17051094890510948 loc loss 0.649917784642129 reward loss -32.495871815368204
epoch:  20 batch:  0 region_loss:  10.0 10.0 loc_loss:  0.7321435546875 reward_loss:  -36.60729217529297
epoch:  20 batch:  10 region_loss:  10.0 10.0 loc_loss:  0.755128402709961 reward_loss:  -37.75668716430664
epoch:  20 batch:  20 region_loss:  10.0 10.0 loc_loss:  0.6612087249755859 reward_loss:  -33.06056594848633
epoch:  20 batch:  30 region_loss:  10.0 10.0 loc_loss:  0.713712387084961 reward_loss:  -35.68547821044922
epoch:  20 batch:  40 region_loss:  10.0 10.0 loc_loss:  0.81994384765625 reward_loss:  -40.99689865112305
epoch:  20 batch:  50 region_loss:  10.0 10.0 loc_loss:  0.7036251831054687 reward_loss:  -35.181156158447266
epoch:  20 batch:  60 region_loss:  10.0 10.0 loc_loss:  0.7473856353759766 reward_loss:  -37.36916732788086
epoch:  20 batch:  70 region_loss:  10.0 10.0 loc_loss:  0.717303237915039 reward_loss:  -35.86533737182617
epoch:  20 batch:  80 region_loss:  10.0 10.0 loc_loss:  0.805580062866211 reward_loss:  -40.2791862487793
epoch:  20 batch:  90 region_loss:  6.0 6.0 loc_loss:  0.48678340911865237 reward_loss:  -24.33936309814453
epoch:  20 batch:  100 region_loss:  8.0 8.0 loc_loss:  0.5626066589355468 reward_loss:  -28.130645751953125
epoch:  20 batch:  110 region_loss:  4.0 4.0 loc_loss:  0.3372087097167969 reward_loss:  -16.86064910888672
epoch:  20 batch:  120 region_loss:  5.0 5.0 loc_loss:  0.37778316497802733 reward_loss:  -18.888858795166016
epoch:  20 batch:  130 region_loss:  7.0 7.0 loc_loss:  0.5666336441040039 reward_loss:  -28.33144760131836
acc@1:  0.14016933207902163
epoch: 20 region loss 0.17051094890510948 loc loss 0.6212694300352222 reward loss -31.06345457926284
epoch:  21 batch:  0 region_loss:  10.0 10.0 loc_loss:  0.6974820709228515 reward_loss:  -34.874359130859375
epoch:  21 batch:  10 region_loss:  10.0 10.0 loc_loss:  0.7222944641113281 reward_loss:  -36.114898681640625
epoch:  21 batch:  20 region_loss:  10.0 10.0 loc_loss:  0.6333264541625977 reward_loss:  -31.666385650634766
epoch:  21 batch:  30 region_loss:  10.0 10.0 loc_loss:  0.6801688385009765 reward_loss:  -34.008338928222656
epoch:  21 batch:  40 region_loss:  10.0 10.0 loc_loss:  0.7901691436767578 reward_loss:  -39.508026123046875
epoch:  21 batch:  50 region_loss:  10.0 10.0 loc_loss:  0.6725029754638672 reward_loss:  -33.62468719482422
epoch:  21 batch:  60 region_loss:  10.0 10.0 loc_loss:  0.7119558715820312 reward_loss:  -35.59813690185547
epoch:  21 batch:  70 region_loss:  10.0 10.0 loc_loss:  0.6858753967285156 reward_loss:  -34.293792724609375
epoch:  21 batch:  80 region_loss:  10.0 10.0 loc_loss:  0.7707015991210937 reward_loss:  -38.53509521484375
epoch:  21 batch:  90 region_loss:  6.0 6.0 loc_loss:  0.46525665283203127 reward_loss:  -23.263132095336914
epoch:  21 batch:  100 region_loss:  8.0 8.0 loc_loss:  0.5376440048217773 reward_loss:  -26.882131576538086
epoch:  21 batch:  110 region_loss:  4.0 4.0 loc_loss:  0.3210844421386719 reward_loss:  -16.05405044555664
epoch:  21 batch:  120 region_loss:  5.0 5.0 loc_loss:  0.3581314849853516 reward_loss:  -17.906335830688477
epoch:  21 batch:  130 region_loss:  7.0 7.0 loc_loss:  0.5425316619873047 reward_loss:  -27.12649917602539
acc@1:  0.13922859830667922
epoch: 21 region loss 0.17051094890510948 loc loss 0.5943392284421155 reward loss -29.716967951642335
epoch:  22 batch:  0 region_loss:  10.0 10.0 loc_loss:  0.664543685913086 reward_loss:  -33.227012634277344
epoch:  22 batch:  10 region_loss:  10.0 10.0 loc_loss:  0.6904915618896484 reward_loss:  -34.524314880371094
epoch:  22 batch:  20 region_loss:  10.0 10.0 loc_loss:  0.6080782699584961 reward_loss:  -30.404216766357422
epoch:  22 batch:  30 region_loss:  10.0 10.0 loc_loss:  0.64922607421875 reward_loss:  -32.46147918701172
epoch:  22 batch:  40 region_loss:  10.0 10.0 loc_loss:  0.7609796142578125 reward_loss:  -38.04912567138672
epoch:  22 batch:  50 region_loss:  10.0 10.0 loc_loss:  0.6428707885742188 reward_loss:  -32.14348220825195
epoch:  22 batch:  60 region_loss:  10.0 10.0 loc_loss:  0.6789547729492188 reward_loss:  -33.94765090942383
epoch:  22 batch:  70 region_loss:  10.0 10.0 loc_loss:  0.6558766174316406 reward_loss:  -32.79396057128906
epoch:  22 batch:  80 region_loss:  10.0 10.0 loc_loss:  0.7374435424804687 reward_loss:  -36.8720588684082
epoch:  22 batch:  90 region_loss:  6.0 6.0 loc_loss:  0.44480323791503906 reward_loss:  -22.24018096923828
epoch:  22 batch:  100 region_loss:  8.0 8.0 loc_loss:  0.5140981674194336 reward_loss:  -25.704927444458008
epoch:  22 batch:  110 region_loss:  4.0 4.0 loc_loss:  0.3052469062805176 reward_loss:  -15.262170791625977
epoch:  22 batch:  120 region_loss:  5.0 5.0 loc_loss:  0.34006481170654296 reward_loss:  -17.003232955932617
epoch:  22 batch:  130 region_loss:  7.0 7.0 loc_loss:  0.5186009979248047 reward_loss:  -25.929683685302734
acc@1:  0.13781749764816556
epoch: 22 region loss 0.17051094890510948 loc loss 0.5689358542087305 reward loss -28.446775105747864
epoch:  23 batch:  0 region_loss:  10.0 10.0 loc_loss:  0.6334184265136719 reward_loss:  -31.671146392822266
epoch:  23 batch:  10 region_loss:  10.0 10.0 loc_loss:  0.6612802886962891 reward_loss:  -33.06434631347656
epoch:  23 batch:  20 region_loss:  10.0 10.0 loc_loss:  0.5840473556518555 reward_loss:  -29.20246124267578
epoch:  23 batch:  30 region_loss:  10.0 10.0 loc_loss:  0.6197186279296875 reward_loss:  -30.985864639282227
epoch:  23 batch:  40 region_loss:  10.0 10.0 loc_loss:  0.734035873413086 reward_loss:  -36.70155334472656
epoch:  23 batch:  50 region_loss:  10.0 10.0 loc_loss:  0.6160528564453125 reward_loss:  -30.802513122558594
epoch:  23 batch:  60 region_loss:  10.0 10.0 loc_loss:  0.6475099182128906 reward_loss:  -32.37550354003906
epoch:  23 batch:  70 region_loss:  10.0 10.0 loc_loss:  0.6265373229980469 reward_loss:  -31.326881408691406
epoch:  23 batch:  80 region_loss:  10.0 10.0 loc_loss:  0.7050998687744141 reward_loss:  -35.254573822021484
epoch:  23 batch:  90 region_loss:  6.0 6.0 loc_loss:  0.42478363037109373 reward_loss:  -21.23874855041504
epoch:  23 batch:  100 region_loss:  8.0 8.0 loc_loss:  0.4908911895751953 reward_loss:  -24.544458389282227
epoch:  23 batch:  110 region_loss:  4.0 4.0 loc_loss:  0.29012308120727537 reward_loss:  -14.506092071533203
epoch:  23 batch:  120 region_loss:  5.0 5.0 loc_loss:  0.3225655746459961 reward_loss:  -16.128326416015625
epoch:  23 batch:  130 region_loss:  7.0 7.0 loc_loss:  0.4960441589355469 reward_loss:  -24.802635192871094
acc@1:  0.13358419567262464
epoch: 23 region loss 0.17051094890510948 loc loss 0.5447649077951473 reward loss -27.23824416459912
epoch:  24 batch:  0 region_loss:  10.0 10.0 loc_loss:  0.6038188934326172 reward_loss:  -30.190649032592773
epoch:  24 batch:  10 region_loss:  10.0 10.0 loc_loss:  0.6331509399414063 reward_loss:  -31.657527923583984
epoch:  24 batch:  20 region_loss:  10.0 10.0 loc_loss:  0.5619407272338868 reward_loss:  -28.09685707092285
epoch:  24 batch:  30 region_loss:  10.0 10.0 loc_loss:  0.5917795181274415 reward_loss:  -29.589092254638672
epoch:  24 batch:  40 region_loss:  10.0 10.0 loc_loss:  0.7063278198242188 reward_loss:  -35.31651306152344
epoch:  24 batch:  50 region_loss:  10.0 10.0 loc_loss:  0.5905524826049805 reward_loss:  -29.527647018432617
epoch:  24 batch:  60 region_loss:  10.0 10.0 loc_loss:  0.6174001312255859 reward_loss:  -30.869829177856445
epoch:  24 batch:  70 region_loss:  10.0 10.0 loc_loss:  0.5999085235595704 reward_loss:  -29.995656967163086
epoch:  24 batch:  80 region_loss:  10.0 10.0 loc_loss:  0.6745889282226563 reward_loss:  -33.729209899902344
epoch:  24 batch:  90 region_loss:  6.0 6.0 loc_loss:  0.4054784393310547 reward_loss:  -20.2742919921875
epoch:  24 batch:  100 region_loss:  8.0 8.0 loc_loss:  0.46995361328125 reward_loss:  -23.497678756713867
epoch:  24 batch:  110 region_loss:  4.0 4.0 loc_loss:  0.2761066818237305 reward_loss:  -13.805360794067383
epoch:  24 batch:  120 region_loss:  5.0 5.0 loc_loss:  0.3062854766845703 reward_loss:  -15.314302444458008
epoch:  24 batch:  130 region_loss:  7.0 7.0 loc_loss:  0.47355701446533205 reward_loss:  -23.677921295166016
