0
cuda
epoch:  0 batch:  0 region_loss:  10.0 10.0 loc_loss:  1.986566162109375 reward_loss:  -99.32913208007812
epoch:  0 batch:  10 region_loss:  10.0 10.0 loc_loss:  1.980504913330078 reward_loss:  -99.02529907226562
epoch:  0 batch:  20 region_loss:  10.0 10.0 loc_loss:  1.9886569213867187 reward_loss:  -99.4340591430664
epoch:  0 batch:  30 region_loss:  10.0 10.0 loc_loss:  1.9763319396972656 reward_loss:  -98.8175048828125
epoch:  0 batch:  40 region_loss:  10.0 10.0 loc_loss:  1.9824522399902345 reward_loss:  -99.12269592285156
epoch:  0 batch:  50 region_loss:  10.0 10.0 loc_loss:  1.9828717041015624 reward_loss:  -99.14399719238281
epoch:  0 batch:  60 region_loss:  10.0 10.0 loc_loss:  1.9845748901367188 reward_loss:  -99.229248046875
epoch:  0 batch:  70 region_loss:  10.0 10.0 loc_loss:  1.9807769775390625 reward_loss:  -99.04020690917969
epoch:  0 batch:  80 region_loss:  10.0 10.0 loc_loss:  1.9848452758789064 reward_loss:  -99.24168395996094
epoch:  0 batch:  90 region_loss:  6.0 6.0 loc_loss:  1.181515655517578 reward_loss:  -59.07556915283203
epoch:  0 batch:  100 region_loss:  8.0 8.0 loc_loss:  1.5716412353515625 reward_loss:  -78.58187866210938
epoch:  0 batch:  110 region_loss:  4.0 4.0 loc_loss:  0.7893248748779297 reward_loss:  -39.46525192260742
epoch:  0 batch:  120 region_loss:  5.0 5.0 loc_loss:  0.98378662109375 reward_loss:  -49.18865203857422
epoch:  0 batch:  130 region_loss:  7.0 7.0 loc_loss:  1.3702613830566406 reward_loss:  -68.51367950439453
acc@1:  0.0028222013170272815
epoch: 0 region loss 0.17051094890510948 loc loss 1.686345120172431 reward loss -84.31724423039569
epoch:  1 batch:  0 region_loss:  10.0 10.0 loc_loss:  1.9139987182617189 reward_loss:  -95.70137786865234
epoch:  1 batch:  10 region_loss:  10.0 10.0 loc_loss:  1.9258795166015625 reward_loss:  -96.29328918457031
epoch:  1 batch:  20 region_loss:  10.0 10.0 loc_loss:  1.9266287231445312 reward_loss:  -96.33123779296875
epoch:  1 batch:  30 region_loss:  10.0 10.0 loc_loss:  1.9140269470214843 reward_loss:  -95.70233917236328
epoch:  1 batch:  40 region_loss:  10.0 10.0 loc_loss:  1.9115274047851563 reward_loss:  -95.57614135742188
epoch:  1 batch:  50 region_loss:  10.0 10.0 loc_loss:  1.8991433715820312 reward_loss:  -94.95648193359375
epoch:  1 batch:  60 region_loss:  10.0 10.0 loc_loss:  1.895983428955078 reward_loss:  -94.8001708984375
epoch:  1 batch:  70 region_loss:  10.0 10.0 loc_loss:  1.8764089965820312 reward_loss:  -93.82011413574219
epoch:  1 batch:  80 region_loss:  10.0 10.0 loc_loss:  1.8674726867675782 reward_loss:  -93.37440490722656
epoch:  1 batch:  90 region_loss:  6.0 6.0 loc_loss:  1.102942657470703 reward_loss:  -55.14641571044922
epoch:  1 batch:  100 region_loss:  8.0 8.0 loc_loss:  1.4523255920410156 reward_loss:  -72.6152572631836
epoch:  1 batch:  110 region_loss:  4.0 4.0 loc_loss:  0.7354241180419921 reward_loss:  -36.770469665527344
epoch:  1 batch:  120 region_loss:  5.0 5.0 loc_loss:  0.9087287902832031 reward_loss:  -45.43742370605469
epoch:  1 batch:  130 region_loss:  7.0 7.0 loc_loss:  1.2504457855224609 reward_loss:  -62.521854400634766
acc@1:  0.025870178739416744
epoch: 1 region loss 0.17051094890510948 loc loss 1.5994272390769344 reward loss -79.97129927586465
epoch:  2 batch:  0 region_loss:  10.0 10.0 loc_loss:  1.7422581481933594 reward_loss:  -87.11321258544922
epoch:  2 batch:  10 region_loss:  10.0 10.0 loc_loss:  1.7417196655273437 reward_loss:  -87.08609008789062
epoch:  2 batch:  20 region_loss:  10.0 10.0 loc_loss:  1.745972900390625 reward_loss:  -87.29856872558594
epoch:  2 batch:  30 region_loss:  10.0 10.0 loc_loss:  1.7582183837890626 reward_loss:  -87.91155242919922
epoch:  2 batch:  40 region_loss:  10.0 10.0 loc_loss:  1.7140223693847656 reward_loss:  -85.70086669921875
epoch:  2 batch:  50 region_loss:  10.0 10.0 loc_loss:  1.7538320922851562 reward_loss:  -87.69153594970703
epoch:  2 batch:  60 region_loss:  10.0 10.0 loc_loss:  1.7499076843261718 reward_loss:  -87.49620819091797
epoch:  2 batch:  70 region_loss:  10.0 10.0 loc_loss:  1.7446189880371095 reward_loss:  -87.23091888427734
epoch:  2 batch:  80 region_loss:  10.0 10.0 loc_loss:  1.7294406127929687 reward_loss:  -86.47186279296875
epoch:  2 batch:  90 region_loss:  6.0 6.0 loc_loss:  1.0331095123291016 reward_loss:  -51.655357360839844
epoch:  2 batch:  100 region_loss:  8.0 8.0 loc_loss:  1.370147705078125 reward_loss:  -68.50697326660156
epoch:  2 batch:  110 region_loss:  4.0 4.0 loc_loss:  0.6994335174560546 reward_loss:  -34.972389221191406
epoch:  2 batch:  120 region_loss:  5.0 5.0 loc_loss:  0.8693336486816406 reward_loss:  -43.46701431274414
epoch:  2 batch:  130 region_loss:  7.0 7.0 loc_loss:  1.200190658569336 reward_loss:  -60.011085510253906
acc@1:  0.03198494825964252
epoch: 2 region loss 0.17051094890510948 loc loss 1.4719151205912124 reward loss -73.5957489570562
epoch:  3 batch:  0 region_loss:  10.0 10.0 loc_loss:  1.6849565124511718 reward_loss:  -84.24739837646484
epoch:  3 batch:  10 region_loss:  10.0 10.0 loc_loss:  1.67564208984375 reward_loss:  -83.78263854980469
epoch:  3 batch:  20 region_loss:  10.0 10.0 loc_loss:  1.6542546081542968 reward_loss:  -82.71278381347656
epoch:  3 batch:  30 region_loss:  10.0 10.0 loc_loss:  1.6884326171875 reward_loss:  -84.42115020751953
epoch:  3 batch:  40 region_loss:  10.0 10.0 loc_loss:  1.6373530578613282 reward_loss:  -81.86775970458984
epoch:  3 batch:  50 region_loss:  10.0 10.0 loc_loss:  1.69184814453125 reward_loss:  -84.59251403808594
epoch:  3 batch:  60 region_loss:  10.0 10.0 loc_loss:  1.6838973999023437 reward_loss:  -84.1946792602539
epoch:  3 batch:  70 region_loss:  10.0 10.0 loc_loss:  1.6783634948730468 reward_loss:  -83.91838073730469
epoch:  3 batch:  80 region_loss:  10.0 10.0 loc_loss:  1.6717768859863282 reward_loss:  -83.58856964111328
epoch:  3 batch:  90 region_loss:  6.0 6.0 loc_loss:  1.0002664947509765 reward_loss:  -50.013187408447266
epoch:  3 batch:  100 region_loss:  8.0 8.0 loc_loss:  1.3238536071777345 reward_loss:  -66.19207000732422
epoch:  3 batch:  110 region_loss:  4.0 4.0 loc_loss:  0.6797146606445312 reward_loss:  -33.98601150512695
epoch:  3 batch:  120 region_loss:  5.0 5.0 loc_loss:  0.8456329345703125 reward_loss:  -42.28215026855469
epoch:  3 batch:  130 region_loss:  7.0 7.0 loc_loss:  1.1690798950195314 reward_loss:  -58.45381164550781
acc@1:  0.03762935089369708
epoch: 3 region loss 0.17051094890510948 loc loss 1.4134878211473896 reward loss -70.67441194074867
epoch:  4 batch:  0 region_loss:  10.0 10.0 loc_loss:  1.6417259216308593 reward_loss:  -82.08650970458984
epoch:  4 batch:  10 region_loss:  10.0 10.0 loc_loss:  1.6327276611328125 reward_loss:  -81.63677978515625
epoch:  4 batch:  20 region_loss:  10.0 10.0 loc_loss:  1.589666290283203 reward_loss:  -79.48290252685547
epoch:  4 batch:  30 region_loss:  10.0 10.0 loc_loss:  1.634467315673828 reward_loss:  -81.7235336303711
epoch:  4 batch:  40 region_loss:  10.0 10.0 loc_loss:  1.5817242431640626 reward_loss:  -79.08610534667969
epoch:  4 batch:  50 region_loss:  10.0 10.0 loc_loss:  1.6410537719726563 reward_loss:  -82.05261993408203
epoch:  4 batch:  60 region_loss:  10.0 10.0 loc_loss:  1.6306539916992187 reward_loss:  -81.5331802368164
epoch:  4 batch:  70 region_loss:  10.0 10.0 loc_loss:  1.6209585571289062 reward_loss:  -81.0482406616211
epoch:  4 batch:  80 region_loss:  10.0 10.0 loc_loss:  1.6227890014648438 reward_loss:  -81.14086151123047
epoch:  4 batch:  90 region_loss:  6.0 6.0 loc_loss:  0.9710856628417969 reward_loss:  -48.55421447753906
epoch:  4 batch:  100 region_loss:  8.0 8.0 loc_loss:  1.2800135803222656 reward_loss:  -64.00053405761719
epoch:  4 batch:  110 region_loss:  4.0 4.0 loc_loss:  0.662042007446289 reward_loss:  -33.10222244262695
epoch:  4 batch:  120 region_loss:  5.0 5.0 loc_loss:  0.8223446655273438 reward_loss:  -41.117401123046875
epoch:  4 batch:  130 region_loss:  7.0 7.0 loc_loss:  1.1377452087402344 reward_loss:  -56.88719940185547
acc@1:  0.04797742238946378
epoch: 4 region loss 0.17051094890510948 loc loss 1.3659570067468352 reward loss -68.29788084099762
epoch:  5 batch:  0 region_loss:  10.0 10.0 loc_loss:  1.594111328125 reward_loss:  -79.70548248291016
epoch:  5 batch:  10 region_loss:  10.0 10.0 loc_loss:  1.5881613159179688 reward_loss:  -79.40808868408203
epoch:  5 batch:  20 region_loss:  10.0 10.0 loc_loss:  1.5271511840820313 reward_loss:  -76.35746765136719
epoch:  5 batch:  30 region_loss:  10.0 10.0 loc_loss:  1.5807867431640625 reward_loss:  -79.0396499633789
epoch:  5 batch:  40 region_loss:  10.0 10.0 loc_loss:  1.5271376037597657 reward_loss:  -76.35686492919922
epoch:  5 batch:  50 region_loss:  10.0 10.0 loc_loss:  1.589108428955078 reward_loss:  -79.45541381835938
epoch:  5 batch:  60 region_loss:  10.0 10.0 loc_loss:  1.577659149169922 reward_loss:  -78.88256072998047
epoch:  5 batch:  70 region_loss:  10.0 10.0 loc_loss:  1.5629241943359375 reward_loss:  -78.14656066894531
epoch:  5 batch:  80 region_loss:  10.0 10.0 loc_loss:  1.5727520751953126 reward_loss:  -78.637451171875
epoch:  5 batch:  90 region_loss:  6.0 6.0 loc_loss:  0.9415402221679687 reward_loss:  -47.076812744140625
epoch:  5 batch:  100 region_loss:  8.0 8.0 loc_loss:  1.2341619110107422 reward_loss:  -61.70800018310547
epoch:  5 batch:  110 region_loss:  4.0 4.0 loc_loss:  0.6441635131835938 reward_loss:  -32.2082405090332
epoch:  5 batch:  120 region_loss:  5.0 5.0 loc_loss:  0.797274169921875 reward_loss:  -39.86362075805664
epoch:  5 batch:  130 region_loss:  7.0 7.0 loc_loss:  1.1038580322265625 reward_loss:  -55.192970275878906
acc@1:  0.061618062088428974
epoch: 5 region loss 0.17051094890510948 loc loss 1.317731684942315 reward loss -65.88661631006394
epoch:  6 batch:  0 region_loss:  10.0 10.0 loc_loss:  1.5402694702148438 reward_loss:  -77.01362609863281
epoch:  6 batch:  10 region_loss:  10.0 10.0 loc_loss:  1.538041229248047 reward_loss:  -76.90229034423828
epoch:  6 batch:  20 region_loss:  10.0 10.0 loc_loss:  1.4608587646484374 reward_loss:  -73.04179382324219
epoch:  6 batch:  30 region_loss:  10.0 10.0 loc_loss:  1.5232688903808593 reward_loss:  -76.16380310058594
epoch:  6 batch:  40 region_loss:  10.0 10.0 loc_loss:  1.4719906616210938 reward_loss:  -73.5995101928711
epoch:  6 batch:  50 region_loss:  10.0 10.0 loc_loss:  1.5317929077148438 reward_loss:  -76.58968353271484
epoch:  6 batch:  60 region_loss:  10.0 10.0 loc_loss:  1.5213681030273438 reward_loss:  -76.06852722167969
epoch:  6 batch:  70 region_loss:  10.0 10.0 loc_loss:  1.5016213989257812 reward_loss:  -75.08084869384766
epoch:  6 batch:  80 region_loss:  10.0 10.0 loc_loss:  1.5191465759277343 reward_loss:  -75.95770263671875
epoch:  6 batch:  90 region_loss:  6.0 6.0 loc_loss:  0.9103069305419922 reward_loss:  -45.5152702331543
epoch:  6 batch:  100 region_loss:  8.0 8.0 loc_loss:  1.1843901824951173 reward_loss:  -59.219478607177734
epoch:  6 batch:  110 region_loss:  4.0 4.0 loc_loss:  0.625332908630371 reward_loss:  -31.266645431518555
epoch:  6 batch:  120 region_loss:  5.0 5.0 loc_loss:  0.7699339294433594 reward_loss:  -38.496543884277344
epoch:  6 batch:  130 region_loss:  7.0 7.0 loc_loss:  1.0673890686035157 reward_loss:  -53.36944580078125
acc@1:  0.07525870178739416
epoch: 6 region loss 0.17051094890510948 loc loss 1.2663105835183694 reward loss -63.31548912159718
epoch:  7 batch:  0 region_loss:  10.0 10.0 loc_loss:  1.4799258422851562 reward_loss:  -73.99626922607422
epoch:  7 batch:  10 region_loss:  10.0 10.0 loc_loss:  1.4816114807128906 reward_loss:  -74.0805892944336
epoch:  7 batch:  20 region_loss:  10.0 10.0 loc_loss:  1.390340576171875 reward_loss:  -69.51681518554688
epoch:  7 batch:  30 region_loss:  10.0 10.0 loc_loss:  1.459761505126953 reward_loss:  -72.98860168457031
epoch:  7 batch:  40 region_loss:  10.0 10.0 loc_loss:  1.41674560546875 reward_loss:  -70.8372802734375
epoch:  7 batch:  50 region_loss:  10.0 10.0 loc_loss:  1.4683345031738282 reward_loss:  -73.4166488647461
epoch:  7 batch:  60 region_loss:  10.0 10.0 loc_loss:  1.4613844299316405 reward_loss:  -73.06910705566406
epoch:  7 batch:  70 region_loss:  10.0 10.0 loc_loss:  1.4355197143554688 reward_loss:  -71.77597045898438
epoch:  7 batch:  80 region_loss:  10.0 10.0 loc_loss:  1.461798095703125 reward_loss:  -73.08988952636719
epoch:  7 batch:  90 region_loss:  6.0 6.0 loc_loss:  0.8771817016601563 reward_loss:  -43.859134674072266
epoch:  7 batch:  100 region_loss:  8.0 8.0 loc_loss:  1.13042724609375 reward_loss:  -56.52149200439453
epoch:  7 batch:  110 region_loss:  4.0 4.0 loc_loss:  0.605383415222168 reward_loss:  -30.26926040649414
epoch:  7 batch:  120 region_loss:  5.0 5.0 loc_loss:  0.7401984405517578 reward_loss:  -37.009944915771484
epoch:  7 batch:  130 region_loss:  7.0 7.0 loc_loss:  1.0283248901367188 reward_loss:  -51.416229248046875
acc@1:  0.08372530573847602
epoch: 7 region loss 0.17051094890510948 loc loss 1.2114905470131088 reward loss -60.574552897989314
epoch:  8 batch:  0 region_loss:  10.0 10.0 loc_loss:  1.4143275451660156 reward_loss:  -70.71638488769531
epoch:  8 batch:  10 region_loss:  10.0 10.0 loc_loss:  1.4195108032226562 reward_loss:  -70.97559356689453
epoch:  8 batch:  20 region_loss:  10.0 10.0 loc_loss:  1.317407684326172 reward_loss:  -65.87049865722656
epoch:  8 batch:  30 region_loss:  10.0 10.0 loc_loss:  1.390507049560547 reward_loss:  -69.5252914428711
epoch:  8 batch:  40 region_loss:  10.0 10.0 loc_loss:  1.3623423767089844 reward_loss:  -68.11711120605469
epoch:  8 batch:  50 region_loss:  10.0 10.0 loc_loss:  1.3993048095703124 reward_loss:  -69.96521759033203
epoch:  8 batch:  60 region_loss:  10.0 10.0 loc_loss:  1.3984327697753907 reward_loss:  -69.92107391357422
epoch:  8 batch:  70 region_loss:  10.0 10.0 loc_loss:  1.3649717712402343 reward_loss:  -68.24857330322266
epoch:  8 batch:  80 region_loss:  10.0 10.0 loc_loss:  1.4018490600585938 reward_loss:  -70.09239196777344
epoch:  8 batch:  90 region_loss:  6.0 6.0 loc_loss:  0.8426348876953125 reward_loss:  -42.13172149658203
epoch:  8 batch:  100 region_loss:  8.0 8.0 loc_loss:  1.0738329315185546 reward_loss:  -53.69141387939453
epoch:  8 batch:  110 region_loss:  4.0 4.0 loc_loss:  0.584454002380371 reward_loss:  -29.22268295288086
epoch:  8 batch:  120 region_loss:  5.0 5.0 loc_loss:  0.708636474609375 reward_loss:  -35.43170166015625
epoch:  8 batch:  130 region_loss:  7.0 7.0 loc_loss:  0.9872251129150391 reward_loss:  -49.36125564575195
acc@1:  0.09689557855126998
epoch: 8 region loss 0.17051094890510948 loc loss 1.154264797851117 reward loss -57.71321706006127
epoch:  9 batch:  0 region_loss:  10.0 10.0 loc_loss:  1.3445680236816406 reward_loss:  -67.22840118408203
epoch:  9 batch:  10 region_loss:  10.0 10.0 loc_loss:  1.3530661010742187 reward_loss:  -67.65335083007812
epoch:  9 batch:  20 region_loss:  10.0 10.0 loc_loss:  1.2445977783203126 reward_loss:  -62.22990798950195
epoch:  9 batch:  30 region_loss:  10.0 10.0 loc_loss:  1.3173297119140626 reward_loss:  -65.86654663085938
epoch:  9 batch:  40 region_loss:  10.0 10.0 loc_loss:  1.3085194396972657 reward_loss:  -65.42597198486328
epoch:  9 batch:  50 region_loss:  10.0 10.0 loc_loss:  1.3262614440917968 reward_loss:  -66.3130874633789
epoch:  9 batch:  60 region_loss:  10.0 10.0 loc_loss:  1.334416046142578 reward_loss:  -66.72080993652344
epoch:  9 batch:  70 region_loss:  10.0 10.0 loc_loss:  1.2918438720703125 reward_loss:  -64.59223937988281
epoch:  9 batch:  80 region_loss:  10.0 10.0 loc_loss:  1.34095703125 reward_loss:  -67.04785919189453
epoch:  9 batch:  90 region_loss:  6.0 6.0 loc_loss:  0.8070382690429687 reward_loss:  -40.35191345214844
epoch:  9 batch:  100 region_loss:  8.0 8.0 loc_loss:  1.0161328887939454 reward_loss:  -50.806636810302734
epoch:  9 batch:  110 region_loss:  4.0 4.0 loc_loss:  0.562665023803711 reward_loss:  -28.133264541625977
epoch:  9 batch:  120 region_loss:  5.0 5.0 loc_loss:  0.6758492279052735 reward_loss:  -33.79246520996094
epoch:  9 batch:  130 region_loss:  7.0 7.0 loc_loss:  0.9450205993652344 reward_loss:  -47.25102996826172
acc@1:  0.11006585136406397
epoch: 9 region loss 0.17051094890510948 loc loss 1.0960869069343067 reward loss -54.80435077639392
epoch:  10 batch:  0 region_loss:  10.0 10.0 loc_loss:  1.2719661712646484 reward_loss:  -63.59830856323242
epoch:  10 batch:  10 region_loss:  10.0 10.0 loc_loss:  1.2842330932617188 reward_loss:  -64.21165466308594
epoch:  10 batch:  20 region_loss:  10.0 10.0 loc_loss:  1.173128890991211 reward_loss:  -58.65644836425781
epoch:  10 batch:  30 region_loss:  10.0 10.0 loc_loss:  1.2423767852783203 reward_loss:  -62.11884689331055
epoch:  10 batch:  40 region_loss:  10.0 10.0 loc_loss:  1.2548267364501953 reward_loss:  -62.74134063720703
epoch:  10 batch:  50 region_loss:  10.0 10.0 loc_loss:  1.2506877899169921 reward_loss:  -62.53437805175781
epoch:  10 batch:  60 region_loss:  10.0 10.0 loc_loss:  1.2710020446777344 reward_loss:  -63.55010986328125
epoch:  10 batch:  70 region_loss:  10.0 10.0 loc_loss:  1.218346176147461 reward_loss:  -60.91731262207031
epoch:  10 batch:  80 region_loss:  10.0 10.0 loc_loss:  1.2807156372070312 reward_loss:  -64.0357666015625
epoch:  10 batch:  90 region_loss:  6.0 6.0 loc_loss:  0.771048583984375 reward_loss:  -38.552425384521484
epoch:  10 batch:  100 region_loss:  8.0 8.0 loc_loss:  0.9590428161621094 reward_loss:  -47.95214080810547
epoch:  10 batch:  110 region_loss:  4.0 4.0 loc_loss:  0.5402884292602539 reward_loss:  -27.014419555664062
epoch:  10 batch:  120 region_loss:  5.0 5.0 loc_loss:  0.6427391815185547 reward_loss:  -32.136962890625
epoch:  10 batch:  130 region_loss:  7.0 7.0 loc_loss:  0.9022622680664063 reward_loss:  -45.11309814453125
acc@1:  0.12323612417685795
epoch: 10 region loss 0.17051094890510948 loc loss 1.0383578427168576 reward loss -51.917890980295894
epoch:  11 batch:  0 region_loss:  10.0 10.0 loc_loss:  1.1985670471191405 reward_loss:  -59.92835235595703
epoch:  11 batch:  10 region_loss:  10.0 10.0 loc_loss:  1.2152938079833984 reward_loss:  -60.764678955078125
epoch:  11 batch:  20 region_loss:  10.0 10.0 loc_loss:  1.1037308502197265 reward_loss:  -55.18655776977539
epoch:  11 batch:  30 region_loss:  10.0 10.0 loc_loss:  1.1679413604736328 reward_loss:  -58.39707565307617
epoch:  11 batch:  40 region_loss:  10.0 10.0 loc_loss:  1.2017036437988282 reward_loss:  -60.08518600463867
epoch:  11 batch:  50 region_loss:  10.0 10.0 loc_loss:  1.1746627044677735 reward_loss:  -58.73313522338867
epoch:  11 batch:  60 region_loss:  10.0 10.0 loc_loss:  1.2090869903564454 reward_loss:  -60.454349517822266
epoch:  11 batch:  70 region_loss:  10.0 10.0 loc_loss:  1.147057113647461 reward_loss:  -57.35285568237305
epoch:  11 batch:  80 region_loss:  10.0 10.0 loc_loss:  1.2220909118652343 reward_loss:  -61.10454177856445
epoch:  11 batch:  90 region_loss:  6.0 6.0 loc_loss:  0.7354668426513672 reward_loss:  -36.77333068847656
epoch:  11 batch:  100 region_loss:  8.0 8.0 loc_loss:  0.9040470886230468 reward_loss:  -45.2024040222168
epoch:  11 batch:  110 region_loss:  4.0 4.0 loc_loss:  0.5175640106201171 reward_loss:  -25.87820053100586
epoch:  11 batch:  120 region_loss:  5.0 5.0 loc_loss:  0.609866828918457 reward_loss:  -30.493343353271484
epoch:  11 batch:  130 region_loss:  7.0 7.0 loc_loss:  0.859830322265625 reward_loss:  -42.99152755737305
acc@1:  0.12605832549388524
epoch: 11 region loss 0.17051094890510948 loc loss 0.9823156078366467 reward loss -49.11577699480266
epoch:  12 batch:  0 region_loss:  10.0 10.0 loc_loss:  1.1266102600097656 reward_loss:  -56.33050537109375
epoch:  12 batch:  10 region_loss:  10.0 10.0 loc_loss:  1.1483135986328126 reward_loss:  -57.41567611694336
epoch:  12 batch:  20 region_loss:  10.0 10.0 loc_loss:  1.0372852325439452 reward_loss:  -51.86425018310547
epoch:  12 batch:  30 region_loss:  10.0 10.0 loc_loss:  1.0959204864501952 reward_loss:  -54.79588317871094
epoch:  12 batch:  40 region_loss:  10.0 10.0 loc_loss:  1.1497502136230469 reward_loss:  -57.487510681152344
epoch:  12 batch:  50 region_loss:  10.0 10.0 loc_loss:  1.1004009246826172 reward_loss:  -55.02005386352539
epoch:  12 batch:  60 region_loss:  10.0 10.0 loc_loss:  1.1489225769042968 reward_loss:  -57.446136474609375
epoch:  12 batch:  70 region_loss:  10.0 10.0 loc_loss:  1.080420684814453 reward_loss:  -54.021034240722656
epoch:  12 batch:  80 region_loss:  10.0 10.0 loc_loss:  1.165429916381836 reward_loss:  -58.27150344848633
epoch:  12 batch:  90 region_loss:  6.0 6.0 loc_loss:  0.7009626770019531 reward_loss:  -35.04813766479492
epoch:  12 batch:  100 region_loss:  8.0 8.0 loc_loss:  0.8520692443847656 reward_loss:  -42.603458404541016
epoch:  12 batch:  110 region_loss:  4.0 4.0 loc_loss:  0.494749755859375 reward_loss:  -24.737512588500977
epoch:  12 batch:  120 region_loss:  5.0 5.0 loc_loss:  0.5778276062011719 reward_loss:  -28.891380310058594
epoch:  12 batch:  130 region_loss:  7.0 7.0 loc_loss:  0.8183866882324219 reward_loss:  -40.91934585571289
acc@1:  0.13358419567262464
epoch: 12 region loss 0.17051094890510948 loc loss 0.9289395353219806 reward loss -46.44697281217923
epoch:  13 batch:  0 region_loss:  10.0 10.0 loc_loss:  1.0583389282226563 reward_loss:  -52.91694641113281
epoch:  13 batch:  10 region_loss:  10.0 10.0 loc_loss:  1.0845852661132813 reward_loss:  -54.22926712036133
epoch:  13 batch:  20 region_loss:  10.0 10.0 loc_loss:  0.9750584411621094 reward_loss:  -48.75291442871094
epoch:  13 batch:  30 region_loss:  10.0 10.0 loc_loss:  1.0282180786132813 reward_loss:  -51.410728454589844
epoch:  13 batch:  40 region_loss:  10.0 10.0 loc_loss:  1.099839553833008 reward_loss:  -54.991973876953125
epoch:  13 batch:  50 region_loss:  10.0 10.0 loc_loss:  1.0300878143310548 reward_loss:  -51.504390716552734
epoch:  13 batch:  60 region_loss:  10.0 10.0 loc_loss:  1.0909208679199218 reward_loss:  -54.54604721069336
epoch:  13 batch:  70 region_loss:  10.0 10.0 loc_loss:  1.0194173431396485 reward_loss:  -50.97086715698242
epoch:  13 batch:  80 region_loss:  10.0 10.0 loc_loss:  1.1110657501220702 reward_loss:  -55.55328369140625
epoch:  13 batch:  90 region_loss:  6.0 6.0 loc_loss:  0.6679920959472656 reward_loss:  -33.39960479736328
epoch:  13 batch:  100 region_loss:  8.0 8.0 loc_loss:  0.8039932250976562 reward_loss:  -40.19966506958008
epoch:  13 batch:  110 region_loss:  4.0 4.0 loc_loss:  0.4721794891357422 reward_loss:  -23.608980178833008
epoch:  13 batch:  120 region_loss:  5.0 5.0 loc_loss:  0.5471802520751953 reward_loss:  -27.359012603759766
epoch:  13 batch:  130 region_loss:  7.0 7.0 loc_loss:  0.7788486480712891 reward_loss:  -38.942440032958984
acc@1:  0.13781749764816556
epoch: 13 region loss 0.17051094890510948 loc loss 0.8788856598234525 reward loss -43.944280652234156
epoch:  14 batch:  0 region_loss:  10.0 10.0 loc_loss:  0.9952440643310547 reward_loss:  -49.762203216552734
epoch:  14 batch:  10 region_loss:  10.0 10.0 loc_loss:  1.0248123168945313 reward_loss:  -51.24062728881836
epoch:  14 batch:  20 region_loss:  10.0 10.0 loc_loss:  0.9181043243408203 reward_loss:  -45.9052734375
epoch:  14 batch:  30 region_loss:  10.0 10.0 loc_loss:  0.9661576843261719 reward_loss:  -48.30788040161133
epoch:  14 batch:  40 region_loss:  10.0 10.0 loc_loss:  1.0526889038085938 reward_loss:  -52.63444900512695
epoch:  14 batch:  50 region_loss:  10.0 10.0 loc_loss:  0.9654437255859375 reward_loss:  -48.27219009399414
epoch:  14 batch:  60 region_loss:  10.0 10.0 loc_loss:  1.0354438018798828 reward_loss:  -51.772220611572266
epoch:  14 batch:  70 region_loss:  10.0 10.0 loc_loss:  0.9636302947998047 reward_loss:  -48.18151092529297
epoch:  14 batch:  80 region_loss:  10.0 10.0 loc_loss:  1.0589999389648437 reward_loss:  -52.949989318847656
epoch:  14 batch:  90 region_loss:  6.0 6.0 loc_loss:  0.6367296600341796 reward_loss:  -31.836483001708984
epoch:  14 batch:  100 region_loss:  8.0 8.0 loc_loss:  0.7598483276367187 reward_loss:  -37.99238967895508
epoch:  14 batch:  110 region_loss:  4.0 4.0 loc_loss:  0.45010875701904296 reward_loss:  -22.505430221557617
epoch:  14 batch:  120 region_loss:  5.0 5.0 loc_loss:  0.5180344772338867 reward_loss:  -25.90172576904297
epoch:  14 batch:  130 region_loss:  7.0 7.0 loc_loss:  0.7415931701660157 reward_loss:  -37.07965850830078
acc@1:  0.138758231420508
epoch: 14 region loss 0.17051094890510948 loc loss 0.8325007420560739 reward loss -41.62503383107429
epoch:  15 batch:  0 region_loss:  10.0 10.0 loc_loss:  0.937838134765625 reward_loss:  -46.89189147949219
epoch:  15 batch:  10 region_loss:  10.0 10.0 loc_loss:  0.9695979309082031 reward_loss:  -48.479896545410156
epoch:  15 batch:  20 region_loss:  10.0 10.0 loc_loss:  0.8669154357910156 reward_loss:  -43.34576416015625
epoch:  15 batch:  30 region_loss:  10.0 10.0 loc_loss:  0.9101350402832031 reward_loss:  -45.50675582885742
epoch:  15 batch:  40 region_loss:  10.0 10.0 loc_loss:  1.0086443328857422 reward_loss:  -50.43221664428711
epoch:  15 batch:  50 region_loss:  10.0 10.0 loc_loss:  0.9070145416259766 reward_loss:  -45.35072708129883
epoch:  15 batch:  60 region_loss:  10.0 10.0 loc_loss:  0.9829682922363281 reward_loss:  -49.14836883544922
epoch:  15 batch:  70 region_loss:  10.0 10.0 loc_loss:  0.9124854278564453 reward_loss:  -45.624271392822266
epoch:  15 batch:  80 region_loss:  10.0 10.0 loc_loss:  1.0096676635742188 reward_loss:  -50.48335266113281
epoch:  15 batch:  90 region_loss:  6.0 6.0 loc_loss:  0.6073600387573242 reward_loss:  -30.36800193786621
epoch:  15 batch:  100 region_loss:  8.0 8.0 loc_loss:  0.7195195007324219 reward_loss:  -35.97596740722656
epoch:  15 batch:  110 region_loss:  4.0 4.0 loc_loss:  0.42883853912353515 reward_loss:  -21.44192886352539
epoch:  15 batch:  120 region_loss:  5.0 5.0 loc_loss:  0.49045806884765625 reward_loss:  -24.522903442382812
epoch:  15 batch:  130 region_loss:  7.0 7.0 loc_loss:  0.7068524932861329 reward_loss:  -35.342628479003906
acc@1:  0.14205079962370648
epoch: 15 region loss 0.17051094890510948 loc loss 0.7897795224711842 reward loss -39.48897610963696
epoch:  16 batch:  0 region_loss:  10.0 10.0 loc_loss:  0.8858235168457032 reward_loss:  -44.29116439819336
epoch:  16 batch:  10 region_loss:  10.0 10.0 loc_loss:  0.9189433288574219 reward_loss:  -45.947166442871094
epoch:  16 batch:  20 region_loss:  10.0 10.0 loc_loss:  0.8212930297851563 reward_loss:  -41.06464767456055
epoch:  16 batch:  30 region_loss:  10.0 10.0 loc_loss:  0.8597897338867188 reward_loss:  -42.98946762084961
epoch:  16 batch:  40 region_loss:  10.0 10.0 loc_loss:  0.9677685546875 reward_loss:  -48.388427734375
epoch:  16 batch:  50 region_loss:  10.0 10.0 loc_loss:  0.8546269226074219 reward_loss:  -42.73134994506836
epoch:  16 batch:  60 region_loss:  10.0 10.0 loc_loss:  0.9335395050048828 reward_loss:  -46.67697525024414
epoch:  16 batch:  70 region_loss:  10.0 10.0 loc_loss:  0.8655799102783203 reward_loss:  -43.27899932861328
epoch:  16 batch:  80 region_loss:  10.0 10.0 loc_loss:  0.9632010650634766 reward_loss:  -48.16005325317383
epoch:  16 batch:  90 region_loss:  6.0 6.0 loc_loss:  0.5797043228149414 reward_loss:  -28.98521614074707
epoch:  16 batch:  100 region_loss:  8.0 8.0 loc_loss:  0.6827754211425782 reward_loss:  -34.138763427734375
epoch:  16 batch:  110 region_loss:  4.0 4.0 loc_loss:  0.4084090042114258 reward_loss:  -20.420452117919922
epoch:  16 batch:  120 region_loss:  5.0 5.0 loc_loss:  0.4643360137939453 reward_loss:  -23.216794967651367
epoch:  16 batch:  130 region_loss:  7.0 7.0 loc_loss:  0.6745429992675781 reward_loss:  -33.72714614868164
acc@1:  0.1415804327375353
epoch: 16 region loss 0.17051094890510948 loc loss 0.7505574241693873 reward loss -37.52787026175617
epoch:  17 batch:  0 region_loss:  10.0 10.0 loc_loss:  0.8386332702636718 reward_loss:  -41.931663513183594
epoch:  17 batch:  10 region_loss:  10.0 10.0 loc_loss:  0.8726220703125 reward_loss:  -43.631103515625
epoch:  17 batch:  20 region_loss:  10.0 10.0 loc_loss:  0.7804896545410156 reward_loss:  -39.02447509765625
epoch:  17 batch:  30 region_loss:  10.0 10.0 loc_loss:  0.8142794036865234 reward_loss:  -40.71400833129883
epoch:  17 batch:  40 region_loss:  10.0 10.0 loc_loss:  0.929910888671875 reward_loss:  -46.495548248291016
epoch:  17 batch:  50 region_loss:  10.0 10.0 loc_loss:  0.8076219940185547 reward_loss:  -40.381099700927734
epoch:  17 batch:  60 region_loss:  10.0 10.0 loc_loss:  0.8871768188476562 reward_loss:  -44.35884475708008
epoch:  17 batch:  70 region_loss:  10.0 10.0 loc_loss:  0.822552490234375 reward_loss:  -41.12762451171875
epoch:  17 batch:  80 region_loss:  10.0 10.0 loc_loss:  0.9193445587158203 reward_loss:  -45.96722412109375
epoch:  17 batch:  90 region_loss:  6.0 6.0 loc_loss:  0.553674201965332 reward_loss:  -27.683712005615234
epoch:  17 batch:  100 region_loss:  8.0 8.0 loc_loss:  0.6491261291503906 reward_loss:  -32.45630645751953
epoch:  17 batch:  110 region_loss:  4.0 4.0 loc_loss:  0.3889173126220703 reward_loss:  -19.445863723754883
epoch:  17 batch:  120 region_loss:  5.0 5.0 loc_loss:  0.4396653747558594 reward_loss:  -21.983266830444336
epoch:  17 batch:  130 region_loss:  7.0 7.0 loc_loss:  0.6445037078857422 reward_loss:  -32.225181579589844
acc@1:  0.14299153339604892
epoch: 17 region loss 0.17051094890510948 loc loss 0.7144927727915075 reward loss -35.72463832632469
epoch:  18 batch:  0 region_loss:  10.0 10.0 loc_loss:  0.7954867553710937 reward_loss:  -39.77434539794922
epoch:  18 batch:  10 region_loss:  10.0 10.0 loc_loss:  0.8301863098144531 reward_loss:  -41.50931167602539
epoch:  18 batch:  20 region_loss:  10.0 10.0 loc_loss:  0.7438079071044922 reward_loss:  -37.19038772583008
epoch:  18 batch:  30 region_loss:  10.0 10.0 loc_loss:  0.7729276275634765 reward_loss:  -38.64637756347656
epoch:  18 batch:  40 region_loss:  10.0 10.0 loc_loss:  0.8945327758789062 reward_loss:  -44.726646423339844
epoch:  18 batch:  50 region_loss:  10.0 10.0 loc_loss:  0.7653414154052735 reward_loss:  -38.267066955566406
epoch:  18 batch:  60 region_loss:  10.0 10.0 loc_loss:  0.843359375 reward_loss:  -42.16797637939453
epoch:  18 batch:  70 region_loss:  10.0 10.0 loc_loss:  0.7831083679199219 reward_loss:  -39.15541458129883
epoch:  18 batch:  80 region_loss:  10.0 10.0 loc_loss:  0.8781826782226563 reward_loss:  -43.90912628173828
epoch:  18 batch:  90 region_loss:  6.0 6.0 loc_loss:  0.5290401458740235 reward_loss:  -26.452007293701172
epoch:  18 batch:  100 region_loss:  8.0 8.0 loc_loss:  0.6180759811401367 reward_loss:  -30.903799057006836
epoch:  18 batch:  110 region_loss:  4.0 4.0 loc_loss:  0.3703687286376953 reward_loss:  -18.518436431884766
epoch:  18 batch:  120 region_loss:  5.0 5.0 loc_loss:  0.4163515853881836 reward_loss:  -20.817577362060547
epoch:  18 batch:  130 region_loss:  7.0 7.0 loc_loss:  0.6163441467285157 reward_loss:  -30.817203521728516
acc@1:  0.14063969896519285
epoch: 18 region loss 0.17051094890510948 loc loss 0.6812225944630421 reward loss -34.06112929156227
epoch:  19 batch:  0 region_loss:  10.0 10.0 loc_loss:  0.7556792449951172 reward_loss:  -37.78396224975586
epoch:  19 batch:  10 region_loss:  10.0 10.0 loc_loss:  0.7910441589355469 reward_loss:  -39.552207946777344
epoch:  19 batch:  20 region_loss:  10.0 10.0 loc_loss:  0.710345230102539 reward_loss:  -35.51725387573242
epoch:  19 batch:  30 region_loss:  10.0 10.0 loc_loss:  0.7350495910644531 reward_loss:  -36.75246810913086
epoch:  19 batch:  40 region_loss:  10.0 10.0 loc_loss:  0.8613314819335938 reward_loss:  -43.06658172607422
epoch:  19 batch:  50 region_loss:  10.0 10.0 loc_loss:  0.7269572448730469 reward_loss:  -36.347862243652344
epoch:  19 batch:  60 region_loss:  10.0 10.0 loc_loss:  0.8022988891601562 reward_loss:  -40.11494064331055
epoch:  19 batch:  70 region_loss:  10.0 10.0 loc_loss:  0.7466959381103515 reward_loss:  -37.33479309082031
epoch:  19 batch:  80 region_loss:  10.0 10.0 loc_loss:  0.839134521484375 reward_loss:  -41.956729888916016
epoch:  19 batch:  90 region_loss:  6.0 6.0 loc_loss:  0.5056536102294922 reward_loss:  -25.282682418823242
epoch:  19 batch:  100 region_loss:  8.0 8.0 loc_loss:  0.5890769958496094 reward_loss:  -29.453842163085938
epoch:  19 batch:  110 region_loss:  4.0 4.0 loc_loss:  0.3526406478881836 reward_loss:  -17.63203239440918
epoch:  19 batch:  120 region_loss:  5.0 5.0 loc_loss:  0.394331169128418 reward_loss:  -19.7165584564209
epoch:  19 batch:  130 region_loss:  7.0 7.0 loc_loss:  0.5897332000732421 reward_loss:  -29.486661911010742
acc@1:  0.14063969896519285
epoch: 19 region loss 0.17051094890510948 loc loss 0.6503369646002777 reward loss -32.51684809775248
epoch:  20 batch:  0 region_loss:  10.0 10.0 loc_loss:  0.7187328338623047 reward_loss:  -35.93659210205078
epoch:  20 batch:  10 region_loss:  10.0 10.0 loc_loss:  0.7548262786865234 reward_loss:  -37.74131393432617
epoch:  20 batch:  20 region_loss:  10.0 10.0 loc_loss:  0.6796331787109375 reward_loss:  -33.981651306152344
epoch:  20 batch:  30 region_loss:  10.0 10.0 loc_loss:  0.7000981140136718 reward_loss:  -35.004905700683594
epoch:  20 batch:  40 region_loss:  10.0 10.0 loc_loss:  0.8297470092773438 reward_loss:  -41.48735427856445
epoch:  20 batch:  50 region_loss:  10.0 10.0 loc_loss:  0.6918265533447265 reward_loss:  -34.59132766723633
epoch:  20 batch:  60 region_loss:  10.0 10.0 loc_loss:  0.7635218811035156 reward_loss:  -38.17609786987305
epoch:  20 batch:  70 region_loss:  10.0 10.0 loc_loss:  0.7129627990722657 reward_loss:  -35.648136138916016
epoch:  20 batch:  80 region_loss:  10.0 10.0 loc_loss:  0.8021065521240235 reward_loss:  -40.105323791503906
epoch:  20 batch:  90 region_loss:  6.0 6.0 loc_loss:  0.4833512878417969 reward_loss:  -24.167564392089844
epoch:  20 batch:  100 region_loss:  8.0 8.0 loc_loss:  0.561790657043457 reward_loss:  -28.08953094482422
epoch:  20 batch:  110 region_loss:  4.0 4.0 loc_loss:  0.33571342468261717 reward_loss:  -16.785667419433594
epoch:  20 batch:  120 region_loss:  5.0 5.0 loc_loss:  0.37348594665527346 reward_loss:  -18.67429542541504
epoch:  20 batch:  130 region_loss:  7.0 7.0 loc_loss:  0.5644822311401367 reward_loss:  -28.2241153717041
acc@1:  0.1415804327375353
epoch: 20 region loss 0.17051094890510948 loc loss 0.6215024562473714 reward loss -31.07512245039
epoch:  21 batch:  0 region_loss:  10.0 10.0 loc_loss:  0.6840940856933594 reward_loss:  -34.20470428466797
epoch:  21 batch:  10 region_loss:  10.0 10.0 loc_loss:  0.7210523986816406 reward_loss:  -36.05261993408203
epoch:  21 batch:  20 region_loss:  10.0 10.0 loc_loss:  0.6512460327148437 reward_loss:  -32.56230163574219
epoch:  21 batch:  30 region_loss:  10.0 10.0 loc_loss:  0.6675833129882812 reward_loss:  -33.37916946411133
epoch:  21 batch:  40 region_loss:  10.0 10.0 loc_loss:  0.7996793365478516 reward_loss:  -39.983970642089844
epoch:  21 batch:  50 region_loss:  10.0 10.0 loc_loss:  0.6594815826416016 reward_loss:  -32.97407913208008
epoch:  21 batch:  60 region_loss:  10.0 10.0 loc_loss:  0.7267997741699219 reward_loss:  -36.33998489379883
epoch:  21 batch:  70 region_loss:  10.0 10.0 loc_loss:  0.6814501953125 reward_loss:  -34.072505950927734
epoch:  21 batch:  80 region_loss:  10.0 10.0 loc_loss:  0.7667549896240234 reward_loss:  -38.33774948120117
epoch:  21 batch:  90 region_loss:  6.0 6.0 loc_loss:  0.46203357696533204 reward_loss:  -23.1016788482666
epoch:  21 batch:  100 region_loss:  8.0 8.0 loc_loss:  0.535867805480957 reward_loss:  -26.79338836669922
epoch:  21 batch:  110 region_loss:  4.0 4.0 loc_loss:  0.31944042205810547 reward_loss:  -15.972026824951172
epoch:  21 batch:  120 region_loss:  5.0 5.0 loc_loss:  0.35369464874267575 reward_loss:  -17.68473243713379
epoch:  21 batch:  130 region_loss:  7.0 7.0 loc_loss:  0.5403162384033203 reward_loss:  -27.01580810546875
acc@1:  0.13922859830667922
epoch: 21 region loss 0.17051094890510948 loc loss 0.5943935657417687 reward loss -29.719679212918248
epoch:  22 batch:  0 region_loss:  10.0 10.0 loc_loss:  0.651673583984375 reward_loss:  -32.583683013916016
epoch:  22 batch:  10 region_loss:  10.0 10.0 loc_loss:  0.6894351959228515 reward_loss:  -34.47175979614258
epoch:  22 batch:  20 region_loss:  10.0 10.0 loc_loss:  0.6248239517211914 reward_loss:  -31.241199493408203
epoch:  22 batch:  30 region_loss:  10.0 10.0 loc_loss:  0.6370994567871093 reward_loss:  -31.85497283935547
epoch:  22 batch:  40 region_loss:  10.0 10.0 loc_loss:  0.7707426452636719 reward_loss:  -38.53712844848633
epoch:  22 batch:  50 region_loss:  10.0 10.0 loc_loss:  0.6295586395263671 reward_loss:  -31.47793197631836
epoch:  22 batch:  60 region_loss:  10.0 10.0 loc_loss:  0.6921054077148437 reward_loss:  -34.60527420043945
epoch:  22 batch:  70 region_loss:  10.0 10.0 loc_loss:  0.6518171691894531 reward_loss:  -32.590858459472656
epoch:  22 batch:  80 region_loss:  10.0 10.0 loc_loss:  0.732867202758789 reward_loss:  -36.64335632324219
epoch:  22 batch:  90 region_loss:  6.0 6.0 loc_loss:  0.44158935546875 reward_loss:  -22.079469680786133
epoch:  22 batch:  100 region_loss:  8.0 8.0 loc_loss:  0.5111149978637696 reward_loss:  -25.555747985839844
epoch:  22 batch:  110 region_loss:  4.0 4.0 loc_loss:  0.3039084815979004 reward_loss:  -15.19542407989502
epoch:  22 batch:  120 region_loss:  5.0 5.0 loc_loss:  0.3349263000488281 reward_loss:  -16.746315002441406
epoch:  22 batch:  130 region_loss:  7.0 7.0 loc_loss:  0.5171298217773438 reward_loss:  -25.85649299621582
acc@1:  0.1396989651928504
epoch: 22 region loss 0.17051094890510948 loc loss 0.568780689517947 reward loss -28.43903453854749
epoch:  23 batch:  0 region_loss:  10.0 10.0 loc_loss:  0.6211001205444336 reward_loss:  -31.055002212524414
epoch:  23 batch:  10 region_loss:  10.0 10.0 loc_loss:  0.6596719360351563 reward_loss:  -32.98359298706055
epoch:  23 batch:  20 region_loss:  10.0 10.0 loc_loss:  0.6000439834594726 reward_loss:  -30.002195358276367
epoch:  23 batch:  30 region_loss:  10.0 10.0 loc_loss:  0.608287467956543 reward_loss:  -30.414371490478516
epoch:  23 batch:  40 region_loss:  10.0 10.0 loc_loss:  0.742698745727539 reward_loss:  -37.13493728637695
epoch:  23 batch:  50 region_loss:  10.0 10.0 loc_loss:  0.6016213607788086 reward_loss:  -30.081066131591797
epoch:  23 batch:  60 region_loss:  10.0 10.0 loc_loss:  0.6593022918701172 reward_loss:  -32.96511459350586
epoch:  23 batch:  70 region_loss:  10.0 10.0 loc_loss:  0.6239348983764649 reward_loss:  -31.196744918823242
epoch:  23 batch:  80 region_loss:  10.0 10.0 loc_loss:  0.7004432678222656 reward_loss:  -35.02216339111328
epoch:  23 batch:  90 region_loss:  6.0 6.0 loc_loss:  0.4219405746459961 reward_loss:  -21.097028732299805
epoch:  23 batch:  100 region_loss:  8.0 8.0 loc_loss:  0.48736419677734377 reward_loss:  -24.368209838867188
epoch:  23 batch:  110 region_loss:  4.0 4.0 loc_loss:  0.288929386138916 reward_loss:  -14.446468353271484
epoch:  23 batch:  120 region_loss:  5.0 5.0 loc_loss:  0.317115535736084 reward_loss:  -15.855775833129883
epoch:  23 batch:  130 region_loss:  7.0 7.0 loc_loss:  0.49488613128662107 reward_loss:  -24.744306564331055
acc@1:  0.13687676387582315
epoch: 23 region loss 0.17051094890510948 loc loss 0.5444531245823324 reward loss -27.222655985477196
epoch:  24 batch:  0 region_loss:  10.0 10.0 loc_loss:  0.5920689010620117 reward_loss:  -29.603445053100586
epoch:  24 batch:  10 region_loss:  10.0 10.0 loc_loss:  0.6314219665527344 reward_loss:  -31.57110023498535
epoch:  24 batch:  20 region_loss:  10.0 10.0 loc_loss:  0.5767755126953125 reward_loss:  -28.838775634765625
epoch:  24 batch:  30 region_loss:  10.0 10.0 loc_loss:  0.5810804748535157 reward_loss:  -29.05402374267578
epoch:  24 batch:  40 region_loss:  10.0 10.0 loc_loss:  0.7156018829345703 reward_loss:  -35.780094146728516
epoch:  24 batch:  50 region_loss:  10.0 10.0 loc_loss:  0.5753604888916015 reward_loss:  -28.76802635192871
epoch:  24 batch:  60 region_loss:  10.0 10.0 loc_loss:  0.6282322311401367 reward_loss:  -31.41160774230957
epoch:  24 batch:  70 region_loss:  10.0 10.0 loc_loss:  0.597563247680664 reward_loss:  -29.87816047668457
epoch:  24 batch:  80 region_loss:  10.0 10.0 loc_loss:  0.6692665863037109 reward_loss:  -33.46333312988281
epoch:  24 batch:  90 region_loss:  6.0 6.0 loc_loss:  0.40294910430908204 reward_loss:  -20.14745330810547
epoch:  24 batch:  100 region_loss:  8.0 8.0 loc_loss:  0.46456764221191404 reward_loss:  -23.228382110595703
epoch:  24 batch:  110 region_loss:  4.0 4.0 loc_loss:  0.2745198249816895 reward_loss:  -13.725992202758789
epoch:  24 batch:  120 region_loss:  5.0 5.0 loc_loss:  0.3001620483398437 reward_loss:  -15.008103370666504
epoch:  24 batch:  130 region_loss:  7.0 7.0 loc_loss:  0.4733442687988281 reward_loss:  -23.667217254638672
acc@1:  0.13405456255879586
epoch: 24 region loss 0.17051094890510948 loc loss 0.5212469588927109 reward loss -26.062347293770227
epoch:  25 batch:  0 region_loss:  10.0 10.0 loc_loss:  0.5644289779663086 reward_loss:  -28.22144889831543
epoch:  25 batch:  10 region_loss:  10.0 10.0 loc_loss:  0.6046327972412109 reward_loss:  -30.23163604736328
epoch:  25 batch:  20 region_loss:  10.0 10.0 loc_loss:  0.5546794891357422 reward_loss:  -27.733976364135742
epoch:  25 batch:  30 region_loss:  10.0 10.0 loc_loss:  0.5550020217895508 reward_loss:  -27.75010108947754
epoch:  25 batch:  40 region_loss:  10.0 10.0 loc_loss:  0.6892506408691407 reward_loss:  -34.46253204345703
epoch:  25 batch:  50 region_loss:  10.0 10.0 loc_loss:  0.5506786346435547 reward_loss:  -27.53392791748047
epoch:  25 batch:  60 region_loss:  10.0 10.0 loc_loss:  0.5986620330810547 reward_loss:  -29.93309783935547
epoch:  25 batch:  70 region_loss:  10.0 10.0 loc_loss:  0.5723313903808593 reward_loss:  -28.61656951904297
epoch:  25 batch:  80 region_loss:  10.0 10.0 loc_loss:  0.6392355346679688 reward_loss:  -31.961776733398438
epoch:  25 batch:  90 region_loss:  6.0 6.0 loc_loss:  0.3846224594116211 reward_loss:  -19.23111915588379
epoch:  25 batch:  100 region_loss:  8.0 8.0 loc_loss:  0.44272872924804685 reward_loss:  -22.136438369750977
epoch:  25 batch:  110 region_loss:  4.0 4.0 loc_loss:  0.2606223678588867 reward_loss:  -13.03111743927002
epoch:  25 batch:  120 region_loss:  5.0 5.0 loc_loss:  0.2840412521362305 reward_loss:  -14.202061653137207
epoch:  25 batch:  130 region_loss:  7.0 7.0 loc_loss:  0.4525886535644531 reward_loss:  -22.62943458557129
acc@1:  0.13123236124176857
epoch: 25 region loss 0.17051094890510948 loc loss 0.49902264149519654 reward loss -24.951131305555357
epoch:  26 batch:  0 region_loss:  10.0 10.0 loc_loss:  0.5380264282226562 reward_loss:  -26.90131950378418
epoch:  26 batch:  10 region_loss:  10.0 10.0 loc_loss:  0.5790423583984375 reward_loss:  -28.952116012573242
epoch:  26 batch:  20 region_loss:  10.0 10.0 loc_loss:  0.5336473083496094 reward_loss:  -26.682361602783203
epoch:  26 batch:  30 region_loss:  10.0 10.0 loc_loss:  0.5301221466064453 reward_loss:  -26.5061092376709
epoch:  26 batch:  40 region_loss:  10.0 10.0 loc_loss:  0.6633987426757812 reward_loss:  -33.16993713378906
epoch:  26 batch:  50 region_loss:  10.0 10.0 loc_loss:  0.5271786499023438 reward_loss:  -26.358930587768555
epoch:  26 batch:  60 region_loss:  10.0 10.0 loc_loss:  0.5705474472045898 reward_loss:  -28.527366638183594
epoch:  26 batch:  70 region_loss:  10.0 10.0 loc_loss:  0.5483061599731446 reward_loss:  -27.415302276611328
epoch:  26 batch:  80 region_loss:  10.0 10.0 loc_loss:  0.6101691818237305 reward_loss:  -30.50845718383789
epoch:  26 batch:  90 region_loss:  6.0 6.0 loc_loss:  0.3668973922729492 reward_loss:  -18.34486961364746
epoch:  26 batch:  100 region_loss:  8.0 8.0 loc_loss:  0.4216947555541992 reward_loss:  -21.08473777770996
epoch:  26 batch:  110 region_loss:  4.0 4.0 loc_loss:  0.24719554901123048 reward_loss:  -12.35977554321289
epoch:  26 batch:  120 region_loss:  5.0 5.0 loc_loss:  0.26875198364257813 reward_loss:  -13.437597274780273
epoch:  26 batch:  130 region_loss:  7.0 7.0 loc_loss:  0.4323643493652344 reward_loss:  -21.618215560913086
acc@1:  0.12935089369708372
epoch: 26 region loss 0.17051094890510948 loc loss 0.47766891340269657 reward loss -23.8834450297112
epoch:  27 batch:  0 region_loss:  10.0 10.0 loc_loss:  0.5127127075195312 reward_loss:  -25.635635375976562
epoch:  27 batch:  10 region_loss:  10.0 10.0 loc_loss:  0.5544316101074219 reward_loss:  -27.721580505371094
epoch:  27 batch:  20 region_loss:  10.0 10.0 loc_loss:  0.5134954452514648 reward_loss:  -25.67477035522461
epoch:  27 batch:  30 region_loss:  10.0 10.0 loc_loss:  0.5062837982177735 reward_loss:  -25.314193725585938
epoch:  27 batch:  40 region_loss:  10.0 10.0 loc_loss:  0.6382812118530273 reward_loss:  -31.914060592651367
epoch:  27 batch:  50 region_loss:  10.0 10.0 loc_loss:  0.504748878479004 reward_loss:  -25.237443923950195
epoch:  27 batch:  60 region_loss:  10.0 10.0 loc_loss:  0.5437311172485352 reward_loss:  -27.186555862426758
epoch:  27 batch:  70 region_loss:  10.0 10.0 loc_loss:  0.5252534484863282 reward_loss:  -26.262676239013672
epoch:  27 batch:  80 region_loss:  10.0 10.0 loc_loss:  0.5819658660888671 reward_loss:  -29.098295211791992
epoch:  27 batch:  90 region_loss:  6.0 6.0 loc_loss:  0.3497538757324219 reward_loss:  -17.48769187927246
epoch:  27 batch:  100 region_loss:  8.0 8.0 loc_loss:  0.40138458251953124 reward_loss:  -20.069231033325195
epoch:  27 batch:  110 region_loss:  4.0 4.0 loc_loss:  0.23430072784423828 reward_loss:  -11.715034484863281
epoch:  27 batch:  120 region_loss:  5.0 5.0 loc_loss:  0.25415319442749024 reward_loss:  -12.707659721374512
epoch:  27 batch:  130 region_loss:  7.0 7.0 loc_loss:  0.4126535415649414 reward_loss:  -20.63267707824707
acc@1:  0.13029162746942616
epoch: 27 region loss 0.17051094890510948 loc loss 0.45708789407771866 reward loss -22.854394909239165
epoch:  28 batch:  0 region_loss:  10.0 10.0 loc_loss:  0.4884010314941406 reward_loss:  -24.42005157470703
epoch:  28 batch:  10 region_loss:  10.0 10.0 loc_loss:  0.5307707977294922 reward_loss:  -26.53853988647461
epoch:  28 batch:  20 region_loss:  10.0 10.0 loc_loss:  0.49414913177490233 reward_loss:  -24.707456588745117
epoch:  28 batch:  30 region_loss:  10.0 10.0 loc_loss:  0.48314517974853516 reward_loss:  -24.157257080078125
epoch:  28 batch:  40 region_loss:  10.0 10.0 loc_loss:  0.6136176300048828 reward_loss:  -30.68088150024414
epoch:  28 batch:  50 region_loss:  10.0 10.0 loc_loss:  0.4831398391723633 reward_loss:  -24.156993865966797
epoch:  28 batch:  60 region_loss:  10.0 10.0 loc_loss:  0.5179781723022461 reward_loss:  -25.898906707763672
epoch:  28 batch:  70 region_loss:  10.0 10.0 loc_loss:  0.5030203247070313 reward_loss:  -25.15101432800293
epoch:  28 batch:  80 region_loss:  10.0 10.0 loc_loss:  0.5547463989257813 reward_loss:  -27.737319946289062
epoch:  28 batch:  90 region_loss:  6.0 6.0 loc_loss:  0.33304576873779296 reward_loss:  -16.65228843688965
epoch:  28 batch:  100 region_loss:  8.0 8.0 loc_loss:  0.3818423080444336 reward_loss:  -19.09211540222168
epoch:  28 batch:  110 region_loss:  4.0 4.0 loc_loss:  0.22176692962646485 reward_loss:  -11.088346481323242
epoch:  28 batch:  120 region_loss:  5.0 5.0 loc_loss:  0.24021347045898436 reward_loss:  -12.010674476623535
epoch:  28 batch:  130 region_loss:  7.0 7.0 loc_loss:  0.39352874755859374 reward_loss:  -19.676437377929688
acc@1:  0.1279397930385701
epoch: 28 region loss 0.17051094890510948 loc loss 0.43720696532813297 reward loss -21.860347831336252
epoch:  29 batch:  0 region_loss:  10.0 10.0 loc_loss:  0.46505714416503907 reward_loss:  -23.25285530090332
epoch:  29 batch:  10 region_loss:  10.0 10.0 loc_loss:  0.5078974914550781 reward_loss:  -25.394872665405273
epoch:  29 batch:  20 region_loss:  10.0 10.0 loc_loss:  0.4754128265380859 reward_loss:  -23.770639419555664
epoch:  29 batch:  30 region_loss:  10.0 10.0 loc_loss:  0.46096710205078123 reward_loss:  -23.048355102539062
epoch:  29 batch:  40 region_loss:  10.0 10.0 loc_loss:  0.5894257736206054 reward_loss:  -29.47128677368164
epoch:  29 batch:  50 region_loss:  10.0 10.0 loc_loss:  0.46237663269042967 reward_loss:  -23.118831634521484
epoch:  29 batch:  60 region_loss:  10.0 10.0 loc_loss:  0.49330394744873046 reward_loss:  -24.665193557739258
epoch:  29 batch:  70 region_loss:  10.0 10.0 loc_loss:  0.4816098403930664 reward_loss:  -24.08049201965332
epoch:  29 batch:  80 region_loss:  10.0 10.0 loc_loss:  0.5281869888305664 reward_loss:  -26.409347534179688
epoch:  29 batch:  90 region_loss:  6.0 6.0 loc_loss:  0.3168938446044922 reward_loss:  -15.84469223022461
epoch:  29 batch:  100 region_loss:  8.0 8.0 loc_loss:  0.36300785064697266 reward_loss:  -18.150394439697266
epoch:  29 batch:  110 region_loss:  4.0 4.0 loc_loss:  0.20975730895996095 reward_loss:  -10.487863540649414
epoch:  29 batch:  120 region_loss:  5.0 5.0 loc_loss:  0.22692211151123046 reward_loss:  -11.346105575561523
epoch:  29 batch:  130 region_loss:  7.0 7.0 loc_loss:  0.3749200439453125 reward_loss:  -18.746004104614258
acc@1:  0.12558795860771402
epoch: 29 region loss 0.17051094890510948 loc loss 0.4179564494808225 reward loss -20.897822562795486
epoch:  30 batch:  0 region_loss:  10.0 10.0 loc_loss:  0.44251773834228514 reward_loss:  -22.125885009765625
epoch:  30 batch:  10 region_loss:  10.0 10.0 loc_loss:  0.4856113433837891 reward_loss:  -24.280567169189453
epoch:  30 batch:  20 region_loss:  10.0 10.0 loc_loss:  0.4572665405273437 reward_loss:  -22.86332893371582
epoch:  30 batch:  30 region_loss:  10.0 10.0 loc_loss:  0.4395109558105469 reward_loss:  -21.975547790527344
epoch:  30 batch:  40 region_loss:  10.0 10.0 loc_loss:  0.5657130432128906 reward_loss:  -28.28565216064453
epoch:  30 batch:  50 region_loss:  10.0 10.0 loc_loss:  0.4423212432861328 reward_loss:  -22.11606216430664
epoch:  30 batch:  60 region_loss:  10.0 10.0 loc_loss:  0.4695600891113281 reward_loss:  -23.47800636291504
epoch:  30 batch:  70 region_loss:  10.0 10.0 loc_loss:  0.46086315155029295 reward_loss:  -23.04315757751465
epoch:  30 batch:  80 region_loss:  10.0 10.0 loc_loss:  0.5024351501464843 reward_loss:  -25.121753692626953
epoch:  30 batch:  90 region_loss:  6.0 6.0 loc_loss:  0.3011058807373047 reward_loss:  -15.055295944213867
epoch:  30 batch:  100 region_loss:  8.0 8.0 loc_loss:  0.344808464050293 reward_loss:  -17.24042320251465
epoch:  30 batch:  110 region_loss:  4.0 4.0 loc_loss:  0.19803394317626954 reward_loss:  -9.901697158813477
epoch:  30 batch:  120 region_loss:  5.0 5.0 loc_loss:  0.21412527084350585 reward_loss:  -10.706262588500977
epoch:  30 batch:  130 region_loss:  7.0 7.0 loc_loss:  0.3567909622192383 reward_loss:  -17.839550018310547
acc@1:  0.12464722483537159
epoch: 30 region loss 0.17051094890510948 loc loss 0.39929659411854984 reward loss -19.96482923605146
epoch:  31 batch:  0 region_loss:  10.0 10.0 loc_loss:  0.42066280364990233 reward_loss:  -21.033138275146484
epoch:  31 batch:  10 region_loss:  10.0 10.0 loc_loss:  0.46411785125732424 reward_loss:  -23.20589256286621
epoch:  31 batch:  20 region_loss:  10.0 10.0 loc_loss:  0.4397196578979492 reward_loss:  -21.98598289489746
epoch:  31 batch:  30 region_loss:  10.0 10.0 loc_loss:  0.41871162414550783 reward_loss:  -20.93558120727539
epoch:  31 batch:  40 region_loss:  10.0 10.0 loc_loss:  0.5425070190429687 reward_loss:  -27.125350952148438
epoch:  31 batch:  50 region_loss:  10.0 10.0 loc_loss:  0.42281867980957033 reward_loss:  -21.140932083129883
epoch:  31 batch:  60 region_loss:  10.0 10.0 loc_loss:  0.44650997161865236 reward_loss:  -22.325498580932617
epoch:  31 batch:  70 region_loss:  10.0 10.0 loc_loss:  0.44069293975830076 reward_loss:  -22.034648895263672
epoch:  31 batch:  80 region_loss:  10.0 10.0 loc_loss:  0.4774103927612305 reward_loss:  -23.870519638061523
epoch:  31 batch:  90 region_loss:  6.0 6.0 loc_loss:  0.28580753326416014 reward_loss:  -14.290376663208008
epoch:  31 batch:  100 region_loss:  8.0 8.0 loc_loss:  0.32727306365966796 reward_loss:  -16.36365509033203
epoch:  31 batch:  110 region_loss:  4.0 4.0 loc_loss:  0.18678661346435546 reward_loss:  -9.33933162689209
epoch:  31 batch:  120 region_loss:  5.0 5.0 loc_loss:  0.20190662384033203 reward_loss:  -10.095332145690918
epoch:  31 batch:  130 region_loss:  7.0 7.0 loc_loss:  0.3390879821777344 reward_loss:  -16.95439910888672
acc@1:  0.12229539040451552
epoch: 31 region loss 0.17051094890510948 loc loss 0.3811985603040152 reward loss -19.059927635819374
epoch:  32 batch:  0 region_loss:  10.0 10.0 loc_loss:  0.3995805358886719 reward_loss:  -19.979026794433594
epoch:  32 batch:  10 region_loss:  10.0 10.0 loc_loss:  0.44314357757568357 reward_loss:  -22.157175064086914
epoch:  32 batch:  20 region_loss:  10.0 10.0 loc_loss:  0.4226274108886719 reward_loss:  -21.131370544433594
epoch:  32 batch:  30 region_loss:  10.0 10.0 loc_loss:  0.39858303070068357 reward_loss:  -19.92915153503418
epoch:  32 batch:  40 region_loss:  10.0 10.0 loc_loss:  0.5197077941894531 reward_loss:  -25.985387802124023
epoch:  32 batch:  50 region_loss:  10.0 10.0 loc_loss:  0.4038225173950195 reward_loss:  -20.191123962402344
epoch:  32 batch:  60 region_loss:  10.0 10.0 loc_loss:  0.42438411712646484 reward_loss:  -21.219205856323242
epoch:  32 batch:  70 region_loss:  10.0 10.0 loc_loss:  0.4211236572265625 reward_loss:  -21.056182861328125
epoch:  32 batch:  80 region_loss:  10.0 10.0 loc_loss:  0.45312641143798826 reward_loss:  -22.65632438659668
epoch:  32 batch:  90 region_loss:  6.0 6.0 loc_loss:  0.2708922576904297 reward_loss:  -13.544610977172852
epoch:  32 batch:  100 region_loss:  8.0 8.0 loc_loss:  0.310445613861084 reward_loss:  -15.5222806930542
epoch:  32 batch:  110 region_loss:  4.0 4.0 loc_loss:  0.17595695495605468 reward_loss:  -8.797845840454102
epoch:  32 batch:  120 region_loss:  5.0 5.0 loc_loss:  0.19011337280273438 reward_loss:  -9.505668640136719
epoch:  32 batch:  130 region_loss:  7.0 7.0 loc_loss:  0.32187278747558595 reward_loss:  -16.093637466430664
acc@1:  0.12088428974600188
epoch: 32 region loss 0.17051094890510948 loc loss 0.363673980845152 reward loss -18.183699209324637
epoch:  33 batch:  0 region_loss:  10.0 10.0 loc_loss:  0.37925846099853516 reward_loss:  -18.962923049926758
epoch:  33 batch:  10 region_loss:  10.0 10.0 loc_loss:  0.42284015655517576 reward_loss:  -21.14200782775879
epoch:  33 batch:  20 region_loss:  10.0 10.0 loc_loss:  0.40614986419677734 reward_loss:  -20.307491302490234
epoch:  33 batch:  30 region_loss:  10.0 10.0 loc_loss:  0.3791842269897461 reward_loss:  -18.959209442138672
epoch:  33 batch:  40 region_loss:  10.0 10.0 loc_loss:  0.4974173355102539 reward_loss:  -24.870868682861328
epoch:  33 batch:  50 region_loss:  10.0 10.0 loc_loss:  0.3853942108154297 reward_loss:  -19.269710540771484
epoch:  33 batch:  60 region_loss:  10.0 10.0 loc_loss:  0.40290599822998047 reward_loss:  -20.14529800415039
epoch:  33 batch:  70 region_loss:  10.0 10.0 loc_loss:  0.40203052520751953 reward_loss:  -20.101524353027344
epoch:  33 batch:  80 region_loss:  10.0 10.0 loc_loss:  0.42933399200439454 reward_loss:  -21.46670150756836
epoch:  33 batch:  90 region_loss:  6.0 6.0 loc_loss:  0.25655101776123046 reward_loss:  -12.82755184173584
epoch:  33 batch:  100 region_loss:  8.0 8.0 loc_loss:  0.294185676574707 reward_loss:  -14.709283828735352
epoch:  33 batch:  110 region_loss:  4.0 4.0 loc_loss:  0.1654825782775879 reward_loss:  -8.274127960205078
epoch:  33 batch:  120 region_loss:  5.0 5.0 loc_loss:  0.17878368377685547 reward_loss:  -8.939184188842773
epoch:  33 batch:  130 region_loss:  7.0 7.0 loc_loss:  0.3051034164428711 reward_loss:  -15.255171775817871
acc@1:  0.1180620884289746
epoch: 33 region loss 0.17051094890510948 loc loss 0.34671331461328664 reward loss -17.335665389569137
epoch:  34 batch:  0 region_loss:  10.0 10.0 loc_loss:  0.3595500183105469 reward_loss:  -17.977500915527344
epoch:  34 batch:  10 region_loss:  10.0 10.0 loc_loss:  0.4030040740966797 reward_loss:  -20.150203704833984
epoch:  34 batch:  20 region_loss:  10.0 10.0 loc_loss:  0.39007034301757815 reward_loss:  -19.503517150878906
epoch:  34 batch:  30 region_loss:  10.0 10.0 loc_loss:  0.36023670196533203 reward_loss:  -18.01183319091797
epoch:  34 batch:  40 region_loss:  10.0 10.0 loc_loss:  0.47550952911376954 reward_loss:  -23.775476455688477
epoch:  34 batch:  50 region_loss:  10.0 10.0 loc_loss:  0.3675919723510742 reward_loss:  -18.37959861755371
epoch:  34 batch:  60 region_loss:  10.0 10.0 loc_loss:  0.382265625 reward_loss:  -19.11328125
epoch:  34 batch:  70 region_loss:  10.0 10.0 loc_loss:  0.3834279632568359 reward_loss:  -19.171398162841797
epoch:  34 batch:  80 region_loss:  10.0 10.0 loc_loss:  0.4066273498535156 reward_loss:  -20.331371307373047
epoch:  34 batch:  90 region_loss:  6.0 6.0 loc_loss:  0.2423749351501465 reward_loss:  -12.118746757507324
epoch:  34 batch:  100 region_loss:  8.0 8.0 loc_loss:  0.2785168647766113 reward_loss:  -13.925844192504883
epoch:  34 batch:  110 region_loss:  4.0 4.0 loc_loss:  0.1555306816101074 reward_loss:  -7.776534080505371
epoch:  34 batch:  120 region_loss:  5.0 5.0 loc_loss:  0.16801591873168945 reward_loss:  -8.400796890258789
epoch:  34 batch:  130 region_loss:  7.0 7.0 loc_loss:  0.2889106369018555 reward_loss:  -14.445531845092773
acc@1:  0.11759172154280338
epoch: 34 region loss 0.17051094890510948 loc loss 0.3301235845663252 reward loss -16.506178855895996
epoch:  35 batch:  0 region_loss:  10.0 10.0 loc_loss:  0.34044536590576174 reward_loss:  -17.022268295288086
epoch:  35 batch:  10 region_loss:  10.0 10.0 loc_loss:  0.38379104614257814 reward_loss:  -19.189552307128906
epoch:  35 batch:  20 region_loss:  10.0 10.0 loc_loss:  0.3745319366455078 reward_loss:  -18.726598739624023
epoch:  35 batch:  30 region_loss:  10.0 10.0 loc_loss:  0.341998291015625 reward_loss:  -17.099916458129883
epoch:  35 batch:  40 region_loss:  10.0 10.0 loc_loss:  0.45398067474365233 reward_loss:  -22.69903564453125
epoch:  35 batch:  50 region_loss:  10.0 10.0 loc_loss:  0.35005874633789064 reward_loss:  -17.50293731689453
epoch:  35 batch:  60 region_loss:  10.0 10.0 loc_loss:  0.3621451950073242 reward_loss:  -18.107255935668945
epoch:  35 batch:  70 region_loss:  10.0 10.0 loc_loss:  0.3655376434326172 reward_loss:  -18.27688217163086
epoch:  35 batch:  80 region_loss:  10.0 10.0 loc_loss:  0.38414337158203127 reward_loss:  -19.207168579101562
epoch:  35 batch:  90 region_loss:  6.0 6.0 loc_loss:  0.22885656356811523 reward_loss:  -11.442827224731445
epoch:  35 batch:  100 region_loss:  8.0 8.0 loc_loss:  0.26350765228271483 reward_loss:  -13.175387382507324
epoch:  35 batch:  110 region_loss:  4.0 4.0 loc_loss:  0.14587712287902832 reward_loss:  -7.293856143951416
epoch:  35 batch:  120 region_loss:  5.0 5.0 loc_loss:  0.1576287841796875 reward_loss:  -7.881439208984375
epoch:  35 batch:  130 region_loss:  7.0 7.0 loc_loss:  0.27307472229003904 reward_loss:  -13.653736114501953
acc@1:  0.11523988711194733
epoch: 35 region loss 0.17051094890510948 loc loss 0.3140831500074289 reward loss -15.704158611541247
epoch:  36 batch:  0 region_loss:  10.0 10.0 loc_loss:  0.32204017639160154 reward_loss:  -16.102008819580078
epoch:  36 batch:  10 region_loss:  10.0 10.0 loc_loss:  0.3650301742553711 reward_loss:  -18.251506805419922
epoch:  36 batch:  20 region_loss:  10.0 10.0 loc_loss:  0.3597842788696289 reward_loss:  -17.989213943481445
epoch:  36 batch:  30 region_loss:  10.0 10.0 loc_loss:  0.3242578125 reward_loss:  -16.212890625
epoch:  36 batch:  40 region_loss:  10.0 10.0 loc_loss:  0.43325042724609375 reward_loss:  -21.66252326965332
epoch:  36 batch:  50 region_loss:  10.0 10.0 loc_loss:  0.3334475326538086 reward_loss:  -16.67237663269043
epoch:  36 batch:  60 region_loss:  10.0 10.0 loc_loss:  0.34303482055664064 reward_loss:  -17.15174102783203
epoch:  36 batch:  70 region_loss:  10.0 10.0 loc_loss:  0.34794174194335936 reward_loss:  -17.39708709716797
epoch:  36 batch:  80 region_loss:  10.0 10.0 loc_loss:  0.36284282684326175 reward_loss:  -18.142139434814453
epoch:  36 batch:  90 region_loss:  6.0 6.0 loc_loss:  0.21567523956298829 reward_loss:  -10.783761978149414
epoch:  36 batch:  100 region_loss:  8.0 8.0 loc_loss:  0.2490228843688965 reward_loss:  -12.451144218444824
epoch:  36 batch:  110 region_loss:  4.0 4.0 loc_loss:  0.13680688858032228 reward_loss:  -6.840344429016113
epoch:  36 batch:  120 region_loss:  5.0 5.0 loc_loss:  0.147645788192749 reward_loss:  -7.382289409637451
epoch:  36 batch:  130 region_loss:  7.0 7.0 loc_loss:  0.2579244804382324 reward_loss:  -12.896224975585938
acc@1:  0.11523988711194733
epoch: 36 region loss 0.17051094890510948 loc loss 0.29866047678202606 reward loss -14.933023799074828
epoch:  37 batch:  0 region_loss:  10.0 10.0 loc_loss:  0.30426172256469725 reward_loss:  -15.21308708190918
epoch:  37 batch:  10 region_loss:  10.0 10.0 loc_loss:  0.3468454360961914 reward_loss:  -17.34227180480957
epoch:  37 batch:  20 region_loss:  10.0 10.0 loc_loss:  0.34576423645019533 reward_loss:  -17.288209915161133
epoch:  37 batch:  30 region_loss:  10.0 10.0 loc_loss:  0.3071650695800781 reward_loss:  -15.358253479003906
epoch:  37 batch:  40 region_loss:  10.0 10.0 loc_loss:  0.41266311645507814 reward_loss:  -20.63315773010254
epoch:  37 batch:  50 region_loss:  10.0 10.0 loc_loss:  0.3166980361938477 reward_loss:  -15.834900856018066
epoch:  37 batch:  60 region_loss:  10.0 10.0 loc_loss:  0.32417388916015627 reward_loss:  -16.208696365356445
epoch:  37 batch:  70 region_loss:  10.0 10.0 loc_loss:  0.3309706497192383 reward_loss:  -16.548532485961914
epoch:  37 batch:  80 region_loss:  10.0 10.0 loc_loss:  0.3416455841064453 reward_loss:  -17.082279205322266
epoch:  37 batch:  90 region_loss:  6.0 6.0 loc_loss:  0.20293859481811524 reward_loss:  -10.146929740905762
epoch:  37 batch:  100 region_loss:  8.0 8.0 loc_loss:  0.23530561447143555 reward_loss:  -11.765280723571777
epoch:  37 batch:  110 region_loss:  4.0 4.0 loc_loss:  0.12801581382751465 reward_loss:  -6.400791645050049
epoch:  37 batch:  120 region_loss:  5.0 5.0 loc_loss:  0.13819439888000487 reward_loss:  -6.909720420837402
epoch:  37 batch:  130 region_loss:  7.0 7.0 loc_loss:  0.24290864944458007 reward_loss:  -12.14543342590332
acc@1:  0.11288805268109126
epoch: 37 region loss 0.17051094890510948 loc loss 0.2836298577454838 reward loss -14.181492467866327
epoch:  38 batch:  0 region_loss:  10.0 10.0 loc_loss:  0.28730709075927735 reward_loss:  -14.365354537963867
epoch:  38 batch:  10 region_loss:  10.0 10.0 loc_loss:  0.3292656326293945 reward_loss:  -16.46328353881836
epoch:  38 batch:  20 region_loss:  10.0 10.0 loc_loss:  0.333603630065918 reward_loss:  -16.680179595947266
epoch:  38 batch:  30 region_loss:  10.0 10.0 loc_loss:  0.290594310760498 reward_loss:  -14.529715538024902
epoch:  38 batch:  40 region_loss:  10.0 10.0 loc_loss:  0.39292564392089846 reward_loss:  -19.646282196044922
epoch:  38 batch:  50 region_loss:  10.0 10.0 loc_loss:  0.30126205444335935 reward_loss:  -15.063102722167969
epoch:  38 batch:  60 region_loss:  10.0 10.0 loc_loss:  0.30638675689697265 reward_loss:  -15.319339752197266
epoch:  38 batch:  70 region_loss:  10.0 10.0 loc_loss:  0.3146789360046387 reward_loss:  -15.733946800231934
epoch:  38 batch:  80 region_loss:  10.0 10.0 loc_loss:  0.3217441177368164 reward_loss:  -16.087203979492188
epoch:  38 batch:  90 region_loss:  6.0 6.0 loc_loss:  0.1908528709411621 reward_loss:  -9.542643547058105
epoch:  38 batch:  100 region_loss:  8.0 8.0 loc_loss:  0.22192415237426757 reward_loss:  -11.096207618713379
epoch:  38 batch:  110 region_loss:  4.0 4.0 loc_loss:  0.11977630615234375 reward_loss:  -5.988814353942871
epoch:  38 batch:  120 region_loss:  5.0 5.0 loc_loss:  0.12920088768005372 reward_loss:  -6.460043907165527
epoch:  38 batch:  130 region_loss:  7.0 7.0 loc_loss:  0.22894805908203125 reward_loss:  -11.447402954101562
acc@1:  0.11523988711194733
epoch: 38 region loss 0.17051094890510948 loc loss 0.26919758224139245 reward loss -13.459879247811589
epoch:  39 batch:  0 region_loss:  10.0 10.0 loc_loss:  0.2707706069946289 reward_loss:  -13.538530349731445
epoch:  39 batch:  10 region_loss:  10.0 10.0 loc_loss:  0.3121913719177246 reward_loss:  -15.609567642211914
epoch:  39 batch:  20 region_loss:  10.0 10.0 loc_loss:  0.32076183319091794 reward_loss:  -16.0380916595459
epoch:  39 batch:  30 region_loss:  10.0 10.0 loc_loss:  0.2745925331115723 reward_loss:  -13.729628562927246
epoch:  39 batch:  40 region_loss:  10.0 10.0 loc_loss:  0.3734408187866211 reward_loss:  -18.672040939331055
epoch:  39 batch:  50 region_loss:  10.0 10.0 loc_loss:  0.2857406806945801 reward_loss:  -14.287032127380371
epoch:  39 batch:  60 region_loss:  10.0 10.0 loc_loss:  0.2888278770446777 reward_loss:  -14.441391944885254
epoch:  39 batch:  70 region_loss:  10.0 10.0 loc_loss:  0.2982973289489746 reward_loss:  -14.914867401123047
epoch:  39 batch:  80 region_loss:  10.0 10.0 loc_loss:  0.30212003707885743 reward_loss:  -15.106001853942871
epoch:  39 batch:  90 region_loss:  6.0 6.0 loc_loss:  0.17898738861083985 reward_loss:  -8.949369430541992
epoch:  39 batch:  100 region_loss:  8.0 8.0 loc_loss:  0.20951131820678712 reward_loss:  -10.475566864013672
epoch:  39 batch:  110 region_loss:  4.0 4.0 loc_loss:  0.11174697875976562 reward_loss:  -5.587348461151123
epoch:  39 batch:  120 region_loss:  5.0 5.0 loc_loss:  0.12064308166503906 reward_loss:  -6.032154083251953
epoch:  39 batch:  130 region_loss:  7.0 7.0 loc_loss:  0.21488473892211915 reward_loss:  -10.744236946105957
acc@1:  0.11571025399811853
epoch: 39 region loss 0.17051094890510948 loc loss 0.25509985955092157 reward loss -12.754992668646095
epoch:  40 batch:  0 region_loss:  10.0 10.0 loc_loss:  0.2551177215576172 reward_loss:  -12.755888938903809
epoch:  40 batch:  10 region_loss:  10.0 10.0 loc_loss:  0.2956278419494629 reward_loss:  -14.781394004821777
epoch:  40 batch:  20 region_loss:  10.0 10.0 loc_loss:  0.30939369201660155 reward_loss:  -15.469685554504395
epoch:  40 batch:  30 region_loss:  10.0 10.0 loc_loss:  0.25935457229614256 reward_loss:  -12.967728614807129
epoch:  40 batch:  40 region_loss:  10.0 10.0 loc_loss:  0.3547306823730469 reward_loss:  -17.736536026000977
epoch:  40 batch:  50 region_loss:  10.0 10.0 loc_loss:  0.27150444030761717 reward_loss:  -13.57522201538086
epoch:  40 batch:  60 region_loss:  10.0 10.0 loc_loss:  0.2724967193603516 reward_loss:  -13.624835014343262
epoch:  40 batch:  70 region_loss:  10.0 10.0 loc_loss:  0.2834248161315918 reward_loss:  -14.171239852905273
epoch:  40 batch:  80 region_loss:  10.0 10.0 loc_loss:  0.2836161231994629 reward_loss:  -14.180807113647461
epoch:  40 batch:  90 region_loss:  6.0 6.0 loc_loss:  0.1678689956665039 reward_loss:  -8.393448829650879
epoch:  40 batch:  100 region_loss:  8.0 8.0 loc_loss:  0.19701440811157225 reward_loss:  -9.850720405578613
epoch:  40 batch:  110 region_loss:  4.0 4.0 loc_loss:  0.10427731513977051 reward_loss:  -5.213866233825684
epoch:  40 batch:  120 region_loss:  5.0 5.0 loc_loss:  0.11251268386840821 reward_loss:  -5.625634670257568
epoch:  40 batch:  130 region_loss:  7.0 7.0 loc_loss:  0.20196714401245117 reward_loss:  -10.098357200622559
acc@1:  0.11523988711194733
epoch: 40 region loss 0.17051094890510948 loc loss 0.24164546320908262 reward loss -12.082271676864067
epoch:  41 batch:  0 region_loss:  10.0 10.0 loc_loss:  0.24002328872680664 reward_loss:  -12.001163482666016
epoch:  41 batch:  10 region_loss:  10.0 10.0 loc_loss:  0.27985343933105467 reward_loss:  -13.992671012878418
epoch:  41 batch:  20 region_loss:  10.0 10.0 loc_loss:  0.29548168182373047 reward_loss:  -14.77408504486084
epoch:  41 batch:  30 region_loss:  10.0 10.0 loc_loss:  0.24443979263305665 reward_loss:  -12.221989631652832
epoch:  41 batch:  40 region_loss:  10.0 10.0 loc_loss:  0.33654327392578126 reward_loss:  -16.827163696289062
epoch:  41 batch:  50 region_loss:  10.0 10.0 loc_loss:  0.2581890106201172 reward_loss:  -12.90945053100586
epoch:  41 batch:  60 region_loss:  10.0 10.0 loc_loss:  0.25608348846435547 reward_loss:  -12.804173469543457
epoch:  41 batch:  70 region_loss:  10.0 10.0 loc_loss:  0.26796960830688477 reward_loss:  -13.398481369018555
epoch:  41 batch:  80 region_loss:  10.0 10.0 loc_loss:  0.26551712036132813 reward_loss:  -13.275858879089355
epoch:  41 batch:  90 region_loss:  6.0 6.0 loc_loss:  0.15696606636047364 reward_loss:  -7.848302841186523
epoch:  41 batch:  100 region_loss:  8.0 8.0 loc_loss:  0.1862306022644043 reward_loss:  -9.311530113220215
epoch:  41 batch:  110 region_loss:  4.0 4.0 loc_loss:  0.09706603050231934 reward_loss:  -4.853302001953125
epoch:  41 batch:  120 region_loss:  5.0 5.0 loc_loss:  0.10484109878540039 reward_loss:  -5.242055416107178
epoch:  41 batch:  130 region_loss:  7.0 7.0 loc_loss:  0.18894607543945313 reward_loss:  -9.447303771972656
acc@1:  0.11382878645343368
epoch: 41 region loss 0.17051094890510948 loc loss 0.22867365802291537 reward loss -11.433682888963796
epoch:  42 batch:  0 region_loss:  10.0 10.0 loc_loss:  0.2258566665649414 reward_loss:  -11.292834281921387
epoch:  42 batch:  10 region_loss:  10.0 10.0 loc_loss:  0.26450084686279296 reward_loss:  -13.225041389465332
epoch:  42 batch:  20 region_loss:  10.0 10.0 loc_loss:  0.28311838150024415 reward_loss:  -14.155919075012207
epoch:  42 batch:  30 region_loss:  10.0 10.0 loc_loss:  0.23069269180297852 reward_loss:  -11.534634590148926
epoch:  42 batch:  40 region_loss:  10.0 10.0 loc_loss:  0.31888866424560547 reward_loss:  -15.944433212280273
epoch:  42 batch:  50 region_loss:  10.0 10.0 loc_loss:  0.24487640380859374 reward_loss:  -12.243820190429688
epoch:  42 batch:  60 region_loss:  10.0 10.0 loc_loss:  0.2411585807800293 reward_loss:  -12.057929039001465
epoch:  42 batch:  70 region_loss:  10.0 10.0 loc_loss:  0.2543194580078125 reward_loss:  -12.715972900390625
epoch:  42 batch:  80 region_loss:  10.0 10.0 loc_loss:  0.24867313385009765 reward_loss:  -12.4336576461792
epoch:  42 batch:  90 region_loss:  6.0 6.0 loc_loss:  0.14685770034790038 reward_loss:  -7.3428850173950195
epoch:  42 batch:  100 region_loss:  8.0 8.0 loc_loss:  0.1743568992614746 reward_loss:  -8.71784496307373
epoch:  42 batch:  110 region_loss:  4.0 4.0 loc_loss:  0.09036709785461426 reward_loss:  -4.518354892730713
epoch:  42 batch:  120 region_loss:  5.0 5.0 loc_loss:  0.09765636444091796 reward_loss:  -4.882818222045898
epoch:  42 batch:  130 region_loss:  7.0 7.0 loc_loss:  0.17718223571777345 reward_loss:  -8.859111785888672
acc@1:  0.11194731890874883
epoch: 42 region loss 0.17051094890510948 loc loss 0.21635689408239656 reward loss -10.817844298634215
epoch:  43 batch:  0 region_loss:  10.0 10.0 loc_loss:  0.21251071929931642 reward_loss:  -10.625535011291504
epoch:  43 batch:  10 region_loss:  10.0 10.0 loc_loss:  0.2500264549255371 reward_loss:  -12.501322746276855
epoch:  43 batch:  20 region_loss:  10.0 10.0 loc_loss:  0.2694849967956543 reward_loss:  -13.474249839782715
epoch:  43 batch:  30 region_loss:  10.0 10.0 loc_loss:  0.21697399139404297 reward_loss:  -10.848698616027832
epoch:  43 batch:  40 region_loss:  10.0 10.0 loc_loss:  0.302127799987793 reward_loss:  -15.106389999389648
epoch:  43 batch:  50 region_loss:  10.0 10.0 loc_loss:  0.2322146224975586 reward_loss:  -11.610730171203613
epoch:  43 batch:  60 region_loss:  10.0 10.0 loc_loss:  0.22617801666259765 reward_loss:  -11.308923721313477
epoch:  43 batch:  70 region_loss:  10.0 10.0 loc_loss:  0.2396142578125 reward_loss:  -11.980713844299316
epoch:  43 batch:  80 region_loss:  10.0 10.0 loc_loss:  0.23217302322387695 reward_loss:  -11.608648300170898
epoch:  43 batch:  90 region_loss:  6.0 6.0 loc_loss:  0.1369495964050293 reward_loss:  -6.847479820251465
epoch:  43 batch:  100 region_loss:  8.0 8.0 loc_loss:  0.16502733230590821 reward_loss:  -8.25136661529541
epoch:  43 batch:  110 region_loss:  4.0 4.0 loc_loss:  0.08392148017883301 reward_loss:  -4.196074485778809
epoch:  43 batch:  120 region_loss:  5.0 5.0 loc_loss:  0.09090991973876954 reward_loss:  -4.545495510101318
epoch:  43 batch:  130 region_loss:  7.0 7.0 loc_loss:  0.16532669067382813 reward_loss:  -8.26633358001709
acc@1:  0.11241768579492004
epoch: 43 region loss 0.17051094890510948 loc loss 0.20439154760680928 reward loss -10.219577818891429
epoch:  44 batch:  0 region_loss:  10.0 10.0 loc_loss:  0.19988067626953124 reward_loss:  -9.994033813476562
epoch:  44 batch:  10 region_loss:  10.0 10.0 loc_loss:  0.23596508026123048 reward_loss:  -11.798253059387207
epoch:  44 batch:  20 region_loss:  10.0 10.0 loc_loss:  0.2576416015625 reward_loss:  -12.882080078125
epoch:  44 batch:  30 region_loss:  10.0 10.0 loc_loss:  0.20440185546875 reward_loss:  -10.220091819763184
epoch:  44 batch:  40 region_loss:  10.0 10.0 loc_loss:  0.285795726776123 reward_loss:  -14.28978443145752
epoch:  44 batch:  50 region_loss:  10.0 10.0 loc_loss:  0.21892438888549803 reward_loss:  -10.946219444274902
epoch:  44 batch:  60 region_loss:  10.0 10.0 loc_loss:  0.21236696243286132 reward_loss:  -10.618348121643066
epoch:  44 batch:  70 region_loss:  10.0 10.0 loc_loss:  0.2269293975830078 reward_loss:  -11.34646987915039
epoch:  44 batch:  80 region_loss:  10.0 10.0 loc_loss:  0.21670101165771485 reward_loss:  -10.835051536560059
epoch:  44 batch:  90 region_loss:  6.0 6.0 loc_loss:  0.1277446174621582 reward_loss:  -6.387229919433594
epoch:  44 batch:  100 region_loss:  8.0 8.0 loc_loss:  0.15387284278869628 reward_loss:  -7.693641185760498
epoch:  44 batch:  110 region_loss:  4.0 4.0 loc_loss:  0.07795563220977783 reward_loss:  -3.8977816104888916
epoch:  44 batch:  120 region_loss:  5.0 5.0 loc_loss:  0.08452726364135742 reward_loss:  -4.226363658905029
epoch:  44 batch:  130 region_loss:  7.0 7.0 loc_loss:  0.15452491760253906 reward_loss:  -7.726245403289795
acc@1:  0.11053621825023519
epoch: 44 region loss 0.17051094890510948 loc loss 0.19295440075171252 reward loss -9.647719581196778
epoch:  45 batch:  0 region_loss:  10.0 10.0 loc_loss:  0.18821048736572266 reward_loss:  -9.41052532196045
epoch:  45 batch:  10 region_loss:  10.0 10.0 loc_loss:  0.22261978149414063 reward_loss:  -11.130989074707031
epoch:  45 batch:  20 region_loss:  10.0 10.0 loc_loss:  0.244969482421875 reward_loss:  -12.248473167419434
epoch:  45 batch:  30 region_loss:  10.0 10.0 loc_loss:  0.19193620681762696 reward_loss:  -9.596811294555664
epoch:  45 batch:  40 region_loss:  10.0 10.0 loc_loss:  0.2709629821777344 reward_loss:  -13.548149108886719
epoch:  45 batch:  50 region_loss:  10.0 10.0 loc_loss:  0.20662687301635743 reward_loss:  -10.331343650817871
epoch:  45 batch:  60 region_loss:  10.0 10.0 loc_loss:  0.19905866622924806 reward_loss:  -9.952933311462402
epoch:  45 batch:  70 region_loss:  10.0 10.0 loc_loss:  0.2130759811401367 reward_loss:  -10.65379810333252
epoch:  45 batch:  80 region_loss:  10.0 10.0 loc_loss:  0.2019049644470215 reward_loss:  -10.09524917602539
epoch:  45 batch:  90 region_loss:  6.0 6.0 loc_loss:  0.11891782760620118 reward_loss:  -5.945891857147217
epoch:  45 batch:  100 region_loss:  8.0 8.0 loc_loss:  0.14543442726135253 reward_loss:  -7.271721839904785
epoch:  45 batch:  110 region_loss:  4.0 4.0 loc_loss:  0.0722074556350708 reward_loss:  -3.6103720664978027
epoch:  45 batch:  120 region_loss:  5.0 5.0 loc_loss:  0.07876086711883545 reward_loss:  -3.9380435943603516
epoch:  45 batch:  130 region_loss:  7.0 7.0 loc_loss:  0.14394062042236327 reward_loss:  -7.197030544281006
acc@1:  0.10912511759172154
epoch: 45 region loss 0.17051094890510948 loc loss 0.18194381109989471 reward loss -9.097190241744048
epoch:  46 batch:  0 region_loss:  10.0 10.0 loc_loss:  0.17671794891357423 reward_loss:  -8.835897445678711
epoch:  46 batch:  10 region_loss:  10.0 10.0 loc_loss:  0.20934837341308593 reward_loss:  -10.467419624328613
epoch:  46 batch:  20 region_loss:  10.0 10.0 loc_loss:  0.23409767150878907 reward_loss:  -11.704883575439453
epoch:  46 batch:  30 region_loss:  10.0 10.0 loc_loss:  0.18060482025146485 reward_loss:  -9.030241012573242
epoch:  46 batch:  40 region_loss:  10.0 10.0 loc_loss:  0.2560562515258789 reward_loss:  -12.802812576293945
epoch:  46 batch:  50 region_loss:  10.0 10.0 loc_loss:  0.1949283218383789 reward_loss:  -9.746417045593262
epoch:  46 batch:  60 region_loss:  10.0 10.0 loc_loss:  0.18634506225585937 reward_loss:  -9.317253112792969
epoch:  46 batch:  70 region_loss:  10.0 10.0 loc_loss:  0.20127473831176756 reward_loss:  -10.063738822937012
epoch:  46 batch:  80 region_loss:  10.0 10.0 loc_loss:  0.18802270889282227 reward_loss:  -9.401135444641113
epoch:  46 batch:  90 region_loss:  6.0 6.0 loc_loss:  0.11068069458007812 reward_loss:  -5.5340352058410645
epoch:  46 batch:  100 region_loss:  8.0 8.0 loc_loss:  0.13541051864624024 reward_loss:  -6.770525932312012
epoch:  46 batch:  110 region_loss:  4.0 4.0 loc_loss:  0.06688348770141601 reward_loss:  -3.34417462348938
epoch:  46 batch:  120 region_loss:  5.0 5.0 loc_loss:  0.07310938835144043 reward_loss:  -3.6554694175720215
epoch:  46 batch:  130 region_loss:  7.0 7.0 loc_loss:  0.13411861419677734 reward_loss:  -6.705928325653076
acc@1:  0.10959548447789276
epoch: 46 region loss 0.17051094890510948 loc loss 0.17144760224941002 reward loss -8.572380254303452
epoch:  47 batch:  0 region_loss:  10.0 10.0 loc_loss:  0.16591381072998046 reward_loss:  -8.29569149017334
epoch:  47 batch:  10 region_loss:  10.0 10.0 loc_loss:  0.19692279815673827 reward_loss:  -9.846139907836914
epoch:  47 batch:  20 region_loss:  10.0 10.0 loc_loss:  0.22256166458129883 reward_loss:  -11.128082275390625
epoch:  47 batch:  30 region_loss:  10.0 10.0 loc_loss:  0.16937740325927733 reward_loss:  -8.468870162963867
epoch:  47 batch:  40 region_loss:  10.0 10.0 loc_loss:  0.24251686096191405 reward_loss:  -12.125842094421387
epoch:  47 batch:  50 region_loss:  10.0 10.0 loc_loss:  0.18380172729492186 reward_loss:  -9.190086364746094
epoch:  47 batch:  60 region_loss:  10.0 10.0 loc_loss:  0.17452650070190429 reward_loss:  -8.726325988769531
epoch:  47 batch:  70 region_loss:  10.0 10.0 loc_loss:  0.18866085052490233 reward_loss:  -9.433043479919434
epoch:  47 batch:  80 region_loss:  10.0 10.0 loc_loss:  0.17486492156982422 reward_loss:  -8.743246078491211
epoch:  47 batch:  90 region_loss:  6.0 6.0 loc_loss:  0.10284041404724122 reward_loss:  -5.142021179199219
epoch:  47 batch:  100 region_loss:  8.0 8.0 loc_loss:  0.1278025436401367 reward_loss:  -6.390127182006836
epoch:  47 batch:  110 region_loss:  4.0 4.0 loc_loss:  0.061841301918029785 reward_loss:  -3.0920650959014893
epoch:  47 batch:  120 region_loss:  5.0 5.0 loc_loss:  0.06819749355316163 reward_loss:  -3.409874439239502
epoch:  47 batch:  130 region_loss:  7.0 7.0 loc_loss:  0.1247230339050293 reward_loss:  -6.236152172088623
acc@1:  0.10865475070555033
epoch: 47 region loss 0.17051094890510948 loc loss 0.16147980301049503 reward loss -8.073990088309685
epoch:  48 batch:  0 region_loss:  10.0 10.0 loc_loss:  0.1554403018951416 reward_loss:  -7.772015571594238
epoch:  48 batch:  10 region_loss:  10.0 10.0 loc_loss:  0.18465219497680663 reward_loss:  -9.232610702514648
epoch:  48 batch:  20 region_loss:  10.0 10.0 loc_loss:  0.2127113151550293 reward_loss:  -10.635565757751465
epoch:  48 batch:  30 region_loss:  10.0 10.0 loc_loss:  0.15933985710144044 reward_loss:  -7.96699333190918
epoch:  48 batch:  40 region_loss:  10.0 10.0 loc_loss:  0.22836523056030272 reward_loss:  -11.41826057434082
epoch:  48 batch:  50 region_loss:  10.0 10.0 loc_loss:  0.17354585647583007 reward_loss:  -8.677292823791504
epoch:  48 batch:  60 region_loss:  10.0 10.0 loc_loss:  0.16298334121704103 reward_loss:  -8.149166107177734
epoch:  48 batch:  70 region_loss:  10.0 10.0 loc_loss:  0.17771352767944337 reward_loss:  -8.885676383972168
epoch:  48 batch:  80 region_loss:  10.0 10.0 loc_loss:  0.16265401840209961 reward_loss:  -8.132699966430664
epoch:  48 batch:  90 region_loss:  6.0 6.0 loc_loss:  0.09557710647583008 reward_loss:  -4.778854846954346
epoch:  48 batch:  100 region_loss:  8.0 8.0 loc_loss:  0.11881369590759278 reward_loss:  -5.940685272216797
epoch:  48 batch:  110 region_loss:  4.0 4.0 loc_loss:  0.05716165542602539 reward_loss:  -2.8580832481384277
epoch:  48 batch:  120 region_loss:  5.0 5.0 loc_loss:  0.06329912185668946 reward_loss:  -3.1649558544158936
epoch:  48 batch:  130 region_loss:  7.0 7.0 loc_loss:  0.11596300125122071 reward_loss:  -5.798150062561035
acc@1:  0.11006585136406397
epoch: 48 region loss 0.17051094890510948 loc loss 0.1519802453396094 reward loss -7.5990119102227425
epoch:  49 batch:  0 region_loss:  10.0 10.0 loc_loss:  0.14572030067443847 reward_loss:  -7.286013603210449
epoch:  49 batch:  10 region_loss:  10.0 10.0 loc_loss:  0.17336393356323243 reward_loss:  -8.668195724487305
epoch:  49 batch:  20 region_loss:  10.0 10.0 loc_loss:  0.20214555740356446 reward_loss:  -10.107278823852539
epoch:  49 batch:  30 region_loss:  10.0 10.0 loc_loss:  0.14982202529907226 reward_loss:  -7.491100788116455
epoch:  49 batch:  40 region_loss:  10.0 10.0 loc_loss:  0.21541770935058593 reward_loss:  -10.77088737487793
epoch:  49 batch:  50 region_loss:  10.0 10.0 loc_loss:  0.1636963653564453 reward_loss:  -8.184818267822266
epoch:  49 batch:  60 region_loss:  10.0 10.0 loc_loss:  0.15253350257873535 reward_loss:  -7.626675128936768
epoch:  49 batch:  70 region_loss:  10.0 10.0 loc_loss:  0.16651494979858397 reward_loss:  -8.3257474899292
epoch:  49 batch:  80 region_loss:  10.0 10.0 loc_loss:  0.15097710609436035 reward_loss:  -7.548854827880859
epoch:  49 batch:  90 region_loss:  6.0 6.0 loc_loss:  0.08873598098754883 reward_loss:  -4.436798572540283
epoch:  49 batch:  100 region_loss:  8.0 8.0 loc_loss:  0.11212656021118164 reward_loss:  -5.606328010559082
epoch:  49 batch:  110 region_loss:  4.0 4.0 loc_loss:  0.05274887561798096 reward_loss:  -2.637444019317627
epoch:  49 batch:  120 region_loss:  5.0 5.0 loc_loss:  0.0590830135345459 reward_loss:  -2.954150676727295
epoch:  49 batch:  130 region_loss:  7.0 7.0 loc_loss:  0.10766698837280274 reward_loss:  -5.3833489418029785
acc@1:  0.1077140169332079
epoch: 49 region loss 0.17051094890510948 loc loss 0.14299633294996553 reward loss -7.1498166274850385
