1
cuda
epoch:  0 batch:  0 region_loss:  10.0 10.0 loc_loss:  1.9936944580078124 reward_loss:  -99.6860580444336
epoch:  0 batch:  10 region_loss:  10.0 10.0 loc_loss:  1.9878016662597657 reward_loss:  -99.38909912109375
epoch:  0 batch:  20 region_loss:  10.0 10.0 loc_loss:  1.9825361633300782 reward_loss:  -99.12702178955078
epoch:  0 batch:  30 region_loss:  10.0 10.0 loc_loss:  1.979527130126953 reward_loss:  -98.97666931152344
epoch:  0 batch:  40 region_loss:  10.0 10.0 loc_loss:  1.9841610717773437 reward_loss:  -99.20712280273438
epoch:  0 batch:  50 region_loss:  10.0 10.0 loc_loss:  1.9843437194824218 reward_loss:  -99.21691131591797
epoch:  0 batch:  60 region_loss:  10.0 10.0 loc_loss:  1.9826698303222656 reward_loss:  -99.13426971435547
epoch:  0 batch:  70 region_loss:  10.0 10.0 loc_loss:  1.9802793884277343 reward_loss:  -99.01438903808594
epoch:  0 batch:  80 region_loss:  10.0 10.0 loc_loss:  1.98141357421875 reward_loss:  -99.07083892822266
epoch:  0 batch:  90 region_loss:  6.0 6.0 loc_loss:  1.1843058776855468 reward_loss:  -59.21489715576172
epoch:  0 batch:  100 region_loss:  8.0 8.0 loc_loss:  1.5715414428710937 reward_loss:  -78.5766372680664
epoch:  0 batch:  110 region_loss:  4.0 4.0 loc_loss:  0.787061767578125 reward_loss:  -39.35328674316406
epoch:  0 batch:  120 region_loss:  5.0 5.0 loc_loss:  0.9792050170898438 reward_loss:  -48.9608154296875
epoch:  0 batch:  130 region_loss:  7.0 7.0 loc_loss:  1.3714874267578125 reward_loss:  -68.57286834716797
acc@1:  0.0028222013170272815
epoch: 0 region loss 0.17051094890510948 loc loss 1.6872532431052547 reward loss -84.362621084617
epoch:  1 batch:  0 region_loss:  10.0 10.0 loc_loss:  1.9201373291015624 reward_loss:  -96.00643920898438
epoch:  1 batch:  10 region_loss:  10.0 10.0 loc_loss:  1.934349822998047 reward_loss:  -96.71668243408203
epoch:  1 batch:  20 region_loss:  10.0 10.0 loc_loss:  1.919938507080078 reward_loss:  -95.99727630615234
epoch:  1 batch:  30 region_loss:  10.0 10.0 loc_loss:  1.9192633056640624 reward_loss:  -95.96284484863281
epoch:  1 batch:  40 region_loss:  10.0 10.0 loc_loss:  1.9139077758789063 reward_loss:  -95.69596862792969
epoch:  1 batch:  50 region_loss:  10.0 10.0 loc_loss:  1.9133773803710938 reward_loss:  -95.6690902709961
epoch:  1 batch:  60 region_loss:  10.0 10.0 loc_loss:  1.9032157897949218 reward_loss:  -95.1608657836914
epoch:  1 batch:  70 region_loss:  10.0 10.0 loc_loss:  1.8879298400878906 reward_loss:  -94.39776611328125
epoch:  1 batch:  80 region_loss:  10.0 10.0 loc_loss:  1.878035888671875 reward_loss:  -93.90161895751953
epoch:  1 batch:  90 region_loss:  6.0 6.0 loc_loss:  1.115290985107422 reward_loss:  -55.76412582397461
epoch:  1 batch:  100 region_loss:  8.0 8.0 loc_loss:  1.4605267333984375 reward_loss:  -73.02739715576172
epoch:  1 batch:  110 region_loss:  4.0 4.0 loc_loss:  0.7373298645019531 reward_loss:  -36.8663444519043
epoch:  1 batch:  120 region_loss:  5.0 5.0 loc_loss:  0.9075709533691406 reward_loss:  -45.378387451171875
epoch:  1 batch:  130 region_loss:  7.0 7.0 loc_loss:  1.2552847290039062 reward_loss:  -62.7643928527832
acc@1:  0.021636876763875823
epoch: 1 region loss 0.17051094890510948 loc loss 1.6071475537153928 reward loss -80.35749457700409
epoch:  2 batch:  0 region_loss:  10.0 10.0 loc_loss:  1.7393417358398438 reward_loss:  -86.96749114990234
epoch:  2 batch:  10 region_loss:  10.0 10.0 loc_loss:  1.7445181274414063 reward_loss:  -87.22652435302734
epoch:  2 batch:  20 region_loss:  10.0 10.0 loc_loss:  1.7439657592773437 reward_loss:  -87.19866180419922
epoch:  2 batch:  30 region_loss:  10.0 10.0 loc_loss:  1.7613931274414063 reward_loss:  -88.06976318359375
epoch:  2 batch:  40 region_loss:  10.0 10.0 loc_loss:  1.728691864013672 reward_loss:  -86.43449401855469
epoch:  2 batch:  50 region_loss:  10.0 10.0 loc_loss:  1.7735977172851562 reward_loss:  -88.67965698242188
epoch:  2 batch:  60 region_loss:  10.0 10.0 loc_loss:  1.7532174682617188 reward_loss:  -87.66097259521484
epoch:  2 batch:  70 region_loss:  10.0 10.0 loc_loss:  1.74759521484375 reward_loss:  -87.37952423095703
epoch:  2 batch:  80 region_loss:  10.0 10.0 loc_loss:  1.7368515014648438 reward_loss:  -86.84175109863281
epoch:  2 batch:  90 region_loss:  6.0 6.0 loc_loss:  1.0403099060058594 reward_loss:  -52.01518249511719
epoch:  2 batch:  100 region_loss:  8.0 8.0 loc_loss:  1.3712657165527344 reward_loss:  -68.56336212158203
epoch:  2 batch:  110 region_loss:  4.0 4.0 loc_loss:  0.6983905029296875 reward_loss:  -34.91889953613281
epoch:  2 batch:  120 region_loss:  5.0 5.0 loc_loss:  0.86526611328125 reward_loss:  -43.26361846923828
epoch:  2 batch:  130 region_loss:  7.0 7.0 loc_loss:  1.2009900665283204 reward_loss:  -60.04863357543945
acc@1:  0.031044214487300093
epoch: 2 region loss 0.17051094890510948 loc loss 1.4770324061038722 reward loss -73.85158881305779
epoch:  3 batch:  0 region_loss:  10.0 10.0 loc_loss:  1.6841297912597657 reward_loss:  -84.20671844482422
epoch:  3 batch:  10 region_loss:  10.0 10.0 loc_loss:  1.6785189819335937 reward_loss:  -83.92594146728516
epoch:  3 batch:  20 region_loss:  10.0 10.0 loc_loss:  1.6541273498535156 reward_loss:  -82.70640563964844
epoch:  3 batch:  30 region_loss:  10.0 10.0 loc_loss:  1.6893576049804688 reward_loss:  -84.46748352050781
epoch:  3 batch:  40 region_loss:  10.0 10.0 loc_loss:  1.650147705078125 reward_loss:  -82.50653076171875
epoch:  3 batch:  50 region_loss:  10.0 10.0 loc_loss:  1.702713623046875 reward_loss:  -85.13521575927734
epoch:  3 batch:  60 region_loss:  10.0 10.0 loc_loss:  1.6847238159179687 reward_loss:  -84.23611450195312
epoch:  3 batch:  70 region_loss:  10.0 10.0 loc_loss:  1.6785256958007813 reward_loss:  -83.92710876464844
epoch:  3 batch:  80 region_loss:  10.0 10.0 loc_loss:  1.6741773986816406 reward_loss:  -83.70870208740234
epoch:  3 batch:  90 region_loss:  6.0 6.0 loc_loss:  1.0054454803466797 reward_loss:  -50.27316665649414
epoch:  3 batch:  100 region_loss:  8.0 8.0 loc_loss:  1.3232437133789063 reward_loss:  -66.16231536865234
epoch:  3 batch:  110 region_loss:  4.0 4.0 loc_loss:  0.6775187683105469 reward_loss:  -33.875553131103516
epoch:  3 batch:  120 region_loss:  5.0 5.0 loc_loss:  0.8404907989501953 reward_loss:  -42.02452087402344
epoch:  3 batch:  130 region_loss:  7.0 7.0 loc_loss:  1.1690159606933594 reward_loss:  -58.45055389404297
acc@1:  0.03762935089369708
epoch: 3 region loss 0.17051094890510948 loc loss 1.415761046026745 reward loss -70.78810941041822
epoch:  4 batch:  0 region_loss:  10.0 10.0 loc_loss:  1.641849822998047 reward_loss:  -82.09088897705078
epoch:  4 batch:  10 region_loss:  10.0 10.0 loc_loss:  1.6361454772949218 reward_loss:  -81.80712890625
epoch:  4 batch:  20 region_loss:  10.0 10.0 loc_loss:  1.5910748291015624 reward_loss:  -79.55387878417969
epoch:  4 batch:  30 region_loss:  10.0 10.0 loc_loss:  1.6365069580078124 reward_loss:  -81.82501220703125
epoch:  4 batch:  40 region_loss:  10.0 10.0 loc_loss:  1.5947740173339844 reward_loss:  -79.73804473876953
epoch:  4 batch:  50 region_loss:  10.0 10.0 loc_loss:  1.647655029296875 reward_loss:  -82.38287353515625
epoch:  4 batch:  60 region_loss:  10.0 10.0 loc_loss:  1.6298155212402343 reward_loss:  -81.49072265625
epoch:  4 batch:  70 region_loss:  10.0 10.0 loc_loss:  1.619330596923828 reward_loss:  -80.96724700927734
epoch:  4 batch:  80 region_loss:  10.0 10.0 loc_loss:  1.62158935546875 reward_loss:  -81.08004760742188
epoch:  4 batch:  90 region_loss:  6.0 6.0 loc_loss:  0.9753324127197266 reward_loss:  -48.766754150390625
epoch:  4 batch:  100 region_loss:  8.0 8.0 loc_loss:  1.2787553405761718 reward_loss:  -63.93794250488281
epoch:  4 batch:  110 region_loss:  4.0 4.0 loc_loss:  0.6590904998779297 reward_loss:  -32.954193115234375
epoch:  4 batch:  120 region_loss:  5.0 5.0 loc_loss:  0.8164596557617188 reward_loss:  -40.82273483276367
epoch:  4 batch:  130 region_loss:  7.0 7.0 loc_loss:  1.1371629333496094 reward_loss:  -56.85810852050781
acc@1:  0.04609595484477893
epoch: 4 region loss 0.17051094890510948 loc loss 1.367071922469313 reward loss -68.35356724871336
epoch:  5 batch:  0 region_loss:  10.0 10.0 loc_loss:  1.5959854125976562 reward_loss:  -79.79908752441406
epoch:  5 batch:  10 region_loss:  10.0 10.0 loc_loss:  1.5924429321289062 reward_loss:  -79.62237548828125
epoch:  5 batch:  20 region_loss:  10.0 10.0 loc_loss:  1.529799346923828 reward_loss:  -76.48954772949219
epoch:  5 batch:  30 region_loss:  10.0 10.0 loc_loss:  1.583126220703125 reward_loss:  -79.1562728881836
epoch:  5 batch:  40 region_loss:  10.0 10.0 loc_loss:  1.5416061401367187 reward_loss:  -77.0801773071289
epoch:  5 batch:  50 region_loss:  10.0 10.0 loc_loss:  1.5912480163574219 reward_loss:  -79.56242370605469
epoch:  5 batch:  60 region_loss:  10.0 10.0 loc_loss:  1.5756803894042968 reward_loss:  -78.78385925292969
epoch:  5 batch:  70 region_loss:  10.0 10.0 loc_loss:  1.560162811279297 reward_loss:  -78.00904083251953
epoch:  5 batch:  80 region_loss:  10.0 10.0 loc_loss:  1.5692439270019531 reward_loss:  -78.46179962158203
epoch:  5 batch:  90 region_loss:  6.0 6.0 loc_loss:  0.9451470184326172 reward_loss:  -47.25685501098633
epoch:  5 batch:  100 region_loss:  8.0 8.0 loc_loss:  1.2323426055908202 reward_loss:  -61.617366790771484
epoch:  5 batch:  110 region_loss:  4.0 4.0 loc_loss:  0.640736083984375 reward_loss:  -32.036659240722656
epoch:  5 batch:  120 region_loss:  5.0 5.0 loc_loss:  0.7908797454833985 reward_loss:  -39.543846130371094
epoch:  5 batch:  130 region_loss:  7.0 7.0 loc_loss:  1.1027333068847656 reward_loss:  -55.13676834106445
acc@1:  0.055973659454374415
epoch: 5 region loss 0.17051094890510948 loc loss 1.3183826307310675 reward loss -65.91914222884353
epoch:  6 batch:  0 region_loss:  10.0 10.0 loc_loss:  1.5440390014648437 reward_loss:  -77.20207214355469
epoch:  6 batch:  10 region_loss:  10.0 10.0 loc_loss:  1.5439405822753907 reward_loss:  -77.19707489013672
epoch:  6 batch:  20 region_loss:  10.0 10.0 loc_loss:  1.4648133850097655 reward_loss:  -73.24066162109375
epoch:  6 batch:  30 region_loss:  10.0 10.0 loc_loss:  1.525230712890625 reward_loss:  -76.2613754272461
epoch:  6 batch:  40 region_loss:  10.0 10.0 loc_loss:  1.4871751403808593 reward_loss:  -74.35873413085938
epoch:  6 batch:  50 region_loss:  10.0 10.0 loc_loss:  1.5298545837402344 reward_loss:  -76.4930419921875
epoch:  6 batch:  60 region_loss:  10.0 10.0 loc_loss:  1.5188824462890624 reward_loss:  -75.94415283203125
epoch:  6 batch:  70 region_loss:  10.0 10.0 loc_loss:  1.497484893798828 reward_loss:  -74.87377166748047
epoch:  6 batch:  80 region_loss:  10.0 10.0 loc_loss:  1.5143597412109375 reward_loss:  -75.71815490722656
epoch:  6 batch:  90 region_loss:  6.0 6.0 loc_loss:  0.9134652709960938 reward_loss:  -45.67327117919922
epoch:  6 batch:  100 region_loss:  8.0 8.0 loc_loss:  1.182214813232422 reward_loss:  -59.11015319824219
epoch:  6 batch:  110 region_loss:  4.0 4.0 loc_loss:  0.6213785934448243 reward_loss:  -31.068920135498047
epoch:  6 batch:  120 region_loss:  5.0 5.0 loc_loss:  0.7631015777587891 reward_loss:  -38.155067443847656
epoch:  6 batch:  130 region_loss:  7.0 7.0 loc_loss:  1.065247573852539 reward_loss:  -53.262420654296875
acc@1:  0.06961429915333961
epoch: 6 region loss 0.17051094890510948 loc loss 1.2667945859031955 reward loss -63.339751556841996
epoch:  7 batch:  0 region_loss:  10.0 10.0 loc_loss:  1.4856446838378907 reward_loss:  -74.28221130371094
epoch:  7 batch:  10 region_loss:  10.0 10.0 loc_loss:  1.4894898986816407 reward_loss:  -74.47454833984375
epoch:  7 batch:  20 region_loss:  10.0 10.0 loc_loss:  1.3956590270996094 reward_loss:  -69.78379821777344
epoch:  7 batch:  30 region_loss:  10.0 10.0 loc_loss:  1.4630419921875 reward_loss:  -73.15204620361328
epoch:  7 batch:  40 region_loss:  10.0 10.0 loc_loss:  1.4307643127441407 reward_loss:  -71.5386734008789
epoch:  7 batch:  50 region_loss:  10.0 10.0 loc_loss:  1.4636419677734376 reward_loss:  -73.18208312988281
epoch:  7 batch:  60 region_loss:  10.0 10.0 loc_loss:  1.4582122802734374 reward_loss:  -72.91057586669922
epoch:  7 batch:  70 region_loss:  10.0 10.0 loc_loss:  1.430192108154297 reward_loss:  -71.50928497314453
epoch:  7 batch:  80 region_loss:  10.0 10.0 loc_loss:  1.4562628173828125 reward_loss:  -72.81352996826172
epoch:  7 batch:  90 region_loss:  6.0 6.0 loc_loss:  0.8802867126464844 reward_loss:  -44.01432418823242
epoch:  7 batch:  100 region_loss:  8.0 8.0 loc_loss:  1.1279764556884766 reward_loss:  -56.39877700805664
epoch:  7 batch:  110 region_loss:  4.0 4.0 loc_loss:  0.6008359909057617 reward_loss:  -30.041799545288086
epoch:  7 batch:  120 region_loss:  5.0 5.0 loc_loss:  0.7330827331542968 reward_loss:  -36.654083251953125
epoch:  7 batch:  130 region_loss:  7.0 7.0 loc_loss:  1.0252352142333985 reward_loss:  -51.26174545288086
acc@1:  0.08184383819379115
epoch: 7 region loss 0.17051094890510948 loc loss 1.2120673590332922 reward loss -60.60336427618987
epoch:  8 batch:  0 region_loss:  10.0 10.0 loc_loss:  1.4215199279785156 reward_loss:  -71.0760269165039
epoch:  8 batch:  10 region_loss:  10.0 10.0 loc_loss:  1.4294534301757813 reward_loss:  -71.47266387939453
epoch:  8 batch:  20 region_loss:  10.0 10.0 loc_loss:  1.3230844116210938 reward_loss:  -66.1542739868164
epoch:  8 batch:  30 region_loss:  10.0 10.0 loc_loss:  1.396793212890625 reward_loss:  -69.83973693847656
epoch:  8 batch:  40 region_loss:  10.0 10.0 loc_loss:  1.3743234252929688 reward_loss:  -68.7161636352539
epoch:  8 batch:  50 region_loss:  10.0 10.0 loc_loss:  1.39357421875 reward_loss:  -69.67870330810547
epoch:  8 batch:  60 region_loss:  10.0 10.0 loc_loss:  1.394644775390625 reward_loss:  -69.73219299316406
epoch:  8 batch:  70 region_loss:  10.0 10.0 loc_loss:  1.3590177917480468 reward_loss:  -67.95088958740234
epoch:  8 batch:  80 region_loss:  10.0 10.0 loc_loss:  1.3954975891113282 reward_loss:  -69.77522277832031
epoch:  8 batch:  90 region_loss:  6.0 6.0 loc_loss:  0.8458184051513672 reward_loss:  -42.290924072265625
epoch:  8 batch:  100 region_loss:  8.0 8.0 loc_loss:  1.070632553100586 reward_loss:  -53.53154754638672
epoch:  8 batch:  110 region_loss:  4.0 4.0 loc_loss:  0.5792861557006836 reward_loss:  -28.964309692382812
epoch:  8 batch:  120 region_loss:  5.0 5.0 loc_loss:  0.7012725830078125 reward_loss:  -35.0635871887207
epoch:  8 batch:  130 region_loss:  7.0 7.0 loc_loss:  0.9833514404296875 reward_loss:  -49.167564392089844
acc@1:  0.09313264346190028
epoch: 8 region loss 0.17051094890510948 loc loss 1.155051448292976 reward loss -57.75256527253311
epoch:  9 batch:  0 region_loss:  10.0 10.0 loc_loss:  1.35273193359375 reward_loss:  -67.6365966796875
epoch:  9 batch:  10 region_loss:  10.0 10.0 loc_loss:  1.364487762451172 reward_loss:  -68.22438049316406
epoch:  9 batch:  20 region_loss:  10.0 10.0 loc_loss:  1.2487083435058595 reward_loss:  -62.43549728393555
epoch:  9 batch:  30 region_loss:  10.0 10.0 loc_loss:  1.3274078369140625 reward_loss:  -66.37045288085938
epoch:  9 batch:  40 region_loss:  10.0 10.0 loc_loss:  1.319484405517578 reward_loss:  -65.97423553466797
epoch:  9 batch:  50 region_loss:  10.0 10.0 loc_loss:  1.320306854248047 reward_loss:  -66.01531982421875
epoch:  9 batch:  60 region_loss:  10.0 10.0 loc_loss:  1.3299858093261718 reward_loss:  -66.49922180175781
epoch:  9 batch:  70 region_loss:  10.0 10.0 loc_loss:  1.285967559814453 reward_loss:  -64.29838562011719
epoch:  9 batch:  80 region_loss:  10.0 10.0 loc_loss:  1.3333279418945312 reward_loss:  -66.66638946533203
epoch:  9 batch:  90 region_loss:  6.0 6.0 loc_loss:  0.8104708862304687 reward_loss:  -40.523555755615234
epoch:  9 batch:  100 region_loss:  8.0 8.0 loc_loss:  1.0119263458251953 reward_loss:  -50.59624481201172
epoch:  9 batch:  110 region_loss:  4.0 4.0 loc_loss:  0.5569680404663085 reward_loss:  -27.848392486572266
epoch:  9 batch:  120 region_loss:  5.0 5.0 loc_loss:  0.6683811950683594 reward_loss:  -33.41908264160156
epoch:  9 batch:  130 region_loss:  7.0 7.0 loc_loss:  0.9403656005859375 reward_loss:  -47.018272399902344
acc@1:  0.1077140169332079
epoch: 9 region loss 0.17051094890510948 loc loss 1.0969971237739506 reward loss -54.84987424585941
epoch:  10 batch:  0 region_loss:  10.0 10.0 loc_loss:  1.2810305786132812 reward_loss:  -64.05154418945312
epoch:  10 batch:  10 region_loss:  10.0 10.0 loc_loss:  1.2959806823730469 reward_loss:  -64.79900360107422
epoch:  10 batch:  20 region_loss:  10.0 10.0 loc_loss:  1.1747561645507814 reward_loss:  -58.739051818847656
epoch:  10 batch:  30 region_loss:  10.0 10.0 loc_loss:  1.256124496459961 reward_loss:  -62.8062744140625
epoch:  10 batch:  40 region_loss:  10.0 10.0 loc_loss:  1.2661337280273437 reward_loss:  -63.306678771972656
epoch:  10 batch:  50 region_loss:  10.0 10.0 loc_loss:  1.2451660919189453 reward_loss:  -62.258262634277344
epoch:  10 batch:  60 region_loss:  10.0 10.0 loc_loss:  1.2660917663574218 reward_loss:  -63.30459213256836
epoch:  10 batch:  70 region_loss:  10.0 10.0 loc_loss:  1.2133956909179688 reward_loss:  -60.6697883605957
epoch:  10 batch:  80 region_loss:  10.0 10.0 loc_loss:  1.271565933227539 reward_loss:  -63.57816696166992
epoch:  10 batch:  90 region_loss:  6.0 6.0 loc_loss:  0.7747266387939453 reward_loss:  -38.736331939697266
epoch:  10 batch:  100 region_loss:  8.0 8.0 loc_loss:  0.9538813018798828 reward_loss:  -47.694095611572266
epoch:  10 batch:  110 region_loss:  4.0 4.0 loc_loss:  0.534111328125 reward_loss:  -26.705556869506836
epoch:  10 batch:  120 region_loss:  5.0 5.0 loc_loss:  0.6352427291870117 reward_loss:  -31.76212501525879
epoch:  10 batch:  130 region_loss:  7.0 7.0 loc_loss:  0.8971536254882813 reward_loss:  -44.85768508911133
acc@1:  0.11665098777046096
epoch: 10 region loss 0.17051094890510948 loc loss 1.0392831120177777 reward loss -51.9641566589801
epoch:  11 batch:  0 region_loss:  10.0 10.0 loc_loss:  1.2083460998535156 reward_loss:  -60.41730499267578
epoch:  11 batch:  10 region_loss:  10.0 10.0 loc_loss:  1.2260824584960937 reward_loss:  -61.30411911010742
epoch:  11 batch:  20 region_loss:  10.0 10.0 loc_loss:  1.1027948760986328 reward_loss:  -55.13975143432617
epoch:  11 batch:  30 region_loss:  10.0 10.0 loc_loss:  1.1842459869384765 reward_loss:  -59.2122917175293
epoch:  11 batch:  40 region_loss:  10.0 10.0 loc_loss:  1.2134246826171875 reward_loss:  -60.67123031616211
epoch:  11 batch:  50 region_loss:  10.0 10.0 loc_loss:  1.1701222229003907 reward_loss:  -58.50615310668945
epoch:  11 batch:  60 region_loss:  10.0 10.0 loc_loss:  1.2040181732177735 reward_loss:  -60.200836181640625
epoch:  11 batch:  70 region_loss:  10.0 10.0 loc_loss:  1.1438162231445312 reward_loss:  -57.19075012207031
epoch:  11 batch:  80 region_loss:  10.0 10.0 loc_loss:  1.2117548370361328 reward_loss:  -60.587730407714844
epoch:  11 batch:  90 region_loss:  6.0 6.0 loc_loss:  0.7392716217041015 reward_loss:  -36.96357345581055
epoch:  11 batch:  100 region_loss:  8.0 8.0 loc_loss:  0.8983522033691407 reward_loss:  -44.91764450073242
epoch:  11 batch:  110 region_loss:  4.0 4.0 loc_loss:  0.5109597778320313 reward_loss:  -25.547988891601562
epoch:  11 batch:  120 region_loss:  5.0 5.0 loc_loss:  0.6026508331298828 reward_loss:  -30.13256072998047
epoch:  11 batch:  130 region_loss:  7.0 7.0 loc_loss:  0.8546422576904297 reward_loss:  -42.732112884521484
acc@1:  0.12605832549388524
epoch: 11 region loss 0.17051094890510948 loc loss 0.983234101734022 reward loss -49.16170297051868
epoch:  12 batch:  0 region_loss:  10.0 10.0 loc_loss:  1.1369482421875 reward_loss:  -56.847415924072266
epoch:  12 batch:  10 region_loss:  10.0 10.0 loc_loss:  1.1571530151367186 reward_loss:  -57.85764694213867
epoch:  12 batch:  20 region_loss:  10.0 10.0 loc_loss:  1.0338748168945313 reward_loss:  -51.6937370300293
epoch:  12 batch:  30 region_loss:  10.0 10.0 loc_loss:  1.1131066131591796 reward_loss:  -55.6552619934082
epoch:  12 batch:  40 region_loss:  10.0 10.0 loc_loss:  1.1612916564941407 reward_loss:  -58.06458282470703
epoch:  12 batch:  50 region_loss:  10.0 10.0 loc_loss:  1.0973866271972657 reward_loss:  -54.869300842285156
epoch:  12 batch:  60 region_loss:  10.0 10.0 loc_loss:  1.1441325378417968 reward_loss:  -57.206634521484375
epoch:  12 batch:  70 region_loss:  10.0 10.0 loc_loss:  1.078791732788086 reward_loss:  -53.9395751953125
epoch:  12 batch:  80 region_loss:  10.0 10.0 loc_loss:  1.1546615600585937 reward_loss:  -57.73307800292969
epoch:  12 batch:  90 region_loss:  6.0 6.0 loc_loss:  0.704745864868164 reward_loss:  -35.2372932434082
epoch:  12 batch:  100 region_loss:  8.0 8.0 loc_loss:  0.8464835357666015 reward_loss:  -42.3242301940918
epoch:  12 batch:  110 region_loss:  4.0 4.0 loc_loss:  0.4878107452392578 reward_loss:  -24.390539169311523
epoch:  12 batch:  120 region_loss:  5.0 5.0 loc_loss:  0.5712773513793945 reward_loss:  -28.56386375427246
epoch:  12 batch:  130 region_loss:  7.0 7.0 loc_loss:  0.8135920715332031 reward_loss:  -40.679603576660156
acc@1:  0.13264346190028223
epoch: 12 region loss 0.17051094890510948 loc loss 0.9298800110642929 reward loss -46.49400606642674
epoch:  13 batch:  0 region_loss:  10.0 10.0 loc_loss:  1.0690805053710937 reward_loss:  -53.45402908325195
epoch:  13 batch:  10 region_loss:  10.0 10.0 loc_loss:  1.0912425994873047 reward_loss:  -54.562129974365234
epoch:  13 batch:  20 region_loss:  10.0 10.0 loc_loss:  0.9691030883789062 reward_loss:  -48.45515823364258
epoch:  13 batch:  30 region_loss:  10.0 10.0 loc_loss:  1.0443617248535155 reward_loss:  -52.21812438964844
epoch:  13 batch:  40 region_loss:  10.0 10.0 loc_loss:  1.1105047607421874 reward_loss:  -55.525238037109375
epoch:  13 batch:  50 region_loss:  10.0 10.0 loc_loss:  1.028702850341797 reward_loss:  -51.435142517089844
epoch:  13 batch:  60 region_loss:  10.0 10.0 loc_loss:  1.0867715454101563 reward_loss:  -54.33855438232422
epoch:  13 batch:  70 region_loss:  10.0 10.0 loc_loss:  1.0185986328125 reward_loss:  -50.929931640625
epoch:  13 batch:  80 region_loss:  10.0 10.0 loc_loss:  1.1004112243652344 reward_loss:  -55.02056121826172
epoch:  13 batch:  90 region_loss:  6.0 6.0 loc_loss:  0.6716230773925781 reward_loss:  -33.581146240234375
epoch:  13 batch:  100 region_loss:  8.0 8.0 loc_loss:  0.7988223266601563 reward_loss:  -39.94109344482422
epoch:  13 batch:  110 region_loss:  4.0 4.0 loc_loss:  0.46498226165771483 reward_loss:  -23.249113082885742
epoch:  13 batch:  120 region_loss:  5.0 5.0 loc_loss:  0.5415129089355468 reward_loss:  -27.07564353942871
epoch:  13 batch:  130 region_loss:  7.0 7.0 loc_loss:  0.7744648742675782 reward_loss:  -38.723243713378906
acc@1:  0.13828786453433678
epoch: 13 region loss 0.17051094890510948 loc loss 0.8798639461767935 reward loss -43.993195791314115
epoch:  14 batch:  0 region_loss:  10.0 10.0 loc_loss:  1.0062773132324219 reward_loss:  -50.31385803222656
epoch:  14 batch:  10 region_loss:  10.0 10.0 loc_loss:  1.029673843383789 reward_loss:  -51.48369598388672
epoch:  14 batch:  20 region_loss:  10.0 10.0 loc_loss:  0.9096469879150391 reward_loss:  -45.48236083984375
epoch:  14 batch:  30 region_loss:  10.0 10.0 loc_loss:  0.9799588012695313 reward_loss:  -48.99794387817383
epoch:  14 batch:  40 region_loss:  10.0 10.0 loc_loss:  1.0619483947753907 reward_loss:  -53.09742736816406
epoch:  14 batch:  50 region_loss:  10.0 10.0 loc_loss:  0.9651763916015625 reward_loss:  -48.258766174316406
epoch:  14 batch:  60 region_loss:  10.0 10.0 loc_loss:  1.0323370361328126 reward_loss:  -51.616851806640625
epoch:  14 batch:  70 region_loss:  10.0 10.0 loc_loss:  0.9629557800292968 reward_loss:  -48.147789001464844
epoch:  14 batch:  80 region_loss:  10.0 10.0 loc_loss:  1.049000244140625 reward_loss:  -52.44998550415039
epoch:  14 batch:  90 region_loss:  6.0 6.0 loc_loss:  0.6401488494873047 reward_loss:  -32.0074462890625
epoch:  14 batch:  100 region_loss:  8.0 8.0 loc_loss:  0.7554554748535156 reward_loss:  -37.77277374267578
epoch:  14 batch:  110 region_loss:  4.0 4.0 loc_loss:  0.44276382446289064 reward_loss:  -22.138187408447266
epoch:  14 batch:  120 region_loss:  5.0 5.0 loc_loss:  0.5133675765991211 reward_loss:  -25.66837501525879
epoch:  14 batch:  130 region_loss:  7.0 7.0 loc_loss:  0.7374852752685547 reward_loss:  -36.87425994873047
acc@1:  0.138758231420508
epoch: 14 region loss 0.17051094890510948 loc loss 0.833481634376693 reward loss -41.67408031268712
epoch:  15 batch:  0 region_loss:  10.0 10.0 loc_loss:  0.948915786743164 reward_loss:  -47.4457893371582
epoch:  15 batch:  10 region_loss:  10.0 10.0 loc_loss:  0.9729725646972657 reward_loss:  -48.648624420166016
epoch:  15 batch:  20 region_loss:  10.0 10.0 loc_loss:  0.8562332916259766 reward_loss:  -42.811668395996094
epoch:  15 batch:  30 region_loss:  10.0 10.0 loc_loss:  0.92133056640625 reward_loss:  -46.066524505615234
epoch:  15 batch:  40 region_loss:  10.0 10.0 loc_loss:  1.0161221313476563 reward_loss:  -50.806095123291016
epoch:  15 batch:  50 region_loss:  10.0 10.0 loc_loss:  0.9074815368652344 reward_loss:  -45.37407684326172
epoch:  15 batch:  60 region_loss:  10.0 10.0 loc_loss:  0.9810686492919922 reward_loss:  -49.05343246459961
epoch:  15 batch:  70 region_loss:  10.0 10.0 loc_loss:  0.9116268157958984 reward_loss:  -45.58134078979492
epoch:  15 batch:  80 region_loss:  10.0 10.0 loc_loss:  1.0004578399658204 reward_loss:  -50.022891998291016
epoch:  15 batch:  90 region_loss:  6.0 6.0 loc_loss:  0.610375747680664 reward_loss:  -30.518781661987305
epoch:  15 batch:  100 region_loss:  8.0 8.0 loc_loss:  0.7161437225341797 reward_loss:  -35.80718994140625
epoch:  15 batch:  110 region_loss:  4.0 4.0 loc_loss:  0.4213678741455078 reward_loss:  -21.068391799926758
epoch:  15 batch:  120 region_loss:  5.0 5.0 loc_loss:  0.4866728973388672 reward_loss:  -24.333648681640625
epoch:  15 batch:  130 region_loss:  7.0 7.0 loc_loss:  0.7027175903320313 reward_loss:  -35.1358757019043
acc@1:  0.14111006585136407
epoch: 15 region loss 0.17051094890510948 loc loss 0.7907525935486285 reward loss -39.53763048492209
epoch:  16 batch:  0 region_loss:  10.0 10.0 loc_loss:  0.8965792083740234 reward_loss:  -44.828956604003906
epoch:  16 batch:  10 region_loss:  10.0 10.0 loc_loss:  0.9211251831054688 reward_loss:  -46.05625534057617
epoch:  16 batch:  20 region_loss:  10.0 10.0 loc_loss:  0.8089437103271484 reward_loss:  -40.447181701660156
epoch:  16 batch:  30 region_loss:  10.0 10.0 loc_loss:  0.8687437438964843 reward_loss:  -43.43718338012695
epoch:  16 batch:  40 region_loss:  10.0 10.0 loc_loss:  0.9731464385986328 reward_loss:  -48.65732192993164
epoch:  16 batch:  50 region_loss:  10.0 10.0 loc_loss:  0.8558171081542969 reward_loss:  -42.790855407714844
epoch:  16 batch:  60 region_loss:  10.0 10.0 loc_loss:  0.9328954315185547 reward_loss:  -46.644775390625
epoch:  16 batch:  70 region_loss:  10.0 10.0 loc_loss:  0.8644362640380859 reward_loss:  -43.22182083129883
epoch:  16 batch:  80 region_loss:  10.0 10.0 loc_loss:  0.9547918701171875 reward_loss:  -47.739593505859375
epoch:  16 batch:  90 region_loss:  6.0 6.0 loc_loss:  0.5822502517700195 reward_loss:  -29.112510681152344
epoch:  16 batch:  100 region_loss:  8.0 8.0 loc_loss:  0.6804510498046875 reward_loss:  -34.02255630493164
epoch:  16 batch:  110 region_loss:  4.0 4.0 loc_loss:  0.40090576171875 reward_loss:  -20.0452880859375
epoch:  16 batch:  120 region_loss:  5.0 5.0 loc_loss:  0.4612950134277344 reward_loss:  -23.064746856689453
epoch:  16 batch:  130 region_loss:  7.0 7.0 loc_loss:  0.6701121520996094 reward_loss:  -33.5056037902832
acc@1:  0.14016933207902163
epoch: 16 region loss 0.17051094890510948 loc loss 0.7514824425913121 reward loss -37.5741213359972
epoch:  17 batch:  0 region_loss:  10.0 10.0 loc_loss:  0.8486954498291016 reward_loss:  -42.43478012084961
epoch:  17 batch:  10 region_loss:  10.0 10.0 loc_loss:  0.8738542938232422 reward_loss:  -43.69271469116211
epoch:  17 batch:  20 region_loss:  10.0 10.0 loc_loss:  0.7672776031494141 reward_loss:  -38.3638801574707
epoch:  17 batch:  30 region_loss:  10.0 10.0 loc_loss:  0.8215662384033203 reward_loss:  -41.078311920166016
epoch:  17 batch:  40 region_loss:  10.0 10.0 loc_loss:  0.9329765319824219 reward_loss:  -46.64881896972656
epoch:  17 batch:  50 region_loss:  10.0 10.0 loc_loss:  0.8097146606445312 reward_loss:  -40.4857292175293
epoch:  17 batch:  60 region_loss:  10.0 10.0 loc_loss:  0.8875809478759765 reward_loss:  -44.37904739379883
epoch:  17 batch:  70 region_loss:  10.0 10.0 loc_loss:  0.8211858367919922 reward_loss:  -41.05929183959961
epoch:  17 batch:  80 region_loss:  10.0 10.0 loc_loss:  0.9118802642822266 reward_loss:  -45.59401321411133
epoch:  17 batch:  90 region_loss:  6.0 6.0 loc_loss:  0.5556873321533203 reward_loss:  -27.784364700317383
epoch:  17 batch:  100 region_loss:  8.0 8.0 loc_loss:  0.6478472900390625 reward_loss:  -32.39236068725586
epoch:  17 batch:  110 region_loss:  4.0 4.0 loc_loss:  0.3813970184326172 reward_loss:  -19.069849014282227
epoch:  17 batch:  120 region_loss:  5.0 5.0 loc_loss:  0.437164306640625 reward_loss:  -21.85821533203125
epoch:  17 batch:  130 region_loss:  7.0 7.0 loc_loss:  0.6395474243164062 reward_loss:  -31.977371215820312
acc@1:  0.1396989651928504
epoch: 17 region loss 0.17051094890510948 loc loss 0.7153418501972283 reward loss -35.767091869437785
epoch:  18 batch:  0 region_loss:  10.0 10.0 loc_loss:  0.8047518920898438 reward_loss:  -40.23759460449219
epoch:  18 batch:  10 region_loss:  10.0 10.0 loc_loss:  0.830726318359375 reward_loss:  -41.536312103271484
epoch:  18 batch:  20 region_loss:  10.0 10.0 loc_loss:  0.7303634643554687 reward_loss:  -36.51817321777344
epoch:  18 batch:  30 region_loss:  10.0 10.0 loc_loss:  0.7789370727539062 reward_loss:  -38.94684982299805
epoch:  18 batch:  40 region_loss:  10.0 10.0 loc_loss:  0.8954859924316406 reward_loss:  -44.774295806884766
epoch:  18 batch:  50 region_loss:  10.0 10.0 loc_loss:  0.7683479309082031 reward_loss:  -38.41739273071289
epoch:  18 batch:  60 region_loss:  10.0 10.0 loc_loss:  0.8448519897460938 reward_loss:  -42.24259567260742
epoch:  18 batch:  70 region_loss:  10.0 10.0 loc_loss:  0.7815687561035156 reward_loss:  -39.07843780517578
epoch:  18 batch:  80 region_loss:  10.0 10.0 loc_loss:  0.8714341735839843 reward_loss:  -43.57171630859375
epoch:  18 batch:  90 region_loss:  6.0 6.0 loc_loss:  0.5305801773071289 reward_loss:  -26.52900505065918
epoch:  18 batch:  100 region_loss:  8.0 8.0 loc_loss:  0.617795639038086 reward_loss:  -30.889789581298828
epoch:  18 batch:  110 region_loss:  4.0 4.0 loc_loss:  0.3628044891357422 reward_loss:  -18.14022445678711
epoch:  18 batch:  120 region_loss:  5.0 5.0 loc_loss:  0.4142319107055664 reward_loss:  -20.711578369140625
epoch:  18 batch:  130 region_loss:  7.0 7.0 loc_loss:  0.6108647537231445 reward_loss:  -30.543235778808594
acc@1:  0.1396989651928504
epoch: 18 region loss 0.17051094890510948 loc loss 0.6819513004887713 reward loss -34.09754683501529
epoch:  19 batch:  0 region_loss:  10.0 10.0 loc_loss:  0.7642578125 reward_loss:  -38.212890625
epoch:  19 batch:  10 region_loss:  10.0 10.0 loc_loss:  0.791236343383789 reward_loss:  -39.56181335449219
epoch:  19 batch:  20 region_loss:  10.0 10.0 loc_loss:  0.6972686767578125 reward_loss:  -34.86343002319336
epoch:  19 batch:  30 region_loss:  10.0 10.0 loc_loss:  0.7401065063476563 reward_loss:  -37.00532531738281
epoch:  19 batch:  40 region_loss:  10.0 10.0 loc_loss:  0.8604454040527344 reward_loss:  -43.02226257324219
epoch:  19 batch:  50 region_loss:  10.0 10.0 loc_loss:  0.7309191131591797 reward_loss:  -36.545955657958984
epoch:  19 batch:  60 region_loss:  10.0 10.0 loc_loss:  0.8044416809082031 reward_loss:  -40.22208023071289
epoch:  19 batch:  70 region_loss:  10.0 10.0 loc_loss:  0.7451348114013672 reward_loss:  -37.25674057006836
epoch:  19 batch:  80 region_loss:  10.0 10.0 loc_loss:  0.8330828094482422 reward_loss:  -41.654136657714844
epoch:  19 batch:  90 region_loss:  6.0 6.0 loc_loss:  0.5067982101440429 reward_loss:  -25.33991050720215
epoch:  19 batch:  100 region_loss:  8.0 8.0 loc_loss:  0.5898274612426758 reward_loss:  -29.491374969482422
epoch:  19 batch:  110 region_loss:  4.0 4.0 loc_loss:  0.34507179260253906 reward_loss:  -17.253591537475586
epoch:  19 batch:  120 region_loss:  5.0 5.0 loc_loss:  0.3924517822265625 reward_loss:  -19.62258529663086
epoch:  19 batch:  130 region_loss:  7.0 7.0 loc_loss:  0.5838543701171875 reward_loss:  -29.192716598510742
acc@1:  0.1415804327375353
epoch: 19 region loss 0.17051094890510948 loc loss 0.6509330986190016 reward loss -32.54665355264706
epoch:  20 batch:  0 region_loss:  10.0 10.0 loc_loss:  0.7267320251464844 reward_loss:  -36.33660125732422
epoch:  20 batch:  10 region_loss:  10.0 10.0 loc_loss:  0.7548719787597656 reward_loss:  -37.74359130859375
epoch:  20 batch:  20 region_loss:  10.0 10.0 loc_loss:  0.6671938323974609 reward_loss:  -33.35969161987305
epoch:  20 batch:  30 region_loss:  10.0 10.0 loc_loss:  0.7044729614257812 reward_loss:  -35.2236442565918
epoch:  20 batch:  40 region_loss:  10.0 10.0 loc_loss:  0.8275203704833984 reward_loss:  -41.37601852416992
epoch:  20 batch:  50 region_loss:  10.0 10.0 loc_loss:  0.6967652893066406 reward_loss:  -34.838260650634766
epoch:  20 batch:  60 region_loss:  10.0 10.0 loc_loss:  0.7661180114746093 reward_loss:  -38.3058967590332
epoch:  20 batch:  70 region_loss:  10.0 10.0 loc_loss:  0.7113561248779297 reward_loss:  -35.56781005859375
epoch:  20 batch:  80 region_loss:  10.0 10.0 loc_loss:  0.7964948272705078 reward_loss:  -39.824745178222656
epoch:  20 batch:  90 region_loss:  6.0 6.0 loc_loss:  0.48419895172119143 reward_loss:  -24.209949493408203
epoch:  20 batch:  100 region_loss:  8.0 8.0 loc_loss:  0.5635628128051757 reward_loss:  -28.178150177001953
epoch:  20 batch:  110 region_loss:  4.0 4.0 loc_loss:  0.3281317138671875 reward_loss:  -16.406585693359375
epoch:  20 batch:  120 region_loss:  5.0 5.0 loc_loss:  0.3717886734008789 reward_loss:  -18.589433670043945
epoch:  20 batch:  130 region_loss:  7.0 7.0 loc_loss:  0.5582802200317383 reward_loss:  -27.91400909423828
acc@1:  0.14016933207902163
epoch: 20 region loss 0.17051094890510948 loc loss 0.6219460185252838 reward loss -31.097299882095225
epoch:  21 batch:  0 region_loss:  10.0 10.0 loc_loss:  0.6917352294921875 reward_loss:  -34.586761474609375
epoch:  21 batch:  10 region_loss:  10.0 10.0 loc_loss:  0.7211410522460937 reward_loss:  -36.05705261230469
epoch:  21 batch:  20 region_loss:  10.0 10.0 loc_loss:  0.6395181655883789 reward_loss:  -31.975906372070312
epoch:  21 batch:  30 region_loss:  10.0 10.0 loc_loss:  0.6715316009521485 reward_loss:  -33.57658004760742
epoch:  21 batch:  40 region_loss:  10.0 10.0 loc_loss:  0.796336669921875 reward_loss:  -39.81683349609375
epoch:  21 batch:  50 region_loss:  10.0 10.0 loc_loss:  0.6653229522705079 reward_loss:  -33.26614761352539
epoch:  21 batch:  60 region_loss:  10.0 10.0 loc_loss:  0.7296908569335937 reward_loss:  -36.48454284667969
epoch:  21 batch:  70 region_loss:  10.0 10.0 loc_loss:  0.6797817993164063 reward_loss:  -33.98908996582031
epoch:  21 batch:  80 region_loss:  10.0 10.0 loc_loss:  0.761432876586914 reward_loss:  -38.0716438293457
epoch:  21 batch:  90 region_loss:  6.0 6.0 loc_loss:  0.4626494598388672 reward_loss:  -23.132471084594727
epoch:  21 batch:  100 region_loss:  8.0 8.0 loc_loss:  0.5387086868286133 reward_loss:  -26.93543243408203
epoch:  21 batch:  110 region_loss:  4.0 4.0 loc_loss:  0.3119080924987793 reward_loss:  -15.595403671264648
epoch:  21 batch:  120 region_loss:  5.0 5.0 loc_loss:  0.352210693359375 reward_loss:  -17.61053466796875
epoch:  21 batch:  130 region_loss:  7.0 7.0 loc_loss:  0.5339249420166016 reward_loss:  -26.696247100830078
acc@1:  0.13922859830667922
epoch: 21 region loss 0.17051094890510948 loc loss 0.5946922040507742 reward loss -29.734609582998456
epoch:  22 batch:  0 region_loss:  10.0 10.0 loc_loss:  0.6588932037353515 reward_loss:  -32.94466018676758
epoch:  22 batch:  10 region_loss:  10.0 10.0 loc_loss:  0.6896113586425782 reward_loss:  -34.480567932128906
epoch:  22 batch:  20 region_loss:  10.0 10.0 loc_loss:  0.6137799835205078 reward_loss:  -30.689044952392578
epoch:  22 batch:  30 region_loss:  10.0 10.0 loc_loss:  0.64084228515625 reward_loss:  -32.04210662841797
epoch:  22 batch:  40 region_loss:  10.0 10.0 loc_loss:  0.7665594482421875 reward_loss:  -38.327972412109375
epoch:  22 batch:  50 region_loss:  10.0 10.0 loc_loss:  0.636106948852539 reward_loss:  -31.805347442626953
epoch:  22 batch:  60 region_loss:  10.0 10.0 loc_loss:  0.6950064849853516 reward_loss:  -34.75032043457031
epoch:  22 batch:  70 region_loss:  10.0 10.0 loc_loss:  0.6500836944580078 reward_loss:  -32.50418472290039
epoch:  22 batch:  80 region_loss:  10.0 10.0 loc_loss:  0.7277410125732422 reward_loss:  -36.38705062866211
epoch:  22 batch:  90 region_loss:  6.0 6.0 loc_loss:  0.44203182220458986 reward_loss:  -22.10158920288086
epoch:  22 batch:  100 region_loss:  8.0 8.0 loc_loss:  0.5150508117675782 reward_loss:  -25.752540588378906
epoch:  22 batch:  110 region_loss:  4.0 4.0 loc_loss:  0.2963261032104492 reward_loss:  -14.816305160522461
epoch:  22 batch:  120 region_loss:  5.0 5.0 loc_loss:  0.3336786270141602 reward_loss:  -16.683931350708008
epoch:  22 batch:  130 region_loss:  7.0 7.0 loc_loss:  0.5106105041503907 reward_loss:  -25.5305233001709
acc@1:  0.1396989651928504
epoch: 22 region loss 0.17051094890510948 loc loss 0.5689250160133752 reward loss -28.44625066144623
epoch:  23 batch:  0 region_loss:  10.0 10.0 loc_loss:  0.6279010009765625 reward_loss:  -31.395050048828125
epoch:  23 batch:  10 region_loss:  10.0 10.0 loc_loss:  0.6599298095703126 reward_loss:  -32.996490478515625
epoch:  23 batch:  20 region_loss:  10.0 10.0 loc_loss:  0.589639892578125 reward_loss:  -29.481992721557617
epoch:  23 batch:  30 region_loss:  10.0 10.0 loc_loss:  0.6120228576660156 reward_loss:  -30.601144790649414
epoch:  23 batch:  40 region_loss:  10.0 10.0 loc_loss:  0.7379335021972656 reward_loss:  -36.896671295166016
epoch:  23 batch:  50 region_loss:  10.0 10.0 loc_loss:  0.6087100219726562 reward_loss:  -30.43549919128418
epoch:  23 batch:  60 region_loss:  10.0 10.0 loc_loss:  0.6619361877441406 reward_loss:  -33.09680938720703
epoch:  23 batch:  70 region_loss:  10.0 10.0 loc_loss:  0.6220299911499023 reward_loss:  -31.101497650146484
epoch:  23 batch:  80 region_loss:  10.0 10.0 loc_loss:  0.6953157806396484 reward_loss:  -34.76578903198242
epoch:  23 batch:  90 region_loss:  6.0 6.0 loc_loss:  0.42223907470703126 reward_loss:  -21.111953735351562
epoch:  23 batch:  100 region_loss:  8.0 8.0 loc_loss:  0.4924342346191406 reward_loss:  -24.6217098236084
epoch:  23 batch:  110 region_loss:  4.0 4.0 loc_loss:  0.2813253974914551 reward_loss:  -14.066268920898438
epoch:  23 batch:  120 region_loss:  5.0 5.0 loc_loss:  0.31613494873046877 reward_loss:  -15.806746482849121
epoch:  23 batch:  130 region_loss:  7.0 7.0 loc_loss:  0.4882012939453125 reward_loss:  -24.410064697265625
acc@1:  0.13311382878645345
epoch: 23 region loss 0.17051094890510948 loc loss 0.5444437442556785 reward loss -27.222186885610984
epoch:  24 batch:  0 region_loss:  10.0 10.0 loc_loss:  0.5985169219970703 reward_loss:  -29.925846099853516
epoch:  24 batch:  10 region_loss:  10.0 10.0 loc_loss:  0.63181640625 reward_loss:  -31.590822219848633
epoch:  24 batch:  20 region_loss:  10.0 10.0 loc_loss:  0.5668438720703125 reward_loss:  -28.342193603515625
epoch:  24 batch:  30 region_loss:  10.0 10.0 loc_loss:  0.584754295349121 reward_loss:  -29.237714767456055
epoch:  24 batch:  40 region_loss:  10.0 10.0 loc_loss:  0.7102827453613281 reward_loss:  -35.514137268066406
epoch:  24 batch:  50 region_loss:  10.0 10.0 loc_loss:  0.5828069305419922 reward_loss:  -29.140350341796875
epoch:  24 batch:  60 region_loss:  10.0 10.0 loc_loss:  0.6303664398193359 reward_loss:  -31.51831817626953
epoch:  24 batch:  70 region_loss:  10.0 10.0 loc_loss:  0.595436897277832 reward_loss:  -29.77184295654297
epoch:  24 batch:  80 region_loss:  10.0 10.0 loc_loss:  0.6640864562988281 reward_loss:  -33.204322814941406
epoch:  24 batch:  90 region_loss:  6.0 6.0 loc_loss:  0.4031751251220703 reward_loss:  -20.158756256103516
epoch:  24 batch:  100 region_loss:  8.0 8.0 loc_loss:  0.47074485778808595 reward_loss:  -23.537242889404297
epoch:  24 batch:  110 region_loss:  4.0 4.0 loc_loss:  0.2668672752380371 reward_loss:  -13.343361854553223
epoch:  24 batch:  120 region_loss:  5.0 5.0 loc_loss:  0.29950168609619143 reward_loss:  -14.97508430480957
epoch:  24 batch:  130 region_loss:  7.0 7.0 loc_loss:  0.4665956497192383 reward_loss:  -23.329784393310547
acc@1:  0.13452492944496708
epoch: 24 region loss 0.17051094890510948 loc loss 0.5210858672204679 reward loss -26.05429299556426
epoch:  25 batch:  0 region_loss:  10.0 10.0 loc_loss:  0.5705533981323242 reward_loss:  -28.527667999267578
epoch:  25 batch:  10 region_loss:  10.0 10.0 loc_loss:  0.60504638671875 reward_loss:  -30.252321243286133
epoch:  25 batch:  20 region_loss:  10.0 10.0 loc_loss:  0.5451941680908203 reward_loss:  -27.25971031188965
epoch:  25 batch:  30 region_loss:  10.0 10.0 loc_loss:  0.5587760543823242 reward_loss:  -27.93880271911621
epoch:  25 batch:  40 region_loss:  10.0 10.0 loc_loss:  0.6834900665283203 reward_loss:  -34.174503326416016
epoch:  25 batch:  50 region_loss:  10.0 10.0 loc_loss:  0.5581504058837891 reward_loss:  -27.90751838684082
epoch:  25 batch:  60 region_loss:  10.0 10.0 loc_loss:  0.600191421508789 reward_loss:  -30.009571075439453
epoch:  25 batch:  70 region_loss:  10.0 10.0 loc_loss:  0.5701275634765625 reward_loss:  -28.506378173828125
epoch:  25 batch:  80 region_loss:  10.0 10.0 loc_loss:  0.6339745330810547 reward_loss:  -31.698728561401367
epoch:  25 batch:  90 region_loss:  6.0 6.0 loc_loss:  0.38475799560546875 reward_loss:  -19.23790168762207
epoch:  25 batch:  100 region_loss:  8.0 8.0 loc_loss:  0.44989402770996095 reward_loss:  -22.494701385498047
epoch:  25 batch:  110 region_loss:  4.0 4.0 loc_loss:  0.25293075561523437 reward_loss:  -12.646536827087402
epoch:  25 batch:  120 region_loss:  5.0 5.0 loc_loss:  0.28369056701660156 reward_loss:  -14.184528350830078
epoch:  25 batch:  130 region_loss:  7.0 7.0 loc_loss:  0.44571083068847656 reward_loss:  -22.285539627075195
acc@1:  0.13123236124176857
epoch: 25 region loss 0.17051094890510948 loc loss 0.49871747587719106 reward loss -24.935874100149114
epoch:  26 batch:  0 region_loss:  10.0 10.0 loc_loss:  0.5438585662841797 reward_loss:  -27.19292449951172
epoch:  26 batch:  10 region_loss:  10.0 10.0 loc_loss:  0.5794322967529297 reward_loss:  -28.971614837646484
epoch:  26 batch:  20 region_loss:  10.0 10.0 loc_loss:  0.5245354080200195 reward_loss:  -26.226770401000977
epoch:  26 batch:  30 region_loss:  10.0 10.0 loc_loss:  0.5338786315917968 reward_loss:  -26.693931579589844
epoch:  26 batch:  40 region_loss:  10.0 10.0 loc_loss:  0.6574691772460938 reward_loss:  -32.87346267700195
epoch:  26 batch:  50 region_loss:  10.0 10.0 loc_loss:  0.5345594024658203 reward_loss:  -26.72796630859375
epoch:  26 batch:  60 region_loss:  10.0 10.0 loc_loss:  0.5713109970092773 reward_loss:  -28.56554412841797
epoch:  26 batch:  70 region_loss:  10.0 10.0 loc_loss:  0.5459357070922851 reward_loss:  -27.296785354614258
epoch:  26 batch:  80 region_loss:  10.0 10.0 loc_loss:  0.6048782730102539 reward_loss:  -30.243913650512695
epoch:  26 batch:  90 region_loss:  6.0 6.0 loc_loss:  0.3669239044189453 reward_loss:  -18.3461971282959
epoch:  26 batch:  100 region_loss:  8.0 8.0 loc_loss:  0.4298054504394531 reward_loss:  -21.49027442932129
epoch:  26 batch:  110 region_loss:  4.0 4.0 loc_loss:  0.2395000648498535 reward_loss:  -11.97500228881836
epoch:  26 batch:  120 region_loss:  5.0 5.0 loc_loss:  0.2686177635192871 reward_loss:  -13.430888175964355
epoch:  26 batch:  130 region_loss:  7.0 7.0 loc_loss:  0.42548561096191406 reward_loss:  -21.274280548095703
acc@1:  0.12982126058325494
epoch: 26 region loss 0.17051094890510948 loc loss 0.4772262883012312 reward loss -23.86131429324185
epoch:  27 batch:  0 region_loss:  10.0 10.0 loc_loss:  0.5183036804199219 reward_loss:  -25.91518211364746
epoch:  27 batch:  10 region_loss:  10.0 10.0 loc_loss:  0.5548155212402344 reward_loss:  -27.740774154663086
epoch:  27 batch:  20 region_loss:  10.0 10.0 loc_loss:  0.5047397613525391 reward_loss:  -25.23699188232422
epoch:  27 batch:  30 region_loss:  10.0 10.0 loc_loss:  0.5098986053466796 reward_loss:  -25.494930267333984
epoch:  27 batch:  40 region_loss:  10.0 10.0 loc_loss:  0.6321451568603516 reward_loss:  -31.607257843017578
epoch:  27 batch:  50 region_loss:  10.0 10.0 loc_loss:  0.5118959808349609 reward_loss:  -25.594799041748047
epoch:  27 batch:  60 region_loss:  10.0 10.0 loc_loss:  0.5436188125610352 reward_loss:  -27.180938720703125
epoch:  27 batch:  70 region_loss:  10.0 10.0 loc_loss:  0.5227163314819336 reward_loss:  -26.13581657409668
epoch:  27 batch:  80 region_loss:  10.0 10.0 loc_loss:  0.5767106246948243 reward_loss:  -28.835529327392578
epoch:  27 batch:  90 region_loss:  6.0 6.0 loc_loss:  0.34962318420410154 reward_loss:  -17.481159210205078
epoch:  27 batch:  100 region_loss:  8.0 8.0 loc_loss:  0.41040889739990233 reward_loss:  -20.520442962646484
epoch:  27 batch:  110 region_loss:  4.0 4.0 loc_loss:  0.22655759811401366 reward_loss:  -11.327878952026367
epoch:  27 batch:  120 region_loss:  5.0 5.0 loc_loss:  0.2542168807983398 reward_loss:  -12.710844039916992
epoch:  27 batch:  130 region_loss:  7.0 7.0 loc_loss:  0.40587574005126953 reward_loss:  -20.293787002563477
acc@1:  0.1279397930385701
epoch: 27 region loss 0.17051094890510948 loc loss 0.4565183071498453 reward loss -22.825917988798043
epoch:  28 batch:  0 region_loss:  10.0 10.0 loc_loss:  0.4937807846069336 reward_loss:  -24.68903923034668
epoch:  28 batch:  10 region_loss:  10.0 10.0 loc_loss:  0.5310601806640625 reward_loss:  -26.553009033203125
epoch:  28 batch:  20 region_loss:  10.0 10.0 loc_loss:  0.4856973648071289 reward_loss:  -24.28486442565918
epoch:  28 batch:  30 region_loss:  10.0 10.0 loc_loss:  0.48671546936035154 reward_loss:  -24.335773468017578
epoch:  28 batch:  40 region_loss:  10.0 10.0 loc_loss:  0.6074600601196289 reward_loss:  -30.372997283935547
epoch:  28 batch:  50 region_loss:  10.0 10.0 loc_loss:  0.4900519943237305 reward_loss:  -24.502595901489258
epoch:  28 batch:  60 region_loss:  10.0 10.0 loc_loss:  0.5170236968994141 reward_loss:  -25.85118865966797
epoch:  28 batch:  70 region_loss:  10.0 10.0 loc_loss:  0.5003632354736328 reward_loss:  -25.01816177368164
epoch:  28 batch:  80 region_loss:  10.0 10.0 loc_loss:  0.5493992996215821 reward_loss:  -27.4699649810791
epoch:  28 batch:  90 region_loss:  6.0 6.0 loc_loss:  0.3328216552734375 reward_loss:  -16.641084671020508
epoch:  28 batch:  100 region_loss:  8.0 8.0 loc_loss:  0.39164291381835936 reward_loss:  -19.58214569091797
epoch:  28 batch:  110 region_loss:  4.0 4.0 loc_loss:  0.21408294677734374 reward_loss:  -10.704120635986328
epoch:  28 batch:  120 region_loss:  5.0 5.0 loc_loss:  0.24043560028076172 reward_loss:  -12.021780014038086
epoch:  28 batch:  130 region_loss:  7.0 7.0 loc_loss:  0.3868601989746094 reward_loss:  -19.3430118560791
acc@1:  0.12652869238005646
epoch: 28 region loss 0.17051094890510948 loc loss 0.43651576957563415 reward loss -21.825787953216665
epoch:  29 batch:  0 region_loss:  10.0 10.0 loc_loss:  0.47020248413085936 reward_loss:  -23.510122299194336
epoch:  29 batch:  10 region_loss:  10.0 10.0 loc_loss:  0.5080614471435547 reward_loss:  -25.4030704498291
epoch:  29 batch:  20 region_loss:  10.0 10.0 loc_loss:  0.4673186492919922 reward_loss:  -23.365928649902344
epoch:  29 batch:  30 region_loss:  10.0 10.0 loc_loss:  0.4642422866821289 reward_loss:  -23.212112426757812
epoch:  29 batch:  40 region_loss:  10.0 10.0 loc_loss:  0.5833667755126953 reward_loss:  -29.168338775634766
epoch:  29 batch:  50 region_loss:  10.0 10.0 loc_loss:  0.46894126892089844 reward_loss:  -23.44706153869629
epoch:  29 batch:  60 region_loss:  10.0 10.0 loc_loss:  0.49143234252929685 reward_loss:  -24.571617126464844
epoch:  29 batch:  70 region_loss:  10.0 10.0 loc_loss:  0.4787923049926758 reward_loss:  -23.93961524963379
epoch:  29 batch:  80 region_loss:  10.0 10.0 loc_loss:  0.522892951965332 reward_loss:  -26.144651412963867
epoch:  29 batch:  90 region_loss:  6.0 6.0 loc_loss:  0.316495361328125 reward_loss:  -15.824767112731934
epoch:  29 batch:  100 region_loss:  8.0 8.0 loc_loss:  0.3734577560424805 reward_loss:  -18.672887802124023
epoch:  29 batch:  110 region_loss:  4.0 4.0 loc_loss:  0.2020566940307617 reward_loss:  -10.10283374786377
epoch:  29 batch:  120 region_loss:  5.0 5.0 loc_loss:  0.2272334098815918 reward_loss:  -11.36167049407959
epoch:  29 batch:  130 region_loss:  7.0 7.0 loc_loss:  0.3683959197998047 reward_loss:  -18.419795989990234
acc@1:  0.12417685794920037
epoch: 29 region loss 0.17051094890510948 loc loss 0.4171579655765617 reward loss -20.857898207476538
epoch:  30 batch:  0 region_loss:  10.0 10.0 loc_loss:  0.4474920654296875 reward_loss:  -22.374603271484375
epoch:  30 batch:  10 region_loss:  10.0 10.0 loc_loss:  0.4857368087768555 reward_loss:  -24.286840438842773
epoch:  30 batch:  20 region_loss:  10.0 10.0 loc_loss:  0.4495316314697266 reward_loss:  -22.476579666137695
epoch:  30 batch:  30 region_loss:  10.0 10.0 loc_loss:  0.44242301940917966 reward_loss:  -22.12114906311035
epoch:  30 batch:  40 region_loss:  10.0 10.0 loc_loss:  0.5598315811157226 reward_loss:  -27.9915771484375
epoch:  30 batch:  50 region_loss:  10.0 10.0 loc_loss:  0.4485059356689453 reward_loss:  -22.425296783447266
epoch:  30 batch:  60 region_loss:  10.0 10.0 loc_loss:  0.46681961059570315 reward_loss:  -23.34098243713379
epoch:  30 batch:  70 region_loss:  10.0 10.0 loc_loss:  0.4579473495483398 reward_loss:  -22.897367477416992
epoch:  30 batch:  80 region_loss:  10.0 10.0 loc_loss:  0.49714054107666017 reward_loss:  -24.85702896118164
epoch:  30 batch:  90 region_loss:  6.0 6.0 loc_loss:  0.30065532684326174 reward_loss:  -15.032766342163086
epoch:  30 batch:  100 region_loss:  8.0 8.0 loc_loss:  0.3558184814453125 reward_loss:  -17.790922164916992
epoch:  30 batch:  110 region_loss:  4.0 4.0 loc_loss:  0.19046440124511718 reward_loss:  -9.523219108581543
epoch:  30 batch:  120 region_loss:  5.0 5.0 loc_loss:  0.21457242965698242 reward_loss:  -10.728620529174805
epoch:  30 batch:  130 region_loss:  7.0 7.0 loc_loss:  0.35050384521484373 reward_loss:  -17.525190353393555
acc@1:  0.12464722483537159
epoch: 30 region loss 0.17051094890510948 loc loss 0.3984004081600774 reward loss -19.9200201591436
epoch:  31 batch:  0 region_loss:  10.0 10.0 loc_loss:  0.4256081008911133 reward_loss:  -21.28040313720703
epoch:  31 batch:  10 region_loss:  10.0 10.0 loc_loss:  0.46404876708984377 reward_loss:  -23.202436447143555
epoch:  31 batch:  20 region_loss:  10.0 10.0 loc_loss:  0.4322775650024414 reward_loss:  -21.613880157470703
epoch:  31 batch:  30 region_loss:  10.0 10.0 loc_loss:  0.4212064361572266 reward_loss:  -21.060321807861328
epoch:  31 batch:  40 region_loss:  10.0 10.0 loc_loss:  0.5368058013916016 reward_loss:  -26.840288162231445
epoch:  31 batch:  50 region_loss:  10.0 10.0 loc_loss:  0.428684196472168 reward_loss:  -21.4342098236084
epoch:  31 batch:  60 region_loss:  10.0 10.0 loc_loss:  0.4430438232421875 reward_loss:  -22.152189254760742
epoch:  31 batch:  70 region_loss:  10.0 10.0 loc_loss:  0.43773422241210935 reward_loss:  -21.88671112060547
epoch:  31 batch:  80 region_loss:  10.0 10.0 loc_loss:  0.47215259552001954 reward_loss:  -23.607629776000977
epoch:  31 batch:  90 region_loss:  6.0 6.0 loc_loss:  0.2852217674255371 reward_loss:  -14.261089324951172
epoch:  31 batch:  100 region_loss:  8.0 8.0 loc_loss:  0.33870170593261717 reward_loss:  -16.93508529663086
epoch:  31 batch:  110 region_loss:  4.0 4.0 loc_loss:  0.17930919647216798 reward_loss:  -8.965459823608398
epoch:  31 batch:  120 region_loss:  5.0 5.0 loc_loss:  0.20243282318115235 reward_loss:  -10.121641159057617
epoch:  31 batch:  130 region_loss:  7.0 7.0 loc_loss:  0.3330540084838867 reward_loss:  -16.652700424194336
acc@1:  0.12229539040451552
epoch: 31 region loss 0.17051094890510948 loc loss 0.38023821792463314 reward loss -19.011910866646872
epoch:  32 batch:  0 region_loss:  10.0 10.0 loc_loss:  0.404471435546875 reward_loss:  -20.22357177734375
epoch:  32 batch:  10 region_loss:  10.0 10.0 loc_loss:  0.4429343795776367 reward_loss:  -22.146718978881836
epoch:  32 batch:  20 region_loss:  10.0 10.0 loc_loss:  0.41550655364990235 reward_loss:  -20.77532958984375
epoch:  32 batch:  30 region_loss:  10.0 10.0 loc_loss:  0.4005692291259766 reward_loss:  -20.028459548950195
epoch:  32 batch:  40 region_loss:  10.0 10.0 loc_loss:  0.5142928695678711 reward_loss:  -25.714645385742188
epoch:  32 batch:  50 region_loss:  10.0 10.0 loc_loss:  0.4094701766967773 reward_loss:  -20.473508834838867
epoch:  32 batch:  60 region_loss:  10.0 10.0 loc_loss:  0.42027027130126954 reward_loss:  -21.01351547241211
epoch:  32 batch:  70 region_loss:  10.0 10.0 loc_loss:  0.4181831741333008 reward_loss:  -20.90915870666504
epoch:  32 batch:  80 region_loss:  10.0 10.0 loc_loss:  0.4478324890136719 reward_loss:  -22.391624450683594
epoch:  32 batch:  90 region_loss:  6.0 6.0 loc_loss:  0.27030311584472655 reward_loss:  -13.515156745910645
epoch:  32 batch:  100 region_loss:  8.0 8.0 loc_loss:  0.3220841598510742 reward_loss:  -16.10420799255371
epoch:  32 batch:  110 region_loss:  4.0 4.0 loc_loss:  0.16856948852539064 reward_loss:  -8.428474426269531
epoch:  32 batch:  120 region_loss:  5.0 5.0 loc_loss:  0.19077749252319337 reward_loss:  -9.538873672485352
epoch:  32 batch:  130 region_loss:  7.0 7.0 loc_loss:  0.3162575340270996 reward_loss:  -15.812878608703613
acc@1:  0.11994355597365945
epoch: 32 region loss 0.17051094890510948 loc loss 0.36262878672049864 reward loss -18.13143936909028
epoch:  33 batch:  0 region_loss:  10.0 10.0 loc_loss:  0.38410205841064454 reward_loss:  -19.205102920532227
epoch:  33 batch:  10 region_loss:  10.0 10.0 loc_loss:  0.4224421691894531 reward_loss:  -21.12210464477539
epoch:  33 batch:  20 region_loss:  10.0 10.0 loc_loss:  0.39918281555175783 reward_loss:  -19.95914077758789
epoch:  33 batch:  30 region_loss:  10.0 10.0 loc_loss:  0.38046634674072266 reward_loss:  -19.023317337036133
epoch:  33 batch:  40 region_loss:  10.0 10.0 loc_loss:  0.492213134765625 reward_loss:  -24.61065673828125
epoch:  33 batch:  50 region_loss:  10.0 10.0 loc_loss:  0.3907738494873047 reward_loss:  -19.5386905670166
epoch:  33 batch:  60 region_loss:  10.0 10.0 loc_loss:  0.39811470031738283 reward_loss:  -19.905733108520508
epoch:  33 batch:  70 region_loss:  10.0 10.0 loc_loss:  0.3991480255126953 reward_loss:  -19.957401275634766
epoch:  33 batch:  80 region_loss:  10.0 10.0 loc_loss:  0.4242979431152344 reward_loss:  -21.214895248413086
epoch:  33 batch:  90 region_loss:  6.0 6.0 loc_loss:  0.2557215690612793 reward_loss:  -12.786076545715332
epoch:  33 batch:  100 region_loss:  8.0 8.0 loc_loss:  0.3059749984741211 reward_loss:  -15.298749923706055
epoch:  33 batch:  110 region_loss:  4.0 4.0 loc_loss:  0.158278751373291 reward_loss:  -7.913938045501709
epoch:  33 batch:  120 region_loss:  5.0 5.0 loc_loss:  0.1796141242980957 reward_loss:  -8.980707168579102
epoch:  33 batch:  130 region_loss:  7.0 7.0 loc_loss:  0.299740161895752 reward_loss:  -14.987008094787598
acc@1:  0.1180620884289746
epoch: 33 region loss 0.17051094890510948 loc loss 0.3455279002920555 reward loss -17.276394713534057
epoch:  34 batch:  0 region_loss:  10.0 10.0 loc_loss:  0.3643762969970703 reward_loss:  -18.218812942504883
epoch:  34 batch:  10 region_loss:  10.0 10.0 loc_loss:  0.40243988037109374 reward_loss:  -20.121992111206055
epoch:  34 batch:  20 region_loss:  10.0 10.0 loc_loss:  0.38325904846191405 reward_loss:  -19.162952423095703
epoch:  34 batch:  30 region_loss:  10.0 10.0 loc_loss:  0.3609261322021484 reward_loss:  -18.046306610107422
epoch:  34 batch:  40 region_loss:  10.0 10.0 loc_loss:  0.4706356811523438 reward_loss:  -23.531782150268555
epoch:  34 batch:  50 region_loss:  10.0 10.0 loc_loss:  0.3726593780517578 reward_loss:  -18.632966995239258
epoch:  34 batch:  60 region_loss:  10.0 10.0 loc_loss:  0.3770388412475586 reward_loss:  -18.85194206237793
epoch:  34 batch:  70 region_loss:  10.0 10.0 loc_loss:  0.3806941223144531 reward_loss:  -19.03470802307129
epoch:  34 batch:  80 region_loss:  10.0 10.0 loc_loss:  0.4013438415527344 reward_loss:  -20.06719207763672
epoch:  34 batch:  90 region_loss:  6.0 6.0 loc_loss:  0.2416141700744629 reward_loss:  -12.080707550048828
epoch:  34 batch:  100 region_loss:  8.0 8.0 loc_loss:  0.2903261947631836 reward_loss:  -14.516308784484863
epoch:  34 batch:  110 region_loss:  4.0 4.0 loc_loss:  0.1483883285522461 reward_loss:  -7.419416427612305
epoch:  34 batch:  120 region_loss:  5.0 5.0 loc_loss:  0.1689128112792969 reward_loss:  -8.445640563964844
epoch:  34 batch:  130 region_loss:  7.0 7.0 loc_loss:  0.28393451690673827 reward_loss:  -14.196725845336914
acc@1:  0.11618062088428975
epoch: 34 region loss 0.17051094890510948 loc loss 0.32879838839064546 reward loss -16.439919148048347
epoch:  35 batch:  0 region_loss:  10.0 10.0 loc_loss:  0.34537918090820313 reward_loss:  -17.268959045410156
epoch:  35 batch:  10 region_loss:  10.0 10.0 loc_loss:  0.38305522918701174 reward_loss:  -19.152759552001953
epoch:  35 batch:  20 region_loss:  10.0 10.0 loc_loss:  0.36772216796875 reward_loss:  -18.386110305786133
epoch:  35 batch:  30 region_loss:  10.0 10.0 loc_loss:  0.3419377517700195 reward_loss:  -17.096887588500977
epoch:  35 batch:  40 region_loss:  10.0 10.0 loc_loss:  0.4495070266723633 reward_loss:  -22.475351333618164
epoch:  35 batch:  50 region_loss:  10.0 10.0 loc_loss:  0.35501049041748045 reward_loss:  -17.75052261352539
epoch:  35 batch:  60 region_loss:  10.0 10.0 loc_loss:  0.35646385192871094 reward_loss:  -17.82318878173828
epoch:  35 batch:  70 region_loss:  10.0 10.0 loc_loss:  0.3627793884277344 reward_loss:  -18.13896942138672
epoch:  35 batch:  80 region_loss:  10.0 10.0 loc_loss:  0.37921154022216796 reward_loss:  -18.960575103759766
epoch:  35 batch:  90 region_loss:  6.0 6.0 loc_loss:  0.22795684814453124 reward_loss:  -11.397843360900879
epoch:  35 batch:  100 region_loss:  8.0 8.0 loc_loss:  0.27524810791015625 reward_loss:  -13.762405395507812
epoch:  35 batch:  110 region_loss:  4.0 4.0 loc_loss:  0.1389882755279541 reward_loss:  -6.949412822723389
epoch:  35 batch:  120 region_loss:  5.0 5.0 loc_loss:  0.15868619918823243 reward_loss:  -7.934309959411621
epoch:  35 batch:  130 region_loss:  7.0 7.0 loc_loss:  0.26842235565185546 reward_loss:  -13.421117782592773
acc@1:  0.11571025399811853
epoch: 35 region loss 0.17051094890510948 loc loss 0.3126525743164285 reward loss -15.632628735834665
epoch:  36 batch:  0 region_loss:  10.0 10.0 loc_loss:  0.326988525390625 reward_loss:  -16.349441528320312
epoch:  36 batch:  10 region_loss:  10.0 10.0 loc_loss:  0.3641656494140625 reward_loss:  -18.208284378051758
epoch:  36 batch:  20 region_loss:  10.0 10.0 loc_loss:  0.35253314971923827 reward_loss:  -17.626657485961914
epoch:  36 batch:  30 region_loss:  10.0 10.0 loc_loss:  0.3235326766967773 reward_loss:  -16.176633834838867
epoch:  36 batch:  40 region_loss:  10.0 10.0 loc_loss:  0.4288145446777344 reward_loss:  -21.440723419189453
epoch:  36 batch:  50 region_loss:  10.0 10.0 loc_loss:  0.3379365539550781 reward_loss:  -16.89682960510254
epoch:  36 batch:  60 region_loss:  10.0 10.0 loc_loss:  0.3369660949707031 reward_loss:  -16.84830093383789
epoch:  36 batch:  70 region_loss:  10.0 10.0 loc_loss:  0.34529022216796873 reward_loss:  -17.26451301574707
epoch:  36 batch:  80 region_loss:  10.0 10.0 loc_loss:  0.3576663589477539 reward_loss:  -17.883316040039062
epoch:  36 batch:  90 region_loss:  6.0 6.0 loc_loss:  0.21471410751342773 reward_loss:  -10.735706329345703
epoch:  36 batch:  100 region_loss:  8.0 8.0 loc_loss:  0.26056629180908203 reward_loss:  -13.02831745147705
epoch:  36 batch:  110 region_loss:  4.0 4.0 loc_loss:  0.1299396800994873 reward_loss:  -6.496983051300049
epoch:  36 batch:  120 region_loss:  5.0 5.0 loc_loss:  0.14889673233032227 reward_loss:  -7.444835662841797
epoch:  36 batch:  130 region_loss:  7.0 7.0 loc_loss:  0.25359712600708006 reward_loss:  -12.679855346679688
acc@1:  0.11335841956726246
epoch: 36 region loss 0.17051094890510948 loc loss 0.2970027101474957 reward loss -14.850135630934778
epoch:  37 batch:  0 region_loss:  10.0 10.0 loc_loss:  0.3093095207214355 reward_loss:  -15.465476036071777
epoch:  37 batch:  10 region_loss:  10.0 10.0 loc_loss:  0.34588958740234377 reward_loss:  -17.294479370117188
epoch:  37 batch:  20 region_loss:  10.0 10.0 loc_loss:  0.3377422332763672 reward_loss:  -16.88711166381836
epoch:  37 batch:  30 region_loss:  10.0 10.0 loc_loss:  0.30567584991455077 reward_loss:  -15.283792495727539
epoch:  37 batch:  40 region_loss:  10.0 10.0 loc_loss:  0.4086468505859375 reward_loss:  -20.432342529296875
epoch:  37 batch:  50 region_loss:  10.0 10.0 loc_loss:  0.32131179809570315 reward_loss:  -16.065589904785156
epoch:  37 batch:  60 region_loss:  10.0 10.0 loc_loss:  0.3178929901123047 reward_loss:  -15.894647598266602
epoch:  37 batch:  70 region_loss:  10.0 10.0 loc_loss:  0.3284269714355469 reward_loss:  -16.421350479125977
epoch:  37 batch:  80 region_loss:  10.0 10.0 loc_loss:  0.3369707489013672 reward_loss:  -16.84853744506836
epoch:  37 batch:  90 region_loss:  6.0 6.0 loc_loss:  0.2019480895996094 reward_loss:  -10.097404479980469
epoch:  37 batch:  100 region_loss:  8.0 8.0 loc_loss:  0.2465449333190918 reward_loss:  -12.327248573303223
epoch:  37 batch:  110 region_loss:  4.0 4.0 loc_loss:  0.12146422386169434 reward_loss:  -6.073211193084717
epoch:  37 batch:  120 region_loss:  5.0 5.0 loc_loss:  0.13956867218017577 reward_loss:  -6.978434085845947
epoch:  37 batch:  130 region_loss:  7.0 7.0 loc_loss:  0.23903791427612306 reward_loss:  -11.951895713806152
acc@1:  0.11147695202257761
epoch: 37 region loss 0.17051094890510948 loc loss 0.2818676343973536 reward loss -14.093381975689073
epoch:  38 batch:  0 region_loss:  10.0 10.0 loc_loss:  0.2921824645996094 reward_loss:  -14.609123229980469
epoch:  38 batch:  10 region_loss:  10.0 10.0 loc_loss:  0.32806488037109377 reward_loss:  -16.403244018554688
epoch:  38 batch:  20 region_loss:  10.0 10.0 loc_loss:  0.32322547912597654 reward_loss:  -16.161273956298828
epoch:  38 batch:  30 region_loss:  10.0 10.0 loc_loss:  0.2884873580932617 reward_loss:  -14.424368858337402
epoch:  38 batch:  40 region_loss:  10.0 10.0 loc_loss:  0.3888308334350586 reward_loss:  -19.441543579101562
epoch:  38 batch:  50 region_loss:  10.0 10.0 loc_loss:  0.30527677536010744 reward_loss:  -15.263839721679688
epoch:  38 batch:  60 region_loss:  10.0 10.0 loc_loss:  0.2999716758728027 reward_loss:  -14.99858283996582
epoch:  38 batch:  70 region_loss:  10.0 10.0 loc_loss:  0.311815185546875 reward_loss:  -15.59075927734375
epoch:  38 batch:  80 region_loss:  10.0 10.0 loc_loss:  0.31683906555175784 reward_loss:  -15.841954231262207
epoch:  38 batch:  90 region_loss:  6.0 6.0 loc_loss:  0.18959745407104492 reward_loss:  -9.479872703552246
epoch:  38 batch:  100 region_loss:  8.0 8.0 loc_loss:  0.23274871826171875 reward_loss:  -11.63743782043457
epoch:  38 batch:  110 region_loss:  4.0 4.0 loc_loss:  0.1131950569152832 reward_loss:  -5.659753322601318
epoch:  38 batch:  120 region_loss:  5.0 5.0 loc_loss:  0.13067259788513183 reward_loss:  -6.533629417419434
epoch:  38 batch:  130 region_loss:  7.0 7.0 loc_loss:  0.22527395248413085 reward_loss:  -11.263696670532227
acc@1:  0.11147695202257761
epoch: 38 region loss 0.17051094890510948 loc loss 0.26726519273145355 reward loss -13.36325982365295
epoch:  39 batch:  0 region_loss:  10.0 10.0 loc_loss:  0.2758142852783203 reward_loss:  -13.790714263916016
epoch:  39 batch:  10 region_loss:  10.0 10.0 loc_loss:  0.3109136962890625 reward_loss:  -15.545684814453125
epoch:  39 batch:  20 region_loss:  10.0 10.0 loc_loss:  0.30930864334106445 reward_loss:  -15.465432167053223
epoch:  39 batch:  30 region_loss:  10.0 10.0 loc_loss:  0.271820011138916 reward_loss:  -13.5910005569458
epoch:  39 batch:  40 region_loss:  10.0 10.0 loc_loss:  0.3697165298461914 reward_loss:  -18.48582649230957
epoch:  39 batch:  50 region_loss:  10.0 10.0 loc_loss:  0.2897095489501953 reward_loss:  -14.485477447509766
epoch:  39 batch:  60 region_loss:  10.0 10.0 loc_loss:  0.2822913360595703 reward_loss:  -14.114567756652832
epoch:  39 batch:  70 region_loss:  10.0 10.0 loc_loss:  0.29601511001586917 reward_loss:  -14.800755500793457
epoch:  39 batch:  80 region_loss:  10.0 10.0 loc_loss:  0.2977065849304199 reward_loss:  -14.88532829284668
epoch:  39 batch:  90 region_loss:  6.0 6.0 loc_loss:  0.17772865295410156 reward_loss:  -8.886434555053711
epoch:  39 batch:  100 region_loss:  8.0 8.0 loc_loss:  0.21995124816894532 reward_loss:  -10.997562408447266
epoch:  39 batch:  110 region_loss:  4.0 4.0 loc_loss:  0.10565114974975585 reward_loss:  -5.282557487487793
epoch:  39 batch:  120 region_loss:  5.0 5.0 loc_loss:  0.12220796585083007 reward_loss:  -6.110397815704346
epoch:  39 batch:  130 region_loss:  7.0 7.0 loc_loss:  0.21165328979492187 reward_loss:  -10.582663536071777
acc@1:  0.11147695202257761
epoch: 39 region loss 0.17051094890510948 loc loss 0.25320537278251926 reward loss -12.660268757465111
epoch:  40 batch:  0 region_loss:  10.0 10.0 loc_loss:  0.2599875259399414 reward_loss:  -12.999380111694336
epoch:  40 batch:  10 region_loss:  10.0 10.0 loc_loss:  0.2941594123840332 reward_loss:  -14.70797061920166
epoch:  40 batch:  20 region_loss:  10.0 10.0 loc_loss:  0.2955153465270996 reward_loss:  -14.775769233703613
epoch:  40 batch:  30 region_loss:  10.0 10.0 loc_loss:  0.25588996887207033 reward_loss:  -12.794498443603516
epoch:  40 batch:  40 region_loss:  10.0 10.0 loc_loss:  0.3508658218383789 reward_loss:  -17.543291091918945
epoch:  40 batch:  50 region_loss:  10.0 10.0 loc_loss:  0.2747822952270508 reward_loss:  -13.739112854003906
epoch:  40 batch:  60 region_loss:  10.0 10.0 loc_loss:  0.2660030174255371 reward_loss:  -13.300149917602539
epoch:  40 batch:  70 region_loss:  10.0 10.0 loc_loss:  0.2802776527404785 reward_loss:  -14.013882637023926
epoch:  40 batch:  80 region_loss:  10.0 10.0 loc_loss:  0.2790591812133789 reward_loss:  -13.952958106994629
epoch:  40 batch:  90 region_loss:  6.0 6.0 loc_loss:  0.16641626358032227 reward_loss:  -8.320813179016113
epoch:  40 batch:  100 region_loss:  8.0 8.0 loc_loss:  0.20675485610961913 reward_loss:  -10.337743759155273
epoch:  40 batch:  110 region_loss:  4.0 4.0 loc_loss:  0.09810735702514649 reward_loss:  -4.905367374420166
epoch:  40 batch:  120 region_loss:  5.0 5.0 loc_loss:  0.1142402458190918 reward_loss:  -5.71201229095459
epoch:  40 batch:  130 region_loss:  7.0 7.0 loc_loss:  0.19902666091918944 reward_loss:  -9.951333045959473
acc@1:  0.11006585136406397
epoch: 40 region loss 0.17051094890510948 loc loss 0.23975914909891838 reward loss -11.987957388815218
epoch:  41 batch:  0 region_loss:  10.0 10.0 loc_loss:  0.24510805130004884 reward_loss:  -12.255402565002441
epoch:  41 batch:  10 region_loss:  10.0 10.0 loc_loss:  0.2781564903259277 reward_loss:  -13.907824516296387
epoch:  41 batch:  20 region_loss:  10.0 10.0 loc_loss:  0.2831299018859863 reward_loss:  -14.156495094299316
epoch:  41 batch:  30 region_loss:  10.0 10.0 loc_loss:  0.24057939529418945 reward_loss:  -12.028969764709473
epoch:  41 batch:  40 region_loss:  10.0 10.0 loc_loss:  0.33287879943847654 reward_loss:  -16.643939971923828
epoch:  41 batch:  50 region_loss:  10.0 10.0 loc_loss:  0.2603898811340332 reward_loss:  -13.01949405670166
epoch:  41 batch:  60 region_loss:  10.0 10.0 loc_loss:  0.24966182708740234 reward_loss:  -12.48309326171875
epoch:  41 batch:  70 region_loss:  10.0 10.0 loc_loss:  0.26543399810791013 reward_loss:  -13.271698951721191
epoch:  41 batch:  80 region_loss:  10.0 10.0 loc_loss:  0.2616237449645996 reward_loss:  -13.08118724822998
epoch:  41 batch:  90 region_loss:  6.0 6.0 loc_loss:  0.15531217575073242 reward_loss:  -7.765609264373779
epoch:  41 batch:  100 region_loss:  8.0 8.0 loc_loss:  0.19569843292236327 reward_loss:  -9.78492259979248
epoch:  41 batch:  110 region_loss:  4.0 4.0 loc_loss:  0.09143749237060547 reward_loss:  -4.571874618530273
epoch:  41 batch:  120 region_loss:  5.0 5.0 loc_loss:  0.1065307903289795 reward_loss:  -5.326540470123291
epoch:  41 batch:  130 region_loss:  7.0 7.0 loc_loss:  0.1863983154296875 reward_loss:  -9.319917678833008
acc@1:  0.10818438381937912
epoch: 41 region loss 0.17051094890510948 loc loss 0.22689246473521213 reward loss -11.344623349008769
epoch:  42 batch:  0 region_loss:  10.0 10.0 loc_loss:  0.23103336334228516 reward_loss:  -11.55167007446289
epoch:  42 batch:  10 region_loss:  10.0 10.0 loc_loss:  0.2625377655029297 reward_loss:  -13.126888275146484
epoch:  42 batch:  20 region_loss:  10.0 10.0 loc_loss:  0.2705896949768066 reward_loss:  -13.529484748840332
epoch:  42 batch:  30 region_loss:  10.0 10.0 loc_loss:  0.22592418670654296 reward_loss:  -11.296209335327148
epoch:  42 batch:  40 region_loss:  10.0 10.0 loc_loss:  0.3152065467834473 reward_loss:  -15.760327339172363
epoch:  42 batch:  50 region_loss:  10.0 10.0 loc_loss:  0.24687591552734375 reward_loss:  -12.343794822692871
epoch:  42 batch:  60 region_loss:  10.0 10.0 loc_loss:  0.2350218391418457 reward_loss:  -11.751091957092285
epoch:  42 batch:  70 region_loss:  10.0 10.0 loc_loss:  0.2507638359069824 reward_loss:  -12.538191795349121
epoch:  42 batch:  80 region_loss:  10.0 10.0 loc_loss:  0.24459793090820312 reward_loss:  -12.229897499084473
epoch:  42 batch:  90 region_loss:  6.0 6.0 loc_loss:  0.14525898933410644 reward_loss:  -7.2629499435424805
epoch:  42 batch:  100 region_loss:  8.0 8.0 loc_loss:  0.18270858764648437 reward_loss:  -9.135430335998535
epoch:  42 batch:  110 region_loss:  4.0 4.0 loc_loss:  0.08467273712158203 reward_loss:  -4.233636856079102
epoch:  42 batch:  120 region_loss:  5.0 5.0 loc_loss:  0.0995708179473877 reward_loss:  -4.978540897369385
epoch:  42 batch:  130 region_loss:  7.0 7.0 loc_loss:  0.17485052108764648 reward_loss:  -8.742526054382324
acc@1:  0.10818438381937912
epoch: 42 region loss 0.17051094890510948 loc loss 0.21453944341979755 reward loss -10.726972339797195
epoch:  43 batch:  0 region_loss:  10.0 10.0 loc_loss:  0.21777206420898437 reward_loss:  -10.888603210449219
epoch:  43 batch:  10 region_loss:  10.0 10.0 loc_loss:  0.2475800895690918 reward_loss:  -12.379005432128906
epoch:  43 batch:  20 region_loss:  10.0 10.0 loc_loss:  0.26057485580444334 reward_loss:  -13.028743743896484
epoch:  43 batch:  30 region_loss:  10.0 10.0 loc_loss:  0.21203258514404297 reward_loss:  -10.601629257202148
epoch:  43 batch:  40 region_loss:  10.0 10.0 loc_loss:  0.298184814453125 reward_loss:  -14.90924072265625
epoch:  43 batch:  50 region_loss:  10.0 10.0 loc_loss:  0.23464372634887695 reward_loss:  -11.732185363769531
epoch:  43 batch:  60 region_loss:  10.0 10.0 loc_loss:  0.22001247406005858 reward_loss:  -11.000622749328613
epoch:  43 batch:  70 region_loss:  10.0 10.0 loc_loss:  0.23683805465698243 reward_loss:  -11.841904640197754
epoch:  43 batch:  80 region_loss:  10.0 10.0 loc_loss:  0.2288603401184082 reward_loss:  -11.44301700592041
epoch:  43 batch:  90 region_loss:  6.0 6.0 loc_loss:  0.13486919403076172 reward_loss:  -6.743459701538086
epoch:  43 batch:  100 region_loss:  8.0 8.0 loc_loss:  0.17327693939208985 reward_loss:  -8.663846969604492
epoch:  43 batch:  110 region_loss:  4.0 4.0 loc_loss:  0.07867136955261231 reward_loss:  -3.9335684776306152
epoch:  43 batch:  120 region_loss:  5.0 5.0 loc_loss:  0.0925540828704834 reward_loss:  -4.627704620361328
epoch:  43 batch:  130 region_loss:  7.0 7.0 loc_loss:  0.16333629608154296 reward_loss:  -8.166814804077148
acc@1:  0.10724365004703669
epoch: 43 region loss 0.17051094890510948 loc loss 0.20259794234359352 reward loss -10.12989724160981
epoch:  44 batch:  0 region_loss:  10.0 10.0 loc_loss:  0.20489854812622071 reward_loss:  -10.244926452636719
epoch:  44 batch:  10 region_loss:  10.0 10.0 loc_loss:  0.23310592651367187 reward_loss:  -11.655294418334961
epoch:  44 batch:  20 region_loss:  10.0 10.0 loc_loss:  0.24799831390380858 reward_loss:  -12.399917602539062
epoch:  44 batch:  30 region_loss:  10.0 10.0 loc_loss:  0.19891307830810548 reward_loss:  -9.945653915405273
epoch:  44 batch:  40 region_loss:  10.0 10.0 loc_loss:  0.28177005767822266 reward_loss:  -14.088501930236816
epoch:  44 batch:  50 region_loss:  10.0 10.0 loc_loss:  0.2223285675048828 reward_loss:  -11.11642837524414
epoch:  44 batch:  60 region_loss:  10.0 10.0 loc_loss:  0.20690013885498046 reward_loss:  -10.345006942749023
epoch:  44 batch:  70 region_loss:  10.0 10.0 loc_loss:  0.22320520401000976 reward_loss:  -11.160259246826172
epoch:  44 batch:  80 region_loss:  10.0 10.0 loc_loss:  0.2133651351928711 reward_loss:  -10.668256759643555
epoch:  44 batch:  90 region_loss:  6.0 6.0 loc_loss:  0.1261061668395996 reward_loss:  -6.305307865142822
epoch:  44 batch:  100 region_loss:  8.0 8.0 loc_loss:  0.16092666625976562 reward_loss:  -8.046333312988281
epoch:  44 batch:  110 region_loss:  4.0 4.0 loc_loss:  0.07280475616455079 reward_loss:  -3.64023756980896
epoch:  44 batch:  120 region_loss:  5.0 5.0 loc_loss:  0.08651920318603516 reward_loss:  -4.325960159301758
epoch:  44 batch:  130 region_loss:  7.0 7.0 loc_loss:  0.1527578067779541 reward_loss:  -7.637890815734863
acc@1:  0.10630291627469426
epoch: 44 region loss 0.17051094890510948 loc loss 0.19109762148265422 reward loss -9.554881198127774
epoch:  45 batch:  0 region_loss:  10.0 10.0 loc_loss:  0.19192224502563476 reward_loss:  -9.596112251281738
epoch:  45 batch:  10 region_loss:  10.0 10.0 loc_loss:  0.21919429779052735 reward_loss:  -10.959715843200684
epoch:  45 batch:  20 region_loss:  10.0 10.0 loc_loss:  0.2380380439758301 reward_loss:  -11.901902198791504
epoch:  45 batch:  30 region_loss:  10.0 10.0 loc_loss:  0.1864543914794922 reward_loss:  -9.322720527648926
epoch:  45 batch:  40 region_loss:  10.0 10.0 loc_loss:  0.26614822387695314 reward_loss:  -13.307411193847656
epoch:  45 batch:  50 region_loss:  10.0 10.0 loc_loss:  0.21051952362060547 reward_loss:  -10.525976181030273
epoch:  45 batch:  60 region_loss:  10.0 10.0 loc_loss:  0.1933387565612793 reward_loss:  -9.666935920715332
epoch:  45 batch:  70 region_loss:  10.0 10.0 loc_loss:  0.21052074432373047 reward_loss:  -10.526037216186523
epoch:  45 batch:  80 region_loss:  10.0 10.0 loc_loss:  0.19917879104614258 reward_loss:  -9.958940505981445
epoch:  45 batch:  90 region_loss:  6.0 6.0 loc_loss:  0.11664190292358398 reward_loss:  -5.832095146179199
epoch:  45 batch:  100 region_loss:  8.0 8.0 loc_loss:  0.15248847961425782 reward_loss:  -7.624422550201416
epoch:  45 batch:  110 region_loss:  4.0 4.0 loc_loss:  0.06732605934143067 reward_loss:  -3.366302967071533
epoch:  45 batch:  120 region_loss:  5.0 5.0 loc_loss:  0.08026332855224609 reward_loss:  -4.013166904449463
epoch:  45 batch:  130 region_loss:  7.0 7.0 loc_loss:  0.14245628356933593 reward_loss:  -7.122813701629639
acc@1:  0.10818438381937912
epoch: 45 region loss 0.17051094890510948 loc loss 0.18008198065479306 reward loss -9.004099101045705
epoch:  46 batch:  0 region_loss:  10.0 10.0 loc_loss:  0.1800979995727539 reward_loss:  -9.004899024963379
epoch:  46 batch:  10 region_loss:  10.0 10.0 loc_loss:  0.20590892791748047 reward_loss:  -10.29544448852539
epoch:  46 batch:  20 region_loss:  10.0 10.0 loc_loss:  0.22542793273925782 reward_loss:  -11.27139663696289
epoch:  46 batch:  30 region_loss:  10.0 10.0 loc_loss:  0.17517866134643556 reward_loss:  -8.758933067321777
epoch:  46 batch:  40 region_loss:  10.0 10.0 loc_loss:  0.25106254577636716 reward_loss:  -12.55312728881836
epoch:  46 batch:  50 region_loss:  10.0 10.0 loc_loss:  0.19791269302368164 reward_loss:  -9.895633697509766
epoch:  46 batch:  60 region_loss:  10.0 10.0 loc_loss:  0.18152807235717774 reward_loss:  -9.076403617858887
epoch:  46 batch:  70 region_loss:  10.0 10.0 loc_loss:  0.19789653778076172 reward_loss:  -9.894826889038086
epoch:  46 batch:  80 region_loss:  10.0 10.0 loc_loss:  0.18525802612304687 reward_loss:  -9.262901306152344
epoch:  46 batch:  90 region_loss:  6.0 6.0 loc_loss:  0.10896072387695313 reward_loss:  -5.448036193847656
epoch:  46 batch:  100 region_loss:  8.0 8.0 loc_loss:  0.14133153915405272 reward_loss:  -7.066577911376953
epoch:  46 batch:  110 region_loss:  4.0 4.0 loc_loss:  0.06230487823486328 reward_loss:  -3.115243911743164
epoch:  46 batch:  120 region_loss:  5.0 5.0 loc_loss:  0.07501007556915283 reward_loss:  -3.7505042552948
epoch:  46 batch:  130 region_loss:  7.0 7.0 loc_loss:  0.13288849830627442 reward_loss:  -6.6444244384765625
acc@1:  0.10677328316086547
epoch: 46 region loss 0.17051094890510948 loc loss 0.1695036281460393 reward loss -8.475181764929834
epoch:  47 batch:  0 region_loss:  10.0 10.0 loc_loss:  0.16849096298217772 reward_loss:  -8.424548149108887
epoch:  47 batch:  10 region_loss:  10.0 10.0 loc_loss:  0.1932264518737793 reward_loss:  -9.661322593688965
epoch:  47 batch:  20 region_loss:  10.0 10.0 loc_loss:  0.21627681732177734 reward_loss:  -10.813840866088867
epoch:  47 batch:  30 region_loss:  10.0 10.0 loc_loss:  0.16415925979614257 reward_loss:  -8.207963943481445
epoch:  47 batch:  40 region_loss:  10.0 10.0 loc_loss:  0.23749300003051757 reward_loss:  -11.874650001525879
epoch:  47 batch:  50 region_loss:  10.0 10.0 loc_loss:  0.18683683395385742 reward_loss:  -9.341839790344238
epoch:  47 batch:  60 region_loss:  10.0 10.0 loc_loss:  0.1694979476928711 reward_loss:  -8.474897384643555
epoch:  47 batch:  70 region_loss:  10.0 10.0 loc_loss:  0.1866568946838379 reward_loss:  -9.332845687866211
epoch:  47 batch:  80 region_loss:  10.0 10.0 loc_loss:  0.17273283004760742 reward_loss:  -8.636640548706055
epoch:  47 batch:  90 region_loss:  6.0 6.0 loc_loss:  0.10061761856079102 reward_loss:  -5.030879974365234
epoch:  47 batch:  100 region_loss:  8.0 8.0 loc_loss:  0.13366761207580566 reward_loss:  -6.683380603790283
epoch:  47 batch:  110 region_loss:  4.0 4.0 loc_loss:  0.05739591121673584 reward_loss:  -2.869795083999634
epoch:  47 batch:  120 region_loss:  5.0 5.0 loc_loss:  0.06953691005706787 reward_loss:  -3.4768457412719727
epoch:  47 batch:  130 region_loss:  7.0 7.0 loc_loss:  0.12370820999145508 reward_loss:  -6.185410499572754
acc@1:  0.10583254938852305
epoch: 47 region loss 0.17051094890510948 loc loss 0.15950861273020725 reward loss -7.975430534268818
epoch:  48 batch:  0 region_loss:  10.0 10.0 loc_loss:  0.1579315757751465 reward_loss:  -7.896578788757324
epoch:  48 batch:  10 region_loss:  10.0 10.0 loc_loss:  0.18117313385009765 reward_loss:  -9.058656692504883
epoch:  48 batch:  20 region_loss:  10.0 10.0 loc_loss:  0.20430274963378905 reward_loss:  -10.215137481689453
epoch:  48 batch:  30 region_loss:  10.0 10.0 loc_loss:  0.1538303565979004 reward_loss:  -7.691516876220703
epoch:  48 batch:  40 region_loss:  10.0 10.0 loc_loss:  0.223902645111084 reward_loss:  -11.195131301879883
epoch:  48 batch:  50 region_loss:  10.0 10.0 loc_loss:  0.17611658096313476 reward_loss:  -8.805830001831055
epoch:  48 batch:  60 region_loss:  10.0 10.0 loc_loss:  0.15882463455200196 reward_loss:  -7.941231727600098
epoch:  48 batch:  70 region_loss:  10.0 10.0 loc_loss:  0.17524660110473633 reward_loss:  -8.762331008911133
epoch:  48 batch:  80 region_loss:  10.0 10.0 loc_loss:  0.1605299186706543 reward_loss:  -8.026494979858398
epoch:  48 batch:  90 region_loss:  6.0 6.0 loc_loss:  0.09383803367614746 reward_loss:  -4.691902160644531
epoch:  48 batch:  100 region_loss:  8.0 8.0 loc_loss:  0.12375551223754883 reward_loss:  -6.187775611877441
epoch:  48 batch:  110 region_loss:  4.0 4.0 loc_loss:  0.053079562187194826 reward_loss:  -2.653977870941162
epoch:  48 batch:  120 region_loss:  5.0 5.0 loc_loss:  0.06490567207336426 reward_loss:  -3.245283603668213
epoch:  48 batch:  130 region_loss:  7.0 7.0 loc_loss:  0.11517844200134278 reward_loss:  -5.758921146392822
acc@1:  0.10348071495766697
epoch: 48 region loss 0.17051094890510948 loc loss 0.1499727605207123 reward loss -7.498638022555052
epoch:  49 batch:  0 region_loss:  10.0 10.0 loc_loss:  0.1477322769165039 reward_loss:  -7.386613368988037
epoch:  49 batch:  10 region_loss:  10.0 10.0 loc_loss:  0.1696653938293457 reward_loss:  -8.483269691467285
epoch:  49 batch:  20 region_loss:  10.0 10.0 loc_loss:  0.19500972747802733 reward_loss:  -9.750487327575684
epoch:  49 batch:  30 region_loss:  10.0 10.0 loc_loss:  0.14349724769592284 reward_loss:  -7.174861907958984
epoch:  49 batch:  40 region_loss:  10.0 10.0 loc_loss:  0.21178846359252929 reward_loss:  -10.589423179626465
epoch:  49 batch:  50 region_loss:  10.0 10.0 loc_loss:  0.1663058280944824 reward_loss:  -8.315291404724121
epoch:  49 batch:  60 region_loss:  10.0 10.0 loc_loss:  0.1481924533843994 reward_loss:  -7.409623146057129
epoch:  49 batch:  70 region_loss:  10.0 10.0 loc_loss:  0.16511098861694337 reward_loss:  -8.255549430847168
epoch:  49 batch:  80 region_loss:  10.0 10.0 loc_loss:  0.14959455490112306 reward_loss:  -7.479727745056152
epoch:  49 batch:  90 region_loss:  6.0 6.0 loc_loss:  0.08663533210754394 reward_loss:  -4.331766128540039
epoch:  49 batch:  100 region_loss:  8.0 8.0 loc_loss:  0.1169013500213623 reward_loss:  -5.845067977905273
epoch:  49 batch:  110 region_loss:  4.0 4.0 loc_loss:  0.04878382682800293 reward_loss:  -2.4391913414001465
epoch:  49 batch:  120 region_loss:  5.0 5.0 loc_loss:  0.06021768569946289 reward_loss:  -3.0108842849731445
epoch:  49 batch:  130 region_loss:  7.0 7.0 loc_loss:  0.10699816703796387 reward_loss:  -5.349908351898193
acc@1:  0.10301034807149577
epoch: 49 region loss 0.17051094890510948 loc loss 0.1410437597323508 reward loss -7.05218801924782
