0
cuda
epoch:  0 batch:  0 region_loss:  10.0 10.0 loc_loss:  1.989844970703125 reward_loss:  -99.49090576171875
epoch:  0 batch:  10 region_loss:  10.0 10.0 loc_loss:  1.985843505859375 reward_loss:  -99.29181671142578
epoch:  0 batch:  20 region_loss:  10.0 10.0 loc_loss:  1.9825373840332032 reward_loss:  -99.12641906738281
epoch:  0 batch:  30 region_loss:  10.0 10.0 loc_loss:  1.9811918640136719 reward_loss:  -99.05975341796875
epoch:  0 batch:  40 region_loss:  10.0 10.0 loc_loss:  1.9814389038085938 reward_loss:  -99.07186126708984
epoch:  0 batch:  50 region_loss:  10.0 10.0 loc_loss:  1.9904286193847656 reward_loss:  -99.521240234375
epoch:  0 batch:  60 region_loss:  10.0 10.0 loc_loss:  1.9855410766601562 reward_loss:  -99.27741241455078
epoch:  0 batch:  70 region_loss:  10.0 10.0 loc_loss:  1.9772952270507813 reward_loss:  -98.86492156982422
epoch:  0 batch:  80 region_loss:  10.0 10.0 loc_loss:  1.9817527770996093 reward_loss:  -99.08821105957031
epoch:  0 batch:  90 region_loss:  6.0 6.0 loc_loss:  1.1809798431396485 reward_loss:  -59.04895782470703
epoch:  0 batch:  100 region_loss:  8.0 8.0 loc_loss:  1.5726045227050782 reward_loss:  -78.63139343261719
epoch:  0 batch:  110 region_loss:  4.0 4.0 loc_loss:  0.7888483428955078 reward_loss:  -39.44261169433594
epoch:  0 batch:  120 region_loss:  5.0 5.0 loc_loss:  0.9795460510253906 reward_loss:  -48.97722625732422
epoch:  0 batch:  130 region_loss:  7.0 7.0 loc_loss:  1.3710914611816407 reward_loss:  -68.55482482910156
acc@1:  0.0028222013170272815
epoch: 0 region loss 0.17051094890510948 loc loss 1.6870488432724111 reward loss -84.35237876168132
epoch:  1 batch:  0 region_loss:  10.0 10.0 loc_loss:  1.9146603393554686 reward_loss:  -95.7325210571289
epoch:  1 batch:  10 region_loss:  10.0 10.0 loc_loss:  1.9358203125 reward_loss:  -96.79137420654297
epoch:  1 batch:  20 region_loss:  10.0 10.0 loc_loss:  1.920684814453125 reward_loss:  -96.03495025634766
epoch:  1 batch:  30 region_loss:  10.0 10.0 loc_loss:  1.9203086853027345 reward_loss:  -96.01470947265625
epoch:  1 batch:  40 region_loss:  10.0 10.0 loc_loss:  1.9118159484863282 reward_loss:  -95.59091186523438
epoch:  1 batch:  50 region_loss:  10.0 10.0 loc_loss:  1.9168276977539063 reward_loss:  -95.84223175048828
epoch:  1 batch:  60 region_loss:  10.0 10.0 loc_loss:  1.9012612915039062 reward_loss:  -95.06272888183594
epoch:  1 batch:  70 region_loss:  10.0 10.0 loc_loss:  1.8785360717773438 reward_loss:  -93.92704772949219
epoch:  1 batch:  80 region_loss:  10.0 10.0 loc_loss:  1.8583030700683594 reward_loss:  -92.91512298583984
epoch:  1 batch:  90 region_loss:  6.0 6.0 loc_loss:  1.1019210052490234 reward_loss:  -55.09559631347656
epoch:  1 batch:  100 region_loss:  8.0 8.0 loc_loss:  1.4512249755859374 reward_loss:  -72.5626449584961
epoch:  1 batch:  110 region_loss:  4.0 4.0 loc_loss:  0.7381129455566406 reward_loss:  -36.90584945678711
epoch:  1 batch:  120 region_loss:  5.0 5.0 loc_loss:  0.9052149963378906 reward_loss:  -45.26123809814453
epoch:  1 batch:  130 region_loss:  7.0 7.0 loc_loss:  1.2541322326660156 reward_loss:  -62.70591354370117
acc@1:  0.018344308560677328
epoch: 1 region loss 0.17051094890510948 loc loss 1.600870948290303 reward loss -80.04354251388216
epoch:  2 batch:  0 region_loss:  10.0 10.0 loc_loss:  1.732689208984375 reward_loss:  -86.63412475585938
epoch:  2 batch:  10 region_loss:  10.0 10.0 loc_loss:  1.7568658447265626 reward_loss:  -87.84298706054688
epoch:  2 batch:  20 region_loss:  10.0 10.0 loc_loss:  1.7383380126953125 reward_loss:  -86.91673278808594
epoch:  2 batch:  30 region_loss:  10.0 10.0 loc_loss:  1.7683488464355468 reward_loss:  -88.41764068603516
epoch:  2 batch:  40 region_loss:  10.0 10.0 loc_loss:  1.7221484375 reward_loss:  -86.10712432861328
epoch:  2 batch:  50 region_loss:  10.0 10.0 loc_loss:  1.779392852783203 reward_loss:  -88.96985626220703
epoch:  2 batch:  60 region_loss:  10.0 10.0 loc_loss:  1.7494943237304688 reward_loss:  -87.4742431640625
epoch:  2 batch:  70 region_loss:  10.0 10.0 loc_loss:  1.7470582580566407 reward_loss:  -87.35264587402344
epoch:  2 batch:  80 region_loss:  10.0 10.0 loc_loss:  1.7257394409179687 reward_loss:  -86.28726196289062
epoch:  2 batch:  90 region_loss:  6.0 6.0 loc_loss:  1.032373275756836 reward_loss:  -51.61918640136719
epoch:  2 batch:  100 region_loss:  8.0 8.0 loc_loss:  1.37158935546875 reward_loss:  -68.57958221435547
epoch:  2 batch:  110 region_loss:  4.0 4.0 loc_loss:  0.7019532012939453 reward_loss:  -35.09783935546875
epoch:  2 batch:  120 region_loss:  5.0 5.0 loc_loss:  0.8649127197265625 reward_loss:  -43.2462043762207
epoch:  2 batch:  130 region_loss:  7.0 7.0 loc_loss:  1.2030136108398437 reward_loss:  -60.14987564086914
acc@1:  0.02539981185324553
epoch: 2 region loss 0.17051094890510948 loc loss 1.473134453209647 reward loss -73.65669172523666
epoch:  3 batch:  0 region_loss:  10.0 10.0 loc_loss:  1.679207305908203 reward_loss:  -83.9605712890625
epoch:  3 batch:  10 region_loss:  10.0 10.0 loc_loss:  1.6872550964355468 reward_loss:  -84.36245727539062
epoch:  3 batch:  20 region_loss:  10.0 10.0 loc_loss:  1.6434373474121093 reward_loss:  -82.17140197753906
epoch:  3 batch:  30 region_loss:  10.0 10.0 loc_loss:  1.6954388427734375 reward_loss:  -84.77208709716797
epoch:  3 batch:  40 region_loss:  10.0 10.0 loc_loss:  1.6495892333984374 reward_loss:  -82.47859954833984
epoch:  3 batch:  50 region_loss:  10.0 10.0 loc_loss:  1.7086396789550782 reward_loss:  -85.43257141113281
epoch:  3 batch:  60 region_loss:  10.0 10.0 loc_loss:  1.6843527221679688 reward_loss:  -84.2178955078125
epoch:  3 batch:  70 region_loss:  10.0 10.0 loc_loss:  1.6771205139160157 reward_loss:  -83.85606384277344
epoch:  3 batch:  80 region_loss:  10.0 10.0 loc_loss:  1.6684439086914062 reward_loss:  -83.42230224609375
epoch:  3 batch:  90 region_loss:  6.0 6.0 loc_loss:  0.9997980499267578 reward_loss:  -49.98906707763672
epoch:  3 batch:  100 region_loss:  8.0 8.0 loc_loss:  1.3251998901367188 reward_loss:  -66.2594985961914
epoch:  3 batch:  110 region_loss:  4.0 4.0 loc_loss:  0.6812035369873047 reward_loss:  -34.06126403808594
epoch:  3 batch:  120 region_loss:  5.0 5.0 loc_loss:  0.839688720703125 reward_loss:  -41.98442077636719
epoch:  3 batch:  130 region_loss:  7.0 7.0 loc_loss:  1.170248031616211 reward_loss:  -58.51282501220703
acc@1:  0.03527751646284102
epoch: 3 region loss 0.17051094890510948 loc loss 1.41393375257506 reward loss -70.69665140305122
epoch:  4 batch:  0 region_loss:  10.0 10.0 loc_loss:  1.638828887939453 reward_loss:  -81.9411392211914
epoch:  4 batch:  10 region_loss:  10.0 10.0 loc_loss:  1.6419830322265625 reward_loss:  -82.09831237792969
epoch:  4 batch:  20 region_loss:  10.0 10.0 loc_loss:  1.578567657470703 reward_loss:  -78.92840576171875
epoch:  4 batch:  30 region_loss:  10.0 10.0 loc_loss:  1.6405267333984375 reward_loss:  -82.02661895751953
epoch:  4 batch:  40 region_loss:  10.0 10.0 loc_loss:  1.595789337158203 reward_loss:  -79.78878784179688
epoch:  4 batch:  50 region_loss:  10.0 10.0 loc_loss:  1.6498207092285155 reward_loss:  -82.49092864990234
epoch:  4 batch:  60 region_loss:  10.0 10.0 loc_loss:  1.6308868408203125 reward_loss:  -81.54545593261719
epoch:  4 batch:  70 region_loss:  10.0 10.0 loc_loss:  1.6175038146972656 reward_loss:  -80.87510681152344
epoch:  4 batch:  80 region_loss:  10.0 10.0 loc_loss:  1.6187277221679688 reward_loss:  -80.93606567382812
epoch:  4 batch:  90 region_loss:  6.0 6.0 loc_loss:  0.9707881164550781 reward_loss:  -48.53921127319336
epoch:  4 batch:  100 region_loss:  8.0 8.0 loc_loss:  1.2809962463378906 reward_loss:  -64.0494155883789
epoch:  4 batch:  110 region_loss:  4.0 4.0 loc_loss:  0.6629011535644531 reward_loss:  -33.14504623413086
epoch:  4 batch:  120 region_loss:  5.0 5.0 loc_loss:  0.8148802947998047 reward_loss:  -40.74370574951172
epoch:  4 batch:  130 region_loss:  7.0 7.0 loc_loss:  1.138319091796875 reward_loss:  -56.91611099243164
acc@1:  0.04656632173095014
epoch: 4 region loss 0.17051094890510948 loc loss 1.365755033005763 reward loss -68.28768848502723
epoch:  5 batch:  0 region_loss:  10.0 10.0 loc_loss:  1.5950808715820313 reward_loss:  -79.75408935546875
epoch:  5 batch:  10 region_loss:  10.0 10.0 loc_loss:  1.5966651916503907 reward_loss:  -79.83329772949219
epoch:  5 batch:  20 region_loss:  10.0 10.0 loc_loss:  1.5165240478515625 reward_loss:  -75.82666778564453
epoch:  5 batch:  30 region_loss:  10.0 10.0 loc_loss:  1.5857856750488282 reward_loss:  -79.28881072998047
epoch:  5 batch:  40 region_loss:  10.0 10.0 loc_loss:  1.5434298706054688 reward_loss:  -77.17176055908203
epoch:  5 batch:  50 region_loss:  10.0 10.0 loc_loss:  1.590803985595703 reward_loss:  -79.54041290283203
epoch:  5 batch:  60 region_loss:  10.0 10.0 loc_loss:  1.5783810424804687 reward_loss:  -78.91850280761719
epoch:  5 batch:  70 region_loss:  10.0 10.0 loc_loss:  1.5583465576171875 reward_loss:  -77.9172134399414
epoch:  5 batch:  80 region_loss:  10.0 10.0 loc_loss:  1.5687705993652343 reward_loss:  -78.43830108642578
epoch:  5 batch:  90 region_loss:  6.0 6.0 loc_loss:  0.9417506408691406 reward_loss:  -47.087623596191406
epoch:  5 batch:  100 region_loss:  8.0 8.0 loc_loss:  1.2345001220703125 reward_loss:  -61.72452163696289
epoch:  5 batch:  110 region_loss:  4.0 4.0 loc_loss:  0.6446033477783203 reward_loss:  -32.22999572753906
epoch:  5 batch:  120 region_loss:  5.0 5.0 loc_loss:  0.7886030578613281 reward_loss:  -39.43053436279297
epoch:  5 batch:  130 region_loss:  7.0 7.0 loc_loss:  1.104695816040039 reward_loss:  -55.23456573486328
acc@1:  0.05738476011288805
epoch: 5 region loss 0.17051094890510948 loc loss 1.3172922596618206 reward loss -65.8646249979952
epoch:  6 batch:  0 region_loss:  10.0 10.0 loc_loss:  1.545452880859375 reward_loss:  -77.27287292480469
epoch:  6 batch:  10 region_loss:  10.0 10.0 loc_loss:  1.5474911499023438 reward_loss:  -77.37503814697266
epoch:  6 batch:  20 region_loss:  10.0 10.0 loc_loss:  1.4520774841308595 reward_loss:  -72.60411834716797
epoch:  6 batch:  30 region_loss:  10.0 10.0 loc_loss:  1.5263261413574218 reward_loss:  -76.31639862060547
epoch:  6 batch:  40 region_loss:  10.0 10.0 loc_loss:  1.4894001770019532 reward_loss:  -74.47022247314453
epoch:  6 batch:  50 region_loss:  10.0 10.0 loc_loss:  1.5290403747558594 reward_loss:  -76.45198822021484
epoch:  6 batch:  60 region_loss:  10.0 10.0 loc_loss:  1.523573760986328 reward_loss:  -76.1781234741211
epoch:  6 batch:  70 region_loss:  10.0 10.0 loc_loss:  1.4949305725097657 reward_loss:  -74.746826171875
epoch:  6 batch:  80 region_loss:  10.0 10.0 loc_loss:  1.5153273010253907 reward_loss:  -75.76612091064453
epoch:  6 batch:  90 region_loss:  6.0 6.0 loc_loss:  0.9110004425048828 reward_loss:  -45.549842834472656
epoch:  6 batch:  100 region_loss:  8.0 8.0 loc_loss:  1.1841049194335938 reward_loss:  -59.204734802246094
epoch:  6 batch:  110 region_loss:  4.0 4.0 loc_loss:  0.6255389785766602 reward_loss:  -31.276689529418945
epoch:  6 batch:  120 region_loss:  5.0 5.0 loc_loss:  0.7598705291748047 reward_loss:  -37.99373245239258
epoch:  6 batch:  130 region_loss:  7.0 7.0 loc_loss:  1.0679091644287109 reward_loss:  -53.395263671875
acc@1:  0.06773283160865474
epoch: 6 region loss 0.17051094890510948 loc loss 1.2659360980291436 reward loss -63.296845095001
epoch:  7 batch:  0 region_loss:  10.0 10.0 loc_loss:  1.489356231689453 reward_loss:  -74.4683609008789
epoch:  7 batch:  10 region_loss:  10.0 10.0 loc_loss:  1.4933277893066406 reward_loss:  -74.66703796386719
epoch:  7 batch:  20 region_loss:  10.0 10.0 loc_loss:  1.3838163757324218 reward_loss:  -69.19051361083984
epoch:  7 batch:  30 region_loss:  10.0 10.0 loc_loss:  1.4617340087890625 reward_loss:  -73.08636474609375
epoch:  7 batch:  40 region_loss:  10.0 10.0 loc_loss:  1.4331959533691405 reward_loss:  -71.66004943847656
epoch:  7 batch:  50 region_loss:  10.0 10.0 loc_loss:  1.4622932434082032 reward_loss:  -73.11480712890625
epoch:  7 batch:  60 region_loss:  10.0 10.0 loc_loss:  1.464960174560547 reward_loss:  -73.24824523925781
epoch:  7 batch:  70 region_loss:  10.0 10.0 loc_loss:  1.4275381469726562 reward_loss:  -71.37654876708984
epoch:  7 batch:  80 region_loss:  10.0 10.0 loc_loss:  1.4583860778808593 reward_loss:  -72.91876220703125
epoch:  7 batch:  90 region_loss:  6.0 6.0 loc_loss:  0.8787406921386719 reward_loss:  -43.937744140625
epoch:  7 batch:  100 region_loss:  8.0 8.0 loc_loss:  1.1301580047607422 reward_loss:  -56.50761795043945
epoch:  7 batch:  110 region_loss:  4.0 4.0 loc_loss:  0.605994644165039 reward_loss:  -30.299800872802734
epoch:  7 batch:  120 region_loss:  5.0 5.0 loc_loss:  0.7290000152587891 reward_loss:  -36.45001983642578
epoch:  7 batch:  130 region_loss:  7.0 7.0 loc_loss:  1.028563003540039 reward_loss:  -51.4284553527832
acc@1:  0.08043273753527752
epoch: 7 region loss 0.17051094890510948 loc loss 1.2112728711984453 reward loss -60.56369511402436
epoch:  8 batch:  0 region_loss:  10.0 10.0 loc_loss:  1.4274485778808594 reward_loss:  -71.3723373413086
epoch:  8 batch:  10 region_loss:  10.0 10.0 loc_loss:  1.4338218688964843 reward_loss:  -71.6913070678711
epoch:  8 batch:  20 region_loss:  10.0 10.0 loc_loss:  1.3124131774902343 reward_loss:  -65.62026977539062
epoch:  8 batch:  30 region_loss:  10.0 10.0 loc_loss:  1.3935040283203124 reward_loss:  -69.67532348632812
epoch:  8 batch:  40 region_loss:  10.0 10.0 loc_loss:  1.3754815673828125 reward_loss:  -68.77425384521484
epoch:  8 batch:  50 region_loss:  10.0 10.0 loc_loss:  1.3911312866210936 reward_loss:  -69.55707550048828
epoch:  8 batch:  60 region_loss:  10.0 10.0 loc_loss:  1.4026541137695312 reward_loss:  -70.13288116455078
epoch:  8 batch:  70 region_loss:  10.0 10.0 loc_loss:  1.356806640625 reward_loss:  -67.84033203125
epoch:  8 batch:  80 region_loss:  10.0 10.0 loc_loss:  1.3984336853027344 reward_loss:  -69.92236328125
epoch:  8 batch:  90 region_loss:  6.0 6.0 loc_loss:  0.844908218383789 reward_loss:  -42.246089935302734
epoch:  8 batch:  100 region_loss:  8.0 8.0 loc_loss:  1.0731407165527345 reward_loss:  -53.656803131103516
epoch:  8 batch:  110 region_loss:  4.0 4.0 loc_loss:  0.5853551864624024 reward_loss:  -29.26828956604004
epoch:  8 batch:  120 region_loss:  5.0 5.0 loc_loss:  0.6966527557373047 reward_loss:  -34.832576751708984
epoch:  8 batch:  130 region_loss:  7.0 7.0 loc_loss:  0.9869039154052734 reward_loss:  -49.34536361694336
acc@1:  0.09454374412041393
epoch: 8 region loss 0.17051094890510948 loc loss 1.1540775015058309 reward loss -57.70389253379655
epoch:  9 batch:  0 region_loss:  10.0 10.0 loc_loss:  1.360948486328125 reward_loss:  -68.04776763916016
epoch:  9 batch:  10 region_loss:  10.0 10.0 loc_loss:  1.36968994140625 reward_loss:  -68.48433685302734
epoch:  9 batch:  20 region_loss:  10.0 10.0 loc_loss:  1.23947998046875 reward_loss:  -61.973976135253906
epoch:  9 batch:  30 region_loss:  10.0 10.0 loc_loss:  1.3222563171386719 reward_loss:  -66.11295318603516
epoch:  9 batch:  40 region_loss:  10.0 10.0 loc_loss:  1.3180369567871093 reward_loss:  -65.9016342163086
epoch:  9 batch:  50 region_loss:  10.0 10.0 loc_loss:  1.3158810424804688 reward_loss:  -65.79378509521484
epoch:  9 batch:  60 region_loss:  10.0 10.0 loc_loss:  1.3387294006347656 reward_loss:  -66.93644714355469
epoch:  9 batch:  70 region_loss:  10.0 10.0 loc_loss:  1.2844561767578124 reward_loss:  -64.22259521484375
epoch:  9 batch:  80 region_loss:  10.0 10.0 loc_loss:  1.3363420104980468 reward_loss:  -66.81773376464844
epoch:  9 batch:  90 region_loss:  6.0 6.0 loc_loss:  0.8101152038574219 reward_loss:  -40.50591278076172
epoch:  9 batch:  100 region_loss:  8.0 8.0 loc_loss:  1.015066909790039 reward_loss:  -50.75306701660156
epoch:  9 batch:  110 region_loss:  4.0 4.0 loc_loss:  0.5637607574462891 reward_loss:  -28.187664031982422
epoch:  9 batch:  120 region_loss:  5.0 5.0 loc_loss:  0.663426513671875 reward_loss:  -33.171112060546875
epoch:  9 batch:  130 region_loss:  7.0 7.0 loc_loss:  0.9440573120117187 reward_loss:  -47.203025817871094
acc@1:  0.10630291627469426
epoch: 9 region loss 0.17051094890510948 loc loss 1.0957668009291601 reward loss -54.7883220867519
epoch:  10 batch:  0 region_loss:  10.0 10.0 loc_loss:  1.2913188171386718 reward_loss:  -64.56588745117188
epoch:  10 batch:  10 region_loss:  10.0 10.0 loc_loss:  1.3023876953125 reward_loss:  -65.11923217773438
epoch:  10 batch:  20 region_loss:  10.0 10.0 loc_loss:  1.167443084716797 reward_loss:  -58.37258529663086
epoch:  10 batch:  30 region_loss:  10.0 10.0 loc_loss:  1.2499053955078125 reward_loss:  -62.495235443115234
epoch:  10 batch:  40 region_loss:  10.0 10.0 loc_loss:  1.261130828857422 reward_loss:  -63.05629348754883
epoch:  10 batch:  50 region_loss:  10.0 10.0 loc_loss:  1.2386512756347656 reward_loss:  -61.9322624206543
epoch:  10 batch:  60 region_loss:  10.0 10.0 loc_loss:  1.2739479064941406 reward_loss:  -63.69733428955078
epoch:  10 batch:  70 region_loss:  10.0 10.0 loc_loss:  1.2129120635986328 reward_loss:  -60.64568328857422
epoch:  10 batch:  80 region_loss:  10.0 10.0 loc_loss:  1.2745848083496094 reward_loss:  -63.72953796386719
epoch:  10 batch:  90 region_loss:  6.0 6.0 loc_loss:  0.7744930267333985 reward_loss:  -38.72440719604492
epoch:  10 batch:  100 region_loss:  8.0 8.0 loc_loss:  0.9578462982177735 reward_loss:  -47.89265060424805
epoch:  10 batch:  110 region_loss:  4.0 4.0 loc_loss:  0.5415139007568359 reward_loss:  -27.07579803466797
epoch:  10 batch:  120 region_loss:  5.0 5.0 loc_loss:  0.6298087310791015 reward_loss:  -31.490524291992188
epoch:  10 batch:  130 region_loss:  7.0 7.0 loc_loss:  0.9006301879882812 reward_loss:  -45.03120803833008
acc@1:  0.11618062088428975
epoch: 10 region loss 0.17051094890510948 loc loss 1.0376904614302365 reward loss -51.884549273191574
epoch:  11 batch:  0 region_loss:  10.0 10.0 loc_loss:  1.2199911499023437 reward_loss:  -60.999542236328125
epoch:  11 batch:  10 region_loss:  10.0 10.0 loc_loss:  1.2329359436035157 reward_loss:  -61.64716720581055
epoch:  11 batch:  20 region_loss:  10.0 10.0 loc_loss:  1.0970420837402344 reward_loss:  -54.852142333984375
epoch:  11 batch:  30 region_loss:  10.0 10.0 loc_loss:  1.178585205078125 reward_loss:  -58.929344177246094
epoch:  11 batch:  40 region_loss:  10.0 10.0 loc_loss:  1.205226287841797 reward_loss:  -60.261566162109375
epoch:  11 batch:  50 region_loss:  10.0 10.0 loc_loss:  1.1622802734375 reward_loss:  -58.114341735839844
epoch:  11 batch:  60 region_loss:  10.0 10.0 loc_loss:  1.209856948852539 reward_loss:  -60.4925537109375
epoch:  11 batch:  70 region_loss:  10.0 10.0 loc_loss:  1.1443887329101563 reward_loss:  -57.21970748901367
epoch:  11 batch:  80 region_loss:  10.0 10.0 loc_loss:  1.2142494201660157 reward_loss:  -60.712337493896484
epoch:  11 batch:  90 region_loss:  6.0 6.0 loc_loss:  0.7391336059570313 reward_loss:  -36.95659255981445
epoch:  11 batch:  100 region_loss:  8.0 8.0 loc_loss:  0.9029518127441406 reward_loss:  -45.14811706542969
epoch:  11 batch:  110 region_loss:  4.0 4.0 loc_loss:  0.5188318252563476 reward_loss:  -25.942005157470703
epoch:  11 batch:  120 region_loss:  5.0 5.0 loc_loss:  0.5972086334228516 reward_loss:  -29.860557556152344
epoch:  11 batch:  130 region_loss:  7.0 7.0 loc_loss:  0.8575351715087891 reward_loss:  -42.876590728759766
acc@1:  0.12464722483537159
epoch: 11 region loss 0.17051094890510948 loc loss 0.9811527505582266 reward loss -49.05762896572586
epoch:  12 batch:  0 region_loss:  10.0 10.0 loc_loss:  1.148502655029297 reward_loss:  -57.42518997192383
epoch:  12 batch:  10 region_loss:  10.0 10.0 loc_loss:  1.1634596252441407 reward_loss:  -58.17306137084961
epoch:  12 batch:  20 region_loss:  10.0 10.0 loc_loss:  1.030360794067383 reward_loss:  -51.51839828491211
epoch:  12 batch:  30 region_loss:  10.0 10.0 loc_loss:  1.108473358154297 reward_loss:  -55.42335891723633
epoch:  12 batch:  40 region_loss:  10.0 10.0 loc_loss:  1.1508921813964843 reward_loss:  -57.54484939575195
epoch:  12 batch:  50 region_loss:  10.0 10.0 loc_loss:  1.0884098052978515 reward_loss:  -54.420433044433594
epoch:  12 batch:  60 region_loss:  10.0 10.0 loc_loss:  1.1476849365234374 reward_loss:  -57.38370895385742
epoch:  12 batch:  70 region_loss:  10.0 10.0 loc_loss:  1.0803955078125 reward_loss:  -54.02001190185547
epoch:  12 batch:  80 region_loss:  10.0 10.0 loc_loss:  1.1576893615722657 reward_loss:  -57.88401412963867
epoch:  12 batch:  90 region_loss:  6.0 6.0 loc_loss:  0.7046714019775391 reward_loss:  -35.23350143432617
epoch:  12 batch:  100 region_loss:  8.0 8.0 loc_loss:  0.8511027526855469 reward_loss:  -42.55479431152344
epoch:  12 batch:  110 region_loss:  4.0 4.0 loc_loss:  0.49577239990234373 reward_loss:  -24.7879581451416
epoch:  12 batch:  120 region_loss:  5.0 5.0 loc_loss:  0.5657466125488281 reward_loss:  -28.286977767944336
epoch:  12 batch:  130 region_loss:  7.0 7.0 loc_loss:  0.8157962036132812 reward_loss:  -40.790199279785156
acc@1:  0.13076199435559738
epoch: 12 region loss 0.17051094890510948 loc loss 0.9273342845387702 reward loss -46.36671573054181
epoch:  13 batch:  0 region_loss:  10.0 10.0 loc_loss:  1.0800758361816407 reward_loss:  -54.004329681396484
epoch:  13 batch:  10 region_loss:  10.0 10.0 loc_loss:  1.0969013214111327 reward_loss:  -54.8449821472168
epoch:  13 batch:  20 region_loss:  10.0 10.0 loc_loss:  0.9673226165771485 reward_loss:  -48.36604690551758
epoch:  13 batch:  30 region_loss:  10.0 10.0 loc_loss:  1.0416397857666015 reward_loss:  -52.08209991455078
epoch:  13 batch:  40 region_loss:  10.0 10.0 loc_loss:  1.098778076171875 reward_loss:  -54.93878173828125
epoch:  13 batch:  50 region_loss:  10.0 10.0 loc_loss:  1.0200927734375 reward_loss:  -51.004722595214844
epoch:  13 batch:  60 region_loss:  10.0 10.0 loc_loss:  1.0874512481689453 reward_loss:  -54.37252426147461
epoch:  13 batch:  70 region_loss:  10.0 10.0 loc_loss:  1.0205992126464845 reward_loss:  -51.03006362915039
epoch:  13 batch:  80 region_loss:  10.0 10.0 loc_loss:  1.1036334228515625 reward_loss:  -55.18161392211914
epoch:  13 batch:  90 region_loss:  6.0 6.0 loc_loss:  0.6708038330078125 reward_loss:  -33.54023742675781
epoch:  13 batch:  100 region_loss:  8.0 8.0 loc_loss:  0.8034696960449219 reward_loss:  -40.173248291015625
epoch:  13 batch:  110 region_loss:  4.0 4.0 loc_loss:  0.4729278564453125 reward_loss:  -23.64634895324707
epoch:  13 batch:  120 region_loss:  5.0 5.0 loc_loss:  0.536192626953125 reward_loss:  -26.809947967529297
epoch:  13 batch:  130 region_loss:  7.0 7.0 loc_loss:  0.7751118469238282 reward_loss:  -38.7557487487793
acc@1:  0.13734713076199437
epoch: 13 region loss 0.17051094890510948 loc loss 0.8769544785214167 reward loss -43.847759650571504
epoch:  14 batch:  0 region_loss:  10.0 10.0 loc_loss:  1.015818099975586 reward_loss:  -50.790870666503906
epoch:  14 batch:  10 region_loss:  10.0 10.0 loc_loss:  1.0346144104003907 reward_loss:  -51.73080825805664
epoch:  14 batch:  20 region_loss:  10.0 10.0 loc_loss:  0.9092009735107421 reward_loss:  -45.46010971069336
epoch:  14 batch:  30 region_loss:  10.0 10.0 loc_loss:  0.980506362915039 reward_loss:  -49.02561569213867
epoch:  14 batch:  40 region_loss:  10.0 10.0 loc_loss:  1.0492548370361328 reward_loss:  -52.46304702758789
epoch:  14 batch:  50 region_loss:  10.0 10.0 loc_loss:  0.9580459594726562 reward_loss:  -47.90193176269531
epoch:  14 batch:  60 region_loss:  10.0 10.0 loc_loss:  1.0299064636230468 reward_loss:  -51.495269775390625
epoch:  14 batch:  70 region_loss:  10.0 10.0 loc_loss:  0.9659322357177734 reward_loss:  -48.296566009521484
epoch:  14 batch:  80 region_loss:  10.0 10.0 loc_loss:  1.052949447631836 reward_loss:  -52.64742660522461
epoch:  14 batch:  90 region_loss:  6.0 6.0 loc_loss:  0.6395758056640625 reward_loss:  -31.979042053222656
epoch:  14 batch:  100 region_loss:  8.0 8.0 loc_loss:  0.7604998779296875 reward_loss:  -38.02497100830078
epoch:  14 batch:  110 region_loss:  4.0 4.0 loc_loss:  0.4505502700805664 reward_loss:  -22.52747917175293
epoch:  14 batch:  120 region_loss:  5.0 5.0 loc_loss:  0.507870101928711 reward_loss:  -25.393497467041016
epoch:  14 batch:  130 region_loss:  7.0 7.0 loc_loss:  0.7371471405029297 reward_loss:  -36.856998443603516
acc@1:  0.14111006585136407
epoch: 14 region loss 0.17051094890510948 loc loss 0.8302483150732779 reward loss -41.512400717630875
epoch:  15 batch:  0 region_loss:  10.0 10.0 loc_loss:  0.9565821075439453 reward_loss:  -47.82940673828125
epoch:  15 batch:  10 region_loss:  10.0 10.0 loc_loss:  0.9767378997802735 reward_loss:  -48.8365478515625
epoch:  15 batch:  20 region_loss:  10.0 10.0 loc_loss:  0.8564794921875 reward_loss:  -42.82401657104492
epoch:  15 batch:  30 region_loss:  10.0 10.0 loc_loss:  0.9247402954101562 reward_loss:  -46.23701477050781
epoch:  15 batch:  40 region_loss:  10.0 10.0 loc_loss:  1.0032923126220703 reward_loss:  -50.16450500488281
epoch:  15 batch:  50 region_loss:  10.0 10.0 loc_loss:  0.9020802307128907 reward_loss:  -45.10403823852539
epoch:  15 batch:  60 region_loss:  10.0 10.0 loc_loss:  0.9757441711425782 reward_loss:  -48.78729248046875
epoch:  15 batch:  70 region_loss:  10.0 10.0 loc_loss:  0.9160568237304687 reward_loss:  -45.80231857299805
epoch:  15 batch:  80 region_loss:  10.0 10.0 loc_loss:  1.0054178619384766 reward_loss:  -50.27069854736328
epoch:  15 batch:  90 region_loss:  6.0 6.0 loc_loss:  0.6092141342163085 reward_loss:  -30.460468292236328
epoch:  15 batch:  100 region_loss:  8.0 8.0 loc_loss:  0.7208921051025391 reward_loss:  -36.04425048828125
epoch:  15 batch:  110 region_loss:  4.0 4.0 loc_loss:  0.42901363372802737 reward_loss:  -21.451034545898438
epoch:  15 batch:  120 region_loss:  5.0 5.0 loc_loss:  0.481007080078125 reward_loss:  -24.0504093170166
epoch:  15 batch:  130 region_loss:  7.0 7.0 loc_loss:  0.7016983032226562 reward_loss:  -35.08502960205078
acc@1:  0.1396989651928504
epoch: 15 region loss 0.17051094890510948 loc loss 0.7873192950060768 reward loss -39.36594395045817
epoch:  16 batch:  0 region_loss:  10.0 10.0 loc_loss:  0.9023155212402344 reward_loss:  -45.1161003112793
epoch:  16 batch:  10 region_loss:  10.0 10.0 loc_loss:  0.923065185546875 reward_loss:  -46.15348815917969
epoch:  16 batch:  20 region_loss:  10.0 10.0 loc_loss:  0.8097752380371094 reward_loss:  -40.4890251159668
epoch:  16 batch:  30 region_loss:  10.0 10.0 loc_loss:  0.8737458801269531 reward_loss:  -43.68729782104492
epoch:  16 batch:  40 region_loss:  10.0 10.0 loc_loss:  0.9615752410888672 reward_loss:  -48.07878875732422
epoch:  16 batch:  50 region_loss:  10.0 10.0 loc_loss:  0.852545166015625 reward_loss:  -42.626983642578125
epoch:  16 batch:  60 region_loss:  10.0 10.0 loc_loss:  0.9258109283447266 reward_loss:  -46.29065704345703
epoch:  16 batch:  70 region_loss:  10.0 10.0 loc_loss:  0.8706045532226563 reward_loss:  -43.529972076416016
epoch:  16 batch:  80 region_loss:  10.0 10.0 loc_loss:  0.9609888458251953 reward_loss:  -48.0501823425293
epoch:  16 batch:  90 region_loss:  6.0 6.0 loc_loss:  0.5809546279907226 reward_loss:  -29.047813415527344
epoch:  16 batch:  100 region_loss:  8.0 8.0 loc_loss:  0.6849820709228516 reward_loss:  -34.24903106689453
epoch:  16 batch:  110 region_loss:  4.0 4.0 loc_loss:  0.40855133056640625 reward_loss:  -20.42745018005371
epoch:  16 batch:  120 region_loss:  5.0 5.0 loc_loss:  0.4558111190795898 reward_loss:  -22.79056739807129
epoch:  16 batch:  130 region_loss:  7.0 7.0 loc_loss:  0.668475341796875 reward_loss:  -33.42350769042969
acc@1:  0.14111006585136407
epoch: 16 region loss 0.17051094890510948 loc loss 0.7480024127542538 reward loss -37.4001366483034
epoch:  17 batch:  0 region_loss:  10.0 10.0 loc_loss:  0.8538107299804687 reward_loss:  -42.6905517578125
epoch:  17 batch:  10 region_loss:  10.0 10.0 loc_loss:  0.8749484252929688 reward_loss:  -43.74723815917969
epoch:  17 batch:  20 region_loss:  10.0 10.0 loc_loss:  0.7676283264160156 reward_loss:  -38.381351470947266
epoch:  17 batch:  30 region_loss:  10.0 10.0 loc_loss:  0.827888412475586 reward_loss:  -41.394256591796875
epoch:  17 batch:  40 region_loss:  10.0 10.0 loc_loss:  0.9227490997314454 reward_loss:  -46.1378173828125
epoch:  17 batch:  50 region_loss:  10.0 10.0 loc_loss:  0.8079112243652343 reward_loss:  -40.395652770996094
epoch:  17 batch:  60 region_loss:  10.0 10.0 loc_loss:  0.8786605072021484 reward_loss:  -43.93324279785156
epoch:  17 batch:  70 region_loss:  10.0 10.0 loc_loss:  0.8284487152099609 reward_loss:  -41.422386169433594
epoch:  17 batch:  80 region_loss:  10.0 10.0 loc_loss:  0.9185367584228515 reward_loss:  -45.926910400390625
epoch:  17 batch:  90 region_loss:  6.0 6.0 loc_loss:  0.5545638275146484 reward_loss:  -27.728431701660156
epoch:  17 batch:  100 region_loss:  8.0 8.0 loc_loss:  0.6518231964111328 reward_loss:  -32.59110641479492
epoch:  17 batch:  110 region_loss:  4.0 4.0 loc_loss:  0.3890902709960937 reward_loss:  -19.45478630065918
epoch:  17 batch:  120 region_loss:  5.0 5.0 loc_loss:  0.4318391799926758 reward_loss:  -21.591840744018555
epoch:  17 batch:  130 region_loss:  7.0 7.0 loc_loss:  0.6375867843627929 reward_loss:  -31.879535675048828
acc@1:  0.14440263405456255
epoch: 17 region loss 0.17051094890510948 loc loss 0.7119241229983142 reward loss -35.59620182705622
epoch:  18 batch:  0 region_loss:  10.0 10.0 loc_loss:  0.808345947265625 reward_loss:  -40.416900634765625
epoch:  18 batch:  10 region_loss:  10.0 10.0 loc_loss:  0.830714111328125 reward_loss:  -41.536014556884766
epoch:  18 batch:  20 region_loss:  10.0 10.0 loc_loss:  0.7301004791259765 reward_loss:  -36.505123138427734
epoch:  18 batch:  30 region_loss:  10.0 10.0 loc_loss:  0.786539306640625 reward_loss:  -39.32743835449219
epoch:  18 batch:  40 region_loss:  10.0 10.0 loc_loss:  0.8872116088867188 reward_loss:  -44.36052703857422
epoch:  18 batch:  50 region_loss:  10.0 10.0 loc_loss:  0.7680467224121094 reward_loss:  -38.40217971801758
epoch:  18 batch:  60 region_loss:  10.0 10.0 loc_loss:  0.8347698211669922 reward_loss:  -41.73829650878906
epoch:  18 batch:  70 region_loss:  10.0 10.0 loc_loss:  0.7901449584960938 reward_loss:  -39.50706100463867
epoch:  18 batch:  80 region_loss:  10.0 10.0 loc_loss:  0.8791464996337891 reward_loss:  -43.957332611083984
epoch:  18 batch:  90 region_loss:  6.0 6.0 loc_loss:  0.5296421813964843 reward_loss:  -26.482364654541016
epoch:  18 batch:  100 region_loss:  8.0 8.0 loc_loss:  0.6214046478271484 reward_loss:  -31.069602966308594
epoch:  18 batch:  110 region_loss:  4.0 4.0 loc_loss:  0.37033424377441404 reward_loss:  -18.517074584960938
epoch:  18 batch:  120 region_loss:  5.0 5.0 loc_loss:  0.4088897705078125 reward_loss:  -20.444644927978516
epoch:  18 batch:  130 region_loss:  7.0 7.0 loc_loss:  0.6088276290893555 reward_loss:  -30.441036224365234
acc@1:  0.14205079962370648
epoch: 18 region loss 0.17051094890510948 loc loss 0.6786593935611474 reward loss -33.9329674713803
epoch:  19 batch:  0 region_loss:  10.0 10.0 loc_loss:  0.7668423461914062 reward_loss:  -38.34209060668945
epoch:  19 batch:  10 region_loss:  10.0 10.0 loc_loss:  0.7901311492919922 reward_loss:  -39.50665283203125
epoch:  19 batch:  20 region_loss:  10.0 10.0 loc_loss:  0.6965229797363282 reward_loss:  -34.825958251953125
epoch:  19 batch:  30 region_loss:  10.0 10.0 loc_loss:  0.7472081756591797 reward_loss:  -37.36042022705078
epoch:  19 batch:  40 region_loss:  10.0 10.0 loc_loss:  0.8538075256347656 reward_loss:  -42.6905517578125
epoch:  19 batch:  50 region_loss:  10.0 10.0 loc_loss:  0.7319434356689453 reward_loss:  -36.597286224365234
epoch:  19 batch:  60 region_loss:  10.0 10.0 loc_loss:  0.7933351135253907 reward_loss:  -39.666358947753906
epoch:  19 batch:  70 region_loss:  10.0 10.0 loc_loss:  0.7540352630615235 reward_loss:  -37.701751708984375
epoch:  19 batch:  80 region_loss:  10.0 10.0 loc_loss:  0.8414694213867188 reward_loss:  -42.07332229614258
epoch:  19 batch:  90 region_loss:  6.0 6.0 loc_loss:  0.5059362411499023 reward_loss:  -25.29644775390625
epoch:  19 batch:  100 region_loss:  8.0 8.0 loc_loss:  0.5932055282592773 reward_loss:  -29.659936904907227
epoch:  19 batch:  110 region_loss:  4.0 4.0 loc_loss:  0.35275115966796877 reward_loss:  -17.637470245361328
epoch:  19 batch:  120 region_loss:  5.0 5.0 loc_loss:  0.3873164367675781 reward_loss:  -19.365962982177734
epoch:  19 batch:  130 region_loss:  7.0 7.0 loc_loss:  0.5814041137695313 reward_loss:  -29.070363998413086
acc@1:  0.14205079962370648
epoch: 19 region loss 0.17051094890510948 loc loss 0.6477846407368236 reward loss -32.38924506110867
epoch:  20 batch:  0 region_loss:  10.0 10.0 loc_loss:  0.7283668518066406 reward_loss:  -36.41828155517578
epoch:  20 batch:  10 region_loss:  10.0 10.0 loc_loss:  0.7531853485107421 reward_loss:  -37.658836364746094
epoch:  20 batch:  20 region_loss:  10.0 10.0 loc_loss:  0.6662116241455078 reward_loss:  -33.31049728393555
epoch:  20 batch:  30 region_loss:  10.0 10.0 loc_loss:  0.7112078094482421 reward_loss:  -35.559993743896484
epoch:  20 batch:  40 region_loss:  10.0 10.0 loc_loss:  0.822471694946289 reward_loss:  -41.123512268066406
epoch:  20 batch:  50 region_loss:  10.0 10.0 loc_loss:  0.6981192779541016 reward_loss:  -34.906429290771484
epoch:  20 batch:  60 region_loss:  10.0 10.0 loc_loss:  0.7542066955566407 reward_loss:  -37.71009063720703
epoch:  20 batch:  70 region_loss:  10.0 10.0 loc_loss:  0.7207744598388672 reward_loss:  -36.038795471191406
epoch:  20 batch:  80 region_loss:  10.0 10.0 loc_loss:  0.8051618957519531 reward_loss:  -40.25837707519531
epoch:  20 batch:  90 region_loss:  6.0 6.0 loc_loss:  0.4823568725585938 reward_loss:  -24.118118286132812
epoch:  20 batch:  100 region_loss:  8.0 8.0 loc_loss:  0.5666515350341796 reward_loss:  -28.332279205322266
epoch:  20 batch:  110 region_loss:  4.0 4.0 loc_loss:  0.3355705642700195 reward_loss:  -16.77840805053711
epoch:  20 batch:  120 region_loss:  5.0 5.0 loc_loss:  0.3675244140625 reward_loss:  -18.376327514648438
epoch:  20 batch:  130 region_loss:  7.0 7.0 loc_loss:  0.5553434371948243 reward_loss:  -27.7674560546875
acc@1:  0.14111006585136407
epoch: 20 region loss 0.17051094890510948 loc loss 0.6189869740061517 reward loss -30.9493394489706
epoch:  21 batch:  0 region_loss:  10.0 10.0 loc_loss:  0.6929778289794922 reward_loss:  -34.64889907836914
epoch:  21 batch:  10 region_loss:  10.0 10.0 loc_loss:  0.718660659790039 reward_loss:  -35.933204650878906
epoch:  21 batch:  20 region_loss:  10.0 10.0 loc_loss:  0.6384538650512696 reward_loss:  -31.922924041748047
epoch:  21 batch:  30 region_loss:  10.0 10.0 loc_loss:  0.6778418731689453 reward_loss:  -33.89209747314453
epoch:  21 batch:  40 region_loss:  10.0 10.0 loc_loss:  0.7924451446533203 reward_loss:  -39.622093200683594
epoch:  21 batch:  50 region_loss:  10.0 10.0 loc_loss:  0.6676478576660156 reward_loss:  -33.38214111328125
epoch:  21 batch:  60 region_loss:  10.0 10.0 loc_loss:  0.7177273559570313 reward_loss:  -35.886043548583984
epoch:  21 batch:  70 region_loss:  10.0 10.0 loc_loss:  0.6890061950683594 reward_loss:  -34.450443267822266
epoch:  21 batch:  80 region_loss:  10.0 10.0 loc_loss:  0.7723921203613281 reward_loss:  -38.619903564453125
epoch:  21 batch:  90 region_loss:  6.0 6.0 loc_loss:  0.46109619140625 reward_loss:  -23.054840087890625
epoch:  21 batch:  100 region_loss:  8.0 8.0 loc_loss:  0.5411624908447266 reward_loss:  -27.05824089050293
epoch:  21 batch:  110 region_loss:  4.0 4.0 loc_loss:  0.3193581199645996 reward_loss:  -15.967926979064941
epoch:  21 batch:  120 region_loss:  5.0 5.0 loc_loss:  0.34782215118408205 reward_loss:  -17.390987396240234
epoch:  21 batch:  130 region_loss:  7.0 7.0 loc_loss:  0.5307915496826172 reward_loss:  -26.53909683227539
acc@1:  0.14016933207902163
epoch: 21 region loss 0.17051094890510948 loc loss 0.5919174926646434 reward loss -29.59585902638679
epoch:  22 batch:  0 region_loss:  10.0 10.0 loc_loss:  0.6596380615234375 reward_loss:  -32.981590270996094
epoch:  22 batch:  10 region_loss:  10.0 10.0 loc_loss:  0.6862693023681641 reward_loss:  -34.3133659362793
epoch:  22 batch:  20 region_loss:  10.0 10.0 loc_loss:  0.612754898071289 reward_loss:  -30.63799285888672
epoch:  22 batch:  30 region_loss:  10.0 10.0 loc_loss:  0.6468441009521484 reward_loss:  -32.34243392944336
epoch:  22 batch:  40 region_loss:  10.0 10.0 loc_loss:  0.764014892578125 reward_loss:  -38.200618743896484
epoch:  22 batch:  50 region_loss:  10.0 10.0 loc_loss:  0.6390532302856445 reward_loss:  -31.952774047851562
epoch:  22 batch:  60 region_loss:  10.0 10.0 loc_loss:  0.6832980346679688 reward_loss:  -34.16485595703125
epoch:  22 batch:  70 region_loss:  10.0 10.0 loc_loss:  0.6599231719970703 reward_loss:  -32.99620819091797
epoch:  22 batch:  80 region_loss:  10.0 10.0 loc_loss:  0.7379827880859375 reward_loss:  -36.89910125732422
epoch:  22 batch:  90 region_loss:  6.0 6.0 loc_loss:  0.44021331787109375 reward_loss:  -22.0104923248291
epoch:  22 batch:  100 region_loss:  8.0 8.0 loc_loss:  0.5173371505737304 reward_loss:  -25.86667823791504
epoch:  22 batch:  110 region_loss:  4.0 4.0 loc_loss:  0.3042084503173828 reward_loss:  -15.210186004638672
epoch:  22 batch:  120 region_loss:  5.0 5.0 loc_loss:  0.32945472717285157 reward_loss:  -16.472639083862305
epoch:  22 batch:  130 region_loss:  7.0 7.0 loc_loss:  0.5074590301513672 reward_loss:  -25.37283706665039
acc@1:  0.13734713076199437
epoch: 22 region loss 0.17051094890510948 loc loss 0.5663758071147612 reward loss -28.318795639233
epoch:  23 batch:  0 region_loss:  10.0 10.0 loc_loss:  0.6278815078735351 reward_loss:  -31.393775939941406
epoch:  23 batch:  10 region_loss:  10.0 10.0 loc_loss:  0.6558702087402344 reward_loss:  -32.793121337890625
epoch:  23 batch:  20 region_loss:  10.0 10.0 loc_loss:  0.5888947296142578 reward_loss:  -29.444786071777344
epoch:  23 batch:  30 region_loss:  10.0 10.0 loc_loss:  0.6172840118408203 reward_loss:  -30.864137649536133
epoch:  23 batch:  40 region_loss:  10.0 10.0 loc_loss:  0.7358818054199219 reward_loss:  -36.79404830932617
epoch:  23 batch:  50 region_loss:  10.0 10.0 loc_loss:  0.6123407745361328 reward_loss:  -30.617061614990234
epoch:  23 batch:  60 region_loss:  10.0 10.0 loc_loss:  0.6506092834472657 reward_loss:  -32.530479431152344
epoch:  23 batch:  70 region_loss:  10.0 10.0 loc_loss:  0.6312161254882812 reward_loss:  -31.560924530029297
epoch:  23 batch:  80 region_loss:  10.0 10.0 loc_loss:  0.7071856689453125 reward_loss:  -35.359256744384766
epoch:  23 batch:  90 region_loss:  6.0 6.0 loc_loss:  0.4202409362792969 reward_loss:  -21.011857986450195
epoch:  23 batch:  100 region_loss:  8.0 8.0 loc_loss:  0.49412338256835936 reward_loss:  -24.706283569335938
epoch:  23 batch:  110 region_loss:  4.0 4.0 loc_loss:  0.2892774963378906 reward_loss:  -14.464159965515137
epoch:  23 batch:  120 region_loss:  5.0 5.0 loc_loss:  0.3123817443847656 reward_loss:  -15.61892032623291
epoch:  23 batch:  130 region_loss:  7.0 7.0 loc_loss:  0.484805908203125 reward_loss:  -24.240530014038086
acc@1:  0.1317027281279398
epoch: 23 region loss 0.17051094890510948 loc loss 0.5421592074763165 reward loss -27.107967714323614
epoch:  24 batch:  0 region_loss:  10.0 10.0 loc_loss:  0.5984710693359375 reward_loss:  -29.923328399658203
epoch:  24 batch:  10 region_loss:  10.0 10.0 loc_loss:  0.6271752166748047 reward_loss:  -31.358491897583008
epoch:  24 batch:  20 region_loss:  10.0 10.0 loc_loss:  0.5661208343505859 reward_loss:  -28.30624771118164
epoch:  24 batch:  30 region_loss:  10.0 10.0 loc_loss:  0.5899877548217773 reward_loss:  -29.499616622924805
epoch:  24 batch:  40 region_loss:  10.0 10.0 loc_loss:  0.708719482421875 reward_loss:  -35.43572235107422
epoch:  24 batch:  50 region_loss:  10.0 10.0 loc_loss:  0.5863088226318359 reward_loss:  -29.31570816040039
epoch:  24 batch:  60 region_loss:  10.0 10.0 loc_loss:  0.6188088226318359 reward_loss:  -30.940410614013672
epoch:  24 batch:  70 region_loss:  10.0 10.0 loc_loss:  0.6048587417602539 reward_loss:  -30.243005752563477
epoch:  24 batch:  80 region_loss:  10.0 10.0 loc_loss:  0.6765023803710938 reward_loss:  -33.82499313354492
epoch:  24 batch:  90 region_loss:  6.0 6.0 loc_loss:  0.4010435104370117 reward_loss:  -20.05206871032715
epoch:  24 batch:  100 region_loss:  8.0 8.0 loc_loss:  0.472278938293457 reward_loss:  -23.613847732543945
epoch:  24 batch:  110 region_loss:  4.0 4.0 loc_loss:  0.27476097106933595 reward_loss:  -13.738348007202148
epoch:  24 batch:  120 region_loss:  5.0 5.0 loc_loss:  0.2957008361816406 reward_loss:  -14.785235404968262
epoch:  24 batch:  130 region_loss:  7.0 7.0 loc_loss:  0.4626296615600586 reward_loss:  -23.131450653076172
acc@1:  0.1288805268109125
epoch: 24 region loss 0.17051094890510948 loc loss 0.5190292015911019 reward loss -25.951470486439057
epoch:  25 batch:  0 region_loss:  10.0 10.0 loc_loss:  0.5704634475708008 reward_loss:  -28.5227108001709
epoch:  25 batch:  10 region_loss:  10.0 10.0 loc_loss:  0.5991071319580078 reward_loss:  -29.955400466918945
epoch:  25 batch:  20 region_loss:  10.0 10.0 loc_loss:  0.5453016281127929 reward_loss:  -27.26508140563965
epoch:  25 batch:  30 region_loss:  10.0 10.0 loc_loss:  0.5637819290161132 reward_loss:  -28.18899154663086
epoch:  25 batch:  40 region_loss:  10.0 10.0 loc_loss:  0.6826321411132813 reward_loss:  -34.131446838378906
epoch:  25 batch:  50 region_loss:  10.0 10.0 loc_loss:  0.5628339767456054 reward_loss:  -28.141813278198242
epoch:  25 batch:  60 region_loss:  10.0 10.0 loc_loss:  0.5895718002319336 reward_loss:  -29.47855567932129
epoch:  25 batch:  70 region_loss:  10.0 10.0 loc_loss:  0.5798516464233399 reward_loss:  -28.992666244506836
epoch:  25 batch:  80 region_loss:  10.0 10.0 loc_loss:  0.646166000366211 reward_loss:  -32.30866241455078
epoch:  25 batch:  90 region_loss:  6.0 6.0 loc_loss:  0.3813960266113281 reward_loss:  -19.069917678833008
epoch:  25 batch:  100 region_loss:  8.0 8.0 loc_loss:  0.4509143447875977 reward_loss:  -22.545894622802734
epoch:  25 batch:  110 region_loss:  4.0 4.0 loc_loss:  0.26094430923461914 reward_loss:  -13.047141075134277
epoch:  25 batch:  120 region_loss:  5.0 5.0 loc_loss:  0.280106201171875 reward_loss:  -14.00519847869873
epoch:  25 batch:  130 region_loss:  7.0 7.0 loc_loss:  0.4413935089111328 reward_loss:  -22.06953239440918
acc@1:  0.1288805268109125
epoch: 25 region loss 0.17051094890510948 loc loss 0.4969520310589867 reward loss -24.847601486818633
epoch:  26 batch:  0 region_loss:  10.0 10.0 loc_loss:  0.5431583023071289 reward_loss:  -27.158069610595703
epoch:  26 batch:  10 region_loss:  10.0 10.0 loc_loss:  0.5727756118774414 reward_loss:  -28.63872718811035
epoch:  26 batch:  20 region_loss:  10.0 10.0 loc_loss:  0.5246693420410157 reward_loss:  -26.233688354492188
epoch:  26 batch:  30 region_loss:  10.0 10.0 loc_loss:  0.5389093017578125 reward_loss:  -26.94586944580078
epoch:  26 batch:  40 region_loss:  10.0 10.0 loc_loss:  0.6563153076171875 reward_loss:  -32.81562423706055
epoch:  26 batch:  50 region_loss:  10.0 10.0 loc_loss:  0.5400243377685547 reward_loss:  -27.001083374023438
epoch:  26 batch:  60 region_loss:  10.0 10.0 loc_loss:  0.5619714736938477 reward_loss:  -28.09856414794922
epoch:  26 batch:  70 region_loss:  10.0 10.0 loc_loss:  0.5558577346801757 reward_loss:  -27.79320526123047
epoch:  26 batch:  80 region_loss:  10.0 10.0 loc_loss:  0.6175218200683594 reward_loss:  -30.876251220703125
epoch:  26 batch:  90 region_loss:  6.0 6.0 loc_loss:  0.36388641357421875 reward_loss:  -18.19412612915039
epoch:  26 batch:  100 region_loss:  8.0 8.0 loc_loss:  0.43034503936767576 reward_loss:  -21.51732063293457
epoch:  26 batch:  110 region_loss:  4.0 4.0 loc_loss:  0.24773033142089843 reward_loss:  -12.38642406463623
epoch:  26 batch:  120 region_loss:  5.0 5.0 loc_loss:  0.2651469039916992 reward_loss:  -13.257429122924805
epoch:  26 batch:  130 region_loss:  7.0 7.0 loc_loss:  0.4213721466064453 reward_loss:  -21.069061279296875
acc@1:  0.12652869238005646
epoch: 26 region loss 0.17051094890510948 loc loss 0.4756694945453727 reward loss -23.783461734326217
epoch:  27 batch:  0 region_loss:  10.0 10.0 loc_loss:  0.5168927764892578 reward_loss:  -25.84412956237793
epoch:  27 batch:  10 region_loss:  10.0 10.0 loc_loss:  0.5484119415283203 reward_loss:  -27.42054557800293
epoch:  27 batch:  20 region_loss:  10.0 10.0 loc_loss:  0.5046104431152344 reward_loss:  -25.23055648803711
epoch:  27 batch:  30 region_loss:  10.0 10.0 loc_loss:  0.5145417785644532 reward_loss:  -25.72724151611328
epoch:  27 batch:  40 region_loss:  10.0 10.0 loc_loss:  0.6313077926635742 reward_loss:  -31.56515121459961
epoch:  27 batch:  50 region_loss:  10.0 10.0 loc_loss:  0.5177204513549805 reward_loss:  -25.88602066040039
epoch:  27 batch:  60 region_loss:  10.0 10.0 loc_loss:  0.534678840637207 reward_loss:  -26.733993530273438
epoch:  27 batch:  70 region_loss:  10.0 10.0 loc_loss:  0.5325669479370118 reward_loss:  -26.628135681152344
epoch:  27 batch:  80 region_loss:  10.0 10.0 loc_loss:  0.5901383209228516 reward_loss:  -29.50713348388672
epoch:  27 batch:  90 region_loss:  6.0 6.0 loc_loss:  0.34721031188964846 reward_loss:  -17.36003303527832
epoch:  27 batch:  100 region_loss:  8.0 8.0 loc_loss:  0.4102466583251953 reward_loss:  -20.512741088867188
epoch:  27 batch:  110 region_loss:  4.0 4.0 loc_loss:  0.23448755264282226 reward_loss:  -11.724383354187012
epoch:  27 batch:  120 region_loss:  5.0 5.0 loc_loss:  0.2508420944213867 reward_loss:  -12.542366981506348
epoch:  27 batch:  130 region_loss:  7.0 7.0 loc_loss:  0.40155635833740233 reward_loss:  -20.078163146972656
acc@1:  0.1251175917215428
epoch: 27 region loss 0.17051094890510948 loc loss 0.45513354510286425 reward loss -22.75668666310554
epoch:  28 batch:  0 region_loss:  10.0 10.0 loc_loss:  0.4928126907348633 reward_loss:  -24.640609741210938
epoch:  28 batch:  10 region_loss:  10.0 10.0 loc_loss:  0.5244221878051758 reward_loss:  -26.22092056274414
epoch:  28 batch:  20 region_loss:  10.0 10.0 loc_loss:  0.4856937026977539 reward_loss:  -24.285213470458984
epoch:  28 batch:  30 region_loss:  10.0 10.0 loc_loss:  0.49152103424072263 reward_loss:  -24.575843811035156
epoch:  28 batch:  40 region_loss:  10.0 10.0 loc_loss:  0.6064204406738282 reward_loss:  -30.320941925048828
epoch:  28 batch:  50 region_loss:  10.0 10.0 loc_loss:  0.4955356216430664 reward_loss:  -24.776742935180664
epoch:  28 batch:  60 region_loss:  10.0 10.0 loc_loss:  0.5093991470336914 reward_loss:  -25.470359802246094
epoch:  28 batch:  70 region_loss:  10.0 10.0 loc_loss:  0.5100730514526367 reward_loss:  -25.503742218017578
epoch:  28 batch:  80 region_loss:  10.0 10.0 loc_loss:  0.5634400558471679 reward_loss:  -28.17220687866211
epoch:  28 batch:  90 region_loss:  6.0 6.0 loc_loss:  0.3297534942626953 reward_loss:  -16.487560272216797
epoch:  28 batch:  100 region_loss:  8.0 8.0 loc_loss:  0.3921836853027344 reward_loss:  -19.60944175720215
epoch:  28 batch:  110 region_loss:  4.0 4.0 loc_loss:  0.22301645278930665 reward_loss:  -11.150999069213867
epoch:  28 batch:  120 region_loss:  5.0 5.0 loc_loss:  0.23769062042236327 reward_loss:  -11.884562492370605
epoch:  28 batch:  130 region_loss:  7.0 7.0 loc_loss:  0.38253307342529297 reward_loss:  -19.12674903869629
acc@1:  0.12417685794920037
epoch: 28 region loss 0.17051094890510948 loc loss 0.43536859334820377 reward loss -21.768452555593782
epoch:  29 batch:  0 region_loss:  10.0 10.0 loc_loss:  0.4691303253173828 reward_loss:  -23.45648193359375
epoch:  29 batch:  10 region_loss:  10.0 10.0 loc_loss:  0.5012002563476563 reward_loss:  -25.059492111206055
epoch:  29 batch:  20 region_loss:  10.0 10.0 loc_loss:  0.4679691696166992 reward_loss:  -23.399072647094727
epoch:  29 batch:  30 region_loss:  10.0 10.0 loc_loss:  0.4706669616699219 reward_loss:  -23.53343391418457
epoch:  29 batch:  40 region_loss:  10.0 10.0 loc_loss:  0.5819105911254883 reward_loss:  -29.095476150512695
epoch:  29 batch:  50 region_loss:  10.0 10.0 loc_loss:  0.47555084228515626 reward_loss:  -23.777542114257812
epoch:  29 batch:  60 region_loss:  10.0 10.0 loc_loss:  0.4854304504394531 reward_loss:  -24.27178382873535
epoch:  29 batch:  70 region_loss:  10.0 10.0 loc_loss:  0.4889420700073242 reward_loss:  -24.44703483581543
epoch:  29 batch:  80 region_loss:  10.0 10.0 loc_loss:  0.537036018371582 reward_loss:  -26.851593017578125
epoch:  29 batch:  90 region_loss:  6.0 6.0 loc_loss:  0.3133551025390625 reward_loss:  -15.667479515075684
epoch:  29 batch:  100 region_loss:  8.0 8.0 loc_loss:  0.37386505126953123 reward_loss:  -18.693256378173828
epoch:  29 batch:  110 region_loss:  4.0 4.0 loc_loss:  0.21060625076293946 reward_loss:  -10.53024673461914
epoch:  29 batch:  120 region_loss:  5.0 5.0 loc_loss:  0.22470645904541015 reward_loss:  -11.23513412475586
epoch:  29 batch:  130 region_loss:  7.0 7.0 loc_loss:  0.36330715179443357 reward_loss:  -18.165307998657227
acc@1:  0.12370649106302917
epoch: 29 region loss 0.17051094890510948 loc loss 0.41618099344907883 reward loss -20.809042554702202
epoch:  30 batch:  0 region_loss:  10.0 10.0 loc_loss:  0.4470397567749023 reward_loss:  -22.352075576782227
epoch:  30 batch:  10 region_loss:  10.0 10.0 loc_loss:  0.4797653579711914 reward_loss:  -23.987918853759766
epoch:  30 batch:  20 region_loss:  10.0 10.0 loc_loss:  0.4503548812866211 reward_loss:  -22.517704010009766
epoch:  30 batch:  30 region_loss:  10.0 10.0 loc_loss:  0.4487922286987305 reward_loss:  -22.439706802368164
epoch:  30 batch:  40 region_loss:  10.0 10.0 loc_loss:  0.558868408203125 reward_loss:  -27.94373321533203
epoch:  30 batch:  50 region_loss:  10.0 10.0 loc_loss:  0.45533660888671873 reward_loss:  -22.766849517822266
epoch:  30 batch:  60 region_loss:  10.0 10.0 loc_loss:  0.46133735656738284 reward_loss:  -23.06658935546875
epoch:  30 batch:  70 region_loss:  10.0 10.0 loc_loss:  0.4683577346801758 reward_loss:  -23.41802215576172
epoch:  30 batch:  80 region_loss:  10.0 10.0 loc_loss:  0.5127174377441406 reward_loss:  -25.636045455932617
epoch:  30 batch:  90 region_loss:  6.0 6.0 loc_loss:  0.29690109252929686 reward_loss:  -14.845266342163086
epoch:  30 batch:  100 region_loss:  8.0 8.0 loc_loss:  0.3550494384765625 reward_loss:  -17.752477645874023
epoch:  30 batch:  110 region_loss:  4.0 4.0 loc_loss:  0.19900150299072267 reward_loss:  -9.950244903564453
epoch:  30 batch:  120 region_loss:  5.0 5.0 loc_loss:  0.21241588592529298 reward_loss:  -10.620759010314941
epoch:  30 batch:  130 region_loss:  7.0 7.0 loc_loss:  0.3454246520996094 reward_loss:  -17.27153205871582
acc@1:  0.1213546566321731
epoch: 30 region loss 0.17051094890510948 loc loss 0.3976178874064536 reward loss -19.880869174525685
epoch:  31 batch:  0 region_loss:  10.0 10.0 loc_loss:  0.424729118347168 reward_loss:  -21.23663330078125
epoch:  31 batch:  10 region_loss:  10.0 10.0 loc_loss:  0.45693225860595704 reward_loss:  -22.846683502197266
epoch:  31 batch:  20 region_loss:  10.0 10.0 loc_loss:  0.43308189392089846 reward_loss:  -21.65387535095215
epoch:  31 batch:  30 region_loss:  10.0 10.0 loc_loss:  0.42854167938232424 reward_loss:  -21.427377700805664
epoch:  31 batch:  40 region_loss:  10.0 10.0 loc_loss:  0.5346955490112305 reward_loss:  -26.734577178955078
epoch:  31 batch:  50 region_loss:  10.0 10.0 loc_loss:  0.4364723968505859 reward_loss:  -21.823488235473633
epoch:  31 batch:  60 region_loss:  10.0 10.0 loc_loss:  0.43767635345458983 reward_loss:  -21.884113311767578
epoch:  31 batch:  70 region_loss:  10.0 10.0 loc_loss:  0.44745975494384765 reward_loss:  -22.3731632232666
epoch:  31 batch:  80 region_loss:  10.0 10.0 loc_loss:  0.48711456298828126 reward_loss:  -24.355772018432617
epoch:  31 batch:  90 region_loss:  6.0 6.0 loc_loss:  0.28114215850830077 reward_loss:  -14.057214736938477
epoch:  31 batch:  100 region_loss:  8.0 8.0 loc_loss:  0.3385064315795898 reward_loss:  -16.924924850463867
epoch:  31 batch:  110 region_loss:  4.0 4.0 loc_loss:  0.18803869247436522 reward_loss:  -9.402377128601074
epoch:  31 batch:  120 region_loss:  5.0 5.0 loc_loss:  0.20068910598754883 reward_loss:  -10.034655570983887
epoch:  31 batch:  130 region_loss:  7.0 7.0 loc_loss:  0.3284387969970703 reward_loss:  -16.42194938659668
acc@1:  0.11853245531514581
epoch: 31 region loss 0.17051094890510948 loc loss 0.37965672054429994 reward loss -18.98285745530233
epoch:  32 batch:  0 region_loss:  10.0 10.0 loc_loss:  0.4044420623779297 reward_loss:  -20.221776962280273
epoch:  32 batch:  10 region_loss:  10.0 10.0 loc_loss:  0.43654743194580076 reward_loss:  -21.827402114868164
epoch:  32 batch:  20 region_loss:  10.0 10.0 loc_loss:  0.4156953811645508 reward_loss:  -20.7847900390625
epoch:  32 batch:  30 region_loss:  10.0 10.0 loc_loss:  0.40808170318603515 reward_loss:  -20.403779983520508
epoch:  32 batch:  40 region_loss:  10.0 10.0 loc_loss:  0.5129957962036132 reward_loss:  -25.649791717529297
epoch:  32 batch:  50 region_loss:  10.0 10.0 loc_loss:  0.4168014144897461 reward_loss:  -20.839895248413086
epoch:  32 batch:  60 region_loss:  10.0 10.0 loc_loss:  0.41601058959960935 reward_loss:  -20.800695419311523
epoch:  32 batch:  70 region_loss:  10.0 10.0 loc_loss:  0.4277680969238281 reward_loss:  -21.38838768005371
epoch:  32 batch:  80 region_loss:  10.0 10.0 loc_loss:  0.4622548294067383 reward_loss:  -23.112781524658203
epoch:  32 batch:  90 region_loss:  6.0 6.0 loc_loss:  0.2669590187072754 reward_loss:  -13.34786605834961
epoch:  32 batch:  100 region_loss:  8.0 8.0 loc_loss:  0.3210653305053711 reward_loss:  -16.053491592407227
epoch:  32 batch:  110 region_loss:  4.0 4.0 loc_loss:  0.1773473358154297 reward_loss:  -8.867135047912598
epoch:  32 batch:  120 region_loss:  5.0 5.0 loc_loss:  0.18860393524169922 reward_loss:  -9.430154800415039
epoch:  32 batch:  130 region_loss:  7.0 7.0 loc_loss:  0.3111721611022949 reward_loss:  -15.558524131774902
acc@1:  0.11618062088428975
epoch: 32 region loss 0.17051094890510948 loc loss 0.36214777267762344 reward loss -18.107364349991737
epoch:  33 batch:  0 region_loss:  10.0 10.0 loc_loss:  0.3836795425415039 reward_loss:  -19.183792114257812
epoch:  33 batch:  10 region_loss:  10.0 10.0 loc_loss:  0.4161920166015625 reward_loss:  -20.809707641601562
epoch:  33 batch:  20 region_loss:  10.0 10.0 loc_loss:  0.3992001724243164 reward_loss:  -19.96006202697754
epoch:  33 batch:  30 region_loss:  10.0 10.0 loc_loss:  0.38971725463867185 reward_loss:  -19.485754013061523
epoch:  33 batch:  40 region_loss:  10.0 10.0 loc_loss:  0.49045089721679686 reward_loss:  -24.522560119628906
epoch:  33 batch:  50 region_loss:  10.0 10.0 loc_loss:  0.39796077728271484 reward_loss:  -19.897960662841797
epoch:  33 batch:  60 region_loss:  10.0 10.0 loc_loss:  0.3959041213989258 reward_loss:  -19.795177459716797
epoch:  33 batch:  70 region_loss:  10.0 10.0 loc_loss:  0.40790786743164065 reward_loss:  -20.39530372619629
epoch:  33 batch:  80 region_loss:  10.0 10.0 loc_loss:  0.4391626739501953 reward_loss:  -21.958118438720703
epoch:  33 batch:  90 region_loss:  6.0 6.0 loc_loss:  0.2526228713989258 reward_loss:  -12.630960464477539
epoch:  33 batch:  100 region_loss:  8.0 8.0 loc_loss:  0.30544357299804686 reward_loss:  -15.271913528442383
epoch:  33 batch:  110 region_loss:  4.0 4.0 loc_loss:  0.16705560684204102 reward_loss:  -8.352798461914062
epoch:  33 batch:  120 region_loss:  5.0 5.0 loc_loss:  0.1783122253417969 reward_loss:  -8.915717124938965
epoch:  33 batch:  130 region_loss:  7.0 7.0 loc_loss:  0.29467632293701174 reward_loss:  -14.733800888061523
acc@1:  0.11759172154280338
epoch: 33 region loss 0.17051094890510948 loc loss 0.34510099710339176 reward loss -17.255020966495042
epoch:  34 batch:  0 region_loss:  10.0 10.0 loc_loss:  0.3646690368652344 reward_loss:  -18.2333984375
epoch:  34 batch:  10 region_loss:  10.0 10.0 loc_loss:  0.3968758392333984 reward_loss:  -19.84377670288086
epoch:  34 batch:  20 region_loss:  10.0 10.0 loc_loss:  0.38308555603027344 reward_loss:  -19.154420852661133
epoch:  34 batch:  30 region_loss:  10.0 10.0 loc_loss:  0.3709074401855469 reward_loss:  -18.545116424560547
epoch:  34 batch:  40 region_loss:  10.0 10.0 loc_loss:  0.4679880142211914 reward_loss:  -23.399269104003906
epoch:  34 batch:  50 region_loss:  10.0 10.0 loc_loss:  0.3798423004150391 reward_loss:  -18.99203109741211
epoch:  34 batch:  60 region_loss:  10.0 10.0 loc_loss:  0.37419891357421875 reward_loss:  -18.709667205810547
epoch:  34 batch:  70 region_loss:  10.0 10.0 loc_loss:  0.3902402877807617 reward_loss:  -19.511682510375977
epoch:  34 batch:  80 region_loss:  10.0 10.0 loc_loss:  0.4164315795898437 reward_loss:  -20.82164764404297
epoch:  34 batch:  90 region_loss:  6.0 6.0 loc_loss:  0.2381022834777832 reward_loss:  -11.905379295349121
epoch:  34 batch:  100 region_loss:  8.0 8.0 loc_loss:  0.2898335075378418 reward_loss:  -14.491536140441895
epoch:  34 batch:  110 region_loss:  4.0 4.0 loc_loss:  0.15720094680786134 reward_loss:  -7.859921455383301
epoch:  34 batch:  120 region_loss:  5.0 5.0 loc_loss:  0.16724248886108398 reward_loss:  -8.362056732177734
epoch:  34 batch:  130 region_loss:  7.0 7.0 loc_loss:  0.2783004188537598 reward_loss:  -13.915030479431152
acc@1:  0.11288805268109126
epoch: 34 region loss 0.17051094890510948 loc loss 0.32867781172703653 reward loss -16.43385869656166
epoch:  35 batch:  0 region_loss:  10.0 10.0 loc_loss:  0.3462198257446289 reward_loss:  -17.311290740966797
epoch:  35 batch:  10 region_loss:  10.0 10.0 loc_loss:  0.3766733932495117 reward_loss:  -18.833600997924805
epoch:  35 batch:  20 region_loss:  10.0 10.0 loc_loss:  0.36797657012939455 reward_loss:  -18.399005889892578
epoch:  35 batch:  30 region_loss:  10.0 10.0 loc_loss:  0.3528099822998047 reward_loss:  -17.640762329101562
epoch:  35 batch:  40 region_loss:  10.0 10.0 loc_loss:  0.44720333099365234 reward_loss:  -22.360355377197266
epoch:  35 batch:  50 region_loss:  10.0 10.0 loc_loss:  0.36208457946777345 reward_loss:  -18.10491371154785
epoch:  35 batch:  60 region_loss:  10.0 10.0 loc_loss:  0.3553738784790039 reward_loss:  -17.768680572509766
epoch:  35 batch:  70 region_loss:  10.0 10.0 loc_loss:  0.37137828826904296 reward_loss:  -18.5693416595459
epoch:  35 batch:  80 region_loss:  10.0 10.0 loc_loss:  0.39455619812011716 reward_loss:  -19.727617263793945
epoch:  35 batch:  90 region_loss:  6.0 6.0 loc_loss:  0.22452190399169922 reward_loss:  -11.22610092163086
epoch:  35 batch:  100 region_loss:  8.0 8.0 loc_loss:  0.27523977279663087 reward_loss:  -13.761835098266602
epoch:  35 batch:  110 region_loss:  4.0 4.0 loc_loss:  0.1473960494995117 reward_loss:  -7.369939804077148
epoch:  35 batch:  120 region_loss:  5.0 5.0 loc_loss:  0.15754364013671876 reward_loss:  -7.876921653747559
epoch:  35 batch:  130 region_loss:  7.0 7.0 loc_loss:  0.2626076889038086 reward_loss:  -13.130146026611328
acc@1:  0.11194731890874883
epoch: 35 region loss 0.17051094890510948 loc loss 0.3125796586927706 reward loss -15.628949288904233
epoch:  36 batch:  0 region_loss:  10.0 10.0 loc_loss:  0.32832027435302735 reward_loss:  -16.416362762451172
epoch:  36 batch:  10 region_loss:  10.0 10.0 loc_loss:  0.35821842193603515 reward_loss:  -17.91100311279297
epoch:  36 batch:  20 region_loss:  10.0 10.0 loc_loss:  0.35219249725341795 reward_loss:  -17.609683990478516
epoch:  36 batch:  30 region_loss:  10.0 10.0 loc_loss:  0.3349580764770508 reward_loss:  -16.74825668334961
epoch:  36 batch:  40 region_loss:  10.0 10.0 loc_loss:  0.42646682739257813 reward_loss:  -21.32337760925293
epoch:  36 batch:  50 region_loss:  10.0 10.0 loc_loss:  0.34533737182617186 reward_loss:  -17.266443252563477
epoch:  36 batch:  60 region_loss:  10.0 10.0 loc_loss:  0.33602691650390626 reward_loss:  -16.80145835876465
epoch:  36 batch:  70 region_loss:  10.0 10.0 loc_loss:  0.35389003753662107 reward_loss:  -17.694719314575195
epoch:  36 batch:  80 region_loss:  10.0 10.0 loc_loss:  0.37309520721435546 reward_loss:  -18.654712677001953
epoch:  36 batch:  90 region_loss:  6.0 6.0 loc_loss:  0.21199451446533202 reward_loss:  -10.599845886230469
epoch:  36 batch:  100 region_loss:  8.0 8.0 loc_loss:  0.2596493339538574 reward_loss:  -12.982420921325684
epoch:  36 batch:  110 region_loss:  4.0 4.0 loc_loss:  0.1384795570373535 reward_loss:  -6.923845291137695
epoch:  36 batch:  120 region_loss:  5.0 5.0 loc_loss:  0.1475452423095703 reward_loss:  -7.377287864685059
epoch:  36 batch:  130 region_loss:  7.0 7.0 loc_loss:  0.24778560638427735 reward_loss:  -12.389392852783203
acc@1:  0.11147695202257761
epoch: 36 region loss 0.17051094890510948 loc loss 0.29716507081567806 reward loss -14.858280136637443
epoch:  37 batch:  0 region_loss:  10.0 10.0 loc_loss:  0.31066680908203126 reward_loss:  -15.533208847045898
epoch:  37 batch:  10 region_loss:  10.0 10.0 loc_loss:  0.34033302307128904 reward_loss:  -17.01624298095703
epoch:  37 batch:  20 region_loss:  10.0 10.0 loc_loss:  0.3377936553955078 reward_loss:  -16.890392303466797
epoch:  37 batch:  30 region_loss:  10.0 10.0 loc_loss:  0.3178358840942383 reward_loss:  -15.891329765319824
epoch:  37 batch:  40 region_loss:  10.0 10.0 loc_loss:  0.4060237884521484 reward_loss:  -20.301252365112305
epoch:  37 batch:  50 region_loss:  10.0 10.0 loc_loss:  0.32869777679443357 reward_loss:  -16.434812545776367
epoch:  37 batch:  60 region_loss:  10.0 10.0 loc_loss:  0.3164882850646973 reward_loss:  -15.824216842651367
epoch:  37 batch:  70 region_loss:  10.0 10.0 loc_loss:  0.33645355224609375 reward_loss:  -16.822420120239258
epoch:  37 batch:  80 region_loss:  10.0 10.0 loc_loss:  0.35190521240234374 reward_loss:  -17.59531021118164
epoch:  37 batch:  90 region_loss:  6.0 6.0 loc_loss:  0.19878868103027345 reward_loss:  -9.939360618591309
epoch:  37 batch:  100 region_loss:  8.0 8.0 loc_loss:  0.24661243438720704 reward_loss:  -12.33044147491455
epoch:  37 batch:  110 region_loss:  4.0 4.0 loc_loss:  0.12951234817504884 reward_loss:  -6.475720405578613
epoch:  37 batch:  120 region_loss:  5.0 5.0 loc_loss:  0.1385366439819336 reward_loss:  -6.926684379577637
epoch:  37 batch:  130 region_loss:  7.0 7.0 loc_loss:  0.23322296142578125 reward_loss:  -11.661197662353516
acc@1:  0.11053621825023519
epoch: 37 region loss 0.17051094890510948 loc loss 0.28218125644391473 reward loss -14.109074238443027
epoch:  38 batch:  0 region_loss:  10.0 10.0 loc_loss:  0.2942770385742188 reward_loss:  -14.71384048461914
epoch:  38 batch:  10 region_loss:  10.0 10.0 loc_loss:  0.32227119445800784 reward_loss:  -16.113525390625
epoch:  38 batch:  20 region_loss:  10.0 10.0 loc_loss:  0.3247470474243164 reward_loss:  -16.237531661987305
epoch:  38 batch:  30 region_loss:  10.0 10.0 loc_loss:  0.30156919479370115 reward_loss:  -15.078596115112305
epoch:  38 batch:  40 region_loss:  10.0 10.0 loc_loss:  0.38744640350341797 reward_loss:  -19.372360229492188
epoch:  38 batch:  50 region_loss:  10.0 10.0 loc_loss:  0.3118001556396484 reward_loss:  -15.590104103088379
epoch:  38 batch:  60 region_loss:  10.0 10.0 loc_loss:  0.2995320510864258 reward_loss:  -14.976318359375
epoch:  38 batch:  70 region_loss:  10.0 10.0 loc_loss:  0.3192311859130859 reward_loss:  -15.96176528930664
epoch:  38 batch:  80 region_loss:  10.0 10.0 loc_loss:  0.3310060501098633 reward_loss:  -16.55034065246582
epoch:  38 batch:  90 region_loss:  6.0 6.0 loc_loss:  0.1870663833618164 reward_loss:  -9.35342025756836
epoch:  38 batch:  100 region_loss:  8.0 8.0 loc_loss:  0.23256731033325195 reward_loss:  -11.628398895263672
epoch:  38 batch:  110 region_loss:  4.0 4.0 loc_loss:  0.12164478302001953 reward_loss:  -6.082111358642578
epoch:  38 batch:  120 region_loss:  5.0 5.0 loc_loss:  0.12967219352722167 reward_loss:  -6.483529567718506
epoch:  38 batch:  130 region_loss:  7.0 7.0 loc_loss:  0.21916139602661133 reward_loss:  -10.957993507385254
acc@1:  0.11100658513640639
epoch: 38 region loss 0.17051094890510948 loc loss 0.2677671731823552 reward loss -13.388371669462998
epoch:  39 batch:  0 region_loss:  10.0 10.0 loc_loss:  0.27788423538208007 reward_loss:  -13.894248008728027
epoch:  39 batch:  10 region_loss:  10.0 10.0 loc_loss:  0.30641706466674806 reward_loss:  -15.320945739746094
epoch:  39 batch:  20 region_loss:  10.0 10.0 loc_loss:  0.30871383666992186 reward_loss:  -15.435879707336426
epoch:  39 batch:  30 region_loss:  10.0 10.0 loc_loss:  0.2848463249206543 reward_loss:  -14.242386817932129
epoch:  39 batch:  40 region_loss:  10.0 10.0 loc_loss:  0.36699413299560546 reward_loss:  -18.349653244018555
epoch:  39 batch:  50 region_loss:  10.0 10.0 loc_loss:  0.2965265464782715 reward_loss:  -14.826054573059082
epoch:  39 batch:  60 region_loss:  10.0 10.0 loc_loss:  0.2825857353210449 reward_loss:  -14.129205703735352
epoch:  39 batch:  70 region_loss:  10.0 10.0 loc_loss:  0.30231204986572263 reward_loss:  -15.115372657775879
epoch:  39 batch:  80 region_loss:  10.0 10.0 loc_loss:  0.3122359275817871 reward_loss:  -15.612115859985352
epoch:  39 batch:  90 region_loss:  6.0 6.0 loc_loss:  0.17533496856689454 reward_loss:  -8.766939163208008
epoch:  39 batch:  100 region_loss:  8.0 8.0 loc_loss:  0.21942487716674805 reward_loss:  -10.971088409423828
epoch:  39 batch:  110 region_loss:  4.0 4.0 loc_loss:  0.11358052253723144 reward_loss:  -5.678766250610352
epoch:  39 batch:  120 region_loss:  5.0 5.0 loc_loss:  0.12124406814575195 reward_loss:  -6.062004566192627
epoch:  39 batch:  130 region_loss:  7.0 7.0 loc_loss:  0.20538692474365233 reward_loss:  -10.269294738769531
acc@1:  0.11100658513640639
epoch: 39 region loss 0.17051094890510948 loc loss 0.2537250024558854 reward loss -12.68623230927182
epoch:  40 batch:  0 region_loss:  10.0 10.0 loc_loss:  0.26312362670898437 reward_loss:  -13.15587329864502
epoch:  40 batch:  10 region_loss:  10.0 10.0 loc_loss:  0.2897512626647949 reward_loss:  -14.487563133239746
epoch:  40 batch:  20 region_loss:  10.0 10.0 loc_loss:  0.29651641845703125 reward_loss:  -14.82579231262207
epoch:  40 batch:  30 region_loss:  10.0 10.0 loc_loss:  0.2690639686584473 reward_loss:  -13.453550338745117
epoch:  40 batch:  40 region_loss:  10.0 10.0 loc_loss:  0.3490156555175781 reward_loss:  -17.450576782226562
epoch:  40 batch:  50 region_loss:  10.0 10.0 loc_loss:  0.2820280456542969 reward_loss:  -14.101320266723633
epoch:  40 batch:  60 region_loss:  10.0 10.0 loc_loss:  0.26610595703125 reward_loss:  -13.305597305297852
epoch:  40 batch:  70 region_loss:  10.0 10.0 loc_loss:  0.28748891830444334 reward_loss:  -14.374040603637695
epoch:  40 batch:  80 region_loss:  10.0 10.0 loc_loss:  0.29261613845825196 reward_loss:  -14.630861282348633
epoch:  40 batch:  90 region_loss:  6.0 6.0 loc_loss:  0.1649136734008789 reward_loss:  -8.245448112487793
epoch:  40 batch:  100 region_loss:  8.0 8.0 loc_loss:  0.2067515182495117 reward_loss:  -10.337607383728027
epoch:  40 batch:  110 region_loss:  4.0 4.0 loc_loss:  0.10660777091979981 reward_loss:  -5.330379009246826
epoch:  40 batch:  120 region_loss:  5.0 5.0 loc_loss:  0.11279919624328613 reward_loss:  -5.639990329742432
epoch:  40 batch:  130 region_loss:  7.0 7.0 loc_loss:  0.19272045135498048 reward_loss:  -9.635720252990723
acc@1:  0.10536218250235184
epoch: 40 region loss 0.17051094890510948 loc loss 0.24024506995277684 reward loss -12.012235228162613
epoch:  41 batch:  0 region_loss:  10.0 10.0 loc_loss:  0.2475164031982422 reward_loss:  -12.375913619995117
epoch:  41 batch:  10 region_loss:  10.0 10.0 loc_loss:  0.2739542579650879 reward_loss:  -13.697471618652344
epoch:  41 batch:  20 region_loss:  10.0 10.0 loc_loss:  0.2840703010559082 reward_loss:  -14.203103065490723
epoch:  41 batch:  30 region_loss:  10.0 10.0 loc_loss:  0.2538487434387207 reward_loss:  -12.692374229431152
epoch:  41 batch:  40 region_loss:  10.0 10.0 loc_loss:  0.33021739959716795 reward_loss:  -16.510704040527344
epoch:  41 batch:  50 region_loss:  10.0 10.0 loc_loss:  0.2679741668701172 reward_loss:  -13.398557662963867
epoch:  41 batch:  60 region_loss:  10.0 10.0 loc_loss:  0.25012218475341796 reward_loss:  -12.506013870239258
epoch:  41 batch:  70 region_loss:  10.0 10.0 loc_loss:  0.271868896484375 reward_loss:  -13.593607902526855
epoch:  41 batch:  80 region_loss:  10.0 10.0 loc_loss:  0.2747409057617187 reward_loss:  -13.73703384399414
epoch:  41 batch:  90 region_loss:  6.0 6.0 loc_loss:  0.15391894340515136 reward_loss:  -7.695849895477295
epoch:  41 batch:  100 region_loss:  8.0 8.0 loc_loss:  0.19505287170410157 reward_loss:  -9.752671241760254
epoch:  41 batch:  110 region_loss:  4.0 4.0 loc_loss:  0.09887578010559082 reward_loss:  -4.943882942199707
epoch:  41 batch:  120 region_loss:  5.0 5.0 loc_loss:  0.10547327041625977 reward_loss:  -5.273612976074219
epoch:  41 batch:  130 region_loss:  7.0 7.0 loc_loss:  0.18009923934936523 reward_loss:  -9.004836082458496
acc@1:  0.10724365004703669
epoch: 41 region loss 0.17051094890510948 loc loss 0.22730945832537908 reward loss -11.365465353875265
epoch:  42 batch:  0 region_loss:  10.0 10.0 loc_loss:  0.23463068008422852 reward_loss:  -11.731969833374023
epoch:  42 batch:  10 region_loss:  10.0 10.0 loc_loss:  0.2585450553894043 reward_loss:  -12.927038192749023
epoch:  42 batch:  20 region_loss:  10.0 10.0 loc_loss:  0.2727840805053711 reward_loss:  -13.638901710510254
epoch:  42 batch:  30 region_loss:  10.0 10.0 loc_loss:  0.24042533874511718 reward_loss:  -12.021187782287598
epoch:  42 batch:  40 region_loss:  10.0 10.0 loc_loss:  0.3130754852294922 reward_loss:  -15.654013633728027
epoch:  42 batch:  50 region_loss:  10.0 10.0 loc_loss:  0.2548686981201172 reward_loss:  -12.743513107299805
epoch:  42 batch:  60 region_loss:  10.0 10.0 loc_loss:  0.23497848510742186 reward_loss:  -11.748656272888184
epoch:  42 batch:  70 region_loss:  10.0 10.0 loc_loss:  0.257463264465332 reward_loss:  -12.87292194366455
epoch:  42 batch:  80 region_loss:  10.0 10.0 loc_loss:  0.2557631492614746 reward_loss:  -12.788548469543457
epoch:  42 batch:  90 region_loss:  6.0 6.0 loc_loss:  0.14357678413391115 reward_loss:  -7.1790452003479
epoch:  42 batch:  100 region_loss:  8.0 8.0 loc_loss:  0.18289337158203126 reward_loss:  -9.144811630249023
epoch:  42 batch:  110 region_loss:  4.0 4.0 loc_loss:  0.09198936462402343 reward_loss:  -4.599510192871094
epoch:  42 batch:  120 region_loss:  5.0 5.0 loc_loss:  0.0987103271484375 reward_loss:  -4.935474872589111
epoch:  42 batch:  130 region_loss:  7.0 7.0 loc_loss:  0.168466796875 reward_loss:  -8.423439979553223
acc@1:  0.10583254938852305
epoch: 42 region loss 0.17051094890510948 loc loss 0.2149314025370744 reward loss -10.746557880492105
epoch:  43 batch:  0 region_loss:  10.0 10.0 loc_loss:  0.22062335968017577 reward_loss:  -11.031082153320312
epoch:  43 batch:  10 region_loss:  10.0 10.0 loc_loss:  0.24383794784545898 reward_loss:  -12.191669464111328
epoch:  43 batch:  20 region_loss:  10.0 10.0 loc_loss:  0.26100833892822267 reward_loss:  -13.050448417663574
epoch:  43 batch:  30 region_loss:  10.0 10.0 loc_loss:  0.22638095855712892 reward_loss:  -11.319045066833496
epoch:  43 batch:  40 region_loss:  10.0 10.0 loc_loss:  0.29625228881835936 reward_loss:  -14.812422752380371
epoch:  43 batch:  50 region_loss:  10.0 10.0 loc_loss:  0.2413269805908203 reward_loss:  -12.066461563110352
epoch:  43 batch:  60 region_loss:  10.0 10.0 loc_loss:  0.22058225631713868 reward_loss:  -11.02896499633789
epoch:  43 batch:  70 region_loss:  10.0 10.0 loc_loss:  0.24367544174194336 reward_loss:  -12.183921813964844
epoch:  43 batch:  80 region_loss:  10.0 10.0 loc_loss:  0.23947978973388673 reward_loss:  -11.97413444519043
epoch:  43 batch:  90 region_loss:  6.0 6.0 loc_loss:  0.1338990306854248 reward_loss:  -6.694870948791504
epoch:  43 batch:  100 region_loss:  8.0 8.0 loc_loss:  0.17187501907348632 reward_loss:  -8.59374713897705
epoch:  43 batch:  110 region_loss:  4.0 4.0 loc_loss:  0.08548105239868165 reward_loss:  -4.274325370788574
epoch:  43 batch:  120 region_loss:  5.0 5.0 loc_loss:  0.09228402137756347 reward_loss:  -4.614148139953613
epoch:  43 batch:  130 region_loss:  7.0 7.0 loc_loss:  0.15720440864562987 reward_loss:  -7.860204696655273
acc@1:  0.10677328316086547
epoch: 43 region loss 0.17051094890510948 loc loss 0.20282447947202809 reward loss -10.141214714433154
epoch:  44 batch:  0 region_loss:  10.0 10.0 loc_loss:  0.2085643768310547 reward_loss:  -10.428278923034668
epoch:  44 batch:  10 region_loss:  10.0 10.0 loc_loss:  0.2296986198425293 reward_loss:  -11.485000610351562
epoch:  44 batch:  20 region_loss:  10.0 10.0 loc_loss:  0.2514325523376465 reward_loss:  -12.571556091308594
epoch:  44 batch:  30 region_loss:  10.0 10.0 loc_loss:  0.2126738739013672 reward_loss:  -10.633673667907715
epoch:  44 batch:  40 region_loss:  10.0 10.0 loc_loss:  0.2803202629089355 reward_loss:  -14.015962600708008
epoch:  44 batch:  50 region_loss:  10.0 10.0 loc_loss:  0.22738550186157228 reward_loss:  -11.3690767288208
epoch:  44 batch:  60 region_loss:  10.0 10.0 loc_loss:  0.20694662094116212 reward_loss:  -10.347685813903809
epoch:  44 batch:  70 region_loss:  10.0 10.0 loc_loss:  0.22990863800048827 reward_loss:  -11.495309829711914
epoch:  44 batch:  80 region_loss:  10.0 10.0 loc_loss:  0.22460123062133788 reward_loss:  -11.229740142822266
epoch:  44 batch:  90 region_loss:  6.0 6.0 loc_loss:  0.12570852279663086 reward_loss:  -6.285480499267578
epoch:  44 batch:  100 region_loss:  8.0 8.0 loc_loss:  0.16127620697021483 reward_loss:  -8.064035415649414
epoch:  44 batch:  110 region_loss:  4.0 4.0 loc_loss:  0.07952463626861572 reward_loss:  -3.9762308597564697
epoch:  44 batch:  120 region_loss:  5.0 5.0 loc_loss:  0.08587774276733398 reward_loss:  -4.293941974639893
epoch:  44 batch:  130 region_loss:  7.0 7.0 loc_loss:  0.14692644119262696 reward_loss:  -7.346495628356934
acc@1:  0.10630291627469426
epoch: 44 region loss 0.17051094890510948 loc loss 0.19147773042212438 reward loss -9.573871833564592
epoch:  45 batch:  0 region_loss:  10.0 10.0 loc_loss:  0.1956532669067383 reward_loss:  -9.782697677612305
epoch:  45 batch:  10 region_loss:  10.0 10.0 loc_loss:  0.21654678344726563 reward_loss:  -10.827326774597168
epoch:  45 batch:  20 region_loss:  10.0 10.0 loc_loss:  0.23890993118286133 reward_loss:  -11.94523811340332
epoch:  45 batch:  30 region_loss:  10.0 10.0 loc_loss:  0.2004576301574707 reward_loss:  -10.023024559020996
epoch:  45 batch:  40 region_loss:  10.0 10.0 loc_loss:  0.265810489654541 reward_loss:  -13.290474891662598
epoch:  45 batch:  50 region_loss:  10.0 10.0 loc_loss:  0.21459949493408204 reward_loss:  -10.729764938354492
epoch:  45 batch:  60 region_loss:  10.0 10.0 loc_loss:  0.19435649871826172 reward_loss:  -9.717698097229004
epoch:  45 batch:  70 region_loss:  10.0 10.0 loc_loss:  0.21588464736938476 reward_loss:  -10.794391632080078
epoch:  45 batch:  80 region_loss:  10.0 10.0 loc_loss:  0.20868453979492188 reward_loss:  -10.434197425842285
epoch:  45 batch:  90 region_loss:  6.0 6.0 loc_loss:  0.11673196792602539 reward_loss:  -5.836638450622559
epoch:  45 batch:  100 region_loss:  8.0 8.0 loc_loss:  0.15168401718139649 reward_loss:  -7.584315776824951
epoch:  45 batch:  110 region_loss:  4.0 4.0 loc_loss:  0.07343894481658936 reward_loss:  -3.67195200920105
epoch:  45 batch:  120 region_loss:  5.0 5.0 loc_loss:  0.08032468795776367 reward_loss:  -4.0163187980651855
epoch:  45 batch:  130 region_loss:  7.0 7.0 loc_loss:  0.13665568351745605 reward_loss:  -6.832769870758057
acc@1:  0.10724365004703669
epoch: 45 region loss 0.17051094890510948 loc loss 0.18053957655482047 reward loss -9.026988131286455
epoch:  46 batch:  0 region_loss:  10.0 10.0 loc_loss:  0.18374664306640626 reward_loss:  -9.1871337890625
epoch:  46 batch:  10 region_loss:  10.0 10.0 loc_loss:  0.20244121551513672 reward_loss:  -10.121915817260742
epoch:  46 batch:  20 region_loss:  10.0 10.0 loc_loss:  0.22934707641601562 reward_loss:  -11.467370986938477
epoch:  46 batch:  30 region_loss:  10.0 10.0 loc_loss:  0.1892709732055664 reward_loss:  -9.463394165039062
epoch:  46 batch:  40 region_loss:  10.0 10.0 loc_loss:  0.25056058883666993 reward_loss:  -12.528090476989746
epoch:  46 batch:  50 region_loss:  10.0 10.0 loc_loss:  0.202042293548584 reward_loss:  -10.102327346801758
epoch:  46 batch:  60 region_loss:  10.0 10.0 loc_loss:  0.18116172790527343 reward_loss:  -9.058101654052734
epoch:  46 batch:  70 region_loss:  10.0 10.0 loc_loss:  0.2038951873779297 reward_loss:  -10.194867134094238
epoch:  46 batch:  80 region_loss:  10.0 10.0 loc_loss:  0.19464345932006835 reward_loss:  -9.732213020324707
epoch:  46 batch:  90 region_loss:  6.0 6.0 loc_loss:  0.10854598045349122 reward_loss:  -5.427180767059326
epoch:  46 batch:  100 region_loss:  8.0 8.0 loc_loss:  0.14167484283447265 reward_loss:  -7.08363151550293
epoch:  46 batch:  110 region_loss:  4.0 4.0 loc_loss:  0.06829971313476563 reward_loss:  -3.4149792194366455
epoch:  46 batch:  120 region_loss:  5.0 5.0 loc_loss:  0.07441431045532226 reward_loss:  -3.7206554412841797
epoch:  46 batch:  130 region_loss:  7.0 7.0 loc_loss:  0.12670085906982423 reward_loss:  -6.335090160369873
acc@1:  0.10206961429915334
epoch: 46 region loss 0.17051094890510948 loc loss 0.17007819742181876 reward loss -8.503892480021845
epoch:  47 batch:  0 region_loss:  10.0 10.0 loc_loss:  0.17288238525390626 reward_loss:  -8.644105911254883
epoch:  47 batch:  10 region_loss:  10.0 10.0 loc_loss:  0.19010156631469727 reward_loss:  -9.505354881286621
epoch:  47 batch:  20 region_loss:  10.0 10.0 loc_loss:  0.21740219116210938 reward_loss:  -10.870010375976562
epoch:  47 batch:  30 region_loss:  10.0 10.0 loc_loss:  0.17749601364135742 reward_loss:  -8.87496566772461
epoch:  47 batch:  40 region_loss:  10.0 10.0 loc_loss:  0.23649118423461915 reward_loss:  -11.824511528015137
epoch:  47 batch:  50 region_loss:  10.0 10.0 loc_loss:  0.18987754821777345 reward_loss:  -9.493850708007812
epoch:  47 batch:  60 region_loss:  10.0 10.0 loc_loss:  0.17017126083374023 reward_loss:  -8.50845718383789
epoch:  47 batch:  70 region_loss:  10.0 10.0 loc_loss:  0.19212890625 reward_loss:  -9.606565475463867
epoch:  47 batch:  80 region_loss:  10.0 10.0 loc_loss:  0.18176858901977538 reward_loss:  -9.088562965393066
epoch:  47 batch:  90 region_loss:  6.0 6.0 loc_loss:  0.10070697784423828 reward_loss:  -5.0354156494140625
epoch:  47 batch:  100 region_loss:  8.0 8.0 loc_loss:  0.13294601440429688 reward_loss:  -6.64743185043335
epoch:  47 batch:  110 region_loss:  4.0 4.0 loc_loss:  0.06266749382019043 reward_loss:  -3.1333911418914795
epoch:  47 batch:  120 region_loss:  5.0 5.0 loc_loss:  0.06932608604431152 reward_loss:  -3.466188430786133
epoch:  47 batch:  130 region_loss:  7.0 7.0 loc_loss:  0.11766862869262695 reward_loss:  -5.883299350738525
acc@1:  0.10253998118532455
epoch: 47 region loss 0.17051094890510948 loc loss 0.16008039100326762 reward loss -8.004024513011432
epoch:  48 batch:  0 region_loss:  10.0 10.0 loc_loss:  0.16156923294067382 reward_loss:  -8.078506469726562
epoch:  48 batch:  10 region_loss:  10.0 10.0 loc_loss:  0.17912458419799804 reward_loss:  -8.956378936767578
epoch:  48 batch:  20 region_loss:  10.0 10.0 loc_loss:  0.20799749374389648 reward_loss:  -10.399924278259277
epoch:  48 batch:  30 region_loss:  10.0 10.0 loc_loss:  0.16599613189697265 reward_loss:  -8.299883842468262
epoch:  48 batch:  40 region_loss:  10.0 10.0 loc_loss:  0.2221589469909668 reward_loss:  -11.108116149902344
epoch:  48 batch:  50 region_loss:  10.0 10.0 loc_loss:  0.17967042922973633 reward_loss:  -8.98360824584961
epoch:  48 batch:  60 region_loss:  10.0 10.0 loc_loss:  0.15821945190429687 reward_loss:  -7.910895347595215
epoch:  48 batch:  70 region_loss:  10.0 10.0 loc_loss:  0.18021274566650392 reward_loss:  -9.010820388793945
epoch:  48 batch:  80 region_loss:  10.0 10.0 loc_loss:  0.1689356803894043 reward_loss:  -8.446789741516113
epoch:  48 batch:  90 region_loss:  6.0 6.0 loc_loss:  0.09366255760192871 reward_loss:  -4.682977676391602
epoch:  48 batch:  100 region_loss:  8.0 8.0 loc_loss:  0.12460672378540039 reward_loss:  -6.230213165283203
epoch:  48 batch:  110 region_loss:  4.0 4.0 loc_loss:  0.058517589569091796 reward_loss:  -2.9258460998535156
epoch:  48 batch:  120 region_loss:  5.0 5.0 loc_loss:  0.0644136381149292 reward_loss:  -3.2206313610076904
epoch:  48 batch:  130 region_loss:  7.0 7.0 loc_loss:  0.10964385032653809 reward_loss:  -5.482033729553223
acc@1:  0.10206961429915334
epoch: 48 region loss 0.17051094890510948 loc loss 0.15065699120507625 reward loss -7.532833635371967
epoch:  49 batch:  0 region_loss:  10.0 10.0 loc_loss:  0.1510055923461914 reward_loss:  -7.55029296875
epoch:  49 batch:  10 region_loss:  10.0 10.0 loc_loss:  0.1669744873046875 reward_loss:  -8.349040031433105
epoch:  49 batch:  20 region_loss:  10.0 10.0 loc_loss:  0.19615928649902345 reward_loss:  -9.807764053344727
epoch:  49 batch:  30 region_loss:  10.0 10.0 loc_loss:  0.1551220703125 reward_loss:  -7.7560529708862305
epoch:  49 batch:  40 region_loss:  10.0 10.0 loc_loss:  0.20829294204711915 reward_loss:  -10.414630889892578
epoch:  49 batch:  50 region_loss:  10.0 10.0 loc_loss:  0.16888994216918946 reward_loss:  -8.444331169128418
epoch:  49 batch:  60 region_loss:  10.0 10.0 loc_loss:  0.147937650680542 reward_loss:  -7.396941661834717
epoch:  49 batch:  70 region_loss:  10.0 10.0 loc_loss:  0.1689353370666504 reward_loss:  -8.446779251098633
epoch:  49 batch:  80 region_loss:  10.0 10.0 loc_loss:  0.1567364501953125 reward_loss:  -7.836904048919678
epoch:  49 batch:  90 region_loss:  6.0 6.0 loc_loss:  0.08686622619628906 reward_loss:  -4.3433837890625
epoch:  49 batch:  100 region_loss:  8.0 8.0 loc_loss:  0.11675725936889648 reward_loss:  -5.838010787963867
epoch:  49 batch:  110 region_loss:  4.0 4.0 loc_loss:  0.05354886054992676 reward_loss:  -2.677441120147705
epoch:  49 batch:  120 region_loss:  5.0 5.0 loc_loss:  0.06015844345092773 reward_loss:  -3.0079402923583984
epoch:  49 batch:  130 region_loss:  7.0 7.0 loc_loss:  0.10134446144104003 reward_loss:  -5.067069053649902
acc@1:  0.1039510818438382
epoch: 49 region loss 0.17051094890510948 loc loss 0.14152289011182576 reward loss -7.076147327892972
