nohup: ignoring input
cuda
epoch:  0 batch:  0 region_loss:  10.0 10.0 loc_loss:  1.9909317016601562 reward_loss:  -99.54640197753906
epoch:  0 batch:  10 region_loss:  10.0 10.0 loc_loss:  1.9893081665039063 reward_loss:  -99.46541595458984
epoch:  0 batch:  20 region_loss:  10.0 10.0 loc_loss:  1.98023681640625 reward_loss:  -99.01175689697266
epoch:  0 batch:  30 region_loss:  10.0 10.0 loc_loss:  1.978295135498047 reward_loss:  -98.91455841064453
epoch:  0 batch:  40 region_loss:  10.0 10.0 loc_loss:  1.983277587890625 reward_loss:  -99.16445922851562
epoch:  0 batch:  50 region_loss:  10.0 10.0 loc_loss:  1.9854338073730469 reward_loss:  -99.27151489257812
epoch:  0 batch:  60 region_loss:  10.0 10.0 loc_loss:  1.9837437438964844 reward_loss:  -99.18754577636719
epoch:  0 batch:  70 region_loss:  10.0 10.0 loc_loss:  1.986414031982422 reward_loss:  -99.32093048095703
epoch:  0 batch:  80 region_loss:  10.0 10.0 loc_loss:  1.9817100524902345 reward_loss:  -99.08455657958984
epoch:  0 batch:  90 region_loss:  6.0 6.0 loc_loss:  1.1802047729492187 reward_loss:  -59.01036834716797
epoch:  0 batch:  100 region_loss:  8.0 8.0 loc_loss:  1.574318389892578 reward_loss:  -78.71514129638672
epoch:  0 batch:  110 region_loss:  4.0 4.0 loc_loss:  0.7886946105957031 reward_loss:  -39.43474197387695
epoch:  0 batch:  120 region_loss:  5.0 5.0 loc_loss:  0.9794271850585937 reward_loss:  -48.971614837646484
epoch:  0 batch:  130 region_loss:  7.0 7.0 loc_loss:  1.3700631713867188 reward_loss:  -68.50357818603516
acc@1:  0.00658513640639699
epoch: 0 region loss 0.17051094890510948 loc loss 1.6867664348296005 reward loss -84.3384142966166
epoch:  1 batch:  0 region_loss:  10.0 10.0 loc_loss:  1.915084991455078 reward_loss:  -95.75455474853516
epoch:  1 batch:  10 region_loss:  10.0 10.0 loc_loss:  1.9367538452148438 reward_loss:  -96.83833312988281
epoch:  1 batch:  20 region_loss:  10.0 10.0 loc_loss:  1.9131495666503906 reward_loss:  -95.6572036743164
epoch:  1 batch:  30 region_loss:  10.0 10.0 loc_loss:  1.915836944580078 reward_loss:  -95.79142761230469
epoch:  1 batch:  40 region_loss:  10.0 10.0 loc_loss:  1.9137461853027344 reward_loss:  -95.68729400634766
epoch:  1 batch:  50 region_loss:  10.0 10.0 loc_loss:  1.9038262939453126 reward_loss:  -95.19110870361328
epoch:  1 batch:  60 region_loss:  10.0 10.0 loc_loss:  1.8884222412109375 reward_loss:  -94.42127227783203
epoch:  1 batch:  70 region_loss:  10.0 10.0 loc_loss:  1.8751522827148437 reward_loss:  -93.75735473632812
epoch:  1 batch:  80 region_loss:  10.0 10.0 loc_loss:  1.85138671875 reward_loss:  -92.57009887695312
epoch:  1 batch:  90 region_loss:  6.0 6.0 loc_loss:  1.0956145477294923 reward_loss:  -54.780372619628906
epoch:  1 batch:  100 region_loss:  8.0 8.0 loc_loss:  1.4472950744628905 reward_loss:  -72.36602783203125
epoch:  1 batch:  110 region_loss:  4.0 4.0 loc_loss:  0.7341166687011719 reward_loss:  -36.7061767578125
epoch:  1 batch:  120 region_loss:  5.0 5.0 loc_loss:  0.9031479644775391 reward_loss:  -45.157989501953125
epoch:  1 batch:  130 region_loss:  7.0 7.0 loc_loss:  1.2493763732910157 reward_loss:  -62.46950149536133
acc@1:  0.025870178739416744
epoch: 1 region loss 0.17051094890510948 loc loss 1.5967711967969465 reward loss -79.83856251291985
epoch:  2 batch:  0 region_loss:  10.0 10.0 loc_loss:  1.7313430786132813 reward_loss:  -86.5669937133789
epoch:  2 batch:  10 region_loss:  10.0 10.0 loc_loss:  1.7611752319335938 reward_loss:  -88.05952453613281
epoch:  2 batch:  20 region_loss:  10.0 10.0 loc_loss:  1.7185797119140624 reward_loss:  -85.92872619628906
epoch:  2 batch:  30 region_loss:  10.0 10.0 loc_loss:  1.765836181640625 reward_loss:  -88.29167938232422
epoch:  2 batch:  40 region_loss:  10.0 10.0 loc_loss:  1.7145948791503907 reward_loss:  -85.72935485839844
epoch:  2 batch:  50 region_loss:  10.0 10.0 loc_loss:  1.7725376892089844 reward_loss:  -88.62676239013672
epoch:  2 batch:  60 region_loss:  10.0 10.0 loc_loss:  1.7418719482421876 reward_loss:  -87.09344482421875
epoch:  2 batch:  70 region_loss:  10.0 10.0 loc_loss:  1.7436148071289062 reward_loss:  -87.18089294433594
epoch:  2 batch:  80 region_loss:  10.0 10.0 loc_loss:  1.7262449645996094 reward_loss:  -86.31214904785156
epoch:  2 batch:  90 region_loss:  6.0 6.0 loc_loss:  1.030206756591797 reward_loss:  -51.509830474853516
epoch:  2 batch:  100 region_loss:  8.0 8.0 loc_loss:  1.3727862548828125 reward_loss:  -68.63971710205078
epoch:  2 batch:  110 region_loss:  4.0 4.0 loc_loss:  0.7004573059082031 reward_loss:  -35.02409362792969
epoch:  2 batch:  120 region_loss:  5.0 5.0 loc_loss:  0.8655499267578125 reward_loss:  -43.277122497558594
epoch:  2 batch:  130 region_loss:  7.0 7.0 loc_loss:  1.201686553955078 reward_loss:  -60.08342361450195
acc@1:  0.034807149576669805
epoch: 2 region loss 0.17051094890510948 loc loss 1.4722644003986443 reward loss -73.61329080066541
epoch:  3 batch:  0 region_loss:  10.0 10.0 loc_loss:  1.6813552856445313 reward_loss:  -84.0679702758789
epoch:  3 batch:  10 region_loss:  10.0 10.0 loc_loss:  1.6922196960449218 reward_loss:  -84.61100769042969
epoch:  3 batch:  20 region_loss:  10.0 10.0 loc_loss:  1.635808563232422 reward_loss:  -81.7904052734375
epoch:  3 batch:  30 region_loss:  10.0 10.0 loc_loss:  1.6984620666503907 reward_loss:  -84.92196655273438
epoch:  3 batch:  40 region_loss:  10.0 10.0 loc_loss:  1.644030303955078 reward_loss:  -82.20013427734375
epoch:  3 batch:  50 region_loss:  10.0 10.0 loc_loss:  1.7068449401855468 reward_loss:  -85.34233093261719
epoch:  3 batch:  60 region_loss:  10.0 10.0 loc_loss:  1.6782614135742187 reward_loss:  -83.91304779052734
epoch:  3 batch:  70 region_loss:  10.0 10.0 loc_loss:  1.6781002807617187 reward_loss:  -83.9047622680664
epoch:  3 batch:  80 region_loss:  10.0 10.0 loc_loss:  1.6683963012695313 reward_loss:  -83.42019653320312
epoch:  3 batch:  90 region_loss:  6.0 6.0 loc_loss:  0.9989256286621093 reward_loss:  -49.94684982299805
epoch:  3 batch:  100 region_loss:  8.0 8.0 loc_loss:  1.3283740234375 reward_loss:  -66.4183578491211
epoch:  3 batch:  110 region_loss:  4.0 4.0 loc_loss:  0.680885238647461 reward_loss:  -34.04453659057617
epoch:  3 batch:  120 region_loss:  5.0 5.0 loc_loss:  0.8409333801269532 reward_loss:  -42.046241760253906
epoch:  3 batch:  130 region_loss:  7.0 7.0 loc_loss:  1.1711158752441406 reward_loss:  -58.55617141723633
acc@1:  0.04186265286923801
epoch: 3 region loss 0.17051094890510948 loc loss 1.414751504494326 reward loss -70.73760189975265
epoch:  4 batch:  0 region_loss:  10.0 10.0 loc_loss:  1.6421502685546876 reward_loss:  -82.10752868652344
epoch:  4 batch:  10 region_loss:  10.0 10.0 loc_loss:  1.6468121337890624 reward_loss:  -82.34093475341797
epoch:  4 batch:  20 region_loss:  10.0 10.0 loc_loss:  1.5738882446289062 reward_loss:  -78.69449615478516
epoch:  4 batch:  30 region_loss:  10.0 10.0 loc_loss:  1.6453781127929688 reward_loss:  -82.26988983154297
epoch:  4 batch:  40 region_loss:  10.0 10.0 loc_loss:  1.5922781372070312 reward_loss:  -79.61365509033203
epoch:  4 batch:  50 region_loss:  10.0 10.0 loc_loss:  1.6515084838867187 reward_loss:  -82.5765609741211
epoch:  4 batch:  60 region_loss:  10.0 10.0 loc_loss:  1.6267649841308593 reward_loss:  -81.33828735351562
epoch:  4 batch:  70 region_loss:  10.0 10.0 loc_loss:  1.6232289123535155 reward_loss:  -81.1614990234375
epoch:  4 batch:  80 region_loss:  10.0 10.0 loc_loss:  1.6177581787109374 reward_loss:  -80.88755798339844
epoch:  4 batch:  90 region_loss:  6.0 6.0 loc_loss:  0.9703148651123047 reward_loss:  -48.51581954956055
epoch:  4 batch:  100 region_loss:  8.0 8.0 loc_loss:  1.2857339477539063 reward_loss:  -64.28666687011719
epoch:  4 batch:  110 region_loss:  4.0 4.0 loc_loss:  0.6633194732666016 reward_loss:  -33.165897369384766
epoch:  4 batch:  120 region_loss:  5.0 5.0 loc_loss:  0.8164907836914063 reward_loss:  -40.82444763183594
epoch:  4 batch:  130 region_loss:  7.0 7.0 loc_loss:  1.140006561279297 reward_loss:  -57.000579833984375
acc@1:  0.05221072436500471
epoch: 4 region loss 0.17051094890510948 loc loss 1.3676168851086692 reward loss -68.38088251378414
epoch:  5 batch:  0 region_loss:  10.0 10.0 loc_loss:  1.597251434326172 reward_loss:  -79.86248016357422
epoch:  5 batch:  10 region_loss:  10.0 10.0 loc_loss:  1.6017796325683593 reward_loss:  -80.0892562866211
epoch:  5 batch:  20 region_loss:  10.0 10.0 loc_loss:  1.5127030944824218 reward_loss:  -75.63558197021484
epoch:  5 batch:  30 region_loss:  10.0 10.0 loc_loss:  1.5904669189453124 reward_loss:  -79.52277374267578
epoch:  5 batch:  40 region_loss:  10.0 10.0 loc_loss:  1.5403337097167968 reward_loss:  -77.01657104492188
epoch:  5 batch:  50 region_loss:  10.0 10.0 loc_loss:  1.595189666748047 reward_loss:  -79.7593765258789
epoch:  5 batch:  60 region_loss:  10.0 10.0 loc_loss:  1.57431640625 reward_loss:  -78.71573638916016
epoch:  5 batch:  70 region_loss:  10.0 10.0 loc_loss:  1.5674969482421874 reward_loss:  -78.37657928466797
epoch:  5 batch:  80 region_loss:  10.0 10.0 loc_loss:  1.565966339111328 reward_loss:  -78.29804229736328
epoch:  5 batch:  90 region_loss:  6.0 6.0 loc_loss:  0.9406422424316406 reward_loss:  -47.032588958740234
epoch:  5 batch:  100 region_loss:  8.0 8.0 loc_loss:  1.241068115234375 reward_loss:  -62.052894592285156
epoch:  5 batch:  110 region_loss:  4.0 4.0 loc_loss:  0.645445556640625 reward_loss:  -32.27256393432617
epoch:  5 batch:  120 region_loss:  5.0 5.0 loc_loss:  0.790229263305664 reward_loss:  -39.51142120361328
epoch:  5 batch:  130 region_loss:  7.0 7.0 loc_loss:  1.1062656402587892 reward_loss:  -55.31324005126953
acc@1:  0.06067732831608655
epoch: 5 region loss 0.17051094890510948 loc loss 1.3195837126683145 reward loss -65.97912235677677
epoch:  6 batch:  0 region_loss:  10.0 10.0 loc_loss:  1.546028594970703 reward_loss:  -77.30158233642578
epoch:  6 batch:  10 region_loss:  10.0 10.0 loc_loss:  1.5527818298339844 reward_loss:  -77.63894653320312
epoch:  6 batch:  20 region_loss:  10.0 10.0 loc_loss:  1.4467507934570312 reward_loss:  -72.33727264404297
epoch:  6 batch:  30 region_loss:  10.0 10.0 loc_loss:  1.5305117797851562 reward_loss:  -76.52520751953125
epoch:  6 batch:  40 region_loss:  10.0 10.0 loc_loss:  1.4855184936523438 reward_loss:  -74.27600860595703
epoch:  6 batch:  50 region_loss:  10.0 10.0 loc_loss:  1.534189453125 reward_loss:  -76.70954132080078
epoch:  6 batch:  60 region_loss:  10.0 10.0 loc_loss:  1.5183699035644531 reward_loss:  -75.91848754882812
epoch:  6 batch:  70 region_loss:  10.0 10.0 loc_loss:  1.5078031921386719 reward_loss:  -75.39033508300781
epoch:  6 batch:  80 region_loss:  10.0 10.0 loc_loss:  1.510499267578125 reward_loss:  -75.52497863769531
epoch:  6 batch:  90 region_loss:  6.0 6.0 loc_loss:  0.9091400146484375 reward_loss:  -45.45700454711914
epoch:  6 batch:  100 region_loss:  8.0 8.0 loc_loss:  1.192862319946289 reward_loss:  -59.64323806762695
epoch:  6 batch:  110 region_loss:  4.0 4.0 loc_loss:  0.6265631484985351 reward_loss:  -31.328824996948242
epoch:  6 batch:  120 region_loss:  5.0 5.0 loc_loss:  0.7617011260986328 reward_loss:  -38.085060119628906
epoch:  6 batch:  130 region_loss:  7.0 7.0 loc_loss:  1.0693180084228515 reward_loss:  -53.465885162353516
acc@1:  0.07384760112888053
epoch: 6 region loss 0.17051094890510948 loc loss 1.2682205414598007 reward loss -63.4110448656291
epoch:  7 batch:  0 region_loss:  10.0 10.0 loc_loss:  1.4887625122070312 reward_loss:  -74.43804931640625
epoch:  7 batch:  10 region_loss:  10.0 10.0 loc_loss:  1.4987229919433593 reward_loss:  -74.93611145019531
epoch:  7 batch:  20 region_loss:  10.0 10.0 loc_loss:  1.37549560546875 reward_loss:  -68.77474975585938
epoch:  7 batch:  30 region_loss:  10.0 10.0 loc_loss:  1.4658393859863281 reward_loss:  -73.29151916503906
epoch:  7 batch:  40 region_loss:  10.0 10.0 loc_loss:  1.4296194458007812 reward_loss:  -71.48096466064453
epoch:  7 batch:  50 region_loss:  10.0 10.0 loc_loss:  1.468092041015625 reward_loss:  -73.40455627441406
epoch:  7 batch:  60 region_loss:  10.0 10.0 loc_loss:  1.4585760498046876 reward_loss:  -72.9288101196289
epoch:  7 batch:  70 region_loss:  10.0 10.0 loc_loss:  1.4432069396972655 reward_loss:  -72.16033935546875
epoch:  7 batch:  80 region_loss:  10.0 10.0 loc_loss:  1.4512037658691406 reward_loss:  -72.56017303466797
epoch:  7 batch:  90 region_loss:  6.0 6.0 loc_loss:  0.8757526397705078 reward_loss:  -43.78763961791992
epoch:  7 batch:  100 region_loss:  8.0 8.0 loc_loss:  1.1405450439453124 reward_loss:  -57.02701950073242
epoch:  7 batch:  110 region_loss:  4.0 4.0 loc_loss:  0.6065304565429688 reward_loss:  -30.326135635375977
epoch:  7 batch:  120 region_loss:  5.0 5.0 loc_loss:  0.7310914611816406 reward_loss:  -36.5545654296875
epoch:  7 batch:  130 region_loss:  7.0 7.0 loc_loss:  1.0296800231933594 reward_loss:  -51.48395919799805
acc@1:  0.08278457196613359
epoch: 7 region loss 0.17051094890510948 loc loss 1.2134735720000998 reward loss -60.673657034435415
epoch:  8 batch:  0 region_loss:  10.0 10.0 loc_loss:  1.425888671875 reward_loss:  -71.29446411132812
epoch:  8 batch:  10 region_loss:  10.0 10.0 loc_loss:  1.4394465637207032 reward_loss:  -71.97232818603516
epoch:  8 batch:  20 region_loss:  10.0 10.0 loc_loss:  1.3014144897460938 reward_loss:  -65.07041931152344
epoch:  8 batch:  30 region_loss:  10.0 10.0 loc_loss:  1.3966407775878906 reward_loss:  -69.83210754394531
epoch:  8 batch:  40 region_loss:  10.0 10.0 loc_loss:  1.3738876342773438 reward_loss:  -68.69432830810547
epoch:  8 batch:  50 region_loss:  10.0 10.0 loc_loss:  1.3968019104003906 reward_loss:  -69.84011840820312
epoch:  8 batch:  60 region_loss:  10.0 10.0 loc_loss:  1.3952731323242187 reward_loss:  -69.76368713378906
epoch:  8 batch:  70 region_loss:  10.0 10.0 loc_loss:  1.374076385498047 reward_loss:  -68.70393371582031
epoch:  8 batch:  80 region_loss:  10.0 10.0 loc_loss:  1.3892733764648437 reward_loss:  -69.46366882324219
epoch:  8 batch:  90 region_loss:  6.0 6.0 loc_loss:  0.8407025146484375 reward_loss:  -42.03510284423828
epoch:  8 batch:  100 region_loss:  8.0 8.0 loc_loss:  1.0848816680908202 reward_loss:  -54.244041442871094
epoch:  8 batch:  110 region_loss:  4.0 4.0 loc_loss:  0.5854156494140625 reward_loss:  -29.270748138427734
epoch:  8 batch:  120 region_loss:  5.0 5.0 loc_loss:  0.698921127319336 reward_loss:  -34.9460563659668
epoch:  8 batch:  130 region_loss:  7.0 7.0 loc_loss:  0.9881283569335938 reward_loss:  -49.40642547607422
acc@1:  0.09642521166509878
epoch: 8 region loss 0.17051094890510948 loc loss 1.1562736536290523 reward loss -57.81369174483919
epoch:  9 batch:  0 region_loss:  10.0 10.0 loc_loss:  1.3584121704101562 reward_loss:  -67.92057800292969
epoch:  9 batch:  10 region_loss:  10.0 10.0 loc_loss:  1.3756227111816406 reward_loss:  -68.78113555908203
epoch:  9 batch:  20 region_loss:  10.0 10.0 loc_loss:  1.2267303466796875 reward_loss:  -61.336524963378906
epoch:  9 batch:  30 region_loss:  10.0 10.0 loc_loss:  1.3243418884277345 reward_loss:  -66.21711730957031
epoch:  9 batch:  40 region_loss:  10.0 10.0 loc_loss:  1.3181295776367188 reward_loss:  -65.90647888183594
epoch:  9 batch:  50 region_loss:  10.0 10.0 loc_loss:  1.3213894653320313 reward_loss:  -66.06950378417969
epoch:  9 batch:  60 region_loss:  10.0 10.0 loc_loss:  1.3301373291015626 reward_loss:  -66.50684356689453
epoch:  9 batch:  70 region_loss:  10.0 10.0 loc_loss:  1.3019833374023437 reward_loss:  -65.09918975830078
epoch:  9 batch:  80 region_loss:  10.0 10.0 loc_loss:  1.326726837158203 reward_loss:  -66.33634185791016
epoch:  9 batch:  90 region_loss:  6.0 6.0 loc_loss:  0.8044539642333984 reward_loss:  -40.223114013671875
epoch:  9 batch:  100 region_loss:  8.0 8.0 loc_loss:  1.02771240234375 reward_loss:  -51.385597229003906
epoch:  9 batch:  110 region_loss:  4.0 4.0 loc_loss:  0.5634409332275391 reward_loss:  -28.172046661376953
epoch:  9 batch:  120 region_loss:  5.0 5.0 loc_loss:  0.6659150695800782 reward_loss:  -33.295738220214844
epoch:  9 batch:  130 region_loss:  7.0 7.0 loc_loss:  0.9454025268554688 reward_loss:  -47.2701301574707
acc@1:  0.1077140169332079
epoch: 9 region loss 0.17051094890510948 loc loss 1.0980183733640796 reward loss -54.900932506923255
epoch:  10 batch:  0 region_loss:  10.0 10.0 loc_loss:  1.2876702880859374 reward_loss:  -64.3835220336914
epoch:  10 batch:  10 region_loss:  10.0 10.0 loc_loss:  1.3091555786132814 reward_loss:  -65.45772552490234
epoch:  10 batch:  20 region_loss:  10.0 10.0 loc_loss:  1.1530170440673828 reward_loss:  -57.65085220336914
epoch:  10 batch:  30 region_loss:  10.0 10.0 loc_loss:  1.2509552001953126 reward_loss:  -62.5477409362793
epoch:  10 batch:  40 region_loss:  10.0 10.0 loc_loss:  1.2626512908935548 reward_loss:  -63.132568359375
epoch:  10 batch:  50 region_loss:  10.0 10.0 loc_loss:  1.2434693908691405 reward_loss:  -62.17348098754883
epoch:  10 batch:  60 region_loss:  10.0 10.0 loc_loss:  1.265280532836914 reward_loss:  -63.264015197753906
epoch:  10 batch:  70 region_loss:  10.0 10.0 loc_loss:  1.2294031524658202 reward_loss:  -61.470191955566406
epoch:  10 batch:  80 region_loss:  10.0 10.0 loc_loss:  1.2656631469726562 reward_loss:  -63.28315734863281
epoch:  10 batch:  90 region_loss:  6.0 6.0 loc_loss:  0.767733383178711 reward_loss:  -38.38669967651367
epoch:  10 batch:  100 region_loss:  8.0 8.0 loc_loss:  0.9709712219238281 reward_loss:  -48.548561096191406
epoch:  10 batch:  110 region_loss:  4.0 4.0 loc_loss:  0.5408242797851562 reward_loss:  -27.041210174560547
epoch:  10 batch:  120 region_loss:  5.0 5.0 loc_loss:  0.6327756881713867 reward_loss:  -31.63878631591797
epoch:  10 batch:  130 region_loss:  7.0 7.0 loc_loss:  0.9022291564941406 reward_loss:  -45.11145782470703
acc@1:  0.11947318908748825
epoch: 10 region loss 0.17051094890510948 loc loss 1.0401604108044702 reward loss -52.008017352027615
epoch:  11 batch:  0 region_loss:  10.0 10.0 loc_loss:  1.2153247833251952 reward_loss:  -60.7662353515625
epoch:  11 batch:  10 region_loss:  10.0 10.0 loc_loss:  1.2421887969970704 reward_loss:  -62.10942459106445
epoch:  11 batch:  20 region_loss:  10.0 10.0 loc_loss:  1.0814509582519531 reward_loss:  -54.072540283203125
epoch:  11 batch:  30 region_loss:  10.0 10.0 loc_loss:  1.1782647705078124 reward_loss:  -58.91319274902344
epoch:  11 batch:  40 region_loss:  10.0 10.0 loc_loss:  1.207728729248047 reward_loss:  -60.386436462402344
epoch:  11 batch:  50 region_loss:  10.0 10.0 loc_loss:  1.165182876586914 reward_loss:  -58.25914764404297
epoch:  11 batch:  60 region_loss:  10.0 10.0 loc_loss:  1.2021328735351562 reward_loss:  -60.106651306152344
epoch:  11 batch:  70 region_loss:  10.0 10.0 loc_loss:  1.1587554168701173 reward_loss:  -57.93770217895508
epoch:  11 batch:  80 region_loss:  10.0 10.0 loc_loss:  1.2073136138916016 reward_loss:  -60.365684509277344
epoch:  11 batch:  90 region_loss:  6.0 6.0 loc_loss:  0.7313638305664063 reward_loss:  -36.56818389892578
epoch:  11 batch:  100 region_loss:  8.0 8.0 loc_loss:  0.916077880859375 reward_loss:  -45.80388259887695
epoch:  11 batch:  110 region_loss:  4.0 4.0 loc_loss:  0.5178308486938477 reward_loss:  -25.891603469848633
epoch:  11 batch:  120 region_loss:  5.0 5.0 loc_loss:  0.600110092163086 reward_loss:  -30.005504608154297
epoch:  11 batch:  130 region_loss:  7.0 7.0 loc_loss:  0.8595060729980468 reward_loss:  -42.975303649902344
acc@1:  0.12370649106302917
epoch: 11 region loss 0.17051094890510948 loc loss 0.9840033613330256 reward loss -49.20017636431395
epoch:  12 batch:  0 region_loss:  10.0 10.0 loc_loss:  1.1433685302734375 reward_loss:  -57.16842269897461
epoch:  12 batch:  10 region_loss:  10.0 10.0 loc_loss:  1.1761452484130859 reward_loss:  -58.80733871459961
epoch:  12 batch:  20 region_loss:  10.0 10.0 loc_loss:  1.013555908203125 reward_loss:  -50.67779541015625
epoch:  12 batch:  30 region_loss:  10.0 10.0 loc_loss:  1.1077904510498047 reward_loss:  -55.389530181884766
epoch:  12 batch:  40 region_loss:  10.0 10.0 loc_loss:  1.1539537811279297 reward_loss:  -57.697689056396484
epoch:  12 batch:  50 region_loss:  10.0 10.0 loc_loss:  1.089176254272461 reward_loss:  -54.45880889892578
epoch:  12 batch:  60 region_loss:  10.0 10.0 loc_loss:  1.1412902069091797 reward_loss:  -57.064510345458984
epoch:  12 batch:  70 region_loss:  10.0 10.0 loc_loss:  1.0919992065429687 reward_loss:  -54.5999641418457
epoch:  12 batch:  80 region_loss:  10.0 10.0 loc_loss:  1.151800537109375 reward_loss:  -57.590030670166016
epoch:  12 batch:  90 region_loss:  6.0 6.0 loc_loss:  0.6960141754150391 reward_loss:  -34.80070877075195
epoch:  12 batch:  100 region_loss:  8.0 8.0 loc_loss:  0.8641007232666016 reward_loss:  -43.20504379272461
epoch:  12 batch:  110 region_loss:  4.0 4.0 loc_loss:  0.4947559356689453 reward_loss:  -24.737773895263672
epoch:  12 batch:  120 region_loss:  5.0 5.0 loc_loss:  0.5684517669677734 reward_loss:  -28.422588348388672
epoch:  12 batch:  130 region_loss:  7.0 7.0 loc_loss:  0.8180775451660156 reward_loss:  -40.903865814208984
acc@1:  0.13358419567262464
epoch: 12 region loss 0.17051094890510948 loc loss 0.9305721319156842 reward loss -46.52860450744629
epoch:  13 batch:  0 region_loss:  10.0 10.0 loc_loss:  1.0739887237548829 reward_loss:  -53.69943618774414
epoch:  13 batch:  10 region_loss:  10.0 10.0 loc_loss:  1.111832046508789 reward_loss:  -55.59159851074219
epoch:  13 batch:  20 region_loss:  10.0 10.0 loc_loss:  0.9508950805664063 reward_loss:  -47.54475402832031
epoch:  13 batch:  30 region_loss:  10.0 10.0 loc_loss:  1.0411570739746094 reward_loss:  -52.05785369873047
epoch:  13 batch:  40 region_loss:  10.0 10.0 loc_loss:  1.102258758544922 reward_loss:  -55.112937927246094
epoch:  13 batch:  50 region_loss:  10.0 10.0 loc_loss:  1.0181491088867187 reward_loss:  -50.90745544433594
epoch:  13 batch:  60 region_loss:  10.0 10.0 loc_loss:  1.0832296752929687 reward_loss:  -54.16148376464844
epoch:  13 batch:  70 region_loss:  10.0 10.0 loc_loss:  1.030097198486328 reward_loss:  -51.504859924316406
epoch:  13 batch:  80 region_loss:  10.0 10.0 loc_loss:  1.099003448486328 reward_loss:  -54.95016860961914
epoch:  13 batch:  90 region_loss:  6.0 6.0 loc_loss:  0.6621685791015625 reward_loss:  -33.10842514038086
epoch:  13 batch:  100 region_loss:  8.0 8.0 loc_loss:  0.8159380340576172 reward_loss:  -40.796913146972656
epoch:  13 batch:  110 region_loss:  4.0 4.0 loc_loss:  0.47190399169921876 reward_loss:  -23.595197677612305
epoch:  13 batch:  120 region_loss:  5.0 5.0 loc_loss:  0.5381582641601562 reward_loss:  -26.907690048217773
epoch:  13 batch:  130 region_loss:  7.0 7.0 loc_loss:  0.7785203552246094 reward_loss:  -38.9260139465332
acc@1:  0.1396989651928504
epoch: 13 region loss 0.17051094890510948 loc loss 0.8805289729320219 reward loss -44.02644437246949
epoch:  14 batch:  0 region_loss:  10.0 10.0 loc_loss:  1.0092353057861327 reward_loss:  -50.46175003051758
epoch:  14 batch:  10 region_loss:  10.0 10.0 loc_loss:  1.0503724670410157 reward_loss:  -52.51860427856445
epoch:  14 batch:  20 region_loss:  10.0 10.0 loc_loss:  0.8945081329345703 reward_loss:  -44.72540283203125
epoch:  14 batch:  30 region_loss:  10.0 10.0 loc_loss:  0.9797687530517578 reward_loss:  -48.988441467285156
epoch:  14 batch:  40 region_loss:  10.0 10.0 loc_loss:  1.0534732818603516 reward_loss:  -52.673667907714844
epoch:  14 batch:  50 region_loss:  10.0 10.0 loc_loss:  0.9539115142822265 reward_loss:  -47.69557571411133
epoch:  14 batch:  60 region_loss:  10.0 10.0 loc_loss:  1.0284634399414063 reward_loss:  -51.42317581176758
epoch:  14 batch:  70 region_loss:  10.0 10.0 loc_loss:  0.9731687927246093 reward_loss:  -48.65843200683594
epoch:  14 batch:  80 region_loss:  10.0 10.0 loc_loss:  1.048936233520508 reward_loss:  -52.446815490722656
epoch:  14 batch:  90 region_loss:  6.0 6.0 loc_loss:  0.6301413345336914 reward_loss:  -31.507068634033203
epoch:  14 batch:  100 region_loss:  8.0 8.0 loc_loss:  0.7719960021972656 reward_loss:  -38.59980773925781
epoch:  14 batch:  110 region_loss:  4.0 4.0 loc_loss:  0.44957916259765623 reward_loss:  -22.47895622253418
epoch:  14 batch:  120 region_loss:  5.0 5.0 loc_loss:  0.509366683959961 reward_loss:  -25.468334197998047
epoch:  14 batch:  130 region_loss:  7.0 7.0 loc_loss:  0.74118896484375 reward_loss:  -37.05942916870117
acc@1:  0.14346190028222014
epoch: 14 region loss 0.17051094890510948 loc loss 0.8341823708750036 reward loss -41.709117346436436
epoch:  15 batch:  0 region_loss:  10.0 10.0 loc_loss:  0.9504000854492187 reward_loss:  -47.519996643066406
epoch:  15 batch:  10 region_loss:  10.0 10.0 loc_loss:  0.9930565643310547 reward_loss:  -49.6528205871582
epoch:  15 batch:  20 region_loss:  10.0 10.0 loc_loss:  0.8446748352050781 reward_loss:  -42.23372268676758
epoch:  15 batch:  30 region_loss:  10.0 10.0 loc_loss:  0.9241768646240235 reward_loss:  -46.20884323120117
epoch:  15 batch:  40 region_loss:  10.0 10.0 loc_loss:  1.0081243133544922 reward_loss:  -50.406211853027344
epoch:  15 batch:  50 region_loss:  10.0 10.0 loc_loss:  0.8969947814941406 reward_loss:  -44.8497428894043
epoch:  15 batch:  60 region_loss:  10.0 10.0 loc_loss:  0.9772435760498047 reward_loss:  -48.862178802490234
epoch:  15 batch:  70 region_loss:  10.0 10.0 loc_loss:  0.9210578155517578 reward_loss:  -46.05290603637695
epoch:  15 batch:  80 region_loss:  10.0 10.0 loc_loss:  1.0016661834716798 reward_loss:  -50.083309173583984
epoch:  15 batch:  90 region_loss:  6.0 6.0 loc_loss:  0.6000901794433594 reward_loss:  -30.004505157470703
epoch:  15 batch:  100 region_loss:  8.0 8.0 loc_loss:  0.7321430206298828 reward_loss:  -36.607147216796875
epoch:  15 batch:  110 region_loss:  4.0 4.0 loc_loss:  0.428007698059082 reward_loss:  -21.400386810302734
epoch:  15 batch:  120 region_loss:  5.0 5.0 loc_loss:  0.4821690368652344 reward_loss:  -24.108448028564453
epoch:  15 batch:  130 region_loss:  7.0 7.0 loc_loss:  0.7062458801269531 reward_loss:  -35.312294006347656
acc@1:  0.14299153339604892
epoch: 15 region loss 0.17051094890510948 loc loss 0.7915506126236741 reward loss -39.57752969839277
epoch:  16 batch:  0 region_loss:  10.0 10.0 loc_loss:  0.8976106262207031 reward_loss:  -44.88053512573242
epoch:  16 batch:  10 region_loss:  10.0 10.0 loc_loss:  0.9405575561523437 reward_loss:  -47.02787780761719
epoch:  16 batch:  20 region_loss:  10.0 10.0 loc_loss:  0.8009190368652344 reward_loss:  -40.04595184326172
epoch:  16 batch:  30 region_loss:  10.0 10.0 loc_loss:  0.8740794372558593 reward_loss:  -43.7039680480957
epoch:  16 batch:  40 region_loss:  10.0 10.0 loc_loss:  0.9664070129394531 reward_loss:  -48.32034683227539
epoch:  16 batch:  50 region_loss:  10.0 10.0 loc_loss:  0.8469496917724609 reward_loss:  -42.34748458862305
epoch:  16 batch:  60 region_loss:  10.0 10.0 loc_loss:  0.9294126892089843 reward_loss:  -46.47063064575195
epoch:  16 batch:  70 region_loss:  10.0 10.0 loc_loss:  0.873497085571289 reward_loss:  -43.67485809326172
epoch:  16 batch:  80 region_loss:  10.0 10.0 loc_loss:  0.9571987152099609 reward_loss:  -47.85993957519531
epoch:  16 batch:  90 region_loss:  6.0 6.0 loc_loss:  0.5720195007324219 reward_loss:  -28.600971221923828
epoch:  16 batch:  100 region_loss:  8.0 8.0 loc_loss:  0.6959475708007813 reward_loss:  -34.79737854003906
epoch:  16 batch:  110 region_loss:  4.0 4.0 loc_loss:  0.4073258209228516 reward_loss:  -20.366294860839844
epoch:  16 batch:  120 region_loss:  5.0 5.0 loc_loss:  0.4565459442138672 reward_loss:  -22.82729721069336
epoch:  16 batch:  130 region_loss:  7.0 7.0 loc_loss:  0.6736585998535156 reward_loss:  -33.682926177978516
acc@1:  0.14722483537158984
epoch: 16 region loss 0.17051094890510948 loc loss 0.7524346740054387 reward loss -37.62173240550243
epoch:  17 batch:  0 region_loss:  10.0 10.0 loc_loss:  0.8501009368896484 reward_loss:  -42.50504684448242
epoch:  17 batch:  10 region_loss:  10.0 10.0 loc_loss:  0.8927613830566407 reward_loss:  -44.63806915283203
epoch:  17 batch:  20 region_loss:  10.0 10.0 loc_loss:  0.7622927856445313 reward_loss:  -38.11463928222656
epoch:  17 batch:  30 region_loss:  10.0 10.0 loc_loss:  0.8287469482421875 reward_loss:  -41.43735122680664
epoch:  17 batch:  40 region_loss:  10.0 10.0 loc_loss:  0.928167724609375 reward_loss:  -46.408390045166016
epoch:  17 batch:  50 region_loss:  10.0 10.0 loc_loss:  0.8027908325195312 reward_loss:  -40.1395378112793
epoch:  17 batch:  60 region_loss:  10.0 10.0 loc_loss:  0.8845384216308594 reward_loss:  -44.2269287109375
epoch:  17 batch:  70 region_loss:  10.0 10.0 loc_loss:  0.8300839233398437 reward_loss:  -41.50419235229492
epoch:  17 batch:  80 region_loss:  10.0 10.0 loc_loss:  0.9153795623779297 reward_loss:  -45.768978118896484
epoch:  17 batch:  90 region_loss:  6.0 6.0 loc_loss:  0.5457931137084961 reward_loss:  -27.289657592773438
epoch:  17 batch:  100 region_loss:  8.0 8.0 loc_loss:  0.6628840637207031 reward_loss:  -33.14419937133789
epoch:  17 batch:  110 region_loss:  4.0 4.0 loc_loss:  0.38758861541748046 reward_loss:  -19.379457473754883
epoch:  17 batch:  120 region_loss:  5.0 5.0 loc_loss:  0.43242462158203127 reward_loss:  -21.62122917175293
epoch:  17 batch:  130 region_loss:  7.0 7.0 loc_loss:  0.6432293701171875 reward_loss:  -32.161468505859375
acc@1:  0.14722483537158984
epoch: 17 region loss 0.17051094890510948 loc loss 0.7164932490439311 reward loss -35.824662083256854
epoch:  18 batch:  0 region_loss:  10.0 10.0 loc_loss:  0.8069165802001953 reward_loss:  -40.3458251953125
epoch:  18 batch:  10 region_loss:  10.0 10.0 loc_loss:  0.8491192626953125 reward_loss:  -42.455963134765625
epoch:  18 batch:  20 region_loss:  10.0 10.0 loc_loss:  0.7277885437011719 reward_loss:  -36.38941955566406
epoch:  18 batch:  30 region_loss:  10.0 10.0 loc_loss:  0.7873989105224609 reward_loss:  -39.36994552612305
epoch:  18 batch:  40 region_loss:  10.0 10.0 loc_loss:  0.8929693603515625 reward_loss:  -44.648468017578125
epoch:  18 batch:  50 region_loss:  10.0 10.0 loc_loss:  0.7634242248535156 reward_loss:  -38.17120361328125
epoch:  18 batch:  60 region_loss:  10.0 10.0 loc_loss:  0.8421649169921875 reward_loss:  -42.108245849609375
epoch:  18 batch:  70 region_loss:  10.0 10.0 loc_loss:  0.7902962493896485 reward_loss:  -39.51481628417969
epoch:  18 batch:  80 region_loss:  10.0 10.0 loc_loss:  0.8759133911132813 reward_loss:  -43.79567337036133
epoch:  18 batch:  90 region_loss:  6.0 6.0 loc_loss:  0.5211917114257812 reward_loss:  -26.059585571289062
epoch:  18 batch:  100 region_loss:  8.0 8.0 loc_loss:  0.6324236297607422 reward_loss:  -31.621179580688477
epoch:  18 batch:  110 region_loss:  4.0 4.0 loc_loss:  0.36878978729248046 reward_loss:  -18.439491271972656
epoch:  18 batch:  120 region_loss:  5.0 5.0 loc_loss:  0.4096977996826172 reward_loss:  -20.48488998413086
epoch:  18 batch:  130 region_loss:  7.0 7.0 loc_loss:  0.6146818161010742 reward_loss:  -30.734088897705078
acc@1:  0.14487300094073377
epoch: 18 region loss 0.17051094890510948 loc loss 0.6833257413432545 reward loss -34.166286203983056
epoch:  19 batch:  0 region_loss:  10.0 10.0 loc_loss:  0.7672837829589844 reward_loss:  -38.36417770385742
epoch:  19 batch:  10 region_loss:  10.0 10.0 loc_loss:  0.8089997863769531 reward_loss:  -40.44998550415039
epoch:  19 batch:  20 region_loss:  10.0 10.0 loc_loss:  0.6965621185302734 reward_loss:  -34.82810592651367
epoch:  19 batch:  30 region_loss:  10.0 10.0 loc_loss:  0.7493544006347657 reward_loss:  -37.46772003173828
epoch:  19 batch:  40 region_loss:  10.0 10.0 loc_loss:  0.8602470397949219 reward_loss:  -43.012351989746094
epoch:  19 batch:  50 region_loss:  10.0 10.0 loc_loss:  0.7278874206542969 reward_loss:  -36.394371032714844
epoch:  19 batch:  60 region_loss:  10.0 10.0 loc_loss:  0.8019486999511719 reward_loss:  -40.09742736816406
epoch:  19 batch:  70 region_loss:  10.0 10.0 loc_loss:  0.7535795593261718 reward_loss:  -37.678977966308594
epoch:  19 batch:  80 region_loss:  10.0 10.0 loc_loss:  0.8384758758544922 reward_loss:  -41.92379379272461
epoch:  19 batch:  90 region_loss:  6.0 6.0 loc_loss:  0.49797805786132815 reward_loss:  -24.89890480041504
epoch:  19 batch:  100 region_loss:  8.0 8.0 loc_loss:  0.6040817642211914 reward_loss:  -30.204092025756836
epoch:  19 batch:  110 region_loss:  4.0 4.0 loc_loss:  0.3508879089355469 reward_loss:  -17.544395446777344
epoch:  19 batch:  120 region_loss:  5.0 5.0 loc_loss:  0.388251953125 reward_loss:  -19.41259765625
epoch:  19 batch:  130 region_loss:  7.0 7.0 loc_loss:  0.5877329254150391 reward_loss:  -29.38664436340332
acc@1:  0.1458137347130762
epoch: 19 region loss 0.17051094890510948 loc loss 0.6525354464732817 reward loss -32.62677306154349
epoch:  20 batch:  0 region_loss:  10.0 10.0 loc_loss:  0.7306022644042969 reward_loss:  -36.530113220214844
epoch:  20 batch:  10 region_loss:  10.0 10.0 loc_loss:  0.7718489074707031 reward_loss:  -38.592445373535156
epoch:  20 batch:  20 region_loss:  10.0 10.0 loc_loss:  0.6679498291015625 reward_loss:  -33.39749526977539
epoch:  20 batch:  30 region_loss:  10.0 10.0 loc_loss:  0.7140525817871094 reward_loss:  -35.7026252746582
epoch:  20 batch:  40 region_loss:  10.0 10.0 loc_loss:  0.8294673919677734 reward_loss:  -41.47336959838867
epoch:  20 batch:  50 region_loss:  10.0 10.0 loc_loss:  0.6953917694091797 reward_loss:  -34.769588470458984
epoch:  20 batch:  60 region_loss:  10.0 10.0 loc_loss:  0.7636814880371093 reward_loss:  -38.18407440185547
epoch:  20 batch:  70 region_loss:  10.0 10.0 loc_loss:  0.7194324493408203 reward_loss:  -35.971622467041016
epoch:  20 batch:  80 region_loss:  10.0 10.0 loc_loss:  0.8027817535400391 reward_loss:  -40.13908386230469
epoch:  20 batch:  90 region_loss:  6.0 6.0 loc_loss:  0.4759408950805664 reward_loss:  -23.79704475402832
epoch:  20 batch:  100 region_loss:  8.0 8.0 loc_loss:  0.5774574279785156 reward_loss:  -28.87286949157715
epoch:  20 batch:  110 region_loss:  4.0 4.0 loc_loss:  0.3338279724121094 reward_loss:  -16.69139862060547
epoch:  20 batch:  120 region_loss:  5.0 5.0 loc_loss:  0.3679856872558594 reward_loss:  -18.39928436279297
epoch:  20 batch:  130 region_loss:  7.0 7.0 loc_loss:  0.5621295547485352 reward_loss:  -28.106477737426758
acc@1:  0.145343367826905
epoch: 20 region loss 0.17051094890510948 loc loss 0.6237641246823499 reward loss -31.18820605312821
epoch:  21 batch:  0 region_loss:  10.0 10.0 loc_loss:  0.6963793182373047 reward_loss:  -34.818965911865234
epoch:  21 batch:  10 region_loss:  10.0 10.0 loc_loss:  0.7372169494628906 reward_loss:  -36.86084747314453
epoch:  21 batch:  20 region_loss:  10.0 10.0 loc_loss:  0.6414389038085937 reward_loss:  -32.07194519042969
epoch:  21 batch:  30 region_loss:  10.0 10.0 loc_loss:  0.6810471343994141 reward_loss:  -34.0523567199707
epoch:  21 batch:  40 region_loss:  10.0 10.0 loc_loss:  0.8002047729492188 reward_loss:  -40.01023864746094
epoch:  21 batch:  50 region_loss:  10.0 10.0 loc_loss:  0.6653108978271485 reward_loss:  -33.265541076660156
epoch:  21 batch:  60 region_loss:  10.0 10.0 loc_loss:  0.7272573852539063 reward_loss:  -36.36286544799805
epoch:  21 batch:  70 region_loss:  10.0 10.0 loc_loss:  0.6874432373046875 reward_loss:  -34.372161865234375
epoch:  21 batch:  80 region_loss:  10.0 10.0 loc_loss:  0.7686073303222656 reward_loss:  -38.43036651611328
epoch:  21 batch:  90 region_loss:  6.0 6.0 loc_loss:  0.45490901947021484 reward_loss:  -22.745447158813477
epoch:  21 batch:  100 region_loss:  8.0 8.0 loc_loss:  0.5522451400756836 reward_loss:  -27.612260818481445
epoch:  21 batch:  110 region_loss:  4.0 4.0 loc_loss:  0.3175487899780273 reward_loss:  -15.877439498901367
epoch:  21 batch:  120 region_loss:  5.0 5.0 loc_loss:  0.34881256103515623 reward_loss:  -17.440629959106445
epoch:  21 batch:  130 region_loss:  7.0 7.0 loc_loss:  0.5376682662963868 reward_loss:  -26.883411407470703
acc@1:  0.14299153339604892
epoch: 21 region loss 0.17051094890510948 loc loss 0.5967074455483986 reward loss -29.835371748374328
epoch:  22 batch:  0 region_loss:  10.0 10.0 loc_loss:  0.6642095184326172 reward_loss:  -33.21047592163086
epoch:  22 batch:  10 region_loss:  10.0 10.0 loc_loss:  0.7047400665283203 reward_loss:  -35.23700714111328
epoch:  22 batch:  20 region_loss:  10.0 10.0 loc_loss:  0.6166383743286132 reward_loss:  -30.831918716430664
epoch:  22 batch:  30 region_loss:  10.0 10.0 loc_loss:  0.6499972534179688 reward_loss:  -32.49986267089844
epoch:  22 batch:  40 region_loss:  10.0 10.0 loc_loss:  0.7721440124511719 reward_loss:  -38.607200622558594
epoch:  22 batch:  50 region_loss:  10.0 10.0 loc_loss:  0.6371699523925781 reward_loss:  -31.858489990234375
epoch:  22 batch:  60 region_loss:  10.0 10.0 loc_loss:  0.6926165008544922 reward_loss:  -34.630821228027344
epoch:  22 batch:  70 region_loss:  10.0 10.0 loc_loss:  0.6572917938232422 reward_loss:  -32.864585876464844
epoch:  22 batch:  80 region_loss:  10.0 10.0 loc_loss:  0.7357829284667968 reward_loss:  -36.78914260864258
epoch:  22 batch:  90 region_loss:  6.0 6.0 loc_loss:  0.4347468566894531 reward_loss:  -21.737342834472656
epoch:  22 batch:  100 region_loss:  8.0 8.0 loc_loss:  0.5282244873046875 reward_loss:  -26.41122055053711
epoch:  22 batch:  110 region_loss:  4.0 4.0 loc_loss:  0.30198665618896486 reward_loss:  -15.099333763122559
epoch:  22 batch:  120 region_loss:  5.0 5.0 loc_loss:  0.3306549453735352 reward_loss:  -16.53274917602539
epoch:  22 batch:  130 region_loss:  7.0 7.0 loc_loss:  0.5142007446289063 reward_loss:  -25.710033416748047
acc@1:  0.14063969896519285
epoch: 22 region loss 0.17051094890510948 loc loss 0.5711160445387347 reward loss -28.555802091194764
epoch:  23 batch:  0 region_loss:  10.0 10.0 loc_loss:  0.6337736129760743 reward_loss:  -31.688676834106445
epoch:  23 batch:  10 region_loss:  10.0 10.0 loc_loss:  0.67411865234375 reward_loss:  -33.7059326171875
epoch:  23 batch:  20 region_loss:  10.0 10.0 loc_loss:  0.5932486343383789 reward_loss:  -29.662431716918945
epoch:  23 batch:  30 region_loss:  10.0 10.0 loc_loss:  0.6206486129760742 reward_loss:  -31.032426834106445
epoch:  23 batch:  40 region_loss:  10.0 10.0 loc_loss:  0.7450540924072265 reward_loss:  -37.25270080566406
epoch:  23 batch:  50 region_loss:  10.0 10.0 loc_loss:  0.6106266784667969 reward_loss:  -30.531330108642578
epoch:  23 batch:  60 region_loss:  10.0 10.0 loc_loss:  0.6596928405761718 reward_loss:  -32.98463821411133
epoch:  23 batch:  70 region_loss:  10.0 10.0 loc_loss:  0.6287385559082032 reward_loss:  -31.436931610107422
epoch:  23 batch:  80 region_loss:  10.0 10.0 loc_loss:  0.7041795349121094 reward_loss:  -35.2089729309082
epoch:  23 batch:  90 region_loss:  6.0 6.0 loc_loss:  0.4153459167480469 reward_loss:  -20.767295837402344
epoch:  23 batch:  100 region_loss:  8.0 8.0 loc_loss:  0.5052345275878907 reward_loss:  -25.26172637939453
epoch:  23 batch:  110 region_loss:  4.0 4.0 loc_loss:  0.2870765686035156 reward_loss:  -14.353828430175781
epoch:  23 batch:  120 region_loss:  5.0 5.0 loc_loss:  0.3134398651123047 reward_loss:  -15.671992301940918
epoch:  23 batch:  130 region_loss:  7.0 7.0 loc_loss:  0.4916257858276367 reward_loss:  -24.58129119873047
acc@1:  0.13922859830667922
epoch: 23 region loss 0.17051094890510948 loc loss 0.5467887879810194 reward loss -27.33943947562336
epoch:  24 batch:  0 region_loss:  10.0 10.0 loc_loss:  0.6048287963867187 reward_loss:  -30.241436004638672
epoch:  24 batch:  10 region_loss:  10.0 10.0 loc_loss:  0.645099868774414 reward_loss:  -32.25498962402344
epoch:  24 batch:  20 region_loss:  10.0 10.0 loc_loss:  0.571035270690918 reward_loss:  -28.5517635345459
epoch:  24 batch:  30 region_loss:  10.0 10.0 loc_loss:  0.592806053161621 reward_loss:  -29.640302658081055
epoch:  24 batch:  40 region_loss:  10.0 10.0 loc_loss:  0.7187628936767578 reward_loss:  -35.938140869140625
epoch:  24 batch:  50 region_loss:  10.0 10.0 loc_loss:  0.5854328155517579 reward_loss:  -29.271642684936523
epoch:  24 batch:  60 region_loss:  10.0 10.0 loc_loss:  0.6283902740478515 reward_loss:  -31.419517517089844
epoch:  24 batch:  70 region_loss:  10.0 10.0 loc_loss:  0.6016065216064453 reward_loss:  -30.080312728881836
epoch:  24 batch:  80 region_loss:  10.0 10.0 loc_loss:  0.6736941528320313 reward_loss:  -33.68470764160156
epoch:  24 batch:  90 region_loss:  6.0 6.0 loc_loss:  0.3966165924072266 reward_loss:  -19.830829620361328
epoch:  24 batch:  100 region_loss:  8.0 8.0 loc_loss:  0.483152961730957 reward_loss:  -24.15764617919922
epoch:  24 batch:  110 region_loss:  4.0 4.0 loc_loss:  0.2727561187744141 reward_loss:  -13.637804985046387
epoch:  24 batch:  120 region_loss:  5.0 5.0 loc_loss:  0.2970974349975586 reward_loss:  -14.85487174987793
epoch:  24 batch:  130 region_loss:  7.0 7.0 loc_loss:  0.4698704528808594 reward_loss:  -23.4935245513916
acc@1:  0.13781749764816556
epoch: 24 region loss 0.17051094890510948 loc loss 0.5235633358642133 reward loss -26.178165783847337
epoch:  25 batch:  0 region_loss:  10.0 10.0 loc_loss:  0.577190055847168 reward_loss:  -28.8595027923584
epoch:  25 batch:  10 region_loss:  10.0 10.0 loc_loss:  0.6174701690673828 reward_loss:  -30.87350845336914
epoch:  25 batch:  20 region_loss:  10.0 10.0 loc_loss:  0.549814338684082 reward_loss:  -27.4907169342041
epoch:  25 batch:  30 region_loss:  10.0 10.0 loc_loss:  0.5662995147705078 reward_loss:  -28.314973831176758
epoch:  25 batch:  40 region_loss:  10.0 10.0 loc_loss:  0.6931414031982421 reward_loss:  -34.657066345214844
epoch:  25 batch:  50 region_loss:  10.0 10.0 loc_loss:  0.5613924407958985 reward_loss:  -28.06962013244629
epoch:  25 batch:  60 region_loss:  10.0 10.0 loc_loss:  0.5985839080810547 reward_loss:  -29.929195404052734
epoch:  25 batch:  70 region_loss:  10.0 10.0 loc_loss:  0.5757518768310547 reward_loss:  -28.787595748901367
epoch:  25 batch:  80 region_loss:  10.0 10.0 loc_loss:  0.6442369842529296 reward_loss:  -32.21185302734375
epoch:  25 batch:  90 region_loss:  6.0 6.0 loc_loss:  0.37848480224609377 reward_loss:  -18.924240112304688
epoch:  25 batch:  100 region_loss:  8.0 8.0 loc_loss:  0.4618831253051758 reward_loss:  -23.094158172607422
epoch:  25 batch:  110 region_loss:  4.0 4.0 loc_loss:  0.25897003173828126 reward_loss:  -12.948501586914062
epoch:  25 batch:  120 region_loss:  5.0 5.0 loc_loss:  0.2815603256225586 reward_loss:  -14.07801628112793
epoch:  25 batch:  130 region_loss:  7.0 7.0 loc_loss:  0.44887279510498046 reward_loss:  -22.443639755249023
acc@1:  0.13922859830667922
epoch: 25 region loss 0.17051094890510948 loc loss 0.501306205596367 reward loss -25.06530975077274
epoch:  26 batch:  0 region_loss:  10.0 10.0 loc_loss:  0.5507123565673828 reward_loss:  -27.535615921020508
epoch:  26 batch:  10 region_loss:  10.0 10.0 loc_loss:  0.5910461807250976 reward_loss:  -29.55230712890625
epoch:  26 batch:  20 region_loss:  10.0 10.0 loc_loss:  0.5294401168823242 reward_loss:  -26.47200584411621
epoch:  26 batch:  30 region_loss:  10.0 10.0 loc_loss:  0.5409782409667969 reward_loss:  -27.048912048339844
epoch:  26 batch:  40 region_loss:  10.0 10.0 loc_loss:  0.668093032836914 reward_loss:  -33.4046516418457
epoch:  26 batch:  50 region_loss:  10.0 10.0 loc_loss:  0.5383490753173829 reward_loss:  -26.917451858520508
epoch:  26 batch:  60 region_loss:  10.0 10.0 loc_loss:  0.5701350784301757 reward_loss:  -28.50675392150879
epoch:  26 batch:  70 region_loss:  10.0 10.0 loc_loss:  0.5510486602783203 reward_loss:  -27.552431106567383
epoch:  26 batch:  80 region_loss:  10.0 10.0 loc_loss:  0.6157211303710938 reward_loss:  -30.786054611206055
epoch:  26 batch:  90 region_loss:  6.0 6.0 loc_loss:  0.36089775085449216 reward_loss:  -18.04488754272461
epoch:  26 batch:  100 region_loss:  8.0 8.0 loc_loss:  0.4413505172729492 reward_loss:  -22.067523956298828
epoch:  26 batch:  110 region_loss:  4.0 4.0 loc_loss:  0.24567230224609374 reward_loss:  -12.283615112304688
epoch:  26 batch:  120 region_loss:  5.0 5.0 loc_loss:  0.26676393508911134 reward_loss:  -13.33819580078125
epoch:  26 batch:  130 region_loss:  7.0 7.0 loc_loss:  0.42857444763183594 reward_loss:  -21.428722381591797
acc@1:  0.13828786453433678
epoch: 26 region loss 0.17051094890510948 loc loss 0.47990580120225895 reward loss -23.995289517145086
epoch:  27 batch:  0 region_loss:  10.0 10.0 loc_loss:  0.5252777099609375 reward_loss:  -26.26388168334961
epoch:  27 batch:  10 region_loss:  10.0 10.0 loc_loss:  0.5656672668457031 reward_loss:  -28.28336524963379
epoch:  27 batch:  20 region_loss:  10.0 10.0 loc_loss:  0.5097959518432618 reward_loss:  -25.489795684814453
