0
cuda
epoch:  0 batch:  0 region_loss:  10.0 10.0 loc_loss:  1.9854002380371094 reward_loss:  -99.26982116699219
epoch:  0 batch:  10 region_loss:  10.0 10.0 loc_loss:  1.9886325073242188 reward_loss:  -99.4322280883789
epoch:  0 batch:  20 region_loss:  10.0 10.0 loc_loss:  1.9884796142578125 reward_loss:  -99.42293548583984
epoch:  0 batch:  30 region_loss:  10.0 10.0 loc_loss:  1.9858921813964843 reward_loss:  -99.29347229003906
epoch:  0 batch:  40 region_loss:  10.0 10.0 loc_loss:  1.9793914794921874 reward_loss:  -98.96918487548828
epoch:  0 batch:  50 region_loss:  10.0 10.0 loc_loss:  1.9904362487792968 reward_loss:  -99.52092742919922
epoch:  0 batch:  60 region_loss:  10.0 10.0 loc_loss:  1.9834536743164062 reward_loss:  -99.17269134521484
epoch:  0 batch:  70 region_loss:  10.0 10.0 loc_loss:  1.9838510131835938 reward_loss:  -99.19190216064453
epoch:  0 batch:  80 region_loss:  10.0 10.0 loc_loss:  1.9856466674804687 reward_loss:  -99.28363800048828
epoch:  0 batch:  90 region_loss:  6.0 6.0 loc_loss:  1.1805181884765625 reward_loss:  -59.026702880859375
epoch:  0 batch:  100 region_loss:  8.0 8.0 loc_loss:  1.572616729736328 reward_loss:  -78.6308822631836
epoch:  0 batch:  110 region_loss:  4.0 4.0 loc_loss:  0.7880630493164062 reward_loss:  -39.40293884277344
epoch:  0 batch:  120 region_loss:  5.0 5.0 loc_loss:  0.9792997741699219 reward_loss:  -48.965049743652344
epoch:  0 batch:  130 region_loss:  7.0 7.0 loc_loss:  1.3733737182617187 reward_loss:  -68.66912841796875
acc@1:  0.0028222013170272815
epoch: 0 region loss 0.17051094890510948 loc loss 1.687211226303212 reward loss -84.36058985577883
epoch:  1 batch:  0 region_loss:  10.0 10.0 loc_loss:  1.9118711853027344 reward_loss:  -95.59323120117188
epoch:  1 batch:  10 region_loss:  10.0 10.0 loc_loss:  1.9379154968261718 reward_loss:  -96.89488220214844
epoch:  1 batch:  20 region_loss:  10.0 10.0 loc_loss:  1.9267742919921875 reward_loss:  -96.33830261230469
epoch:  1 batch:  30 region_loss:  10.0 10.0 loc_loss:  1.9271165466308593 reward_loss:  -96.35655975341797
epoch:  1 batch:  40 region_loss:  10.0 10.0 loc_loss:  1.9116329956054687 reward_loss:  -95.58087158203125
epoch:  1 batch:  50 region_loss:  10.0 10.0 loc_loss:  1.9218621826171876 reward_loss:  -96.09268188476562
epoch:  1 batch:  60 region_loss:  10.0 10.0 loc_loss:  1.8992938232421874 reward_loss:  -94.96540832519531
epoch:  1 batch:  70 region_loss:  10.0 10.0 loc_loss:  1.894425506591797 reward_loss:  -94.72169494628906
epoch:  1 batch:  80 region_loss:  10.0 10.0 loc_loss:  1.8791397094726563 reward_loss:  -93.95673370361328
epoch:  1 batch:  90 region_loss:  6.0 6.0 loc_loss:  1.105026092529297 reward_loss:  -55.25086975097656
epoch:  1 batch:  100 region_loss:  8.0 8.0 loc_loss:  1.4590739440917968 reward_loss:  -72.95452880859375
epoch:  1 batch:  110 region_loss:  4.0 4.0 loc_loss:  0.7389849853515625 reward_loss:  -36.94987487792969
epoch:  1 batch:  120 region_loss:  5.0 5.0 loc_loss:  0.9071261596679687 reward_loss:  -45.35527420043945
epoch:  1 batch:  130 region_loss:  7.0 7.0 loc_loss:  1.2629707336425782 reward_loss:  -63.15007781982422
acc@1:  0.01881467544684854
epoch: 1 region loss 0.17051094890510948 loc loss 1.6047780982247235 reward loss -80.23886342292285
epoch:  2 batch:  0 region_loss:  10.0 10.0 loc_loss:  1.7367208862304688 reward_loss:  -86.83674621582031
epoch:  2 batch:  10 region_loss:  10.0 10.0 loc_loss:  1.7453285217285157 reward_loss:  -87.26551818847656
epoch:  2 batch:  20 region_loss:  10.0 10.0 loc_loss:  1.7418280029296875 reward_loss:  -87.09049987792969
epoch:  2 batch:  30 region_loss:  10.0 10.0 loc_loss:  1.769127197265625 reward_loss:  -88.45585632324219
epoch:  2 batch:  40 region_loss:  10.0 10.0 loc_loss:  1.7264508056640624 reward_loss:  -86.32291412353516
epoch:  2 batch:  50 region_loss:  10.0 10.0 loc_loss:  1.7802603149414062 reward_loss:  -89.01322174072266
epoch:  2 batch:  60 region_loss:  10.0 10.0 loc_loss:  1.7468504333496093 reward_loss:  -87.34251403808594
epoch:  2 batch:  70 region_loss:  10.0 10.0 loc_loss:  1.7537353515625 reward_loss:  -87.68672180175781
epoch:  2 batch:  80 region_loss:  10.0 10.0 loc_loss:  1.7366937255859376 reward_loss:  -86.83417510986328
epoch:  2 batch:  90 region_loss:  6.0 6.0 loc_loss:  1.0333421325683594 reward_loss:  -51.66757583618164
epoch:  2 batch:  100 region_loss:  8.0 8.0 loc_loss:  1.373184051513672 reward_loss:  -68.65913391113281
epoch:  2 batch:  110 region_loss:  4.0 4.0 loc_loss:  0.701129150390625 reward_loss:  -35.05708312988281
epoch:  2 batch:  120 region_loss:  5.0 5.0 loc_loss:  0.8653581237792969 reward_loss:  -43.267433166503906
epoch:  2 batch:  130 region_loss:  7.0 7.0 loc_loss:  1.206785888671875 reward_loss:  -60.33892822265625
acc@1:  0.027281279397930385
epoch: 2 region loss 0.17051094890510948 loc loss 1.4753933069827783 reward loss -73.76969937512474
epoch:  3 batch:  0 region_loss:  10.0 10.0 loc_loss:  1.6786293029785155 reward_loss:  -83.9318618774414
epoch:  3 batch:  10 region_loss:  10.0 10.0 loc_loss:  1.6819004821777344 reward_loss:  -84.0949935913086
epoch:  3 batch:  20 region_loss:  10.0 10.0 loc_loss:  1.6519454956054687 reward_loss:  -82.5970230102539
epoch:  3 batch:  30 region_loss:  10.0 10.0 loc_loss:  1.6987715148925782 reward_loss:  -84.93836975097656
epoch:  3 batch:  40 region_loss:  10.0 10.0 loc_loss:  1.6484371948242187 reward_loss:  -82.42112731933594
epoch:  3 batch:  50 region_loss:  10.0 10.0 loc_loss:  1.710469970703125 reward_loss:  -85.5245590209961
epoch:  3 batch:  60 region_loss:  10.0 10.0 loc_loss:  1.680565185546875 reward_loss:  -84.02839660644531
epoch:  3 batch:  70 region_loss:  10.0 10.0 loc_loss:  1.6849299621582032 reward_loss:  -84.2464828491211
epoch:  3 batch:  80 region_loss:  10.0 10.0 loc_loss:  1.6769644165039062 reward_loss:  -83.8485107421875
epoch:  3 batch:  90 region_loss:  6.0 6.0 loc_loss:  1.0011592102050781 reward_loss:  -50.058006286621094
epoch:  3 batch:  100 region_loss:  8.0 8.0 loc_loss:  1.3265756225585938 reward_loss:  -66.32921600341797
epoch:  3 batch:  110 region_loss:  4.0 4.0 loc_loss:  0.680233154296875 reward_loss:  -34.0120849609375
epoch:  3 batch:  120 region_loss:  5.0 5.0 loc_loss:  0.8410746002197266 reward_loss:  -42.054203033447266
epoch:  3 batch:  130 region_loss:  7.0 7.0 loc_loss:  1.1739649963378906 reward_loss:  -58.698333740234375
acc@1:  0.03386641580432737
epoch: 3 region loss 0.17051094890510948 loc loss 1.415655761495994 reward loss -70.7828473835966
epoch:  4 batch:  0 region_loss:  10.0 10.0 loc_loss:  1.635453643798828 reward_loss:  -81.77256774902344
epoch:  4 batch:  10 region_loss:  10.0 10.0 loc_loss:  1.6404476928710938 reward_loss:  -82.02251434326172
epoch:  4 batch:  20 region_loss:  10.0 10.0 loc_loss:  1.58664306640625 reward_loss:  -79.33175659179688
epoch:  4 batch:  30 region_loss:  10.0 10.0 loc_loss:  1.64647705078125 reward_loss:  -82.32410430908203
epoch:  4 batch:  40 region_loss:  10.0 10.0 loc_loss:  1.5904244995117187 reward_loss:  -79.5202865600586
epoch:  4 batch:  50 region_loss:  10.0 10.0 loc_loss:  1.6536033630371094 reward_loss:  -82.68002319335938
epoch:  4 batch:  60 region_loss:  10.0 10.0 loc_loss:  1.6267657470703125 reward_loss:  -81.33821868896484
epoch:  4 batch:  70 region_loss:  10.0 10.0 loc_loss:  1.6257659912109375 reward_loss:  -81.2884521484375
epoch:  4 batch:  80 region_loss:  10.0 10.0 loc_loss:  1.6249819946289064 reward_loss:  -81.24906921386719
epoch:  4 batch:  90 region_loss:  6.0 6.0 loc_loss:  0.9724312591552734 reward_loss:  -48.62136459350586
epoch:  4 batch:  100 region_loss:  8.0 8.0 loc_loss:  1.2824105834960937 reward_loss:  -64.12093353271484
epoch:  4 batch:  110 region_loss:  4.0 4.0 loc_loss:  0.6620747375488282 reward_loss:  -33.103485107421875
epoch:  4 batch:  120 region_loss:  5.0 5.0 loc_loss:  0.8171881103515625 reward_loss:  -40.85996627807617
epoch:  4 batch:  130 region_loss:  7.0 7.0 loc_loss:  1.141734848022461 reward_loss:  -57.08646774291992
acc@1:  0.04609595484477893
epoch: 4 region loss 0.17051094890510948 loc loss 1.3677784534092368 reward loss -68.38892921392065
epoch:  5 batch:  0 region_loss:  10.0 10.0 loc_loss:  1.5892234802246095 reward_loss:  -79.46154022216797
epoch:  5 batch:  10 region_loss:  10.0 10.0 loc_loss:  1.5980267333984375 reward_loss:  -79.900390625
epoch:  5 batch:  20 region_loss:  10.0 10.0 loc_loss:  1.5234510803222656 reward_loss:  -76.17247772216797
epoch:  5 batch:  30 region_loss:  10.0 10.0 loc_loss:  1.5934494018554688 reward_loss:  -79.67250061035156
epoch:  5 batch:  40 region_loss:  10.0 10.0 loc_loss:  1.534261474609375 reward_loss:  -76.7134017944336
epoch:  5 batch:  50 region_loss:  10.0 10.0 loc_loss:  1.5970028686523436 reward_loss:  -79.84922790527344
epoch:  5 batch:  60 region_loss:  10.0 10.0 loc_loss:  1.573379364013672 reward_loss:  -78.66891479492188
epoch:  5 batch:  70 region_loss:  10.0 10.0 loc_loss:  1.5662297058105468 reward_loss:  -78.31232452392578
epoch:  5 batch:  80 region_loss:  10.0 10.0 loc_loss:  1.5725202941894532 reward_loss:  -78.62583923339844
epoch:  5 batch:  90 region_loss:  6.0 6.0 loc_loss:  0.9431044006347656 reward_loss:  -47.155357360839844
epoch:  5 batch:  100 region_loss:  8.0 8.0 loc_loss:  1.2361978149414063 reward_loss:  -61.809818267822266
epoch:  5 batch:  110 region_loss:  4.0 4.0 loc_loss:  0.6440621948242188 reward_loss:  -32.20341110229492
epoch:  5 batch:  120 region_loss:  5.0 5.0 loc_loss:  0.7914544677734375 reward_loss:  -39.573326110839844
epoch:  5 batch:  130 region_loss:  7.0 7.0 loc_loss:  1.1074039459228515 reward_loss:  -55.37017059326172
acc@1:  0.05691439322671684
epoch: 5 region loss 0.17051094890510948 loc loss 1.3192900781561858 reward loss -65.96454474177673
epoch:  6 batch:  0 region_loss:  10.0 10.0 loc_loss:  1.537039794921875 reward_loss:  -76.85173797607422
epoch:  6 batch:  10 region_loss:  10.0 10.0 loc_loss:  1.5512150573730468 reward_loss:  -77.56071472167969
epoch:  6 batch:  20 region_loss:  10.0 10.0 loc_loss:  1.457884521484375 reward_loss:  -72.89448547363281
epoch:  6 batch:  30 region_loss:  10.0 10.0 loc_loss:  1.536465606689453 reward_loss:  -76.82403564453125
epoch:  6 batch:  40 region_loss:  10.0 10.0 loc_loss:  1.477181396484375 reward_loss:  -73.85871887207031
epoch:  6 batch:  50 region_loss:  10.0 10.0 loc_loss:  1.5370295715332032 reward_loss:  -76.85128784179688
epoch:  6 batch:  60 region_loss:  10.0 10.0 loc_loss:  1.5163751220703126 reward_loss:  -75.81874084472656
epoch:  6 batch:  70 region_loss:  10.0 10.0 loc_loss:  1.5028413391113282 reward_loss:  -75.1424789428711
epoch:  6 batch:  80 region_loss:  10.0 10.0 loc_loss:  1.517171630859375 reward_loss:  -75.85858154296875
epoch:  6 batch:  90 region_loss:  6.0 6.0 loc_loss:  0.9119664001464843 reward_loss:  -45.598388671875
epoch:  6 batch:  100 region_loss:  8.0 8.0 loc_loss:  1.1857349395751953 reward_loss:  -59.286869049072266
epoch:  6 batch:  110 region_loss:  4.0 4.0 loc_loss:  0.6251406097412109 reward_loss:  -31.256988525390625
epoch:  6 batch:  120 region_loss:  5.0 5.0 loc_loss:  0.76340087890625 reward_loss:  -38.170082092285156
epoch:  6 batch:  130 region_loss:  7.0 7.0 loc_loss:  1.0705253601074218 reward_loss:  -53.5262451171875
acc@1:  0.06914393226716839
epoch: 6 region loss 0.17051094890510948 loc loss 1.2676163112334091 reward loss -63.38084965726755
epoch:  7 batch:  0 region_loss:  10.0 10.0 loc_loss:  1.4785546875 reward_loss:  -73.92767333984375
epoch:  7 batch:  10 region_loss:  10.0 10.0 loc_loss:  1.4988531494140624 reward_loss:  -74.94266510009766
epoch:  7 batch:  20 region_loss:  10.0 10.0 loc_loss:  1.3881106567382813 reward_loss:  -69.406005859375
epoch:  7 batch:  30 region_loss:  10.0 10.0 loc_loss:  1.4738275146484374 reward_loss:  -73.69147491455078
epoch:  7 batch:  40 region_loss:  10.0 10.0 loc_loss:  1.4200294494628907 reward_loss:  -71.00147247314453
epoch:  7 batch:  50 region_loss:  10.0 10.0 loc_loss:  1.4722152709960938 reward_loss:  -73.61075592041016
epoch:  7 batch:  60 region_loss:  10.0 10.0 loc_loss:  1.4548472595214843 reward_loss:  -72.74238586425781
epoch:  7 batch:  70 region_loss:  10.0 10.0 loc_loss:  1.4352001953125 reward_loss:  -71.76018524169922
epoch:  7 batch:  80 region_loss:  10.0 10.0 loc_loss:  1.4579765319824218 reward_loss:  -72.89885711669922
epoch:  7 batch:  90 region_loss:  6.0 6.0 loc_loss:  0.8790193939208985 reward_loss:  -43.95089340209961
epoch:  7 batch:  100 region_loss:  8.0 8.0 loc_loss:  1.1308699035644532 reward_loss:  -56.543453216552734
epoch:  7 batch:  110 region_loss:  4.0 4.0 loc_loss:  0.6052263641357422 reward_loss:  -30.260822296142578
epoch:  7 batch:  120 region_loss:  5.0 5.0 loc_loss:  0.7331941223144531 reward_loss:  -36.6595458984375
epoch:  7 batch:  130 region_loss:  7.0 7.0 loc_loss:  1.0309971618652343 reward_loss:  -51.54983901977539
acc@1:  0.07902163687676388
epoch: 7 region loss 0.17051094890510948 loc loss 1.212484021430468 reward loss -60.62419003117694
epoch:  8 batch:  0 region_loss:  10.0 10.0 loc_loss:  1.414553680419922 reward_loss:  -70.72763061523438
epoch:  8 batch:  10 region_loss:  10.0 10.0 loc_loss:  1.440811004638672 reward_loss:  -72.04060363769531
epoch:  8 batch:  20 region_loss:  10.0 10.0 loc_loss:  1.3152597045898438 reward_loss:  -65.76297760009766
epoch:  8 batch:  30 region_loss:  10.0 10.0 loc_loss:  1.4059953308105468 reward_loss:  -70.29977416992188
epoch:  8 batch:  40 region_loss:  10.0 10.0 loc_loss:  1.3648394775390624 reward_loss:  -68.24201202392578
epoch:  8 batch:  50 region_loss:  10.0 10.0 loc_loss:  1.40298095703125 reward_loss:  -70.14907836914062
epoch:  8 batch:  60 region_loss:  10.0 10.0 loc_loss:  1.390108642578125 reward_loss:  -69.50544738769531
epoch:  8 batch:  70 region_loss:  10.0 10.0 loc_loss:  1.3631817626953124 reward_loss:  -68.15910339355469
epoch:  8 batch:  80 region_loss:  10.0 10.0 loc_loss:  1.3957913208007813 reward_loss:  -69.78958892822266
epoch:  8 batch:  90 region_loss:  6.0 6.0 loc_loss:  0.8446734619140625 reward_loss:  -42.23358917236328
epoch:  8 batch:  100 region_loss:  8.0 8.0 loc_loss:  1.072870864868164 reward_loss:  -53.64352035522461
epoch:  8 batch:  110 region_loss:  4.0 4.0 loc_loss:  0.5842693328857422 reward_loss:  -29.213457107543945
epoch:  8 batch:  120 region_loss:  5.0 5.0 loc_loss:  0.7012035369873046 reward_loss:  -35.0601921081543
epoch:  8 batch:  130 region_loss:  7.0 7.0 loc_loss:  0.9893309020996094 reward_loss:  -49.46654510498047
acc@1:  0.09078080903104421
epoch: 8 region loss 0.17051094890510948 loc loss 1.1548352713480483 reward loss -57.741752359988915
epoch:  9 batch:  0 region_loss:  10.0 10.0 loc_loss:  1.3467085266113281 reward_loss:  -67.33541107177734
epoch:  9 batch:  10 region_loss:  10.0 10.0 loc_loss:  1.3782540893554687 reward_loss:  -68.91270446777344
epoch:  9 batch:  20 region_loss:  10.0 10.0 loc_loss:  1.2412591552734376 reward_loss:  -62.06294631958008
epoch:  9 batch:  30 region_loss:  10.0 10.0 loc_loss:  1.3344586181640625 reward_loss:  -66.7228775024414
epoch:  9 batch:  40 region_loss:  10.0 10.0 loc_loss:  1.3112007141113282 reward_loss:  -65.56002044677734
epoch:  9 batch:  50 region_loss:  10.0 10.0 loc_loss:  1.3304959106445313 reward_loss:  -66.52481079101562
epoch:  9 batch:  60 region_loss:  10.0 10.0 loc_loss:  1.3238650512695314 reward_loss:  -66.19325256347656
epoch:  9 batch:  70 region_loss:  10.0 10.0 loc_loss:  1.288134765625 reward_loss:  -64.40674591064453
epoch:  9 batch:  80 region_loss:  10.0 10.0 loc_loss:  1.3325241088867188 reward_loss:  -66.6263427734375
epoch:  9 batch:  90 region_loss:  6.0 6.0 loc_loss:  0.8092904663085938 reward_loss:  -40.46453094482422
epoch:  9 batch:  100 region_loss:  8.0 8.0 loc_loss:  1.0135521697998047 reward_loss:  -50.67759704589844
epoch:  9 batch:  110 region_loss:  4.0 4.0 loc_loss:  0.5624481964111329 reward_loss:  -28.122425079345703
epoch:  9 batch:  120 region_loss:  5.0 5.0 loc_loss:  0.6682325744628906 reward_loss:  -33.41166687011719
epoch:  9 batch:  130 region_loss:  7.0 7.0 loc_loss:  0.9463081359863281 reward_loss:  -47.315406799316406
acc@1:  0.1006585136406397
epoch: 9 region loss 0.17051094890510948 loc loss 1.0961124715317774 reward loss -54.80560863801163
epoch:  10 batch:  0 region_loss:  10.0 10.0 loc_loss:  1.276444091796875 reward_loss:  -63.82215118408203
epoch:  10 batch:  10 region_loss:  10.0 10.0 loc_loss:  1.312518310546875 reward_loss:  -65.62590789794922
epoch:  10 batch:  20 region_loss:  10.0 10.0 loc_loss:  1.167853469848633 reward_loss:  -58.39267349243164
epoch:  10 batch:  30 region_loss:  10.0 10.0 loc_loss:  1.2611436462402343 reward_loss:  -63.05717468261719
epoch:  10 batch:  40 region_loss:  10.0 10.0 loc_loss:  1.2582301330566406 reward_loss:  -62.9114990234375
epoch:  10 batch:  50 region_loss:  10.0 10.0 loc_loss:  1.256493148803711 reward_loss:  -62.82464599609375
epoch:  10 batch:  60 region_loss:  10.0 10.0 loc_loss:  1.2582252502441407 reward_loss:  -62.91130447387695
epoch:  10 batch:  70 region_loss:  10.0 10.0 loc_loss:  1.2125611114501953 reward_loss:  -60.628047943115234
epoch:  10 batch:  80 region_loss:  10.0 10.0 loc_loss:  1.2706038665771484 reward_loss:  -63.53019714355469
epoch:  10 batch:  90 region_loss:  6.0 6.0 loc_loss:  0.7735073852539063 reward_loss:  -38.675376892089844
epoch:  10 batch:  100 region_loss:  8.0 8.0 loc_loss:  0.95510498046875 reward_loss:  -47.75525665283203
epoch:  10 batch:  110 region_loss:  4.0 4.0 loc_loss:  0.5399980545043945 reward_loss:  -26.99990463256836
epoch:  10 batch:  120 region_loss:  5.0 5.0 loc_loss:  0.6350370025634766 reward_loss:  -31.751848220825195
epoch:  10 batch:  130 region_loss:  7.0 7.0 loc_loss:  0.9027334594726563 reward_loss:  -45.136680603027344
acc@1:  0.11288805268109126
epoch: 10 region loss 0.17051094890510948 loc loss 1.0378293075004634 reward loss -51.89146589014652
epoch:  11 batch:  0 region_loss:  10.0 10.0 loc_loss:  1.205817642211914 reward_loss:  -60.29088592529297
epoch:  11 batch:  10 region_loss:  10.0 10.0 loc_loss:  1.2455870056152343 reward_loss:  -62.27935028076172
epoch:  11 batch:  20 region_loss:  10.0 10.0 loc_loss:  1.0969525909423827 reward_loss:  -54.847625732421875
epoch:  11 batch:  30 region_loss:  10.0 10.0 loc_loss:  1.1877211761474609 reward_loss:  -59.38605880737305
epoch:  11 batch:  40 region_loss:  10.0 10.0 loc_loss:  1.2056871032714844 reward_loss:  -60.28437042236328
epoch:  11 batch:  50 region_loss:  10.0 10.0 loc_loss:  1.1832064819335937 reward_loss:  -59.16032409667969
epoch:  11 batch:  60 region_loss:  10.0 10.0 loc_loss:  1.1945333862304688 reward_loss:  -59.72666931152344
epoch:  11 batch:  70 region_loss:  10.0 10.0 loc_loss:  1.1397551727294921 reward_loss:  -56.987762451171875
epoch:  11 batch:  80 region_loss:  10.0 10.0 loc_loss:  1.2118546295166015 reward_loss:  -60.59273147583008
epoch:  11 batch:  90 region_loss:  6.0 6.0 loc_loss:  0.737952651977539 reward_loss:  -36.89762496948242
epoch:  11 batch:  100 region_loss:  8.0 8.0 loc_loss:  0.8993311309814453 reward_loss:  -44.966556549072266
epoch:  11 batch:  110 region_loss:  4.0 4.0 loc_loss:  0.5171402359008789 reward_loss:  -25.857011795043945
epoch:  11 batch:  120 region_loss:  5.0 5.0 loc_loss:  0.6023371505737305 reward_loss:  -30.11685562133789
epoch:  11 batch:  130 region_loss:  7.0 7.0 loc_loss:  0.8595547485351562 reward_loss:  -42.97774124145508
acc@1:  0.11759172154280338
epoch: 11 region loss 0.17051094890510948 loc loss 0.9813652575973176 reward loss -49.06826311654418
epoch:  12 batch:  0 region_loss:  10.0 10.0 loc_loss:  1.136767120361328 reward_loss:  -56.83834457397461
epoch:  12 batch:  10 region_loss:  10.0 10.0 loc_loss:  1.1789525604248048 reward_loss:  -58.9476318359375
epoch:  12 batch:  20 region_loss:  10.0 10.0 loc_loss:  1.0299352264404298 reward_loss:  -51.49674987792969
epoch:  12 batch:  30 region_loss:  10.0 10.0 loc_loss:  1.1160790252685546 reward_loss:  -55.8039665222168
epoch:  12 batch:  40 region_loss:  10.0 10.0 loc_loss:  1.1540099334716798 reward_loss:  -57.70050048828125
epoch:  12 batch:  50 region_loss:  10.0 10.0 loc_loss:  1.112667999267578 reward_loss:  -55.63353729248047
epoch:  12 batch:  60 region_loss:  10.0 10.0 loc_loss:  1.1332421875 reward_loss:  -56.66210174560547
epoch:  12 batch:  70 region_loss:  10.0 10.0 loc_loss:  1.0727222442626954 reward_loss:  -53.63612747192383
epoch:  12 batch:  80 region_loss:  10.0 10.0 loc_loss:  1.1564854431152343 reward_loss:  -57.824275970458984
epoch:  12 batch:  90 region_loss:  6.0 6.0 loc_loss:  0.7032907104492188 reward_loss:  -35.1645393371582
epoch:  12 batch:  100 region_loss:  8.0 8.0 loc_loss:  0.847197265625 reward_loss:  -42.35985565185547
epoch:  12 batch:  110 region_loss:  4.0 4.0 loc_loss:  0.4941688537597656 reward_loss:  -24.708436965942383
epoch:  12 batch:  120 region_loss:  5.0 5.0 loc_loss:  0.5707010650634765 reward_loss:  -28.535099029541016
epoch:  12 batch:  130 region_loss:  7.0 7.0 loc_loss:  0.8176399230957031 reward_loss:  -40.88199996948242
acc@1:  0.12699905926622765
epoch: 12 region loss 0.17051094890510948 loc loss 0.9277420294545863 reward loss -46.38709587598369
epoch:  13 batch:  0 region_loss:  10.0 10.0 loc_loss:  1.0711157989501954 reward_loss:  -53.5557861328125
epoch:  13 batch:  10 region_loss:  10.0 10.0 loc_loss:  1.1141826629638671 reward_loss:  -55.70913314819336
epoch:  13 batch:  20 region_loss:  10.0 10.0 loc_loss:  0.9678554534912109 reward_loss:  -48.39277267456055
epoch:  13 batch:  30 region_loss:  10.0 10.0 loc_loss:  1.0480244445800782 reward_loss:  -52.40121841430664
epoch:  13 batch:  40 region_loss:  10.0 10.0 loc_loss:  1.1039918518066407 reward_loss:  -55.199588775634766
epoch:  13 batch:  50 region_loss:  10.0 10.0 loc_loss:  1.0459486389160155 reward_loss:  -52.29743194580078
epoch:  13 batch:  60 region_loss:  10.0 10.0 loc_loss:  1.0750619506835937 reward_loss:  -53.75309371948242
epoch:  13 batch:  70 region_loss:  10.0 10.0 loc_loss:  1.0122137451171875 reward_loss:  -50.61068344116211
epoch:  13 batch:  80 region_loss:  10.0 10.0 loc_loss:  1.104184112548828 reward_loss:  -55.209205627441406
epoch:  13 batch:  90 region_loss:  6.0 6.0 loc_loss:  0.669976806640625 reward_loss:  -33.49903869628906
epoch:  13 batch:  100 region_loss:  8.0 8.0 loc_loss:  0.7992603302001953 reward_loss:  -39.9630241394043
epoch:  13 batch:  110 region_loss:  4.0 4.0 loc_loss:  0.4713884735107422 reward_loss:  -23.569419860839844
epoch:  13 batch:  120 region_loss:  5.0 5.0 loc_loss:  0.5404161071777344 reward_loss:  -27.02080535888672
epoch:  13 batch:  130 region_loss:  7.0 7.0 loc_loss:  0.777793960571289 reward_loss:  -38.88969802856445
acc@1:  0.13029162746942616
epoch: 13 region loss 0.17051094890510948 loc loss 0.8775974919674171 reward loss -43.87987490466041
epoch:  14 batch:  0 region_loss:  10.0 10.0 loc_loss:  1.0097138977050781 reward_loss:  -50.485694885253906
epoch:  14 batch:  10 region_loss:  10.0 10.0 loc_loss:  1.0521161651611328 reward_loss:  -52.605804443359375
epoch:  14 batch:  20 region_loss:  10.0 10.0 loc_loss:  0.9111068725585938 reward_loss:  -45.55533981323242
epoch:  14 batch:  30 region_loss:  10.0 10.0 loc_loss:  0.9854169464111329 reward_loss:  -49.27084732055664
epoch:  14 batch:  40 region_loss:  10.0 10.0 loc_loss:  1.0562532806396485 reward_loss:  -52.81267166137695
epoch:  14 batch:  50 region_loss:  10.0 10.0 loc_loss:  0.9836281585693359 reward_loss:  -49.18141174316406
epoch:  14 batch:  60 region_loss:  10.0 10.0 loc_loss:  1.0204933166503907 reward_loss:  -51.024662017822266
epoch:  14 batch:  70 region_loss:  10.0 10.0 loc_loss:  0.9577790069580078 reward_loss:  -47.888946533203125
epoch:  14 batch:  80 region_loss:  10.0 10.0 loc_loss:  1.0548073577880859 reward_loss:  -52.74037170410156
epoch:  14 batch:  90 region_loss:  6.0 6.0 loc_loss:  0.6382869720458985 reward_loss:  -31.914350509643555
epoch:  14 batch:  100 region_loss:  8.0 8.0 loc_loss:  0.7555551147460937 reward_loss:  -37.777748107910156
epoch:  14 batch:  110 region_loss:  4.0 4.0 loc_loss:  0.44911956787109375 reward_loss:  -22.455978393554688
epoch:  14 batch:  120 region_loss:  5.0 5.0 loc_loss:  0.5116484832763671 reward_loss:  -25.582427978515625
epoch:  14 batch:  130 region_loss:  7.0 7.0 loc_loss:  0.740105972290039 reward_loss:  -37.005306243896484
acc@1:  0.13076199435559738
epoch: 14 region loss 0.17051094890510948 loc loss 0.831188630988128 reward loss -41.559430185025626
epoch:  15 batch:  0 region_loss:  10.0 10.0 loc_loss:  0.9531903839111329 reward_loss:  -47.659523010253906
epoch:  15 batch:  10 region_loss:  10.0 10.0 loc_loss:  0.9939445495605469 reward_loss:  -49.69722366333008
epoch:  15 batch:  20 region_loss:  10.0 10.0 loc_loss:  0.8598866271972656 reward_loss:  -42.99432373046875
epoch:  15 batch:  30 region_loss:  10.0 10.0 loc_loss:  0.9289126586914063 reward_loss:  -46.44562530517578
epoch:  15 batch:  40 region_loss:  10.0 10.0 loc_loss:  1.0112664794921875 reward_loss:  -50.563323974609375
epoch:  15 batch:  50 region_loss:  10.0 10.0 loc_loss:  0.9264906311035156 reward_loss:  -46.32453155517578
epoch:  15 batch:  60 region_loss:  10.0 10.0 loc_loss:  0.9697282409667969 reward_loss:  -48.48641586303711
epoch:  15 batch:  70 region_loss:  10.0 10.0 loc_loss:  0.908555908203125 reward_loss:  -45.427791595458984
epoch:  15 batch:  80 region_loss:  10.0 10.0 loc_loss:  1.0081895446777345 reward_loss:  -50.40947341918945
epoch:  15 batch:  90 region_loss:  6.0 6.0 loc_loss:  0.6083769607543945 reward_loss:  -30.418842315673828
epoch:  15 batch:  100 region_loss:  8.0 8.0 loc_loss:  0.7158330535888672 reward_loss:  -35.791648864746094
epoch:  15 batch:  110 region_loss:  4.0 4.0 loc_loss:  0.42750015258789065 reward_loss:  -21.375009536743164
epoch:  15 batch:  120 region_loss:  5.0 5.0 loc_loss:  0.4843814468383789 reward_loss:  -24.219074249267578
epoch:  15 batch:  130 region_loss:  7.0 7.0 loc_loss:  0.7048043823242187 reward_loss:  -35.24021911621094
acc@1:  0.1354656632173095
epoch: 15 region loss 0.17051094890510948 loc loss 0.7885208745246386 reward loss -39.426043879376714
epoch:  16 batch:  0 region_loss:  10.0 10.0 loc_loss:  0.90144775390625 reward_loss:  -45.0723876953125
epoch:  16 batch:  10 region_loss:  10.0 10.0 loc_loss:  0.9400981903076172 reward_loss:  -47.004905700683594
epoch:  16 batch:  20 region_loss:  10.0 10.0 loc_loss:  0.8140389251708985 reward_loss:  -40.70194625854492
epoch:  16 batch:  30 region_loss:  10.0 10.0 loc_loss:  0.8783061218261718 reward_loss:  -43.91530227661133
epoch:  16 batch:  40 region_loss:  10.0 10.0 loc_loss:  0.9691730499267578 reward_loss:  -48.45865249633789
epoch:  16 batch:  50 region_loss:  10.0 10.0 loc_loss:  0.8749301147460937 reward_loss:  -43.74650573730469
epoch:  16 batch:  60 region_loss:  10.0 10.0 loc_loss:  0.9223442077636719 reward_loss:  -46.117210388183594
epoch:  16 batch:  70 region_loss:  10.0 10.0 loc_loss:  0.8637205505371094 reward_loss:  -43.1860237121582
epoch:  16 batch:  80 region_loss:  10.0 10.0 loc_loss:  0.9641645050048828 reward_loss:  -48.20822525024414
epoch:  16 batch:  90 region_loss:  6.0 6.0 loc_loss:  0.5802376556396485 reward_loss:  -29.011882781982422
epoch:  16 batch:  100 region_loss:  8.0 8.0 loc_loss:  0.6797689819335937 reward_loss:  -33.98844909667969
epoch:  16 batch:  110 region_loss:  4.0 4.0 loc_loss:  0.4067092514038086 reward_loss:  -20.33546257019043
epoch:  16 batch:  120 region_loss:  5.0 5.0 loc_loss:  0.45852386474609375 reward_loss:  -22.926191329956055
epoch:  16 batch:  130 region_loss:  7.0 7.0 loc_loss:  0.6719280242919922 reward_loss:  -33.59640121459961
acc@1:  0.13922859830667922
epoch: 16 region loss 0.17051094890510948 loc loss 0.7493834733614956 reward loss -37.46917162150362
epoch:  17 batch:  0 region_loss:  10.0 10.0 loc_loss:  0.8541149139404297 reward_loss:  -42.705745697021484
epoch:  17 batch:  10 region_loss:  10.0 10.0 loc_loss:  0.8909051513671875 reward_loss:  -44.54526138305664
epoch:  17 batch:  20 region_loss:  10.0 10.0 loc_loss:  0.7731497955322265 reward_loss:  -38.65748977661133
epoch:  17 batch:  30 region_loss:  10.0 10.0 loc_loss:  0.8326073455810546 reward_loss:  -41.630367279052734
epoch:  17 batch:  40 region_loss:  10.0 10.0 loc_loss:  0.9298876953125 reward_loss:  -46.494388580322266
epoch:  17 batch:  50 region_loss:  10.0 10.0 loc_loss:  0.8285630035400391 reward_loss:  -41.42815017700195
epoch:  17 batch:  60 region_loss:  10.0 10.0 loc_loss:  0.8779288482666016 reward_loss:  -43.89643859863281
epoch:  17 batch:  70 region_loss:  10.0 10.0 loc_loss:  0.8225436401367188 reward_loss:  -41.12717819213867
epoch:  17 batch:  80 region_loss:  10.0 10.0 loc_loss:  0.9225009155273437 reward_loss:  -46.12504577636719
epoch:  17 batch:  90 region_loss:  6.0 6.0 loc_loss:  0.5536745071411133 reward_loss:  -27.68372344970703
epoch:  17 batch:  100 region_loss:  8.0 8.0 loc_loss:  0.6468988037109376 reward_loss:  -32.344940185546875
epoch:  17 batch:  110 region_loss:  4.0 4.0 loc_loss:  0.3868186569213867 reward_loss:  -19.3409366607666
epoch:  17 batch:  120 region_loss:  5.0 5.0 loc_loss:  0.4340498733520508 reward_loss:  -21.702491760253906
epoch:  17 batch:  130 region_loss:  7.0 7.0 loc_loss:  0.6413121032714844 reward_loss:  -32.06560516357422
acc@1:  0.14111006585136407
epoch: 17 region loss 0.17051094890510948 loc loss 0.7134448657070633 reward loss -35.67224210196168
epoch:  18 batch:  0 region_loss:  10.0 10.0 loc_loss:  0.8104714202880859 reward_loss:  -40.5235710144043
epoch:  18 batch:  10 region_loss:  10.0 10.0 loc_loss:  0.84597900390625 reward_loss:  -42.298946380615234
epoch:  18 batch:  20 region_loss:  10.0 10.0 loc_loss:  0.7365029907226562 reward_loss:  -36.82514953613281
epoch:  18 batch:  30 region_loss:  10.0 10.0 loc_loss:  0.7909207153320312 reward_loss:  -39.54603576660156
epoch:  18 batch:  40 region_loss:  10.0 10.0 loc_loss:  0.893278579711914 reward_loss:  -44.6639289855957
epoch:  18 batch:  50 region_loss:  10.0 10.0 loc_loss:  0.786756591796875 reward_loss:  -39.33782958984375
epoch:  18 batch:  60 region_loss:  10.0 10.0 loc_loss:  0.8360052490234375 reward_loss:  -41.800262451171875
epoch:  18 batch:  70 region_loss:  10.0 10.0 loc_loss:  0.7845623016357421 reward_loss:  -39.22812271118164
epoch:  18 batch:  80 region_loss:  10.0 10.0 loc_loss:  0.8829000854492187 reward_loss:  -44.14500427246094
epoch:  18 batch:  90 region_loss:  6.0 6.0 loc_loss:  0.5285106277465821 reward_loss:  -26.42552947998047
epoch:  18 batch:  100 region_loss:  8.0 8.0 loc_loss:  0.6165053939819336 reward_loss:  -30.825267791748047
epoch:  18 batch:  110 region_loss:  4.0 4.0 loc_loss:  0.3677891540527344 reward_loss:  -18.38945770263672
epoch:  18 batch:  120 region_loss:  5.0 5.0 loc_loss:  0.41091854095458985 reward_loss:  -20.545928955078125
epoch:  18 batch:  130 region_loss:  7.0 7.0 loc_loss:  0.6126375579833985 reward_loss:  -30.631874084472656
acc@1:  0.14393226716839136
epoch: 18 region loss 0.17051094890510948 loc loss 0.6802941618870645 reward loss -34.01470753746311
epoch:  19 batch:  0 region_loss:  10.0 10.0 loc_loss:  0.7699536895751953 reward_loss:  -38.4976806640625
epoch:  19 batch:  10 region_loss:  10.0 10.0 loc_loss:  0.8049745178222656 reward_loss:  -40.24872589111328
epoch:  19 batch:  20 region_loss:  10.0 10.0 loc_loss:  0.7033787536621093 reward_loss:  -35.16893768310547
epoch:  19 batch:  30 region_loss:  10.0 10.0 loc_loss:  0.7525767517089844 reward_loss:  -37.62883377075195
epoch:  19 batch:  40 region_loss:  10.0 10.0 loc_loss:  0.8590578460693359 reward_loss:  -42.95288848876953
epoch:  19 batch:  50 region_loss:  10.0 10.0 loc_loss:  0.748894271850586 reward_loss:  -37.4447135925293
epoch:  19 batch:  60 region_loss:  10.0 10.0 loc_loss:  0.7964716339111328 reward_loss:  -39.823577880859375
epoch:  19 batch:  70 region_loss:  10.0 10.0 loc_loss:  0.7492858123779297 reward_loss:  -37.46428680419922
epoch:  19 batch:  80 region_loss:  10.0 10.0 loc_loss:  0.8452889251708985 reward_loss:  -42.26444625854492
epoch:  19 batch:  90 region_loss:  6.0 6.0 loc_loss:  0.5046371078491211 reward_loss:  -25.231853485107422
epoch:  19 batch:  100 region_loss:  8.0 8.0 loc_loss:  0.5883334350585937 reward_loss:  -29.416669845581055
epoch:  19 batch:  110 region_loss:  4.0 4.0 loc_loss:  0.34969879150390626 reward_loss:  -17.48493766784668
epoch:  19 batch:  120 region_loss:  5.0 5.0 loc_loss:  0.38904533386230467 reward_loss:  -19.45226287841797
epoch:  19 batch:  130 region_loss:  7.0 7.0 loc_loss:  0.5856082153320312 reward_loss:  -29.280405044555664
acc@1:  0.14346190028222014
epoch: 19 region loss 0.17051094890510948 loc loss 0.6495333905463672 reward loss -32.4766691166119
epoch:  20 batch:  0 region_loss:  10.0 10.0 loc_loss:  0.7320581817626953 reward_loss:  -36.602909088134766
epoch:  20 batch:  10 region_loss:  10.0 10.0 loc_loss:  0.7672917175292969 reward_loss:  -38.364585876464844
epoch:  20 batch:  20 region_loss:  10.0 10.0 loc_loss:  0.6732613372802735 reward_loss:  -33.66306686401367
epoch:  20 batch:  30 region_loss:  10.0 10.0 loc_loss:  0.7170654296875 reward_loss:  -35.853271484375
epoch:  20 batch:  40 region_loss:  10.0 10.0 loc_loss:  0.8267793273925781 reward_loss:  -41.338951110839844
epoch:  20 batch:  50 region_loss:  10.0 10.0 loc_loss:  0.7141435241699219 reward_loss:  -35.70718002319336
epoch:  20 batch:  60 region_loss:  10.0 10.0 loc_loss:  0.7589167022705078 reward_loss:  -37.94583511352539
epoch:  20 batch:  70 region_loss:  10.0 10.0 loc_loss:  0.7163904571533203 reward_loss:  -35.819522857666016
epoch:  20 batch:  80 region_loss:  10.0 10.0 loc_loss:  0.8092662811279296 reward_loss:  -40.463348388671875
epoch:  20 batch:  90 region_loss:  6.0 6.0 loc_loss:  0.4819659423828125 reward_loss:  -24.098295211791992
epoch:  20 batch:  100 region_loss:  8.0 8.0 loc_loss:  0.5618593215942382 reward_loss:  -28.092967987060547
epoch:  20 batch:  110 region_loss:  4.0 4.0 loc_loss:  0.33243148803710937 reward_loss:  -16.62157440185547
epoch:  20 batch:  120 region_loss:  5.0 5.0 loc_loss:  0.3683491897583008 reward_loss:  -18.417457580566406
epoch:  20 batch:  130 region_loss:  7.0 7.0 loc_loss:  0.5599440002441406 reward_loss:  -27.997201919555664
acc@1:  0.138758231420508
epoch: 20 region loss 0.17051094890510948 loc loss 0.620796446695815 reward loss -31.039822077229076
epoch:  21 batch:  0 region_loss:  10.0 10.0 loc_loss:  0.6965363311767578 reward_loss:  -34.82680892944336
epoch:  21 batch:  10 region_loss:  10.0 10.0 loc_loss:  0.7324351501464844 reward_loss:  -36.62175750732422
epoch:  21 batch:  20 region_loss:  10.0 10.0 loc_loss:  0.6455953979492187 reward_loss:  -32.27976989746094
epoch:  21 batch:  30 region_loss:  10.0 10.0 loc_loss:  0.6839095306396484 reward_loss:  -34.19547653198242
epoch:  21 batch:  40 region_loss:  10.0 10.0 loc_loss:  0.7960553741455079 reward_loss:  -39.80276870727539
epoch:  21 batch:  50 region_loss:  10.0 10.0 loc_loss:  0.6819918823242187 reward_loss:  -34.09959411621094
epoch:  21 batch:  60 region_loss:  10.0 10.0 loc_loss:  0.7233511352539063 reward_loss:  -36.16755676269531
epoch:  21 batch:  70 region_loss:  10.0 10.0 loc_loss:  0.6853981018066406 reward_loss:  -34.2699089050293
epoch:  21 batch:  80 region_loss:  10.0 10.0 loc_loss:  0.7748301696777343 reward_loss:  -38.74150848388672
epoch:  21 batch:  90 region_loss:  6.0 6.0 loc_loss:  0.46028675079345704 reward_loss:  -23.014333724975586
epoch:  21 batch:  100 region_loss:  8.0 8.0 loc_loss:  0.5367912292480469 reward_loss:  -26.839563369750977
epoch:  21 batch:  110 region_loss:  4.0 4.0 loc_loss:  0.3159104156494141 reward_loss:  -15.795520782470703
epoch:  21 batch:  120 region_loss:  5.0 5.0 loc_loss:  0.3487557601928711 reward_loss:  -17.437788009643555
epoch:  21 batch:  130 region_loss:  7.0 7.0 loc_loss:  0.5354775619506836 reward_loss:  -26.773874282836914
acc@1:  0.13734713076199437
epoch: 21 region loss 0.17051094890510948 loc loss 0.593776938027709 reward loss -29.688847472197818
epoch:  22 batch:  0 region_loss:  10.0 10.0 loc_loss:  0.6630472564697265 reward_loss:  -33.15236282348633
epoch:  22 batch:  10 region_loss:  10.0 10.0 loc_loss:  0.6998813629150391 reward_loss:  -34.99406433105469
epoch:  22 batch:  20 region_loss:  10.0 10.0 loc_loss:  0.6196051788330078 reward_loss:  -30.98025894165039
epoch:  22 batch:  30 region_loss:  10.0 10.0 loc_loss:  0.6528345489501953 reward_loss:  -32.6417236328125
epoch:  22 batch:  40 region_loss:  10.0 10.0 loc_loss:  0.7665503692626953 reward_loss:  -38.3275146484375
epoch:  22 batch:  50 region_loss:  10.0 10.0 loc_loss:  0.6519436645507812 reward_loss:  -32.59718322753906
epoch:  22 batch:  60 region_loss:  10.0 10.0 loc_loss:  0.6895172119140625 reward_loss:  -34.475860595703125
epoch:  22 batch:  70 region_loss:  10.0 10.0 loc_loss:  0.6561925506591797 reward_loss:  -32.80963134765625
epoch:  22 batch:  80 region_loss:  10.0 10.0 loc_loss:  0.7418359375 reward_loss:  -37.091796875
epoch:  22 batch:  90 region_loss:  6.0 6.0 loc_loss:  0.43953155517578124 reward_loss:  -21.976579666137695
epoch:  22 batch:  100 region_loss:  8.0 8.0 loc_loss:  0.5129387283325195 reward_loss:  -25.646936416625977
epoch:  22 batch:  110 region_loss:  4.0 4.0 loc_loss:  0.30009639739990235 reward_loss:  -15.004819869995117
epoch:  22 batch:  120 region_loss:  5.0 5.0 loc_loss:  0.3303072738647461 reward_loss:  -16.515357971191406
epoch:  22 batch:  130 region_loss:  7.0 7.0 loc_loss:  0.5120042419433594 reward_loss:  -25.60021209716797
acc@1:  0.13781749764816556
epoch: 22 region loss 0.17051094890510948 loc loss 0.5682207399911254 reward loss -28.411036341729826
epoch:  23 batch:  0 region_loss:  10.0 10.0 loc_loss:  0.63142333984375 reward_loss:  -31.5711669921875
epoch:  23 batch:  10 region_loss:  10.0 10.0 loc_loss:  0.6694232177734375 reward_loss:  -33.471160888671875
epoch:  23 batch:  20 region_loss:  10.0 10.0 loc_loss:  0.5953906631469726 reward_loss:  -29.769533157348633
epoch:  23 batch:  30 region_loss:  10.0 10.0 loc_loss:  0.6234744644165039 reward_loss:  -31.173725128173828
epoch:  23 batch:  40 region_loss:  10.0 10.0 loc_loss:  0.7380142211914062 reward_loss:  -36.90070724487305
epoch:  23 batch:  50 region_loss:  10.0 10.0 loc_loss:  0.6237636566162109 reward_loss:  -31.188182830810547
epoch:  23 batch:  60 region_loss:  10.0 10.0 loc_loss:  0.6574141693115234 reward_loss:  -32.870704650878906
epoch:  23 batch:  70 region_loss:  10.0 10.0 loc_loss:  0.6285417556762696 reward_loss:  -31.42708969116211
epoch:  23 batch:  80 region_loss:  10.0 10.0 loc_loss:  0.7100516510009766 reward_loss:  -35.502586364746094
epoch:  23 batch:  90 region_loss:  6.0 6.0 loc_loss:  0.4195370864868164 reward_loss:  -20.976852416992188
epoch:  23 batch:  100 region_loss:  8.0 8.0 loc_loss:  0.4900857925415039 reward_loss:  -24.504289627075195
epoch:  23 batch:  110 region_loss:  4.0 4.0 loc_loss:  0.2849479866027832 reward_loss:  -14.247400283813477
epoch:  23 batch:  120 region_loss:  5.0 5.0 loc_loss:  0.31286376953125 reward_loss:  -15.643187522888184
epoch:  23 batch:  130 region_loss:  7.0 7.0 loc_loss:  0.4894261932373047 reward_loss:  -24.4713077545166
acc@1:  0.1359360301034807
epoch: 23 region loss 0.17051094890510948 loc loss 0.5439329726504583 reward loss -27.19664822181646
epoch:  24 batch:  0 region_loss:  10.0 10.0 loc_loss:  0.6014517974853516 reward_loss:  -30.072589874267578
epoch:  24 batch:  10 region_loss:  10.0 10.0 loc_loss:  0.6405236053466797 reward_loss:  -32.02617645263672
epoch:  24 batch:  20 region_loss:  10.0 10.0 loc_loss:  0.5724554443359375 reward_loss:  -28.622772216796875
epoch:  24 batch:  30 region_loss:  10.0 10.0 loc_loss:  0.5956287002563476 reward_loss:  -29.781435012817383
epoch:  24 batch:  40 region_loss:  10.0 10.0 loc_loss:  0.7104151153564453 reward_loss:  -35.520755767822266
epoch:  24 batch:  50 region_loss:  10.0 10.0 loc_loss:  0.5970268249511719 reward_loss:  -29.851341247558594
epoch:  24 batch:  60 region_loss:  10.0 10.0 loc_loss:  0.6269563293457031 reward_loss:  -31.347814559936523
epoch:  24 batch:  70 region_loss:  10.0 10.0 loc_loss:  0.6021957397460938 reward_loss:  -30.109786987304688
epoch:  24 batch:  80 region_loss:  10.0 10.0 loc_loss:  0.67937255859375 reward_loss:  -33.968624114990234
epoch:  24 batch:  90 region_loss:  6.0 6.0 loc_loss:  0.40028987884521483 reward_loss:  -20.014493942260742
epoch:  24 batch:  100 region_loss:  8.0 8.0 loc_loss:  0.46815372467041017 reward_loss:  -23.40768814086914
epoch:  24 batch:  110 region_loss:  4.0 4.0 loc_loss:  0.27041555404663087 reward_loss:  -13.52077579498291
epoch:  24 batch:  120 region_loss:  5.0 5.0 loc_loss:  0.29637502670288085 reward_loss:  -14.818751335144043
epoch:  24 batch:  130 region_loss:  7.0 7.0 loc_loss:  0.4676958465576172 reward_loss:  -23.384790420532227
acc@1:  0.13264346190028223
epoch: 24 region loss 0.17051094890510948 loc loss 0.5207481747648142 reward loss -26.037408003841872
epoch:  25 batch:  0 region_loss:  10.0 10.0 loc_loss:  0.572900390625 reward_loss:  -28.645017623901367
epoch:  25 batch:  10 region_loss:  10.0 10.0 loc_loss:  0.6131125640869141 reward_loss:  -30.655630111694336
epoch:  25 batch:  20 region_loss:  10.0 10.0 loc_loss:  0.5505862045288086 reward_loss:  -27.529308319091797
epoch:  25 batch:  30 region_loss:  10.0 10.0 loc_loss:  0.5691288375854492 reward_loss:  -28.456443786621094
epoch:  25 batch:  40 region_loss:  10.0 10.0 loc_loss:  0.6835483551025391 reward_loss:  -34.17741775512695
epoch:  25 batch:  50 region_loss:  10.0 10.0 loc_loss:  0.5716838073730469 reward_loss:  -28.58418846130371
epoch:  25 batch:  60 region_loss:  10.0 10.0 loc_loss:  0.5978716278076172 reward_loss:  -29.893579483032227
epoch:  25 batch:  70 region_loss:  10.0 10.0 loc_loss:  0.5771460723876953 reward_loss:  -28.857303619384766
epoch:  25 batch:  80 region_loss:  10.0 10.0 loc_loss:  0.6496973419189453 reward_loss:  -32.484867095947266
epoch:  25 batch:  90 region_loss:  6.0 6.0 loc_loss:  0.3816420364379883 reward_loss:  -19.082103729248047
epoch:  25 batch:  100 region_loss:  8.0 8.0 loc_loss:  0.4470386505126953 reward_loss:  -22.3519344329834
epoch:  25 batch:  110 region_loss:  4.0 4.0 loc_loss:  0.2563882637023926 reward_loss:  -12.819414138793945
epoch:  25 batch:  120 region_loss:  5.0 5.0 loc_loss:  0.28076087951660156 reward_loss:  -14.038043975830078
epoch:  25 batch:  130 region_loss:  7.0 7.0 loc_loss:  0.44669498443603517 reward_loss:  -22.334749221801758
