nohup: ignoring input
cuda
epoch:  0 batch:  0 region_loss:  10.0 10.0 loc_loss:  1.9834562683105468 reward_loss:  -99.17291259765625
epoch:  0 batch:  10 region_loss:  10.0 10.0 loc_loss:  1.9836666870117188 reward_loss:  -99.18345642089844
epoch:  0 batch:  20 region_loss:  10.0 10.0 loc_loss:  1.9822061157226563 reward_loss:  -99.10981750488281
epoch:  0 batch:  30 region_loss:  10.0 10.0 loc_loss:  1.982344970703125 reward_loss:  -99.11695098876953
epoch:  0 batch:  40 region_loss:  10.0 10.0 loc_loss:  1.989605712890625 reward_loss:  -99.47982788085938
epoch:  0 batch:  50 region_loss:  10.0 10.0 loc_loss:  1.9897178649902343 reward_loss:  -99.48643493652344
epoch:  0 batch:  60 region_loss:  10.0 10.0 loc_loss:  1.9848985290527343 reward_loss:  -99.24501037597656
epoch:  0 batch:  70 region_loss:  10.0 10.0 loc_loss:  1.9755943298339844 reward_loss:  -98.77975463867188
epoch:  0 batch:  80 region_loss:  10.0 10.0 loc_loss:  1.9857257080078126 reward_loss:  -99.28570556640625
epoch:  0 batch:  90 region_loss:  6.0 6.0 loc_loss:  1.184950180053711 reward_loss:  -59.24774169921875
epoch:  0 batch:  100 region_loss:  8.0 8.0 loc_loss:  1.5724174499511718 reward_loss:  -78.62156677246094
epoch:  0 batch:  110 region_loss:  4.0 4.0 loc_loss:  0.7894499969482421 reward_loss:  -39.4723014831543
epoch:  0 batch:  120 region_loss:  5.0 5.0 loc_loss:  0.9816603088378906 reward_loss:  -49.083248138427734
epoch:  0 batch:  130 region_loss:  7.0 7.0 loc_loss:  1.3750448608398438 reward_loss:  -68.75225830078125
acc@1:  0.0070555032925682035
epoch: 0 region loss 0.17051094890510948 loc loss 1.687271623820284 reward loss -84.3636350144435
epoch:  1 batch:  0 region_loss:  10.0 10.0 loc_loss:  1.9127708435058595 reward_loss:  -95.63947296142578
epoch:  1 batch:  10 region_loss:  10.0 10.0 loc_loss:  1.9348965454101563 reward_loss:  -96.744873046875
epoch:  1 batch:  20 region_loss:  10.0 10.0 loc_loss:  1.924149932861328 reward_loss:  -96.20751190185547
epoch:  1 batch:  30 region_loss:  10.0 10.0 loc_loss:  1.9307647705078126 reward_loss:  -96.5380630493164
epoch:  1 batch:  40 region_loss:  10.0 10.0 loc_loss:  1.937086181640625 reward_loss:  -96.85464477539062
epoch:  1 batch:  50 region_loss:  10.0 10.0 loc_loss:  1.9272415161132812 reward_loss:  -96.36186218261719
epoch:  1 batch:  60 region_loss:  10.0 10.0 loc_loss:  1.9137077331542969 reward_loss:  -95.6856689453125
epoch:  1 batch:  70 region_loss:  10.0 10.0 loc_loss:  1.8947453308105469 reward_loss:  -94.73741912841797
epoch:  1 batch:  80 region_loss:  10.0 10.0 loc_loss:  1.8989430236816407 reward_loss:  -94.9469985961914
epoch:  1 batch:  90 region_loss:  6.0 6.0 loc_loss:  1.1246050262451173 reward_loss:  -56.230064392089844
epoch:  1 batch:  100 region_loss:  8.0 8.0 loc_loss:  1.4737255859375 reward_loss:  -73.68602752685547
epoch:  1 batch:  110 region_loss:  4.0 4.0 loc_loss:  0.7471078491210937 reward_loss:  -37.355167388916016
epoch:  1 batch:  120 region_loss:  5.0 5.0 loc_loss:  0.9192827606201172 reward_loss:  -45.964412689208984
epoch:  1 batch:  130 region_loss:  7.0 7.0 loc_loss:  1.270634994506836 reward_loss:  -63.531280517578125
acc@1:  0.027281279397930385
epoch: 1 region loss 0.17051094890510948 loc loss 1.6159746323188724 reward loss -80.79873275756836
epoch:  2 batch:  0 region_loss:  10.0 10.0 loc_loss:  1.7403018188476562 reward_loss:  -87.01605987548828
epoch:  2 batch:  10 region_loss:  10.0 10.0 loc_loss:  1.7525308227539063 reward_loss:  -87.62598419189453
epoch:  2 batch:  20 region_loss:  10.0 10.0 loc_loss:  1.749292755126953 reward_loss:  -87.4649429321289
epoch:  2 batch:  30 region_loss:  10.0 10.0 loc_loss:  1.775093536376953 reward_loss:  -88.7549819946289
epoch:  2 batch:  40 region_loss:  10.0 10.0 loc_loss:  1.7638130187988281 reward_loss:  -88.19044494628906
epoch:  2 batch:  50 region_loss:  10.0 10.0 loc_loss:  1.77773681640625 reward_loss:  -88.8869857788086
epoch:  2 batch:  60 region_loss:  10.0 10.0 loc_loss:  1.7541676330566407 reward_loss:  -87.70816802978516
epoch:  2 batch:  70 region_loss:  10.0 10.0 loc_loss:  1.7466729736328126 reward_loss:  -87.33385467529297
epoch:  2 batch:  80 region_loss:  10.0 10.0 loc_loss:  1.7396356201171874 reward_loss:  -86.98146057128906
epoch:  2 batch:  90 region_loss:  6.0 6.0 loc_loss:  1.0413729858398437 reward_loss:  -52.06852722167969
epoch:  2 batch:  100 region_loss:  8.0 8.0 loc_loss:  1.3723030090332031 reward_loss:  -68.61534881591797
epoch:  2 batch:  110 region_loss:  4.0 4.0 loc_loss:  0.7033412170410156 reward_loss:  -35.16691970825195
epoch:  2 batch:  120 region_loss:  5.0 5.0 loc_loss:  0.8691323852539062 reward_loss:  -43.45706558227539
epoch:  2 batch:  130 region_loss:  7.0 7.0 loc_loss:  1.2044345092773439 reward_loss:  -60.221717834472656
acc@1:  0.03386641580432737
epoch: 2 region loss 0.17051094890510948 loc loss 1.4810211560325903 reward loss -74.05107729278342
epoch:  3 batch:  0 region_loss:  10.0 10.0 loc_loss:  1.6774525451660156 reward_loss:  -83.87244415283203
epoch:  3 batch:  10 region_loss:  10.0 10.0 loc_loss:  1.6729087829589844 reward_loss:  -83.64508056640625
epoch:  3 batch:  20 region_loss:  10.0 10.0 loc_loss:  1.6490353393554686 reward_loss:  -82.4510269165039
epoch:  3 batch:  30 region_loss:  10.0 10.0 loc_loss:  1.6981913757324218 reward_loss:  -84.90946960449219
epoch:  3 batch:  40 region_loss:  10.0 10.0 loc_loss:  1.6761453247070313 reward_loss:  -83.80764770507812
epoch:  3 batch:  50 region_loss:  10.0 10.0 loc_loss:  1.707069854736328 reward_loss:  -85.3542251586914
epoch:  3 batch:  60 region_loss:  10.0 10.0 loc_loss:  1.68234375 reward_loss:  -84.1172866821289
epoch:  3 batch:  70 region_loss:  10.0 10.0 loc_loss:  1.6731158447265626 reward_loss:  -83.65666198730469
epoch:  3 batch:  80 region_loss:  10.0 10.0 loc_loss:  1.6741815185546876 reward_loss:  -83.70856475830078
epoch:  3 batch:  90 region_loss:  6.0 6.0 loc_loss:  1.0056665802001954 reward_loss:  -50.283504486083984
epoch:  3 batch:  100 region_loss:  8.0 8.0 loc_loss:  1.322996826171875 reward_loss:  -66.15034484863281
epoch:  3 batch:  110 region_loss:  4.0 4.0 loc_loss:  0.6810519409179687 reward_loss:  -34.053260803222656
epoch:  3 batch:  120 region_loss:  5.0 5.0 loc_loss:  0.8414716339111328 reward_loss:  -42.072574615478516
epoch:  3 batch:  130 region_loss:  7.0 7.0 loc_loss:  1.1695012664794922 reward_loss:  -58.4750862121582
acc@1:  0.040921919096895576
epoch: 3 region loss 0.17051094890510948 loc loss 1.4154703126336536 reward loss -70.7734992869579
epoch:  4 batch:  0 region_loss:  10.0 10.0 loc_loss:  1.631505889892578 reward_loss:  -81.57603454589844
epoch:  4 batch:  10 region_loss:  10.0 10.0 loc_loss:  1.6265011596679688 reward_loss:  -81.32478332519531
epoch:  4 batch:  20 region_loss:  10.0 10.0 loc_loss:  1.5789297485351563 reward_loss:  -78.94715881347656
epoch:  4 batch:  30 region_loss:  10.0 10.0 loc_loss:  1.6424644470214844 reward_loss:  -82.12238311767578
epoch:  4 batch:  40 region_loss:  10.0 10.0 loc_loss:  1.617850341796875 reward_loss:  -80.89283752441406
epoch:  4 batch:  50 region_loss:  10.0 10.0 loc_loss:  1.6487031555175782 reward_loss:  -82.43549346923828
epoch:  4 batch:  60 region_loss:  10.0 10.0 loc_loss:  1.6264857482910156 reward_loss:  -81.32398986816406
epoch:  4 batch:  70 region_loss:  10.0 10.0 loc_loss:  1.6128868103027343 reward_loss:  -80.64459991455078
epoch:  4 batch:  80 region_loss:  10.0 10.0 loc_loss:  1.6211245727539063 reward_loss:  -81.05653381347656
epoch:  4 batch:  90 region_loss:  6.0 6.0 loc_loss:  0.9749543762207031 reward_loss:  -48.747833251953125
epoch:  4 batch:  100 region_loss:  8.0 8.0 loc_loss:  1.278267364501953 reward_loss:  -63.91309356689453
epoch:  4 batch:  110 region_loss:  4.0 4.0 loc_loss:  0.6621000671386719 reward_loss:  -33.10490036010742
epoch:  4 batch:  120 region_loss:  5.0 5.0 loc_loss:  0.8150466918945313 reward_loss:  -40.751991271972656
epoch:  4 batch:  130 region_loss:  7.0 7.0 loc_loss:  1.1354064178466796 reward_loss:  -56.77036666870117
acc@1:  0.04656632173095014
epoch: 4 region loss 0.17051094890510948 loc loss 1.3650390056972086 reward loss -68.25200703196282
epoch:  5 batch:  0 region_loss:  10.0 10.0 loc_loss:  1.5824415588378906 reward_loss:  -79.1224136352539
epoch:  5 batch:  10 region_loss:  10.0 10.0 loc_loss:  1.5805586242675782 reward_loss:  -79.02816009521484
epoch:  5 batch:  20 region_loss:  10.0 10.0 loc_loss:  1.5107937622070313 reward_loss:  -75.53947448730469
epoch:  5 batch:  30 region_loss:  10.0 10.0 loc_loss:  1.5868414306640626 reward_loss:  -79.34283447265625
epoch:  5 batch:  40 region_loss:  10.0 10.0 loc_loss:  1.564070587158203 reward_loss:  -78.2036361694336
epoch:  5 batch:  50 region_loss:  10.0 10.0 loc_loss:  1.5902328491210938 reward_loss:  -79.51117706298828
epoch:  5 batch:  60 region_loss:  10.0 10.0 loc_loss:  1.5710801696777343 reward_loss:  -78.55419921875
epoch:  5 batch:  70 region_loss:  10.0 10.0 loc_loss:  1.553082275390625 reward_loss:  -77.65422058105469
epoch:  5 batch:  80 region_loss:  10.0 10.0 loc_loss:  1.5689552307128907 reward_loss:  -78.44782257080078
epoch:  5 batch:  90 region_loss:  6.0 6.0 loc_loss:  0.9440994262695312 reward_loss:  -47.204898834228516
epoch:  5 batch:  100 region_loss:  8.0 8.0 loc_loss:  1.2314720153808594 reward_loss:  -61.573516845703125
epoch:  5 batch:  110 region_loss:  4.0 4.0 loc_loss:  0.6436348724365234 reward_loss:  -32.181766510009766
epoch:  5 batch:  120 region_loss:  5.0 5.0 loc_loss:  0.787689208984375 reward_loss:  -39.384315490722656
epoch:  5 batch:  130 region_loss:  7.0 7.0 loc_loss:  1.0995738220214843 reward_loss:  -54.978675842285156
acc@1:  0.05879586077140169
epoch: 5 region loss 0.17051094890510948 loc loss 1.3148871490033003 reward loss -65.74439182420717
epoch:  6 batch:  0 region_loss:  10.0 10.0 loc_loss:  1.5278395080566407 reward_loss:  -76.39198303222656
epoch:  6 batch:  10 region_loss:  10.0 10.0 loc_loss:  1.529730987548828 reward_loss:  -76.48643493652344
epoch:  6 batch:  20 region_loss:  10.0 10.0 loc_loss:  1.4395089721679688 reward_loss:  -71.97498321533203
epoch:  6 batch:  30 region_loss:  10.0 10.0 loc_loss:  1.5276341247558594 reward_loss:  -76.38143920898438
epoch:  6 batch:  40 region_loss:  10.0 10.0 loc_loss:  1.509256591796875 reward_loss:  -75.46284484863281
epoch:  6 batch:  50 region_loss:  10.0 10.0 loc_loss:  1.5285433959960937 reward_loss:  -76.42713928222656
epoch:  6 batch:  60 region_loss:  10.0 10.0 loc_loss:  1.512442626953125 reward_loss:  -75.6219253540039
epoch:  6 batch:  70 region_loss:  10.0 10.0 loc_loss:  1.4896759033203124 reward_loss:  -74.48377990722656
epoch:  6 batch:  80 region_loss:  10.0 10.0 loc_loss:  1.513983917236328 reward_loss:  -75.69928741455078
epoch:  6 batch:  90 region_loss:  6.0 6.0 loc_loss:  0.9116677856445312 reward_loss:  -45.58356857299805
epoch:  6 batch:  100 region_loss:  8.0 8.0 loc_loss:  1.180607223510742 reward_loss:  -59.030433654785156
epoch:  6 batch:  110 region_loss:  4.0 4.0 loc_loss:  0.6245057678222656 reward_loss:  -31.22532844543457
epoch:  6 batch:  120 region_loss:  5.0 5.0 loc_loss:  0.7584348297119141 reward_loss:  -37.92174530029297
epoch:  6 batch:  130 region_loss:  7.0 7.0 loc_loss:  1.0611117553710938 reward_loss:  -53.05560302734375
acc@1:  0.07384760112888053
epoch: 6 region loss 0.17051094890510948 loc loss 1.2619572674270965 reward loss -63.097842557586894
epoch:  7 batch:  0 region_loss:  10.0 10.0 loc_loss:  1.4670603942871094 reward_loss:  -73.35276794433594
epoch:  7 batch:  10 region_loss:  10.0 10.0 loc_loss:  1.472696533203125 reward_loss:  -73.63481903076172
epoch:  7 batch:  20 region_loss:  10.0 10.0 loc_loss:  1.365623779296875 reward_loss:  -68.28118133544922
epoch:  7 batch:  30 region_loss:  10.0 10.0 loc_loss:  1.4638160705566405 reward_loss:  -73.19080352783203
epoch:  7 batch:  40 region_loss:  10.0 10.0 loc_loss:  1.4523631286621095 reward_loss:  -72.6181411743164
epoch:  7 batch:  50 region_loss:  10.0 10.0 loc_loss:  1.4614675903320313 reward_loss:  -73.07340240478516
epoch:  7 batch:  60 region_loss:  10.0 10.0 loc_loss:  1.4501275634765625 reward_loss:  -72.5063705444336
epoch:  7 batch:  70 region_loss:  10.0 10.0 loc_loss:  1.4219541931152344 reward_loss:  -71.09770202636719
epoch:  7 batch:  80 region_loss:  10.0 10.0 loc_loss:  1.4554954528808595 reward_loss:  -72.77452087402344
epoch:  7 batch:  90 region_loss:  6.0 6.0 loc_loss:  0.8777882385253907 reward_loss:  -43.889373779296875
epoch:  7 batch:  100 region_loss:  8.0 8.0 loc_loss:  1.1254852294921875 reward_loss:  -56.273468017578125
epoch:  7 batch:  110 region_loss:  4.0 4.0 loc_loss:  0.6044209289550782 reward_loss:  -30.22102928161621
epoch:  7 batch:  120 region_loss:  5.0 5.0 loc_loss:  0.7271852111816406 reward_loss:  -36.35926055908203
epoch:  7 batch:  130 region_loss:  7.0 7.0 loc_loss:  1.0203246307373046 reward_loss:  -51.0162239074707
acc@1:  0.08419567262464722
epoch: 7 region loss 0.17051094890510948 loc loss 1.2059780908849118 reward loss -60.298891624395
epoch:  8 batch:  0 region_loss:  10.0 10.0 loc_loss:  1.4006808471679688 reward_loss:  -70.03402709960938
epoch:  8 batch:  10 region_loss:  10.0 10.0 loc_loss:  1.4098196411132813 reward_loss:  -70.490966796875
epoch:  8 batch:  20 region_loss:  10.0 10.0 loc_loss:  1.290776824951172 reward_loss:  -64.53883361816406
epoch:  8 batch:  30 region_loss:  10.0 10.0 loc_loss:  1.3956028747558593 reward_loss:  -69.78025817871094
epoch:  8 batch:  40 region_loss:  10.0 10.0 loc_loss:  1.394495849609375 reward_loss:  -69.72477722167969
epoch:  8 batch:  50 region_loss:  10.0 10.0 loc_loss:  1.3892996215820312 reward_loss:  -69.46498107910156
epoch:  8 batch:  60 region_loss:  10.0 10.0 loc_loss:  1.3848370361328124 reward_loss:  -69.24185180664062
epoch:  8 batch:  70 region_loss:  10.0 10.0 loc_loss:  1.3507052612304689 reward_loss:  -67.5353012084961
epoch:  8 batch:  80 region_loss:  10.0 10.0 loc_loss:  1.3941560363769532 reward_loss:  -69.70780944824219
epoch:  8 batch:  90 region_loss:  6.0 6.0 loc_loss:  0.8428176116943359 reward_loss:  -42.14083480834961
epoch:  8 batch:  100 region_loss:  8.0 8.0 loc_loss:  1.0671463775634766 reward_loss:  -53.35732650756836
epoch:  8 batch:  110 region_loss:  4.0 4.0 loc_loss:  0.5834150695800782 reward_loss:  -29.17076301574707
epoch:  8 batch:  120 region_loss:  5.0 5.0 loc_loss:  0.6944209289550781 reward_loss:  -34.72105407714844
epoch:  8 batch:  130 region_loss:  7.0 7.0 loc_loss:  0.9777279663085937 reward_loss:  -48.88645935058594
acc@1:  0.09642521166509878
epoch: 8 region loss 0.17051094890510948 loc loss 1.1478894129286719 reward loss -57.39446403336351
epoch:  9 batch:  0 region_loss:  10.0 10.0 loc_loss:  1.3304060363769532 reward_loss:  -66.52030181884766
epoch:  9 batch:  10 region_loss:  10.0 10.0 loc_loss:  1.342187957763672 reward_loss:  -67.10936737060547
epoch:  9 batch:  20 region_loss:  10.0 10.0 loc_loss:  1.216437759399414 reward_loss:  -60.82189178466797
epoch:  9 batch:  30 region_loss:  10.0 10.0 loc_loss:  1.3241862487792968 reward_loss:  -66.20931243896484
epoch:  9 batch:  40 region_loss:  10.0 10.0 loc_loss:  1.3373342895507812 reward_loss:  -66.86671447753906
epoch:  9 batch:  50 region_loss:  10.0 10.0 loc_loss:  1.3134135437011718 reward_loss:  -65.6705322265625
epoch:  9 batch:  60 region_loss:  10.0 10.0 loc_loss:  1.3182240295410157 reward_loss:  -65.91120147705078
epoch:  9 batch:  70 region_loss:  10.0 10.0 loc_loss:  1.2774542236328126 reward_loss:  -63.87268829345703
epoch:  9 batch:  80 region_loss:  10.0 10.0 loc_loss:  1.331336212158203 reward_loss:  -66.56681823730469
epoch:  9 batch:  90 region_loss:  6.0 6.0 loc_loss:  0.8071601104736328 reward_loss:  -40.358009338378906
epoch:  9 batch:  100 region_loss:  8.0 8.0 loc_loss:  1.007515411376953 reward_loss:  -50.375816345214844
epoch:  9 batch:  110 region_loss:  4.0 4.0 loc_loss:  0.5616940307617188 reward_loss:  -28.084686279296875
epoch:  9 batch:  120 region_loss:  5.0 5.0 loc_loss:  0.6610146331787109 reward_loss:  -33.05072021484375
epoch:  9 batch:  130 region_loss:  7.0 7.0 loc_loss:  0.9340319061279296 reward_loss:  -46.701602935791016
acc@1:  0.10865475070555033
epoch: 9 region loss 0.17051094890510948 loc loss 1.0890365995977915 reward loss -54.45183635628136
epoch:  10 batch:  0 region_loss:  10.0 10.0 loc_loss:  1.258044204711914 reward_loss:  -62.90221405029297
epoch:  10 batch:  10 region_loss:  10.0 10.0 loc_loss:  1.271653518676758 reward_loss:  -63.58266067504883
epoch:  10 batch:  20 region_loss:  10.0 10.0 loc_loss:  1.1437913513183593 reward_loss:  -57.18975067138672
epoch:  10 batch:  30 region_loss:  10.0 10.0 loc_loss:  1.2515094757080079 reward_loss:  -62.57548522949219
epoch:  10 batch:  40 region_loss:  10.0 10.0 loc_loss:  1.2812287902832031 reward_loss:  -64.06143951416016
epoch:  10 batch:  50 region_loss:  10.0 10.0 loc_loss:  1.2357720947265625 reward_loss:  -61.78859329223633
epoch:  10 batch:  60 region_loss:  10.0 10.0 loc_loss:  1.2521974182128905 reward_loss:  -62.609840393066406
epoch:  10 batch:  70 region_loss:  10.0 10.0 loc_loss:  1.2046628570556641 reward_loss:  -60.23314666748047
epoch:  10 batch:  80 region_loss:  10.0 10.0 loc_loss:  1.2690855407714843 reward_loss:  -63.45428466796875
epoch:  10 batch:  90 region_loss:  6.0 6.0 loc_loss:  0.7712294006347656 reward_loss:  -38.561500549316406
epoch:  10 batch:  100 region_loss:  8.0 8.0 loc_loss:  0.948924789428711 reward_loss:  -47.446266174316406
epoch:  10 batch:  110 region_loss:  4.0 4.0 loc_loss:  0.5394777679443359 reward_loss:  -26.973892211914062
epoch:  10 batch:  120 region_loss:  5.0 5.0 loc_loss:  0.6278829193115234 reward_loss:  -31.394140243530273
epoch:  10 batch:  130 region_loss:  7.0 7.0 loc_loss:  0.8901313781738281 reward_loss:  -44.50654602050781
acc@1:  0.11853245531514581
epoch: 10 region loss 0.17051094890510948 loc loss 1.0308217762856586 reward loss -51.54109439710631
epoch:  11 batch:  0 region_loss:  10.0 10.0 loc_loss:  1.1857254028320312 reward_loss:  -59.28627395629883
epoch:  11 batch:  10 region_loss:  10.0 10.0 loc_loss:  1.200844955444336 reward_loss:  -60.042240142822266
epoch:  11 batch:  20 region_loss:  10.0 10.0 loc_loss:  1.0737158203125 reward_loss:  -53.6857795715332
epoch:  11 batch:  30 region_loss:  10.0 10.0 loc_loss:  1.1793775177001953 reward_loss:  -58.968868255615234
epoch:  11 batch:  40 region_loss:  10.0 10.0 loc_loss:  1.225937271118164 reward_loss:  -61.29686737060547
epoch:  11 batch:  50 region_loss:  10.0 10.0 loc_loss:  1.1587562561035156 reward_loss:  -57.93781280517578
epoch:  11 batch:  60 region_loss:  10.0 10.0 loc_loss:  1.1881543731689452 reward_loss:  -59.40772247314453
epoch:  11 batch:  70 region_loss:  10.0 10.0 loc_loss:  1.134881591796875 reward_loss:  -56.74407958984375
epoch:  11 batch:  80 region_loss:  10.0 10.0 loc_loss:  1.2093677520751953 reward_loss:  -60.4683837890625
epoch:  11 batch:  90 region_loss:  6.0 6.0 loc_loss:  0.7354975891113281 reward_loss:  -36.77489471435547
epoch:  11 batch:  100 region_loss:  8.0 8.0 loc_loss:  0.893150634765625 reward_loss:  -44.657535552978516
epoch:  11 batch:  110 region_loss:  4.0 4.0 loc_loss:  0.517016487121582 reward_loss:  -25.850831985473633
epoch:  11 batch:  120 region_loss:  5.0 5.0 loc_loss:  0.5956425476074219 reward_loss:  -29.78212547302246
epoch:  11 batch:  130 region_loss:  7.0 7.0 loc_loss:  0.8469259643554687 reward_loss:  -42.34629821777344
acc@1:  0.12370649106302917
epoch: 11 region loss 0.17051094890510948 loc loss 0.974538309974392 reward loss -48.726914552006406
epoch:  12 batch:  0 region_loss:  10.0 10.0 loc_loss:  1.1156717681884765 reward_loss:  -55.78358459472656
epoch:  12 batch:  10 region_loss:  10.0 10.0 loc_loss:  1.132342071533203 reward_loss:  -56.61710739135742
epoch:  12 batch:  20 region_loss:  10.0 10.0 loc_loss:  1.0073251342773437 reward_loss:  -50.36625671386719
epoch:  12 batch:  30 region_loss:  10.0 10.0 loc_loss:  1.1093528747558594 reward_loss:  -55.4676513671875
epoch:  12 batch:  40 region_loss:  10.0 10.0 loc_loss:  1.1715647888183593 reward_loss:  -58.57823181152344
epoch:  12 batch:  50 region_loss:  10.0 10.0 loc_loss:  1.084901351928711 reward_loss:  -54.24506378173828
epoch:  12 batch:  60 region_loss:  10.0 10.0 loc_loss:  1.1268700408935546 reward_loss:  -56.343502044677734
epoch:  12 batch:  70 region_loss:  10.0 10.0 loc_loss:  1.0697010803222655 reward_loss:  -53.48504638671875
epoch:  12 batch:  80 region_loss:  10.0 10.0 loc_loss:  1.1529315948486327 reward_loss:  -57.64657974243164
epoch:  12 batch:  90 region_loss:  6.0 6.0 loc_loss:  0.7005262756347657 reward_loss:  -35.02630615234375
epoch:  12 batch:  100 region_loss:  8.0 8.0 loc_loss:  0.841126708984375 reward_loss:  -42.05632781982422
epoch:  12 batch:  110 region_loss:  4.0 4.0 loc_loss:  0.4945309829711914 reward_loss:  -24.72654151916504
epoch:  12 batch:  120 region_loss:  5.0 5.0 loc_loss:  0.5646998596191406 reward_loss:  -28.234981536865234
epoch:  12 batch:  130 region_loss:  7.0 7.0 loc_loss:  0.8051866149902344 reward_loss:  -40.25933074951172
acc@1:  0.1288805268109125
epoch: 12 region loss 0.17051094890510948 loc loss 0.921186334651752 reward loss -46.05931669082085
epoch:  13 batch:  0 region_loss:  10.0 10.0 loc_loss:  1.0497412109375 reward_loss:  -52.48704528808594
epoch:  13 batch:  10 region_loss:  10.0 10.0 loc_loss:  1.067832489013672 reward_loss:  -53.391624450683594
epoch:  13 batch:  20 region_loss:  10.0 10.0 loc_loss:  0.9460417938232422 reward_loss:  -47.302066802978516
epoch:  13 batch:  30 region_loss:  10.0 10.0 loc_loss:  1.0428916168212892 reward_loss:  -52.14458084106445
epoch:  13 batch:  40 region_loss:  10.0 10.0 loc_loss:  1.1186284637451172 reward_loss:  -55.93142318725586
epoch:  13 batch:  50 region_loss:  10.0 10.0 loc_loss:  1.0161576080322265 reward_loss:  -50.80788040161133
epoch:  13 batch:  60 region_loss:  10.0 10.0 loc_loss:  1.0687765502929687 reward_loss:  -53.4388313293457
epoch:  13 batch:  70 region_loss:  10.0 10.0 loc_loss:  1.009729995727539 reward_loss:  -50.48649978637695
epoch:  13 batch:  80 region_loss:  10.0 10.0 loc_loss:  1.0995721435546875 reward_loss:  -54.978607177734375
epoch:  13 batch:  90 region_loss:  6.0 6.0 loc_loss:  0.6668693542480468 reward_loss:  -33.343467712402344
epoch:  13 batch:  100 region_loss:  8.0 8.0 loc_loss:  0.7934697723388672 reward_loss:  -39.67349624633789
epoch:  13 batch:  110 region_loss:  4.0 4.0 loc_loss:  0.47226280212402344 reward_loss:  -23.613140106201172
epoch:  13 batch:  120 region_loss:  5.0 5.0 loc_loss:  0.535230712890625 reward_loss:  -26.76154136657715
epoch:  13 batch:  130 region_loss:  7.0 7.0 loc_loss:  0.765498046875 reward_loss:  -38.27490234375
acc@1:  0.1354656632173095
epoch: 13 region loss 0.17051094890510948 loc loss 0.8713845474354542 reward loss -43.56922514421226
epoch:  14 batch:  0 region_loss:  10.0 10.0 loc_loss:  0.9889995574951171 reward_loss:  -49.449981689453125
epoch:  14 batch:  10 region_loss:  10.0 10.0 loc_loss:  1.0081073760986328 reward_loss:  -50.405364990234375
epoch:  14 batch:  20 region_loss:  10.0 10.0 loc_loss:  0.8907747650146485 reward_loss:  -44.53871536254883
epoch:  14 batch:  30 region_loss:  10.0 10.0 loc_loss:  0.9811962890625 reward_loss:  -49.05982208251953
epoch:  14 batch:  40 region_loss:  10.0 10.0 loc_loss:  1.0678427886962891 reward_loss:  -53.39213943481445
epoch:  14 batch:  50 region_loss:  10.0 10.0 loc_loss:  0.9534990692138672 reward_loss:  -47.67495346069336
epoch:  14 batch:  60 region_loss:  10.0 10.0 loc_loss:  1.0142365264892579 reward_loss:  -50.71200942993164
epoch:  14 batch:  70 region_loss:  10.0 10.0 loc_loss:  0.9551255035400391 reward_loss:  -47.75627517700195
epoch:  14 batch:  80 region_loss:  10.0 10.0 loc_loss:  1.0490203094482422 reward_loss:  -52.451019287109375
epoch:  14 batch:  90 region_loss:  6.0 6.0 loc_loss:  0.6349325180053711 reward_loss:  -31.746625900268555
epoch:  14 batch:  100 region_loss:  8.0 8.0 loc_loss:  0.7503506469726563 reward_loss:  -37.517520904541016
epoch:  14 batch:  110 region_loss:  4.0 4.0 loc_loss:  0.4504868698120117 reward_loss:  -22.52471160888672
epoch:  14 batch:  120 region_loss:  5.0 5.0 loc_loss:  0.5072528839111328 reward_loss:  -25.362646102905273
epoch:  14 batch:  130 region_loss:  7.0 7.0 loc_loss:  0.7282022094726562 reward_loss:  -36.41010665893555
acc@1:  0.13687676387582315
epoch: 14 region loss 0.17051094890510948 loc loss 0.8253858402001596 reward loss -41.26929468308052
epoch:  15 batch:  0 region_loss:  10.0 10.0 loc_loss:  0.9337100219726563 reward_loss:  -46.68550491333008
epoch:  15 batch:  10 region_loss:  10.0 10.0 loc_loss:  0.9534271240234375 reward_loss:  -47.671348571777344
epoch:  15 batch:  20 region_loss:  10.0 10.0 loc_loss:  0.8415804290771485 reward_loss:  -42.079017639160156
epoch:  15 batch:  30 region_loss:  10.0 10.0 loc_loss:  0.9247599792480469 reward_loss:  -46.23799514770508
epoch:  15 batch:  40 region_loss:  10.0 10.0 loc_loss:  1.0198816680908203 reward_loss:  -50.99408721923828
epoch:  15 batch:  50 region_loss:  10.0 10.0 loc_loss:  0.8972734069824219 reward_loss:  -44.8636474609375
epoch:  15 batch:  60 region_loss:  10.0 10.0 loc_loss:  0.9633100891113281 reward_loss:  -48.16550064086914
epoch:  15 batch:  70 region_loss:  10.0 10.0 loc_loss:  0.905648193359375 reward_loss:  -45.28241729736328
epoch:  15 batch:  80 region_loss:  10.0 10.0 loc_loss:  1.0012336730957032 reward_loss:  -50.06167984008789
epoch:  15 batch:  90 region_loss:  6.0 6.0 loc_loss:  0.6048918914794922 reward_loss:  -30.244579315185547
epoch:  15 batch:  100 region_loss:  8.0 8.0 loc_loss:  0.7113813781738281 reward_loss:  -35.56906509399414
epoch:  15 batch:  110 region_loss:  4.0 4.0 loc_loss:  0.42942047119140625 reward_loss:  -21.471023559570312
epoch:  15 batch:  120 region_loss:  5.0 5.0 loc_loss:  0.4807471466064453 reward_loss:  -24.037357330322266
epoch:  15 batch:  130 region_loss:  7.0 7.0 loc_loss:  0.6933685302734375 reward_loss:  -34.668426513671875
acc@1:  0.13734713076199437
epoch: 15 region loss 0.17051094890510948 loc loss 0.7831416340291935 reward loss -39.1570907787685
epoch:  16 batch:  0 region_loss:  10.0 10.0 loc_loss:  0.8834864807128906 reward_loss:  -44.17432403564453
epoch:  16 batch:  10 region_loss:  10.0 10.0 loc_loss:  0.9036712646484375 reward_loss:  -45.183563232421875
epoch:  16 batch:  20 region_loss:  10.0 10.0 loc_loss:  0.7978792572021485 reward_loss:  -39.893959045410156
epoch:  16 batch:  30 region_loss:  10.0 10.0 loc_loss:  0.8734764862060547 reward_loss:  -43.67354202270508
epoch:  16 batch:  40 region_loss:  10.0 10.0 loc_loss:  0.9751786041259766 reward_loss:  -48.75892639160156
epoch:  16 batch:  50 region_loss:  10.0 10.0 loc_loss:  0.8473136901855469 reward_loss:  -42.365684509277344
epoch:  16 batch:  60 region_loss:  10.0 10.0 loc_loss:  0.9156829833984375 reward_loss:  -45.784149169921875
epoch:  16 batch:  70 region_loss:  10.0 10.0 loc_loss:  0.8607305145263672 reward_loss:  -43.036529541015625
epoch:  16 batch:  80 region_loss:  10.0 10.0 loc_loss:  0.9562237548828125 reward_loss:  -47.811187744140625
epoch:  16 batch:  90 region_loss:  6.0 6.0 loc_loss:  0.5767231750488281 reward_loss:  -28.836162567138672
epoch:  16 batch:  100 region_loss:  8.0 8.0 loc_loss:  0.6759521484375 reward_loss:  -33.797611236572266
epoch:  16 batch:  110 region_loss:  4.0 4.0 loc_loss:  0.4091665267944336 reward_loss:  -20.458324432373047
epoch:  16 batch:  120 region_loss:  5.0 5.0 loc_loss:  0.4557069396972656 reward_loss:  -22.78534698486328
epoch:  16 batch:  130 region_loss:  7.0 7.0 loc_loss:  0.6608925628662109 reward_loss:  -33.04462814331055
acc@1:  0.14016933207902163
epoch: 16 region loss 0.17051094890510948 loc loss 0.7443949718893009 reward loss -37.219745371463524
epoch:  17 batch:  0 region_loss:  10.0 10.0 loc_loss:  0.8376202392578125 reward_loss:  -41.881011962890625
epoch:  17 batch:  10 region_loss:  10.0 10.0 loc_loss:  0.8584626007080078 reward_loss:  -42.92313003540039
epoch:  17 batch:  20 region_loss:  10.0 10.0 loc_loss:  0.7587905883789062 reward_loss:  -37.93952941894531
epoch:  17 batch:  30 region_loss:  10.0 10.0 loc_loss:  0.8268193054199219 reward_loss:  -41.34096145629883
epoch:  17 batch:  40 region_loss:  10.0 10.0 loc_loss:  0.9338392639160156 reward_loss:  -46.69196319580078
epoch:  17 batch:  50 region_loss:  10.0 10.0 loc_loss:  0.8028770446777344 reward_loss:  -40.14384841918945
epoch:  17 batch:  60 region_loss:  10.0 10.0 loc_loss:  0.87089599609375 reward_loss:  -43.5447998046875
epoch:  17 batch:  70 region_loss:  10.0 10.0 loc_loss:  0.8197064971923829 reward_loss:  -40.98531723022461
epoch:  17 batch:  80 region_loss:  10.0 10.0 loc_loss:  0.9138575744628906 reward_loss:  -45.69287872314453
epoch:  17 batch:  90 region_loss:  6.0 6.0 loc_loss:  0.5502759170532227 reward_loss:  -27.5137939453125
epoch:  17 batch:  100 region_loss:  8.0 8.0 loc_loss:  0.6434923553466797 reward_loss:  -32.17461395263672
epoch:  17 batch:  110 region_loss:  4.0 4.0 loc_loss:  0.38974239349365236 reward_loss:  -19.48711585998535
epoch:  17 batch:  120 region_loss:  5.0 5.0 loc_loss:  0.4321083831787109 reward_loss:  -21.605445861816406
epoch:  17 batch:  130 region_loss:  7.0 7.0 loc_loss:  0.6305729293823242 reward_loss:  -31.528644561767578
acc@1:  0.1396989651928504
epoch: 17 region loss 0.17051094890510948 loc loss 0.7087772555942954 reward loss -35.438863169537846
epoch:  18 batch:  0 region_loss:  10.0 10.0 loc_loss:  0.7954116821289062 reward_loss:  -39.77058410644531
epoch:  18 batch:  10 region_loss:  10.0 10.0 loc_loss:  0.8172560119628907 reward_loss:  -40.86280059814453
epoch:  18 batch:  20 region_loss:  10.0 10.0 loc_loss:  0.7234441375732422 reward_loss:  -36.172203063964844
epoch:  18 batch:  30 region_loss:  10.0 10.0 loc_loss:  0.7841668701171876 reward_loss:  -39.208343505859375
epoch:  18 batch:  40 region_loss:  10.0 10.0 loc_loss:  0.8956777954101562 reward_loss:  -44.78388595581055
epoch:  18 batch:  50 region_loss:  10.0 10.0 loc_loss:  0.762976303100586 reward_loss:  -38.14881134033203
epoch:  18 batch:  60 region_loss:  10.0 10.0 loc_loss:  0.8285562133789063 reward_loss:  -41.427818298339844
epoch:  18 batch:  70 region_loss:  10.0 10.0 loc_loss:  0.7819278717041016 reward_loss:  -39.09638977050781
epoch:  18 batch:  80 region_loss:  10.0 10.0 loc_loss:  0.8738521575927735 reward_loss:  -43.692604064941406
epoch:  18 batch:  90 region_loss:  6.0 6.0 loc_loss:  0.5253485488891602 reward_loss:  -26.267425537109375
epoch:  18 batch:  100 region_loss:  8.0 8.0 loc_loss:  0.6135060119628907 reward_loss:  -30.675296783447266
epoch:  18 batch:  110 region_loss:  4.0 4.0 loc_loss:  0.3711345672607422 reward_loss:  -18.556730270385742
epoch:  18 batch:  120 region_loss:  5.0 5.0 loc_loss:  0.40987037658691405 reward_loss:  -20.49351692199707
epoch:  18 batch:  130 region_loss:  7.0 7.0 loc_loss:  0.6021357727050781 reward_loss:  -30.10678482055664
acc@1:  0.1396989651928504
epoch: 18 region loss 0.17051094890510948 loc loss 0.6758824437552124 reward loss -33.79412174920966
epoch:  19 batch:  0 region_loss:  10.0 10.0 loc_loss:  0.756287841796875 reward_loss:  -37.81439208984375
epoch:  19 batch:  10 region_loss:  10.0 10.0 loc_loss:  0.7794427490234375 reward_loss:  -38.972137451171875
epoch:  19 batch:  20 region_loss:  10.0 10.0 loc_loss:  0.6911690521240235 reward_loss:  -34.55845260620117
epoch:  19 batch:  30 region_loss:  10.0 10.0 loc_loss:  0.7449097442626953 reward_loss:  -37.245487213134766
epoch:  19 batch:  40 region_loss:  10.0 10.0 loc_loss:  0.8603228759765625 reward_loss:  -43.016143798828125
epoch:  19 batch:  50 region_loss:  10.0 10.0 loc_loss:  0.7267575073242187 reward_loss:  -36.33788299560547
epoch:  19 batch:  60 region_loss:  10.0 10.0 loc_loss:  0.7883927154541016 reward_loss:  -39.41963577270508
epoch:  19 batch:  70 region_loss:  10.0 10.0 loc_loss:  0.7468286895751953 reward_loss:  -37.341434478759766
epoch:  19 batch:  80 region_loss:  10.0 10.0 loc_loss:  0.8358837127685547 reward_loss:  -41.79418182373047
epoch:  19 batch:  90 region_loss:  6.0 6.0 loc_loss:  0.5017543411254883 reward_loss:  -25.08771514892578
epoch:  19 batch:  100 region_loss:  8.0 8.0 loc_loss:  0.5855499267578125 reward_loss:  -29.277496337890625
epoch:  19 batch:  110 region_loss:  4.0 4.0 loc_loss:  0.3533236312866211 reward_loss:  -17.66618537902832
epoch:  19 batch:  120 region_loss:  5.0 5.0 loc_loss:  0.388866081237793 reward_loss:  -19.44330596923828
epoch:  19 batch:  130 region_loss:  7.0 7.0 loc_loss:  0.5752789306640625 reward_loss:  -28.763944625854492
acc@1:  0.14063969896519285
epoch: 19 region loss 0.17051094890510948 loc loss 0.6453165481734451 reward loss -32.265827276410846
epoch:  20 batch:  0 region_loss:  10.0 10.0 loc_loss:  0.7197905731201172 reward_loss:  -35.989532470703125
epoch:  20 batch:  10 region_loss:  10.0 10.0 loc_loss:  0.7444527435302735 reward_loss:  -37.22264099121094
epoch:  20 batch:  20 region_loss:  10.0 10.0 loc_loss:  0.6614738464355469 reward_loss:  -33.073692321777344
epoch:  20 batch:  30 region_loss:  10.0 10.0 loc_loss:  0.7085550689697265 reward_loss:  -35.42774963378906
epoch:  20 batch:  40 region_loss:  10.0 10.0 loc_loss:  0.8273188018798828 reward_loss:  -41.365936279296875
epoch:  20 batch:  50 region_loss:  10.0 10.0 loc_loss:  0.6935771179199218 reward_loss:  -34.67885971069336
epoch:  20 batch:  60 region_loss:  10.0 10.0 loc_loss:  0.7502330017089843 reward_loss:  -37.51165008544922
epoch:  20 batch:  70 region_loss:  10.0 10.0 loc_loss:  0.7139640808105469 reward_loss:  -35.69820022583008
epoch:  20 batch:  80 region_loss:  10.0 10.0 loc_loss:  0.7996696472167969 reward_loss:  -39.983482360839844
epoch:  20 batch:  90 region_loss:  6.0 6.0 loc_loss:  0.4793362808227539 reward_loss:  -23.966814041137695
epoch:  20 batch:  100 region_loss:  8.0 8.0 loc_loss:  0.5592427444458008 reward_loss:  -27.962156295776367
epoch:  20 batch:  110 region_loss:  4.0 4.0 loc_loss:  0.33628852844238283 reward_loss:  -16.814422607421875
epoch:  20 batch:  120 region_loss:  5.0 5.0 loc_loss:  0.36896602630615233 reward_loss:  -18.448299407958984
epoch:  20 batch:  130 region_loss:  7.0 7.0 loc_loss:  0.5497332000732422 reward_loss:  -27.486663818359375
acc@1:  0.138758231420508
epoch: 20 region loss 0.17051094890510948 loc loss 0.6167283672137852 reward loss -30.83641973203116
epoch:  21 batch:  0 region_loss:  10.0 10.0 loc_loss:  0.6855485534667969 reward_loss:  -34.277427673339844
epoch:  21 batch:  10 region_loss:  10.0 10.0 loc_loss:  0.7118167114257813 reward_loss:  -35.5908317565918
epoch:  21 batch:  20 region_loss:  10.0 10.0 loc_loss:  0.6339599227905274 reward_loss:  -31.697996139526367
epoch:  21 batch:  30 region_loss:  10.0 10.0 loc_loss:  0.6746990966796875 reward_loss:  -33.73494338989258
epoch:  21 batch:  40 region_loss:  10.0 10.0 loc_loss:  0.7962033081054688 reward_loss:  -39.81016540527344
epoch:  21 batch:  50 region_loss:  10.0 10.0 loc_loss:  0.6629271697998047 reward_loss:  -33.14635467529297
epoch:  21 batch:  60 region_loss:  10.0 10.0 loc_loss:  0.7139688110351563 reward_loss:  -35.698448181152344
epoch:  21 batch:  70 region_loss:  10.0 10.0 loc_loss:  0.683004150390625 reward_loss:  -34.15020751953125
epoch:  21 batch:  80 region_loss:  10.0 10.0 loc_loss:  0.7649976348876953 reward_loss:  -38.249881744384766
epoch:  21 batch:  90 region_loss:  6.0 6.0 loc_loss:  0.4579607391357422 reward_loss:  -22.89803695678711
epoch:  21 batch:  100 region_loss:  8.0 8.0 loc_loss:  0.5342817687988282 reward_loss:  -26.714092254638672
epoch:  21 batch:  110 region_loss:  4.0 4.0 loc_loss:  0.3200003433227539 reward_loss:  -16.000015258789062
epoch:  21 batch:  120 region_loss:  5.0 5.0 loc_loss:  0.35006629943847656 reward_loss:  -17.503313064575195
epoch:  21 batch:  130 region_loss:  7.0 7.0 loc_loss:  0.5252946853637696 reward_loss:  -26.264732360839844
acc@1:  0.13405456255879586
epoch: 21 region loss 0.17051094890510948 loc loss 0.5898218387408849 reward loss -29.491091435843142
epoch:  22 batch:  0 region_loss:  10.0 10.0 loc_loss:  0.6532609558105469 reward_loss:  -32.663047790527344
epoch:  22 batch:  10 region_loss:  10.0 10.0 loc_loss:  0.6811722564697266 reward_loss:  -34.05861282348633
epoch:  22 batch:  20 region_loss:  10.0 10.0 loc_loss:  0.6082814407348632 reward_loss:  -30.414072036743164
epoch:  22 batch:  30 region_loss:  10.0 10.0 loc_loss:  0.643011703491211 reward_loss:  -32.15058517456055
epoch:  22 batch:  40 region_loss:  10.0 10.0 loc_loss:  0.7665758514404297 reward_loss:  -38.32878875732422
epoch:  22 batch:  50 region_loss:  10.0 10.0 loc_loss:  0.6343833923339843 reward_loss:  -31.71916961669922
epoch:  22 batch:  60 region_loss:  10.0 10.0 loc_loss:  0.6795166015625 reward_loss:  -33.975830078125
epoch:  22 batch:  70 region_loss:  10.0 10.0 loc_loss:  0.6537298583984374 reward_loss:  -32.68648910522461
epoch:  22 batch:  80 region_loss:  10.0 10.0 loc_loss:  0.7317167663574219 reward_loss:  -36.58583450317383
epoch:  22 batch:  90 region_loss:  6.0 6.0 loc_loss:  0.43750892639160155 reward_loss:  -21.875446319580078
epoch:  22 batch:  100 region_loss:  8.0 8.0 loc_loss:  0.5104336547851562 reward_loss:  -25.52170181274414
epoch:  22 batch:  110 region_loss:  4.0 4.0 loc_loss:  0.3044196891784668 reward_loss:  -15.220986366271973
epoch:  22 batch:  120 region_loss:  5.0 5.0 loc_loss:  0.3320920181274414 reward_loss:  -16.60460090637207
epoch:  22 batch:  130 region_loss:  7.0 7.0 loc_loss:  0.5018255996704102 reward_loss:  -25.091278076171875
acc@1:  0.13264346190028223
epoch: 22 region loss 0.17051094890510948 loc loss 0.564356505122498 reward loss -28.21782548584207
epoch:  23 batch:  0 region_loss:  10.0 10.0 loc_loss:  0.6226879119873047 reward_loss:  -31.1343936920166
epoch:  23 batch:  10 region_loss:  10.0 10.0 loc_loss:  0.6522294616699219 reward_loss:  -32.61147689819336
epoch:  23 batch:  20 region_loss:  10.0 10.0 loc_loss:  0.5841447067260742 reward_loss:  -29.20723533630371
epoch:  23 batch:  30 region_loss:  10.0 10.0 loc_loss:  0.6132259368896484 reward_loss:  -30.661293029785156
epoch:  23 batch:  40 region_loss:  10.0 10.0 loc_loss:  0.7381326293945313 reward_loss:  -36.9066276550293
epoch:  23 batch:  50 region_loss:  10.0 10.0 loc_loss:  0.6075954055786132 reward_loss:  -30.379770278930664
epoch:  23 batch:  60 region_loss:  10.0 10.0 loc_loss:  0.6467826080322265 reward_loss:  -32.339134216308594
epoch:  23 batch:  70 region_loss:  10.0 10.0 loc_loss:  0.6259678268432617 reward_loss:  -31.298391342163086
epoch:  23 batch:  80 region_loss:  10.0 10.0 loc_loss:  0.6997113800048829 reward_loss:  -34.985572814941406
epoch:  23 batch:  90 region_loss:  6.0 6.0 loc_loss:  0.41787410736083985 reward_loss:  -20.893709182739258
epoch:  23 batch:  100 region_loss:  8.0 8.0 loc_loss:  0.487532958984375 reward_loss:  -24.376644134521484
epoch:  23 batch:  110 region_loss:  4.0 4.0 loc_loss:  0.2894963264465332 reward_loss:  -14.474815368652344
epoch:  23 batch:  120 region_loss:  5.0 5.0 loc_loss:  0.31498611450195313 reward_loss:  -15.74930477142334
epoch:  23 batch:  130 region_loss:  7.0 7.0 loc_loss:  0.47923477172851564 reward_loss:  -23.96173667907715
acc@1:  0.13123236124176857
epoch: 23 region loss 0.17051094890510948 loc loss 0.5401396092881252 reward loss -27.006978745008038
epoch:  24 batch:  0 region_loss:  10.0 10.0 loc_loss:  0.5936368942260742 reward_loss:  -29.681842803955078
epoch:  24 batch:  10 region_loss:  10.0 10.0 loc_loss:  0.6247518157958984 reward_loss:  -31.23758888244629
epoch:  24 batch:  20 region_loss:  10.0 10.0 loc_loss:  0.561306381225586 reward_loss:  -28.065319061279297
epoch:  24 batch:  30 region_loss:  10.0 10.0 loc_loss:  0.5851116561889649 reward_loss:  -29.255586624145508
epoch:  24 batch:  40 region_loss:  10.0 10.0 loc_loss:  0.7106586456298828 reward_loss:  -35.53293228149414
epoch:  24 batch:  50 region_loss:  10.0 10.0 loc_loss:  0.5822774124145508 reward_loss:  -29.113868713378906
epoch:  24 batch:  60 region_loss:  10.0 10.0 loc_loss:  0.615651969909668 reward_loss:  -30.782596588134766
epoch:  24 batch:  70 region_loss:  10.0 10.0 loc_loss:  0.5995341873168946 reward_loss:  -29.976707458496094
epoch:  24 batch:  80 region_loss:  10.0 10.0 loc_loss:  0.6688813018798828 reward_loss:  -33.444061279296875
epoch:  24 batch:  90 region_loss:  6.0 6.0 loc_loss:  0.3989661026000977 reward_loss:  -19.94830322265625
epoch:  24 batch:  100 region_loss:  8.0 8.0 loc_loss:  0.4654676055908203 reward_loss:  -23.273380279541016
epoch:  24 batch:  110 region_loss:  4.0 4.0 loc_loss:  0.27517406463623045 reward_loss:  -13.758706092834473
epoch:  24 batch:  120 region_loss:  5.0 5.0 loc_loss:  0.2986948013305664 reward_loss:  -14.93474006652832
epoch:  24 batch:  130 region_loss:  7.0 7.0 loc_loss:  0.4574580764770508 reward_loss:  -22.87290382385254
acc@1:  0.13029162746942616
epoch: 24 region loss 0.17051094890510948 loc loss 0.5170151622103948 reward loss -25.850757863399757
epoch:  25 batch:  0 region_loss:  10.0 10.0 loc_loss:  0.5659497451782226 reward_loss:  -28.297489166259766
epoch:  25 batch:  10 region_loss:  10.0 10.0 loc_loss:  0.5985480117797851 reward_loss:  -29.927396774291992
epoch:  25 batch:  20 region_loss:  10.0 10.0 loc_loss:  0.5395679092407226 reward_loss:  -26.978391647338867
epoch:  25 batch:  30 region_loss:  10.0 10.0 loc_loss:  0.558470230102539 reward_loss:  -27.92350959777832
epoch:  25 batch:  40 region_loss:  10.0 10.0 loc_loss:  0.684017562866211 reward_loss:  -34.20087432861328
epoch:  25 batch:  50 region_loss:  10.0 10.0 loc_loss:  0.5581929397583008 reward_loss:  -27.90964698791504
epoch:  25 batch:  60 region_loss:  10.0 10.0 loc_loss:  0.5859960174560547 reward_loss:  -29.299800872802734
epoch:  25 batch:  70 region_loss:  10.0 10.0 loc_loss:  0.5742791748046875 reward_loss:  -28.713958740234375
epoch:  25 batch:  80 region_loss:  10.0 10.0 loc_loss:  0.6391289520263672 reward_loss:  -31.95644760131836
epoch:  25 batch:  90 region_loss:  6.0 6.0 loc_loss:  0.3807073211669922 reward_loss:  -19.03536605834961
epoch:  25 batch:  100 region_loss:  8.0 8.0 loc_loss:  0.44417194366455076 reward_loss:  -22.208580017089844
epoch:  25 batch:  110 region_loss:  4.0 4.0 loc_loss:  0.2613991737365723 reward_loss:  -13.069957733154297
epoch:  25 batch:  120 region_loss:  5.0 5.0 loc_loss:  0.2831567764282227 reward_loss:  -14.157838821411133
epoch:  25 batch:  130 region_loss:  7.0 7.0 loc_loss:  0.4364459991455078 reward_loss:  -21.822296142578125
acc@1:  0.1284101599247413
epoch: 25 region loss 0.17051094890510948 loc loss 0.4948551645070097 reward loss -24.742757289078984
epoch:  26 batch:  0 region_loss:  10.0 10.0 loc_loss:  0.5394932174682617 reward_loss:  -26.974660873413086
epoch:  26 batch:  10 region_loss:  10.0 10.0 loc_loss:  0.573448371887207 reward_loss:  -28.672414779663086
epoch:  26 batch:  20 region_loss:  10.0 10.0 loc_loss:  0.518770523071289 reward_loss:  -25.938526153564453
epoch:  26 batch:  30 region_loss:  10.0 10.0 loc_loss:  0.5331268310546875 reward_loss:  -26.656343460083008
epoch:  26 batch:  40 region_loss:  10.0 10.0 loc_loss:  0.6580924224853516 reward_loss:  -32.90462112426758
epoch:  26 batch:  50 region_loss:  10.0 10.0 loc_loss:  0.5351511383056641 reward_loss:  -26.757556915283203
epoch:  26 batch:  60 region_loss:  10.0 10.0 loc_loss:  0.5576831817626953 reward_loss:  -27.8841609954834
epoch:  26 batch:  70 region_loss:  10.0 10.0 loc_loss:  0.5500736236572266 reward_loss:  -27.503679275512695
epoch:  26 batch:  80 region_loss:  10.0 10.0 loc_loss:  0.6103602981567383 reward_loss:  -30.518014907836914
epoch:  26 batch:  90 region_loss:  6.0 6.0 loc_loss:  0.36303462982177737 reward_loss:  -18.1517333984375
epoch:  26 batch:  100 region_loss:  8.0 8.0 loc_loss:  0.4236025619506836 reward_loss:  -21.180130004882812
epoch:  26 batch:  110 region_loss:  4.0 4.0 loc_loss:  0.24812576293945313 reward_loss:  -12.406288146972656
epoch:  26 batch:  120 region_loss:  5.0 5.0 loc_loss:  0.2682969284057617 reward_loss:  -13.414846420288086
epoch:  26 batch:  130 region_loss:  7.0 7.0 loc_loss:  0.4161496353149414 reward_loss:  -20.80748176574707
acc@1:  0.12699905926622765
epoch: 26 region loss 0.17051094890510948 loc loss 0.47355145948646715 reward loss -23.677572636708724
epoch:  27 batch:  0 region_loss:  10.0 10.0 loc_loss:  0.5141557693481446 reward_loss:  -25.707788467407227
epoch:  27 batch:  10 region_loss:  10.0 10.0 loc_loss:  0.5492988967895508 reward_loss:  -27.46494483947754
epoch:  27 batch:  20 region_loss:  10.0 10.0 loc_loss:  0.498785400390625 reward_loss:  -24.93927001953125
epoch:  27 batch:  30 region_loss:  10.0 10.0 loc_loss:  0.5089288711547851 reward_loss:  -25.446443557739258
epoch:  27 batch:  40 region_loss:  10.0 10.0 loc_loss:  0.6327838134765625 reward_loss:  -31.639190673828125
epoch:  27 batch:  50 region_loss:  10.0 10.0 loc_loss:  0.513006591796875 reward_loss:  -25.65032958984375
epoch:  27 batch:  60 region_loss:  10.0 10.0 loc_loss:  0.5305856323242187 reward_loss:  -26.52928352355957
epoch:  27 batch:  70 region_loss:  10.0 10.0 loc_loss:  0.5267957305908203 reward_loss:  -26.339786529541016
epoch:  27 batch:  80 region_loss:  10.0 10.0 loc_loss:  0.5824872970581054 reward_loss:  -29.12436294555664
epoch:  27 batch:  90 region_loss:  6.0 6.0 loc_loss:  0.3458970260620117 reward_loss:  -17.294851303100586
epoch:  27 batch:  100 region_loss:  8.0 8.0 loc_loss:  0.4037355041503906 reward_loss:  -20.186777114868164
epoch:  27 batch:  110 region_loss:  4.0 4.0 loc_loss:  0.23531412124633788 reward_loss:  -11.765705108642578
epoch:  27 batch:  120 region_loss:  5.0 5.0 loc_loss:  0.25403804779052735 reward_loss:  -12.701902389526367
epoch:  27 batch:  130 region_loss:  7.0 7.0 loc_loss:  0.3965166473388672 reward_loss:  -19.825830459594727
acc@1:  0.1251175917215428
epoch: 27 region loss 0.17051094890510948 loc loss 0.4530134520565506 reward loss -22.650672139912626
epoch:  28 batch:  0 region_loss:  10.0 10.0 loc_loss:  0.48984004974365236 reward_loss:  -24.492000579833984
epoch:  28 batch:  10 region_loss:  10.0 10.0 loc_loss:  0.5259689331054688 reward_loss:  -26.298444747924805
epoch:  28 batch:  20 region_loss:  10.0 10.0 loc_loss:  0.4795111083984375 reward_loss:  -23.975555419921875
epoch:  28 batch:  30 region_loss:  10.0 10.0 loc_loss:  0.4857463836669922 reward_loss:  -24.28731918334961
epoch:  28 batch:  40 region_loss:  10.0 10.0 loc_loss:  0.6080232238769532 reward_loss:  -30.401159286499023
epoch:  28 batch:  50 region_loss:  10.0 10.0 loc_loss:  0.4916498565673828 reward_loss:  -24.58249282836914
epoch:  28 batch:  60 region_loss:  10.0 10.0 loc_loss:  0.5045894622802735 reward_loss:  -25.229473114013672
epoch:  28 batch:  70 region_loss:  10.0 10.0 loc_loss:  0.5043494415283203 reward_loss:  -25.217472076416016
epoch:  28 batch:  80 region_loss:  10.0 10.0 loc_loss:  0.5554272842407226 reward_loss:  -27.771364212036133
epoch:  28 batch:  90 region_loss:  6.0 6.0 loc_loss:  0.3292514801025391 reward_loss:  -16.46257209777832
epoch:  28 batch:  100 region_loss:  8.0 8.0 loc_loss:  0.3845525741577148 reward_loss:  -19.22762680053711
epoch:  28 batch:  110 region_loss:  4.0 4.0 loc_loss:  0.22293853759765625 reward_loss:  -11.146925926208496
epoch:  28 batch:  120 region_loss:  5.0 5.0 loc_loss:  0.2403252410888672 reward_loss:  -12.016260147094727
epoch:  28 batch:  130 region_loss:  7.0 7.0 loc_loss:  0.37750289916992186 reward_loss:  -18.875144958496094
acc@1:  0.12746942615239887
epoch: 28 region loss 0.17051094890510948 loc loss 0.4331652059694276 reward loss -21.658259738100707
epoch:  29 batch:  0 region_loss:  10.0 10.0 loc_loss:  0.4664683532714844 reward_loss:  -23.32341766357422
epoch:  29 batch:  10 region_loss:  10.0 10.0 loc_loss:  0.5033577728271484 reward_loss:  -25.167888641357422
epoch:  29 batch:  20 region_loss:  10.0 10.0 loc_loss:  0.4608699035644531 reward_loss:  -23.043495178222656
epoch:  29 batch:  30 region_loss:  10.0 10.0 loc_loss:  0.46347000122070314 reward_loss:  -23.173500061035156
epoch:  29 batch:  40 region_loss:  10.0 10.0 loc_loss:  0.583759536743164 reward_loss:  -29.187976837158203
epoch:  29 batch:  50 region_loss:  10.0 10.0 loc_loss:  0.4709903717041016 reward_loss:  -23.549518585205078
epoch:  29 batch:  60 region_loss:  10.0 10.0 loc_loss:  0.4795969772338867 reward_loss:  -23.979846954345703
epoch:  29 batch:  70 region_loss:  10.0 10.0 loc_loss:  0.48263763427734374 reward_loss:  -24.131881713867188
epoch:  29 batch:  80 region_loss:  10.0 10.0 loc_loss:  0.5291186904907227 reward_loss:  -26.455930709838867
epoch:  29 batch:  90 region_loss:  6.0 6.0 loc_loss:  0.3130785369873047 reward_loss:  -15.653929710388184
epoch:  29 batch:  100 region_loss:  8.0 8.0 loc_loss:  0.36602321624755857 reward_loss:  -18.301158905029297
epoch:  29 batch:  110 region_loss:  4.0 4.0 loc_loss:  0.21096498489379883 reward_loss:  -10.548249244689941
epoch:  29 batch:  120 region_loss:  5.0 5.0 loc_loss:  0.22710166931152342 reward_loss:  -11.355085372924805
epoch:  29 batch:  130 region_loss:  7.0 7.0 loc_loss:  0.3590635681152344 reward_loss:  -17.953176498413086
acc@1:  0.12605832549388524
epoch: 29 region loss 0.17051094890510948 loc loss 0.4139506526585043 reward loss -20.69753250066381
epoch:  30 batch:  0 region_loss:  10.0 10.0 loc_loss:  0.44397342681884766 reward_loss:  -22.198671340942383
epoch:  30 batch:  10 region_loss:  10.0 10.0 loc_loss:  0.4813984298706055 reward_loss:  -24.069921493530273
epoch:  30 batch:  20 region_loss:  10.0 10.0 loc_loss:  0.44280620574951174 reward_loss:  -22.140310287475586
epoch:  30 batch:  30 region_loss:  10.0 10.0 loc_loss:  0.44202289581298826 reward_loss:  -22.101146697998047
epoch:  30 batch:  40 region_loss:  10.0 10.0 loc_loss:  0.5599671173095703 reward_loss:  -27.998355865478516
epoch:  30 batch:  50 region_loss:  10.0 10.0 loc_loss:  0.45095680236816404 reward_loss:  -22.547840118408203
epoch:  30 batch:  60 region_loss:  10.0 10.0 loc_loss:  0.455539436340332 reward_loss:  -22.7769718170166
epoch:  30 batch:  70 region_loss:  10.0 10.0 loc_loss:  0.46163143157958986 reward_loss:  -23.081571578979492
epoch:  30 batch:  80 region_loss:  10.0 10.0 loc_loss:  0.5034923934936524 reward_loss:  -25.174617767333984
epoch:  30 batch:  90 region_loss:  6.0 6.0 loc_loss:  0.2973439025878906 reward_loss:  -14.867194175720215
epoch:  30 batch:  100 region_loss:  8.0 8.0 loc_loss:  0.34813541412353516 reward_loss:  -17.406770706176758
epoch:  30 batch:  110 region_loss:  4.0 4.0 loc_loss:  0.19940729141235353 reward_loss:  -9.970364570617676
epoch:  30 batch:  120 region_loss:  5.0 5.0 loc_loss:  0.2143777847290039 reward_loss:  -10.718890190124512
epoch:  30 batch:  130 region_loss:  7.0 7.0 loc_loss:  0.3411912155151367 reward_loss:  -17.05956268310547
acc@1:  0.12464722483537159
epoch: 30 region loss 0.17051094890510948 loc loss 0.39532711217003147 reward loss -19.76635538574553
epoch:  31 batch:  0 region_loss:  10.0 10.0 loc_loss:  0.4223113250732422 reward_loss:  -21.115564346313477
epoch:  31 batch:  10 region_loss:  10.0 10.0 loc_loss:  0.4600412368774414 reward_loss:  -23.00206184387207
epoch:  31 batch:  20 region_loss:  10.0 10.0 loc_loss:  0.425281982421875 reward_loss:  -21.264102935791016
epoch:  31 batch:  30 region_loss:  10.0 10.0 loc_loss:  0.4213098526000977 reward_loss:  -21.065492630004883
epoch:  31 batch:  40 region_loss:  10.0 10.0 loc_loss:  0.5366159820556641 reward_loss:  -26.830799102783203
epoch:  31 batch:  50 region_loss:  10.0 10.0 loc_loss:  0.4314978790283203 reward_loss:  -21.57489776611328
epoch:  31 batch:  60 region_loss:  10.0 10.0 loc_loss:  0.432340087890625 reward_loss:  -21.617002487182617
epoch:  31 batch:  70 region_loss:  10.0 10.0 loc_loss:  0.4412075042724609 reward_loss:  -22.060375213623047
epoch:  31 batch:  80 region_loss:  10.0 10.0 loc_loss:  0.4785665130615234 reward_loss:  -23.92832374572754
epoch:  31 batch:  90 region_loss:  6.0 6.0 loc_loss:  0.2820901107788086 reward_loss:  -14.10450553894043
epoch:  31 batch:  100 region_loss:  8.0 8.0 loc_loss:  0.3308171844482422 reward_loss:  -16.54085922241211
epoch:  31 batch:  110 region_loss:  4.0 4.0 loc_loss:  0.18820404052734374 reward_loss:  -9.410201072692871
epoch:  31 batch:  120 region_loss:  5.0 5.0 loc_loss:  0.2020486831665039 reward_loss:  -10.102435111999512
epoch:  31 batch:  130 region_loss:  7.0 7.0 loc_loss:  0.3238287353515625 reward_loss:  -16.191436767578125
acc@1:  0.1251175917215428
epoch: 31 region loss 0.17051094890510948 loc loss 0.37731541825036935 reward loss -18.865770875972554
epoch:  32 batch:  0 region_loss:  10.0 10.0 loc_loss:  0.40140193939208985 reward_loss:  -20.070091247558594
epoch:  32 batch:  10 region_loss:  10.0 10.0 loc_loss:  0.4392695999145508 reward_loss:  -21.96347999572754
epoch:  32 batch:  20 region_loss:  10.0 10.0 loc_loss:  0.408267936706543 reward_loss:  -20.41339683532715
epoch:  32 batch:  30 region_loss:  10.0 10.0 loc_loss:  0.4013272476196289 reward_loss:  -20.06635856628418
epoch:  32 batch:  40 region_loss:  10.0 10.0 loc_loss:  0.5137262725830078 reward_loss:  -25.68631362915039
epoch:  32 batch:  50 region_loss:  10.0 10.0 loc_loss:  0.4125650405883789 reward_loss:  -20.628252029418945
epoch:  32 batch:  60 region_loss:  10.0 10.0 loc_loss:  0.4100172424316406 reward_loss:  -20.50086212158203
epoch:  32 batch:  70 region_loss:  10.0 10.0 loc_loss:  0.42148025512695314 reward_loss:  -21.074012756347656
epoch:  32 batch:  80 region_loss:  10.0 10.0 loc_loss:  0.45423648834228514 reward_loss:  -22.711824417114258
epoch:  32 batch:  90 region_loss:  6.0 6.0 loc_loss:  0.26719419479370116 reward_loss:  -13.359711647033691
epoch:  32 batch:  100 region_loss:  8.0 8.0 loc_loss:  0.3141526412963867 reward_loss:  -15.707632064819336
epoch:  32 batch:  110 region_loss:  4.0 4.0 loc_loss:  0.1774628448486328 reward_loss:  -8.873143196105957
epoch:  32 batch:  120 region_loss:  5.0 5.0 loc_loss:  0.1902931785583496 reward_loss:  -9.514657974243164
epoch:  32 batch:  130 region_loss:  7.0 7.0 loc_loss:  0.30703914642333985 reward_loss:  -15.351958274841309
acc@1:  0.12088428974600188
epoch: 32 region loss 0.17051094890510948 loc loss 0.35982528126152763 reward loss -17.9912632764691
epoch:  33 batch:  0 region_loss:  10.0 10.0 loc_loss:  0.3812547302246094 reward_loss:  -19.062734603881836
epoch:  33 batch:  10 region_loss:  10.0 10.0 loc_loss:  0.41904373168945314 reward_loss:  -20.95218849182129
epoch:  33 batch:  20 region_loss:  10.0 10.0 loc_loss:  0.39174678802490237 reward_loss:  -19.587339401245117
epoch:  33 batch:  30 region_loss:  10.0 10.0 loc_loss:  0.38193340301513673 reward_loss:  -19.096670150756836
epoch:  33 batch:  40 region_loss:  10.0 10.0 loc_loss:  0.4912550354003906 reward_loss:  -24.562753677368164
epoch:  33 batch:  50 region_loss:  10.0 10.0 loc_loss:  0.3941663360595703 reward_loss:  -19.70831871032715
epoch:  33 batch:  60 region_loss:  10.0 10.0 loc_loss:  0.3884358596801758 reward_loss:  -19.421791076660156
epoch:  33 batch:  70 region_loss:  10.0 10.0 loc_loss:  0.4021681976318359 reward_loss:  -20.108407974243164
epoch:  33 batch:  80 region_loss:  10.0 10.0 loc_loss:  0.4306321716308594 reward_loss:  -21.53160858154297
epoch:  33 batch:  90 region_loss:  6.0 6.0 loc_loss:  0.25292226791381833 reward_loss:  -12.646113395690918
epoch:  33 batch:  100 region_loss:  8.0 8.0 loc_loss:  0.2979336357116699 reward_loss:  -14.896684646606445
epoch:  33 batch:  110 region_loss:  4.0 4.0 loc_loss:  0.16704078674316405 reward_loss:  -8.352039337158203
epoch:  33 batch:  120 region_loss:  5.0 5.0 loc_loss:  0.1788310241699219 reward_loss:  -8.941551208496094
epoch:  33 batch:  130 region_loss:  7.0 7.0 loc_loss:  0.2907246017456055 reward_loss:  -14.536230087280273
acc@1:  0.1213546566321731
epoch: 33 region loss 0.17051094890510948 loc loss 0.3428516140123353 reward loss -17.142580493523255
epoch:  34 batch:  0 region_loss:  10.0 10.0 loc_loss:  0.3617797088623047 reward_loss:  -18.0889892578125
epoch:  34 batch:  10 region_loss:  10.0 10.0 loc_loss:  0.3993639373779297 reward_loss:  -19.968198776245117
epoch:  34 batch:  20 region_loss:  10.0 10.0 loc_loss:  0.3756821060180664 reward_loss:  -18.78410530090332
epoch:  34 batch:  30 region_loss:  10.0 10.0 loc_loss:  0.363236083984375 reward_loss:  -18.16180419921875
epoch:  34 batch:  40 region_loss:  10.0 10.0 loc_loss:  0.46923572540283204 reward_loss:  -23.4617862701416
epoch:  34 batch:  50 region_loss:  10.0 10.0 loc_loss:  0.3762087631225586 reward_loss:  -18.810436248779297
epoch:  34 batch:  60 region_loss:  10.0 10.0 loc_loss:  0.3676868438720703 reward_loss:  -18.384342193603516
epoch:  34 batch:  70 region_loss:  10.0 10.0 loc_loss:  0.3835134506225586 reward_loss:  -19.175668716430664
epoch:  34 batch:  80 region_loss:  10.0 10.0 loc_loss:  0.407579345703125 reward_loss:  -20.378963470458984
epoch:  34 batch:  90 region_loss:  6.0 6.0 loc_loss:  0.23881177902221679 reward_loss:  -11.940589904785156
epoch:  34 batch:  100 region_loss:  8.0 8.0 loc_loss:  0.28240936279296874 reward_loss:  -14.120469093322754
epoch:  34 batch:  110 region_loss:  4.0 4.0 loc_loss:  0.15707860946655272 reward_loss:  -7.8539299964904785
epoch:  34 batch:  120 region_loss:  5.0 5.0 loc_loss:  0.16800003051757811 reward_loss:  -8.40000057220459
epoch:  34 batch:  130 region_loss:  7.0 7.0 loc_loss:  0.2749816513061523 reward_loss:  -13.749083518981934
acc@1:  0.1180620884289746
epoch: 34 region loss 0.17051094890510948 loc loss 0.3262303387857702 reward loss -16.311516768740912
epoch:  35 batch:  0 region_loss:  10.0 10.0 loc_loss:  0.3430043411254883 reward_loss:  -17.150217056274414
epoch:  35 batch:  10 region_loss:  10.0 10.0 loc_loss:  0.3802237319946289 reward_loss:  -19.011186599731445
epoch:  35 batch:  20 region_loss:  10.0 10.0 loc_loss:  0.36011348724365233 reward_loss:  -18.005672454833984
epoch:  35 batch:  30 region_loss:  10.0 10.0 loc_loss:  0.3450617218017578 reward_loss:  -17.253084182739258
epoch:  35 batch:  40 region_loss:  10.0 10.0 loc_loss:  0.44768352508544923 reward_loss:  -22.384174346923828
epoch:  35 batch:  50 region_loss:  10.0 10.0 loc_loss:  0.3587784194946289 reward_loss:  -17.938922882080078
epoch:  35 batch:  60 region_loss:  10.0 10.0 loc_loss:  0.3476368713378906 reward_loss:  -17.38184356689453
epoch:  35 batch:  70 region_loss:  10.0 10.0 loc_loss:  0.3653134918212891 reward_loss:  -18.265674591064453
epoch:  35 batch:  80 region_loss:  10.0 10.0 loc_loss:  0.385285530090332 reward_loss:  -19.2642765045166
epoch:  35 batch:  90 region_loss:  6.0 6.0 loc_loss:  0.22557512283325196 reward_loss:  -11.278757095336914
epoch:  35 batch:  100 region_loss:  8.0 8.0 loc_loss:  0.26723087310791016 reward_loss:  -13.361543655395508
epoch:  35 batch:  110 region_loss:  4.0 4.0 loc_loss:  0.1474732494354248 reward_loss:  -7.373662948608398
epoch:  35 batch:  120 region_loss:  5.0 5.0 loc_loss:  0.15747520446777344 reward_loss:  -7.8737592697143555
epoch:  35 batch:  130 region_loss:  7.0 7.0 loc_loss:  0.25969575881958007 reward_loss:  -12.984787940979004
acc@1:  0.11759172154280338
epoch: 35 region loss 0.17051094890510948 loc loss 0.31018944482733735 reward loss -15.509472258769684
epoch:  36 batch:  0 region_loss:  10.0 10.0 loc_loss:  0.3248773193359375 reward_loss:  -16.243865966796875
epoch:  36 batch:  10 region_loss:  10.0 10.0 loc_loss:  0.3615762710571289 reward_loss:  -18.078813552856445
epoch:  36 batch:  20 region_loss:  10.0 10.0 loc_loss:  0.34489559173583983 reward_loss:  -17.24477767944336
epoch:  36 batch:  30 region_loss:  10.0 10.0 loc_loss:  0.32751564025878904 reward_loss:  -16.375783920288086
epoch:  36 batch:  40 region_loss:  10.0 10.0 loc_loss:  0.4265373992919922 reward_loss:  -21.32686996459961
epoch:  36 batch:  50 region_loss:  10.0 10.0 loc_loss:  0.3417918014526367 reward_loss:  -17.089590072631836
epoch:  36 batch:  60 region_loss:  10.0 10.0 loc_loss:  0.32833816528320314 reward_loss:  -16.416908264160156
epoch:  36 batch:  70 region_loss:  10.0 10.0 loc_loss:  0.34763565063476565 reward_loss:  -17.38178253173828
epoch:  36 batch:  80 region_loss:  10.0 10.0 loc_loss:  0.3635331344604492 reward_loss:  -18.176652908325195
epoch:  36 batch:  90 region_loss:  6.0 6.0 loc_loss:  0.2123263168334961 reward_loss:  -10.616316795349121
epoch:  36 batch:  100 region_loss:  8.0 8.0 loc_loss:  0.2529071044921875 reward_loss:  -12.645355224609375
epoch:  36 batch:  110 region_loss:  4.0 4.0 loc_loss:  0.1382847785949707 reward_loss:  -6.914238929748535
epoch:  36 batch:  120 region_loss:  5.0 5.0 loc_loss:  0.1475719165802002 reward_loss:  -7.37859582901001
epoch:  36 batch:  130 region_loss:  7.0 7.0 loc_loss:  0.24500539779663086 reward_loss:  -12.250269889831543
acc@1:  0.11571025399811853
epoch: 36 region loss 0.17051094890510948 loc loss 0.2946581585041798 reward loss -14.732907796428151
epoch:  37 batch:  0 region_loss:  10.0 10.0 loc_loss:  0.3074271583557129 reward_loss:  -15.371358871459961
epoch:  37 batch:  10 region_loss:  10.0 10.0 loc_loss:  0.34346981048583985 reward_loss:  -17.173490524291992
epoch:  37 batch:  20 region_loss:  10.0 10.0 loc_loss:  0.330296630859375 reward_loss:  -16.51483154296875
epoch:  37 batch:  30 region_loss:  10.0 10.0 loc_loss:  0.310515193939209 reward_loss:  -15.525760650634766
epoch:  37 batch:  40 region_loss:  10.0 10.0 loc_loss:  0.40592479705810547 reward_loss:  -20.29623794555664
epoch:  37 batch:  50 region_loss:  10.0 10.0 loc_loss:  0.3252938461303711 reward_loss:  -16.264690399169922
epoch:  37 batch:  60 region_loss:  10.0 10.0 loc_loss:  0.3098413848876953 reward_loss:  -15.492069244384766
epoch:  37 batch:  70 region_loss:  10.0 10.0 loc_loss:  0.3305893325805664 reward_loss:  -16.52946662902832
epoch:  37 batch:  80 region_loss:  10.0 10.0 loc_loss:  0.3427048873901367 reward_loss:  -17.135244369506836
epoch:  37 batch:  90 region_loss:  6.0 6.0 loc_loss:  0.2000770378112793 reward_loss:  -10.003851890563965
epoch:  37 batch:  100 region_loss:  8.0 8.0 loc_loss:  0.23854291915893555 reward_loss:  -11.927145004272461
epoch:  37 batch:  110 region_loss:  4.0 4.0 loc_loss:  0.12949769020080568 reward_loss:  -6.474884986877441
epoch:  37 batch:  120 region_loss:  5.0 5.0 loc_loss:  0.13797636985778808 reward_loss:  -6.8988189697265625
epoch:  37 batch:  130 region_loss:  7.0 7.0 loc_loss:  0.23074241638183593 reward_loss:  -11.537123680114746
acc@1:  0.11571025399811853
epoch: 37 region loss 0.17051094890510948 loc loss 0.27969406766613036 reward loss -13.98470340680032
epoch:  38 batch:  0 region_loss:  10.0 10.0 loc_loss:  0.2905962371826172 reward_loss:  -14.52981185913086
epoch:  38 batch:  10 region_loss:  10.0 10.0 loc_loss:  0.32582817077636717 reward_loss:  -16.29140853881836
epoch:  38 batch:  20 region_loss:  10.0 10.0 loc_loss:  0.31581710815429687 reward_loss:  -15.790855407714844
epoch:  38 batch:  30 region_loss:  10.0 10.0 loc_loss:  0.2940460395812988 reward_loss:  -14.702301979064941
epoch:  38 batch:  40 region_loss:  10.0 10.0 loc_loss:  0.3857077026367188 reward_loss:  -19.285383224487305
epoch:  38 batch:  50 region_loss:  10.0 10.0 loc_loss:  0.3093394088745117 reward_loss:  -15.466968536376953
epoch:  38 batch:  60 region_loss:  10.0 10.0 loc_loss:  0.2919672966003418 reward_loss:  -14.59836483001709
epoch:  38 batch:  70 region_loss:  10.0 10.0 loc_loss:  0.3139050483703613 reward_loss:  -15.695253372192383
epoch:  38 batch:  80 region_loss:  10.0 10.0 loc_loss:  0.32227783203125 reward_loss:  -16.113893508911133
epoch:  38 batch:  90 region_loss:  6.0 6.0 loc_loss:  0.18772441864013673 reward_loss:  -9.386220932006836
epoch:  38 batch:  100 region_loss:  8.0 8.0 loc_loss:  0.2257020378112793 reward_loss:  -11.285100936889648
epoch:  38 batch:  110 region_loss:  4.0 4.0 loc_loss:  0.12102349281311035 reward_loss:  -6.051175117492676
epoch:  38 batch:  120 region_loss:  5.0 5.0 loc_loss:  0.12901514053344726 reward_loss:  -6.450757026672363
epoch:  38 batch:  130 region_loss:  7.0 7.0 loc_loss:  0.21715011596679687 reward_loss:  -10.857505798339844
acc@1:  0.11429915333960489
epoch: 38 region loss 0.17051094890510948 loc loss 0.265355753480953 reward loss -13.267787729736662
epoch:  39 batch:  0 region_loss:  10.0 10.0 loc_loss:  0.2745335006713867 reward_loss:  -13.726675033569336
epoch:  39 batch:  10 region_loss:  10.0 10.0 loc_loss:  0.30875837326049804 reward_loss:  -15.437917709350586
epoch:  39 batch:  20 region_loss:  10.0 10.0 loc_loss:  0.3022601890563965 reward_loss:  -15.113008499145508
epoch:  39 batch:  30 region_loss:  10.0 10.0 loc_loss:  0.2782777976989746 reward_loss:  -13.91388988494873
epoch:  39 batch:  40 region_loss:  10.0 10.0 loc_loss:  0.36612285614013673 reward_loss:  -18.306142807006836
epoch:  39 batch:  50 region_loss:  10.0 10.0 loc_loss:  0.2937653923034668 reward_loss:  -14.688270568847656
epoch:  39 batch:  60 region_loss:  10.0 10.0 loc_loss:  0.27514387130737306 reward_loss:  -13.757193565368652
epoch:  39 batch:  70 region_loss:  10.0 10.0 loc_loss:  0.29826658248901367 reward_loss:  -14.913329124450684
epoch:  39 batch:  80 region_loss:  10.0 10.0 loc_loss:  0.30313720703125 reward_loss:  -15.156859397888184
epoch:  39 batch:  90 region_loss:  6.0 6.0 loc_loss:  0.17654085159301758 reward_loss:  -8.827043533325195
epoch:  39 batch:  100 region_loss:  8.0 8.0 loc_loss:  0.2121126174926758 reward_loss:  -10.605630874633789
epoch:  39 batch:  110 region_loss:  4.0 4.0 loc_loss:  0.11309726715087891 reward_loss:  -5.654863357543945
epoch:  39 batch:  120 region_loss:  5.0 5.0 loc_loss:  0.12036789894104004 reward_loss:  -6.018394947052002
epoch:  39 batch:  130 region_loss:  7.0 7.0 loc_loss:  0.20384979248046875 reward_loss:  -10.192490577697754
acc@1:  0.11382878645343368
epoch: 39 region loss 0.17051094890510948 loc loss 0.25156328126461835 reward loss -12.578164088465002
epoch:  40 batch:  0 region_loss:  10.0 10.0 loc_loss:  0.25916473388671873 reward_loss:  -12.958237648010254
epoch:  40 batch:  10 region_loss:  10.0 10.0 loc_loss:  0.29218952178955077 reward_loss:  -14.609477043151855
epoch:  40 batch:  20 region_loss:  10.0 10.0 loc_loss:  0.2887384033203125 reward_loss:  -14.436922073364258
epoch:  40 batch:  30 region_loss:  10.0 10.0 loc_loss:  0.26291723251342775 reward_loss:  -13.14586067199707
epoch:  40 batch:  40 region_loss:  10.0 10.0 loc_loss:  0.34699092864990233 reward_loss:  -17.349546432495117
epoch:  40 batch:  50 region_loss:  10.0 10.0 loc_loss:  0.2789641952514648 reward_loss:  -13.948210716247559
epoch:  40 batch:  60 region_loss:  10.0 10.0 loc_loss:  0.2586345100402832 reward_loss:  -12.931726455688477
epoch:  40 batch:  70 region_loss:  10.0 10.0 loc_loss:  0.2828589630126953 reward_loss:  -14.142948150634766
epoch:  40 batch:  80 region_loss:  10.0 10.0 loc_loss:  0.2840693283081055 reward_loss:  -14.20346736907959
epoch:  40 batch:  90 region_loss:  6.0 6.0 loc_loss:  0.1651217269897461 reward_loss:  -8.256086349487305
epoch:  40 batch:  100 region_loss:  8.0 8.0 loc_loss:  0.20053226470947266 reward_loss:  -10.026613235473633
epoch:  40 batch:  110 region_loss:  4.0 4.0 loc_loss:  0.10534016609191894 reward_loss:  -5.267008304595947
epoch:  40 batch:  120 region_loss:  5.0 5.0 loc_loss:  0.11230029106140137 reward_loss:  -5.615015029907227
epoch:  40 batch:  130 region_loss:  7.0 7.0 loc_loss:  0.1914435386657715 reward_loss:  -9.572176933288574
acc@1:  0.11006585136406397
epoch: 40 region loss 0.17051094890510948 loc loss 0.23826930785701222 reward loss -11.91346567477623
epoch:  41 batch:  0 region_loss:  10.0 10.0 loc_loss:  0.24466705322265625 reward_loss:  -12.233355522155762
epoch:  41 batch:  10 region_loss:  10.0 10.0 loc_loss:  0.2762034034729004 reward_loss:  -13.81017017364502
epoch:  41 batch:  20 region_loss:  10.0 10.0 loc_loss:  0.27637424468994143 reward_loss:  -13.818710327148438
epoch:  41 batch:  30 region_loss:  10.0 10.0 loc_loss:  0.2485143280029297 reward_loss:  -12.425716400146484
epoch:  41 batch:  40 region_loss:  10.0 10.0 loc_loss:  0.3285472869873047 reward_loss:  -16.427364349365234
epoch:  41 batch:  50 region_loss:  10.0 10.0 loc_loss:  0.26449092864990237 reward_loss:  -13.224544525146484
epoch:  41 batch:  60 region_loss:  10.0 10.0 loc_loss:  0.24341773986816406 reward_loss:  -12.170886039733887
epoch:  41 batch:  70 region_loss:  10.0 10.0 loc_loss:  0.26855356216430665 reward_loss:  -13.427677154541016
epoch:  41 batch:  80 region_loss:  10.0 10.0 loc_loss:  0.2665704345703125 reward_loss:  -13.328520774841309
epoch:  41 batch:  90 region_loss:  6.0 6.0 loc_loss:  0.1548893356323242 reward_loss:  -7.744466304779053
epoch:  41 batch:  100 region_loss:  8.0 8.0 loc_loss:  0.18801666259765626 reward_loss:  -9.400833129882812
epoch:  41 batch:  110 region_loss:  4.0 4.0 loc_loss:  0.09823899269104004 reward_loss:  -4.91195011138916
epoch:  41 batch:  120 region_loss:  5.0 5.0 loc_loss:  0.10455918312072754 reward_loss:  -5.227959156036377
epoch:  41 batch:  130 region_loss:  7.0 7.0 loc_loss:  0.17915361404418945 reward_loss:  -8.957679748535156
acc@1:  0.11194731890874883
epoch: 41 region loss 0.17051094890510948 loc loss 0.22544035935924 reward loss -11.272017853103415
epoch:  42 batch:  0 region_loss:  10.0 10.0 loc_loss:  0.23095857620239257 reward_loss:  -11.547927856445312
epoch:  42 batch:  10 region_loss:  10.0 10.0 loc_loss:  0.2607114028930664 reward_loss:  -13.035571098327637
epoch:  42 batch:  20 region_loss:  10.0 10.0 loc_loss:  0.2643046760559082 reward_loss:  -13.215230941772461
epoch:  42 batch:  30 region_loss:  10.0 10.0 loc_loss:  0.23423942565917968 reward_loss:  -11.711970329284668
epoch:  42 batch:  40 region_loss:  10.0 10.0 loc_loss:  0.31057395935058596 reward_loss:  -15.52869701385498
epoch:  42 batch:  50 region_loss:  10.0 10.0 loc_loss:  0.2513341522216797 reward_loss:  -12.566707611083984
epoch:  42 batch:  60 region_loss:  10.0 10.0 loc_loss:  0.22820953369140626 reward_loss:  -11.410476684570312
epoch:  42 batch:  70 region_loss:  10.0 10.0 loc_loss:  0.2540217590332031 reward_loss:  -12.701087951660156
epoch:  42 batch:  80 region_loss:  10.0 10.0 loc_loss:  0.2491403579711914 reward_loss:  -12.45701789855957
epoch:  42 batch:  90 region_loss:  6.0 6.0 loc_loss:  0.1446246910095215 reward_loss:  -7.2312331199646
epoch:  42 batch:  100 region_loss:  8.0 8.0 loc_loss:  0.1772681427001953 reward_loss:  -8.86340618133545
epoch:  42 batch:  110 region_loss:  4.0 4.0 loc_loss:  0.0912088394165039 reward_loss:  -4.560441970825195
epoch:  42 batch:  120 region_loss:  5.0 5.0 loc_loss:  0.0974525260925293 reward_loss:  -4.872626304626465
epoch:  42 batch:  130 region_loss:  7.0 7.0 loc_loss:  0.1677267646789551 reward_loss:  -8.386338233947754
acc@1:  0.10818438381937912
epoch: 42 region loss 0.17051094890510948 loc loss 0.21296420400160074 reward loss -10.648210135689617
epoch:  43 batch:  0 region_loss:  10.0 10.0 loc_loss:  0.21727615356445312 reward_loss:  -10.863809585571289
epoch:  43 batch:  10 region_loss:  10.0 10.0 loc_loss:  0.24604700088500978 reward_loss:  -12.302349090576172
epoch:  43 batch:  20 region_loss:  10.0 10.0 loc_loss:  0.25362749099731446 reward_loss:  -12.681375503540039
epoch:  43 batch:  30 region_loss:  10.0 10.0 loc_loss:  0.2212216377258301 reward_loss:  -11.061081886291504
epoch:  43 batch:  40 region_loss:  10.0 10.0 loc_loss:  0.2934725570678711 reward_loss:  -14.673628807067871
epoch:  43 batch:  50 region_loss:  10.0 10.0 loc_loss:  0.23881622314453124 reward_loss:  -11.940811157226562
epoch:  43 batch:  60 region_loss:  10.0 10.0 loc_loss:  0.21479259490966796 reward_loss:  -10.739629745483398
epoch:  43 batch:  70 region_loss:  10.0 10.0 loc_loss:  0.2401902198791504 reward_loss:  -12.009510040283203
epoch:  43 batch:  80 region_loss:  10.0 10.0 loc_loss:  0.2331569480895996 reward_loss:  -11.65784740447998
epoch:  43 batch:  90 region_loss:  6.0 6.0 loc_loss:  0.13525561332702637 reward_loss:  -6.762781143188477
epoch:  43 batch:  100 region_loss:  8.0 8.0 loc_loss:  0.16605062484741212 reward_loss:  -8.302531242370605
epoch:  43 batch:  110 region_loss:  4.0 4.0 loc_loss:  0.08495681762695312 reward_loss:  -4.247840881347656
epoch:  43 batch:  120 region_loss:  5.0 5.0 loc_loss:  0.09055562019348144 reward_loss:  -4.527780532836914
epoch:  43 batch:  130 region_loss:  7.0 7.0 loc_loss:  0.15678550720214843 reward_loss:  -7.839275360107422
acc@1:  0.11100658513640639
epoch: 43 region loss 0.17051094890510948 loc loss 0.20118576732865215 reward loss -10.059288385575705
epoch:  44 batch:  0 region_loss:  10.0 10.0 loc_loss:  0.20431095123291015 reward_loss:  -10.215546607971191
epoch:  44 batch:  10 region_loss:  10.0 10.0 loc_loss:  0.23172706604003906 reward_loss:  -11.586353302001953
epoch:  44 batch:  20 region_loss:  10.0 10.0 loc_loss:  0.24278663635253905 reward_loss:  -12.139331817626953
epoch:  44 batch:  30 region_loss:  10.0 10.0 loc_loss:  0.20804224014282227 reward_loss:  -10.402113914489746
epoch:  44 batch:  40 region_loss:  10.0 10.0 loc_loss:  0.27686290740966796 reward_loss:  -13.843145370483398
epoch:  44 batch:  50 region_loss:  10.0 10.0 loc_loss:  0.22664470672607423 reward_loss:  -11.332235336303711
epoch:  44 batch:  60 region_loss:  10.0 10.0 loc_loss:  0.20092527389526368 reward_loss:  -10.046263694763184
epoch:  44 batch:  70 region_loss:  10.0 10.0 loc_loss:  0.22623781204223634 reward_loss:  -11.311890602111816
epoch:  44 batch:  80 region_loss:  10.0 10.0 loc_loss:  0.21743606567382812 reward_loss:  -10.871804237365723
epoch:  44 batch:  90 region_loss:  6.0 6.0 loc_loss:  0.12610855102539062 reward_loss:  -6.305427551269531
epoch:  44 batch:  100 region_loss:  8.0 8.0 loc_loss:  0.1561494827270508 reward_loss:  -7.807474136352539
epoch:  44 batch:  110 region_loss:  4.0 4.0 loc_loss:  0.078613543510437 reward_loss:  -3.9306769371032715
epoch:  44 batch:  120 region_loss:  5.0 5.0 loc_loss:  0.08434629440307617 reward_loss:  -4.217314720153809
epoch:  44 batch:  130 region_loss:  7.0 7.0 loc_loss:  0.14624177932739257 reward_loss:  -7.312088489532471
acc@1:  0.1039510818438382
epoch: 44 region loss 0.17051094890510948 loc loss 0.18973119488597784 reward loss -9.486559729071429
epoch:  45 batch:  0 region_loss:  10.0 10.0 loc_loss:  0.19150054931640625 reward_loss:  -9.575027465820312
epoch:  45 batch:  10 region_loss:  10.0 10.0 loc_loss:  0.2188156509399414 reward_loss:  -10.94078254699707
epoch:  45 batch:  20 region_loss:  10.0 10.0 loc_loss:  0.23273481369018556 reward_loss:  -11.636740684509277
epoch:  45 batch:  30 region_loss:  10.0 10.0 loc_loss:  0.19665985107421874 reward_loss:  -9.832992553710938
epoch:  45 batch:  40 region_loss:  10.0 10.0 loc_loss:  0.2615361785888672 reward_loss:  -13.076807975769043
epoch:  45 batch:  50 region_loss:  10.0 10.0 loc_loss:  0.2133803367614746 reward_loss:  -10.66901683807373
epoch:  45 batch:  60 region_loss:  10.0 10.0 loc_loss:  0.18883865356445312 reward_loss:  -9.441932678222656
epoch:  45 batch:  70 region_loss:  10.0 10.0 loc_loss:  0.21328401565551758 reward_loss:  -10.664201736450195
epoch:  45 batch:  80 region_loss:  10.0 10.0 loc_loss:  0.2030436134338379 reward_loss:  -10.152181625366211
epoch:  45 batch:  90 region_loss:  6.0 6.0 loc_loss:  0.11763720512390137 reward_loss:  -5.88185977935791
epoch:  45 batch:  100 region_loss:  8.0 8.0 loc_loss:  0.14624553680419922 reward_loss:  -7.3122758865356445
epoch:  45 batch:  110 region_loss:  4.0 4.0 loc_loss:  0.07312332153320313 reward_loss:  -3.656165838241577
epoch:  45 batch:  120 region_loss:  5.0 5.0 loc_loss:  0.07834831237792969 reward_loss:  -3.9174158573150635
epoch:  45 batch:  130 region_loss:  7.0 7.0 loc_loss:  0.13662995338439943 reward_loss:  -6.831497669219971
acc@1:  0.11053621825023519
epoch: 45 region loss 0.17051094890510948 loc loss 0.1789764296399416 reward loss -8.948821549868061
epoch:  46 batch:  0 region_loss:  10.0 10.0 loc_loss:  0.17996221542358398 reward_loss:  -8.9981107711792
epoch:  46 batch:  10 region_loss:  10.0 10.0 loc_loss:  0.20564065933227538 reward_loss:  -10.282032012939453
epoch:  46 batch:  20 region_loss:  10.0 10.0 loc_loss:  0.2211824607849121 reward_loss:  -11.059123992919922
epoch:  46 batch:  30 region_loss:  10.0 10.0 loc_loss:  0.18448757171630858 reward_loss:  -9.22437858581543
epoch:  46 batch:  40 region_loss:  10.0 10.0 loc_loss:  0.24671390533447266 reward_loss:  -12.335695266723633
epoch:  46 batch:  50 region_loss:  10.0 10.0 loc_loss:  0.20161237716674804 reward_loss:  -10.080619812011719
epoch:  46 batch:  60 region_loss:  10.0 10.0 loc_loss:  0.17655242919921876 reward_loss:  -8.827620506286621
epoch:  46 batch:  70 region_loss:  10.0 10.0 loc_loss:  0.20062410354614257 reward_loss:  -10.031205177307129
epoch:  46 batch:  80 region_loss:  10.0 10.0 loc_loss:  0.18899980545043946 reward_loss:  -9.449989318847656
epoch:  46 batch:  90 region_loss:  6.0 6.0 loc_loss:  0.10953655242919921 reward_loss:  -5.476827621459961
epoch:  46 batch:  100 region_loss:  8.0 8.0 loc_loss:  0.1372240352630615 reward_loss:  -6.861202239990234
epoch:  46 batch:  110 region_loss:  4.0 4.0 loc_loss:  0.06748832702636719 reward_loss:  -3.3744163513183594
epoch:  46 batch:  120 region_loss:  5.0 5.0 loc_loss:  0.0728342866897583 reward_loss:  -3.641714334487915
epoch:  46 batch:  130 region_loss:  7.0 7.0 loc_loss:  0.12708828926086427 reward_loss:  -6.354413986206055
acc@1:  0.10301034807149577
epoch: 46 region loss 0.17051094890510948 loc loss 0.168507554287458 reward loss -8.425377666950226
epoch:  47 batch:  0 region_loss:  10.0 10.0 loc_loss:  0.16841485977172851 reward_loss:  -8.420742988586426
epoch:  47 batch:  10 region_loss:  10.0 10.0 loc_loss:  0.19399614334106446 reward_loss:  -9.699807167053223
epoch:  47 batch:  20 region_loss:  10.0 10.0 loc_loss:  0.21050121307373046 reward_loss:  -10.52506160736084
epoch:  47 batch:  30 region_loss:  10.0 10.0 loc_loss:  0.1735676956176758 reward_loss:  -8.678384780883789
epoch:  47 batch:  40 region_loss:  10.0 10.0 loc_loss:  0.23291732788085937 reward_loss:  -11.645865440368652
epoch:  47 batch:  50 region_loss:  10.0 10.0 loc_loss:  0.18999340057373046 reward_loss:  -9.499669075012207
epoch:  47 batch:  60 region_loss:  10.0 10.0 loc_loss:  0.16553735733032227 reward_loss:  -8.27686882019043
epoch:  47 batch:  70 region_loss:  10.0 10.0 loc_loss:  0.18876094818115235 reward_loss:  -9.438047409057617
epoch:  47 batch:  80 region_loss:  10.0 10.0 loc_loss:  0.17629850387573243 reward_loss:  -8.814926147460938
epoch:  47 batch:  90 region_loss:  6.0 6.0 loc_loss:  0.1019972038269043 reward_loss:  -5.099859714508057
epoch:  47 batch:  100 region_loss:  8.0 8.0 loc_loss:  0.12854833602905275 reward_loss:  -6.427416801452637
epoch:  47 batch:  110 region_loss:  4.0 4.0 loc_loss:  0.06268523693084717 reward_loss:  -3.1342618465423584
epoch:  47 batch:  120 region_loss:  5.0 5.0 loc_loss:  0.06778779029846191 reward_loss:  -3.389389991760254
epoch:  47 batch:  130 region_loss:  7.0 7.0 loc_loss:  0.11850362777709961 reward_loss:  -5.925181865692139
acc@1:  0.10818438381937912
epoch: 47 region loss 0.17051094890510948 loc loss 0.15883761126629628 reward loss -7.941880423222145
epoch:  48 batch:  0 region_loss:  10.0 10.0 loc_loss:  0.1581744384765625 reward_loss:  -7.908721923828125
epoch:  48 batch:  10 region_loss:  10.0 10.0 loc_loss:  0.1814631462097168 reward_loss:  -9.07315731048584
epoch:  48 batch:  20 region_loss:  10.0 10.0 loc_loss:  0.19968372344970703 reward_loss:  -9.984185218811035
epoch:  48 batch:  30 region_loss:  10.0 10.0 loc_loss:  0.16214550018310547 reward_loss:  -8.10727310180664
epoch:  48 batch:  40 region_loss:  10.0 10.0 loc_loss:  0.21935918807983398 reward_loss:  -10.9679594039917
epoch:  48 batch:  50 region_loss:  10.0 10.0 loc_loss:  0.17958309173583983 reward_loss:  -8.979153633117676
epoch:  48 batch:  60 region_loss:  10.0 10.0 loc_loss:  0.1547407341003418 reward_loss:  -7.73703670501709
epoch:  48 batch:  70 region_loss:  10.0 10.0 loc_loss:  0.17755210876464844 reward_loss:  -8.877607345581055
epoch:  48 batch:  80 region_loss:  10.0 10.0 loc_loss:  0.16388002395629883 reward_loss:  -8.194001197814941
epoch:  48 batch:  90 region_loss:  6.0 6.0 loc_loss:  0.09484673500061035 reward_loss:  -4.742336750030518
epoch:  48 batch:  100 region_loss:  8.0 8.0 loc_loss:  0.12011137962341309 reward_loss:  -6.005568504333496
epoch:  48 batch:  110 region_loss:  4.0 4.0 loc_loss:  0.057697815895080565 reward_loss:  -2.8848907947540283
epoch:  48 batch:  120 region_loss:  5.0 5.0 loc_loss:  0.06285997867584228 reward_loss:  -3.1429991722106934
epoch:  48 batch:  130 region_loss:  7.0 7.0 loc_loss:  0.1100663948059082 reward_loss:  -5.503318786621094
acc@1:  0.10112888052681092
epoch: 48 region loss 0.17051094890510948 loc loss 0.14941060306382004 reward loss -7.470529765108206
epoch:  49 batch:  0 region_loss:  10.0 10.0 loc_loss:  0.14770588874816895 reward_loss:  -7.385293960571289
epoch:  49 batch:  10 region_loss:  10.0 10.0 loc_loss:  0.1705050277709961 reward_loss:  -8.525251388549805
epoch:  49 batch:  20 region_loss:  10.0 10.0 loc_loss:  0.1901700210571289 reward_loss:  -9.508501052856445
epoch:  49 batch:  30 region_loss:  10.0 10.0 loc_loss:  0.15212650299072267 reward_loss:  -7.606324195861816
epoch:  49 batch:  40 region_loss:  10.0 10.0 loc_loss:  0.20606983184814454 reward_loss:  -10.303492546081543
epoch:  49 batch:  50 region_loss:  10.0 10.0 loc_loss:  0.16934551239013673 reward_loss:  -8.46727466583252
epoch:  49 batch:  60 region_loss:  10.0 10.0 loc_loss:  0.14484291076660155 reward_loss:  -7.242144584655762
epoch:  49 batch:  70 region_loss:  10.0 10.0 loc_loss:  0.16667303085327148 reward_loss:  -8.333650588989258
epoch:  49 batch:  80 region_loss:  10.0 10.0 loc_loss:  0.15275378227233888 reward_loss:  -7.637688636779785
epoch:  49 batch:  90 region_loss:  6.0 6.0 loc_loss:  0.0881600284576416 reward_loss:  -4.408001899719238
epoch:  49 batch:  100 region_loss:  8.0 8.0 loc_loss:  0.11245901107788087 reward_loss:  -5.622952461242676
epoch:  49 batch:  110 region_loss:  4.0 4.0 loc_loss:  0.053452067375183106 reward_loss:  -2.672603130340576
epoch:  49 batch:  120 region_loss:  5.0 5.0 loc_loss:  0.058596286773681644 reward_loss:  -2.929814577102661
epoch:  49 batch:  130 region_loss:  7.0 7.0 loc_loss:  0.10233070373535157 reward_loss:  -5.11653470993042
acc@1:  0.10724365004703669
epoch: 49 region loss 0.17051094890510948 loc loss 0.14052722577631038 reward loss -7.026361163515244
