1
cuda
epoch:  0 batch:  0 region_loss:  10.0 10.0 loc_loss:  1.9864311218261719 reward_loss:  -99.32072448730469
epoch:  0 batch:  10 region_loss:  10.0 10.0 loc_loss:  1.9909024047851562 reward_loss:  -99.54570770263672
epoch:  0 batch:  20 region_loss:  10.0 10.0 loc_loss:  1.9890602111816407 reward_loss:  -99.45331573486328
epoch:  0 batch:  30 region_loss:  10.0 10.0 loc_loss:  1.981499481201172 reward_loss:  -99.07704162597656
epoch:  0 batch:  40 region_loss:  10.0 10.0 loc_loss:  1.9847099304199218 reward_loss:  -99.23576354980469
epoch:  0 batch:  50 region_loss:  10.0 10.0 loc_loss:  1.9803750610351563 reward_loss:  -99.02278900146484
epoch:  0 batch:  60 region_loss:  10.0 10.0 loc_loss:  1.9798164367675781 reward_loss:  -98.99229431152344
epoch:  0 batch:  70 region_loss:  10.0 10.0 loc_loss:  1.9796365356445313 reward_loss:  -98.98201751708984
epoch:  0 batch:  80 region_loss:  10.0 10.0 loc_loss:  1.9802919006347657 reward_loss:  -99.01303100585938
epoch:  0 batch:  90 region_loss:  6.0 6.0 loc_loss:  1.1796049499511718 reward_loss:  -58.978492736816406
epoch:  0 batch:  100 region_loss:  8.0 8.0 loc_loss:  1.5755293273925781 reward_loss:  -78.77708435058594
epoch:  0 batch:  110 region_loss:  4.0 4.0 loc_loss:  0.7875435638427735 reward_loss:  -39.37668991088867
epoch:  0 batch:  120 region_loss:  5.0 5.0 loc_loss:  0.9804242706298828 reward_loss:  -49.020713806152344
epoch:  0 batch:  130 region_loss:  7.0 7.0 loc_loss:  1.3731999206542969 reward_loss:  -68.6600112915039
acc@1:  0.007525870178739417
epoch: 0 region loss 0.17051094890510948 loc loss 1.686697340916543 reward loss -84.33484151241554
epoch:  1 batch:  0 region_loss:  10.0 10.0 loc_loss:  1.9117404174804689 reward_loss:  -95.58854675292969
epoch:  1 batch:  10 region_loss:  10.0 10.0 loc_loss:  1.9417567443847656 reward_loss:  -97.08941650390625
epoch:  1 batch:  20 region_loss:  10.0 10.0 loc_loss:  1.928332061767578 reward_loss:  -96.41841888427734
epoch:  1 batch:  30 region_loss:  10.0 10.0 loc_loss:  1.9190640258789062 reward_loss:  -95.95318603515625
epoch:  1 batch:  40 region_loss:  10.0 10.0 loc_loss:  1.9212936401367187 reward_loss:  -96.06702423095703
epoch:  1 batch:  50 region_loss:  10.0 10.0 loc_loss:  1.9084663391113281 reward_loss:  -95.42391967773438
epoch:  1 batch:  60 region_loss:  10.0 10.0 loc_loss:  1.8915049743652343 reward_loss:  -94.57665252685547
epoch:  1 batch:  70 region_loss:  10.0 10.0 loc_loss:  1.886224822998047 reward_loss:  -94.31236267089844
epoch:  1 batch:  80 region_loss:  10.0 10.0 loc_loss:  1.86774169921875 reward_loss:  -93.38988494873047
epoch:  1 batch:  90 region_loss:  6.0 6.0 loc_loss:  1.1017970275878906 reward_loss:  -55.09131622314453
epoch:  1 batch:  100 region_loss:  8.0 8.0 loc_loss:  1.4640798950195313 reward_loss:  -73.20800018310547
epoch:  1 batch:  110 region_loss:  4.0 4.0 loc_loss:  0.7373351287841797 reward_loss:  -36.86558151245117
epoch:  1 batch:  120 region_loss:  5.0 5.0 loc_loss:  0.9053339385986328 reward_loss:  -45.266517639160156
epoch:  1 batch:  130 region_loss:  7.0 7.0 loc_loss:  1.2535683441162109 reward_loss:  -62.67740249633789
acc@1:  0.026810912511759172
epoch: 1 region loss 0.17051094890510948 loc loss 1.6037514868965985 reward loss -80.18772036141723
epoch:  2 batch:  0 region_loss:  10.0 10.0 loc_loss:  1.7266571044921875 reward_loss:  -86.33659362792969
epoch:  2 batch:  10 region_loss:  10.0 10.0 loc_loss:  1.7625466918945312 reward_loss:  -88.12782287597656
epoch:  2 batch:  20 region_loss:  10.0 10.0 loc_loss:  1.743279266357422 reward_loss:  -87.16490173339844
epoch:  2 batch:  30 region_loss:  10.0 10.0 loc_loss:  1.7618753051757812 reward_loss:  -88.09315490722656
epoch:  2 batch:  40 region_loss:  10.0 10.0 loc_loss:  1.7427989196777345 reward_loss:  -87.14166259765625
epoch:  2 batch:  50 region_loss:  10.0 10.0 loc_loss:  1.7740199279785156 reward_loss:  -88.70125579833984
epoch:  2 batch:  60 region_loss:  10.0 10.0 loc_loss:  1.7424981689453125 reward_loss:  -87.12580871582031
epoch:  2 batch:  70 region_loss:  10.0 10.0 loc_loss:  1.75108642578125 reward_loss:  -87.5557632446289
epoch:  2 batch:  80 region_loss:  10.0 10.0 loc_loss:  1.7310592651367187 reward_loss:  -86.55286407470703
epoch:  2 batch:  90 region_loss:  6.0 6.0 loc_loss:  1.0308267211914062 reward_loss:  -51.54111099243164
epoch:  2 batch:  100 region_loss:  8.0 8.0 loc_loss:  1.3791470336914062 reward_loss:  -68.95479583740234
epoch:  2 batch:  110 region_loss:  4.0 4.0 loc_loss:  0.700025634765625 reward_loss:  -35.001888275146484
epoch:  2 batch:  120 region_loss:  5.0 5.0 loc_loss:  0.8655394744873047 reward_loss:  -43.277130126953125
epoch:  2 batch:  130 region_loss:  7.0 7.0 loc_loss:  1.2030184936523438 reward_loss:  -60.15148162841797
acc@1:  0.03762935089369708
epoch: 2 region loss 0.17051094890510948 loc loss 1.4764002439401447 reward loss -73.8197883550268
epoch:  3 batch:  0 region_loss:  10.0 10.0 loc_loss:  1.6736952209472655 reward_loss:  -83.6842041015625
epoch:  3 batch:  10 region_loss:  10.0 10.0 loc_loss:  1.6929501342773436 reward_loss:  -84.6466293334961
epoch:  3 batch:  20 region_loss:  10.0 10.0 loc_loss:  1.65392822265625 reward_loss:  -82.69530487060547
epoch:  3 batch:  30 region_loss:  10.0 10.0 loc_loss:  1.691276092529297 reward_loss:  -84.563720703125
epoch:  3 batch:  40 region_loss:  10.0 10.0 loc_loss:  1.6625674438476563 reward_loss:  -83.12810516357422
epoch:  3 batch:  50 region_loss:  10.0 10.0 loc_loss:  1.700548858642578 reward_loss:  -85.02523040771484
epoch:  3 batch:  60 region_loss:  10.0 10.0 loc_loss:  1.6757304382324218 reward_loss:  -83.78631591796875
epoch:  3 batch:  70 region_loss:  10.0 10.0 loc_loss:  1.6842633056640626 reward_loss:  -84.21086120605469
epoch:  3 batch:  80 region_loss:  10.0 10.0 loc_loss:  1.6716563415527343 reward_loss:  -83.58447265625
epoch:  3 batch:  90 region_loss:  6.0 6.0 loc_loss:  0.9984435272216797 reward_loss:  -49.923858642578125
epoch:  3 batch:  100 region_loss:  8.0 8.0 loc_loss:  1.3313951110839843 reward_loss:  -66.57036590576172
epoch:  3 batch:  110 region_loss:  4.0 4.0 loc_loss:  0.6801148986816407 reward_loss:  -34.00729751586914
epoch:  3 batch:  120 region_loss:  5.0 5.0 loc_loss:  0.8425392913818359 reward_loss:  -42.129173278808594
epoch:  3 batch:  130 region_loss:  7.0 7.0 loc_loss:  1.1734684753417968 reward_loss:  -58.673133850097656
acc@1:  0.045625587958607716
epoch: 3 region loss 0.17051094890510948 loc loss 1.41682472674516 reward loss -70.84104521257164
epoch:  4 batch:  0 region_loss:  10.0 10.0 loc_loss:  1.6316539001464845 reward_loss:  -81.58472442626953
epoch:  4 batch:  10 region_loss:  10.0 10.0 loc_loss:  1.6504005432128905 reward_loss:  -82.52143096923828
epoch:  4 batch:  20 region_loss:  10.0 10.0 loc_loss:  1.591009521484375 reward_loss:  -79.5519027709961
epoch:  4 batch:  30 region_loss:  10.0 10.0 loc_loss:  1.6379046630859375 reward_loss:  -81.89681243896484
epoch:  4 batch:  40 region_loss:  10.0 10.0 loc_loss:  1.6054820251464843 reward_loss:  -80.27505493164062
epoch:  4 batch:  50 region_loss:  10.0 10.0 loc_loss:  1.6412890625 reward_loss:  -82.06487274169922
epoch:  4 batch:  60 region_loss:  10.0 10.0 loc_loss:  1.6230792236328124 reward_loss:  -81.15103149414062
epoch:  4 batch:  70 region_loss:  10.0 10.0 loc_loss:  1.6269142150878906 reward_loss:  -81.34674835205078
epoch:  4 batch:  80 region_loss:  10.0 10.0 loc_loss:  1.621232147216797 reward_loss:  -81.0594482421875
epoch:  4 batch:  90 region_loss:  6.0 6.0 loc_loss:  0.9702365875244141 reward_loss:  -48.51316833496094
epoch:  4 batch:  100 region_loss:  8.0 8.0 loc_loss:  1.287512969970703 reward_loss:  -64.37505340576172
epoch:  4 batch:  110 region_loss:  4.0 4.0 loc_loss:  0.6627669525146485 reward_loss:  -33.13855743408203
epoch:  4 batch:  120 region_loss:  5.0 5.0 loc_loss:  0.819745864868164 reward_loss:  -40.98737335205078
epoch:  4 batch:  130 region_loss:  7.0 7.0 loc_loss:  1.1434750366210937 reward_loss:  -57.17555236816406
acc@1:  0.05315145813734713
epoch: 4 region loss 0.17051094890510948 loc loss 1.3692976629995082 reward loss -68.46509109274314
epoch:  5 batch:  0 region_loss:  10.0 10.0 loc_loss:  1.58552734375 reward_loss:  -79.27696228027344
epoch:  5 batch:  10 region_loss:  10.0 10.0 loc_loss:  1.6084689331054687 reward_loss:  -80.423095703125
epoch:  5 batch:  20 region_loss:  10.0 10.0 loc_loss:  1.5307672119140625 reward_loss:  -76.53961944580078
epoch:  5 batch:  30 region_loss:  10.0 10.0 loc_loss:  1.584690399169922 reward_loss:  -79.23370361328125
epoch:  5 batch:  40 region_loss:  10.0 10.0 loc_loss:  1.5509881591796875 reward_loss:  -77.54901885986328
epoch:  5 batch:  50 region_loss:  10.0 10.0 loc_loss:  1.5814556884765625 reward_loss:  -79.07211303710938
epoch:  5 batch:  60 region_loss:  10.0 10.0 loc_loss:  1.570653533935547 reward_loss:  -78.53372955322266
epoch:  5 batch:  70 region_loss:  10.0 10.0 loc_loss:  1.5698652648925782 reward_loss:  -78.49356842041016
epoch:  5 batch:  80 region_loss:  10.0 10.0 loc_loss:  1.5694920349121093 reward_loss:  -78.4758071899414
epoch:  5 batch:  90 region_loss:  6.0 6.0 loc_loss:  0.9409464263916015 reward_loss:  -47.045509338378906
epoch:  5 batch:  100 region_loss:  8.0 8.0 loc_loss:  1.2413336944580078 reward_loss:  -62.06715393066406
epoch:  5 batch:  110 region_loss:  4.0 4.0 loc_loss:  0.645333251953125 reward_loss:  -32.266483306884766
epoch:  5 batch:  120 region_loss:  5.0 5.0 loc_loss:  0.7950074768066406 reward_loss:  -39.749664306640625
epoch:  5 batch:  130 region_loss:  7.0 7.0 loc_loss:  1.1109690856933594 reward_loss:  -55.5506591796875
acc@1:  0.06444026340545625
epoch: 5 region loss 0.17051094890510948 loc loss 1.3213374387086743 reward loss -66.066904499583
epoch:  6 batch:  0 region_loss:  10.0 10.0 loc_loss:  1.5338935852050781 reward_loss:  -76.69363403320312
epoch:  6 batch:  10 region_loss:  10.0 10.0 loc_loss:  1.5626681518554688 reward_loss:  -78.13401794433594
epoch:  6 batch:  20 region_loss:  10.0 10.0 loc_loss:  1.4664114379882813 reward_loss:  -73.31819152832031
epoch:  6 batch:  30 region_loss:  10.0 10.0 loc_loss:  1.5277476501464844 reward_loss:  -76.38900756835938
epoch:  6 batch:  40 region_loss:  10.0 10.0 loc_loss:  1.494146728515625 reward_loss:  -74.70559692382812
epoch:  6 batch:  50 region_loss:  10.0 10.0 loc_loss:  1.5176248168945312 reward_loss:  -75.88035583496094
epoch:  6 batch:  60 region_loss:  10.0 10.0 loc_loss:  1.514755401611328 reward_loss:  -75.73882293701172
epoch:  6 batch:  70 region_loss:  10.0 10.0 loc_loss:  1.5088493347167968 reward_loss:  -75.44182586669922
epoch:  6 batch:  80 region_loss:  10.0 10.0 loc_loss:  1.5140956115722657 reward_loss:  -75.7060775756836
epoch:  6 batch:  90 region_loss:  6.0 6.0 loc_loss:  0.9096119689941407 reward_loss:  -45.47960662841797
epoch:  6 batch:  100 region_loss:  8.0 8.0 loc_loss:  1.191439208984375 reward_loss:  -59.57338333129883
epoch:  6 batch:  110 region_loss:  4.0 4.0 loc_loss:  0.6269106292724609 reward_loss:  -31.346580505371094
epoch:  6 batch:  120 region_loss:  5.0 5.0 loc_loss:  0.7677523803710937 reward_loss:  -38.38594436645508
epoch:  6 batch:  130 region_loss:  7.0 7.0 loc_loss:  1.0756719207763672 reward_loss:  -53.78337097167969
acc@1:  0.0761994355597366
epoch: 6 region loss 0.17051094890510948 loc loss 1.2701788349569278 reward loss -63.50898000619707
epoch:  7 batch:  0 region_loss:  10.0 10.0 loc_loss:  1.4759571838378907 reward_loss:  -73.79843139648438
epoch:  7 batch:  10 region_loss:  10.0 10.0 loc_loss:  1.5114993286132812 reward_loss:  -75.5747299194336
epoch:  7 batch:  20 region_loss:  10.0 10.0 loc_loss:  1.396072998046875 reward_loss:  -69.80259704589844
epoch:  7 batch:  30 region_loss:  10.0 10.0 loc_loss:  1.465296173095703 reward_loss:  -73.26237487792969
epoch:  7 batch:  40 region_loss:  10.0 10.0 loc_loss:  1.4357267761230468 reward_loss:  -71.78662872314453
epoch:  7 batch:  50 region_loss:  10.0 10.0 loc_loss:  1.449313201904297 reward_loss:  -72.46662902832031
epoch:  7 batch:  60 region_loss:  10.0 10.0 loc_loss:  1.4548416137695312 reward_loss:  -72.74085998535156
epoch:  7 batch:  70 region_loss:  10.0 10.0 loc_loss:  1.4434669494628907 reward_loss:  -72.17144775390625
epoch:  7 batch:  80 region_loss:  10.0 10.0 loc_loss:  1.4551486206054687 reward_loss:  -72.75611877441406
epoch:  7 batch:  90 region_loss:  6.0 6.0 loc_loss:  0.8767206573486328 reward_loss:  -43.83753204345703
epoch:  7 batch:  100 region_loss:  8.0 8.0 loc_loss:  1.1374913787841796 reward_loss:  -56.87114715576172
epoch:  7 batch:  110 region_loss:  4.0 4.0 loc_loss:  0.6070053100585937 reward_loss:  -30.352439880371094
epoch:  7 batch:  120 region_loss:  5.0 5.0 loc_loss:  0.738154296875 reward_loss:  -36.90690231323242
epoch:  7 batch:  130 region_loss:  7.0 7.0 loc_loss:  1.0376063537597657 reward_loss:  -51.879722595214844
acc@1:  0.09031044214487301
epoch: 7 region loss 0.17051094890510948 loc loss 1.2155777793383076 reward loss -60.77882367154977
epoch:  8 batch:  0 region_loss:  10.0 10.0 loc_loss:  1.4120022583007812 reward_loss:  -70.59860229492188
epoch:  8 batch:  10 region_loss:  10.0 10.0 loc_loss:  1.4552040100097656 reward_loss:  -72.7626953125
epoch:  8 batch:  20 region_loss:  10.0 10.0 loc_loss:  1.3211051940917968 reward_loss:  -66.0538330078125
epoch:  8 batch:  30 region_loss:  10.0 10.0 loc_loss:  1.397943572998047 reward_loss:  -69.89824676513672
epoch:  8 batch:  40 region_loss:  10.0 10.0 loc_loss:  1.3765625 reward_loss:  -68.82640838623047
epoch:  8 batch:  50 region_loss:  10.0 10.0 loc_loss:  1.3774832153320313 reward_loss:  -68.87261962890625
epoch:  8 batch:  60 region_loss:  10.0 10.0 loc_loss:  1.391575469970703 reward_loss:  -69.578125
epoch:  8 batch:  70 region_loss:  10.0 10.0 loc_loss:  1.37434326171875 reward_loss:  -68.71746826171875
epoch:  8 batch:  80 region_loss:  10.0 10.0 loc_loss:  1.3942100524902343 reward_loss:  -69.70933532714844
epoch:  8 batch:  90 region_loss:  6.0 6.0 loc_loss:  0.8424976348876954 reward_loss:  -42.1240234375
epoch:  8 batch:  100 region_loss:  8.0 8.0 loc_loss:  1.0801238250732421 reward_loss:  -54.00717544555664
epoch:  8 batch:  110 region_loss:  4.0 4.0 loc_loss:  0.5863718795776367 reward_loss:  -29.317007064819336
epoch:  8 batch:  120 region_loss:  5.0 5.0 loc_loss:  0.7067372131347657 reward_loss:  -35.33526611328125
epoch:  8 batch:  130 region_loss:  7.0 7.0 loc_loss:  0.9973238372802734 reward_loss:  -49.865760803222656
acc@1:  0.10112888052681092
epoch: 8 region loss 0.17051094890510948 loc loss 1.1584609013578318 reward loss -57.92298289111061
epoch:  9 batch:  0 region_loss:  10.0 10.0 loc_loss:  1.3433137512207032 reward_loss:  -67.16600799560547
epoch:  9 batch:  10 region_loss:  10.0 10.0 loc_loss:  1.3937637329101562 reward_loss:  -69.685546875
epoch:  9 batch:  20 region_loss:  10.0 10.0 loc_loss:  1.2444790649414061 reward_loss:  -62.2252082824707
epoch:  9 batch:  30 region_loss:  10.0 10.0 loc_loss:  1.3269351196289063 reward_loss:  -66.34959411621094
epoch:  9 batch:  40 region_loss:  10.0 10.0 loc_loss:  1.319012451171875 reward_loss:  -65.95193481445312
epoch:  9 batch:  50 region_loss:  10.0 10.0 loc_loss:  1.3034503173828125 reward_loss:  -65.17318725585938
epoch:  9 batch:  60 region_loss:  10.0 10.0 loc_loss:  1.32644287109375 reward_loss:  -66.31961059570312
epoch:  9 batch:  70 region_loss:  10.0 10.0 loc_loss:  1.302982177734375 reward_loss:  -65.14778137207031
epoch:  9 batch:  80 region_loss:  10.0 10.0 loc_loss:  1.3321926879882813 reward_loss:  -66.608642578125
epoch:  9 batch:  90 region_loss:  6.0 6.0 loc_loss:  0.8070611572265625 reward_loss:  -40.354957580566406
epoch:  9 batch:  100 region_loss:  8.0 8.0 loc_loss:  1.0213105010986328 reward_loss:  -51.0647087097168
epoch:  9 batch:  110 region_loss:  4.0 4.0 loc_loss:  0.5648342895507813 reward_loss:  -28.240236282348633
epoch:  9 batch:  120 region_loss:  5.0 5.0 loc_loss:  0.6737191009521485 reward_loss:  -33.68408966064453
epoch:  9 batch:  130 region_loss:  7.0 7.0 loc_loss:  0.9557051086425781 reward_loss:  -47.78528594970703
acc@1:  0.1147695202257761
epoch: 9 region loss 0.17051094890510948 loc loss 1.1002652734909615 reward loss -55.0132164502666
epoch:  10 batch:  0 region_loss:  10.0 10.0 loc_loss:  1.2710813903808593 reward_loss:  -63.55404281616211
epoch:  10 batch:  10 region_loss:  10.0 10.0 loc_loss:  1.328724365234375 reward_loss:  -66.43574523925781
epoch:  10 batch:  20 region_loss:  10.0 10.0 loc_loss:  1.169326171875 reward_loss:  -58.464263916015625
epoch:  10 batch:  30 region_loss:  10.0 10.0 loc_loss:  1.2544370269775391 reward_loss:  -62.72152328491211
epoch:  10 batch:  40 region_loss:  10.0 10.0 loc_loss:  1.2632906341552734 reward_loss:  -63.16093063354492
epoch:  10 batch:  50 region_loss:  10.0 10.0 loc_loss:  1.2297110748291016 reward_loss:  -61.487857818603516
epoch:  10 batch:  60 region_loss:  10.0 10.0 loc_loss:  1.262352294921875 reward_loss:  -63.11968231201172
epoch:  10 batch:  70 region_loss:  10.0 10.0 loc_loss:  1.2308834838867186 reward_loss:  -61.544151306152344
epoch:  10 batch:  80 region_loss:  10.0 10.0 loc_loss:  1.2720613861083985 reward_loss:  -63.60287094116211
epoch:  10 batch:  90 region_loss:  6.0 6.0 loc_loss:  0.7714104461669922 reward_loss:  -38.57322692871094
epoch:  10 batch:  100 region_loss:  8.0 8.0 loc_loss:  0.9633267211914063 reward_loss:  -48.16514587402344
epoch:  10 batch:  110 region_loss:  4.0 4.0 loc_loss:  0.5423405838012695 reward_loss:  -27.117389678955078
epoch:  10 batch:  120 region_loss:  5.0 5.0 loc_loss:  0.6405074310302734 reward_loss:  -32.024051666259766
epoch:  10 batch:  130 region_loss:  7.0 7.0 loc_loss:  0.9130078125 reward_loss:  -45.6513557434082
acc@1:  0.12323612417685795
epoch: 10 region loss 0.17051094890510948 loc loss 1.0424955334628585 reward loss -52.124462768109176
epoch:  11 batch:  0 region_loss:  10.0 10.0 loc_loss:  1.198090591430664 reward_loss:  -59.905330657958984
epoch:  11 batch:  10 region_loss:  10.0 10.0 loc_loss:  1.2614326477050781 reward_loss:  -63.072139739990234
epoch:  11 batch:  20 region_loss:  10.0 10.0 loc_loss:  1.0974360656738282 reward_loss:  -54.870872497558594
epoch:  11 batch:  30 region_loss:  10.0 10.0 loc_loss:  1.182277603149414 reward_loss:  -59.1126708984375
epoch:  11 batch:  40 region_loss:  10.0 10.0 loc_loss:  1.2087995910644531 reward_loss:  -60.44234848022461
epoch:  11 batch:  50 region_loss:  10.0 10.0 loc_loss:  1.158115463256836 reward_loss:  -57.90667724609375
epoch:  11 batch:  60 region_loss:  10.0 10.0 loc_loss:  1.2000165557861329 reward_loss:  -59.99983596801758
epoch:  11 batch:  70 region_loss:  10.0 10.0 loc_loss:  1.1603778076171876 reward_loss:  -58.01594543457031
epoch:  11 batch:  80 region_loss:  10.0 10.0 loc_loss:  1.2146225738525391 reward_loss:  -60.72982406616211
epoch:  11 batch:  90 region_loss:  6.0 6.0 loc_loss:  0.7361006164550781 reward_loss:  -36.80500793457031
epoch:  11 batch:  100 region_loss:  8.0 8.0 loc_loss:  0.9080323028564453 reward_loss:  -45.402835845947266
epoch:  11 batch:  110 region_loss:  4.0 4.0 loc_loss:  0.5195652389526367 reward_loss:  -25.97941780090332
epoch:  11 batch:  120 region_loss:  5.0 5.0 loc_loss:  0.6077851867675781 reward_loss:  -30.389514923095703
epoch:  11 batch:  130 region_loss:  7.0 7.0 loc_loss:  0.8706109619140625 reward_loss:  -43.53112030029297
acc@1:  0.12982126058325494
epoch: 11 region loss 0.17051094890510948 loc loss 0.9864020527192275 reward loss -49.31987872436969
epoch:  12 batch:  0 region_loss:  10.0 10.0 loc_loss:  1.1266866302490235 reward_loss:  -56.33496856689453
epoch:  12 batch:  10 region_loss:  10.0 10.0 loc_loss:  1.1947516632080077 reward_loss:  -59.73801803588867
epoch:  12 batch:  20 region_loss:  10.0 10.0 loc_loss:  1.0301065063476562 reward_loss:  -51.50800704956055
epoch:  12 batch:  30 region_loss:  10.0 10.0 loc_loss:  1.112134017944336 reward_loss:  -55.60834884643555
epoch:  12 batch:  40 region_loss:  10.0 10.0 loc_loss:  1.155218048095703 reward_loss:  -57.75992965698242
epoch:  12 batch:  50 region_loss:  10.0 10.0 loc_loss:  1.0902901458740235 reward_loss:  -54.51457214355469
epoch:  12 batch:  60 region_loss:  10.0 10.0 loc_loss:  1.1397138214111329 reward_loss:  -56.98720169067383
epoch:  12 batch:  70 region_loss:  10.0 10.0 loc_loss:  1.0933184814453125 reward_loss:  -54.66792297363281
epoch:  12 batch:  80 region_loss:  10.0 10.0 loc_loss:  1.1596904754638673 reward_loss:  -57.98688507080078
epoch:  12 batch:  90 region_loss:  6.0 6.0 loc_loss:  0.7019778442382812 reward_loss:  -35.09933090209961
epoch:  12 batch:  100 region_loss:  8.0 8.0 loc_loss:  0.8561722564697266 reward_loss:  -42.80552673339844
epoch:  12 batch:  110 region_loss:  4.0 4.0 loc_loss:  0.4967681121826172 reward_loss:  -24.838333129882812
epoch:  12 batch:  120 region_loss:  5.0 5.0 loc_loss:  0.5763235855102539 reward_loss:  -28.81540870666504
epoch:  12 batch:  130 region_loss:  7.0 7.0 loc_loss:  0.8290228271484374 reward_loss:  -41.45048904418945
acc@1:  0.13687676387582315
epoch: 12 region loss 0.17051094890510948 loc loss 0.9329531036154196 reward loss -46.64787036311017
epoch:  13 batch:  0 region_loss:  10.0 10.0 loc_loss:  1.0596060943603516 reward_loss:  -52.9794921875
epoch:  13 batch:  10 region_loss:  10.0 10.0 loc_loss:  1.129237060546875 reward_loss:  -56.459102630615234
epoch:  13 batch:  20 region_loss:  10.0 10.0 loc_loss:  0.9685343170166015 reward_loss:  -48.42618942260742
epoch:  13 batch:  30 region_loss:  10.0 10.0 loc_loss:  1.0456396484375 reward_loss:  -52.283470153808594
epoch:  13 batch:  40 region_loss:  10.0 10.0 loc_loss:  1.1028668975830078 reward_loss:  -55.14414978027344
epoch:  13 batch:  50 region_loss:  10.0 10.0 loc_loss:  1.0258671569824218 reward_loss:  -51.293827056884766
epoch:  13 batch:  60 region_loss:  10.0 10.0 loc_loss:  1.0821207427978516 reward_loss:  -54.10712814331055
epoch:  13 batch:  70 region_loss:  10.0 10.0 loc_loss:  1.0313143920898438 reward_loss:  -51.56816864013672
epoch:  13 batch:  80 region_loss:  10.0 10.0 loc_loss:  1.1071512603759766 reward_loss:  -55.35919952392578
epoch:  13 batch:  90 region_loss:  6.0 6.0 loc_loss:  0.6692322540283203 reward_loss:  -33.460060119628906
epoch:  13 batch:  100 region_loss:  8.0 8.0 loc_loss:  0.808179702758789 reward_loss:  -40.40666961669922
epoch:  13 batch:  110 region_loss:  4.0 4.0 loc_loss:  0.4740866088867188 reward_loss:  -23.70220184326172
epoch:  13 batch:  120 region_loss:  5.0 5.0 loc_loss:  0.5459126663208008 reward_loss:  -27.297744750976562
epoch:  13 batch:  130 region_loss:  7.0 7.0 loc_loss:  0.7890035247802735 reward_loss:  -39.448158264160156
acc@1:  0.1415804327375353
epoch: 13 region loss 0.17051094890510948 loc loss 0.8828119793077456 reward loss -44.14069594780024
epoch:  14 batch:  0 region_loss:  10.0 10.0 loc_loss:  0.9975595092773437 reward_loss:  -49.87894821166992
epoch:  14 batch:  10 region_loss:  10.0 10.0 loc_loss:  1.067027587890625 reward_loss:  -53.35358428955078
epoch:  14 batch:  20 region_loss:  10.0 10.0 loc_loss:  0.9124737548828125 reward_loss:  -45.62038803100586
epoch:  14 batch:  30 region_loss:  10.0 10.0 loc_loss:  0.98492919921875 reward_loss:  -49.24678039550781
epoch:  14 batch:  40 region_loss:  10.0 10.0 loc_loss:  1.0534902954101562 reward_loss:  -52.67300796508789
epoch:  14 batch:  50 region_loss:  10.0 10.0 loc_loss:  0.9659173583984375 reward_loss:  -48.29815673828125
epoch:  14 batch:  60 region_loss:  10.0 10.0 loc_loss:  1.0279495239257812 reward_loss:  -51.398414611816406
epoch:  14 batch:  70 region_loss:  10.0 10.0 loc_loss:  0.9744769287109375 reward_loss:  -48.721431732177734
epoch:  14 batch:  80 region_loss:  10.0 10.0 loc_loss:  1.0567720794677735 reward_loss:  -52.8388671875
epoch:  14 batch:  90 region_loss:  6.0 6.0 loc_loss:  0.6383210372924805 reward_loss:  -31.914947509765625
epoch:  14 batch:  100 region_loss:  8.0 8.0 loc_loss:  0.7643977355957031 reward_loss:  -38.21943283081055
epoch:  14 batch:  110 region_loss:  4.0 4.0 loc_loss:  0.45192005157470705 reward_loss:  -22.59390640258789
epoch:  14 batch:  120 region_loss:  5.0 5.0 loc_loss:  0.5173328399658204 reward_loss:  -25.869487762451172
epoch:  14 batch:  130 region_loss:  7.0 7.0 loc_loss:  0.7507278442382812 reward_loss:  -37.53502655029297
acc@1:  0.14063969896519285
epoch: 14 region loss 0.17051094890510948 loc loss 0.8363967553020393 reward loss -41.819881049385906
epoch:  15 batch:  0 region_loss:  10.0 10.0 loc_loss:  0.9413382720947265 reward_loss:  -47.06769943237305
epoch:  15 batch:  10 region_loss:  10.0 10.0 loc_loss:  1.0088288879394531 reward_loss:  -50.442466735839844
epoch:  15 batch:  20 region_loss:  10.0 10.0 loc_loss:  0.8619789123535156 reward_loss:  -43.09623718261719
epoch:  15 batch:  30 region_loss:  10.0 10.0 loc_loss:  0.929466781616211 reward_loss:  -46.473052978515625
epoch:  15 batch:  40 region_loss:  10.0 10.0 loc_loss:  1.0076374053955077 reward_loss:  -50.38092803955078
epoch:  15 batch:  50 region_loss:  10.0 10.0 loc_loss:  0.9108922576904297 reward_loss:  -45.544551849365234
epoch:  15 batch:  60 region_loss:  10.0 10.0 loc_loss:  0.9772929382324219 reward_loss:  -48.86310577392578
epoch:  15 batch:  70 region_loss:  10.0 10.0 loc_loss:  0.9222889709472656 reward_loss:  -46.115234375
epoch:  15 batch:  80 region_loss:  10.0 10.0 loc_loss:  1.00873291015625 reward_loss:  -50.43629837036133
epoch:  15 batch:  90 region_loss:  6.0 6.0 loc_loss:  0.6091749572753906 reward_loss:  -30.45491600036621
epoch:  15 batch:  100 region_loss:  8.0 8.0 loc_loss:  0.7252301025390625 reward_loss:  -36.26003646850586
epoch:  15 batch:  110 region_loss:  4.0 4.0 loc_loss:  0.4301179504394531 reward_loss:  -21.50595474243164
epoch:  15 batch:  120 region_loss:  5.0 5.0 loc_loss:  0.49017288208007814 reward_loss:  -24.509851455688477
epoch:  15 batch:  130 region_loss:  7.0 7.0 loc_loss:  0.7149153137207032 reward_loss:  -35.745235443115234
acc@1:  0.14393226716839136
epoch: 15 region loss 0.17051094890510948 loc loss 0.7936768669629619 reward loss -39.683761234701116
epoch:  16 batch:  0 region_loss:  10.0 10.0 loc_loss:  0.8899691772460937 reward_loss:  -44.50061798095703
epoch:  16 batch:  10 region_loss:  10.0 10.0 loc_loss:  0.955494155883789 reward_loss:  -47.77689743041992
epoch:  16 batch:  20 region_loss:  10.0 10.0 loc_loss:  0.8172521209716797 reward_loss:  -40.86351013183594
epoch:  16 batch:  30 region_loss:  10.0 10.0 loc_loss:  0.8791902160644531 reward_loss:  -43.96001434326172
epoch:  16 batch:  40 region_loss:  10.0 10.0 loc_loss:  0.9649334716796875 reward_loss:  -48.248695373535156
epoch:  16 batch:  50 region_loss:  10.0 10.0 loc_loss:  0.8611592102050781 reward_loss:  -43.058475494384766
epoch:  16 batch:  60 region_loss:  10.0 10.0 loc_loss:  0.9303152465820312 reward_loss:  -46.51401138305664
epoch:  16 batch:  70 region_loss:  10.0 10.0 loc_loss:  0.8744721221923828 reward_loss:  -43.7255744934082
epoch:  16 batch:  80 region_loss:  10.0 10.0 loc_loss:  0.962841796875 reward_loss:  -48.143585205078125
epoch:  16 batch:  90 region_loss:  6.0 6.0 loc_loss:  0.5817624664306641 reward_loss:  -29.090038299560547
epoch:  16 batch:  100 region_loss:  8.0 8.0 loc_loss:  0.6895025634765625 reward_loss:  -34.474761962890625
epoch:  16 batch:  110 region_loss:  4.0 4.0 loc_loss:  0.40932788848876955 reward_loss:  -20.467063903808594
epoch:  16 batch:  120 region_loss:  5.0 5.0 loc_loss:  0.464525032043457 reward_loss:  -23.226022720336914
epoch:  16 batch:  130 region_loss:  7.0 7.0 loc_loss:  0.6811692810058594 reward_loss:  -34.05900192260742
acc@1:  0.1458137347130762
epoch: 16 region loss 0.17051094890510948 loc loss 0.7544999185269766 reward loss -37.7252092848729
epoch:  17 batch:  0 region_loss:  10.0 10.0 loc_loss:  0.8433753967285156 reward_loss:  -42.167083740234375
epoch:  17 batch:  10 region_loss:  10.0 10.0 loc_loss:  0.9066766357421875 reward_loss:  -45.33271408081055
epoch:  17 batch:  20 region_loss:  10.0 10.0 loc_loss:  0.776909408569336 reward_loss:  -38.8460578918457
epoch:  17 batch:  30 region_loss:  10.0 10.0 loc_loss:  0.8334484100341797 reward_loss:  -41.67437744140625
epoch:  17 batch:  40 region_loss:  10.0 10.0 loc_loss:  0.9255347442626953 reward_loss:  -46.27595138549805
epoch:  17 batch:  50 region_loss:  10.0 10.0 loc_loss:  0.816341781616211 reward_loss:  -40.81830596923828
epoch:  17 batch:  60 region_loss:  10.0 10.0 loc_loss:  0.8858567810058594 reward_loss:  -44.29254150390625
epoch:  17 batch:  70 region_loss:  10.0 10.0 loc_loss:  0.8310050201416016 reward_loss:  -41.55070877075195
epoch:  17 batch:  80 region_loss:  10.0 10.0 loc_loss:  0.9202855682373047 reward_loss:  -46.0134162902832
epoch:  17 batch:  90 region_loss:  6.0 6.0 loc_loss:  0.5560901260375977 reward_loss:  -27.80354118347168
epoch:  17 batch:  100 region_loss:  8.0 8.0 loc_loss:  0.6571315002441406 reward_loss:  -32.855350494384766
epoch:  17 batch:  110 region_loss:  4.0 4.0 loc_loss:  0.38928138732910156 reward_loss:  -19.46416664123535
epoch:  17 batch:  120 region_loss:  5.0 5.0 loc_loss:  0.44024421691894533 reward_loss:  -22.01067352294922
epoch:  17 batch:  130 region_loss:  7.0 7.0 loc_loss:  0.649751205444336 reward_loss:  -32.48692321777344
acc@1:  0.1425211665098777
epoch: 17 region loss 0.17051094890510948 loc loss 0.71853067217082 reward loss -35.92636988284814
epoch:  18 batch:  0 region_loss:  10.0 10.0 loc_loss:  0.8003943634033203 reward_loss:  -40.018409729003906
epoch:  18 batch:  10 region_loss:  10.0 10.0 loc_loss:  0.8619627380371093 reward_loss:  -43.100006103515625
epoch:  18 batch:  20 region_loss:  10.0 10.0 loc_loss:  0.7410372924804688 reward_loss:  -37.052635192871094
epoch:  18 batch:  30 region_loss:  10.0 10.0 loc_loss:  0.7914524078369141 reward_loss:  -39.57172775268555
epoch:  18 batch:  40 region_loss:  10.0 10.0 loc_loss:  0.889432144165039 reward_loss:  -44.47145080566406
epoch:  18 batch:  50 region_loss:  10.0 10.0 loc_loss:  0.7759607696533203 reward_loss:  -38.798118591308594
epoch:  18 batch:  60 region_loss:  10.0 10.0 loc_loss:  0.8441255187988281 reward_loss:  -42.20470428466797
epoch:  18 batch:  70 region_loss:  10.0 10.0 loc_loss:  0.7911497497558594 reward_loss:  -39.558895111083984
epoch:  18 batch:  80 region_loss:  10.0 10.0 loc_loss:  0.8796312713623047 reward_loss:  -43.98285675048828
epoch:  18 batch:  90 region_loss:  6.0 6.0 loc_loss:  0.5316441345214844 reward_loss:  -26.581451416015625
epoch:  18 batch:  100 region_loss:  8.0 8.0 loc_loss:  0.6270296478271484 reward_loss:  -31.350252151489258
epoch:  18 batch:  110 region_loss:  4.0 4.0 loc_loss:  0.3699584197998047 reward_loss:  -18.498443603515625
epoch:  18 batch:  120 region_loss:  5.0 5.0 loc_loss:  0.4171361541748047 reward_loss:  -20.857563018798828
epoch:  18 batch:  130 region_loss:  7.0 7.0 loc_loss:  0.6205480194091797 reward_loss:  -31.026397705078125
acc@1:  0.13828786453433678
epoch: 18 region loss 0.17051094890510948 loc loss 0.6853392626073238 reward loss -34.26705141833229
epoch:  19 batch:  0 region_loss:  10.0 10.0 loc_loss:  0.7607695007324219 reward_loss:  -38.03926467895508
epoch:  19 batch:  10 region_loss:  10.0 10.0 loc_loss:  0.8200370788574218 reward_loss:  -41.00196838378906
epoch:  19 batch:  20 region_loss:  10.0 10.0 loc_loss:  0.7081369018554687 reward_loss:  -35.40613555908203
epoch:  19 batch:  30 region_loss:  10.0 10.0 loc_loss:  0.7528530883789063 reward_loss:  -37.64550018310547
epoch:  19 batch:  40 region_loss:  10.0 10.0 loc_loss:  0.8553887939453125 reward_loss:  -42.76950454711914
epoch:  19 batch:  50 region_loss:  10.0 10.0 loc_loss:  0.7387667083740235 reward_loss:  -36.939430236816406
epoch:  19 batch:  60 region_loss:  10.0 10.0 loc_loss:  0.8043586730957031 reward_loss:  -40.218807220458984
epoch:  19 batch:  70 region_loss:  10.0 10.0 loc_loss:  0.7542877197265625 reward_loss:  -37.71590042114258
epoch:  19 batch:  80 region_loss:  10.0 10.0 loc_loss:  0.8413188171386718 reward_loss:  -42.066890716552734
epoch:  19 batch:  90 region_loss:  6.0 6.0 loc_loss:  0.5083952331542969 reward_loss:  -25.42021942138672
epoch:  19 batch:  100 region_loss:  8.0 8.0 loc_loss:  0.5991183471679687 reward_loss:  -29.953899383544922
epoch:  19 batch:  110 region_loss:  4.0 4.0 loc_loss:  0.3516762924194336 reward_loss:  -17.584762573242188
epoch:  19 batch:  120 region_loss:  5.0 5.0 loc_loss:  0.39531497955322265 reward_loss:  -19.766199111938477
epoch:  19 batch:  130 region_loss:  7.0 7.0 loc_loss:  0.5927877044677734 reward_loss:  -29.637866973876953
acc@1:  0.1349952963311383
epoch: 19 region loss 0.17051094890510948 loc loss 0.6545512312172103 reward loss -32.72771262426446
epoch:  20 batch:  0 region_loss:  10.0 10.0 loc_loss:  0.7237746429443359 reward_loss:  -36.18936538696289
epoch:  20 batch:  10 region_loss:  10.0 10.0 loc_loss:  0.7817868041992188 reward_loss:  -39.090267181396484
epoch:  20 batch:  20 region_loss:  10.0 10.0 loc_loss:  0.6783536529541015 reward_loss:  -33.91780471801758
epoch:  20 batch:  30 region_loss:  10.0 10.0 loc_loss:  0.7170355987548828 reward_loss:  -35.851539611816406
epoch:  20 batch:  40 region_loss:  10.0 10.0 loc_loss:  0.8234060668945312 reward_loss:  -41.17125701904297
epoch:  20 batch:  50 region_loss:  10.0 10.0 loc_loss:  0.7050338745117187 reward_loss:  -35.25331497192383
epoch:  20 batch:  60 region_loss:  10.0 10.0 loc_loss:  0.7668392944335938 reward_loss:  -38.3440055847168
epoch:  20 batch:  70 region_loss:  10.0 10.0 loc_loss:  0.7203636169433594 reward_loss:  -36.01735305786133
epoch:  20 batch:  80 region_loss:  10.0 10.0 loc_loss:  0.8050211334228515 reward_loss:  -40.25154113769531
epoch:  20 batch:  90 region_loss:  6.0 6.0 loc_loss:  0.4863379669189453 reward_loss:  -24.317821502685547
epoch:  20 batch:  100 region_loss:  8.0 8.0 loc_loss:  0.5728218841552735 reward_loss:  -28.640514373779297
epoch:  20 batch:  110 region_loss:  4.0 4.0 loc_loss:  0.33408992767333984 reward_loss:  -16.70384407043457
epoch:  20 batch:  120 region_loss:  5.0 5.0 loc_loss:  0.37471927642822267 reward_loss:  -18.734542846679688
epoch:  20 batch:  130 region_loss:  7.0 7.0 loc_loss:  0.5664963150024414 reward_loss:  -28.323577880859375
acc@1:  0.13828786453433678
epoch: 20 region loss 0.17051094890510948 loc loss 0.6258226034066973 reward loss -31.291139637466763
epoch:  21 batch:  0 region_loss:  10.0 10.0 loc_loss:  0.6893770599365234 reward_loss:  -34.4689826965332
epoch:  21 batch:  10 region_loss:  10.0 10.0 loc_loss:  0.7460212707519531 reward_loss:  -37.301490783691406
epoch:  21 batch:  20 region_loss:  10.0 10.0 loc_loss:  0.6508108520507813 reward_loss:  -32.541648864746094
epoch:  21 batch:  30 region_loss:  10.0 10.0 loc_loss:  0.6836084747314453 reward_loss:  -34.17997741699219
epoch:  21 batch:  40 region_loss:  10.0 10.0 loc_loss:  0.7930097961425782 reward_loss:  -39.64999008178711
epoch:  21 batch:  50 region_loss:  10.0 10.0 loc_loss:  0.6738643646240234 reward_loss:  -33.69194412231445
epoch:  21 batch:  60 region_loss:  10.0 10.0 loc_loss:  0.7308890533447265 reward_loss:  -36.54497146606445
epoch:  21 batch:  70 region_loss:  10.0 10.0 loc_loss:  0.6881582641601562 reward_loss:  -34.409088134765625
epoch:  21 batch:  80 region_loss:  10.0 10.0 loc_loss:  0.7705256652832031 reward_loss:  -38.528377532958984
epoch:  21 batch:  90 region_loss:  6.0 6.0 loc_loss:  0.46495738983154294 reward_loss:  -23.250232696533203
epoch:  21 batch:  100 region_loss:  8.0 8.0 loc_loss:  0.5481640243530274 reward_loss:  -27.405271530151367
epoch:  21 batch:  110 region_loss:  4.0 4.0 loc_loss:  0.31734729766845704 reward_loss:  -15.865681648254395
epoch:  21 batch:  120 region_loss:  5.0 5.0 loc_loss:  0.35515876770019533 reward_loss:  -17.758514404296875
epoch:  21 batch:  130 region_loss:  7.0 7.0 loc_loss:  0.5415122985839844 reward_loss:  -27.07671546936035
acc@1:  0.13640639698965193
epoch: 21 region loss 0.17051094890510948 loc loss 0.5987797927856445 reward loss -29.93906738114183
epoch:  22 batch:  0 region_loss:  10.0 10.0 loc_loss:  0.6566446685791015 reward_loss:  -32.83205795288086
epoch:  22 batch:  10 region_loss:  10.0 10.0 loc_loss:  0.71259033203125 reward_loss:  -35.630775451660156
epoch:  22 batch:  20 region_loss:  10.0 10.0 loc_loss:  0.6251815032958984 reward_loss:  -31.256900787353516
epoch:  22 batch:  30 region_loss:  10.0 10.0 loc_loss:  0.6525389099121094 reward_loss:  -32.625492095947266
epoch:  22 batch:  40 region_loss:  10.0 10.0 loc_loss:  0.7642083740234376 reward_loss:  -38.210811614990234
epoch:  22 batch:  50 region_loss:  10.0 10.0 loc_loss:  0.6446358489990235 reward_loss:  -32.233184814453125
epoch:  22 batch:  60 region_loss:  10.0 10.0 loc_loss:  0.6968232727050782 reward_loss:  -34.838932037353516
epoch:  22 batch:  70 region_loss:  10.0 10.0 loc_loss:  0.6582379913330079 reward_loss:  -32.908687591552734
epoch:  22 batch:  80 region_loss:  10.0 10.0 loc_loss:  0.73744873046875 reward_loss:  -36.872074127197266
epoch:  22 batch:  90 region_loss:  6.0 6.0 loc_loss:  0.44463577270507815 reward_loss:  -22.23082733154297
epoch:  22 batch:  100 region_loss:  8.0 8.0 loc_loss:  0.5246680450439453 reward_loss:  -26.234628677368164
epoch:  22 batch:  110 region_loss:  4.0 4.0 loc_loss:  0.3014225196838379 reward_loss:  -15.071576118469238
epoch:  22 batch:  120 region_loss:  5.0 5.0 loc_loss:  0.3365874481201172 reward_loss:  -16.82846450805664
epoch:  22 batch:  130 region_loss:  7.0 7.0 loc_loss:  0.5178766250610352 reward_loss:  -25.893430709838867
acc@1:  0.1349952963311383
epoch: 22 region loss 0.17051094890510948 loc loss 0.573248001223933 reward loss -28.662541194553793
epoch:  23 batch:  0 region_loss:  10.0 10.0 loc_loss:  0.6258837509155274 reward_loss:  -31.2962646484375
epoch:  23 batch:  10 region_loss:  10.0 10.0 loc_loss:  0.6811837005615234 reward_loss:  -34.05873107910156
epoch:  23 batch:  20 region_loss:  10.0 10.0 loc_loss:  0.6011106872558594 reward_loss:  -30.05424690246582
epoch:  23 batch:  30 region_loss:  10.0 10.0 loc_loss:  0.6226754760742188 reward_loss:  -31.133405685424805
epoch:  23 batch:  40 region_loss:  10.0 10.0 loc_loss:  0.7360427093505859 reward_loss:  -36.802188873291016
epoch:  23 batch:  50 region_loss:  10.0 10.0 loc_loss:  0.6175429534912109 reward_loss:  -30.87657356262207
epoch:  23 batch:  60 region_loss:  10.0 10.0 loc_loss:  0.6643932342529297 reward_loss:  -33.21857452392578
epoch:  23 batch:  70 region_loss:  10.0 10.0 loc_loss:  0.6297045516967773 reward_loss:  -31.484363555908203
epoch:  23 batch:  80 region_loss:  10.0 10.0 loc_loss:  0.705750961303711 reward_loss:  -35.287353515625
epoch:  23 batch:  90 region_loss:  6.0 6.0 loc_loss:  0.42506378173828124 reward_loss:  -21.255216598510742
epoch:  23 batch:  100 region_loss:  8.0 8.0 loc_loss:  0.5015955352783203 reward_loss:  -25.07996940612793
epoch:  23 batch:  110 region_loss:  4.0 4.0 loc_loss:  0.28611738204956055 reward_loss:  -14.306425094604492
epoch:  23 batch:  120 region_loss:  5.0 5.0 loc_loss:  0.3191448020935059 reward_loss:  -15.957842826843262
epoch:  23 batch:  130 region_loss:  7.0 7.0 loc_loss:  0.49504783630371096 reward_loss:  -24.752517700195312
acc@1:  0.13405456255879586
epoch: 23 region loss 0.17051094890510948 loc loss 0.5489772763217453 reward loss -27.44901962697941
epoch:  24 batch:  0 region_loss:  10.0 10.0 loc_loss:  0.596513786315918 reward_loss:  -29.8234920501709
epoch:  24 batch:  10 region_loss:  10.0 10.0 loc_loss:  0.6512351989746094 reward_loss:  -32.564613342285156
epoch:  24 batch:  20 region_loss:  10.0 10.0 loc_loss:  0.5782633972167969 reward_loss:  -28.91339111328125
epoch:  24 batch:  30 region_loss:  10.0 10.0 loc_loss:  0.5946888732910156 reward_loss:  -29.73501205444336
epoch:  24 batch:  40 region_loss:  10.0 10.0 loc_loss:  0.7086710357666015 reward_loss:  -35.435386657714844
epoch:  24 batch:  50 region_loss:  10.0 10.0 loc_loss:  0.5914892196655274 reward_loss:  -29.57701301574707
epoch:  24 batch:  60 region_loss:  10.0 10.0 loc_loss:  0.6333431243896485 reward_loss:  -31.665985107421875
epoch:  24 batch:  70 region_loss:  10.0 10.0 loc_loss:  0.602548713684082 reward_loss:  -30.126855850219727
epoch:  24 batch:  80 region_loss:  10.0 10.0 loc_loss:  0.675157470703125 reward_loss:  -33.758460998535156
epoch:  24 batch:  90 region_loss:  6.0 6.0 loc_loss:  0.4060833740234375 reward_loss:  -20.304656982421875
epoch:  24 batch:  100 region_loss:  8.0 8.0 loc_loss:  0.4798628616333008 reward_loss:  -23.993000030517578
epoch:  24 batch:  110 region_loss:  4.0 4.0 loc_loss:  0.27179100036621096 reward_loss:  -13.587125778198242
epoch:  24 batch:  120 region_loss:  5.0 5.0 loc_loss:  0.3025394630432129 reward_loss:  -15.126495361328125
epoch:  24 batch:  130 region_loss:  7.0 7.0 loc_loss:  0.47286373138427734 reward_loss:  -23.642330169677734
acc@1:  0.13123236124176857
epoch: 24 region loss 0.17051094890510948 loc loss 0.5257824922130055 reward loss -26.28906882418333
epoch:  25 batch:  0 region_loss:  10.0 10.0 loc_loss:  0.5684770965576171 reward_loss:  -28.42569351196289
epoch:  25 batch:  10 region_loss:  10.0 10.0 loc_loss:  0.6228872299194336 reward_loss:  -31.143611907958984
epoch:  25 batch:  20 region_loss:  10.0 10.0 loc_loss:  0.5562993621826172 reward_loss:  -27.81317710876465
epoch:  25 batch:  30 region_loss:  10.0 10.0 loc_loss:  0.5682499694824219 reward_loss:  -28.412935256958008
epoch:  25 batch:  40 region_loss:  10.0 10.0 loc_loss:  0.6821946716308593 reward_loss:  -34.10846710205078
epoch:  25 batch:  50 region_loss:  10.0 10.0 loc_loss:  0.5672577667236328 reward_loss:  -28.362571716308594
epoch:  25 batch:  60 region_loss:  10.0 10.0 loc_loss:  0.6039138793945312 reward_loss:  -30.195018768310547
epoch:  25 batch:  70 region_loss:  10.0 10.0 loc_loss:  0.5767882156372071 reward_loss:  -28.838607788085938
epoch:  25 batch:  80 region_loss:  10.0 10.0 loc_loss:  0.6455858612060547 reward_loss:  -32.280067443847656
epoch:  25 batch:  90 region_loss:  6.0 6.0 loc_loss:  0.3876272964477539 reward_loss:  -19.381196975708008
epoch:  25 batch:  100 region_loss:  8.0 8.0 loc_loss:  0.4587821960449219 reward_loss:  -22.93745994567871
epoch:  25 batch:  110 region_loss:  4.0 4.0 loc_loss:  0.25762554168701174 reward_loss:  -12.879591941833496
epoch:  25 batch:  120 region_loss:  5.0 5.0 loc_loss:  0.28675777435302735 reward_loss:  -14.339111328125
epoch:  25 batch:  130 region_loss:  7.0 7.0 loc_loss:  0.45163124084472656 reward_loss:  -22.580595016479492
acc@1:  0.12935089369708372
epoch: 25 region loss 0.17051094890510948 loc loss 0.5035668561754436 reward loss -25.17839418536555
epoch:  26 batch:  0 region_loss:  10.0 10.0 loc_loss:  0.5418603897094727 reward_loss:  -27.09491539001465
epoch:  26 batch:  10 region_loss:  10.0 10.0 loc_loss:  0.5963048553466797 reward_loss:  -29.816118240356445
epoch:  26 batch:  20 region_loss:  10.0 10.0 loc_loss:  0.5355108642578125 reward_loss:  -26.77568817138672
epoch:  26 batch:  30 region_loss:  10.0 10.0 loc_loss:  0.5429246520996094 reward_loss:  -27.146751403808594
epoch:  26 batch:  40 region_loss:  10.0 10.0 loc_loss:  0.6561406707763672 reward_loss:  -32.808109283447266
epoch:  26 batch:  50 region_loss:  10.0 10.0 loc_loss:  0.543668327331543 reward_loss:  -27.184906005859375
epoch:  26 batch:  60 region_loss:  10.0 10.0 loc_loss:  0.5757292175292968 reward_loss:  -28.78687858581543
epoch:  26 batch:  70 region_loss:  10.0 10.0 loc_loss:  0.5522661590576172 reward_loss:  -27.614215850830078
epoch:  26 batch:  80 region_loss:  10.0 10.0 loc_loss:  0.616866340637207 reward_loss:  -30.843154907226562
epoch:  26 batch:  90 region_loss:  6.0 6.0 loc_loss:  0.3696363067626953 reward_loss:  -18.48275375366211
epoch:  26 batch:  100 region_loss:  8.0 8.0 loc_loss:  0.43856651306152344 reward_loss:  -21.929479598999023
epoch:  26 batch:  110 region_loss:  4.0 4.0 loc_loss:  0.24416702270507812 reward_loss:  -12.206547737121582
epoch:  26 batch:  120 region_loss:  5.0 5.0 loc_loss:  0.27171524047851564 reward_loss:  -13.587272644042969
epoch:  26 batch:  130 region_loss:  7.0 7.0 loc_loss:  0.43110946655273436 reward_loss:  -21.556900024414062
acc@1:  0.1284101599247413
epoch: 26 region loss 0.17051094890510948 loc loss 0.48218688630709683 reward loss -24.109315830425626
epoch:  27 batch:  0 region_loss:  10.0 10.0 loc_loss:  0.5165077209472656 reward_loss:  -25.827123641967773
epoch:  27 batch:  10 region_loss:  10.0 10.0 loc_loss:  0.5703424453735352 reward_loss:  -28.517824172973633
epoch:  27 batch:  20 region_loss:  10.0 10.0 loc_loss:  0.5154304885864258 reward_loss:  -25.770389556884766
epoch:  27 batch:  30 region_loss:  10.0 10.0 loc_loss:  0.5188189697265625 reward_loss:  -25.9411678314209
epoch:  27 batch:  40 region_loss:  10.0 10.0 loc_loss:  0.6308109283447265 reward_loss:  -31.539165496826172
epoch:  27 batch:  50 region_loss:  10.0 10.0 loc_loss:  0.5214225387573242 reward_loss:  -26.072025299072266
epoch:  27 batch:  60 region_loss:  10.0 10.0 loc_loss:  0.5484830474853516 reward_loss:  -27.424667358398438
epoch:  27 batch:  70 region_loss:  10.0 10.0 loc_loss:  0.5290156173706054 reward_loss:  -26.449047088623047
epoch:  27 batch:  80 region_loss:  10.0 10.0 loc_loss:  0.5888302993774414 reward_loss:  -29.440563201904297
epoch:  27 batch:  90 region_loss:  6.0 6.0 loc_loss:  0.3522783660888672 reward_loss:  -17.613370895385742
epoch:  27 batch:  100 region_loss:  8.0 8.0 loc_loss:  0.41890777587890626 reward_loss:  -20.94565200805664
epoch:  27 batch:  110 region_loss:  4.0 4.0 loc_loss:  0.23136388778686523 reward_loss:  -11.568387031555176
epoch:  27 batch:  120 region_loss:  5.0 5.0 loc_loss:  0.2576123046875 reward_loss:  -12.878402709960938
epoch:  27 batch:  130 region_loss:  7.0 7.0 loc_loss:  0.41100582122802737 reward_loss:  -20.54973030090332
acc@1:  0.12464722483537159
epoch: 27 region loss 0.17051094890510948 loc loss 0.4615635315693208 reward loss -23.07802469016862
epoch:  28 batch:  0 region_loss:  10.0 10.0 loc_loss:  0.4919918060302734 reward_loss:  -24.600017547607422
epoch:  28 batch:  10 region_loss:  10.0 10.0 loc_loss:  0.5453659057617187 reward_loss:  -27.266294479370117
epoch:  28 batch:  20 region_loss:  10.0 10.0 loc_loss:  0.49633567810058593 reward_loss:  -24.81768226623535
epoch:  28 batch:  30 region_loss:  10.0 10.0 loc_loss:  0.49524120330810545 reward_loss:  -24.762876510620117
epoch:  28 batch:  40 region_loss:  10.0 10.0 loc_loss:  0.6060731887817383 reward_loss:  -30.303110122680664
epoch:  28 batch:  50 region_loss:  10.0 10.0 loc_loss:  0.4997328948974609 reward_loss:  -24.987041473388672
epoch:  28 batch:  60 region_loss:  10.0 10.0 loc_loss:  0.522636604309082 reward_loss:  -26.130687713623047
epoch:  28 batch:  70 region_loss:  10.0 10.0 loc_loss:  0.5063573837280273 reward_loss:  -25.320568084716797
epoch:  28 batch:  80 region_loss:  10.0 10.0 loc_loss:  0.5619948196411133 reward_loss:  -28.10074806213379
epoch:  28 batch:  90 region_loss:  6.0 6.0 loc_loss:  0.33532932281494143 reward_loss:  -16.76678466796875
epoch:  28 batch:  100 region_loss:  8.0 8.0 loc_loss:  0.3997378158569336 reward_loss:  -19.987442016601562
epoch:  28 batch:  110 region_loss:  4.0 4.0 loc_loss:  0.2190595245361328 reward_loss:  -10.954837799072266
epoch:  28 batch:  120 region_loss:  5.0 5.0 loc_loss:  0.24386365890502928 reward_loss:  -12.193207740783691
epoch:  28 batch:  130 region_loss:  7.0 7.0 loc_loss:  0.3916041946411133 reward_loss:  -19.579004287719727
acc@1:  0.12323612417685795
epoch: 28 region loss 0.17051094890510948 loc loss 0.44163900250065935 reward loss -22.0819325969167
epoch:  29 batch:  0 region_loss:  10.0 10.0 loc_loss:  0.4687520599365234 reward_loss:  -23.43730926513672
epoch:  29 batch:  10 region_loss:  10.0 10.0 loc_loss:  0.521424789428711 reward_loss:  -26.072002410888672
epoch:  29 batch:  20 region_loss:  10.0 10.0 loc_loss:  0.47765079498291013 reward_loss:  -23.882543563842773
epoch:  29 batch:  30 region_loss:  10.0 10.0 loc_loss:  0.47285247802734376 reward_loss:  -23.641592025756836
epoch:  29 batch:  40 region_loss:  10.0 10.0 loc_loss:  0.5815077972412109 reward_loss:  -29.075912475585938
epoch:  29 batch:  50 region_loss:  10.0 10.0 loc_loss:  0.47854366302490237 reward_loss:  -23.926280975341797
epoch:  29 batch:  60 region_loss:  10.0 10.0 loc_loss:  0.49755626678466797 reward_loss:  -24.878047943115234
epoch:  29 batch:  70 region_loss:  10.0 10.0 loc_loss:  0.484844856262207 reward_loss:  -24.241090774536133
epoch:  29 batch:  80 region_loss:  10.0 10.0 loc_loss:  0.5355467987060547 reward_loss:  -26.775775909423828
epoch:  29 batch:  90 region_loss:  6.0 6.0 loc_loss:  0.3187657165527344 reward_loss:  -15.939882278442383
epoch:  29 batch:  100 region_loss:  8.0 8.0 loc_loss:  0.381527099609375 reward_loss:  -19.07564926147461
epoch:  29 batch:  110 region_loss:  4.0 4.0 loc_loss:  0.20697708129882814 reward_loss:  -10.348308563232422
epoch:  29 batch:  120 region_loss:  5.0 5.0 loc_loss:  0.23079750061035156 reward_loss:  -11.54028606414795
epoch:  29 batch:  130 region_loss:  7.0 7.0 loc_loss:  0.3727096939086914 reward_loss:  -18.63677978515625
acc@1:  0.12229539040451552
epoch: 29 region loss 0.17051094890510948 loc loss 0.42235969028333675 reward loss -21.117804071328937
epoch:  30 batch:  0 region_loss:  10.0 10.0 loc_loss:  0.44604637145996096 reward_loss:  -22.30150032043457
epoch:  30 batch:  10 region_loss:  10.0 10.0 loc_loss:  0.49814437866210937 reward_loss:  -24.9088191986084
epoch:  30 batch:  20 region_loss:  10.0 10.0 loc_loss:  0.45958675384521486 reward_loss:  -22.980010986328125
epoch:  30 batch:  30 region_loss:  10.0 10.0 loc_loss:  0.4511573028564453 reward_loss:  -22.558589935302734
epoch:  30 batch:  40 region_loss:  10.0 10.0 loc_loss:  0.5577753448486328 reward_loss:  -27.88723373413086
epoch:  30 batch:  50 region_loss:  10.0 10.0 loc_loss:  0.45840091705322267 reward_loss:  -22.919343948364258
epoch:  30 batch:  60 region_loss:  10.0 10.0 loc_loss:  0.47353172302246094 reward_loss:  -23.675228118896484
epoch:  30 batch:  70 region_loss:  10.0 10.0 loc_loss:  0.4641309356689453 reward_loss:  -23.206432342529297
epoch:  30 batch:  80 region_loss:  10.0 10.0 loc_loss:  0.5099814987182617 reward_loss:  -25.49953842163086
epoch:  30 batch:  90 region_loss:  6.0 6.0 loc_loss:  0.30276906967163086 reward_loss:  -15.137162208557129
epoch:  30 batch:  100 region_loss:  8.0 8.0 loc_loss:  0.3636714172363281 reward_loss:  -18.182905197143555
epoch:  30 batch:  110 region_loss:  4.0 4.0 loc_loss:  0.1955249786376953 reward_loss:  -9.77602481842041
epoch:  30 batch:  120 region_loss:  5.0 5.0 loc_loss:  0.2182191276550293 reward_loss:  -10.91111946105957
epoch:  30 batch:  130 region_loss:  7.0 7.0 loc_loss:  0.3546556854248047 reward_loss:  -17.732681274414062
acc@1:  0.1218250235183443
epoch: 30 region loss 0.17051094890510948 loc loss 0.40370186788322276 reward loss -20.185123641995617
epoch:  31 batch:  0 region_loss:  10.0 10.0 loc_loss:  0.4243790817260742 reward_loss:  -21.219430923461914
epoch:  31 batch:  10 region_loss:  10.0 10.0 loc_loss:  0.47562145233154296 reward_loss:  -23.781190872192383
epoch:  31 batch:  20 region_loss:  10.0 10.0 loc_loss:  0.4420964431762695 reward_loss:  -22.105093002319336
epoch:  31 batch:  30 region_loss:  10.0 10.0 loc_loss:  0.4301936340332031 reward_loss:  -21.508638381958008
epoch:  31 batch:  40 region_loss:  10.0 10.0 loc_loss:  0.534630012512207 reward_loss:  -26.73293685913086
epoch:  31 batch:  50 region_loss:  10.0 10.0 loc_loss:  0.43841064453125 reward_loss:  -21.920562744140625
epoch:  31 batch:  60 region_loss:  10.0 10.0 loc_loss:  0.4502249526977539 reward_loss:  -22.508758544921875
epoch:  31 batch:  70 region_loss:  10.0 10.0 loc_loss:  0.4441256332397461 reward_loss:  -22.20488166809082
epoch:  31 batch:  80 region_loss:  10.0 10.0 loc_loss:  0.4850347900390625 reward_loss:  -24.251596450805664
epoch:  31 batch:  90 region_loss:  6.0 6.0 loc_loss:  0.28701295852661135 reward_loss:  -14.35147762298584
epoch:  31 batch:  100 region_loss:  8.0 8.0 loc_loss:  0.3464805221557617 reward_loss:  -17.324623107910156
epoch:  31 batch:  110 region_loss:  4.0 4.0 loc_loss:  0.18448223114013673 reward_loss:  -9.224491119384766
epoch:  31 batch:  120 region_loss:  5.0 5.0 loc_loss:  0.20620965957641602 reward_loss:  -10.309574127197266
epoch:  31 batch:  130 region_loss:  7.0 7.0 loc_loss:  0.33687458038330076 reward_loss:  -16.8460693359375
acc@1:  0.1218250235183443
epoch: 31 region loss 0.17051094890510948 loc loss 0.38555658441390434 reward loss -19.277889904314584
epoch:  32 batch:  0 region_loss:  10.0 10.0 loc_loss:  0.4035739517211914 reward_loss:  -20.178800582885742
epoch:  32 batch:  10 region_loss:  10.0 10.0 loc_loss:  0.45399917602539064 reward_loss:  -22.7000732421875
epoch:  32 batch:  20 region_loss:  10.0 10.0 loc_loss:  0.4250426483154297 reward_loss:  -21.251283645629883
epoch:  32 batch:  30 region_loss:  10.0 10.0 loc_loss:  0.4099854278564453 reward_loss:  -20.498920440673828
epoch:  32 batch:  40 region_loss:  10.0 10.0 loc_loss:  0.5117110824584961 reward_loss:  -25.585037231445312
epoch:  32 batch:  50 region_loss:  10.0 10.0 loc_loss:  0.41907936096191406 reward_loss:  -20.953535079956055
epoch:  32 batch:  60 region_loss:  10.0 10.0 loc_loss:  0.4278070068359375 reward_loss:  -21.389087677001953
epoch:  32 batch:  70 region_loss:  10.0 10.0 loc_loss:  0.4245383834838867 reward_loss:  -21.22435188293457
epoch:  32 batch:  80 region_loss:  10.0 10.0 loc_loss:  0.4605482864379883 reward_loss:  -23.02956771850586
epoch:  32 batch:  90 region_loss:  6.0 6.0 loc_loss:  0.27183486938476564 reward_loss:  -13.591787338256836
epoch:  32 batch:  100 region_loss:  8.0 8.0 loc_loss:  0.3294655227661133 reward_loss:  -16.475156784057617
epoch:  32 batch:  110 region_loss:  4.0 4.0 loc_loss:  0.17394268035888671 reward_loss:  -8.697236061096191
epoch:  32 batch:  120 region_loss:  5.0 5.0 loc_loss:  0.19468978881835938 reward_loss:  -9.735041618347168
epoch:  32 batch:  130 region_loss:  7.0 7.0 loc_loss:  0.3197722625732422 reward_loss:  -15.988004684448242
acc@1:  0.12088428974600188
epoch: 32 region loss 0.17051094890510948 loc loss 0.36795411719022875 reward loss -18.397631229275333
epoch:  33 batch:  0 region_loss:  10.0 10.0 loc_loss:  0.38342067718505857 reward_loss:  -19.171266555786133
epoch:  33 batch:  10 region_loss:  10.0 10.0 loc_loss:  0.43294281005859375 reward_loss:  -21.646942138671875
epoch:  33 batch:  20 region_loss:  10.0 10.0 loc_loss:  0.40820159912109377 reward_loss:  -20.410432815551758
epoch:  33 batch:  30 region_loss:  10.0 10.0 loc_loss:  0.3902774429321289 reward_loss:  -19.51371955871582
epoch:  33 batch:  40 region_loss:  10.0 10.0 loc_loss:  0.48929141998291015 reward_loss:  -24.464319229125977
epoch:  33 batch:  50 region_loss:  10.0 10.0 loc_loss:  0.4004546356201172 reward_loss:  -20.0228214263916
epoch:  33 batch:  60 region_loss:  10.0 10.0 loc_loss:  0.4061907958984375 reward_loss:  -20.309173583984375
epoch:  33 batch:  70 region_loss:  10.0 10.0 loc_loss:  0.40555274963378907 reward_loss:  -20.278459548950195
epoch:  33 batch:  80 region_loss:  10.0 10.0 loc_loss:  0.4371772766113281 reward_loss:  -21.85828971862793
epoch:  33 batch:  90 region_loss:  6.0 6.0 loc_loss:  0.25712821960449217 reward_loss:  -12.855809211730957
epoch:  33 batch:  100 region_loss:  8.0 8.0 loc_loss:  0.31361988067626956 reward_loss:  -15.681974411010742
epoch:  33 batch:  110 region_loss:  4.0 4.0 loc_loss:  0.1636924362182617 reward_loss:  -8.18462085723877
epoch:  33 batch:  120 region_loss:  5.0 5.0 loc_loss:  0.18353321075439452 reward_loss:  -9.177240371704102
epoch:  33 batch:  130 region_loss:  7.0 7.0 loc_loss:  0.3029967880249023 reward_loss:  -15.149263381958008
acc@1:  0.12088428974600188
epoch: 33 region loss 0.17051094890510948 loc loss 0.3508394938489816 reward loss -17.541927205385083
epoch:  34 batch:  0 region_loss:  10.0 10.0 loc_loss:  0.36412773132324217 reward_loss:  -18.206302642822266
epoch:  34 batch:  10 region_loss:  10.0 10.0 loc_loss:  0.41233779907226564 reward_loss:  -20.61680030822754
epoch:  34 batch:  20 region_loss:  10.0 10.0 loc_loss:  0.3919342041015625 reward_loss:  -19.596025466918945
epoch:  34 batch:  30 region_loss:  10.0 10.0 loc_loss:  0.3713862609863281 reward_loss:  -18.56819725036621
epoch:  34 batch:  40 region_loss:  10.0 10.0 loc_loss:  0.4674748229980469 reward_loss:  -23.373315811157227
epoch:  34 batch:  50 region_loss:  10.0 10.0 loc_loss:  0.38220203399658204 reward_loss:  -19.110013961791992
epoch:  34 batch:  60 region_loss:  10.0 10.0 loc_loss:  0.38539730072021483 reward_loss:  -19.269386291503906
epoch:  34 batch:  70 region_loss:  10.0 10.0 loc_loss:  0.38714324951171875 reward_loss:  -19.355777740478516
epoch:  34 batch:  80 region_loss:  10.0 10.0 loc_loss:  0.41414436340332034 reward_loss:  -20.70663070678711
epoch:  34 batch:  90 region_loss:  6.0 6.0 loc_loss:  0.24310924530029296 reward_loss:  -12.155579566955566
epoch:  34 batch:  100 region_loss:  8.0 8.0 loc_loss:  0.29796184539794923 reward_loss:  -14.896833419799805
epoch:  34 batch:  110 region_loss:  4.0 4.0 loc_loss:  0.15382769584655762 reward_loss:  -7.691245079040527
epoch:  34 batch:  120 region_loss:  5.0 5.0 loc_loss:  0.17277694702148438 reward_loss:  -8.638848304748535
epoch:  34 batch:  130 region_loss:  7.0 7.0 loc_loss:  0.2867567825317383 reward_loss:  -14.338641166687012
acc@1:  0.11994355597365945
epoch: 34 region loss 0.17051094890510948 loc loss 0.33424773324145013 reward loss -16.712317666868223
epoch:  35 batch:  0 region_loss:  10.0 10.0 loc_loss:  0.3452938461303711 reward_loss:  -17.26486587524414
epoch:  35 batch:  10 region_loss:  10.0 10.0 loc_loss:  0.3923477554321289 reward_loss:  -19.618146896362305
epoch:  35 batch:  20 region_loss:  10.0 10.0 loc_loss:  0.3757911682128906 reward_loss:  -18.789113998413086
epoch:  35 batch:  30 region_loss:  10.0 10.0 loc_loss:  0.3528303527832031 reward_loss:  -17.64239501953125
epoch:  35 batch:  40 region_loss:  10.0 10.0 loc_loss:  0.44614837646484373 reward_loss:  -22.30751609802246
epoch:  35 batch:  50 region_loss:  10.0 10.0 loc_loss:  0.36416778564453123 reward_loss:  -18.20795249938965
epoch:  35 batch:  60 region_loss:  10.0 10.0 loc_loss:  0.36523483276367186 reward_loss:  -18.263334274291992
epoch:  35 batch:  70 region_loss:  10.0 10.0 loc_loss:  0.3692170715332031 reward_loss:  -18.462305068969727
epoch:  35 batch:  80 region_loss:  10.0 10.0 loc_loss:  0.3919551086425781 reward_loss:  -19.59795570373535
epoch:  35 batch:  90 region_loss:  6.0 6.0 loc_loss:  0.22900646209716796 reward_loss:  -11.451501846313477
epoch:  35 batch:  100 region_loss:  8.0 8.0 loc_loss:  0.2826726531982422 reward_loss:  -14.132808685302734
epoch:  35 batch:  110 region_loss:  4.0 4.0 loc_loss:  0.14456552505493164 reward_loss:  -7.226926803588867
epoch:  35 batch:  120 region_loss:  5.0 5.0 loc_loss:  0.1626531219482422 reward_loss:  -8.132835388183594
epoch:  35 batch:  130 region_loss:  7.0 7.0 loc_loss:  0.2712099266052246 reward_loss:  -13.5604829788208
acc@1:  0.11947318908748825
epoch: 35 region loss 0.17051094890510948 loc loss 0.3181614153228537 reward loss -15.90814550688667
epoch:  36 batch:  0 region_loss:  10.0 10.0 loc_loss:  0.3271717834472656 reward_loss:  -16.357824325561523
epoch:  36 batch:  10 region_loss:  10.0 10.0 loc_loss:  0.37275020599365233 reward_loss:  -18.637510299682617
epoch:  36 batch:  20 region_loss:  10.0 10.0 loc_loss:  0.36043510437011717 reward_loss:  -18.021146774291992
epoch:  36 batch:  30 region_loss:  10.0 10.0 loc_loss:  0.3347200393676758 reward_loss:  -16.735607147216797
epoch:  36 batch:  40 region_loss:  10.0 10.0 loc_loss:  0.4252619171142578 reward_loss:  -21.262741088867188
epoch:  36 batch:  50 region_loss:  10.0 10.0 loc_loss:  0.34677886962890625 reward_loss:  -17.339914321899414
epoch:  36 batch:  60 region_loss:  10.0 10.0 loc_loss:  0.34589332580566406 reward_loss:  -17.297504425048828
epoch:  36 batch:  70 region_loss:  10.0 10.0 loc_loss:  0.35182220458984376 reward_loss:  -17.5918025970459
epoch:  36 batch:  80 region_loss:  10.0 10.0 loc_loss:  0.3703778076171875 reward_loss:  -18.518138885498047
epoch:  36 batch:  90 region_loss:  6.0 6.0 loc_loss:  0.21596548080444336 reward_loss:  -10.798789978027344
epoch:  36 batch:  100 region_loss:  8.0 8.0 loc_loss:  0.26809837341308596 reward_loss:  -13.403234481811523
epoch:  36 batch:  110 region_loss:  4.0 4.0 loc_loss:  0.13548402786254882 reward_loss:  -6.774234771728516
epoch:  36 batch:  120 region_loss:  5.0 5.0 loc_loss:  0.15269182205200196 reward_loss:  -7.6330790519714355
epoch:  36 batch:  130 region_loss:  7.0 7.0 loc_loss:  0.2561954498291016 reward_loss:  -12.808453559875488
acc@1:  0.11994355597365945
epoch: 36 region loss 0.17051094890510948 loc loss 0.3026382658081333 reward loss -15.13162589943322
epoch:  37 batch:  0 region_loss:  10.0 10.0 loc_loss:  0.3098568344116211 reward_loss:  -15.491439819335938
epoch:  37 batch:  10 region_loss:  10.0 10.0 loc_loss:  0.3543107604980469 reward_loss:  -17.71553611755371
epoch:  37 batch:  20 region_loss:  10.0 10.0 loc_loss:  0.3450453567504883 reward_loss:  -17.252384185791016
epoch:  37 batch:  30 region_loss:  10.0 10.0 loc_loss:  0.317446231842041 reward_loss:  -15.87132453918457
epoch:  37 batch:  40 region_loss:  10.0 10.0 loc_loss:  0.40488960266113283 reward_loss:  -20.244197845458984
epoch:  37 batch:  50 region_loss:  10.0 10.0 loc_loss:  0.32987548828125 reward_loss:  -16.494640350341797
epoch:  37 batch:  60 region_loss:  10.0 10.0 loc_loss:  0.32733890533447263 reward_loss:  -16.369281768798828
epoch:  37 batch:  70 region_loss:  10.0 10.0 loc_loss:  0.33490570068359377 reward_loss:  -16.744762420654297
epoch:  37 batch:  80 region_loss:  10.0 10.0 loc_loss:  0.3496226119995117 reward_loss:  -17.48171615600586
epoch:  37 batch:  90 region_loss:  6.0 6.0 loc_loss:  0.20293895721435548 reward_loss:  -10.147098541259766
epoch:  37 batch:  100 region_loss:  8.0 8.0 loc_loss:  0.2536280632019043 reward_loss:  -12.684531211853027
epoch:  37 batch:  110 region_loss:  4.0 4.0 loc_loss:  0.12694372177124025 reward_loss:  -6.346373558044434
epoch:  37 batch:  120 region_loss:  5.0 5.0 loc_loss:  0.14360395431518555 reward_loss:  -7.180525302886963
epoch:  37 batch:  130 region_loss:  7.0 7.0 loc_loss:  0.24144290924072265 reward_loss:  -12.074417114257812
acc@1:  0.11900282220131703
epoch: 37 region loss 0.17051094890510948 loc loss 0.2876547271839894 reward loss -14.38285024670789
epoch:  38 batch:  0 region_loss:  10.0 10.0 loc_loss:  0.29277618408203127 reward_loss:  -14.640347480773926
epoch:  38 batch:  10 region_loss:  10.0 10.0 loc_loss:  0.3357191848754883 reward_loss:  -16.78596305847168
epoch:  38 batch:  20 region_loss:  10.0 10.0 loc_loss:  0.33125785827636717 reward_loss:  -16.56171226501465
epoch:  38 batch:  30 region_loss:  10.0 10.0 loc_loss:  0.30064739227294923 reward_loss:  -15.031761169433594
epoch:  38 batch:  40 region_loss:  10.0 10.0 loc_loss:  0.3850006103515625 reward_loss:  -19.250064849853516
epoch:  38 batch:  50 region_loss:  10.0 10.0 loc_loss:  0.3141940689086914 reward_loss:  -15.709724426269531
epoch:  38 batch:  60 region_loss:  10.0 10.0 loc_loss:  0.309622802734375 reward_loss:  -15.480069160461426
epoch:  38 batch:  70 region_loss:  10.0 10.0 loc_loss:  0.3187089729309082 reward_loss:  -15.929481506347656
epoch:  38 batch:  80 region_loss:  10.0 10.0 loc_loss:  0.3295046615600586 reward_loss:  -16.474580764770508
epoch:  38 batch:  90 region_loss:  6.0 6.0 loc_loss:  0.19103773117065428 reward_loss:  -9.551183700561523
epoch:  38 batch:  100 region_loss:  8.0 8.0 loc_loss:  0.24076349258422852 reward_loss:  -12.040715217590332
epoch:  38 batch:  110 region_loss:  4.0 4.0 loc_loss:  0.11852829933166503 reward_loss:  -5.9277544021606445
epoch:  38 batch:  120 region_loss:  5.0 5.0 loc_loss:  0.13432664871215821 reward_loss:  -6.71651554107666
epoch:  38 batch:  130 region_loss:  7.0 7.0 loc_loss:  0.22747360229492186 reward_loss:  -11.373641967773438
acc@1:  0.11618062088428975
epoch: 38 region loss 0.17051094890510948 loc loss 0.27321488135052424 reward loss -13.660758058520129
epoch:  39 batch:  0 region_loss:  10.0 10.0 loc_loss:  0.27679187774658204 reward_loss:  -13.839527130126953
epoch:  39 batch:  10 region_loss:  10.0 10.0 loc_loss:  0.3183852958679199 reward_loss:  -15.919265747070312
epoch:  39 batch:  20 region_loss:  10.0 10.0 loc_loss:  0.3179206848144531 reward_loss:  -15.895965576171875
epoch:  39 batch:  30 region_loss:  10.0 10.0 loc_loss:  0.2844645881652832 reward_loss:  -14.22404956817627
epoch:  39 batch:  40 region_loss:  10.0 10.0 loc_loss:  0.3657931900024414 reward_loss:  -18.289276123046875
epoch:  39 batch:  50 region_loss:  10.0 10.0 loc_loss:  0.2988421821594238 reward_loss:  -14.94233226776123
epoch:  39 batch:  60 region_loss:  10.0 10.0 loc_loss:  0.29230676651000975 reward_loss:  -14.612617492675781
epoch:  39 batch:  70 region_loss:  10.0 10.0 loc_loss:  0.3023320388793945 reward_loss:  -15.118348121643066
epoch:  39 batch:  80 region_loss:  10.0 10.0 loc_loss:  0.3102434730529785 reward_loss:  -15.512094497680664
epoch:  39 batch:  90 region_loss:  6.0 6.0 loc_loss:  0.17890716552734376 reward_loss:  -8.945258140563965
epoch:  39 batch:  100 region_loss:  8.0 8.0 loc_loss:  0.22644100189208985 reward_loss:  -11.323269844055176
epoch:  39 batch:  110 region_loss:  4.0 4.0 loc_loss:  0.1108155918121338 reward_loss:  -5.540693283081055
epoch:  39 batch:  120 region_loss:  5.0 5.0 loc_loss:  0.12605394363403322 reward_loss:  -6.30340576171875
epoch:  39 batch:  130 region_loss:  7.0 7.0 loc_loss:  0.21375429153442382 reward_loss:  -10.686127662658691
acc@1:  0.11665098777046096
epoch: 39 region loss 0.17051094890510948 loc loss 0.25921420861334693 reward loss -12.960493230471647
epoch:  40 batch:  0 region_loss:  10.0 10.0 loc_loss:  0.26109378814697265 reward_loss:  -13.05453872680664
epoch:  40 batch:  10 region_loss:  10.0 10.0 loc_loss:  0.3010630416870117 reward_loss:  -15.053150177001953
epoch:  40 batch:  20 region_loss:  10.0 10.0 loc_loss:  0.3101167106628418 reward_loss:  -15.505836486816406
epoch:  40 batch:  30 region_loss:  10.0 10.0 loc_loss:  0.26935567855834963 reward_loss:  -13.467247009277344
epoch:  40 batch:  40 region_loss:  10.0 10.0 loc_loss:  0.34703166961669923 reward_loss:  -17.35225486755371
epoch:  40 batch:  50 region_loss:  10.0 10.0 loc_loss:  0.28513256072998044 reward_loss:  -14.258204460144043
epoch:  40 batch:  60 region_loss:  10.0 10.0 loc_loss:  0.27601999282836914 reward_loss:  -13.802627563476562
epoch:  40 batch:  70 region_loss:  10.0 10.0 loc_loss:  0.2873245620727539 reward_loss:  -14.366867065429688
epoch:  40 batch:  80 region_loss:  10.0 10.0 loc_loss:  0.291321907043457 reward_loss:  -14.565969467163086
epoch:  40 batch:  90 region_loss:  6.0 6.0 loc_loss:  0.1679156494140625 reward_loss:  -8.396377563476562
epoch:  40 batch:  100 region_loss:  8.0 8.0 loc_loss:  0.21491828918457032 reward_loss:  -10.747222900390625
epoch:  40 batch:  110 region_loss:  4.0 4.0 loc_loss:  0.10315420150756836 reward_loss:  -5.157618522644043
epoch:  40 batch:  120 region_loss:  5.0 5.0 loc_loss:  0.11774391174316406 reward_loss:  -5.886638641357422
epoch:  40 batch:  130 region_loss:  7.0 7.0 loc_loss:  0.2010923767089844 reward_loss:  -10.053483963012695
acc@1:  0.11194731890874883
epoch: 40 region loss 0.17051094890510948 loc loss 0.24577269515851988 reward loss -12.28864249086728
epoch:  41 batch:  0 region_loss:  10.0 10.0 loc_loss:  0.24644344329833984 reward_loss:  -12.321083068847656
epoch:  41 batch:  10 region_loss:  10.0 10.0 loc_loss:  0.28499467849731447 reward_loss:  -14.24973201751709
epoch:  41 batch:  20 region_loss:  10.0 10.0 loc_loss:  0.30107112884521486 reward_loss:  -15.053556442260742
epoch:  41 batch:  30 region_loss:  10.0 10.0 loc_loss:  0.2541521644592285 reward_loss:  -12.707833290100098
epoch:  41 batch:  40 region_loss:  10.0 10.0 loc_loss:  0.32926288604736326 reward_loss:  -16.462238311767578
epoch:  41 batch:  50 region_loss:  10.0 10.0 loc_loss:  0.27036127090454104 reward_loss:  -13.517476081848145
epoch:  41 batch:  60 region_loss:  10.0 10.0 loc_loss:  0.2603526496887207 reward_loss:  -13.017580032348633
epoch:  41 batch:  70 region_loss:  10.0 10.0 loc_loss:  0.272460994720459 reward_loss:  -13.625014305114746
epoch:  41 batch:  80 region_loss:  10.0 10.0 loc_loss:  0.2740828323364258 reward_loss:  -13.703590393066406
epoch:  41 batch:  90 region_loss:  6.0 6.0 loc_loss:  0.1567165184020996 reward_loss:  -7.836331367492676
epoch:  41 batch:  100 region_loss:  8.0 8.0 loc_loss:  0.20174989700317383 reward_loss:  -10.087194442749023
epoch:  41 batch:  110 region_loss:  4.0 4.0 loc_loss:  0.09636266708374024 reward_loss:  -4.8181328773498535
epoch:  41 batch:  120 region_loss:  5.0 5.0 loc_loss:  0.11007659912109374 reward_loss:  -5.504058837890625
epoch:  41 batch:  130 region_loss:  7.0 7.0 loc_loss:  0.1883755111694336 reward_loss:  -9.418664932250977
acc@1:  0.11429915333960489
epoch: 41 region loss 0.17051094890510948 loc loss 0.23286067795579452 reward loss -11.643135150853734
epoch:  42 batch:  0 region_loss:  10.0 10.0 loc_loss:  0.23216609954833983 reward_loss:  -11.608973503112793
epoch:  42 batch:  10 region_loss:  10.0 10.0 loc_loss:  0.2690222930908203 reward_loss:  -13.451050758361816
epoch:  42 batch:  20 region_loss:  10.0 10.0 loc_loss:  0.28909740447998045 reward_loss:  -14.45506763458252
epoch:  42 batch:  30 region_loss:  10.0 10.0 loc_loss:  0.24020668029785155 reward_loss:  -12.011286735534668
epoch:  42 batch:  40 region_loss:  10.0 10.0 loc_loss:  0.3121382713317871 reward_loss:  -15.606178283691406
epoch:  42 batch:  50 region_loss:  10.0 10.0 loc_loss:  0.2556044387817383 reward_loss:  -12.78016471862793
epoch:  42 batch:  60 region_loss:  10.0 10.0 loc_loss:  0.245397891998291 reward_loss:  -12.269124984741211
epoch:  42 batch:  70 region_loss:  10.0 10.0 loc_loss:  0.2581538963317871 reward_loss:  -12.906096458435059
epoch:  42 batch:  80 region_loss:  10.0 10.0 loc_loss:  0.25674989700317385 reward_loss:  -12.838090896606445
epoch:  42 batch:  90 region_loss:  6.0 6.0 loc_loss:  0.146891450881958 reward_loss:  -7.344572067260742
epoch:  42 batch:  100 region_loss:  8.0 8.0 loc_loss:  0.19083316802978514 reward_loss:  -9.540122985839844
epoch:  42 batch:  110 region_loss:  4.0 4.0 loc_loss:  0.08938157081604003 reward_loss:  -4.4702348709106445
epoch:  42 batch:  120 region_loss:  5.0 5.0 loc_loss:  0.10273357391357422 reward_loss:  -5.136678218841553
epoch:  42 batch:  130 region_loss:  7.0 7.0 loc_loss:  0.17656116485595702 reward_loss:  -8.82968807220459
acc@1:  0.10912511759172154
epoch: 42 region loss 0.17051094890510948 loc loss 0.22016599686476435 reward loss -11.00836092364179
epoch:  43 batch:  0 region_loss:  10.0 10.0 loc_loss:  0.2188525390625 reward_loss:  -10.943115234375
epoch:  43 batch:  10 region_loss:  10.0 10.0 loc_loss:  0.2538777732849121 reward_loss:  -12.693829536437988
epoch:  43 batch:  20 region_loss:  10.0 10.0 loc_loss:  0.27207216262817385 reward_loss:  -13.603610038757324
epoch:  43 batch:  30 region_loss:  10.0 10.0 loc_loss:  0.2264605712890625 reward_loss:  -11.322173118591309
epoch:  43 batch:  40 region_loss:  10.0 10.0 loc_loss:  0.2955259132385254 reward_loss:  -14.776625633239746
epoch:  43 batch:  50 region_loss:  10.0 10.0 loc_loss:  0.24113046646118164 reward_loss:  -12.056317329406738
epoch:  43 batch:  60 region_loss:  10.0 10.0 loc_loss:  0.23095029830932617 reward_loss:  -11.550511360168457
epoch:  43 batch:  70 region_loss:  10.0 10.0 loc_loss:  0.2440245246887207 reward_loss:  -12.199346542358398
epoch:  43 batch:  80 region_loss:  10.0 10.0 loc_loss:  0.24063066482543946 reward_loss:  -12.03215503692627
epoch:  43 batch:  90 region_loss:  6.0 6.0 loc_loss:  0.13680208206176758 reward_loss:  -6.839237689971924
epoch:  43 batch:  100 region_loss:  8.0 8.0 loc_loss:  0.17895269393920898 reward_loss:  -8.947834014892578
epoch:  43 batch:  110 region_loss:  4.0 4.0 loc_loss:  0.08333891868591309 reward_loss:  -4.16718864440918
epoch:  43 batch:  120 region_loss:  5.0 5.0 loc_loss:  0.09579609870910645 reward_loss:  -4.78965950012207
epoch:  43 batch:  130 region_loss:  7.0 7.0 loc_loss:  0.16526235580444337 reward_loss:  -8.263114929199219
acc@1:  0.11053621825023519
epoch: 43 region loss 0.17051094890510948 loc loss 0.20804419503594837 reward loss -10.402186266697235
epoch:  44 batch:  0 region_loss:  10.0 10.0 loc_loss:  0.20619001388549804 reward_loss:  -10.308332443237305
epoch:  44 batch:  10 region_loss:  10.0 10.0 loc_loss:  0.23916046142578126 reward_loss:  -11.958022117614746
epoch:  44 batch:  20 region_loss:  10.0 10.0 loc_loss:  0.2569230079650879 reward_loss:  -12.846149444580078
epoch:  44 batch:  30 region_loss:  10.0 10.0 loc_loss:  0.2136290168762207 reward_loss:  -10.683090209960938
epoch:  44 batch:  40 region_loss:  10.0 10.0 loc_loss:  0.27952320098876954 reward_loss:  -13.977068901062012
epoch:  44 batch:  50 region_loss:  10.0 10.0 loc_loss:  0.22818904876708984 reward_loss:  -11.409074783325195
epoch:  44 batch:  60 region_loss:  10.0 10.0 loc_loss:  0.21718305587768555 reward_loss:  -10.861631393432617
epoch:  44 batch:  70 region_loss:  10.0 10.0 loc_loss:  0.23025274276733398 reward_loss:  -11.51327133178711
epoch:  44 batch:  80 region_loss:  10.0 10.0 loc_loss:  0.22506105422973632 reward_loss:  -11.256299018859863
epoch:  44 batch:  90 region_loss:  6.0 6.0 loc_loss:  0.1279831886291504 reward_loss:  -6.399998664855957
epoch:  44 batch:  100 region_loss:  8.0 8.0 loc_loss:  0.16875598907470704 reward_loss:  -8.439642906188965
epoch:  44 batch:  110 region_loss:  4.0 4.0 loc_loss:  0.07705881595611572 reward_loss:  -3.853245973587036
epoch:  44 batch:  120 region_loss:  5.0 5.0 loc_loss:  0.08925477027893067 reward_loss:  -4.462738990783691
epoch:  44 batch:  130 region_loss:  7.0 7.0 loc_loss:  0.15459871292114258 reward_loss:  -7.728492736816406
acc@1:  0.10442144873000941
epoch: 44 region loss 0.17051094890510948 loc loss 0.19629724824515574 reward loss -9.814802955972016
epoch:  45 batch:  0 region_loss:  10.0 10.0 loc_loss:  0.19413864135742187 reward_loss:  -9.70598030090332
epoch:  45 batch:  10 region_loss:  10.0 10.0 loc_loss:  0.22510025024414063 reward_loss:  -11.254996299743652
epoch:  45 batch:  20 region_loss:  10.0 10.0 loc_loss:  0.2430116653442383 reward_loss:  -12.1500883102417
epoch:  45 batch:  30 region_loss:  10.0 10.0 loc_loss:  0.2009866714477539 reward_loss:  -10.049803733825684
epoch:  45 batch:  40 region_loss:  10.0 10.0 loc_loss:  0.26396127700805666 reward_loss:  -13.19857120513916
epoch:  45 batch:  50 region_loss:  10.0 10.0 loc_loss:  0.21521190643310548 reward_loss:  -10.760674476623535
epoch:  45 batch:  60 region_loss:  10.0 10.0 loc_loss:  0.2046158218383789 reward_loss:  -10.230907440185547
epoch:  45 batch:  70 region_loss:  10.0 10.0 loc_loss:  0.2171148681640625 reward_loss:  -10.860696792602539
epoch:  45 batch:  80 region_loss:  10.0 10.0 loc_loss:  0.2104557991027832 reward_loss:  -10.522144317626953
epoch:  45 batch:  90 region_loss:  6.0 6.0 loc_loss:  0.11905182838439941 reward_loss:  -5.953997611999512
epoch:  45 batch:  100 region_loss:  8.0 8.0 loc_loss:  0.15794337272644043 reward_loss:  -7.896657943725586
epoch:  45 batch:  110 region_loss:  4.0 4.0 loc_loss:  0.07155426025390625 reward_loss:  -3.578059673309326
epoch:  45 batch:  120 region_loss:  5.0 5.0 loc_loss:  0.08329728126525879 reward_loss:  -4.1648640632629395
epoch:  45 batch:  130 region_loss:  7.0 7.0 loc_loss:  0.1442847156524658 reward_loss:  -7.2155842781066895
acc@1:  0.11006585136406397
epoch: 45 region loss 0.17051094890510948 loc loss 0.18524246226262 reward loss -9.261908485506574
epoch:  46 batch:  0 region_loss:  10.0 10.0 loc_loss:  0.1822458839416504 reward_loss:  -9.112872123718262
epoch:  46 batch:  10 region_loss:  10.0 10.0 loc_loss:  0.2117911148071289 reward_loss:  -10.589497566223145
epoch:  46 batch:  20 region_loss:  10.0 10.0 loc_loss:  0.23130483627319337 reward_loss:  -11.565291404724121
epoch:  46 batch:  30 region_loss:  10.0 10.0 loc_loss:  0.18917247772216797 reward_loss:  -9.458438873291016
epoch:  46 batch:  40 region_loss:  10.0 10.0 loc_loss:  0.24908868789672853 reward_loss:  -12.453675270080566
epoch:  46 batch:  50 region_loss:  10.0 10.0 loc_loss:  0.2034023666381836 reward_loss:  -10.169760704040527
epoch:  46 batch:  60 region_loss:  10.0 10.0 loc_loss:  0.19210952758789063 reward_loss:  -9.602978706359863
epoch:  46 batch:  70 region_loss:  10.0 10.0 loc_loss:  0.20405736923217774 reward_loss:  -10.206232070922852
epoch:  46 batch:  80 region_loss:  10.0 10.0 loc_loss:  0.19639204025268556 reward_loss:  -9.819602966308594
epoch:  46 batch:  90 region_loss:  6.0 6.0 loc_loss:  0.11099155426025391 reward_loss:  -5.549443244934082
epoch:  46 batch:  100 region_loss:  8.0 8.0 loc_loss:  0.14853187561035155 reward_loss:  -7.4249396324157715
epoch:  46 batch:  110 region_loss:  4.0 4.0 loc_loss:  0.06619928359985351 reward_loss:  -3.310081958770752
epoch:  46 batch:  120 region_loss:  5.0 5.0 loc_loss:  0.07745650291442871 reward_loss:  -3.8735010623931885
epoch:  46 batch:  130 region_loss:  7.0 7.0 loc_loss:  0.13460831642150878 reward_loss:  -6.7305006980896
acc@1:  0.10348071495766697
epoch: 46 region loss 0.17051094890510948 loc loss 0.1745652262137754 reward loss -8.728369363903129
epoch:  47 batch:  0 region_loss:  10.0 10.0 loc_loss:  0.17133913040161133 reward_loss:  -8.566380500793457
epoch:  47 batch:  10 region_loss:  10.0 10.0 loc_loss:  0.19893911361694336 reward_loss:  -9.9486665725708
epoch:  47 batch:  20 region_loss:  10.0 10.0 loc_loss:  0.21987972259521485 reward_loss:  -10.993986129760742
epoch:  47 batch:  30 region_loss:  10.0 10.0 loc_loss:  0.17729145050048828 reward_loss:  -8.86735725402832
epoch:  47 batch:  40 region_loss:  10.0 10.0 loc_loss:  0.23434848785400392 reward_loss:  -11.71745491027832
epoch:  47 batch:  50 region_loss:  10.0 10.0 loc_loss:  0.19205305099487305 reward_loss:  -9.602723121643066
epoch:  47 batch:  60 region_loss:  10.0 10.0 loc_loss:  0.18040697097778322 reward_loss:  -9.02057933807373
epoch:  47 batch:  70 region_loss:  10.0 10.0 loc_loss:  0.1920904541015625 reward_loss:  -9.606574058532715
epoch:  47 batch:  80 region_loss:  10.0 10.0 loc_loss:  0.18355371475219726 reward_loss:  -9.17762565612793
epoch:  47 batch:  90 region_loss:  6.0 6.0 loc_loss:  0.10337894439697265 reward_loss:  -5.168909549713135
epoch:  47 batch:  100 region_loss:  8.0 8.0 loc_loss:  0.1385861301422119 reward_loss:  -6.92962646484375
epoch:  47 batch:  110 region_loss:  4.0 4.0 loc_loss:  0.06129364013671875 reward_loss:  -3.06535005569458
epoch:  47 batch:  120 region_loss:  5.0 5.0 loc_loss:  0.072119460105896 reward_loss:  -3.6058366298675537
epoch:  47 batch:  130 region_loss:  7.0 7.0 loc_loss:  0.12552396774291993 reward_loss:  -6.275685787200928
acc@1:  0.1077140169332079
epoch: 47 region loss 0.17051094890510948 loc loss 0.16450804891377468 reward loss -8.225489278779413
epoch:  48 batch:  0 region_loss:  10.0 10.0 loc_loss:  0.16055339813232422 reward_loss:  -8.02567195892334
epoch:  48 batch:  10 region_loss:  10.0 10.0 loc_loss:  0.18648704528808593 reward_loss:  -9.32224178314209
epoch:  48 batch:  20 region_loss:  10.0 10.0 loc_loss:  0.20990196228027344 reward_loss:  -10.495098114013672
epoch:  48 batch:  30 region_loss:  10.0 10.0 loc_loss:  0.1664356231689453 reward_loss:  -8.320481300354004
epoch:  48 batch:  40 region_loss:  10.0 10.0 loc_loss:  0.22034496307373047 reward_loss:  -11.017509460449219
epoch:  48 batch:  50 region_loss:  10.0 10.0 loc_loss:  0.18151365280151366 reward_loss:  -9.07578182220459
epoch:  48 batch:  60 region_loss:  10.0 10.0 loc_loss:  0.16906259536743165 reward_loss:  -8.449049949645996
epoch:  48 batch:  70 region_loss:  10.0 10.0 loc_loss:  0.1809805679321289 reward_loss:  -9.049432754516602
epoch:  48 batch:  80 region_loss:  10.0 10.0 loc_loss:  0.1710243606567383 reward_loss:  -8.551217079162598
epoch:  48 batch:  90 region_loss:  6.0 6.0 loc_loss:  0.0961661148071289 reward_loss:  -4.804579734802246
epoch:  48 batch:  100 region_loss:  8.0 8.0 loc_loss:  0.13029717445373534 reward_loss:  -6.515111923217773
epoch:  48 batch:  110 region_loss:  4.0 4.0 loc_loss:  0.056569938659667966 reward_loss:  -2.827775001525879
epoch:  48 batch:  120 region_loss:  5.0 5.0 loc_loss:  0.06707474708557129 reward_loss:  -3.3537402153015137
epoch:  48 batch:  130 region_loss:  7.0 7.0 loc_loss:  0.11677746772766114 reward_loss:  -5.838618755340576
acc@1:  0.10442144873000941
epoch: 48 region loss 0.17051094890510948 loc loss 0.15486892831586574 reward loss -7.743572257731083
epoch:  49 batch:  0 region_loss:  10.0 10.0 loc_loss:  0.1509859085083008 reward_loss:  -7.549225807189941
epoch:  49 batch:  10 region_loss:  10.0 10.0 loc_loss:  0.17501092910766602 reward_loss:  -8.750505447387695
epoch:  49 batch:  20 region_loss:  10.0 10.0 loc_loss:  0.1999410057067871 reward_loss:  -9.997050285339355
epoch:  49 batch:  30 region_loss:  10.0 10.0 loc_loss:  0.15578447341918944 reward_loss:  -7.788325309753418
epoch:  49 batch:  40 region_loss:  10.0 10.0 loc_loss:  0.2069992446899414 reward_loss:  -10.350221633911133
epoch:  49 batch:  50 region_loss:  10.0 10.0 loc_loss:  0.1713957405090332 reward_loss:  -8.569782257080078
epoch:  49 batch:  60 region_loss:  10.0 10.0 loc_loss:  0.15850362777709961 reward_loss:  -7.928646564483643
epoch:  49 batch:  70 region_loss:  10.0 10.0 loc_loss:  0.1699087905883789 reward_loss:  -8.494566917419434
epoch:  49 batch:  80 region_loss:  10.0 10.0 loc_loss:  0.15966919898986817 reward_loss:  -7.98345947265625
epoch:  49 batch:  90 region_loss:  6.0 6.0 loc_loss:  0.08942338943481445 reward_loss:  -4.471155166625977
epoch:  49 batch:  100 region_loss:  8.0 8.0 loc_loss:  0.12126333236694337 reward_loss:  -6.060840129852295
epoch:  49 batch:  110 region_loss:  4.0 4.0 loc_loss:  0.05230327606201172 reward_loss:  -2.6159510612487793
epoch:  49 batch:  120 region_loss:  5.0 5.0 loc_loss:  0.06241857528686524 reward_loss:  -3.1212010383605957
epoch:  49 batch:  130 region_loss:  7.0 7.0 loc_loss:  0.1087880516052246 reward_loss:  -5.439149379730225
acc@1:  0.10677328316086547
epoch: 49 region loss 0.17051094890510948 loc loss 0.14584642617371832 reward loss -7.292417973497488
