nohup: ignoring input
cuda
epoch:  0 batch:  0 region_loss:  10.0 10.0 loc_loss:  1.9845298767089843 reward_loss:  -99.2267837524414
epoch:  0 batch:  10 region_loss:  10.0 10.0 loc_loss:  1.984515380859375 reward_loss:  -99.22523498535156
epoch:  0 batch:  20 region_loss:  10.0 10.0 loc_loss:  1.9960476684570312 reward_loss:  -99.80371856689453
epoch:  0 batch:  30 region_loss:  10.0 10.0 loc_loss:  1.9875180053710937 reward_loss:  -99.37606811523438
epoch:  0 batch:  40 region_loss:  10.0 10.0 loc_loss:  1.9867625427246094 reward_loss:  -99.33914947509766
epoch:  0 batch:  50 region_loss:  10.0 10.0 loc_loss:  1.9818202209472657 reward_loss:  -99.09129333496094
epoch:  0 batch:  60 region_loss:  10.0 10.0 loc_loss:  1.9850958251953126 reward_loss:  -99.25424194335938
epoch:  0 batch:  70 region_loss:  10.0 10.0 loc_loss:  1.9857427978515625 reward_loss:  -99.28728485107422
epoch:  0 batch:  80 region_loss:  10.0 10.0 loc_loss:  1.9841310119628905 reward_loss:  -99.20689392089844
epoch:  0 batch:  90 region_loss:  6.0 6.0 loc_loss:  1.1803623199462892 reward_loss:  -59.01799774169922
epoch:  0 batch:  100 region_loss:  8.0 8.0 loc_loss:  1.573221435546875 reward_loss:  -78.66145324707031
epoch:  0 batch:  110 region_loss:  4.0 4.0 loc_loss:  0.7875776672363282 reward_loss:  -39.378936767578125
epoch:  0 batch:  120 region_loss:  5.0 5.0 loc_loss:  0.9786302185058594 reward_loss:  -48.930564880371094
epoch:  0 batch:  130 region_loss:  7.0 7.0 loc_loss:  1.3712510681152343 reward_loss:  -68.56180572509766
acc@1:  0.0042333019755409216
epoch: 0 region loss 0.17051094890510948 loc loss 1.6865968133411269 reward loss -84.32983821673984
epoch:  1 batch:  0 region_loss:  10.0 10.0 loc_loss:  1.9100437927246094 reward_loss:  -95.50192260742188
epoch:  1 batch:  10 region_loss:  10.0 10.0 loc_loss:  1.9325860595703126 reward_loss:  -96.63007354736328
epoch:  1 batch:  20 region_loss:  10.0 10.0 loc_loss:  1.9336129760742187 reward_loss:  -96.68228149414062
epoch:  1 batch:  30 region_loss:  10.0 10.0 loc_loss:  1.9277102661132812 reward_loss:  -96.38520050048828
epoch:  1 batch:  40 region_loss:  10.0 10.0 loc_loss:  1.91529052734375 reward_loss:  -95.76457977294922
epoch:  1 batch:  50 region_loss:  10.0 10.0 loc_loss:  1.9045242309570312 reward_loss:  -95.22669982910156
epoch:  1 batch:  60 region_loss:  10.0 10.0 loc_loss:  1.8982160949707032 reward_loss:  -94.91132354736328
epoch:  1 batch:  70 region_loss:  10.0 10.0 loc_loss:  1.8847738647460937 reward_loss:  -94.23759460449219
epoch:  1 batch:  80 region_loss:  10.0 10.0 loc_loss:  1.8638296508789063 reward_loss:  -93.19143676757812
epoch:  1 batch:  90 region_loss:  6.0 6.0 loc_loss:  1.1012734222412108 reward_loss:  -55.063499450683594
epoch:  1 batch:  100 region_loss:  8.0 8.0 loc_loss:  1.4522784423828126 reward_loss:  -72.61396789550781
epoch:  1 batch:  110 region_loss:  4.0 4.0 loc_loss:  0.7351474761962891 reward_loss:  -36.756797790527344
epoch:  1 batch:  120 region_loss:  5.0 5.0 loc_loss:  0.9048051452636718 reward_loss:  -45.240394592285156
epoch:  1 batch:  130 region_loss:  7.0 7.0 loc_loss:  1.2544077301025391 reward_loss:  -62.72100067138672
acc@1:  0.02022577610536218
epoch: 1 region loss 0.17051094890510948 loc loss 1.600539840364108 reward loss -80.02699020831254
epoch:  2 batch:  0 region_loss:  10.0 10.0 loc_loss:  1.7282427978515624 reward_loss:  -86.4118881225586
epoch:  2 batch:  10 region_loss:  10.0 10.0 loc_loss:  1.7504475402832032 reward_loss:  -87.5234375
epoch:  2 batch:  20 region_loss:  10.0 10.0 loc_loss:  1.7471456909179688 reward_loss:  -87.35781860351562
epoch:  2 batch:  30 region_loss:  10.0 10.0 loc_loss:  1.77419189453125 reward_loss:  -88.70947265625
epoch:  2 batch:  40 region_loss:  10.0 10.0 loc_loss:  1.7253598022460936 reward_loss:  -86.2686767578125
epoch:  2 batch:  50 region_loss:  10.0 10.0 loc_loss:  1.7727658081054687 reward_loss:  -88.63873291015625
epoch:  2 batch:  60 region_loss:  10.0 10.0 loc_loss:  1.7545237731933594 reward_loss:  -87.7263412475586
epoch:  2 batch:  70 region_loss:  10.0 10.0 loc_loss:  1.7579635620117187 reward_loss:  -87.89813995361328
epoch:  2 batch:  80 region_loss:  10.0 10.0 loc_loss:  1.7288150024414062 reward_loss:  -86.44099426269531
epoch:  2 batch:  90 region_loss:  6.0 6.0 loc_loss:  1.033911819458008 reward_loss:  -51.695369720458984
epoch:  2 batch:  100 region_loss:  8.0 8.0 loc_loss:  1.3718214416503907 reward_loss:  -68.59137725830078
epoch:  2 batch:  110 region_loss:  4.0 4.0 loc_loss:  0.700172119140625 reward_loss:  -35.009159088134766
epoch:  2 batch:  120 region_loss:  5.0 5.0 loc_loss:  0.8650579833984375 reward_loss:  -43.25325012207031
epoch:  2 batch:  130 region_loss:  7.0 7.0 loc_loss:  1.2038072204589845 reward_loss:  -60.191505432128906
acc@1:  0.03386641580432737
epoch: 2 region loss 0.17051094890510948 loc loss 1.4740874213893917 reward loss -73.70435049237996
epoch:  3 batch:  0 region_loss:  10.0 10.0 loc_loss:  1.6777301025390625 reward_loss:  -83.88697814941406
epoch:  3 batch:  10 region_loss:  10.0 10.0 loc_loss:  1.6806956481933595 reward_loss:  -84.03629302978516
epoch:  3 batch:  20 region_loss:  10.0 10.0 loc_loss:  1.657416534423828 reward_loss:  -82.87103271484375
epoch:  3 batch:  30 region_loss:  10.0 10.0 loc_loss:  1.702552490234375 reward_loss:  -85.12681579589844
epoch:  3 batch:  40 region_loss:  10.0 10.0 loc_loss:  1.6490330505371094 reward_loss:  -82.45218658447266
epoch:  3 batch:  50 region_loss:  10.0 10.0 loc_loss:  1.7015835571289062 reward_loss:  -85.07876586914062
epoch:  3 batch:  60 region_loss:  10.0 10.0 loc_loss:  1.6867369079589845 reward_loss:  -84.33770751953125
epoch:  3 batch:  70 region_loss:  10.0 10.0 loc_loss:  1.6896250915527344 reward_loss:  -84.48054504394531
epoch:  3 batch:  80 region_loss:  10.0 10.0 loc_loss:  1.6683686828613282 reward_loss:  -83.41796112060547
epoch:  3 batch:  90 region_loss:  6.0 6.0 loc_loss:  1.0007662963867188 reward_loss:  -50.03853988647461
epoch:  3 batch:  100 region_loss:  8.0 8.0 loc_loss:  1.3248019409179688 reward_loss:  -66.2400131225586
epoch:  3 batch:  110 region_loss:  4.0 4.0 loc_loss:  0.6802407836914063 reward_loss:  -34.012115478515625
epoch:  3 batch:  120 region_loss:  5.0 5.0 loc_loss:  0.8399172973632812 reward_loss:  -41.99510955810547
epoch:  3 batch:  130 region_loss:  7.0 7.0 loc_loss:  1.1713166809082032 reward_loss:  -58.56626510620117
acc@1:  0.04186265286923801
epoch: 3 region loss 0.17051094890510948 loc loss 1.4149442892701085 reward loss -70.7473383437108
epoch:  4 batch:  0 region_loss:  10.0 10.0 loc_loss:  1.634595947265625 reward_loss:  -81.73091888427734
epoch:  4 batch:  10 region_loss:  10.0 10.0 loc_loss:  1.63474609375 reward_loss:  -81.7374496459961
epoch:  4 batch:  20 region_loss:  10.0 10.0 loc_loss:  1.5936885070800781 reward_loss:  -79.68449401855469
epoch:  4 batch:  30 region_loss:  10.0 10.0 loc_loss:  1.6477999877929688 reward_loss:  -82.3897933959961
epoch:  4 batch:  40 region_loss:  10.0 10.0 loc_loss:  1.5922245788574219 reward_loss:  -79.61235046386719
epoch:  4 batch:  50 region_loss:  10.0 10.0 loc_loss:  1.643883056640625 reward_loss:  -82.19384002685547
epoch:  4 batch:  60 region_loss:  10.0 10.0 loc_loss:  1.6317156982421874 reward_loss:  -81.58576965332031
epoch:  4 batch:  70 region_loss:  10.0 10.0 loc_loss:  1.6312014770507812 reward_loss:  -81.55998229980469
epoch:  4 batch:  80 region_loss:  10.0 10.0 loc_loss:  1.6160700988769532 reward_loss:  -80.8037338256836
epoch:  4 batch:  90 region_loss:  6.0 6.0 loc_loss:  0.9711557006835938 reward_loss:  -48.55775451660156
epoch:  4 batch:  100 region_loss:  8.0 8.0 loc_loss:  1.280603485107422 reward_loss:  -64.03031921386719
epoch:  4 batch:  110 region_loss:  4.0 4.0 loc_loss:  0.6625153350830079 reward_loss:  -33.12531280517578
epoch:  4 batch:  120 region_loss:  5.0 5.0 loc_loss:  0.8152426910400391 reward_loss:  -40.762245178222656
epoch:  4 batch:  130 region_loss:  7.0 7.0 loc_loss:  1.1391514587402343 reward_loss:  -56.9577751159668
acc@1:  0.047036688617121354
epoch: 4 region loss 0.17051094890510948 loc loss 1.3665263386190372 reward loss -68.32641356530851
epoch:  5 batch:  0 region_loss:  10.0 10.0 loc_loss:  1.5865797424316406 reward_loss:  -79.3287582397461
epoch:  5 batch:  10 region_loss:  10.0 10.0 loc_loss:  1.5882711791992188 reward_loss:  -79.41381072998047
epoch:  5 batch:  20 region_loss:  10.0 10.0 loc_loss:  1.5319926452636718 reward_loss:  -76.59945678710938
epoch:  5 batch:  30 region_loss:  10.0 10.0 loc_loss:  1.5936213684082032 reward_loss:  -79.68096923828125
epoch:  5 batch:  40 region_loss:  10.0 10.0 loc_loss:  1.5375746154785157 reward_loss:  -76.87864685058594
epoch:  5 batch:  50 region_loss:  10.0 10.0 loc_loss:  1.5866175842285157 reward_loss:  -79.33123779296875
epoch:  5 batch:  60 region_loss:  10.0 10.0 loc_loss:  1.5773728942871095 reward_loss:  -78.86882781982422
epoch:  5 batch:  70 region_loss:  10.0 10.0 loc_loss:  1.5727198791503907 reward_loss:  -78.63612365722656
epoch:  5 batch:  80 region_loss:  10.0 10.0 loc_loss:  1.5632015991210937 reward_loss:  -78.16014099121094
epoch:  5 batch:  90 region_loss:  6.0 6.0 loc_loss:  0.9409444427490234 reward_loss:  -47.047306060791016
epoch:  5 batch:  100 region_loss:  8.0 8.0 loc_loss:  1.2339934539794921 reward_loss:  -61.699581146240234
epoch:  5 batch:  110 region_loss:  4.0 4.0 loc_loss:  0.6445760345458984 reward_loss:  -32.228614807128906
epoch:  5 batch:  120 region_loss:  5.0 5.0 loc_loss:  0.7893305969238281 reward_loss:  -39.466590881347656
epoch:  5 batch:  130 region_loss:  7.0 7.0 loc_loss:  1.1046066284179688 reward_loss:  -55.23036193847656
acc@1:  0.05879586077140169
epoch: 5 region loss 0.17051094890510948 loc loss 1.3177561168252987 reward loss -65.88780854218197
epoch:  6 batch:  0 region_loss:  10.0 10.0 loc_loss:  1.5336741638183593 reward_loss:  -76.68356323242188
epoch:  6 batch:  10 region_loss:  10.0 10.0 loc_loss:  1.5372157287597656 reward_loss:  -76.86053466796875
epoch:  6 batch:  20 region_loss:  10.0 10.0 loc_loss:  1.4666743469238281 reward_loss:  -73.33368682861328
epoch:  6 batch:  30 region_loss:  10.0 10.0 loc_loss:  1.5353205871582032 reward_loss:  -76.76625061035156
epoch:  6 batch:  40 region_loss:  10.0 10.0 loc_loss:  1.481094207763672 reward_loss:  -74.05470275878906
epoch:  6 batch:  50 region_loss:  10.0 10.0 loc_loss:  1.52455322265625 reward_loss:  -76.22727966308594
epoch:  6 batch:  60 region_loss:  10.0 10.0 loc_loss:  1.5194961547851562 reward_loss:  -75.97510528564453
epoch:  6 batch:  70 region_loss:  10.0 10.0 loc_loss:  1.5111341857910157 reward_loss:  -75.5570297241211
epoch:  6 batch:  80 region_loss:  10.0 10.0 loc_loss:  1.5076356506347657 reward_loss:  -75.38179016113281
epoch:  6 batch:  90 region_loss:  6.0 6.0 loc_loss:  0.9091319274902344 reward_loss:  -45.456520080566406
epoch:  6 batch:  100 region_loss:  8.0 8.0 loc_loss:  1.1831202697753906 reward_loss:  -59.156044006347656
epoch:  6 batch:  110 region_loss:  4.0 4.0 loc_loss:  0.6257852935791015 reward_loss:  -31.289430618286133
epoch:  6 batch:  120 region_loss:  5.0 5.0 loc_loss:  0.7614759826660156 reward_loss:  -38.073760986328125
epoch:  6 batch:  130 region_loss:  7.0 7.0 loc_loss:  1.0671804809570313 reward_loss:  -53.35900115966797
acc@1:  0.07008466603951082
epoch: 6 region loss 0.17051094890510948 loc loss 1.266130287003343 reward loss -63.30653180867216
epoch:  7 batch:  0 region_loss:  10.0 10.0 loc_loss:  1.4753883361816407 reward_loss:  -73.76943969726562
epoch:  7 batch:  10 region_loss:  10.0 10.0 loc_loss:  1.4804345703125 reward_loss:  -74.02172088623047
epoch:  7 batch:  20 region_loss:  10.0 10.0 loc_loss:  1.397271728515625 reward_loss:  -69.8636474609375
epoch:  7 batch:  30 region_loss:  10.0 10.0 loc_loss:  1.4724336242675782 reward_loss:  -73.62167358398438
epoch:  7 batch:  40 region_loss:  10.0 10.0 loc_loss:  1.4235008239746094 reward_loss:  -71.17510223388672
epoch:  7 batch:  50 region_loss:  10.0 10.0 loc_loss:  1.4568995666503906 reward_loss:  -72.84500122070312
epoch:  7 batch:  60 region_loss:  10.0 10.0 loc_loss:  1.4574755859375 reward_loss:  -72.87394714355469
epoch:  7 batch:  70 region_loss:  10.0 10.0 loc_loss:  1.4453341674804687 reward_loss:  -72.26649475097656
epoch:  7 batch:  80 region_loss:  10.0 10.0 loc_loss:  1.4487318420410156 reward_loss:  -72.43657684326172
epoch:  7 batch:  90 region_loss:  6.0 6.0 loc_loss:  0.8757643127441406 reward_loss:  -43.78843688964844
epoch:  7 batch:  100 region_loss:  8.0 8.0 loc_loss:  1.1280335235595702 reward_loss:  -56.40168762207031
epoch:  7 batch:  110 region_loss:  4.0 4.0 loc_loss:  0.6059815979003906 reward_loss:  -30.299129486083984
epoch:  7 batch:  120 region_loss:  5.0 5.0 loc_loss:  0.7316961669921875 reward_loss:  -36.58487319946289
epoch:  7 batch:  130 region_loss:  7.0 7.0 loc_loss:  1.0272219848632813 reward_loss:  -51.36113357543945
acc@1:  0.08184383819379115
epoch: 7 region loss 0.17051094890510948 loc loss 1.2113822182425618 reward loss -60.56912959579134
epoch:  8 batch:  0 region_loss:  10.0 10.0 loc_loss:  1.4116439819335938 reward_loss:  -70.58218383789062
epoch:  8 batch:  10 region_loss:  10.0 10.0 loc_loss:  1.4186064147949218 reward_loss:  -70.93043518066406
epoch:  8 batch:  20 region_loss:  10.0 10.0 loc_loss:  1.3254014587402343 reward_loss:  -66.27009582519531
epoch:  8 batch:  30 region_loss:  10.0 10.0 loc_loss:  1.4054322814941407 reward_loss:  -70.2716293334961
epoch:  8 batch:  40 region_loss:  10.0 10.0 loc_loss:  1.3668788146972657 reward_loss:  -68.34393310546875
epoch:  8 batch:  50 region_loss:  10.0 10.0 loc_loss:  1.3846719360351563 reward_loss:  -69.23358917236328
epoch:  8 batch:  60 region_loss:  10.0 10.0 loc_loss:  1.392189483642578 reward_loss:  -69.61029815673828
epoch:  8 batch:  70 region_loss:  10.0 10.0 loc_loss:  1.3754071044921874 reward_loss:  -68.77037811279297
epoch:  8 batch:  80 region_loss:  10.0 10.0 loc_loss:  1.387017822265625 reward_loss:  -69.35089111328125
epoch:  8 batch:  90 region_loss:  6.0 6.0 loc_loss:  0.8411061096191407 reward_loss:  -42.055397033691406
epoch:  8 batch:  100 region_loss:  8.0 8.0 loc_loss:  1.0698528289794922 reward_loss:  -53.492576599121094
epoch:  8 batch:  110 region_loss:  4.0 4.0 loc_loss:  0.5852136993408203 reward_loss:  -29.26068687438965
epoch:  8 batch:  120 region_loss:  5.0 5.0 loc_loss:  0.7003860473632812 reward_loss:  -35.01927185058594
epoch:  8 batch:  130 region_loss:  7.0 7.0 loc_loss:  0.9853309631347656 reward_loss:  -49.26657485961914
acc@1:  0.09689557855126998
epoch: 8 region loss 0.17051094890510948 loc loss 1.1543520076779554 reward loss -57.71760819428159
epoch:  9 batch:  0 region_loss:  10.0 10.0 loc_loss:  1.3437187194824218 reward_loss:  -67.18586730957031
epoch:  9 batch:  10 region_loss:  10.0 10.0 loc_loss:  1.3527536010742187 reward_loss:  -67.6376724243164
epoch:  9 batch:  20 region_loss:  10.0 10.0 loc_loss:  1.2528759002685548 reward_loss:  -62.643741607666016
epoch:  9 batch:  30 region_loss:  10.0 10.0 loc_loss:  1.3354396057128906 reward_loss:  -66.77192687988281
epoch:  9 batch:  40 region_loss:  10.0 10.0 loc_loss:  1.3113882446289062 reward_loss:  -65.56940460205078
epoch:  9 batch:  50 region_loss:  10.0 10.0 loc_loss:  1.3091130065917969 reward_loss:  -65.45571899414062
epoch:  9 batch:  60 region_loss:  10.0 10.0 loc_loss:  1.3252056884765624 reward_loss:  -66.26024627685547
epoch:  9 batch:  70 region_loss:  10.0 10.0 loc_loss:  1.3024652099609375 reward_loss:  -65.12327575683594
epoch:  9 batch:  80 region_loss:  10.0 10.0 loc_loss:  1.3244001770019531 reward_loss:  -66.2199935913086
epoch:  9 batch:  90 region_loss:  6.0 6.0 loc_loss:  0.805718994140625 reward_loss:  -40.285911560058594
epoch:  9 batch:  100 region_loss:  8.0 8.0 loc_loss:  1.0104660034179687 reward_loss:  -50.5233039855957
epoch:  9 batch:  110 region_loss:  4.0 4.0 loc_loss:  0.5636272048950195 reward_loss:  -28.181386947631836
epoch:  9 batch:  120 region_loss:  5.0 5.0 loc_loss:  0.6682707977294922 reward_loss:  -33.413543701171875
epoch:  9 batch:  130 region_loss:  7.0 7.0 loc_loss:  0.9422703552246093 reward_loss:  -47.1135139465332
acc@1:  0.10724365004703669
epoch: 9 region loss 0.17051094890510948 loc loss 1.0962971413048515 reward loss -54.814845092105166
epoch:  10 batch:  0 region_loss:  10.0 10.0 loc_loss:  1.2737049865722656 reward_loss:  -63.685279846191406
epoch:  10 batch:  10 region_loss:  10.0 10.0 loc_loss:  1.2846115112304688 reward_loss:  -64.23056030273438
epoch:  10 batch:  20 region_loss:  10.0 10.0 loc_loss:  1.1808940887451171 reward_loss:  -59.044734954833984
epoch:  10 batch:  30 region_loss:  10.0 10.0 loc_loss:  1.2637718200683594 reward_loss:  -63.18858337402344
epoch:  10 batch:  40 region_loss:  10.0 10.0 loc_loss:  1.2565438079833984 reward_loss:  -62.82719039916992
epoch:  10 batch:  50 region_loss:  10.0 10.0 loc_loss:  1.2320992279052734 reward_loss:  -61.604976654052734
epoch:  10 batch:  60 region_loss:  10.0 10.0 loc_loss:  1.2586904907226562 reward_loss:  -62.93446350097656
epoch:  10 batch:  70 region_loss:  10.0 10.0 loc_loss:  1.2284720611572266 reward_loss:  -61.42368698120117
epoch:  10 batch:  80 region_loss:  10.0 10.0 loc_loss:  1.263316650390625 reward_loss:  -63.165855407714844
epoch:  10 batch:  90 region_loss:  6.0 6.0 loc_loss:  0.7700765991210937 reward_loss:  -38.50386047363281
epoch:  10 batch:  100 region_loss:  8.0 8.0 loc_loss:  0.952032470703125 reward_loss:  -47.6016845703125
epoch:  10 batch:  110 region_loss:  4.0 4.0 loc_loss:  0.5414088821411133 reward_loss:  -27.07044792175293
epoch:  10 batch:  120 region_loss:  5.0 5.0 loc_loss:  0.636106185913086 reward_loss:  -31.805267333984375
epoch:  10 batch:  130 region_loss:  7.0 7.0 loc_loss:  0.8988433837890625 reward_loss:  -44.94209289550781
acc@1:  0.11853245531514581
epoch: 10 region loss 0.17051094890510948 loc loss 1.0385395250529268 reward loss -51.926989687620285
epoch:  11 batch:  0 region_loss:  10.0 10.0 loc_loss:  1.2035460662841797 reward_loss:  -60.17729568481445
epoch:  11 batch:  10 region_loss:  10.0 10.0 loc_loss:  1.216374053955078 reward_loss:  -60.818702697753906
epoch:  11 batch:  20 region_loss:  10.0 10.0 loc_loss:  1.1104512786865235 reward_loss:  -55.5225715637207
epoch:  11 batch:  30 region_loss:  10.0 10.0 loc_loss:  1.1916650390625 reward_loss:  -59.58320617675781
epoch:  11 batch:  40 region_loss:  10.0 10.0 loc_loss:  1.2021937561035156 reward_loss:  -60.10969161987305
epoch:  11 batch:  50 region_loss:  10.0 10.0 loc_loss:  1.1562627410888673 reward_loss:  -57.81312942504883
epoch:  11 batch:  60 region_loss:  10.0 10.0 loc_loss:  1.1939725494384765 reward_loss:  -59.69781494140625
epoch:  11 batch:  70 region_loss:  10.0 10.0 loc_loss:  1.1560774230957032 reward_loss:  -57.803855895996094
epoch:  11 batch:  80 region_loss:  10.0 10.0 loc_loss:  1.2055379486083984 reward_loss:  -60.276798248291016
epoch:  11 batch:  90 region_loss:  6.0 6.0 loc_loss:  0.7347334289550781 reward_loss:  -36.73666763305664
epoch:  11 batch:  100 region_loss:  8.0 8.0 loc_loss:  0.8962989044189453 reward_loss:  -44.8149528503418
epoch:  11 batch:  110 region_loss:  4.0 4.0 loc_loss:  0.5187677764892578 reward_loss:  -25.938400268554688
epoch:  11 batch:  120 region_loss:  5.0 5.0 loc_loss:  0.6044937896728516 reward_loss:  -30.22468376159668
epoch:  11 batch:  130 region_loss:  7.0 7.0 loc_loss:  0.8558894348144531 reward_loss:  -42.794532775878906
acc@1:  0.12464722483537159
epoch: 11 region loss 0.17051094890510948 loc loss 0.9823425437760178 reward loss -49.11710290839202
epoch:  12 batch:  0 region_loss:  10.0 10.0 loc_loss:  1.1350711059570313 reward_loss:  -56.75355529785156
epoch:  12 batch:  10 region_loss:  10.0 10.0 loc_loss:  1.1500923919677735 reward_loss:  -57.50461196899414
epoch:  12 batch:  20 region_loss:  10.0 10.0 loc_loss:  1.0426400756835938 reward_loss:  -52.13200378417969
epoch:  12 batch:  30 region_loss:  10.0 10.0 loc_loss:  1.1201312255859375 reward_loss:  -56.00655746459961
epoch:  12 batch:  40 region_loss:  10.0 10.0 loc_loss:  1.1489295959472656 reward_loss:  -57.446475982666016
epoch:  12 batch:  50 region_loss:  10.0 10.0 loc_loss:  1.0842294311523437 reward_loss:  -54.211299896240234
epoch:  12 batch:  60 region_loss:  10.0 10.0 loc_loss:  1.13160888671875 reward_loss:  -56.58043670654297
epoch:  12 batch:  70 region_loss:  10.0 10.0 loc_loss:  1.0878673553466798 reward_loss:  -54.39335250854492
epoch:  12 batch:  80 region_loss:  10.0 10.0 loc_loss:  1.151195068359375 reward_loss:  -57.55975341796875
epoch:  12 batch:  90 region_loss:  6.0 6.0 loc_loss:  0.7002075958251953 reward_loss:  -35.01038360595703
epoch:  12 batch:  100 region_loss:  8.0 8.0 loc_loss:  0.8444227600097656 reward_loss:  -42.221134185791016
epoch:  12 batch:  110 region_loss:  4.0 4.0 loc_loss:  0.4959547424316406 reward_loss:  -24.797727584838867
epoch:  12 batch:  120 region_loss:  5.0 5.0 loc_loss:  0.5739356231689453 reward_loss:  -28.696788787841797
epoch:  12 batch:  130 region_loss:  7.0 7.0 loc_loss:  0.814201889038086 reward_loss:  -40.710086822509766
acc@1:  0.13029162746942616
epoch: 12 region loss 0.17051094890510948 loc loss 0.9287531547824831 reward loss -46.437652727113154
epoch:  13 batch:  0 region_loss:  10.0 10.0 loc_loss:  1.0697370147705079 reward_loss:  -53.48684310913086
epoch:  13 batch:  10 region_loss:  10.0 10.0 loc_loss:  1.087278823852539 reward_loss:  -54.36394500732422
epoch:  13 batch:  20 region_loss:  10.0 10.0 loc_loss:  0.9787962341308594 reward_loss:  -48.9398078918457
epoch:  13 batch:  30 region_loss:  10.0 10.0 loc_loss:  1.050519027709961 reward_loss:  -52.52595138549805
epoch:  13 batch:  40 region_loss:  10.0 10.0 loc_loss:  1.0977146911621094 reward_loss:  -54.88574981689453
epoch:  13 batch:  50 region_loss:  10.0 10.0 loc_loss:  1.0175468444824218 reward_loss:  -50.877349853515625
epoch:  13 batch:  60 region_loss:  10.0 10.0 loc_loss:  1.072268295288086 reward_loss:  -53.61341857910156
epoch:  13 batch:  70 region_loss:  10.0 10.0 loc_loss:  1.0251919555664062 reward_loss:  -51.25959396362305
epoch:  13 batch:  80 region_loss:  10.0 10.0 loc_loss:  1.099764404296875 reward_loss:  -54.988216400146484
epoch:  13 batch:  90 region_loss:  6.0 6.0 loc_loss:  0.6669430541992187 reward_loss:  -33.34714126586914
epoch:  13 batch:  100 region_loss:  8.0 8.0 loc_loss:  0.7970620727539063 reward_loss:  -39.85310745239258
epoch:  13 batch:  110 region_loss:  4.0 4.0 loc_loss:  0.47329113006591794 reward_loss:  -23.664560317993164
epoch:  13 batch:  120 region_loss:  5.0 5.0 loc_loss:  0.5447147750854492 reward_loss:  -27.235729217529297
epoch:  13 batch:  130 region_loss:  7.0 7.0 loc_loss:  0.7743408203125 reward_loss:  -38.71702575683594
acc@1:  0.1349952963311383
epoch: 13 region loss 0.17051094890510948 loc loss 0.8784851656168917 reward loss -43.92425669370777
epoch:  14 batch:  0 region_loss:  10.0 10.0 loc_loss:  1.0085173797607423 reward_loss:  -50.425880432128906
epoch:  14 batch:  10 region_loss:  10.0 10.0 loc_loss:  1.0288279724121094 reward_loss:  -51.441383361816406
epoch:  14 batch:  20 region_loss:  10.0 10.0 loc_loss:  0.9201133728027344 reward_loss:  -46.00566101074219
epoch:  14 batch:  30 region_loss:  10.0 10.0 loc_loss:  0.9847119140625 reward_loss:  -49.235599517822266
epoch:  14 batch:  40 region_loss:  10.0 10.0 loc_loss:  1.0494080352783204 reward_loss:  -52.47039794921875
epoch:  14 batch:  50 region_loss:  10.0 10.0 loc_loss:  0.9566556549072266 reward_loss:  -47.83278274536133
epoch:  14 batch:  60 region_loss:  10.0 10.0 loc_loss:  1.0166148376464843 reward_loss:  -50.830726623535156
epoch:  14 batch:  70 region_loss:  10.0 10.0 loc_loss:  0.9679841613769531 reward_loss:  -48.399208068847656
epoch:  14 batch:  80 region_loss:  10.0 10.0 loc_loss:  1.0508633422851563 reward_loss:  -52.54316329956055
epoch:  14 batch:  90 region_loss:  6.0 6.0 loc_loss:  0.6352678680419922 reward_loss:  -31.763399124145508
epoch:  14 batch:  100 region_loss:  8.0 8.0 loc_loss:  0.7542364501953125 reward_loss:  -37.71182632446289
epoch:  14 batch:  110 region_loss:  4.0 4.0 loc_loss:  0.45111778259277346 reward_loss:  -22.555885314941406
epoch:  14 batch:  120 region_loss:  5.0 5.0 loc_loss:  0.5168898391723633 reward_loss:  -25.8444881439209
epoch:  14 batch:  130 region_loss:  7.0 7.0 loc_loss:  0.736655502319336 reward_loss:  -36.83277130126953
acc@1:  0.14063969896519285
epoch: 14 region loss 0.17051094890510948 loc loss 0.8318906803548771 reward loss -41.5945342126554
epoch:  15 batch:  0 region_loss:  10.0 10.0 loc_loss:  0.9519835662841797 reward_loss:  -47.599178314208984
epoch:  15 batch:  10 region_loss:  10.0 10.0 loc_loss:  0.9750900268554688 reward_loss:  -48.754493713378906
epoch:  15 batch:  20 region_loss:  10.0 10.0 loc_loss:  0.8671505737304688 reward_loss:  -43.35753631591797
epoch:  15 batch:  30 region_loss:  10.0 10.0 loc_loss:  0.9244123077392579 reward_loss:  -46.22060775756836
epoch:  15 batch:  40 region_loss:  10.0 10.0 loc_loss:  1.004505386352539 reward_loss:  -50.225257873535156
epoch:  15 batch:  50 region_loss:  10.0 10.0 loc_loss:  0.9015750122070313 reward_loss:  -45.078758239746094
epoch:  15 batch:  60 region_loss:  10.0 10.0 loc_loss:  0.9650271606445312 reward_loss:  -48.24953842163086
epoch:  15 batch:  70 region_loss:  10.0 10.0 loc_loss:  0.9156674194335938 reward_loss:  -45.783363342285156
epoch:  15 batch:  80 region_loss:  10.0 10.0 loc_loss:  1.004285888671875 reward_loss:  -50.214290618896484
epoch:  15 batch:  90 region_loss:  6.0 6.0 loc_loss:  0.6053627777099609 reward_loss:  -30.268150329589844
epoch:  15 batch:  100 region_loss:  8.0 8.0 loc_loss:  0.7154508972167969 reward_loss:  -35.77250671386719
epoch:  15 batch:  110 region_loss:  4.0 4.0 loc_loss:  0.42970382690429687 reward_loss:  -21.485191345214844
epoch:  15 batch:  120 region_loss:  5.0 5.0 loc_loss:  0.4904176712036133 reward_loss:  -24.520896911621094
epoch:  15 batch:  130 region_loss:  7.0 7.0 loc_loss:  0.7012998962402344 reward_loss:  -35.06499481201172
acc@1:  0.138758231420508
epoch: 15 region loss 0.17051094890510948 loc loss 0.7890193248665246 reward loss -39.45095136043799
epoch:  16 batch:  0 region_loss:  10.0 10.0 loc_loss:  0.9001594543457031 reward_loss:  -45.007965087890625
epoch:  16 batch:  10 region_loss:  10.0 10.0 loc_loss:  0.9259717559814453 reward_loss:  -46.29859161376953
epoch:  16 batch:  20 region_loss:  10.0 10.0 loc_loss:  0.8197991180419922 reward_loss:  -40.98995590209961
epoch:  16 batch:  30 region_loss:  10.0 10.0 loc_loss:  0.8702233123779297 reward_loss:  -43.51116943359375
epoch:  16 batch:  40 region_loss:  10.0 10.0 loc_loss:  0.9630946350097657 reward_loss:  -48.15473175048828
epoch:  16 batch:  50 region_loss:  10.0 10.0 loc_loss:  0.8521553802490235 reward_loss:  -42.607765197753906
epoch:  16 batch:  60 region_loss:  10.0 10.0 loc_loss:  0.9170458984375 reward_loss:  -45.852294921875
epoch:  16 batch:  70 region_loss:  10.0 10.0 loc_loss:  0.8677847290039062 reward_loss:  -43.38923263549805
epoch:  16 batch:  80 region_loss:  10.0 10.0 loc_loss:  0.9599620819091796 reward_loss:  -47.998104095458984
epoch:  16 batch:  90 region_loss:  6.0 6.0 loc_loss:  0.5772761535644532 reward_loss:  -28.863811492919922
epoch:  16 batch:  100 region_loss:  8.0 8.0 loc_loss:  0.6800617980957031 reward_loss:  -34.00309371948242
epoch:  16 batch:  110 region_loss:  4.0 4.0 loc_loss:  0.40920787811279297 reward_loss:  -20.460390090942383
epoch:  16 batch:  120 region_loss:  5.0 5.0 loc_loss:  0.4652787017822266 reward_loss:  -23.263957977294922
epoch:  16 batch:  130 region_loss:  7.0 7.0 loc_loss:  0.6682347106933594 reward_loss:  -33.41173553466797
acc@1:  0.1396989651928504
epoch: 16 region loss 0.17051094890510948 loc loss 0.7496879906201884 reward loss -37.484398389384694
epoch:  17 batch:  0 region_loss:  10.0 10.0 loc_loss:  0.8525961303710937 reward_loss:  -42.62980270385742
epoch:  17 batch:  10 region_loss:  10.0 10.0 loc_loss:  0.881060562133789 reward_loss:  -44.05302047729492
epoch:  17 batch:  20 region_loss:  10.0 10.0 loc_loss:  0.7775576782226562 reward_loss:  -38.87788391113281
epoch:  17 batch:  30 region_loss:  10.0 10.0 loc_loss:  0.821666488647461 reward_loss:  -41.08332443237305
epoch:  17 batch:  40 region_loss:  10.0 10.0 loc_loss:  0.9249661254882813 reward_loss:  -46.24830627441406
epoch:  17 batch:  50 region_loss:  10.0 10.0 loc_loss:  0.8078506469726563 reward_loss:  -40.39253234863281
epoch:  17 batch:  60 region_loss:  10.0 10.0 loc_loss:  0.8724235534667969 reward_loss:  -43.621177673339844
epoch:  17 batch:  70 region_loss:  10.0 10.0 loc_loss:  0.8240225219726562 reward_loss:  -41.20112609863281
epoch:  17 batch:  80 region_loss:  10.0 10.0 loc_loss:  0.9179298400878906 reward_loss:  -45.89649200439453
epoch:  17 batch:  90 region_loss:  6.0 6.0 loc_loss:  0.550942153930664 reward_loss:  -27.547107696533203
epoch:  17 batch:  100 region_loss:  8.0 8.0 loc_loss:  0.6474933624267578 reward_loss:  -32.37466812133789
epoch:  17 batch:  110 region_loss:  4.0 4.0 loc_loss:  0.38967830657958985 reward_loss:  -19.483917236328125
epoch:  17 batch:  120 region_loss:  5.0 5.0 loc_loss:  0.441470947265625 reward_loss:  -22.073543548583984
epoch:  17 batch:  130 region_loss:  7.0 7.0 loc_loss:  0.6372913360595703 reward_loss:  -31.864564895629883
acc@1:  0.14111006585136407
epoch: 17 region loss 0.17051094890510948 loc loss 0.7135679779609625 reward loss -35.678398410769276
epoch:  18 batch:  0 region_loss:  10.0 10.0 loc_loss:  0.8087222290039062 reward_loss:  -40.43611145019531
epoch:  18 batch:  10 region_loss:  10.0 10.0 loc_loss:  0.8397483825683594 reward_loss:  -41.98741912841797
epoch:  18 batch:  20 region_loss:  10.0 10.0 loc_loss:  0.7397608947753906 reward_loss:  -36.98806381225586
epoch:  18 batch:  30 region_loss:  10.0 10.0 loc_loss:  0.7778466033935547 reward_loss:  -38.892330169677734
epoch:  18 batch:  40 region_loss:  10.0 10.0 loc_loss:  0.8897135925292968 reward_loss:  -44.485687255859375
epoch:  18 batch:  50 region_loss:  10.0 10.0 loc_loss:  0.7678520202636718 reward_loss:  -38.392601013183594
epoch:  18 batch:  60 region_loss:  10.0 10.0 loc_loss:  0.8306434631347657 reward_loss:  -41.532169342041016
epoch:  18 batch:  70 region_loss:  10.0 10.0 loc_loss:  0.784019546508789 reward_loss:  -39.20098114013672
epoch:  18 batch:  80 region_loss:  10.0 10.0 loc_loss:  0.8781728363037109 reward_loss:  -43.90863800048828
epoch:  18 batch:  90 region_loss:  6.0 6.0 loc_loss:  0.5262117767333985 reward_loss:  -26.310588836669922
epoch:  18 batch:  100 region_loss:  8.0 8.0 loc_loss:  0.617249984741211 reward_loss:  -30.862497329711914
epoch:  18 batch:  110 region_loss:  4.0 4.0 loc_loss:  0.37108501434326174 reward_loss:  -18.554248809814453
epoch:  18 batch:  120 region_loss:  5.0 5.0 loc_loss:  0.41894691467285156 reward_loss:  -20.947378158569336
epoch:  18 batch:  130 region_loss:  7.0 7.0 loc_loss:  0.6082379150390625 reward_loss:  -30.411897659301758
acc@1:  0.14016933207902163
epoch: 18 region loss 0.17051094890510948 loc loss 0.6802601257379908 reward loss -34.01300686467303
epoch:  19 batch:  0 region_loss:  10.0 10.0 loc_loss:  0.7680438232421875 reward_loss:  -38.402191162109375
epoch:  19 batch:  10 region_loss:  10.0 10.0 loc_loss:  0.8014250183105469 reward_loss:  -40.07126235961914
epoch:  19 batch:  20 region_loss:  10.0 10.0 loc_loss:  0.7057060241699219 reward_loss:  -35.285301208496094
epoch:  19 batch:  30 region_loss:  10.0 10.0 loc_loss:  0.737904052734375 reward_loss:  -36.89520263671875
epoch:  19 batch:  40 region_loss:  10.0 10.0 loc_loss:  0.856833724975586 reward_loss:  -42.8416862487793
epoch:  19 batch:  50 region_loss:  10.0 10.0 loc_loss:  0.7314034271240234 reward_loss:  -36.57017135620117
epoch:  19 batch:  60 region_loss:  10.0 10.0 loc_loss:  0.7913533020019531 reward_loss:  -39.56766128540039
epoch:  19 batch:  70 region_loss:  10.0 10.0 loc_loss:  0.7472816467285156 reward_loss:  -37.36408233642578
epoch:  19 batch:  80 region_loss:  10.0 10.0 loc_loss:  0.8405215454101562 reward_loss:  -42.02607727050781
epoch:  19 batch:  90 region_loss:  6.0 6.0 loc_loss:  0.5028958511352539 reward_loss:  -25.144794464111328
epoch:  19 batch:  100 region_loss:  8.0 8.0 loc_loss:  0.5889209365844726 reward_loss:  -29.446048736572266
epoch:  19 batch:  110 region_loss:  4.0 4.0 loc_loss:  0.35336181640625 reward_loss:  -17.668088912963867
epoch:  19 batch:  120 region_loss:  5.0 5.0 loc_loss:  0.39762287139892577 reward_loss:  -19.88115882873535
epoch:  19 batch:  130 region_loss:  7.0 7.0 loc_loss:  0.5808270263671875 reward_loss:  -29.041349411010742
acc@1:  0.13734713076199437
epoch: 19 region loss 0.17051094890510948 loc loss 0.6493630470498636 reward loss -32.46815238033768
epoch:  20 batch:  0 region_loss:  10.0 10.0 loc_loss:  0.730159912109375 reward_loss:  -36.50799560546875
epoch:  20 batch:  10 region_loss:  10.0 10.0 loc_loss:  0.7656114959716797 reward_loss:  -38.280574798583984
epoch:  20 batch:  20 region_loss:  10.0 10.0 loc_loss:  0.674735107421875 reward_loss:  -33.736759185791016
epoch:  20 batch:  30 region_loss:  10.0 10.0 loc_loss:  0.7011451721191406 reward_loss:  -35.0572624206543
epoch:  20 batch:  40 region_loss:  10.0 10.0 loc_loss:  0.8258358764648438 reward_loss:  -41.291786193847656
epoch:  20 batch:  50 region_loss:  10.0 10.0 loc_loss:  0.6979075622558594 reward_loss:  -34.89537811279297
epoch:  20 batch:  60 region_loss:  10.0 10.0 loc_loss:  0.7542839813232421 reward_loss:  -37.714202880859375
epoch:  20 batch:  70 region_loss:  10.0 10.0 loc_loss:  0.7132601928710938 reward_loss:  -35.66300964355469
epoch:  20 batch:  80 region_loss:  10.0 10.0 loc_loss:  0.804715805053711 reward_loss:  -40.23579025268555
epoch:  20 batch:  90 region_loss:  6.0 6.0 loc_loss:  0.4808052444458008 reward_loss:  -24.040266036987305
epoch:  20 batch:  100 region_loss:  8.0 8.0 loc_loss:  0.5621795654296875 reward_loss:  -28.108978271484375
epoch:  20 batch:  110 region_loss:  4.0 4.0 loc_loss:  0.33643718719482424 reward_loss:  -16.82185935974121
epoch:  20 batch:  120 region_loss:  5.0 5.0 loc_loss:  0.3773995590209961 reward_loss:  -18.87001609802246
epoch:  20 batch:  130 region_loss:  7.0 7.0 loc_loss:  0.5548182296752929 reward_loss:  -27.74091339111328
acc@1:  0.13687676387582315
epoch: 20 region loss 0.17051094890510948 loc loss 0.6205127636707612 reward loss -31.025638211382567
epoch:  21 batch:  0 region_loss:  10.0 10.0 loc_loss:  0.6947247314453125 reward_loss:  -34.736228942871094
epoch:  21 batch:  10 region_loss:  10.0 10.0 loc_loss:  0.7319619750976563 reward_loss:  -36.59809875488281
epoch:  21 batch:  20 region_loss:  10.0 10.0 loc_loss:  0.6462865447998047 reward_loss:  -32.31432342529297
epoch:  21 batch:  30 region_loss:  10.0 10.0 loc_loss:  0.6670409393310547 reward_loss:  -33.35204315185547
epoch:  21 batch:  40 region_loss:  10.0 10.0 loc_loss:  0.7963148498535156 reward_loss:  -39.815738677978516
epoch:  21 batch:  50 region_loss:  10.0 10.0 loc_loss:  0.6668775939941406 reward_loss:  -33.34387969970703
epoch:  21 batch:  60 region_loss:  10.0 10.0 loc_loss:  0.7192247009277344 reward_loss:  -35.96123123168945
epoch:  21 batch:  70 region_loss:  10.0 10.0 loc_loss:  0.6814798736572265 reward_loss:  -34.07398986816406
epoch:  21 batch:  80 region_loss:  10.0 10.0 loc_loss:  0.77050048828125 reward_loss:  -38.5250244140625
epoch:  21 batch:  90 region_loss:  6.0 6.0 loc_loss:  0.4597706604003906 reward_loss:  -22.988525390625
epoch:  21 batch:  100 region_loss:  8.0 8.0 loc_loss:  0.5367728424072266 reward_loss:  -26.838638305664062
epoch:  21 batch:  110 region_loss:  4.0 4.0 loc_loss:  0.32024658203125 reward_loss:  -16.0123291015625
epoch:  21 batch:  120 region_loss:  5.0 5.0 loc_loss:  0.3581980514526367 reward_loss:  -17.90995979309082
epoch:  21 batch:  130 region_loss:  7.0 7.0 loc_loss:  0.5299999237060546 reward_loss:  -26.499996185302734
acc@1:  0.13640639698965193
epoch: 21 region loss 0.17051094890510948 loc loss 0.5934007917529476 reward loss -29.670039142135288
epoch:  22 batch:  0 region_loss:  10.0 10.0 loc_loss:  0.6614346313476562 reward_loss:  -33.07173156738281
epoch:  22 batch:  10 region_loss:  10.0 10.0 loc_loss:  0.7002133178710938 reward_loss:  -35.01067352294922
epoch:  22 batch:  20 region_loss:  10.0 10.0 loc_loss:  0.6199056243896485 reward_loss:  -30.99527931213379
epoch:  22 batch:  30 region_loss:  10.0 10.0 loc_loss:  0.6351853942871094 reward_loss:  -31.75926971435547
epoch:  22 batch:  40 region_loss:  10.0 10.0 loc_loss:  0.7679705810546875 reward_loss:  -38.398529052734375
epoch:  22 batch:  50 region_loss:  10.0 10.0 loc_loss:  0.6379024505615234 reward_loss:  -31.895122528076172
epoch:  22 batch:  60 region_loss:  10.0 10.0 loc_loss:  0.6859933471679688 reward_loss:  -34.2996711730957
epoch:  22 batch:  70 region_loss:  10.0 10.0 loc_loss:  0.6515945434570313 reward_loss:  -32.5797233581543
epoch:  22 batch:  80 region_loss:  10.0 10.0 loc_loss:  0.7376776123046875 reward_loss:  -36.883888244628906
epoch:  22 batch:  90 region_loss:  6.0 6.0 loc_loss:  0.43964298248291017 reward_loss:  -21.98215103149414
epoch:  22 batch:  100 region_loss:  8.0 8.0 loc_loss:  0.5125105285644531 reward_loss:  -25.625526428222656
epoch:  22 batch:  110 region_loss:  4.0 4.0 loc_loss:  0.30473453521728516 reward_loss:  -15.236725807189941
epoch:  22 batch:  120 region_loss:  5.0 5.0 loc_loss:  0.3399686431884766 reward_loss:  -16.998485565185547
epoch:  22 batch:  130 region_loss:  7.0 7.0 loc_loss:  0.5062057495117187 reward_loss:  -25.310287475585938
acc@1:  0.1349952963311383
epoch: 22 region loss 0.17051094890510948 loc loss 0.5677757512391919 reward loss -28.388786761430058
epoch:  23 batch:  0 region_loss:  10.0 10.0 loc_loss:  0.6300308990478516 reward_loss:  -31.501544952392578
epoch:  23 batch:  10 region_loss:  10.0 10.0 loc_loss:  0.6701439666748047 reward_loss:  -33.50719451904297
epoch:  23 batch:  20 region_loss:  10.0 10.0 loc_loss:  0.5952314758300781 reward_loss:  -29.76157569885254
epoch:  23 batch:  30 region_loss:  10.0 10.0 loc_loss:  0.6052549743652343 reward_loss:  -30.26275062561035
epoch:  23 batch:  40 region_loss:  10.0 10.0 loc_loss:  0.7405973815917969 reward_loss:  -37.029869079589844
epoch:  23 batch:  50 region_loss:  10.0 10.0 loc_loss:  0.6106480789184571 reward_loss:  -30.53240394592285
epoch:  23 batch:  60 region_loss:  10.0 10.0 loc_loss:  0.6544200134277344 reward_loss:  -32.72100067138672
epoch:  23 batch:  70 region_loss:  10.0 10.0 loc_loss:  0.6233655548095703 reward_loss:  -31.168275833129883
epoch:  23 batch:  80 region_loss:  10.0 10.0 loc_loss:  0.7061043548583984 reward_loss:  -35.30521774291992
epoch:  23 batch:  90 region_loss:  6.0 6.0 loc_loss:  0.4202968978881836 reward_loss:  -21.014842987060547
epoch:  23 batch:  100 region_loss:  8.0 8.0 loc_loss:  0.4892546081542969 reward_loss:  -24.462730407714844
epoch:  23 batch:  110 region_loss:  4.0 4.0 loc_loss:  0.2898515510559082 reward_loss:  -14.492574691772461
epoch:  23 batch:  120 region_loss:  5.0 5.0 loc_loss:  0.32265045166015627 reward_loss:  -16.132495880126953
epoch:  23 batch:  130 region_loss:  7.0 7.0 loc_loss:  0.4833121109008789 reward_loss:  -24.165605545043945
acc@1:  0.13264346190028223
epoch: 23 region loss 0.17051094890510948 loc loss 0.5434345528679172 reward loss -27.17172706214181
epoch:  24 batch:  0 region_loss:  10.0 10.0 loc_loss:  0.6002977752685547 reward_loss:  -30.0148868560791
epoch:  24 batch:  10 region_loss:  10.0 10.0 loc_loss:  0.6415628051757812 reward_loss:  -32.07814025878906
epoch:  24 batch:  20 region_loss:  10.0 10.0 loc_loss:  0.5719754028320313 reward_loss:  -28.598772048950195
epoch:  24 batch:  30 region_loss:  10.0 10.0 loc_loss:  0.5769849395751954 reward_loss:  -28.849246978759766
epoch:  24 batch:  40 region_loss:  10.0 10.0 loc_loss:  0.7140372467041015 reward_loss:  -35.70186233520508
epoch:  24 batch:  50 region_loss:  10.0 10.0 loc_loss:  0.5848469543457031 reward_loss:  -29.24234390258789
epoch:  24 batch:  60 region_loss:  10.0 10.0 loc_loss:  0.6243366241455078 reward_loss:  -31.216829299926758
epoch:  24 batch:  70 region_loss:  10.0 10.0 loc_loss:  0.596601448059082 reward_loss:  -29.8300724029541
epoch:  24 batch:  80 region_loss:  10.0 10.0 loc_loss:  0.6756656646728516 reward_loss:  -33.78328323364258
epoch:  24 batch:  90 region_loss:  6.0 6.0 loc_loss:  0.4016256332397461 reward_loss:  -20.081279754638672
epoch:  24 batch:  100 region_loss:  8.0 8.0 loc_loss:  0.4669151306152344 reward_loss:  -23.34575843811035
epoch:  24 batch:  110 region_loss:  4.0 4.0 loc_loss:  0.275550594329834 reward_loss:  -13.777528762817383
epoch:  24 batch:  120 region_loss:  5.0 5.0 loc_loss:  0.30619239807128906 reward_loss:  -15.309596061706543
epoch:  24 batch:  130 region_loss:  7.0 7.0 loc_loss:  0.4612264633178711 reward_loss:  -23.061323165893555
acc@1:  0.13358419567262464
epoch: 24 region loss 0.17051094890510948 loc loss 0.5202117610151751 reward loss -26.010588492790276
epoch:  25 batch:  0 region_loss:  10.0 10.0 loc_loss:  0.5720550537109375 reward_loss:  -28.602752685546875
epoch:  25 batch:  10 region_loss:  10.0 10.0 loc_loss:  0.6142998504638671 reward_loss:  -30.714990615844727
epoch:  25 batch:  20 region_loss:  10.0 10.0 loc_loss:  0.5499049758911133 reward_loss:  -27.49524688720703
epoch:  25 batch:  30 region_loss:  10.0 10.0 loc_loss:  0.5501557540893555 reward_loss:  -27.507789611816406
epoch:  25 batch:  40 region_loss:  10.0 10.0 loc_loss:  0.6881697845458984 reward_loss:  -34.40848922729492
epoch:  25 batch:  50 region_loss:  10.0 10.0 loc_loss:  0.5602806091308594 reward_loss:  -28.01403045654297
epoch:  25 batch:  60 region_loss:  10.0 10.0 loc_loss:  0.5955826187133789 reward_loss:  -29.779130935668945
epoch:  25 batch:  70 region_loss:  10.0 10.0 loc_loss:  0.5711294174194336 reward_loss:  -28.556472778320312
epoch:  25 batch:  80 region_loss:  10.0 10.0 loc_loss:  0.6462601470947266 reward_loss:  -32.31300354003906
epoch:  25 batch:  90 region_loss:  6.0 6.0 loc_loss:  0.3835475158691406 reward_loss:  -19.17737579345703
epoch:  25 batch:  100 region_loss:  8.0 8.0 loc_loss:  0.4454285430908203 reward_loss:  -22.27142333984375
epoch:  25 batch:  110 region_loss:  4.0 4.0 loc_loss:  0.26178487777709963 reward_loss:  -13.089242935180664
epoch:  25 batch:  120 region_loss:  5.0 5.0 loc_loss:  0.2905044364929199 reward_loss:  -14.525219917297363
epoch:  25 batch:  130 region_loss:  7.0 7.0 loc_loss:  0.43987342834472654 reward_loss:  -21.993671417236328
acc@1:  0.13123236124176857
epoch: 25 region loss 0.17051094890510948 loc loss 0.49797084787466234 reward loss -24.89854180203737
epoch:  26 batch:  0 region_loss:  10.0 10.0 loc_loss:  0.5451523590087891 reward_loss:  -27.257680892944336
epoch:  26 batch:  10 region_loss:  10.0 10.0 loc_loss:  0.5881983947753906 reward_loss:  -29.4099178314209
epoch:  26 batch:  20 region_loss:  10.0 10.0 loc_loss:  0.5288323974609375 reward_loss:  -26.441621780395508
epoch:  26 batch:  30 region_loss:  10.0 10.0 loc_loss:  0.5245862197875977 reward_loss:  -26.229310989379883
epoch:  26 batch:  40 region_loss:  10.0 10.0 loc_loss:  0.662913818359375 reward_loss:  -33.14569091796875
epoch:  26 batch:  50 region_loss:  10.0 10.0 loc_loss:  0.5367743682861328 reward_loss:  -26.83871841430664
epoch:  26 batch:  60 region_loss:  10.0 10.0 loc_loss:  0.5680155944824219 reward_loss:  -28.400781631469727
epoch:  26 batch:  70 region_loss:  10.0 10.0 loc_loss:  0.5467952728271485 reward_loss:  -27.339767456054688
epoch:  26 batch:  80 region_loss:  10.0 10.0 loc_loss:  0.6177960205078125 reward_loss:  -30.889801025390625
epoch:  26 batch:  90 region_loss:  6.0 6.0 loc_loss:  0.36599967956542967 reward_loss:  -18.299983978271484
epoch:  26 batch:  100 region_loss:  8.0 8.0 loc_loss:  0.42473777770996096 reward_loss:  -21.236886978149414
epoch:  26 batch:  110 region_loss:  4.0 4.0 loc_loss:  0.24850818634033203 reward_loss:  -12.425408363342285
epoch:  26 batch:  120 region_loss:  5.0 5.0 loc_loss:  0.27552045822143556 reward_loss:  -13.776021003723145
epoch:  26 batch:  130 region_loss:  7.0 7.0 loc_loss:  0.41919200897216796 reward_loss:  -20.9596004486084
acc@1:  0.12746942615239887
epoch: 26 region loss 0.17051094890510948 loc loss 0.47659738443193644 reward loss -23.829869026685284
epoch:  27 batch:  0 region_loss:  10.0 10.0 loc_loss:  0.5194564056396485 reward_loss:  -25.972820281982422
epoch:  27 batch:  10 region_loss:  10.0 10.0 loc_loss:  0.5631167984008789 reward_loss:  -28.155839920043945
epoch:  27 batch:  20 region_loss:  10.0 10.0 loc_loss:  0.5086092758178711 reward_loss:  -25.430463790893555
epoch:  27 batch:  30 region_loss:  10.0 10.0 loc_loss:  0.5001288223266601 reward_loss:  -25.006441116333008
epoch:  27 batch:  40 region_loss:  10.0 10.0 loc_loss:  0.6382126998901367 reward_loss:  -31.91063117980957
epoch:  27 batch:  50 region_loss:  10.0 10.0 loc_loss:  0.5141866683959961 reward_loss:  -25.709333419799805
epoch:  27 batch:  60 region_loss:  10.0 10.0 loc_loss:  0.5415141296386718 reward_loss:  -27.07570457458496
epoch:  27 batch:  70 region_loss:  10.0 10.0 loc_loss:  0.5234649658203125 reward_loss:  -26.173248291015625
epoch:  27 batch:  80 region_loss:  10.0 10.0 loc_loss:  0.5901888275146484 reward_loss:  -29.509443283081055
epoch:  27 batch:  90 region_loss:  6.0 6.0 loc_loss:  0.3489448928833008 reward_loss:  -17.44724464416504
epoch:  27 batch:  100 region_loss:  8.0 8.0 loc_loss:  0.4047891235351562 reward_loss:  -20.239456176757812
epoch:  27 batch:  110 region_loss:  4.0 4.0 loc_loss:  0.23568033218383788 reward_loss:  -11.784016609191895
epoch:  27 batch:  120 region_loss:  5.0 5.0 loc_loss:  0.2611711120605469 reward_loss:  -13.05855655670166
epoch:  27 batch:  130 region_loss:  7.0 7.0 loc_loss:  0.3991313171386719 reward_loss:  -19.956565856933594
