nohup: ignoring input
cuda
epoch:  0 batch:  0 region_loss:  10.0 10.0 loc_loss:  1.9911001586914063 reward_loss:  -99.55481719970703
epoch:  0 batch:  10 region_loss:  10.0 10.0 loc_loss:  1.9877531433105469 reward_loss:  -99.38597106933594
epoch:  0 batch:  20 region_loss:  10.0 10.0 loc_loss:  1.9912979125976562 reward_loss:  -99.56622314453125
epoch:  0 batch:  30 region_loss:  10.0 10.0 loc_loss:  1.984755859375 reward_loss:  -99.23934936523438
epoch:  0 batch:  40 region_loss:  10.0 10.0 loc_loss:  1.98538330078125 reward_loss:  -99.27184295654297
epoch:  0 batch:  50 region_loss:  10.0 10.0 loc_loss:  1.9792758178710939 reward_loss:  -98.9626693725586
epoch:  0 batch:  60 region_loss:  10.0 10.0 loc_loss:  1.9838839721679689 reward_loss:  -99.19441223144531
epoch:  0 batch:  70 region_loss:  10.0 10.0 loc_loss:  1.9833111572265625 reward_loss:  -99.16455078125
epoch:  0 batch:  80 region_loss:  10.0 10.0 loc_loss:  1.9805252075195312 reward_loss:  -99.02622985839844
epoch:  0 batch:  90 region_loss:  6.0 6.0 loc_loss:  1.182246780395508 reward_loss:  -59.10966491699219
epoch:  0 batch:  100 region_loss:  8.0 8.0 loc_loss:  1.5750245666503906 reward_loss:  -78.75079345703125
epoch:  0 batch:  110 region_loss:  4.0 4.0 loc_loss:  0.7857711791992188 reward_loss:  -39.28919219970703
epoch:  0 batch:  120 region_loss:  5.0 5.0 loc_loss:  0.9812122344970703 reward_loss:  -49.062843322753906
epoch:  0 batch:  130 region_loss:  7.0 7.0 loc_loss:  1.3683462524414063 reward_loss:  -68.41705322265625
acc@1:  0.0028222013170272815
epoch: 0 region loss 0.17051094890510948 loc loss 1.686496691181712 reward loss -84.32486563355383
epoch:  1 batch:  0 region_loss:  10.0 10.0 loc_loss:  1.9145684814453126 reward_loss:  -95.72689819335938
epoch:  1 batch:  10 region_loss:  10.0 10.0 loc_loss:  1.931648712158203 reward_loss:  -96.58329772949219
epoch:  1 batch:  20 region_loss:  10.0 10.0 loc_loss:  1.9233403015136719 reward_loss:  -96.16854095458984
epoch:  1 batch:  30 region_loss:  10.0 10.0 loc_loss:  1.9218048095703124 reward_loss:  -96.08818054199219
epoch:  1 batch:  40 region_loss:  10.0 10.0 loc_loss:  1.9140924072265626 reward_loss:  -95.70187377929688
epoch:  1 batch:  50 region_loss:  10.0 10.0 loc_loss:  1.8947291564941406 reward_loss:  -94.73699188232422
epoch:  1 batch:  60 region_loss:  10.0 10.0 loc_loss:  1.8881304931640626 reward_loss:  -94.4068603515625
epoch:  1 batch:  70 region_loss:  10.0 10.0 loc_loss:  1.8678474426269531 reward_loss:  -93.39247131347656
epoch:  1 batch:  80 region_loss:  10.0 10.0 loc_loss:  1.8451914978027344 reward_loss:  -92.26038360595703
epoch:  1 batch:  90 region_loss:  6.0 6.0 loc_loss:  1.0974815368652344 reward_loss:  -54.872901916503906
epoch:  1 batch:  100 region_loss:  8.0 8.0 loc_loss:  1.4486460876464844 reward_loss:  -72.43370819091797
epoch:  1 batch:  110 region_loss:  4.0 4.0 loc_loss:  0.7289201354980469 reward_loss:  -36.445556640625
epoch:  1 batch:  120 region_loss:  5.0 5.0 loc_loss:  0.9017343902587891 reward_loss:  -45.08542251586914
epoch:  1 batch:  130 region_loss:  7.0 7.0 loc_loss:  1.2527357482910155 reward_loss:  -62.63692092895508
acc@1:  0.019285042333019756
epoch: 1 region loss 0.17051094890510948 loc loss 1.5951821147612413 reward loss -79.75894972529724
epoch:  2 batch:  0 region_loss:  10.0 10.0 loc_loss:  1.7314422607421875 reward_loss:  -86.57244110107422
epoch:  2 batch:  10 region_loss:  10.0 10.0 loc_loss:  1.7428817749023438 reward_loss:  -87.14627075195312
epoch:  2 batch:  20 region_loss:  10.0 10.0 loc_loss:  1.732955780029297 reward_loss:  -86.64845275878906
epoch:  2 batch:  30 region_loss:  10.0 10.0 loc_loss:  1.773446044921875 reward_loss:  -88.67228698730469
epoch:  2 batch:  40 region_loss:  10.0 10.0 loc_loss:  1.7341358947753907 reward_loss:  -86.70771789550781
epoch:  2 batch:  50 region_loss:  10.0 10.0 loc_loss:  1.7580809020996093 reward_loss:  -87.90514373779297
epoch:  2 batch:  60 region_loss:  10.0 10.0 loc_loss:  1.742926788330078 reward_loss:  -87.14501953125
epoch:  2 batch:  70 region_loss:  10.0 10.0 loc_loss:  1.7377030944824219 reward_loss:  -86.88524627685547
epoch:  2 batch:  80 region_loss:  10.0 10.0 loc_loss:  1.7178422546386718 reward_loss:  -85.89134216308594
epoch:  2 batch:  90 region_loss:  6.0 6.0 loc_loss:  1.034070281982422 reward_loss:  -51.70310592651367
epoch:  2 batch:  100 region_loss:  8.0 8.0 loc_loss:  1.3698817443847657 reward_loss:  -68.49462890625
epoch:  2 batch:  110 region_loss:  4.0 4.0 loc_loss:  0.6956539154052734 reward_loss:  -34.783355712890625
epoch:  2 batch:  120 region_loss:  5.0 5.0 loc_loss:  0.8652769470214844 reward_loss:  -43.26502227783203
epoch:  2 batch:  130 region_loss:  7.0 7.0 loc_loss:  1.2037518310546875 reward_loss:  -60.18788528442383
acc@1:  0.029633113828786452
epoch: 2 region loss 0.17051094890510948 loc loss 1.4720235103412267 reward loss -73.60123735970825
epoch:  3 batch:  0 region_loss:  10.0 10.0 loc_loss:  1.6830854797363282 reward_loss:  -84.15450286865234
epoch:  3 batch:  10 region_loss:  10.0 10.0 loc_loss:  1.6788070678710938 reward_loss:  -83.94009399414062
epoch:  3 batch:  20 region_loss:  10.0 10.0 loc_loss:  1.6506744384765626 reward_loss:  -82.53311157226562
epoch:  3 batch:  30 region_loss:  10.0 10.0 loc_loss:  1.7023690795898438 reward_loss:  -85.11900329589844
epoch:  3 batch:  40 region_loss:  10.0 10.0 loc_loss:  1.6588526916503907 reward_loss:  -82.94232940673828
epoch:  3 batch:  50 region_loss:  10.0 10.0 loc_loss:  1.6945108032226563 reward_loss:  -84.72525024414062
epoch:  3 batch:  60 region_loss:  10.0 10.0 loc_loss:  1.6776333618164063 reward_loss:  -83.88192749023438
epoch:  3 batch:  70 region_loss:  10.0 10.0 loc_loss:  1.6744392395019532 reward_loss:  -83.72135162353516
epoch:  3 batch:  80 region_loss:  10.0 10.0 loc_loss:  1.6595594787597656 reward_loss:  -82.97601318359375
epoch:  3 batch:  90 region_loss:  6.0 6.0 loc_loss:  1.001938018798828 reward_loss:  -50.096595764160156
epoch:  3 batch:  100 region_loss:  8.0 8.0 loc_loss:  1.3256629943847655 reward_loss:  -66.28311920166016
epoch:  3 batch:  110 region_loss:  4.0 4.0 loc_loss:  0.6765070343017578 reward_loss:  -33.8251953125
epoch:  3 batch:  120 region_loss:  5.0 5.0 loc_loss:  0.8426954650878906 reward_loss:  -42.13459014892578
epoch:  3 batch:  130 region_loss:  7.0 7.0 loc_loss:  1.1717640686035156 reward_loss:  -58.58770751953125
acc@1:  0.036688617121354655
epoch: 3 region loss 0.17051094890510948 loc loss 1.4153137323978173 reward loss -70.76564574415666
epoch:  4 batch:  0 region_loss:  10.0 10.0 loc_loss:  1.644188690185547 reward_loss:  -82.20918273925781
epoch:  4 batch:  10 region_loss:  10.0 10.0 loc_loss:  1.6352377319335938 reward_loss:  -81.76202392578125
epoch:  4 batch:  20 region_loss:  10.0 10.0 loc_loss:  1.5883851623535157 reward_loss:  -79.41978454589844
epoch:  4 batch:  30 region_loss:  10.0 10.0 loc_loss:  1.6473674011230468 reward_loss:  -82.36842346191406
epoch:  4 batch:  40 region_loss:  10.0 10.0 loc_loss:  1.5999856567382813 reward_loss:  -79.9992446899414
epoch:  4 batch:  50 region_loss:  10.0 10.0 loc_loss:  1.642381591796875 reward_loss:  -82.11865997314453
epoch:  4 batch:  60 region_loss:  10.0 10.0 loc_loss:  1.6243000793457032 reward_loss:  -81.21504974365234
epoch:  4 batch:  70 region_loss:  10.0 10.0 loc_loss:  1.6175363159179688 reward_loss:  -80.87667083740234
epoch:  4 batch:  80 region_loss:  10.0 10.0 loc_loss:  1.6095088195800782 reward_loss:  -80.4751205444336
epoch:  4 batch:  90 region_loss:  6.0 6.0 loc_loss:  0.9732757568359375 reward_loss:  -48.66374588012695
epoch:  4 batch:  100 region_loss:  8.0 8.0 loc_loss:  1.2831263732910156 reward_loss:  -64.15637969970703
epoch:  4 batch:  110 region_loss:  4.0 4.0 loc_loss:  0.6590641784667969 reward_loss:  -32.953697204589844
epoch:  4 batch:  120 region_loss:  5.0 5.0 loc_loss:  0.8203015899658204 reward_loss:  -41.01459503173828
epoch:  4 batch:  130 region_loss:  7.0 7.0 loc_loss:  1.139620361328125 reward_loss:  -56.98130798339844
acc@1:  0.044684854186265284
epoch: 4 region loss 0.17051094890510948 loc loss 1.368435645555928 reward loss -68.42173831132206
epoch:  5 batch:  0 region_loss:  10.0 10.0 loc_loss:  1.600246124267578 reward_loss:  -80.01250457763672
epoch:  5 batch:  10 region_loss:  10.0 10.0 loc_loss:  1.59183837890625 reward_loss:  -79.5921630859375
epoch:  5 batch:  20 region_loss:  10.0 10.0 loc_loss:  1.5265902709960937 reward_loss:  -76.32997131347656
epoch:  5 batch:  30 region_loss:  10.0 10.0 loc_loss:  1.591601104736328 reward_loss:  -79.58029174804688
epoch:  5 batch:  40 region_loss:  10.0 10.0 loc_loss:  1.5424800109863281 reward_loss:  -77.12389373779297
epoch:  5 batch:  50 region_loss:  10.0 10.0 loc_loss:  1.5894578552246095 reward_loss:  -79.47212982177734
epoch:  5 batch:  60 region_loss:  10.0 10.0 loc_loss:  1.569737091064453 reward_loss:  -78.48660278320312
epoch:  5 batch:  70 region_loss:  10.0 10.0 loc_loss:  1.5596308898925781 reward_loss:  -77.98158264160156
epoch:  5 batch:  80 region_loss:  10.0 10.0 loc_loss:  1.5586248779296874 reward_loss:  -77.93087005615234
epoch:  5 batch:  90 region_loss:  6.0 6.0 loc_loss:  0.9441168975830078 reward_loss:  -47.206092834472656
epoch:  5 batch:  100 region_loss:  8.0 8.0 loc_loss:  1.2374496459960938 reward_loss:  -61.87260818481445
epoch:  5 batch:  110 region_loss:  4.0 4.0 loc_loss:  0.6412979125976562 reward_loss:  -32.06479263305664
epoch:  5 batch:  120 region_loss:  5.0 5.0 loc_loss:  0.7956259155273437 reward_loss:  -39.78150939941406
epoch:  5 batch:  130 region_loss:  7.0 7.0 loc_loss:  1.1054168701171876 reward_loss:  -55.270973205566406
acc@1:  0.055503292568203196
epoch: 5 region loss 0.17051094890510948 loc loss 1.3206653842786804 reward loss -66.03326499549142
epoch:  6 batch:  0 region_loss:  10.0 10.0 loc_loss:  1.5503570556640625 reward_loss:  -77.51851654052734
epoch:  6 batch:  10 region_loss:  10.0 10.0 loc_loss:  1.543887939453125 reward_loss:  -77.19451904296875
epoch:  6 batch:  20 region_loss:  10.0 10.0 loc_loss:  1.4600718688964844 reward_loss:  -73.00372314453125
epoch:  6 batch:  30 region_loss:  10.0 10.0 loc_loss:  1.531517791748047 reward_loss:  -76.57551574707031
epoch:  6 batch:  40 region_loss:  10.0 10.0 loc_loss:  1.4825727844238281 reward_loss:  -74.12863159179688
epoch:  6 batch:  50 region_loss:  10.0 10.0 loc_loss:  1.5325038146972656 reward_loss:  -76.6254653930664
epoch:  6 batch:  60 region_loss:  10.0 10.0 loc_loss:  1.5120851135253905 reward_loss:  -75.60420227050781
epoch:  6 batch:  70 region_loss:  10.0 10.0 loc_loss:  1.4979714965820312 reward_loss:  -74.89781188964844
epoch:  6 batch:  80 region_loss:  10.0 10.0 loc_loss:  1.5040594482421874 reward_loss:  -75.20298767089844
epoch:  6 batch:  90 region_loss:  6.0 6.0 loc_loss:  0.913470458984375 reward_loss:  -45.67346954345703
epoch:  6 batch:  100 region_loss:  8.0 8.0 loc_loss:  1.187615966796875 reward_loss:  -59.380958557128906
epoch:  6 batch:  110 region_loss:  4.0 4.0 loc_loss:  0.6223634719848633 reward_loss:  -31.11823272705078
epoch:  6 batch:  120 region_loss:  5.0 5.0 loc_loss:  0.7686786651611328 reward_loss:  -38.43429946899414
epoch:  6 batch:  130 region_loss:  7.0 7.0 loc_loss:  1.068472900390625 reward_loss:  -53.42365264892578
acc@1:  0.06679209783631232
epoch: 6 region loss 0.17051094890510948 loc loss 1.2696097923891387 reward loss -63.48049209761793
epoch:  7 batch:  0 region_loss:  10.0 10.0 loc_loss:  1.4943238830566405 reward_loss:  -74.71629333496094
epoch:  7 batch:  10 region_loss:  10.0 10.0 loc_loss:  1.4904217529296875 reward_loss:  -74.52106475830078
epoch:  7 batch:  20 region_loss:  10.0 10.0 loc_loss:  1.3880307006835937 reward_loss:  -69.40160369873047
epoch:  7 batch:  30 region_loss:  10.0 10.0 loc_loss:  1.4667198181152343 reward_loss:  -73.33557891845703
epoch:  7 batch:  40 region_loss:  10.0 10.0 loc_loss:  1.4222113037109374 reward_loss:  -71.11009979248047
epoch:  7 batch:  50 region_loss:  10.0 10.0 loc_loss:  1.4706150817871093 reward_loss:  -73.53036499023438
epoch:  7 batch:  60 region_loss:  10.0 10.0 loc_loss:  1.4505331420898437 reward_loss:  -72.52682495117188
epoch:  7 batch:  70 region_loss:  10.0 10.0 loc_loss:  1.4315986633300781 reward_loss:  -71.57999420166016
epoch:  7 batch:  80 region_loss:  10.0 10.0 loc_loss:  1.4456463623046876 reward_loss:  -72.28229522705078
epoch:  7 batch:  90 region_loss:  6.0 6.0 loc_loss:  0.8814296722412109 reward_loss:  -44.07147216796875
epoch:  7 batch:  100 region_loss:  8.0 8.0 loc_loss:  1.1336992645263673 reward_loss:  -56.68513870239258
epoch:  7 batch:  110 region_loss:  4.0 4.0 loc_loss:  0.6023482131958008 reward_loss:  -30.117572784423828
epoch:  7 batch:  120 region_loss:  5.0 5.0 loc_loss:  0.7393404388427735 reward_loss:  -36.966835021972656
epoch:  7 batch:  130 region_loss:  7.0 7.0 loc_loss:  1.028761749267578 reward_loss:  -51.43805694580078
acc@1:  0.07808090310442145
epoch: 7 region loss 0.17051094890510948 loc loss 1.2151094428292155 reward loss -60.75545216302802
epoch:  8 batch:  0 region_loss:  10.0 10.0 loc_loss:  1.4324468994140624 reward_loss:  -71.62239074707031
epoch:  8 batch:  10 region_loss:  10.0 10.0 loc_loss:  1.4313616943359375 reward_loss:  -71.56800079345703
epoch:  8 batch:  20 region_loss:  10.0 10.0 loc_loss:  1.3124740600585938 reward_loss:  -65.62371826171875
epoch:  8 batch:  30 region_loss:  10.0 10.0 loc_loss:  1.3976699829101562 reward_loss:  -69.88343811035156
epoch:  8 batch:  40 region_loss:  10.0 10.0 loc_loss:  1.3626510620117187 reward_loss:  -68.13251495361328
epoch:  8 batch:  50 region_loss:  10.0 10.0 loc_loss:  1.404068603515625 reward_loss:  -70.20341491699219
epoch:  8 batch:  60 region_loss:  10.0 10.0 loc_loss:  1.3859994506835938 reward_loss:  -69.29991912841797
epoch:  8 batch:  70 region_loss:  10.0 10.0 loc_loss:  1.361211395263672 reward_loss:  -68.06069946289062
epoch:  8 batch:  80 region_loss:  10.0 10.0 loc_loss:  1.3844131469726562 reward_loss:  -69.22068786621094
epoch:  8 batch:  90 region_loss:  6.0 6.0 loc_loss:  0.8479367065429687 reward_loss:  -42.39685821533203
epoch:  8 batch:  100 region_loss:  8.0 8.0 loc_loss:  1.076732406616211 reward_loss:  -53.83674240112305
epoch:  8 batch:  110 region_loss:  4.0 4.0 loc_loss:  0.581393814086914 reward_loss:  -29.069717407226562
epoch:  8 batch:  120 region_loss:  5.0 5.0 loc_loss:  0.708136215209961 reward_loss:  -35.40684127807617
epoch:  8 batch:  130 region_loss:  7.0 7.0 loc_loss:  0.98693115234375 reward_loss:  -49.34654998779297
acc@1:  0.09407337723424271
epoch: 8 region loss 0.17051094890510948 loc loss 1.1580758171359988 reward loss -57.90376956967542
epoch:  9 batch:  0 region_loss:  10.0 10.0 loc_loss:  1.3658078002929688 reward_loss:  -68.29058074951172
epoch:  9 batch:  10 region_loss:  10.0 10.0 loc_loss:  1.367579803466797 reward_loss:  -68.37886047363281
epoch:  9 batch:  20 region_loss:  10.0 10.0 loc_loss:  1.2358855438232421 reward_loss:  -61.794708251953125
epoch:  9 batch:  30 region_loss:  10.0 10.0 loc_loss:  1.325618133544922 reward_loss:  -66.28095245361328
epoch:  9 batch:  40 region_loss:  10.0 10.0 loc_loss:  1.3050289916992188 reward_loss:  -65.25142669677734
epoch:  9 batch:  50 region_loss:  10.0 10.0 loc_loss:  1.3338583374023438 reward_loss:  -66.69329071044922
epoch:  9 batch:  60 region_loss:  10.0 10.0 loc_loss:  1.3199162292480469 reward_loss:  -65.99581909179688
epoch:  9 batch:  70 region_loss:  10.0 10.0 loc_loss:  1.288231201171875 reward_loss:  -64.41117095947266
epoch:  9 batch:  80 region_loss:  10.0 10.0 loc_loss:  1.3220272827148438 reward_loss:  -66.10137176513672
epoch:  9 batch:  90 region_loss:  6.0 6.0 loc_loss:  0.8135597229003906 reward_loss:  -40.67795944213867
epoch:  9 batch:  100 region_loss:  8.0 8.0 loc_loss:  1.0183389282226563 reward_loss:  -50.91685104370117
epoch:  9 batch:  110 region_loss:  4.0 4.0 loc_loss:  0.5595814514160157 reward_loss:  -27.979034423828125
epoch:  9 batch:  120 region_loss:  5.0 5.0 loc_loss:  0.6756480407714843 reward_loss:  -33.78241729736328
epoch:  9 batch:  130 region_loss:  7.0 7.0 loc_loss:  0.9436030578613281 reward_loss:  -47.18053436279297
acc@1:  0.10442144873000941
epoch: 9 region loss 0.17051094890510948 loc loss 1.099845403406742 reward loss -54.99226127401756
epoch:  10 batch:  0 region_loss:  10.0 10.0 loc_loss:  1.2958544921875 reward_loss:  -64.79264831542969
epoch:  10 batch:  10 region_loss:  10.0 10.0 loc_loss:  1.3002276611328125 reward_loss:  -65.01138305664062
epoch:  10 batch:  20 region_loss:  10.0 10.0 loc_loss:  1.161385269165039 reward_loss:  -58.06928634643555
epoch:  10 batch:  30 region_loss:  10.0 10.0 loc_loss:  1.2522809600830078 reward_loss:  -62.61408996582031
epoch:  10 batch:  40 region_loss:  10.0 10.0 loc_loss:  1.2484931945800781 reward_loss:  -62.42466354370117
epoch:  10 batch:  50 region_loss:  10.0 10.0 loc_loss:  1.2610572814941405 reward_loss:  -63.05287170410156
epoch:  10 batch:  60 region_loss:  10.0 10.0 loc_loss:  1.2539947509765625 reward_loss:  -62.69974899291992
epoch:  10 batch:  70 region_loss:  10.0 10.0 loc_loss:  1.214881057739258 reward_loss:  -60.74397277832031
epoch:  10 batch:  80 region_loss:  10.0 10.0 loc_loss:  1.2604765319824218 reward_loss:  -63.02382278442383
epoch:  10 batch:  90 region_loss:  6.0 6.0 loc_loss:  0.778693618774414 reward_loss:  -38.93467712402344
epoch:  10 batch:  100 region_loss:  8.0 8.0 loc_loss:  0.960457534790039 reward_loss:  -48.022857666015625
epoch:  10 batch:  110 region_loss:  4.0 4.0 loc_loss:  0.5370502471923828 reward_loss:  -26.852497100830078
epoch:  10 batch:  120 region_loss:  5.0 5.0 loc_loss:  0.6427874755859375 reward_loss:  -32.13938903808594
epoch:  10 batch:  130 region_loss:  7.0 7.0 loc_loss:  0.8999736022949218 reward_loss:  -44.99856948852539
acc@1:  0.11194731890874883
epoch: 10 region loss 0.17051094890510948 loc loss 1.04182475152677 reward loss -52.09124226813769
epoch:  11 batch:  0 region_loss:  10.0 10.0 loc_loss:  1.2241590881347657 reward_loss:  -61.20793914794922
epoch:  11 batch:  10 region_loss:  10.0 10.0 loc_loss:  1.2318447875976561 reward_loss:  -61.59224319458008
epoch:  11 batch:  20 region_loss:  10.0 10.0 loc_loss:  1.0906602478027343 reward_loss:  -54.532928466796875
epoch:  11 batch:  30 region_loss:  10.0 10.0 loc_loss:  1.1789120483398436 reward_loss:  -58.945579528808594
epoch:  11 batch:  40 region_loss:  10.0 10.0 loc_loss:  1.1930941009521485 reward_loss:  -59.654720306396484
epoch:  11 batch:  50 region_loss:  10.0 10.0 loc_loss:  1.187278060913086 reward_loss:  -59.36389923095703
epoch:  11 batch:  60 region_loss:  10.0 10.0 loc_loss:  1.1898556518554688 reward_loss:  -59.492767333984375
epoch:  11 batch:  70 region_loss:  10.0 10.0 loc_loss:  1.1438844299316406 reward_loss:  -57.194217681884766
epoch:  11 batch:  80 region_loss:  10.0 10.0 loc_loss:  1.2017547607421875 reward_loss:  -60.087745666503906
epoch:  11 batch:  90 region_loss:  6.0 6.0 loc_loss:  0.7438739013671875 reward_loss:  -37.193687438964844
epoch:  11 batch:  100 region_loss:  8.0 8.0 loc_loss:  0.9048211669921875 reward_loss:  -45.24104309082031
epoch:  11 batch:  110 region_loss:  4.0 4.0 loc_loss:  0.5142299652099609 reward_loss:  -25.71150016784668
epoch:  11 batch:  120 region_loss:  5.0 5.0 loc_loss:  0.609887580871582 reward_loss:  -30.494373321533203
epoch:  11 batch:  130 region_loss:  7.0 7.0 loc_loss:  0.8564350128173828 reward_loss:  -42.821754455566406
acc@1:  0.12276575729068674
epoch: 11 region loss 0.17051094890510948 loc loss 0.9853317825985651 reward loss -49.26658338003785
epoch:  12 batch:  0 region_loss:  10.0 10.0 loc_loss:  1.1527233123779297 reward_loss:  -57.63614273071289
epoch:  12 batch:  10 region_loss:  10.0 10.0 loc_loss:  1.1644569396972657 reward_loss:  -58.22283172607422
epoch:  12 batch:  20 region_loss:  10.0 10.0 loc_loss:  1.0243455505371093 reward_loss:  -51.21726608276367
epoch:  12 batch:  30 region_loss:  10.0 10.0 loc_loss:  1.1073079681396485 reward_loss:  -55.3652458190918
epoch:  12 batch:  40 region_loss:  10.0 10.0 loc_loss:  1.1392777252197266 reward_loss:  -56.96388626098633
epoch:  12 batch:  50 region_loss:  10.0 10.0 loc_loss:  1.1142276763916015 reward_loss:  -55.71136474609375
epoch:  12 batch:  60 region_loss:  10.0 10.0 loc_loss:  1.1280469512939453 reward_loss:  -56.40233612060547
epoch:  12 batch:  70 region_loss:  10.0 10.0 loc_loss:  1.077234344482422 reward_loss:  -53.861785888671875
epoch:  12 batch:  80 region_loss:  10.0 10.0 loc_loss:  1.1458997344970703 reward_loss:  -57.29497528076172
epoch:  12 batch:  90 region_loss:  6.0 6.0 loc_loss:  0.7094351959228515 reward_loss:  -35.47175598144531
epoch:  12 batch:  100 region_loss:  8.0 8.0 loc_loss:  0.8521746826171875 reward_loss:  -42.60873031616211
epoch:  12 batch:  110 region_loss:  4.0 4.0 loc_loss:  0.4912216949462891 reward_loss:  -24.561059951782227
epoch:  12 batch:  120 region_loss:  5.0 5.0 loc_loss:  0.5778675079345703 reward_loss:  -28.893352508544922
epoch:  12 batch:  130 region_loss:  7.0 7.0 loc_loss:  0.8143572998046875 reward_loss:  -40.71781921386719
acc@1:  0.12558795860771402
epoch: 12 region loss 0.17051094890510948 loc loss 0.9314318585917897 reward loss -46.571586274752654
epoch:  13 batch:  0 region_loss:  10.0 10.0 loc_loss:  1.0836438751220703 reward_loss:  -54.18220138549805
epoch:  13 batch:  10 region_loss:  10.0 10.0 loc_loss:  1.1001344299316407 reward_loss:  -55.00672149658203
epoch:  13 batch:  20 region_loss:  10.0 10.0 loc_loss:  0.9632015991210937 reward_loss:  -48.160072326660156
epoch:  13 batch:  30 region_loss:  10.0 10.0 loc_loss:  1.039354019165039 reward_loss:  -51.96772766113281
epoch:  13 batch:  40 region_loss:  10.0 10.0 loc_loss:  1.087700653076172 reward_loss:  -54.385047912597656
epoch:  13 batch:  50 region_loss:  10.0 10.0 loc_loss:  1.0438542938232422 reward_loss:  -52.19270706176758
epoch:  13 batch:  60 region_loss:  10.0 10.0 loc_loss:  1.0692027282714844 reward_loss:  -53.46012878417969
epoch:  13 batch:  70 region_loss:  10.0 10.0 loc_loss:  1.0154425048828124 reward_loss:  -50.772125244140625
epoch:  13 batch:  80 region_loss:  10.0 10.0 loc_loss:  1.0929222869873048 reward_loss:  -54.646114349365234
epoch:  13 batch:  90 region_loss:  6.0 6.0 loc_loss:  0.6761813354492188 reward_loss:  -33.809059143066406
epoch:  13 batch:  100 region_loss:  8.0 8.0 loc_loss:  0.8033873748779297 reward_loss:  -40.16928482055664
epoch:  13 batch:  110 region_loss:  4.0 4.0 loc_loss:  0.4683231735229492 reward_loss:  -23.416168212890625
epoch:  13 batch:  120 region_loss:  5.0 5.0 loc_loss:  0.5472074127197266 reward_loss:  -27.360368728637695
epoch:  13 batch:  130 region_loss:  7.0 7.0 loc_loss:  0.7741033172607422 reward_loss:  -38.70515823364258
acc@1:  0.12699905926622765
epoch: 13 region loss 0.17051094890510948 loc loss 0.8808765820691186 reward loss -44.04382590133778
epoch:  14 batch:  0 region_loss:  10.0 10.0 loc_loss:  1.0189334106445314 reward_loss:  -50.9466438293457
epoch:  14 batch:  10 region_loss:  10.0 10.0 loc_loss:  1.0399736785888671 reward_loss:  -51.998687744140625
epoch:  14 batch:  20 region_loss:  10.0 10.0 loc_loss:  0.9074622344970703 reward_loss:  -45.37312316894531
epoch:  14 batch:  30 region_loss:  10.0 10.0 loc_loss:  0.9767294311523438 reward_loss:  -48.836463928222656
epoch:  14 batch:  40 region_loss:  10.0 10.0 loc_loss:  1.0392367553710937 reward_loss:  -51.961830139160156
epoch:  14 batch:  50 region_loss:  10.0 10.0 loc_loss:  0.9780291748046875 reward_loss:  -48.90146255493164
epoch:  14 batch:  60 region_loss:  10.0 10.0 loc_loss:  1.0140229034423829 reward_loss:  -50.7011604309082
epoch:  14 batch:  70 region_loss:  10.0 10.0 loc_loss:  0.9593277740478515 reward_loss:  -47.96638107299805
epoch:  14 batch:  80 region_loss:  10.0 10.0 loc_loss:  1.0427749633789063 reward_loss:  -52.138736724853516
epoch:  14 batch:  90 region_loss:  6.0 6.0 loc_loss:  0.6444636535644531 reward_loss:  -32.22317886352539
epoch:  14 batch:  100 region_loss:  8.0 8.0 loc_loss:  0.7590447998046875 reward_loss:  -37.95228576660156
epoch:  14 batch:  110 region_loss:  4.0 4.0 loc_loss:  0.44591407775878905 reward_loss:  -22.29570770263672
epoch:  14 batch:  120 region_loss:  5.0 5.0 loc_loss:  0.5180708312988281 reward_loss:  -25.90353012084961
epoch:  14 batch:  130 region_loss:  7.0 7.0 loc_loss:  0.7361473846435547 reward_loss:  -36.80735778808594
acc@1:  0.132173095014111
epoch: 14 region loss 0.17051094890510948 loc loss 0.8340848638715535 reward loss -41.704243123966414
epoch:  15 batch:  0 region_loss:  10.0 10.0 loc_loss:  0.9595758056640625 reward_loss:  -47.97877883911133
epoch:  15 batch:  10 region_loss:  10.0 10.0 loc_loss:  0.9843997192382813 reward_loss:  -49.2199821472168
epoch:  15 batch:  20 region_loss:  10.0 10.0 loc_loss:  0.8572859191894531 reward_loss:  -42.864280700683594
epoch:  15 batch:  30 region_loss:  10.0 10.0 loc_loss:  0.92031005859375 reward_loss:  -46.015506744384766
epoch:  15 batch:  40 region_loss:  10.0 10.0 loc_loss:  0.9942970275878906 reward_loss:  -49.71484375
epoch:  15 batch:  50 region_loss:  10.0 10.0 loc_loss:  0.9181652069091797 reward_loss:  -45.908260345458984
epoch:  15 batch:  60 region_loss:  10.0 10.0 loc_loss:  0.9622702026367187 reward_loss:  -48.11351013183594
epoch:  15 batch:  70 region_loss:  10.0 10.0 loc_loss:  0.9083808898925781 reward_loss:  -45.41904067993164
epoch:  15 batch:  80 region_loss:  10.0 10.0 loc_loss:  0.9955921173095703 reward_loss:  -49.779605865478516
epoch:  15 batch:  90 region_loss:  6.0 6.0 loc_loss:  0.6145369720458984 reward_loss:  -30.72687530517578
epoch:  15 batch:  100 region_loss:  8.0 8.0 loc_loss:  0.718865737915039 reward_loss:  -35.94329071044922
epoch:  15 batch:  110 region_loss:  4.0 4.0 loc_loss:  0.4242288589477539 reward_loss:  -21.211517333984375
epoch:  15 batch:  120 region_loss:  5.0 5.0 loc_loss:  0.4906351089477539 reward_loss:  -24.5317440032959
epoch:  15 batch:  130 region_loss:  7.0 7.0 loc_loss:  0.7008470153808594 reward_loss:  -35.04234313964844
acc@1:  0.13922859830667922
epoch: 15 region loss 0.17051094890510948 loc loss 0.7910651141535626 reward loss -39.55325569375588
epoch:  16 batch:  0 region_loss:  10.0 10.0 loc_loss:  0.9055120086669922 reward_loss:  -45.27560806274414
epoch:  16 batch:  10 region_loss:  10.0 10.0 loc_loss:  0.9330268096923828 reward_loss:  -46.651336669921875
epoch:  16 batch:  20 region_loss:  10.0 10.0 loc_loss:  0.8122607421875 reward_loss:  -40.61301803588867
epoch:  16 batch:  30 region_loss:  10.0 10.0 loc_loss:  0.869310302734375 reward_loss:  -43.46550750732422
epoch:  16 batch:  40 region_loss:  10.0 10.0 loc_loss:  0.9531504821777343 reward_loss:  -47.65751647949219
epoch:  16 batch:  50 region_loss:  10.0 10.0 loc_loss:  0.86419677734375 reward_loss:  -43.20984649658203
epoch:  16 batch:  60 region_loss:  10.0 10.0 loc_loss:  0.9138958740234375 reward_loss:  -45.69478225708008
epoch:  16 batch:  70 region_loss:  10.0 10.0 loc_loss:  0.8620810699462891 reward_loss:  -43.10408401489258
epoch:  16 batch:  80 region_loss:  10.0 10.0 loc_loss:  0.951122055053711 reward_loss:  -47.55611038208008
epoch:  16 batch:  90 region_loss:  6.0 6.0 loc_loss:  0.5864181137084961 reward_loss:  -29.320905685424805
epoch:  16 batch:  100 region_loss:  8.0 8.0 loc_loss:  0.6823863220214844 reward_loss:  -34.119319915771484
epoch:  16 batch:  110 region_loss:  4.0 4.0 loc_loss:  0.4034244155883789 reward_loss:  -20.17130470275879
epoch:  16 batch:  120 region_loss:  5.0 5.0 loc_loss:  0.46473834991455076 reward_loss:  -23.23693084716797
epoch:  16 batch:  130 region_loss:  7.0 7.0 loc_loss:  0.6677000427246094 reward_loss:  -33.3849983215332
acc@1:  0.13781749764816556
epoch: 16 region loss 0.17051094890510948 loc loss 0.7515959707663877 reward loss -37.579800389979006
epoch:  17 batch:  0 region_loss:  10.0 10.0 loc_loss:  0.8565669250488281 reward_loss:  -42.82855224609375
epoch:  17 batch:  10 region_loss:  10.0 10.0 loc_loss:  0.8858671569824219 reward_loss:  -44.29336166381836
epoch:  17 batch:  20 region_loss:  10.0 10.0 loc_loss:  0.7720929718017578 reward_loss:  -38.60464859008789
epoch:  17 batch:  30 region_loss:  10.0 10.0 loc_loss:  0.8233237457275391 reward_loss:  -41.16619110107422
epoch:  17 batch:  40 region_loss:  10.0 10.0 loc_loss:  0.9153123474121094 reward_loss:  -45.76561737060547
epoch:  17 batch:  50 region_loss:  10.0 10.0 loc_loss:  0.8160834503173828 reward_loss:  -40.804168701171875
epoch:  17 batch:  60 region_loss:  10.0 10.0 loc_loss:  0.8687394714355469 reward_loss:  -43.43696975708008
epoch:  17 batch:  70 region_loss:  10.0 10.0 loc_loss:  0.8196933746337891 reward_loss:  -40.98466491699219
epoch:  17 batch:  80 region_loss:  10.0 10.0 loc_loss:  0.9095977783203125 reward_loss:  -45.479888916015625
epoch:  17 batch:  90 region_loss:  6.0 6.0 loc_loss:  0.5600141906738281 reward_loss:  -28.000720977783203
epoch:  17 batch:  100 region_loss:  8.0 8.0 loc_loss:  0.6492317962646484 reward_loss:  -32.46158981323242
epoch:  17 batch:  110 region_loss:  4.0 4.0 loc_loss:  0.3835009002685547 reward_loss:  -19.175033569335938
epoch:  17 batch:  120 region_loss:  5.0 5.0 loc_loss:  0.44029052734375 reward_loss:  -22.014535903930664
epoch:  17 batch:  130 region_loss:  7.0 7.0 loc_loss:  0.636866569519043 reward_loss:  -31.843332290649414
acc@1:  0.138758231420508
epoch: 17 region loss 0.17051094890510948 loc loss 0.7153634071350098 reward loss -35.768170050460924
epoch:  18 batch:  0 region_loss:  10.0 10.0 loc_loss:  0.8118508911132812 reward_loss:  -40.59254455566406
epoch:  18 batch:  10 region_loss:  10.0 10.0 loc_loss:  0.8423695373535156 reward_loss:  -42.11848068237305
epoch:  18 batch:  20 region_loss:  10.0 10.0 loc_loss:  0.7358718872070312 reward_loss:  -36.79358673095703
epoch:  18 batch:  30 region_loss:  10.0 10.0 loc_loss:  0.7812380218505859 reward_loss:  -39.06190872192383
epoch:  18 batch:  40 region_loss:  10.0 10.0 loc_loss:  0.880494384765625 reward_loss:  -44.024723052978516
epoch:  18 batch:  50 region_loss:  10.0 10.0 loc_loss:  0.773006591796875 reward_loss:  -38.650333404541016
epoch:  18 batch:  60 region_loss:  10.0 10.0 loc_loss:  0.8259794616699219 reward_loss:  -41.29896926879883
epoch:  18 batch:  70 region_loss:  10.0 10.0 loc_loss:  0.7810286712646485 reward_loss:  -39.05143737792969
epoch:  18 batch:  80 region_loss:  10.0 10.0 loc_loss:  0.8702587127685547 reward_loss:  -43.512935638427734
epoch:  18 batch:  90 region_loss:  6.0 6.0 loc_loss:  0.535097999572754 reward_loss:  -26.754873275756836
epoch:  18 batch:  100 region_loss:  8.0 8.0 loc_loss:  0.6187427520751954 reward_loss:  -30.9371395111084
epoch:  18 batch:  110 region_loss:  4.0 4.0 loc_loss:  0.3644721603393555 reward_loss:  -18.223621368408203
epoch:  18 batch:  120 region_loss:  5.0 5.0 loc_loss:  0.4172827911376953 reward_loss:  -20.8641300201416
epoch:  18 batch:  130 region_loss:  7.0 7.0 loc_loss:  0.6079819869995117 reward_loss:  -30.39909553527832
acc@1:  0.13828786453433678
epoch: 18 region loss 0.17051094890510948 loc loss 0.68193903721162 reward loss -34.09695306485587
epoch:  19 batch:  0 region_loss:  10.0 10.0 loc_loss:  0.7708304595947265 reward_loss:  -38.541526794433594
epoch:  19 batch:  10 region_loss:  10.0 10.0 loc_loss:  0.8023060607910156 reward_loss:  -40.115264892578125
epoch:  19 batch:  20 region_loss:  10.0 10.0 loc_loss:  0.7031368255615235 reward_loss:  -35.15684127807617
epoch:  19 batch:  30 region_loss:  10.0 10.0 loc_loss:  0.7426799011230468 reward_loss:  -37.133995056152344
epoch:  19 batch:  40 region_loss:  10.0 10.0 loc_loss:  0.8478535461425781 reward_loss:  -42.39267349243164
epoch:  19 batch:  50 region_loss:  10.0 10.0 loc_loss:  0.734066162109375 reward_loss:  -36.70329284667969
epoch:  19 batch:  60 region_loss:  10.0 10.0 loc_loss:  0.7858307647705078 reward_loss:  -39.29077911376953
epoch:  19 batch:  70 region_loss:  10.0 10.0 loc_loss:  0.7450990295410156 reward_loss:  -37.25495529174805
epoch:  19 batch:  80 region_loss:  10.0 10.0 loc_loss:  0.8333558654785156 reward_loss:  -41.66779327392578
epoch:  19 batch:  90 region_loss:  6.0 6.0 loc_loss:  0.5114921569824219 reward_loss:  -25.574607849121094
epoch:  19 batch:  100 region_loss:  8.0 8.0 loc_loss:  0.5905387878417969 reward_loss:  -29.526935577392578
epoch:  19 batch:  110 region_loss:  4.0 4.0 loc_loss:  0.34628570556640625 reward_loss:  -17.314285278320312
epoch:  19 batch:  120 region_loss:  5.0 5.0 loc_loss:  0.39543956756591797 reward_loss:  -19.7719783782959
epoch:  19 batch:  130 region_loss:  7.0 7.0 loc_loss:  0.5807949066162109 reward_loss:  -29.039745330810547
acc@1:  0.13405456255879586
epoch: 19 region loss 0.17051094890510948 loc loss 0.6509546666945855 reward loss -32.54772537120067
epoch:  20 batch:  0 region_loss:  10.0 10.0 loc_loss:  0.7327537536621094 reward_loss:  -36.637691497802734
epoch:  20 batch:  10 region_loss:  10.0 10.0 loc_loss:  0.7650930786132812 reward_loss:  -38.25465393066406
epoch:  20 batch:  20 region_loss:  10.0 10.0 loc_loss:  0.6733162689208985 reward_loss:  -33.66582489013672
epoch:  20 batch:  30 region_loss:  10.0 10.0 loc_loss:  0.7068052673339844 reward_loss:  -35.34026336669922
epoch:  20 batch:  40 region_loss:  10.0 10.0 loc_loss:  0.8169901275634766 reward_loss:  -40.84950256347656
epoch:  20 batch:  50 region_loss:  10.0 10.0 loc_loss:  0.6987610626220703 reward_loss:  -34.93804931640625
epoch:  20 batch:  60 region_loss:  10.0 10.0 loc_loss:  0.7479460144042969 reward_loss:  -37.39729690551758
epoch:  20 batch:  70 region_loss:  10.0 10.0 loc_loss:  0.7116851806640625 reward_loss:  -35.584259033203125
epoch:  20 batch:  80 region_loss:  10.0 10.0 loc_loss:  0.7980516052246094 reward_loss:  -39.90258026123047
epoch:  20 batch:  90 region_loss:  6.0 6.0 loc_loss:  0.4891476821899414 reward_loss:  -24.45738410949707
epoch:  20 batch:  100 region_loss:  8.0 8.0 loc_loss:  0.5639699554443359 reward_loss:  -28.19849395751953
epoch:  20 batch:  110 region_loss:  4.0 4.0 loc_loss:  0.32895362854003907 reward_loss:  -16.447690963745117
epoch:  20 batch:  120 region_loss:  5.0 5.0 loc_loss:  0.3749188232421875 reward_loss:  -18.745943069458008
epoch:  20 batch:  130 region_loss:  7.0 7.0 loc_loss:  0.5550225448608398 reward_loss:  -27.75112533569336
acc@1:  0.13264346190028223
epoch: 20 region loss 0.17051094890510948 loc loss 0.6220229778150572 reward loss -31.10114837562951
epoch:  21 batch:  0 region_loss:  10.0 10.0 loc_loss:  0.6973019409179687 reward_loss:  -34.86509323120117
epoch:  21 batch:  10 region_loss:  10.0 10.0 loc_loss:  0.7305905914306641 reward_loss:  -36.5295295715332
epoch:  21 batch:  20 region_loss:  10.0 10.0 loc_loss:  0.645714111328125 reward_loss:  -32.285701751708984
epoch:  21 batch:  30 region_loss:  10.0 10.0 loc_loss:  0.6733500671386718 reward_loss:  -33.667503356933594
epoch:  21 batch:  40 region_loss:  10.0 10.0 loc_loss:  0.7876619720458984 reward_loss:  -39.38309860229492
epoch:  21 batch:  50 region_loss:  10.0 10.0 loc_loss:  0.6661798858642578 reward_loss:  -33.30898666381836
epoch:  21 batch:  60 region_loss:  10.0 10.0 loc_loss:  0.71202880859375 reward_loss:  -35.601436614990234
epoch:  21 batch:  70 region_loss:  10.0 10.0 loc_loss:  0.6803092956542969 reward_loss:  -34.015464782714844
epoch:  21 batch:  80 region_loss:  10.0 10.0 loc_loss:  0.7643960571289062 reward_loss:  -38.21979522705078
epoch:  21 batch:  90 region_loss:  6.0 6.0 loc_loss:  0.46800201416015624 reward_loss:  -23.400100708007812
epoch:  21 batch:  100 region_loss:  8.0 8.0 loc_loss:  0.5388855743408203 reward_loss:  -26.944278717041016
epoch:  21 batch:  110 region_loss:  4.0 4.0 loc_loss:  0.31238616943359376 reward_loss:  -15.619305610656738
epoch:  21 batch:  120 region_loss:  5.0 5.0 loc_loss:  0.35550743103027344 reward_loss:  -17.775367736816406
epoch:  21 batch:  130 region_loss:  7.0 7.0 loc_loss:  0.5304484176635742 reward_loss:  -26.522417068481445
acc@1:  0.13311382878645345
epoch: 21 region loss 0.17051094890510948 loc loss 0.5948539984487269 reward loss -29.74269981801945
epoch:  22 batch:  0 region_loss:  10.0 10.0 loc_loss:  0.6638831329345704 reward_loss:  -33.19415283203125
epoch:  22 batch:  10 region_loss:  10.0 10.0 loc_loss:  0.6980516815185547 reward_loss:  -34.902584075927734
epoch:  22 batch:  20 region_loss:  10.0 10.0 loc_loss:  0.620099868774414 reward_loss:  -31.004993438720703
epoch:  22 batch:  30 region_loss:  10.0 10.0 loc_loss:  0.6420016479492188 reward_loss:  -32.10009002685547
epoch:  22 batch:  40 region_loss:  10.0 10.0 loc_loss:  0.7593153381347656 reward_loss:  -37.96577072143555
epoch:  22 batch:  50 region_loss:  10.0 10.0 loc_loss:  0.6360675811767578 reward_loss:  -31.803380966186523
epoch:  22 batch:  60 region_loss:  10.0 10.0 loc_loss:  0.6779463195800781 reward_loss:  -33.897315979003906
epoch:  22 batch:  70 region_loss:  10.0 10.0 loc_loss:  0.6505882263183593 reward_loss:  -32.52941131591797
epoch:  22 batch:  80 region_loss:  10.0 10.0 loc_loss:  0.7322393798828125 reward_loss:  -36.61197280883789
epoch:  22 batch:  90 region_loss:  6.0 6.0 loc_loss:  0.4477852249145508 reward_loss:  -22.389257431030273
epoch:  22 batch:  100 region_loss:  8.0 8.0 loc_loss:  0.515062255859375 reward_loss:  -25.75311279296875
epoch:  22 batch:  110 region_loss:  4.0 4.0 loc_loss:  0.29653472900390626 reward_loss:  -14.826737403869629
epoch:  22 batch:  120 region_loss:  5.0 5.0 loc_loss:  0.33723213195800783 reward_loss:  -16.86160659790039
epoch:  22 batch:  130 region_loss:  7.0 7.0 loc_loss:  0.5068302154541016 reward_loss:  -25.341510772705078
acc@1:  0.13123236124176857
epoch: 22 region loss 0.17051094890510948 loc loss 0.569187242201645 reward loss -28.45936310204276
epoch:  23 batch:  0 region_loss:  10.0 10.0 loc_loss:  0.6323493957519531 reward_loss:  -31.617488861083984
epoch:  23 batch:  10 region_loss:  10.0 10.0 loc_loss:  0.6675091552734375 reward_loss:  -33.375457763671875
epoch:  23 batch:  20 region_loss:  10.0 10.0 loc_loss:  0.5960753250122071 reward_loss:  -29.803768157958984
epoch:  23 batch:  30 region_loss:  10.0 10.0 loc_loss:  0.6123647689819336 reward_loss:  -30.61823844909668
epoch:  23 batch:  40 region_loss:  10.0 10.0 loc_loss:  0.7320877075195312 reward_loss:  -36.60438537597656
epoch:  23 batch:  50 region_loss:  10.0 10.0 loc_loss:  0.607908706665039 reward_loss:  -30.395435333251953
epoch:  23 batch:  60 region_loss:  10.0 10.0 loc_loss:  0.6455889892578125 reward_loss:  -32.279441833496094
epoch:  23 batch:  70 region_loss:  10.0 10.0 loc_loss:  0.6225808334350585 reward_loss:  -31.1290340423584
epoch:  23 batch:  80 region_loss:  10.0 10.0 loc_loss:  0.7011430358886719 reward_loss:  -35.057151794433594
epoch:  23 batch:  90 region_loss:  6.0 6.0 loc_loss:  0.42837985992431643 reward_loss:  -21.418994903564453
epoch:  23 batch:  100 region_loss:  8.0 8.0 loc_loss:  0.4923689270019531 reward_loss:  -24.618444442749023
epoch:  23 batch:  110 region_loss:  4.0 4.0 loc_loss:  0.28149221420288084 reward_loss:  -14.074612617492676
epoch:  23 batch:  120 region_loss:  5.0 5.0 loc_loss:  0.319953670501709 reward_loss:  -15.997685432434082
epoch:  23 batch:  130 region_loss:  7.0 7.0 loc_loss:  0.48419822692871095 reward_loss:  -24.209911346435547
acc@1:  0.1284101599247413
epoch: 23 region loss 0.17051094890510948 loc loss 0.5448149467384727 reward loss -27.2407556067418
epoch:  24 batch:  0 region_loss:  10.0 10.0 loc_loss:  0.602314224243164 reward_loss:  -30.115707397460938
epoch:  24 batch:  10 region_loss:  10.0 10.0 loc_loss:  0.6386709976196289 reward_loss:  -31.933551788330078
epoch:  24 batch:  20 region_loss:  10.0 10.0 loc_loss:  0.5733895874023438 reward_loss:  -28.66948127746582
epoch:  24 batch:  30 region_loss:  10.0 10.0 loc_loss:  0.5844618225097656 reward_loss:  -29.22309112548828
epoch:  24 batch:  40 region_loss:  10.0 10.0 loc_loss:  0.7054823303222656 reward_loss:  -35.27411651611328
epoch:  24 batch:  50 region_loss:  10.0 10.0 loc_loss:  0.581624641418457 reward_loss:  -29.08123016357422
epoch:  24 batch:  60 region_loss:  10.0 10.0 loc_loss:  0.6148725128173829 reward_loss:  -30.743616104125977
epoch:  24 batch:  70 region_loss:  10.0 10.0 loc_loss:  0.5957689666748047 reward_loss:  -29.78847885131836
epoch:  24 batch:  80 region_loss:  10.0 10.0 loc_loss:  0.6713088226318359 reward_loss:  -33.5654411315918
epoch:  24 batch:  90 region_loss:  6.0 6.0 loc_loss:  0.40971195220947265 reward_loss:  -20.485584259033203
epoch:  24 batch:  100 region_loss:  8.0 8.0 loc_loss:  0.47030513763427734 reward_loss:  -23.51525115966797
epoch:  24 batch:  110 region_loss:  4.0 4.0 loc_loss:  0.2669618034362793 reward_loss:  -13.348089218139648
epoch:  24 batch:  120 region_loss:  5.0 5.0 loc_loss:  0.3035077476501465 reward_loss:  -15.175386428833008
epoch:  24 batch:  130 region_loss:  7.0 7.0 loc_loss:  0.46252094268798827 reward_loss:  -23.12604522705078
acc@1:  0.12746942615239887
epoch: 24 region loss 0.17051094890510948 loc loss 0.5215654692684647 reward loss -26.078273282433948
epoch:  25 batch:  0 region_loss:  10.0 10.0 loc_loss:  0.5737907409667968 reward_loss:  -28.689533233642578
epoch:  25 batch:  10 region_loss:  10.0 10.0 loc_loss:  0.6114300537109375 reward_loss:  -30.571500778198242
epoch:  25 batch:  20 region_loss:  10.0 10.0 loc_loss:  0.5515689468383789 reward_loss:  -27.578445434570312
epoch:  25 batch:  30 region_loss:  10.0 10.0 loc_loss:  0.5578982543945312 reward_loss:  -27.894912719726562
epoch:  25 batch:  40 region_loss:  10.0 10.0 loc_loss:  0.6797250366210937 reward_loss:  -33.98624801635742
epoch:  25 batch:  50 region_loss:  10.0 10.0 loc_loss:  0.5567105102539063 reward_loss:  -27.835519790649414
epoch:  25 batch:  60 region_loss:  10.0 10.0 loc_loss:  0.5854788970947266 reward_loss:  -29.273942947387695
epoch:  25 batch:  70 region_loss:  10.0 10.0 loc_loss:  0.5702610778808593 reward_loss:  -28.513051986694336
epoch:  25 batch:  80 region_loss:  10.0 10.0 loc_loss:  0.6422121429443359 reward_loss:  -32.11060333251953
epoch:  25 batch:  90 region_loss:  6.0 6.0 loc_loss:  0.39171241760253905 reward_loss:  -19.58562469482422
epoch:  25 batch:  100 region_loss:  8.0 8.0 loc_loss:  0.4491474151611328 reward_loss:  -22.457368850708008
epoch:  25 batch:  110 region_loss:  4.0 4.0 loc_loss:  0.2529722595214844 reward_loss:  -12.648612976074219
epoch:  25 batch:  120 region_loss:  5.0 5.0 loc_loss:  0.2878876686096191 reward_loss:  -14.394379615783691
epoch:  25 batch:  130 region_loss:  7.0 7.0 loc_loss:  0.4414525604248047 reward_loss:  -22.0726261138916
acc@1:  0.1288805268109125
epoch: 25 region loss 0.17051094890510948 loc loss 0.49929476139319207 reward loss -24.96473691411262
epoch:  26 batch:  0 region_loss:  10.0 10.0 loc_loss:  0.5465925598144531 reward_loss:  -27.329631805419922
epoch:  26 batch:  10 region_loss:  10.0 10.0 loc_loss:  0.5852197265625 reward_loss:  -29.260988235473633
epoch:  26 batch:  20 region_loss:  10.0 10.0 loc_loss:  0.5310392761230469 reward_loss:  -26.55196189880371
epoch:  26 batch:  30 region_loss:  10.0 10.0 loc_loss:  0.5325027847290039 reward_loss:  -26.625139236450195
epoch:  26 batch:  40 region_loss:  10.0 10.0 loc_loss:  0.6544001770019531 reward_loss:  -32.720008850097656
epoch:  26 batch:  50 region_loss:  10.0 10.0 loc_loss:  0.532919921875 reward_loss:  -26.645998001098633
epoch:  26 batch:  60 region_loss:  10.0 10.0 loc_loss:  0.5574543762207032 reward_loss:  -27.872716903686523
epoch:  26 batch:  70 region_loss:  10.0 10.0 loc_loss:  0.5457341384887695 reward_loss:  -27.286706924438477
epoch:  26 batch:  80 region_loss:  10.0 10.0 loc_loss:  0.6140180587768554 reward_loss:  -30.700904846191406
epoch:  26 batch:  90 region_loss:  6.0 6.0 loc_loss:  0.37420120239257815 reward_loss:  -18.710060119628906
epoch:  26 batch:  100 region_loss:  8.0 8.0 loc_loss:  0.4288277816772461 reward_loss:  -21.441389083862305
epoch:  26 batch:  110 region_loss:  4.0 4.0 loc_loss:  0.23950736999511718 reward_loss:  -11.975366592407227
epoch:  26 batch:  120 region_loss:  5.0 5.0 loc_loss:  0.27300224304199217 reward_loss:  -13.650110244750977
epoch:  26 batch:  130 region_loss:  7.0 7.0 loc_loss:  0.4211062240600586 reward_loss:  -21.055313110351562
acc@1:  0.12699905926622765
epoch: 26 region loss 0.17051094890510948 loc loss 0.47789353384588756 reward loss -23.89467799750558
epoch:  27 batch:  0 region_loss:  10.0 10.0 loc_loss:  0.5205532836914063 reward_loss:  -26.027667999267578
epoch:  27 batch:  10 region_loss:  10.0 10.0 loc_loss:  0.5601093673706055 reward_loss:  -28.00546646118164
epoch:  27 batch:  20 region_loss:  10.0 10.0 loc_loss:  0.5111046600341796 reward_loss:  -25.55522918701172
epoch:  27 batch:  30 region_loss:  10.0 10.0 loc_loss:  0.5084023666381836 reward_loss:  -25.42011833190918
epoch:  27 batch:  40 region_loss:  10.0 10.0 loc_loss:  0.629699592590332 reward_loss:  -31.484975814819336
epoch:  27 batch:  50 region_loss:  10.0 10.0 loc_loss:  0.5101216506958007 reward_loss:  -25.506080627441406
epoch:  27 batch:  60 region_loss:  10.0 10.0 loc_loss:  0.5306023406982422 reward_loss:  -26.53011703491211
epoch:  27 batch:  70 region_loss:  10.0 10.0 loc_loss:  0.5223287582397461 reward_loss:  -26.116426467895508
epoch:  27 batch:  80 region_loss:  10.0 10.0 loc_loss:  0.5867881011962891 reward_loss:  -29.33940315246582
epoch:  27 batch:  90 region_loss:  6.0 6.0 loc_loss:  0.3572214889526367 reward_loss:  -17.861074447631836
epoch:  27 batch:  100 region_loss:  8.0 8.0 loc_loss:  0.40916980743408204 reward_loss:  -20.458492279052734
epoch:  27 batch:  110 region_loss:  4.0 4.0 loc_loss:  0.22648492813110352 reward_loss:  -11.324246406555176
epoch:  27 batch:  120 region_loss:  5.0 5.0 loc_loss:  0.2587554740905762 reward_loss:  -12.937772750854492
epoch:  27 batch:  130 region_loss:  7.0 7.0 loc_loss:  0.4014981079101563 reward_loss:  -20.074905395507812
acc@1:  0.12699905926622765
epoch: 27 region loss 0.17051094890510948 loc loss 0.45726436614990235 reward loss -22.86321619131269
epoch:  28 batch:  0 region_loss:  10.0 10.0 loc_loss:  0.4957122802734375 reward_loss:  -24.785615921020508
epoch:  28 batch:  10 region_loss:  10.0 10.0 loc_loss:  0.535987548828125 reward_loss:  -26.799379348754883
epoch:  28 batch:  20 region_loss:  10.0 10.0 loc_loss:  0.4918117904663086 reward_loss:  -24.59058952331543
epoch:  28 batch:  30 region_loss:  10.0 10.0 loc_loss:  0.48516151428222654 reward_loss:  -24.258073806762695
epoch:  28 batch:  40 region_loss:  10.0 10.0 loc_loss:  0.6057034301757812 reward_loss:  -30.28516960144043
epoch:  28 batch:  50 region_loss:  10.0 10.0 loc_loss:  0.4881494140625 reward_loss:  -24.407474517822266
epoch:  28 batch:  60 region_loss:  10.0 10.0 loc_loss:  0.5048098754882813 reward_loss:  -25.24049186706543
epoch:  28 batch:  70 region_loss:  10.0 10.0 loc_loss:  0.49962242126464845 reward_loss:  -24.98111915588379
epoch:  28 batch:  80 region_loss:  10.0 10.0 loc_loss:  0.5601407623291016 reward_loss:  -28.007038116455078
epoch:  28 batch:  90 region_loss:  6.0 6.0 loc_loss:  0.34076431274414065 reward_loss:  -17.03821563720703
epoch:  28 batch:  100 region_loss:  8.0 8.0 loc_loss:  0.3901481628417969 reward_loss:  -19.507400512695312
epoch:  28 batch:  110 region_loss:  4.0 4.0 loc_loss:  0.21388505935668944 reward_loss:  -10.694252967834473
epoch:  28 batch:  120 region_loss:  5.0 5.0 loc_loss:  0.245069522857666 reward_loss:  -12.253477096557617
epoch:  28 batch:  130 region_loss:  7.0 7.0 loc_loss:  0.3823046875 reward_loss:  -19.115234375
acc@1:  0.12699905926622765
epoch: 28 region loss 0.17051094890510948 loc loss 0.4373285115374266 reward loss -21.866425794406528
epoch:  29 batch:  0 region_loss:  10.0 10.0 loc_loss:  0.47168521881103515 reward_loss:  -23.584259033203125
epoch:  29 batch:  10 region_loss:  10.0 10.0 loc_loss:  0.5125634002685547 reward_loss:  -25.628170013427734
epoch:  29 batch:  20 region_loss:  10.0 10.0 loc_loss:  0.4734127807617188 reward_loss:  -23.67064666748047
epoch:  29 batch:  30 region_loss:  10.0 10.0 loc_loss:  0.46281478881835936 reward_loss:  -23.140737533569336
epoch:  29 batch:  40 region_loss:  10.0 10.0 loc_loss:  0.5818726730346679 reward_loss:  -29.093637466430664
epoch:  29 batch:  50 region_loss:  10.0 10.0 loc_loss:  0.4671333694458008 reward_loss:  -23.356666564941406
epoch:  29 batch:  60 region_loss:  10.0 10.0 loc_loss:  0.47998023986816407 reward_loss:  -23.999011993408203
epoch:  29 batch:  70 region_loss:  10.0 10.0 loc_loss:  0.47769607543945314 reward_loss:  -23.88480567932129
epoch:  29 batch:  80 region_loss:  10.0 10.0 loc_loss:  0.5341715621948242 reward_loss:  -26.708581924438477
epoch:  29 batch:  90 region_loss:  6.0 6.0 loc_loss:  0.3246147537231445 reward_loss:  -16.230735778808594
epoch:  29 batch:  100 region_loss:  8.0 8.0 loc_loss:  0.37179012298583985 reward_loss:  -18.589506149291992
epoch:  29 batch:  110 region_loss:  4.0 4.0 loc_loss:  0.20182041168212891 reward_loss:  -10.091019630432129
epoch:  29 batch:  120 region_loss:  5.0 5.0 loc_loss:  0.2320687675476074 reward_loss:  -11.603437423706055
epoch:  29 batch:  130 region_loss:  7.0 7.0 loc_loss:  0.36383590698242185 reward_loss:  -18.19179916381836
acc@1:  0.1251175917215428
epoch: 29 region loss 0.17051094890510948 loc loss 0.41803364544889354 reward loss -20.90168641083432
epoch:  30 batch:  0 region_loss:  10.0 10.0 loc_loss:  0.44884544372558594 reward_loss:  -22.442272186279297
epoch:  30 batch:  10 region_loss:  10.0 10.0 loc_loss:  0.4899629211425781 reward_loss:  -24.49814796447754
epoch:  30 batch:  20 region_loss:  10.0 10.0 loc_loss:  0.45533367156982424 reward_loss:  -22.76668357849121
epoch:  30 batch:  30 region_loss:  10.0 10.0 loc_loss:  0.4410306167602539 reward_loss:  -22.051532745361328
epoch:  30 batch:  40 region_loss:  10.0 10.0 loc_loss:  0.5586236572265625 reward_loss:  -27.93117904663086
epoch:  30 batch:  50 region_loss:  10.0 10.0 loc_loss:  0.4467323303222656 reward_loss:  -22.33661460876465
epoch:  30 batch:  60 region_loss:  10.0 10.0 loc_loss:  0.456014518737793 reward_loss:  -22.80072593688965
epoch:  30 batch:  70 region_loss:  10.0 10.0 loc_loss:  0.4564920806884766 reward_loss:  -22.824604034423828
epoch:  30 batch:  80 region_loss:  10.0 10.0 loc_loss:  0.5087441253662109 reward_loss:  -25.437210083007812
epoch:  30 batch:  90 region_loss:  6.0 6.0 loc_loss:  0.308885383605957 reward_loss:  -15.444269180297852
epoch:  30 batch:  100 region_loss:  8.0 8.0 loc_loss:  0.35399642944335935 reward_loss:  -17.69982147216797
epoch:  30 batch:  110 region_loss:  4.0 4.0 loc_loss:  0.19008201599121094 reward_loss:  -9.504096984863281
epoch:  30 batch:  120 region_loss:  5.0 5.0 loc_loss:  0.21951915740966796 reward_loss:  -10.97595500946045
epoch:  30 batch:  130 region_loss:  7.0 7.0 loc_loss:  0.3458210372924805 reward_loss:  -17.291053771972656
acc@1:  0.12370649106302917
epoch: 30 region loss 0.17051094890510948 loc loss 0.3993417732907038 reward loss -19.967087159191603
epoch:  31 batch:  0 region_loss:  10.0 10.0 loc_loss:  0.42675193786621096 reward_loss:  -21.337600708007812
epoch:  31 batch:  10 region_loss:  10.0 10.0 loc_loss:  0.4679034423828125 reward_loss:  -23.395172119140625
epoch:  31 batch:  20 region_loss:  10.0 10.0 loc_loss:  0.43770694732666016 reward_loss:  -21.88534927368164
epoch:  31 batch:  30 region_loss:  10.0 10.0 loc_loss:  0.42012813568115237 reward_loss:  -21.006404876708984
epoch:  31 batch:  40 region_loss:  10.0 10.0 loc_loss:  0.5358163452148438 reward_loss:  -26.790817260742188
epoch:  31 batch:  50 region_loss:  10.0 10.0 loc_loss:  0.42684776306152344 reward_loss:  -21.342391967773438
epoch:  31 batch:  60 region_loss:  10.0 10.0 loc_loss:  0.4330605697631836 reward_loss:  -21.653034210205078
epoch:  31 batch:  70 region_loss:  10.0 10.0 loc_loss:  0.43572593688964845 reward_loss:  -21.786287307739258
epoch:  31 batch:  80 region_loss:  10.0 10.0 loc_loss:  0.48391727447509764 reward_loss:  -24.195863723754883
epoch:  31 batch:  90 region_loss:  6.0 6.0 loc_loss:  0.2936726760864258 reward_loss:  -14.683631896972656
epoch:  31 batch:  100 region_loss:  8.0 8.0 loc_loss:  0.33679149627685545 reward_loss:  -16.839574813842773
epoch:  31 batch:  110 region_loss:  4.0 4.0 loc_loss:  0.1789084243774414 reward_loss:  -8.945425033569336
epoch:  31 batch:  120 region_loss:  5.0 5.0 loc_loss:  0.20747325897216798 reward_loss:  -10.373666763305664
epoch:  31 batch:  130 region_loss:  7.0 7.0 loc_loss:  0.3286471176147461 reward_loss:  -16.432353973388672
acc@1:  0.12370649106302917
epoch: 31 region loss 0.17051094890510948 loc loss 0.38118477884000235 reward loss -19.059235980040835
epoch:  32 batch:  0 region_loss:  10.0 10.0 loc_loss:  0.4054528045654297 reward_loss:  -20.272642135620117
epoch:  32 batch:  10 region_loss:  10.0 10.0 loc_loss:  0.44683059692382815 reward_loss:  -22.34153175354004
epoch:  32 batch:  20 region_loss:  10.0 10.0 loc_loss:  0.42064208984375 reward_loss:  -21.0321044921875
epoch:  32 batch:  30 region_loss:  10.0 10.0 loc_loss:  0.39979705810546873 reward_loss:  -19.989852905273438
epoch:  32 batch:  40 region_loss:  10.0 10.0 loc_loss:  0.5135328674316406 reward_loss:  -25.676645278930664
epoch:  32 batch:  50 region_loss:  10.0 10.0 loc_loss:  0.40755531311035154 reward_loss:  -20.37776756286621
epoch:  32 batch:  60 region_loss:  10.0 10.0 loc_loss:  0.41069862365722654 reward_loss:  -20.53493309020996
epoch:  32 batch:  70 region_loss:  10.0 10.0 loc_loss:  0.4158187484741211 reward_loss:  -20.790937423706055
epoch:  32 batch:  80 region_loss:  10.0 10.0 loc_loss:  0.45978679656982424 reward_loss:  -22.989337921142578
epoch:  32 batch:  90 region_loss:  6.0 6.0 loc_loss:  0.2788116073608398 reward_loss:  -13.940579414367676
epoch:  32 batch:  100 region_loss:  8.0 8.0 loc_loss:  0.3200262451171875 reward_loss:  -16.00130844116211
epoch:  32 batch:  110 region_loss:  4.0 4.0 loc_loss:  0.16808727264404297 reward_loss:  -8.404363632202148
epoch:  32 batch:  120 region_loss:  5.0 5.0 loc_loss:  0.1958162498474121 reward_loss:  -9.790812492370605
epoch:  32 batch:  130 region_loss:  7.0 7.0 loc_loss:  0.3116663551330566 reward_loss:  -15.583316802978516
acc@1:  0.1218250235183443
epoch: 32 region loss 0.17051094890510948 loc loss 0.3635548489285212 reward loss -18.17774045728419
epoch:  33 batch:  0 region_loss:  10.0 10.0 loc_loss:  0.38503662109375 reward_loss:  -19.2518310546875
epoch:  33 batch:  10 region_loss:  10.0 10.0 loc_loss:  0.4261111068725586 reward_loss:  -21.305557250976562
epoch:  33 batch:  20 region_loss:  10.0 10.0 loc_loss:  0.4040792846679688 reward_loss:  -20.203962326049805
epoch:  33 batch:  30 region_loss:  10.0 10.0 loc_loss:  0.3802103805541992 reward_loss:  -19.010520935058594
epoch:  33 batch:  40 region_loss:  10.0 10.0 loc_loss:  0.49151130676269533 reward_loss:  -24.575563430786133
epoch:  33 batch:  50 region_loss:  10.0 10.0 loc_loss:  0.38876296997070314 reward_loss:  -19.438148498535156
epoch:  33 batch:  60 region_loss:  10.0 10.0 loc_loss:  0.3894918823242188 reward_loss:  -19.474594116210938
epoch:  33 batch:  70 region_loss:  10.0 10.0 loc_loss:  0.39613121032714843 reward_loss:  -19.806556701660156
epoch:  33 batch:  80 region_loss:  10.0 10.0 loc_loss:  0.43623233795166017 reward_loss:  -21.811614990234375
epoch:  33 batch:  90 region_loss:  6.0 6.0 loc_loss:  0.26414337158203127 reward_loss:  -13.207168579101562
epoch:  33 batch:  100 region_loss:  8.0 8.0 loc_loss:  0.3039081954956055 reward_loss:  -15.19540786743164
epoch:  33 batch:  110 region_loss:  4.0 4.0 loc_loss:  0.15773043632507325 reward_loss:  -7.886520862579346
epoch:  33 batch:  120 region_loss:  5.0 5.0 loc_loss:  0.18467426300048828 reward_loss:  -9.233713150024414
epoch:  33 batch:  130 region_loss:  7.0 7.0 loc_loss:  0.2954178619384766 reward_loss:  -14.770894050598145
acc@1:  0.12088428974600188
epoch: 33 region loss 0.17051094890510948 loc loss 0.3463657758879835 reward loss -17.318286986246598
epoch:  34 batch:  0 region_loss:  10.0 10.0 loc_loss:  0.3651057052612305 reward_loss:  -18.255285263061523
epoch:  34 batch:  10 region_loss:  10.0 10.0 loc_loss:  0.4059647750854492 reward_loss:  -20.29823875427246
epoch:  34 batch:  20 region_loss:  10.0 10.0 loc_loss:  0.3878450775146484 reward_loss:  -19.39225196838379
epoch:  34 batch:  30 region_loss:  10.0 10.0 loc_loss:  0.3610836410522461 reward_loss:  -18.054183959960938
epoch:  34 batch:  40 region_loss:  10.0 10.0 loc_loss:  0.4701156234741211 reward_loss:  -23.505779266357422
epoch:  34 batch:  50 region_loss:  10.0 10.0 loc_loss:  0.37049144744873047 reward_loss:  -18.524568557739258
epoch:  34 batch:  60 region_loss:  10.0 10.0 loc_loss:  0.3687461471557617 reward_loss:  -18.437305450439453
epoch:  34 batch:  70 region_loss:  10.0 10.0 loc_loss:  0.3771951675415039 reward_loss:  -18.859758377075195
epoch:  34 batch:  80 region_loss:  10.0 10.0 loc_loss:  0.4133860015869141 reward_loss:  -20.669296264648438
epoch:  34 batch:  90 region_loss:  6.0 6.0 loc_loss:  0.2501833724975586 reward_loss:  -12.50916862487793
epoch:  34 batch:  100 region_loss:  8.0 8.0 loc_loss:  0.2881780624389648 reward_loss:  -14.40890121459961
epoch:  34 batch:  110 region_loss:  4.0 4.0 loc_loss:  0.14774357795715332 reward_loss:  -7.387176513671875
epoch:  34 batch:  120 region_loss:  5.0 5.0 loc_loss:  0.17395187377929688 reward_loss:  -8.697593688964844
epoch:  34 batch:  130 region_loss:  7.0 7.0 loc_loss:  0.27953174591064456 reward_loss:  -13.976588249206543
acc@1:  0.11900282220131703
epoch: 34 region loss 0.17051094890510948 loc loss 0.3297117533300915 reward loss -16.48558978442728
epoch:  35 batch:  0 region_loss:  10.0 10.0 loc_loss:  0.34595451354980467 reward_loss:  -17.2977237701416
epoch:  35 batch:  10 region_loss:  10.0 10.0 loc_loss:  0.386612663269043 reward_loss:  -19.330631256103516
epoch:  35 batch:  20 region_loss:  10.0 10.0 loc_loss:  0.37192745208740235 reward_loss:  -18.596372604370117
epoch:  35 batch:  30 region_loss:  10.0 10.0 loc_loss:  0.34253597259521484 reward_loss:  -17.126798629760742
epoch:  35 batch:  40 region_loss:  10.0 10.0 loc_loss:  0.4489190292358398 reward_loss:  -22.44594955444336
epoch:  35 batch:  50 region_loss:  10.0 10.0 loc_loss:  0.3526522445678711 reward_loss:  -17.632612228393555
epoch:  35 batch:  60 region_loss:  10.0 10.0 loc_loss:  0.34896034240722656 reward_loss:  -17.448017120361328
epoch:  35 batch:  70 region_loss:  10.0 10.0 loc_loss:  0.35875930786132815 reward_loss:  -17.937963485717773
epoch:  35 batch:  80 region_loss:  10.0 10.0 loc_loss:  0.3909625244140625 reward_loss:  -19.548126220703125
epoch:  35 batch:  90 region_loss:  6.0 6.0 loc_loss:  0.2364063835144043 reward_loss:  -11.82032585144043
epoch:  35 batch:  100 region_loss:  8.0 8.0 loc_loss:  0.27310604095458985 reward_loss:  -13.655288696289062
epoch:  35 batch:  110 region_loss:  4.0 4.0 loc_loss:  0.13829326629638672 reward_loss:  -6.914663314819336
epoch:  35 batch:  120 region_loss:  5.0 5.0 loc_loss:  0.16365499496459962 reward_loss:  -8.182748794555664
epoch:  35 batch:  130 region_loss:  7.0 7.0 loc_loss:  0.2641236686706543 reward_loss:  -13.206183433532715
acc@1:  0.11853245531514581
epoch: 35 region loss 0.17051094890510948 loc loss 0.3135536147904222 reward loss -15.677679130630771
epoch:  36 batch:  0 region_loss:  10.0 10.0 loc_loss:  0.32738815307617186 reward_loss:  -16.369407653808594
epoch:  36 batch:  10 region_loss:  10.0 10.0 loc_loss:  0.36773826599121096 reward_loss:  -18.386913299560547
epoch:  36 batch:  20 region_loss:  10.0 10.0 loc_loss:  0.3564446258544922 reward_loss:  -17.82223129272461
epoch:  36 batch:  30 region_loss:  10.0 10.0 loc_loss:  0.3246398162841797 reward_loss:  -16.23198890686035
epoch:  36 batch:  40 region_loss:  10.0 10.0 loc_loss:  0.4282738494873047 reward_loss:  -21.413692474365234
epoch:  36 batch:  50 region_loss:  10.0 10.0 loc_loss:  0.33519813537597654 reward_loss:  -16.759899139404297
epoch:  36 batch:  60 region_loss:  10.0 10.0 loc_loss:  0.3298303985595703 reward_loss:  -16.491518020629883
epoch:  36 batch:  70 region_loss:  10.0 10.0 loc_loss:  0.34090213775634765 reward_loss:  -17.04510498046875
epoch:  36 batch:  80 region_loss:  10.0 10.0 loc_loss:  0.36925331115722654 reward_loss:  -18.462665557861328
epoch:  36 batch:  90 region_loss:  6.0 6.0 loc_loss:  0.22318260192871095 reward_loss:  -11.15912914276123
epoch:  36 batch:  100 region_loss:  8.0 8.0 loc_loss:  0.25818023681640623 reward_loss:  -12.909008026123047
epoch:  36 batch:  110 region_loss:  4.0 4.0 loc_loss:  0.12908439636230468 reward_loss:  -6.454219818115234
epoch:  36 batch:  120 region_loss:  5.0 5.0 loc_loss:  0.15384016036987305 reward_loss:  -7.692009449005127
epoch:  36 batch:  130 region_loss:  7.0 7.0 loc_loss:  0.2492809295654297 reward_loss:  -12.464046478271484
acc@1:  0.1147695202257761
epoch: 36 region loss 0.17051094890510948 loc loss 0.2978869675545797 reward loss -14.894360463984691
epoch:  37 batch:  0 region_loss:  10.0 10.0 loc_loss:  0.3094923782348633 reward_loss:  -15.474617004394531
epoch:  37 batch:  10 region_loss:  10.0 10.0 loc_loss:  0.3493869400024414 reward_loss:  -17.46934700012207
epoch:  37 batch:  20 region_loss:  10.0 10.0 loc_loss:  0.34130340576171875 reward_loss:  -17.06517219543457
epoch:  37 batch:  30 region_loss:  10.0 10.0 loc_loss:  0.30727190017700196 reward_loss:  -15.363595008850098
epoch:  37 batch:  40 region_loss:  10.0 10.0 loc_loss:  0.40816028594970705 reward_loss:  -20.40801429748535
epoch:  37 batch:  50 region_loss:  10.0 10.0 loc_loss:  0.318287296295166 reward_loss:  -15.914365768432617
epoch:  37 batch:  60 region_loss:  10.0 10.0 loc_loss:  0.31160194396972657 reward_loss:  -15.580097198486328
epoch:  37 batch:  70 region_loss:  10.0 10.0 loc_loss:  0.3234757614135742 reward_loss:  -16.17378807067871
epoch:  37 batch:  80 region_loss:  10.0 10.0 loc_loss:  0.34835258483886716 reward_loss:  -17.41762924194336
epoch:  37 batch:  90 region_loss:  6.0 6.0 loc_loss:  0.21018518447875978 reward_loss:  -10.509259223937988
epoch:  37 batch:  100 region_loss:  8.0 8.0 loc_loss:  0.24459373474121093 reward_loss:  -12.229687690734863
epoch:  37 batch:  110 region_loss:  4.0 4.0 loc_loss:  0.12050143241882325 reward_loss:  -6.025071144104004
epoch:  37 batch:  120 region_loss:  5.0 5.0 loc_loss:  0.14456039428710937 reward_loss:  -7.228018760681152
epoch:  37 batch:  130 region_loss:  7.0 7.0 loc_loss:  0.23490110397338868 reward_loss:  -11.74505615234375
acc@1:  0.11571025399811853
epoch: 37 region loss 0.17051094890510948 loc loss 0.2827670339250216 reward loss -14.13835570760017
epoch:  38 batch:  0 region_loss:  10.0 10.0 loc_loss:  0.2923118591308594 reward_loss:  -14.615593910217285
epoch:  38 batch:  10 region_loss:  10.0 10.0 loc_loss:  0.33155529022216795 reward_loss:  -16.577760696411133
epoch:  38 batch:  20 region_loss:  10.0 10.0 loc_loss:  0.32678363800048826 reward_loss:  -16.339181900024414
epoch:  38 batch:  30 region_loss:  10.0 10.0 loc_loss:  0.29051593780517576 reward_loss:  -14.525795936584473
epoch:  38 batch:  40 region_loss:  10.0 10.0 loc_loss:  0.38820472717285154 reward_loss:  -19.410236358642578
epoch:  38 batch:  50 region_loss:  10.0 10.0 loc_loss:  0.3020272445678711 reward_loss:  -15.101362228393555
epoch:  38 batch:  60 region_loss:  10.0 10.0 loc_loss:  0.29384029388427735 reward_loss:  -14.692014694213867
epoch:  38 batch:  70 region_loss:  10.0 10.0 loc_loss:  0.306911506652832 reward_loss:  -15.345575332641602
epoch:  38 batch:  80 region_loss:  10.0 10.0 loc_loss:  0.3279729461669922 reward_loss:  -16.39864730834961
epoch:  38 batch:  90 region_loss:  6.0 6.0 loc_loss:  0.19769620895385742 reward_loss:  -9.884809494018555
epoch:  38 batch:  100 region_loss:  8.0 8.0 loc_loss:  0.2300898551940918 reward_loss:  -11.504465103149414
epoch:  38 batch:  110 region_loss:  4.0 4.0 loc_loss:  0.11216924667358398 reward_loss:  -5.608461856842041
epoch:  38 batch:  120 region_loss:  5.0 5.0 loc_loss:  0.13561708450317383 reward_loss:  -6.780853748321533
epoch:  38 batch:  130 region_loss:  7.0 7.0 loc_loss:  0.221141357421875 reward_loss:  -11.05706787109375
acc@1:  0.11288805268109126
epoch: 38 region loss 0.17051094890510948 loc loss 0.26813145776734737 reward loss -13.406572767417796
epoch:  39 batch:  0 region_loss:  10.0 10.0 loc_loss:  0.2756494140625 reward_loss:  -13.782469749450684
epoch:  39 batch:  10 region_loss:  10.0 10.0 loc_loss:  0.31433725357055664 reward_loss:  -15.716862678527832
epoch:  39 batch:  20 region_loss:  10.0 10.0 loc_loss:  0.3122896194458008 reward_loss:  -15.614481925964355
epoch:  39 batch:  30 region_loss:  10.0 10.0 loc_loss:  0.2743623924255371 reward_loss:  -13.718118667602539
epoch:  39 batch:  40 region_loss:  10.0 10.0 loc_loss:  0.3690929794311523 reward_loss:  -18.454648971557617
epoch:  39 batch:  50 region_loss:  10.0 10.0 loc_loss:  0.2859587478637695 reward_loss:  -14.297940254211426
epoch:  39 batch:  60 region_loss:  10.0 10.0 loc_loss:  0.27708246231079103 reward_loss:  -13.85412311553955
epoch:  39 batch:  70 region_loss:  10.0 10.0 loc_loss:  0.29064403533935546 reward_loss:  -14.532201766967773
epoch:  39 batch:  80 region_loss:  10.0 10.0 loc_loss:  0.30854259490966796 reward_loss:  -15.427129745483398
epoch:  39 batch:  90 region_loss:  6.0 6.0 loc_loss:  0.1856420135498047 reward_loss:  -9.2821044921875
epoch:  39 batch:  100 region_loss:  8.0 8.0 loc_loss:  0.2181900405883789 reward_loss:  -10.90951156616211
epoch:  39 batch:  110 region_loss:  4.0 4.0 loc_loss:  0.10432173728942871 reward_loss:  -5.216084003448486
epoch:  39 batch:  120 region_loss:  5.0 5.0 loc_loss:  0.12715912818908692 reward_loss:  -6.3579559326171875
epoch:  39 batch:  130 region_loss:  7.0 7.0 loc_loss:  0.20768203735351562 reward_loss:  -10.384101867675781
acc@1:  0.11335841956726246
epoch: 39 region loss 0.17051094890510948 loc loss 0.2541109885090459 reward loss -12.70555160689528
epoch:  40 batch:  0 region_loss:  10.0 10.0 loc_loss:  0.25976837158203125 reward_loss:  -12.988418579101562
epoch:  40 batch:  10 region_loss:  10.0 10.0 loc_loss:  0.29758567810058595 reward_loss:  -14.87928295135498
epoch:  40 batch:  20 region_loss:  10.0 10.0 loc_loss:  0.2991214370727539 reward_loss:  -14.956072807312012
epoch:  40 batch:  30 region_loss:  10.0 10.0 loc_loss:  0.25876874923706056 reward_loss:  -12.93843936920166
epoch:  40 batch:  40 region_loss:  10.0 10.0 loc_loss:  0.3500381851196289 reward_loss:  -17.501909255981445
epoch:  40 batch:  50 region_loss:  10.0 10.0 loc_loss:  0.27077503204345704 reward_loss:  -13.538751602172852
epoch:  40 batch:  60 region_loss:  10.0 10.0 loc_loss:  0.2605929374694824 reward_loss:  -13.029645919799805
epoch:  40 batch:  70 region_loss:  10.0 10.0 loc_loss:  0.2750308227539062 reward_loss:  -13.751540184020996
epoch:  40 batch:  80 region_loss:  10.0 10.0 loc_loss:  0.28974428176879885 reward_loss:  -14.487214088439941
epoch:  40 batch:  90 region_loss:  6.0 6.0 loc_loss:  0.1740005874633789 reward_loss:  -8.700029373168945
epoch:  40 batch:  100 region_loss:  8.0 8.0 loc_loss:  0.2043735122680664 reward_loss:  -10.21867847442627
epoch:  40 batch:  110 region_loss:  4.0 4.0 loc_loss:  0.09687644004821777 reward_loss:  -4.843822479248047
epoch:  40 batch:  120 region_loss:  5.0 5.0 loc_loss:  0.11914699554443359 reward_loss:  -5.9573493003845215
epoch:  40 batch:  130 region_loss:  7.0 7.0 loc_loss:  0.19493494033813477 reward_loss:  -9.746747970581055
acc@1:  0.11100658513640639
epoch: 40 region loss 0.17051094890510948 loc loss 0.24050727548390408 reward loss -12.025366275850004
epoch:  41 batch:  0 region_loss:  10.0 10.0 loc_loss:  0.24432989120483398 reward_loss:  -12.216496467590332
epoch:  41 batch:  10 region_loss:  10.0 10.0 loc_loss:  0.2815159606933594 reward_loss:  -14.075798034667969
epoch:  41 batch:  20 region_loss:  10.0 10.0 loc_loss:  0.2860396194458008 reward_loss:  -14.301981925964355
epoch:  41 batch:  30 region_loss:  10.0 10.0 loc_loss:  0.243922119140625 reward_loss:  -12.196105003356934
epoch:  41 batch:  40 region_loss:  10.0 10.0 loc_loss:  0.3320819854736328 reward_loss:  -16.60409927368164
epoch:  41 batch:  50 region_loss:  10.0 10.0 loc_loss:  0.2558601760864258 reward_loss:  -12.793010711669922
epoch:  41 batch:  60 region_loss:  10.0 10.0 loc_loss:  0.24540077209472655 reward_loss:  -12.270037651062012
epoch:  41 batch:  70 region_loss:  10.0 10.0 loc_loss:  0.26020355224609376 reward_loss:  -13.010178565979004
epoch:  41 batch:  80 region_loss:  10.0 10.0 loc_loss:  0.27177942276000977 reward_loss:  -13.588971138000488
epoch:  41 batch:  90 region_loss:  6.0 6.0 loc_loss:  0.1629389762878418 reward_loss:  -8.146949768066406
epoch:  41 batch:  100 region_loss:  8.0 8.0 loc_loss:  0.19319934844970704 reward_loss:  -9.659963607788086
epoch:  41 batch:  110 region_loss:  4.0 4.0 loc_loss:  0.08979011535644531 reward_loss:  -4.489504814147949
epoch:  41 batch:  120 region_loss:  5.0 5.0 loc_loss:  0.11162481307983399 reward_loss:  -5.581240653991699
epoch:  41 batch:  130 region_loss:  7.0 7.0 loc_loss:  0.18260194778442382 reward_loss:  -9.130096435546875
acc@1:  0.11147695202257761
epoch: 41 region loss 0.17051094890510948 loc loss 0.22753015051793007 reward loss -11.376513399346901
epoch:  42 batch:  0 region_loss:  10.0 10.0 loc_loss:  0.2300310516357422 reward_loss:  -11.501553535461426
epoch:  42 batch:  10 region_loss:  10.0 10.0 loc_loss:  0.2659127616882324 reward_loss:  -13.295638084411621
epoch:  42 batch:  20 region_loss:  10.0 10.0 loc_loss:  0.27559627532958986 reward_loss:  -13.779813766479492
epoch:  42 batch:  30 region_loss:  10.0 10.0 loc_loss:  0.22977649688720703 reward_loss:  -11.488823890686035
epoch:  42 batch:  40 region_loss:  10.0 10.0 loc_loss:  0.3141847801208496 reward_loss:  -15.70923900604248
epoch:  42 batch:  50 region_loss:  10.0 10.0 loc_loss:  0.24224721908569335 reward_loss:  -12.112258911132812
epoch:  42 batch:  60 region_loss:  10.0 10.0 loc_loss:  0.23026742935180664 reward_loss:  -11.513370513916016
epoch:  42 batch:  70 region_loss:  10.0 10.0 loc_loss:  0.24632980346679687 reward_loss:  -12.316488265991211
epoch:  42 batch:  80 region_loss:  10.0 10.0 loc_loss:  0.25471384048461915 reward_loss:  -12.735692024230957
epoch:  42 batch:  90 region_loss:  6.0 6.0 loc_loss:  0.15232216835021972 reward_loss:  -7.616108417510986
epoch:  42 batch:  100 region_loss:  8.0 8.0 loc_loss:  0.1812602996826172 reward_loss:  -9.06301498413086
epoch:  42 batch:  110 region_loss:  4.0 4.0 loc_loss:  0.08318879127502442 reward_loss:  -4.1594390869140625
epoch:  42 batch:  120 region_loss:  5.0 5.0 loc_loss:  0.10448917388916015 reward_loss:  -5.224456787109375
epoch:  42 batch:  130 region_loss:  7.0 7.0 loc_loss:  0.17091209411621094 reward_loss:  -8.545604705810547
acc@1:  0.11053621825023519
epoch: 42 region loss 0.17051094890510948 loc loss 0.2150261022226654 reward loss -10.751304203576415
epoch:  43 batch:  0 region_loss:  10.0 10.0 loc_loss:  0.2159889793395996 reward_loss:  -10.799448013305664
epoch:  43 batch:  10 region_loss:  10.0 10.0 loc_loss:  0.2511331748962402 reward_loss:  -12.556659698486328
epoch:  43 batch:  20 region_loss:  10.0 10.0 loc_loss:  0.26308425903320315 reward_loss:  -13.154212951660156
epoch:  43 batch:  30 region_loss:  10.0 10.0 loc_loss:  0.21630647659301758 reward_loss:  -10.815324783325195
epoch:  43 batch:  40 region_loss:  10.0 10.0 loc_loss:  0.29726621627807615 reward_loss:  -14.863309860229492
epoch:  43 batch:  50 region_loss:  10.0 10.0 loc_loss:  0.22904388427734376 reward_loss:  -11.452193260192871
epoch:  43 batch:  60 region_loss:  10.0 10.0 loc_loss:  0.21658227920532228 reward_loss:  -10.829113960266113
epoch:  43 batch:  70 region_loss:  10.0 10.0 loc_loss:  0.23277942657470704 reward_loss:  -11.638971328735352
epoch:  43 batch:  80 region_loss:  10.0 10.0 loc_loss:  0.2385821533203125 reward_loss:  -11.929106712341309
epoch:  43 batch:  90 region_loss:  6.0 6.0 loc_loss:  0.14214102745056154 reward_loss:  -7.107051849365234
epoch:  43 batch:  100 region_loss:  8.0 8.0 loc_loss:  0.17012311935424804 reward_loss:  -8.506153106689453
epoch:  43 batch:  110 region_loss:  4.0 4.0 loc_loss:  0.0768625545501709 reward_loss:  -3.8431272506713867
epoch:  43 batch:  120 region_loss:  5.0 5.0 loc_loss:  0.09789461135864258 reward_loss:  -4.894725799560547
epoch:  43 batch:  130 region_loss:  7.0 7.0 loc_loss:  0.1594792366027832 reward_loss:  -7.97396183013916
acc@1:  0.11194731890874883
epoch: 43 region loss 0.17051094890510948 loc loss 0.2030461686893101 reward loss -10.152316575502827
epoch:  44 batch:  0 region_loss:  10.0 10.0 loc_loss:  0.20348894119262695 reward_loss:  -10.174448013305664
epoch:  44 batch:  10 region_loss:  10.0 10.0 loc_loss:  0.2365962028503418 reward_loss:  -11.829809188842773
epoch:  44 batch:  20 region_loss:  10.0 10.0 loc_loss:  0.2529941749572754 reward_loss:  -12.649707794189453
epoch:  44 batch:  30 region_loss:  10.0 10.0 loc_loss:  0.20341012954711915 reward_loss:  -10.17050552368164
epoch:  44 batch:  40 region_loss:  10.0 10.0 loc_loss:  0.28069429397583007 reward_loss:  -14.034714698791504
epoch:  44 batch:  50 region_loss:  10.0 10.0 loc_loss:  0.21757068634033203 reward_loss:  -10.878533363342285
epoch:  44 batch:  60 region_loss:  10.0 10.0 loc_loss:  0.20274770736694336 reward_loss:  -10.137385368347168
epoch:  44 batch:  70 region_loss:  10.0 10.0 loc_loss:  0.21974725723266603 reward_loss:  -10.987361907958984
epoch:  44 batch:  80 region_loss:  10.0 10.0 loc_loss:  0.2230803871154785 reward_loss:  -11.154019355773926
epoch:  44 batch:  90 region_loss:  6.0 6.0 loc_loss:  0.13257192611694335 reward_loss:  -6.628597736358643
epoch:  44 batch:  100 region_loss:  8.0 8.0 loc_loss:  0.16006744384765625 reward_loss:  -8.003372192382812
epoch:  44 batch:  110 region_loss:  4.0 4.0 loc_loss:  0.07098174095153809 reward_loss:  -3.5490877628326416
epoch:  44 batch:  120 region_loss:  5.0 5.0 loc_loss:  0.09141358375549316 reward_loss:  -4.570674896240234
epoch:  44 batch:  130 region_loss:  7.0 7.0 loc_loss:  0.1489426898956299 reward_loss:  -7.447134017944336
acc@1:  0.11053621825023519
epoch: 44 region loss 0.17051094890510948 loc loss 0.19162144058812275 reward loss -9.581039679311488
epoch:  45 batch:  0 region_loss:  10.0 10.0 loc_loss:  0.19119308471679688 reward_loss:  -9.559654235839844
epoch:  45 batch:  10 region_loss:  10.0 10.0 loc_loss:  0.2231039047241211 reward_loss:  -11.155195236206055
epoch:  45 batch:  20 region_loss:  10.0 10.0 loc_loss:  0.24021665573120118 reward_loss:  -12.010832786560059
epoch:  45 batch:  30 region_loss:  10.0 10.0 loc_loss:  0.19109832763671875 reward_loss:  -9.554915428161621
epoch:  45 batch:  40 region_loss:  10.0 10.0 loc_loss:  0.265247688293457 reward_loss:  -13.262384414672852
epoch:  45 batch:  50 region_loss:  10.0 10.0 loc_loss:  0.2049615478515625 reward_loss:  -10.248077392578125
epoch:  45 batch:  60 region_loss:  10.0 10.0 loc_loss:  0.1903073501586914 reward_loss:  -9.515368461608887
epoch:  45 batch:  70 region_loss:  10.0 10.0 loc_loss:  0.20657459259033203 reward_loss:  -10.328728675842285
epoch:  45 batch:  80 region_loss:  10.0 10.0 loc_loss:  0.2083706283569336 reward_loss:  -10.41853141784668
epoch:  45 batch:  90 region_loss:  6.0 6.0 loc_loss:  0.1234842586517334 reward_loss:  -6.174212455749512
epoch:  45 batch:  100 region_loss:  8.0 8.0 loc_loss:  0.1491698455810547 reward_loss:  -7.458508491516113
epoch:  45 batch:  110 region_loss:  4.0 4.0 loc_loss:  0.06537939548492432 reward_loss:  -3.268970489501953
epoch:  45 batch:  120 region_loss:  5.0 5.0 loc_loss:  0.08559548377990722 reward_loss:  -4.279775142669678
epoch:  45 batch:  130 region_loss:  7.0 7.0 loc_loss:  0.13850949287414552 reward_loss:  -6.925475120544434
acc@1:  0.10865475070555033
epoch: 45 region loss 0.17051094890510948 loc loss 0.18059368595589687 reward loss -9.029676787609601
epoch:  46 batch:  0 region_loss:  10.0 10.0 loc_loss:  0.1793709945678711 reward_loss:  -8.968547821044922
epoch:  46 batch:  10 region_loss:  10.0 10.0 loc_loss:  0.2094868850708008 reward_loss:  -10.474343299865723
epoch:  46 batch:  20 region_loss:  10.0 10.0 loc_loss:  0.23023563385009765 reward_loss:  -11.511780738830566
epoch:  46 batch:  30 region_loss:  10.0 10.0 loc_loss:  0.17915979385375977 reward_loss:  -8.957987785339355
epoch:  46 batch:  40 region_loss:  10.0 10.0 loc_loss:  0.24964145660400391 reward_loss:  -12.482072830200195
epoch:  46 batch:  50 region_loss:  10.0 10.0 loc_loss:  0.19358142852783203 reward_loss:  -9.679071426391602
epoch:  46 batch:  60 region_loss:  10.0 10.0 loc_loss:  0.17785242080688476 reward_loss:  -8.892621040344238
epoch:  46 batch:  70 region_loss:  10.0 10.0 loc_loss:  0.19428483963012697 reward_loss:  -9.714242935180664
epoch:  46 batch:  80 region_loss:  10.0 10.0 loc_loss:  0.19458803176879882 reward_loss:  -9.729401588439941
epoch:  46 batch:  90 region_loss:  6.0 6.0 loc_loss:  0.11480788230895995 reward_loss:  -5.740394115447998
epoch:  46 batch:  100 region_loss:  8.0 8.0 loc_loss:  0.1408963680267334 reward_loss:  -7.04484224319458
epoch:  46 batch:  110 region_loss:  4.0 4.0 loc_loss:  0.06028799057006836 reward_loss:  -3.014400005340576
epoch:  46 batch:  120 region_loss:  5.0 5.0 loc_loss:  0.07985733032226562 reward_loss:  -3.992865562438965
epoch:  46 batch:  130 region_loss:  7.0 7.0 loc_loss:  0.1292253017425537 reward_loss:  -6.461266040802002
acc@1:  0.10818438381937912
epoch: 46 region loss 0.17051094890510948 loc loss 0.17006415668195182 reward loss -8.503206678550608
epoch:  47 batch:  0 region_loss:  10.0 10.0 loc_loss:  0.167612247467041 reward_loss:  -8.380611419677734
epoch:  47 batch:  10 region_loss:  10.0 10.0 loc_loss:  0.19723989486694335 reward_loss:  -9.861994743347168
epoch:  47 batch:  20 region_loss:  10.0 10.0 loc_loss:  0.21876636505126953 reward_loss:  -10.938318252563477
epoch:  47 batch:  30 region_loss:  10.0 10.0 loc_loss:  0.1682467269897461 reward_loss:  -8.412335395812988
epoch:  47 batch:  40 region_loss:  10.0 10.0 loc_loss:  0.23542171478271484 reward_loss:  -11.771085739135742
epoch:  47 batch:  50 region_loss:  10.0 10.0 loc_loss:  0.18199493408203124 reward_loss:  -9.099746704101562
epoch:  47 batch:  60 region_loss:  10.0 10.0 loc_loss:  0.1668683433532715 reward_loss:  -8.343417167663574
epoch:  47 batch:  70 region_loss:  10.0 10.0 loc_loss:  0.1819951629638672 reward_loss:  -9.099763870239258
epoch:  47 batch:  80 region_loss:  10.0 10.0 loc_loss:  0.18167795181274415 reward_loss:  -9.083897590637207
epoch:  47 batch:  90 region_loss:  6.0 6.0 loc_loss:  0.10691699981689454 reward_loss:  -5.345849514007568
epoch:  47 batch:  100 region_loss:  8.0 8.0 loc_loss:  0.1302737808227539 reward_loss:  -6.513689041137695
epoch:  47 batch:  110 region_loss:  4.0 4.0 loc_loss:  0.05536304950714111 reward_loss:  -2.7681527137756348
epoch:  47 batch:  120 region_loss:  5.0 5.0 loc_loss:  0.07474293231964112 reward_loss:  -3.7371461391448975
epoch:  47 batch:  130 region_loss:  7.0 7.0 loc_loss:  0.11981940269470215 reward_loss:  -5.990970134735107
acc@1:  0.10489181561618062
epoch: 47 region loss 0.17051094890510948 loc loss 0.15992424027763144 reward loss -7.996211241631612
epoch:  48 batch:  0 region_loss:  10.0 10.0 loc_loss:  0.1567686939239502 reward_loss:  -7.83843469619751
epoch:  48 batch:  10 region_loss:  10.0 10.0 loc_loss:  0.18478429794311524 reward_loss:  -9.239213943481445
epoch:  48 batch:  20 region_loss:  10.0 10.0 loc_loss:  0.20879360198974609 reward_loss:  -10.439682006835938
epoch:  48 batch:  30 region_loss:  10.0 10.0 loc_loss:  0.15785825729370118 reward_loss:  -7.892913341522217
epoch:  48 batch:  40 region_loss:  10.0 10.0 loc_loss:  0.22094152450561524 reward_loss:  -11.047076225280762
epoch:  48 batch:  50 region_loss:  10.0 10.0 loc_loss:  0.17166152954101563 reward_loss:  -8.583077430725098
epoch:  48 batch:  60 region_loss:  10.0 10.0 loc_loss:  0.15564339637756347 reward_loss:  -7.782169342041016
epoch:  48 batch:  70 region_loss:  10.0 10.0 loc_loss:  0.1710420608520508 reward_loss:  -8.552104949951172
epoch:  48 batch:  80 region_loss:  10.0 10.0 loc_loss:  0.16932231903076173 reward_loss:  -8.46611499786377
epoch:  48 batch:  90 region_loss:  6.0 6.0 loc_loss:  0.09915745735168457 reward_loss:  -4.957873344421387
epoch:  48 batch:  100 region_loss:  8.0 8.0 loc_loss:  0.12364534378051757 reward_loss:  -6.182267189025879
epoch:  48 batch:  110 region_loss:  4.0 4.0 loc_loss:  0.05094168186187744 reward_loss:  -2.547084093093872
epoch:  48 batch:  120 region_loss:  5.0 5.0 loc_loss:  0.06968629837036133 reward_loss:  -3.484314441680908
epoch:  48 batch:  130 region_loss:  7.0 7.0 loc_loss:  0.11143706321716308 reward_loss:  -5.571852684020996
acc@1:  0.10583254938852305
epoch: 48 region loss 0.17051094890510948 loc loss 0.15034412823454307 reward loss -7.5172027688826955
epoch:  49 batch:  0 region_loss:  10.0 10.0 loc_loss:  0.14639876365661622 reward_loss:  -7.319938659667969
epoch:  49 batch:  10 region_loss:  10.0 10.0 loc_loss:  0.17360084533691406 reward_loss:  -8.680041313171387
epoch:  49 batch:  20 region_loss:  10.0 10.0 loc_loss:  0.1978023910522461 reward_loss:  -9.890119552612305
epoch:  49 batch:  30 region_loss:  10.0 10.0 loc_loss:  0.1483513069152832 reward_loss:  -7.417565822601318
epoch:  49 batch:  40 region_loss:  10.0 10.0 loc_loss:  0.20814849853515624 reward_loss:  -10.407424926757812
epoch:  49 batch:  50 region_loss:  10.0 10.0 loc_loss:  0.16165281295776368 reward_loss:  -8.082640647888184
epoch:  49 batch:  60 region_loss:  10.0 10.0 loc_loss:  0.14585182189941406 reward_loss:  -7.292591094970703
epoch:  49 batch:  70 region_loss:  10.0 10.0 loc_loss:  0.15995943069458007 reward_loss:  -7.9979705810546875
epoch:  49 batch:  80 region_loss:  10.0 10.0 loc_loss:  0.1579219341278076 reward_loss:  -7.896097183227539
epoch:  49 batch:  90 region_loss:  6.0 6.0 loc_loss:  0.09229640007019042 reward_loss:  -4.61482048034668
epoch:  49 batch:  100 region_loss:  8.0 8.0 loc_loss:  0.1137588882446289 reward_loss:  -5.6879448890686035
epoch:  49 batch:  110 region_loss:  4.0 4.0 loc_loss:  0.04668587684631348 reward_loss:  -2.334294080734253
epoch:  49 batch:  120 region_loss:  5.0 5.0 loc_loss:  0.06517972469329834 reward_loss:  -3.2589900493621826
epoch:  49 batch:  130 region_loss:  7.0 7.0 loc_loss:  0.10319914817810058 reward_loss:  -5.159957408905029
acc@1:  0.10536218250235184
epoch: 49 region loss 0.17051094890510948 loc loss 0.14128859084017956 reward loss -7.064425361417506
