0
cuda
epoch:  0 batch:  0 region_loss:  10.0 10.0 loc_loss:  1.9864297485351563 reward_loss:  -99.32048797607422
epoch:  0 batch:  10 region_loss:  10.0 10.0 loc_loss:  1.9908914184570312 reward_loss:  -99.54549407958984
epoch:  0 batch:  20 region_loss:  10.0 10.0 loc_loss:  1.989059600830078 reward_loss:  -99.4531478881836
epoch:  0 batch:  30 region_loss:  10.0 10.0 loc_loss:  1.981494140625 reward_loss:  -99.0769271850586
epoch:  0 batch:  40 region_loss:  10.0 10.0 loc_loss:  1.9847161865234375 reward_loss:  -99.23548126220703
epoch:  0 batch:  50 region_loss:  10.0 10.0 loc_loss:  1.9803819274902343 reward_loss:  -99.0229721069336
epoch:  0 batch:  60 region_loss:  10.0 10.0 loc_loss:  1.979815216064453 reward_loss:  -98.99225616455078
epoch:  0 batch:  70 region_loss:  10.0 10.0 loc_loss:  1.9796368408203124 reward_loss:  -98.98193359375
epoch:  0 batch:  80 region_loss:  10.0 10.0 loc_loss:  1.9802919006347657 reward_loss:  -99.01322174072266
epoch:  0 batch:  90 region_loss:  6.0 6.0 loc_loss:  1.179609375 reward_loss:  -58.9786491394043
epoch:  0 batch:  100 region_loss:  8.0 8.0 loc_loss:  1.57552490234375 reward_loss:  -78.77696990966797
epoch:  0 batch:  110 region_loss:  4.0 4.0 loc_loss:  0.7875425720214844 reward_loss:  -39.376739501953125
epoch:  0 batch:  120 region_loss:  5.0 5.0 loc_loss:  0.9804246520996094 reward_loss:  -49.02056121826172
epoch:  0 batch:  130 region_loss:  7.0 7.0 loc_loss:  1.3731986999511718 reward_loss:  -68.65990447998047
acc@1:  0.007525870178739417
epoch: 0 region loss 0.17051094890510948 loc loss 1.6866968335896513 reward loss -84.33480776487475
epoch:  1 batch:  0 region_loss:  10.0 10.0 loc_loss:  1.9117367553710938 reward_loss:  -95.58885192871094
epoch:  1 batch:  10 region_loss:  10.0 10.0 loc_loss:  1.9417626953125 reward_loss:  -97.08927917480469
epoch:  1 batch:  20 region_loss:  10.0 10.0 loc_loss:  1.9283207702636718 reward_loss:  -96.41792297363281
epoch:  1 batch:  30 region_loss:  10.0 10.0 loc_loss:  1.9190628051757812 reward_loss:  -95.95305633544922
epoch:  1 batch:  40 region_loss:  10.0 10.0 loc_loss:  1.9213015747070312 reward_loss:  -96.0672607421875
epoch:  1 batch:  50 region_loss:  10.0 10.0 loc_loss:  1.9084620666503906 reward_loss:  -95.42351531982422
epoch:  1 batch:  60 region_loss:  10.0 10.0 loc_loss:  1.8915121459960937 reward_loss:  -94.5767822265625
epoch:  1 batch:  70 region_loss:  10.0 10.0 loc_loss:  1.8862188720703126 reward_loss:  -94.31230926513672
epoch:  1 batch:  80 region_loss:  10.0 10.0 loc_loss:  1.8677432250976562 reward_loss:  -93.38961791992188
epoch:  1 batch:  90 region_loss:  6.0 6.0 loc_loss:  1.101793975830078 reward_loss:  -55.091094970703125
epoch:  1 batch:  100 region_loss:  8.0 8.0 loc_loss:  1.46408447265625 reward_loss:  -73.2081069946289
epoch:  1 batch:  110 region_loss:  4.0 4.0 loc_loss:  0.737330322265625 reward_loss:  -36.86542510986328
epoch:  1 batch:  120 region_loss:  5.0 5.0 loc_loss:  0.9053272247314453 reward_loss:  -45.26624298095703
epoch:  1 batch:  130 region_loss:  7.0 7.0 loc_loss:  1.253562469482422 reward_loss:  -62.67721176147461
acc@1:  0.026810912511759172
epoch: 1 region loss 0.17051094890510948 loc loss 1.603749815669373 reward loss -80.18762552303119
epoch:  2 batch:  0 region_loss:  10.0 10.0 loc_loss:  1.7266476440429688 reward_loss:  -86.33615112304688
epoch:  2 batch:  10 region_loss:  10.0 10.0 loc_loss:  1.7625473022460938 reward_loss:  -88.12783813476562
epoch:  2 batch:  20 region_loss:  10.0 10.0 loc_loss:  1.7432708740234375 reward_loss:  -87.16503143310547
epoch:  2 batch:  30 region_loss:  10.0 10.0 loc_loss:  1.7618699645996094 reward_loss:  -88.09284973144531
epoch:  2 batch:  40 region_loss:  10.0 10.0 loc_loss:  1.7427996826171874 reward_loss:  -87.14170837402344
epoch:  2 batch:  50 region_loss:  10.0 10.0 loc_loss:  1.7740213012695312 reward_loss:  -88.70132446289062
epoch:  2 batch:  60 region_loss:  10.0 10.0 loc_loss:  1.742493896484375 reward_loss:  -87.12569427490234
epoch:  2 batch:  70 region_loss:  10.0 10.0 loc_loss:  1.7510794067382813 reward_loss:  -87.55550384521484
epoch:  2 batch:  80 region_loss:  10.0 10.0 loc_loss:  1.73105712890625 reward_loss:  -86.55268096923828
epoch:  2 batch:  90 region_loss:  6.0 6.0 loc_loss:  1.030835189819336 reward_loss:  -51.54144287109375
epoch:  2 batch:  100 region_loss:  8.0 8.0 loc_loss:  1.37914794921875 reward_loss:  -68.9547119140625
epoch:  2 batch:  110 region_loss:  4.0 4.0 loc_loss:  0.7000205993652344 reward_loss:  -35.00166702270508
epoch:  2 batch:  120 region_loss:  5.0 5.0 loc_loss:  0.8655290222167968 reward_loss:  -43.27671432495117
epoch:  2 batch:  130 region_loss:  7.0 7.0 loc_loss:  1.2030204010009766 reward_loss:  -60.15153503417969
acc@1:  0.03762935089369708
epoch: 2 region loss 0.17051094890510948 loc loss 1.4763967488978031 reward loss -73.81965005136755
epoch:  3 batch:  0 region_loss:  10.0 10.0 loc_loss:  1.6736776733398437 reward_loss:  -83.68365478515625
epoch:  3 batch:  10 region_loss:  10.0 10.0 loc_loss:  1.6929620361328126 reward_loss:  -84.64685821533203
epoch:  3 batch:  20 region_loss:  10.0 10.0 loc_loss:  1.6539291381835937 reward_loss:  -82.69508361816406
epoch:  3 batch:  30 region_loss:  10.0 10.0 loc_loss:  1.6912644958496095 reward_loss:  -84.56316375732422
epoch:  3 batch:  40 region_loss:  10.0 10.0 loc_loss:  1.6625547790527344 reward_loss:  -83.12757110595703
epoch:  3 batch:  50 region_loss:  10.0 10.0 loc_loss:  1.7005435180664064 reward_loss:  -85.0247802734375
epoch:  3 batch:  60 region_loss:  10.0 10.0 loc_loss:  1.6757267761230468 reward_loss:  -83.78636932373047
epoch:  3 batch:  70 region_loss:  10.0 10.0 loc_loss:  1.6842619323730468 reward_loss:  -84.2108383178711
epoch:  3 batch:  80 region_loss:  10.0 10.0 loc_loss:  1.6716571044921875 reward_loss:  -83.58454132080078
epoch:  3 batch:  90 region_loss:  6.0 6.0 loc_loss:  0.9984438323974609 reward_loss:  -49.92403030395508
epoch:  3 batch:  100 region_loss:  8.0 8.0 loc_loss:  1.3314021301269532 reward_loss:  -66.57047271728516
epoch:  3 batch:  110 region_loss:  4.0 4.0 loc_loss:  0.6801122283935547 reward_loss:  -34.006988525390625
epoch:  3 batch:  120 region_loss:  5.0 5.0 loc_loss:  0.8425413513183594 reward_loss:  -42.1292610168457
epoch:  3 batch:  130 region_loss:  7.0 7.0 loc_loss:  1.1734651947021484 reward_loss:  -58.67280578613281
acc@1:  0.045625587958607716
epoch: 3 region loss 0.17051094890510948 loc loss 1.4168215073634238 reward loss -70.84088173747932
epoch:  4 batch:  0 region_loss:  10.0 10.0 loc_loss:  1.6316404724121094 reward_loss:  -81.58439636230469
epoch:  4 batch:  10 region_loss:  10.0 10.0 loc_loss:  1.6503782653808594 reward_loss:  -82.5208740234375
epoch:  4 batch:  20 region_loss:  10.0 10.0 loc_loss:  1.5909970092773438 reward_loss:  -79.55133819580078
epoch:  4 batch:  30 region_loss:  10.0 10.0 loc_loss:  1.6379141235351562 reward_loss:  -81.8967514038086
epoch:  4 batch:  40 region_loss:  10.0 10.0 loc_loss:  1.605485382080078 reward_loss:  -80.27539825439453
epoch:  4 batch:  50 region_loss:  10.0 10.0 loc_loss:  1.6412864685058595 reward_loss:  -82.06427001953125
epoch:  4 batch:  60 region_loss:  10.0 10.0 loc_loss:  1.6230714416503906 reward_loss:  -81.15082550048828
epoch:  4 batch:  70 region_loss:  10.0 10.0 loc_loss:  1.6269082641601562 reward_loss:  -81.34626007080078
epoch:  4 batch:  80 region_loss:  10.0 10.0 loc_loss:  1.6212236022949218 reward_loss:  -81.05878448486328
epoch:  4 batch:  90 region_loss:  6.0 6.0 loc_loss:  0.9702387237548828 reward_loss:  -48.5130500793457
epoch:  4 batch:  100 region_loss:  8.0 8.0 loc_loss:  1.2874996948242188 reward_loss:  -64.37480926513672
epoch:  4 batch:  110 region_loss:  4.0 4.0 loc_loss:  0.662757568359375 reward_loss:  -33.13825988769531
epoch:  4 batch:  120 region_loss:  5.0 5.0 loc_loss:  0.8197469329833984 reward_loss:  -40.9873046875
epoch:  4 batch:  130 region_loss:  7.0 7.0 loc_loss:  1.1434705352783203 reward_loss:  -57.17546081542969
acc@1:  0.05315145813734713
epoch: 4 region loss 0.17051094890510948 loc loss 1.3692940537946938 reward loss -68.46488047690288
epoch:  5 batch:  0 region_loss:  10.0 10.0 loc_loss:  1.58552001953125 reward_loss:  -79.27650451660156
epoch:  5 batch:  10 region_loss:  10.0 10.0 loc_loss:  1.6084510803222656 reward_loss:  -80.42261505126953
epoch:  5 batch:  20 region_loss:  10.0 10.0 loc_loss:  1.5307487487792968 reward_loss:  -76.5387191772461
epoch:  5 batch:  30 region_loss:  10.0 10.0 loc_loss:  1.5846836853027344 reward_loss:  -79.23311614990234
epoch:  5 batch:  40 region_loss:  10.0 10.0 loc_loss:  1.550988006591797 reward_loss:  -77.54877471923828
epoch:  5 batch:  50 region_loss:  10.0 10.0 loc_loss:  1.5814311218261718 reward_loss:  -79.07121276855469
epoch:  5 batch:  60 region_loss:  10.0 10.0 loc_loss:  1.5706405639648438 reward_loss:  -78.53325653076172
epoch:  5 batch:  70 region_loss:  10.0 10.0 loc_loss:  1.5698471069335938 reward_loss:  -78.4929428100586
epoch:  5 batch:  80 region_loss:  10.0 10.0 loc_loss:  1.5694857788085939 reward_loss:  -78.47579956054688
epoch:  5 batch:  90 region_loss:  6.0 6.0 loc_loss:  0.9409538269042969 reward_loss:  -47.04566955566406
epoch:  5 batch:  100 region_loss:  8.0 8.0 loc_loss:  1.2413108825683594 reward_loss:  -62.06657791137695
epoch:  5 batch:  110 region_loss:  4.0 4.0 loc_loss:  0.6453308868408203 reward_loss:  -32.266258239746094
epoch:  5 batch:  120 region_loss:  5.0 5.0 loc_loss:  0.7949982452392578 reward_loss:  -39.749420166015625
epoch:  5 batch:  130 region_loss:  7.0 7.0 loc_loss:  1.1109513854980468 reward_loss:  -55.549949645996094
acc@1:  0.06444026340545625
epoch: 5 region loss 0.17051094890510948 loc loss 1.321329877811627 reward loss -66.06654541683893
epoch:  6 batch:  0 region_loss:  10.0 10.0 loc_loss:  1.5338777160644532 reward_loss:  -76.69271850585938
epoch:  6 batch:  10 region_loss:  10.0 10.0 loc_loss:  1.5626539611816406 reward_loss:  -78.13329315185547
epoch:  6 batch:  20 region_loss:  10.0 10.0 loc_loss:  1.4664080810546876 reward_loss:  -73.31788635253906
epoch:  6 batch:  30 region_loss:  10.0 10.0 loc_loss:  1.5277320861816406 reward_loss:  -76.38825988769531
epoch:  6 batch:  40 region_loss:  10.0 10.0 loc_loss:  1.49413818359375 reward_loss:  -74.70552825927734
epoch:  6 batch:  50 region_loss:  10.0 10.0 loc_loss:  1.517615509033203 reward_loss:  -75.8798599243164
epoch:  6 batch:  60 region_loss:  10.0 10.0 loc_loss:  1.5147415161132813 reward_loss:  -75.7385025024414
epoch:  6 batch:  70 region_loss:  10.0 10.0 loc_loss:  1.508823699951172 reward_loss:  -75.44075775146484
epoch:  6 batch:  80 region_loss:  10.0 10.0 loc_loss:  1.5140829467773438 reward_loss:  -75.70569610595703
epoch:  6 batch:  90 region_loss:  6.0 6.0 loc_loss:  0.9096060180664063 reward_loss:  -45.479366302490234
epoch:  6 batch:  100 region_loss:  8.0 8.0 loc_loss:  1.1914315032958984 reward_loss:  -59.57291030883789
epoch:  6 batch:  110 region_loss:  4.0 4.0 loc_loss:  0.6269043350219726 reward_loss:  -31.346336364746094
epoch:  6 batch:  120 region_loss:  5.0 5.0 loc_loss:  0.7677503204345704 reward_loss:  -38.385643005371094
epoch:  6 batch:  130 region_loss:  7.0 7.0 loc_loss:  1.07565673828125 reward_loss:  -53.78254699707031
acc@1:  0.0761994355597366
epoch: 6 region loss 0.17051094890510948 loc loss 1.270170354912751 reward loss -63.508562630980556
epoch:  7 batch:  0 region_loss:  10.0 10.0 loc_loss:  1.4759458923339843 reward_loss:  -73.79762268066406
epoch:  7 batch:  10 region_loss:  10.0 10.0 loc_loss:  1.5114851379394532 reward_loss:  -75.57404327392578
epoch:  7 batch:  20 region_loss:  10.0 10.0 loc_loss:  1.396075439453125 reward_loss:  -69.80226135253906
epoch:  7 batch:  30 region_loss:  10.0 10.0 loc_loss:  1.465265655517578 reward_loss:  -73.26129150390625
epoch:  7 batch:  40 region_loss:  10.0 10.0 loc_loss:  1.4357101440429687 reward_loss:  -71.78594207763672
epoch:  7 batch:  50 region_loss:  10.0 10.0 loc_loss:  1.4493083190917968 reward_loss:  -72.4659652709961
epoch:  7 batch:  60 region_loss:  10.0 10.0 loc_loss:  1.4548321533203126 reward_loss:  -72.74036407470703
epoch:  7 batch:  70 region_loss:  10.0 10.0 loc_loss:  1.4434425354003906 reward_loss:  -72.17024993896484
epoch:  7 batch:  80 region_loss:  10.0 10.0 loc_loss:  1.455142059326172 reward_loss:  -72.75572967529297
epoch:  7 batch:  90 region_loss:  6.0 6.0 loc_loss:  0.8767144012451172 reward_loss:  -43.8374137878418
epoch:  7 batch:  100 region_loss:  8.0 8.0 loc_loss:  1.1374874877929688 reward_loss:  -56.870826721191406
epoch:  7 batch:  110 region_loss:  4.0 4.0 loc_loss:  0.6070037078857422 reward_loss:  -30.35240364074707
epoch:  7 batch:  120 region_loss:  5.0 5.0 loc_loss:  0.7381280517578125 reward_loss:  -36.90593719482422
epoch:  7 batch:  130 region_loss:  7.0 7.0 loc_loss:  1.0376019287109375 reward_loss:  -51.87987518310547
acc@1:  0.09031044214487301
epoch: 7 region loss 0.17051094890510948 loc loss 1.215568145139374 reward loss -60.77834913156328
epoch:  8 batch:  0 region_loss:  10.0 10.0 loc_loss:  1.4119779968261719 reward_loss:  -70.59745025634766
epoch:  8 batch:  10 region_loss:  10.0 10.0 loc_loss:  1.4551882934570313 reward_loss:  -72.76153564453125
epoch:  8 batch:  20 region_loss:  10.0 10.0 loc_loss:  1.3210661315917969 reward_loss:  -66.05240631103516
epoch:  8 batch:  30 region_loss:  10.0 10.0 loc_loss:  1.3979316711425782 reward_loss:  -69.89773559570312
epoch:  8 batch:  40 region_loss:  10.0 10.0 loc_loss:  1.3765614318847657 reward_loss:  -68.82615661621094
epoch:  8 batch:  50 region_loss:  10.0 10.0 loc_loss:  1.3774644470214843 reward_loss:  -68.87220764160156
epoch:  8 batch:  60 region_loss:  10.0 10.0 loc_loss:  1.3915606689453126 reward_loss:  -69.57764434814453
epoch:  8 batch:  70 region_loss:  10.0 10.0 loc_loss:  1.3743443298339844 reward_loss:  -68.71710205078125
epoch:  8 batch:  80 region_loss:  10.0 10.0 loc_loss:  1.3942189025878906 reward_loss:  -69.7098388671875
epoch:  8 batch:  90 region_loss:  6.0 6.0 loc_loss:  0.8424949645996094 reward_loss:  -42.1239013671875
epoch:  8 batch:  100 region_loss:  8.0 8.0 loc_loss:  1.080096435546875 reward_loss:  -54.00613021850586
epoch:  8 batch:  110 region_loss:  4.0 4.0 loc_loss:  0.5863662719726562 reward_loss:  -29.317153930664062
epoch:  8 batch:  120 region_loss:  5.0 5.0 loc_loss:  0.7067281341552735 reward_loss:  -35.334983825683594
epoch:  8 batch:  130 region_loss:  7.0 7.0 loc_loss:  0.9973021697998047 reward_loss:  -49.86484909057617
acc@1:  0.1006585136406397
epoch: 8 region loss 0.17051094890510948 loc loss 1.158449642710442 reward loss -57.922427810891705
epoch:  9 batch:  0 region_loss:  10.0 10.0 loc_loss:  1.34327880859375 reward_loss:  -67.16490173339844
epoch:  9 batch:  10 region_loss:  10.0 10.0 loc_loss:  1.393746337890625 reward_loss:  -69.68499755859375
epoch:  9 batch:  20 region_loss:  10.0 10.0 loc_loss:  1.2444619750976562 reward_loss:  -62.22440719604492
epoch:  9 batch:  30 region_loss:  10.0 10.0 loc_loss:  1.3269322204589844 reward_loss:  -66.34929656982422
epoch:  9 batch:  40 region_loss:  10.0 10.0 loc_loss:  1.31899658203125 reward_loss:  -65.95104217529297
epoch:  9 batch:  50 region_loss:  10.0 10.0 loc_loss:  1.3034527587890625 reward_loss:  -65.17276000976562
epoch:  9 batch:  60 region_loss:  10.0 10.0 loc_loss:  1.326412353515625 reward_loss:  -66.31855010986328
epoch:  9 batch:  70 region_loss:  10.0 10.0 loc_loss:  1.3029608154296874 reward_loss:  -65.146728515625
epoch:  9 batch:  80 region_loss:  10.0 10.0 loc_loss:  1.3321755981445313 reward_loss:  -66.60794830322266
epoch:  9 batch:  90 region_loss:  6.0 6.0 loc_loss:  0.8070515441894531 reward_loss:  -40.35459899902344
epoch:  9 batch:  100 region_loss:  8.0 8.0 loc_loss:  1.0213150024414062 reward_loss:  -51.06441879272461
epoch:  9 batch:  110 region_loss:  4.0 4.0 loc_loss:  0.5648355102539062 reward_loss:  -28.240257263183594
epoch:  9 batch:  120 region_loss:  5.0 5.0 loc_loss:  0.6737161254882813 reward_loss:  -33.68366622924805
epoch:  9 batch:  130 region_loss:  7.0 7.0 loc_loss:  0.9556863403320313 reward_loss:  -47.78441619873047
acc@1:  0.1147695202257761
epoch: 9 region loss 0.17051094890510948 loc loss 1.1002541086795556 reward loss -55.012700129599466
epoch:  10 batch:  0 region_loss:  10.0 10.0 loc_loss:  1.271054229736328 reward_loss:  -63.55276870727539
epoch:  10 batch:  10 region_loss:  10.0 10.0 loc_loss:  1.3286900329589844 reward_loss:  -66.4344711303711
epoch:  10 batch:  20 region_loss:  10.0 10.0 loc_loss:  1.1693064880371093 reward_loss:  -58.463375091552734
epoch:  10 batch:  30 region_loss:  10.0 10.0 loc_loss:  1.2544117736816407 reward_loss:  -62.72056198120117
epoch:  10 batch:  40 region_loss:  10.0 10.0 loc_loss:  1.263262939453125 reward_loss:  -63.159584045410156
epoch:  10 batch:  50 region_loss:  10.0 10.0 loc_loss:  1.2296817779541016 reward_loss:  -61.48665237426758
epoch:  10 batch:  60 region_loss:  10.0 10.0 loc_loss:  1.2623520660400391 reward_loss:  -63.11912155151367
epoch:  10 batch:  70 region_loss:  10.0 10.0 loc_loss:  1.2308628845214844 reward_loss:  -61.54280471801758
epoch:  10 batch:  80 region_loss:  10.0 10.0 loc_loss:  1.2720652770996095 reward_loss:  -63.60320281982422
epoch:  10 batch:  90 region_loss:  6.0 6.0 loc_loss:  0.7714022827148438 reward_loss:  -38.5730094909668
epoch:  10 batch:  100 region_loss:  8.0 8.0 loc_loss:  0.963304672241211 reward_loss:  -48.164085388183594
epoch:  10 batch:  110 region_loss:  4.0 4.0 loc_loss:  0.5423381805419922 reward_loss:  -27.116985321044922
epoch:  10 batch:  120 region_loss:  5.0 5.0 loc_loss:  0.6405033874511719 reward_loss:  -32.024044036865234
epoch:  10 batch:  130 region_loss:  7.0 7.0 loc_loss:  0.912995834350586 reward_loss:  -45.65098571777344
acc@1:  0.12323612417685795
epoch: 10 region loss 0.17051094890510948 loc loss 1.0424816827704437 reward loss -52.12380118265639
epoch:  11 batch:  0 region_loss:  10.0 10.0 loc_loss:  1.1980613708496093 reward_loss:  -59.90436553955078
epoch:  11 batch:  10 region_loss:  10.0 10.0 loc_loss:  1.2614170074462892 reward_loss:  -63.07160186767578
epoch:  11 batch:  20 region_loss:  10.0 10.0 loc_loss:  1.0974148559570311 reward_loss:  -54.86990737915039
epoch:  11 batch:  30 region_loss:  10.0 10.0 loc_loss:  1.1822408294677735 reward_loss:  -59.110748291015625
epoch:  11 batch:  40 region_loss:  10.0 10.0 loc_loss:  1.2087677001953125 reward_loss:  -60.44143295288086
epoch:  11 batch:  50 region_loss:  10.0 10.0 loc_loss:  1.1580725860595704 reward_loss:  -57.905181884765625
epoch:  11 batch:  60 region_loss:  10.0 10.0 loc_loss:  1.1999940490722656 reward_loss:  -59.998741149902344
epoch:  11 batch:  70 region_loss:  10.0 10.0 loc_loss:  1.160368423461914 reward_loss:  -58.01533508300781
epoch:  11 batch:  80 region_loss:  10.0 10.0 loc_loss:  1.2146231079101562 reward_loss:  -60.72990036010742
epoch:  11 batch:  90 region_loss:  6.0 6.0 loc_loss:  0.7360951232910157 reward_loss:  -36.80462646484375
epoch:  11 batch:  100 region_loss:  8.0 8.0 loc_loss:  0.9080155944824219 reward_loss:  -45.402000427246094
epoch:  11 batch:  110 region_loss:  4.0 4.0 loc_loss:  0.5195602035522461 reward_loss:  -25.97919273376465
epoch:  11 batch:  120 region_loss:  5.0 5.0 loc_loss:  0.6077560806274414 reward_loss:  -30.388391494750977
epoch:  11 batch:  130 region_loss:  7.0 7.0 loc_loss:  0.8705912780761719 reward_loss:  -43.530494689941406
acc@1:  0.12982126058325494
epoch: 11 region loss 0.17051094890510948 loc loss 0.9863888335401994 reward loss -49.319205680902854
epoch:  12 batch:  0 region_loss:  10.0 10.0 loc_loss:  1.1266500854492187 reward_loss:  -56.333335876464844
epoch:  12 batch:  10 region_loss:  10.0 10.0 loc_loss:  1.1947319793701172 reward_loss:  -59.73693084716797
epoch:  12 batch:  20 region_loss:  10.0 10.0 loc_loss:  1.0300991821289063 reward_loss:  -51.50740051269531
epoch:  12 batch:  30 region_loss:  10.0 10.0 loc_loss:  1.1121334838867187 reward_loss:  -55.60741424560547
epoch:  12 batch:  40 region_loss:  10.0 10.0 loc_loss:  1.1552006530761718 reward_loss:  -57.75917053222656
epoch:  12 batch:  50 region_loss:  10.0 10.0 loc_loss:  1.0902803039550781 reward_loss:  -54.51362228393555
epoch:  12 batch:  60 region_loss:  10.0 10.0 loc_loss:  1.1397106170654296 reward_loss:  -56.98676300048828
epoch:  12 batch:  70 region_loss:  10.0 10.0 loc_loss:  1.0932725524902345 reward_loss:  -54.66618347167969
epoch:  12 batch:  80 region_loss:  10.0 10.0 loc_loss:  1.1596731567382812 reward_loss:  -57.986000061035156
epoch:  12 batch:  90 region_loss:  6.0 6.0 loc_loss:  0.7019725799560547 reward_loss:  -35.099159240722656
epoch:  12 batch:  100 region_loss:  8.0 8.0 loc_loss:  0.8561557006835937 reward_loss:  -42.80475616455078
epoch:  12 batch:  110 region_loss:  4.0 4.0 loc_loss:  0.49675792694091797 reward_loss:  -24.837757110595703
epoch:  12 batch:  120 region_loss:  5.0 5.0 loc_loss:  0.5763143157958984 reward_loss:  -28.815143585205078
epoch:  12 batch:  130 region_loss:  7.0 7.0 loc_loss:  0.8289999389648437 reward_loss:  -41.44939041137695
acc@1:  0.13687676387582315
epoch: 12 region loss 0.17051094890510948 loc loss 0.9329387567339152 reward loss -46.64716428213746
epoch:  13 batch:  0 region_loss:  10.0 10.0 loc_loss:  1.0595638275146484 reward_loss:  -52.97813034057617
epoch:  13 batch:  10 region_loss:  10.0 10.0 loc_loss:  1.1291964721679688 reward_loss:  -56.457637786865234
epoch:  13 batch:  20 region_loss:  10.0 10.0 loc_loss:  0.9685382843017578 reward_loss:  -48.42473602294922
epoch:  13 batch:  30 region_loss:  10.0 10.0 loc_loss:  1.045633544921875 reward_loss:  -52.28254318237305
epoch:  13 batch:  40 region_loss:  10.0 10.0 loc_loss:  1.1028680419921875 reward_loss:  -55.144378662109375
epoch:  13 batch:  50 region_loss:  10.0 10.0 loc_loss:  1.0258354187011718 reward_loss:  -51.29197311401367
epoch:  13 batch:  60 region_loss:  10.0 10.0 loc_loss:  1.0821125030517578 reward_loss:  -54.106666564941406
epoch:  13 batch:  70 region_loss:  10.0 10.0 loc_loss:  1.0312755584716797 reward_loss:  -51.56574630737305
epoch:  13 batch:  80 region_loss:  10.0 10.0 loc_loss:  1.1071543884277344 reward_loss:  -55.3583869934082
epoch:  13 batch:  90 region_loss:  6.0 6.0 loc_loss:  0.6692330169677735 reward_loss:  -33.459835052490234
epoch:  13 batch:  100 region_loss:  8.0 8.0 loc_loss:  0.8081497192382813 reward_loss:  -40.40542221069336
epoch:  13 batch:  110 region_loss:  4.0 4.0 loc_loss:  0.4740664672851562 reward_loss:  -23.701557159423828
epoch:  13 batch:  120 region_loss:  5.0 5.0 loc_loss:  0.5458950805664062 reward_loss:  -27.297157287597656
epoch:  13 batch:  130 region_loss:  7.0 7.0 loc_loss:  0.7890077209472657 reward_loss:  -39.44758224487305
acc@1:  0.1415804327375353
epoch: 13 region loss 0.17051094890510948 loc loss 0.8827985883281179 reward loss -44.14003255245459
epoch:  14 batch:  0 region_loss:  10.0 10.0 loc_loss:  0.9975234985351562 reward_loss:  -49.87759780883789
epoch:  14 batch:  10 region_loss:  10.0 10.0 loc_loss:  1.0670285034179687 reward_loss:  -53.35284423828125
epoch:  14 batch:  20 region_loss:  10.0 10.0 loc_loss:  0.9124528503417969 reward_loss:  -45.61948013305664
epoch:  14 batch:  30 region_loss:  10.0 10.0 loc_loss:  0.984908447265625 reward_loss:  -49.24578857421875
epoch:  14 batch:  40 region_loss:  10.0 10.0 loc_loss:  1.0534690856933593 reward_loss:  -52.67241668701172
epoch:  14 batch:  50 region_loss:  10.0 10.0 loc_loss:  0.9658790588378906 reward_loss:  -48.296913146972656
epoch:  14 batch:  60 region_loss:  10.0 10.0 loc_loss:  1.0279091644287108 reward_loss:  -51.39617919921875
epoch:  14 batch:  70 region_loss:  10.0 10.0 loc_loss:  0.9744651794433594 reward_loss:  -48.720611572265625
epoch:  14 batch:  80 region_loss:  10.0 10.0 loc_loss:  1.0567608642578126 reward_loss:  -52.83843994140625
epoch:  14 batch:  90 region_loss:  6.0 6.0 loc_loss:  0.6383207702636718 reward_loss:  -31.914731979370117
epoch:  14 batch:  100 region_loss:  8.0 8.0 loc_loss:  0.7643875885009765 reward_loss:  -38.21861267089844
epoch:  14 batch:  110 region_loss:  4.0 4.0 loc_loss:  0.4519002914428711 reward_loss:  -22.59285545349121
epoch:  14 batch:  120 region_loss:  5.0 5.0 loc_loss:  0.5173381042480468 reward_loss:  -25.86957550048828
epoch:  14 batch:  130 region_loss:  7.0 7.0 loc_loss:  0.7507195281982422 reward_loss:  -37.53473663330078
acc@1:  0.14111006585136407
epoch: 14 region loss 0.17051094890510948 loc loss 0.8363817443290766 reward loss -41.8191917168833
epoch:  15 batch:  0 region_loss:  10.0 10.0 loc_loss:  0.9413056945800782 reward_loss:  -47.067047119140625
epoch:  15 batch:  10 region_loss:  10.0 10.0 loc_loss:  1.0088186645507813 reward_loss:  -50.44163131713867
epoch:  15 batch:  20 region_loss:  10.0 10.0 loc_loss:  0.861929931640625 reward_loss:  -43.09437561035156
epoch:  15 batch:  30 region_loss:  10.0 10.0 loc_loss:  0.9294400024414062 reward_loss:  -46.47182846069336
epoch:  15 batch:  40 region_loss:  10.0 10.0 loc_loss:  1.007634735107422 reward_loss:  -50.38078308105469
epoch:  15 batch:  50 region_loss:  10.0 10.0 loc_loss:  0.9108899688720703 reward_loss:  -45.54399490356445
epoch:  15 batch:  60 region_loss:  10.0 10.0 loc_loss:  0.9772651672363282 reward_loss:  -48.86151885986328
epoch:  15 batch:  70 region_loss:  10.0 10.0 loc_loss:  0.92227294921875 reward_loss:  -46.11399459838867
epoch:  15 batch:  80 region_loss:  10.0 10.0 loc_loss:  1.0087535095214843 reward_loss:  -50.436256408691406
epoch:  15 batch:  90 region_loss:  6.0 6.0 loc_loss:  0.6091854858398438 reward_loss:  -30.45488166809082
epoch:  15 batch:  100 region_loss:  8.0 8.0 loc_loss:  0.7252238464355468 reward_loss:  -36.25957489013672
epoch:  15 batch:  110 region_loss:  4.0 4.0 loc_loss:  0.43011451721191407 reward_loss:  -21.505857467651367
epoch:  15 batch:  120 region_loss:  5.0 5.0 loc_loss:  0.4901606750488281 reward_loss:  -24.508939743041992
epoch:  15 batch:  130 region_loss:  7.0 7.0 loc_loss:  0.7148968505859375 reward_loss:  -35.74442672729492
acc@1:  0.14393226716839136
epoch: 15 region loss 0.17051094890510948 loc loss 0.7936633155989822 reward loss -39.68305757620039
epoch:  16 batch:  0 region_loss:  10.0 10.0 loc_loss:  0.8899807739257812 reward_loss:  -44.50080108642578
epoch:  16 batch:  10 region_loss:  10.0 10.0 loc_loss:  0.9554509735107422 reward_loss:  -47.77532196044922
epoch:  16 batch:  20 region_loss:  10.0 10.0 loc_loss:  0.81722412109375 reward_loss:  -40.861175537109375
epoch:  16 batch:  30 region_loss:  10.0 10.0 loc_loss:  0.8791792297363281 reward_loss:  -43.959068298339844
epoch:  16 batch:  40 region_loss:  10.0 10.0 loc_loss:  0.9649247741699218 reward_loss:  -48.24775695800781
epoch:  16 batch:  50 region_loss:  10.0 10.0 loc_loss:  0.8611371612548828 reward_loss:  -43.05757141113281
epoch:  16 batch:  60 region_loss:  10.0 10.0 loc_loss:  0.9302938842773437 reward_loss:  -46.513729095458984
epoch:  16 batch:  70 region_loss:  10.0 10.0 loc_loss:  0.8744437408447265 reward_loss:  -43.72528839111328
epoch:  16 batch:  80 region_loss:  10.0 10.0 loc_loss:  0.9628406524658203 reward_loss:  -48.14274978637695
epoch:  16 batch:  90 region_loss:  6.0 6.0 loc_loss:  0.5817530059814453 reward_loss:  -29.08966827392578
epoch:  16 batch:  100 region_loss:  8.0 8.0 loc_loss:  0.6894918823242188 reward_loss:  -34.474491119384766
epoch:  16 batch:  110 region_loss:  4.0 4.0 loc_loss:  0.40932014465332034 reward_loss:  -20.466777801513672
epoch:  16 batch:  120 region_loss:  5.0 5.0 loc_loss:  0.4645155715942383 reward_loss:  -23.22555923461914
epoch:  16 batch:  130 region_loss:  7.0 7.0 loc_loss:  0.6812025451660156 reward_loss:  -34.059547424316406
acc@1:  0.1458137347130762
epoch: 16 region loss 0.17051094890510948 loc loss 0.7544874472513686 reward loss -37.72454891065612
epoch:  17 batch:  0 region_loss:  10.0 10.0 loc_loss:  0.8433293151855469 reward_loss:  -42.1656494140625
epoch:  17 batch:  10 region_loss:  10.0 10.0 loc_loss:  0.9066732788085937 reward_loss:  -45.332130432128906
epoch:  17 batch:  20 region_loss:  10.0 10.0 loc_loss:  0.7768745422363281 reward_loss:  -38.84455871582031
epoch:  17 batch:  30 region_loss:  10.0 10.0 loc_loss:  0.8334506988525391 reward_loss:  -41.67369842529297
epoch:  17 batch:  40 region_loss:  10.0 10.0 loc_loss:  0.9255264282226563 reward_loss:  -46.27505874633789
epoch:  17 batch:  50 region_loss:  10.0 10.0 loc_loss:  0.8162837219238281 reward_loss:  -40.81654739379883
epoch:  17 batch:  60 region_loss:  10.0 10.0 loc_loss:  0.8858428955078125 reward_loss:  -44.29170227050781
epoch:  17 batch:  70 region_loss:  10.0 10.0 loc_loss:  0.8309964752197265 reward_loss:  -41.549827575683594
epoch:  17 batch:  80 region_loss:  10.0 10.0 loc_loss:  0.9202473449707032 reward_loss:  -46.01182556152344
epoch:  17 batch:  90 region_loss:  6.0 6.0 loc_loss:  0.5560885620117187 reward_loss:  -27.803638458251953
epoch:  17 batch:  100 region_loss:  8.0 8.0 loc_loss:  0.6571224975585938 reward_loss:  -32.85551452636719
epoch:  17 batch:  110 region_loss:  4.0 4.0 loc_loss:  0.3892650604248047 reward_loss:  -19.463815689086914
epoch:  17 batch:  120 region_loss:  5.0 5.0 loc_loss:  0.44025394439697263 reward_loss:  -22.010753631591797
epoch:  17 batch:  130 region_loss:  7.0 7.0 loc_loss:  0.6497378540039063 reward_loss:  -32.48688888549805
acc@1:  0.1425211665098777
epoch: 17 region loss 0.17051094890510948 loc loss 0.7185197425062638 reward loss -35.92584793759089
epoch:  18 batch:  0 region_loss:  10.0 10.0 loc_loss:  0.8003538513183593 reward_loss:  -40.0173225402832
epoch:  18 batch:  10 region_loss:  10.0 10.0 loc_loss:  0.8619039916992187 reward_loss:  -43.09796142578125
epoch:  18 batch:  20 region_loss:  10.0 10.0 loc_loss:  0.7410205078125 reward_loss:  -37.05192947387695
epoch:  18 batch:  30 region_loss:  10.0 10.0 loc_loss:  0.7914252471923828 reward_loss:  -39.57073211669922
epoch:  18 batch:  40 region_loss:  10.0 10.0 loc_loss:  0.8894045257568359 reward_loss:  -44.47126007080078
epoch:  18 batch:  50 region_loss:  10.0 10.0 loc_loss:  0.775926742553711 reward_loss:  -38.79621887207031
epoch:  18 batch:  60 region_loss:  10.0 10.0 loc_loss:  0.8441183471679687 reward_loss:  -42.20370864868164
epoch:  18 batch:  70 region_loss:  10.0 10.0 loc_loss:  0.7911578369140625 reward_loss:  -39.558475494384766
epoch:  18 batch:  80 region_loss:  10.0 10.0 loc_loss:  0.87962158203125 reward_loss:  -43.981502532958984
epoch:  18 batch:  90 region_loss:  6.0 6.0 loc_loss:  0.5316415405273438 reward_loss:  -26.581439971923828
epoch:  18 batch:  100 region_loss:  8.0 8.0 loc_loss:  0.6269887542724609 reward_loss:  -31.34872055053711
epoch:  18 batch:  110 region_loss:  4.0 4.0 loc_loss:  0.3699512100219727 reward_loss:  -18.49808120727539
epoch:  18 batch:  120 region_loss:  5.0 5.0 loc_loss:  0.41710968017578126 reward_loss:  -20.856584548950195
epoch:  18 batch:  130 region_loss:  7.0 7.0 loc_loss:  0.6205209732055664 reward_loss:  -31.025598526000977
acc@1:  0.13828786453433678
epoch: 18 region loss 0.17051094890510948 loc loss 0.6853275854570152 reward loss -34.2664541745708
epoch:  19 batch:  0 region_loss:  10.0 10.0 loc_loss:  0.7607162475585938 reward_loss:  -38.03696060180664
epoch:  19 batch:  10 region_loss:  10.0 10.0 loc_loss:  0.8200574493408204 reward_loss:  -41.00259017944336
epoch:  19 batch:  20 region_loss:  10.0 10.0 loc_loss:  0.7081832122802735 reward_loss:  -35.406951904296875
epoch:  19 batch:  30 region_loss:  10.0 10.0 loc_loss:  0.7528557586669922 reward_loss:  -37.644893646240234
epoch:  19 batch:  40 region_loss:  10.0 10.0 loc_loss:  0.8553611755371093 reward_loss:  -42.76903533935547
epoch:  19 batch:  50 region_loss:  10.0 10.0 loc_loss:  0.7387193298339844 reward_loss:  -36.936668395996094
epoch:  19 batch:  60 region_loss:  10.0 10.0 loc_loss:  0.8043519592285157 reward_loss:  -40.21642303466797
epoch:  19 batch:  70 region_loss:  10.0 10.0 loc_loss:  0.7542781829833984 reward_loss:  -37.71554183959961
epoch:  19 batch:  80 region_loss:  10.0 10.0 loc_loss:  0.8412962341308594 reward_loss:  -42.06455993652344
epoch:  19 batch:  90 region_loss:  6.0 6.0 loc_loss:  0.508385353088379 reward_loss:  -25.41986656188965
epoch:  19 batch:  100 region_loss:  8.0 8.0 loc_loss:  0.5991067504882812 reward_loss:  -29.953521728515625
epoch:  19 batch:  110 region_loss:  4.0 4.0 loc_loss:  0.35166709899902343 reward_loss:  -17.584728240966797
epoch:  19 batch:  120 region_loss:  5.0 5.0 loc_loss:  0.39530937194824217 reward_loss:  -19.765148162841797
epoch:  19 batch:  130 region_loss:  7.0 7.0 loc_loss:  0.5927770233154297 reward_loss:  -29.63749122619629
acc@1:  0.1354656632173095
epoch: 19 region loss 0.17051094890510948 loc loss 0.6545417792605658 reward loss -32.72723650410227
epoch:  20 batch:  0 region_loss:  10.0 10.0 loc_loss:  0.7237637329101563 reward_loss:  -36.18927764892578
epoch:  20 batch:  10 region_loss:  10.0 10.0 loc_loss:  0.7817676544189454 reward_loss:  -39.08861541748047
epoch:  20 batch:  20 region_loss:  10.0 10.0 loc_loss:  0.6783570098876953 reward_loss:  -33.91762924194336
epoch:  20 batch:  30 region_loss:  10.0 10.0 loc_loss:  0.7170509338378906 reward_loss:  -35.849952697753906
epoch:  20 batch:  40 region_loss:  10.0 10.0 loc_loss:  0.8234587097167969 reward_loss:  -41.17296600341797
epoch:  20 batch:  50 region_loss:  10.0 10.0 loc_loss:  0.7049399566650391 reward_loss:  -35.24932098388672
epoch:  20 batch:  60 region_loss:  10.0 10.0 loc_loss:  0.766812744140625 reward_loss:  -38.34199905395508
epoch:  20 batch:  70 region_loss:  10.0 10.0 loc_loss:  0.7202189636230468 reward_loss:  -36.01188278198242
epoch:  20 batch:  80 region_loss:  10.0 10.0 loc_loss:  0.8049718475341797 reward_loss:  -40.251251220703125
epoch:  20 batch:  90 region_loss:  6.0 6.0 loc_loss:  0.48636665344238283 reward_loss:  -24.318544387817383
epoch:  20 batch:  100 region_loss:  8.0 8.0 loc_loss:  0.5728453826904297 reward_loss:  -28.640817642211914
epoch:  20 batch:  110 region_loss:  4.0 4.0 loc_loss:  0.3340937042236328 reward_loss:  -16.703548431396484
epoch:  20 batch:  120 region_loss:  5.0 5.0 loc_loss:  0.3747281646728516 reward_loss:  -18.734651565551758
epoch:  20 batch:  130 region_loss:  7.0 7.0 loc_loss:  0.5664410781860352 reward_loss:  -28.323795318603516
acc@1:  0.13828786453433678
epoch: 20 region loss 0.17051094890510948 loc loss 0.625805644014456 reward loss -31.29029102743107
epoch:  21 batch:  0 region_loss:  10.0 10.0 loc_loss:  0.68941162109375 reward_loss:  -34.47076416015625
epoch:  21 batch:  10 region_loss:  10.0 10.0 loc_loss:  0.7460163116455079 reward_loss:  -37.30141830444336
epoch:  21 batch:  20 region_loss:  10.0 10.0 loc_loss:  0.6507820892333984 reward_loss:  -32.53873825073242
epoch:  21 batch:  30 region_loss:  10.0 10.0 loc_loss:  0.6835244750976562 reward_loss:  -34.17698287963867
epoch:  21 batch:  40 region_loss:  10.0 10.0 loc_loss:  0.7929265594482422 reward_loss:  -39.64776611328125
epoch:  21 batch:  50 region_loss:  10.0 10.0 loc_loss:  0.6737117004394532 reward_loss:  -33.685577392578125
epoch:  21 batch:  60 region_loss:  10.0 10.0 loc_loss:  0.7308171081542969 reward_loss:  -36.54127883911133
epoch:  21 batch:  70 region_loss:  10.0 10.0 loc_loss:  0.6880463409423828 reward_loss:  -34.404727935791016
epoch:  21 batch:  80 region_loss:  10.0 10.0 loc_loss:  0.77056640625 reward_loss:  -38.52737808227539
epoch:  21 batch:  90 region_loss:  6.0 6.0 loc_loss:  0.4649700164794922 reward_loss:  -23.250057220458984
epoch:  21 batch:  100 region_loss:  8.0 8.0 loc_loss:  0.5482181930541992 reward_loss:  -27.40766716003418
epoch:  21 batch:  110 region_loss:  4.0 4.0 loc_loss:  0.3173009300231934 reward_loss:  -15.86422348022461
epoch:  21 batch:  120 region_loss:  5.0 5.0 loc_loss:  0.3550922393798828 reward_loss:  -17.756460189819336
epoch:  21 batch:  130 region_loss:  7.0 7.0 loc_loss:  0.5414840698242187 reward_loss:  -27.07522964477539
acc@1:  0.13640639698965193
epoch: 21 region loss 0.17051094890510948 loc loss 0.5987548844831704 reward loss -29.93779398925113
epoch:  22 batch:  0 region_loss:  10.0 10.0 loc_loss:  0.656709213256836 reward_loss:  -32.83308029174805
epoch:  22 batch:  10 region_loss:  10.0 10.0 loc_loss:  0.7124734497070313 reward_loss:  -35.62387466430664
epoch:  22 batch:  20 region_loss:  10.0 10.0 loc_loss:  0.6250192260742188 reward_loss:  -31.24981689453125
epoch:  22 batch:  30 region_loss:  10.0 10.0 loc_loss:  0.6524526977539062 reward_loss:  -32.621360778808594
epoch:  22 batch:  40 region_loss:  10.0 10.0 loc_loss:  0.7641400146484375 reward_loss:  -38.20698547363281
epoch:  22 batch:  50 region_loss:  10.0 10.0 loc_loss:  0.6445341491699219 reward_loss:  -32.227840423583984
epoch:  22 batch:  60 region_loss:  10.0 10.0 loc_loss:  0.6967334747314453 reward_loss:  -34.83627700805664
epoch:  22 batch:  70 region_loss:  10.0 10.0 loc_loss:  0.6580134582519531 reward_loss:  -32.9022216796875
epoch:  22 batch:  80 region_loss:  10.0 10.0 loc_loss:  0.7373236083984375 reward_loss:  -36.867462158203125
epoch:  22 batch:  90 region_loss:  6.0 6.0 loc_loss:  0.44460521697998046 reward_loss:  -22.23056411743164
epoch:  22 batch:  100 region_loss:  8.0 8.0 loc_loss:  0.5245928192138671 reward_loss:  -26.231523513793945
epoch:  22 batch:  110 region_loss:  4.0 4.0 loc_loss:  0.3014111328125 reward_loss:  -15.070473670959473
epoch:  22 batch:  120 region_loss:  5.0 5.0 loc_loss:  0.33656093597412107 reward_loss:  -16.827701568603516
epoch:  22 batch:  130 region_loss:  7.0 7.0 loc_loss:  0.5178802490234375 reward_loss:  -25.891847610473633
acc@1:  0.1349952963311383
epoch: 22 region loss 0.17051094890510948 loc loss 0.573192046367339 reward loss -28.659661769866943
epoch:  23 batch:  0 region_loss:  10.0 10.0 loc_loss:  0.6259214019775391 reward_loss:  -31.297426223754883
epoch:  23 batch:  10 region_loss:  10.0 10.0 loc_loss:  0.68107177734375 reward_loss:  -34.0545654296875
epoch:  23 batch:  20 region_loss:  10.0 10.0 loc_loss:  0.600994529724121 reward_loss:  -30.04822540283203
epoch:  23 batch:  30 region_loss:  10.0 10.0 loc_loss:  0.6226113510131835 reward_loss:  -31.128915786743164
epoch:  23 batch:  40 region_loss:  10.0 10.0 loc_loss:  0.7359880065917969 reward_loss:  -36.79930877685547
epoch:  23 batch:  50 region_loss:  10.0 10.0 loc_loss:  0.6174708557128906 reward_loss:  -30.872108459472656
epoch:  23 batch:  60 region_loss:  10.0 10.0 loc_loss:  0.6643036651611328 reward_loss:  -33.214622497558594
epoch:  23 batch:  70 region_loss:  10.0 10.0 loc_loss:  0.6295298385620117 reward_loss:  -31.477466583251953
epoch:  23 batch:  80 region_loss:  10.0 10.0 loc_loss:  0.705689926147461 reward_loss:  -35.283504486083984
epoch:  23 batch:  90 region_loss:  6.0 6.0 loc_loss:  0.42506378173828124 reward_loss:  -21.25368881225586
epoch:  23 batch:  100 region_loss:  8.0 8.0 loc_loss:  0.5014546203613282 reward_loss:  -25.0743350982666
epoch:  23 batch:  110 region_loss:  4.0 4.0 loc_loss:  0.28606462478637695 reward_loss:  -14.305110931396484
epoch:  23 batch:  120 region_loss:  5.0 5.0 loc_loss:  0.31915763854980467 reward_loss:  -15.959031105041504
epoch:  23 batch:  130 region_loss:  7.0 7.0 loc_loss:  0.4949777984619141 reward_loss:  -24.750581741333008
acc@1:  0.13452492944496708
epoch: 23 region loss 0.17051094890510948 loc loss 0.5489119518586318 reward loss -27.44559804540481
epoch:  24 batch:  0 region_loss:  10.0 10.0 loc_loss:  0.5965419006347656 reward_loss:  -29.825326919555664
epoch:  24 batch:  10 region_loss:  10.0 10.0 loc_loss:  0.6511982727050781 reward_loss:  -32.56016159057617
epoch:  24 batch:  20 region_loss:  10.0 10.0 loc_loss:  0.578152732849121 reward_loss:  -28.906085968017578
epoch:  24 batch:  30 region_loss:  10.0 10.0 loc_loss:  0.5946363067626953 reward_loss:  -29.732698440551758
epoch:  24 batch:  40 region_loss:  10.0 10.0 loc_loss:  0.7086331176757813 reward_loss:  -35.431907653808594
epoch:  24 batch:  50 region_loss:  10.0 10.0 loc_loss:  0.5914283752441406 reward_loss:  -29.5717830657959
epoch:  24 batch:  60 region_loss:  10.0 10.0 loc_loss:  0.6332564926147461 reward_loss:  -31.66168785095215
epoch:  24 batch:  70 region_loss:  10.0 10.0 loc_loss:  0.6023853302001954 reward_loss:  -30.119441986083984
epoch:  24 batch:  80 region_loss:  10.0 10.0 loc_loss:  0.6750465393066406 reward_loss:  -33.752254486083984
epoch:  24 batch:  90 region_loss:  6.0 6.0 loc_loss:  0.40607002258300784 reward_loss:  -20.30284309387207
epoch:  24 batch:  100 region_loss:  8.0 8.0 loc_loss:  0.47977169036865236 reward_loss:  -23.98963165283203
epoch:  24 batch:  110 region_loss:  4.0 4.0 loc_loss:  0.2717292785644531 reward_loss:  -13.584314346313477
epoch:  24 batch:  120 region_loss:  5.0 5.0 loc_loss:  0.30256607055664064 reward_loss:  -15.128520965576172
epoch:  24 batch:  130 region_loss:  7.0 7.0 loc_loss:  0.472783203125 reward_loss:  -23.63815689086914
acc@1:  0.13264346190028223
epoch: 24 region loss 0.17051094890510948 loc loss 0.5257043641501099 reward loss -26.285195312360777
epoch:  25 batch:  0 region_loss:  10.0 10.0 loc_loss:  0.5685704040527344 reward_loss:  -28.42786407470703
epoch:  25 batch:  10 region_loss:  10.0 10.0 loc_loss:  0.6228635787963868 reward_loss:  -31.14191246032715
epoch:  25 batch:  20 region_loss:  10.0 10.0 loc_loss:  0.5561408233642579 reward_loss:  -27.806753158569336
epoch:  25 batch:  30 region_loss:  10.0 10.0 loc_loss:  0.5681956481933593 reward_loss:  -28.409944534301758
epoch:  25 batch:  40 region_loss:  10.0 10.0 loc_loss:  0.6821361541748047 reward_loss:  -34.104820251464844
epoch:  25 batch:  50 region_loss:  10.0 10.0 loc_loss:  0.5671264266967774 reward_loss:  -28.35560417175293
epoch:  25 batch:  60 region_loss:  10.0 10.0 loc_loss:  0.6038459777832031 reward_loss:  -30.191791534423828
epoch:  25 batch:  70 region_loss:  10.0 10.0 loc_loss:  0.5767016220092773 reward_loss:  -28.83332633972168
epoch:  25 batch:  80 region_loss:  10.0 10.0 loc_loss:  0.6453717041015625 reward_loss:  -32.27119445800781
epoch:  25 batch:  90 region_loss:  6.0 6.0 loc_loss:  0.3874969482421875 reward_loss:  -19.376605987548828
epoch:  25 batch:  100 region_loss:  8.0 8.0 loc_loss:  0.4586537933349609 reward_loss:  -22.933483123779297
epoch:  25 batch:  110 region_loss:  4.0 4.0 loc_loss:  0.2575642395019531 reward_loss:  -12.876232147216797
epoch:  25 batch:  120 region_loss:  5.0 5.0 loc_loss:  0.28673372268676756 reward_loss:  -14.336615562438965
epoch:  25 batch:  130 region_loss:  7.0 7.0 loc_loss:  0.4515422058105469 reward_loss:  -22.576139450073242
acc@1:  0.12982126058325494
epoch: 25 region loss 0.17051094890510948 loc loss 0.5034931943712444 reward loss -25.174589696591788
epoch:  26 batch:  0 region_loss:  10.0 10.0 loc_loss:  0.5419048690795898 reward_loss:  -27.096162796020508
epoch:  26 batch:  10 region_loss:  10.0 10.0 loc_loss:  0.5962637710571289 reward_loss:  -29.812166213989258
epoch:  26 batch:  20 region_loss:  10.0 10.0 loc_loss:  0.535427474975586 reward_loss:  -26.770030975341797
epoch:  26 batch:  30 region_loss:  10.0 10.0 loc_loss:  0.5429179382324218 reward_loss:  -27.14705467224121
epoch:  26 batch:  40 region_loss:  10.0 10.0 loc_loss:  0.6561578369140625 reward_loss:  -32.808895111083984
epoch:  26 batch:  50 region_loss:  10.0 10.0 loc_loss:  0.5435593032836914 reward_loss:  -27.17911720275879
epoch:  26 batch:  60 region_loss:  10.0 10.0 loc_loss:  0.5755881118774414 reward_loss:  -28.780996322631836
epoch:  26 batch:  70 region_loss:  10.0 10.0 loc_loss:  0.5522171783447266 reward_loss:  -27.608938217163086
epoch:  26 batch:  80 region_loss:  10.0 10.0 loc_loss:  0.6166278839111328 reward_loss:  -30.83039093017578
epoch:  26 batch:  90 region_loss:  6.0 6.0 loc_loss:  0.3696588134765625 reward_loss:  -18.482105255126953
epoch:  26 batch:  100 region_loss:  8.0 8.0 loc_loss:  0.43851409912109374 reward_loss:  -21.92632293701172
epoch:  26 batch:  110 region_loss:  4.0 4.0 loc_loss:  0.24412494659423828 reward_loss:  -12.205291748046875
epoch:  26 batch:  120 region_loss:  5.0 5.0 loc_loss:  0.2716576766967773 reward_loss:  -13.584918022155762
epoch:  26 batch:  130 region_loss:  7.0 7.0 loc_loss:  0.43097766876220706 reward_loss:  -21.549089431762695
acc@1:  0.1284101599247413
epoch: 26 region loss 0.17051094890510948 loc loss 0.4821299683090544 reward loss -24.106530586298366
epoch:  27 batch:  0 region_loss:  10.0 10.0 loc_loss:  0.5165206909179687 reward_loss:  -25.8291015625
epoch:  27 batch:  10 region_loss:  10.0 10.0 loc_loss:  0.570341796875 reward_loss:  -28.517948150634766
epoch:  27 batch:  20 region_loss:  10.0 10.0 loc_loss:  0.5153664016723633 reward_loss:  -25.76750373840332
epoch:  27 batch:  30 region_loss:  10.0 10.0 loc_loss:  0.5187304306030274 reward_loss:  -25.938711166381836
epoch:  27 batch:  40 region_loss:  10.0 10.0 loc_loss:  0.6307765579223633 reward_loss:  -31.54048728942871
epoch:  27 batch:  50 region_loss:  10.0 10.0 loc_loss:  0.521376838684082 reward_loss:  -26.06818389892578
epoch:  27 batch:  60 region_loss:  10.0 10.0 loc_loss:  0.5483617401123047 reward_loss:  -27.418251037597656
epoch:  27 batch:  70 region_loss:  10.0 10.0 loc_loss:  0.5290215682983398 reward_loss:  -26.450410842895508
epoch:  27 batch:  80 region_loss:  10.0 10.0 loc_loss:  0.5886594772338867 reward_loss:  -29.434675216674805
epoch:  27 batch:  90 region_loss:  6.0 6.0 loc_loss:  0.3522547912597656 reward_loss:  -17.612220764160156
epoch:  27 batch:  100 region_loss:  8.0 8.0 loc_loss:  0.4187889099121094 reward_loss:  -20.940710067749023
epoch:  27 batch:  110 region_loss:  4.0 4.0 loc_loss:  0.23139049530029296 reward_loss:  -11.572032928466797
epoch:  27 batch:  120 region_loss:  5.0 5.0 loc_loss:  0.257544059753418 reward_loss:  -12.877270698547363
epoch:  27 batch:  130 region_loss:  7.0 7.0 loc_loss:  0.41092140197753907 reward_loss:  -20.544391632080078
acc@1:  0.12370649106302917
epoch: 27 region loss 0.17051094890510948 loc loss 0.4615285024851778 reward loss -23.0761933535555
epoch:  28 batch:  0 region_loss:  10.0 10.0 loc_loss:  0.49205574035644534 reward_loss:  -24.602401733398438
epoch:  28 batch:  10 region_loss:  10.0 10.0 loc_loss:  0.545325698852539 reward_loss:  -27.267683029174805
epoch:  28 batch:  20 region_loss:  10.0 10.0 loc_loss:  0.49629783630371094 reward_loss:  -24.814899444580078
epoch:  28 batch:  30 region_loss:  10.0 10.0 loc_loss:  0.4952054977416992 reward_loss:  -24.760356903076172
epoch:  28 batch:  40 region_loss:  10.0 10.0 loc_loss:  0.6061182022094727 reward_loss:  -30.307113647460938
epoch:  28 batch:  50 region_loss:  10.0 10.0 loc_loss:  0.49964515686035155 reward_loss:  -24.98394012451172
epoch:  28 batch:  60 region_loss:  10.0 10.0 loc_loss:  0.5225190734863281 reward_loss:  -26.124671936035156
epoch:  28 batch:  70 region_loss:  10.0 10.0 loc_loss:  0.5063726043701172 reward_loss:  -25.320175170898438
epoch:  28 batch:  80 region_loss:  10.0 10.0 loc_loss:  0.5618006896972656 reward_loss:  -28.091209411621094
epoch:  28 batch:  90 region_loss:  6.0 6.0 loc_loss:  0.3354051971435547 reward_loss:  -16.767818450927734
epoch:  28 batch:  100 region_loss:  8.0 8.0 loc_loss:  0.3996615219116211 reward_loss:  -19.985532760620117
epoch:  28 batch:  110 region_loss:  4.0 4.0 loc_loss:  0.2190681838989258 reward_loss:  -10.955403327941895
epoch:  28 batch:  120 region_loss:  5.0 5.0 loc_loss:  0.24390293121337892 reward_loss:  -12.194625854492188
epoch:  28 batch:  130 region_loss:  7.0 7.0 loc_loss:  0.39145679473876954 reward_loss:  -19.572362899780273
acc@1:  0.12370649106302917
epoch: 28 region loss 0.17051094890510948 loc loss 0.441611145116987 reward loss -22.080559335485862
epoch:  29 batch:  0 region_loss:  10.0 10.0 loc_loss:  0.46887271881103515 reward_loss:  -23.444095611572266
epoch:  29 batch:  10 region_loss:  10.0 10.0 loc_loss:  0.5215059661865235 reward_loss:  -26.075578689575195
epoch:  29 batch:  20 region_loss:  10.0 10.0 loc_loss:  0.4775475311279297 reward_loss:  -23.879894256591797
epoch:  29 batch:  30 region_loss:  10.0 10.0 loc_loss:  0.4729235076904297 reward_loss:  -23.644634246826172
epoch:  29 batch:  40 region_loss:  10.0 10.0 loc_loss:  0.5817019271850586 reward_loss:  -29.087013244628906
epoch:  29 batch:  50 region_loss:  10.0 10.0 loc_loss:  0.4784905242919922 reward_loss:  -23.92598533630371
epoch:  29 batch:  60 region_loss:  10.0 10.0 loc_loss:  0.4974728012084961 reward_loss:  -24.871583938598633
epoch:  29 batch:  70 region_loss:  10.0 10.0 loc_loss:  0.48469478607177735 reward_loss:  -24.237157821655273
epoch:  29 batch:  80 region_loss:  10.0 10.0 loc_loss:  0.5355062866210938 reward_loss:  -26.77385902404785
epoch:  29 batch:  90 region_loss:  6.0 6.0 loc_loss:  0.31880653381347657 reward_loss:  -15.939619064331055
epoch:  29 batch:  100 region_loss:  8.0 8.0 loc_loss:  0.3815320587158203 reward_loss:  -19.07404327392578
epoch:  29 batch:  110 region_loss:  4.0 4.0 loc_loss:  0.20695913314819336 reward_loss:  -10.349201202392578
epoch:  29 batch:  120 region_loss:  5.0 5.0 loc_loss:  0.23076866149902345 reward_loss:  -11.540204048156738
epoch:  29 batch:  130 region_loss:  7.0 7.0 loc_loss:  0.37265022277832033 reward_loss:  -18.631378173828125
acc@1:  0.1218250235183443
epoch: 29 region loss 0.17051094890510948 loc loss 0.4223473798793598 reward loss -21.117341309568307
epoch:  30 batch:  0 region_loss:  10.0 10.0 loc_loss:  0.4461638259887695 reward_loss:  -22.306982040405273
epoch:  30 batch:  10 region_loss:  10.0 10.0 loc_loss:  0.4981401062011719 reward_loss:  -24.90973472595215
epoch:  30 batch:  20 region_loss:  10.0 10.0 loc_loss:  0.45950897216796877 reward_loss:  -22.978164672851562
epoch:  30 batch:  30 region_loss:  10.0 10.0 loc_loss:  0.4511559295654297 reward_loss:  -22.55667495727539
epoch:  30 batch:  40 region_loss:  10.0 10.0 loc_loss:  0.5579631805419922 reward_loss:  -27.897541046142578
epoch:  30 batch:  50 region_loss:  10.0 10.0 loc_loss:  0.45838245391845706 reward_loss:  -22.919294357299805
epoch:  30 batch:  60 region_loss:  10.0 10.0 loc_loss:  0.4735491943359375 reward_loss:  -23.67803192138672
epoch:  30 batch:  70 region_loss:  10.0 10.0 loc_loss:  0.46397735595703127 reward_loss:  -23.20199966430664
epoch:  30 batch:  80 region_loss:  10.0 10.0 loc_loss:  0.5098551177978515 reward_loss:  -25.49552345275879
epoch:  30 batch:  90 region_loss:  6.0 6.0 loc_loss:  0.3028030014038086 reward_loss:  -15.138764381408691
epoch:  30 batch:  100 region_loss:  8.0 8.0 loc_loss:  0.36368034362792967 reward_loss:  -18.18454933166504
epoch:  30 batch:  110 region_loss:  4.0 4.0 loc_loss:  0.19556015014648437 reward_loss:  -9.779780387878418
epoch:  30 batch:  120 region_loss:  5.0 5.0 loc_loss:  0.21824817657470702 reward_loss:  -10.911860466003418
epoch:  30 batch:  130 region_loss:  7.0 7.0 loc_loss:  0.3545961380004883 reward_loss:  -17.730581283569336
acc@1:  0.12041392285983067
epoch: 30 region loss 0.17051094890510948 loc loss 0.40369832947306394 reward loss -20.18485088592028
epoch:  31 batch:  0 region_loss:  10.0 10.0 loc_loss:  0.42444309234619143 reward_loss:  -21.225427627563477
epoch:  31 batch:  10 region_loss:  10.0 10.0 loc_loss:  0.47565723419189454 reward_loss:  -23.780738830566406
epoch:  31 batch:  20 region_loss:  10.0 10.0 loc_loss:  0.44208316802978515 reward_loss:  -22.103425979614258
epoch:  31 batch:  30 region_loss:  10.0 10.0 loc_loss:  0.43021331787109374 reward_loss:  -21.510120391845703
epoch:  31 batch:  40 region_loss:  10.0 10.0 loc_loss:  0.534842529296875 reward_loss:  -26.739730834960938
epoch:  31 batch:  50 region_loss:  10.0 10.0 loc_loss:  0.438370475769043 reward_loss:  -21.91883659362793
epoch:  31 batch:  60 region_loss:  10.0 10.0 loc_loss:  0.4500544357299805 reward_loss:  -22.504005432128906
epoch:  31 batch:  70 region_loss:  10.0 10.0 loc_loss:  0.4440852355957031 reward_loss:  -22.204681396484375
epoch:  31 batch:  80 region_loss:  10.0 10.0 loc_loss:  0.4849757385253906 reward_loss:  -24.2501163482666
epoch:  31 batch:  90 region_loss:  6.0 6.0 loc_loss:  0.2870393180847168 reward_loss:  -14.352002143859863
epoch:  31 batch:  100 region_loss:  8.0 8.0 loc_loss:  0.34637954711914065 reward_loss:  -17.324777603149414
epoch:  31 batch:  110 region_loss:  4.0 4.0 loc_loss:  0.1845543670654297 reward_loss:  -9.226968765258789
epoch:  31 batch:  120 region_loss:  5.0 5.0 loc_loss:  0.20620555877685548 reward_loss:  -10.310785293579102
epoch:  31 batch:  130 region_loss:  7.0 7.0 loc_loss:  0.33674400329589843 reward_loss:  -16.83904457092285
acc@1:  0.12229539040451552
epoch: 31 region loss 0.17051094890510948 loc loss 0.3855596140701405 reward loss -19.278059127557018
epoch:  32 batch:  0 region_loss:  10.0 10.0 loc_loss:  0.40368244171142575 reward_loss:  -20.185394287109375
epoch:  32 batch:  10 region_loss:  10.0 10.0 loc_loss:  0.45397655487060545 reward_loss:  -22.699426651000977
epoch:  32 batch:  20 region_loss:  10.0 10.0 loc_loss:  0.4249678039550781 reward_loss:  -21.248266220092773
epoch:  32 batch:  30 region_loss:  10.0 10.0 loc_loss:  0.41016014099121095 reward_loss:  -20.505952835083008
epoch:  32 batch:  40 region_loss:  10.0 10.0 loc_loss:  0.5119440841674805 reward_loss:  -25.599872589111328
epoch:  32 batch:  50 region_loss:  10.0 10.0 loc_loss:  0.4190824508666992 reward_loss:  -20.954666137695312
epoch:  32 batch:  60 region_loss:  10.0 10.0 loc_loss:  0.42781791687011717 reward_loss:  -21.391008377075195
epoch:  32 batch:  70 region_loss:  10.0 10.0 loc_loss:  0.42440200805664063 reward_loss:  -21.220304489135742
epoch:  32 batch:  80 region_loss:  10.0 10.0 loc_loss:  0.4604405975341797 reward_loss:  -23.022716522216797
epoch:  32 batch:  90 region_loss:  6.0 6.0 loc_loss:  0.2718159484863281 reward_loss:  -13.590627670288086
epoch:  32 batch:  100 region_loss:  8.0 8.0 loc_loss:  0.3293661117553711 reward_loss:  -16.46950340270996
epoch:  32 batch:  110 region_loss:  4.0 4.0 loc_loss:  0.17398199081420898 reward_loss:  -8.6989107131958
epoch:  32 batch:  120 region_loss:  5.0 5.0 loc_loss:  0.19469650268554686 reward_loss:  -9.736741065979004
epoch:  32 batch:  130 region_loss:  7.0 7.0 loc_loss:  0.31968452453613283 reward_loss:  -15.9833402633667
acc@1:  0.11900282220131703
epoch: 32 region loss 0.17051094890510948 loc loss 0.36795767342087127 reward loss -18.397776434891416
epoch:  33 batch:  0 region_loss:  10.0 10.0 loc_loss:  0.38359287261962893 reward_loss:  -19.17758560180664
epoch:  33 batch:  10 region_loss:  10.0 10.0 loc_loss:  0.432984619140625 reward_loss:  -21.647672653198242
epoch:  33 batch:  20 region_loss:  10.0 10.0 loc_loss:  0.4081976699829102 reward_loss:  -20.410606384277344
epoch:  33 batch:  30 region_loss:  10.0 10.0 loc_loss:  0.39031497955322264 reward_loss:  -19.51705551147461
epoch:  33 batch:  40 region_loss:  10.0 10.0 loc_loss:  0.4895064544677734 reward_loss:  -24.474939346313477
epoch:  33 batch:  50 region_loss:  10.0 10.0 loc_loss:  0.4004789352416992 reward_loss:  -20.02204704284668
epoch:  33 batch:  60 region_loss:  10.0 10.0 loc_loss:  0.4060787582397461 reward_loss:  -20.303428649902344
epoch:  33 batch:  70 region_loss:  10.0 10.0 loc_loss:  0.4056629943847656 reward_loss:  -20.280254364013672
epoch:  33 batch:  80 region_loss:  10.0 10.0 loc_loss:  0.43709503173828124 reward_loss:  -21.855796813964844
epoch:  33 batch:  90 region_loss:  6.0 6.0 loc_loss:  0.25705169677734374 reward_loss:  -12.853933334350586
epoch:  33 batch:  100 region_loss:  8.0 8.0 loc_loss:  0.3135447692871094 reward_loss:  -15.678655624389648
epoch:  33 batch:  110 region_loss:  4.0 4.0 loc_loss:  0.16371688842773438 reward_loss:  -8.186203956604004
epoch:  33 batch:  120 region_loss:  5.0 5.0 loc_loss:  0.1835184669494629 reward_loss:  -9.178298950195312
epoch:  33 batch:  130 region_loss:  7.0 7.0 loc_loss:  0.3028993606567383 reward_loss:  -15.142836570739746
acc@1:  0.1213546566321731
epoch: 33 region loss 0.17051094890510948 loc loss 0.3508249607921517 reward loss -17.541480969338522
epoch:  34 batch:  0 region_loss:  10.0 10.0 loc_loss:  0.36433902740478513 reward_loss:  -18.216594696044922
epoch:  34 batch:  10 region_loss:  10.0 10.0 loc_loss:  0.4123007583618164 reward_loss:  -20.61556625366211
epoch:  34 batch:  20 region_loss:  10.0 10.0 loc_loss:  0.39178970336914065 reward_loss:  -19.589534759521484
epoch:  34 batch:  30 region_loss:  10.0 10.0 loc_loss:  0.37141220092773436 reward_loss:  -18.567188262939453
epoch:  34 batch:  40 region_loss:  10.0 10.0 loc_loss:  0.46763378143310547 reward_loss:  -23.383846282958984
epoch:  34 batch:  50 region_loss:  10.0 10.0 loc_loss:  0.38214874267578125 reward_loss:  -19.10702896118164
epoch:  34 batch:  60 region_loss:  10.0 10.0 loc_loss:  0.38536819458007815 reward_loss:  -19.269027709960938
epoch:  34 batch:  70 region_loss:  10.0 10.0 loc_loss:  0.3870789337158203 reward_loss:  -19.351930618286133
epoch:  34 batch:  80 region_loss:  10.0 10.0 loc_loss:  0.41409767150878907 reward_loss:  -20.705358505249023
epoch:  34 batch:  90 region_loss:  6.0 6.0 loc_loss:  0.24307775497436523 reward_loss:  -12.155452728271484
epoch:  34 batch:  100 region_loss:  8.0 8.0 loc_loss:  0.2978715515136719 reward_loss:  -14.889982223510742
epoch:  34 batch:  110 region_loss:  4.0 4.0 loc_loss:  0.15383326530456543 reward_loss:  -7.690635681152344
epoch:  34 batch:  120 region_loss:  5.0 5.0 loc_loss:  0.17284755706787108 reward_loss:  -8.641630172729492
epoch:  34 batch:  130 region_loss:  7.0 7.0 loc_loss:  0.2866593170166016 reward_loss:  -14.332926750183105
acc@1:  0.11853245531514581
epoch: 34 region loss 0.17051094890510948 loc loss 0.33422830595587294 reward loss -16.711400580232162
epoch:  35 batch:  0 region_loss:  10.0 10.0 loc_loss:  0.3453905487060547 reward_loss:  -17.269254684448242
epoch:  35 batch:  10 region_loss:  10.0 10.0 loc_loss:  0.3924001312255859 reward_loss:  -19.61841583251953
epoch:  35 batch:  20 region_loss:  10.0 10.0 loc_loss:  0.3758114242553711 reward_loss:  -18.790306091308594
epoch:  35 batch:  30 region_loss:  10.0 10.0 loc_loss:  0.35297863006591795 reward_loss:  -17.64872169494629
epoch:  35 batch:  40 region_loss:  10.0 10.0 loc_loss:  0.4464111328125 reward_loss:  -22.31829071044922
epoch:  35 batch:  50 region_loss:  10.0 10.0 loc_loss:  0.36421329498291016 reward_loss:  -18.211393356323242
epoch:  35 batch:  60 region_loss:  10.0 10.0 loc_loss:  0.3653277969360352 reward_loss:  -18.263919830322266
epoch:  35 batch:  70 region_loss:  10.0 10.0 loc_loss:  0.369227294921875 reward_loss:  -18.46100616455078
epoch:  35 batch:  80 region_loss:  10.0 10.0 loc_loss:  0.39190040588378905 reward_loss:  -19.595046997070312
epoch:  35 batch:  90 region_loss:  6.0 6.0 loc_loss:  0.22909515380859374 reward_loss:  -11.453731536865234
epoch:  35 batch:  100 region_loss:  8.0 8.0 loc_loss:  0.28267536163330076 reward_loss:  -14.13494873046875
epoch:  35 batch:  110 region_loss:  4.0 4.0 loc_loss:  0.1445863151550293 reward_loss:  -7.229645252227783
epoch:  35 batch:  120 region_loss:  5.0 5.0 loc_loss:  0.16261951446533204 reward_loss:  -8.13137435913086
epoch:  35 batch:  130 region_loss:  7.0 7.0 loc_loss:  0.27119638442993166 reward_loss:  -13.556490898132324
acc@1:  0.11900282220131703
epoch: 35 region loss 0.17051094890510948 loc loss 0.31814814833829 reward loss -15.907281866908944
epoch:  36 batch:  0 region_loss:  10.0 10.0 loc_loss:  0.3271982192993164 reward_loss:  -16.360496520996094
epoch:  36 batch:  10 region_loss:  10.0 10.0 loc_loss:  0.37268665313720706 reward_loss:  -18.635263442993164
epoch:  36 batch:  20 region_loss:  10.0 10.0 loc_loss:  0.3602647018432617 reward_loss:  -18.012420654296875
epoch:  36 batch:  30 region_loss:  10.0 10.0 loc_loss:  0.33477039337158204 reward_loss:  -16.737751007080078
epoch:  36 batch:  40 region_loss:  10.0 10.0 loc_loss:  0.42543338775634765 reward_loss:  -21.26797866821289
epoch:  36 batch:  50 region_loss:  10.0 10.0 loc_loss:  0.3466079330444336 reward_loss:  -17.330764770507812
epoch:  36 batch:  60 region_loss:  10.0 10.0 loc_loss:  0.3458351516723633 reward_loss:  -17.292192459106445
epoch:  36 batch:  70 region_loss:  10.0 10.0 loc_loss:  0.35175624847412107 reward_loss:  -17.588722229003906
epoch:  36 batch:  80 region_loss:  10.0 10.0 loc_loss:  0.3704460906982422 reward_loss:  -18.522062301635742
epoch:  36 batch:  90 region_loss:  6.0 6.0 loc_loss:  0.21593770980834961 reward_loss:  -10.796485900878906
epoch:  36 batch:  100 region_loss:  8.0 8.0 loc_loss:  0.26784381866455076 reward_loss:  -13.392091751098633
epoch:  36 batch:  110 region_loss:  4.0 4.0 loc_loss:  0.13553786277770996 reward_loss:  -6.775529861450195
epoch:  36 batch:  120 region_loss:  5.0 5.0 loc_loss:  0.15274113655090332 reward_loss:  -7.63800048828125
epoch:  36 batch:  130 region_loss:  7.0 7.0 loc_loss:  0.2559992790222168 reward_loss:  -12.799615859985352
acc@1:  0.11853245531514581
epoch: 36 region loss 0.17051094890510948 loc loss 0.3025863215871101 reward loss -15.129204924089196
epoch:  37 batch:  0 region_loss:  10.0 10.0 loc_loss:  0.3098891639709473 reward_loss:  -15.493021011352539
epoch:  37 batch:  10 region_loss:  10.0 10.0 loc_loss:  0.354279899597168 reward_loss:  -17.712614059448242
epoch:  37 batch:  20 region_loss:  10.0 10.0 loc_loss:  0.3454196548461914 reward_loss:  -17.27273178100586
epoch:  37 batch:  30 region_loss:  10.0 10.0 loc_loss:  0.3175118064880371 reward_loss:  -15.874217987060547
epoch:  37 batch:  40 region_loss:  10.0 10.0 loc_loss:  0.4049968719482422 reward_loss:  -20.25066375732422
epoch:  37 batch:  50 region_loss:  10.0 10.0 loc_loss:  0.3299636077880859 reward_loss:  -16.499895095825195
epoch:  37 batch:  60 region_loss:  10.0 10.0 loc_loss:  0.32737251281738283 reward_loss:  -16.367443084716797
epoch:  37 batch:  70 region_loss:  10.0 10.0 loc_loss:  0.3348840713500977 reward_loss:  -16.742076873779297
epoch:  37 batch:  80 region_loss:  10.0 10.0 loc_loss:  0.3497417449951172 reward_loss:  -17.48296356201172
epoch:  37 batch:  90 region_loss:  6.0 6.0 loc_loss:  0.20286922454833983 reward_loss:  -10.144940376281738
epoch:  37 batch:  100 region_loss:  8.0 8.0 loc_loss:  0.2536859130859375 reward_loss:  -12.684486389160156
epoch:  37 batch:  110 region_loss:  4.0 4.0 loc_loss:  0.1269615936279297 reward_loss:  -6.348907470703125
epoch:  37 batch:  120 region_loss:  5.0 5.0 loc_loss:  0.14351004600524903 reward_loss:  -7.174861431121826
epoch:  37 batch:  130 region_loss:  7.0 7.0 loc_loss:  0.24150194168090822 reward_loss:  -12.077683448791504
acc@1:  0.11618062088428975
epoch: 37 region loss 0.17051094890510948 loc loss 0.2876177572507928 reward loss -14.38073948177978
epoch:  38 batch:  0 region_loss:  10.0 10.0 loc_loss:  0.2928459930419922 reward_loss:  -14.644880294799805
epoch:  38 batch:  10 region_loss:  10.0 10.0 loc_loss:  0.3357326889038086 reward_loss:  -16.78590965270996
epoch:  38 batch:  20 region_loss:  10.0 10.0 loc_loss:  0.33117271423339845 reward_loss:  -16.55436897277832
epoch:  38 batch:  30 region_loss:  10.0 10.0 loc_loss:  0.30063051223754883 reward_loss:  -15.028823852539062
epoch:  38 batch:  40 region_loss:  10.0 10.0 loc_loss:  0.38485256195068357 reward_loss:  -19.245939254760742
epoch:  38 batch:  50 region_loss:  10.0 10.0 loc_loss:  0.3135759735107422 reward_loss:  -15.678539276123047
epoch:  38 batch:  60 region_loss:  10.0 10.0 loc_loss:  0.3093208122253418 reward_loss:  -15.463372230529785
epoch:  38 batch:  70 region_loss:  10.0 10.0 loc_loss:  0.3182162666320801 reward_loss:  -15.910219192504883
epoch:  38 batch:  80 region_loss:  10.0 10.0 loc_loss:  0.3296558380126953 reward_loss:  -16.48003578186035
epoch:  38 batch:  90 region_loss:  6.0 6.0 loc_loss:  0.19091108322143555 reward_loss:  -9.546518325805664
epoch:  38 batch:  100 region_loss:  8.0 8.0 loc_loss:  0.24024608612060547 reward_loss:  -12.012750625610352
epoch:  38 batch:  110 region_loss:  4.0 4.0 loc_loss:  0.11850999832153321 reward_loss:  -5.926280975341797
epoch:  38 batch:  120 region_loss:  5.0 5.0 loc_loss:  0.13421035766601563 reward_loss:  -6.711434364318848
epoch:  38 batch:  130 region_loss:  7.0 7.0 loc_loss:  0.22728326797485351 reward_loss:  -11.3631591796875
acc@1:  0.11571025399811853
epoch: 38 region loss 0.17051094890510948 loc loss 0.2730924637300255 reward loss -13.654314587586118
epoch:  39 batch:  0 region_loss:  10.0 10.0 loc_loss:  0.2769156265258789 reward_loss:  -13.845245361328125
epoch:  39 batch:  10 region_loss:  10.0 10.0 loc_loss:  0.31825645446777345 reward_loss:  -15.911079406738281
epoch:  39 batch:  20 region_loss:  10.0 10.0 loc_loss:  0.318818531036377 reward_loss:  -15.93989372253418
epoch:  39 batch:  30 region_loss:  10.0 10.0 loc_loss:  0.28441949844360354 reward_loss:  -14.223587989807129
epoch:  39 batch:  40 region_loss:  10.0 10.0 loc_loss:  0.3657145309448242 reward_loss:  -18.287832260131836
epoch:  39 batch:  50 region_loss:  10.0 10.0 loc_loss:  0.2983506011962891 reward_loss:  -14.91728687286377
epoch:  39 batch:  60 region_loss:  10.0 10.0 loc_loss:  0.2922809410095215 reward_loss:  -14.612141609191895
epoch:  39 batch:  70 region_loss:  10.0 10.0 loc_loss:  0.3022578620910645 reward_loss:  -15.11265754699707
epoch:  39 batch:  80 region_loss:  10.0 10.0 loc_loss:  0.3100197029113769 reward_loss:  -15.500787734985352
epoch:  39 batch:  90 region_loss:  6.0 6.0 loc_loss:  0.17902650833129882 reward_loss:  -8.95329761505127
epoch:  39 batch:  100 region_loss:  8.0 8.0 loc_loss:  0.2264483642578125 reward_loss:  -11.325944900512695
epoch:  39 batch:  110 region_loss:  4.0 4.0 loc_loss:  0.11077862739562988 reward_loss:  -5.540325164794922
epoch:  39 batch:  120 region_loss:  5.0 5.0 loc_loss:  0.1259476661682129 reward_loss:  -6.296651363372803
epoch:  39 batch:  130 region_loss:  7.0 7.0 loc_loss:  0.21387523651123047 reward_loss:  -10.693613052368164
acc@1:  0.11571025399811853
epoch: 39 region loss 0.17051094890510948 loc loss 0.25907599623185873 reward loss -12.95400622900385
epoch:  40 batch:  0 region_loss:  10.0 10.0 loc_loss:  0.26124935150146483 reward_loss:  -13.063251495361328
epoch:  40 batch:  10 region_loss:  10.0 10.0 loc_loss:  0.30113243103027343 reward_loss:  -15.053558349609375
epoch:  40 batch:  20 region_loss:  10.0 10.0 loc_loss:  0.30673774719238284 reward_loss:  -15.335295677185059
epoch:  40 batch:  30 region_loss:  10.0 10.0 loc_loss:  0.26895627975463865 reward_loss:  -13.445507049560547
epoch:  40 batch:  40 region_loss:  10.0 10.0 loc_loss:  0.34642829895019533 reward_loss:  -17.320934295654297
epoch:  40 batch:  50 region_loss:  10.0 10.0 loc_loss:  0.28436325073242186 reward_loss:  -14.21821403503418
epoch:  40 batch:  60 region_loss:  10.0 10.0 loc_loss:  0.27539907455444335 reward_loss:  -13.773405075073242
epoch:  40 batch:  70 region_loss:  10.0 10.0 loc_loss:  0.2869512939453125 reward_loss:  -14.344120979309082
epoch:  40 batch:  80 region_loss:  10.0 10.0 loc_loss:  0.29154815673828127 reward_loss:  -14.572830200195312
epoch:  40 batch:  90 region_loss:  6.0 6.0 loc_loss:  0.16776491165161134 reward_loss:  -8.387578964233398
epoch:  40 batch:  100 region_loss:  8.0 8.0 loc_loss:  0.21459423065185546 reward_loss:  -10.731706619262695
epoch:  40 batch:  110 region_loss:  4.0 4.0 loc_loss:  0.10304291725158692 reward_loss:  -5.152880668640137
epoch:  40 batch:  120 region_loss:  5.0 5.0 loc_loss:  0.11757257461547851 reward_loss:  -5.878992080688477
epoch:  40 batch:  130 region_loss:  7.0 7.0 loc_loss:  0.20052127838134765 reward_loss:  -10.027814865112305
acc@1:  0.11382878645343368
epoch: 40 region loss 0.17051094890510948 loc loss 0.24557239600341685 reward loss -12.278346105213583
epoch:  41 batch:  0 region_loss:  10.0 10.0 loc_loss:  0.2466732406616211 reward_loss:  -12.331403732299805
epoch:  41 batch:  10 region_loss:  10.0 10.0 loc_loss:  0.2847471046447754 reward_loss:  -14.238237380981445
epoch:  41 batch:  20 region_loss:  10.0 10.0 loc_loss:  0.2973199462890625 reward_loss:  -14.866414070129395
epoch:  41 batch:  30 region_loss:  10.0 10.0 loc_loss:  0.25395999908447264 reward_loss:  -12.693723678588867
epoch:  41 batch:  40 region_loss:  10.0 10.0 loc_loss:  0.3288241195678711 reward_loss:  -16.443273544311523
epoch:  41 batch:  50 region_loss:  10.0 10.0 loc_loss:  0.2710408592224121 reward_loss:  -13.551323890686035
epoch:  41 batch:  60 region_loss:  10.0 10.0 loc_loss:  0.2605125045776367 reward_loss:  -13.022546768188477
epoch:  41 batch:  70 region_loss:  10.0 10.0 loc_loss:  0.27208797454833983 reward_loss:  -13.601920127868652
epoch:  41 batch:  80 region_loss:  10.0 10.0 loc_loss:  0.2738473320007324 reward_loss:  -13.691481590270996
epoch:  41 batch:  90 region_loss:  6.0 6.0 loc_loss:  0.15697015762329103 reward_loss:  -7.848548412322998
epoch:  41 batch:  100 region_loss:  8.0 8.0 loc_loss:  0.2016349220275879 reward_loss:  -10.078810691833496
epoch:  41 batch:  110 region_loss:  4.0 4.0 loc_loss:  0.09636865615844727 reward_loss:  -4.822538375854492
epoch:  41 batch:  120 region_loss:  5.0 5.0 loc_loss:  0.10973737716674804 reward_loss:  -5.489558696746826
epoch:  41 batch:  130 region_loss:  7.0 7.0 loc_loss:  0.1886029815673828 reward_loss:  -9.435554504394531
acc@1:  0.11429915333960489
epoch: 41 region loss 0.17051094890510948 loc loss 0.2327451689399942 reward loss -11.637179613113403
epoch:  42 batch:  0 region_loss:  10.0 10.0 loc_loss:  0.23250152587890624 reward_loss:  -11.622425079345703
epoch:  42 batch:  10 region_loss:  10.0 10.0 loc_loss:  0.2691416358947754 reward_loss:  -13.458075523376465
epoch:  42 batch:  20 region_loss:  10.0 10.0 loc_loss:  0.28452434539794924 reward_loss:  -14.227030754089355
epoch:  42 batch:  30 region_loss:  10.0 10.0 loc_loss:  0.23980379104614258 reward_loss:  -11.990982055664062
epoch:  42 batch:  40 region_loss:  10.0 10.0 loc_loss:  0.3109605026245117 reward_loss:  -15.54866886138916
epoch:  42 batch:  50 region_loss:  10.0 10.0 loc_loss:  0.25570899963378907 reward_loss:  -12.782464981079102
epoch:  42 batch:  60 region_loss:  10.0 10.0 loc_loss:  0.24508460998535156 reward_loss:  -12.258625984191895
epoch:  42 batch:  70 region_loss:  10.0 10.0 loc_loss:  0.257640380859375 reward_loss:  -12.881828308105469
epoch:  42 batch:  80 region_loss:  10.0 10.0 loc_loss:  0.2568157196044922 reward_loss:  -12.845253944396973
epoch:  42 batch:  90 region_loss:  6.0 6.0 loc_loss:  0.14672289848327635 reward_loss:  -7.336735248565674
epoch:  42 batch:  100 region_loss:  8.0 8.0 loc_loss:  0.19042087554931642 reward_loss:  -9.520105361938477
epoch:  42 batch:  110 region_loss:  4.0 4.0 loc_loss:  0.0892329216003418 reward_loss:  -4.461471080780029
epoch:  42 batch:  120 region_loss:  5.0 5.0 loc_loss:  0.10251263618469238 reward_loss:  -5.126744270324707
epoch:  42 batch:  130 region_loss:  7.0 7.0 loc_loss:  0.17622653961181642 reward_loss:  -8.812674522399902
acc@1:  0.11147695202257761
epoch: 42 region loss 0.17051094890510948 loc loss 0.22020591603578443 reward loss -11.010499225915783
epoch:  43 batch:  0 region_loss:  10.0 10.0 loc_loss:  0.21926475524902345 reward_loss:  -10.963210105895996
epoch:  43 batch:  10 region_loss:  10.0 10.0 loc_loss:  0.2535934257507324 reward_loss:  -12.681709289550781
epoch:  43 batch:  20 region_loss:  10.0 10.0 loc_loss:  0.2704774475097656 reward_loss:  -13.523895263671875
epoch:  43 batch:  30 region_loss:  10.0 10.0 loc_loss:  0.22595184326171874 reward_loss:  -11.301371574401855
epoch:  43 batch:  40 region_loss:  10.0 10.0 loc_loss:  0.2945945930480957 reward_loss:  -14.72402572631836
epoch:  43 batch:  50 region_loss:  10.0 10.0 loc_loss:  0.2415126609802246 reward_loss:  -12.074471473693848
epoch:  43 batch:  60 region_loss:  10.0 10.0 loc_loss:  0.23075849533081055 reward_loss:  -11.539180755615234
epoch:  43 batch:  70 region_loss:  10.0 10.0 loc_loss:  0.24366064071655275 reward_loss:  -12.18249225616455
epoch:  43 batch:  80 region_loss:  10.0 10.0 loc_loss:  0.24038549423217773 reward_loss:  -12.016901969909668
epoch:  43 batch:  90 region_loss:  6.0 6.0 loc_loss:  0.13697044372558595 reward_loss:  -6.84840202331543
epoch:  43 batch:  100 region_loss:  8.0 8.0 loc_loss:  0.17889503479003907 reward_loss:  -8.942846298217773
epoch:  43 batch:  110 region_loss:  4.0 4.0 loc_loss:  0.08337906837463378 reward_loss:  -4.167975902557373
epoch:  43 batch:  120 region_loss:  5.0 5.0 loc_loss:  0.0954731559753418 reward_loss:  -4.7736639976501465
epoch:  43 batch:  130 region_loss:  7.0 7.0 loc_loss:  0.16556547164916993 reward_loss:  -8.276386260986328
acc@1:  0.11006585136406397
epoch: 43 region loss 0.17051094890510948 loc loss 0.20803103835043246 reward loss -10.401592990777788
epoch:  44 batch:  0 region_loss:  10.0 10.0 loc_loss:  0.20668561935424803 reward_loss:  -10.332716941833496
epoch:  44 batch:  10 region_loss:  10.0 10.0 loc_loss:  0.23922359466552734 reward_loss:  -11.963288307189941
epoch:  44 batch:  20 region_loss:  10.0 10.0 loc_loss:  0.25646133422851564 reward_loss:  -12.822010040283203
epoch:  44 batch:  30 region_loss:  10.0 10.0 loc_loss:  0.2128480339050293 reward_loss:  -10.643098831176758
epoch:  44 batch:  40 region_loss:  10.0 10.0 loc_loss:  0.2780985641479492 reward_loss:  -13.901098251342773
epoch:  44 batch:  50 region_loss:  10.0 10.0 loc_loss:  0.22816011428833008 reward_loss:  -11.408300399780273
epoch:  44 batch:  60 region_loss:  10.0 10.0 loc_loss:  0.21705102920532227 reward_loss:  -10.851309776306152
epoch:  44 batch:  70 region_loss:  10.0 10.0 loc_loss:  0.2299504280090332 reward_loss:  -11.499040603637695
epoch:  44 batch:  80 region_loss:  10.0 10.0 loc_loss:  0.22519424438476562 reward_loss:  -11.25472354888916
epoch:  44 batch:  90 region_loss:  6.0 6.0 loc_loss:  0.12796717643737793 reward_loss:  -6.3987860679626465
epoch:  44 batch:  100 region_loss:  8.0 8.0 loc_loss:  0.1683918571472168 reward_loss:  -8.420249938964844
epoch:  44 batch:  110 region_loss:  4.0 4.0 loc_loss:  0.07699734210968018 reward_loss:  -3.849616527557373
epoch:  44 batch:  120 region_loss:  5.0 5.0 loc_loss:  0.0891298770904541 reward_loss:  -4.456704616546631
epoch:  44 batch:  130 region_loss:  7.0 7.0 loc_loss:  0.1542498302459717 reward_loss:  -7.714219570159912
acc@1:  0.10677328316086547
epoch: 44 region loss 0.17051094890510948 loc loss 0.19623724571979828 reward loss -9.811879063609743
epoch:  45 batch:  0 region_loss:  10.0 10.0 loc_loss:  0.19437545776367188 reward_loss:  -9.719165802001953
epoch:  45 batch:  10 region_loss:  10.0 10.0 loc_loss:  0.2248838424682617 reward_loss:  -11.241665840148926
epoch:  45 batch:  20 region_loss:  10.0 10.0 loc_loss:  0.2436373710632324 reward_loss:  -12.18164348602295
epoch:  45 batch:  30 region_loss:  10.0 10.0 loc_loss:  0.2003660011291504 reward_loss:  -10.016483306884766
epoch:  45 batch:  40 region_loss:  10.0 10.0 loc_loss:  0.2628788375854492 reward_loss:  -13.147491455078125
epoch:  45 batch:  50 region_loss:  10.0 10.0 loc_loss:  0.2149709701538086 reward_loss:  -10.751185417175293
epoch:  45 batch:  60 region_loss:  10.0 10.0 loc_loss:  0.2042860984802246 reward_loss:  -10.20547866821289
epoch:  45 batch:  70 region_loss:  10.0 10.0 loc_loss:  0.2170964241027832 reward_loss:  -10.854317665100098
epoch:  45 batch:  80 region_loss:  10.0 10.0 loc_loss:  0.21007810592651366 reward_loss:  -10.504032135009766
epoch:  45 batch:  90 region_loss:  6.0 6.0 loc_loss:  0.11914767265319824 reward_loss:  -5.954301357269287
epoch:  45 batch:  100 region_loss:  8.0 8.0 loc_loss:  0.15783028602600097 reward_loss:  -7.894809246063232
epoch:  45 batch:  110 region_loss:  4.0 4.0 loc_loss:  0.07152125358581543 reward_loss:  -3.5771782398223877
epoch:  45 batch:  120 region_loss:  5.0 5.0 loc_loss:  0.08291871070861817 reward_loss:  -4.145184516906738
epoch:  45 batch:  130 region_loss:  7.0 7.0 loc_loss:  0.14441750526428224 reward_loss:  -7.224862098693848
acc@1:  0.10724365004703669
epoch: 45 region loss 0.17051094890510948 loc loss 0.18508819223320397 reward loss -9.254557815781475
epoch:  46 batch:  0 region_loss:  10.0 10.0 loc_loss:  0.18262870788574218 reward_loss:  -9.129270553588867
epoch:  46 batch:  10 region_loss:  10.0 10.0 loc_loss:  0.2116984558105469 reward_loss:  -10.583876609802246
epoch:  46 batch:  20 region_loss:  10.0 10.0 loc_loss:  0.23145496368408203 reward_loss:  -11.570563316345215
epoch:  46 batch:  30 region_loss:  10.0 10.0 loc_loss:  0.18904003143310547 reward_loss:  -9.453763008117676
epoch:  46 batch:  40 region_loss:  10.0 10.0 loc_loss:  0.2483405876159668 reward_loss:  -12.41830062866211
epoch:  46 batch:  50 region_loss:  10.0 10.0 loc_loss:  0.20290664672851563 reward_loss:  -10.14697265625
epoch:  46 batch:  60 region_loss:  10.0 10.0 loc_loss:  0.19163074493408203 reward_loss:  -9.580253601074219
epoch:  46 batch:  70 region_loss:  10.0 10.0 loc_loss:  0.20402511596679687 reward_loss:  -10.204179763793945
epoch:  46 batch:  80 region_loss:  10.0 10.0 loc_loss:  0.19624515533447265 reward_loss:  -9.81216812133789
epoch:  46 batch:  90 region_loss:  6.0 6.0 loc_loss:  0.11102028846740723 reward_loss:  -5.550058364868164
epoch:  46 batch:  100 region_loss:  8.0 8.0 loc_loss:  0.14803146362304687 reward_loss:  -7.401550769805908
epoch:  46 batch:  110 region_loss:  4.0 4.0 loc_loss:  0.06604077339172364 reward_loss:  -3.30473256111145
epoch:  46 batch:  120 region_loss:  5.0 5.0 loc_loss:  0.07719028949737548 reward_loss:  -3.858060359954834
epoch:  46 batch:  130 region_loss:  7.0 7.0 loc_loss:  0.13451535224914551 reward_loss:  -6.724307060241699
acc@1:  0.10442144873000941
epoch: 46 region loss 0.17051094890510948 loc loss 0.17441454671595216 reward loss -8.720690941288524
epoch:  47 batch:  0 region_loss:  10.0 10.0 loc_loss:  0.17157337188720703 reward_loss:  -8.579093933105469
epoch:  47 batch:  10 region_loss:  10.0 10.0 loc_loss:  0.1987403678894043 reward_loss:  -9.940591812133789
epoch:  47 batch:  20 region_loss:  10.0 10.0 loc_loss:  0.22055740356445314 reward_loss:  -11.02854061126709
epoch:  47 batch:  30 region_loss:  10.0 10.0 loc_loss:  0.17756824493408202 reward_loss:  -8.881834983825684
epoch:  47 batch:  40 region_loss:  10.0 10.0 loc_loss:  0.23442527770996094 reward_loss:  -11.725878715515137
epoch:  47 batch:  50 region_loss:  10.0 10.0 loc_loss:  0.19164854049682617 reward_loss:  -9.580845832824707
epoch:  47 batch:  60 region_loss:  10.0 10.0 loc_loss:  0.18027973175048828 reward_loss:  -9.012593269348145
epoch:  47 batch:  70 region_loss:  10.0 10.0 loc_loss:  0.19219547271728515 reward_loss:  -9.609833717346191
epoch:  47 batch:  80 region_loss:  10.0 10.0 loc_loss:  0.18318527221679687 reward_loss:  -9.160063743591309
epoch:  47 batch:  90 region_loss:  6.0 6.0 loc_loss:  0.10341673851013183 reward_loss:  -5.170749187469482
epoch:  47 batch:  100 region_loss:  8.0 8.0 loc_loss:  0.13856959342956543 reward_loss:  -6.933176040649414
epoch:  47 batch:  110 region_loss:  4.0 4.0 loc_loss:  0.061301140785217284 reward_loss:  -3.0697062015533447
epoch:  47 batch:  120 region_loss:  5.0 5.0 loc_loss:  0.07167041301727295 reward_loss:  -3.583660364151001
epoch:  47 batch:  130 region_loss:  7.0 7.0 loc_loss:  0.12558823585510254 reward_loss:  -6.278209209442139
acc@1:  0.10489181561618062
epoch: 47 region loss 0.17051094890510948 loc loss 0.16433984601584664 reward loss -8.217155867684497
epoch:  48 batch:  0 region_loss:  10.0 10.0 loc_loss:  0.1607462501525879 reward_loss:  -8.034947395324707
epoch:  48 batch:  10 region_loss:  10.0 10.0 loc_loss:  0.1862913703918457 reward_loss:  -9.315840721130371
epoch:  48 batch:  20 region_loss:  10.0 10.0 loc_loss:  0.20971036911010743 reward_loss:  -10.485892295837402
epoch:  48 batch:  30 region_loss:  10.0 10.0 loc_loss:  0.16654239654541014 reward_loss:  -8.324402809143066
epoch:  48 batch:  40 region_loss:  10.0 10.0 loc_loss:  0.22063352584838866 reward_loss:  -11.03369426727295
epoch:  48 batch:  50 region_loss:  10.0 10.0 loc_loss:  0.1810913848876953 reward_loss:  -9.055733680725098
epoch:  48 batch:  60 region_loss:  10.0 10.0 loc_loss:  0.1687607955932617 reward_loss:  -8.440659523010254
epoch:  48 batch:  70 region_loss:  10.0 10.0 loc_loss:  0.1806212043762207 reward_loss:  -9.02928352355957
epoch:  48 batch:  80 region_loss:  10.0 10.0 loc_loss:  0.17067914962768554 reward_loss:  -8.535953521728516
epoch:  48 batch:  90 region_loss:  6.0 6.0 loc_loss:  0.09618945121765136 reward_loss:  -4.808538436889648
epoch:  48 batch:  100 region_loss:  8.0 8.0 loc_loss:  0.12983142852783203 reward_loss:  -6.495732307434082
epoch:  48 batch:  110 region_loss:  4.0 4.0 loc_loss:  0.056578054428100585 reward_loss:  -2.828735828399658
epoch:  48 batch:  120 region_loss:  5.0 5.0 loc_loss:  0.06681228160858155 reward_loss:  -3.3393661975860596
epoch:  48 batch:  130 region_loss:  7.0 7.0 loc_loss:  0.11672624588012695 reward_loss:  -5.8329362869262695
acc@1:  0.10442144873000941
epoch: 48 region loss 0.17051094890510948 loc loss 0.15470628854132046 reward loss -7.735400707182223
epoch:  49 batch:  0 region_loss:  10.0 10.0 loc_loss:  0.15072380065917967 reward_loss:  -7.533926963806152
epoch:  49 batch:  10 region_loss:  10.0 10.0 loc_loss:  0.174808349609375 reward_loss:  -8.741025924682617
epoch:  49 batch:  20 region_loss:  10.0 10.0 loc_loss:  0.2002619743347168 reward_loss:  -10.011273384094238
epoch:  49 batch:  30 region_loss:  10.0 10.0 loc_loss:  0.15601108551025392 reward_loss:  -7.802098274230957
epoch:  49 batch:  40 region_loss:  10.0 10.0 loc_loss:  0.20750232696533202 reward_loss:  -10.374170303344727
epoch:  49 batch:  50 region_loss:  10.0 10.0 loc_loss:  0.1705167770385742 reward_loss:  -8.52422046661377
epoch:  49 batch:  60 region_loss:  10.0 10.0 loc_loss:  0.15806879043579103 reward_loss:  -7.901908874511719
epoch:  49 batch:  70 region_loss:  10.0 10.0 loc_loss:  0.16966527938842774 reward_loss:  -8.47769832611084
epoch:  49 batch:  80 region_loss:  10.0 10.0 loc_loss:  0.15927765846252442 reward_loss:  -7.964285850524902
epoch:  49 batch:  90 region_loss:  6.0 6.0 loc_loss:  0.08933586120605469 reward_loss:  -4.4694414138793945
epoch:  49 batch:  100 region_loss:  8.0 8.0 loc_loss:  0.12113458633422852 reward_loss:  -6.056340217590332
epoch:  49 batch:  110 region_loss:  4.0 4.0 loc_loss:  0.0522012996673584 reward_loss:  -2.6119272708892822
epoch:  49 batch:  120 region_loss:  5.0 5.0 loc_loss:  0.06195420742034912 reward_loss:  -3.0977416038513184
epoch:  49 batch:  130 region_loss:  7.0 7.0 loc_loss:  0.10874897003173828 reward_loss:  -5.4376630783081055
acc@1:  0.10489181561618062
epoch: 49 region loss 0.17051094890510948 loc loss 0.14562770510241932 reward loss -7.281743614342961
