nohup: ignoring input
cuda
epoch:  0 batch:  0 region_loss:  10.0 10.0 loc_loss:  1.987449188232422 reward_loss:  -99.37215423583984
epoch:  0 batch:  10 region_loss:  10.0 10.0 loc_loss:  1.985928497314453 reward_loss:  -99.2969741821289
epoch:  0 batch:  20 region_loss:  10.0 10.0 loc_loss:  1.9812359619140625 reward_loss:  -99.06159210205078
epoch:  0 batch:  30 region_loss:  10.0 10.0 loc_loss:  1.9871047973632812 reward_loss:  -99.35552978515625
epoch:  0 batch:  40 region_loss:  10.0 10.0 loc_loss:  1.9830833435058595 reward_loss:  -99.15443420410156
epoch:  0 batch:  50 region_loss:  10.0 10.0 loc_loss:  1.9850566101074218 reward_loss:  -99.25296783447266
epoch:  0 batch:  60 region_loss:  10.0 10.0 loc_loss:  1.9858781433105468 reward_loss:  -99.29364776611328
epoch:  0 batch:  70 region_loss:  10.0 10.0 loc_loss:  1.9787577819824218 reward_loss:  -98.93826293945312
epoch:  0 batch:  80 region_loss:  10.0 10.0 loc_loss:  1.9885604858398438 reward_loss:  -99.42729187011719
epoch:  0 batch:  90 region_loss:  6.0 6.0 loc_loss:  1.1807400512695312 reward_loss:  -59.03694152832031
epoch:  0 batch:  100 region_loss:  8.0 8.0 loc_loss:  1.5715994262695312 reward_loss:  -78.57963562011719
epoch:  0 batch:  110 region_loss:  4.0 4.0 loc_loss:  0.7883087158203125 reward_loss:  -39.4156494140625
epoch:  0 batch:  120 region_loss:  5.0 5.0 loc_loss:  0.9826751708984375 reward_loss:  -49.134178161621094
epoch:  0 batch:  130 region_loss:  7.0 7.0 loc_loss:  1.3735968017578124 reward_loss:  -68.67990112304688
acc@1:  0.0014111006585136407
epoch: 0 region loss 0.17051094890510948 loc loss 1.6867039088785214 reward loss -84.3351597472699
epoch:  1 batch:  0 region_loss:  10.0 10.0 loc_loss:  1.9157183837890626 reward_loss:  -95.78614044189453
epoch:  1 batch:  10 region_loss:  10.0 10.0 loc_loss:  1.9354849243164063 reward_loss:  -96.77438354492188
epoch:  1 batch:  20 region_loss:  10.0 10.0 loc_loss:  1.9219827270507812 reward_loss:  -96.0995101928711
epoch:  1 batch:  30 region_loss:  10.0 10.0 loc_loss:  1.9302915954589843 reward_loss:  -96.5150375366211
epoch:  1 batch:  40 region_loss:  10.0 10.0 loc_loss:  1.9213249206542968 reward_loss:  -96.06663513183594
epoch:  1 batch:  50 region_loss:  10.0 10.0 loc_loss:  1.9176657104492187 reward_loss:  -95.88270568847656
epoch:  1 batch:  60 region_loss:  10.0 10.0 loc_loss:  1.9064723205566407 reward_loss:  -95.32406616210938
epoch:  1 batch:  70 region_loss:  10.0 10.0 loc_loss:  1.8913731384277344 reward_loss:  -94.56878662109375
epoch:  1 batch:  80 region_loss:  10.0 10.0 loc_loss:  1.8857208251953126 reward_loss:  -94.28582000732422
epoch:  1 batch:  90 region_loss:  6.0 6.0 loc_loss:  1.113904266357422 reward_loss:  -55.69486618041992
epoch:  1 batch:  100 region_loss:  8.0 8.0 loc_loss:  1.4670791625976562 reward_loss:  -73.35416412353516
epoch:  1 batch:  110 region_loss:  4.0 4.0 loc_loss:  0.7449696350097657 reward_loss:  -37.24866485595703
epoch:  1 batch:  120 region_loss:  5.0 5.0 loc_loss:  0.9138140106201171 reward_loss:  -45.69035339355469
epoch:  1 batch:  130 region_loss:  7.0 7.0 loc_loss:  1.2639564514160155 reward_loss:  -63.1981315612793
acc@1:  0.02116650987770461
epoch: 1 region loss 0.17051094890510948 loc loss 1.6097461215945057 reward loss -80.4873336179413
epoch:  2 batch:  0 region_loss:  10.0 10.0 loc_loss:  1.7378947448730468 reward_loss:  -86.89463806152344
epoch:  2 batch:  10 region_loss:  10.0 10.0 loc_loss:  1.7476181030273437 reward_loss:  -87.38077545166016
epoch:  2 batch:  20 region_loss:  10.0 10.0 loc_loss:  1.73639892578125 reward_loss:  -86.81887817382812
epoch:  2 batch:  30 region_loss:  10.0 10.0 loc_loss:  1.7696690368652344 reward_loss:  -88.48294067382812
epoch:  2 batch:  40 region_loss:  10.0 10.0 loc_loss:  1.7263795471191405 reward_loss:  -86.31901550292969
epoch:  2 batch:  50 region_loss:  10.0 10.0 loc_loss:  1.7738111877441407 reward_loss:  -88.68997192382812
epoch:  2 batch:  60 region_loss:  10.0 10.0 loc_loss:  1.7464064025878907 reward_loss:  -87.31995391845703
epoch:  2 batch:  70 region_loss:  10.0 10.0 loc_loss:  1.7452459716796875 reward_loss:  -87.26273345947266
epoch:  2 batch:  80 region_loss:  10.0 10.0 loc_loss:  1.7332574462890624 reward_loss:  -86.66241455078125
epoch:  2 batch:  90 region_loss:  6.0 6.0 loc_loss:  1.0354595947265626 reward_loss:  -51.773048400878906
epoch:  2 batch:  100 region_loss:  8.0 8.0 loc_loss:  1.3744775390625 reward_loss:  -68.72344207763672
epoch:  2 batch:  110 region_loss:  4.0 4.0 loc_loss:  0.7047563171386719 reward_loss:  -35.23822021484375
epoch:  2 batch:  120 region_loss:  5.0 5.0 loc_loss:  0.8678245544433594 reward_loss:  -43.39114761352539
epoch:  2 batch:  130 region_loss:  7.0 7.0 loc_loss:  1.2051657104492188 reward_loss:  -60.258121490478516
acc@1:  0.029633113828786452
epoch: 2 region loss 0.17051094890510948 loc loss 1.4777204750228103 reward loss -73.8860141726306
epoch:  3 batch:  0 region_loss:  10.0 10.0 loc_loss:  1.6815309143066406 reward_loss:  -84.07576751708984
epoch:  3 batch:  10 region_loss:  10.0 10.0 loc_loss:  1.675738525390625 reward_loss:  -83.78718566894531
epoch:  3 batch:  20 region_loss:  10.0 10.0 loc_loss:  1.6419183349609374 reward_loss:  -82.09608459472656
epoch:  3 batch:  30 region_loss:  10.0 10.0 loc_loss:  1.7005409240722655 reward_loss:  -85.02642822265625
epoch:  3 batch:  40 region_loss:  10.0 10.0 loc_loss:  1.6462469482421875 reward_loss:  -82.31289672851562
epoch:  3 batch:  50 region_loss:  10.0 10.0 loc_loss:  1.7046246337890625 reward_loss:  -85.23095703125
epoch:  3 batch:  60 region_loss:  10.0 10.0 loc_loss:  1.6777517700195312 reward_loss:  -83.88723754882812
epoch:  3 batch:  70 region_loss:  10.0 10.0 loc_loss:  1.6743968200683594 reward_loss:  -83.71963500976562
epoch:  3 batch:  80 region_loss:  10.0 10.0 loc_loss:  1.6715753173828125 reward_loss:  -83.57910919189453
epoch:  3 batch:  90 region_loss:  6.0 6.0 loc_loss:  1.0010092163085937 reward_loss:  -50.05012893676758
epoch:  3 batch:  100 region_loss:  8.0 8.0 loc_loss:  1.3251638793945313 reward_loss:  -66.25801849365234
epoch:  3 batch:  110 region_loss:  4.0 4.0 loc_loss:  0.6832450103759765 reward_loss:  -34.16236877441406
epoch:  3 batch:  120 region_loss:  5.0 5.0 loc_loss:  0.8420081329345703 reward_loss:  -42.100223541259766
epoch:  3 batch:  130 region_loss:  7.0 7.0 loc_loss:  1.1717059326171875 reward_loss:  -58.58561325073242
acc@1:  0.0380997177798683
epoch: 3 region loss 0.17051094890510948 loc loss 1.4153686211579037 reward loss -70.76836754457794
epoch:  4 batch:  0 region_loss:  10.0 10.0 loc_loss:  1.6369850158691406 reward_loss:  -81.849609375
epoch:  4 batch:  10 region_loss:  10.0 10.0 loc_loss:  1.630740203857422 reward_loss:  -81.5374984741211
epoch:  4 batch:  20 region_loss:  10.0 10.0 loc_loss:  1.5786134338378905 reward_loss:  -78.93093872070312
epoch:  4 batch:  30 region_loss:  10.0 10.0 loc_loss:  1.6478533935546875 reward_loss:  -82.39259338378906
epoch:  4 batch:  40 region_loss:  10.0 10.0 loc_loss:  1.5901051330566407 reward_loss:  -79.5056381225586
epoch:  4 batch:  50 region_loss:  10.0 10.0 loc_loss:  1.6494050598144532 reward_loss:  -82.46988677978516
epoch:  4 batch:  60 region_loss:  10.0 10.0 loc_loss:  1.6246449279785156 reward_loss:  -81.23219299316406
epoch:  4 batch:  70 region_loss:  10.0 10.0 loc_loss:  1.6138465881347657 reward_loss:  -80.69190979003906
epoch:  4 batch:  80 region_loss:  10.0 10.0 loc_loss:  1.6202664184570312 reward_loss:  -81.0131607055664
epoch:  4 batch:  90 region_loss:  6.0 6.0 loc_loss:  0.9703972625732422 reward_loss:  -48.519683837890625
epoch:  4 batch:  100 region_loss:  8.0 8.0 loc_loss:  1.279424514770508 reward_loss:  -63.97119140625
epoch:  4 batch:  110 region_loss:  4.0 4.0 loc_loss:  0.6643028259277344 reward_loss:  -33.21467590332031
epoch:  4 batch:  120 region_loss:  5.0 5.0 loc_loss:  0.8166746520996093 reward_loss:  -40.83384323120117
epoch:  4 batch:  130 region_loss:  7.0 7.0 loc_loss:  1.1395284271240234 reward_loss:  -56.97626495361328
acc@1:  0.05174035747883349
epoch: 4 region loss 0.17051094890510948 loc loss 1.366130723605191 reward loss -68.30651181631714
epoch:  5 batch:  0 region_loss:  10.0 10.0 loc_loss:  1.5881036376953126 reward_loss:  -79.40564727783203
epoch:  5 batch:  10 region_loss:  10.0 10.0 loc_loss:  1.5849371337890625 reward_loss:  -79.24628448486328
epoch:  5 batch:  20 region_loss:  10.0 10.0 loc_loss:  1.5174000549316407 reward_loss:  -75.87020874023438
epoch:  5 batch:  30 region_loss:  10.0 10.0 loc_loss:  1.5941502380371093 reward_loss:  -79.7076416015625
epoch:  5 batch:  40 region_loss:  10.0 10.0 loc_loss:  1.53653564453125 reward_loss:  -76.82672119140625
epoch:  5 batch:  50 region_loss:  10.0 10.0 loc_loss:  1.5938272094726562 reward_loss:  -79.69148254394531
epoch:  5 batch:  60 region_loss:  10.0 10.0 loc_loss:  1.5718948364257812 reward_loss:  -78.59445190429688
epoch:  5 batch:  70 region_loss:  10.0 10.0 loc_loss:  1.553512420654297 reward_loss:  -77.67552185058594
epoch:  5 batch:  80 region_loss:  10.0 10.0 loc_loss:  1.5697052001953125 reward_loss:  -78.4853744506836
epoch:  5 batch:  90 region_loss:  6.0 6.0 loc_loss:  0.9397122192382813 reward_loss:  -46.985984802246094
epoch:  5 batch:  100 region_loss:  8.0 8.0 loc_loss:  1.2319007110595703 reward_loss:  -61.59487533569336
epoch:  5 batch:  110 region_loss:  4.0 4.0 loc_loss:  0.6455355072021485 reward_loss:  -32.276947021484375
epoch:  5 batch:  120 region_loss:  5.0 5.0 loc_loss:  0.7896608734130859 reward_loss:  -39.48298263549805
epoch:  5 batch:  130 region_loss:  7.0 7.0 loc_loss:  1.1053604125976562 reward_loss:  -55.26799774169922
acc@1:  0.06632173095014111
epoch: 5 region loss 0.17051094890510948 loc loss 1.3169692923552798 reward loss -65.84845434314143
epoch:  6 batch:  0 region_loss:  10.0 10.0 loc_loss:  1.53356201171875 reward_loss:  -76.67781066894531
epoch:  6 batch:  10 region_loss:  10.0 10.0 loc_loss:  1.5340631103515625 reward_loss:  -76.70285034179688
epoch:  6 batch:  20 region_loss:  10.0 10.0 loc_loss:  1.4521340942382812 reward_loss:  -72.60669708251953
epoch:  6 batch:  30 region_loss:  10.0 10.0 loc_loss:  1.536982879638672 reward_loss:  -76.84929656982422
epoch:  6 batch:  40 region_loss:  10.0 10.0 loc_loss:  1.482216339111328 reward_loss:  -74.11095428466797
epoch:  6 batch:  50 region_loss:  10.0 10.0 loc_loss:  1.5342115783691406 reward_loss:  -76.71062469482422
epoch:  6 batch:  60 region_loss:  10.0 10.0 loc_loss:  1.5149740600585937 reward_loss:  -75.74869537353516
epoch:  6 batch:  70 region_loss:  10.0 10.0 loc_loss:  1.4897198486328125 reward_loss:  -74.48623657226562
epoch:  6 batch:  80 region_loss:  10.0 10.0 loc_loss:  1.516544647216797 reward_loss:  -75.82727813720703
epoch:  6 batch:  90 region_loss:  6.0 6.0 loc_loss:  0.9075151824951172 reward_loss:  -45.3758430480957
epoch:  6 batch:  100 region_loss:  8.0 8.0 loc_loss:  1.1802098846435547 reward_loss:  -59.01034164428711
epoch:  6 batch:  110 region_loss:  4.0 4.0 loc_loss:  0.6260614013671875 reward_loss:  -31.303115844726562
epoch:  6 batch:  120 region_loss:  5.0 5.0 loc_loss:  0.7604134368896485 reward_loss:  -38.02079391479492
epoch:  6 batch:  130 region_loss:  7.0 7.0 loc_loss:  1.068328857421875 reward_loss:  -53.41640090942383
acc@1:  0.07384760112888053
epoch: 6 region loss 0.17051094890510948 loc loss 1.2648881664415346 reward loss -63.2444039644116
epoch:  7 batch:  0 region_loss:  10.0 10.0 loc_loss:  1.4727290344238282 reward_loss:  -73.63650512695312
epoch:  7 batch:  10 region_loss:  10.0 10.0 loc_loss:  1.4769784545898437 reward_loss:  -73.8485107421875
epoch:  7 batch:  20 region_loss:  10.0 10.0 loc_loss:  1.380738525390625 reward_loss:  -69.0370101928711
epoch:  7 batch:  30 region_loss:  10.0 10.0 loc_loss:  1.4751690673828124 reward_loss:  -73.75843048095703
epoch:  7 batch:  40 region_loss:  10.0 10.0 loc_loss:  1.4271287536621093 reward_loss:  -71.35643005371094
epoch:  7 batch:  50 region_loss:  10.0 10.0 loc_loss:  1.4693247985839843 reward_loss:  -73.46720123291016
epoch:  7 batch:  60 region_loss:  10.0 10.0 loc_loss:  1.453472900390625 reward_loss:  -72.67359924316406
epoch:  7 batch:  70 region_loss:  10.0 10.0 loc_loss:  1.4213836669921875 reward_loss:  -71.06919860839844
epoch:  7 batch:  80 region_loss:  10.0 10.0 loc_loss:  1.4596939086914062 reward_loss:  -72.98467254638672
epoch:  7 batch:  90 region_loss:  6.0 6.0 loc_loss:  0.8734213256835938 reward_loss:  -43.6709098815918
epoch:  7 batch:  100 region_loss:  8.0 8.0 loc_loss:  1.1242652893066407 reward_loss:  -56.21295928955078
epoch:  7 batch:  110 region_loss:  4.0 4.0 loc_loss:  0.6057474517822266 reward_loss:  -30.287395477294922
epoch:  7 batch:  120 region_loss:  5.0 5.0 loc_loss:  0.7292500305175781 reward_loss:  -36.462371826171875
epoch:  7 batch:  130 region_loss:  7.0 7.0 loc_loss:  1.0286561584472655 reward_loss:  -51.432823181152344
acc@1:  0.08466603951081844
epoch: 7 region loss 0.17051094890510948 loc loss 1.2095481936600956 reward loss -60.477399324848705
epoch:  8 batch:  0 region_loss:  10.0 10.0 loc_loss:  1.4062416076660156 reward_loss:  -70.31188201904297
epoch:  8 batch:  10 region_loss:  10.0 10.0 loc_loss:  1.414263916015625 reward_loss:  -70.71316528320312
epoch:  8 batch:  20 region_loss:  10.0 10.0 loc_loss:  1.3052188110351564 reward_loss:  -65.26060485839844
epoch:  8 batch:  30 region_loss:  10.0 10.0 loc_loss:  1.408831329345703 reward_loss:  -70.44155883789062
epoch:  8 batch:  40 region_loss:  10.0 10.0 loc_loss:  1.3726937866210938 reward_loss:  -68.63468170166016
epoch:  8 batch:  50 region_loss:  10.0 10.0 loc_loss:  1.3995712280273438 reward_loss:  -69.97827911376953
epoch:  8 batch:  60 region_loss:  10.0 10.0 loc_loss:  1.3890985107421876 reward_loss:  -69.45491790771484
epoch:  8 batch:  70 region_loss:  10.0 10.0 loc_loss:  1.3494670104980468 reward_loss:  -67.47333526611328
epoch:  8 batch:  80 region_loss:  10.0 10.0 loc_loss:  1.4001206970214843 reward_loss:  -70.00602722167969
epoch:  8 batch:  90 region_loss:  6.0 6.0 loc_loss:  0.8379803466796875 reward_loss:  -41.899009704589844
epoch:  8 batch:  100 region_loss:  8.0 8.0 loc_loss:  1.0658423614501953 reward_loss:  -53.29216003417969
epoch:  8 batch:  110 region_loss:  4.0 4.0 loc_loss:  0.5848058319091797 reward_loss:  -29.240243911743164
epoch:  8 batch:  120 region_loss:  5.0 5.0 loc_loss:  0.6966658782958984 reward_loss:  -34.833030700683594
epoch:  8 batch:  130 region_loss:  7.0 7.0 loc_loss:  0.9871708679199219 reward_loss:  -49.358551025390625
acc@1:  0.09642521166509878
epoch: 8 region loss 0.17051094890510948 loc loss 1.1520361534174342 reward loss -57.60180634825769
epoch:  9 batch:  0 region_loss:  10.0 10.0 loc_loss:  1.3358334350585936 reward_loss:  -66.79170227050781
epoch:  9 batch:  10 region_loss:  10.0 10.0 loc_loss:  1.3471026611328125 reward_loss:  -67.3551025390625
epoch:  9 batch:  20 region_loss:  10.0 10.0 loc_loss:  1.2291556549072267 reward_loss:  -61.45777893066406
epoch:  9 batch:  30 region_loss:  10.0 10.0 loc_loss:  1.3386367797851562 reward_loss:  -66.93183135986328
epoch:  9 batch:  40 region_loss:  10.0 10.0 loc_loss:  1.3188360595703126 reward_loss:  -65.94180297851562
epoch:  9 batch:  50 region_loss:  10.0 10.0 loc_loss:  1.3259249877929689 reward_loss:  -66.29625701904297
epoch:  9 batch:  60 region_loss:  10.0 10.0 loc_loss:  1.3237298583984376 reward_loss:  -66.18655395507812
epoch:  9 batch:  70 region_loss:  10.0 10.0 loc_loss:  1.2764289855957032 reward_loss:  -63.82139587402344
epoch:  9 batch:  80 region_loss:  10.0 10.0 loc_loss:  1.3393115234375 reward_loss:  -66.96558380126953
epoch:  9 batch:  90 region_loss:  6.0 6.0 loc_loss:  0.801821060180664 reward_loss:  -40.0910530090332
epoch:  9 batch:  100 region_loss:  8.0 8.0 loc_loss:  1.0071092224121094 reward_loss:  -50.35547637939453
epoch:  9 batch:  110 region_loss:  4.0 4.0 loc_loss:  0.5633146667480469 reward_loss:  -28.165739059448242
epoch:  9 batch:  120 region_loss:  5.0 5.0 loc_loss:  0.6634241485595703 reward_loss:  -33.171226501464844
epoch:  9 batch:  130 region_loss:  7.0 7.0 loc_loss:  0.9445386505126954 reward_loss:  -47.2269401550293
acc@1:  0.11053621825023519
epoch: 9 region loss 0.17051094890510948 loc loss 1.0937214526990904 reward loss -54.68606039729431
epoch:  10 batch:  0 region_loss:  10.0 10.0 loc_loss:  1.2635556030273438 reward_loss:  -63.17780303955078
epoch:  10 batch:  10 region_loss:  10.0 10.0 loc_loss:  1.2772904205322266 reward_loss:  -63.864501953125
epoch:  10 batch:  20 region_loss:  10.0 10.0 loc_loss:  1.1553492736816406 reward_loss:  -57.767478942871094
epoch:  10 batch:  30 region_loss:  10.0 10.0 loc_loss:  1.2658792877197265 reward_loss:  -63.29396057128906
epoch:  10 batch:  40 region_loss:  10.0 10.0 loc_loss:  1.2650321197509766 reward_loss:  -63.251548767089844
epoch:  10 batch:  50 region_loss:  10.0 10.0 loc_loss:  1.2501835632324219 reward_loss:  -62.5091667175293
epoch:  10 batch:  60 region_loss:  10.0 10.0 loc_loss:  1.2593141174316407 reward_loss:  -62.96571350097656
epoch:  10 batch:  70 region_loss:  10.0 10.0 loc_loss:  1.204986343383789 reward_loss:  -60.24931335449219
epoch:  10 batch:  80 region_loss:  10.0 10.0 loc_loss:  1.2791371154785156 reward_loss:  -63.956851959228516
epoch:  10 batch:  90 region_loss:  6.0 6.0 loc_loss:  0.7655841064453125 reward_loss:  -38.279197692871094
epoch:  10 batch:  100 region_loss:  8.0 8.0 loc_loss:  0.9499066925048828 reward_loss:  -47.495338439941406
epoch:  10 batch:  110 region_loss:  4.0 4.0 loc_loss:  0.5413490676879883 reward_loss:  -27.067453384399414
epoch:  10 batch:  120 region_loss:  5.0 5.0 loc_loss:  0.6302813339233398 reward_loss:  -31.514057159423828
epoch:  10 batch:  130 region_loss:  7.0 7.0 loc_loss:  0.9016204071044922 reward_loss:  -45.081024169921875
acc@1:  0.1218250235183443
epoch: 10 region loss 0.17051094890510948 loc loss 1.0359666682333843 reward loss -51.79834189032116
epoch:  11 batch:  0 region_loss:  10.0 10.0 loc_loss:  1.1915191650390624 reward_loss:  -59.57596969604492
epoch:  11 batch:  10 region_loss:  10.0 10.0 loc_loss:  1.2072132110595704 reward_loss:  -60.36065673828125
epoch:  11 batch:  20 region_loss:  10.0 10.0 loc_loss:  1.0854759979248048 reward_loss:  -54.27385711669922
epoch:  11 batch:  30 region_loss:  10.0 10.0 loc_loss:  1.1924954223632813 reward_loss:  -59.62477493286133
epoch:  11 batch:  40 region_loss:  10.0 10.0 loc_loss:  1.211398162841797 reward_loss:  -60.56990051269531
epoch:  11 batch:  50 region_loss:  10.0 10.0 loc_loss:  1.1745465087890625 reward_loss:  -58.727317810058594
epoch:  11 batch:  60 region_loss:  10.0 10.0 loc_loss:  1.1967425537109375 reward_loss:  -59.837120056152344
epoch:  11 batch:  70 region_loss:  10.0 10.0 loc_loss:  1.1372208404541015 reward_loss:  -56.86103439331055
epoch:  11 batch:  80 region_loss:  10.0 10.0 loc_loss:  1.2210928344726562 reward_loss:  -61.05463409423828
epoch:  11 batch:  90 region_loss:  6.0 6.0 loc_loss:  0.72982177734375 reward_loss:  -36.49108123779297
epoch:  11 batch:  100 region_loss:  8.0 8.0 loc_loss:  0.89531494140625 reward_loss:  -44.76578140258789
epoch:  11 batch:  110 region_loss:  4.0 4.0 loc_loss:  0.5189981460571289 reward_loss:  -25.949899673461914
epoch:  11 batch:  120 region_loss:  5.0 5.0 loc_loss:  0.5978660583496094 reward_loss:  -29.893299102783203
epoch:  11 batch:  130 region_loss:  7.0 7.0 loc_loss:  0.8593018341064453 reward_loss:  -42.96509552001953
acc@1:  0.1284101599247413
epoch: 11 region loss 0.17051094890510948 loc loss 0.9800028056123832 reward loss -49.000139668040035
epoch:  12 batch:  0 region_loss:  10.0 10.0 loc_loss:  1.1221116638183595 reward_loss:  -56.10557174682617
epoch:  12 batch:  10 region_loss:  10.0 10.0 loc_loss:  1.1389472961425782 reward_loss:  -56.94736099243164
epoch:  12 batch:  20 region_loss:  10.0 10.0 loc_loss:  1.0202089691162108 reward_loss:  -51.01043701171875
epoch:  12 batch:  30 region_loss:  10.0 10.0 loc_loss:  1.120601577758789 reward_loss:  -56.030025482177734
epoch:  12 batch:  40 region_loss:  10.0 10.0 loc_loss:  1.1584677124023437 reward_loss:  -57.92338562011719
epoch:  12 batch:  50 region_loss:  10.0 10.0 loc_loss:  1.1011438751220703 reward_loss:  -55.057186126708984
epoch:  12 batch:  60 region_loss:  10.0 10.0 loc_loss:  1.1362702178955078 reward_loss:  -56.81352615356445
epoch:  12 batch:  70 region_loss:  10.0 10.0 loc_loss:  1.074180145263672 reward_loss:  -53.709014892578125
epoch:  12 batch:  80 region_loss:  10.0 10.0 loc_loss:  1.165543975830078 reward_loss:  -58.27719497680664
epoch:  12 batch:  90 region_loss:  6.0 6.0 loc_loss:  0.6950632476806641 reward_loss:  -34.75315856933594
epoch:  12 batch:  100 region_loss:  8.0 8.0 loc_loss:  0.8440901184082031 reward_loss:  -42.204505920410156
epoch:  12 batch:  110 region_loss:  4.0 4.0 loc_loss:  0.4964554214477539 reward_loss:  -24.822776794433594
epoch:  12 batch:  120 region_loss:  5.0 5.0 loc_loss:  0.5667329406738282 reward_loss:  -28.336639404296875
epoch:  12 batch:  130 region_loss:  7.0 7.0 loc_loss:  0.8183231353759766 reward_loss:  -40.916160583496094
acc@1:  0.13405456255879586
epoch: 12 region loss 0.17051094890510948 loc loss 0.926810018720418 reward loss -46.340502300401674
epoch:  13 batch:  0 region_loss:  10.0 10.0 loc_loss:  1.0572001647949218 reward_loss:  -52.86000061035156
epoch:  13 batch:  10 region_loss:  10.0 10.0 loc_loss:  1.0741787719726563 reward_loss:  -53.70893478393555
epoch:  13 batch:  20 region_loss:  10.0 10.0 loc_loss:  0.9596184539794922 reward_loss:  -47.98091506958008
epoch:  13 batch:  30 region_loss:  10.0 10.0 loc_loss:  1.0522972869873046 reward_loss:  -52.614864349365234
epoch:  13 batch:  40 region_loss:  10.0 10.0 loc_loss:  1.1069902801513671 reward_loss:  -55.349510192871094
epoch:  13 batch:  50 region_loss:  10.0 10.0 loc_loss:  1.031808853149414 reward_loss:  -51.59044647216797
epoch:  13 batch:  60 region_loss:  10.0 10.0 loc_loss:  1.078341064453125 reward_loss:  -53.917057037353516
epoch:  13 batch:  70 region_loss:  10.0 10.0 loc_loss:  1.0161737060546876 reward_loss:  -50.808685302734375
epoch:  13 batch:  80 region_loss:  10.0 10.0 loc_loss:  1.1123829650878907 reward_loss:  -55.619144439697266
epoch:  13 batch:  90 region_loss:  6.0 6.0 loc_loss:  0.6617837524414063 reward_loss:  -33.08918380737305
epoch:  13 batch:  100 region_loss:  8.0 8.0 loc_loss:  0.7968186950683593 reward_loss:  -39.84093475341797
epoch:  13 batch:  110 region_loss:  4.0 4.0 loc_loss:  0.47399757385253904 reward_loss:  -23.699878692626953
epoch:  13 batch:  120 region_loss:  5.0 5.0 loc_loss:  0.5371701431274414 reward_loss:  -26.85850715637207
epoch:  13 batch:  130 region_loss:  7.0 7.0 loc_loss:  0.7792109680175782 reward_loss:  -38.960548400878906
acc@1:  0.14016933207902163
epoch: 13 region loss 0.17051094890510948 loc loss 0.8770292059348448 reward loss -43.85146161935625
epoch:  14 batch:  0 region_loss:  10.0 10.0 loc_loss:  0.9975800323486328 reward_loss:  -49.87898635864258
epoch:  14 batch:  10 region_loss:  10.0 10.0 loc_loss:  1.0142314147949218 reward_loss:  -50.71156692504883
epoch:  14 batch:  20 region_loss:  10.0 10.0 loc_loss:  0.9037930297851563 reward_loss:  -45.18964767456055
epoch:  14 batch:  30 region_loss:  10.0 10.0 loc_loss:  0.9893392181396484 reward_loss:  -49.46695327758789
epoch:  14 batch:  40 region_loss:  10.0 10.0 loc_loss:  1.0577659606933594 reward_loss:  -52.88829803466797
epoch:  14 batch:  50 region_loss:  10.0 10.0 loc_loss:  0.9677208709716797 reward_loss:  -48.38603973388672
epoch:  14 batch:  60 region_loss:  10.0 10.0 loc_loss:  1.023375473022461 reward_loss:  -51.16876983642578
epoch:  14 batch:  70 region_loss:  10.0 10.0 loc_loss:  0.9630052185058594 reward_loss:  -48.1502685546875
epoch:  14 batch:  80 region_loss:  10.0 10.0 loc_loss:  1.0616658782958985 reward_loss:  -53.08330535888672
epoch:  14 batch:  90 region_loss:  6.0 6.0 loc_loss:  0.6303019714355469 reward_loss:  -31.515098571777344
epoch:  14 batch:  100 region_loss:  8.0 8.0 loc_loss:  0.7536529541015625 reward_loss:  -37.68264389038086
epoch:  14 batch:  110 region_loss:  4.0 4.0 loc_loss:  0.45192054748535154 reward_loss:  -22.596050262451172
epoch:  14 batch:  120 region_loss:  5.0 5.0 loc_loss:  0.5092291641235351 reward_loss:  -25.461456298828125
epoch:  14 batch:  130 region_loss:  7.0 7.0 loc_loss:  0.7422943115234375 reward_loss:  -37.114707946777344
acc@1:  0.13828786453433678
epoch: 14 region loss 0.17051094890510948 loc loss 0.830935995004473 reward loss -41.54679019955823
epoch:  15 batch:  0 region_loss:  10.0 10.0 loc_loss:  0.9431336212158203 reward_loss:  -47.15668869018555
epoch:  15 batch:  10 region_loss:  10.0 10.0 loc_loss:  0.9597802734375 reward_loss:  -47.989013671875
epoch:  15 batch:  20 region_loss:  10.0 10.0 loc_loss:  0.8530042266845703 reward_loss:  -42.65021514892578
epoch:  15 batch:  30 region_loss:  10.0 10.0 loc_loss:  0.9323758697509765 reward_loss:  -46.61879348754883
epoch:  15 batch:  40 region_loss:  10.0 10.0 loc_loss:  1.011461944580078 reward_loss:  -50.57310104370117
epoch:  15 batch:  50 region_loss:  10.0 10.0 loc_loss:  0.9095315551757812 reward_loss:  -45.476566314697266
epoch:  15 batch:  60 region_loss:  10.0 10.0 loc_loss:  0.9714736938476562 reward_loss:  -48.57368469238281
epoch:  15 batch:  70 region_loss:  10.0 10.0 loc_loss:  0.9142249298095703 reward_loss:  -45.71125411987305
epoch:  15 batch:  80 region_loss:  10.0 10.0 loc_loss:  1.0135078430175781 reward_loss:  -50.6754035949707
epoch:  15 batch:  90 region_loss:  6.0 6.0 loc_loss:  0.6007057189941406 reward_loss:  -30.03529167175293
epoch:  15 batch:  100 region_loss:  8.0 8.0 loc_loss:  0.7143824005126953 reward_loss:  -35.7191162109375
epoch:  15 batch:  110 region_loss:  4.0 4.0 loc_loss:  0.4304677581787109 reward_loss:  -21.523387908935547
epoch:  15 batch:  120 region_loss:  5.0 5.0 loc_loss:  0.482855224609375 reward_loss:  -24.14276123046875
epoch:  15 batch:  130 region_loss:  7.0 7.0 loc_loss:  0.7076806640625 reward_loss:  -35.38402557373047
acc@1:  0.1425211665098777
epoch: 15 region loss 0.17051094890510948 loc loss 0.7885142815026053 reward loss -39.42570889605223
epoch:  16 batch:  0 region_loss:  10.0 10.0 loc_loss:  0.8933157348632812 reward_loss:  -44.66578674316406
epoch:  16 batch:  10 region_loss:  10.0 10.0 loc_loss:  0.9106341552734375 reward_loss:  -45.531707763671875
epoch:  16 batch:  20 region_loss:  10.0 10.0 loc_loss:  0.8073076629638671 reward_loss:  -40.365386962890625
epoch:  16 batch:  30 region_loss:  10.0 10.0 loc_loss:  0.880923843383789 reward_loss:  -44.04618835449219
epoch:  16 batch:  40 region_loss:  10.0 10.0 loc_loss:  0.9684466552734375 reward_loss:  -48.422340393066406
epoch:  16 batch:  50 region_loss:  10.0 10.0 loc_loss:  0.8574311828613281 reward_loss:  -42.871559143066406
epoch:  16 batch:  60 region_loss:  10.0 10.0 loc_loss:  0.9225397491455078 reward_loss:  -46.12698745727539
epoch:  16 batch:  70 region_loss:  10.0 10.0 loc_loss:  0.8693831634521484 reward_loss:  -43.46915817260742
epoch:  16 batch:  80 region_loss:  10.0 10.0 loc_loss:  0.9679037475585938 reward_loss:  -48.39519119262695
epoch:  16 batch:  90 region_loss:  6.0 6.0 loc_loss:  0.5729031372070312 reward_loss:  -28.645156860351562
epoch:  16 batch:  100 region_loss:  8.0 8.0 loc_loss:  0.6786149597167969 reward_loss:  -33.93074417114258
epoch:  16 batch:  110 region_loss:  4.0 4.0 loc_loss:  0.40977638244628906 reward_loss:  -20.488815307617188
epoch:  16 batch:  120 region_loss:  5.0 5.0 loc_loss:  0.45797138214111327 reward_loss:  -22.89852523803711
epoch:  16 batch:  130 region_loss:  7.0 7.0 loc_loss:  0.6752834320068359 reward_loss:  -33.76416778564453
acc@1:  0.14016933207902163
epoch: 16 region loss 0.17051094890510948 loc loss 0.7495526359725173 reward loss -37.4776394837094
epoch:  17 batch:  0 region_loss:  10.0 10.0 loc_loss:  0.8475410461425781 reward_loss:  -42.37704849243164
epoch:  17 batch:  10 region_loss:  10.0 10.0 loc_loss:  0.8660620880126954 reward_loss:  -43.30310821533203
epoch:  17 batch:  20 region_loss:  10.0 10.0 loc_loss:  0.7663572692871093 reward_loss:  -38.31785583496094
epoch:  17 batch:  30 region_loss:  10.0 10.0 loc_loss:  0.8341747283935547 reward_loss:  -41.708740234375
epoch:  17 batch:  40 region_loss:  10.0 10.0 loc_loss:  0.9287393188476563 reward_loss:  -46.43696212768555
epoch:  17 batch:  50 region_loss:  10.0 10.0 loc_loss:  0.8110439300537109 reward_loss:  -40.55219650268555
epoch:  17 batch:  60 region_loss:  10.0 10.0 loc_loss:  0.8764328002929688 reward_loss:  -43.82164001464844
epoch:  17 batch:  70 region_loss:  10.0 10.0 loc_loss:  0.8280380249023438 reward_loss:  -41.401893615722656
epoch:  17 batch:  80 region_loss:  10.0 10.0 loc_loss:  0.9247478485107422 reward_loss:  -46.23740005493164
epoch:  17 batch:  90 region_loss:  6.0 6.0 loc_loss:  0.5467463684082031 reward_loss:  -27.337318420410156
epoch:  17 batch:  100 region_loss:  8.0 8.0 loc_loss:  0.6458621978759765 reward_loss:  -32.29310607910156
epoch:  17 batch:  110 region_loss:  4.0 4.0 loc_loss:  0.3899053955078125 reward_loss:  -19.495269775390625
epoch:  17 batch:  120 region_loss:  5.0 5.0 loc_loss:  0.43447563171386716 reward_loss:  -21.72378158569336
epoch:  17 batch:  130 region_loss:  7.0 7.0 loc_loss:  0.6448886871337891 reward_loss:  -32.24443817138672
acc@1:  0.138758231420508
epoch: 17 region loss 0.17051094890510948 loc loss 0.7137186512633832 reward loss -35.68593086465432
epoch:  18 batch:  0 region_loss:  10.0 10.0 loc_loss:  0.8053192138671875 reward_loss:  -40.265960693359375
epoch:  18 batch:  10 region_loss:  10.0 10.0 loc_loss:  0.8252592468261719 reward_loss:  -41.262962341308594
epoch:  18 batch:  20 region_loss:  10.0 10.0 loc_loss:  0.7295223236083984 reward_loss:  -36.47611999511719
epoch:  18 batch:  30 region_loss:  10.0 10.0 loc_loss:  0.7914259338378906 reward_loss:  -39.57129669189453
epoch:  18 batch:  40 region_loss:  10.0 10.0 loc_loss:  0.892049560546875 reward_loss:  -44.60247802734375
epoch:  18 batch:  50 region_loss:  10.0 10.0 loc_loss:  0.7696011352539063 reward_loss:  -38.48005676269531
epoch:  18 batch:  60 region_loss:  10.0 10.0 loc_loss:  0.8329916381835938 reward_loss:  -41.64958572387695
epoch:  18 batch:  70 region_loss:  10.0 10.0 loc_loss:  0.7897089385986328 reward_loss:  -39.48543930053711
epoch:  18 batch:  80 region_loss:  10.0 10.0 loc_loss:  0.8838692474365234 reward_loss:  -44.19346237182617
epoch:  18 batch:  90 region_loss:  6.0 6.0 loc_loss:  0.5220954132080078 reward_loss:  -26.104766845703125
epoch:  18 batch:  100 region_loss:  8.0 8.0 loc_loss:  0.6156166076660157 reward_loss:  -30.78082847595215
epoch:  18 batch:  110 region_loss:  4.0 4.0 loc_loss:  0.3708725738525391 reward_loss:  -18.543630599975586
epoch:  18 batch:  120 region_loss:  5.0 5.0 loc_loss:  0.4122566986083984 reward_loss:  -20.612831115722656
epoch:  18 batch:  130 region_loss:  7.0 7.0 loc_loss:  0.6162451934814454 reward_loss:  -30.812259674072266
acc@1:  0.14063969896519285
epoch: 18 region loss 0.17051094890510948 loc loss 0.6806224168652166 reward loss -34.031120968561105
epoch:  19 batch:  0 region_loss:  10.0 10.0 loc_loss:  0.7662104034423828 reward_loss:  -38.310523986816406
epoch:  19 batch:  10 region_loss:  10.0 10.0 loc_loss:  0.7875645446777344 reward_loss:  -39.37822341918945
epoch:  19 batch:  20 region_loss:  10.0 10.0 loc_loss:  0.6960868835449219 reward_loss:  -34.804344177246094
epoch:  19 batch:  30 region_loss:  10.0 10.0 loc_loss:  0.7520719146728516 reward_loss:  -37.60359573364258
epoch:  19 batch:  40 region_loss:  10.0 10.0 loc_loss:  0.857906494140625 reward_loss:  -42.895320892333984
epoch:  19 batch:  50 region_loss:  10.0 10.0 loc_loss:  0.7322501373291016 reward_loss:  -36.61250305175781
epoch:  19 batch:  60 region_loss:  10.0 10.0 loc_loss:  0.7920404815673828 reward_loss:  -39.602027893066406
epoch:  19 batch:  70 region_loss:  10.0 10.0 loc_loss:  0.7539122772216796 reward_loss:  -37.69561004638672
epoch:  19 batch:  80 region_loss:  10.0 10.0 loc_loss:  0.8450450897216797 reward_loss:  -42.252254486083984
epoch:  19 batch:  90 region_loss:  6.0 6.0 loc_loss:  0.4988100051879883 reward_loss:  -24.940502166748047
epoch:  19 batch:  100 region_loss:  8.0 8.0 loc_loss:  0.5874231719970703 reward_loss:  -29.37115478515625
epoch:  19 batch:  110 region_loss:  4.0 4.0 loc_loss:  0.35267417907714843 reward_loss:  -17.633708953857422
epoch:  19 batch:  120 region_loss:  5.0 5.0 loc_loss:  0.39119319915771483 reward_loss:  -19.559659957885742
epoch:  19 batch:  130 region_loss:  7.0 7.0 loc_loss:  0.5891233062744141 reward_loss:  -29.456161499023438
acc@1:  0.138758231420508
epoch: 19 region loss 0.17051094890510948 loc loss 0.6498733810090671 reward loss -32.493668834658436
epoch:  20 batch:  0 region_loss:  10.0 10.0 loc_loss:  0.7297927856445312 reward_loss:  -36.48963165283203
epoch:  20 batch:  10 region_loss:  10.0 10.0 loc_loss:  0.7524822235107422 reward_loss:  -37.62411117553711
epoch:  20 batch:  20 region_loss:  10.0 10.0 loc_loss:  0.6654145050048829 reward_loss:  -33.27072525024414
epoch:  20 batch:  30 region_loss:  10.0 10.0 loc_loss:  0.7156000518798828 reward_loss:  -35.78000259399414
epoch:  20 batch:  40 region_loss:  10.0 10.0 loc_loss:  0.8257999420166016 reward_loss:  -41.290000915527344
epoch:  20 batch:  50 region_loss:  10.0 10.0 loc_loss:  0.6982244873046874 reward_loss:  -34.911224365234375
epoch:  20 batch:  60 region_loss:  10.0 10.0 loc_loss:  0.7533991241455078 reward_loss:  -37.66995620727539
epoch:  20 batch:  70 region_loss:  10.0 10.0 loc_loss:  0.7202342224121093 reward_loss:  -36.0117301940918
epoch:  20 batch:  80 region_loss:  10.0 10.0 loc_loss:  0.8080434417724609 reward_loss:  -40.40216827392578
epoch:  20 batch:  90 region_loss:  6.0 6.0 loc_loss:  0.47674312591552737 reward_loss:  -23.8371524810791
epoch:  20 batch:  100 region_loss:  8.0 8.0 loc_loss:  0.5609117889404297 reward_loss:  -28.04558753967285
epoch:  20 batch:  110 region_loss:  4.0 4.0 loc_loss:  0.33528900146484375 reward_loss:  -16.764448165893555
epoch:  20 batch:  120 region_loss:  5.0 5.0 loc_loss:  0.37118289947509764 reward_loss:  -18.559146881103516
epoch:  20 batch:  130 region_loss:  7.0 7.0 loc_loss:  0.5633321380615235 reward_loss:  -28.16660499572754
acc@1:  0.13687676387582315
epoch: 20 region loss 0.17051094890510948 loc loss 0.6211186573279165 reward loss -31.055931961449392
epoch:  21 batch:  0 region_loss:  10.0 10.0 loc_loss:  0.6956768035888672 reward_loss:  -34.78384017944336
epoch:  21 batch:  10 region_loss:  10.0 10.0 loc_loss:  0.7196397399902343 reward_loss:  -35.98198699951172
epoch:  21 batch:  20 region_loss:  10.0 10.0 loc_loss:  0.6370092010498047 reward_loss:  -31.8504581451416
epoch:  21 batch:  30 region_loss:  10.0 10.0 loc_loss:  0.6815969848632812 reward_loss:  -34.07984924316406
epoch:  21 batch:  40 region_loss:  10.0 10.0 loc_loss:  0.7952835083007812 reward_loss:  -39.7641716003418
epoch:  21 batch:  50 region_loss:  10.0 10.0 loc_loss:  0.6668852233886718 reward_loss:  -33.344261169433594
epoch:  21 batch:  60 region_loss:  10.0 10.0 loc_loss:  0.7168950653076172 reward_loss:  -35.844749450683594
epoch:  21 batch:  70 region_loss:  10.0 10.0 loc_loss:  0.6883689117431641 reward_loss:  -34.41844177246094
epoch:  21 batch:  80 region_loss:  10.0 10.0 loc_loss:  0.7726639556884766 reward_loss:  -38.63319778442383
epoch:  21 batch:  90 region_loss:  6.0 6.0 loc_loss:  0.4557472229003906 reward_loss:  -22.7873592376709
epoch:  21 batch:  100 region_loss:  8.0 8.0 loc_loss:  0.5357947158813476 reward_loss:  -26.789737701416016
epoch:  21 batch:  110 region_loss:  4.0 4.0 loc_loss:  0.3186823272705078 reward_loss:  -15.93411636352539
epoch:  21 batch:  120 region_loss:  5.0 5.0 loc_loss:  0.35215023040771487 reward_loss:  -17.607511520385742
epoch:  21 batch:  130 region_loss:  7.0 7.0 loc_loss:  0.5387210083007813 reward_loss:  -26.936050415039062
acc@1:  0.1354656632173095
epoch: 21 region loss 0.17051094890510948 loc loss 0.5940600528856264 reward loss -29.703002832231732
epoch:  22 batch:  0 region_loss:  10.0 10.0 loc_loss:  0.6635264587402344 reward_loss:  -33.17632293701172
epoch:  22 batch:  10 region_loss:  10.0 10.0 loc_loss:  0.6887401580810547 reward_loss:  -34.437007904052734
epoch:  22 batch:  20 region_loss:  10.0 10.0 loc_loss:  0.6104920196533203 reward_loss:  -30.524599075317383
epoch:  22 batch:  30 region_loss:  10.0 10.0 loc_loss:  0.6497291564941406 reward_loss:  -32.486454010009766
epoch:  22 batch:  40 region_loss:  10.0 10.0 loc_loss:  0.7660189056396485 reward_loss:  -38.30094528198242
epoch:  22 batch:  50 region_loss:  10.0 10.0 loc_loss:  0.6377151107788086 reward_loss:  -31.885753631591797
epoch:  22 batch:  60 region_loss:  10.0 10.0 loc_loss:  0.6823745727539062 reward_loss:  -34.11872863769531
epoch:  22 batch:  70 region_loss:  10.0 10.0 loc_loss:  0.6581035614013672 reward_loss:  -32.90517807006836
epoch:  22 batch:  80 region_loss:  10.0 10.0 loc_loss:  0.7387454986572266 reward_loss:  -36.93727493286133
epoch:  22 batch:  90 region_loss:  6.0 6.0 loc_loss:  0.43568374633789064 reward_loss:  -21.784189224243164
epoch:  22 batch:  100 region_loss:  8.0 8.0 loc_loss:  0.5118545150756836 reward_loss:  -25.592723846435547
epoch:  22 batch:  110 region_loss:  4.0 4.0 loc_loss:  0.3028073692321777 reward_loss:  -15.14036750793457
epoch:  22 batch:  120 region_loss:  5.0 5.0 loc_loss:  0.33404434204101563 reward_loss:  -16.70221519470215
epoch:  22 batch:  130 region_loss:  7.0 7.0 loc_loss:  0.5151717758178711 reward_loss:  -25.7586669921875
acc@1:  0.13405456255879586
epoch: 22 region loss 0.17051094890510948 loc loss 0.568454928432938 reward loss -28.42274833595666
epoch:  23 batch:  0 region_loss:  10.0 10.0 loc_loss:  0.6330613327026368 reward_loss:  -31.6530704498291
epoch:  23 batch:  10 region_loss:  10.0 10.0 loc_loss:  0.6595287322998047 reward_loss:  -32.9764404296875
epoch:  23 batch:  20 region_loss:  10.0 10.0 loc_loss:  0.5855644226074219 reward_loss:  -29.278215408325195
epoch:  23 batch:  30 region_loss:  10.0 10.0 loc_loss:  0.6197164916992187 reward_loss:  -30.985828399658203
epoch:  23 batch:  40 region_loss:  10.0 10.0 loc_loss:  0.7377735900878907 reward_loss:  -36.88867950439453
epoch:  23 batch:  50 region_loss:  10.0 10.0 loc_loss:  0.6103042602539063 reward_loss:  -30.515209197998047
epoch:  23 batch:  60 region_loss:  10.0 10.0 loc_loss:  0.6497038269042968 reward_loss:  -32.485191345214844
epoch:  23 batch:  70 region_loss:  10.0 10.0 loc_loss:  0.6292862319946289 reward_loss:  -31.464309692382812
epoch:  23 batch:  80 region_loss:  10.0 10.0 loc_loss:  0.7061564636230468 reward_loss:  -35.30781936645508
epoch:  23 batch:  90 region_loss:  6.0 6.0 loc_loss:  0.4164303970336914 reward_loss:  -20.82151985168457
epoch:  23 batch:  100 region_loss:  8.0 8.0 loc_loss:  0.4889317321777344 reward_loss:  -24.44658660888672
epoch:  23 batch:  110 region_loss:  4.0 4.0 loc_loss:  0.287607421875 reward_loss:  -14.380372047424316
epoch:  23 batch:  120 region_loss:  5.0 5.0 loc_loss:  0.3168283843994141 reward_loss:  -15.841418266296387
epoch:  23 batch:  130 region_loss:  7.0 7.0 loc_loss:  0.4925885391235352 reward_loss:  -24.629423141479492
acc@1:  0.1317027281279398
epoch: 23 region loss 0.17051094890510948 loc loss 0.5441087463128306 reward loss -27.205436041755398
epoch:  24 batch:  0 region_loss:  10.0 10.0 loc_loss:  0.6040515899658203 reward_loss:  -30.20258140563965
epoch:  24 batch:  10 region_loss:  10.0 10.0 loc_loss:  0.6317766189575196 reward_loss:  -31.588830947875977
epoch:  24 batch:  20 region_loss:  10.0 10.0 loc_loss:  0.5619878768920898 reward_loss:  -28.099397659301758
epoch:  24 batch:  30 region_loss:  10.0 10.0 loc_loss:  0.5913174438476563 reward_loss:  -29.565872192382812
epoch:  24 batch:  40 region_loss:  10.0 10.0 loc_loss:  0.7103913116455078 reward_loss:  -35.51956558227539
epoch:  24 batch:  50 region_loss:  10.0 10.0 loc_loss:  0.5843367767333985 reward_loss:  -29.216838836669922
epoch:  24 batch:  60 region_loss:  10.0 10.0 loc_loss:  0.6187541961669922 reward_loss:  -30.93770980834961
epoch:  24 batch:  70 region_loss:  10.0 10.0 loc_loss:  0.6017949676513672 reward_loss:  -30.08974838256836
epoch:  24 batch:  80 region_loss:  10.0 10.0 loc_loss:  0.6747847747802734 reward_loss:  -33.73923873901367
epoch:  24 batch:  90 region_loss:  6.0 6.0 loc_loss:  0.3978817367553711 reward_loss:  -19.894084930419922
epoch:  24 batch:  100 region_loss:  8.0 8.0 loc_loss:  0.46691184997558594 reward_loss:  -23.345592498779297
epoch:  24 batch:  110 region_loss:  4.0 4.0 loc_loss:  0.2730210113525391 reward_loss:  -13.651049613952637
epoch:  24 batch:  120 region_loss:  5.0 5.0 loc_loss:  0.3004611587524414 reward_loss:  -15.02305793762207
epoch:  24 batch:  130 region_loss:  7.0 7.0 loc_loss:  0.47088233947753905 reward_loss:  -23.544116973876953
acc@1:  0.13029162746942616
epoch: 24 region loss 0.17051094890510948 loc loss 0.520863127047128 reward loss -26.043155617957567
epoch:  25 batch:  0 region_loss:  10.0 10.0 loc_loss:  0.5763175582885742 reward_loss:  -28.815879821777344
epoch:  25 batch:  10 region_loss:  10.0 10.0 loc_loss:  0.6052750015258789 reward_loss:  -30.263751983642578
epoch:  25 batch:  20 region_loss:  10.0 10.0 loc_loss:  0.5395741271972656 reward_loss:  -26.97870635986328
epoch:  25 batch:  30 region_loss:  10.0 10.0 loc_loss:  0.5643213653564453 reward_loss:  -28.216066360473633
epoch:  25 batch:  40 region_loss:  10.0 10.0 loc_loss:  0.683760986328125 reward_loss:  -34.188053131103516
epoch:  25 batch:  50 region_loss:  10.0 10.0 loc_loss:  0.5595746612548829 reward_loss:  -27.97873306274414
epoch:  25 batch:  60 region_loss:  10.0 10.0 loc_loss:  0.5893863296508789 reward_loss:  -29.469316482543945
epoch:  25 batch:  70 region_loss:  10.0 10.0 loc_loss:  0.5755217742919921 reward_loss:  -28.776086807250977
epoch:  25 batch:  80 region_loss:  10.0 10.0 loc_loss:  0.6445297241210938 reward_loss:  -32.22648620605469
epoch:  25 batch:  90 region_loss:  6.0 6.0 loc_loss:  0.3799512481689453 reward_loss:  -18.997560501098633
epoch:  25 batch:  100 region_loss:  8.0 8.0 loc_loss:  0.44570838928222656 reward_loss:  -22.285415649414062
epoch:  25 batch:  110 region_loss:  4.0 4.0 loc_loss:  0.2589876747131348 reward_loss:  -12.949384689331055
epoch:  25 batch:  120 region_loss:  5.0 5.0 loc_loss:  0.2848883056640625 reward_loss:  -14.244415283203125
epoch:  25 batch:  130 region_loss:  7.0 7.0 loc_loss:  0.44997108459472657 reward_loss:  -22.498558044433594
acc@1:  0.13029162746942616
epoch: 25 region loss 0.17051094890510948 loc loss 0.49858670116341025 reward loss -24.92933532617388
epoch:  26 batch:  0 region_loss:  10.0 10.0 loc_loss:  0.5497199249267578 reward_loss:  -27.48599624633789
epoch:  26 batch:  10 region_loss:  10.0 10.0 loc_loss:  0.5798420715332031 reward_loss:  -28.992101669311523
epoch:  26 batch:  20 region_loss:  10.0 10.0 loc_loss:  0.5181755447387695 reward_loss:  -25.908775329589844
epoch:  26 batch:  30 region_loss:  10.0 10.0 loc_loss:  0.5385503387451172 reward_loss:  -26.927513122558594
epoch:  26 batch:  40 region_loss:  10.0 10.0 loc_loss:  0.6577974700927735 reward_loss:  -32.889869689941406
epoch:  26 batch:  50 region_loss:  10.0 10.0 loc_loss:  0.5358388900756836 reward_loss:  -26.791942596435547
epoch:  26 batch:  60 region_loss:  10.0 10.0 loc_loss:  0.5614484786987305 reward_loss:  -28.072423934936523
epoch:  26 batch:  70 region_loss:  10.0 10.0 loc_loss:  0.5503675460815429 reward_loss:  -27.51837730407715
epoch:  26 batch:  80 region_loss:  10.0 10.0 loc_loss:  0.6152937316894531 reward_loss:  -30.764686584472656
epoch:  26 batch:  90 region_loss:  6.0 6.0 loc_loss:  0.36257156372070315 reward_loss:  -18.128578186035156
epoch:  26 batch:  100 region_loss:  8.0 8.0 loc_loss:  0.42525089263916016 reward_loss:  -21.26254653930664
epoch:  26 batch:  110 region_loss:  4.0 4.0 loc_loss:  0.2454526901245117 reward_loss:  -12.272635459899902
epoch:  26 batch:  120 region_loss:  5.0 5.0 loc_loss:  0.27004093170166016 reward_loss:  -13.502045631408691
epoch:  26 batch:  130 region_loss:  7.0 7.0 loc_loss:  0.42978012084960937 reward_loss:  -21.4890193939209
acc@1:  0.13076199435559738
epoch: 26 region loss 0.17051094890510948 loc loss 0.4771679986828435 reward loss -23.858403372938614
epoch:  27 batch:  0 region_loss:  10.0 10.0 loc_loss:  0.5241487503051758 reward_loss:  -26.207435607910156
epoch:  27 batch:  10 region_loss:  10.0 10.0 loc_loss:  0.5553333282470703 reward_loss:  -27.76666831970215
epoch:  27 batch:  20 region_loss:  10.0 10.0 loc_loss:  0.49766983032226564 reward_loss:  -24.88348960876465
epoch:  27 batch:  30 region_loss:  10.0 10.0 loc_loss:  0.5138718032836914 reward_loss:  -25.693588256835938
epoch:  27 batch:  40 region_loss:  10.0 10.0 loc_loss:  0.6324341583251953 reward_loss:  -31.621706008911133
epoch:  27 batch:  50 region_loss:  10.0 10.0 loc_loss:  0.5129922485351562 reward_loss:  -25.649612426757812
epoch:  27 batch:  60 region_loss:  10.0 10.0 loc_loss:  0.534788589477539 reward_loss:  -26.739429473876953
epoch:  27 batch:  70 region_loss:  10.0 10.0 loc_loss:  0.5262386322021484 reward_loss:  -26.311931610107422
epoch:  27 batch:  80 region_loss:  10.0 10.0 loc_loss:  0.5869832229614258 reward_loss:  -29.349164962768555
epoch:  27 batch:  90 region_loss:  6.0 6.0 loc_loss:  0.34569576263427737 reward_loss:  -17.284786224365234
epoch:  27 batch:  100 region_loss:  8.0 8.0 loc_loss:  0.4054829406738281 reward_loss:  -20.27414321899414
epoch:  27 batch:  110 region_loss:  4.0 4.0 loc_loss:  0.23237171173095703 reward_loss:  -11.618585586547852
epoch:  27 batch:  120 region_loss:  5.0 5.0 loc_loss:  0.25584558486938475 reward_loss:  -12.792279243469238
epoch:  27 batch:  130 region_loss:  7.0 7.0 loc_loss:  0.4102433395385742 reward_loss:  -20.512163162231445
acc@1:  0.12935089369708372
epoch: 27 region loss 0.17051094890510948 loc loss 0.4565176994435109 reward loss -22.825880339545925
epoch:  28 batch:  0 region_loss:  10.0 10.0 loc_loss:  0.499515380859375 reward_loss:  -24.975767135620117
epoch:  28 batch:  10 region_loss:  10.0 10.0 loc_loss:  0.5316502380371094 reward_loss:  -26.58251190185547
epoch:  28 batch:  20 region_loss:  10.0 10.0 loc_loss:  0.4779470825195313 reward_loss:  -23.897357940673828
epoch:  28 batch:  30 region_loss:  10.0 10.0 loc_loss:  0.49019454956054687 reward_loss:  -24.509727478027344
epoch:  28 batch:  40 region_loss:  10.0 10.0 loc_loss:  0.6076142120361329 reward_loss:  -30.380708694458008
epoch:  28 batch:  50 region_loss:  10.0 10.0 loc_loss:  0.4909257507324219 reward_loss:  -24.546287536621094
epoch:  28 batch:  60 region_loss:  10.0 10.0 loc_loss:  0.5092614364624023 reward_loss:  -25.463071823120117
epoch:  28 batch:  70 region_loss:  10.0 10.0 loc_loss:  0.5030444717407226 reward_loss:  -25.152223587036133
epoch:  28 batch:  80 region_loss:  10.0 10.0 loc_loss:  0.5595188522338868 reward_loss:  -27.975940704345703
epoch:  28 batch:  90 region_loss:  6.0 6.0 loc_loss:  0.3292950439453125 reward_loss:  -16.464752197265625
epoch:  28 batch:  100 region_loss:  8.0 8.0 loc_loss:  0.3863614273071289 reward_loss:  -19.318073272705078
epoch:  28 batch:  110 region_loss:  4.0 4.0 loc_loss:  0.2197100830078125 reward_loss:  -10.985503196716309
epoch:  28 batch:  120 region_loss:  5.0 5.0 loc_loss:  0.24223749160766603 reward_loss:  -12.111875534057617
epoch:  28 batch:  130 region_loss:  7.0 7.0 loc_loss:  0.39130191802978515 reward_loss:  -19.565093994140625
acc@1:  0.12982126058325494
epoch: 28 region loss 0.17051094890510948 loc loss 0.4365546347625064 reward loss -21.827731800775457
epoch:  29 batch:  0 region_loss:  10.0 10.0 loc_loss:  0.47574066162109374 reward_loss:  -23.787031173706055
epoch:  29 batch:  10 region_loss:  10.0 10.0 loc_loss:  0.5087177658081055 reward_loss:  -25.43588638305664
epoch:  29 batch:  20 region_loss:  10.0 10.0 loc_loss:  0.45891403198242187 reward_loss:  -22.94569969177246
epoch:  29 batch:  30 region_loss:  10.0 10.0 loc_loss:  0.4674064254760742 reward_loss:  -23.370319366455078
epoch:  29 batch:  40 region_loss:  10.0 10.0 loc_loss:  0.5832966232299804 reward_loss:  -29.164831161499023
epoch:  29 batch:  50 region_loss:  10.0 10.0 loc_loss:  0.4695534515380859 reward_loss:  -23.477672576904297
epoch:  29 batch:  60 region_loss:  10.0 10.0 loc_loss:  0.4847434997558594 reward_loss:  -24.237184524536133
epoch:  29 batch:  70 region_loss:  10.0 10.0 loc_loss:  0.4806995391845703 reward_loss:  -24.034975051879883
epoch:  29 batch:  80 region_loss:  10.0 10.0 loc_loss:  0.5328319549560547 reward_loss:  -26.6415958404541
epoch:  29 batch:  90 region_loss:  6.0 6.0 loc_loss:  0.31334964752197264 reward_loss:  -15.66748332977295
epoch:  29 batch:  100 region_loss:  8.0 8.0 loc_loss:  0.36785308837890623 reward_loss:  -18.392654418945312
epoch:  29 batch:  110 region_loss:  4.0 4.0 loc_loss:  0.2074465560913086 reward_loss:  -10.37232780456543
epoch:  29 batch:  120 region_loss:  5.0 5.0 loc_loss:  0.22916408538818359 reward_loss:  -11.458203315734863
epoch:  29 batch:  130 region_loss:  7.0 7.0 loc_loss:  0.3729136657714844 reward_loss:  -18.64568328857422
acc@1:  0.1279397930385701
epoch: 29 region loss 0.17051094890510948 loc loss 0.41722315767385665 reward loss -20.861157955044376
epoch:  30 batch:  0 region_loss:  10.0 10.0 loc_loss:  0.4527596664428711 reward_loss:  -22.637983322143555
epoch:  30 batch:  10 region_loss:  10.0 10.0 loc_loss:  0.4864723587036133 reward_loss:  -24.323619842529297
epoch:  30 batch:  20 region_loss:  10.0 10.0 loc_loss:  0.44049869537353514 reward_loss:  -22.024930953979492
epoch:  30 batch:  30 region_loss:  10.0 10.0 loc_loss:  0.44540939331054685 reward_loss:  -22.270471572875977
epoch:  30 batch:  40 region_loss:  10.0 10.0 loc_loss:  0.559454345703125 reward_loss:  -27.97271728515625
epoch:  30 batch:  50 region_loss:  10.0 10.0 loc_loss:  0.4488094329833984 reward_loss:  -22.440475463867188
epoch:  30 batch:  60 region_loss:  10.0 10.0 loc_loss:  0.46113990783691405 reward_loss:  -23.056995391845703
epoch:  30 batch:  70 region_loss:  10.0 10.0 loc_loss:  0.4591357421875 reward_loss:  -22.956787109375
epoch:  30 batch:  80 region_loss:  10.0 10.0 loc_loss:  0.5068674468994141 reward_loss:  -25.343374252319336
epoch:  30 batch:  90 region_loss:  6.0 6.0 loc_loss:  0.2978449630737305 reward_loss:  -14.892247200012207
epoch:  30 batch:  100 region_loss:  8.0 8.0 loc_loss:  0.3499275588989258 reward_loss:  -17.49637794494629
epoch:  30 batch:  110 region_loss:  4.0 4.0 loc_loss:  0.1955699920654297 reward_loss:  -9.778499603271484
epoch:  30 batch:  120 region_loss:  5.0 5.0 loc_loss:  0.21658546447753907 reward_loss:  -10.829273223876953
epoch:  30 batch:  130 region_loss:  7.0 7.0 loc_loss:  0.3550573348999023 reward_loss:  -17.752849578857422
acc@1:  0.12558795860771402
epoch: 30 region loss 0.17051094890510948 loc loss 0.3984761903581828 reward loss -19.923801112349015
epoch:  31 batch:  0 region_loss:  10.0 10.0 loc_loss:  0.4305436325073242 reward_loss:  -21.527183532714844
epoch:  31 batch:  10 region_loss:  10.0 10.0 loc_loss:  0.46486587524414064 reward_loss:  -23.243297576904297
epoch:  31 batch:  20 region_loss:  10.0 10.0 loc_loss:  0.42265174865722654 reward_loss:  -21.132587432861328
epoch:  31 batch:  30 region_loss:  10.0 10.0 loc_loss:  0.4241349411010742 reward_loss:  -21.206745147705078
epoch:  31 batch:  40 region_loss:  10.0 10.0 loc_loss:  0.5360757064819336 reward_loss:  -26.80378532409668
epoch:  31 batch:  50 region_loss:  10.0 10.0 loc_loss:  0.42864700317382814 reward_loss:  -21.432348251342773
epoch:  31 batch:  60 region_loss:  10.0 10.0 loc_loss:  0.4383832550048828 reward_loss:  -21.91916275024414
epoch:  31 batch:  70 region_loss:  10.0 10.0 loc_loss:  0.4383058929443359 reward_loss:  -21.91529655456543
epoch:  31 batch:  80 region_loss:  10.0 10.0 loc_loss:  0.4815863800048828 reward_loss:  -24.07931900024414
epoch:  31 batch:  90 region_loss:  6.0 6.0 loc_loss:  0.2827731704711914 reward_loss:  -14.138656616210938
epoch:  31 batch:  100 region_loss:  8.0 8.0 loc_loss:  0.3325715637207031 reward_loss:  -16.628578186035156
epoch:  31 batch:  110 region_loss:  4.0 4.0 loc_loss:  0.18407791137695312 reward_loss:  -9.20389461517334
epoch:  31 batch:  120 region_loss:  5.0 5.0 loc_loss:  0.20447799682617188 reward_loss:  -10.223901748657227
epoch:  31 batch:  130 region_loss:  7.0 7.0 loc_loss:  0.3377052688598633 reward_loss:  -16.88526153564453
acc@1:  0.12464722483537159
epoch: 31 region loss 0.17051094890510948 loc loss 0.38028281525103713 reward loss -19.01414012212823
epoch:  32 batch:  0 region_loss:  10.0 10.0 loc_loss:  0.40906185150146485 reward_loss:  -20.453092575073242
epoch:  32 batch:  10 region_loss:  10.0 10.0 loc_loss:  0.44387123107910154 reward_loss:  -22.193559646606445
epoch:  32 batch:  20 region_loss:  10.0 10.0 loc_loss:  0.4053411865234375 reward_loss:  -20.267059326171875
epoch:  32 batch:  30 region_loss:  10.0 10.0 loc_loss:  0.40354171752929685 reward_loss:  -20.176990509033203
epoch:  32 batch:  40 region_loss:  10.0 10.0 loc_loss:  0.5131492614746094 reward_loss:  -25.657461166381836
epoch:  32 batch:  50 region_loss:  10.0 10.0 loc_loss:  0.4090409851074219 reward_loss:  -20.452049255371094
epoch:  32 batch:  60 region_loss:  10.0 10.0 loc_loss:  0.416423454284668 reward_loss:  -20.821176528930664
epoch:  32 batch:  70 region_loss:  10.0 10.0 loc_loss:  0.41816017150878904 reward_loss:  -20.908008575439453
epoch:  32 batch:  80 region_loss:  10.0 10.0 loc_loss:  0.45697265625 reward_loss:  -22.848630905151367
epoch:  32 batch:  90 region_loss:  6.0 6.0 loc_loss:  0.26811948776245115 reward_loss:  -13.405976295471191
epoch:  32 batch:  100 region_loss:  8.0 8.0 loc_loss:  0.31576560974121093 reward_loss:  -15.788280487060547
epoch:  32 batch:  110 region_loss:  4.0 4.0 loc_loss:  0.1729718589782715 reward_loss:  -8.648592948913574
epoch:  32 batch:  120 region_loss:  5.0 5.0 loc_loss:  0.19282371520996094 reward_loss:  -9.641185760498047
epoch:  32 batch:  130 region_loss:  7.0 7.0 loc_loss:  0.3208422470092773 reward_loss:  -16.0421142578125
acc@1:  0.12417685794920037
epoch: 32 region loss 0.17051094890510948 loc loss 0.36261598051029403 reward loss -18.130792227974773
epoch:  33 batch:  0 region_loss:  10.0 10.0 loc_loss:  0.388278694152832 reward_loss:  -19.41393280029297
epoch:  33 batch:  10 region_loss:  10.0 10.0 loc_loss:  0.4234506225585937 reward_loss:  -21.172531127929688
epoch:  33 batch:  20 region_loss:  10.0 10.0 loc_loss:  0.3885511016845703 reward_loss:  -19.427555084228516
epoch:  33 batch:  30 region_loss:  10.0 10.0 loc_loss:  0.3835679244995117 reward_loss:  -19.178396224975586
epoch:  33 batch:  40 region_loss:  10.0 10.0 loc_loss:  0.4906835174560547 reward_loss:  -24.534175872802734
epoch:  33 batch:  50 region_loss:  10.0 10.0 loc_loss:  0.3899700927734375 reward_loss:  -19.498502731323242
epoch:  33 batch:  60 region_loss:  10.0 10.0 loc_loss:  0.3952310562133789 reward_loss:  -19.761552810668945
epoch:  33 batch:  70 region_loss:  10.0 10.0 loc_loss:  0.39865592956542967 reward_loss:  -19.932796478271484
epoch:  33 batch:  80 region_loss:  10.0 10.0 loc_loss:  0.4330196762084961 reward_loss:  -21.650983810424805
epoch:  33 batch:  90 region_loss:  6.0 6.0 loc_loss:  0.2538949966430664 reward_loss:  -12.694748878479004
epoch:  33 batch:  100 region_loss:  8.0 8.0 loc_loss:  0.2995284080505371 reward_loss:  -14.976420402526855
epoch:  33 batch:  110 region_loss:  4.0 4.0 loc_loss:  0.16225597381591797 reward_loss:  -8.112799644470215
epoch:  33 batch:  120 region_loss:  5.0 5.0 loc_loss:  0.18162612915039061 reward_loss:  -9.081305503845215
epoch:  33 batch:  130 region_loss:  7.0 7.0 loc_loss:  0.3044429779052734 reward_loss:  -15.222146987915039
acc@1:  0.12276575729068674
epoch: 33 region loss 0.17051094890510948 loc loss 0.34546469622284826 reward loss -17.273234852909173
epoch:  34 batch:  0 region_loss:  10.0 10.0 loc_loss:  0.3681673812866211 reward_loss:  -18.408369064331055
epoch:  34 batch:  10 region_loss:  10.0 10.0 loc_loss:  0.4036144256591797 reward_loss:  -20.180723190307617
epoch:  34 batch:  20 region_loss:  10.0 10.0 loc_loss:  0.372262077331543 reward_loss:  -18.613100051879883
epoch:  34 batch:  30 region_loss:  10.0 10.0 loc_loss:  0.36419708251953126 reward_loss:  -18.20985221862793
epoch:  34 batch:  40 region_loss:  10.0 10.0 loc_loss:  0.46865287780761716 reward_loss:  -23.432640075683594
epoch:  34 batch:  50 region_loss:  10.0 10.0 loc_loss:  0.37141990661621094 reward_loss:  -18.570995330810547
epoch:  34 batch:  60 region_loss:  10.0 10.0 loc_loss:  0.37476322174072263 reward_loss:  -18.738162994384766
epoch:  34 batch:  70 region_loss:  10.0 10.0 loc_loss:  0.37974464416503906 reward_loss:  -18.987232208251953
epoch:  34 batch:  80 region_loss:  10.0 10.0 loc_loss:  0.409752197265625 reward_loss:  -20.48760986328125
epoch:  34 batch:  90 region_loss:  6.0 6.0 loc_loss:  0.24004749298095704 reward_loss:  -12.002374649047852
epoch:  34 batch:  100 region_loss:  8.0 8.0 loc_loss:  0.2837890434265137 reward_loss:  -14.189453125
epoch:  34 batch:  110 region_loss:  4.0 4.0 loc_loss:  0.15194177627563477 reward_loss:  -7.597087383270264
epoch:  34 batch:  120 region_loss:  5.0 5.0 loc_loss:  0.17085063934326172 reward_loss:  -8.542531967163086
epoch:  34 batch:  130 region_loss:  7.0 7.0 loc_loss:  0.2885409164428711 reward_loss:  -14.427044868469238
acc@1:  0.1218250235183443
epoch: 34 region loss 0.17051094890510948 loc loss 0.32882203551104466 reward loss -16.44110158412126
epoch:  35 batch:  0 region_loss:  10.0 10.0 loc_loss:  0.3487148666381836 reward_loss:  -17.43574333190918
epoch:  35 batch:  10 region_loss:  10.0 10.0 loc_loss:  0.3842742919921875 reward_loss:  -19.213714599609375
epoch:  35 batch:  20 region_loss:  10.0 10.0 loc_loss:  0.356463623046875 reward_loss:  -17.82318115234375
epoch:  35 batch:  30 region_loss:  10.0 10.0 loc_loss:  0.3454079437255859 reward_loss:  -17.27039909362793
epoch:  35 batch:  40 region_loss:  10.0 10.0 loc_loss:  0.4471331787109375 reward_loss:  -22.356658935546875
epoch:  35 batch:  50 region_loss:  10.0 10.0 loc_loss:  0.3533788681030273 reward_loss:  -17.668941497802734
epoch:  35 batch:  60 region_loss:  10.0 10.0 loc_loss:  0.3550336456298828 reward_loss:  -17.75168228149414
epoch:  35 batch:  70 region_loss:  10.0 10.0 loc_loss:  0.36145050048828126 reward_loss:  -18.072528839111328
epoch:  35 batch:  80 region_loss:  10.0 10.0 loc_loss:  0.3871503448486328 reward_loss:  -19.357519149780273
epoch:  35 batch:  90 region_loss:  6.0 6.0 loc_loss:  0.22667240142822265 reward_loss:  -11.333620071411133
epoch:  35 batch:  100 region_loss:  8.0 8.0 loc_loss:  0.2686976623535156 reward_loss:  -13.434883117675781
epoch:  35 batch:  110 region_loss:  4.0 4.0 loc_loss:  0.1420219612121582 reward_loss:  -7.101098537445068
epoch:  35 batch:  120 region_loss:  5.0 5.0 loc_loss:  0.16055665969848631 reward_loss:  -8.027832984924316
epoch:  35 batch:  130 region_loss:  7.0 7.0 loc_loss:  0.27304643630981446 reward_loss:  -13.65231990814209
acc@1:  0.1218250235183443
epoch: 35 region loss 0.17051094890510948 loc loss 0.3127499144268732 reward loss -15.637495234064811
epoch:  36 batch:  0 region_loss:  10.0 10.0 loc_loss:  0.3298953628540039 reward_loss:  -16.494766235351562
epoch:  36 batch:  10 region_loss:  10.0 10.0 loc_loss:  0.3656064224243164 reward_loss:  -18.280319213867188
epoch:  36 batch:  20 region_loss:  10.0 10.0 loc_loss:  0.3411391830444336 reward_loss:  -17.056961059570312
epoch:  36 batch:  30 region_loss:  10.0 10.0 loc_loss:  0.3272203826904297 reward_loss:  -16.361021041870117
epoch:  36 batch:  40 region_loss:  10.0 10.0 loc_loss:  0.42597618103027346 reward_loss:  -21.298809051513672
epoch:  36 batch:  50 region_loss:  10.0 10.0 loc_loss:  0.3358449935913086 reward_loss:  -16.79224967956543
epoch:  36 batch:  60 region_loss:  10.0 10.0 loc_loss:  0.33596210479736327 reward_loss:  -16.798105239868164
epoch:  36 batch:  70 region_loss:  10.0 10.0 loc_loss:  0.34365894317626955 reward_loss:  -17.182947158813477
epoch:  36 batch:  80 region_loss:  10.0 10.0 loc_loss:  0.36531017303466795 reward_loss:  -18.265512466430664
epoch:  36 batch:  90 region_loss:  6.0 6.0 loc_loss:  0.21361759185791016 reward_loss:  -10.680879592895508
epoch:  36 batch:  100 region_loss:  8.0 8.0 loc_loss:  0.2539761352539063 reward_loss:  -12.698806762695312
epoch:  36 batch:  110 region_loss:  4.0 4.0 loc_loss:  0.1325240421295166 reward_loss:  -6.626201629638672
epoch:  36 batch:  120 region_loss:  5.0 5.0 loc_loss:  0.15063918113708497 reward_loss:  -7.531959056854248
epoch:  36 batch:  130 region_loss:  7.0 7.0 loc_loss:  0.2581267547607422 reward_loss:  -12.90633773803711
acc@1:  0.1180620884289746
epoch: 36 region loss 0.17051094890510948 loc loss 0.2971134302563911 reward loss -14.855671129087462
epoch:  37 batch:  0 region_loss:  10.0 10.0 loc_loss:  0.31174560546875 reward_loss:  -15.587278366088867
epoch:  37 batch:  10 region_loss:  10.0 10.0 loc_loss:  0.34727447509765624 reward_loss:  -17.363723754882812
epoch:  37 batch:  20 region_loss:  10.0 10.0 loc_loss:  0.326290283203125 reward_loss:  -16.31451416015625
epoch:  37 batch:  30 region_loss:  10.0 10.0 loc_loss:  0.30954408645629883 reward_loss:  -15.477206230163574
epoch:  37 batch:  40 region_loss:  10.0 10.0 loc_loss:  0.40548473358154297 reward_loss:  -20.27423667907715
epoch:  37 batch:  50 region_loss:  10.0 10.0 loc_loss:  0.31883777618408204 reward_loss:  -15.941888809204102
epoch:  37 batch:  60 region_loss:  10.0 10.0 loc_loss:  0.3176151466369629 reward_loss:  -15.880757331848145
epoch:  37 batch:  70 region_loss:  10.0 10.0 loc_loss:  0.3264458465576172 reward_loss:  -16.322294235229492
epoch:  37 batch:  80 region_loss:  10.0 10.0 loc_loss:  0.34405712127685545 reward_loss:  -17.202857971191406
epoch:  37 batch:  90 region_loss:  6.0 6.0 loc_loss:  0.2010333251953125 reward_loss:  -10.051667213439941
epoch:  37 batch:  100 region_loss:  8.0 8.0 loc_loss:  0.24001508712768554 reward_loss:  -12.000754356384277
epoch:  37 batch:  110 region_loss:  4.0 4.0 loc_loss:  0.12342863082885742 reward_loss:  -6.171431541442871
epoch:  37 batch:  120 region_loss:  5.0 5.0 loc_loss:  0.14123435020446778 reward_loss:  -7.0617170333862305
epoch:  37 batch:  130 region_loss:  7.0 7.0 loc_loss:  0.24352354049682617 reward_loss:  -12.176176071166992
acc@1:  0.11618062088428975
epoch: 37 region loss 0.17051094890510948 loc loss 0.2819949637016241 reward loss -14.09974573215429
epoch:  38 batch:  0 region_loss:  10.0 10.0 loc_loss:  0.2941982650756836 reward_loss:  -14.709912300109863
epoch:  38 batch:  10 region_loss:  10.0 10.0 loc_loss:  0.329752082824707 reward_loss:  -16.48760223388672
epoch:  38 batch:  20 region_loss:  10.0 10.0 loc_loss:  0.31188833236694335 reward_loss:  -15.5944185256958
epoch:  38 batch:  30 region_loss:  10.0 10.0 loc_loss:  0.29256507873535154 reward_loss:  -14.628254890441895
epoch:  38 batch:  40 region_loss:  10.0 10.0 loc_loss:  0.38523555755615235 reward_loss:  -19.261777877807617
epoch:  38 batch:  50 region_loss:  10.0 10.0 loc_loss:  0.3023290252685547 reward_loss:  -15.116450309753418
epoch:  38 batch:  60 region_loss:  10.0 10.0 loc_loss:  0.29993526458740233 reward_loss:  -14.996764183044434
epoch:  38 batch:  70 region_loss:  10.0 10.0 loc_loss:  0.30969284057617186 reward_loss:  -15.484642028808594
epoch:  38 batch:  80 region_loss:  10.0 10.0 loc_loss:  0.3236402130126953 reward_loss:  -16.182010650634766
epoch:  38 batch:  90 region_loss:  6.0 6.0 loc_loss:  0.1888190460205078 reward_loss:  -9.440953254699707
epoch:  38 batch:  100 region_loss:  8.0 8.0 loc_loss:  0.2263216781616211 reward_loss:  -11.316082000732422
epoch:  38 batch:  110 region_loss:  4.0 4.0 loc_loss:  0.11475353240966797 reward_loss:  -5.73793888092041
epoch:  38 batch:  120 region_loss:  5.0 5.0 loc_loss:  0.13220352172851563 reward_loss:  -6.610176086425781
epoch:  38 batch:  130 region_loss:  7.0 7.0 loc_loss:  0.2295438003540039 reward_loss:  -11.477185249328613
acc@1:  0.1147695202257761
epoch: 38 region loss 0.17051094890510948 loc loss 0.26722268499597146 reward loss -13.361138047963163
epoch:  39 batch:  0 region_loss:  10.0 10.0 loc_loss:  0.27736783981323243 reward_loss:  -13.868391990661621
epoch:  39 batch:  10 region_loss:  10.0 10.0 loc_loss:  0.3124833679199219 reward_loss:  -15.624167442321777
epoch:  39 batch:  20 region_loss:  10.0 10.0 loc_loss:  0.2979344177246094 reward_loss:  -14.896720886230469
epoch:  39 batch:  30 region_loss:  10.0 10.0 loc_loss:  0.27598861694335936 reward_loss:  -13.799430847167969
epoch:  39 batch:  40 region_loss:  10.0 10.0 loc_loss:  0.3657782745361328 reward_loss:  -18.28891372680664
epoch:  39 batch:  50 region_loss:  10.0 10.0 loc_loss:  0.2864161491394043 reward_loss:  -14.320808410644531
epoch:  39 batch:  60 region_loss:  10.0 10.0 loc_loss:  0.28287008285522464 reward_loss:  -14.143501281738281
epoch:  39 batch:  70 region_loss:  10.0 10.0 loc_loss:  0.29349231719970703 reward_loss:  -14.674616813659668
epoch:  39 batch:  80 region_loss:  10.0 10.0 loc_loss:  0.30388622283935546 reward_loss:  -15.194310188293457
epoch:  39 batch:  90 region_loss:  6.0 6.0 loc_loss:  0.17703706741333008 reward_loss:  -8.851853370666504
epoch:  39 batch:  100 region_loss:  8.0 8.0 loc_loss:  0.2134686851501465 reward_loss:  -10.673440933227539
epoch:  39 batch:  110 region_loss:  4.0 4.0 loc_loss:  0.1064998435974121 reward_loss:  -5.325018882751465
epoch:  39 batch:  120 region_loss:  5.0 5.0 loc_loss:  0.1236561393737793 reward_loss:  -6.182807922363281
epoch:  39 batch:  130 region_loss:  7.0 7.0 loc_loss:  0.21591846466064454 reward_loss:  -10.795963287353516
acc@1:  0.11053621825023519
epoch: 39 region loss 0.17051094890510948 loc loss 0.25307351291614727 reward loss -12.653679763313628
epoch:  40 batch:  0 region_loss:  10.0 10.0 loc_loss:  0.26116218566894533 reward_loss:  -13.058113098144531
epoch:  40 batch:  10 region_loss:  10.0 10.0 loc_loss:  0.29604425430297854 reward_loss:  -14.802212715148926
epoch:  40 batch:  20 region_loss:  10.0 10.0 loc_loss:  0.284483642578125 reward_loss:  -14.22418212890625
epoch:  40 batch:  30 region_loss:  10.0 10.0 loc_loss:  0.26025033950805665 reward_loss:  -13.012516021728516
epoch:  40 batch:  40 region_loss:  10.0 10.0 loc_loss:  0.34654132843017577 reward_loss:  -17.32706642150879
epoch:  40 batch:  50 region_loss:  10.0 10.0 loc_loss:  0.271025218963623 reward_loss:  -13.551261901855469
epoch:  40 batch:  60 region_loss:  10.0 10.0 loc_loss:  0.26652069091796876 reward_loss:  -13.326034545898438
epoch:  40 batch:  70 region_loss:  10.0 10.0 loc_loss:  0.27777122497558593 reward_loss:  -13.888561248779297
epoch:  40 batch:  80 region_loss:  10.0 10.0 loc_loss:  0.28504554748535155 reward_loss:  -14.252279281616211
epoch:  40 batch:  90 region_loss:  6.0 6.0 loc_loss:  0.16569705963134765 reward_loss:  -8.284854888916016
epoch:  40 batch:  100 region_loss:  8.0 8.0 loc_loss:  0.2007271957397461 reward_loss:  -10.036359786987305
epoch:  40 batch:  110 region_loss:  4.0 4.0 loc_loss:  0.09863565444946289 reward_loss:  -4.931751728057861
epoch:  40 batch:  120 region_loss:  5.0 5.0 loc_loss:  0.11553125381469727 reward_loss:  -5.776562213897705
epoch:  40 batch:  130 region_loss:  7.0 7.0 loc_loss:  0.2029196548461914 reward_loss:  -10.145983695983887
acc@1:  0.10959548447789276
epoch: 40 region loss 0.17051094890510948 loc loss 0.23941380692224432 reward loss -11.970703675799125
epoch:  41 batch:  0 region_loss:  10.0 10.0 loc_loss:  0.24577854156494142 reward_loss:  -12.28892707824707
epoch:  41 batch:  10 region_loss:  10.0 10.0 loc_loss:  0.2798690032958984 reward_loss:  -13.993450164794922
epoch:  41 batch:  20 region_loss:  10.0 10.0 loc_loss:  0.2713738250732422 reward_loss:  -13.56869125366211
epoch:  41 batch:  30 region_loss:  10.0 10.0 loc_loss:  0.24484949111938475 reward_loss:  -12.242473602294922
epoch:  41 batch:  40 region_loss:  10.0 10.0 loc_loss:  0.3283228302001953 reward_loss:  -16.4161434173584
epoch:  41 batch:  50 region_loss:  10.0 10.0 loc_loss:  0.25661821365356446 reward_loss:  -12.830910682678223
epoch:  41 batch:  60 region_loss:  10.0 10.0 loc_loss:  0.2507809257507324 reward_loss:  -12.539046287536621
epoch:  41 batch:  70 region_loss:  10.0 10.0 loc_loss:  0.2626336097717285 reward_loss:  -13.13167953491211
epoch:  41 batch:  80 region_loss:  10.0 10.0 loc_loss:  0.2668027877807617 reward_loss:  -13.34013843536377
epoch:  41 batch:  90 region_loss:  6.0 6.0 loc_loss:  0.15479246139526368 reward_loss:  -7.739623069763184
epoch:  41 batch:  100 region_loss:  8.0 8.0 loc_loss:  0.18931026458740235 reward_loss:  -9.4655179977417
epoch:  41 batch:  110 region_loss:  4.0 4.0 loc_loss:  0.09134952545166015 reward_loss:  -4.567487716674805
epoch:  41 batch:  120 region_loss:  5.0 5.0 loc_loss:  0.10786231994628906 reward_loss:  -5.393115520477295
epoch:  41 batch:  130 region_loss:  7.0 7.0 loc_loss:  0.19031129837036131 reward_loss:  -9.515564918518066
acc@1:  0.10630291627469426
epoch: 41 region loss 0.17051094890510948 loc loss 0.22642281633223932 reward loss -11.321143810766456
epoch:  42 batch:  0 region_loss:  10.0 10.0 loc_loss:  0.23114974975585936 reward_loss:  -11.557489395141602
epoch:  42 batch:  10 region_loss:  10.0 10.0 loc_loss:  0.2646113586425781 reward_loss:  -13.23056697845459
epoch:  42 batch:  20 region_loss:  10.0 10.0 loc_loss:  0.25901275634765625 reward_loss:  -12.950636863708496
epoch:  42 batch:  30 region_loss:  10.0 10.0 loc_loss:  0.23041604995727538 reward_loss:  -11.520803451538086
epoch:  42 batch:  40 region_loss:  10.0 10.0 loc_loss:  0.31017826080322264 reward_loss:  -15.508912086486816
epoch:  42 batch:  50 region_loss:  10.0 10.0 loc_loss:  0.24337312698364258 reward_loss:  -12.168656349182129
epoch:  42 batch:  60 region_loss:  10.0 10.0 loc_loss:  0.23576887130737303 reward_loss:  -11.788443565368652
epoch:  42 batch:  70 region_loss:  10.0 10.0 loc_loss:  0.2479876136779785 reward_loss:  -12.399380683898926
epoch:  42 batch:  80 region_loss:  10.0 10.0 loc_loss:  0.24972126007080078 reward_loss:  -12.486061096191406
epoch:  42 batch:  90 region_loss:  6.0 6.0 loc_loss:  0.14440300941467285 reward_loss:  -7.220149993896484
epoch:  42 batch:  100 region_loss:  8.0 8.0 loc_loss:  0.17703569412231446 reward_loss:  -8.851783752441406
epoch:  42 batch:  110 region_loss:  4.0 4.0 loc_loss:  0.08426366806030273 reward_loss:  -4.21316385269165
epoch:  42 batch:  120 region_loss:  5.0 5.0 loc_loss:  0.10069082260131836 reward_loss:  -5.034541130065918
epoch:  42 batch:  130 region_loss:  7.0 7.0 loc_loss:  0.178316650390625 reward_loss:  -8.91583251953125
acc@1:  0.10630291627469426
epoch: 42 region loss 0.17051094890510948 loc loss 0.21399848950170253 reward loss -10.699924762231591
epoch:  43 batch:  0 region_loss:  10.0 10.0 loc_loss:  0.21777040481567383 reward_loss:  -10.888521194458008
epoch:  43 batch:  10 region_loss:  10.0 10.0 loc_loss:  0.24948078155517578 reward_loss:  -12.474040031433105
epoch:  43 batch:  20 region_loss:  10.0 10.0 loc_loss:  0.24682323455810548 reward_loss:  -12.34116268157959
epoch:  43 batch:  30 region_loss:  10.0 10.0 loc_loss:  0.2163376235961914 reward_loss:  -10.816879272460938
epoch:  43 batch:  40 region_loss:  10.0 10.0 loc_loss:  0.293441162109375 reward_loss:  -14.67205810546875
epoch:  43 batch:  50 region_loss:  10.0 10.0 loc_loss:  0.23245750427246092 reward_loss:  -11.622875213623047
epoch:  43 batch:  60 region_loss:  10.0 10.0 loc_loss:  0.22142646789550782 reward_loss:  -11.07132339477539
epoch:  43 batch:  70 region_loss:  10.0 10.0 loc_loss:  0.2341073989868164 reward_loss:  -11.70537281036377
epoch:  43 batch:  80 region_loss:  10.0 10.0 loc_loss:  0.23305131912231444 reward_loss:  -11.652565002441406
epoch:  43 batch:  90 region_loss:  6.0 6.0 loc_loss:  0.13443912506103517 reward_loss:  -6.7219462394714355
epoch:  43 batch:  100 region_loss:  8.0 8.0 loc_loss:  0.1677381706237793 reward_loss:  -8.386905670166016
epoch:  43 batch:  110 region_loss:  4.0 4.0 loc_loss:  0.07782529354095459 reward_loss:  -3.891223430633545
epoch:  43 batch:  120 region_loss:  5.0 5.0 loc_loss:  0.09383404731750489 reward_loss:  -4.691700458526611
epoch:  43 batch:  130 region_loss:  7.0 7.0 loc_loss:  0.16682136535644532 reward_loss:  -8.341043472290039
acc@1:  0.10442144873000941
epoch: 43 region loss 0.17051094890510948 loc loss 0.20227831840515137 reward loss -10.113918704708126
epoch:  44 batch:  0 region_loss:  10.0 10.0 loc_loss:  0.20474573135375976 reward_loss:  -10.237288475036621
epoch:  44 batch:  10 region_loss:  10.0 10.0 loc_loss:  0.23539138793945313 reward_loss:  -11.769567489624023
epoch:  44 batch:  20 region_loss:  10.0 10.0 loc_loss:  0.23593358993530272 reward_loss:  -11.796679496765137
epoch:  44 batch:  30 region_loss:  10.0 10.0 loc_loss:  0.20321521759033204 reward_loss:  -10.160761833190918
epoch:  44 batch:  40 region_loss:  10.0 10.0 loc_loss:  0.2767076683044434 reward_loss:  -13.835383415222168
epoch:  44 batch:  50 region_loss:  10.0 10.0 loc_loss:  0.21959417343139648 reward_loss:  -10.979708671569824
epoch:  44 batch:  60 region_loss:  10.0 10.0 loc_loss:  0.20772375106811525 reward_loss:  -10.386187553405762
epoch:  44 batch:  70 region_loss:  10.0 10.0 loc_loss:  0.22053810119628905 reward_loss:  -11.02690601348877
epoch:  44 batch:  80 region_loss:  10.0 10.0 loc_loss:  0.21773290634155273 reward_loss:  -10.886680603027344
epoch:  44 batch:  90 region_loss:  6.0 6.0 loc_loss:  0.12511865615844728 reward_loss:  -6.255950927734375
epoch:  44 batch:  100 region_loss:  8.0 8.0 loc_loss:  0.15558349609375 reward_loss:  -7.779176235198975
epoch:  44 batch:  110 region_loss:  4.0 4.0 loc_loss:  0.07164705753326416 reward_loss:  -3.5823476314544678
epoch:  44 batch:  120 region_loss:  5.0 5.0 loc_loss:  0.08763373374938965 reward_loss:  -4.38168478012085
epoch:  44 batch:  130 region_loss:  7.0 7.0 loc_loss:  0.15576656341552733 reward_loss:  -7.788374900817871
acc@1:  0.10301034807149577
epoch: 44 region loss 0.17051094890510948 loc loss 0.19081850513054505 reward loss -9.540948595878852
epoch:  45 batch:  0 region_loss:  10.0 10.0 loc_loss:  0.19301214218139648 reward_loss:  -9.650612831115723
epoch:  45 batch:  10 region_loss:  10.0 10.0 loc_loss:  0.22146495819091797 reward_loss:  -11.073247909545898
epoch:  45 batch:  20 region_loss:  10.0 10.0 loc_loss:  0.2262054443359375 reward_loss:  -11.310271263122559
epoch:  45 batch:  30 region_loss:  10.0 10.0 loc_loss:  0.19089433670043945 reward_loss:  -9.544716835021973
epoch:  45 batch:  40 region_loss:  10.0 10.0 loc_loss:  0.26178321838378904 reward_loss:  -13.089159965515137
epoch:  45 batch:  50 region_loss:  10.0 10.0 loc_loss:  0.20786291122436523 reward_loss:  -10.393145561218262
epoch:  45 batch:  60 region_loss:  10.0 10.0 loc_loss:  0.19484582901000977 reward_loss:  -9.742291450500488
epoch:  45 batch:  70 region_loss:  10.0 10.0 loc_loss:  0.20785425186157228 reward_loss:  -10.39271068572998
epoch:  45 batch:  80 region_loss:  10.0 10.0 loc_loss:  0.20284961700439452 reward_loss:  -10.142480850219727
epoch:  45 batch:  90 region_loss:  6.0 6.0 loc_loss:  0.11602752685546874 reward_loss:  -5.801376819610596
epoch:  45 batch:  100 region_loss:  8.0 8.0 loc_loss:  0.14767454147338868 reward_loss:  -7.383726119995117
epoch:  45 batch:  110 region_loss:  4.0 4.0 loc_loss:  0.0659002923965454 reward_loss:  -3.2950029373168945
epoch:  45 batch:  120 region_loss:  5.0 5.0 loc_loss:  0.08151193618774415 reward_loss:  -4.075600624084473
epoch:  45 batch:  130 region_loss:  7.0 7.0 loc_loss:  0.1454121494293213 reward_loss:  -7.270630836486816
acc@1:  0.09971777986829727
epoch: 45 region loss 0.17051094890510948 loc loss 0.17996235126996563 reward loss -8.998118064699382
epoch:  46 batch:  0 region_loss:  10.0 10.0 loc_loss:  0.18050819396972656 reward_loss:  -9.025458335876465
epoch:  46 batch:  10 region_loss:  10.0 10.0 loc_loss:  0.20839691162109375 reward_loss:  -10.41984748840332
epoch:  46 batch:  20 region_loss:  10.0 10.0 loc_loss:  0.21807819366455078 reward_loss:  -10.903909683227539
epoch:  46 batch:  30 region_loss:  10.0 10.0 loc_loss:  0.17938154220581054 reward_loss:  -8.969078063964844
epoch:  46 batch:  40 region_loss:  10.0 10.0 loc_loss:  0.24679771423339844 reward_loss:  -12.339883804321289
epoch:  46 batch:  50 region_loss:  10.0 10.0 loc_loss:  0.19495864868164062 reward_loss:  -9.747933387756348
epoch:  46 batch:  60 region_loss:  10.0 10.0 loc_loss:  0.1822371292114258 reward_loss:  -9.111856460571289
epoch:  46 batch:  70 region_loss:  10.0 10.0 loc_loss:  0.1952599334716797 reward_loss:  -9.762996673583984
epoch:  46 batch:  80 region_loss:  10.0 10.0 loc_loss:  0.18911748886108398 reward_loss:  -9.4558744430542
epoch:  46 batch:  90 region_loss:  6.0 6.0 loc_loss:  0.10787117958068848 reward_loss:  -5.393552780151367
epoch:  46 batch:  100 region_loss:  8.0 8.0 loc_loss:  0.1364518165588379 reward_loss:  -6.8225908279418945
epoch:  46 batch:  110 region_loss:  4.0 4.0 loc_loss:  0.0606191873550415 reward_loss:  -3.0309643745422363
epoch:  46 batch:  120 region_loss:  5.0 5.0 loc_loss:  0.07618087768554688 reward_loss:  -3.809037685394287
epoch:  46 batch:  130 region_loss:  7.0 7.0 loc_loss:  0.13548700332641603 reward_loss:  -6.774379730224609
acc@1:  0.09971777986829727
epoch: 46 region loss 0.17051094890510948 loc loss 0.16945205629306986 reward loss -8.4726124845282
epoch:  47 batch:  0 region_loss:  10.0 10.0 loc_loss:  0.16893909454345704 reward_loss:  -8.446918487548828
epoch:  47 batch:  10 region_loss:  10.0 10.0 loc_loss:  0.19574382781982422 reward_loss:  -9.787190437316895
epoch:  47 batch:  20 region_loss:  10.0 10.0 loc_loss:  0.21077821731567384 reward_loss:  -10.538911819458008
epoch:  47 batch:  30 region_loss:  10.0 10.0 loc_loss:  0.16883552551269532 reward_loss:  -8.441776275634766
epoch:  47 batch:  40 region_loss:  10.0 10.0 loc_loss:  0.2332763671875 reward_loss:  -11.663817405700684
epoch:  47 batch:  50 region_loss:  10.0 10.0 loc_loss:  0.1834320068359375 reward_loss:  -9.171600341796875
epoch:  47 batch:  60 region_loss:  10.0 10.0 loc_loss:  0.17096761703491212 reward_loss:  -8.548381805419922
epoch:  47 batch:  70 region_loss:  10.0 10.0 loc_loss:  0.18360071182250975 reward_loss:  -9.180036544799805
epoch:  47 batch:  80 region_loss:  10.0 10.0 loc_loss:  0.17609779357910157 reward_loss:  -8.804888725280762
epoch:  47 batch:  90 region_loss:  6.0 6.0 loc_loss:  0.099723539352417 reward_loss:  -4.986166954040527
epoch:  47 batch:  100 region_loss:  8.0 8.0 loc_loss:  0.1291912841796875 reward_loss:  -6.459563732147217
epoch:  47 batch:  110 region_loss:  4.0 4.0 loc_loss:  0.05559092044830322 reward_loss:  -2.779536485671997
epoch:  47 batch:  120 region_loss:  5.0 5.0 loc_loss:  0.07078331470489502 reward_loss:  -3.5391645431518555
epoch:  47 batch:  130 region_loss:  7.0 7.0 loc_loss:  0.1261729145050049 reward_loss:  -6.308642864227295
acc@1:  0.10112888052681092
epoch: 47 region loss 0.17051094890510948 loc loss 0.15950408664062946 reward loss -7.975210272047642
epoch:  48 batch:  0 region_loss:  10.0 10.0 loc_loss:  0.15782733917236327 reward_loss:  -7.89130163192749
epoch:  48 batch:  10 region_loss:  10.0 10.0 loc_loss:  0.18391719818115235 reward_loss:  -9.1958589553833
epoch:  48 batch:  20 region_loss:  10.0 10.0 loc_loss:  0.20155218124389648 reward_loss:  -10.07761001586914
epoch:  48 batch:  30 region_loss:  10.0 10.0 loc_loss:  0.15803600311279298 reward_loss:  -7.90179967880249
epoch:  48 batch:  40 region_loss:  10.0 10.0 loc_loss:  0.21944017410278321 reward_loss:  -10.972010612487793
epoch:  48 batch:  50 region_loss:  10.0 10.0 loc_loss:  0.17207708358764648 reward_loss:  -8.603854179382324
epoch:  48 batch:  60 region_loss:  10.0 10.0 loc_loss:  0.1593875503540039 reward_loss:  -7.969377517700195
epoch:  48 batch:  70 region_loss:  10.0 10.0 loc_loss:  0.17204795837402342 reward_loss:  -8.602397918701172
epoch:  48 batch:  80 region_loss:  10.0 10.0 loc_loss:  0.16393003463745118 reward_loss:  -8.196500778198242
epoch:  48 batch:  90 region_loss:  6.0 6.0 loc_loss:  0.09268634796142577 reward_loss:  -4.634317874908447
epoch:  48 batch:  100 region_loss:  8.0 8.0 loc_loss:  0.11929884910583496 reward_loss:  -5.96494197845459
epoch:  48 batch:  110 region_loss:  4.0 4.0 loc_loss:  0.05114288330078125 reward_loss:  -2.5571157932281494
epoch:  48 batch:  120 region_loss:  5.0 5.0 loc_loss:  0.0662412977218628 reward_loss:  -3.312072515487671
epoch:  48 batch:  130 region_loss:  7.0 7.0 loc_loss:  0.11737141609191895 reward_loss:  -5.868537902832031
acc@1:  0.09924741298212605
epoch: 48 region loss 0.17051094890510948 loc loss 0.1500352576353254 reward loss -7.501761889805759
epoch:  49 batch:  0 region_loss:  10.0 10.0 loc_loss:  0.14778294563293456 reward_loss:  -7.3891472816467285
epoch:  49 batch:  10 region_loss:  10.0 10.0 loc_loss:  0.17251226425170899 reward_loss:  -8.625612258911133
epoch:  49 batch:  20 region_loss:  10.0 10.0 loc_loss:  0.19222019195556642 reward_loss:  -9.611010551452637
epoch:  49 batch:  30 region_loss:  10.0 10.0 loc_loss:  0.14761774063110353 reward_loss:  -7.380887031555176
epoch:  49 batch:  40 region_loss:  10.0 10.0 loc_loss:  0.20651424407958985 reward_loss:  -10.325712203979492
epoch:  49 batch:  50 region_loss:  10.0 10.0 loc_loss:  0.1620551872253418 reward_loss:  -8.102760314941406
epoch:  49 batch:  60 region_loss:  10.0 10.0 loc_loss:  0.14951126098632814 reward_loss:  -7.475564002990723
epoch:  49 batch:  70 region_loss:  10.0 10.0 loc_loss:  0.1615603446960449 reward_loss:  -8.07801628112793
epoch:  49 batch:  80 region_loss:  10.0 10.0 loc_loss:  0.1525873374938965 reward_loss:  -7.6293511390686035
epoch:  49 batch:  90 region_loss:  6.0 6.0 loc_loss:  0.08560869216918945 reward_loss:  -4.280429363250732
epoch:  49 batch:  100 region_loss:  8.0 8.0 loc_loss:  0.1128256607055664 reward_loss:  -5.64128303527832
epoch:  49 batch:  110 region_loss:  4.0 4.0 loc_loss:  0.04683530330657959 reward_loss:  -2.341773271560669
epoch:  49 batch:  120 region_loss:  5.0 5.0 loc_loss:  0.061504673957824704 reward_loss:  -3.0752363204956055
epoch:  49 batch:  130 region_loss:  7.0 7.0 loc_loss:  0.10912385940551758 reward_loss:  -5.456247329711914
acc@1:  0.1006585136406397
epoch: 49 region loss 0.17051094890510948 loc loss 0.14102809845096004 reward loss -7.051400912939197
