2
cuda
epoch:  0 batch:  0 region_loss:  10.0 10.0 loc_loss:  1.9797218322753907 reward_loss:  -98.98561096191406
epoch:  0 batch:  10 region_loss:  10.0 10.0 loc_loss:  1.986748046875 reward_loss:  -99.33787536621094
epoch:  0 batch:  20 region_loss:  10.0 10.0 loc_loss:  1.9806121826171874 reward_loss:  -99.02967834472656
epoch:  0 batch:  30 region_loss:  10.0 10.0 loc_loss:  1.9858033752441406 reward_loss:  -99.28948974609375
epoch:  0 batch:  40 region_loss:  10.0 10.0 loc_loss:  1.984228515625 reward_loss:  -99.21153259277344
epoch:  0 batch:  50 region_loss:  10.0 10.0 loc_loss:  1.98511474609375 reward_loss:  -99.25686645507812
epoch:  0 batch:  60 region_loss:  10.0 10.0 loc_loss:  1.9840216064453124 reward_loss:  -99.20169067382812
epoch:  0 batch:  70 region_loss:  10.0 10.0 loc_loss:  1.98252685546875 reward_loss:  -99.12610626220703
epoch:  0 batch:  80 region_loss:  10.0 10.0 loc_loss:  1.9761555480957032 reward_loss:  -98.8072509765625
epoch:  0 batch:  90 region_loss:  6.0 6.0 loc_loss:  1.184011459350586 reward_loss:  -59.20074462890625
epoch:  0 batch:  100 region_loss:  8.0 8.0 loc_loss:  1.5730728149414062 reward_loss:  -78.65348815917969
epoch:  0 batch:  110 region_loss:  4.0 4.0 loc_loss:  0.7863368988037109 reward_loss:  -39.31675720214844
epoch:  0 batch:  120 region_loss:  5.0 5.0 loc_loss:  0.9812633514404296 reward_loss:  -49.063087463378906
epoch:  0 batch:  130 region_loss:  7.0 7.0 loc_loss:  1.3676560974121095 reward_loss:  -68.38355255126953
acc@1:  0.0023518344308560675
epoch: 0 region loss 0.17051094890510948 loc loss 1.6863354035537608 reward loss -84.3167763870128
epoch:  1 batch:  0 region_loss:  10.0 10.0 loc_loss:  1.9050973510742188 reward_loss:  -95.25590515136719
epoch:  1 batch:  10 region_loss:  10.0 10.0 loc_loss:  1.9383787536621093 reward_loss:  -96.91944122314453
epoch:  1 batch:  20 region_loss:  10.0 10.0 loc_loss:  1.9193605041503907 reward_loss:  -95.9669189453125
epoch:  1 batch:  30 region_loss:  10.0 10.0 loc_loss:  1.92433349609375 reward_loss:  -96.2158432006836
epoch:  1 batch:  40 region_loss:  10.0 10.0 loc_loss:  1.9155781555175782 reward_loss:  -95.77822875976562
epoch:  1 batch:  50 region_loss:  10.0 10.0 loc_loss:  1.9137547302246094 reward_loss:  -95.68917846679688
epoch:  1 batch:  60 region_loss:  10.0 10.0 loc_loss:  1.9034623718261718 reward_loss:  -95.17510223388672
epoch:  1 batch:  70 region_loss:  10.0 10.0 loc_loss:  1.8875820922851563 reward_loss:  -94.37873840332031
epoch:  1 batch:  80 region_loss:  10.0 10.0 loc_loss:  1.8622610473632812 reward_loss:  -93.11258697509766
epoch:  1 batch:  90 region_loss:  6.0 6.0 loc_loss:  1.110203399658203 reward_loss:  -55.510581970214844
epoch:  1 batch:  100 region_loss:  8.0 8.0 loc_loss:  1.4615431213378907 reward_loss:  -73.07830810546875
epoch:  1 batch:  110 region_loss:  4.0 4.0 loc_loss:  0.737913589477539 reward_loss:  -36.8966064453125
epoch:  1 batch:  120 region_loss:  5.0 5.0 loc_loss:  0.9082041931152344 reward_loss:  -45.41117858886719
epoch:  1 batch:  130 region_loss:  7.0 7.0 loc_loss:  1.25685302734375 reward_loss:  -62.842227935791016
acc@1:  0.02539981185324553
epoch: 1 region loss 0.17051094890510948 loc loss 1.6046529828370921 reward loss -80.23260776491931
epoch:  2 batch:  0 region_loss:  10.0 10.0 loc_loss:  1.7267376708984374 reward_loss:  -86.33656311035156
epoch:  2 batch:  10 region_loss:  10.0 10.0 loc_loss:  1.7571585083007812 reward_loss:  -87.85672760009766
epoch:  2 batch:  20 region_loss:  10.0 10.0 loc_loss:  1.7320025634765626 reward_loss:  -86.6006088256836
epoch:  2 batch:  30 region_loss:  10.0 10.0 loc_loss:  1.7606451416015625 reward_loss:  -88.03289794921875
epoch:  2 batch:  40 region_loss:  10.0 10.0 loc_loss:  1.7204266357421876 reward_loss:  -86.02061462402344
epoch:  2 batch:  50 region_loss:  10.0 10.0 loc_loss:  1.7716142272949218 reward_loss:  -88.58045959472656
epoch:  2 batch:  60 region_loss:  10.0 10.0 loc_loss:  1.751786346435547 reward_loss:  -87.58944702148438
epoch:  2 batch:  70 region_loss:  10.0 10.0 loc_loss:  1.748291015625 reward_loss:  -87.41403198242188
epoch:  2 batch:  80 region_loss:  10.0 10.0 loc_loss:  1.719903564453125 reward_loss:  -85.99502563476562
epoch:  2 batch:  90 region_loss:  6.0 6.0 loc_loss:  1.0346212005615234 reward_loss:  -51.73217010498047
epoch:  2 batch:  100 region_loss:  8.0 8.0 loc_loss:  1.3729792785644532 reward_loss:  -68.64785766601562
epoch:  2 batch:  110 region_loss:  4.0 4.0 loc_loss:  0.6994358825683594 reward_loss:  -34.971378326416016
epoch:  2 batch:  120 region_loss:  5.0 5.0 loc_loss:  0.864375 reward_loss:  -43.219215393066406
epoch:  2 batch:  130 region_loss:  7.0 7.0 loc_loss:  1.2012449645996093 reward_loss:  -60.061771392822266
acc@1:  0.034807149576669805
epoch: 2 region loss 0.17051094890510948 loc loss 1.4743938568560748 reward loss -73.71965619943438
epoch:  3 batch:  0 region_loss:  10.0 10.0 loc_loss:  1.6733267211914062 reward_loss:  -83.66702270507812
epoch:  3 batch:  10 region_loss:  10.0 10.0 loc_loss:  1.6847239685058595 reward_loss:  -84.23645782470703
epoch:  3 batch:  20 region_loss:  10.0 10.0 loc_loss:  1.6423526000976563 reward_loss:  -82.11726379394531
epoch:  3 batch:  30 region_loss:  10.0 10.0 loc_loss:  1.6883831787109376 reward_loss:  -84.41841125488281
epoch:  3 batch:  40 region_loss:  10.0 10.0 loc_loss:  1.6436482238769532 reward_loss:  -82.18305969238281
epoch:  3 batch:  50 region_loss:  10.0 10.0 loc_loss:  1.697528076171875 reward_loss:  -84.87568664550781
epoch:  3 batch:  60 region_loss:  10.0 10.0 loc_loss:  1.6846737670898437 reward_loss:  -84.23347473144531
epoch:  3 batch:  70 region_loss:  10.0 10.0 loc_loss:  1.6780398559570313 reward_loss:  -83.90278625488281
epoch:  3 batch:  80 region_loss:  10.0 10.0 loc_loss:  1.6567579650878905 reward_loss:  -82.83916473388672
epoch:  3 batch:  90 region_loss:  6.0 6.0 loc_loss:  1.0003056335449219 reward_loss:  -50.014686584472656
epoch:  3 batch:  100 region_loss:  8.0 8.0 loc_loss:  1.3250830078125 reward_loss:  -66.25431060791016
epoch:  3 batch:  110 region_loss:  4.0 4.0 loc_loss:  0.6782732391357422 reward_loss:  -33.913761138916016
epoch:  3 batch:  120 region_loss:  5.0 5.0 loc_loss:  0.8392470550537109 reward_loss:  -41.96221160888672
epoch:  3 batch:  130 region_loss:  7.0 7.0 loc_loss:  1.1686216735839843 reward_loss:  -58.43192672729492
acc@1:  0.04045155221072436
epoch: 3 region loss 0.17051094890510948 loc loss 1.4134912766505332 reward loss -70.67457836735858
epoch:  4 batch:  0 region_loss:  10.0 10.0 loc_loss:  1.6288250732421874 reward_loss:  -81.4412612915039
epoch:  4 batch:  10 region_loss:  10.0 10.0 loc_loss:  1.637974853515625 reward_loss:  -81.89842224121094
epoch:  4 batch:  20 region_loss:  10.0 10.0 loc_loss:  1.5779080200195312 reward_loss:  -78.8951416015625
epoch:  4 batch:  30 region_loss:  10.0 10.0 loc_loss:  1.6377381896972656 reward_loss:  -81.88654327392578
epoch:  4 batch:  40 region_loss:  10.0 10.0 loc_loss:  1.5903875732421875 reward_loss:  -79.5190658569336
epoch:  4 batch:  50 region_loss:  10.0 10.0 loc_loss:  1.6385443115234375 reward_loss:  -81.92674255371094
epoch:  4 batch:  60 region_loss:  10.0 10.0 loc_loss:  1.6300181579589843 reward_loss:  -81.50213623046875
epoch:  4 batch:  70 region_loss:  10.0 10.0 loc_loss:  1.6180548095703124 reward_loss:  -80.90369415283203
epoch:  4 batch:  80 region_loss:  10.0 10.0 loc_loss:  1.6035128784179689 reward_loss:  -80.17542266845703
epoch:  4 batch:  90 region_loss:  6.0 6.0 loc_loss:  0.9705963897705078 reward_loss:  -48.53010559082031
epoch:  4 batch:  100 region_loss:  8.0 8.0 loc_loss:  1.280955810546875 reward_loss:  -64.04862213134766
epoch:  4 batch:  110 region_loss:  4.0 4.0 loc_loss:  0.6601649475097656 reward_loss:  -33.008182525634766
epoch:  4 batch:  120 region_loss:  5.0 5.0 loc_loss:  0.8146478271484375 reward_loss:  -40.732643127441406
epoch:  4 batch:  130 region_loss:  7.0 7.0 loc_loss:  1.1369322204589845 reward_loss:  -56.84661102294922
acc@1:  0.04750705550329257
epoch: 4 region loss 0.17051094890510948 loc loss 1.3651120487964936 reward loss -68.25567184225486
epoch:  5 batch:  0 region_loss:  10.0 10.0 loc_loss:  1.5797976684570312 reward_loss:  -78.9892807006836
epoch:  5 batch:  10 region_loss:  10.0 10.0 loc_loss:  1.5915411376953126 reward_loss:  -79.57682037353516
epoch:  5 batch:  20 region_loss:  10.0 10.0 loc_loss:  1.514267578125 reward_loss:  -75.71397399902344
epoch:  5 batch:  30 region_loss:  10.0 10.0 loc_loss:  1.586105499267578 reward_loss:  -79.30560302734375
epoch:  5 batch:  40 region_loss:  10.0 10.0 loc_loss:  1.5392298889160156 reward_loss:  -76.96111297607422
epoch:  5 batch:  50 region_loss:  10.0 10.0 loc_loss:  1.581245880126953 reward_loss:  -79.06248474121094
epoch:  5 batch:  60 region_loss:  10.0 10.0 loc_loss:  1.5763162231445313 reward_loss:  -78.81591033935547
epoch:  5 batch:  70 region_loss:  10.0 10.0 loc_loss:  1.5577186584472655 reward_loss:  -77.88514709472656
epoch:  5 batch:  80 region_loss:  10.0 10.0 loc_loss:  1.54959228515625 reward_loss:  -77.47953796386719
epoch:  5 batch:  90 region_loss:  6.0 6.0 loc_loss:  0.9405705261230469 reward_loss:  -47.02815246582031
epoch:  5 batch:  100 region_loss:  8.0 8.0 loc_loss:  1.234730453491211 reward_loss:  -61.736732482910156
epoch:  5 batch:  110 region_loss:  4.0 4.0 loc_loss:  0.6418603515625 reward_loss:  -32.09282684326172
epoch:  5 batch:  120 region_loss:  5.0 5.0 loc_loss:  0.7884734344482421 reward_loss:  -39.423614501953125
epoch:  5 batch:  130 region_loss:  7.0 7.0 loc_loss:  1.103258056640625 reward_loss:  -55.162906646728516
acc@1:  0.05832549388523048
epoch: 5 region loss 0.17051094890510948 loc loss 1.316397091942112 reward loss -65.81985547420753
epoch:  6 batch:  0 region_loss:  10.0 10.0 loc_loss:  1.5246185302734374 reward_loss:  -76.23086547851562
epoch:  6 batch:  10 region_loss:  10.0 10.0 loc_loss:  1.5407200622558594 reward_loss:  -77.03640747070312
epoch:  6 batch:  20 region_loss:  10.0 10.0 loc_loss:  1.4463006591796874 reward_loss:  -72.3150405883789
epoch:  6 batch:  30 region_loss:  10.0 10.0 loc_loss:  1.529677734375 reward_loss:  -76.48365020751953
epoch:  6 batch:  40 region_loss:  10.0 10.0 loc_loss:  1.4863374328613281 reward_loss:  -74.31729888916016
epoch:  6 batch:  50 region_loss:  10.0 10.0 loc_loss:  1.520380859375 reward_loss:  -76.01850891113281
epoch:  6 batch:  60 region_loss:  10.0 10.0 loc_loss:  1.5195556640625 reward_loss:  -75.97801208496094
epoch:  6 batch:  70 region_loss:  10.0 10.0 loc_loss:  1.4933834838867188 reward_loss:  -74.66927337646484
epoch:  6 batch:  80 region_loss:  10.0 10.0 loc_loss:  1.4926634216308594 reward_loss:  -74.63372802734375
epoch:  6 batch:  90 region_loss:  6.0 6.0 loc_loss:  0.9091239929199219 reward_loss:  -45.45606231689453
epoch:  6 batch:  100 region_loss:  8.0 8.0 loc_loss:  1.1846627807617187 reward_loss:  -59.233856201171875
epoch:  6 batch:  110 region_loss:  4.0 4.0 loc_loss:  0.6229591751098633 reward_loss:  -31.14824104309082
epoch:  6 batch:  120 region_loss:  5.0 5.0 loc_loss:  0.7599443054199219 reward_loss:  -37.99720001220703
epoch:  6 batch:  130 region_loss:  7.0 7.0 loc_loss:  1.0668069458007812 reward_loss:  -53.33995056152344
acc@1:  0.06773283160865474
epoch: 6 region loss 0.17051094890510948 loc loss 1.2646142419411317 reward loss -63.23071120603241
epoch:  7 batch:  0 region_loss:  10.0 10.0 loc_loss:  1.4631974792480469 reward_loss:  -73.16040802001953
epoch:  7 batch:  10 region_loss:  10.0 10.0 loc_loss:  1.4844140625 reward_loss:  -74.22058868408203
epoch:  7 batch:  20 region_loss:  10.0 10.0 loc_loss:  1.37439453125 reward_loss:  -68.71916198730469
epoch:  7 batch:  30 region_loss:  10.0 10.0 loc_loss:  1.4684513854980468 reward_loss:  -73.42268371582031
epoch:  7 batch:  40 region_loss:  10.0 10.0 loc_loss:  1.4319459533691405 reward_loss:  -71.5974349975586
epoch:  7 batch:  50 region_loss:  10.0 10.0 loc_loss:  1.4547874450683593 reward_loss:  -72.7394027709961
epoch:  7 batch:  60 region_loss:  10.0 10.0 loc_loss:  1.4581272888183594 reward_loss:  -72.90575408935547
epoch:  7 batch:  70 region_loss:  10.0 10.0 loc_loss:  1.424462890625 reward_loss:  -71.22314453125
epoch:  7 batch:  80 region_loss:  10.0 10.0 loc_loss:  1.4323068237304688 reward_loss:  -71.61538696289062
epoch:  7 batch:  90 region_loss:  6.0 6.0 loc_loss:  0.876152572631836 reward_loss:  -43.80740737915039
epoch:  7 batch:  100 region_loss:  8.0 8.0 loc_loss:  1.1304662322998047 reward_loss:  -56.5235710144043
epoch:  7 batch:  110 region_loss:  4.0 4.0 loc_loss:  0.6029018783569335 reward_loss:  -30.14545440673828
epoch:  7 batch:  120 region_loss:  5.0 5.0 loc_loss:  0.7294577026367187 reward_loss:  -36.472450256347656
epoch:  7 batch:  130 region_loss:  7.0 7.0 loc_loss:  1.0274398040771484 reward_loss:  -51.37196350097656
acc@1:  0.08043273753527752
epoch: 7 region loss 0.17051094890510948 loc loss 1.2094476129016736 reward loss -60.47233648369782
epoch:  8 batch:  0 region_loss:  10.0 10.0 loc_loss:  1.3965748596191405 reward_loss:  -69.82979583740234
epoch:  8 batch:  10 region_loss:  10.0 10.0 loc_loss:  1.423236083984375 reward_loss:  -71.1620101928711
epoch:  8 batch:  20 region_loss:  10.0 10.0 loc_loss:  1.29938232421875 reward_loss:  -64.96929931640625
epoch:  8 batch:  30 region_loss:  10.0 10.0 loc_loss:  1.4030625915527344 reward_loss:  -70.15318298339844
epoch:  8 batch:  40 region_loss:  10.0 10.0 loc_loss:  1.3774871826171875 reward_loss:  -68.87395477294922
epoch:  8 batch:  50 region_loss:  10.0 10.0 loc_loss:  1.384755859375 reward_loss:  -69.23817443847656
epoch:  8 batch:  60 region_loss:  10.0 10.0 loc_loss:  1.393733367919922 reward_loss:  -69.68668365478516
epoch:  8 batch:  70 region_loss:  10.0 10.0 loc_loss:  1.3514479064941407 reward_loss:  -67.57271575927734
epoch:  8 batch:  80 region_loss:  10.0 10.0 loc_loss:  1.3703878784179688 reward_loss:  -68.51974487304688
epoch:  8 batch:  90 region_loss:  6.0 6.0 loc_loss:  0.8419862365722657 reward_loss:  -42.09902572631836
epoch:  8 batch:  100 region_loss:  8.0 8.0 loc_loss:  1.0738118743896485 reward_loss:  -53.69131851196289
epoch:  8 batch:  110 region_loss:  4.0 4.0 loc_loss:  0.581790542602539 reward_loss:  -29.089448928833008
epoch:  8 batch:  120 region_loss:  5.0 5.0 loc_loss:  0.6976784515380859 reward_loss:  -34.88410186767578
epoch:  8 batch:  130 region_loss:  7.0 7.0 loc_loss:  0.9858006286621094 reward_loss:  -49.29021072387695
acc@1:  0.09172154280338664
epoch: 8 region loss 0.17051094890510948 loc loss 1.1519811772256001 reward loss -57.599099096590585
epoch:  9 batch:  0 region_loss:  10.0 10.0 loc_loss:  1.3254299926757813 reward_loss:  -66.27171325683594
epoch:  9 batch:  10 region_loss:  10.0 10.0 loc_loss:  1.3576025390625 reward_loss:  -67.88019561767578
epoch:  9 batch:  20 region_loss:  10.0 10.0 loc_loss:  1.2240564727783203 reward_loss:  -61.20252990722656
epoch:  9 batch:  30 region_loss:  10.0 10.0 loc_loss:  1.33530029296875 reward_loss:  -66.7652359008789
epoch:  9 batch:  40 region_loss:  10.0 10.0 loc_loss:  1.323795166015625 reward_loss:  -66.18980407714844
epoch:  9 batch:  50 region_loss:  10.0 10.0 loc_loss:  1.31122802734375 reward_loss:  -65.56126403808594
epoch:  9 batch:  60 region_loss:  10.0 10.0 loc_loss:  1.3279888916015625 reward_loss:  -66.39945220947266
epoch:  9 batch:  70 region_loss:  10.0 10.0 loc_loss:  1.276553955078125 reward_loss:  -63.828086853027344
epoch:  9 batch:  80 region_loss:  10.0 10.0 loc_loss:  1.3084738159179687 reward_loss:  -65.42416381835938
epoch:  9 batch:  90 region_loss:  6.0 6.0 loc_loss:  0.8067888641357421 reward_loss:  -40.339839935302734
epoch:  9 batch:  100 region_loss:  8.0 8.0 loc_loss:  1.0158611297607423 reward_loss:  -50.79320526123047
epoch:  9 batch:  110 region_loss:  4.0 4.0 loc_loss:  0.5602741241455078 reward_loss:  -28.014080047607422
epoch:  9 batch:  120 region_loss:  5.0 5.0 loc_loss:  0.664912109375 reward_loss:  -33.24514389038086
epoch:  9 batch:  130 region_loss:  7.0 7.0 loc_loss:  0.9428113555908203 reward_loss:  -47.140403747558594
acc@1:  0.10301034807149577
epoch: 9 region loss 0.17051094890510948 loc loss 1.0936437066628115 reward loss -54.68216522940754
epoch:  10 batch:  0 region_loss:  10.0 10.0 loc_loss:  1.252312545776367 reward_loss:  -62.61499786376953
epoch:  10 batch:  10 region_loss:  10.0 10.0 loc_loss:  1.2898440551757813 reward_loss:  -64.49238586425781
epoch:  10 batch:  20 region_loss:  10.0 10.0 loc_loss:  1.1508960723876953 reward_loss:  -57.5448112487793
epoch:  10 batch:  30 region_loss:  10.0 10.0 loc_loss:  1.2653595733642578 reward_loss:  -63.268043518066406
epoch:  10 batch:  40 region_loss:  10.0 10.0 loc_loss:  1.2701083374023439 reward_loss:  -63.50545883178711
epoch:  10 batch:  50 region_loss:  10.0 10.0 loc_loss:  1.235924530029297 reward_loss:  -61.79618835449219
epoch:  10 batch:  60 region_loss:  10.0 10.0 loc_loss:  1.2628157043457031 reward_loss:  -63.141029357910156
epoch:  10 batch:  70 region_loss:  10.0 10.0 loc_loss:  1.202356491088867 reward_loss:  -60.11779022216797
epoch:  10 batch:  80 region_loss:  10.0 10.0 loc_loss:  1.2482066345214844 reward_loss:  -62.410709381103516
epoch:  10 batch:  90 region_loss:  6.0 6.0 loc_loss:  0.7712174224853515 reward_loss:  -38.560882568359375
epoch:  10 batch:  100 region_loss:  8.0 8.0 loc_loss:  0.9584957885742188 reward_loss:  -47.924930572509766
epoch:  10 batch:  110 region_loss:  4.0 4.0 loc_loss:  0.5377604293823243 reward_loss:  -26.887935638427734
epoch:  10 batch:  120 region_loss:  5.0 5.0 loc_loss:  0.6321783447265625 reward_loss:  -31.609577178955078
epoch:  10 batch:  130 region_loss:  7.0 7.0 loc_loss:  0.8996696472167969 reward_loss:  -44.98342514038086
acc@1:  0.11665098777046096
epoch: 10 region loss 0.17051094890510948 loc loss 1.0357829727395609 reward loss -51.78913666384064
epoch:  11 batch:  0 region_loss:  10.0 10.0 loc_loss:  1.1792022705078125 reward_loss:  -58.9599723815918
epoch:  11 batch:  10 region_loss:  10.0 10.0 loc_loss:  1.222102813720703 reward_loss:  -61.10540771484375
epoch:  11 batch:  20 region_loss:  10.0 10.0 loc_loss:  1.081721954345703 reward_loss:  -54.08615493774414
epoch:  11 batch:  30 region_loss:  10.0 10.0 loc_loss:  1.1952186584472657 reward_loss:  -59.76075744628906
epoch:  11 batch:  40 region_loss:  10.0 10.0 loc_loss:  1.2168748474121094 reward_loss:  -60.84400939941406
epoch:  11 batch:  50 region_loss:  10.0 10.0 loc_loss:  1.1605799865722657 reward_loss:  -58.02910614013672
epoch:  11 batch:  60 region_loss:  10.0 10.0 loc_loss:  1.1989944458007813 reward_loss:  -59.94955062866211
epoch:  11 batch:  70 region_loss:  10.0 10.0 loc_loss:  1.131205825805664 reward_loss:  -56.560482025146484
epoch:  11 batch:  80 region_loss:  10.0 10.0 loc_loss:  1.1916326904296874 reward_loss:  -59.581886291503906
epoch:  11 batch:  90 region_loss:  6.0 6.0 loc_loss:  0.7363031005859375 reward_loss:  -36.8153190612793
epoch:  11 batch:  100 region_loss:  8.0 8.0 loc_loss:  0.9039067077636719 reward_loss:  -45.19546127319336
epoch:  11 batch:  110 region_loss:  4.0 4.0 loc_loss:  0.5151123809814453 reward_loss:  -25.755401611328125
epoch:  11 batch:  120 region_loss:  5.0 5.0 loc_loss:  0.5998268127441406 reward_loss:  -29.991548538208008
epoch:  11 batch:  130 region_loss:  7.0 7.0 loc_loss:  0.8565923309326172 reward_loss:  -42.82981491088867
acc@1:  0.12746942615239887
epoch: 11 region loss 0.17051094890510948 loc loss 0.9796999164219321 reward loss -48.985032408776945
epoch:  12 batch:  0 region_loss:  10.0 10.0 loc_loss:  1.1088619995117188 reward_loss:  -55.44255065917969
epoch:  12 batch:  10 region_loss:  10.0 10.0 loc_loss:  1.1551502990722655 reward_loss:  -57.75743865966797
epoch:  12 batch:  20 region_loss:  10.0 10.0 loc_loss:  1.0165045928955079 reward_loss:  -50.82518005371094
epoch:  12 batch:  30 region_loss:  10.0 10.0 loc_loss:  1.1259268951416015 reward_loss:  -56.29638671875
epoch:  12 batch:  40 region_loss:  10.0 10.0 loc_loss:  1.1641130065917968 reward_loss:  -58.20552444458008
epoch:  12 batch:  50 region_loss:  10.0 10.0 loc_loss:  1.0878062438964844 reward_loss:  -54.39045333862305
epoch:  12 batch:  60 region_loss:  10.0 10.0 loc_loss:  1.1381451416015624 reward_loss:  -56.90692138671875
epoch:  12 batch:  70 region_loss:  10.0 10.0 loc_loss:  1.0649578857421875 reward_loss:  -53.24789047241211
epoch:  12 batch:  80 region_loss:  10.0 10.0 loc_loss:  1.138158645629883 reward_loss:  -56.90815353393555
epoch:  12 batch:  90 region_loss:  6.0 6.0 loc_loss:  0.7024093627929687 reward_loss:  -35.12017822265625
epoch:  12 batch:  100 region_loss:  8.0 8.0 loc_loss:  0.8527570343017579 reward_loss:  -42.63801193237305
epoch:  12 batch:  110 region_loss:  4.0 4.0 loc_loss:  0.49215606689453123 reward_loss:  -24.60822296142578
epoch:  12 batch:  120 region_loss:  5.0 5.0 loc_loss:  0.5686917877197266 reward_loss:  -28.434188842773438
epoch:  12 batch:  130 region_loss:  7.0 7.0 loc_loss:  0.8150505065917969 reward_loss:  -40.75291061401367
acc@1:  0.13264346190028223
epoch: 12 region loss 0.17051094890510948 loc loss 0.9263487151765476 reward loss -46.31742559558284
epoch:  13 batch:  0 region_loss:  10.0 10.0 loc_loss:  1.0426829528808594 reward_loss:  -52.13438415527344
epoch:  13 batch:  10 region_loss:  10.0 10.0 loc_loss:  1.090945281982422 reward_loss:  -54.547462463378906
epoch:  13 batch:  20 region_loss:  10.0 10.0 loc_loss:  0.9561337280273438 reward_loss:  -47.80621337890625
epoch:  13 batch:  30 region_loss:  10.0 10.0 loc_loss:  1.0589273834228516 reward_loss:  -52.946006774902344
epoch:  13 batch:  40 region_loss:  10.0 10.0 loc_loss:  1.1124744415283203 reward_loss:  -55.62374496459961
epoch:  13 batch:  50 region_loss:  10.0 10.0 loc_loss:  1.019128875732422 reward_loss:  -50.95654296875
epoch:  13 batch:  60 region_loss:  10.0 10.0 loc_loss:  1.0803643798828124 reward_loss:  -54.01797866821289
epoch:  13 batch:  70 region_loss:  10.0 10.0 loc_loss:  1.0042162322998047 reward_loss:  -50.21181106567383
epoch:  13 batch:  80 region_loss:  10.0 10.0 loc_loss:  1.0865158081054687 reward_loss:  -54.32628631591797
epoch:  13 batch:  90 region_loss:  6.0 6.0 loc_loss:  0.6700350952148437 reward_loss:  -33.502071380615234
epoch:  13 batch:  100 region_loss:  8.0 8.0 loc_loss:  0.8052764892578125 reward_loss:  -40.26386260986328
epoch:  13 batch:  110 region_loss:  4.0 4.0 loc_loss:  0.46996685028076174 reward_loss:  -23.49806785583496
epoch:  13 batch:  120 region_loss:  5.0 5.0 loc_loss:  0.5390001678466797 reward_loss:  -26.9500789642334
epoch:  13 batch:  130 region_loss:  7.0 7.0 loc_loss:  0.7756044006347657 reward_loss:  -38.78045654296875
acc@1:  0.13687676387582315
epoch: 13 region loss 0.17051094890510948 loc loss 0.8763087571972479 reward loss -43.81544399957587
epoch:  14 batch:  0 region_loss:  10.0 10.0 loc_loss:  0.9818000030517579 reward_loss:  -49.089534759521484
epoch:  14 batch:  10 region_loss:  10.0 10.0 loc_loss:  1.0305293273925782 reward_loss:  -51.526405334472656
epoch:  14 batch:  20 region_loss:  10.0 10.0 loc_loss:  0.9000244140625 reward_loss:  -45.00127410888672
epoch:  14 batch:  30 region_loss:  10.0 10.0 loc_loss:  0.9962443542480469 reward_loss:  -49.812828063964844
epoch:  14 batch:  40 region_loss:  10.0 10.0 loc_loss:  1.062981185913086 reward_loss:  -53.14909362792969
epoch:  14 batch:  50 region_loss:  10.0 10.0 loc_loss:  0.955919189453125 reward_loss:  -47.79597473144531
epoch:  14 batch:  60 region_loss:  10.0 10.0 loc_loss:  1.0264204406738282 reward_loss:  -51.320926666259766
epoch:  14 batch:  70 region_loss:  10.0 10.0 loc_loss:  0.9490393829345704 reward_loss:  -47.45161437988281
epoch:  14 batch:  80 region_loss:  10.0 10.0 loc_loss:  1.037999038696289 reward_loss:  -51.900020599365234
epoch:  14 batch:  90 region_loss:  6.0 6.0 loc_loss:  0.6392478561401367 reward_loss:  -31.962547302246094
epoch:  14 batch:  100 region_loss:  8.0 8.0 loc_loss:  0.7612777709960937 reward_loss:  -38.063838958740234
epoch:  14 batch:  110 region_loss:  4.0 4.0 loc_loss:  0.44811019897460935 reward_loss:  -22.405227661132812
epoch:  14 batch:  120 region_loss:  5.0 5.0 loc_loss:  0.5105668640136719 reward_loss:  -25.528093338012695
epoch:  14 batch:  130 region_loss:  7.0 7.0 loc_loss:  0.7380621337890625 reward_loss:  -36.903465270996094
acc@1:  0.14111006585136407
epoch: 14 region loss 0.17051094890510948 loc loss 0.8299167582936531 reward loss -41.49582304571667
epoch:  15 batch:  0 region_loss:  10.0 10.0 loc_loss:  0.9262186431884766 reward_loss:  -46.310752868652344
epoch:  15 batch:  10 region_loss:  10.0 10.0 loc_loss:  0.9739067840576172 reward_loss:  -48.69571304321289
epoch:  15 batch:  20 region_loss:  10.0 10.0 loc_loss:  0.8492116546630859 reward_loss:  -42.460723876953125
epoch:  15 batch:  30 region_loss:  10.0 10.0 loc_loss:  0.9384201049804688 reward_loss:  -46.920650482177734
epoch:  15 batch:  40 region_loss:  10.0 10.0 loc_loss:  1.016924819946289 reward_loss:  -50.84611892700195
epoch:  15 batch:  50 region_loss:  10.0 10.0 loc_loss:  0.8984258270263672 reward_loss:  -44.921260833740234
epoch:  15 batch:  60 region_loss:  10.0 10.0 loc_loss:  0.9762702178955078 reward_loss:  -48.8134880065918
epoch:  15 batch:  70 region_loss:  10.0 10.0 loc_loss:  0.8984983825683593 reward_loss:  -44.924903869628906
epoch:  15 batch:  80 region_loss:  10.0 10.0 loc_loss:  0.9913381958007812 reward_loss:  -49.56660461425781
epoch:  15 batch:  90 region_loss:  6.0 6.0 loc_loss:  0.6092435455322266 reward_loss:  -30.461807250976562
epoch:  15 batch:  100 region_loss:  8.0 8.0 loc_loss:  0.7214698791503906 reward_loss:  -36.073516845703125
epoch:  15 batch:  110 region_loss:  4.0 4.0 loc_loss:  0.42666412353515626 reward_loss:  -21.33324432373047
epoch:  15 batch:  120 region_loss:  5.0 5.0 loc_loss:  0.48320751190185546 reward_loss:  -24.16040802001953
epoch:  15 batch:  130 region_loss:  7.0 7.0 loc_loss:  0.70298828125 reward_loss:  -35.1495246887207
acc@1:  0.145343367826905
epoch: 15 region loss 0.17051094890510948 loc loss 0.7872048588216739 reward loss -39.36024266263864
epoch:  16 batch:  0 region_loss:  10.0 10.0 loc_loss:  0.8763495635986328 reward_loss:  -43.8175048828125
epoch:  16 batch:  10 region_loss:  10.0 10.0 loc_loss:  0.9235574340820313 reward_loss:  -46.17778015136719
epoch:  16 batch:  20 region_loss:  10.0 10.0 loc_loss:  0.803353042602539 reward_loss:  -40.16762924194336
epoch:  16 batch:  30 region_loss:  10.0 10.0 loc_loss:  0.8861158752441406 reward_loss:  -44.305931091308594
epoch:  16 batch:  40 region_loss:  10.0 10.0 loc_loss:  0.9736404418945312 reward_loss:  -48.68242645263672
epoch:  16 batch:  50 region_loss:  10.0 10.0 loc_loss:  0.8473133087158203 reward_loss:  -42.36539077758789
epoch:  16 batch:  60 region_loss:  10.0 10.0 loc_loss:  0.9294266510009765 reward_loss:  -46.47111892700195
epoch:  16 batch:  70 region_loss:  10.0 10.0 loc_loss:  0.8532843017578124 reward_loss:  -42.6638069152832
epoch:  16 batch:  80 region_loss:  10.0 10.0 loc_loss:  0.9465536499023437 reward_loss:  -47.327720642089844
epoch:  16 batch:  90 region_loss:  6.0 6.0 loc_loss:  0.5817789459228515 reward_loss:  -29.088542938232422
epoch:  16 batch:  100 region_loss:  8.0 8.0 loc_loss:  0.6853855133056641 reward_loss:  -34.2689208984375
epoch:  16 batch:  110 region_loss:  4.0 4.0 loc_loss:  0.4065161895751953 reward_loss:  -20.32585334777832
epoch:  16 batch:  120 region_loss:  5.0 5.0 loc_loss:  0.45810829162597655 reward_loss:  -22.905290603637695
epoch:  16 batch:  130 region_loss:  7.0 7.0 loc_loss:  0.6701387786865234 reward_loss:  -33.506988525390625
acc@1:  0.1462841015992474
epoch: 16 region loss 0.17051094890510948 loc loss 0.7479226294747234 reward loss -37.39613076370128
epoch:  17 batch:  0 region_loss:  10.0 10.0 loc_loss:  0.8306275939941407 reward_loss:  -41.53144073486328
epoch:  17 batch:  10 region_loss:  10.0 10.0 loc_loss:  0.8770500946044922 reward_loss:  -43.852291107177734
epoch:  17 batch:  20 region_loss:  10.0 10.0 loc_loss:  0.7628031158447266 reward_loss:  -38.14072799682617
epoch:  17 batch:  30 region_loss:  10.0 10.0 loc_loss:  0.8381301879882812 reward_loss:  -41.90602493286133
epoch:  17 batch:  40 region_loss:  10.0 10.0 loc_loss:  0.9342330932617188 reward_loss:  -46.7114372253418
epoch:  17 batch:  50 region_loss:  10.0 10.0 loc_loss:  0.8011653900146485 reward_loss:  -40.057945251464844
epoch:  17 batch:  60 region_loss:  10.0 10.0 loc_loss:  0.8850184631347656 reward_loss:  -44.25081253051758
epoch:  17 batch:  70 region_loss:  10.0 10.0 loc_loss:  0.8110724639892578 reward_loss:  -40.55400085449219
epoch:  17 batch:  80 region_loss:  10.0 10.0 loc_loss:  0.9042615509033203 reward_loss:  -45.212989807128906
epoch:  17 batch:  90 region_loss:  6.0 6.0 loc_loss:  0.5554551696777343 reward_loss:  -27.772783279418945
epoch:  17 batch:  100 region_loss:  8.0 8.0 loc_loss:  0.6519405364990234 reward_loss:  -32.59720230102539
epoch:  17 batch:  110 region_loss:  4.0 4.0 loc_loss:  0.3870265960693359 reward_loss:  -19.35137939453125
epoch:  17 batch:  120 region_loss:  5.0 5.0 loc_loss:  0.43368865966796877 reward_loss:  -21.684520721435547
epoch:  17 batch:  130 region_loss:  7.0 7.0 loc_loss:  0.6388237762451172 reward_loss:  -31.94109344482422
acc@1:  0.14205079962370648
epoch: 17 region loss 0.17051094890510948 loc loss 0.7118785997376825 reward loss -35.593942509950516
epoch:  18 batch:  0 region_loss:  10.0 10.0 loc_loss:  0.7892530059814453 reward_loss:  -39.46229553222656
epoch:  18 batch:  10 region_loss:  10.0 10.0 loc_loss:  0.8346217346191406 reward_loss:  -41.73118591308594
epoch:  18 batch:  20 region_loss:  10.0 10.0 loc_loss:  0.7267093658447266 reward_loss:  -36.334686279296875
epoch:  18 batch:  30 region_loss:  10.0 10.0 loc_loss:  0.7947650909423828 reward_loss:  -39.738040924072266
epoch:  18 batch:  40 region_loss:  10.0 10.0 loc_loss:  0.8970906066894532 reward_loss:  -44.854618072509766
epoch:  18 batch:  50 region_loss:  10.0 10.0 loc_loss:  0.75975830078125 reward_loss:  -37.98802185058594
epoch:  18 batch:  60 region_loss:  10.0 10.0 loc_loss:  0.8426123046875 reward_loss:  -42.130550384521484
epoch:  18 batch:  70 region_loss:  10.0 10.0 loc_loss:  0.7733427429199219 reward_loss:  -38.66686248779297
epoch:  18 batch:  80 region_loss:  10.0 10.0 loc_loss:  0.8649539184570313 reward_loss:  -43.24778747558594
epoch:  18 batch:  90 region_loss:  6.0 6.0 loc_loss:  0.5303339767456055 reward_loss:  -26.516563415527344
epoch:  18 batch:  100 region_loss:  8.0 8.0 loc_loss:  0.6207534790039062 reward_loss:  -31.037616729736328
epoch:  18 batch:  110 region_loss:  4.0 4.0 loc_loss:  0.3688744354248047 reward_loss:  -18.443775177001953
epoch:  18 batch:  120 region_loss:  5.0 5.0 loc_loss:  0.41084751129150393 reward_loss:  -20.542226791381836
epoch:  18 batch:  130 region_loss:  7.0 7.0 loc_loss:  0.6098124694824218 reward_loss:  -30.49074363708496
acc@1:  0.14299153339604892
epoch: 18 region loss 0.17051094890510948 loc loss 0.6785410810038991 reward loss -33.92704784783134
epoch:  19 batch:  0 region_loss:  10.0 10.0 loc_loss:  0.7505101776123047 reward_loss:  -37.5257453918457
epoch:  19 batch:  10 region_loss:  10.0 10.0 loc_loss:  0.795269775390625 reward_loss:  -39.763450622558594
epoch:  19 batch:  20 region_loss:  10.0 10.0 loc_loss:  0.6945077514648438 reward_loss:  -34.72554397583008
epoch:  19 batch:  30 region_loss:  10.0 10.0 loc_loss:  0.7546959686279296 reward_loss:  -37.734718322753906
epoch:  19 batch:  40 region_loss:  10.0 10.0 loc_loss:  0.8626165008544922 reward_loss:  -43.13040542602539
epoch:  19 batch:  50 region_loss:  10.0 10.0 loc_loss:  0.7229059600830078 reward_loss:  -36.14507293701172
epoch:  19 batch:  60 region_loss:  10.0 10.0 loc_loss:  0.8027825927734376 reward_loss:  -40.13917922973633
epoch:  19 batch:  70 region_loss:  10.0 10.0 loc_loss:  0.7374607849121094 reward_loss:  -36.87347412109375
epoch:  19 batch:  80 region_loss:  10.0 10.0 loc_loss:  0.8272125244140625 reward_loss:  -41.359886169433594
epoch:  19 batch:  90 region_loss:  6.0 6.0 loc_loss:  0.5068631744384766 reward_loss:  -25.343006134033203
epoch:  19 batch:  100 region_loss:  8.0 8.0 loc_loss:  0.5920607376098633 reward_loss:  -29.602937698364258
epoch:  19 batch:  110 region_loss:  4.0 4.0 loc_loss:  0.35139152526855466 reward_loss:  -17.569561004638672
epoch:  19 batch:  120 region_loss:  5.0 5.0 loc_loss:  0.38892333984375 reward_loss:  -19.446229934692383
epoch:  19 batch:  130 region_loss:  7.0 7.0 loc_loss:  0.5816971969604492 reward_loss:  -29.084749221801758
acc@1:  0.14346190028222014
epoch: 19 region loss 0.17051094890510948 loc loss 0.6476800706960859 reward loss -32.38399278682514
epoch:  20 batch:  0 region_loss:  10.0 10.0 loc_loss:  0.7140449523925781 reward_loss:  -35.70212936401367
epoch:  20 batch:  10 region_loss:  10.0 10.0 loc_loss:  0.7591454315185547 reward_loss:  -37.95708084106445
epoch:  20 batch:  20 region_loss:  10.0 10.0 loc_loss:  0.6644308471679687 reward_loss:  -33.221778869628906
epoch:  20 batch:  30 region_loss:  10.0 10.0 loc_loss:  0.71731201171875 reward_loss:  -35.865447998046875
epoch:  20 batch:  40 region_loss:  10.0 10.0 loc_loss:  0.8304818725585937 reward_loss:  -41.524261474609375
epoch:  20 batch:  50 region_loss:  10.0 10.0 loc_loss:  0.6884619903564453 reward_loss:  -34.422603607177734
epoch:  20 batch:  60 region_loss:  10.0 10.0 loc_loss:  0.7643489837646484 reward_loss:  -38.21730041503906
epoch:  20 batch:  70 region_loss:  10.0 10.0 loc_loss:  0.7044869995117188 reward_loss:  -35.22437286376953
epoch:  20 batch:  80 region_loss:  10.0 10.0 loc_loss:  0.7915106201171875 reward_loss:  -39.57579040527344
epoch:  20 batch:  90 region_loss:  6.0 6.0 loc_loss:  0.4847265625 reward_loss:  -24.236106872558594
epoch:  20 batch:  100 region_loss:  8.0 8.0 loc_loss:  0.5647315979003906 reward_loss:  -28.23617935180664
epoch:  20 batch:  110 region_loss:  4.0 4.0 loc_loss:  0.334761848449707 reward_loss:  -16.738121032714844
epoch:  20 batch:  120 region_loss:  5.0 5.0 loc_loss:  0.36891857147216794 reward_loss:  -18.44574546813965
epoch:  20 batch:  130 region_loss:  7.0 7.0 loc_loss:  0.5557855606079102 reward_loss:  -27.789438247680664
