1
cuda
epoch:  0 batch:  0 region_loss:  10.0 10.0 loc_loss:  1.9836613464355468 reward_loss:  -99.18291473388672
epoch:  0 batch:  10 region_loss:  10.0 10.0 loc_loss:  1.9841372680664062 reward_loss:  -99.20700073242188
epoch:  0 batch:  20 region_loss:  10.0 10.0 loc_loss:  1.985469207763672 reward_loss:  -99.27336883544922
epoch:  0 batch:  30 region_loss:  10.0 10.0 loc_loss:  1.9857795715332032 reward_loss:  -99.28810119628906
epoch:  0 batch:  40 region_loss:  10.0 10.0 loc_loss:  1.979698486328125 reward_loss:  -98.98499298095703
epoch:  0 batch:  50 region_loss:  10.0 10.0 loc_loss:  1.9887908935546874 reward_loss:  -99.43907165527344
epoch:  0 batch:  60 region_loss:  10.0 10.0 loc_loss:  1.9820259094238282 reward_loss:  -99.10044860839844
epoch:  0 batch:  70 region_loss:  10.0 10.0 loc_loss:  1.975132293701172 reward_loss:  -98.75765991210938
epoch:  0 batch:  80 region_loss:  10.0 10.0 loc_loss:  1.978499298095703 reward_loss:  -98.92556762695312
epoch:  0 batch:  90 region_loss:  6.0 6.0 loc_loss:  1.183912353515625 reward_loss:  -59.194732666015625
epoch:  0 batch:  100 region_loss:  8.0 8.0 loc_loss:  1.573782958984375 reward_loss:  -78.6878433227539
epoch:  0 batch:  110 region_loss:  4.0 4.0 loc_loss:  0.7857860565185547 reward_loss:  -39.289093017578125
epoch:  0 batch:  120 region_loss:  5.0 5.0 loc_loss:  0.9790460205078125 reward_loss:  -48.95204162597656
epoch:  0 batch:  130 region_loss:  7.0 7.0 loc_loss:  1.3716836547851563 reward_loss:  -68.58360290527344
acc@1:  0.0018814675446848542
epoch: 0 region loss 0.17051094890510948 loc loss 1.6874810033645073 reward loss -84.37400196938619
epoch:  1 batch:  0 region_loss:  10.0 10.0 loc_loss:  1.9089300537109375 reward_loss:  -95.4456558227539
epoch:  1 batch:  10 region_loss:  10.0 10.0 loc_loss:  1.9347592163085938 reward_loss:  -96.73762512207031
epoch:  1 batch:  20 region_loss:  10.0 10.0 loc_loss:  1.9237762451171876 reward_loss:  -96.18968200683594
epoch:  1 batch:  30 region_loss:  10.0 10.0 loc_loss:  1.9240516662597655 reward_loss:  -96.20174407958984
epoch:  1 batch:  40 region_loss:  10.0 10.0 loc_loss:  1.9088047790527343 reward_loss:  -95.44074249267578
epoch:  1 batch:  50 region_loss:  10.0 10.0 loc_loss:  1.9080831909179687 reward_loss:  -95.404296875
epoch:  1 batch:  60 region_loss:  10.0 10.0 loc_loss:  1.892158203125 reward_loss:  -94.60791015625
epoch:  1 batch:  70 region_loss:  10.0 10.0 loc_loss:  1.8784074401855468 reward_loss:  -93.92208862304688
epoch:  1 batch:  80 region_loss:  10.0 10.0 loc_loss:  1.851945037841797 reward_loss:  -92.59630584716797
epoch:  1 batch:  90 region_loss:  6.0 6.0 loc_loss:  1.1065160369873046 reward_loss:  -55.326141357421875
epoch:  1 batch:  100 region_loss:  8.0 8.0 loc_loss:  1.4573422241210938 reward_loss:  -72.86705017089844
epoch:  1 batch:  110 region_loss:  4.0 4.0 loc_loss:  0.735576171875 reward_loss:  -36.7779541015625
epoch:  1 batch:  120 region_loss:  5.0 5.0 loc_loss:  0.9074169158935547 reward_loss:  -45.370784759521484
epoch:  1 batch:  130 region_loss:  7.0 7.0 loc_loss:  1.2545701599121093 reward_loss:  -62.72819519042969
acc@1:  0.01975540921919097
epoch: 1 region loss 0.17051094890510948 loc loss 1.601662223982985 reward loss -80.08314806527466
epoch:  2 batch:  0 region_loss:  10.0 10.0 loc_loss:  1.7226226806640625 reward_loss:  -86.13215637207031
epoch:  2 batch:  10 region_loss:  10.0 10.0 loc_loss:  1.7593531799316406 reward_loss:  -87.96785736083984
epoch:  2 batch:  20 region_loss:  10.0 10.0 loc_loss:  1.730675048828125 reward_loss:  -86.53324890136719
epoch:  2 batch:  30 region_loss:  10.0 10.0 loc_loss:  1.7656419372558594 reward_loss:  -88.28083038330078
epoch:  2 batch:  40 region_loss:  10.0 10.0 loc_loss:  1.7216871643066407 reward_loss:  -86.08529663085938
epoch:  2 batch:  50 region_loss:  10.0 10.0 loc_loss:  1.766322784423828 reward_loss:  -88.31595611572266
epoch:  2 batch:  60 region_loss:  10.0 10.0 loc_loss:  1.7437042236328124 reward_loss:  -87.1845703125
epoch:  2 batch:  70 region_loss:  10.0 10.0 loc_loss:  1.7507345581054687 reward_loss:  -87.5359115600586
epoch:  2 batch:  80 region_loss:  10.0 10.0 loc_loss:  1.7190716552734375 reward_loss:  -85.95301818847656
epoch:  2 batch:  90 region_loss:  6.0 6.0 loc_loss:  1.0366364288330079 reward_loss:  -51.83091735839844
epoch:  2 batch:  100 region_loss:  8.0 8.0 loc_loss:  1.3739366149902343 reward_loss:  -68.6963119506836
epoch:  2 batch:  110 region_loss:  4.0 4.0 loc_loss:  0.7004540252685547 reward_loss:  -35.021934509277344
epoch:  2 batch:  120 region_loss:  5.0 5.0 loc_loss:  0.8671514892578125 reward_loss:  -43.357398986816406
epoch:  2 batch:  130 region_loss:  7.0 7.0 loc_loss:  1.2013457489013672 reward_loss:  -60.067169189453125
acc@1:  0.03057384760112888
epoch: 2 region loss 0.17051094890510948 loc loss 1.4741838703016297 reward loss -73.70920481995074
epoch:  3 batch:  0 region_loss:  10.0 10.0 loc_loss:  1.6686361694335938 reward_loss:  -83.43159484863281
epoch:  3 batch:  10 region_loss:  10.0 10.0 loc_loss:  1.688380126953125 reward_loss:  -84.41883850097656
epoch:  3 batch:  20 region_loss:  10.0 10.0 loc_loss:  1.6471456909179687 reward_loss:  -82.35731506347656
epoch:  3 batch:  30 region_loss:  10.0 10.0 loc_loss:  1.6963700866699218 reward_loss:  -84.81845092773438
epoch:  3 batch:  40 region_loss:  10.0 10.0 loc_loss:  1.6474008178710937 reward_loss:  -82.37012481689453
epoch:  3 batch:  50 region_loss:  10.0 10.0 loc_loss:  1.6986074829101563 reward_loss:  -84.93016052246094
epoch:  3 batch:  60 region_loss:  10.0 10.0 loc_loss:  1.6775900268554687 reward_loss:  -83.87970733642578
epoch:  3 batch:  70 region_loss:  10.0 10.0 loc_loss:  1.6824418640136718 reward_loss:  -84.1219482421875
epoch:  3 batch:  80 region_loss:  10.0 10.0 loc_loss:  1.6602890014648437 reward_loss:  -83.01477813720703
epoch:  3 batch:  90 region_loss:  6.0 6.0 loc_loss:  1.0036453247070312 reward_loss:  -50.18303680419922
epoch:  3 batch:  100 region_loss:  8.0 8.0 loc_loss:  1.3264358520507813 reward_loss:  -66.32136535644531
epoch:  3 batch:  110 region_loss:  4.0 4.0 loc_loss:  0.6804347991943359 reward_loss:  -34.0213737487793
epoch:  3 batch:  120 region_loss:  5.0 5.0 loc_loss:  0.8422196197509766 reward_loss:  -42.111454010009766
epoch:  3 batch:  130 region_loss:  7.0 7.0 loc_loss:  1.1692939758300782 reward_loss:  -58.46455764770508
acc@1:  0.041392285983066796
epoch: 3 region loss 0.17051094890510948 loc loss 1.4148798108622975 reward loss -70.7439298699372
epoch:  4 batch:  0 region_loss:  10.0 10.0 loc_loss:  1.6262542724609375 reward_loss:  -81.31271362304688
epoch:  4 batch:  10 region_loss:  10.0 10.0 loc_loss:  1.642493896484375 reward_loss:  -82.12471771240234
epoch:  4 batch:  20 region_loss:  10.0 10.0 loc_loss:  1.58724853515625 reward_loss:  -79.36188507080078
epoch:  4 batch:  30 region_loss:  10.0 10.0 loc_loss:  1.642203369140625 reward_loss:  -82.10942077636719
epoch:  4 batch:  40 region_loss:  10.0 10.0 loc_loss:  1.5930917358398438 reward_loss:  -79.65300750732422
epoch:  4 batch:  50 region_loss:  10.0 10.0 loc_loss:  1.645175018310547 reward_loss:  -82.25899505615234
epoch:  4 batch:  60 region_loss:  10.0 10.0 loc_loss:  1.6243302917480469 reward_loss:  -81.21568298339844
epoch:  4 batch:  70 region_loss:  10.0 10.0 loc_loss:  1.6213665771484376 reward_loss:  -81.06819915771484
epoch:  4 batch:  80 region_loss:  10.0 10.0 loc_loss:  1.6085115051269532 reward_loss:  -80.42561340332031
epoch:  4 batch:  90 region_loss:  6.0 6.0 loc_loss:  0.9741773223876953 reward_loss:  -48.70927810668945
epoch:  4 batch:  100 region_loss:  8.0 8.0 loc_loss:  1.2818598937988281 reward_loss:  -64.09266662597656
epoch:  4 batch:  110 region_loss:  4.0 4.0 loc_loss:  0.6623726654052734 reward_loss:  -33.11872100830078
epoch:  4 batch:  120 region_loss:  5.0 5.0 loc_loss:  0.8175322723388672 reward_loss:  -40.876583099365234
epoch:  4 batch:  130 region_loss:  7.0 7.0 loc_loss:  1.137476043701172 reward_loss:  -56.87375259399414
acc@1:  0.05503292568203198
epoch: 4 region loss 0.17051094890510948 loc loss 1.3666992304446923 reward loss -68.33493264748232
epoch:  5 batch:  0 region_loss:  10.0 10.0 loc_loss:  1.5783689880371095 reward_loss:  -78.917724609375
epoch:  5 batch:  10 region_loss:  10.0 10.0 loc_loss:  1.596022491455078 reward_loss:  -79.80113983154297
epoch:  5 batch:  20 region_loss:  10.0 10.0 loc_loss:  1.527165069580078 reward_loss:  -76.3582534790039
epoch:  5 batch:  30 region_loss:  10.0 10.0 loc_loss:  1.586724853515625 reward_loss:  -79.33674621582031
epoch:  5 batch:  40 region_loss:  10.0 10.0 loc_loss:  1.5394866943359375 reward_loss:  -76.97371673583984
epoch:  5 batch:  50 region_loss:  10.0 10.0 loc_loss:  1.5913327026367188 reward_loss:  -79.5664291381836
epoch:  5 batch:  60 region_loss:  10.0 10.0 loc_loss:  1.5713539123535156 reward_loss:  -78.5672607421875
epoch:  5 batch:  70 region_loss:  10.0 10.0 loc_loss:  1.5594017028808593 reward_loss:  -77.96997833251953
epoch:  5 batch:  80 region_loss:  10.0 10.0 loc_loss:  1.5549992370605468 reward_loss:  -77.74939727783203
epoch:  5 batch:  90 region_loss:  6.0 6.0 loc_loss:  0.9441461181640625 reward_loss:  -47.207401275634766
epoch:  5 batch:  100 region_loss:  8.0 8.0 loc_loss:  1.2352787780761718 reward_loss:  -61.76369094848633
epoch:  5 batch:  110 region_loss:  4.0 4.0 loc_loss:  0.6442626953125 reward_loss:  -32.213462829589844
epoch:  5 batch:  120 region_loss:  5.0 5.0 loc_loss:  0.7910884094238281 reward_loss:  -39.55430221557617
epoch:  5 batch:  130 region_loss:  7.0 7.0 loc_loss:  1.102848434448242 reward_loss:  -55.14255905151367
acc@1:  0.06538099717779869
epoch: 5 region loss 0.17051094890510948 loc loss 1.3178668304777494 reward loss -65.89328224293507
epoch:  6 batch:  0 region_loss:  10.0 10.0 loc_loss:  1.5232044982910156 reward_loss:  -76.1606216430664
epoch:  6 batch:  10 region_loss:  10.0 10.0 loc_loss:  1.5455870056152343 reward_loss:  -77.27989959716797
epoch:  6 batch:  20 region_loss:  10.0 10.0 loc_loss:  1.4626129150390625 reward_loss:  -73.1306381225586
epoch:  6 batch:  30 region_loss:  10.0 10.0 loc_loss:  1.5266825866699218 reward_loss:  -76.3345947265625
epoch:  6 batch:  40 region_loss:  10.0 10.0 loc_loss:  1.4848126220703124 reward_loss:  -74.24012756347656
epoch:  6 batch:  50 region_loss:  10.0 10.0 loc_loss:  1.533192138671875 reward_loss:  -76.65948486328125
epoch:  6 batch:  60 region_loss:  10.0 10.0 loc_loss:  1.5156472778320313 reward_loss:  -75.78235626220703
epoch:  6 batch:  70 region_loss:  10.0 10.0 loc_loss:  1.4943051147460937 reward_loss:  -74.71528625488281
epoch:  6 batch:  80 region_loss:  10.0 10.0 loc_loss:  1.4980577087402345 reward_loss:  -74.90351867675781
epoch:  6 batch:  90 region_loss:  6.0 6.0 loc_loss:  0.912264633178711 reward_loss:  -45.61336898803711
epoch:  6 batch:  100 region_loss:  8.0 8.0 loc_loss:  1.1848899841308593 reward_loss:  -59.24419021606445
epoch:  6 batch:  110 region_loss:  4.0 4.0 loc_loss:  0.6256790542602539 reward_loss:  -31.283710479736328
epoch:  6 batch:  120 region_loss:  5.0 5.0 loc_loss:  0.7623289489746093 reward_loss:  -38.11635208129883
epoch:  6 batch:  130 region_loss:  7.0 7.0 loc_loss:  1.0658069610595704 reward_loss:  -53.29085159301758
acc@1:  0.08231420507996237
epoch: 6 region loss 0.17051094890510948 loc loss 1.2660066871921511 reward loss -63.3003071833701
epoch:  7 batch:  0 region_loss:  10.0 10.0 loc_loss:  1.461837615966797 reward_loss:  -73.09140014648438
epoch:  7 batch:  10 region_loss:  10.0 10.0 loc_loss:  1.4905290222167968 reward_loss:  -74.52690124511719
epoch:  7 batch:  20 region_loss:  10.0 10.0 loc_loss:  1.3926826477050782 reward_loss:  -69.6342544555664
epoch:  7 batch:  30 region_loss:  10.0 10.0 loc_loss:  1.4618629455566405 reward_loss:  -73.09391021728516
epoch:  7 batch:  40 region_loss:  10.0 10.0 loc_loss:  1.4298538208007812 reward_loss:  -71.49243927001953
epoch:  7 batch:  50 region_loss:  10.0 10.0 loc_loss:  1.4693179321289063 reward_loss:  -73.46598052978516
epoch:  7 batch:  60 region_loss:  10.0 10.0 loc_loss:  1.4556150817871094 reward_loss:  -72.78083801269531
epoch:  7 batch:  70 region_loss:  10.0 10.0 loc_loss:  1.4255567932128905 reward_loss:  -71.27723693847656
epoch:  7 batch:  80 region_loss:  10.0 10.0 loc_loss:  1.4377574157714843 reward_loss:  -71.88785552978516
epoch:  7 batch:  90 region_loss:  6.0 6.0 loc_loss:  0.8789715576171875 reward_loss:  -43.94865417480469
epoch:  7 batch:  100 region_loss:  8.0 8.0 loc_loss:  1.1303199768066405 reward_loss:  -56.51657485961914
epoch:  7 batch:  110 region_loss:  4.0 4.0 loc_loss:  0.6061075592041015 reward_loss:  -30.30542755126953
epoch:  7 batch:  120 region_loss:  5.0 5.0 loc_loss:  0.7319390869140625 reward_loss:  -36.596614837646484
epoch:  7 batch:  130 region_loss:  7.0 7.0 loc_loss:  1.0261532592773437 reward_loss:  -51.307552337646484
acc@1:  0.09454374412041393
epoch: 7 region loss 0.17051094890510948 loc loss 1.2109488636211758 reward loss -60.54738508349788
epoch:  8 batch:  0 region_loss:  10.0 10.0 loc_loss:  1.3958865356445314 reward_loss:  -69.794677734375
epoch:  8 batch:  10 region_loss:  10.0 10.0 loc_loss:  1.4298483276367187 reward_loss:  -71.49253845214844
epoch:  8 batch:  20 region_loss:  10.0 10.0 loc_loss:  1.3189805603027345 reward_loss:  -65.9489517211914
epoch:  8 batch:  30 region_loss:  10.0 10.0 loc_loss:  1.3938592529296876 reward_loss:  -69.69310760498047
epoch:  8 batch:  40 region_loss:  10.0 10.0 loc_loss:  1.3759124755859375 reward_loss:  -68.79547119140625
epoch:  8 batch:  50 region_loss:  10.0 10.0 loc_loss:  1.40032958984375 reward_loss:  -70.01646423339844
epoch:  8 batch:  60 region_loss:  10.0 10.0 loc_loss:  1.3915818786621095 reward_loss:  -69.57927703857422
epoch:  8 batch:  70 region_loss:  10.0 10.0 loc_loss:  1.3528089904785157 reward_loss:  -67.64054107666016
epoch:  8 batch:  80 region_loss:  10.0 10.0 loc_loss:  1.375306396484375 reward_loss:  -68.7657699584961
epoch:  8 batch:  90 region_loss:  6.0 6.0 loc_loss:  0.8441552734375 reward_loss:  -42.20799255371094
epoch:  8 batch:  100 region_loss:  8.0 8.0 loc_loss:  1.072882080078125 reward_loss:  -53.644264221191406
epoch:  8 batch:  110 region_loss:  4.0 4.0 loc_loss:  0.5857645416259766 reward_loss:  -29.2883243560791
epoch:  8 batch:  120 region_loss:  5.0 5.0 loc_loss:  0.6996678161621094 reward_loss:  -34.983421325683594
epoch:  8 batch:  130 region_loss:  7.0 7.0 loc_loss:  0.9844784545898437 reward_loss:  -49.223690032958984
acc@1:  0.10724365004703669
epoch: 8 region loss 0.17051094890510948 loc loss 1.153637878807792 reward loss -57.681914642779496
epoch:  9 batch:  0 region_loss:  10.0 10.0 loc_loss:  1.3269453430175782 reward_loss:  -66.34720611572266
epoch:  9 batch:  10 region_loss:  10.0 10.0 loc_loss:  1.3643348693847657 reward_loss:  -68.21699523925781
epoch:  9 batch:  20 region_loss:  10.0 10.0 loc_loss:  1.243814697265625 reward_loss:  -62.19078063964844
epoch:  9 batch:  30 region_loss:  10.0 10.0 loc_loss:  1.3230558776855468 reward_loss:  -66.15279388427734
epoch:  9 batch:  40 region_loss:  10.0 10.0 loc_loss:  1.3228526306152344 reward_loss:  -66.1427001953125
epoch:  9 batch:  50 region_loss:  10.0 10.0 loc_loss:  1.3277029418945312 reward_loss:  -66.3851318359375
epoch:  9 batch:  60 region_loss:  10.0 10.0 loc_loss:  1.3261097717285155 reward_loss:  -66.3056411743164
epoch:  9 batch:  70 region_loss:  10.0 10.0 loc_loss:  1.2782887268066405 reward_loss:  -63.91437530517578
epoch:  9 batch:  80 region_loss:  10.0 10.0 loc_loss:  1.3128857421875 reward_loss:  -65.64424896240234
epoch:  9 batch:  90 region_loss:  6.0 6.0 loc_loss:  0.8085166931152343 reward_loss:  -40.42612075805664
epoch:  9 batch:  100 region_loss:  8.0 8.0 loc_loss:  1.014964599609375 reward_loss:  -50.74814224243164
epoch:  9 batch:  110 region_loss:  4.0 4.0 loc_loss:  0.5645112991333008 reward_loss:  -28.225582122802734
epoch:  9 batch:  120 region_loss:  5.0 5.0 loc_loss:  0.6668690490722656 reward_loss:  -33.34349060058594
epoch:  9 batch:  130 region_loss:  7.0 7.0 loc_loss:  0.9419461059570312 reward_loss:  -47.09734344482422
acc@1:  0.11288805268109126
epoch: 9 region loss 0.17051094890510948 loc loss 1.0954668735587685 reward loss -54.77337917968305
epoch:  10 batch:  0 region_loss:  10.0 10.0 loc_loss:  1.2559622192382813 reward_loss:  -62.797935485839844
epoch:  10 batch:  10 region_loss:  10.0 10.0 loc_loss:  1.295873260498047 reward_loss:  -64.79398345947266
epoch:  10 batch:  20 region_loss:  10.0 10.0 loc_loss:  1.1708911895751952 reward_loss:  -58.54439163208008
epoch:  10 batch:  30 region_loss:  10.0 10.0 loc_loss:  1.250626220703125 reward_loss:  -62.531986236572266
epoch:  10 batch:  40 region_loss:  10.0 10.0 loc_loss:  1.269620132446289 reward_loss:  -63.48124694824219
epoch:  10 batch:  50 region_loss:  10.0 10.0 loc_loss:  1.2531829071044922 reward_loss:  -62.65898513793945
epoch:  10 batch:  60 region_loss:  10.0 10.0 loc_loss:  1.260899658203125 reward_loss:  -63.04526138305664
epoch:  10 batch:  70 region_loss:  10.0 10.0 loc_loss:  1.2045587921142578 reward_loss:  -60.227516174316406
epoch:  10 batch:  80 region_loss:  10.0 10.0 loc_loss:  1.2525379943847657 reward_loss:  -62.62726593017578
epoch:  10 batch:  90 region_loss:  6.0 6.0 loc_loss:  0.7727658843994141 reward_loss:  -38.6383056640625
epoch:  10 batch:  100 region_loss:  8.0 8.0 loc_loss:  0.9579811859130859 reward_loss:  -47.899051666259766
epoch:  10 batch:  110 region_loss:  4.0 4.0 loc_loss:  0.5422334671020508 reward_loss:  -27.111621856689453
epoch:  10 batch:  120 region_loss:  5.0 5.0 loc_loss:  0.6335386276245117 reward_loss:  -31.677066802978516
epoch:  10 batch:  130 region_loss:  7.0 7.0 loc_loss:  0.8991619873046875 reward_loss:  -44.95781326293945
acc@1:  0.1213546566321731
epoch: 10 region loss 0.17051094890510948 loc loss 1.0378426948603052 reward loss -51.89214963982575
epoch:  11 batch:  0 region_loss:  10.0 10.0 loc_loss:  1.1855361938476563 reward_loss:  -59.27677917480469
epoch:  11 batch:  10 region_loss:  10.0 10.0 loc_loss:  1.2266313171386718 reward_loss:  -61.33130645751953
epoch:  11 batch:  20 region_loss:  10.0 10.0 loc_loss:  1.100510940551758 reward_loss:  -55.02519607543945
epoch:  11 batch:  30 region_loss:  10.0 10.0 loc_loss:  1.1786122131347656 reward_loss:  -58.93048095703125
epoch:  11 batch:  40 region_loss:  10.0 10.0 loc_loss:  1.2165785217285157 reward_loss:  -60.8289794921875
epoch:  11 batch:  50 region_loss:  10.0 10.0 loc_loss:  1.1784040832519531 reward_loss:  -58.92033386230469
epoch:  11 batch:  60 region_loss:  10.0 10.0 loc_loss:  1.1980673217773437 reward_loss:  -59.90334701538086
epoch:  11 batch:  70 region_loss:  10.0 10.0 loc_loss:  1.1344781494140626 reward_loss:  -56.723899841308594
epoch:  11 batch:  80 region_loss:  10.0 10.0 loc_loss:  1.1952232360839843 reward_loss:  -59.76097869873047
epoch:  11 batch:  90 region_loss:  6.0 6.0 loc_loss:  0.7372486114501953 reward_loss:  -36.86225891113281
epoch:  11 batch:  100 region_loss:  8.0 8.0 loc_loss:  0.9031515502929688 reward_loss:  -45.157318115234375
epoch:  11 batch:  110 region_loss:  4.0 4.0 loc_loss:  0.5201887893676758 reward_loss:  -26.009807586669922
epoch:  11 batch:  120 region_loss:  5.0 5.0 loc_loss:  0.6013912963867187 reward_loss:  -30.06932830810547
epoch:  11 batch:  130 region_loss:  7.0 7.0 loc_loss:  0.8571147918701172 reward_loss:  -42.85593795776367
acc@1:  0.12982126058325494
epoch: 11 region loss 0.17051094890510948 loc loss 0.9820569123316855 reward loss -49.10279779364593
epoch:  12 batch:  0 region_loss:  10.0 10.0 loc_loss:  1.1167360687255858 reward_loss:  -55.8367805480957
epoch:  12 batch:  10 region_loss:  10.0 10.0 loc_loss:  1.1582522583007813 reward_loss:  -57.91254425048828
epoch:  12 batch:  20 region_loss:  10.0 10.0 loc_loss:  1.034209213256836 reward_loss:  -51.71067428588867
epoch:  12 batch:  30 region_loss:  10.0 10.0 loc_loss:  1.1084132385253906 reward_loss:  -55.420772552490234
epoch:  12 batch:  40 region_loss:  10.0 10.0 loc_loss:  1.1642167663574219 reward_loss:  -58.211387634277344
epoch:  12 batch:  50 region_loss:  10.0 10.0 loc_loss:  1.1060008239746093 reward_loss:  -55.299861907958984
epoch:  12 batch:  60 region_loss:  10.0 10.0 loc_loss:  1.137457046508789 reward_loss:  -56.87263870239258
epoch:  12 batch:  70 region_loss:  10.0 10.0 loc_loss:  1.0691700744628907 reward_loss:  -53.458213806152344
epoch:  12 batch:  80 region_loss:  10.0 10.0 loc_loss:  1.140220947265625 reward_loss:  -57.01142501831055
epoch:  12 batch:  90 region_loss:  6.0 6.0 loc_loss:  0.7029360198974609 reward_loss:  -35.146881103515625
epoch:  12 batch:  100 region_loss:  8.0 8.0 loc_loss:  0.8519747924804687 reward_loss:  -42.59939956665039
epoch:  12 batch:  110 region_loss:  4.0 4.0 loc_loss:  0.49726425170898436 reward_loss:  -24.863136291503906
epoch:  12 batch:  120 region_loss:  5.0 5.0 loc_loss:  0.5701768875122071 reward_loss:  -28.50912094116211
epoch:  12 batch:  130 region_loss:  7.0 7.0 loc_loss:  0.8163253784179687 reward_loss:  -40.816654205322266
acc@1:  0.1359360301034807
epoch: 12 region loss 0.17051094890510948 loc loss 0.9289378028368428 reward loss -46.446885644954484
epoch:  13 batch:  0 region_loss:  10.0 10.0 loc_loss:  1.0519156646728516 reward_loss:  -52.5959358215332
epoch:  13 batch:  10 region_loss:  10.0 10.0 loc_loss:  1.092503890991211 reward_loss:  -54.62532043457031
epoch:  13 batch:  20 region_loss:  10.0 10.0 loc_loss:  0.9727053070068359 reward_loss:  -48.6356315612793
epoch:  13 batch:  30 region_loss:  10.0 10.0 loc_loss:  1.0417530822753907 reward_loss:  -52.08782958984375
epoch:  13 batch:  40 region_loss:  10.0 10.0 loc_loss:  1.1126782989501953 reward_loss:  -55.63410186767578
epoch:  13 batch:  50 region_loss:  10.0 10.0 loc_loss:  1.0379704284667968 reward_loss:  -51.898521423339844
epoch:  13 batch:  60 region_loss:  10.0 10.0 loc_loss:  1.079945068359375 reward_loss:  -53.99723434448242
epoch:  13 batch:  70 region_loss:  10.0 10.0 loc_loss:  1.0098252868652344 reward_loss:  -50.49082946777344
epoch:  13 batch:  80 region_loss:  10.0 10.0 loc_loss:  1.0880480194091797 reward_loss:  -54.40242385864258
epoch:  13 batch:  90 region_loss:  6.0 6.0 loc_loss:  0.6701657867431641 reward_loss:  -33.50824737548828
epoch:  13 batch:  100 region_loss:  8.0 8.0 loc_loss:  0.8046923828125 reward_loss:  -40.23445510864258
epoch:  13 batch:  110 region_loss:  4.0 4.0 loc_loss:  0.4745382308959961 reward_loss:  -23.72670555114746
epoch:  13 batch:  120 region_loss:  5.0 5.0 loc_loss:  0.5406397247314453 reward_loss:  -27.031766891479492
epoch:  13 batch:  130 region_loss:  7.0 7.0 loc_loss:  0.7769921875 reward_loss:  -38.849369049072266
acc@1:  0.14063969896519285
epoch: 13 region loss 0.17051094890510948 loc loss 0.8792045520866004 reward loss -43.96023212906218
epoch:  14 batch:  0 region_loss:  10.0 10.0 loc_loss:  0.9917227172851563 reward_loss:  -49.586090087890625
epoch:  14 batch:  10 region_loss:  10.0 10.0 loc_loss:  1.0306689453125 reward_loss:  -51.53380584716797
epoch:  14 batch:  20 region_loss:  10.0 10.0 loc_loss:  0.9156721496582031 reward_loss:  -45.78371047973633
epoch:  14 batch:  30 region_loss:  10.0 10.0 loc_loss:  0.9799185180664063 reward_loss:  -48.99626922607422
epoch:  14 batch:  40 region_loss:  10.0 10.0 loc_loss:  1.0634503173828125 reward_loss:  -53.17261505126953
epoch:  14 batch:  50 region_loss:  10.0 10.0 loc_loss:  0.9752143859863281 reward_loss:  -48.760841369628906
epoch:  14 batch:  60 region_loss:  10.0 10.0 loc_loss:  1.0257801818847656 reward_loss:  -51.28890609741211
epoch:  14 batch:  70 region_loss:  10.0 10.0 loc_loss:  0.955479736328125 reward_loss:  -47.774024963378906
epoch:  14 batch:  80 region_loss:  10.0 10.0 loc_loss:  1.038339614868164 reward_loss:  -51.91688537597656
epoch:  14 batch:  90 region_loss:  6.0 6.0 loc_loss:  0.638814811706543 reward_loss:  -31.940385818481445
epoch:  14 batch:  100 region_loss:  8.0 8.0 loc_loss:  0.7613159942626954 reward_loss:  -38.06553268432617
epoch:  14 batch:  110 region_loss:  4.0 4.0 loc_loss:  0.4521897125244141 reward_loss:  -22.609771728515625
epoch:  14 batch:  120 region_loss:  5.0 5.0 loc_loss:  0.5124093627929688 reward_loss:  -25.620502471923828
epoch:  14 batch:  130 region_loss:  7.0 7.0 loc_loss:  0.7398414611816406 reward_loss:  -36.992156982421875
acc@1:  0.14440263405456255
epoch: 14 region loss 0.17051094890510948 loc loss 0.8331513762648087 reward loss -41.6575466768585
epoch:  15 batch:  0 region_loss:  10.0 10.0 loc_loss:  0.9360961151123047 reward_loss:  -46.80499267578125
epoch:  15 batch:  10 region_loss:  10.0 10.0 loc_loss:  0.97400634765625 reward_loss:  -48.700355529785156
epoch:  15 batch:  20 region_loss:  10.0 10.0 loc_loss:  0.8643893432617188 reward_loss:  -43.21895217895508
epoch:  15 batch:  30 region_loss:  10.0 10.0 loc_loss:  0.9233425903320313 reward_loss:  -46.167076110839844
epoch:  15 batch:  40 region_loss:  10.0 10.0 loc_loss:  1.0176160430908203 reward_loss:  -50.88060760498047
epoch:  15 batch:  50 region_loss:  10.0 10.0 loc_loss:  0.9178623962402344 reward_loss:  -45.89305114746094
epoch:  15 batch:  60 region_loss:  10.0 10.0 loc_loss:  0.9756356811523438 reward_loss:  -48.782012939453125
epoch:  15 batch:  70 region_loss:  10.0 10.0 loc_loss:  0.9063853454589844 reward_loss:  -45.319339752197266
epoch:  15 batch:  80 region_loss:  10.0 10.0 loc_loss:  0.9921028137207031 reward_loss:  -49.605064392089844
epoch:  15 batch:  90 region_loss:  6.0 6.0 loc_loss:  0.6093052673339844 reward_loss:  -30.465131759643555
epoch:  15 batch:  100 region_loss:  8.0 8.0 loc_loss:  0.7214649963378906 reward_loss:  -36.072845458984375
epoch:  15 batch:  110 region_loss:  4.0 4.0 loc_loss:  0.43099639892578123 reward_loss:  -21.549747467041016
epoch:  15 batch:  120 region_loss:  5.0 5.0 loc_loss:  0.48587364196777344 reward_loss:  -24.29308319091797
epoch:  15 batch:  130 region_loss:  7.0 7.0 loc_loss:  0.7048626708984375 reward_loss:  -35.242950439453125
acc@1:  0.14722483537158984
epoch: 15 region loss 0.17051094890510948 loc loss 0.7907601321700716 reward loss -39.53802422015336
epoch:  16 batch:  0 region_loss:  10.0 10.0 loc_loss:  0.8853668212890625 reward_loss:  -44.267791748046875
epoch:  16 batch:  10 region_loss:  10.0 10.0 loc_loss:  0.9223310089111328 reward_loss:  -46.11634063720703
epoch:  16 batch:  20 region_loss:  10.0 10.0 loc_loss:  0.8178153228759766 reward_loss:  -40.89055252075195
epoch:  16 batch:  30 region_loss:  10.0 10.0 loc_loss:  0.872596664428711 reward_loss:  -43.62940216064453
epoch:  16 batch:  40 region_loss:  10.0 10.0 loc_loss:  0.974520263671875 reward_loss:  -48.72579574584961
epoch:  16 batch:  50 region_loss:  10.0 10.0 loc_loss:  0.8668916320800781 reward_loss:  -43.34449768066406
epoch:  16 batch:  60 region_loss:  10.0 10.0 loc_loss:  0.9282923126220703 reward_loss:  -46.41453552246094
epoch:  16 batch:  70 region_loss:  10.0 10.0 loc_loss:  0.8621988677978516 reward_loss:  -43.10907745361328
epoch:  16 batch:  80 region_loss:  10.0 10.0 loc_loss:  0.9482717895507813 reward_loss:  -47.413185119628906
epoch:  16 batch:  90 region_loss:  6.0 6.0 loc_loss:  0.581419677734375 reward_loss:  -29.070968627929688
epoch:  16 batch:  100 region_loss:  8.0 8.0 loc_loss:  0.6859621429443359 reward_loss:  -34.297996520996094
epoch:  16 batch:  110 region_loss:  4.0 4.0 loc_loss:  0.41042743682861327 reward_loss:  -20.521852493286133
epoch:  16 batch:  120 region_loss:  5.0 5.0 loc_loss:  0.46053348541259764 reward_loss:  -23.026756286621094
epoch:  16 batch:  130 region_loss:  7.0 7.0 loc_loss:  0.6726828765869141 reward_loss:  -33.63385009765625
acc@1:  0.14675446848541862
epoch: 16 region loss 0.17051094890510948 loc loss 0.7518066150080549 reward loss -37.590319946734574
epoch:  17 batch:  0 region_loss:  10.0 10.0 loc_loss:  0.8387477111816406 reward_loss:  -41.93720245361328
epoch:  17 batch:  10 region_loss:  10.0 10.0 loc_loss:  0.8754635620117187 reward_loss:  -43.77333068847656
epoch:  17 batch:  20 region_loss:  10.0 10.0 loc_loss:  0.7764337158203125 reward_loss:  -38.82163619995117
epoch:  17 batch:  30 region_loss:  10.0 10.0 loc_loss:  0.8271083068847657 reward_loss:  -41.355552673339844
epoch:  17 batch:  40 region_loss:  10.0 10.0 loc_loss:  0.9345320129394531 reward_loss:  -46.72661209106445
epoch:  17 batch:  50 region_loss:  10.0 10.0 loc_loss:  0.8208559417724609 reward_loss:  -41.04250717163086
epoch:  17 batch:  60 region_loss:  10.0 10.0 loc_loss:  0.8839347076416015 reward_loss:  -44.19703674316406
epoch:  17 batch:  70 region_loss:  10.0 10.0 loc_loss:  0.8213706207275391 reward_loss:  -41.068458557128906
epoch:  17 batch:  80 region_loss:  10.0 10.0 loc_loss:  0.9072369384765625 reward_loss:  -45.36146926879883
epoch:  17 batch:  90 region_loss:  6.0 6.0 loc_loss:  0.5552567672729493 reward_loss:  -27.762866973876953
epoch:  17 batch:  100 region_loss:  8.0 8.0 loc_loss:  0.6528251647949219 reward_loss:  -32.64128875732422
epoch:  17 batch:  110 region_loss:  4.0 4.0 loc_loss:  0.39092025756835935 reward_loss:  -19.546438217163086
epoch:  17 batch:  120 region_loss:  5.0 5.0 loc_loss:  0.4371000671386719 reward_loss:  -21.854766845703125
epoch:  17 batch:  130 region_loss:  7.0 7.0 loc_loss:  0.6422099304199219 reward_loss:  -32.111019134521484
acc@1:  0.1495766698024459
epoch: 17 region loss 0.17051094890510948 loc loss 0.7159828401830075 reward loss -35.799136746538814
epoch:  18 batch:  0 region_loss:  10.0 10.0 loc_loss:  0.7956792449951172 reward_loss:  -39.7833251953125
epoch:  18 batch:  10 region_loss:  10.0 10.0 loc_loss:  0.8327754211425781 reward_loss:  -41.63893127441406
epoch:  18 batch:  20 region_loss:  10.0 10.0 loc_loss:  0.7395714569091797 reward_loss:  -36.978309631347656
epoch:  18 batch:  30 region_loss:  10.0 10.0 loc_loss:  0.7849177551269532 reward_loss:  -39.24633026123047
epoch:  18 batch:  40 region_loss:  10.0 10.0 loc_loss:  0.8977822113037109 reward_loss:  -44.889156341552734
epoch:  18 batch:  50 region_loss:  10.0 10.0 loc_loss:  0.7786482238769531 reward_loss:  -38.932621002197266
epoch:  18 batch:  60 region_loss:  10.0 10.0 loc_loss:  0.8415042114257812 reward_loss:  -42.07527160644531
epoch:  18 batch:  70 region_loss:  10.0 10.0 loc_loss:  0.7834684753417969 reward_loss:  -39.173309326171875
epoch:  18 batch:  80 region_loss:  10.0 10.0 loc_loss:  0.8679496765136718 reward_loss:  -43.39750289916992
epoch:  18 batch:  90 region_loss:  6.0 6.0 loc_loss:  0.5301681137084961 reward_loss:  -26.508338928222656
epoch:  18 batch:  100 region_loss:  8.0 8.0 loc_loss:  0.6226873016357422 reward_loss:  -31.134017944335938
epoch:  18 batch:  110 region_loss:  4.0 4.0 loc_loss:  0.37231399536132814 reward_loss:  -18.615419387817383
epoch:  18 batch:  120 region_loss:  5.0 5.0 loc_loss:  0.4144132995605469 reward_loss:  -20.720592498779297
epoch:  18 batch:  130 region_loss:  7.0 7.0 loc_loss:  0.613527603149414 reward_loss:  -30.676347732543945
acc@1:  0.15051740357478832
epoch: 18 region loss 0.17051094890510948 loc loss 0.6828429059216576 reward loss -34.142128881746835
epoch:  19 batch:  0 region_loss:  10.0 10.0 loc_loss:  0.7560847473144531 reward_loss:  -37.8040657043457
epoch:  19 batch:  10 region_loss:  10.0 10.0 loc_loss:  0.7933248138427734 reward_loss:  -39.666439056396484
epoch:  19 batch:  20 region_loss:  10.0 10.0 loc_loss:  0.7056049346923828 reward_loss:  -35.28057098388672
epoch:  19 batch:  30 region_loss:  10.0 10.0 loc_loss:  0.7463836669921875 reward_loss:  -37.31948471069336
epoch:  19 batch:  40 region_loss:  10.0 10.0 loc_loss:  0.8622663879394531 reward_loss:  -43.11391067504883
epoch:  19 batch:  50 region_loss:  10.0 10.0 loc_loss:  0.7415847778320312 reward_loss:  -37.07927322387695
epoch:  19 batch:  60 region_loss:  10.0 10.0 loc_loss:  0.8009689331054688 reward_loss:  -40.04813003540039
epoch:  19 batch:  70 region_loss:  10.0 10.0 loc_loss:  0.7484386444091797 reward_loss:  -37.42189407348633
epoch:  19 batch:  80 region_loss:  10.0 10.0 loc_loss:  0.8309807586669922 reward_loss:  -41.549224853515625
epoch:  19 batch:  90 region_loss:  6.0 6.0 loc_loss:  0.5069329071044922 reward_loss:  -25.347103118896484
epoch:  19 batch:  100 region_loss:  8.0 8.0 loc_loss:  0.5946561813354492 reward_loss:  -29.733257293701172
epoch:  19 batch:  110 region_loss:  4.0 4.0 loc_loss:  0.3542629241943359 reward_loss:  -17.713472366333008
epoch:  19 batch:  120 region_loss:  5.0 5.0 loc_loss:  0.39349864959716796 reward_loss:  -19.67469024658203
epoch:  19 batch:  130 region_loss:  7.0 7.0 loc_loss:  0.5868487930297852 reward_loss:  -29.34250259399414
acc@1:  0.14722483537158984
epoch: 19 region loss 0.17051094890510948 loc loss 0.6520798337894635 reward loss -32.604016840022844
epoch:  20 batch:  0 region_loss:  10.0 10.0 loc_loss:  0.7188134002685547 reward_loss:  -35.9404296875
epoch:  20 batch:  10 region_loss:  10.0 10.0 loc_loss:  0.7560768890380859 reward_loss:  -37.80381774902344
epoch:  20 batch:  20 region_loss:  10.0 10.0 loc_loss:  0.6754071044921875 reward_loss:  -33.77060317993164
epoch:  20 batch:  30 region_loss:  10.0 10.0 loc_loss:  0.7110204315185547 reward_loss:  -35.550933837890625
epoch:  20 batch:  40 region_loss:  10.0 10.0 loc_loss:  0.8297074127197266 reward_loss:  -41.485450744628906
epoch:  20 batch:  50 region_loss:  10.0 10.0 loc_loss:  0.7069599151611328 reward_loss:  -35.347999572753906
epoch:  20 batch:  60 region_loss:  10.0 10.0 loc_loss:  0.7625881958007813 reward_loss:  -38.12944412231445
epoch:  20 batch:  70 region_loss:  10.0 10.0 loc_loss:  0.7156507110595703 reward_loss:  -35.782344818115234
epoch:  20 batch:  80 region_loss:  10.0 10.0 loc_loss:  0.7957815551757812 reward_loss:  -39.78871536254883
epoch:  20 batch:  90 region_loss:  6.0 6.0 loc_loss:  0.48438522338867185 reward_loss:  -24.21946907043457
epoch:  20 batch:  100 region_loss:  8.0 8.0 loc_loss:  0.5678868865966797 reward_loss:  -28.394210815429688
epoch:  20 batch:  110 region_loss:  4.0 4.0 loc_loss:  0.33732559204101564 reward_loss:  -16.86624526977539
epoch:  20 batch:  120 region_loss:  5.0 5.0 loc_loss:  0.37327659606933594 reward_loss:  -18.664148330688477
epoch:  20 batch:  130 region_loss:  7.0 7.0 loc_loss:  0.5605915069580079 reward_loss:  -28.02996253967285
acc@1:  0.14346190028222014
epoch: 20 region loss 0.17051094890510948 loc loss 0.6233484360075345 reward loss -31.16744018471154
epoch:  21 batch:  0 region_loss:  10.0 10.0 loc_loss:  0.6842555236816407 reward_loss:  -34.21271896362305
epoch:  21 batch:  10 region_loss:  10.0 10.0 loc_loss:  0.7222633361816406 reward_loss:  -36.1131477355957
epoch:  21 batch:  20 region_loss:  10.0 10.0 loc_loss:  0.6466315460205078 reward_loss:  -32.33181381225586
epoch:  21 batch:  30 region_loss:  10.0 10.0 loc_loss:  0.677670669555664 reward_loss:  -33.88368606567383
epoch:  21 batch:  40 region_loss:  10.0 10.0 loc_loss:  0.7981878662109375 reward_loss:  -39.90979766845703
epoch:  21 batch:  50 region_loss:  10.0 10.0 loc_loss:  0.6757072448730469 reward_loss:  -33.785125732421875
epoch:  21 batch:  60 region_loss:  10.0 10.0 loc_loss:  0.726162338256836 reward_loss:  -36.3079719543457
epoch:  21 batch:  70 region_loss:  10.0 10.0 loc_loss:  0.6847652435302735 reward_loss:  -34.238704681396484
epoch:  21 batch:  80 region_loss:  10.0 10.0 loc_loss:  0.7617435455322266 reward_loss:  -38.08753204345703
epoch:  21 batch:  90 region_loss:  6.0 6.0 loc_loss:  0.4628544616699219 reward_loss:  -23.142606735229492
epoch:  21 batch:  100 region_loss:  8.0 8.0 loc_loss:  0.5428007888793945 reward_loss:  -27.139984130859375
epoch:  21 batch:  110 region_loss:  4.0 4.0 loc_loss:  0.32090709686279295 reward_loss:  -16.04541778564453
epoch:  21 batch:  120 region_loss:  5.0 5.0 loc_loss:  0.3541664505004883 reward_loss:  -17.70818519592285
epoch:  21 batch:  130 region_loss:  7.0 7.0 loc_loss:  0.5361883926391602 reward_loss:  -26.809402465820312
acc@1:  0.1396989651928504
epoch: 21 region loss 0.17051094890510948 loc loss 0.5962837383520864 reward loss -29.814190133644715
epoch:  22 batch:  0 region_loss:  10.0 10.0 loc_loss:  0.6511550903320312 reward_loss:  -32.55788803100586
epoch:  22 batch:  10 region_loss:  10.0 10.0 loc_loss:  0.6902931213378907 reward_loss:  -34.51451110839844
epoch:  22 batch:  20 region_loss:  10.0 10.0 loc_loss:  0.6210427856445313 reward_loss:  -31.05242919921875
epoch:  22 batch:  30 region_loss:  10.0 10.0 loc_loss:  0.6467753601074219 reward_loss:  -32.33821105957031
epoch:  22 batch:  40 region_loss:  10.0 10.0 loc_loss:  0.7685528564453125 reward_loss:  -38.42744064331055
epoch:  22 batch:  50 region_loss:  10.0 10.0 loc_loss:  0.6463975524902343 reward_loss:  -32.31991958618164
epoch:  22 batch:  60 region_loss:  10.0 10.0 loc_loss:  0.6910614776611328 reward_loss:  -34.55329132080078
epoch:  22 batch:  70 region_loss:  10.0 10.0 loc_loss:  0.6556911468505859 reward_loss:  -32.78446578979492
epoch:  22 batch:  80 region_loss:  10.0 10.0 loc_loss:  0.7280691528320312 reward_loss:  -36.403526306152344
epoch:  22 batch:  90 region_loss:  6.0 6.0 loc_loss:  0.4424996566772461 reward_loss:  -22.12496566772461
epoch:  22 batch:  100 region_loss:  8.0 8.0 loc_loss:  0.5190193176269531 reward_loss:  -25.9508113861084
epoch:  22 batch:  110 region_loss:  4.0 4.0 loc_loss:  0.30537771224975585 reward_loss:  -15.268836975097656
epoch:  22 batch:  120 region_loss:  5.0 5.0 loc_loss:  0.33607608795166016 reward_loss:  -16.803640365600586
epoch:  22 batch:  130 region_loss:  7.0 7.0 loc_loss:  0.5122351455688476 reward_loss:  -25.611581802368164
acc@1:  0.13922859830667922
epoch: 22 region loss 0.17051094890510948 loc loss 0.5707444002332478 reward loss -28.537222127844817
epoch:  23 batch:  0 region_loss:  10.0 10.0 loc_loss:  0.6197452545166016 reward_loss:  -30.987398147583008
epoch:  23 batch:  10 region_loss:  10.0 10.0 loc_loss:  0.6605410003662109 reward_loss:  -33.02782440185547
epoch:  23 batch:  20 region_loss:  10.0 10.0 loc_loss:  0.596159439086914 reward_loss:  -29.807872772216797
epoch:  23 batch:  30 region_loss:  10.0 10.0 loc_loss:  0.6177962875366211 reward_loss:  -30.889904022216797
epoch:  23 batch:  40 region_loss:  10.0 10.0 loc_loss:  0.7398240661621094 reward_loss:  -36.99160385131836
epoch:  23 batch:  50 region_loss:  10.0 10.0 loc_loss:  0.6186467742919922 reward_loss:  -30.932174682617188
epoch:  23 batch:  60 region_loss:  10.0 10.0 loc_loss:  0.6581769561767579 reward_loss:  -32.90879821777344
epoch:  23 batch:  70 region_loss:  10.0 10.0 loc_loss:  0.6274929046630859 reward_loss:  -31.374732971191406
epoch:  23 batch:  80 region_loss:  10.0 10.0 loc_loss:  0.6964279937744141 reward_loss:  -34.82106018066406
epoch:  23 batch:  90 region_loss:  6.0 6.0 loc_loss:  0.42315364837646485 reward_loss:  -21.157485961914062
epoch:  23 batch:  100 region_loss:  8.0 8.0 loc_loss:  0.4953805160522461 reward_loss:  -24.769145965576172
epoch:  23 batch:  110 region_loss:  4.0 4.0 loc_loss:  0.2902857398986816 reward_loss:  -14.514184951782227
epoch:  23 batch:  120 region_loss:  5.0 5.0 loc_loss:  0.318599739074707 reward_loss:  -15.93016529083252
epoch:  23 batch:  130 region_loss:  7.0 7.0 loc_loss:  0.4894287109375 reward_loss:  -24.471460342407227
acc@1:  0.13828786453433678
epoch: 23 region loss 0.17051094890510948 loc loss 0.5464576796371571 reward loss -27.322855427317375
epoch:  24 batch:  0 region_loss:  10.0 10.0 loc_loss:  0.5905872344970703 reward_loss:  -29.52909278869629
epoch:  24 batch:  10 region_loss:  10.0 10.0 loc_loss:  0.6320956039428711 reward_loss:  -31.604610443115234
epoch:  24 batch:  20 region_loss:  10.0 10.0 loc_loss:  0.5728535461425781 reward_loss:  -28.642711639404297
epoch:  24 batch:  30 region_loss:  10.0 10.0 loc_loss:  0.5899901962280274 reward_loss:  -29.499422073364258
epoch:  24 batch:  40 region_loss:  10.0 10.0 loc_loss:  0.7119499969482422 reward_loss:  -35.597991943359375
epoch:  24 batch:  50 region_loss:  10.0 10.0 loc_loss:  0.5931632995605469 reward_loss:  -29.657936096191406
epoch:  24 batch:  60 region_loss:  10.0 10.0 loc_loss:  0.626926040649414 reward_loss:  -31.34676742553711
epoch:  24 batch:  70 region_loss:  10.0 10.0 loc_loss:  0.6007746505737305 reward_loss:  -30.038637161254883
epoch:  24 batch:  80 region_loss:  10.0 10.0 loc_loss:  0.6661054229736328 reward_loss:  -33.30551528930664
epoch:  24 batch:  90 region_loss:  6.0 6.0 loc_loss:  0.40403926849365235 reward_loss:  -20.202072143554688
epoch:  24 batch:  100 region_loss:  8.0 8.0 loc_loss:  0.4737739562988281 reward_loss:  -23.68839454650879
epoch:  24 batch:  110 region_loss:  4.0 4.0 loc_loss:  0.2759521293640137 reward_loss:  -13.797510147094727
epoch:  24 batch:  120 region_loss:  5.0 5.0 loc_loss:  0.3023104476928711 reward_loss:  -15.115530014038086
epoch:  24 batch:  130 region_loss:  7.0 7.0 loc_loss:  0.4671700668334961 reward_loss:  -23.358293533325195
acc@1:  0.1359360301034807
epoch: 24 region loss 0.17051094890510948 loc loss 0.5232931391166075 reward loss -26.164674024512298
epoch:  25 batch:  0 region_loss:  10.0 10.0 loc_loss:  0.5625682067871094 reward_loss:  -28.128278732299805
epoch:  25 batch:  10 region_loss:  10.0 10.0 loc_loss:  0.6056645965576172 reward_loss:  -30.283472061157227
epoch:  25 batch:  20 region_loss:  10.0 10.0 loc_loss:  0.5513771057128907 reward_loss:  -27.568859100341797
epoch:  25 batch:  30 region_loss:  10.0 10.0 loc_loss:  0.5636058807373047 reward_loss:  -28.180267333984375
epoch:  25 batch:  40 region_loss:  10.0 10.0 loc_loss:  0.68489013671875 reward_loss:  -34.24510192871094
epoch:  25 batch:  50 region_loss:  10.0 10.0 loc_loss:  0.5687958526611329 reward_loss:  -28.439226150512695
epoch:  25 batch:  60 region_loss:  10.0 10.0 loc_loss:  0.5964312362670898 reward_loss:  -29.821857452392578
epoch:  25 batch:  70 region_loss:  10.0 10.0 loc_loss:  0.5755279922485351 reward_loss:  -28.77656364440918
epoch:  25 batch:  80 region_loss:  10.0 10.0 loc_loss:  0.6366250228881836 reward_loss:  -31.8316650390625
epoch:  25 batch:  90 region_loss:  6.0 6.0 loc_loss:  0.38588943481445315 reward_loss:  -19.294536590576172
epoch:  25 batch:  100 region_loss:  8.0 8.0 loc_loss:  0.4528345108032227 reward_loss:  -22.641843795776367
epoch:  25 batch:  110 region_loss:  4.0 4.0 loc_loss:  0.26206489562988283 reward_loss:  -13.103137016296387
epoch:  25 batch:  120 region_loss:  5.0 5.0 loc_loss:  0.2870112609863281 reward_loss:  -14.350549697875977
epoch:  25 batch:  130 region_loss:  7.0 7.0 loc_loss:  0.44601127624511716 reward_loss:  -22.300811767578125
