2
cuda
epoch:  0 batch:  0 region_loss:  10.0 10.0 loc_loss:  1.990839385986328 reward_loss:  -99.54312133789062
epoch:  0 batch:  10 region_loss:  10.0 10.0 loc_loss:  1.98736328125 reward_loss:  -99.36700439453125
epoch:  0 batch:  20 region_loss:  10.0 10.0 loc_loss:  2.0017152404785157 reward_loss:  -100.08667755126953
epoch:  0 batch:  30 region_loss:  10.0 10.0 loc_loss:  1.9834407043457032 reward_loss:  -99.17179107666016
epoch:  0 batch:  40 region_loss:  10.0 10.0 loc_loss:  1.9799382019042968 reward_loss:  -98.99742126464844
epoch:  0 batch:  50 region_loss:  10.0 10.0 loc_loss:  1.9823684692382812 reward_loss:  -99.11714935302734
epoch:  0 batch:  60 region_loss:  10.0 10.0 loc_loss:  1.977286376953125 reward_loss:  -98.86393737792969
epoch:  0 batch:  70 region_loss:  10.0 10.0 loc_loss:  1.9869224548339843 reward_loss:  -99.34593963623047
epoch:  0 batch:  80 region_loss:  10.0 10.0 loc_loss:  1.9762049865722657 reward_loss:  -98.8100357055664
epoch:  0 batch:  90 region_loss:  6.0 6.0 loc_loss:  1.1820584106445313 reward_loss:  -59.10285568237305
epoch:  0 batch:  100 region_loss:  8.0 8.0 loc_loss:  1.5710025024414063 reward_loss:  -78.54963684082031
epoch:  0 batch:  110 region_loss:  4.0 4.0 loc_loss:  0.7854665374755859 reward_loss:  -39.2735481262207
epoch:  0 batch:  120 region_loss:  5.0 5.0 loc_loss:  0.9791616058349609 reward_loss:  -48.957794189453125
epoch:  0 batch:  130 region_loss:  7.0 7.0 loc_loss:  1.3722332763671874 reward_loss:  -68.61132049560547
acc@1:  0.0037629350893697085
epoch: 0 region loss 0.17051094890510948 loc loss 1.6866300529981182 reward loss -84.33152729229336
epoch:  1 batch:  0 region_loss:  10.0 10.0 loc_loss:  1.9155865478515626 reward_loss:  -95.77931213378906
epoch:  1 batch:  10 region_loss:  10.0 10.0 loc_loss:  1.930558624267578 reward_loss:  -96.52774810791016
epoch:  1 batch:  20 region_loss:  10.0 10.0 loc_loss:  1.9382139587402343 reward_loss:  -96.91012573242188
epoch:  1 batch:  30 region_loss:  10.0 10.0 loc_loss:  1.919815673828125 reward_loss:  -95.9906234741211
epoch:  1 batch:  40 region_loss:  10.0 10.0 loc_loss:  1.91163818359375 reward_loss:  -95.58252716064453
epoch:  1 batch:  50 region_loss:  10.0 10.0 loc_loss:  1.904437255859375 reward_loss:  -95.22215270996094
epoch:  1 batch:  60 region_loss:  10.0 10.0 loc_loss:  1.883701171875 reward_loss:  -94.18501281738281
epoch:  1 batch:  70 region_loss:  10.0 10.0 loc_loss:  1.8819987487792968 reward_loss:  -94.10018920898438
epoch:  1 batch:  80 region_loss:  10.0 10.0 loc_loss:  1.8456924438476563 reward_loss:  -92.28450012207031
epoch:  1 batch:  90 region_loss:  6.0 6.0 loc_loss:  1.0995092010498047 reward_loss:  -54.97576904296875
epoch:  1 batch:  100 region_loss:  8.0 8.0 loc_loss:  1.4494493103027344 reward_loss:  -72.47198486328125
epoch:  1 batch:  110 region_loss:  4.0 4.0 loc_loss:  0.7315182495117187 reward_loss:  -36.57537841796875
epoch:  1 batch:  120 region_loss:  5.0 5.0 loc_loss:  0.9008419799804688 reward_loss:  -45.04145812988281
epoch:  1 batch:  130 region_loss:  7.0 7.0 loc_loss:  1.2534353637695312 reward_loss:  -62.672393798828125
acc@1:  0.02022577610536218
epoch: 1 region loss 0.17051094890510948 loc loss 1.5977934582564084 reward loss -79.88973534020194
epoch:  2 batch:  0 region_loss:  10.0 10.0 loc_loss:  1.7375535583496093 reward_loss:  -86.87814331054688
epoch:  2 batch:  10 region_loss:  10.0 10.0 loc_loss:  1.737240753173828 reward_loss:  -86.86180114746094
epoch:  2 batch:  20 region_loss:  10.0 10.0 loc_loss:  1.7504258728027344 reward_loss:  -87.52173614501953
epoch:  2 batch:  30 region_loss:  10.0 10.0 loc_loss:  1.7727487182617188 reward_loss:  -88.63764190673828
epoch:  2 batch:  40 region_loss:  10.0 10.0 loc_loss:  1.7300735473632813 reward_loss:  -86.50371551513672
epoch:  2 batch:  50 region_loss:  10.0 10.0 loc_loss:  1.7712564086914062 reward_loss:  -88.56278228759766
epoch:  2 batch:  60 region_loss:  10.0 10.0 loc_loss:  1.7379693603515625 reward_loss:  -86.89808654785156
epoch:  2 batch:  70 region_loss:  10.0 10.0 loc_loss:  1.7498526000976562 reward_loss:  -87.49246978759766
epoch:  2 batch:  80 region_loss:  10.0 10.0 loc_loss:  1.7227491760253906 reward_loss:  -86.13850402832031
epoch:  2 batch:  90 region_loss:  6.0 6.0 loc_loss:  1.0347766876220703 reward_loss:  -51.7387580871582
epoch:  2 batch:  100 region_loss:  8.0 8.0 loc_loss:  1.3704147338867188 reward_loss:  -68.52102661132812
epoch:  2 batch:  110 region_loss:  4.0 4.0 loc_loss:  0.6977748107910157 reward_loss:  -34.888771057128906
epoch:  2 batch:  120 region_loss:  5.0 5.0 loc_loss:  0.8657463073730469 reward_loss:  -43.28685760498047
epoch:  2 batch:  130 region_loss:  7.0 7.0 loc_loss:  1.2030923461914063 reward_loss:  -60.15505599975586
acc@1:  0.030103480714957668
epoch: 2 region loss 0.17051094890510948 loc loss 1.4733429940773624 reward loss -73.66708179111899
epoch:  3 batch:  0 region_loss:  10.0 10.0 loc_loss:  1.6864788818359375 reward_loss:  -84.32373046875
epoch:  3 batch:  10 region_loss:  10.0 10.0 loc_loss:  1.6763404846191405 reward_loss:  -83.81730651855469
epoch:  3 batch:  20 region_loss:  10.0 10.0 loc_loss:  1.6602667236328126 reward_loss:  -83.01414489746094
epoch:  3 batch:  30 region_loss:  10.0 10.0 loc_loss:  1.7035147094726562 reward_loss:  -85.17623901367188
epoch:  3 batch:  40 region_loss:  10.0 10.0 loc_loss:  1.6540158081054688 reward_loss:  -82.69990539550781
epoch:  3 batch:  50 region_loss:  10.0 10.0 loc_loss:  1.7041702270507812 reward_loss:  -85.20865631103516
epoch:  3 batch:  60 region_loss:  10.0 10.0 loc_loss:  1.6739959716796875 reward_loss:  -83.69976806640625
epoch:  3 batch:  70 region_loss:  10.0 10.0 loc_loss:  1.6840484619140625 reward_loss:  -84.2018051147461
epoch:  3 batch:  80 region_loss:  10.0 10.0 loc_loss:  1.6650442504882812 reward_loss:  -83.25199127197266
epoch:  3 batch:  90 region_loss:  6.0 6.0 loc_loss:  1.0031326293945313 reward_loss:  -50.156593322753906
epoch:  3 batch:  100 region_loss:  8.0 8.0 loc_loss:  1.3243313598632813 reward_loss:  -66.21656799316406
epoch:  3 batch:  110 region_loss:  4.0 4.0 loc_loss:  0.6781856536865234 reward_loss:  -33.90917205810547
epoch:  3 batch:  120 region_loss:  5.0 5.0 loc_loss:  0.8419623565673828 reward_loss:  -42.09764862060547
epoch:  3 batch:  130 region_loss:  7.0 7.0 loc_loss:  1.1714527893066407 reward_loss:  -58.572364807128906
acc@1:  0.036688617121354655
epoch: 3 region loss 0.17051094890510948 loc loss 1.4155906827606424 reward loss -70.77950868815401
epoch:  4 batch:  0 region_loss:  10.0 10.0 loc_loss:  1.64478515625 reward_loss:  -82.2390365600586
epoch:  4 batch:  10 region_loss:  10.0 10.0 loc_loss:  1.6337777709960937 reward_loss:  -81.689697265625
epoch:  4 batch:  20 region_loss:  10.0 10.0 loc_loss:  1.5929873657226563 reward_loss:  -79.64994812011719
epoch:  4 batch:  30 region_loss:  10.0 10.0 loc_loss:  1.6501910400390625 reward_loss:  -82.50885009765625
epoch:  4 batch:  40 region_loss:  10.0 10.0 loc_loss:  1.5971530151367188 reward_loss:  -79.85795593261719
epoch:  4 batch:  50 region_loss:  10.0 10.0 loc_loss:  1.6469212341308594 reward_loss:  -82.34611511230469
epoch:  4 batch:  60 region_loss:  10.0 10.0 loc_loss:  1.619999237060547 reward_loss:  -80.99929809570312
epoch:  4 batch:  70 region_loss:  10.0 10.0 loc_loss:  1.6282908630371093 reward_loss:  -81.41461181640625
epoch:  4 batch:  80 region_loss:  10.0 10.0 loc_loss:  1.6148109436035156 reward_loss:  -80.74024963378906
epoch:  4 batch:  90 region_loss:  6.0 6.0 loc_loss:  0.9744969940185547 reward_loss:  -48.7249755859375
epoch:  4 batch:  100 region_loss:  8.0 8.0 loc_loss:  1.2811737060546875 reward_loss:  -64.0590591430664
epoch:  4 batch:  110 region_loss:  4.0 4.0 loc_loss:  0.6604464721679687 reward_loss:  -33.0222053527832
epoch:  4 batch:  120 region_loss:  5.0 5.0 loc_loss:  0.8184905242919922 reward_loss:  -40.92456817626953
epoch:  4 batch:  130 region_loss:  7.0 7.0 loc_loss:  1.140202178955078 reward_loss:  -57.01033020019531
acc@1:  0.04656632173095014
epoch: 4 region loss 0.17051094890510948 loc loss 1.368175840725864 reward loss -68.40875288691834
epoch:  5 batch:  0 region_loss:  10.0 10.0 loc_loss:  1.5984075927734376 reward_loss:  -79.92048645019531
epoch:  5 batch:  10 region_loss:  10.0 10.0 loc_loss:  1.5890592956542968 reward_loss:  -79.45338439941406
epoch:  5 batch:  20 region_loss:  10.0 10.0 loc_loss:  1.5267842102050782 reward_loss:  -76.33873748779297
epoch:  5 batch:  30 region_loss:  10.0 10.0 loc_loss:  1.5967915344238282 reward_loss:  -79.83908081054688
epoch:  5 batch:  40 region_loss:  10.0 10.0 loc_loss:  1.5424092102050782 reward_loss:  -77.1203842163086
epoch:  5 batch:  50 region_loss:  10.0 10.0 loc_loss:  1.5894696044921874 reward_loss:  -79.47306823730469
epoch:  5 batch:  60 region_loss:  10.0 10.0 loc_loss:  1.566096649169922 reward_loss:  -78.30457305908203
epoch:  5 batch:  70 region_loss:  10.0 10.0 loc_loss:  1.5732403564453126 reward_loss:  -78.66111755371094
epoch:  5 batch:  80 region_loss:  10.0 10.0 loc_loss:  1.5635054016113281 reward_loss:  -78.17442321777344
epoch:  5 batch:  90 region_loss:  6.0 6.0 loc_loss:  0.945040283203125 reward_loss:  -47.2517204284668
epoch:  5 batch:  100 region_loss:  8.0 8.0 loc_loss:  1.2356429290771485 reward_loss:  -61.782413482666016
epoch:  5 batch:  110 region_loss:  4.0 4.0 loc_loss:  0.6426730346679688 reward_loss:  -32.13444519042969
epoch:  5 batch:  120 region_loss:  5.0 5.0 loc_loss:  0.7934378051757812 reward_loss:  -39.671905517578125
epoch:  5 batch:  130 region_loss:  7.0 7.0 loc_loss:  1.1070005798339844 reward_loss:  -55.350250244140625
acc@1:  0.057855126999059266
epoch: 5 region loss 0.17051094890510948 loc loss 1.320200313930094 reward loss -66.00997947080292
epoch:  6 batch:  0 region_loss:  10.0 10.0 loc_loss:  1.5463621520996094 reward_loss:  -77.31702423095703
epoch:  6 batch:  10 region_loss:  10.0 10.0 loc_loss:  1.5401101684570313 reward_loss:  -77.00543975830078
epoch:  6 batch:  20 region_loss:  10.0 10.0 loc_loss:  1.45621826171875 reward_loss:  -72.81109619140625
epoch:  6 batch:  30 region_loss:  10.0 10.0 loc_loss:  1.5397549438476563 reward_loss:  -76.98873901367188
epoch:  6 batch:  40 region_loss:  10.0 10.0 loc_loss:  1.486201629638672 reward_loss:  -74.30980682373047
epoch:  6 batch:  50 region_loss:  10.0 10.0 loc_loss:  1.5277998352050781 reward_loss:  -76.38858032226562
epoch:  6 batch:  60 region_loss:  10.0 10.0 loc_loss:  1.5092503356933593 reward_loss:  -75.46244049072266
epoch:  6 batch:  70 region_loss:  10.0 10.0 loc_loss:  1.5141268920898439 reward_loss:  -75.70574951171875
epoch:  6 batch:  80 region_loss:  10.0 10.0 loc_loss:  1.5088980102539062 reward_loss:  -75.44485473632812
epoch:  6 batch:  90 region_loss:  6.0 6.0 loc_loss:  0.9139656066894531 reward_loss:  -45.698116302490234
epoch:  6 batch:  100 region_loss:  8.0 8.0 loc_loss:  1.1859013366699218 reward_loss:  -59.29520034790039
epoch:  6 batch:  110 region_loss:  4.0 4.0 loc_loss:  0.6240406036376953 reward_loss:  -31.2014217376709
epoch:  6 batch:  120 region_loss:  5.0 5.0 loc_loss:  0.7660628509521484 reward_loss:  -38.30300521850586
epoch:  6 batch:  130 region_loss:  7.0 7.0 loc_loss:  1.0709754943847656 reward_loss:  -53.54932403564453
acc@1:  0.07149576669802446
epoch: 6 region loss 0.17051094890510948 loc loss 1.2691857745873667 reward loss -63.459228139724175
epoch:  7 batch:  0 region_loss:  10.0 10.0 loc_loss:  1.4879574584960937 reward_loss:  -74.39845275878906
epoch:  7 batch:  10 region_loss:  10.0 10.0 loc_loss:  1.4850521850585938 reward_loss:  -74.25242614746094
epoch:  7 batch:  20 region_loss:  10.0 10.0 loc_loss:  1.3828848266601563 reward_loss:  -69.14417266845703
epoch:  7 batch:  30 region_loss:  10.0 10.0 loc_loss:  1.47817626953125 reward_loss:  -73.90924072265625
epoch:  7 batch:  40 region_loss:  10.0 10.0 loc_loss:  1.4290798950195311 reward_loss:  -71.453857421875
epoch:  7 batch:  50 region_loss:  10.0 10.0 loc_loss:  1.4609983825683595 reward_loss:  -73.05049133300781
epoch:  7 batch:  60 region_loss:  10.0 10.0 loc_loss:  1.4485305786132812 reward_loss:  -72.4274673461914
epoch:  7 batch:  70 region_loss:  10.0 10.0 loc_loss:  1.4499105834960937 reward_loss:  -72.49485778808594
epoch:  7 batch:  80 region_loss:  10.0 10.0 loc_loss:  1.451179962158203 reward_loss:  -72.55892944335938
epoch:  7 batch:  90 region_loss:  6.0 6.0 loc_loss:  0.8812186431884765 reward_loss:  -44.06081771850586
epoch:  7 batch:  100 region_loss:  8.0 8.0 loc_loss:  1.1326876831054689 reward_loss:  -56.63457489013672
epoch:  7 batch:  110 region_loss:  4.0 4.0 loc_loss:  0.6042013549804688 reward_loss:  -30.209659576416016
epoch:  7 batch:  120 region_loss:  5.0 5.0 loc_loss:  0.7365743255615235 reward_loss:  -36.829307556152344
epoch:  7 batch:  130 region_loss:  7.0 7.0 loc_loss:  1.032186279296875 reward_loss:  -51.60884475708008
acc@1:  0.08278457196613359
epoch: 7 region loss 0.17051094890510948 loc loss 1.2149334903355062 reward loss -60.74666240441538
epoch:  8 batch:  0 region_loss:  10.0 10.0 loc_loss:  1.4238426208496093 reward_loss:  -71.19195556640625
epoch:  8 batch:  10 region_loss:  10.0 10.0 loc_loss:  1.4245736694335938 reward_loss:  -71.22858428955078
epoch:  8 batch:  20 region_loss:  10.0 10.0 loc_loss:  1.3085025024414063 reward_loss:  -65.42453002929688
epoch:  8 batch:  30 region_loss:  10.0 10.0 loc_loss:  1.4121609497070313 reward_loss:  -70.60803985595703
epoch:  8 batch:  40 region_loss:  10.0 10.0 loc_loss:  1.3727122497558595 reward_loss:  -68.63587951660156
epoch:  8 batch:  50 region_loss:  10.0 10.0 loc_loss:  1.3890872192382813 reward_loss:  -69.45465850830078
epoch:  8 batch:  60 region_loss:  10.0 10.0 loc_loss:  1.3848762512207031 reward_loss:  -69.24388885498047
epoch:  8 batch:  70 region_loss:  10.0 10.0 loc_loss:  1.3815457153320312 reward_loss:  -69.07749938964844
epoch:  8 batch:  80 region_loss:  10.0 10.0 loc_loss:  1.3913453674316407 reward_loss:  -69.56729888916016
epoch:  8 batch:  90 region_loss:  6.0 6.0 loc_loss:  0.8473578643798828 reward_loss:  -42.368431091308594
epoch:  8 batch:  100 region_loss:  8.0 8.0 loc_loss:  1.0759812164306641 reward_loss:  -53.79874801635742
epoch:  8 batch:  110 region_loss:  4.0 4.0 loc_loss:  0.5832672500610352 reward_loss:  -29.163236618041992
epoch:  8 batch:  120 region_loss:  5.0 5.0 loc_loss:  0.7049549865722656 reward_loss:  -35.247554779052734
epoch:  8 batch:  130 region_loss:  7.0 7.0 loc_loss:  0.9912005615234375 reward_loss:  -49.55996322631836
acc@1:  0.09407337723424271
epoch: 8 region loss 0.17051094890510948 loc loss 1.158241295362041 reward loss -57.912097749918914
epoch:  9 batch:  0 region_loss:  10.0 10.0 loc_loss:  1.3557424926757813 reward_loss:  -67.78638458251953
epoch:  9 batch:  10 region_loss:  10.0 10.0 loc_loss:  1.359694061279297 reward_loss:  -67.9845962524414
epoch:  9 batch:  20 region_loss:  10.0 10.0 loc_loss:  1.233943099975586 reward_loss:  -61.69710922241211
epoch:  9 batch:  30 region_loss:  10.0 10.0 loc_loss:  1.3428280639648438 reward_loss:  -67.14078521728516
epoch:  9 batch:  40 region_loss:  10.0 10.0 loc_loss:  1.3180018615722657 reward_loss:  -65.90052032470703
epoch:  9 batch:  50 region_loss:  10.0 10.0 loc_loss:  1.3132955932617187 reward_loss:  -65.66484069824219
epoch:  9 batch:  60 region_loss:  10.0 10.0 loc_loss:  1.3199452209472655 reward_loss:  -65.99751281738281
epoch:  9 batch:  70 region_loss:  10.0 10.0 loc_loss:  1.3100534057617188 reward_loss:  -65.5028076171875
epoch:  9 batch:  80 region_loss:  10.0 10.0 loc_loss:  1.3298011779785157 reward_loss:  -66.49122619628906
epoch:  9 batch:  90 region_loss:  6.0 6.0 loc_loss:  0.8125398254394531 reward_loss:  -40.627132415771484
epoch:  9 batch:  100 region_loss:  8.0 8.0 loc_loss:  1.018313446044922 reward_loss:  -50.91484069824219
epoch:  9 batch:  110 region_loss:  4.0 4.0 loc_loss:  0.5614813995361329 reward_loss:  -28.074005126953125
epoch:  9 batch:  120 region_loss:  5.0 5.0 loc_loss:  0.6725593566894531 reward_loss:  -33.62778091430664
epoch:  9 batch:  130 region_loss:  7.0 7.0 loc_loss:  0.9486152648925781 reward_loss:  -47.43091583251953
acc@1:  0.10348071495766697
epoch: 9 region loss 0.17051094890510948 loc loss 1.1004574041993078 reward loss -55.02289237419184
epoch:  10 batch:  0 region_loss:  10.0 10.0 loc_loss:  1.28385498046875 reward_loss:  -64.1925277709961
epoch:  10 batch:  10 region_loss:  10.0 10.0 loc_loss:  1.2924856567382812 reward_loss:  -64.6246109008789
epoch:  10 batch:  20 region_loss:  10.0 10.0 loc_loss:  1.1605408477783203 reward_loss:  -58.02702713012695
epoch:  10 batch:  30 region_loss:  10.0 10.0 loc_loss:  1.2715145111083985 reward_loss:  -63.57527542114258
epoch:  10 batch:  40 region_loss:  10.0 10.0 loc_loss:  1.2643944549560546 reward_loss:  -63.21945571899414
epoch:  10 batch:  50 region_loss:  10.0 10.0 loc_loss:  1.23569580078125 reward_loss:  -61.78464889526367
epoch:  10 batch:  60 region_loss:  10.0 10.0 loc_loss:  1.2556145477294922 reward_loss:  -62.78065490722656
epoch:  10 batch:  70 region_loss:  10.0 10.0 loc_loss:  1.237312774658203 reward_loss:  -61.86563491821289
epoch:  10 batch:  80 region_loss:  10.0 10.0 loc_loss:  1.2685195922851562 reward_loss:  -63.42619705200195
epoch:  10 batch:  90 region_loss:  6.0 6.0 loc_loss:  0.7778126525878907 reward_loss:  -38.89035415649414
epoch:  10 batch:  100 region_loss:  8.0 8.0 loc_loss:  0.96069091796875 reward_loss:  -48.034873962402344
epoch:  10 batch:  110 region_loss:  4.0 4.0 loc_loss:  0.5389919281005859 reward_loss:  -26.948793411254883
epoch:  10 batch:  120 region_loss:  5.0 5.0 loc_loss:  0.6398461532592773 reward_loss:  -31.991992950439453
epoch:  10 batch:  130 region_loss:  7.0 7.0 loc_loss:  0.9055206298828125 reward_loss:  -45.275428771972656
acc@1:  0.11523988711194733
epoch: 10 region loss 0.17051094890510948 loc loss 1.0428879714186174 reward loss -52.14436553342499
epoch:  11 batch:  0 region_loss:  10.0 10.0 loc_loss:  1.211623764038086 reward_loss:  -60.58140563964844
epoch:  11 batch:  10 region_loss:  10.0 10.0 loc_loss:  1.2252118682861328 reward_loss:  -61.260379791259766
epoch:  11 batch:  20 region_loss:  10.0 10.0 loc_loss:  1.0896167755126953 reward_loss:  -54.48130416870117
epoch:  11 batch:  30 region_loss:  10.0 10.0 loc_loss:  1.2001729583740235 reward_loss:  -60.00894546508789
epoch:  11 batch:  40 region_loss:  10.0 10.0 loc_loss:  1.21147216796875 reward_loss:  -60.57368087768555
epoch:  11 batch:  50 region_loss:  10.0 10.0 loc_loss:  1.1579246520996094 reward_loss:  -57.89568328857422
epoch:  11 batch:  60 region_loss:  10.0 10.0 loc_loss:  1.1928404235839845 reward_loss:  -59.64230728149414
epoch:  11 batch:  70 region_loss:  10.0 10.0 loc_loss:  1.1659962463378906 reward_loss:  -58.3002815246582
epoch:  11 batch:  80 region_loss:  10.0 10.0 loc_loss:  1.2094023895263672 reward_loss:  -60.470088958740234
epoch:  11 batch:  90 region_loss:  6.0 6.0 loc_loss:  0.7430996704101562 reward_loss:  -37.1551399230957
epoch:  11 batch:  100 region_loss:  8.0 8.0 loc_loss:  0.9049722290039063 reward_loss:  -45.2484130859375
epoch:  11 batch:  110 region_loss:  4.0 4.0 loc_loss:  0.5158432769775391 reward_loss:  -25.791973114013672
epoch:  11 batch:  120 region_loss:  5.0 5.0 loc_loss:  0.6068638610839844 reward_loss:  -30.34298324584961
epoch:  11 batch:  130 region_loss:  7.0 7.0 loc_loss:  0.8627852630615235 reward_loss:  -43.139625549316406
acc@1:  0.12041392285983067
epoch: 11 region loss 0.17051094890510948 loc loss 0.986833186741293 reward loss -49.341656037490736
epoch:  12 batch:  0 region_loss:  10.0 10.0 loc_loss:  1.1400114440917968 reward_loss:  -57.000152587890625
epoch:  12 batch:  10 region_loss:  10.0 10.0 loc_loss:  1.1593162536621093 reward_loss:  -57.96532440185547
epoch:  12 batch:  20 region_loss:  10.0 10.0 loc_loss:  1.0234577941894532 reward_loss:  -51.17332077026367
epoch:  12 batch:  30 region_loss:  10.0 10.0 loc_loss:  1.1298602294921876 reward_loss:  -56.493412017822266
epoch:  12 batch:  40 region_loss:  10.0 10.0 loc_loss:  1.1596617126464843 reward_loss:  -57.982723236083984
epoch:  12 batch:  50 region_loss:  10.0 10.0 loc_loss:  1.0837101745605469 reward_loss:  -54.18524932861328
epoch:  12 batch:  60 region_loss:  10.0 10.0 loc_loss:  1.1320808410644532 reward_loss:  -56.60426330566406
epoch:  12 batch:  70 region_loss:  10.0 10.0 loc_loss:  1.0977252197265626 reward_loss:  -54.885921478271484
epoch:  12 batch:  80 region_loss:  10.0 10.0 loc_loss:  1.1526830291748047 reward_loss:  -57.6341438293457
epoch:  12 batch:  90 region_loss:  6.0 6.0 loc_loss:  0.7092082977294922 reward_loss:  -35.46036911010742
epoch:  12 batch:  100 region_loss:  8.0 8.0 loc_loss:  0.8521235656738281 reward_loss:  -42.60607147216797
epoch:  12 batch:  110 region_loss:  4.0 4.0 loc_loss:  0.4929241943359375 reward_loss:  -24.64635467529297
epoch:  12 batch:  120 region_loss:  5.0 5.0 loc_loss:  0.5749997329711914 reward_loss:  -28.74996566772461
epoch:  12 batch:  130 region_loss:  7.0 7.0 loc_loss:  0.8212380218505859 reward_loss:  -41.06195068359375
acc@1:  0.12558795860771402
epoch: 12 region loss 0.17051094890510948 loc loss 0.9332993455872919 reward loss -46.664956921208514
epoch:  13 batch:  0 region_loss:  10.0 10.0 loc_loss:  1.0722562408447265 reward_loss:  -53.61260223388672
epoch:  13 batch:  10 region_loss:  10.0 10.0 loc_loss:  1.0964785766601564 reward_loss:  -54.82389831542969
epoch:  13 batch:  20 region_loss:  10.0 10.0 loc_loss:  0.9629624176025391 reward_loss:  -48.147972106933594
epoch:  13 batch:  30 region_loss:  10.0 10.0 loc_loss:  1.062485809326172 reward_loss:  -53.1245002746582
epoch:  13 batch:  40 region_loss:  10.0 10.0 loc_loss:  1.1091712188720704 reward_loss:  -55.458831787109375
epoch:  13 batch:  50 region_loss:  10.0 10.0 loc_loss:  1.015081024169922 reward_loss:  -50.754337310791016
epoch:  13 batch:  60 region_loss:  10.0 10.0 loc_loss:  1.0737490844726563 reward_loss:  -53.68745422363281
epoch:  13 batch:  70 region_loss:  10.0 10.0 loc_loss:  1.0343418884277344 reward_loss:  -51.71696090698242
epoch:  13 batch:  80 region_loss:  10.0 10.0 loc_loss:  1.0983496856689454 reward_loss:  -54.917396545410156
epoch:  13 batch:  90 region_loss:  6.0 6.0 loc_loss:  0.6767051696777344 reward_loss:  -33.835208892822266
epoch:  13 batch:  100 region_loss:  8.0 8.0 loc_loss:  0.803026351928711 reward_loss:  -40.15150451660156
epoch:  13 batch:  110 region_loss:  4.0 4.0 loc_loss:  0.47035751342773435 reward_loss:  -23.51734161376953
epoch:  13 batch:  120 region_loss:  5.0 5.0 loc_loss:  0.5444454193115235 reward_loss:  -27.222549438476562
epoch:  13 batch:  130 region_loss:  7.0 7.0 loc_loss:  0.7814778900146484 reward_loss:  -39.07374954223633
acc@1:  0.1288805268109125
epoch: 13 region loss 0.17051094890510948 loc loss 0.882956832273163 reward loss -44.14784428673069
epoch:  14 batch:  0 region_loss:  10.0 10.0 loc_loss:  1.008851318359375 reward_loss:  -50.442588806152344
epoch:  14 batch:  10 region_loss:  10.0 10.0 loc_loss:  1.0378834533691406 reward_loss:  -51.89411926269531
epoch:  14 batch:  20 region_loss:  10.0 10.0 loc_loss:  0.90781005859375 reward_loss:  -45.39043426513672
epoch:  14 batch:  30 region_loss:  10.0 10.0 loc_loss:  0.9989749908447265 reward_loss:  -49.947998046875
epoch:  14 batch:  40 region_loss:  10.0 10.0 loc_loss:  1.0610871887207032 reward_loss:  -53.05437088012695
epoch:  14 batch:  50 region_loss:  10.0 10.0 loc_loss:  0.9524598693847657 reward_loss:  -47.622825622558594
epoch:  14 batch:  60 region_loss:  10.0 10.0 loc_loss:  1.0188227081298828 reward_loss:  -50.940914154052734
epoch:  14 batch:  70 region_loss:  10.0 10.0 loc_loss:  0.9754891204833984 reward_loss:  -48.77436828613281
epoch:  14 batch:  80 region_loss:  10.0 10.0 loc_loss:  1.047119369506836 reward_loss:  -52.35590362548828
epoch:  14 batch:  90 region_loss:  6.0 6.0 loc_loss:  0.6459812164306641 reward_loss:  -32.29866409301758
epoch:  14 batch:  100 region_loss:  8.0 8.0 loc_loss:  0.7581611633300781 reward_loss:  -37.90829086303711
epoch:  14 batch:  110 region_loss:  4.0 4.0 loc_loss:  0.4483872222900391 reward_loss:  -22.419469833374023
epoch:  14 batch:  120 region_loss:  5.0 5.0 loc_loss:  0.5154892730712891 reward_loss:  -25.774234771728516
epoch:  14 batch:  130 region_loss:  7.0 7.0 loc_loss:  0.7438128662109375 reward_loss:  -37.190608978271484
acc@1:  0.13640639698965193
epoch: 14 region loss 0.17051094890510948 loc loss 0.8361963578384288 reward loss -41.80979315207823
epoch:  15 batch:  0 region_loss:  10.0 10.0 loc_loss:  0.9509603881835937 reward_loss:  -47.548065185546875
epoch:  15 batch:  10 region_loss:  10.0 10.0 loc_loss:  0.98356201171875 reward_loss:  -49.17841339111328
epoch:  15 batch:  20 region_loss:  10.0 10.0 loc_loss:  0.8585292816162109 reward_loss:  -42.92647171020508
epoch:  15 batch:  30 region_loss:  10.0 10.0 loc_loss:  0.9403480529785156 reward_loss:  -47.017147064208984
epoch:  15 batch:  40 region_loss:  10.0 10.0 loc_loss:  1.0157164001464845 reward_loss:  -50.785980224609375
epoch:  15 batch:  50 region_loss:  10.0 10.0 loc_loss:  0.8964820861816406 reward_loss:  -44.82426452636719
epoch:  15 batch:  60 region_loss:  10.0 10.0 loc_loss:  0.9671942901611328 reward_loss:  -48.35982131958008
epoch:  15 batch:  70 region_loss:  10.0 10.0 loc_loss:  0.92235595703125 reward_loss:  -46.11756896972656
epoch:  15 batch:  80 region_loss:  10.0 10.0 loc_loss:  0.9978866577148438 reward_loss:  -49.89457702636719
epoch:  15 batch:  90 region_loss:  6.0 6.0 loc_loss:  0.6164929580688476 reward_loss:  -30.824918746948242
epoch:  15 batch:  100 region_loss:  8.0 8.0 loc_loss:  0.7170526123046875 reward_loss:  -35.85274887084961
epoch:  15 batch:  110 region_loss:  4.0 4.0 loc_loss:  0.42695858001708986 reward_loss:  -21.34783172607422
epoch:  15 batch:  120 region_loss:  5.0 5.0 loc_loss:  0.48851844787597654 reward_loss:  -24.42596435546875
epoch:  15 batch:  130 region_loss:  7.0 7.0 loc_loss:  0.7083574676513672 reward_loss:  -35.417808532714844
acc@1:  0.13922859830667922
epoch: 15 region loss 0.17051094890510948 loc loss 0.7930804451712727 reward loss -39.654054154444786
epoch:  16 batch:  0 region_loss:  10.0 10.0 loc_loss:  0.8990259552001953 reward_loss:  -44.95034408569336
epoch:  16 batch:  10 region_loss:  10.0 10.0 loc_loss:  0.9328895568847656 reward_loss:  -46.644569396972656
epoch:  16 batch:  20 region_loss:  10.0 10.0 loc_loss:  0.8149588012695312 reward_loss:  -40.74783706665039
epoch:  16 batch:  30 region_loss:  10.0 10.0 loc_loss:  0.8864313507080078 reward_loss:  -44.32162857055664
epoch:  16 batch:  40 region_loss:  10.0 10.0 loc_loss:  0.9730892181396484 reward_loss:  -48.654090881347656
epoch:  16 batch:  50 region_loss:  10.0 10.0 loc_loss:  0.847236328125 reward_loss:  -42.36137008666992
epoch:  16 batch:  60 region_loss:  10.0 10.0 loc_loss:  0.9187213134765625 reward_loss:  -45.93611145019531
epoch:  16 batch:  70 region_loss:  10.0 10.0 loc_loss:  0.8738568115234375 reward_loss:  -43.69291687011719
epoch:  16 batch:  80 region_loss:  10.0 10.0 loc_loss:  0.9522575378417969 reward_loss:  -47.61314010620117
epoch:  16 batch:  90 region_loss:  6.0 6.0 loc_loss:  0.5888382339477539 reward_loss:  -29.44210433959961
epoch:  16 batch:  100 region_loss:  8.0 8.0 loc_loss:  0.6801239776611329 reward_loss:  -34.00672912597656
epoch:  16 batch:  110 region_loss:  4.0 4.0 loc_loss:  0.40646373748779296 reward_loss:  -20.323299407958984
epoch:  16 batch:  120 region_loss:  5.0 5.0 loc_loss:  0.46242225646972657 reward_loss:  -23.121196746826172
epoch:  16 batch:  130 region_loss:  7.0 7.0 loc_loss:  0.6755101776123047 reward_loss:  -33.77494812011719
acc@1:  0.14016933207902163
epoch: 16 region loss 0.17051094890510948 loc loss 0.753459890880724 reward loss -37.67300913455713
epoch:  17 batch:  0 region_loss:  10.0 10.0 loc_loss:  0.8514207458496094 reward_loss:  -42.5712890625
epoch:  17 batch:  10 region_loss:  10.0 10.0 loc_loss:  0.8873435974121093 reward_loss:  -44.36698532104492
epoch:  17 batch:  20 region_loss:  10.0 10.0 loc_loss:  0.7753507232666016 reward_loss:  -38.7673225402832
epoch:  17 batch:  30 region_loss:  10.0 10.0 loc_loss:  0.8375487518310547 reward_loss:  -41.87699890136719
epoch:  17 batch:  40 region_loss:  10.0 10.0 loc_loss:  0.933744125366211 reward_loss:  -46.6873779296875
epoch:  17 batch:  50 region_loss:  10.0 10.0 loc_loss:  0.8037580871582031 reward_loss:  -40.187564849853516
epoch:  17 batch:  60 region_loss:  10.0 10.0 loc_loss:  0.8732673645019531 reward_loss:  -43.66298294067383
epoch:  17 batch:  70 region_loss:  10.0 10.0 loc_loss:  0.8303186798095703 reward_loss:  -41.515625
epoch:  17 batch:  80 region_loss:  10.0 10.0 loc_loss:  0.9092979431152344 reward_loss:  -45.465023040771484
epoch:  17 batch:  90 region_loss:  6.0 6.0 loc_loss:  0.5624076080322266 reward_loss:  -28.120349884033203
epoch:  17 batch:  100 region_loss:  8.0 8.0 loc_loss:  0.6470514678955078 reward_loss:  -32.35265350341797
epoch:  17 batch:  110 region_loss:  4.0 4.0 loc_loss:  0.38685787200927735 reward_loss:  -19.34294891357422
epoch:  17 batch:  120 region_loss:  5.0 5.0 loc_loss:  0.4381251907348633 reward_loss:  -21.906177520751953
epoch:  17 batch:  130 region_loss:  7.0 7.0 loc_loss:  0.644452133178711 reward_loss:  -32.222347259521484
acc@1:  0.14016933207902163
epoch: 17 region loss 0.17051094890510948 loc loss 0.7170392630918182 reward loss -35.851948856437296
epoch:  18 batch:  0 region_loss:  10.0 10.0 loc_loss:  0.8083963012695312 reward_loss:  -40.41954040527344
epoch:  18 batch:  10 region_loss:  10.0 10.0 loc_loss:  0.8452118682861328 reward_loss:  -42.26011657714844
epoch:  18 batch:  20 region_loss:  10.0 10.0 loc_loss:  0.7404350280761719 reward_loss:  -37.02166748046875
epoch:  18 batch:  30 region_loss:  10.0 10.0 loc_loss:  0.7928646850585938 reward_loss:  -39.6433219909668
epoch:  18 batch:  40 region_loss:  10.0 10.0 loc_loss:  0.8970709228515625 reward_loss:  -44.85360336303711
epoch:  18 batch:  50 region_loss:  10.0 10.0 loc_loss:  0.7642397308349609 reward_loss:  -38.211952209472656
epoch:  18 batch:  60 region_loss:  10.0 10.0 loc_loss:  0.8298732757568359 reward_loss:  -41.49360275268555
epoch:  18 batch:  70 region_loss:  10.0 10.0 loc_loss:  0.7904761505126953 reward_loss:  -39.523563385009766
epoch:  18 batch:  80 region_loss:  10.0 10.0 loc_loss:  0.8689475250244141 reward_loss:  -43.44733428955078
epoch:  18 batch:  90 region_loss:  6.0 6.0 loc_loss:  0.5380113601684571 reward_loss:  -26.90056800842285
epoch:  18 batch:  100 region_loss:  8.0 8.0 loc_loss:  0.6162786865234375 reward_loss:  -30.81409454345703
epoch:  18 batch:  110 region_loss:  4.0 4.0 loc_loss:  0.36784461975097654 reward_loss:  -18.392303466796875
epoch:  18 batch:  120 region_loss:  5.0 5.0 loc_loss:  0.4153627014160156 reward_loss:  -20.768064498901367
epoch:  18 batch:  130 region_loss:  7.0 7.0 loc_loss:  0.6154538726806641 reward_loss:  -30.772443771362305
acc@1:  0.13311382878645345
epoch: 18 region loss 0.17051094890510948 loc loss 0.6834384816580444 reward loss -34.17193073077794
epoch:  19 batch:  0 region_loss:  10.0 10.0 loc_loss:  0.7679273986816406 reward_loss:  -38.39713668823242
epoch:  19 batch:  10 region_loss:  10.0 10.0 loc_loss:  0.8060306549072266 reward_loss:  -40.301326751708984
epoch:  19 batch:  20 region_loss:  10.0 10.0 loc_loss:  0.7089250946044922 reward_loss:  -35.44640350341797
epoch:  19 batch:  30 region_loss:  10.0 10.0 loc_loss:  0.7516548156738281 reward_loss:  -37.58216857910156
epoch:  19 batch:  40 region_loss:  10.0 10.0 loc_loss:  0.8629874420166016 reward_loss:  -43.149356842041016
epoch:  19 batch:  50 region_loss:  10.0 10.0 loc_loss:  0.7280552673339844 reward_loss:  -36.40304946899414
epoch:  19 batch:  60 region_loss:  10.0 10.0 loc_loss:  0.7890119171142578 reward_loss:  -39.45083236694336
epoch:  19 batch:  70 region_loss:  10.0 10.0 loc_loss:  0.7533292388916015 reward_loss:  -37.66666030883789
epoch:  19 batch:  80 region_loss:  10.0 10.0 loc_loss:  0.8298809051513671 reward_loss:  -41.49391174316406
epoch:  19 batch:  90 region_loss:  6.0 6.0 loc_loss:  0.514298095703125 reward_loss:  -25.714771270751953
epoch:  19 batch:  100 region_loss:  8.0 8.0 loc_loss:  0.5874655151367187 reward_loss:  -29.373586654663086
epoch:  19 batch:  110 region_loss:  4.0 4.0 loc_loss:  0.3495915222167969 reward_loss:  -17.479585647583008
epoch:  19 batch:  120 region_loss:  5.0 5.0 loc_loss:  0.3936302185058594 reward_loss:  -19.680957794189453
epoch:  19 batch:  130 region_loss:  7.0 7.0 loc_loss:  0.5883062362670899 reward_loss:  -29.415328979492188
