1
cuda
epoch:  0 batch:  0 region_loss:  10.0 10.0 loc_loss:  1.9838986206054687 reward_loss:  -99.1949691772461
epoch:  0 batch:  10 region_loss:  10.0 10.0 loc_loss:  1.984824676513672 reward_loss:  -99.2415542602539
epoch:  0 batch:  20 region_loss:  10.0 10.0 loc_loss:  1.9810032653808594 reward_loss:  -99.04989624023438
epoch:  0 batch:  30 region_loss:  10.0 10.0 loc_loss:  1.9860841369628905 reward_loss:  -99.3038330078125
epoch:  0 batch:  40 region_loss:  10.0 10.0 loc_loss:  1.972427520751953 reward_loss:  -98.62049865722656
epoch:  0 batch:  50 region_loss:  10.0 10.0 loc_loss:  1.9825704956054688 reward_loss:  -99.12800598144531
epoch:  0 batch:  60 region_loss:  10.0 10.0 loc_loss:  1.9770877075195312 reward_loss:  -98.85517883300781
epoch:  0 batch:  70 region_loss:  10.0 10.0 loc_loss:  1.9902218627929686 reward_loss:  -99.51152801513672
epoch:  0 batch:  80 region_loss:  10.0 10.0 loc_loss:  1.9863398742675782 reward_loss:  -99.31591033935547
epoch:  0 batch:  90 region_loss:  6.0 6.0 loc_loss:  1.180781021118164 reward_loss:  -59.039039611816406
epoch:  0 batch:  100 region_loss:  8.0 8.0 loc_loss:  1.573929901123047 reward_loss:  -78.69585418701172
epoch:  0 batch:  110 region_loss:  4.0 4.0 loc_loss:  0.7866970825195313 reward_loss:  -39.33460998535156
epoch:  0 batch:  120 region_loss:  5.0 5.0 loc_loss:  0.9817472839355469 reward_loss:  -49.08798599243164
epoch:  0 batch:  130 region_loss:  7.0 7.0 loc_loss:  1.3701034545898438 reward_loss:  -68.50672912597656
acc@1:  0.0037629350893697085
epoch: 0 region loss 0.17051094890510948 loc loss 1.6863114444704823 reward loss -84.31554930749601
epoch:  1 batch:  0 region_loss:  10.0 10.0 loc_loss:  1.9120896911621095 reward_loss:  -95.60526275634766
epoch:  1 batch:  10 region_loss:  10.0 10.0 loc_loss:  1.9359210205078126 reward_loss:  -96.7946548461914
epoch:  1 batch:  20 region_loss:  10.0 10.0 loc_loss:  1.9189886474609374 reward_loss:  -95.94994354248047
epoch:  1 batch:  30 region_loss:  10.0 10.0 loc_loss:  1.9278668212890624 reward_loss:  -96.39408874511719
epoch:  1 batch:  40 region_loss:  10.0 10.0 loc_loss:  1.9051316833496095 reward_loss:  -95.25482940673828
epoch:  1 batch:  50 region_loss:  10.0 10.0 loc_loss:  1.9133209228515624 reward_loss:  -95.6660385131836
epoch:  1 batch:  60 region_loss:  10.0 10.0 loc_loss:  1.8970492553710938 reward_loss:  -94.85233306884766
epoch:  1 batch:  70 region_loss:  10.0 10.0 loc_loss:  1.9026467895507813 reward_loss:  -95.13349914550781
epoch:  1 batch:  80 region_loss:  10.0 10.0 loc_loss:  1.8898216247558595 reward_loss:  -94.49214172363281
epoch:  1 batch:  90 region_loss:  6.0 6.0 loc_loss:  1.1094900512695312 reward_loss:  -55.47459030151367
epoch:  1 batch:  100 region_loss:  8.0 8.0 loc_loss:  1.4682644653320311 reward_loss:  -73.41412353515625
epoch:  1 batch:  110 region_loss:  4.0 4.0 loc_loss:  0.7405828857421874 reward_loss:  -37.029518127441406
epoch:  1 batch:  120 region_loss:  5.0 5.0 loc_loss:  0.9100081634521484 reward_loss:  -45.500244140625
epoch:  1 batch:  130 region_loss:  7.0 7.0 loc_loss:  1.2575315093994142 reward_loss:  -62.87608337402344
acc@1:  0.01975540921919097
epoch: 1 region loss 0.17051094890510948 loc loss 1.608242193068901 reward loss -80.41220961522012
epoch:  2 batch:  0 region_loss:  10.0 10.0 loc_loss:  1.7366036987304687 reward_loss:  -86.83124542236328
epoch:  2 batch:  10 region_loss:  10.0 10.0 loc_loss:  1.7548316955566405 reward_loss:  -87.74149322509766
epoch:  2 batch:  20 region_loss:  10.0 10.0 loc_loss:  1.7418038940429688 reward_loss:  -87.08899688720703
epoch:  2 batch:  30 region_loss:  10.0 10.0 loc_loss:  1.7700013732910156 reward_loss:  -88.49960327148438
epoch:  2 batch:  40 region_loss:  10.0 10.0 loc_loss:  1.7088758850097656 reward_loss:  -85.44365692138672
epoch:  2 batch:  50 region_loss:  10.0 10.0 loc_loss:  1.7677912902832031 reward_loss:  -88.39018249511719
epoch:  2 batch:  60 region_loss:  10.0 10.0 loc_loss:  1.7444572448730469 reward_loss:  -87.22283935546875
epoch:  2 batch:  70 region_loss:  10.0 10.0 loc_loss:  1.7658158874511718 reward_loss:  -88.29131317138672
epoch:  2 batch:  80 region_loss:  10.0 10.0 loc_loss:  1.7397428894042968 reward_loss:  -86.98788452148438
epoch:  2 batch:  90 region_loss:  6.0 6.0 loc_loss:  1.0345498657226562 reward_loss:  -51.7261848449707
epoch:  2 batch:  100 region_loss:  8.0 8.0 loc_loss:  1.3775044250488282 reward_loss:  -68.87619018554688
epoch:  2 batch:  110 region_loss:  4.0 4.0 loc_loss:  0.701893310546875 reward_loss:  -35.094268798828125
epoch:  2 batch:  120 region_loss:  5.0 5.0 loc_loss:  0.8650114440917969 reward_loss:  -43.2506103515625
epoch:  2 batch:  130 region_loss:  7.0 7.0 loc_loss:  1.201357650756836 reward_loss:  -60.06822204589844
acc@1:  0.029633113828786452
epoch: 2 region loss 0.17051094890510948 loc loss 1.4772237641271884 reward loss -73.86128053873995
epoch:  3 batch:  0 region_loss:  10.0 10.0 loc_loss:  1.6748318481445312 reward_loss:  -83.74163055419922
epoch:  3 batch:  10 region_loss:  10.0 10.0 loc_loss:  1.6830952453613282 reward_loss:  -84.15489959716797
epoch:  3 batch:  20 region_loss:  10.0 10.0 loc_loss:  1.6470625305175781 reward_loss:  -82.35356140136719
epoch:  3 batch:  30 region_loss:  10.0 10.0 loc_loss:  1.699569091796875 reward_loss:  -84.97843933105469
epoch:  3 batch:  40 region_loss:  10.0 10.0 loc_loss:  1.631573486328125 reward_loss:  -81.57838439941406
epoch:  3 batch:  50 region_loss:  10.0 10.0 loc_loss:  1.69701171875 reward_loss:  -84.8529281616211
epoch:  3 batch:  60 region_loss:  10.0 10.0 loc_loss:  1.67826171875 reward_loss:  -83.9140396118164
epoch:  3 batch:  70 region_loss:  10.0 10.0 loc_loss:  1.6931260681152345 reward_loss:  -84.65674591064453
epoch:  3 batch:  80 region_loss:  10.0 10.0 loc_loss:  1.6756005859375 reward_loss:  -83.77945709228516
epoch:  3 batch:  90 region_loss:  6.0 6.0 loc_loss:  1.0013484954833984 reward_loss:  -50.066688537597656
epoch:  3 batch:  100 region_loss:  8.0 8.0 loc_loss:  1.3287225341796876 reward_loss:  -66.43572998046875
epoch:  3 batch:  110 region_loss:  4.0 4.0 loc_loss:  0.6811231994628906 reward_loss:  -34.0548095703125
epoch:  3 batch:  120 region_loss:  5.0 5.0 loc_loss:  0.839796142578125 reward_loss:  -41.98923873901367
epoch:  3 batch:  130 region_loss:  7.0 7.0 loc_loss:  1.1688322448730468 reward_loss:  -58.44256591796875
acc@1:  0.040921919096895576
epoch: 3 region loss 0.17051094890510948 loc loss 1.415299102337691 reward loss -70.76498446499345
epoch:  4 batch:  0 region_loss:  10.0 10.0 loc_loss:  1.6303645324707032 reward_loss:  -81.51739501953125
epoch:  4 batch:  10 region_loss:  10.0 10.0 loc_loss:  1.6385737609863282 reward_loss:  -81.92805480957031
epoch:  4 batch:  20 region_loss:  10.0 10.0 loc_loss:  1.5808726501464845 reward_loss:  -79.04354858398438
epoch:  4 batch:  30 region_loss:  10.0 10.0 loc_loss:  1.6458460998535156 reward_loss:  -82.29164123535156
epoch:  4 batch:  40 region_loss:  10.0 10.0 loc_loss:  1.5769198608398438 reward_loss:  -78.84530639648438
epoch:  4 batch:  50 region_loss:  10.0 10.0 loc_loss:  1.6401045227050781 reward_loss:  -82.0063247680664
epoch:  4 batch:  60 region_loss:  10.0 10.0 loc_loss:  1.6248094177246093 reward_loss:  -81.24064636230469
epoch:  4 batch:  70 region_loss:  10.0 10.0 loc_loss:  1.6329881286621093 reward_loss:  -81.64949798583984
epoch:  4 batch:  80 region_loss:  10.0 10.0 loc_loss:  1.6207171630859376 reward_loss:  -81.03627014160156
epoch:  4 batch:  90 region_loss:  6.0 6.0 loc_loss:  0.9717829895019531 reward_loss:  -48.588443756103516
epoch:  4 batch:  100 region_loss:  8.0 8.0 loc_loss:  1.2836283874511718 reward_loss:  -64.1818618774414
epoch:  4 batch:  110 region_loss:  4.0 4.0 loc_loss:  0.6627432250976563 reward_loss:  -33.13750076293945
epoch:  4 batch:  120 region_loss:  5.0 5.0 loc_loss:  0.8150454711914062 reward_loss:  -40.75164031982422
epoch:  4 batch:  130 region_loss:  7.0 7.0 loc_loss:  1.1362844848632812 reward_loss:  -56.814666748046875
acc@1:  0.055973659454374415
epoch: 4 region loss 0.17051094890510948 loc loss 1.366370086391477 reward loss -68.3184799417092
epoch:  5 batch:  0 region_loss:  10.0 10.0 loc_loss:  1.582451629638672 reward_loss:  -79.12281799316406
epoch:  5 batch:  10 region_loss:  10.0 10.0 loc_loss:  1.5939224243164063 reward_loss:  -79.69567108154297
epoch:  5 batch:  20 region_loss:  10.0 10.0 loc_loss:  1.5170848083496093 reward_loss:  -75.85375213623047
epoch:  5 batch:  30 region_loss:  10.0 10.0 loc_loss:  1.590043487548828 reward_loss:  -79.50160217285156
epoch:  5 batch:  40 region_loss:  10.0 10.0 loc_loss:  1.5234292602539063 reward_loss:  -76.17127990722656
epoch:  5 batch:  50 region_loss:  10.0 10.0 loc_loss:  1.5826907348632813 reward_loss:  -79.13483428955078
epoch:  5 batch:  60 region_loss:  10.0 10.0 loc_loss:  1.5714714050292968 reward_loss:  -78.57369995117188
epoch:  5 batch:  70 region_loss:  10.0 10.0 loc_loss:  1.573590545654297 reward_loss:  -78.67963409423828
epoch:  5 batch:  80 region_loss:  10.0 10.0 loc_loss:  1.5666162109375 reward_loss:  -78.33106231689453
epoch:  5 batch:  90 region_loss:  6.0 6.0 loc_loss:  0.9419539642333984 reward_loss:  -47.097801208496094
epoch:  5 batch:  100 region_loss:  8.0 8.0 loc_loss:  1.2368083953857423 reward_loss:  -61.84034729003906
epoch:  5 batch:  110 region_loss:  4.0 4.0 loc_loss:  0.6443904876708985 reward_loss:  -32.21980285644531
epoch:  5 batch:  120 region_loss:  5.0 5.0 loc_loss:  0.7886369323730469 reward_loss:  -39.431793212890625
epoch:  5 batch:  130 region_loss:  7.0 7.0 loc_loss:  1.1017323303222657 reward_loss:  -55.087257385253906
acc@1:  0.06632173095014111
epoch: 5 region loss 0.17051094890510948 loc loss 1.3172374032013607 reward loss -65.86183216624016
epoch:  6 batch:  0 region_loss:  10.0 10.0 loc_loss:  1.5289659118652343 reward_loss:  -76.44771575927734
epoch:  6 batch:  10 region_loss:  10.0 10.0 loc_loss:  1.5444285583496093 reward_loss:  -77.2218017578125
epoch:  6 batch:  20 region_loss:  10.0 10.0 loc_loss:  1.4517063903808594 reward_loss:  -72.5845947265625
epoch:  6 batch:  30 region_loss:  10.0 10.0 loc_loss:  1.5307347106933593 reward_loss:  -76.5368881225586
epoch:  6 batch:  40 region_loss:  10.0 10.0 loc_loss:  1.4683247375488282 reward_loss:  -73.4169692993164
epoch:  6 batch:  50 region_loss:  10.0 10.0 loc_loss:  1.5210232543945312 reward_loss:  -76.05094146728516
epoch:  6 batch:  60 region_loss:  10.0 10.0 loc_loss:  1.51510498046875 reward_loss:  -75.75514221191406
epoch:  6 batch:  70 region_loss:  10.0 10.0 loc_loss:  1.5101170349121094 reward_loss:  -75.50570678710938
epoch:  6 batch:  80 region_loss:  10.0 10.0 loc_loss:  1.5098214721679688 reward_loss:  -75.490478515625
epoch:  6 batch:  90 region_loss:  6.0 6.0 loc_loss:  0.9105522155761718 reward_loss:  -45.527469635009766
epoch:  6 batch:  100 region_loss:  8.0 8.0 loc_loss:  1.1862458038330077 reward_loss:  -59.31205749511719
epoch:  6 batch:  110 region_loss:  4.0 4.0 loc_loss:  0.6256510543823243 reward_loss:  -31.282283782958984
epoch:  6 batch:  120 region_loss:  5.0 5.0 loc_loss:  0.7598020935058594 reward_loss:  -37.989776611328125
epoch:  6 batch:  130 region_loss:  7.0 7.0 loc_loss:  1.0640396118164062 reward_loss:  -53.201839447021484
acc@1:  0.0766698024459078
epoch: 6 region loss 0.17051094890510948 loc loss 1.2651198519407396 reward loss -63.25600085293289
epoch:  7 batch:  0 region_loss:  10.0 10.0 loc_loss:  1.469307861328125 reward_loss:  -73.4653549194336
epoch:  7 batch:  10 region_loss:  10.0 10.0 loc_loss:  1.489376220703125 reward_loss:  -74.46847534179688
epoch:  7 batch:  20 region_loss:  10.0 10.0 loc_loss:  1.381673583984375 reward_loss:  -69.08348846435547
epoch:  7 batch:  30 region_loss:  10.0 10.0 loc_loss:  1.466568603515625 reward_loss:  -73.32940673828125
epoch:  7 batch:  40 region_loss:  10.0 10.0 loc_loss:  1.4115321350097656 reward_loss:  -70.57640838623047
epoch:  7 batch:  50 region_loss:  10.0 10.0 loc_loss:  1.4540080261230468 reward_loss:  -72.70030212402344
epoch:  7 batch:  60 region_loss:  10.0 10.0 loc_loss:  1.4556039428710938 reward_loss:  -72.7804183959961
epoch:  7 batch:  70 region_loss:  10.0 10.0 loc_loss:  1.4430596923828125 reward_loss:  -72.15412139892578
epoch:  7 batch:  80 region_loss:  10.0 10.0 loc_loss:  1.44974609375 reward_loss:  -72.48765563964844
epoch:  7 batch:  90 region_loss:  6.0 6.0 loc_loss:  0.8776708221435547 reward_loss:  -43.883419036865234
epoch:  7 batch:  100 region_loss:  8.0 8.0 loc_loss:  1.1315975189208984 reward_loss:  -56.58061218261719
epoch:  7 batch:  110 region_loss:  4.0 4.0 loc_loss:  0.6057313537597656 reward_loss:  -30.286258697509766
epoch:  7 batch:  120 region_loss:  5.0 5.0 loc_loss:  0.7285279083251953 reward_loss:  -36.42631149291992
epoch:  7 batch:  130 region_loss:  7.0 7.0 loc_loss:  1.023859405517578 reward_loss:  -51.193572998046875
acc@1:  0.08748824082784572
epoch: 7 region loss 0.17051094890510948 loc loss 1.2098449239243556 reward loss -60.49226726058626
epoch:  8 batch:  0 region_loss:  10.0 10.0 loc_loss:  1.4042977905273437 reward_loss:  -70.21478271484375
epoch:  8 batch:  10 region_loss:  10.0 10.0 loc_loss:  1.4292526245117188 reward_loss:  -71.46297454833984
epoch:  8 batch:  20 region_loss:  10.0 10.0 loc_loss:  1.3086349487304687 reward_loss:  -65.43181610107422
epoch:  8 batch:  30 region_loss:  10.0 10.0 loc_loss:  1.3980624389648437 reward_loss:  -69.90284729003906
epoch:  8 batch:  40 region_loss:  10.0 10.0 loc_loss:  1.3552069091796874 reward_loss:  -67.76017761230469
epoch:  8 batch:  50 region_loss:  10.0 10.0 loc_loss:  1.3826104736328124 reward_loss:  -69.13036346435547
epoch:  8 batch:  60 region_loss:  10.0 10.0 loc_loss:  1.3932725524902343 reward_loss:  -69.663330078125
epoch:  8 batch:  70 region_loss:  10.0 10.0 loc_loss:  1.37205322265625 reward_loss:  -68.60277557373047
epoch:  8 batch:  80 region_loss:  10.0 10.0 loc_loss:  1.3865768432617187 reward_loss:  -69.3291244506836
epoch:  8 batch:  90 region_loss:  6.0 6.0 loc_loss:  0.8438072967529296 reward_loss:  -42.19014358520508
epoch:  8 batch:  100 region_loss:  8.0 8.0 loc_loss:  1.0739566040039064 reward_loss:  -53.69744873046875
epoch:  8 batch:  110 region_loss:  4.0 4.0 loc_loss:  0.5851665115356446 reward_loss:  -29.258544921875
epoch:  8 batch:  120 region_loss:  5.0 5.0 loc_loss:  0.696086654663086 reward_loss:  -34.80401611328125
epoch:  8 batch:  130 region_loss:  7.0 7.0 loc_loss:  0.9815261840820313 reward_loss:  -49.07666778564453
acc@1:  0.10159924741298212
epoch: 8 region loss 0.17051094890510948 loc loss 1.152331129199397 reward loss -57.61656314265119
epoch:  9 batch:  0 region_loss:  10.0 10.0 loc_loss:  1.3352577209472656 reward_loss:  -66.76304626464844
epoch:  9 batch:  10 region_loss:  10.0 10.0 loc_loss:  1.364851531982422 reward_loss:  -68.24304962158203
epoch:  9 batch:  20 region_loss:  10.0 10.0 loc_loss:  1.2335777282714844 reward_loss:  -61.67880630493164
epoch:  9 batch:  30 region_loss:  10.0 10.0 loc_loss:  1.3264260864257813 reward_loss:  -66.32109069824219
epoch:  9 batch:  40 region_loss:  10.0 10.0 loc_loss:  1.3001454162597657 reward_loss:  -65.00732421875
epoch:  9 batch:  50 region_loss:  10.0 10.0 loc_loss:  1.30716064453125 reward_loss:  -65.35778045654297
epoch:  9 batch:  60 region_loss:  10.0 10.0 loc_loss:  1.328199462890625 reward_loss:  -66.41027069091797
epoch:  9 batch:  70 region_loss:  10.0 10.0 loc_loss:  1.2990859985351562 reward_loss:  -64.95339965820312
epoch:  9 batch:  80 region_loss:  10.0 10.0 loc_loss:  1.3230584716796876 reward_loss:  -66.1534194946289
epoch:  9 batch:  90 region_loss:  6.0 6.0 loc_loss:  0.8092732238769531 reward_loss:  -40.46340560913086
epoch:  9 batch:  100 region_loss:  8.0 8.0 loc_loss:  1.0146881866455078 reward_loss:  -50.73487091064453
epoch:  9 batch:  110 region_loss:  4.0 4.0 loc_loss:  0.5638547515869141 reward_loss:  -28.192562103271484
epoch:  9 batch:  120 region_loss:  5.0 5.0 loc_loss:  0.6627210998535156 reward_loss:  -33.13584899902344
epoch:  9 batch:  130 region_loss:  7.0 7.0 loc_loss:  0.9377533721923829 reward_loss:  -46.88741683959961
acc@1:  0.11147695202257761
epoch: 9 region loss 0.17051094890510948 loc loss 1.0938827336443602 reward loss -54.694182597807725
epoch:  10 batch:  0 region_loss:  10.0 10.0 loc_loss:  1.2630759429931642 reward_loss:  -63.153717041015625
epoch:  10 batch:  10 region_loss:  10.0 10.0 loc_loss:  1.2972238159179688 reward_loss:  -64.8604965209961
epoch:  10 batch:  20 region_loss:  10.0 10.0 loc_loss:  1.158727493286133 reward_loss:  -57.93607711791992
epoch:  10 batch:  30 region_loss:  10.0 10.0 loc_loss:  1.2534729766845703 reward_loss:  -62.673919677734375
epoch:  10 batch:  40 region_loss:  10.0 10.0 loc_loss:  1.2466082763671875 reward_loss:  -62.32970428466797
epoch:  10 batch:  50 region_loss:  10.0 10.0 loc_loss:  1.2297984313964845 reward_loss:  -61.48933410644531
epoch:  10 batch:  60 region_loss:  10.0 10.0 loc_loss:  1.2633676147460937 reward_loss:  -63.168785095214844
epoch:  10 batch:  70 region_loss:  10.0 10.0 loc_loss:  1.2256572723388672 reward_loss:  -61.283382415771484
epoch:  10 batch:  80 region_loss:  10.0 10.0 loc_loss:  1.260174560546875 reward_loss:  -63.00835037231445
epoch:  10 batch:  90 region_loss:  6.0 6.0 loc_loss:  0.7741253662109375 reward_loss:  -38.7059211730957
epoch:  10 batch:  100 region_loss:  8.0 8.0 loc_loss:  0.9566272735595703 reward_loss:  -47.831573486328125
epoch:  10 batch:  110 region_loss:  4.0 4.0 loc_loss:  0.5416989898681641 reward_loss:  -27.084400177001953
epoch:  10 batch:  120 region_loss:  5.0 5.0 loc_loss:  0.6297557067871093 reward_loss:  -31.487646102905273
epoch:  10 batch:  130 region_loss:  7.0 7.0 loc_loss:  0.8942673492431641 reward_loss:  -44.71344757080078
acc@1:  0.12041392285983067
epoch: 10 region loss 0.17051094890510948 loc loss 1.0359894959944007 reward loss -51.79946107237878
epoch:  11 batch:  0 region_loss:  10.0 10.0 loc_loss:  1.1905371856689453 reward_loss:  -59.527122497558594
epoch:  11 batch:  10 region_loss:  10.0 10.0 loc_loss:  1.2286023712158203 reward_loss:  -61.43040466308594
epoch:  11 batch:  20 region_loss:  10.0 10.0 loc_loss:  1.0880529022216796 reward_loss:  -54.40193557739258
epoch:  11 batch:  30 region_loss:  10.0 10.0 loc_loss:  1.18080322265625 reward_loss:  -59.040313720703125
epoch:  11 batch:  40 region_loss:  10.0 10.0 loc_loss:  1.1930797576904297 reward_loss:  -59.65461349487305
epoch:  11 batch:  50 region_loss:  10.0 10.0 loc_loss:  1.154389419555664 reward_loss:  -57.71954345703125
epoch:  11 batch:  60 region_loss:  10.0 10.0 loc_loss:  1.2001611328125 reward_loss:  -60.00834655761719
epoch:  11 batch:  70 region_loss:  10.0 10.0 loc_loss:  1.1549022674560547 reward_loss:  -57.74530029296875
epoch:  11 batch:  80 region_loss:  10.0 10.0 loc_loss:  1.201522445678711 reward_loss:  -60.076454162597656
epoch:  11 batch:  90 region_loss:  6.0 6.0 loc_loss:  0.7390747833251953 reward_loss:  -36.95405960083008
epoch:  11 batch:  100 region_loss:  8.0 8.0 loc_loss:  0.9006037902832031 reward_loss:  -45.030540466308594
epoch:  11 batch:  110 region_loss:  4.0 4.0 loc_loss:  0.5192462921142578 reward_loss:  -25.961750030517578
epoch:  11 batch:  120 region_loss:  5.0 5.0 loc_loss:  0.5971664428710938 reward_loss:  -29.85878562927246
epoch:  11 batch:  130 region_loss:  7.0 7.0 loc_loss:  0.8510450744628906 reward_loss:  -42.55154037475586
acc@1:  0.12558795860771402
epoch: 11 region loss 0.17051094890510948 loc loss 0.9797914711054224 reward loss -48.98953719034682
epoch:  12 batch:  0 region_loss:  10.0 10.0 loc_loss:  1.1201023864746094 reward_loss:  -56.004600524902344
epoch:  12 batch:  10 region_loss:  10.0 10.0 loc_loss:  1.160625 reward_loss:  -58.03110122680664
epoch:  12 batch:  20 region_loss:  10.0 10.0 loc_loss:  1.0214701080322266 reward_loss:  -51.07386016845703
epoch:  12 batch:  30 region_loss:  10.0 10.0 loc_loss:  1.1108003997802733 reward_loss:  -55.5400390625
epoch:  12 batch:  40 region_loss:  10.0 10.0 loc_loss:  1.1406224822998048 reward_loss:  -57.031070709228516
epoch:  12 batch:  50 region_loss:  10.0 10.0 loc_loss:  1.082339324951172 reward_loss:  -54.11660385131836
epoch:  12 batch:  60 region_loss:  10.0 10.0 loc_loss:  1.1388898468017579 reward_loss:  -56.9444465637207
epoch:  12 batch:  70 region_loss:  10.0 10.0 loc_loss:  1.0891465759277343 reward_loss:  -54.45751953125
epoch:  12 batch:  80 region_loss:  10.0 10.0 loc_loss:  1.145615997314453 reward_loss:  -57.28097915649414
epoch:  12 batch:  90 region_loss:  6.0 6.0 loc_loss:  0.7051992797851563 reward_loss:  -35.25990295410156
epoch:  12 batch:  100 region_loss:  8.0 8.0 loc_loss:  0.8481523895263672 reward_loss:  -42.40787124633789
epoch:  12 batch:  110 region_loss:  4.0 4.0 loc_loss:  0.49666168212890627 reward_loss:  -24.832618713378906
epoch:  12 batch:  120 region_loss:  5.0 5.0 loc_loss:  0.5660572814941406 reward_loss:  -28.30258560180664
epoch:  12 batch:  130 region_loss:  7.0 7.0 loc_loss:  0.8098159790039062 reward_loss:  -40.49100875854492
acc@1:  0.1317027281279398
epoch: 12 region loss 0.17051094890510948 loc loss 0.9263020380396043 reward loss -46.315130150231134
epoch:  13 batch:  0 region_loss:  10.0 10.0 loc_loss:  1.0530199432373046 reward_loss:  -52.65085983276367
epoch:  13 batch:  10 region_loss:  10.0 10.0 loc_loss:  1.0961628723144532 reward_loss:  -54.80801010131836
epoch:  13 batch:  20 region_loss:  10.0 10.0 loc_loss:  0.9608528137207031 reward_loss:  -48.04266357421875
epoch:  13 batch:  30 region_loss:  10.0 10.0 loc_loss:  1.04458984375 reward_loss:  -52.230316162109375
epoch:  13 batch:  40 region_loss:  10.0 10.0 loc_loss:  1.0902997589111327 reward_loss:  -54.515045166015625
epoch:  13 batch:  50 region_loss:  10.0 10.0 loc_loss:  1.0160822296142578 reward_loss:  -50.80400848388672
epoch:  13 batch:  60 region_loss:  10.0 10.0 loc_loss:  1.0804473114013673 reward_loss:  -54.022552490234375
epoch:  13 batch:  70 region_loss:  10.0 10.0 loc_loss:  1.02899169921875 reward_loss:  -51.450279235839844
epoch:  13 batch:  80 region_loss:  10.0 10.0 loc_loss:  1.092578125 reward_loss:  -54.62883377075195
epoch:  13 batch:  90 region_loss:  6.0 6.0 loc_loss:  0.6723522186279297 reward_loss:  -33.61736297607422
epoch:  13 batch:  100 region_loss:  8.0 8.0 loc_loss:  0.7994295501708985 reward_loss:  -39.97206115722656
epoch:  13 batch:  110 region_loss:  4.0 4.0 loc_loss:  0.4746340560913086 reward_loss:  -23.73153305053711
epoch:  13 batch:  120 region_loss:  5.0 5.0 loc_loss:  0.5365787887573242 reward_loss:  -26.828632354736328
epoch:  13 batch:  130 region_loss:  7.0 7.0 loc_loss:  0.77102294921875 reward_loss:  -38.55136489868164
acc@1:  0.13687676387582315
epoch: 13 region loss 0.17051094890510948 loc loss 0.8763653252594662 reward loss -43.818259162624386
epoch:  14 batch:  0 region_loss:  10.0 10.0 loc_loss:  0.9917707824707032 reward_loss:  -49.58787155151367
epoch:  14 batch:  10 region_loss:  10.0 10.0 loc_loss:  1.0342405700683595 reward_loss:  -51.7125358581543
epoch:  14 batch:  20 region_loss:  10.0 10.0 loc_loss:  0.9041744995117188 reward_loss:  -45.20857620239258
epoch:  14 batch:  30 region_loss:  10.0 10.0 loc_loss:  0.9826292419433593 reward_loss:  -49.13163757324219
epoch:  14 batch:  40 region_loss:  10.0 10.0 loc_loss:  1.0422393035888673 reward_loss:  -52.11161804199219
epoch:  14 batch:  50 region_loss:  10.0 10.0 loc_loss:  0.9564254760742188 reward_loss:  -47.82149124145508
epoch:  14 batch:  60 region_loss:  10.0 10.0 loc_loss:  1.0248320770263672 reward_loss:  -51.241363525390625
epoch:  14 batch:  70 region_loss:  10.0 10.0 loc_loss:  0.9751297760009766 reward_loss:  -48.756282806396484
epoch:  14 batch:  80 region_loss:  10.0 10.0 loc_loss:  1.0427153778076172 reward_loss:  -52.136077880859375
epoch:  14 batch:  90 region_loss:  6.0 6.0 loc_loss:  0.6407904815673828 reward_loss:  -32.03959274291992
epoch:  14 batch:  100 region_loss:  8.0 8.0 loc_loss:  0.7551597595214844 reward_loss:  -37.7579345703125
epoch:  14 batch:  110 region_loss:  4.0 4.0 loc_loss:  0.4519651412963867 reward_loss:  -22.598533630371094
epoch:  14 batch:  120 region_loss:  5.0 5.0 loc_loss:  0.5080109405517578 reward_loss:  -25.40081024169922
epoch:  14 batch:  130 region_loss:  7.0 7.0 loc_loss:  0.7343118286132813 reward_loss:  -36.71522903442383
acc@1:  0.13734713076199437
epoch: 14 region loss 0.17051094890510948 loc loss 0.8300510412063042 reward loss -41.50255935557567
epoch:  15 batch:  0 region_loss:  10.0 10.0 loc_loss:  0.9348928833007812 reward_loss:  -46.74433898925781
epoch:  15 batch:  10 region_loss:  10.0 10.0 loc_loss:  0.9771034240722656 reward_loss:  -48.85474395751953
epoch:  15 batch:  20 region_loss:  10.0 10.0 loc_loss:  0.8529431915283203 reward_loss:  -42.6468391418457
epoch:  15 batch:  30 region_loss:  10.0 10.0 loc_loss:  0.9261196899414063 reward_loss:  -46.30628967285156
epoch:  15 batch:  40 region_loss:  10.0 10.0 loc_loss:  0.9974801635742188 reward_loss:  -49.874210357666016
epoch:  15 batch:  50 region_loss:  10.0 10.0 loc_loss:  0.9025126647949219 reward_loss:  -45.12544631958008
epoch:  15 batch:  60 region_loss:  10.0 10.0 loc_loss:  0.9729328918457031 reward_loss:  -48.64626693725586
epoch:  15 batch:  70 region_loss:  10.0 10.0 loc_loss:  0.9250377655029297 reward_loss:  -46.251888275146484
epoch:  15 batch:  80 region_loss:  10.0 10.0 loc_loss:  0.9947614288330078 reward_loss:  -49.7378044128418
epoch:  15 batch:  90 region_loss:  6.0 6.0 loc_loss:  0.6108474731445312 reward_loss:  -30.542274475097656
epoch:  15 batch:  100 region_loss:  8.0 8.0 loc_loss:  0.7153330993652344 reward_loss:  -35.766639709472656
epoch:  15 batch:  110 region_loss:  4.0 4.0 loc_loss:  0.4309025573730469 reward_loss:  -21.54511260986328
epoch:  15 batch:  120 region_loss:  5.0 5.0 loc_loss:  0.4816011428833008 reward_loss:  -24.080368041992188
epoch:  15 batch:  130 region_loss:  7.0 7.0 loc_loss:  0.7004306030273437 reward_loss:  -35.021541595458984
acc@1:  0.13922859830667922
epoch: 15 region loss 0.17051094890510948 loc loss 0.7874994431098883 reward loss -39.374977933229324
epoch:  16 batch:  0 region_loss:  10.0 10.0 loc_loss:  0.8834622955322265 reward_loss:  -44.172943115234375
epoch:  16 batch:  10 region_loss:  10.0 10.0 loc_loss:  0.9242953491210938 reward_loss:  -46.21497344970703
epoch:  16 batch:  20 region_loss:  10.0 10.0 loc_loss:  0.8062565612792969 reward_loss:  -40.313446044921875
epoch:  16 batch:  30 region_loss:  10.0 10.0 loc_loss:  0.8745571136474609 reward_loss:  -43.72769546508789
epoch:  16 batch:  40 region_loss:  10.0 10.0 loc_loss:  0.9558357238769531 reward_loss:  -47.79186248779297
epoch:  16 batch:  50 region_loss:  10.0 10.0 loc_loss:  0.8544440460205078 reward_loss:  -42.72219467163086
epoch:  16 batch:  60 region_loss:  10.0 10.0 loc_loss:  0.9253794097900391 reward_loss:  -46.26909637451172
epoch:  16 batch:  70 region_loss:  10.0 10.0 loc_loss:  0.8795332336425781 reward_loss:  -43.97666931152344
epoch:  16 batch:  80 region_loss:  10.0 10.0 loc_loss:  0.9500685119628907 reward_loss:  -47.5034065246582
epoch:  16 batch:  90 region_loss:  6.0 6.0 loc_loss:  0.5821798706054687 reward_loss:  -29.109378814697266
epoch:  16 batch:  100 region_loss:  8.0 8.0 loc_loss:  0.6789901733398438 reward_loss:  -33.949188232421875
epoch:  16 batch:  110 region_loss:  4.0 4.0 loc_loss:  0.4103591537475586 reward_loss:  -20.51803970336914
epoch:  16 batch:  120 region_loss:  5.0 5.0 loc_loss:  0.4559101867675781 reward_loss:  -22.79534149169922
epoch:  16 batch:  130 region_loss:  7.0 7.0 loc_loss:  0.6682564544677735 reward_loss:  -33.41283416748047
acc@1:  0.1354656632173095
epoch: 16 region loss 0.17051094890510948 loc loss 0.7484379992519853 reward loss -37.42193098137849
epoch:  17 batch:  0 region_loss:  10.0 10.0 loc_loss:  0.8366606140136719 reward_loss:  -41.832786560058594
epoch:  17 batch:  10 region_loss:  10.0 10.0 loc_loss:  0.8769146728515625 reward_loss:  -43.84577178955078
epoch:  17 batch:  20 region_loss:  10.0 10.0 loc_loss:  0.7649153137207031 reward_loss:  -38.24509811401367
epoch:  17 batch:  30 region_loss:  10.0 10.0 loc_loss:  0.82769775390625 reward_loss:  -41.38480758666992
epoch:  17 batch:  40 region_loss:  10.0 10.0 loc_loss:  0.9179058074951172 reward_loss:  -45.895381927490234
epoch:  17 batch:  50 region_loss:  10.0 10.0 loc_loss:  0.8106961059570312 reward_loss:  -40.5350341796875
epoch:  17 batch:  60 region_loss:  10.0 10.0 loc_loss:  0.8801040649414062 reward_loss:  -44.00523376464844
epoch:  17 batch:  70 region_loss:  10.0 10.0 loc_loss:  0.8369681549072265 reward_loss:  -41.84843826293945
epoch:  17 batch:  80 region_loss:  10.0 10.0 loc_loss:  0.9070482635498047 reward_loss:  -45.35246658325195
epoch:  17 batch:  90 region_loss:  6.0 6.0 loc_loss:  0.5560938262939453 reward_loss:  -27.804553985595703
epoch:  17 batch:  100 region_loss:  8.0 8.0 loc_loss:  0.6455546569824219 reward_loss:  -32.277706146240234
epoch:  17 batch:  110 region_loss:  4.0 4.0 loc_loss:  0.39063934326171873 reward_loss:  -19.531837463378906
epoch:  17 batch:  120 region_loss:  5.0 5.0 loc_loss:  0.43169910430908204 reward_loss:  -21.58490753173828
epoch:  17 batch:  130 region_loss:  7.0 7.0 loc_loss:  0.6381203079223633 reward_loss:  -31.90577507019043
acc@1:  0.1349952963311383
epoch: 17 region loss 0.17051094890510948 loc loss 0.7125279642369625 reward loss -35.62638918326719
epoch:  18 batch:  0 region_loss:  10.0 10.0 loc_loss:  0.7941077423095703 reward_loss:  -39.7049674987793
epoch:  18 batch:  10 region_loss:  10.0 10.0 loc_loss:  0.8325115966796875 reward_loss:  -41.62599182128906
epoch:  18 batch:  20 region_loss:  10.0 10.0 loc_loss:  0.727406005859375 reward_loss:  -36.37041473388672
epoch:  18 batch:  30 region_loss:  10.0 10.0 loc_loss:  0.7852210998535156 reward_loss:  -39.261104583740234
epoch:  18 batch:  40 region_loss:  10.0 10.0 loc_loss:  0.8821575164794921 reward_loss:  -44.107879638671875
epoch:  18 batch:  50 region_loss:  10.0 10.0 loc_loss:  0.7717684173583984 reward_loss:  -38.588523864746094
epoch:  18 batch:  60 region_loss:  10.0 10.0 loc_loss:  0.8369622039794922 reward_loss:  -41.84792709350586
epoch:  18 batch:  70 region_loss:  10.0 10.0 loc_loss:  0.7984442138671874 reward_loss:  -39.922027587890625
epoch:  18 batch:  80 region_loss:  10.0 10.0 loc_loss:  0.8667462158203125 reward_loss:  -43.33733367919922
epoch:  18 batch:  90 region_loss:  6.0 6.0 loc_loss:  0.5302013397216797 reward_loss:  -26.510147094726562
epoch:  18 batch:  100 region_loss:  8.0 8.0 loc_loss:  0.6153557586669922 reward_loss:  -30.767864227294922
epoch:  18 batch:  110 region_loss:  4.0 4.0 loc_loss:  0.37159042358398436 reward_loss:  -18.579801559448242
epoch:  18 batch:  120 region_loss:  5.0 5.0 loc_loss:  0.4091164016723633 reward_loss:  -20.456104278564453
epoch:  18 batch:  130 region_loss:  7.0 7.0 loc_loss:  0.6100077438354492 reward_loss:  -30.5002498626709
acc@1:  0.13264346190028223
epoch: 18 region loss 0.17051094890510948 loc loss 0.6794340843701885 reward loss -33.971681915060444
epoch:  19 batch:  0 region_loss:  10.0 10.0 loc_loss:  0.7545523071289062 reward_loss:  -37.72767639160156
epoch:  19 batch:  10 region_loss:  10.0 10.0 loc_loss:  0.792232666015625 reward_loss:  -39.61166000366211
epoch:  19 batch:  20 region_loss:  10.0 10.0 loc_loss:  0.6937373352050781 reward_loss:  -34.686859130859375
epoch:  19 batch:  30 region_loss:  10.0 10.0 loc_loss:  0.7453534698486328 reward_loss:  -37.26765823364258
epoch:  19 batch:  40 region_loss:  10.0 10.0 loc_loss:  0.8483108520507813 reward_loss:  -42.41554641723633
epoch:  19 batch:  50 region_loss:  10.0 10.0 loc_loss:  0.7357139587402344 reward_loss:  -36.7855339050293
epoch:  19 batch:  60 region_loss:  10.0 10.0 loc_loss:  0.7976424407958984 reward_loss:  -39.882179260253906
epoch:  19 batch:  70 region_loss:  10.0 10.0 loc_loss:  0.7626631164550781 reward_loss:  -38.133460998535156
epoch:  19 batch:  80 region_loss:  10.0 10.0 loc_loss:  0.8290930938720703 reward_loss:  -41.45463943481445
epoch:  19 batch:  90 region_loss:  6.0 6.0 loc_loss:  0.5065748214721679 reward_loss:  -25.32894515991211
epoch:  19 batch:  100 region_loss:  8.0 8.0 loc_loss:  0.5861845016479492 reward_loss:  -29.309345245361328
epoch:  19 batch:  110 region_loss:  4.0 4.0 loc_loss:  0.3537769317626953 reward_loss:  -17.689044952392578
epoch:  19 batch:  120 region_loss:  5.0 5.0 loc_loss:  0.3873070526123047 reward_loss:  -19.36490821838379
epoch:  19 batch:  130 region_loss:  7.0 7.0 loc_loss:  0.5830328750610352 reward_loss:  -29.15154457092285
acc@1:  0.1349952963311383
epoch: 19 region loss 0.17051094890510948 loc loss 0.6486962603826592 reward loss -32.434810923833915
epoch:  20 batch:  0 region_loss:  10.0 10.0 loc_loss:  0.7185611724853516 reward_loss:  -35.92860412597656
epoch:  20 batch:  10 region_loss:  10.0 10.0 loc_loss:  0.7554450225830078 reward_loss:  -37.77193832397461
epoch:  20 batch:  20 region_loss:  10.0 10.0 loc_loss:  0.6630515289306641 reward_loss:  -33.1532096862793
epoch:  20 batch:  30 region_loss:  10.0 10.0 loc_loss:  0.7099147796630859 reward_loss:  -35.495330810546875
epoch:  20 batch:  40 region_loss:  10.0 10.0 loc_loss:  0.8163670349121094 reward_loss:  -40.81819534301758
epoch:  20 batch:  50 region_loss:  10.0 10.0 loc_loss:  0.7025553894042968 reward_loss:  -35.12791442871094
epoch:  20 batch:  60 region_loss:  10.0 10.0 loc_loss:  0.7596855926513671 reward_loss:  -37.98433303833008
epoch:  20 batch:  70 region_loss:  10.0 10.0 loc_loss:  0.7291737365722656 reward_loss:  -36.45867919921875
epoch:  20 batch:  80 region_loss:  10.0 10.0 loc_loss:  0.7931022644042969 reward_loss:  -39.65514373779297
epoch:  20 batch:  90 region_loss:  6.0 6.0 loc_loss:  0.48372364044189453 reward_loss:  -24.185930252075195
epoch:  20 batch:  100 region_loss:  8.0 8.0 loc_loss:  0.5596429824829101 reward_loss:  -27.981956481933594
epoch:  20 batch:  110 region_loss:  4.0 4.0 loc_loss:  0.3364580154418945 reward_loss:  -16.82296371459961
epoch:  20 batch:  120 region_loss:  5.0 5.0 loc_loss:  0.3665151596069336 reward_loss:  -18.325637817382812
epoch:  20 batch:  130 region_loss:  7.0 7.0 loc_loss:  0.557967529296875 reward_loss:  -27.89852523803711
acc@1:  0.13452492944496708
epoch: 20 region loss 0.17051094890510948 loc loss 0.6199937032435062 reward loss -30.99967575769355
epoch:  21 batch:  0 region_loss:  10.0 10.0 loc_loss:  0.68519775390625 reward_loss:  -34.260032653808594
epoch:  21 batch:  10 region_loss:  10.0 10.0 loc_loss:  0.72079833984375 reward_loss:  -36.0401611328125
epoch:  21 batch:  20 region_loss:  10.0 10.0 loc_loss:  0.6347568130493164 reward_loss:  -31.737621307373047
epoch:  21 batch:  30 region_loss:  10.0 10.0 loc_loss:  0.6766523742675781 reward_loss:  -33.83263397216797
epoch:  21 batch:  40 region_loss:  10.0 10.0 loc_loss:  0.7870458984375 reward_loss:  -39.35250473022461
epoch:  21 batch:  50 region_loss:  10.0 10.0 loc_loss:  0.6714212799072266 reward_loss:  -33.570980072021484
epoch:  21 batch:  60 region_loss:  10.0 10.0 loc_loss:  0.7237432098388672 reward_loss:  -36.187477111816406
epoch:  21 batch:  70 region_loss:  10.0 10.0 loc_loss:  0.69634033203125 reward_loss:  -34.81715393066406
epoch:  21 batch:  80 region_loss:  10.0 10.0 loc_loss:  0.7583645629882813 reward_loss:  -37.91823196411133
epoch:  21 batch:  90 region_loss:  6.0 6.0 loc_loss:  0.4621504974365234 reward_loss:  -23.107227325439453
epoch:  21 batch:  100 region_loss:  8.0 8.0 loc_loss:  0.53490234375 reward_loss:  -26.745033264160156
epoch:  21 batch:  110 region_loss:  4.0 4.0 loc_loss:  0.3208525848388672 reward_loss:  -16.042898178100586
epoch:  21 batch:  120 region_loss:  5.0 5.0 loc_loss:  0.3480173873901367 reward_loss:  -17.400930404663086
epoch:  21 batch:  130 region_loss:  7.0 7.0 loc_loss:  0.5340093231201172 reward_loss:  -26.700132369995117
acc@1:  0.1317027281279398
epoch: 21 region loss 0.17051094890510948 loc loss 0.5929932421663382 reward loss -29.64969087169118
epoch:  22 batch:  0 region_loss:  10.0 10.0 loc_loss:  0.6532127380371093 reward_loss:  -32.660919189453125
epoch:  22 batch:  10 region_loss:  10.0 10.0 loc_loss:  0.689053955078125 reward_loss:  -34.45274353027344
epoch:  22 batch:  20 region_loss:  10.0 10.0 loc_loss:  0.6097511672973632 reward_loss:  -30.487642288208008
epoch:  22 batch:  30 region_loss:  10.0 10.0 loc_loss:  0.6450960540771484 reward_loss:  -32.255374908447266
epoch:  22 batch:  40 region_loss:  10.0 10.0 loc_loss:  0.7585829162597656 reward_loss:  -37.92899703979492
epoch:  22 batch:  50 region_loss:  10.0 10.0 loc_loss:  0.6428687286376953 reward_loss:  -32.14344024658203
epoch:  22 batch:  60 region_loss:  10.0 10.0 loc_loss:  0.6889201354980469 reward_loss:  -34.446468353271484
epoch:  22 batch:  70 region_loss:  10.0 10.0 loc_loss:  0.6678231811523437 reward_loss:  -33.39146423339844
epoch:  22 batch:  80 region_loss:  10.0 10.0 loc_loss:  0.7255081176757813 reward_loss:  -36.275543212890625
epoch:  22 batch:  90 region_loss:  6.0 6.0 loc_loss:  0.4417527389526367 reward_loss:  -22.087522506713867
epoch:  22 batch:  100 region_loss:  8.0 8.0 loc_loss:  0.5114296722412109 reward_loss:  -25.57151222229004
epoch:  22 batch:  110 region_loss:  4.0 4.0 loc_loss:  0.30465938568115236 reward_loss:  -15.233091354370117
epoch:  22 batch:  120 region_loss:  5.0 5.0 loc_loss:  0.3294698715209961 reward_loss:  -16.47365951538086
epoch:  22 batch:  130 region_loss:  7.0 7.0 loc_loss:  0.5112906265258789 reward_loss:  -25.564584732055664
acc@1:  0.13076199435559738
epoch: 22 region loss 0.17051094890510948 loc loss 0.5674800367424958 reward loss -28.37400339293654
epoch:  23 batch:  0 region_loss:  10.0 10.0 loc_loss:  0.6232841873168945 reward_loss:  -31.164405822753906
epoch:  23 batch:  10 region_loss:  10.0 10.0 loc_loss:  0.6580339050292969 reward_loss:  -32.901729583740234
epoch:  23 batch:  20 region_loss:  10.0 10.0 loc_loss:  0.5855189895629883 reward_loss:  -29.2762451171875
epoch:  23 batch:  30 region_loss:  10.0 10.0 loc_loss:  0.6158651351928711 reward_loss:  -30.79319953918457
epoch:  23 batch:  40 region_loss:  10.0 10.0 loc_loss:  0.7307955932617187 reward_loss:  -36.539833068847656
epoch:  23 batch:  50 region_loss:  10.0 10.0 loc_loss:  0.6160688400268555 reward_loss:  -30.803287506103516
epoch:  23 batch:  60 region_loss:  10.0 10.0 loc_loss:  0.6569188690185547 reward_loss:  -32.84575271606445
epoch:  23 batch:  70 region_loss:  10.0 10.0 loc_loss:  0.6382026672363281 reward_loss:  -31.91082000732422
epoch:  23 batch:  80 region_loss:  10.0 10.0 loc_loss:  0.6927651977539062 reward_loss:  -34.63813018798828
epoch:  23 batch:  90 region_loss:  6.0 6.0 loc_loss:  0.42143974304199217 reward_loss:  -21.072134017944336
epoch:  23 batch:  100 region_loss:  8.0 8.0 loc_loss:  0.4879710006713867 reward_loss:  -24.398242950439453
epoch:  23 batch:  110 region_loss:  4.0 4.0 loc_loss:  0.2897779846191406 reward_loss:  -14.488885879516602
epoch:  23 batch:  120 region_loss:  5.0 5.0 loc_loss:  0.31183135986328125 reward_loss:  -15.591445922851562
epoch:  23 batch:  130 region_loss:  7.0 7.0 loc_loss:  0.4881812286376953 reward_loss:  -24.40897560119629
acc@1:  0.1288805268109125
epoch: 23 region loss 0.17051094890510948 loc loss 0.5432204956555888 reward loss -27.16102762291901
epoch:  24 batch:  0 region_loss:  10.0 10.0 loc_loss:  0.595390510559082 reward_loss:  -29.769514083862305
epoch:  24 batch:  10 region_loss:  10.0 10.0 loc_loss:  0.6287971115112305 reward_loss:  -31.439666748046875
epoch:  24 batch:  20 region_loss:  10.0 10.0 loc_loss:  0.5625588607788086 reward_loss:  -28.127775192260742
epoch:  24 batch:  30 region_loss:  10.0 10.0 loc_loss:  0.5875010299682617 reward_loss:  -29.375139236450195
epoch:  24 batch:  40 region_loss:  10.0 10.0 loc_loss:  0.7032074737548828 reward_loss:  -35.16046905517578
epoch:  24 batch:  50 region_loss:  10.0 10.0 loc_loss:  0.5905078887939453 reward_loss:  -29.525333404541016
epoch:  24 batch:  60 region_loss:  10.0 10.0 loc_loss:  0.6259757232666016 reward_loss:  -31.298847198486328
epoch:  24 batch:  70 region_loss:  10.0 10.0 loc_loss:  0.6106373977661133 reward_loss:  -30.532493591308594
epoch:  24 batch:  80 region_loss:  10.0 10.0 loc_loss:  0.6634193420410156 reward_loss:  -33.170860290527344
epoch:  24 batch:  90 region_loss:  6.0 6.0 loc_loss:  0.4021086120605469 reward_loss:  -20.10540008544922
epoch:  24 batch:  100 region_loss:  8.0 8.0 loc_loss:  0.46616703033447265 reward_loss:  -23.308727264404297
epoch:  24 batch:  110 region_loss:  4.0 4.0 loc_loss:  0.2752221488952637 reward_loss:  -13.7609224319458
epoch:  24 batch:  120 region_loss:  5.0 5.0 loc_loss:  0.29597251892089843 reward_loss:  -14.798824310302734
epoch:  24 batch:  130 region_loss:  7.0 7.0 loc_loss:  0.4666619873046875 reward_loss:  -23.333147048950195
acc@1:  0.12935089369708372
epoch: 24 region loss 0.17051094890510948 loc loss 0.5200550126681363 reward loss -26.002773323198305
epoch:  25 batch:  0 region_loss:  10.0 10.0 loc_loss:  0.5684027481079101 reward_loss:  -28.420000076293945
epoch:  25 batch:  10 region_loss:  10.0 10.0 loc_loss:  0.6021418380737305 reward_loss:  -30.107269287109375
epoch:  25 batch:  20 region_loss:  10.0 10.0 loc_loss:  0.540615234375 reward_loss:  -27.030582427978516
epoch:  25 batch:  30 region_loss:  10.0 10.0 loc_loss:  0.5620348358154297 reward_loss:  -28.101526260375977
epoch:  25 batch:  40 region_loss:  10.0 10.0 loc_loss:  0.6777893829345704 reward_loss:  -33.889488220214844
epoch:  25 batch:  50 region_loss:  10.0 10.0 loc_loss:  0.5655622863769532 reward_loss:  -28.27843475341797
epoch:  25 batch:  60 region_loss:  10.0 10.0 loc_loss:  0.5966082382202148 reward_loss:  -29.830245971679688
epoch:  25 batch:  70 region_loss:  10.0 10.0 loc_loss:  0.5854780197143554 reward_loss:  -29.27397918701172
epoch:  25 batch:  80 region_loss:  10.0 10.0 loc_loss:  0.6332542419433593 reward_loss:  -31.662769317626953
epoch:  25 batch:  90 region_loss:  6.0 6.0 loc_loss:  0.38379459381103515 reward_loss:  -19.18987274169922
epoch:  25 batch:  100 region_loss:  8.0 8.0 loc_loss:  0.44470264434814455 reward_loss:  -22.235118865966797
epoch:  25 batch:  110 region_loss:  4.0 4.0 loc_loss:  0.26167572021484375 reward_loss:  -13.083795547485352
epoch:  25 batch:  120 region_loss:  5.0 5.0 loc_loss:  0.28044761657714845 reward_loss:  -14.022245407104492
epoch:  25 batch:  130 region_loss:  7.0 7.0 loc_loss:  0.4463570022583008 reward_loss:  -22.317745208740234
acc@1:  0.1251175917215428
epoch: 25 region loss 0.17051094890510948 loc loss 0.4979356728156988 reward loss -24.896808589461948
epoch:  26 batch:  0 region_loss:  10.0 10.0 loc_loss:  0.5416949081420899 reward_loss:  -27.08469009399414
epoch:  26 batch:  10 region_loss:  10.0 10.0 loc_loss:  0.576325912475586 reward_loss:  -28.816516876220703
epoch:  26 batch:  20 region_loss:  10.0 10.0 loc_loss:  0.5200589370727539 reward_loss:  -26.003259658813477
epoch:  26 batch:  30 region_loss:  10.0 10.0 loc_loss:  0.5359823989868164 reward_loss:  -26.798879623413086
epoch:  26 batch:  40 region_loss:  10.0 10.0 loc_loss:  0.6520249176025391 reward_loss:  -32.601104736328125
epoch:  26 batch:  50 region_loss:  10.0 10.0 loc_loss:  0.5426510620117188 reward_loss:  -27.132883071899414
epoch:  26 batch:  60 region_loss:  10.0 10.0 loc_loss:  0.5679276657104492 reward_loss:  -28.3966121673584
epoch:  26 batch:  70 region_loss:  10.0 10.0 loc_loss:  0.5609481811523438 reward_loss:  -28.047380447387695
epoch:  26 batch:  80 region_loss:  10.0 10.0 loc_loss:  0.6049490356445313 reward_loss:  -30.247177124023438
epoch:  26 batch:  90 region_loss:  6.0 6.0 loc_loss:  0.36555206298828125 reward_loss:  -18.277389526367188
epoch:  26 batch:  100 region_loss:  8.0 8.0 loc_loss:  0.42523448944091796 reward_loss:  -21.261051177978516
epoch:  26 batch:  110 region_loss:  4.0 4.0 loc_loss:  0.24822242736816405 reward_loss:  -12.41120719909668
epoch:  26 batch:  120 region_loss:  5.0 5.0 loc_loss:  0.26584123611450194 reward_loss:  -13.292116165161133
epoch:  26 batch:  130 region_loss:  7.0 7.0 loc_loss:  0.4262540054321289 reward_loss:  -21.31272315979004
acc@1:  0.12605832549388524
epoch: 26 region loss 0.17051094890510948 loc loss 0.4766256136093696 reward loss -23.831302433988473
epoch:  27 batch:  0 region_loss:  10.0 10.0 loc_loss:  0.5173318099975586 reward_loss:  -25.866588592529297
epoch:  27 batch:  10 region_loss:  10.0 10.0 loc_loss:  0.551375617980957 reward_loss:  -27.56898307800293
epoch:  27 batch:  20 region_loss:  10.0 10.0 loc_loss:  0.5001873397827148 reward_loss:  -25.009183883666992
epoch:  27 batch:  30 region_loss:  10.0 10.0 loc_loss:  0.5123271942138672 reward_loss:  -25.6162052154541
epoch:  27 batch:  40 region_loss:  10.0 10.0 loc_loss:  0.6280306625366211 reward_loss:  -31.401704788208008
epoch:  27 batch:  50 region_loss:  10.0 10.0 loc_loss:  0.5195687103271485 reward_loss:  -25.97859001159668
epoch:  27 batch:  60 region_loss:  10.0 10.0 loc_loss:  0.5414331817626953 reward_loss:  -27.071495056152344
epoch:  27 batch:  70 region_loss:  10.0 10.0 loc_loss:  0.536218032836914 reward_loss:  -26.810989379882812
epoch:  27 batch:  80 region_loss:  10.0 10.0 loc_loss:  0.5770453643798829 reward_loss:  -28.85223388671875
epoch:  27 batch:  90 region_loss:  6.0 6.0 loc_loss:  0.347955207824707 reward_loss:  -17.39773178100586
epoch:  27 batch:  100 region_loss:  8.0 8.0 loc_loss:  0.4054602813720703 reward_loss:  -20.27297592163086
epoch:  27 batch:  110 region_loss:  4.0 4.0 loc_loss:  0.23508323669433595 reward_loss:  -11.753931045532227
epoch:  27 batch:  120 region_loss:  5.0 5.0 loc_loss:  0.25185457229614255 reward_loss:  -12.592889785766602
epoch:  27 batch:  130 region_loss:  7.0 7.0 loc_loss:  0.4068339538574219 reward_loss:  -20.341604232788086
acc@1:  0.12605832549388524
epoch: 27 region loss 0.17051094890510948 loc loss 0.4561533280532726 reward loss -22.80766254271904
epoch:  28 batch:  0 region_loss:  10.0 10.0 loc_loss:  0.4934689712524414 reward_loss:  -24.673419952392578
epoch:  28 batch:  10 region_loss:  10.0 10.0 loc_loss:  0.5270581436157227 reward_loss:  -26.353248596191406
epoch:  28 batch:  20 region_loss:  10.0 10.0 loc_loss:  0.48165302276611327 reward_loss:  -24.08248519897461
epoch:  28 batch:  30 region_loss:  10.0 10.0 loc_loss:  0.489571647644043 reward_loss:  -24.47858238220215
epoch:  28 batch:  40 region_loss:  10.0 10.0 loc_loss:  0.6039179992675782 reward_loss:  -30.196292877197266
epoch:  28 batch:  50 region_loss:  10.0 10.0 loc_loss:  0.49751480102539064 reward_loss:  -24.875591278076172
epoch:  28 batch:  60 region_loss:  10.0 10.0 loc_loss:  0.5149970245361328 reward_loss:  -25.7501163482666
epoch:  28 batch:  70 region_loss:  10.0 10.0 loc_loss:  0.513929214477539 reward_loss:  -25.696327209472656
epoch:  28 batch:  80 region_loss:  10.0 10.0 loc_loss:  0.5508515930175781 reward_loss:  -27.542491912841797
epoch:  28 batch:  90 region_loss:  6.0 6.0 loc_loss:  0.3317981719970703 reward_loss:  -16.589996337890625
epoch:  28 batch:  100 region_loss:  8.0 8.0 loc_loss:  0.3859886169433594 reward_loss:  -19.29947853088379
epoch:  28 batch:  110 region_loss:  4.0 4.0 loc_loss:  0.2229856491088867 reward_loss:  -11.149322509765625
epoch:  28 batch:  120 region_loss:  5.0 5.0 loc_loss:  0.2384949493408203 reward_loss:  -11.924986839294434
epoch:  28 batch:  130 region_loss:  7.0 7.0 loc_loss:  0.3880588531494141 reward_loss:  -19.402883529663086
acc@1:  0.12370649106302917
epoch: 28 region loss 0.17051094890510948 loc loss 0.43642090501576447 reward loss -21.821066581419785
epoch:  29 batch:  0 region_loss:  10.0 10.0 loc_loss:  0.4707786560058594 reward_loss:  -23.538997650146484
epoch:  29 batch:  10 region_loss:  10.0 10.0 loc_loss:  0.5034474563598633 reward_loss:  -25.17203712463379
epoch:  29 batch:  20 region_loss:  10.0 10.0 loc_loss:  0.4625859832763672 reward_loss:  -23.129465103149414
epoch:  29 batch:  30 region_loss:  10.0 10.0 loc_loss:  0.4668800735473633 reward_loss:  -23.343976974487305
epoch:  29 batch:  40 region_loss:  10.0 10.0 loc_loss:  0.5798704528808594 reward_loss:  -28.99338150024414
epoch:  29 batch:  50 region_loss:  10.0 10.0 loc_loss:  0.47668468475341796 reward_loss:  -23.834468841552734
epoch:  29 batch:  60 region_loss:  10.0 10.0 loc_loss:  0.4912804412841797 reward_loss:  -24.564022064208984
epoch:  29 batch:  70 region_loss:  10.0 10.0 loc_loss:  0.49201560974121095 reward_loss:  -24.60088539123535
epoch:  29 batch:  80 region_loss:  10.0 10.0 loc_loss:  0.5239592361450195 reward_loss:  -26.198068618774414
epoch:  29 batch:  90 region_loss:  6.0 6.0 loc_loss:  0.3158193778991699 reward_loss:  -15.791036605834961
epoch:  29 batch:  100 region_loss:  8.0 8.0 loc_loss:  0.3683115386962891 reward_loss:  -18.415708541870117
epoch:  29 batch:  110 region_loss:  4.0 4.0 loc_loss:  0.21043487548828124 reward_loss:  -10.521769523620605
epoch:  29 batch:  120 region_loss:  5.0 5.0 loc_loss:  0.22553081512451173 reward_loss:  -11.276535987854004
epoch:  29 batch:  130 region_loss:  7.0 7.0 loc_loss:  0.3693623352050781 reward_loss:  -18.468246459960938
acc@1:  0.12323612417685795
epoch: 29 region loss 0.17051094890510948 loc loss 0.4172645850773275 reward loss -20.863228677833167
epoch:  30 batch:  0 region_loss:  10.0 10.0 loc_loss:  0.44863990783691404 reward_loss:  -22.432010650634766
epoch:  30 batch:  10 region_loss:  10.0 10.0 loc_loss:  0.4800090789794922 reward_loss:  -24.00021743774414
epoch:  30 batch:  20 region_loss:  10.0 10.0 loc_loss:  0.44528221130371093 reward_loss:  -22.26449966430664
epoch:  30 batch:  30 region_loss:  10.0 10.0 loc_loss:  0.4457780075073242 reward_loss:  -22.288877487182617
epoch:  30 batch:  40 region_loss:  10.0 10.0 loc_loss:  0.5562860488891601 reward_loss:  -27.814315795898438
epoch:  30 batch:  50 region_loss:  10.0 10.0 loc_loss:  0.45669578552246093 reward_loss:  -22.8351993560791
epoch:  30 batch:  60 region_loss:  10.0 10.0 loc_loss:  0.4663090133666992 reward_loss:  -23.315441131591797
epoch:  30 batch:  70 region_loss:  10.0 10.0 loc_loss:  0.4706240081787109 reward_loss:  -23.531326293945312
epoch:  30 batch:  80 region_loss:  10.0 10.0 loc_loss:  0.4985689163208008 reward_loss:  -24.928272247314453
epoch:  30 batch:  90 region_loss:  6.0 6.0 loc_loss:  0.2996897506713867 reward_loss:  -14.984212875366211
epoch:  30 batch:  100 region_loss:  8.0 8.0 loc_loss:  0.35099559783935547 reward_loss:  -17.550138473510742
epoch:  30 batch:  110 region_loss:  4.0 4.0 loc_loss:  0.19864280700683593 reward_loss:  -9.932310104370117
epoch:  30 batch:  120 region_loss:  5.0 5.0 loc_loss:  0.21353626251220703 reward_loss:  -10.676858901977539
epoch:  30 batch:  130 region_loss:  7.0 7.0 loc_loss:  0.3518938446044922 reward_loss:  -17.59450340270996
acc@1:  0.12041392285983067
epoch: 30 region loss 0.17051094890510948 loc loss 0.3985884941059307 reward loss -19.929406465405094
epoch:  31 batch:  0 region_loss:  10.0 10.0 loc_loss:  0.4279762268066406 reward_loss:  -21.398801803588867
epoch:  31 batch:  10 region_loss:  10.0 10.0 loc_loss:  0.45895675659179686 reward_loss:  -22.947612762451172
epoch:  31 batch:  20 region_loss:  10.0 10.0 loc_loss:  0.4279084777832031 reward_loss:  -21.395673751831055
epoch:  31 batch:  30 region_loss:  10.0 10.0 loc_loss:  0.4249004364013672 reward_loss:  -21.244596481323242
epoch:  31 batch:  40 region_loss:  10.0 10.0 loc_loss:  0.5336458206176757 reward_loss:  -26.682405471801758
epoch:  31 batch:  50 region_loss:  10.0 10.0 loc_loss:  0.4369062805175781 reward_loss:  -21.845205307006836
epoch:  31 batch:  60 region_loss:  10.0 10.0 loc_loss:  0.4431173324584961 reward_loss:  -22.15582275390625
epoch:  31 batch:  70 region_loss:  10.0 10.0 loc_loss:  0.4495670700073242 reward_loss:  -22.478775024414062
epoch:  31 batch:  80 region_loss:  10.0 10.0 loc_loss:  0.4733705902099609 reward_loss:  -23.66820526123047
epoch:  31 batch:  90 region_loss:  6.0 6.0 loc_loss:  0.2835962677001953 reward_loss:  -14.17978286743164
epoch:  31 batch:  100 region_loss:  8.0 8.0 loc_loss:  0.3328771209716797 reward_loss:  -16.644136428833008
epoch:  31 batch:  110 region_loss:  4.0 4.0 loc_loss:  0.18744348526000976 reward_loss:  -9.372611045837402
epoch:  31 batch:  120 region_loss:  5.0 5.0 loc_loss:  0.20088376998901367 reward_loss:  -10.044172286987305
epoch:  31 batch:  130 region_loss:  7.0 7.0 loc_loss:  0.3335890197753906 reward_loss:  -16.6793155670166
acc@1:  0.11947318908748825
epoch: 31 region loss 0.17051094890510948 loc loss 0.3805488219226364 reward loss -19.02742629503682
epoch:  32 batch:  0 region_loss:  10.0 10.0 loc_loss:  0.4065001678466797 reward_loss:  -20.32482147216797
epoch:  32 batch:  10 region_loss:  10.0 10.0 loc_loss:  0.437308235168457 reward_loss:  -21.865392684936523
epoch:  32 batch:  20 region_loss:  10.0 10.0 loc_loss:  0.4105254745483398 reward_loss:  -20.52655601501465
epoch:  32 batch:  30 region_loss:  10.0 10.0 loc_loss:  0.40449981689453124 reward_loss:  -20.22500991821289
epoch:  32 batch:  40 region_loss:  10.0 10.0 loc_loss:  0.5112362670898437 reward_loss:  -25.562175750732422
epoch:  32 batch:  50 region_loss:  10.0 10.0 loc_loss:  0.41807491302490235 reward_loss:  -20.903541564941406
epoch:  32 batch:  60 region_loss:  10.0 10.0 loc_loss:  0.4201633834838867 reward_loss:  -21.00839614868164
epoch:  32 batch:  70 region_loss:  10.0 10.0 loc_loss:  0.42946453094482423 reward_loss:  -21.473003387451172
epoch:  32 batch:  80 region_loss:  10.0 10.0 loc_loss:  0.4496593856811523 reward_loss:  -22.48324966430664
epoch:  32 batch:  90 region_loss:  6.0 6.0 loc_loss:  0.2688066291809082 reward_loss:  -13.44046401977539
epoch:  32 batch:  100 region_loss:  8.0 8.0 loc_loss:  0.31665103912353515 reward_loss:  -15.832743644714355
epoch:  32 batch:  110 region_loss:  4.0 4.0 loc_loss:  0.1769487190246582 reward_loss:  -8.847131729125977
epoch:  32 batch:  120 region_loss:  5.0 5.0 loc_loss:  0.18998950958251953 reward_loss:  -9.49932861328125
epoch:  32 batch:  130 region_loss:  7.0 7.0 loc_loss:  0.31656230926513673 reward_loss:  -15.828091621398926
acc@1:  0.11759172154280338
epoch: 32 region loss 0.17051094890510948 loc loss 0.36294723441130927 reward loss -18.14736191721728
epoch:  33 batch:  0 region_loss:  10.0 10.0 loc_loss:  0.3858202362060547 reward_loss:  -19.291013717651367
epoch:  33 batch:  10 region_loss:  10.0 10.0 loc_loss:  0.4170456695556641 reward_loss:  -20.85235023498535
epoch:  33 batch:  20 region_loss:  10.0 10.0 loc_loss:  0.39510887145996093 reward_loss:  -19.755538940429688
epoch:  33 batch:  30 region_loss:  10.0 10.0 loc_loss:  0.3854893493652344 reward_loss:  -19.274240493774414
epoch:  33 batch:  40 region_loss:  10.0 10.0 loc_loss:  0.4901096343994141 reward_loss:  -24.505512237548828
epoch:  33 batch:  50 region_loss:  10.0 10.0 loc_loss:  0.39939537048339846 reward_loss:  -19.969890594482422
epoch:  33 batch:  60 region_loss:  10.0 10.0 loc_loss:  0.3984682083129883 reward_loss:  -19.92352294921875
epoch:  33 batch:  70 region_loss:  10.0 10.0 loc_loss:  0.40906696319580077 reward_loss:  -20.453187942504883
epoch:  33 batch:  80 region_loss:  10.0 10.0 loc_loss:  0.42631916046142576 reward_loss:  -21.315540313720703
epoch:  33 batch:  90 region_loss:  6.0 6.0 loc_loss:  0.25433841705322263 reward_loss:  -12.716825485229492
epoch:  33 batch:  100 region_loss:  8.0 8.0 loc_loss:  0.300689697265625 reward_loss:  -15.034427642822266
epoch:  33 batch:  110 region_loss:  4.0 4.0 loc_loss:  0.16602991104125978 reward_loss:  -8.301399230957031
epoch:  33 batch:  120 region_loss:  5.0 5.0 loc_loss:  0.17832252502441406 reward_loss:  -8.91621208190918
epoch:  33 batch:  130 region_loss:  7.0 7.0 loc_loss:  0.30089027404785157 reward_loss:  -15.044597625732422
acc@1:  0.11665098777046096
epoch: 33 region loss 0.17051094890510948 loc loss 0.34598226968389356 reward loss -17.299074359183763
epoch:  34 batch:  0 region_loss:  10.0 10.0 loc_loss:  0.36571922302246096 reward_loss:  -18.28586769104004
epoch:  34 batch:  10 region_loss:  10.0 10.0 loc_loss:  0.3970195770263672 reward_loss:  -19.85103988647461
epoch:  34 batch:  20 region_loss:  10.0 10.0 loc_loss:  0.37856708526611327 reward_loss:  -18.928434371948242
epoch:  34 batch:  30 region_loss:  10.0 10.0 loc_loss:  0.3665943145751953 reward_loss:  -18.329702377319336
epoch:  34 batch:  40 region_loss:  10.0 10.0 loc_loss:  0.46856754302978515 reward_loss:  -23.428388595581055
epoch:  34 batch:  50 region_loss:  10.0 10.0 loc_loss:  0.38008895874023435 reward_loss:  -19.003963470458984
epoch:  34 batch:  60 region_loss:  10.0 10.0 loc_loss:  0.37839923858642577 reward_loss:  -18.92022705078125
epoch:  34 batch:  70 region_loss:  10.0 10.0 loc_loss:  0.390635986328125 reward_loss:  -19.531801223754883
epoch:  34 batch:  80 region_loss:  10.0 10.0 loc_loss:  0.40333797454833986 reward_loss:  -20.16674041748047
epoch:  34 batch:  90 region_loss:  6.0 6.0 loc_loss:  0.24052690505981444 reward_loss:  -12.02627944946289
epoch:  34 batch:  100 region_loss:  8.0 8.0 loc_loss:  0.2843893814086914 reward_loss:  -14.219772338867188
epoch:  34 batch:  110 region_loss:  4.0 4.0 loc_loss:  0.1560743236541748 reward_loss:  -7.803831100463867
epoch:  34 batch:  120 region_loss:  5.0 5.0 loc_loss:  0.16794246673583985 reward_loss:  -8.39709186553955
epoch:  34 batch:  130 region_loss:  7.0 7.0 loc_loss:  0.2843339920043945 reward_loss:  -14.21651840209961
acc@1:  0.11665098777046096
epoch: 34 region loss 0.17051094890510948 loc loss 0.3293956195525009 reward loss -16.46980492215957
epoch:  35 batch:  0 region_loss:  10.0 10.0 loc_loss:  0.34763507843017577 reward_loss:  -17.38186264038086
epoch:  35 batch:  10 region_loss:  10.0 10.0 loc_loss:  0.37657646179199217 reward_loss:  -18.82895851135254
epoch:  35 batch:  20 region_loss:  10.0 10.0 loc_loss:  0.3624096298217773 reward_loss:  -18.1202449798584
epoch:  35 batch:  30 region_loss:  10.0 10.0 loc_loss:  0.34830718994140625 reward_loss:  -17.415691375732422
epoch:  35 batch:  40 region_loss:  10.0 10.0 loc_loss:  0.4477476501464844 reward_loss:  -22.387266159057617
epoch:  35 batch:  50 region_loss:  10.0 10.0 loc_loss:  0.36289180755615236 reward_loss:  -18.144489288330078
epoch:  35 batch:  60 region_loss:  10.0 10.0 loc_loss:  0.35802421569824217 reward_loss:  -17.901201248168945
epoch:  35 batch:  70 region_loss:  10.0 10.0 loc_loss:  0.3711270904541016 reward_loss:  -18.55603790283203
epoch:  35 batch:  80 region_loss:  10.0 10.0 loc_loss:  0.38153881072998047 reward_loss:  -19.076942443847656
epoch:  35 batch:  90 region_loss:  6.0 6.0 loc_loss:  0.22671653747558593 reward_loss:  -11.335931777954102
epoch:  35 batch:  100 region_loss:  8.0 8.0 loc_loss:  0.26957015991210936 reward_loss:  -13.478439331054688
epoch:  35 batch:  110 region_loss:  4.0 4.0 loc_loss:  0.14645265579223632 reward_loss:  -7.322434425354004
epoch:  35 batch:  120 region_loss:  5.0 5.0 loc_loss:  0.15713364601135255 reward_loss:  -7.856764793395996
epoch:  35 batch:  130 region_loss:  7.0 7.0 loc_loss:  0.26903076171875 reward_loss:  -13.45158863067627
acc@1:  0.11571025399811853
epoch: 35 region loss 0.17051094890510948 loc loss 0.3134763830943699 reward loss -15.673795373770442
epoch:  36 batch:  0 region_loss:  10.0 10.0 loc_loss:  0.32866443634033204 reward_loss:  -16.433645248413086
epoch:  36 batch:  10 region_loss:  10.0 10.0 loc_loss:  0.35736907958984376 reward_loss:  -17.868541717529297
epoch:  36 batch:  20 region_loss:  10.0 10.0 loc_loss:  0.34827213287353515 reward_loss:  -17.41373062133789
epoch:  36 batch:  30 region_loss:  10.0 10.0 loc_loss:  0.330046272277832 reward_loss:  -16.502239227294922
epoch:  36 batch:  40 region_loss:  10.0 10.0 loc_loss:  0.42713096618652346 reward_loss:  -21.356582641601562
epoch:  36 batch:  50 region_loss:  10.0 10.0 loc_loss:  0.34491920471191406 reward_loss:  -17.24583625793457
epoch:  36 batch:  60 region_loss:  10.0 10.0 loc_loss:  0.33829273223876954 reward_loss:  -16.91454315185547
epoch:  36 batch:  70 region_loss:  10.0 10.0 loc_loss:  0.35329910278320314 reward_loss:  -17.664405822753906
epoch:  36 batch:  80 region_loss:  10.0 10.0 loc_loss:  0.3602501678466797 reward_loss:  -18.01243782043457
epoch:  36 batch:  90 region_loss:  6.0 6.0 loc_loss:  0.2134745216369629 reward_loss:  -10.673773765563965
epoch:  36 batch:  100 region_loss:  8.0 8.0 loc_loss:  0.25586381912231443 reward_loss:  -12.793172836303711
epoch:  36 batch:  110 region_loss:  4.0 4.0 loc_loss:  0.13725439071655274 reward_loss:  -6.862602233886719
epoch:  36 batch:  120 region_loss:  5.0 5.0 loc_loss:  0.14777370452880859 reward_loss:  -7.38867712020874
epoch:  36 batch:  130 region_loss:  7.0 7.0 loc_loss:  0.2543583106994629 reward_loss:  -12.718063354492188
acc@1:  0.11100658513640639
epoch: 36 region loss 0.17051094890510948 loc loss 0.2979422097832617 reward loss -14.897119930190762
epoch:  37 batch:  0 region_loss:  10.0 10.0 loc_loss:  0.31124914169311524 reward_loss:  -15.562382698059082
epoch:  37 batch:  10 region_loss:  10.0 10.0 loc_loss:  0.3400620651245117 reward_loss:  -17.002857208251953
epoch:  37 batch:  20 region_loss:  10.0 10.0 loc_loss:  0.3334072494506836 reward_loss:  -16.670360565185547
epoch:  37 batch:  30 region_loss:  10.0 10.0 loc_loss:  0.3122133445739746 reward_loss:  -15.610971450805664
epoch:  37 batch:  40 region_loss:  10.0 10.0 loc_loss:  0.40726993560791014 reward_loss:  -20.36334991455078
epoch:  37 batch:  50 region_loss:  10.0 10.0 loc_loss:  0.32937740325927733 reward_loss:  -16.468666076660156
epoch:  37 batch:  60 region_loss:  10.0 10.0 loc_loss:  0.32015655517578123 reward_loss:  -16.008007049560547
epoch:  37 batch:  70 region_loss:  10.0 10.0 loc_loss:  0.33616493225097654 reward_loss:  -16.80809211730957
epoch:  37 batch:  80 region_loss:  10.0 10.0 loc_loss:  0.33992691040039064 reward_loss:  -16.99620819091797
epoch:  37 batch:  90 region_loss:  6.0 6.0 loc_loss:  0.20126920700073242 reward_loss:  -10.063298225402832
epoch:  37 batch:  100 region_loss:  8.0 8.0 loc_loss:  0.2405618667602539 reward_loss:  -12.027956008911133
epoch:  37 batch:  110 region_loss:  4.0 4.0 loc_loss:  0.12814139366149901 reward_loss:  -6.407135009765625
epoch:  37 batch:  120 region_loss:  5.0 5.0 loc_loss:  0.13829190254211426 reward_loss:  -6.91463565826416
epoch:  37 batch:  130 region_loss:  7.0 7.0 loc_loss:  0.23901321411132812 reward_loss:  -11.950370788574219
acc@1:  0.11288805268109126
epoch: 37 region loss 0.17051094890510948 loc loss 0.28307298634174094 reward loss -14.153652677570816
epoch:  38 batch:  0 region_loss:  10.0 10.0 loc_loss:  0.29528203964233396 reward_loss:  -14.764026641845703
epoch:  38 batch:  10 region_loss:  10.0 10.0 loc_loss:  0.32154083251953125 reward_loss:  -16.076976776123047
epoch:  38 batch:  20 region_loss:  10.0 10.0 loc_loss:  0.320518798828125 reward_loss:  -16.025854110717773
epoch:  38 batch:  30 region_loss:  10.0 10.0 loc_loss:  0.29584737777709963 reward_loss:  -14.792469024658203
epoch:  38 batch:  40 region_loss:  10.0 10.0 loc_loss:  0.3879535675048828 reward_loss:  -19.39769172668457
epoch:  38 batch:  50 region_loss:  10.0 10.0 loc_loss:  0.3129347038269043 reward_loss:  -15.646682739257812
epoch:  38 batch:  60 region_loss:  10.0 10.0 loc_loss:  0.30125558853149415 reward_loss:  -15.062531471252441
epoch:  38 batch:  70 region_loss:  10.0 10.0 loc_loss:  0.31861045837402346 reward_loss:  -15.93081283569336
epoch:  38 batch:  80 region_loss:  10.0 10.0 loc_loss:  0.3197925567626953 reward_loss:  -15.989505767822266
epoch:  38 batch:  90 region_loss:  6.0 6.0 loc_loss:  0.1887735366821289 reward_loss:  -9.438787460327148
epoch:  38 batch:  100 region_loss:  8.0 8.0 loc_loss:  0.22840194702148436 reward_loss:  -11.420286178588867
epoch:  38 batch:  110 region_loss:  4.0 4.0 loc_loss:  0.11984373092651367 reward_loss:  -5.992006301879883
epoch:  38 batch:  120 region_loss:  5.0 5.0 loc_loss:  0.12942614555358886 reward_loss:  -6.4713544845581055
epoch:  38 batch:  130 region_loss:  7.0 7.0 loc_loss:  0.22603893280029297 reward_loss:  -11.301960945129395
acc@1:  0.10959548447789276
epoch: 38 region loss 0.17051094890510948 loc loss 0.2685572342977036 reward loss -13.427852445275244
epoch:  39 batch:  0 region_loss:  10.0 10.0 loc_loss:  0.27750476837158206 reward_loss:  -13.875157356262207
epoch:  39 batch:  10 region_loss:  10.0 10.0 loc_loss:  0.30433996200561525 reward_loss:  -15.21708869934082
epoch:  39 batch:  20 region_loss:  10.0 10.0 loc_loss:  0.31173229217529297 reward_loss:  -15.586785316467285
epoch:  39 batch:  30 region_loss:  10.0 10.0 loc_loss:  0.28062332153320313 reward_loss:  -14.031153678894043
epoch:  39 batch:  40 region_loss:  10.0 10.0 loc_loss:  0.3689769744873047 reward_loss:  -18.448650360107422
epoch:  39 batch:  50 region_loss:  10.0 10.0 loc_loss:  0.29672775268554685 reward_loss:  -14.836404800415039
epoch:  39 batch:  60 region_loss:  10.0 10.0 loc_loss:  0.2848514938354492 reward_loss:  -14.242696762084961
epoch:  39 batch:  70 region_loss:  10.0 10.0 loc_loss:  0.3011230278015137 reward_loss:  -15.055841445922852
epoch:  39 batch:  80 region_loss:  10.0 10.0 loc_loss:  0.3007106018066406 reward_loss:  -15.035475730895996
epoch:  39 batch:  90 region_loss:  6.0 6.0 loc_loss:  0.17698247909545897 reward_loss:  -8.849175453186035
epoch:  39 batch:  100 region_loss:  8.0 8.0 loc_loss:  0.21425266265869142 reward_loss:  -10.71263313293457
epoch:  39 batch:  110 region_loss:  4.0 4.0 loc_loss:  0.11182195663452149 reward_loss:  -5.591076374053955
epoch:  39 batch:  120 region_loss:  5.0 5.0 loc_loss:  0.12068418502807617 reward_loss:  -6.034245491027832
epoch:  39 batch:  130 region_loss:  7.0 7.0 loc_loss:  0.21331127166748046 reward_loss:  -10.66586685180664
acc@1:  0.11053621825023519
epoch: 39 region loss 0.17051094890510948 loc loss 0.254710892726035 reward loss -12.735558160900199
epoch:  40 batch:  0 region_loss:  10.0 10.0 loc_loss:  0.2623869323730469 reward_loss:  -13.119264602661133
epoch:  40 batch:  10 region_loss:  10.0 10.0 loc_loss:  0.2882879638671875 reward_loss:  -14.414510726928711
epoch:  40 batch:  20 region_loss:  10.0 10.0 loc_loss:  0.3029894638061523 reward_loss:  -15.149506568908691
epoch:  40 batch:  30 region_loss:  10.0 10.0 loc_loss:  0.2648678016662598 reward_loss:  -13.2432861328125
epoch:  40 batch:  40 region_loss:  10.0 10.0 loc_loss:  0.35120731353759765 reward_loss:  -17.560100555419922
epoch:  40 batch:  50 region_loss:  10.0 10.0 loc_loss:  0.28128244400024416 reward_loss:  -14.06412124633789
epoch:  40 batch:  60 region_loss:  10.0 10.0 loc_loss:  0.2668425369262695 reward_loss:  -13.341922760009766
epoch:  40 batch:  70 region_loss:  10.0 10.0 loc_loss:  0.2860622787475586 reward_loss:  -14.30362319946289
epoch:  40 batch:  80 region_loss:  10.0 10.0 loc_loss:  0.2823940086364746 reward_loss:  -14.119611740112305
epoch:  40 batch:  90 region_loss:  6.0 6.0 loc_loss:  0.1654376983642578 reward_loss:  -8.271772384643555
epoch:  40 batch:  100 region_loss:  8.0 8.0 loc_loss:  0.202929744720459 reward_loss:  -10.146628379821777
epoch:  40 batch:  110 region_loss:  4.0 4.0 loc_loss:  0.10435274124145508 reward_loss:  -5.217692852020264
epoch:  40 batch:  120 region_loss:  5.0 5.0 loc_loss:  0.11303934097290039 reward_loss:  -5.651968955993652
epoch:  40 batch:  130 region_loss:  7.0 7.0 loc_loss:  0.1999452018737793 reward_loss:  -9.997245788574219
acc@1:  0.10818438381937912
epoch: 40 region loss 0.17051094890510948 loc loss 0.2412600609159818 reward loss -12.063000980954971
epoch:  41 batch:  0 region_loss:  10.0 10.0 loc_loss:  0.24786941528320314 reward_loss:  -12.3934965133667
epoch:  41 batch:  10 region_loss:  10.0 10.0 loc_loss:  0.2720633125305176 reward_loss:  -13.602996826171875
epoch:  41 batch:  20 region_loss:  10.0 10.0 loc_loss:  0.2915163230895996 reward_loss:  -14.575986862182617
epoch:  41 batch:  30 region_loss:  10.0 10.0 loc_loss:  0.24984251022338866 reward_loss:  -12.492003440856934
epoch:  41 batch:  40 region_loss:  10.0 10.0 loc_loss:  0.33336265563964845 reward_loss:  -16.668291091918945
epoch:  41 batch:  50 region_loss:  10.0 10.0 loc_loss:  0.2689796447753906 reward_loss:  -13.448898315429688
epoch:  41 batch:  60 region_loss:  10.0 10.0 loc_loss:  0.2537400436401367 reward_loss:  -12.687312126159668
epoch:  41 batch:  70 region_loss:  10.0 10.0 loc_loss:  0.27115589141845703 reward_loss:  -13.557777404785156
epoch:  41 batch:  80 region_loss:  10.0 10.0 loc_loss:  0.2652840995788574 reward_loss:  -13.263596534729004
epoch:  41 batch:  90 region_loss:  6.0 6.0 loc_loss:  0.1546925449371338 reward_loss:  -7.73451042175293
epoch:  41 batch:  100 region_loss:  8.0 8.0 loc_loss:  0.18993261337280273 reward_loss:  -9.49653148651123
epoch:  41 batch:  110 region_loss:  4.0 4.0 loc_loss:  0.09680682182312011 reward_loss:  -4.8402910232543945
epoch:  41 batch:  120 region_loss:  5.0 5.0 loc_loss:  0.10462861061096192 reward_loss:  -5.231442928314209
epoch:  41 batch:  130 region_loss:  7.0 7.0 loc_loss:  0.18712921142578126 reward_loss:  -9.356657028198242
acc@1:  0.11147695202257761
epoch: 41 region loss 0.17051094890510948 loc loss 0.22843489939278927 reward loss -11.421754679540648
epoch:  42 batch:  0 region_loss:  10.0 10.0 loc_loss:  0.23335979461669923 reward_loss:  -11.667856216430664
epoch:  42 batch:  10 region_loss:  10.0 10.0 loc_loss:  0.256981201171875 reward_loss:  -12.849149703979492
epoch:  42 batch:  20 region_loss:  10.0 10.0 loc_loss:  0.2789258766174316 reward_loss:  -13.94579029083252
epoch:  42 batch:  30 region_loss:  10.0 10.0 loc_loss:  0.2361001777648926 reward_loss:  -11.805097579956055
epoch:  42 batch:  40 region_loss:  10.0 10.0 loc_loss:  0.3153908157348633 reward_loss:  -15.769399642944336
epoch:  42 batch:  50 region_loss:  10.0 10.0 loc_loss:  0.25508243560791016 reward_loss:  -12.753846168518066
epoch:  42 batch:  60 region_loss:  10.0 10.0 loc_loss:  0.2357582664489746 reward_loss:  -11.788029670715332
epoch:  42 batch:  70 region_loss:  10.0 10.0 loc_loss:  0.2563178634643555 reward_loss:  -12.816230773925781
epoch:  42 batch:  80 region_loss:  10.0 10.0 loc_loss:  0.24897470474243164 reward_loss:  -12.448734283447266
epoch:  42 batch:  90 region_loss:  6.0 6.0 loc_loss:  0.14495779037475587 reward_loss:  -7.247858047485352
epoch:  42 batch:  100 region_loss:  8.0 8.0 loc_loss:  0.18030902862548828 reward_loss:  -9.015230178833008
epoch:  42 batch:  110 region_loss:  4.0 4.0 loc_loss:  0.09020318984985351 reward_loss:  -4.510062217712402
epoch:  42 batch:  120 region_loss:  5.0 5.0 loc_loss:  0.09705230712890625 reward_loss:  -4.852572441101074
epoch:  42 batch:  130 region_loss:  7.0 7.0 loc_loss:  0.1753726577758789 reward_loss:  -8.76862621307373
acc@1:  0.10630291627469426
epoch: 42 region loss 0.17051094890510948 loc loss 0.2159158490174008 reward loss -10.79580092691157
epoch:  43 batch:  0 region_loss:  10.0 10.0 loc_loss:  0.2202581787109375 reward_loss:  -11.012823104858398
epoch:  43 batch:  10 region_loss:  10.0 10.0 loc_loss:  0.2429030418395996 reward_loss:  -12.145133972167969
epoch:  43 batch:  20 region_loss:  10.0 10.0 loc_loss:  0.2619978141784668 reward_loss:  -13.09984302520752
epoch:  43 batch:  30 region_loss:  10.0 10.0 loc_loss:  0.22194866180419923 reward_loss:  -11.097469329833984
epoch:  43 batch:  40 region_loss:  10.0 10.0 loc_loss:  0.3001805305480957 reward_loss:  -15.008842468261719
epoch:  43 batch:  50 region_loss:  10.0 10.0 loc_loss:  0.24094320297241212 reward_loss:  -12.047125816345215
epoch:  43 batch:  60 region_loss:  10.0 10.0 loc_loss:  0.2230910301208496 reward_loss:  -11.154767036437988
epoch:  43 batch:  70 region_loss:  10.0 10.0 loc_loss:  0.24248851776123048 reward_loss:  -12.124482154846191
epoch:  43 batch:  80 region_loss:  10.0 10.0 loc_loss:  0.23254335403442383 reward_loss:  -11.627176284790039
epoch:  43 batch:  90 region_loss:  6.0 6.0 loc_loss:  0.13531585693359374 reward_loss:  -6.765680313110352
epoch:  43 batch:  100 region_loss:  8.0 8.0 loc_loss:  0.1674876594543457 reward_loss:  -8.3741455078125
epoch:  43 batch:  110 region_loss:  4.0 4.0 loc_loss:  0.08363194465637207 reward_loss:  -4.181675910949707
epoch:  43 batch:  120 region_loss:  5.0 5.0 loc_loss:  0.08999137878417969 reward_loss:  -4.499516487121582
epoch:  43 batch:  130 region_loss:  7.0 7.0 loc_loss:  0.1643687057495117 reward_loss:  -8.21845817565918
acc@1:  0.1077140169332079
epoch: 43 region loss 0.17051094890510948 loc loss 0.20395241479804047 reward loss -10.197606347773197
epoch:  44 batch:  0 region_loss:  10.0 10.0 loc_loss:  0.20792240142822266 reward_loss:  -10.396273612976074
epoch:  44 batch:  10 region_loss:  10.0 10.0 loc_loss:  0.2274462890625 reward_loss:  -11.37215805053711
epoch:  44 batch:  20 region_loss:  10.0 10.0 loc_loss:  0.2489943504333496 reward_loss:  -12.450151443481445
epoch:  44 batch:  30 region_loss:  10.0 10.0 loc_loss:  0.20910490036010743 reward_loss:  -10.455239295959473
epoch:  44 batch:  40 region_loss:  10.0 10.0 loc_loss:  0.28437124252319335 reward_loss:  -14.218435287475586
epoch:  44 batch:  50 region_loss:  10.0 10.0 loc_loss:  0.22741241455078126 reward_loss:  -11.37066650390625
epoch:  44 batch:  60 region_loss:  10.0 10.0 loc_loss:  0.20940252304077148 reward_loss:  -10.470291137695312
epoch:  44 batch:  70 region_loss:  10.0 10.0 loc_loss:  0.22831207275390625 reward_loss:  -11.415552139282227
epoch:  44 batch:  80 region_loss:  10.0 10.0 loc_loss:  0.2166172218322754 reward_loss:  -10.831083297729492
epoch:  44 batch:  90 region_loss:  6.0 6.0 loc_loss:  0.12605419158935546 reward_loss:  -6.30277156829834
epoch:  44 batch:  100 region_loss:  8.0 8.0 loc_loss:  0.15842623710632325 reward_loss:  -7.92120885848999
epoch:  44 batch:  110 region_loss:  4.0 4.0 loc_loss:  0.07757657051086425 reward_loss:  -3.8788845539093018
epoch:  44 batch:  120 region_loss:  5.0 5.0 loc_loss:  0.08395401000976563 reward_loss:  -4.19754695892334
epoch:  44 batch:  130 region_loss:  7.0 7.0 loc_loss:  0.1540156841278076 reward_loss:  -7.700973987579346
acc@1:  0.10489181561618062
epoch: 44 region loss 0.17051094890510948 loc loss 0.19237609436042116 reward loss -9.618799796939767
epoch:  45 batch:  0 region_loss:  10.0 10.0 loc_loss:  0.19398109436035157 reward_loss:  -9.698960304260254
epoch:  45 batch:  10 region_loss:  10.0 10.0 loc_loss:  0.21425954818725587 reward_loss:  -10.712671279907227
epoch:  45 batch:  20 region_loss:  10.0 10.0 loc_loss:  0.23769880294799806 reward_loss:  -11.88465404510498
epoch:  45 batch:  30 region_loss:  10.0 10.0 loc_loss:  0.19608196258544922 reward_loss:  -9.804173469543457
epoch:  45 batch:  40 region_loss:  10.0 10.0 loc_loss:  0.2691133689880371 reward_loss:  -13.45523452758789
epoch:  45 batch:  50 region_loss:  10.0 10.0 loc_loss:  0.21494770050048828 reward_loss:  -10.747186660766602
epoch:  45 batch:  60 region_loss:  10.0 10.0 loc_loss:  0.19670093536376954 reward_loss:  -9.835184097290039
epoch:  45 batch:  70 region_loss:  10.0 10.0 loc_loss:  0.21609264373779297 reward_loss:  -10.804729461669922
epoch:  45 batch:  80 region_loss:  10.0 10.0 loc_loss:  0.20366302490234375 reward_loss:  -10.183220863342285
epoch:  45 batch:  90 region_loss:  6.0 6.0 loc_loss:  0.11764785766601563 reward_loss:  -5.8824052810668945
epoch:  45 batch:  100 region_loss:  8.0 8.0 loc_loss:  0.14746339797973632 reward_loss:  -7.373109340667725
epoch:  45 batch:  110 region_loss:  4.0 4.0 loc_loss:  0.0717296314239502 reward_loss:  -3.586660385131836
epoch:  45 batch:  120 region_loss:  5.0 5.0 loc_loss:  0.07751491546630859 reward_loss:  -3.8758769035339355
epoch:  45 batch:  130 region_loss:  7.0 7.0 loc_loss:  0.1432336711883545 reward_loss:  -7.161653995513916
acc@1:  0.10630291627469426
epoch: 45 region loss 0.17051094890510948 loc loss 0.18140423640717554 reward loss -9.070206936258469
epoch:  46 batch:  0 region_loss:  10.0 10.0 loc_loss:  0.18210142135620117 reward_loss:  -9.105193138122559
epoch:  46 batch:  10 region_loss:  10.0 10.0 loc_loss:  0.20077177047729491 reward_loss:  -10.038469314575195
epoch:  46 batch:  20 region_loss:  10.0 10.0 loc_loss:  0.22673986434936524 reward_loss:  -11.337149620056152
epoch:  46 batch:  30 region_loss:  10.0 10.0 loc_loss:  0.1844039535522461 reward_loss:  -9.220149993896484
epoch:  46 batch:  40 region_loss:  10.0 10.0 loc_loss:  0.25426658630371096 reward_loss:  -12.713476181030273
epoch:  46 batch:  50 region_loss:  10.0 10.0 loc_loss:  0.20304544448852538 reward_loss:  -10.15235710144043
epoch:  46 batch:  60 region_loss:  10.0 10.0 loc_loss:  0.18372791290283202 reward_loss:  -9.186149597167969
epoch:  46 batch:  70 region_loss:  10.0 10.0 loc_loss:  0.20326040267944337 reward_loss:  -10.163041114807129
epoch:  46 batch:  80 region_loss:  10.0 10.0 loc_loss:  0.19018501281738281 reward_loss:  -9.509018898010254
epoch:  46 batch:  90 region_loss:  6.0 6.0 loc_loss:  0.10935158729553222 reward_loss:  -5.467607498168945
epoch:  46 batch:  100 region_loss:  8.0 8.0 loc_loss:  0.13901547431945802 reward_loss:  -6.951026916503906
epoch:  46 batch:  110 region_loss:  4.0 4.0 loc_loss:  0.06666784763336181 reward_loss:  -3.3334007263183594
epoch:  46 batch:  120 region_loss:  5.0 5.0 loc_loss:  0.07200119018554688 reward_loss:  -3.6000895500183105
epoch:  46 batch:  130 region_loss:  7.0 7.0 loc_loss:  0.13354814529418946 reward_loss:  -6.677443981170654
acc@1:  0.10253998118532455
epoch: 46 region loss 0.17051094890510948 loc loss 0.17091031090186462 reward loss -8.545519706106534
epoch:  47 batch:  0 region_loss:  10.0 10.0 loc_loss:  0.17107200622558594 reward_loss:  -8.553577423095703
epoch:  47 batch:  10 region_loss:  10.0 10.0 loc_loss:  0.18924367904663086 reward_loss:  -9.462236404418945
epoch:  47 batch:  20 region_loss:  10.0 10.0 loc_loss:  0.216313419342041 reward_loss:  -10.815743446350098
epoch:  47 batch:  30 region_loss:  10.0 10.0 loc_loss:  0.17240751266479493 reward_loss:  -8.620322227478027
epoch:  47 batch:  40 region_loss:  10.0 10.0 loc_loss:  0.24090307235717773 reward_loss:  -12.045231819152832
epoch:  47 batch:  50 region_loss:  10.0 10.0 loc_loss:  0.19216142654418944 reward_loss:  -9.607880592346191
epoch:  47 batch:  60 region_loss:  10.0 10.0 loc_loss:  0.1720274543762207 reward_loss:  -8.601304054260254
epoch:  47 batch:  70 region_loss:  10.0 10.0 loc_loss:  0.19207616806030273 reward_loss:  -9.603732109069824
epoch:  47 batch:  80 region_loss:  10.0 10.0 loc_loss:  0.17706867218017577 reward_loss:  -8.853533744812012
epoch:  47 batch:  90 region_loss:  6.0 6.0 loc_loss:  0.101802978515625 reward_loss:  -5.090184688568115
epoch:  47 batch:  100 region_loss:  8.0 8.0 loc_loss:  0.12968070983886718 reward_loss:  -6.484127521514893
epoch:  47 batch:  110 region_loss:  4.0 4.0 loc_loss:  0.061087450981140136 reward_loss:  -3.0544328689575195
epoch:  47 batch:  120 region_loss:  5.0 5.0 loc_loss:  0.06626873016357422 reward_loss:  -3.3134703636169434
epoch:  47 batch:  130 region_loss:  7.0 7.0 loc_loss:  0.1249334716796875 reward_loss:  -6.246674060821533
acc@1:  0.10583254938852305
epoch: 47 region loss 0.17051094890510948 loc loss 0.16100065597652521 reward loss -8.050040792374716
epoch:  48 batch:  0 region_loss:  10.0 10.0 loc_loss:  0.1605286979675293 reward_loss:  -8.026359558105469
epoch:  48 batch:  10 region_loss:  10.0 10.0 loc_loss:  0.17737981796264649 reward_loss:  -8.869017601013184
epoch:  48 batch:  20 region_loss:  10.0 10.0 loc_loss:  0.20630870819091796 reward_loss:  -10.31522274017334
epoch:  48 batch:  30 region_loss:  10.0 10.0 loc_loss:  0.16130735397338866 reward_loss:  -8.065411567687988
epoch:  48 batch:  40 region_loss:  10.0 10.0 loc_loss:  0.226059513092041 reward_loss:  -11.3029203414917
epoch:  48 batch:  50 region_loss:  10.0 10.0 loc_loss:  0.18114437103271486 reward_loss:  -9.057223320007324
epoch:  48 batch:  60 region_loss:  10.0 10.0 loc_loss:  0.1604532241821289 reward_loss:  -8.022690773010254
epoch:  48 batch:  70 region_loss:  10.0 10.0 loc_loss:  0.18046169281005858 reward_loss:  -9.023229598999023
epoch:  48 batch:  80 region_loss:  10.0 10.0 loc_loss:  0.16516489028930664 reward_loss:  -8.258277893066406
epoch:  48 batch:  90 region_loss:  6.0 6.0 loc_loss:  0.09464248657226562 reward_loss:  -4.732151985168457
epoch:  48 batch:  100 region_loss:  8.0 8.0 loc_loss:  0.1220225715637207 reward_loss:  -6.101241588592529
epoch:  48 batch:  110 region_loss:  4.0 4.0 loc_loss:  0.05664023876190186 reward_loss:  -2.8320281505584717
epoch:  48 batch:  120 region_loss:  5.0 5.0 loc_loss:  0.061770906448364256 reward_loss:  -3.088575839996338
epoch:  48 batch:  130 region_loss:  7.0 7.0 loc_loss:  0.11602232933044433 reward_loss:  -5.801084518432617
acc@1:  0.10253998118532455
epoch: 48 region loss 0.17051094890510948 loc loss 0.15152797108149005 reward loss -7.576402035072772
epoch:  49 batch:  0 region_loss:  10.0 10.0 loc_loss:  0.15027748107910155 reward_loss:  -7.513819694519043
epoch:  49 batch:  10 region_loss:  10.0 10.0 loc_loss:  0.16549503326416015 reward_loss:  -8.27477741241455
epoch:  49 batch:  20 region_loss:  10.0 10.0 loc_loss:  0.1972325325012207 reward_loss:  -9.861679077148438
epoch:  49 batch:  30 region_loss:  10.0 10.0 loc_loss:  0.15093017578125 reward_loss:  -7.546595096588135
epoch:  49 batch:  40 region_loss:  10.0 10.0 loc_loss:  0.21260181427001953 reward_loss:  -10.630149841308594
epoch:  49 batch:  50 region_loss:  10.0 10.0 loc_loss:  0.17094625473022462 reward_loss:  -8.547518730163574
epoch:  49 batch:  60 region_loss:  10.0 10.0 loc_loss:  0.15103262901306153 reward_loss:  -7.551784038543701
epoch:  49 batch:  70 region_loss:  10.0 10.0 loc_loss:  0.16955814361572266 reward_loss:  -8.47782039642334
epoch:  49 batch:  80 region_loss:  10.0 10.0 loc_loss:  0.15387882232666017 reward_loss:  -7.694008827209473
epoch:  49 batch:  90 region_loss:  6.0 6.0 loc_loss:  0.08798739433288574 reward_loss:  -4.399357795715332
epoch:  49 batch:  100 region_loss:  8.0 8.0 loc_loss:  0.11299243927001953 reward_loss:  -5.64966344833374
epoch:  49 batch:  110 region_loss:  4.0 4.0 loc_loss:  0.05194167137145996 reward_loss:  -2.5970230102539062
epoch:  49 batch:  120 region_loss:  5.0 5.0 loc_loss:  0.057002630233764645 reward_loss:  -2.8501152992248535
epoch:  49 batch:  130 region_loss:  7.0 7.0 loc_loss:  0.1072909927368164 reward_loss:  -5.364530563354492
acc@1:  0.10677328316086547
epoch: 49 region loss 0.17051094890510948 loc loss 0.14244047712235555 reward loss -7.122031259710771
