0
cuda
epoch:  0 batch:  0 region_loss:  10.0 10.0 loc_loss:  1.9841743469238282 reward_loss:  -99.20770263671875
epoch:  0 batch:  10 region_loss:  10.0 10.0 loc_loss:  1.9848541259765624 reward_loss:  -99.24324035644531
epoch:  0 batch:  20 region_loss:  10.0 10.0 loc_loss:  1.9805024719238282 reward_loss:  -99.02400970458984
epoch:  0 batch:  30 region_loss:  10.0 10.0 loc_loss:  1.9835829162597656 reward_loss:  -99.17837524414062
epoch:  0 batch:  40 region_loss:  10.0 10.0 loc_loss:  1.993383026123047 reward_loss:  -99.66959381103516
epoch:  0 batch:  50 region_loss:  10.0 10.0 loc_loss:  1.9855006408691407 reward_loss:  -99.27542114257812
epoch:  0 batch:  60 region_loss:  10.0 10.0 loc_loss:  1.9833906555175782 reward_loss:  -99.1681137084961
epoch:  0 batch:  70 region_loss:  10.0 10.0 loc_loss:  1.978145294189453 reward_loss:  -98.90704345703125
epoch:  0 batch:  80 region_loss:  10.0 10.0 loc_loss:  1.985618896484375 reward_loss:  -99.28092956542969
epoch:  0 batch:  90 region_loss:  6.0 6.0 loc_loss:  1.180345001220703 reward_loss:  -59.01840591430664
epoch:  0 batch:  100 region_loss:  8.0 8.0 loc_loss:  1.5741358947753907 reward_loss:  -78.70541381835938
epoch:  0 batch:  110 region_loss:  4.0 4.0 loc_loss:  0.7881159973144531 reward_loss:  -39.4061164855957
epoch:  0 batch:  120 region_loss:  5.0 5.0 loc_loss:  0.9827242279052735 reward_loss:  -49.13703536987305
epoch:  0 batch:  130 region_loss:  7.0 7.0 loc_loss:  1.375030517578125 reward_loss:  -68.7512435913086
acc@1:  0.0037629350893697085
epoch: 0 region loss 0.17051094890510948 loc loss 1.6873918001495138 reward loss -84.36953398433045
epoch:  1 batch:  0 region_loss:  10.0 10.0 loc_loss:  1.909066162109375 reward_loss:  -95.45398712158203
epoch:  1 batch:  10 region_loss:  10.0 10.0 loc_loss:  1.9352326965332032 reward_loss:  -96.76223754882812
epoch:  1 batch:  20 region_loss:  10.0 10.0 loc_loss:  1.9170181274414062 reward_loss:  -95.850341796875
epoch:  1 batch:  30 region_loss:  10.0 10.0 loc_loss:  1.9217465209960938 reward_loss:  -96.08869171142578
epoch:  1 batch:  40 region_loss:  10.0 10.0 loc_loss:  1.9278355407714844 reward_loss:  -96.39276123046875
epoch:  1 batch:  50 region_loss:  10.0 10.0 loc_loss:  1.914349365234375 reward_loss:  -95.71894836425781
epoch:  1 batch:  60 region_loss:  10.0 10.0 loc_loss:  1.8978616333007812 reward_loss:  -94.89319610595703
epoch:  1 batch:  70 region_loss:  10.0 10.0 loc_loss:  1.8828952026367187 reward_loss:  -94.14506530761719
epoch:  1 batch:  80 region_loss:  10.0 10.0 loc_loss:  1.8728460693359374 reward_loss:  -93.64305877685547
epoch:  1 batch:  90 region_loss:  6.0 6.0 loc_loss:  1.106165313720703 reward_loss:  -55.30792236328125
epoch:  1 batch:  100 region_loss:  8.0 8.0 loc_loss:  1.4600770568847656 reward_loss:  -73.0047607421875
epoch:  1 batch:  110 region_loss:  4.0 4.0 loc_loss:  0.738125991821289 reward_loss:  -36.90643310546875
epoch:  1 batch:  120 region_loss:  5.0 5.0 loc_loss:  0.9090865325927734 reward_loss:  -45.45404815673828
epoch:  1 batch:  130 region_loss:  7.0 7.0 loc_loss:  1.2582819366455078 reward_loss:  -62.91455078125
acc@1:  0.023047977422389464
epoch: 1 region loss 0.17051094890510948 loc loss 1.6047419399066565 reward loss -80.23721463836893
epoch:  2 batch:  0 region_loss:  10.0 10.0 loc_loss:  1.727506103515625 reward_loss:  -86.37582397460938
epoch:  2 batch:  10 region_loss:  10.0 10.0 loc_loss:  1.7528446960449218 reward_loss:  -87.64189147949219
epoch:  2 batch:  20 region_loss:  10.0 10.0 loc_loss:  1.723184814453125 reward_loss:  -86.1587905883789
epoch:  2 batch:  30 region_loss:  10.0 10.0 loc_loss:  1.764642791748047 reward_loss:  -88.23259735107422
epoch:  2 batch:  40 region_loss:  10.0 10.0 loc_loss:  1.7313681030273438 reward_loss:  -86.56843566894531
epoch:  2 batch:  50 region_loss:  10.0 10.0 loc_loss:  1.7731512451171876 reward_loss:  -88.65796661376953
epoch:  2 batch:  60 region_loss:  10.0 10.0 loc_loss:  1.7477435302734374 reward_loss:  -87.3862533569336
epoch:  2 batch:  70 region_loss:  10.0 10.0 loc_loss:  1.7467489624023438 reward_loss:  -87.3370590209961
epoch:  2 batch:  80 region_loss:  10.0 10.0 loc_loss:  1.733903350830078 reward_loss:  -86.69470977783203
epoch:  2 batch:  90 region_loss:  6.0 6.0 loc_loss:  1.0339253997802735 reward_loss:  -51.69682693481445
epoch:  2 batch:  100 region_loss:  8.0 8.0 loc_loss:  1.3748324584960938 reward_loss:  -68.74048614501953
epoch:  2 batch:  110 region_loss:  4.0 4.0 loc_loss:  0.7005986022949219 reward_loss:  -35.03049850463867
epoch:  2 batch:  120 region_loss:  5.0 5.0 loc_loss:  0.8665596008300781 reward_loss:  -43.328216552734375
epoch:  2 batch:  130 region_loss:  7.0 7.0 loc_loss:  1.2043759155273437 reward_loss:  -60.218833923339844
acc@1:  0.029633113828786452
epoch: 2 region loss 0.17051094890510948 loc loss 1.474870445084398 reward loss -73.74350849903414
epoch:  3 batch:  0 region_loss:  10.0 10.0 loc_loss:  1.6695721435546875 reward_loss:  -83.47915649414062
epoch:  3 batch:  10 region_loss:  10.0 10.0 loc_loss:  1.6833778381347657 reward_loss:  -84.16865539550781
epoch:  3 batch:  20 region_loss:  10.0 10.0 loc_loss:  1.6335243225097655 reward_loss:  -81.67649841308594
epoch:  3 batch:  30 region_loss:  10.0 10.0 loc_loss:  1.6957504272460937 reward_loss:  -84.78670501708984
epoch:  3 batch:  40 region_loss:  10.0 10.0 loc_loss:  1.6574205017089845 reward_loss:  -82.86991882324219
epoch:  3 batch:  50 region_loss:  10.0 10.0 loc_loss:  1.7034408569335937 reward_loss:  -85.1722412109375
epoch:  3 batch:  60 region_loss:  10.0 10.0 loc_loss:  1.6801791381835938 reward_loss:  -84.00879669189453
epoch:  3 batch:  70 region_loss:  10.0 10.0 loc_loss:  1.678004913330078 reward_loss:  -83.9010238647461
epoch:  3 batch:  80 region_loss:  10.0 10.0 loc_loss:  1.6715202331542969 reward_loss:  -83.57543182373047
epoch:  3 batch:  90 region_loss:  6.0 6.0 loc_loss:  1.0006776428222657 reward_loss:  -50.03400802612305
epoch:  3 batch:  100 region_loss:  8.0 8.0 loc_loss:  1.3280142211914063 reward_loss:  -66.40135192871094
epoch:  3 batch:  110 region_loss:  4.0 4.0 loc_loss:  0.6799703216552735 reward_loss:  -33.99879837036133
epoch:  3 batch:  120 region_loss:  5.0 5.0 loc_loss:  0.8417660522460938 reward_loss:  -42.08869171142578
epoch:  3 batch:  130 region_loss:  7.0 7.0 loc_loss:  1.172431640625 reward_loss:  -58.62168502807617
acc@1:  0.03998118532455315
epoch: 3 region loss 0.17051094890510948 loc loss 1.414861677406478 reward loss -70.74307512714915
epoch:  4 batch:  0 region_loss:  10.0 10.0 loc_loss:  1.6251467895507812 reward_loss:  -81.25813293457031
epoch:  4 batch:  10 region_loss:  10.0 10.0 loc_loss:  1.637769775390625 reward_loss:  -81.88827514648438
epoch:  4 batch:  20 region_loss:  10.0 10.0 loc_loss:  1.5717141723632813 reward_loss:  -78.58531188964844
epoch:  4 batch:  30 region_loss:  10.0 10.0 loc_loss:  1.642534942626953 reward_loss:  -82.12702178955078
epoch:  4 batch:  40 region_loss:  10.0 10.0 loc_loss:  1.6042510986328125 reward_loss:  -80.2125473022461
epoch:  4 batch:  50 region_loss:  10.0 10.0 loc_loss:  1.6469801330566407 reward_loss:  -82.34905242919922
epoch:  4 batch:  60 region_loss:  10.0 10.0 loc_loss:  1.6257684326171875 reward_loss:  -81.28852844238281
epoch:  4 batch:  70 region_loss:  10.0 10.0 loc_loss:  1.618026885986328 reward_loss:  -80.90199279785156
epoch:  4 batch:  80 region_loss:  10.0 10.0 loc_loss:  1.618714599609375 reward_loss:  -80.93638610839844
epoch:  4 batch:  90 region_loss:  6.0 6.0 loc_loss:  0.9710394287109375 reward_loss:  -48.552330017089844
epoch:  4 batch:  100 region_loss:  8.0 8.0 loc_loss:  1.2841065979003907 reward_loss:  -64.20478820800781
epoch:  4 batch:  110 region_loss:  4.0 4.0 loc_loss:  0.6619380187988281 reward_loss:  -33.09720230102539
epoch:  4 batch:  120 region_loss:  5.0 5.0 loc_loss:  0.817101058959961 reward_loss:  -40.855064392089844
epoch:  4 batch:  130 region_loss:  7.0 7.0 loc_loss:  1.1401233673095703 reward_loss:  -57.006202697753906
acc@1:  0.04609595484477893
epoch: 4 region loss 0.17051094890510948 loc loss 1.3667543904102633 reward loss -68.33772740050824
epoch:  5 batch:  0 region_loss:  10.0 10.0 loc_loss:  1.5761726379394532 reward_loss:  -78.8084487915039
epoch:  5 batch:  10 region_loss:  10.0 10.0 loc_loss:  1.59083251953125 reward_loss:  -79.54166412353516
epoch:  5 batch:  20 region_loss:  10.0 10.0 loc_loss:  1.5112710571289063 reward_loss:  -75.56330108642578
epoch:  5 batch:  30 region_loss:  10.0 10.0 loc_loss:  1.589004669189453 reward_loss:  -79.45014190673828
epoch:  5 batch:  40 region_loss:  10.0 10.0 loc_loss:  1.5520535278320313 reward_loss:  -77.60269165039062
epoch:  5 batch:  50 region_loss:  10.0 10.0 loc_loss:  1.5899041748046876 reward_loss:  -79.49533081054688
epoch:  5 batch:  60 region_loss:  10.0 10.0 loc_loss:  1.5717950439453126 reward_loss:  -78.58988952636719
epoch:  5 batch:  70 region_loss:  10.0 10.0 loc_loss:  1.5572311401367187 reward_loss:  -77.86200714111328
epoch:  5 batch:  80 region_loss:  10.0 10.0 loc_loss:  1.5662748718261719 reward_loss:  -78.3138198852539
epoch:  5 batch:  90 region_loss:  6.0 6.0 loc_loss:  0.9413606262207032 reward_loss:  -47.06796646118164
epoch:  5 batch:  100 region_loss:  8.0 8.0 loc_loss:  1.238189697265625 reward_loss:  -61.90956497192383
epoch:  5 batch:  110 region_loss:  4.0 4.0 loc_loss:  0.6438961791992187 reward_loss:  -32.19481658935547
epoch:  5 batch:  120 region_loss:  5.0 5.0 loc_loss:  0.7906483459472656 reward_loss:  -39.532405853271484
epoch:  5 batch:  130 region_loss:  7.0 7.0 loc_loss:  1.1056647491455078 reward_loss:  -55.28322982788086
acc@1:  0.05832549388523048
epoch: 5 region loss 0.17051094890510948 loc loss 1.3181035856260872 reward loss -65.90520602595197
epoch:  6 batch:  0 region_loss:  10.0 10.0 loc_loss:  1.5212265014648438 reward_loss:  -76.0616226196289
epoch:  6 batch:  10 region_loss:  10.0 10.0 loc_loss:  1.5397801208496094 reward_loss:  -76.98899841308594
epoch:  6 batch:  20 region_loss:  10.0 10.0 loc_loss:  1.4458950805664061 reward_loss:  -72.29473114013672
epoch:  6 batch:  30 region_loss:  10.0 10.0 loc_loss:  1.5319151306152343 reward_loss:  -76.59577941894531
epoch:  6 batch:  40 region_loss:  10.0 10.0 loc_loss:  1.4973179626464843 reward_loss:  -74.86542510986328
epoch:  6 batch:  50 region_loss:  10.0 10.0 loc_loss:  1.5287579345703124 reward_loss:  -76.43785858154297
epoch:  6 batch:  60 region_loss:  10.0 10.0 loc_loss:  1.5147052001953125 reward_loss:  -75.73527526855469
epoch:  6 batch:  70 region_loss:  10.0 10.0 loc_loss:  1.4934423828125 reward_loss:  -74.67233276367188
epoch:  6 batch:  80 region_loss:  10.0 10.0 loc_loss:  1.511248779296875 reward_loss:  -75.56246948242188
epoch:  6 batch:  90 region_loss:  6.0 6.0 loc_loss:  0.9101251983642578 reward_loss:  -45.50615310668945
epoch:  6 batch:  100 region_loss:  8.0 8.0 loc_loss:  1.188683319091797 reward_loss:  -59.43398666381836
epoch:  6 batch:  110 region_loss:  4.0 4.0 loc_loss:  0.6251995468139648 reward_loss:  -31.259920120239258
epoch:  6 batch:  120 region_loss:  5.0 5.0 loc_loss:  0.7617952728271484 reward_loss:  -38.08977508544922
epoch:  6 batch:  130 region_loss:  7.0 7.0 loc_loss:  1.0684140777587892 reward_loss:  -53.420677185058594
acc@1:  0.07008466603951082
epoch: 6 region loss 0.17051094890510948 loc loss 1.266416818382096 reward loss -63.320846947440266
epoch:  7 batch:  0 region_loss:  10.0 10.0 loc_loss:  1.4596041870117187 reward_loss:  -72.98004150390625
epoch:  7 batch:  10 region_loss:  10.0 10.0 loc_loss:  1.4830340576171874 reward_loss:  -74.15170288085938
epoch:  7 batch:  20 region_loss:  10.0 10.0 loc_loss:  1.3750212097167969 reward_loss:  -68.75118255615234
epoch:  7 batch:  30 region_loss:  10.0 10.0 loc_loss:  1.469813232421875 reward_loss:  -73.49063110351562
epoch:  7 batch:  40 region_loss:  10.0 10.0 loc_loss:  1.4407574462890624 reward_loss:  -72.0378646850586
epoch:  7 batch:  50 region_loss:  10.0 10.0 loc_loss:  1.4625349426269532 reward_loss:  -73.12677764892578
epoch:  7 batch:  60 region_loss:  10.0 10.0 loc_loss:  1.4540318298339843 reward_loss:  -72.70159912109375
epoch:  7 batch:  70 region_loss:  10.0 10.0 loc_loss:  1.4250241088867188 reward_loss:  -71.25145721435547
epoch:  7 batch:  80 region_loss:  10.0 10.0 loc_loss:  1.4526760864257813 reward_loss:  -72.63379669189453
epoch:  7 batch:  90 region_loss:  6.0 6.0 loc_loss:  0.8771269989013671 reward_loss:  -43.856231689453125
epoch:  7 batch:  100 region_loss:  8.0 8.0 loc_loss:  1.1354161071777344 reward_loss:  -56.77096176147461
epoch:  7 batch:  110 region_loss:  4.0 4.0 loc_loss:  0.6054015731811524 reward_loss:  -30.270097732543945
epoch:  7 batch:  120 region_loss:  5.0 5.0 loc_loss:  0.730751953125 reward_loss:  -36.53760528564453
epoch:  7 batch:  130 region_loss:  7.0 7.0 loc_loss:  1.0284526062011718 reward_loss:  -51.42262649536133
acc@1:  0.07902163687676388
epoch: 7 region loss 0.17051094890510948 loc loss 1.2113748525354984 reward loss -60.56874567574828
epoch:  8 batch:  0 region_loss:  10.0 10.0 loc_loss:  1.3923989868164062 reward_loss:  -69.61993408203125
epoch:  8 batch:  10 region_loss:  10.0 10.0 loc_loss:  1.4204754638671875 reward_loss:  -71.02377319335938
epoch:  8 batch:  20 region_loss:  10.0 10.0 loc_loss:  1.300522918701172 reward_loss:  -65.02615356445312
epoch:  8 batch:  30 region_loss:  10.0 10.0 loc_loss:  1.4030935668945312 reward_loss:  -70.15467071533203
epoch:  8 batch:  40 region_loss:  10.0 10.0 loc_loss:  1.3841107177734375 reward_loss:  -69.20555114746094
epoch:  8 batch:  50 region_loss:  10.0 10.0 loc_loss:  1.3921484375 reward_loss:  -69.607421875
epoch:  8 batch:  60 region_loss:  10.0 10.0 loc_loss:  1.390334014892578 reward_loss:  -69.51668548583984
epoch:  8 batch:  70 region_loss:  10.0 10.0 loc_loss:  1.35274169921875 reward_loss:  -67.63713073730469
epoch:  8 batch:  80 region_loss:  10.0 10.0 loc_loss:  1.3915711975097655 reward_loss:  -69.57855224609375
epoch:  8 batch:  90 region_loss:  6.0 6.0 loc_loss:  0.8427775573730468 reward_loss:  -42.13886260986328
epoch:  8 batch:  100 region_loss:  8.0 8.0 loc_loss:  1.0790854644775392 reward_loss:  -53.95426559448242
epoch:  8 batch:  110 region_loss:  4.0 4.0 loc_loss:  0.5844380950927734 reward_loss:  -29.221866607666016
epoch:  8 batch:  120 region_loss:  5.0 5.0 loc_loss:  0.6979617309570313 reward_loss:  -34.89811325073242
epoch:  8 batch:  130 region_loss:  7.0 7.0 loc_loss:  0.9866211700439453 reward_loss:  -49.3310546875
acc@1:  0.08842897460018814
epoch: 8 region loss 0.17051094890510948 loc loss 1.1539612938539825 reward loss -57.698069022519746
epoch:  9 batch:  0 region_loss:  10.0 10.0 loc_loss:  1.3215653991699219 reward_loss:  -66.07828521728516
epoch:  9 batch:  10 region_loss:  10.0 10.0 loc_loss:  1.3537699890136718 reward_loss:  -67.68850708007812
epoch:  9 batch:  20 region_loss:  10.0 10.0 loc_loss:  1.225032958984375 reward_loss:  -61.2515869140625
epoch:  9 batch:  30 region_loss:  10.0 10.0 loc_loss:  1.3328460693359374 reward_loss:  -66.64231872558594
epoch:  9 batch:  40 region_loss:  10.0 10.0 loc_loss:  1.3284719848632813 reward_loss:  -66.423583984375
epoch:  9 batch:  50 region_loss:  10.0 10.0 loc_loss:  1.3184086608886718 reward_loss:  -65.9204330444336
epoch:  9 batch:  60 region_loss:  10.0 10.0 loc_loss:  1.3251422119140626 reward_loss:  -66.2571029663086
epoch:  9 batch:  70 region_loss:  10.0 10.0 loc_loss:  1.2782350158691407 reward_loss:  -63.91178894042969
epoch:  9 batch:  80 region_loss:  10.0 10.0 loc_loss:  1.3295945739746093 reward_loss:  -66.47972869873047
epoch:  9 batch:  90 region_loss:  6.0 6.0 loc_loss:  0.8075646209716797 reward_loss:  -40.37823486328125
epoch:  9 batch:  100 region_loss:  8.0 8.0 loc_loss:  1.0214410400390626 reward_loss:  -51.07204055786133
epoch:  9 batch:  110 region_loss:  4.0 4.0 loc_loss:  0.5625175094604492 reward_loss:  -28.125856399536133
epoch:  9 batch:  120 region_loss:  5.0 5.0 loc_loss:  0.6641668701171874 reward_loss:  -33.2083625793457
epoch:  9 batch:  130 region_loss:  7.0 7.0 loc_loss:  0.9437059020996094 reward_loss:  -47.18528747558594
acc@1:  0.10159924741298212
epoch: 9 region loss 0.17051094890510948 loc loss 1.0955474374590128 reward loss -54.777368183553655
epoch:  10 batch:  0 region_loss:  10.0 10.0 loc_loss:  1.2487628173828125 reward_loss:  -62.438148498535156
epoch:  10 batch:  10 region_loss:  10.0 10.0 loc_loss:  1.2849594116210938 reward_loss:  -64.24797821044922
epoch:  10 batch:  20 region_loss:  10.0 10.0 loc_loss:  1.1507528686523438 reward_loss:  -57.53764343261719
epoch:  10 batch:  30 region_loss:  10.0 10.0 loc_loss:  1.2607817840576172 reward_loss:  -63.039085388183594
epoch:  10 batch:  40 region_loss:  10.0 10.0 loc_loss:  1.2734791564941406 reward_loss:  -63.673954010009766
epoch:  10 batch:  50 region_loss:  10.0 10.0 loc_loss:  1.2427525329589844 reward_loss:  -62.13764190673828
epoch:  10 batch:  60 region_loss:  10.0 10.0 loc_loss:  1.2599784088134767 reward_loss:  -62.998924255371094
epoch:  10 batch:  70 region_loss:  10.0 10.0 loc_loss:  1.2039858245849608 reward_loss:  -60.199275970458984
epoch:  10 batch:  80 region_loss:  10.0 10.0 loc_loss:  1.268565673828125 reward_loss:  -63.42828369140625
epoch:  10 batch:  90 region_loss:  6.0 6.0 loc_loss:  0.7718388366699219 reward_loss:  -38.591949462890625
epoch:  10 batch:  100 region_loss:  8.0 8.0 loc_loss:  0.9643447113037109 reward_loss:  -48.21725082397461
epoch:  10 batch:  110 region_loss:  4.0 4.0 loc_loss:  0.5398177719116211 reward_loss:  -26.99087142944336
epoch:  10 batch:  120 region_loss:  5.0 5.0 loc_loss:  0.6302733612060547 reward_loss:  -31.513675689697266
epoch:  10 batch:  130 region_loss:  7.0 7.0 loc_loss:  0.9003742980957031 reward_loss:  -45.01872253417969
acc@1:  0.11194731890874883
epoch: 10 region loss 0.17051094890510948 loc loss 1.0374795866360629 reward loss -51.87397841293446
epoch:  11 batch:  0 region_loss:  10.0 10.0 loc_loss:  1.1762623596191406 reward_loss:  -58.81312942504883
epoch:  11 batch:  10 region_loss:  10.0 10.0 loc_loss:  1.2162242126464844 reward_loss:  -60.811214447021484
epoch:  11 batch:  20 region_loss:  10.0 10.0 loc_loss:  1.0797881317138671 reward_loss:  -53.989418029785156
epoch:  11 batch:  30 region_loss:  10.0 10.0 loc_loss:  1.1883336639404296 reward_loss:  -59.41669464111328
epoch:  11 batch:  40 region_loss:  10.0 10.0 loc_loss:  1.219299545288086 reward_loss:  -60.9649658203125
epoch:  11 batch:  50 region_loss:  10.0 10.0 loc_loss:  1.1672984313964845 reward_loss:  -58.36492156982422
epoch:  11 batch:  60 region_loss:  10.0 10.0 loc_loss:  1.1962743377685547 reward_loss:  -59.81371307373047
epoch:  11 batch:  70 region_loss:  10.0 10.0 loc_loss:  1.132662811279297 reward_loss:  -56.63313674926758
epoch:  11 batch:  80 region_loss:  10.0 10.0 loc_loss:  1.2101569366455078 reward_loss:  -60.50784683227539
epoch:  11 batch:  90 region_loss:  6.0 6.0 loc_loss:  0.7364982604980469 reward_loss:  -36.82491683959961
epoch:  11 batch:  100 region_loss:  8.0 8.0 loc_loss:  0.9093218994140625 reward_loss:  -45.46609115600586
epoch:  11 batch:  110 region_loss:  4.0 4.0 loc_loss:  0.516708984375 reward_loss:  -25.83544158935547
epoch:  11 batch:  120 region_loss:  5.0 5.0 loc_loss:  0.5970465469360352 reward_loss:  -29.852327346801758
epoch:  11 batch:  130 region_loss:  7.0 7.0 loc_loss:  0.8574592590332031 reward_loss:  -42.872955322265625
acc@1:  0.11759172154280338
epoch: 11 region loss 0.17051094890510948 loc loss 0.9810470784319578 reward loss -49.05235211170503
epoch:  12 batch:  0 region_loss:  10.0 10.0 loc_loss:  1.1064728546142577 reward_loss:  -55.32364273071289
epoch:  12 batch:  10 region_loss:  10.0 10.0 loc_loss:  1.149348373413086 reward_loss:  -57.4674186706543
epoch:  12 batch:  20 region_loss:  10.0 10.0 loc_loss:  1.013259735107422 reward_loss:  -50.66298294067383
epoch:  12 batch:  30 region_loss:  10.0 10.0 loc_loss:  1.1172583770751954 reward_loss:  -55.862918853759766
epoch:  12 batch:  40 region_loss:  10.0 10.0 loc_loss:  1.1660033416748048 reward_loss:  -58.300167083740234
epoch:  12 batch:  50 region_loss:  10.0 10.0 loc_loss:  1.0944015502929687 reward_loss:  -54.72007369995117
epoch:  12 batch:  60 region_loss:  10.0 10.0 loc_loss:  1.1346411895751953 reward_loss:  -56.732051849365234
epoch:  12 batch:  70 region_loss:  10.0 10.0 loc_loss:  1.0660858917236329 reward_loss:  -53.30429458618164
epoch:  12 batch:  80 region_loss:  10.0 10.0 loc_loss:  1.154559326171875 reward_loss:  -57.72796630859375
epoch:  12 batch:  90 region_loss:  6.0 6.0 loc_loss:  0.7019258880615235 reward_loss:  -35.09629440307617
epoch:  12 batch:  100 region_loss:  8.0 8.0 loc_loss:  0.8575904846191407 reward_loss:  -42.879520416259766
epoch:  12 batch:  110 region_loss:  4.0 4.0 loc_loss:  0.49346004486083983 reward_loss:  -24.67300033569336
epoch:  12 batch:  120 region_loss:  5.0 5.0 loc_loss:  0.565152244567871 reward_loss:  -28.257604598999023
epoch:  12 batch:  130 region_loss:  7.0 7.0 loc_loss:  0.815639877319336 reward_loss:  -40.78200149536133
acc@1:  0.1218250235183443
epoch: 12 region loss 0.17051094890510948 loc loss 0.9273250125968544 reward loss -46.36624950214024
epoch:  13 batch:  0 region_loss:  10.0 10.0 loc_loss:  1.0412420654296874 reward_loss:  -52.062110900878906
epoch:  13 batch:  10 region_loss:  10.0 10.0 loc_loss:  1.0855814361572265 reward_loss:  -54.279083251953125
epoch:  13 batch:  20 region_loss:  10.0 10.0 loc_loss:  0.9521263122558594 reward_loss:  -47.60630798339844
epoch:  13 batch:  30 region_loss:  10.0 10.0 loc_loss:  1.049447250366211 reward_loss:  -52.47236251831055
epoch:  13 batch:  40 region_loss:  10.0 10.0 loc_loss:  1.1142637634277344 reward_loss:  -55.71318435668945
epoch:  13 batch:  50 region_loss:  10.0 10.0 loc_loss:  1.0262242889404296 reward_loss:  -51.31121063232422
epoch:  13 batch:  60 region_loss:  10.0 10.0 loc_loss:  1.0759085845947265 reward_loss:  -53.795440673828125
epoch:  13 batch:  70 region_loss:  10.0 10.0 loc_loss:  1.0049806213378907 reward_loss:  -50.24903869628906
epoch:  13 batch:  80 region_loss:  10.0 10.0 loc_loss:  1.1016744995117187 reward_loss:  -55.08372497558594
epoch:  13 batch:  90 region_loss:  6.0 6.0 loc_loss:  0.6687117004394532 reward_loss:  -33.435585021972656
epoch:  13 batch:  100 region_loss:  8.0 8.0 loc_loss:  0.809677734375 reward_loss:  -40.48388671875
epoch:  13 batch:  110 region_loss:  4.0 4.0 loc_loss:  0.47048805236816404 reward_loss:  -23.5244083404541
epoch:  13 batch:  120 region_loss:  5.0 5.0 loc_loss:  0.5348777008056641 reward_loss:  -26.74388885498047
epoch:  13 batch:  130 region_loss:  7.0 7.0 loc_loss:  0.7756163024902344 reward_loss:  -38.78081512451172
acc@1:  0.1288805268109125
epoch: 13 region loss 0.17051094890510948 loc loss 0.8770255480021456 reward loss -43.851276564772114
epoch:  14 batch:  0 region_loss:  10.0 10.0 loc_loss:  0.9811211395263671 reward_loss:  -49.05604934692383
epoch:  14 batch:  10 region_loss:  10.0 10.0 loc_loss:  1.0260629272460937 reward_loss:  -51.30314636230469
epoch:  14 batch:  20 region_loss:  10.0 10.0 loc_loss:  0.8966672515869141 reward_loss:  -44.83335876464844
epoch:  14 batch:  30 region_loss:  10.0 10.0 loc_loss:  0.9863407897949219 reward_loss:  -49.31703186035156
epoch:  14 batch:  40 region_loss:  10.0 10.0 loc_loss:  1.0647675323486328 reward_loss:  -53.23836898803711
epoch:  14 batch:  50 region_loss:  10.0 10.0 loc_loss:  0.9640064239501953 reward_loss:  -48.2003173828125
epoch:  14 batch:  60 region_loss:  10.0 10.0 loc_loss:  1.0204751586914063 reward_loss:  -51.02375030517578
epoch:  14 batch:  70 region_loss:  10.0 10.0 loc_loss:  0.9492439270019531 reward_loss:  -47.46219253540039
epoch:  14 batch:  80 region_loss:  10.0 10.0 loc_loss:  1.0513672637939453 reward_loss:  -52.56836700439453
epoch:  14 batch:  90 region_loss:  6.0 6.0 loc_loss:  0.6370777511596679 reward_loss:  -31.853883743286133
epoch:  14 batch:  100 region_loss:  8.0 8.0 loc_loss:  0.7658755493164062 reward_loss:  -38.29377746582031
epoch:  14 batch:  110 region_loss:  4.0 4.0 loc_loss:  0.44806556701660155 reward_loss:  -22.40328598022461
epoch:  14 batch:  120 region_loss:  5.0 5.0 loc_loss:  0.5064104461669922 reward_loss:  -25.32053565979004
epoch:  14 batch:  130 region_loss:  7.0 7.0 loc_loss:  0.7377423095703125 reward_loss:  -36.887115478515625
acc@1:  0.13452492944496708
epoch: 14 region loss 0.17051094890510948 loc loss 0.8304942218752673 reward loss -41.52471018881693
epoch:  15 batch:  0 region_loss:  10.0 10.0 loc_loss:  0.9264491271972656 reward_loss:  -46.32245635986328
epoch:  15 batch:  10 region_loss:  10.0 10.0 loc_loss:  0.9713570404052735 reward_loss:  -48.56785202026367
epoch:  15 batch:  20 region_loss:  10.0 10.0 loc_loss:  0.8471793365478516 reward_loss:  -42.35896301269531
epoch:  15 batch:  30 region_loss:  10.0 10.0 loc_loss:  0.9287677001953125 reward_loss:  -46.438385009765625
epoch:  15 batch:  40 region_loss:  10.0 10.0 loc_loss:  1.018240966796875 reward_loss:  -50.91204833984375
epoch:  15 batch:  50 region_loss:  10.0 10.0 loc_loss:  0.9081490325927735 reward_loss:  -45.40745162963867
epoch:  15 batch:  60 region_loss:  10.0 10.0 loc_loss:  0.9684793090820313 reward_loss:  -48.4239616394043
epoch:  15 batch:  70 region_loss:  10.0 10.0 loc_loss:  0.8987132263183594 reward_loss:  -44.93565368652344
epoch:  15 batch:  80 region_loss:  10.0 10.0 loc_loss:  1.0037694549560547 reward_loss:  -50.188472747802734
epoch:  15 batch:  90 region_loss:  6.0 6.0 loc_loss:  0.6071861267089844 reward_loss:  -30.35931396484375
epoch:  15 batch:  100 region_loss:  8.0 8.0 loc_loss:  0.7260034942626953 reward_loss:  -36.3001708984375
epoch:  15 batch:  110 region_loss:  4.0 4.0 loc_loss:  0.4264852142333984 reward_loss:  -21.32428550720215
epoch:  15 batch:  120 region_loss:  5.0 5.0 loc_loss:  0.4795206069946289 reward_loss:  -23.976032257080078
epoch:  15 batch:  130 region_loss:  7.0 7.0 loc_loss:  0.7022077941894531 reward_loss:  -35.11038589477539
acc@1:  0.14111006585136407
epoch: 15 region loss 0.17051094890510948 loc loss 0.7877331278445946 reward loss -39.386656406151985
epoch:  16 batch:  0 region_loss:  10.0 10.0 loc_loss:  0.8767642211914063 reward_loss:  -43.83821105957031
epoch:  16 batch:  10 region_loss:  10.0 10.0 loc_loss:  0.9216769409179687 reward_loss:  -46.0838508605957
epoch:  16 batch:  20 region_loss:  10.0 10.0 loc_loss:  0.8031256103515625 reward_loss:  -40.156280517578125
epoch:  16 batch:  30 region_loss:  10.0 10.0 loc_loss:  0.876461181640625 reward_loss:  -43.823055267333984
epoch:  16 batch:  40 region_loss:  10.0 10.0 loc_loss:  0.9750679779052734 reward_loss:  -48.75340270996094
epoch:  16 batch:  50 region_loss:  10.0 10.0 loc_loss:  0.8581317138671875 reward_loss:  -42.90658187866211
epoch:  16 batch:  60 region_loss:  10.0 10.0 loc_loss:  0.9195487213134765 reward_loss:  -45.97743225097656
epoch:  16 batch:  70 region_loss:  10.0 10.0 loc_loss:  0.8529529571533203 reward_loss:  -42.64765548706055
epoch:  16 batch:  80 region_loss:  10.0 10.0 loc_loss:  0.9588629913330078 reward_loss:  -47.94314956665039
epoch:  16 batch:  90 region_loss:  6.0 6.0 loc_loss:  0.5790016174316406 reward_loss:  -28.950077056884766
epoch:  16 batch:  100 region_loss:  8.0 8.0 loc_loss:  0.6895809173583984 reward_loss:  -34.47903060913086
epoch:  16 batch:  110 region_loss:  4.0 4.0 loc_loss:  0.40571395874023436 reward_loss:  -20.28569984436035
epoch:  16 batch:  120 region_loss:  5.0 5.0 loc_loss:  0.4542487335205078 reward_loss:  -22.712444305419922
epoch:  16 batch:  130 region_loss:  7.0 7.0 loc_loss:  0.6690874481201172 reward_loss:  -33.45437240600586
acc@1:  0.14063969896519285
epoch: 16 region loss 0.17051094890510948 loc loss 0.7485266110496799 reward loss -37.426330260116686
epoch:  17 batch:  0 region_loss:  10.0 10.0 loc_loss:  0.831423568725586 reward_loss:  -41.5711784362793
epoch:  17 batch:  10 region_loss:  10.0 10.0 loc_loss:  0.8763885498046875 reward_loss:  -43.819427490234375
epoch:  17 batch:  20 region_loss:  10.0 10.0 loc_loss:  0.7637818908691406 reward_loss:  -38.1890983581543
epoch:  17 batch:  30 region_loss:  10.0 10.0 loc_loss:  0.828956069946289 reward_loss:  -41.44780349731445
epoch:  17 batch:  40 region_loss:  10.0 10.0 loc_loss:  0.9351645660400391 reward_loss:  -46.75823211669922
epoch:  17 batch:  50 region_loss:  10.0 10.0 loc_loss:  0.8132765960693359 reward_loss:  -40.66383361816406
epoch:  17 batch:  60 region_loss:  10.0 10.0 loc_loss:  0.8735456848144532 reward_loss:  -43.677284240722656
epoch:  17 batch:  70 region_loss:  10.0 10.0 loc_loss:  0.8112246704101562 reward_loss:  -40.56123352050781
epoch:  17 batch:  80 region_loss:  10.0 10.0 loc_loss:  0.9164542388916016 reward_loss:  -45.82271194458008
epoch:  17 batch:  90 region_loss:  6.0 6.0 loc_loss:  0.5523855590820312 reward_loss:  -27.619279861450195
epoch:  17 batch:  100 region_loss:  8.0 8.0 loc_loss:  0.6561088562011719 reward_loss:  -32.80543518066406
epoch:  17 batch:  110 region_loss:  4.0 4.0 loc_loss:  0.38587657928466795 reward_loss:  -19.2938289642334
epoch:  17 batch:  120 region_loss:  5.0 5.0 loc_loss:  0.4304511260986328 reward_loss:  -21.522579193115234
epoch:  17 batch:  130 region_loss:  7.0 7.0 loc_loss:  0.6382264709472656 reward_loss:  -31.911325454711914
acc@1:  0.14111006585136407
epoch: 17 region loss 0.17051094890510948 loc loss 0.7125381692482606 reward loss -35.62690790552293
epoch:  18 batch:  0 region_loss:  10.0 10.0 loc_loss:  0.7897235107421875 reward_loss:  -39.48617172241211
epoch:  18 batch:  10 region_loss:  10.0 10.0 loc_loss:  0.8348550415039062 reward_loss:  -41.74275588989258
epoch:  18 batch:  20 region_loss:  10.0 10.0 loc_loss:  0.7282920837402344 reward_loss:  -36.41460418701172
epoch:  18 batch:  30 region_loss:  10.0 10.0 loc_loss:  0.7856127166748047 reward_loss:  -39.2806396484375
epoch:  18 batch:  40 region_loss:  10.0 10.0 loc_loss:  0.8984822082519531 reward_loss:  -44.92410659790039
epoch:  18 batch:  50 region_loss:  10.0 10.0 loc_loss:  0.7727725219726562 reward_loss:  -38.638633728027344
epoch:  18 batch:  60 region_loss:  10.0 10.0 loc_loss:  0.8304148864746094 reward_loss:  -41.52074432373047
epoch:  18 batch:  70 region_loss:  10.0 10.0 loc_loss:  0.7729486846923828 reward_loss:  -38.64744186401367
epoch:  18 batch:  80 region_loss:  10.0 10.0 loc_loss:  0.8765723419189453 reward_loss:  -43.828617095947266
epoch:  18 batch:  90 region_loss:  6.0 6.0 loc_loss:  0.5271932220458985 reward_loss:  -26.359657287597656
epoch:  18 batch:  100 region_loss:  8.0 8.0 loc_loss:  0.6251908874511719 reward_loss:  -31.259546279907227
epoch:  18 batch:  110 region_loss:  4.0 4.0 loc_loss:  0.3668071365356445 reward_loss:  -18.340362548828125
epoch:  18 batch:  120 region_loss:  5.0 5.0 loc_loss:  0.4080498123168945 reward_loss:  -20.402545928955078
epoch:  18 batch:  130 region_loss:  7.0 7.0 loc_loss:  0.609293327331543 reward_loss:  -30.464664459228516
acc@1:  0.13828786453433678
epoch: 18 region loss 0.17051094890510948 loc loss 0.6793461805190484 reward loss -33.96730914429156
epoch:  19 batch:  0 region_loss:  10.0 10.0 loc_loss:  0.7511040496826172 reward_loss:  -37.55519485473633
epoch:  19 batch:  10 region_loss:  10.0 10.0 loc_loss:  0.7966569519042969 reward_loss:  -39.83283615112305
epoch:  19 batch:  20 region_loss:  10.0 10.0 loc_loss:  0.6959748077392578 reward_loss:  -34.798736572265625
epoch:  19 batch:  30 region_loss:  10.0 10.0 loc_loss:  0.7457524108886718 reward_loss:  -37.287620544433594
epoch:  19 batch:  40 region_loss:  10.0 10.0 loc_loss:  0.8643777465820313 reward_loss:  -43.21887969970703
epoch:  19 batch:  50 region_loss:  10.0 10.0 loc_loss:  0.7357645416259766 reward_loss:  -36.78822326660156
epoch:  19 batch:  60 region_loss:  10.0 10.0 loc_loss:  0.7897344207763672 reward_loss:  -39.48672103881836
epoch:  19 batch:  70 region_loss:  10.0 10.0 loc_loss:  0.7374910736083984 reward_loss:  -36.87455368041992
epoch:  19 batch:  80 region_loss:  10.0 10.0 loc_loss:  0.8387837219238281 reward_loss:  -41.939170837402344
epoch:  19 batch:  90 region_loss:  6.0 6.0 loc_loss:  0.5034473419189454 reward_loss:  -25.172365188598633
epoch:  19 batch:  100 region_loss:  8.0 8.0 loc_loss:  0.5965135955810547 reward_loss:  -29.825679779052734
epoch:  19 batch:  110 region_loss:  4.0 4.0 loc_loss:  0.3486260223388672 reward_loss:  -17.431297302246094
epoch:  19 batch:  120 region_loss:  5.0 5.0 loc_loss:  0.3870365905761719 reward_loss:  -19.351837158203125
epoch:  19 batch:  130 region_loss:  7.0 7.0 loc_loss:  0.5820366668701172 reward_loss:  -29.10183334350586
acc@1:  0.14063969896519285
epoch: 19 region loss 0.17051094890510948 loc loss 0.6485656377694903 reward loss -32.42828147776805
epoch:  20 batch:  0 region_loss:  10.0 10.0 loc_loss:  0.7150164031982422 reward_loss:  -35.750816345214844
epoch:  20 batch:  10 region_loss:  10.0 10.0 loc_loss:  0.7611580657958984 reward_loss:  -38.05790328979492
epoch:  20 batch:  20 region_loss:  10.0 10.0 loc_loss:  0.6662693786621093 reward_loss:  -33.31346893310547
epoch:  20 batch:  30 region_loss:  10.0 10.0 loc_loss:  0.7088131713867187 reward_loss:  -35.44065856933594
epoch:  20 batch:  40 region_loss:  10.0 10.0 loc_loss:  0.8323236846923828 reward_loss:  -41.61618423461914
epoch:  20 batch:  50 region_loss:  10.0 10.0 loc_loss:  0.7018029022216797 reward_loss:  -35.09014129638672
epoch:  20 batch:  60 region_loss:  10.0 10.0 loc_loss:  0.7514925384521485 reward_loss:  -37.57463073730469
epoch:  20 batch:  70 region_loss:  10.0 10.0 loc_loss:  0.7044875335693359 reward_loss:  -35.22437286376953
epoch:  20 batch:  80 region_loss:  10.0 10.0 loc_loss:  0.8027906036376953 reward_loss:  -40.139530181884766
epoch:  20 batch:  90 region_loss:  6.0 6.0 loc_loss:  0.4808268737792969 reward_loss:  -24.04134750366211
epoch:  20 batch:  100 region_loss:  8.0 8.0 loc_loss:  0.5695655822753907 reward_loss:  -28.478281021118164
epoch:  20 batch:  110 region_loss:  4.0 4.0 loc_loss:  0.3311925888061523 reward_loss:  -16.559612274169922
epoch:  20 batch:  120 region_loss:  5.0 5.0 loc_loss:  0.3671747589111328 reward_loss:  -18.358795166015625
epoch:  20 batch:  130 region_loss:  7.0 7.0 loc_loss:  0.5560318756103516 reward_loss:  -27.801591873168945
acc@1:  0.13828786453433678
epoch: 20 region loss 0.17051094890510948 loc loss 0.619814577868385 reward loss -30.990728789002358
epoch:  21 batch:  0 region_loss:  10.0 10.0 loc_loss:  0.6813311004638671 reward_loss:  -34.066551208496094
epoch:  21 batch:  10 region_loss:  10.0 10.0 loc_loss:  0.7281138610839843 reward_loss:  -36.40568923950195
epoch:  21 batch:  20 region_loss:  10.0 10.0 loc_loss:  0.6387900924682617 reward_loss:  -31.939504623413086
epoch:  21 batch:  30 region_loss:  10.0 10.0 loc_loss:  0.6746149444580078 reward_loss:  -33.73074722290039
epoch:  21 batch:  40 region_loss:  10.0 10.0 loc_loss:  0.8018698120117187 reward_loss:  -40.09349060058594
epoch:  21 batch:  50 region_loss:  10.0 10.0 loc_loss:  0.670350341796875 reward_loss:  -33.517513275146484
epoch:  21 batch:  60 region_loss:  10.0 10.0 loc_loss:  0.7153569030761718 reward_loss:  -35.767845153808594
epoch:  21 batch:  70 region_loss:  10.0 10.0 loc_loss:  0.6734239959716797 reward_loss:  -33.671199798583984
epoch:  21 batch:  80 region_loss:  10.0 10.0 loc_loss:  0.7683033752441406 reward_loss:  -38.41516876220703
epoch:  21 batch:  90 region_loss:  6.0 6.0 loc_loss:  0.45919395446777345 reward_loss:  -22.959697723388672
epoch:  21 batch:  100 region_loss:  8.0 8.0 loc_loss:  0.5440619277954102 reward_loss:  -27.203094482421875
epoch:  21 batch:  110 region_loss:  4.0 4.0 loc_loss:  0.3145042610168457 reward_loss:  -15.725210189819336
epoch:  21 batch:  120 region_loss:  5.0 5.0 loc_loss:  0.34842254638671877 reward_loss:  -17.42115020751953
epoch:  21 batch:  130 region_loss:  7.0 7.0 loc_loss:  0.531135482788086 reward_loss:  -26.556774139404297
acc@1:  0.13828786453433678
epoch: 21 region loss 0.17051094890510948 loc loss 0.5927977539675079 reward loss -29.639890977065928
epoch:  22 batch:  0 region_loss:  10.0 10.0 loc_loss:  0.6495394134521484 reward_loss:  -32.476966857910156
epoch:  22 batch:  10 region_loss:  10.0 10.0 loc_loss:  0.6969014739990235 reward_loss:  -34.84507369995117
epoch:  22 batch:  20 region_loss:  10.0 10.0 loc_loss:  0.6131640625 reward_loss:  -30.658203125
epoch:  22 batch:  30 region_loss:  10.0 10.0 loc_loss:  0.6426567840576172 reward_loss:  -32.132835388183594
epoch:  22 batch:  40 region_loss:  10.0 10.0 loc_loss:  0.7728535461425782 reward_loss:  -38.642677307128906
epoch:  22 batch:  50 region_loss:  10.0 10.0 loc_loss:  0.6411520385742188 reward_loss:  -32.05760192871094
epoch:  22 batch:  60 region_loss:  10.0 10.0 loc_loss:  0.6811884307861328 reward_loss:  -34.059417724609375
epoch:  22 batch:  70 region_loss:  10.0 10.0 loc_loss:  0.6443299102783203 reward_loss:  -32.21649169921875
epoch:  22 batch:  80 region_loss:  10.0 10.0 loc_loss:  0.7352580261230469 reward_loss:  -36.762901306152344
epoch:  22 batch:  90 region_loss:  6.0 6.0 loc_loss:  0.4387373352050781 reward_loss:  -21.936866760253906
epoch:  22 batch:  100 region_loss:  8.0 8.0 loc_loss:  0.5199198150634765 reward_loss:  -25.995988845825195
epoch:  22 batch:  110 region_loss:  4.0 4.0 loc_loss:  0.2986400032043457 reward_loss:  -14.93200969696045
epoch:  22 batch:  120 region_loss:  5.0 5.0 loc_loss:  0.3307656478881836 reward_loss:  -16.538299560546875
epoch:  22 batch:  130 region_loss:  7.0 7.0 loc_loss:  0.5072281646728516 reward_loss:  -25.361404418945312
acc@1:  0.1349952963311383
epoch: 22 region loss 0.17051094890510948 loc loss 0.5672660313905591 reward loss -28.363301548644575
epoch:  23 batch:  0 region_loss:  10.0 10.0 loc_loss:  0.6193231964111328 reward_loss:  -30.966157913208008
epoch:  23 batch:  10 region_loss:  10.0 10.0 loc_loss:  0.667393798828125 reward_loss:  -33.36968994140625
epoch:  23 batch:  20 region_loss:  10.0 10.0 loc_loss:  0.5890578079223633 reward_loss:  -29.452890396118164
epoch:  23 batch:  30 region_loss:  10.0 10.0 loc_loss:  0.6126678848266601 reward_loss:  -30.63339614868164
epoch:  23 batch:  40 region_loss:  10.0 10.0 loc_loss:  0.744780044555664 reward_loss:  -37.2390022277832
epoch:  23 batch:  50 region_loss:  10.0 10.0 loc_loss:  0.6136719512939454 reward_loss:  -30.683597564697266
epoch:  23 batch:  60 region_loss:  10.0 10.0 loc_loss:  0.648897705078125 reward_loss:  -32.444881439208984
epoch:  23 batch:  70 region_loss:  10.0 10.0 loc_loss:  0.6166575622558593 reward_loss:  -30.83287811279297
epoch:  23 batch:  80 region_loss:  10.0 10.0 loc_loss:  0.7033531188964843 reward_loss:  -35.16765213012695
epoch:  23 batch:  90 region_loss:  6.0 6.0 loc_loss:  0.4190277099609375 reward_loss:  -20.951383590698242
epoch:  23 batch:  100 region_loss:  8.0 8.0 loc_loss:  0.49676860809326173 reward_loss:  -24.838428497314453
epoch:  23 batch:  110 region_loss:  4.0 4.0 loc_loss:  0.28344579696655275 reward_loss:  -14.172284126281738
epoch:  23 batch:  120 region_loss:  5.0 5.0 loc_loss:  0.31405555725097656 reward_loss:  -15.7028226852417
epoch:  23 batch:  130 region_loss:  7.0 7.0 loc_loss:  0.4841583633422852 reward_loss:  -24.207918167114258
acc@1:  0.1317027281279398
epoch: 23 region loss 0.17051094890510948 loc loss 0.5430063849818098 reward loss -27.150319075062328
epoch:  24 batch:  0 region_loss:  10.0 10.0 loc_loss:  0.5906120300292969 reward_loss:  -29.530603408813477
epoch:  24 batch:  10 region_loss:  10.0 10.0 loc_loss:  0.6392497253417969 reward_loss:  -31.96248435974121
epoch:  24 batch:  20 region_loss:  10.0 10.0 loc_loss:  0.5662055969238281 reward_loss:  -28.310277938842773
epoch:  24 batch:  30 region_loss:  10.0 10.0 loc_loss:  0.5844922256469727 reward_loss:  -29.224607467651367
epoch:  24 batch:  40 region_loss:  10.0 10.0 loc_loss:  0.7177579498291016 reward_loss:  -35.88789749145508
epoch:  24 batch:  50 region_loss:  10.0 10.0 loc_loss:  0.5877610778808594 reward_loss:  -29.388050079345703
epoch:  24 batch:  60 region_loss:  10.0 10.0 loc_loss:  0.6182431030273438 reward_loss:  -30.912155151367188
epoch:  24 batch:  70 region_loss:  10.0 10.0 loc_loss:  0.5902928924560547 reward_loss:  -29.514644622802734
epoch:  24 batch:  80 region_loss:  10.0 10.0 loc_loss:  0.6726398468017578 reward_loss:  -33.631988525390625
epoch:  24 batch:  90 region_loss:  6.0 6.0 loc_loss:  0.39999515533447266 reward_loss:  -19.999757766723633
epoch:  24 batch:  100 region_loss:  8.0 8.0 loc_loss:  0.47456897735595704 reward_loss:  -23.72844886779785
epoch:  24 batch:  110 region_loss:  4.0 4.0 loc_loss:  0.26904781341552736 reward_loss:  -13.452386856079102
epoch:  24 batch:  120 region_loss:  5.0 5.0 loc_loss:  0.2981391334533691 reward_loss:  -14.90698528289795
epoch:  24 batch:  130 region_loss:  7.0 7.0 loc_loss:  0.46186912536621094 reward_loss:  -23.093454360961914
acc@1:  0.1317027281279398
epoch: 24 region loss 0.17051094890510948 loc loss 0.519863409404337 reward loss -25.99317014652447
epoch:  25 batch:  0 region_loss:  10.0 10.0 loc_loss:  0.5630786514282227 reward_loss:  -28.153932571411133
epoch:  25 batch:  10 region_loss:  10.0 10.0 loc_loss:  0.6124320602416993 reward_loss:  -30.6215763092041
epoch:  25 batch:  20 region_loss:  10.0 10.0 loc_loss:  0.5444934844970704 reward_loss:  -27.224674224853516
epoch:  25 batch:  30 region_loss:  10.0 10.0 loc_loss:  0.557750473022461 reward_loss:  -27.887527465820312
epoch:  25 batch:  40 region_loss:  10.0 10.0 loc_loss:  0.6914347076416015 reward_loss:  -34.57173538208008
epoch:  25 batch:  50 region_loss:  10.0 10.0 loc_loss:  0.5630902099609375 reward_loss:  -28.154510498046875
epoch:  25 batch:  60 region_loss:  10.0 10.0 loc_loss:  0.5892379379272461 reward_loss:  -29.461896896362305
epoch:  25 batch:  70 region_loss:  10.0 10.0 loc_loss:  0.5652499389648438 reward_loss:  -28.262496948242188
epoch:  25 batch:  80 region_loss:  10.0 10.0 loc_loss:  0.6428751373291015 reward_loss:  -32.14375686645508
epoch:  25 batch:  90 region_loss:  6.0 6.0 loc_loss:  0.3817166900634766 reward_loss:  -19.08583641052246
epoch:  25 batch:  100 region_loss:  8.0 8.0 loc_loss:  0.45329261779785157 reward_loss:  -22.664630889892578
epoch:  25 batch:  110 region_loss:  4.0 4.0 loc_loss:  0.2551979827880859 reward_loss:  -12.759899139404297
epoch:  25 batch:  120 region_loss:  5.0 5.0 loc_loss:  0.28307533264160156 reward_loss:  -14.15378189086914
epoch:  25 batch:  130 region_loss:  7.0 7.0 loc_loss:  0.4403902816772461 reward_loss:  -22.019514083862305
acc@1:  0.13029162746942616
epoch: 25 region loss 0.17051094890510948 loc loss 0.4977018155842802 reward loss -24.885090100504186
epoch:  26 batch:  0 region_loss:  10.0 10.0 loc_loss:  0.536838264465332 reward_loss:  -26.8419132232666
epoch:  26 batch:  10 region_loss:  10.0 10.0 loc_loss:  0.5867356109619141 reward_loss:  -29.336780548095703
epoch:  26 batch:  20 region_loss:  10.0 10.0 loc_loss:  0.5237092971801758 reward_loss:  -26.185466766357422
epoch:  26 batch:  30 region_loss:  10.0 10.0 loc_loss:  0.5323798751831055 reward_loss:  -26.618995666503906
epoch:  26 batch:  40 region_loss:  10.0 10.0 loc_loss:  0.6658413696289063 reward_loss:  -33.29206848144531
epoch:  26 batch:  50 region_loss:  10.0 10.0 loc_loss:  0.5395088958740234 reward_loss:  -26.975444793701172
epoch:  26 batch:  60 region_loss:  10.0 10.0 loc_loss:  0.5616019821166992 reward_loss:  -28.080097198486328
epoch:  26 batch:  70 region_loss:  10.0 10.0 loc_loss:  0.5412559509277344 reward_loss:  -27.062795639038086
epoch:  26 batch:  80 region_loss:  10.0 10.0 loc_loss:  0.6139630126953125 reward_loss:  -30.69814682006836
epoch:  26 batch:  90 region_loss:  6.0 6.0 loc_loss:  0.36397159576416016 reward_loss:  -18.198577880859375
epoch:  26 batch:  100 region_loss:  8.0 8.0 loc_loss:  0.43286800384521484 reward_loss:  -21.64339828491211
epoch:  26 batch:  110 region_loss:  4.0 4.0 loc_loss:  0.24203401565551758 reward_loss:  -12.101701736450195
epoch:  26 batch:  120 region_loss:  5.0 5.0 loc_loss:  0.2686456298828125 reward_loss:  -13.432271003723145
epoch:  26 batch:  130 region_loss:  7.0 7.0 loc_loss:  0.4195426940917969 reward_loss:  -20.977134704589844
acc@1:  0.12935089369708372
epoch: 26 region loss 0.17051094890510948 loc loss 0.4763995571554142 reward loss -23.819977130333
epoch:  27 batch:  0 region_loss:  10.0 10.0 loc_loss:  0.5115311813354492 reward_loss:  -25.576557159423828
epoch:  27 batch:  10 region_loss:  10.0 10.0 loc_loss:  0.5619581985473633 reward_loss:  -28.097909927368164
epoch:  27 batch:  20 region_loss:  10.0 10.0 loc_loss:  0.5037364196777344 reward_loss:  -25.18682289123535
epoch:  27 batch:  30 region_loss:  10.0 10.0 loc_loss:  0.5082798767089843 reward_loss:  -25.413991928100586
epoch:  27 batch:  40 region_loss:  10.0 10.0 loc_loss:  0.6408352661132812 reward_loss:  -32.0417594909668
epoch:  27 batch:  50 region_loss:  10.0 10.0 loc_loss:  0.5167967224121094 reward_loss:  -25.83983612060547
epoch:  27 batch:  60 region_loss:  10.0 10.0 loc_loss:  0.5351445770263672 reward_loss:  -26.757226943969727
epoch:  27 batch:  70 region_loss:  10.0 10.0 loc_loss:  0.518098373413086 reward_loss:  -25.904918670654297
epoch:  27 batch:  80 region_loss:  10.0 10.0 loc_loss:  0.5860110092163086 reward_loss:  -29.30055046081543
epoch:  27 batch:  90 region_loss:  6.0 6.0 loc_loss:  0.34676280975341794 reward_loss:  -17.338138580322266
epoch:  27 batch:  100 region_loss:  8.0 8.0 loc_loss:  0.4130474853515625 reward_loss:  -20.652374267578125
epoch:  27 batch:  110 region_loss:  4.0 4.0 loc_loss:  0.2293924331665039 reward_loss:  -11.469620704650879
epoch:  27 batch:  120 region_loss:  5.0 5.0 loc_loss:  0.2548395347595215 reward_loss:  -12.741979598999023
epoch:  27 batch:  130 region_loss:  7.0 7.0 loc_loss:  0.39940921783447264 reward_loss:  -19.970460891723633
acc@1:  0.1279397930385701
epoch: 27 region loss 0.17051094890510948 loc loss 0.45587546675744717 reward loss -22.793773313508417
epoch:  28 batch:  0 region_loss:  10.0 10.0 loc_loss:  0.4872598648071289 reward_loss:  -24.362991333007812
epoch:  28 batch:  10 region_loss:  10.0 10.0 loc_loss:  0.5381106567382813 reward_loss:  -26.905529022216797
epoch:  28 batch:  20 region_loss:  10.0 10.0 loc_loss:  0.48454765319824217 reward_loss:  -24.227386474609375
epoch:  28 batch:  30 region_loss:  10.0 10.0 loc_loss:  0.48522579193115234 reward_loss:  -24.261289596557617
epoch:  28 batch:  40 region_loss:  10.0 10.0 loc_loss:  0.6164250183105469 reward_loss:  -30.82125473022461
epoch:  28 batch:  50 region_loss:  10.0 10.0 loc_loss:  0.494884147644043 reward_loss:  -24.74420738220215
epoch:  28 batch:  60 region_loss:  10.0 10.0 loc_loss:  0.5097267150878906 reward_loss:  -25.486339569091797
epoch:  28 batch:  70 region_loss:  10.0 10.0 loc_loss:  0.49591262817382814 reward_loss:  -24.795631408691406
epoch:  28 batch:  80 region_loss:  10.0 10.0 loc_loss:  0.5587039184570313 reward_loss:  -27.935195922851562
epoch:  28 batch:  90 region_loss:  6.0 6.0 loc_loss:  0.3301232147216797 reward_loss:  -16.50615882873535
epoch:  28 batch:  100 region_loss:  8.0 8.0 loc_loss:  0.3939379119873047 reward_loss:  -19.696895599365234
epoch:  28 batch:  110 region_loss:  4.0 4.0 loc_loss:  0.217259521484375 reward_loss:  -10.862974166870117
epoch:  28 batch:  120 region_loss:  5.0 5.0 loc_loss:  0.24168779373168944 reward_loss:  -12.084395408630371
epoch:  28 batch:  130 region_loss:  7.0 7.0 loc_loss:  0.3799766540527344 reward_loss:  -18.998828887939453
acc@1:  0.12558795860771402
epoch: 28 region loss 0.17051094890510948 loc loss 0.43604187707831393 reward loss -21.802091821266785
epoch:  29 batch:  0 region_loss:  10.0 10.0 loc_loss:  0.46379981994628905 reward_loss:  -23.189990997314453
epoch:  29 batch:  10 region_loss:  10.0 10.0 loc_loss:  0.5150750732421875 reward_loss:  -25.753753662109375
epoch:  29 batch:  20 region_loss:  10.0 10.0 loc_loss:  0.4659796905517578 reward_loss:  -23.29898452758789
epoch:  29 batch:  30 region_loss:  10.0 10.0 loc_loss:  0.4630617141723633 reward_loss:  -23.153085708618164
epoch:  29 batch:  40 region_loss:  10.0 10.0 loc_loss:  0.5925017929077149 reward_loss:  -29.625089645385742
epoch:  29 batch:  50 region_loss:  10.0 10.0 loc_loss:  0.47364913940429687 reward_loss:  -23.682458877563477
epoch:  29 batch:  60 region_loss:  10.0 10.0 loc_loss:  0.4853696060180664 reward_loss:  -24.268482208251953
epoch:  29 batch:  70 region_loss:  10.0 10.0 loc_loss:  0.4744355010986328 reward_loss:  -23.72177505493164
epoch:  29 batch:  80 region_loss:  10.0 10.0 loc_loss:  0.5321649169921875 reward_loss:  -26.608245849609375
epoch:  29 batch:  90 region_loss:  6.0 6.0 loc_loss:  0.3139768409729004 reward_loss:  -15.698841094970703
epoch:  29 batch:  100 region_loss:  8.0 8.0 loc_loss:  0.3754418182373047 reward_loss:  -18.772090911865234
epoch:  29 batch:  110 region_loss:  4.0 4.0 loc_loss:  0.20563074111938476 reward_loss:  -10.281538009643555
epoch:  29 batch:  120 region_loss:  5.0 5.0 loc_loss:  0.22904815673828124 reward_loss:  -11.452425003051758
epoch:  29 batch:  130 region_loss:  7.0 7.0 loc_loss:  0.361033935546875 reward_loss:  -18.05169677734375
acc@1:  0.12417685794920037
epoch: 29 region loss 0.17051094890510948 loc loss 0.4168454412126193 reward loss -20.84227305781232
epoch:  30 batch:  0 region_loss:  10.0 10.0 loc_loss:  0.44135570526123047 reward_loss:  -22.06778335571289
epoch:  30 batch:  10 region_loss:  10.0 10.0 loc_loss:  0.49266979217529294 reward_loss:  -24.63349151611328
epoch:  30 batch:  20 region_loss:  10.0 10.0 loc_loss:  0.44789680480957034 reward_loss:  -22.394840240478516
epoch:  30 batch:  30 region_loss:  10.0 10.0 loc_loss:  0.4418071365356445 reward_loss:  -22.09035873413086
epoch:  30 batch:  40 region_loss:  10.0 10.0 loc_loss:  0.5690007019042969 reward_loss:  -28.450037002563477
epoch:  30 batch:  50 region_loss:  10.0 10.0 loc_loss:  0.45304203033447266 reward_loss:  -22.652099609375
epoch:  30 batch:  60 region_loss:  10.0 10.0 loc_loss:  0.46179641723632814 reward_loss:  -23.089820861816406
epoch:  30 batch:  70 region_loss:  10.0 10.0 loc_loss:  0.4536576843261719 reward_loss:  -22.682884216308594
epoch:  30 batch:  80 region_loss:  10.0 10.0 loc_loss:  0.5064851379394532 reward_loss:  -25.324256896972656
epoch:  30 batch:  90 region_loss:  6.0 6.0 loc_loss:  0.29825021743774416 reward_loss:  -14.912510871887207
epoch:  30 batch:  100 region_loss:  8.0 8.0 loc_loss:  0.35753673553466797 reward_loss:  -17.876834869384766
epoch:  30 batch:  110 region_loss:  4.0 4.0 loc_loss:  0.19442432403564452 reward_loss:  -9.721216201782227
epoch:  30 batch:  120 region_loss:  5.0 5.0 loc_loss:  0.21693962097167968 reward_loss:  -10.84698486328125
epoch:  30 batch:  130 region_loss:  7.0 7.0 loc_loss:  0.34272472381591795 reward_loss:  -17.1362361907959
acc@1:  0.12464722483537159
epoch: 30 region loss 0.17051094890510948 loc loss 0.39824992430471157 reward loss -19.912495863698695
epoch:  31 batch:  0 region_loss:  10.0 10.0 loc_loss:  0.4195754241943359 reward_loss:  -20.978771209716797
epoch:  31 batch:  10 region_loss:  10.0 10.0 loc_loss:  0.4710358428955078 reward_loss:  -23.551794052124023
epoch:  31 batch:  20 region_loss:  10.0 10.0 loc_loss:  0.43044052124023435 reward_loss:  -21.522022247314453
epoch:  31 batch:  30 region_loss:  10.0 10.0 loc_loss:  0.4212375259399414 reward_loss:  -21.06187629699707
epoch:  31 batch:  40 region_loss:  10.0 10.0 loc_loss:  0.5459999084472656 reward_loss:  -27.29999351501465
epoch:  31 batch:  50 region_loss:  10.0 10.0 loc_loss:  0.4330425262451172 reward_loss:  -21.65212631225586
epoch:  31 batch:  60 region_loss:  10.0 10.0 loc_loss:  0.4391265869140625 reward_loss:  -21.956327438354492
epoch:  31 batch:  70 region_loss:  10.0 10.0 loc_loss:  0.43348663330078124 reward_loss:  -21.674331665039062
epoch:  31 batch:  80 region_loss:  10.0 10.0 loc_loss:  0.4812416839599609 reward_loss:  -24.062082290649414
epoch:  31 batch:  90 region_loss:  6.0 6.0 loc_loss:  0.2829800796508789 reward_loss:  -14.149004936218262
epoch:  31 batch:  100 region_loss:  8.0 8.0 loc_loss:  0.34023834228515626 reward_loss:  -17.011919021606445
epoch:  31 batch:  110 region_loss:  4.0 4.0 loc_loss:  0.18367265701293944 reward_loss:  -9.183632850646973
epoch:  31 batch:  120 region_loss:  5.0 5.0 loc_loss:  0.2052408790588379 reward_loss:  -10.262038230895996
epoch:  31 batch:  130 region_loss:  7.0 7.0 loc_loss:  0.3249440383911133 reward_loss:  -16.247203826904297
acc@1:  0.1218250235183443
epoch: 31 region loss 0.17051094890510948 loc loss 0.3802545021920309 reward loss -19.0127233640991
epoch:  32 batch:  0 region_loss:  10.0 10.0 loc_loss:  0.39861354827880857 reward_loss:  -19.930675506591797
epoch:  32 batch:  10 region_loss:  10.0 10.0 loc_loss:  0.44988040924072265 reward_loss:  -22.4940185546875
epoch:  32 batch:  20 region_loss:  10.0 10.0 loc_loss:  0.41336631774902344 reward_loss:  -20.668315887451172
epoch:  32 batch:  30 region_loss:  10.0 10.0 loc_loss:  0.40128173828125 reward_loss:  -20.064085006713867
epoch:  32 batch:  40 region_loss:  10.0 10.0 loc_loss:  0.5234414291381836 reward_loss:  -26.172069549560547
epoch:  32 batch:  50 region_loss:  10.0 10.0 loc_loss:  0.41359107971191406 reward_loss:  -20.679553985595703
epoch:  32 batch:  60 region_loss:  10.0 10.0 loc_loss:  0.4172228240966797 reward_loss:  -20.861141204833984
epoch:  32 batch:  70 region_loss:  10.0 10.0 loc_loss:  0.4139502716064453 reward_loss:  -20.697513580322266
epoch:  32 batch:  80 region_loss:  10.0 10.0 loc_loss:  0.4569853210449219 reward_loss:  -22.849266052246094
epoch:  32 batch:  90 region_loss:  6.0 6.0 loc_loss:  0.2680287551879883 reward_loss:  -13.401437759399414
epoch:  32 batch:  100 region_loss:  8.0 8.0 loc_loss:  0.3234083938598633 reward_loss:  -16.170419692993164
epoch:  32 batch:  110 region_loss:  4.0 4.0 loc_loss:  0.17328683853149415 reward_loss:  -8.664341926574707
epoch:  32 batch:  120 region_loss:  5.0 5.0 loc_loss:  0.19411811828613282 reward_loss:  -9.705903053283691
epoch:  32 batch:  130 region_loss:  7.0 7.0 loc_loss:  0.3077591133117676 reward_loss:  -15.387956619262695
acc@1:  0.11947318908748825
epoch: 32 region loss 0.17051094890510948 loc loss 0.36272505767153995 reward loss -18.136252636457012
epoch:  33 batch:  0 region_loss:  10.0 10.0 loc_loss:  0.37835231781005857 reward_loss:  -18.91761589050293
epoch:  33 batch:  10 region_loss:  10.0 10.0 loc_loss:  0.4292767333984375 reward_loss:  -21.463836669921875
epoch:  33 batch:  20 region_loss:  10.0 10.0 loc_loss:  0.39685466766357425 reward_loss:  -19.842735290527344
epoch:  33 batch:  30 region_loss:  10.0 10.0 loc_loss:  0.3820753479003906 reward_loss:  -19.10376739501953
epoch:  33 batch:  40 region_loss:  10.0 10.0 loc_loss:  0.5013481903076172 reward_loss:  -25.067405700683594
epoch:  33 batch:  50 region_loss:  10.0 10.0 loc_loss:  0.3945962142944336 reward_loss:  -19.72981071472168
epoch:  33 batch:  60 region_loss:  10.0 10.0 loc_loss:  0.3960454177856445 reward_loss:  -19.802270889282227
epoch:  33 batch:  70 region_loss:  10.0 10.0 loc_loss:  0.3950492858886719 reward_loss:  -19.752466201782227
epoch:  33 batch:  80 region_loss:  10.0 10.0 loc_loss:  0.4330354309082031 reward_loss:  -21.651771545410156
epoch:  33 batch:  90 region_loss:  6.0 6.0 loc_loss:  0.2536673736572266 reward_loss:  -12.683368682861328
epoch:  33 batch:  100 region_loss:  8.0 8.0 loc_loss:  0.30716773986816404 reward_loss:  -15.358386993408203
epoch:  33 batch:  110 region_loss:  4.0 4.0 loc_loss:  0.16331279754638672 reward_loss:  -8.165639877319336
epoch:  33 batch:  120 region_loss:  5.0 5.0 loc_loss:  0.18328014373779297 reward_loss:  -9.164003372192383
epoch:  33 batch:  130 region_loss:  7.0 7.0 loc_loss:  0.2910224151611328 reward_loss:  -14.551119804382324
acc@1:  0.11900282220131703
epoch: 33 region loss 0.17051094890510948 loc loss 0.34570947500911076 reward loss -17.28547364429836
epoch:  34 batch:  0 region_loss:  10.0 10.0 loc_loss:  0.35888019561767576 reward_loss:  -17.944007873535156
epoch:  34 batch:  10 region_loss:  10.0 10.0 loc_loss:  0.4093067169189453 reward_loss:  -20.4653377532959
epoch:  34 batch:  20 region_loss:  10.0 10.0 loc_loss:  0.3806076812744141 reward_loss:  -19.030385971069336
epoch:  34 batch:  30 region_loss:  10.0 10.0 loc_loss:  0.363441162109375 reward_loss:  -18.17205810546875
epoch:  34 batch:  40 region_loss:  10.0 10.0 loc_loss:  0.4796286392211914 reward_loss:  -23.98143196105957
epoch:  34 batch:  50 region_loss:  10.0 10.0 loc_loss:  0.37607250213623045 reward_loss:  -18.80362319946289
epoch:  34 batch:  60 region_loss:  10.0 10.0 loc_loss:  0.3756467056274414 reward_loss:  -18.782333374023438
epoch:  34 batch:  70 region_loss:  10.0 10.0 loc_loss:  0.3765998840332031 reward_loss:  -18.829994201660156
epoch:  34 batch:  80 region_loss:  10.0 10.0 loc_loss:  0.4101050186157227 reward_loss:  -20.505250930786133
epoch:  34 batch:  90 region_loss:  6.0 6.0 loc_loss:  0.23965354919433593 reward_loss:  -11.982678413391113
epoch:  34 batch:  100 region_loss:  8.0 8.0 loc_loss:  0.2914422607421875 reward_loss:  -14.572113037109375
epoch:  34 batch:  110 region_loss:  4.0 4.0 loc_loss:  0.15371379852294922 reward_loss:  -7.6856913566589355
epoch:  34 batch:  120 region_loss:  5.0 5.0 loc_loss:  0.17306331634521485 reward_loss:  -8.653172492980957
epoch:  34 batch:  130 region_loss:  7.0 7.0 loc_loss:  0.27492177963256836 reward_loss:  -13.746088981628418
acc@1:  0.11947318908748825
epoch: 34 region loss 0.17051094890510948 loc loss 0.3291790549424443 reward loss -16.458952842837704
epoch:  35 batch:  0 region_loss:  10.0 10.0 loc_loss:  0.3399085998535156 reward_loss:  -16.99542999267578
epoch:  35 batch:  10 region_loss:  10.0 10.0 loc_loss:  0.38972728729248046 reward_loss:  -19.48636245727539
epoch:  35 batch:  20 region_loss:  10.0 10.0 loc_loss:  0.36496898651123044 reward_loss:  -18.248449325561523
epoch:  35 batch:  30 region_loss:  10.0 10.0 loc_loss:  0.345427360534668 reward_loss:  -17.2713680267334
epoch:  35 batch:  40 region_loss:  10.0 10.0 loc_loss:  0.4584194183349609 reward_loss:  -22.920969009399414
epoch:  35 batch:  50 region_loss:  10.0 10.0 loc_loss:  0.3580703353881836 reward_loss:  -17.903518676757812
epoch:  35 batch:  60 region_loss:  10.0 10.0 loc_loss:  0.35587570190429685 reward_loss:  -17.793787002563477
epoch:  35 batch:  70 region_loss:  10.0 10.0 loc_loss:  0.3588028335571289 reward_loss:  -17.940141677856445
epoch:  35 batch:  80 region_loss:  10.0 10.0 loc_loss:  0.3875866317749023 reward_loss:  -19.379331588745117
epoch:  35 batch:  90 region_loss:  6.0 6.0 loc_loss:  0.22624675750732423 reward_loss:  -11.312337875366211
epoch:  35 batch:  100 region_loss:  8.0 8.0 loc_loss:  0.2761957931518555 reward_loss:  -13.80979061126709
epoch:  35 batch:  110 region_loss:  4.0 4.0 loc_loss:  0.14457497596740723 reward_loss:  -7.2287492752075195
epoch:  35 batch:  120 region_loss:  5.0 5.0 loc_loss:  0.16302562713623048 reward_loss:  -8.151278495788574
epoch:  35 batch:  130 region_loss:  7.0 7.0 loc_loss:  0.25939809799194335 reward_loss:  -12.969905853271484
acc@1:  0.11947318908748825
epoch: 35 region loss 0.17051094890510948 loc loss 0.31316031793608284 reward loss -15.658015846335974
epoch:  36 batch:  0 region_loss:  10.0 10.0 loc_loss:  0.32170040130615235 reward_loss:  -16.085020065307617
epoch:  36 batch:  10 region_loss:  10.0 10.0 loc_loss:  0.37084293365478516 reward_loss:  -18.542146682739258
epoch:  36 batch:  20 region_loss:  10.0 10.0 loc_loss:  0.34960338592529294 reward_loss:  -17.48016929626465
epoch:  36 batch:  30 region_loss:  10.0 10.0 loc_loss:  0.32778141021728513 reward_loss:  -16.389070510864258
epoch:  36 batch:  40 region_loss:  10.0 10.0 loc_loss:  0.4375508499145508 reward_loss:  -21.877540588378906
epoch:  36 batch:  50 region_loss:  10.0 10.0 loc_loss:  0.34064407348632814 reward_loss:  -17.032203674316406
epoch:  36 batch:  60 region_loss:  10.0 10.0 loc_loss:  0.3368445587158203 reward_loss:  -16.842227935791016
epoch:  36 batch:  70 region_loss:  10.0 10.0 loc_loss:  0.3412953948974609 reward_loss:  -17.064769744873047
epoch:  36 batch:  80 region_loss:  10.0 10.0 loc_loss:  0.36596729278564455 reward_loss:  -18.298364639282227
epoch:  36 batch:  90 region_loss:  6.0 6.0 loc_loss:  0.21306442260742187 reward_loss:  -10.653216361999512
epoch:  36 batch:  100 region_loss:  8.0 8.0 loc_loss:  0.26155805587768555 reward_loss:  -13.077902793884277
epoch:  36 batch:  110 region_loss:  4.0 4.0 loc_loss:  0.13574626922607422 reward_loss:  -6.787313461303711
epoch:  36 batch:  120 region_loss:  5.0 5.0 loc_loss:  0.15363718032836915 reward_loss:  -7.681851863861084
epoch:  36 batch:  130 region_loss:  7.0 7.0 loc_loss:  0.24444475173950195 reward_loss:  -12.222236633300781
acc@1:  0.11900282220131703
epoch: 36 region loss 0.17051094890510948 loc loss 0.2976378067218474 reward loss -14.881890207311534
epoch:  37 batch:  0 region_loss:  10.0 10.0 loc_loss:  0.30421247482299807 reward_loss:  -15.210623741149902
epoch:  37 batch:  10 region_loss:  10.0 10.0 loc_loss:  0.35235061645507815 reward_loss:  -17.617530822753906
epoch:  37 batch:  20 region_loss:  10.0 10.0 loc_loss:  0.3348247528076172 reward_loss:  -16.74123764038086
epoch:  37 batch:  30 region_loss:  10.0 10.0 loc_loss:  0.3110242462158203 reward_loss:  -15.551212310791016
epoch:  37 batch:  40 region_loss:  10.0 10.0 loc_loss:  0.4172834396362305 reward_loss:  -20.864171981811523
epoch:  37 batch:  50 region_loss:  10.0 10.0 loc_loss:  0.32368309020996094 reward_loss:  -16.184154510498047
epoch:  37 batch:  60 region_loss:  10.0 10.0 loc_loss:  0.3184555244445801 reward_loss:  -15.922776222229004
epoch:  37 batch:  70 region_loss:  10.0 10.0 loc_loss:  0.32468036651611326 reward_loss:  -16.234018325805664
epoch:  37 batch:  80 region_loss:  10.0 10.0 loc_loss:  0.34482105255126955 reward_loss:  -17.241052627563477
epoch:  37 batch:  90 region_loss:  6.0 6.0 loc_loss:  0.20053924560546876 reward_loss:  -10.026962280273438
epoch:  37 batch:  100 region_loss:  8.0 8.0 loc_loss:  0.24737586975097656 reward_loss:  -12.368793487548828
epoch:  37 batch:  110 region_loss:  4.0 4.0 loc_loss:  0.127304048538208 reward_loss:  -6.365202903747559
epoch:  37 batch:  120 region_loss:  5.0 5.0 loc_loss:  0.14434160232543947 reward_loss:  -7.2170729637146
epoch:  37 batch:  130 region_loss:  7.0 7.0 loc_loss:  0.23009937286376952 reward_loss:  -11.504968643188477
acc@1:  0.12041392285983067
epoch: 37 region loss 0.17051094890510948 loc loss 0.28264861101651717 reward loss -14.132430687437962
epoch:  38 batch:  0 region_loss:  10.0 10.0 loc_loss:  0.2875790977478027 reward_loss:  -14.378954887390137
epoch:  38 batch:  10 region_loss:  10.0 10.0 loc_loss:  0.33460025787353515 reward_loss:  -16.730012893676758
epoch:  38 batch:  20 region_loss:  10.0 10.0 loc_loss:  0.32022502899169925 reward_loss:  -16.011253356933594
epoch:  38 batch:  30 region_loss:  10.0 10.0 loc_loss:  0.294371280670166 reward_loss:  -14.718564987182617
epoch:  38 batch:  40 region_loss:  10.0 10.0 loc_loss:  0.3971842193603516 reward_loss:  -19.859210968017578
epoch:  38 batch:  50 region_loss:  10.0 10.0 loc_loss:  0.3072929382324219 reward_loss:  -15.36464786529541
epoch:  38 batch:  60 region_loss:  10.0 10.0 loc_loss:  0.3008212661743164 reward_loss:  -15.041062355041504
epoch:  38 batch:  70 region_loss:  10.0 10.0 loc_loss:  0.3082233238220215 reward_loss:  -15.41116714477539
epoch:  38 batch:  80 region_loss:  10.0 10.0 loc_loss:  0.32475688934326175 reward_loss:  -16.237844467163086
epoch:  38 batch:  90 region_loss:  6.0 6.0 loc_loss:  0.18836814880371094 reward_loss:  -9.418407440185547
epoch:  38 batch:  100 region_loss:  8.0 8.0 loc_loss:  0.23383960723876954 reward_loss:  -11.691980361938477
epoch:  38 batch:  110 region_loss:  4.0 4.0 loc_loss:  0.11926994323730469 reward_loss:  -5.963497161865234
epoch:  38 batch:  120 region_loss:  5.0 5.0 loc_loss:  0.13568384170532227 reward_loss:  -6.784177780151367
epoch:  38 batch:  130 region_loss:  7.0 7.0 loc_loss:  0.2163108444213867 reward_loss:  -10.81554126739502
acc@1:  0.1180620884289746
epoch: 38 region loss 0.17051094890510948 loc loss 0.2681946986087047 reward loss -13.409734830369045
epoch:  39 batch:  0 region_loss:  10.0 10.0 loc_loss:  0.27186271667480466 reward_loss:  -13.593135833740234
epoch:  39 batch:  10 region_loss:  10.0 10.0 loc_loss:  0.31707460403442383 reward_loss:  -15.853730201721191
epoch:  39 batch:  20 region_loss:  10.0 10.0 loc_loss:  0.30634519577026365 reward_loss:  -15.3172607421875
epoch:  39 batch:  30 region_loss:  10.0 10.0 loc_loss:  0.27879356384277343 reward_loss:  -13.939678192138672
epoch:  39 batch:  40 region_loss:  10.0 10.0 loc_loss:  0.3780875015258789 reward_loss:  -18.904375076293945
epoch:  39 batch:  50 region_loss:  10.0 10.0 loc_loss:  0.2915869903564453 reward_loss:  -14.579349517822266
epoch:  39 batch:  60 region_loss:  10.0 10.0 loc_loss:  0.2837141227722168 reward_loss:  -14.185707092285156
epoch:  39 batch:  70 region_loss:  10.0 10.0 loc_loss:  0.29273698806762694 reward_loss:  -14.63685131072998
epoch:  39 batch:  80 region_loss:  10.0 10.0 loc_loss:  0.30513647079467776 reward_loss:  -15.256821632385254
epoch:  39 batch:  90 region_loss:  6.0 6.0 loc_loss:  0.17692453384399415 reward_loss:  -8.846224784851074
epoch:  39 batch:  100 region_loss:  8.0 8.0 loc_loss:  0.2204883575439453 reward_loss:  -11.024417877197266
epoch:  39 batch:  110 region_loss:  4.0 4.0 loc_loss:  0.11145675659179688 reward_loss:  -5.572837829589844
epoch:  39 batch:  120 region_loss:  5.0 5.0 loc_loss:  0.1271456813812256 reward_loss:  -6.357281684875488
epoch:  39 batch:  130 region_loss:  7.0 7.0 loc_loss:  0.20312145233154297 reward_loss:  -10.156072616577148
acc@1:  0.11853245531514581
epoch: 39 region loss 0.17051094890510948 loc loss 0.25425242246502505 reward loss -12.712621265084204
epoch:  40 batch:  0 region_loss:  10.0 10.0 loc_loss:  0.25657506942749025 reward_loss:  -12.828752517700195
epoch:  40 batch:  10 region_loss:  10.0 10.0 loc_loss:  0.3004810333251953 reward_loss:  -15.024049758911133
epoch:  40 batch:  20 region_loss:  10.0 10.0 loc_loss:  0.29294591903686523 reward_loss:  -14.647295951843262
epoch:  40 batch:  30 region_loss:  10.0 10.0 loc_loss:  0.26342174530029294 reward_loss:  -13.171087265014648
epoch:  40 batch:  40 region_loss:  10.0 10.0 loc_loss:  0.35897781372070314 reward_loss:  -17.948890686035156
epoch:  40 batch:  50 region_loss:  10.0 10.0 loc_loss:  0.27693328857421873 reward_loss:  -13.846665382385254
epoch:  40 batch:  60 region_loss:  10.0 10.0 loc_loss:  0.2674725341796875 reward_loss:  -13.373623847961426
epoch:  40 batch:  70 region_loss:  10.0 10.0 loc_loss:  0.2773259925842285 reward_loss:  -13.866323471069336
epoch:  40 batch:  80 region_loss:  10.0 10.0 loc_loss:  0.2865439987182617 reward_loss:  -14.32719898223877
epoch:  40 batch:  90 region_loss:  6.0 6.0 loc_loss:  0.1656726837158203 reward_loss:  -8.283635139465332
epoch:  40 batch:  100 region_loss:  8.0 8.0 loc_loss:  0.2084632110595703 reward_loss:  -10.423160552978516
epoch:  40 batch:  110 region_loss:  4.0 4.0 loc_loss:  0.10415470123291015 reward_loss:  -5.207735538482666
epoch:  40 batch:  120 region_loss:  5.0 5.0 loc_loss:  0.11918788909912109 reward_loss:  -5.959402084350586
epoch:  40 batch:  130 region_loss:  7.0 7.0 loc_loss:  0.19047887802124022 reward_loss:  -9.523944854736328
acc@1:  0.11335841956726246
epoch: 40 region loss 0.17051094890510948 loc loss 0.24084555453627648 reward loss -12.042278049636062
epoch:  41 batch:  0 region_loss:  10.0 10.0 loc_loss:  0.242117977142334 reward_loss:  -12.105901718139648
epoch:  41 batch:  10 region_loss:  10.0 10.0 loc_loss:  0.2841119384765625 reward_loss:  -14.205597877502441
epoch:  41 batch:  20 region_loss:  10.0 10.0 loc_loss:  0.280266170501709 reward_loss:  -14.013307571411133
epoch:  41 batch:  30 region_loss:  10.0 10.0 loc_loss:  0.24904260635375977 reward_loss:  -12.452130317687988
epoch:  41 batch:  40 region_loss:  10.0 10.0 loc_loss:  0.3408998489379883 reward_loss:  -17.044992446899414
epoch:  41 batch:  50 region_loss:  10.0 10.0 loc_loss:  0.26301136016845705 reward_loss:  -13.150568008422852
epoch:  41 batch:  60 region_loss:  10.0 10.0 loc_loss:  0.251733570098877 reward_loss:  -12.586678504943848
epoch:  41 batch:  70 region_loss:  10.0 10.0 loc_loss:  0.2633963394165039 reward_loss:  -13.169816970825195
epoch:  41 batch:  80 region_loss:  10.0 10.0 loc_loss:  0.2686422729492188 reward_loss:  -13.432113647460938
epoch:  41 batch:  90 region_loss:  6.0 6.0 loc_loss:  0.15522945404052735 reward_loss:  -7.761471748352051
epoch:  41 batch:  100 region_loss:  8.0 8.0 loc_loss:  0.19565940856933595 reward_loss:  -9.782971382141113
epoch:  41 batch:  110 region_loss:  4.0 4.0 loc_loss:  0.0970677089691162 reward_loss:  -4.8533854484558105
epoch:  41 batch:  120 region_loss:  5.0 5.0 loc_loss:  0.11141141891479492 reward_loss:  -5.5705766677856445
epoch:  41 batch:  130 region_loss:  7.0 7.0 loc_loss:  0.17842119216918945 reward_loss:  -8.921059608459473
acc@1:  0.1147695202257761
epoch: 41 region loss 0.17051094890510948 loc loss 0.2280024020167163 reward loss -11.400120089523984
epoch:  42 batch:  0 region_loss:  10.0 10.0 loc_loss:  0.22738723754882811 reward_loss:  -11.369362831115723
epoch:  42 batch:  10 region_loss:  10.0 10.0 loc_loss:  0.2687717628479004 reward_loss:  -13.43858814239502
epoch:  42 batch:  20 region_loss:  10.0 10.0 loc_loss:  0.26876312255859375 reward_loss:  -13.438157081604004
epoch:  42 batch:  30 region_loss:  10.0 10.0 loc_loss:  0.23508285522460937 reward_loss:  -11.754142761230469
epoch:  42 batch:  40 region_loss:  10.0 10.0 loc_loss:  0.3230037307739258 reward_loss:  -16.15018653869629
epoch:  42 batch:  50 region_loss:  10.0 10.0 loc_loss:  0.2501739692687988 reward_loss:  -12.508698463439941
epoch:  42 batch:  60 region_loss:  10.0 10.0 loc_loss:  0.23690813064575195 reward_loss:  -11.845405578613281
epoch:  42 batch:  70 region_loss:  10.0 10.0 loc_loss:  0.2490846824645996 reward_loss:  -12.454231262207031
epoch:  42 batch:  80 region_loss:  10.0 10.0 loc_loss:  0.2515891456604004 reward_loss:  -12.579456329345703
epoch:  42 batch:  90 region_loss:  6.0 6.0 loc_loss:  0.1449698257446289 reward_loss:  -7.248490333557129
epoch:  42 batch:  100 region_loss:  8.0 8.0 loc_loss:  0.18492042541503906 reward_loss:  -9.246020317077637
epoch:  42 batch:  110 region_loss:  4.0 4.0 loc_loss:  0.09038606643676758 reward_loss:  -4.519303321838379
epoch:  42 batch:  120 region_loss:  5.0 5.0 loc_loss:  0.10414864540100098 reward_loss:  -5.207429885864258
epoch:  42 batch:  130 region_loss:  7.0 7.0 loc_loss:  0.1669603157043457 reward_loss:  -8.348015785217285
acc@1:  0.11100658513640639
epoch: 42 region loss 0.17051094890510948 loc loss 0.21556451195347917 reward loss -10.778225487166077
epoch:  43 batch:  0 region_loss:  10.0 10.0 loc_loss:  0.21384819030761718 reward_loss:  -10.692408561706543
epoch:  43 batch:  10 region_loss:  10.0 10.0 loc_loss:  0.25348876953125 reward_loss:  -12.6744384765625
epoch:  43 batch:  20 region_loss:  10.0 10.0 loc_loss:  0.2577985763549805 reward_loss:  -12.88992977142334
epoch:  43 batch:  30 region_loss:  10.0 10.0 loc_loss:  0.22196725845336915 reward_loss:  -11.098362922668457
epoch:  43 batch:  40 region_loss:  10.0 10.0 loc_loss:  0.305883846282959 reward_loss:  -15.294191360473633
epoch:  43 batch:  50 region_loss:  10.0 10.0 loc_loss:  0.23590578079223634 reward_loss:  -11.795289993286133
epoch:  43 batch:  60 region_loss:  10.0 10.0 loc_loss:  0.22250619888305664 reward_loss:  -11.125308990478516
epoch:  43 batch:  70 region_loss:  10.0 10.0 loc_loss:  0.23631261825561523 reward_loss:  -11.815631866455078
epoch:  43 batch:  80 region_loss:  10.0 10.0 loc_loss:  0.23529321670532227 reward_loss:  -11.764660835266113
epoch:  43 batch:  90 region_loss:  6.0 6.0 loc_loss:  0.13544830322265625 reward_loss:  -6.772415637969971
epoch:  43 batch:  100 region_loss:  8.0 8.0 loc_loss:  0.17316703796386718 reward_loss:  -8.65835189819336
epoch:  43 batch:  110 region_loss:  4.0 4.0 loc_loss:  0.0839906883239746 reward_loss:  -4.1995344161987305
epoch:  43 batch:  120 region_loss:  5.0 5.0 loc_loss:  0.09720464706420899 reward_loss:  -4.8602447509765625
epoch:  43 batch:  130 region_loss:  7.0 7.0 loc_loss:  0.1560082244873047 reward_loss:  -7.800411224365234
acc@1:  0.11147695202257761
epoch: 43 region loss 0.17051094890510948 loc loss 0.20364293737133055 reward loss -10.18214704694539
epoch:  44 batch:  0 region_loss:  10.0 10.0 loc_loss:  0.2007204246520996 reward_loss:  -10.03602123260498
epoch:  44 batch:  10 region_loss:  10.0 10.0 loc_loss:  0.23937053680419923 reward_loss:  -11.968526840209961
epoch:  44 batch:  20 region_loss:  10.0 10.0 loc_loss:  0.2475223159790039 reward_loss:  -12.376117706298828
epoch:  44 batch:  30 region_loss:  10.0 10.0 loc_loss:  0.2094584274291992 reward_loss:  -10.472923278808594
epoch:  44 batch:  40 region_loss:  10.0 10.0 loc_loss:  0.28928321838378906 reward_loss:  -14.464160919189453
epoch:  44 batch:  50 region_loss:  10.0 10.0 loc_loss:  0.2232103729248047 reward_loss:  -11.160518646240234
epoch:  44 batch:  60 region_loss:  10.0 10.0 loc_loss:  0.20913253784179686 reward_loss:  -10.456628799438477
epoch:  44 batch:  70 region_loss:  10.0 10.0 loc_loss:  0.22269512176513673 reward_loss:  -11.134757041931152
epoch:  44 batch:  80 region_loss:  10.0 10.0 loc_loss:  0.2199680519104004 reward_loss:  -10.998403549194336
epoch:  44 batch:  90 region_loss:  6.0 6.0 loc_loss:  0.12630362510681153 reward_loss:  -6.315182209014893
epoch:  44 batch:  100 region_loss:  8.0 8.0 loc_loss:  0.1630503273010254 reward_loss:  -8.15251636505127
epoch:  44 batch:  110 region_loss:  4.0 4.0 loc_loss:  0.0779979658126831 reward_loss:  -3.8998987674713135
epoch:  44 batch:  120 region_loss:  5.0 5.0 loc_loss:  0.09060393333435059 reward_loss:  -4.53021240234375
epoch:  44 batch:  130 region_loss:  7.0 7.0 loc_loss:  0.14566301345825194 reward_loss:  -7.283151149749756
acc@1:  0.11147695202257761
epoch: 44 region loss 0.17051094890510948 loc loss 0.19204721744043113 reward loss -9.602361045179576
epoch:  45 batch:  0 region_loss:  10.0 10.0 loc_loss:  0.18853351593017578 reward_loss:  -9.426675796508789
epoch:  45 batch:  10 region_loss:  10.0 10.0 loc_loss:  0.22526546478271484 reward_loss:  -11.26327133178711
epoch:  45 batch:  20 region_loss:  10.0 10.0 loc_loss:  0.2376102638244629 reward_loss:  -11.880513191223145
epoch:  45 batch:  30 region_loss:  10.0 10.0 loc_loss:  0.1974077606201172 reward_loss:  -9.87038803100586
epoch:  45 batch:  40 region_loss:  10.0 10.0 loc_loss:  0.27329221725463865 reward_loss:  -13.664612770080566
epoch:  45 batch:  50 region_loss:  10.0 10.0 loc_loss:  0.21065736770629884 reward_loss:  -10.532868385314941
epoch:  45 batch:  60 region_loss:  10.0 10.0 loc_loss:  0.1959065628051758 reward_loss:  -9.795330047607422
epoch:  45 batch:  70 region_loss:  10.0 10.0 loc_loss:  0.2104366874694824 reward_loss:  -10.521833419799805
epoch:  45 batch:  80 region_loss:  10.0 10.0 loc_loss:  0.20522979736328126 reward_loss:  -10.261489868164062
epoch:  45 batch:  90 region_loss:  6.0 6.0 loc_loss:  0.11772354125976563 reward_loss:  -5.8861775398254395
epoch:  45 batch:  100 region_loss:  8.0 8.0 loc_loss:  0.15255487442016602 reward_loss:  -7.627744197845459
epoch:  45 batch:  110 region_loss:  4.0 4.0 loc_loss:  0.0722824478149414 reward_loss:  -3.6141228675842285
epoch:  45 batch:  120 region_loss:  5.0 5.0 loc_loss:  0.08444433212280274 reward_loss:  -4.222224712371826
epoch:  45 batch:  130 region_loss:  7.0 7.0 loc_loss:  0.13596172332763673 reward_loss:  -6.798085689544678
acc@1:  0.11053621825023519
epoch: 45 region loss 0.17051094890510948 loc loss 0.18116532431901805 reward loss -9.058266241620057
epoch:  46 batch:  0 region_loss:  10.0 10.0 loc_loss:  0.17690008163452148 reward_loss:  -8.845003128051758
epoch:  46 batch:  10 region_loss:  10.0 10.0 loc_loss:  0.2122429847717285 reward_loss:  -10.612149238586426
epoch:  46 batch:  20 region_loss:  10.0 10.0 loc_loss:  0.22755224227905274 reward_loss:  -11.377613067626953
epoch:  46 batch:  30 region_loss:  10.0 10.0 loc_loss:  0.18533796310424805 reward_loss:  -9.266899108886719
epoch:  46 batch:  40 region_loss:  10.0 10.0 loc_loss:  0.25813711166381836 reward_loss:  -12.906855583190918
epoch:  46 batch:  50 region_loss:  10.0 10.0 loc_loss:  0.19902578353881836 reward_loss:  -9.951290130615234
epoch:  46 batch:  60 region_loss:  10.0 10.0 loc_loss:  0.1840326690673828 reward_loss:  -9.201632499694824
epoch:  46 batch:  70 region_loss:  10.0 10.0 loc_loss:  0.19757999420166017 reward_loss:  -9.879000663757324
epoch:  46 batch:  80 region_loss:  10.0 10.0 loc_loss:  0.19154619216918944 reward_loss:  -9.577309608459473
epoch:  46 batch:  90 region_loss:  6.0 6.0 loc_loss:  0.10957447052001953 reward_loss:  -5.478724002838135
epoch:  46 batch:  100 region_loss:  8.0 8.0 loc_loss:  0.14329870223999022 reward_loss:  -7.164935111999512
epoch:  46 batch:  110 region_loss:  4.0 4.0 loc_loss:  0.06688522338867188 reward_loss:  -3.3442611694335938
epoch:  46 batch:  120 region_loss:  5.0 5.0 loc_loss:  0.07853345394134521 reward_loss:  -3.9266679286956787
epoch:  46 batch:  130 region_loss:  7.0 7.0 loc_loss:  0.126463623046875 reward_loss:  -6.32318115234375
acc@1:  0.10959548447789276
epoch: 46 region loss 0.17051094890510948 loc loss 0.1705791668126183 reward loss -8.528958164862473
epoch:  47 batch:  0 region_loss:  10.0 10.0 loc_loss:  0.16602493286132813 reward_loss:  -8.301246643066406
epoch:  47 batch:  10 region_loss:  10.0 10.0 loc_loss:  0.19939476013183594 reward_loss:  -9.969738960266113
epoch:  47 batch:  20 region_loss:  10.0 10.0 loc_loss:  0.22063997268676758 reward_loss:  -11.031997680664062
epoch:  47 batch:  30 region_loss:  10.0 10.0 loc_loss:  0.17423994064331055 reward_loss:  -8.711997032165527
epoch:  47 batch:  40 region_loss:  10.0 10.0 loc_loss:  0.24344581604003906 reward_loss:  -12.17229175567627
epoch:  47 batch:  50 region_loss:  10.0 10.0 loc_loss:  0.18758712768554686 reward_loss:  -9.379355430603027
epoch:  47 batch:  60 region_loss:  10.0 10.0 loc_loss:  0.17188106536865233 reward_loss:  -8.59405517578125
epoch:  47 batch:  70 region_loss:  10.0 10.0 loc_loss:  0.18630882263183593 reward_loss:  -9.315439224243164
epoch:  47 batch:  80 region_loss:  10.0 10.0 loc_loss:  0.17841766357421876 reward_loss:  -8.92088508605957
epoch:  47 batch:  90 region_loss:  6.0 6.0 loc_loss:  0.1018745994567871 reward_loss:  -5.093730926513672
epoch:  47 batch:  100 region_loss:  8.0 8.0 loc_loss:  0.13399474143981935 reward_loss:  -6.699737071990967
epoch:  47 batch:  110 region_loss:  4.0 4.0 loc_loss:  0.06181971549987793 reward_loss:  -3.0909857749938965
epoch:  47 batch:  120 region_loss:  5.0 5.0 loc_loss:  0.07305316925048828 reward_loss:  -3.652658224105835
epoch:  47 batch:  130 region_loss:  7.0 7.0 loc_loss:  0.11795921325683593 reward_loss:  -5.897960662841797
acc@1:  0.11147695202257761
epoch: 47 region loss 0.17051094890510948 loc loss 0.16075651323708304 reward loss -8.037825741907106
epoch:  48 batch:  0 region_loss:  10.0 10.0 loc_loss:  0.15571078300476074 reward_loss:  -7.785539627075195
epoch:  48 batch:  10 region_loss:  10.0 10.0 loc_loss:  0.18751344680786133 reward_loss:  -9.375672340393066
epoch:  48 batch:  20 region_loss:  10.0 10.0 loc_loss:  0.21192827224731445 reward_loss:  -10.596412658691406
epoch:  48 batch:  30 region_loss:  10.0 10.0 loc_loss:  0.16306182861328125 reward_loss:  -8.153090476989746
epoch:  48 batch:  40 region_loss:  10.0 10.0 loc_loss:  0.22976280212402345 reward_loss:  -11.488139152526855
epoch:  48 batch:  50 region_loss:  10.0 10.0 loc_loss:  0.17702262878417968 reward_loss:  -8.851131439208984
epoch:  48 batch:  60 region_loss:  10.0 10.0 loc_loss:  0.16139055252075196 reward_loss:  -8.069527626037598
epoch:  48 batch:  70 region_loss:  10.0 10.0 loc_loss:  0.17461709976196288 reward_loss:  -8.730853080749512
epoch:  48 batch:  80 region_loss:  10.0 10.0 loc_loss:  0.1663493537902832 reward_loss:  -8.31746768951416
epoch:  48 batch:  90 region_loss:  6.0 6.0 loc_loss:  0.09464149475097657 reward_loss:  -4.73207426071167
epoch:  48 batch:  100 region_loss:  8.0 8.0 loc_loss:  0.12561285018920898 reward_loss:  -6.280642986297607
epoch:  48 batch:  110 region_loss:  4.0 4.0 loc_loss:  0.05704350471496582 reward_loss:  -2.852175235748291
epoch:  48 batch:  120 region_loss:  5.0 5.0 loc_loss:  0.06791072845458984 reward_loss:  -3.3955347537994385
epoch:  48 batch:  130 region_loss:  7.0 7.0 loc_loss:  0.10938003540039062 reward_loss:  -5.469000816345215
acc@1:  0.1077140169332079
epoch: 48 region loss 0.17051094890510948 loc loss 0.15122575479702358 reward loss -7.561287906483142
epoch:  49 batch:  0 region_loss:  10.0 10.0 loc_loss:  0.14600618362426757 reward_loss:  -7.300307273864746
epoch:  49 batch:  10 region_loss:  10.0 10.0 loc_loss:  0.1758551025390625 reward_loss:  -8.792754173278809
epoch:  49 batch:  20 region_loss:  10.0 10.0 loc_loss:  0.205122013092041 reward_loss:  -10.256099700927734
epoch:  49 batch:  30 region_loss:  10.0 10.0 loc_loss:  0.15315958023071288 reward_loss:  -7.657979488372803
epoch:  49 batch:  40 region_loss:  10.0 10.0 loc_loss:  0.21631690979003906 reward_loss:  -10.815845489501953
epoch:  49 batch:  50 region_loss:  10.0 10.0 loc_loss:  0.16672201156616212 reward_loss:  -8.336100578308105
epoch:  49 batch:  60 region_loss:  10.0 10.0 loc_loss:  0.15050043106079103 reward_loss:  -7.525021076202393
epoch:  49 batch:  70 region_loss:  10.0 10.0 loc_loss:  0.16450578689575196 reward_loss:  -8.225288391113281
epoch:  49 batch:  80 region_loss:  10.0 10.0 loc_loss:  0.15465449333190917 reward_loss:  -7.732724189758301
epoch:  49 batch:  90 region_loss:  6.0 6.0 loc_loss:  0.08790817260742187 reward_loss:  -4.3954081535339355
epoch:  49 batch:  100 region_loss:  8.0 8.0 loc_loss:  0.11757698059082031 reward_loss:  -5.878849029541016
epoch:  49 batch:  110 region_loss:  4.0 4.0 loc_loss:  0.05263814926147461 reward_loss:  -2.631908655166626
epoch:  49 batch:  120 region_loss:  5.0 5.0 loc_loss:  0.06299316883087158 reward_loss:  -3.1496593952178955
epoch:  49 batch:  130 region_loss:  7.0 7.0 loc_loss:  0.10200828552246094 reward_loss:  -5.100414276123047
acc@1:  0.10959548447789276
epoch: 49 region loss 0.17051094890510948 loc loss 0.14243443163642047 reward loss -7.121724958837468
