2
cuda
epoch:  0 batch:  0 region_loss:  10.0 10.0 loc_loss:  1.9771298217773436 reward_loss:  -98.8566665649414
epoch:  0 batch:  10 region_loss:  10.0 10.0 loc_loss:  1.9862908935546875 reward_loss:  -99.31581115722656
epoch:  0 batch:  20 region_loss:  10.0 10.0 loc_loss:  1.9800479125976562 reward_loss:  -99.0030288696289
epoch:  0 batch:  30 region_loss:  10.0 10.0 loc_loss:  1.9796414184570312 reward_loss:  -98.98147583007812
epoch:  0 batch:  40 region_loss:  10.0 10.0 loc_loss:  1.9838259887695313 reward_loss:  -99.19073486328125
epoch:  0 batch:  50 region_loss:  10.0 10.0 loc_loss:  1.9805213928222656 reward_loss:  -99.02638244628906
epoch:  0 batch:  60 region_loss:  10.0 10.0 loc_loss:  1.9833961486816407 reward_loss:  -99.1683578491211
epoch:  0 batch:  70 region_loss:  10.0 10.0 loc_loss:  1.9824984741210938 reward_loss:  -99.1240463256836
epoch:  0 batch:  80 region_loss:  10.0 10.0 loc_loss:  1.98156982421875 reward_loss:  -99.07843017578125
epoch:  0 batch:  90 region_loss:  6.0 6.0 loc_loss:  1.1813551330566405 reward_loss:  -59.06709289550781
epoch:  0 batch:  100 region_loss:  8.0 8.0 loc_loss:  1.5709461975097656 reward_loss:  -78.54629516601562
epoch:  0 batch:  110 region_loss:  4.0 4.0 loc_loss:  0.787086181640625 reward_loss:  -39.3547248840332
epoch:  0 batch:  120 region_loss:  5.0 5.0 loc_loss:  0.9778057861328125 reward_loss:  -48.89023971557617
epoch:  0 batch:  130 region_loss:  7.0 7.0 loc_loss:  1.3725376892089844 reward_loss:  -68.62684631347656
acc@1:  0.0042333019755409216
epoch: 0 region loss 0.17051094890510948 loc loss 1.686969462485209 reward loss -84.34844483424277
epoch:  1 batch:  0 region_loss:  10.0 10.0 loc_loss:  1.9039837646484374 reward_loss:  -95.19877624511719
epoch:  1 batch:  10 region_loss:  10.0 10.0 loc_loss:  1.9310929870605469 reward_loss:  -96.55474853515625
epoch:  1 batch:  20 region_loss:  10.0 10.0 loc_loss:  1.9164215087890626 reward_loss:  -95.8219223022461
epoch:  1 batch:  30 region_loss:  10.0 10.0 loc_loss:  1.9226058959960937 reward_loss:  -96.13005065917969
epoch:  1 batch:  40 region_loss:  10.0 10.0 loc_loss:  1.915621795654297 reward_loss:  -95.78095245361328
epoch:  1 batch:  50 region_loss:  10.0 10.0 loc_loss:  1.910343475341797 reward_loss:  -95.5179443359375
epoch:  1 batch:  60 region_loss:  10.0 10.0 loc_loss:  1.902931671142578 reward_loss:  -95.14640808105469
epoch:  1 batch:  70 region_loss:  10.0 10.0 loc_loss:  1.8865446472167968 reward_loss:  -94.32711029052734
epoch:  1 batch:  80 region_loss:  10.0 10.0 loc_loss:  1.8663874816894532 reward_loss:  -93.31990814208984
epoch:  1 batch:  90 region_loss:  6.0 6.0 loc_loss:  1.1076891326904297 reward_loss:  -55.383644104003906
epoch:  1 batch:  100 region_loss:  8.0 8.0 loc_loss:  1.4565713500976563 reward_loss:  -72.82844543457031
epoch:  1 batch:  110 region_loss:  4.0 4.0 loc_loss:  0.7384906768798828 reward_loss:  -36.92413330078125
epoch:  1 batch:  120 region_loss:  5.0 5.0 loc_loss:  0.9055341339111328 reward_loss:  -45.27680587768555
epoch:  1 batch:  130 region_loss:  7.0 7.0 loc_loss:  1.2568800354003906 reward_loss:  -62.84434127807617
acc@1:  0.022107243650047036
epoch: 1 region loss 0.17051094890510948 loc loss 1.6048293716542041 reward loss -80.24149208347292
epoch:  2 batch:  0 region_loss:  10.0 10.0 loc_loss:  1.7217364501953125 reward_loss:  -86.08689880371094
epoch:  2 batch:  10 region_loss:  10.0 10.0 loc_loss:  1.7423193359375 reward_loss:  -87.11566162109375
epoch:  2 batch:  20 region_loss:  10.0 10.0 loc_loss:  1.7308451843261718 reward_loss:  -86.54308319091797
epoch:  2 batch:  30 region_loss:  10.0 10.0 loc_loss:  1.7644102478027344 reward_loss:  -88.22093200683594
epoch:  2 batch:  40 region_loss:  10.0 10.0 loc_loss:  1.7222061157226562 reward_loss:  -86.11038970947266
epoch:  2 batch:  50 region_loss:  10.0 10.0 loc_loss:  1.7777619934082032 reward_loss:  -88.888427734375
epoch:  2 batch:  60 region_loss:  10.0 10.0 loc_loss:  1.7546841430664062 reward_loss:  -87.73406219482422
epoch:  2 batch:  70 region_loss:  10.0 10.0 loc_loss:  1.746759490966797 reward_loss:  -87.33724212646484
epoch:  2 batch:  80 region_loss:  10.0 10.0 loc_loss:  1.7308943176269531 reward_loss:  -86.54402160644531
epoch:  2 batch:  90 region_loss:  6.0 6.0 loc_loss:  1.0342108917236328 reward_loss:  -51.71055221557617
epoch:  2 batch:  100 region_loss:  8.0 8.0 loc_loss:  1.3705442810058595 reward_loss:  -68.5274658203125
epoch:  2 batch:  110 region_loss:  4.0 4.0 loc_loss:  0.7006648254394531 reward_loss:  -35.03371047973633
epoch:  2 batch:  120 region_loss:  5.0 5.0 loc_loss:  0.8644371032714844 reward_loss:  -43.22229766845703
epoch:  2 batch:  130 region_loss:  7.0 7.0 loc_loss:  1.2028360748291016 reward_loss:  -60.1423454284668
acc@1:  0.028222013170272814
epoch: 2 region loss 0.17051094890510948 loc loss 1.475755038296219 reward loss -73.78784369030139
epoch:  3 batch:  0 region_loss:  10.0 10.0 loc_loss:  1.6674211120605469 reward_loss:  -83.37158966064453
epoch:  3 batch:  10 region_loss:  10.0 10.0 loc_loss:  1.67687255859375 reward_loss:  -83.84249114990234
epoch:  3 batch:  20 region_loss:  10.0 10.0 loc_loss:  1.6395552062988281 reward_loss:  -81.979248046875
epoch:  3 batch:  30 region_loss:  10.0 10.0 loc_loss:  1.695025177001953 reward_loss:  -84.7510757446289
epoch:  3 batch:  40 region_loss:  10.0 10.0 loc_loss:  1.6487226867675782 reward_loss:  -82.43632507324219
epoch:  3 batch:  50 region_loss:  10.0 10.0 loc_loss:  1.70767333984375 reward_loss:  -85.38307189941406
epoch:  3 batch:  60 region_loss:  10.0 10.0 loc_loss:  1.6854470825195313 reward_loss:  -84.27230834960938
epoch:  3 batch:  70 region_loss:  10.0 10.0 loc_loss:  1.6831832885742188 reward_loss:  -84.15914916992188
epoch:  3 batch:  80 region_loss:  10.0 10.0 loc_loss:  1.6724745178222655 reward_loss:  -83.62374877929688
epoch:  3 batch:  90 region_loss:  6.0 6.0 loc_loss:  1.000802230834961 reward_loss:  -50.04008102416992
epoch:  3 batch:  100 region_loss:  8.0 8.0 loc_loss:  1.3242919921875 reward_loss:  -66.21464538574219
epoch:  3 batch:  110 region_loss:  4.0 4.0 loc_loss:  0.6800824737548828 reward_loss:  -34.003360748291016
epoch:  3 batch:  120 region_loss:  5.0 5.0 loc_loss:  0.8394578552246094 reward_loss:  -41.97276306152344
epoch:  3 batch:  130 region_loss:  7.0 7.0 loc_loss:  1.1705177307128907 reward_loss:  -58.525489807128906
acc@1:  0.03433678269049859
epoch: 3 region loss 0.17051094890510948 loc loss 1.416435212184043 reward loss -70.82176060920214
epoch:  4 batch:  0 region_loss:  10.0 10.0 loc_loss:  1.624769287109375 reward_loss:  -81.23918151855469
epoch:  4 batch:  10 region_loss:  10.0 10.0 loc_loss:  1.632403106689453 reward_loss:  -81.61994934082031
epoch:  4 batch:  20 region_loss:  10.0 10.0 loc_loss:  1.573443603515625 reward_loss:  -78.67135620117188
epoch:  4 batch:  30 region_loss:  10.0 10.0 loc_loss:  1.6405030822753905 reward_loss:  -82.02611541748047
epoch:  4 batch:  40 region_loss:  10.0 10.0 loc_loss:  1.594568634033203 reward_loss:  -79.72738647460938
epoch:  4 batch:  50 region_loss:  10.0 10.0 loc_loss:  1.649189453125 reward_loss:  -82.4600601196289
epoch:  4 batch:  60 region_loss:  10.0 10.0 loc_loss:  1.6299809265136718 reward_loss:  -81.49857330322266
epoch:  4 batch:  70 region_loss:  10.0 10.0 loc_loss:  1.6278190612792969 reward_loss:  -81.39126586914062
epoch:  4 batch:  80 region_loss:  10.0 10.0 loc_loss:  1.621830291748047 reward_loss:  -81.09100341796875
epoch:  4 batch:  90 region_loss:  6.0 6.0 loc_loss:  0.9711385345458985 reward_loss:  -48.556884765625
epoch:  4 batch:  100 region_loss:  8.0 8.0 loc_loss:  1.2807096862792968 reward_loss:  -64.03585815429688
epoch:  4 batch:  110 region_loss:  4.0 4.0 loc_loss:  0.6620791625976562 reward_loss:  -33.10348892211914
epoch:  4 batch:  120 region_loss:  5.0 5.0 loc_loss:  0.8145653533935547 reward_loss:  -40.728233337402344
epoch:  4 batch:  130 region_loss:  7.0 7.0 loc_loss:  1.1387205505371094 reward_loss:  -56.93611526489258
acc@1:  0.04421448730009407
epoch: 4 region loss 0.17051094890510948 loc loss 1.3681992457034815 reward loss -68.40997450891203
epoch:  5 batch:  0 region_loss:  10.0 10.0 loc_loss:  1.5769483947753906 reward_loss:  -78.84784698486328
epoch:  5 batch:  10 region_loss:  10.0 10.0 loc_loss:  1.5877557373046876 reward_loss:  -79.38690185546875
epoch:  5 batch:  20 region_loss:  10.0 10.0 loc_loss:  1.5104559326171876 reward_loss:  -75.52335357666016
epoch:  5 batch:  30 region_loss:  10.0 10.0 loc_loss:  1.5857911682128907 reward_loss:  -79.28942108154297
epoch:  5 batch:  40 region_loss:  10.0 10.0 loc_loss:  1.5408834838867187 reward_loss:  -77.0441665649414
epoch:  5 batch:  50 region_loss:  10.0 10.0 loc_loss:  1.5920358276367188 reward_loss:  -79.60175323486328
epoch:  5 batch:  60 region_loss:  10.0 10.0 loc_loss:  1.5754081726074218 reward_loss:  -78.77037048339844
epoch:  5 batch:  70 region_loss:  10.0 10.0 loc_loss:  1.5719474792480468 reward_loss:  -78.5972900390625
epoch:  5 batch:  80 region_loss:  10.0 10.0 loc_loss:  1.5705455017089844 reward_loss:  -78.52728271484375
epoch:  5 batch:  90 region_loss:  6.0 6.0 loc_loss:  0.9416319274902344 reward_loss:  -47.08159637451172
epoch:  5 batch:  100 region_loss:  8.0 8.0 loc_loss:  1.234845428466797 reward_loss:  -61.74212646484375
epoch:  5 batch:  110 region_loss:  4.0 4.0 loc_loss:  0.6441504669189453 reward_loss:  -32.20643615722656
epoch:  5 batch:  120 region_loss:  5.0 5.0 loc_loss:  0.7883013153076172 reward_loss:  -39.41511535644531
epoch:  5 batch:  130 region_loss:  7.0 7.0 loc_loss:  1.1052271270751952 reward_loss:  -55.26136016845703
acc@1:  0.05691439322671684
epoch: 5 region loss 0.17051094890510948 loc loss 1.3195381573865013 reward loss -65.97686582412163
epoch:  6 batch:  0 region_loss:  10.0 10.0 loc_loss:  1.5231275939941407 reward_loss:  -76.1563491821289
epoch:  6 batch:  10 region_loss:  10.0 10.0 loc_loss:  1.5389280700683594 reward_loss:  -76.9466552734375
epoch:  6 batch:  20 region_loss:  10.0 10.0 loc_loss:  1.4442657470703124 reward_loss:  -72.21337890625
epoch:  6 batch:  30 region_loss:  10.0 10.0 loc_loss:  1.527533721923828 reward_loss:  -76.37663269042969
epoch:  6 batch:  40 region_loss:  10.0 10.0 loc_loss:  1.4853108215332032 reward_loss:  -74.26553344726562
epoch:  6 batch:  50 region_loss:  10.0 10.0 loc_loss:  1.5314041137695313 reward_loss:  -76.57023620605469
epoch:  6 batch:  60 region_loss:  10.0 10.0 loc_loss:  1.518134765625 reward_loss:  -75.90670776367188
epoch:  6 batch:  70 region_loss:  10.0 10.0 loc_loss:  1.5131689453125 reward_loss:  -75.65845489501953
epoch:  6 batch:  80 region_loss:  10.0 10.0 loc_loss:  1.5163681030273437 reward_loss:  -75.8192367553711
epoch:  6 batch:  90 region_loss:  6.0 6.0 loc_loss:  0.9109358215332031 reward_loss:  -45.546791076660156
epoch:  6 batch:  100 region_loss:  8.0 8.0 loc_loss:  1.1849763488769531 reward_loss:  -59.24884796142578
epoch:  6 batch:  110 region_loss:  4.0 4.0 loc_loss:  0.6255036163330078 reward_loss:  -31.274864196777344
epoch:  6 batch:  120 region_loss:  5.0 5.0 loc_loss:  0.7599113464355469 reward_loss:  -37.99560546875
epoch:  6 batch:  130 region_loss:  7.0 7.0 loc_loss:  1.069217529296875 reward_loss:  -53.46086883544922
acc@1:  0.06679209783631232
epoch: 6 region loss 0.17051094890510948 loc loss 1.2680187303306412 reward loss -63.40095117666426
epoch:  7 batch:  0 region_loss:  10.0 10.0 loc_loss:  1.4629412841796876 reward_loss:  -73.14706420898438
epoch:  7 batch:  10 region_loss:  10.0 10.0 loc_loss:  1.4844438171386718 reward_loss:  -74.2223129272461
epoch:  7 batch:  20 region_loss:  10.0 10.0 loc_loss:  1.3742518615722656 reward_loss:  -68.71253967285156
epoch:  7 batch:  30 region_loss:  10.0 10.0 loc_loss:  1.4640435791015625 reward_loss:  -73.20218658447266
epoch:  7 batch:  40 region_loss:  10.0 10.0 loc_loss:  1.4286004638671874 reward_loss:  -71.42982482910156
epoch:  7 batch:  50 region_loss:  10.0 10.0 loc_loss:  1.4659889221191407 reward_loss:  -73.29945373535156
epoch:  7 batch:  60 region_loss:  10.0 10.0 loc_loss:  1.457169647216797 reward_loss:  -72.85848236083984
epoch:  7 batch:  70 region_loss:  10.0 10.0 loc_loss:  1.4496224975585938 reward_loss:  -72.48107147216797
epoch:  7 batch:  80 region_loss:  10.0 10.0 loc_loss:  1.45879638671875 reward_loss:  -72.93980407714844
epoch:  7 batch:  90 region_loss:  6.0 6.0 loc_loss:  0.8787174987792968 reward_loss:  -43.93588638305664
epoch:  7 batch:  100 region_loss:  8.0 8.0 loc_loss:  1.1309012603759765 reward_loss:  -56.54505157470703
epoch:  7 batch:  110 region_loss:  4.0 4.0 loc_loss:  0.6059378814697266 reward_loss:  -30.296953201293945
epoch:  7 batch:  120 region_loss:  5.0 5.0 loc_loss:  0.7295446014404297 reward_loss:  -36.47723388671875
epoch:  7 batch:  130 region_loss:  7.0 7.0 loc_loss:  1.030699462890625 reward_loss:  -51.53497314453125
acc@1:  0.0832549388523048
epoch: 7 region loss 0.17051094890510948 loc loss 1.2133105894770935 reward loss -60.665505555424375
epoch:  8 batch:  0 region_loss:  10.0 10.0 loc_loss:  1.3972868347167968 reward_loss:  -69.8643569946289
epoch:  8 batch:  10 region_loss:  10.0 10.0 loc_loss:  1.4241035461425782 reward_loss:  -71.2052001953125
epoch:  8 batch:  20 region_loss:  10.0 10.0 loc_loss:  1.3016084289550782 reward_loss:  -65.08016204833984
epoch:  8 batch:  30 region_loss:  10.0 10.0 loc_loss:  1.3960330200195312 reward_loss:  -69.8016586303711
epoch:  8 batch:  40 region_loss:  10.0 10.0 loc_loss:  1.372547607421875 reward_loss:  -68.62739562988281
epoch:  8 batch:  50 region_loss:  10.0 10.0 loc_loss:  1.3961465454101563 reward_loss:  -69.80732727050781
epoch:  8 batch:  60 region_loss:  10.0 10.0 loc_loss:  1.3931594848632813 reward_loss:  -69.65797424316406
epoch:  8 batch:  70 region_loss:  10.0 10.0 loc_loss:  1.3813392639160156 reward_loss:  -69.06695556640625
epoch:  8 batch:  80 region_loss:  10.0 10.0 loc_loss:  1.3984922790527343 reward_loss:  -69.92460632324219
epoch:  8 batch:  90 region_loss:  6.0 6.0 loc_loss:  0.8451507568359375 reward_loss:  -42.257530212402344
epoch:  8 batch:  100 region_loss:  8.0 8.0 loc_loss:  1.0739408874511718 reward_loss:  -53.697059631347656
epoch:  8 batch:  110 region_loss:  4.0 4.0 loc_loss:  0.585476303100586 reward_loss:  -29.273807525634766
epoch:  8 batch:  120 region_loss:  5.0 5.0 loc_loss:  0.6977799224853516 reward_loss:  -34.8885612487793
epoch:  8 batch:  130 region_loss:  7.0 7.0 loc_loss:  0.9904019165039063 reward_loss:  -49.520111083984375
acc@1:  0.09595484477892756
epoch: 8 region loss 0.17051094890510948 loc loss 1.1562815247138922 reward loss -57.81407477385806
epoch:  9 batch:  0 region_loss:  10.0 10.0 loc_loss:  1.327775421142578 reward_loss:  -66.38876342773438
epoch:  9 batch:  10 region_loss:  10.0 10.0 loc_loss:  1.3591748046875 reward_loss:  -67.95873260498047
epoch:  9 batch:  20 region_loss:  10.0 10.0 loc_loss:  1.2283473205566406 reward_loss:  -61.41736602783203
epoch:  9 batch:  30 region_loss:  10.0 10.0 loc_loss:  1.3247650146484375 reward_loss:  -66.23825073242188
epoch:  9 batch:  40 region_loss:  10.0 10.0 loc_loss:  1.3171891784667968 reward_loss:  -65.85944366455078
epoch:  9 batch:  50 region_loss:  10.0 10.0 loc_loss:  1.3226737976074219 reward_loss:  -66.13368225097656
epoch:  9 batch:  60 region_loss:  10.0 10.0 loc_loss:  1.3274348449707032 reward_loss:  -66.3717269897461
epoch:  9 batch:  70 region_loss:  10.0 10.0 loc_loss:  1.30933837890625 reward_loss:  -65.46690368652344
epoch:  9 batch:  80 region_loss:  10.0 10.0 loc_loss:  1.3368995666503907 reward_loss:  -66.84497833251953
epoch:  9 batch:  90 region_loss:  6.0 6.0 loc_loss:  0.8106343078613282 reward_loss:  -40.53171157836914
epoch:  9 batch:  100 region_loss:  8.0 8.0 loc_loss:  1.0156669616699219 reward_loss:  -50.78334045410156
epoch:  9 batch:  110 region_loss:  4.0 4.0 loc_loss:  0.5641323852539063 reward_loss:  -28.206653594970703
epoch:  9 batch:  120 region_loss:  5.0 5.0 loc_loss:  0.6651852416992188 reward_loss:  -33.25925827026367
epoch:  9 batch:  130 region_loss:  7.0 7.0 loc_loss:  0.9490018463134766 reward_loss:  -47.45011520385742
acc@1:  0.10489181561618062
epoch: 9 region loss 0.17051094890510948 loc loss 1.0981642891542756 reward loss -54.90821558541625
epoch:  10 batch:  0 region_loss:  10.0 10.0 loc_loss:  1.2563865661621094 reward_loss:  -62.819332122802734
epoch:  10 batch:  10 region_loss:  10.0 10.0 loc_loss:  1.2914097595214844 reward_loss:  -64.57048034667969
epoch:  10 batch:  20 region_loss:  10.0 10.0 loc_loss:  1.1565746307373046 reward_loss:  -57.828731536865234
epoch:  10 batch:  30 region_loss:  10.0 10.0 loc_loss:  1.2524112701416015 reward_loss:  -62.62057876586914
epoch:  10 batch:  40 region_loss:  10.0 10.0 loc_loss:  1.262159881591797 reward_loss:  -63.10798645019531
epoch:  10 batch:  50 region_loss:  10.0 10.0 loc_loss:  1.2470619201660156 reward_loss:  -62.35309600830078
epoch:  10 batch:  60 region_loss:  10.0 10.0 loc_loss:  1.261859130859375 reward_loss:  -63.093013763427734
epoch:  10 batch:  70 region_loss:  10.0 10.0 loc_loss:  1.2356186676025391 reward_loss:  -61.78092575073242
epoch:  10 batch:  80 region_loss:  10.0 10.0 loc_loss:  1.276015167236328 reward_loss:  -63.8007698059082
epoch:  10 batch:  90 region_loss:  6.0 6.0 loc_loss:  0.7757823181152343 reward_loss:  -38.789119720458984
epoch:  10 batch:  100 region_loss:  8.0 8.0 loc_loss:  0.9578276062011719 reward_loss:  -47.891380310058594
epoch:  10 batch:  110 region_loss:  4.0 4.0 loc_loss:  0.5420536804199219 reward_loss:  -27.1026611328125
epoch:  10 batch:  120 region_loss:  5.0 5.0 loc_loss:  0.6324686813354492 reward_loss:  -31.623437881469727
epoch:  10 batch:  130 region_loss:  7.0 7.0 loc_loss:  0.9071687316894531 reward_loss:  -45.35844039916992
acc@1:  0.11523988711194733
epoch: 10 region loss 0.17051094890510948 loc loss 1.0403567719285507 reward loss -52.017829908941785
epoch:  11 batch:  0 region_loss:  10.0 10.0 loc_loss:  1.1854022216796876 reward_loss:  -59.26988983154297
epoch:  11 batch:  10 region_loss:  10.0 10.0 loc_loss:  1.2230258178710938 reward_loss:  -61.15129089355469
epoch:  11 batch:  20 region_loss:  10.0 10.0 loc_loss:  1.0876415252685547 reward_loss:  -54.38207244873047
epoch:  11 batch:  30 region_loss:  10.0 10.0 loc_loss:  1.1806173706054688 reward_loss:  -59.0308723449707
epoch:  11 batch:  40 region_loss:  10.0 10.0 loc_loss:  1.2075005340576173 reward_loss:  -60.375022888183594
epoch:  11 batch:  50 region_loss:  10.0 10.0 loc_loss:  1.171229248046875 reward_loss:  -58.561458587646484
epoch:  11 batch:  60 region_loss:  10.0 10.0 loc_loss:  1.19798828125 reward_loss:  -59.89940643310547
epoch:  11 batch:  70 region_loss:  10.0 10.0 loc_loss:  1.162835693359375 reward_loss:  -58.14175796508789
epoch:  11 batch:  80 region_loss:  10.0 10.0 loc_loss:  1.2174620056152343 reward_loss:  -60.87310028076172
epoch:  11 batch:  90 region_loss:  6.0 6.0 loc_loss:  0.7411286926269531 reward_loss:  -37.056434631347656
epoch:  11 batch:  100 region_loss:  8.0 8.0 loc_loss:  0.9021473693847656 reward_loss:  -45.107364654541016
epoch:  11 batch:  110 region_loss:  4.0 4.0 loc_loss:  0.5194727325439453 reward_loss:  -25.973636627197266
epoch:  11 batch:  120 region_loss:  5.0 5.0 loc_loss:  0.6000031661987305 reward_loss:  -30.00015640258789
epoch:  11 batch:  130 region_loss:  7.0 7.0 loc_loss:  0.8657158660888672 reward_loss:  -43.285789489746094
acc@1:  0.1218250235183443
epoch: 11 region loss 0.17051094890510948 loc loss 0.9841661522858334 reward loss -49.2083055120315
epoch:  12 batch:  0 region_loss:  10.0 10.0 loc_loss:  1.1166970825195313 reward_loss:  -55.834861755371094
epoch:  12 batch:  10 region_loss:  10.0 10.0 loc_loss:  1.1561560821533203 reward_loss:  -57.807804107666016
epoch:  12 batch:  20 region_loss:  10.0 10.0 loc_loss:  1.0225103759765626 reward_loss:  -51.12551498413086
epoch:  12 batch:  30 region_loss:  10.0 10.0 loc_loss:  1.111000747680664 reward_loss:  -55.55004119873047
epoch:  12 batch:  40 region_loss:  10.0 10.0 loc_loss:  1.1538169860839844 reward_loss:  -57.69085693359375
epoch:  12 batch:  50 region_loss:  10.0 10.0 loc_loss:  1.0974229431152345 reward_loss:  -54.871150970458984
epoch:  12 batch:  60 region_loss:  10.0 10.0 loc_loss:  1.1365916442871093 reward_loss:  -56.8295783996582
epoch:  12 batch:  70 region_loss:  10.0 10.0 loc_loss:  1.0935617065429688 reward_loss:  -54.678138732910156
epoch:  12 batch:  80 region_loss:  10.0 10.0 loc_loss:  1.16163818359375 reward_loss:  -58.0819091796875
epoch:  12 batch:  90 region_loss:  6.0 6.0 loc_loss:  0.7071454620361328 reward_loss:  -35.35727310180664
epoch:  12 batch:  100 region_loss:  8.0 8.0 loc_loss:  0.8496963500976562 reward_loss:  -42.48481750488281
epoch:  12 batch:  110 region_loss:  4.0 4.0 loc_loss:  0.49667335510253907 reward_loss:  -24.83365821838379
epoch:  12 batch:  120 region_loss:  5.0 5.0 loc_loss:  0.5683600616455078 reward_loss:  -28.418001174926758
epoch:  12 batch:  130 region_loss:  7.0 7.0 loc_loss:  0.8252957916259765 reward_loss:  -41.26478958129883
acc@1:  0.1251175917215428
epoch: 12 region loss 0.17051094890510948 loc loss 0.9306145293521184 reward loss -46.530720425348214
epoch:  13 batch:  0 region_loss:  10.0 10.0 loc_loss:  1.0518336486816406 reward_loss:  -52.591670989990234
epoch:  13 batch:  10 region_loss:  10.0 10.0 loc_loss:  1.0923736572265625 reward_loss:  -54.61867141723633
epoch:  13 batch:  20 region_loss:  10.0 10.0 loc_loss:  0.9620392608642578 reward_loss:  -48.10196304321289
epoch:  13 batch:  30 region_loss:  10.0 10.0 loc_loss:  1.0449629974365235 reward_loss:  -52.24814987182617
epoch:  13 batch:  40 region_loss:  10.0 10.0 loc_loss:  1.1019000244140624 reward_loss:  -55.09499740600586
epoch:  13 batch:  50 region_loss:  10.0 10.0 loc_loss:  1.0278700256347657 reward_loss:  -51.39350128173828
epoch:  13 batch:  60 region_loss:  10.0 10.0 loc_loss:  1.0781558227539063 reward_loss:  -53.90778350830078
epoch:  13 batch:  70 region_loss:  10.0 10.0 loc_loss:  1.0295874786376953 reward_loss:  -51.47941589355469
epoch:  13 batch:  80 region_loss:  10.0 10.0 loc_loss:  1.108313674926758 reward_loss:  -55.41568374633789
epoch:  13 batch:  90 region_loss:  6.0 6.0 loc_loss:  0.6742045593261718 reward_loss:  -33.71022415161133
epoch:  13 batch:  100 region_loss:  8.0 8.0 loc_loss:  0.8013194274902343 reward_loss:  -40.06596374511719
epoch:  13 batch:  110 region_loss:  4.0 4.0 loc_loss:  0.4739957046508789 reward_loss:  -23.699792861938477
epoch:  13 batch:  120 region_loss:  5.0 5.0 loc_loss:  0.5378611755371093 reward_loss:  -26.893056869506836
epoch:  13 batch:  130 region_loss:  7.0 7.0 loc_loss:  0.7863031005859376 reward_loss:  -39.315155029296875
acc@1:  0.1288805268109125
epoch: 13 region loss 0.17051094890510948 loc loss 0.8803949275330035 reward loss -44.01974590329358
epoch:  14 batch:  0 region_loss:  10.0 10.0 loc_loss:  0.9917398071289063 reward_loss:  -49.58698654174805
epoch:  14 batch:  10 region_loss:  10.0 10.0 loc_loss:  1.0326099395751953 reward_loss:  -51.630496978759766
epoch:  14 batch:  20 region_loss:  10.0 10.0 loc_loss:  0.9065055847167969 reward_loss:  -45.325279235839844
epoch:  14 batch:  30 region_loss:  10.0 10.0 loc_loss:  0.9840203857421875 reward_loss:  -49.201019287109375
epoch:  14 batch:  40 region_loss:  10.0 10.0 loc_loss:  1.052566375732422 reward_loss:  -52.62831497192383
epoch:  14 batch:  50 region_loss:  10.0 10.0 loc_loss:  0.9641844177246094 reward_loss:  -48.20921325683594
epoch:  14 batch:  60 region_loss:  10.0 10.0 loc_loss:  1.0232491302490234 reward_loss:  -51.162452697753906
epoch:  14 batch:  70 region_loss:  10.0 10.0 loc_loss:  0.9711212921142578 reward_loss:  -48.55605697631836
epoch:  14 batch:  80 region_loss:  10.0 10.0 loc_loss:  1.0574139404296874 reward_loss:  -52.870689392089844
epoch:  14 batch:  90 region_loss:  6.0 6.0 loc_loss:  0.6427454376220703 reward_loss:  -32.137271881103516
epoch:  14 batch:  100 region_loss:  8.0 8.0 loc_loss:  0.757373046875 reward_loss:  -37.86865997314453
epoch:  14 batch:  110 region_loss:  4.0 4.0 loc_loss:  0.45165554046630857 reward_loss:  -22.582782745361328
epoch:  14 batch:  120 region_loss:  5.0 5.0 loc_loss:  0.5088603210449218 reward_loss:  -25.44301986694336
epoch:  14 batch:  130 region_loss:  7.0 7.0 loc_loss:  0.7491893005371094 reward_loss:  -37.4594612121582
acc@1:  0.13076199435559738
epoch: 14 region loss 0.17051094890510948 loc loss 0.8338446972143911 reward loss -41.69222905514014
epoch:  15 batch:  0 region_loss:  10.0 10.0 loc_loss:  0.9368751525878907 reward_loss:  -46.843753814697266
epoch:  15 batch:  10 region_loss:  10.0 10.0 loc_loss:  0.977313232421875 reward_loss:  -48.865657806396484
epoch:  15 batch:  20 region_loss:  10.0 10.0 loc_loss:  0.85589111328125 reward_loss:  -42.7945556640625
epoch:  15 batch:  30 region_loss:  10.0 10.0 loc_loss:  0.9284445190429688 reward_loss:  -46.42222595214844
epoch:  15 batch:  40 region_loss:  10.0 10.0 loc_loss:  1.0066580963134766 reward_loss:  -50.33290100097656
epoch:  15 batch:  50 region_loss:  10.0 10.0 loc_loss:  0.9068311309814453 reward_loss:  -45.341552734375
epoch:  15 batch:  60 region_loss:  10.0 10.0 loc_loss:  0.9717528533935547 reward_loss:  -48.587646484375
epoch:  15 batch:  70 region_loss:  10.0 10.0 loc_loss:  0.9179244995117187 reward_loss:  -45.89622497558594
epoch:  15 batch:  80 region_loss:  10.0 10.0 loc_loss:  1.0088120269775391 reward_loss:  -50.44062423706055
epoch:  15 batch:  90 region_loss:  6.0 6.0 loc_loss:  0.613014030456543 reward_loss:  -30.65070343017578
epoch:  15 batch:  100 region_loss:  8.0 8.0 loc_loss:  0.7176594543457031 reward_loss:  -35.882972717285156
epoch:  15 batch:  110 region_loss:  4.0 4.0 loc_loss:  0.42996185302734374 reward_loss:  -21.498088836669922
epoch:  15 batch:  120 region_loss:  5.0 5.0 loc_loss:  0.48149574279785157 reward_loss:  -24.074787139892578
epoch:  15 batch:  130 region_loss:  7.0 7.0 loc_loss:  0.7140802001953125 reward_loss:  -35.704010009765625
acc@1:  0.12982126058325494
epoch: 15 region loss 0.17051094890510948 loc loss 0.7909874945313391 reward loss -39.54937689843839
epoch:  16 batch:  0 region_loss:  10.0 10.0 loc_loss:  0.8870025634765625 reward_loss:  -44.350128173828125
epoch:  16 batch:  10 region_loss:  10.0 10.0 loc_loss:  0.9264856719970703 reward_loss:  -46.324283599853516
epoch:  16 batch:  20 region_loss:  10.0 10.0 loc_loss:  0.8101813507080078 reward_loss:  -40.50906753540039
epoch:  16 batch:  30 region_loss:  10.0 10.0 loc_loss:  0.8777926635742187 reward_loss:  -43.88963317871094
epoch:  16 batch:  40 region_loss:  10.0 10.0 loc_loss:  0.9643666076660157 reward_loss:  -48.21833038330078
epoch:  16 batch:  50 region_loss:  10.0 10.0 loc_loss:  0.8556504821777344 reward_loss:  -42.78252410888672
epoch:  16 batch:  60 region_loss:  10.0 10.0 loc_loss:  0.9235268402099609 reward_loss:  -46.17634582519531
epoch:  16 batch:  70 region_loss:  10.0 10.0 loc_loss:  0.8693045043945312 reward_loss:  -43.46522521972656
epoch:  16 batch:  80 region_loss:  10.0 10.0 loc_loss:  0.9627175140380859 reward_loss:  -48.135868072509766
epoch:  16 batch:  90 region_loss:  6.0 6.0 loc_loss:  0.5849325561523437 reward_loss:  -29.246625900268555
epoch:  16 batch:  100 region_loss:  8.0 8.0 loc_loss:  0.68154541015625 reward_loss:  -34.07725143432617
epoch:  16 batch:  110 region_loss:  4.0 4.0 loc_loss:  0.4090460968017578 reward_loss:  -20.452308654785156
epoch:  16 batch:  120 region_loss:  5.0 5.0 loc_loss:  0.45567970275878905 reward_loss:  -22.783987045288086
epoch:  16 batch:  130 region_loss:  7.0 7.0 loc_loss:  0.6810493469238281 reward_loss:  -34.052459716796875
acc@1:  0.13358419567262464
epoch: 16 region loss 0.17051094890510948 loc loss 0.7516108575528555 reward loss -37.58054400534525
epoch:  17 batch:  0 region_loss:  10.0 10.0 loc_loss:  0.8414990234375 reward_loss:  -42.074947357177734
epoch:  17 batch:  10 region_loss:  10.0 10.0 loc_loss:  0.8800840759277344 reward_loss:  -44.00420379638672
epoch:  17 batch:  20 region_loss:  10.0 10.0 loc_loss:  0.7690767669677734 reward_loss:  -38.45383834838867
epoch:  17 batch:  30 region_loss:  10.0 10.0 loc_loss:  0.8313914489746094 reward_loss:  -41.56957244873047
epoch:  17 batch:  40 region_loss:  10.0 10.0 loc_loss:  0.9256588745117188 reward_loss:  -46.282936096191406
epoch:  17 batch:  50 region_loss:  10.0 10.0 loc_loss:  0.809854736328125 reward_loss:  -40.49273681640625
epoch:  17 batch:  60 region_loss:  10.0 10.0 loc_loss:  0.8782096862792969 reward_loss:  -43.910484313964844
epoch:  17 batch:  70 region_loss:  10.0 10.0 loc_loss:  0.8248185729980468 reward_loss:  -41.24092483520508
epoch:  17 batch:  80 region_loss:  10.0 10.0 loc_loss:  0.9193563842773438 reward_loss:  -45.96781539916992
epoch:  17 batch:  90 region_loss:  6.0 6.0 loc_loss:  0.55833740234375 reward_loss:  -27.9168701171875
epoch:  17 batch:  100 region_loss:  8.0 8.0 loc_loss:  0.6485565948486328 reward_loss:  -32.42782974243164
epoch:  17 batch:  110 region_loss:  4.0 4.0 loc_loss:  0.38903003692626953 reward_loss:  -19.451501846313477
epoch:  17 batch:  120 region_loss:  5.0 5.0 loc_loss:  0.4314202880859375 reward_loss:  -21.57101821899414
epoch:  17 batch:  130 region_loss:  7.0 7.0 loc_loss:  0.6500033569335938 reward_loss:  -32.50016784667969
acc@1:  0.13358419567262464
epoch: 17 region loss 0.17051094890510948 loc loss 0.7153946769324533 reward loss -35.76973118747238
epoch:  18 batch:  0 region_loss:  10.0 10.0 loc_loss:  0.7997744750976562 reward_loss:  -39.988731384277344
epoch:  18 batch:  10 region_loss:  10.0 10.0 loc_loss:  0.8376570892333984 reward_loss:  -41.88285827636719
epoch:  18 batch:  20 region_loss:  10.0 10.0 loc_loss:  0.7321268463134766 reward_loss:  -36.60633850097656
epoch:  18 batch:  30 region_loss:  10.0 10.0 loc_loss:  0.7885704803466796 reward_loss:  -39.42853546142578
epoch:  18 batch:  40 region_loss:  10.0 10.0 loc_loss:  0.8899577331542968 reward_loss:  -44.497886657714844
epoch:  18 batch:  50 region_loss:  10.0 10.0 loc_loss:  0.7685536956787109 reward_loss:  -38.42768096923828
epoch:  18 batch:  60 region_loss:  10.0 10.0 loc_loss:  0.8354077911376954 reward_loss:  -41.770389556884766
epoch:  18 batch:  70 region_loss:  10.0 10.0 loc_loss:  0.7839423370361328 reward_loss:  -39.197113037109375
epoch:  18 batch:  80 region_loss:  10.0 10.0 loc_loss:  0.8785099029541016 reward_loss:  -43.92549514770508
epoch:  18 batch:  90 region_loss:  6.0 6.0 loc_loss:  0.5332336807250977 reward_loss:  -26.66168212890625
epoch:  18 batch:  100 region_loss:  8.0 8.0 loc_loss:  0.6180646133422851 reward_loss:  -30.903234481811523
epoch:  18 batch:  110 region_loss:  4.0 4.0 loc_loss:  0.36986312866210935 reward_loss:  -18.493154525756836
epoch:  18 batch:  120 region_loss:  5.0 5.0 loc_loss:  0.408592529296875 reward_loss:  -20.429624557495117
epoch:  18 batch:  130 region_loss:  7.0 7.0 loc_loss:  0.6208076858520508 reward_loss:  -31.040386199951172
acc@1:  0.1354656632173095
epoch: 18 region loss 0.17051094890510948 loc loss 0.6819528511492875 reward loss -34.09764225813594
epoch:  19 batch:  0 region_loss:  10.0 10.0 loc_loss:  0.7610824584960938 reward_loss:  -38.05412292480469
epoch:  19 batch:  10 region_loss:  10.0 10.0 loc_loss:  0.798555679321289 reward_loss:  -39.92777633666992
epoch:  19 batch:  20 region_loss:  10.0 10.0 loc_loss:  0.698740234375 reward_loss:  -34.937007904052734
epoch:  19 batch:  30 region_loss:  10.0 10.0 loc_loss:  0.7488541412353515 reward_loss:  -37.44271469116211
epoch:  19 batch:  40 region_loss:  10.0 10.0 loc_loss:  0.8568909454345703 reward_loss:  -42.844547271728516
epoch:  19 batch:  50 region_loss:  10.0 10.0 loc_loss:  0.7309729766845703 reward_loss:  -36.548648834228516
epoch:  19 batch:  60 region_loss:  10.0 10.0 loc_loss:  0.7949217987060547 reward_loss:  -39.746089935302734
epoch:  19 batch:  70 region_loss:  10.0 10.0 loc_loss:  0.746158447265625 reward_loss:  -37.30792236328125
epoch:  19 batch:  80 region_loss:  10.0 10.0 loc_loss:  0.8400021362304687 reward_loss:  -42.00011444091797
epoch:  19 batch:  90 region_loss:  6.0 6.0 loc_loss:  0.5093549346923828 reward_loss:  -25.46774673461914
epoch:  19 batch:  100 region_loss:  8.0 8.0 loc_loss:  0.5896767425537109 reward_loss:  -29.483837127685547
epoch:  19 batch:  110 region_loss:  4.0 4.0 loc_loss:  0.3515854644775391 reward_loss:  -17.579275131225586
epoch:  19 batch:  120 region_loss:  5.0 5.0 loc_loss:  0.3870350646972656 reward_loss:  -19.35175323486328
epoch:  19 batch:  130 region_loss:  7.0 7.0 loc_loss:  0.5931332778930664 reward_loss:  -29.656665802001953
acc@1:  0.1359360301034807
epoch: 19 region loss 0.17051094890510948 loc loss 0.6509102548473943 reward loss -32.54550989526902
epoch:  20 batch:  0 region_loss:  10.0 10.0 loc_loss:  0.7249871826171875 reward_loss:  -36.24935531616211
epoch:  20 batch:  10 region_loss:  10.0 10.0 loc_loss:  0.7623431396484375 reward_loss:  -38.117156982421875
epoch:  20 batch:  20 region_loss:  10.0 10.0 loc_loss:  0.6683439636230468 reward_loss:  -33.417198181152344
epoch:  20 batch:  30 region_loss:  10.0 10.0 loc_loss:  0.7119427490234375 reward_loss:  -35.597137451171875
epoch:  20 batch:  40 region_loss:  10.0 10.0 loc_loss:  0.8257177734375 reward_loss:  -41.285888671875
epoch:  20 batch:  50 region_loss:  10.0 10.0 loc_loss:  0.6965432739257813 reward_loss:  -34.82716369628906
epoch:  20 batch:  60 region_loss:  10.0 10.0 loc_loss:  0.7565888214111328 reward_loss:  -37.829437255859375
epoch:  20 batch:  70 region_loss:  10.0 10.0 loc_loss:  0.7110491943359375 reward_loss:  -35.55245590209961
epoch:  20 batch:  80 region_loss:  10.0 10.0 loc_loss:  0.8034077453613281 reward_loss:  -40.170387268066406
epoch:  20 batch:  90 region_loss:  6.0 6.0 loc_loss:  0.4866397094726562 reward_loss:  -24.33198356628418
epoch:  20 batch:  100 region_loss:  8.0 8.0 loc_loss:  0.5630389404296875 reward_loss:  -28.151947021484375
epoch:  20 batch:  110 region_loss:  4.0 4.0 loc_loss:  0.3342076110839844 reward_loss:  -16.71038055419922
epoch:  20 batch:  120 region_loss:  5.0 5.0 loc_loss:  0.36670989990234376 reward_loss:  -18.335494995117188
epoch:  20 batch:  130 region_loss:  7.0 7.0 loc_loss:  0.5667838287353516 reward_loss:  -28.339189529418945
acc@1:  0.13311382878645345
epoch: 20 region loss 0.17051094890510948 loc loss 0.6219040347189799 reward loss -31.09520108160311
epoch:  21 batch:  0 region_loss:  10.0 10.0 loc_loss:  0.6910028839111328 reward_loss:  -34.55014419555664
epoch:  21 batch:  10 region_loss:  10.0 10.0 loc_loss:  0.7284833526611328 reward_loss:  -36.42416763305664
epoch:  21 batch:  20 region_loss:  10.0 10.0 loc_loss:  0.6402925109863281 reward_loss:  -32.014625549316406
epoch:  21 batch:  30 region_loss:  10.0 10.0 loc_loss:  0.6774172210693359 reward_loss:  -33.8708610534668
epoch:  21 batch:  40 region_loss:  10.0 10.0 loc_loss:  0.7960638427734374 reward_loss:  -39.80318832397461
epoch:  21 batch:  50 region_loss:  10.0 10.0 loc_loss:  0.6648247528076172 reward_loss:  -33.241241455078125
epoch:  21 batch:  60 region_loss:  10.0 10.0 loc_loss:  0.7203079223632812 reward_loss:  -36.01539611816406
epoch:  21 batch:  70 region_loss:  10.0 10.0 loc_loss:  0.6782557678222656 reward_loss:  -33.912784576416016
epoch:  21 batch:  80 region_loss:  10.0 10.0 loc_loss:  0.7685594177246093 reward_loss:  -38.427974700927734
epoch:  21 batch:  90 region_loss:  6.0 6.0 loc_loss:  0.4649966049194336 reward_loss:  -23.249832153320312
epoch:  21 batch:  100 region_loss:  8.0 8.0 loc_loss:  0.537811279296875 reward_loss:  -26.89056396484375
epoch:  21 batch:  110 region_loss:  4.0 4.0 loc_loss:  0.31766815185546876 reward_loss:  -15.883406639099121
epoch:  21 batch:  120 region_loss:  5.0 5.0 loc_loss:  0.347591552734375 reward_loss:  -17.379579544067383
epoch:  21 batch:  130 region_loss:  7.0 7.0 loc_loss:  0.5415640258789063 reward_loss:  -27.078201293945312
acc@1:  0.1317027281279398
epoch: 21 region loss 0.17051094890510948 loc loss 0.5946467043187497 reward loss -29.73233461728061
epoch:  22 batch:  0 region_loss:  10.0 10.0 loc_loss:  0.6588484191894531 reward_loss:  -32.94241714477539
epoch:  22 batch:  10 region_loss:  10.0 10.0 loc_loss:  0.6966940307617188 reward_loss:  -34.83469772338867
epoch:  22 batch:  20 region_loss:  10.0 10.0 loc_loss:  0.6142323684692382 reward_loss:  -30.711618423461914
epoch:  22 batch:  30 region_loss:  10.0 10.0 loc_loss:  0.6450064086914062 reward_loss:  -32.25032043457031
epoch:  22 batch:  40 region_loss:  10.0 10.0 loc_loss:  0.7675829315185547 reward_loss:  -38.379146575927734
epoch:  22 batch:  50 region_loss:  10.0 10.0 loc_loss:  0.6352748489379882 reward_loss:  -31.76374053955078
epoch:  22 batch:  60 region_loss:  10.0 10.0 loc_loss:  0.6859017944335938 reward_loss:  -34.29508972167969
epoch:  22 batch:  70 region_loss:  10.0 10.0 loc_loss:  0.6475663757324219 reward_loss:  -32.378318786621094
epoch:  22 batch:  80 region_loss:  10.0 10.0 loc_loss:  0.7351655578613281 reward_loss:  -36.758277893066406
epoch:  22 batch:  90 region_loss:  6.0 6.0 loc_loss:  0.44430648803710937 reward_loss:  -22.21532440185547
epoch:  22 batch:  100 region_loss:  8.0 8.0 loc_loss:  0.5137619018554688 reward_loss:  -25.688098907470703
epoch:  22 batch:  110 region_loss:  4.0 4.0 loc_loss:  0.3019396209716797 reward_loss:  -15.096967697143555
epoch:  22 batch:  120 region_loss:  5.0 5.0 loc_loss:  0.32947914123535155 reward_loss:  -16.473957061767578
epoch:  22 batch:  130 region_loss:  7.0 7.0 loc_loss:  0.5172636413574219 reward_loss:  -25.863182067871094
acc@1:  0.13076199435559738
epoch: 22 region loss 0.17051094890510948 loc loss 0.5688817121686727 reward loss -28.44408536479421
epoch:  23 batch:  0 region_loss:  10.0 10.0 loc_loss:  0.6283762741088867 reward_loss:  -31.418798446655273
epoch:  23 batch:  10 region_loss:  10.0 10.0 loc_loss:  0.6667384338378907 reward_loss:  -33.336917877197266
epoch:  23 batch:  20 region_loss:  10.0 10.0 loc_loss:  0.5897276687622071 reward_loss:  -29.48638153076172
epoch:  23 batch:  30 region_loss:  10.0 10.0 loc_loss:  0.6145297241210937 reward_loss:  -30.726486206054688
epoch:  23 batch:  40 region_loss:  10.0 10.0 loc_loss:  0.7402320098876953 reward_loss:  -37.011600494384766
epoch:  23 batch:  50 region_loss:  10.0 10.0 loc_loss:  0.6076955413818359 reward_loss:  -30.38477325439453
epoch:  23 batch:  60 region_loss:  10.0 10.0 loc_loss:  0.6533683776855469 reward_loss:  -32.66841506958008
epoch:  23 batch:  70 region_loss:  10.0 10.0 loc_loss:  0.6187348556518555 reward_loss:  -30.936742782592773
epoch:  23 batch:  80 region_loss:  10.0 10.0 loc_loss:  0.7030146026611328 reward_loss:  -35.15073013305664
epoch:  23 batch:  90 region_loss:  6.0 6.0 loc_loss:  0.4244791793823242 reward_loss:  -21.223960876464844
epoch:  23 batch:  100 region_loss:  8.0 8.0 loc_loss:  0.4908007049560547 reward_loss:  -24.540037155151367
epoch:  23 batch:  110 region_loss:  4.0 4.0 loc_loss:  0.2868771553039551 reward_loss:  -14.343857765197754
epoch:  23 batch:  120 region_loss:  5.0 5.0 loc_loss:  0.3123693084716797 reward_loss:  -15.618465423583984
epoch:  23 batch:  130 region_loss:  7.0 7.0 loc_loss:  0.4938418579101562 reward_loss:  -24.692096710205078
acc@1:  0.13029162746942616
epoch: 23 region loss 0.17051094890510948 loc loss 0.5444157860748959 reward loss -27.220788464929065
epoch:  24 batch:  0 region_loss:  10.0 10.0 loc_loss:  0.5993330764770508 reward_loss:  -29.96665382385254
epoch:  24 batch:  10 region_loss:  10.0 10.0 loc_loss:  0.6384329986572266 reward_loss:  -31.921648025512695
epoch:  24 batch:  20 region_loss:  10.0 10.0 loc_loss:  0.5665426254272461 reward_loss:  -28.32713508605957
epoch:  24 batch:  30 region_loss:  10.0 10.0 loc_loss:  0.5857122802734375 reward_loss:  -29.285612106323242
epoch:  24 batch:  40 region_loss:  10.0 10.0 loc_loss:  0.7136538696289062 reward_loss:  -35.68268585205078
epoch:  24 batch:  50 region_loss:  10.0 10.0 loc_loss:  0.5815546417236328 reward_loss:  -29.07773208618164
epoch:  24 batch:  60 region_loss:  10.0 10.0 loc_loss:  0.6225311660766601 reward_loss:  -31.126554489135742
epoch:  24 batch:  70 region_loss:  10.0 10.0 loc_loss:  0.5915327453613282 reward_loss:  -29.57668685913086
epoch:  24 batch:  80 region_loss:  10.0 10.0 loc_loss:  0.6721276092529297 reward_loss:  -33.60638427734375
epoch:  24 batch:  90 region_loss:  6.0 6.0 loc_loss:  0.4053791427612305 reward_loss:  -20.268957138061523
epoch:  24 batch:  100 region_loss:  8.0 8.0 loc_loss:  0.46873184204101564 reward_loss:  -23.43659210205078
epoch:  24 batch:  110 region_loss:  4.0 4.0 loc_loss:  0.27247808456420897 reward_loss:  -13.623903274536133
epoch:  24 batch:  120 region_loss:  5.0 5.0 loc_loss:  0.29623262405395506 reward_loss:  -14.811631202697754
epoch:  24 batch:  130 region_loss:  7.0 7.0 loc_loss:  0.47121917724609375 reward_loss:  -23.560955047607422
acc@1:  0.12746942615239887
epoch: 24 region loss 0.17051094890510948 loc loss 0.5210746776274521 reward loss -26.053733463705022
epoch:  25 batch:  0 region_loss:  10.0 10.0 loc_loss:  0.5716486358642578 reward_loss:  -28.58243179321289
epoch:  25 batch:  10 region_loss:  10.0 10.0 loc_loss:  0.6114687347412109 reward_loss:  -30.573436737060547
epoch:  25 batch:  20 region_loss:  10.0 10.0 loc_loss:  0.5444510650634765 reward_loss:  -27.222553253173828
epoch:  25 batch:  30 region_loss:  10.0 10.0 loc_loss:  0.5584483718872071 reward_loss:  -27.92241859436035
epoch:  25 batch:  40 region_loss:  10.0 10.0 loc_loss:  0.6878089141845704 reward_loss:  -34.390445709228516
epoch:  25 batch:  50 region_loss:  10.0 10.0 loc_loss:  0.5568017578125 reward_loss:  -27.840084075927734
epoch:  25 batch:  60 region_loss:  10.0 10.0 loc_loss:  0.5931106185913086 reward_loss:  -29.655529022216797
epoch:  25 batch:  70 region_loss:  10.0 10.0 loc_loss:  0.5657859802246094 reward_loss:  -28.2893009185791
epoch:  25 batch:  80 region_loss:  10.0 10.0 loc_loss:  0.6422365570068359 reward_loss:  -32.11183166503906
epoch:  25 batch:  90 region_loss:  6.0 6.0 loc_loss:  0.3869940185546875 reward_loss:  -19.349702835083008
epoch:  25 batch:  100 region_loss:  8.0 8.0 loc_loss:  0.4475732421875 reward_loss:  -22.378665924072266
epoch:  25 batch:  110 region_loss:  4.0 4.0 loc_loss:  0.2586390495300293 reward_loss:  -12.931951522827148
epoch:  25 batch:  120 region_loss:  5.0 5.0 loc_loss:  0.2808371925354004 reward_loss:  -14.041860580444336
epoch:  25 batch:  130 region_loss:  7.0 7.0 loc_loss:  0.44939006805419923 reward_loss:  -22.469499588012695
acc@1:  0.12652869238005646
epoch: 25 region loss 0.17051094890510948 loc loss 0.49872745061442797 reward loss -24.936371932064528
epoch:  26 batch:  0 region_loss:  10.0 10.0 loc_loss:  0.5450826263427735 reward_loss:  -27.254133224487305
epoch:  26 batch:  10 region_loss:  10.0 10.0 loc_loss:  0.5858427429199219 reward_loss:  -29.292139053344727
epoch:  26 batch:  20 region_loss:  10.0 10.0 loc_loss:  0.5234200286865235 reward_loss:  -26.171003341674805
epoch:  26 batch:  30 region_loss:  10.0 10.0 loc_loss:  0.5324073791503906 reward_loss:  -26.620365142822266
epoch:  26 batch:  40 region_loss:  10.0 10.0 loc_loss:  0.6626510620117188 reward_loss:  -33.1325569152832
epoch:  26 batch:  50 region_loss:  10.0 10.0 loc_loss:  0.5331650161743164 reward_loss:  -26.65825080871582
epoch:  26 batch:  60 region_loss:  10.0 10.0 loc_loss:  0.5650675964355468 reward_loss:  -28.25337791442871
epoch:  26 batch:  70 region_loss:  10.0 10.0 loc_loss:  0.5412005233764648 reward_loss:  -27.06002426147461
epoch:  26 batch:  80 region_loss:  10.0 10.0 loc_loss:  0.6132925415039062 reward_loss:  -30.664627075195312
epoch:  26 batch:  90 region_loss:  6.0 6.0 loc_loss:  0.36921092987060544 reward_loss:  -18.460546493530273
epoch:  26 batch:  100 region_loss:  8.0 8.0 loc_loss:  0.42716537475585936 reward_loss:  -21.358266830444336
epoch:  26 batch:  110 region_loss:  4.0 4.0 loc_loss:  0.24532854080200195 reward_loss:  -12.266427993774414
epoch:  26 batch:  120 region_loss:  5.0 5.0 loc_loss:  0.2661943244934082 reward_loss:  -13.309717178344727
epoch:  26 batch:  130 region_loss:  7.0 7.0 loc_loss:  0.4282092666625977 reward_loss:  -21.41046142578125
acc@1:  0.1251175917215428
epoch: 26 region loss 0.17051094890510948 loc loss 0.4772533452249792 reward loss -23.862666916673202
epoch:  27 batch:  0 region_loss:  10.0 10.0 loc_loss:  0.5196812057495117 reward_loss:  -25.984058380126953
epoch:  27 batch:  10 region_loss:  10.0 10.0 loc_loss:  0.5612143325805664 reward_loss:  -28.060714721679688
epoch:  27 batch:  20 region_loss:  10.0 10.0 loc_loss:  0.5032076263427734 reward_loss:  -25.160375595092773
epoch:  27 batch:  30 region_loss:  10.0 10.0 loc_loss:  0.5076172637939453 reward_loss:  -25.380861282348633
epoch:  27 batch:  40 region_loss:  10.0 10.0 loc_loss:  0.6379956817626953 reward_loss:  -31.899782180786133
epoch:  27 batch:  50 region_loss:  10.0 10.0 loc_loss:  0.5105069351196289 reward_loss:  -25.525344848632812
epoch:  27 batch:  60 region_loss:  10.0 10.0 loc_loss:  0.5381745529174805 reward_loss:  -26.90872573852539
epoch:  27 batch:  70 region_loss:  10.0 10.0 loc_loss:  0.5177862167358398 reward_loss:  -25.889310836791992
epoch:  27 batch:  80 region_loss:  10.0 10.0 loc_loss:  0.5852755737304688 reward_loss:  -29.263774871826172
epoch:  27 batch:  90 region_loss:  6.0 6.0 loc_loss:  0.35198238372802737 reward_loss:  -17.599119186401367
epoch:  27 batch:  100 region_loss:  8.0 8.0 loc_loss:  0.4074993133544922 reward_loss:  -20.374954223632812
epoch:  27 batch:  110 region_loss:  4.0 4.0 loc_loss:  0.23256223678588867 reward_loss:  -11.628111839294434
epoch:  27 batch:  120 region_loss:  5.0 5.0 loc_loss:  0.25224210739135744 reward_loss:  -12.612105369567871
epoch:  27 batch:  130 region_loss:  7.0 7.0 loc_loss:  0.4077821350097656 reward_loss:  -20.38910675048828
acc@1:  0.12276575729068674
epoch: 27 region loss 0.17051094890510948 loc loss 0.45656661513948094 reward loss -22.828331722830335
epoch:  28 batch:  0 region_loss:  10.0 10.0 loc_loss:  0.49529571533203126 reward_loss:  -24.76478385925293
epoch:  28 batch:  10 region_loss:  10.0 10.0 loc_loss:  0.5374244689941406 reward_loss:  -26.8712215423584
epoch:  28 batch:  20 region_loss:  10.0 10.0 loc_loss:  0.4837918472290039 reward_loss:  -24.189592361450195
epoch:  28 batch:  30 region_loss:  10.0 10.0 loc_loss:  0.48382911682128904 reward_loss:  -24.19145965576172
epoch:  28 batch:  40 region_loss:  10.0 10.0 loc_loss:  0.6138360977172852 reward_loss:  -30.691802978515625
epoch:  28 batch:  50 region_loss:  10.0 10.0 loc_loss:  0.4886301803588867 reward_loss:  -24.431507110595703
epoch:  28 batch:  60 region_loss:  10.0 10.0 loc_loss:  0.5123938751220704 reward_loss:  -25.619693756103516
epoch:  28 batch:  70 region_loss:  10.0 10.0 loc_loss:  0.49531810760498046 reward_loss:  -24.765905380249023
epoch:  28 batch:  80 region_loss:  10.0 10.0 loc_loss:  0.5580684661865234 reward_loss:  -27.903425216674805
epoch:  28 batch:  90 region_loss:  6.0 6.0 loc_loss:  0.3352120590209961 reward_loss:  -16.760602951049805
epoch:  28 batch:  100 region_loss:  8.0 8.0 loc_loss:  0.38855228424072263 reward_loss:  -19.4276123046875
epoch:  28 batch:  110 region_loss:  4.0 4.0 loc_loss:  0.22024425506591797 reward_loss:  -11.012210845947266
epoch:  28 batch:  120 region_loss:  5.0 5.0 loc_loss:  0.238855037689209 reward_loss:  -11.942750930786133
epoch:  28 batch:  130 region_loss:  7.0 7.0 loc_loss:  0.38793609619140623 reward_loss:  -19.396804809570312
acc@1:  0.12088428974600188
epoch: 28 region loss 0.17051094890510948 loc loss 0.4365776850707339 reward loss -21.828884639879213
epoch:  29 batch:  0 region_loss:  10.0 10.0 loc_loss:  0.47186630249023437 reward_loss:  -23.59330940246582
epoch:  29 batch:  10 region_loss:  10.0 10.0 loc_loss:  0.5145355606079102 reward_loss:  -25.726778030395508
epoch:  29 batch:  20 region_loss:  10.0 10.0 loc_loss:  0.4650325393676758 reward_loss:  -23.25162696838379
epoch:  29 batch:  30 region_loss:  10.0 10.0 loc_loss:  0.46105716705322264 reward_loss:  -23.052858352661133
epoch:  29 batch:  40 region_loss:  10.0 10.0 loc_loss:  0.5901485061645508 reward_loss:  -29.50742530822754
epoch:  29 batch:  50 region_loss:  10.0 10.0 loc_loss:  0.46756778717041014 reward_loss:  -23.378389358520508
epoch:  29 batch:  60 region_loss:  10.0 10.0 loc_loss:  0.4876222991943359 reward_loss:  -24.38111686706543
epoch:  29 batch:  70 region_loss:  10.0 10.0 loc_loss:  0.47366928100585937 reward_loss:  -23.68346405029297
epoch:  29 batch:  80 region_loss:  10.0 10.0 loc_loss:  0.5316030883789062 reward_loss:  -26.58015251159668
epoch:  29 batch:  90 region_loss:  6.0 6.0 loc_loss:  0.31892742156982423 reward_loss:  -15.946370124816895
epoch:  29 batch:  100 region_loss:  8.0 8.0 loc_loss:  0.3702252197265625 reward_loss:  -18.511262893676758
epoch:  29 batch:  110 region_loss:  4.0 4.0 loc_loss:  0.20832958221435546 reward_loss:  -10.416479110717773
epoch:  29 batch:  120 region_loss:  5.0 5.0 loc_loss:  0.22603713989257812 reward_loss:  -11.30185604095459
epoch:  29 batch:  130 region_loss:  7.0 7.0 loc_loss:  0.3687828826904297 reward_loss:  -18.439144134521484
acc@1:  0.11994355597365945
epoch: 29 region loss 0.17051094890510948 loc loss 0.41723117835330265 reward loss -20.861557894379555
epoch:  30 batch:  0 region_loss:  10.0 10.0 loc_loss:  0.44934226989746096 reward_loss:  -22.467113494873047
epoch:  30 batch:  10 region_loss:  10.0 10.0 loc_loss:  0.4923104476928711 reward_loss:  -24.615520477294922
epoch:  30 batch:  20 region_loss:  10.0 10.0 loc_loss:  0.4468134689331055 reward_loss:  -22.340673446655273
epoch:  30 batch:  30 region_loss:  10.0 10.0 loc_loss:  0.4390742492675781 reward_loss:  -21.953716278076172
epoch:  30 batch:  40 region_loss:  10.0 10.0 loc_loss:  0.5668840789794922 reward_loss:  -28.344202041625977
epoch:  30 batch:  50 region_loss:  10.0 10.0 loc_loss:  0.44709995269775393 reward_loss:  -22.354999542236328
epoch:  30 batch:  60 region_loss:  10.0 10.0 loc_loss:  0.463671989440918 reward_loss:  -23.18360137939453
epoch:  30 batch:  70 region_loss:  10.0 10.0 loc_loss:  0.4528181838989258 reward_loss:  -22.64090919494629
epoch:  30 batch:  80 region_loss:  10.0 10.0 loc_loss:  0.5058113861083985 reward_loss:  -25.290569305419922
epoch:  30 batch:  90 region_loss:  6.0 6.0 loc_loss:  0.30306272506713866 reward_loss:  -15.15313720703125
epoch:  30 batch:  100 region_loss:  8.0 8.0 loc_loss:  0.3525311279296875 reward_loss:  -17.626556396484375
epoch:  30 batch:  110 region_loss:  4.0 4.0 loc_loss:  0.19688657760620118 reward_loss:  -9.844324111938477
epoch:  30 batch:  120 region_loss:  5.0 5.0 loc_loss:  0.21368896484375 reward_loss:  -10.68444538116455
epoch:  30 batch:  130 region_loss:  7.0 7.0 loc_loss:  0.3501895523071289 reward_loss:  -17.509475708007812
acc@1:  0.11853245531514581
epoch: 30 region loss 0.17051094890510948 loc loss 0.39847090223409837 reward loss -19.92354496030042
epoch:  31 batch:  0 region_loss:  10.0 10.0 loc_loss:  0.4275874710083008 reward_loss:  -21.379375457763672
epoch:  31 batch:  10 region_loss:  10.0 10.0 loc_loss:  0.4707865524291992 reward_loss:  -23.53932762145996
epoch:  31 batch:  20 region_loss:  10.0 10.0 loc_loss:  0.42921356201171873 reward_loss:  -21.460678100585938
epoch:  31 batch:  30 region_loss:  10.0 10.0 loc_loss:  0.4179169464111328 reward_loss:  -20.89584732055664
epoch:  31 batch:  40 region_loss:  10.0 10.0 loc_loss:  0.5440277862548828 reward_loss:  -27.20138931274414
epoch:  31 batch:  50 region_loss:  10.0 10.0 loc_loss:  0.4272542190551758 reward_loss:  -21.36271095275879
epoch:  31 batch:  60 region_loss:  10.0 10.0 loc_loss:  0.44062625885009765 reward_loss:  -22.031312942504883
epoch:  31 batch:  70 region_loss:  10.0 10.0 loc_loss:  0.43261974334716796 reward_loss:  -21.6309871673584
epoch:  31 batch:  80 region_loss:  10.0 10.0 loc_loss:  0.4807315444946289 reward_loss:  -24.036577224731445
epoch:  31 batch:  90 region_loss:  6.0 6.0 loc_loss:  0.2876280784606934 reward_loss:  -14.381404876708984
epoch:  31 batch:  100 region_loss:  8.0 8.0 loc_loss:  0.3354689788818359 reward_loss:  -16.773448944091797
epoch:  31 batch:  110 region_loss:  4.0 4.0 loc_loss:  0.18577003479003906 reward_loss:  -9.288501739501953
epoch:  31 batch:  120 region_loss:  5.0 5.0 loc_loss:  0.20185447692871095 reward_loss:  -10.092723846435547
epoch:  31 batch:  130 region_loss:  7.0 7.0 loc_loss:  0.3321764373779297 reward_loss:  -16.608823776245117
acc@1:  0.11853245531514581
epoch: 31 region loss 0.17051094890510948 loc loss 0.38027201836996705 reward loss -19.013600678339493
epoch:  32 batch:  0 region_loss:  10.0 10.0 loc_loss:  0.4065415573120117 reward_loss:  -20.32707405090332
epoch:  32 batch:  10 region_loss:  10.0 10.0 loc_loss:  0.44981037139892577 reward_loss:  -22.490516662597656
epoch:  32 batch:  20 region_loss:  10.0 10.0 loc_loss:  0.41207054138183596 reward_loss:  -20.603527069091797
epoch:  32 batch:  30 region_loss:  10.0 10.0 loc_loss:  0.39744415283203127 reward_loss:  -19.872209548950195
epoch:  32 batch:  40 region_loss:  10.0 10.0 loc_loss:  0.5216930389404297 reward_loss:  -26.08465003967285
epoch:  32 batch:  50 region_loss:  10.0 10.0 loc_loss:  0.4079680252075195 reward_loss:  -20.398399353027344
epoch:  32 batch:  60 region_loss:  10.0 10.0 loc_loss:  0.41840057373046874 reward_loss:  -20.920028686523438
epoch:  32 batch:  70 region_loss:  10.0 10.0 loc_loss:  0.41313575744628905 reward_loss:  -20.65678596496582
epoch:  32 batch:  80 region_loss:  10.0 10.0 loc_loss:  0.4562372589111328 reward_loss:  -22.81186294555664
epoch:  32 batch:  90 region_loss:  6.0 6.0 loc_loss:  0.27267547607421877 reward_loss:  -13.633773803710938
epoch:  32 batch:  100 region_loss:  8.0 8.0 loc_loss:  0.31893167495727537 reward_loss:  -15.94658374786377
epoch:  32 batch:  110 region_loss:  4.0 4.0 loc_loss:  0.1751502799987793 reward_loss:  -8.757513999938965
epoch:  32 batch:  120 region_loss:  5.0 5.0 loc_loss:  0.19047409057617187 reward_loss:  -9.523703575134277
epoch:  32 batch:  130 region_loss:  7.0 7.0 loc_loss:  0.31467058181762697 reward_loss:  -15.733527183532715
acc@1:  0.11712135465663218
epoch: 32 region loss 0.17051094890510948 loc loss 0.36260844568266487 reward loss -18.130422263249862
epoch:  33 batch:  0 region_loss:  10.0 10.0 loc_loss:  0.3862078857421875 reward_loss:  -19.310394287109375
epoch:  33 batch:  10 region_loss:  10.0 10.0 loc_loss:  0.429429931640625 reward_loss:  -21.47149658203125
epoch:  33 batch:  20 region_loss:  10.0 10.0 loc_loss:  0.3953799057006836 reward_loss:  -19.76899528503418
epoch:  33 batch:  30 region_loss:  10.0 10.0 loc_loss:  0.37765281677246093 reward_loss:  -18.882638931274414
epoch:  33 batch:  40 region_loss:  10.0 10.0 loc_loss:  0.49965476989746094 reward_loss:  -24.98274040222168
epoch:  33 batch:  50 region_loss:  10.0 10.0 loc_loss:  0.38917236328125 reward_loss:  -19.4586181640625
epoch:  33 batch:  60 region_loss:  10.0 10.0 loc_loss:  0.3968551254272461 reward_loss:  -19.842756271362305
epoch:  33 batch:  70 region_loss:  10.0 10.0 loc_loss:  0.39410377502441407 reward_loss:  -19.705188751220703
epoch:  33 batch:  80 region_loss:  10.0 10.0 loc_loss:  0.43249500274658204 reward_loss:  -21.624746322631836
epoch:  33 batch:  90 region_loss:  6.0 6.0 loc_loss:  0.2580362701416016 reward_loss:  -12.901813507080078
epoch:  33 batch:  100 region_loss:  8.0 8.0 loc_loss:  0.30307151794433596 reward_loss:  -15.15357494354248
epoch:  33 batch:  110 region_loss:  4.0 4.0 loc_loss:  0.16484106063842774 reward_loss:  -8.242053985595703
epoch:  33 batch:  120 region_loss:  5.0 5.0 loc_loss:  0.1795635223388672 reward_loss:  -8.978177070617676
epoch:  33 batch:  130 region_loss:  7.0 7.0 loc_loss:  0.2976972007751465 reward_loss:  -14.884859085083008
acc@1:  0.11618062088428975
epoch: 33 region loss 0.17051094890510948 loc loss 0.34547749832598834 reward loss -17.273874444683102
epoch:  34 batch:  0 region_loss:  10.0 10.0 loc_loss:  0.3666094970703125 reward_loss:  -18.330474853515625
epoch:  34 batch:  10 region_loss:  10.0 10.0 loc_loss:  0.40966049194335935 reward_loss:  -20.48302459716797
epoch:  34 batch:  20 region_loss:  10.0 10.0 loc_loss:  0.37916103363037107 reward_loss:  -18.958051681518555
epoch:  34 batch:  30 region_loss:  10.0 10.0 loc_loss:  0.35858634948730467 reward_loss:  -17.929317474365234
epoch:  34 batch:  40 region_loss:  10.0 10.0 loc_loss:  0.47818771362304685 reward_loss:  -23.90938377380371
epoch:  34 batch:  50 region_loss:  10.0 10.0 loc_loss:  0.3708746719360352 reward_loss:  -18.543733596801758
epoch:  34 batch:  60 region_loss:  10.0 10.0 loc_loss:  0.37619609832763673 reward_loss:  -18.809804916381836
epoch:  34 batch:  70 region_loss:  10.0 10.0 loc_loss:  0.3758816146850586 reward_loss:  -18.794078826904297
epoch:  34 batch:  80 region_loss:  10.0 10.0 loc_loss:  0.409283447265625 reward_loss:  -20.46417236328125
epoch:  34 batch:  90 region_loss:  6.0 6.0 loc_loss:  0.2439584541320801 reward_loss:  -12.197922706604004
epoch:  34 batch:  100 region_loss:  8.0 8.0 loc_loss:  0.28757545471191404 reward_loss:  -14.37877368927002
epoch:  34 batch:  110 region_loss:  4.0 4.0 loc_loss:  0.1549740219116211 reward_loss:  -7.7487006187438965
epoch:  34 batch:  120 region_loss:  5.0 5.0 loc_loss:  0.1690862274169922 reward_loss:  -8.454312324523926
epoch:  34 batch:  130 region_loss:  7.0 7.0 loc_loss:  0.28131032943725587 reward_loss:  -14.06551456451416
acc@1:  0.11523988711194733
epoch: 34 region loss 0.17051094890510948 loc loss 0.3289003563971415 reward loss -16.445017229901612
epoch:  35 batch:  0 region_loss:  10.0 10.0 loc_loss:  0.3475170135498047 reward_loss:  -17.375852584838867
epoch:  35 batch:  10 region_loss:  10.0 10.0 loc_loss:  0.39041732788085937 reward_loss:  -19.5208683013916
epoch:  35 batch:  20 region_loss:  10.0 10.0 loc_loss:  0.36333541870117186 reward_loss:  -18.166770935058594
epoch:  35 batch:  30 region_loss:  10.0 10.0 loc_loss:  0.33997287750244143 reward_loss:  -16.998645782470703
epoch:  35 batch:  40 region_loss:  10.0 10.0 loc_loss:  0.4571073913574219 reward_loss:  -22.85537338256836
epoch:  35 batch:  50 region_loss:  10.0 10.0 loc_loss:  0.35310256958007813 reward_loss:  -17.655128479003906
epoch:  35 batch:  60 region_loss:  10.0 10.0 loc_loss:  0.3561593627929687 reward_loss:  -17.807968139648438
epoch:  35 batch:  70 region_loss:  10.0 10.0 loc_loss:  0.3580024337768555 reward_loss:  -17.900121688842773
epoch:  35 batch:  80 region_loss:  10.0 10.0 loc_loss:  0.38679927825927735 reward_loss:  -19.339962005615234
epoch:  35 batch:  90 region_loss:  6.0 6.0 loc_loss:  0.2300617790222168 reward_loss:  -11.503087997436523
epoch:  35 batch:  100 region_loss:  8.0 8.0 loc_loss:  0.27292749404907224 reward_loss:  -13.64637565612793
epoch:  35 batch:  110 region_loss:  4.0 4.0 loc_loss:  0.1454317855834961 reward_loss:  -7.271589279174805
epoch:  35 batch:  120 region_loss:  5.0 5.0 loc_loss:  0.15903864860534667 reward_loss:  -7.951930999755859
epoch:  35 batch:  130 region_loss:  7.0 7.0 loc_loss:  0.2653822898864746 reward_loss:  -13.26911449432373
acc@1:  0.11241768579492004
epoch: 35 region loss 0.17051094890510948 loc loss 0.31272583688262606 reward loss -15.636291976392704
epoch:  36 batch:  0 region_loss:  10.0 10.0 loc_loss:  0.32924476623535154 reward_loss:  -16.462236404418945
epoch:  36 batch:  10 region_loss:  10.0 10.0 loc_loss:  0.37168895721435546 reward_loss:  -18.58444595336914
epoch:  36 batch:  20 region_loss:  10.0 10.0 loc_loss:  0.34795078277587893 reward_loss:  -17.397539138793945
epoch:  36 batch:  30 region_loss:  10.0 10.0 loc_loss:  0.3221430206298828 reward_loss:  -16.10715103149414
epoch:  36 batch:  40 region_loss:  10.0 10.0 loc_loss:  0.4363844680786133 reward_loss:  -21.819223403930664
epoch:  36 batch:  50 region_loss:  10.0 10.0 loc_loss:  0.3358022308349609 reward_loss:  -16.790109634399414
epoch:  36 batch:  60 region_loss:  10.0 10.0 loc_loss:  0.3368354797363281 reward_loss:  -16.841773986816406
epoch:  36 batch:  70 region_loss:  10.0 10.0 loc_loss:  0.34094131469726563 reward_loss:  -17.04706573486328
epoch:  36 batch:  80 region_loss:  10.0 10.0 loc_loss:  0.36493507385253904 reward_loss:  -18.24675178527832
epoch:  36 batch:  90 region_loss:  6.0 6.0 loc_loss:  0.21695594787597655 reward_loss:  -10.847798347473145
epoch:  36 batch:  100 region_loss:  8.0 8.0 loc_loss:  0.25804561614990235 reward_loss:  -12.9022798538208
epoch:  36 batch:  110 region_loss:  4.0 4.0 loc_loss:  0.13637553215026854 reward_loss:  -6.818777084350586
epoch:  36 batch:  120 region_loss:  5.0 5.0 loc_loss:  0.14938785552978515 reward_loss:  -7.469392776489258
epoch:  36 batch:  130 region_loss:  7.0 7.0 loc_loss:  0.2499823760986328 reward_loss:  -12.499119758605957
acc@1:  0.11241768579492004
epoch: 36 region loss 0.17051094890510948 loc loss 0.297081600436329 reward loss -14.854080200195312
epoch:  37 batch:  0 region_loss:  10.0 10.0 loc_loss:  0.3113681602478027 reward_loss:  -15.568408012390137
epoch:  37 batch:  10 region_loss:  10.0 10.0 loc_loss:  0.3535434722900391 reward_loss:  -17.67717170715332
epoch:  37 batch:  20 region_loss:  10.0 10.0 loc_loss:  0.33300540924072264 reward_loss:  -16.650270462036133
epoch:  37 batch:  30 region_loss:  10.0 10.0 loc_loss:  0.3046856307983398 reward_loss:  -15.234284400939941
epoch:  37 batch:  40 region_loss:  10.0 10.0 loc_loss:  0.4162588119506836 reward_loss:  -20.812938690185547
epoch:  37 batch:  50 region_loss:  10.0 10.0 loc_loss:  0.31896171569824217 reward_loss:  -15.94808578491211
epoch:  37 batch:  60 region_loss:  10.0 10.0 loc_loss:  0.3183260726928711 reward_loss:  -15.916300773620605
epoch:  37 batch:  70 region_loss:  10.0 10.0 loc_loss:  0.32406829833984374 reward_loss:  -16.203414916992188
epoch:  37 batch:  80 region_loss:  10.0 10.0 loc_loss:  0.34377227783203124 reward_loss:  -17.18861198425293
epoch:  37 batch:  90 region_loss:  6.0 6.0 loc_loss:  0.20388900756835937 reward_loss:  -10.194451332092285
epoch:  37 batch:  100 region_loss:  8.0 8.0 loc_loss:  0.24535139083862303 reward_loss:  -12.267569541931152
epoch:  37 batch:  110 region_loss:  4.0 4.0 loc_loss:  0.12760670661926268 reward_loss:  -6.380335330963135
epoch:  37 batch:  120 region_loss:  5.0 5.0 loc_loss:  0.14025739669799805 reward_loss:  -7.012869834899902
epoch:  37 batch:  130 region_loss:  7.0 7.0 loc_loss:  0.23511152267456054 reward_loss:  -11.755577087402344
acc@1:  0.11100658513640639
epoch: 37 region loss 0.17051094890510948 loc loss 0.28192420446089583 reward loss -14.096210315279716
epoch:  38 batch:  0 region_loss:  10.0 10.0 loc_loss:  0.2944214057922363 reward_loss:  -14.721071243286133
epoch:  38 batch:  10 region_loss:  10.0 10.0 loc_loss:  0.33582077026367185 reward_loss:  -16.791040420532227
epoch:  38 batch:  20 region_loss:  10.0 10.0 loc_loss:  0.3184176826477051 reward_loss:  -15.920884132385254
epoch:  38 batch:  30 region_loss:  10.0 10.0 loc_loss:  0.2880776596069336 reward_loss:  -14.403883934020996
epoch:  38 batch:  40 region_loss:  10.0 10.0 loc_loss:  0.3964542770385742 reward_loss:  -19.82271385192871
epoch:  38 batch:  50 region_loss:  10.0 10.0 loc_loss:  0.3026747131347656 reward_loss:  -15.133735656738281
epoch:  38 batch:  60 region_loss:  10.0 10.0 loc_loss:  0.30044795989990236 reward_loss:  -15.022397994995117
epoch:  38 batch:  70 region_loss:  10.0 10.0 loc_loss:  0.3081074905395508 reward_loss:  -15.405372619628906
epoch:  38 batch:  80 region_loss:  10.0 10.0 loc_loss:  0.32340957641601564 reward_loss:  -16.17047882080078
epoch:  38 batch:  90 region_loss:  6.0 6.0 loc_loss:  0.19163482666015624 reward_loss:  -9.581740379333496
epoch:  38 batch:  100 region_loss:  8.0 8.0 loc_loss:  0.23053699493408203 reward_loss:  -11.526849746704102
epoch:  38 batch:  110 region_loss:  4.0 4.0 loc_loss:  0.11927656173706054 reward_loss:  -5.963828086853027
epoch:  38 batch:  120 region_loss:  5.0 5.0 loc_loss:  0.13146306991577147 reward_loss:  -6.573153495788574
epoch:  38 batch:  130 region_loss:  7.0 7.0 loc_loss:  0.22072235107421875 reward_loss:  -11.036117553710938
acc@1:  0.11100658513640639
epoch: 38 region loss 0.17051094890510948 loc loss 0.2673502733237552 reward loss -13.367513771474796
epoch:  39 batch:  0 region_loss:  10.0 10.0 loc_loss:  0.2778094482421875 reward_loss:  -13.890472412109375
epoch:  39 batch:  10 region_loss:  10.0 10.0 loc_loss:  0.31875345230102536 reward_loss:  -15.937671661376953
epoch:  39 batch:  20 region_loss:  10.0 10.0 loc_loss:  0.30436771392822265 reward_loss:  -15.218387603759766
epoch:  39 batch:  30 region_loss:  10.0 10.0 loc_loss:  0.27182416915893554 reward_loss:  -13.591207504272461
epoch:  39 batch:  40 region_loss:  10.0 10.0 loc_loss:  0.377291259765625 reward_loss:  -18.864561080932617
epoch:  39 batch:  50 region_loss:  10.0 10.0 loc_loss:  0.2869172668457031 reward_loss:  -14.345865249633789
epoch:  39 batch:  60 region_loss:  10.0 10.0 loc_loss:  0.28334781646728513 reward_loss:  -14.167389869689941
epoch:  39 batch:  70 region_loss:  10.0 10.0 loc_loss:  0.29224369049072263 reward_loss:  -14.612184524536133
epoch:  39 batch:  80 region_loss:  10.0 10.0 loc_loss:  0.3038169860839844 reward_loss:  -15.190849304199219
epoch:  39 batch:  90 region_loss:  6.0 6.0 loc_loss:  0.179598388671875 reward_loss:  -8.97991943359375
epoch:  39 batch:  100 region_loss:  8.0 8.0 loc_loss:  0.21960275650024413 reward_loss:  -10.98013687133789
epoch:  39 batch:  110 region_loss:  4.0 4.0 loc_loss:  0.11132838249206543 reward_loss:  -5.5664191246032715
epoch:  39 batch:  120 region_loss:  5.0 5.0 loc_loss:  0.12319421768188477 reward_loss:  -6.159710884094238
epoch:  39 batch:  130 region_loss:  7.0 7.0 loc_loss:  0.20695236206054687 reward_loss:  -10.34761905670166
acc@1:  0.1077140169332079
epoch: 39 region loss 0.17051094890510948 loc loss 0.2532744931304542 reward loss -12.663724594742712
epoch:  40 batch:  0 region_loss:  10.0 10.0 loc_loss:  0.262491455078125 reward_loss:  -13.124571800231934
epoch:  40 batch:  10 region_loss:  10.0 10.0 loc_loss:  0.30203441619873045 reward_loss:  -15.101720809936523
epoch:  40 batch:  20 region_loss:  10.0 10.0 loc_loss:  0.29055782318115236 reward_loss:  -14.527892112731934
epoch:  40 batch:  30 region_loss:  10.0 10.0 loc_loss:  0.256407470703125 reward_loss:  -12.82037353515625
epoch:  40 batch:  40 region_loss:  10.0 10.0 loc_loss:  0.35854282379150393 reward_loss:  -17.927141189575195
epoch:  40 batch:  50 region_loss:  10.0 10.0 loc_loss:  0.27161102294921874 reward_loss:  -13.580551147460938
epoch:  40 batch:  60 region_loss:  10.0 10.0 loc_loss:  0.26666854858398437 reward_loss:  -13.333427429199219
epoch:  40 batch:  70 region_loss:  10.0 10.0 loc_loss:  0.27731826782226565 reward_loss:  -13.865915298461914
epoch:  40 batch:  80 region_loss:  10.0 10.0 loc_loss:  0.28503927230834963 reward_loss:  -14.251962661743164
epoch:  40 batch:  90 region_loss:  6.0 6.0 loc_loss:  0.16823150634765624 reward_loss:  -8.411577224731445
epoch:  40 batch:  100 region_loss:  8.0 8.0 loc_loss:  0.2054123306274414 reward_loss:  -10.27061653137207
epoch:  40 batch:  110 region_loss:  4.0 4.0 loc_loss:  0.10375352859497071 reward_loss:  -5.187675476074219
epoch:  40 batch:  120 region_loss:  5.0 5.0 loc_loss:  0.11516044616699218 reward_loss:  -5.758023262023926
epoch:  40 batch:  130 region_loss:  7.0 7.0 loc_loss:  0.19376087188720703 reward_loss:  -9.688043594360352
acc@1:  0.10912511759172154
epoch: 40 region loss 0.17051094890510948 loc loss 0.23971738216650745 reward loss -11.9858696826183
epoch:  41 batch:  0 region_loss:  10.0 10.0 loc_loss:  0.24825265884399414 reward_loss:  -12.412632942199707
epoch:  41 batch:  10 region_loss:  10.0 10.0 loc_loss:  0.2861459732055664 reward_loss:  -14.30729866027832
epoch:  41 batch:  20 region_loss:  10.0 10.0 loc_loss:  0.27806880950927737 reward_loss:  -13.903440475463867
epoch:  41 batch:  30 region_loss:  10.0 10.0 loc_loss:  0.24160295486450195 reward_loss:  -12.080146789550781
epoch:  41 batch:  40 region_loss:  10.0 10.0 loc_loss:  0.3403244781494141 reward_loss:  -17.016225814819336
epoch:  41 batch:  50 region_loss:  10.0 10.0 loc_loss:  0.2571222114562988 reward_loss:  -12.856110572814941
epoch:  41 batch:  60 region_loss:  10.0 10.0 loc_loss:  0.2513239669799805 reward_loss:  -12.566198348999023
epoch:  41 batch:  70 region_loss:  10.0 10.0 loc_loss:  0.26249864578247073 reward_loss:  -13.124932289123535
epoch:  41 batch:  80 region_loss:  10.0 10.0 loc_loss:  0.26725622177124025 reward_loss:  -13.362810134887695
epoch:  41 batch:  90 region_loss:  6.0 6.0 loc_loss:  0.15728620529174805 reward_loss:  -7.8643107414245605
epoch:  41 batch:  100 region_loss:  8.0 8.0 loc_loss:  0.19512252807617186 reward_loss:  -9.756126403808594
epoch:  41 batch:  110 region_loss:  4.0 4.0 loc_loss:  0.09658791542053223 reward_loss:  -4.829395294189453
epoch:  41 batch:  120 region_loss:  5.0 5.0 loc_loss:  0.10774856567382812 reward_loss:  -5.387428283691406
epoch:  41 batch:  130 region_loss:  7.0 7.0 loc_loss:  0.18113317489624023 reward_loss:  -9.056657791137695
acc@1:  0.10630291627469426
epoch: 41 region loss 0.17051094890510948 loc loss 0.22671890622507918 reward loss -11.335945712388867
epoch:  42 batch:  0 region_loss:  10.0 10.0 loc_loss:  0.23624387741088868 reward_loss:  -11.812193870544434
epoch:  42 batch:  10 region_loss:  10.0 10.0 loc_loss:  0.27028779983520507 reward_loss:  -13.514389038085938
epoch:  42 batch:  20 region_loss:  10.0 10.0 loc_loss:  0.26605562210083006 reward_loss:  -13.302781105041504
epoch:  42 batch:  30 region_loss:  10.0 10.0 loc_loss:  0.2278641128540039 reward_loss:  -11.393204689025879
epoch:  42 batch:  40 region_loss:  10.0 10.0 loc_loss:  0.32268802642822264 reward_loss:  -16.134401321411133
epoch:  42 batch:  50 region_loss:  10.0 10.0 loc_loss:  0.24292430877685547 reward_loss:  -12.14621639251709
epoch:  42 batch:  60 region_loss:  10.0 10.0 loc_loss:  0.23557806015014648 reward_loss:  -11.778903007507324
epoch:  42 batch:  70 region_loss:  10.0 10.0 loc_loss:  0.24875282287597655 reward_loss:  -12.437641143798828
epoch:  42 batch:  80 region_loss:  10.0 10.0 loc_loss:  0.2500408172607422 reward_loss:  -12.50204086303711
epoch:  42 batch:  90 region_loss:  6.0 6.0 loc_loss:  0.14681768417358398 reward_loss:  -7.340884208679199
epoch:  42 batch:  100 region_loss:  8.0 8.0 loc_loss:  0.1825860595703125 reward_loss:  -9.129303932189941
epoch:  42 batch:  110 region_loss:  4.0 4.0 loc_loss:  0.0897131061553955 reward_loss:  -4.485655307769775
epoch:  42 batch:  120 region_loss:  5.0 5.0 loc_loss:  0.10059348106384278 reward_loss:  -5.029674053192139
epoch:  42 batch:  130 region_loss:  7.0 7.0 loc_loss:  0.16916973114013673 reward_loss:  -8.45848560333252
acc@1:  0.10912511759172154
epoch: 42 region loss 0.17051094890510948 loc loss 0.21435798822528254 reward loss -10.71789985938664
epoch:  43 batch:  0 region_loss:  10.0 10.0 loc_loss:  0.22115034103393555 reward_loss:  -11.057518005371094
epoch:  43 batch:  10 region_loss:  10.0 10.0 loc_loss:  0.2556477737426758 reward_loss:  -12.782389640808105
epoch:  43 batch:  20 region_loss:  10.0 10.0 loc_loss:  0.2580323028564453 reward_loss:  -12.901613235473633
epoch:  43 batch:  30 region_loss:  10.0 10.0 loc_loss:  0.2146930694580078 reward_loss:  -10.73465347290039
epoch:  43 batch:  40 region_loss:  10.0 10.0 loc_loss:  0.3055394744873047 reward_loss:  -15.27697467803955
epoch:  43 batch:  50 region_loss:  10.0 10.0 loc_loss:  0.23024789810180665 reward_loss:  -11.512394905090332
epoch:  43 batch:  60 region_loss:  10.0 10.0 loc_loss:  0.22256542205810548 reward_loss:  -11.128270149230957
epoch:  43 batch:  70 region_loss:  10.0 10.0 loc_loss:  0.23500093460083007 reward_loss:  -11.750045776367188
epoch:  43 batch:  80 region_loss:  10.0 10.0 loc_loss:  0.23394498825073243 reward_loss:  -11.697248458862305
epoch:  43 batch:  90 region_loss:  6.0 6.0 loc_loss:  0.1368897819519043 reward_loss:  -6.844489097595215
epoch:  43 batch:  100 region_loss:  8.0 8.0 loc_loss:  0.17247875213623046 reward_loss:  -8.623937606811523
epoch:  43 batch:  110 region_loss:  4.0 4.0 loc_loss:  0.08343706130981446 reward_loss:  -4.171852111816406
epoch:  43 batch:  120 region_loss:  5.0 5.0 loc_loss:  0.09399308204650879 reward_loss:  -4.699654579162598
epoch:  43 batch:  130 region_loss:  7.0 7.0 loc_loss:  0.1578687000274658 reward_loss:  -7.893435478210449
acc@1:  0.1039510818438382
epoch: 43 region loss 0.17051094890510948 loc loss 0.20250731646579548 reward loss -10.1253654922012
epoch:  44 batch:  0 region_loss:  10.0 10.0 loc_loss:  0.20803583145141602 reward_loss:  -10.401790618896484
epoch:  44 batch:  10 region_loss:  10.0 10.0 loc_loss:  0.24089244842529298 reward_loss:  -12.044622421264648
epoch:  44 batch:  20 region_loss:  10.0 10.0 loc_loss:  0.2525173187255859 reward_loss:  -12.625866889953613
epoch:  44 batch:  30 region_loss:  10.0 10.0 loc_loss:  0.2020840072631836 reward_loss:  -10.10420036315918
epoch:  44 batch:  40 region_loss:  10.0 10.0 loc_loss:  0.28919918060302735 reward_loss:  -14.459959030151367
epoch:  44 batch:  50 region_loss:  10.0 10.0 loc_loss:  0.21733190536499022 reward_loss:  -10.866595268249512
epoch:  44 batch:  60 region_loss:  10.0 10.0 loc_loss:  0.20745182037353516 reward_loss:  -10.372591018676758
epoch:  44 batch:  70 region_loss:  10.0 10.0 loc_loss:  0.2227916145324707 reward_loss:  -11.139580726623535
epoch:  44 batch:  80 region_loss:  10.0 10.0 loc_loss:  0.21833866119384765 reward_loss:  -10.916932106018066
epoch:  44 batch:  90 region_loss:  6.0 6.0 loc_loss:  0.1276884365081787 reward_loss:  -6.3844218254089355
epoch:  44 batch:  100 region_loss:  8.0 8.0 loc_loss:  0.16187963485717774 reward_loss:  -8.093982696533203
epoch:  44 batch:  110 region_loss:  4.0 4.0 loc_loss:  0.07715975761413574 reward_loss:  -3.8579885959625244
epoch:  44 batch:  120 region_loss:  5.0 5.0 loc_loss:  0.0876484489440918 reward_loss:  -4.382421970367432
epoch:  44 batch:  130 region_loss:  7.0 7.0 loc_loss:  0.1470943832397461 reward_loss:  -7.354719161987305
acc@1:  0.10912511759172154
epoch: 44 region loss 0.17051094890510948 loc loss 0.19116990265184947 reward loss -9.5584952056843
epoch:  45 batch:  0 region_loss:  10.0 10.0 loc_loss:  0.19427587509155272 reward_loss:  -9.713793754577637
epoch:  45 batch:  10 region_loss:  10.0 10.0 loc_loss:  0.22733272552490236 reward_loss:  -11.36663818359375
epoch:  45 batch:  20 region_loss:  10.0 10.0 loc_loss:  0.24232046127319337 reward_loss:  -12.116023063659668
epoch:  45 batch:  30 region_loss:  10.0 10.0 loc_loss:  0.18960350036621093 reward_loss:  -9.480175971984863
epoch:  45 batch:  40 region_loss:  10.0 10.0 loc_loss:  0.27330493927001953 reward_loss:  -13.665246963500977
epoch:  45 batch:  50 region_loss:  10.0 10.0 loc_loss:  0.2064024353027344 reward_loss:  -10.320121765136719
epoch:  45 batch:  60 region_loss:  10.0 10.0 loc_loss:  0.19620780944824218 reward_loss:  -9.81039047241211
epoch:  45 batch:  70 region_loss:  10.0 10.0 loc_loss:  0.21027370452880859 reward_loss:  -10.513684272766113
epoch:  45 batch:  80 region_loss:  10.0 10.0 loc_loss:  0.2040142822265625 reward_loss:  -10.200714111328125
epoch:  45 batch:  90 region_loss:  6.0 6.0 loc_loss:  0.11855509757995605 reward_loss:  -5.927754878997803
epoch:  45 batch:  100 region_loss:  8.0 8.0 loc_loss:  0.15198468208312987 reward_loss:  -7.599234104156494
epoch:  45 batch:  110 region_loss:  4.0 4.0 loc_loss:  0.07177520751953125 reward_loss:  -3.5887606143951416
epoch:  45 batch:  120 region_loss:  5.0 5.0 loc_loss:  0.0818121337890625 reward_loss:  -4.090606689453125
epoch:  45 batch:  130 region_loss:  7.0 7.0 loc_loss:  0.13704450607299803 reward_loss:  -6.852225303649902
acc@1:  0.10301034807149577
epoch: 45 region loss 0.17051094890510948 loc loss 0.18037296270802072 reward loss -9.018648253740185
epoch:  46 batch:  0 region_loss:  10.0 10.0 loc_loss:  0.1826192855834961 reward_loss:  -9.130963325500488
epoch:  46 batch:  10 region_loss:  10.0 10.0 loc_loss:  0.21380435943603515 reward_loss:  -10.690218925476074
epoch:  46 batch:  20 region_loss:  10.0 10.0 loc_loss:  0.23101360321044923 reward_loss:  -11.550680160522461
epoch:  46 batch:  30 region_loss:  10.0 10.0 loc_loss:  0.17774328231811523 reward_loss:  -8.887165069580078
epoch:  46 batch:  40 region_loss:  10.0 10.0 loc_loss:  0.25800838470458987 reward_loss:  -12.900419235229492
epoch:  46 batch:  50 region_loss:  10.0 10.0 loc_loss:  0.1947910499572754 reward_loss:  -9.739551544189453
epoch:  46 batch:  60 region_loss:  10.0 10.0 loc_loss:  0.1822677421569824 reward_loss:  -9.113387107849121
epoch:  46 batch:  70 region_loss:  10.0 10.0 loc_loss:  0.1994911766052246 reward_loss:  -9.97455883026123
epoch:  46 batch:  80 region_loss:  10.0 10.0 loc_loss:  0.19018531799316407 reward_loss:  -9.509264945983887
epoch:  46 batch:  90 region_loss:  6.0 6.0 loc_loss:  0.11054168701171875 reward_loss:  -5.527084827423096
epoch:  46 batch:  100 region_loss:  8.0 8.0 loc_loss:  0.1431727886199951 reward_loss:  -7.158639430999756
epoch:  46 batch:  110 region_loss:  4.0 4.0 loc_loss:  0.0661502456665039 reward_loss:  -3.307511806488037
epoch:  46 batch:  120 region_loss:  5.0 5.0 loc_loss:  0.07616600036621093 reward_loss:  -3.808300256729126
epoch:  46 batch:  130 region_loss:  7.0 7.0 loc_loss:  0.12733049392700196 reward_loss:  -6.366525173187256
acc@1:  0.10959548447789276
epoch: 46 region loss 0.17051094890510948 loc loss 0.169898787423642 reward loss -8.494939329850412
epoch:  47 batch:  0 region_loss:  10.0 10.0 loc_loss:  0.1708999443054199 reward_loss:  -8.544997215270996
epoch:  47 batch:  10 region_loss:  10.0 10.0 loc_loss:  0.20127759933471678 reward_loss:  -10.06387996673584
epoch:  47 batch:  20 region_loss:  10.0 10.0 loc_loss:  0.2172178268432617 reward_loss:  -10.86089038848877
epoch:  47 batch:  30 region_loss:  10.0 10.0 loc_loss:  0.16642210006713867 reward_loss:  -8.321104049682617
epoch:  47 batch:  40 region_loss:  10.0 10.0 loc_loss:  0.24348230361938478 reward_loss:  -12.174114227294922
epoch:  47 batch:  50 region_loss:  10.0 10.0 loc_loss:  0.1847079849243164 reward_loss:  -9.23539924621582
epoch:  47 batch:  60 region_loss:  10.0 10.0 loc_loss:  0.17193891525268554 reward_loss:  -8.596945762634277
epoch:  47 batch:  70 region_loss:  10.0 10.0 loc_loss:  0.18735549926757813 reward_loss:  -9.367774963378906
epoch:  47 batch:  80 region_loss:  10.0 10.0 loc_loss:  0.17751188278198243 reward_loss:  -8.875594139099121
epoch:  47 batch:  90 region_loss:  6.0 6.0 loc_loss:  0.10248911857604981 reward_loss:  -5.12445592880249
epoch:  47 batch:  100 region_loss:  8.0 8.0 loc_loss:  0.1337124538421631 reward_loss:  -6.685622692108154
epoch:  47 batch:  110 region_loss:  4.0 4.0 loc_loss:  0.061397008895874024 reward_loss:  -3.069850206375122
epoch:  47 batch:  120 region_loss:  5.0 5.0 loc_loss:  0.07106031894683838 reward_loss:  -3.553015947341919
epoch:  47 batch:  130 region_loss:  7.0 7.0 loc_loss:  0.11851279258728027 reward_loss:  -5.925640106201172
acc@1:  0.10442144873000941
epoch: 47 region loss 0.17051094890510948 loc loss 0.15991415491939462 reward loss -7.99570766896227
epoch:  48 batch:  0 region_loss:  10.0 10.0 loc_loss:  0.16050201416015625 reward_loss:  -8.025100708007812
epoch:  48 batch:  10 region_loss:  10.0 10.0 loc_loss:  0.18892616271972656 reward_loss:  -9.446308135986328
epoch:  48 batch:  20 region_loss:  10.0 10.0 loc_loss:  0.20576597213745118 reward_loss:  -10.288298606872559
epoch:  48 batch:  30 region_loss:  10.0 10.0 loc_loss:  0.1557322120666504 reward_loss:  -7.7866106033325195
epoch:  48 batch:  40 region_loss:  10.0 10.0 loc_loss:  0.22911365509033202 reward_loss:  -11.455682754516602
epoch:  48 batch:  50 region_loss:  10.0 10.0 loc_loss:  0.17411470413208008 reward_loss:  -8.70573616027832
epoch:  48 batch:  60 region_loss:  10.0 10.0 loc_loss:  0.1597086524963379 reward_loss:  -7.9854326248168945
epoch:  48 batch:  70 region_loss:  10.0 10.0 loc_loss:  0.1772562026977539 reward_loss:  -8.862810134887695
epoch:  48 batch:  80 region_loss:  10.0 10.0 loc_loss:  0.1654999542236328 reward_loss:  -8.274998664855957
epoch:  48 batch:  90 region_loss:  6.0 6.0 loc_loss:  0.09529531478881836 reward_loss:  -4.764766216278076
epoch:  48 batch:  100 region_loss:  8.0 8.0 loc_loss:  0.125987491607666 reward_loss:  -6.299374103546143
epoch:  48 batch:  110 region_loss:  4.0 4.0 loc_loss:  0.05650128841400146 reward_loss:  -2.8250644207000732
epoch:  48 batch:  120 region_loss:  5.0 5.0 loc_loss:  0.0661029863357544 reward_loss:  -3.3051490783691406
epoch:  48 batch:  130 region_loss:  7.0 7.0 loc_loss:  0.10981046676635742 reward_loss:  -5.490523815155029
acc@1:  0.10677328316086547
epoch: 48 region loss 0.17051094890510948 loc loss 0.1504321643818904 reward loss -7.521608217789309
epoch:  49 batch:  0 region_loss:  10.0 10.0 loc_loss:  0.15027172088623048 reward_loss:  -7.513586044311523
epoch:  49 batch:  10 region_loss:  10.0 10.0 loc_loss:  0.17738391876220702 reward_loss:  -8.869195938110352
epoch:  49 batch:  20 region_loss:  10.0 10.0 loc_loss:  0.1945172119140625 reward_loss:  -9.725861549377441
epoch:  49 batch:  30 region_loss:  10.0 10.0 loc_loss:  0.1456592559814453 reward_loss:  -7.282963275909424
epoch:  49 batch:  40 region_loss:  10.0 10.0 loc_loss:  0.2161829376220703 reward_loss:  -10.809146881103516
epoch:  49 batch:  50 region_loss:  10.0 10.0 loc_loss:  0.16412235260009767 reward_loss:  -8.206117630004883
epoch:  49 batch:  60 region_loss:  10.0 10.0 loc_loss:  0.15046711921691894 reward_loss:  -7.523356914520264
epoch:  49 batch:  70 region_loss:  10.0 10.0 loc_loss:  0.16577932357788086 reward_loss:  -8.288966178894043
epoch:  49 batch:  80 region_loss:  10.0 10.0 loc_loss:  0.15431602478027343 reward_loss:  -7.715801239013672
epoch:  49 batch:  90 region_loss:  6.0 6.0 loc_loss:  0.08841461181640625 reward_loss:  -4.420730113983154
epoch:  49 batch:  100 region_loss:  8.0 8.0 loc_loss:  0.11760934829711914 reward_loss:  -5.880467414855957
epoch:  49 batch:  110 region_loss:  4.0 4.0 loc_loss:  0.05228182315826416 reward_loss:  -2.614091396331787
epoch:  49 batch:  120 region_loss:  5.0 5.0 loc_loss:  0.06162118434906006 reward_loss:  -3.081059217453003
epoch:  49 batch:  130 region_loss:  7.0 7.0 loc_loss:  0.10212567329406738 reward_loss:  -5.106284141540527
acc@1:  0.10442144873000941
epoch: 49 region loss 0.17051094890510948 loc loss 0.14134972064164433 reward loss -7.0674859850946135
