0
cuda
epoch:  0 batch:  0 region_loss:  10.0 10.0 loc_loss:  1.9836929321289063 reward_loss:  -99.18468475341797
epoch:  0 batch:  10 region_loss:  10.0 10.0 loc_loss:  1.98192138671875 reward_loss:  -99.09538269042969
epoch:  0 batch:  20 region_loss:  10.0 10.0 loc_loss:  1.9900709533691405 reward_loss:  -99.50358581542969
epoch:  0 batch:  30 region_loss:  10.0 10.0 loc_loss:  1.9882553100585938 reward_loss:  -99.41188049316406
epoch:  0 batch:  40 region_loss:  10.0 10.0 loc_loss:  1.9788217163085937 reward_loss:  -98.94099426269531
epoch:  0 batch:  50 region_loss:  10.0 10.0 loc_loss:  1.9840055847167968 reward_loss:  -99.20068359375
epoch:  0 batch:  60 region_loss:  10.0 10.0 loc_loss:  1.9775949096679688 reward_loss:  -98.87989807128906
epoch:  0 batch:  70 region_loss:  10.0 10.0 loc_loss:  1.9738778686523437 reward_loss:  -98.69467163085938
epoch:  0 batch:  80 region_loss:  10.0 10.0 loc_loss:  1.978360595703125 reward_loss:  -98.9184799194336
epoch:  0 batch:  90 region_loss:  6.0 6.0 loc_loss:  1.1814234161376953 reward_loss:  -59.07066345214844
epoch:  0 batch:  100 region_loss:  8.0 8.0 loc_loss:  1.5752392578125 reward_loss:  -78.76211547851562
epoch:  0 batch:  110 region_loss:  4.0 4.0 loc_loss:  0.786552734375 reward_loss:  -39.327659606933594
epoch:  0 batch:  120 region_loss:  5.0 5.0 loc_loss:  0.9805590057373047 reward_loss:  -49.02854537963867
epoch:  0 batch:  130 region_loss:  7.0 7.0 loc_loss:  1.3727719116210937 reward_loss:  -68.63826751708984
acc@1:  0.0061147695202257765
epoch: 0 region loss 0.17051094890510948 loc loss 1.6870904997665517 reward loss -84.35458134560689
epoch:  1 batch:  0 region_loss:  10.0 10.0 loc_loss:  1.9088713073730468 reward_loss:  -95.44358825683594
epoch:  1 batch:  10 region_loss:  10.0 10.0 loc_loss:  1.9306092834472657 reward_loss:  -96.53083038330078
epoch:  1 batch:  20 region_loss:  10.0 10.0 loc_loss:  1.9269863891601562 reward_loss:  -96.34831237792969
epoch:  1 batch:  30 region_loss:  10.0 10.0 loc_loss:  1.9269667053222657 reward_loss:  -96.3482666015625
epoch:  1 batch:  40 region_loss:  10.0 10.0 loc_loss:  1.9065615844726562 reward_loss:  -95.3283462524414
epoch:  1 batch:  50 region_loss:  10.0 10.0 loc_loss:  1.9074371337890625 reward_loss:  -95.37223815917969
epoch:  1 batch:  60 region_loss:  10.0 10.0 loc_loss:  1.8850579833984376 reward_loss:  -94.2513656616211
epoch:  1 batch:  70 region_loss:  10.0 10.0 loc_loss:  1.8671722412109375 reward_loss:  -93.35789489746094
epoch:  1 batch:  80 region_loss:  10.0 10.0 loc_loss:  1.8561940002441406 reward_loss:  -92.80989074707031
epoch:  1 batch:  90 region_loss:  6.0 6.0 loc_loss:  1.1029298400878906 reward_loss:  -55.14596939086914
epoch:  1 batch:  100 region_loss:  8.0 8.0 loc_loss:  1.4551634216308593 reward_loss:  -72.75875854492188
epoch:  1 batch:  110 region_loss:  4.0 4.0 loc_loss:  0.7317769622802734 reward_loss:  -36.58940505981445
epoch:  1 batch:  120 region_loss:  5.0 5.0 loc_loss:  0.9044967651367187 reward_loss:  -45.224952697753906
epoch:  1 batch:  130 region_loss:  7.0 7.0 loc_loss:  1.256242446899414 reward_loss:  -62.81358337402344
acc@1:  0.028222013170272814
epoch: 1 region loss 0.17051094890510948 loc loss 1.5996657612375969 reward loss -79.98327358273694
epoch:  2 batch:  0 region_loss:  10.0 10.0 loc_loss:  1.7339971923828126 reward_loss:  -86.69967651367188
epoch:  2 batch:  10 region_loss:  10.0 10.0 loc_loss:  1.7581130981445312 reward_loss:  -87.90524291992188
epoch:  2 batch:  20 region_loss:  10.0 10.0 loc_loss:  1.7497372436523437 reward_loss:  -87.48580932617188
epoch:  2 batch:  30 region_loss:  10.0 10.0 loc_loss:  1.7739866638183595 reward_loss:  -88.69808197021484
epoch:  2 batch:  40 region_loss:  10.0 10.0 loc_loss:  1.7199102783203124 reward_loss:  -85.9960708618164
epoch:  2 batch:  50 region_loss:  10.0 10.0 loc_loss:  1.7647743225097656 reward_loss:  -88.2393798828125
epoch:  2 batch:  60 region_loss:  10.0 10.0 loc_loss:  1.736952667236328 reward_loss:  -86.84663391113281
epoch:  2 batch:  70 region_loss:  10.0 10.0 loc_loss:  1.735941162109375 reward_loss:  -86.79769897460938
epoch:  2 batch:  80 region_loss:  10.0 10.0 loc_loss:  1.7264109802246095 reward_loss:  -86.31951904296875
epoch:  2 batch:  90 region_loss:  6.0 6.0 loc_loss:  1.036446075439453 reward_loss:  -51.82300567626953
epoch:  2 batch:  100 region_loss:  8.0 8.0 loc_loss:  1.3732009887695313 reward_loss:  -68.66058349609375
epoch:  2 batch:  110 region_loss:  4.0 4.0 loc_loss:  0.6972410583496094 reward_loss:  -34.86213302612305
epoch:  2 batch:  120 region_loss:  5.0 5.0 loc_loss:  0.8660791778564453 reward_loss:  -43.30391311645508
epoch:  2 batch:  130 region_loss:  7.0 7.0 loc_loss:  1.2049209594726562 reward_loss:  -60.24684524536133
acc@1:  0.031044214487300093
epoch: 2 region loss 0.17051094890510948 loc loss 1.4729675265124245 reward loss -73.64842382834776
epoch:  3 batch:  0 region_loss:  10.0 10.0 loc_loss:  1.6780389404296876 reward_loss:  -83.9024658203125
epoch:  3 batch:  10 region_loss:  10.0 10.0 loc_loss:  1.6860113525390625 reward_loss:  -84.29969787597656
epoch:  3 batch:  20 region_loss:  10.0 10.0 loc_loss:  1.6605427551269532 reward_loss:  -83.02826690673828
epoch:  3 batch:  30 region_loss:  10.0 10.0 loc_loss:  1.7025848388671876 reward_loss:  -85.1297378540039
epoch:  3 batch:  40 region_loss:  10.0 10.0 loc_loss:  1.6452659606933593 reward_loss:  -82.26419830322266
epoch:  3 batch:  50 region_loss:  10.0 10.0 loc_loss:  1.6942697143554688 reward_loss:  -84.71403503417969
epoch:  3 batch:  60 region_loss:  10.0 10.0 loc_loss:  1.6727529907226562 reward_loss:  -83.63726043701172
epoch:  3 batch:  70 region_loss:  10.0 10.0 loc_loss:  1.6703303527832032 reward_loss:  -83.51622772216797
epoch:  3 batch:  80 region_loss:  10.0 10.0 loc_loss:  1.6657015991210937 reward_loss:  -83.28594207763672
epoch:  3 batch:  90 region_loss:  6.0 6.0 loc_loss:  1.0031315612792968 reward_loss:  -50.15669250488281
epoch:  3 batch:  100 region_loss:  8.0 8.0 loc_loss:  1.3266848754882812 reward_loss:  -66.3337173461914
epoch:  3 batch:  110 region_loss:  4.0 4.0 loc_loss:  0.6770467376708984 reward_loss:  -33.85194778442383
epoch:  3 batch:  120 region_loss:  5.0 5.0 loc_loss:  0.8419322967529297 reward_loss:  -42.096248626708984
epoch:  3 batch:  130 region_loss:  7.0 7.0 loc_loss:  1.1725646209716798 reward_loss:  -58.62879943847656
acc@1:  0.0380997177798683
epoch: 3 region loss 0.17051094890510948 loc loss 1.4141126418287737 reward loss -70.70555952865712
epoch:  4 batch:  0 region_loss:  10.0 10.0 loc_loss:  1.6347409057617188 reward_loss:  -81.73747253417969
epoch:  4 batch:  10 region_loss:  10.0 10.0 loc_loss:  1.638468017578125 reward_loss:  -81.92335510253906
epoch:  4 batch:  20 region_loss:  10.0 10.0 loc_loss:  1.595862579345703 reward_loss:  -79.79267120361328
epoch:  4 batch:  30 region_loss:  10.0 10.0 loc_loss:  1.6484103393554688 reward_loss:  -82.41987609863281
epoch:  4 batch:  40 region_loss:  10.0 10.0 loc_loss:  1.5880726623535155 reward_loss:  -79.40388488769531
epoch:  4 batch:  50 region_loss:  10.0 10.0 loc_loss:  1.6330316162109375 reward_loss:  -81.65058898925781
epoch:  4 batch:  60 region_loss:  10.0 10.0 loc_loss:  1.6203207397460937 reward_loss:  -81.01638793945312
epoch:  4 batch:  70 region_loss:  10.0 10.0 loc_loss:  1.6126141357421875 reward_loss:  -80.62947082519531
epoch:  4 batch:  80 region_loss:  10.0 10.0 loc_loss:  1.612779541015625 reward_loss:  -80.63937377929688
epoch:  4 batch:  90 region_loss:  6.0 6.0 loc_loss:  0.9734014892578124 reward_loss:  -48.670082092285156
epoch:  4 batch:  100 region_loss:  8.0 8.0 loc_loss:  1.282630157470703 reward_loss:  -64.13192749023438
epoch:  4 batch:  110 region_loss:  4.0 4.0 loc_loss:  0.6591207885742187 reward_loss:  -32.955745697021484
epoch:  4 batch:  120 region_loss:  5.0 5.0 loc_loss:  0.8178894805908203 reward_loss:  -40.89455795288086
epoch:  4 batch:  130 region_loss:  7.0 7.0 loc_loss:  1.1410253143310547 reward_loss:  -57.05105972290039
acc@1:  0.04656632173095014
epoch: 4 region loss 0.17051094890510948 loc loss 1.3661513380064583 reward loss -68.30765447129298
epoch:  5 batch:  0 region_loss:  10.0 10.0 loc_loss:  1.5875770568847656 reward_loss:  -79.37936401367188
epoch:  5 batch:  10 region_loss:  10.0 10.0 loc_loss:  1.5916404724121094 reward_loss:  -79.58271789550781
epoch:  5 batch:  20 region_loss:  10.0 10.0 loc_loss:  1.5342149353027343 reward_loss:  -76.71048736572266
epoch:  5 batch:  30 region_loss:  10.0 10.0 loc_loss:  1.5935693359375 reward_loss:  -79.67869567871094
epoch:  5 batch:  40 region_loss:  10.0 10.0 loc_loss:  1.5330300903320313 reward_loss:  -76.65142822265625
epoch:  5 batch:  50 region_loss:  10.0 10.0 loc_loss:  1.5708110046386718 reward_loss:  -78.54054260253906
epoch:  5 batch:  60 region_loss:  10.0 10.0 loc_loss:  1.5675839233398436 reward_loss:  -78.37895202636719
epoch:  5 batch:  70 region_loss:  10.0 10.0 loc_loss:  1.5543060302734375 reward_loss:  -77.7152328491211
epoch:  5 batch:  80 region_loss:  10.0 10.0 loc_loss:  1.5592561340332032 reward_loss:  -77.96343994140625
epoch:  5 batch:  90 region_loss:  6.0 6.0 loc_loss:  0.9433661651611328 reward_loss:  -47.16826248168945
epoch:  5 batch:  100 region_loss:  8.0 8.0 loc_loss:  1.236417236328125 reward_loss:  -61.82080841064453
epoch:  5 batch:  110 region_loss:  4.0 4.0 loc_loss:  0.6411714172363281 reward_loss:  -32.05883026123047
epoch:  5 batch:  120 region_loss:  5.0 5.0 loc_loss:  0.7921559143066407 reward_loss:  -39.60687255859375
epoch:  5 batch:  130 region_loss:  7.0 7.0 loc_loss:  1.107631072998047 reward_loss:  -55.3812370300293
acc@1:  0.057855126999059266
epoch: 5 region loss 0.17051094890510948 loc loss 1.3178224485634018 reward loss -65.8910562417803
epoch:  6 batch:  0 region_loss:  10.0 10.0 loc_loss:  1.5341448974609375 reward_loss:  -76.70692443847656
epoch:  6 batch:  10 region_loss:  10.0 10.0 loc_loss:  1.5410061645507813 reward_loss:  -77.05006408691406
epoch:  6 batch:  20 region_loss:  10.0 10.0 loc_loss:  1.4684959411621095 reward_loss:  -73.42340087890625
epoch:  6 batch:  30 region_loss:  10.0 10.0 loc_loss:  1.5339794921875 reward_loss:  -76.69843292236328
epoch:  6 batch:  40 region_loss:  10.0 10.0 loc_loss:  1.4763648986816407 reward_loss:  -73.8182373046875
epoch:  6 batch:  50 region_loss:  10.0 10.0 loc_loss:  1.5039285278320313 reward_loss:  -75.19624328613281
epoch:  6 batch:  60 region_loss:  10.0 10.0 loc_loss:  1.5114776611328125 reward_loss:  -75.57389831542969
epoch:  6 batch:  70 region_loss:  10.0 10.0 loc_loss:  1.492158203125 reward_loss:  -74.6079330444336
epoch:  6 batch:  80 region_loss:  10.0 10.0 loc_loss:  1.5029966735839844 reward_loss:  -75.1501235961914
epoch:  6 batch:  90 region_loss:  6.0 6.0 loc_loss:  0.9117538452148437 reward_loss:  -45.58772659301758
epoch:  6 batch:  100 region_loss:  8.0 8.0 loc_loss:  1.1863538360595702 reward_loss:  -59.3181037902832
epoch:  6 batch:  110 region_loss:  4.0 4.0 loc_loss:  0.6224251937866211 reward_loss:  -31.12124252319336
epoch:  6 batch:  120 region_loss:  5.0 5.0 loc_loss:  0.764188003540039 reward_loss:  -38.20961380004883
epoch:  6 batch:  130 region_loss:  7.0 7.0 loc_loss:  1.0716635131835937 reward_loss:  -53.583133697509766
acc@1:  0.07055503292568203
epoch: 6 region loss 0.17051094890510948 loc loss 1.2665284639901488 reward loss -63.32644089469074
epoch:  7 batch:  0 region_loss:  10.0 10.0 loc_loss:  1.4746173095703126 reward_loss:  -73.73076629638672
epoch:  7 batch:  10 region_loss:  10.0 10.0 loc_loss:  1.4851451110839844 reward_loss:  -74.25726318359375
epoch:  7 batch:  20 region_loss:  10.0 10.0 loc_loss:  1.3980084228515626 reward_loss:  -69.900390625
epoch:  7 batch:  30 region_loss:  10.0 10.0 loc_loss:  1.4697320556640625 reward_loss:  -73.48645782470703
epoch:  7 batch:  40 region_loss:  10.0 10.0 loc_loss:  1.4185284423828124 reward_loss:  -70.92639923095703
epoch:  7 batch:  50 region_loss:  10.0 10.0 loc_loss:  1.4330792236328125 reward_loss:  -71.65460205078125
epoch:  7 batch:  60 region_loss:  10.0 10.0 loc_loss:  1.451253662109375 reward_loss:  -72.56272888183594
epoch:  7 batch:  70 region_loss:  10.0 10.0 loc_loss:  1.425616455078125 reward_loss:  -71.28081512451172
epoch:  7 batch:  80 region_loss:  10.0 10.0 loc_loss:  1.443494110107422 reward_loss:  -72.1744384765625
epoch:  7 batch:  90 region_loss:  6.0 6.0 loc_loss:  0.878370361328125 reward_loss:  -43.918521881103516
epoch:  7 batch:  100 region_loss:  8.0 8.0 loc_loss:  1.1323275756835938 reward_loss:  -56.61640930175781
epoch:  7 batch:  110 region_loss:  4.0 4.0 loc_loss:  0.6025279998779297 reward_loss:  -30.12641716003418
epoch:  7 batch:  120 region_loss:  5.0 5.0 loc_loss:  0.7341617584228516 reward_loss:  -36.708091735839844
epoch:  7 batch:  130 region_loss:  7.0 7.0 loc_loss:  1.0331985473632812 reward_loss:  -51.65998458862305
acc@1:  0.08372530573847602
epoch: 7 region loss 0.17051094890510948 loc loss 1.2119788566645044 reward loss -60.59892442800703
epoch:  8 batch:  0 region_loss:  10.0 10.0 loc_loss:  1.4099325561523437 reward_loss:  -70.49662780761719
epoch:  8 batch:  10 region_loss:  10.0 10.0 loc_loss:  1.42396484375 reward_loss:  -71.19821166992188
epoch:  8 batch:  20 region_loss:  10.0 10.0 loc_loss:  1.3233642578125 reward_loss:  -66.168212890625
epoch:  8 batch:  30 region_loss:  10.0 10.0 loc_loss:  1.4017767333984374 reward_loss:  -70.08889770507812
epoch:  8 batch:  40 region_loss:  10.0 10.0 loc_loss:  1.361302947998047 reward_loss:  -68.06517028808594
epoch:  8 batch:  50 region_loss:  10.0 10.0 loc_loss:  1.3592041015625 reward_loss:  -67.9601821899414
epoch:  8 batch:  60 region_loss:  10.0 10.0 loc_loss:  1.3873687744140626 reward_loss:  -69.36845397949219
epoch:  8 batch:  70 region_loss:  10.0 10.0 loc_loss:  1.3555278015136718 reward_loss:  -67.77639770507812
epoch:  8 batch:  80 region_loss:  10.0 10.0 loc_loss:  1.3814598083496095 reward_loss:  -69.07298278808594
epoch:  8 batch:  90 region_loss:  6.0 6.0 loc_loss:  0.8435700225830078 reward_loss:  -42.17848205566406
epoch:  8 batch:  100 region_loss:  8.0 8.0 loc_loss:  1.0751463317871093 reward_loss:  -53.75730895996094
epoch:  8 batch:  110 region_loss:  4.0 4.0 loc_loss:  0.5816512298583985 reward_loss:  -29.082326889038086
epoch:  8 batch:  120 region_loss:  5.0 5.0 loc_loss:  0.7024862670898437 reward_loss:  -35.12432861328125
epoch:  8 batch:  130 region_loss:  7.0 7.0 loc_loss:  0.9928289794921875 reward_loss:  -49.641456604003906
acc@1:  0.10112888052681092
epoch: 8 region loss 0.17051094890510948 loc loss 1.1549649760670906 reward loss -57.74823950328966
epoch:  9 batch:  0 region_loss:  10.0 10.0 loc_loss:  1.3408195495605468 reward_loss:  -67.04097747802734
epoch:  9 batch:  10 region_loss:  10.0 10.0 loc_loss:  1.3583355712890626 reward_loss:  -67.9167709350586
epoch:  9 batch:  20 region_loss:  10.0 10.0 loc_loss:  1.2469424438476562 reward_loss:  -62.347110748291016
epoch:  9 batch:  30 region_loss:  10.0 10.0 loc_loss:  1.331559295654297 reward_loss:  -66.57788848876953
epoch:  9 batch:  40 region_loss:  10.0 10.0 loc_loss:  1.305702667236328 reward_loss:  -65.28512573242188
epoch:  9 batch:  50 region_loss:  10.0 10.0 loc_loss:  1.283857421875 reward_loss:  -64.19284057617188
epoch:  9 batch:  60 region_loss:  10.0 10.0 loc_loss:  1.3213825988769532 reward_loss:  -66.06912994384766
epoch:  9 batch:  70 region_loss:  10.0 10.0 loc_loss:  1.2834121704101562 reward_loss:  -64.17061614990234
epoch:  9 batch:  80 region_loss:  10.0 10.0 loc_loss:  1.3187698364257812 reward_loss:  -65.93846893310547
epoch:  9 batch:  90 region_loss:  6.0 6.0 loc_loss:  0.807904052734375 reward_loss:  -40.395198822021484
epoch:  9 batch:  100 region_loss:  8.0 8.0 loc_loss:  1.0166171264648438 reward_loss:  -50.83090591430664
epoch:  9 batch:  110 region_loss:  4.0 4.0 loc_loss:  0.5599745178222656 reward_loss:  -27.998714447021484
epoch:  9 batch:  120 region_loss:  5.0 5.0 loc_loss:  0.6699240112304687 reward_loss:  -33.49620056152344
epoch:  9 batch:  130 region_loss:  7.0 7.0 loc_loss:  0.9511643981933594 reward_loss:  -47.55830001831055
acc@1:  0.11100658513640639
epoch: 9 region loss 0.17051094890510948 loc loss 1.0967921294609126 reward loss -54.839610440887675
epoch:  10 batch:  0 region_loss:  10.0 10.0 loc_loss:  1.2689028930664064 reward_loss:  -63.445106506347656
epoch:  10 batch:  10 region_loss:  10.0 10.0 loc_loss:  1.2901226806640624 reward_loss:  -64.50613403320312
epoch:  10 batch:  20 region_loss:  10.0 10.0 loc_loss:  1.1712956237792969 reward_loss:  -58.564701080322266
epoch:  10 batch:  30 region_loss:  10.0 10.0 loc_loss:  1.2601820373535155 reward_loss:  -63.00914764404297
epoch:  10 batch:  40 region_loss:  10.0 10.0 loc_loss:  1.2513192749023438 reward_loss:  -62.56595993041992
epoch:  10 batch:  50 region_loss:  10.0 10.0 loc_loss:  1.2093834686279297 reward_loss:  -60.469154357910156
epoch:  10 batch:  60 region_loss:  10.0 10.0 loc_loss:  1.2554129791259765 reward_loss:  -62.77063751220703
epoch:  10 batch:  70 region_loss:  10.0 10.0 loc_loss:  1.2111322021484374 reward_loss:  -60.55657196044922
epoch:  10 batch:  80 region_loss:  10.0 10.0 loc_loss:  1.2574542236328126 reward_loss:  -62.87267303466797
epoch:  10 batch:  90 region_loss:  6.0 6.0 loc_loss:  0.771928939819336 reward_loss:  -38.59645080566406
epoch:  10 batch:  100 region_loss:  8.0 8.0 loc_loss:  0.9587374114990235 reward_loss:  -47.93698501586914
epoch:  10 batch:  110 region_loss:  4.0 4.0 loc_loss:  0.5377338409423829 reward_loss:  -26.8867130279541
epoch:  10 batch:  120 region_loss:  5.0 5.0 loc_loss:  0.6372900009155273 reward_loss:  -31.864513397216797
epoch:  10 batch:  130 region_loss:  7.0 7.0 loc_loss:  0.9089663696289062 reward_loss:  -45.448299407958984
acc@1:  0.12276575729068674
epoch: 10 region loss 0.17051094890510948 loc loss 1.0388707312702263 reward loss -51.9435365078223
epoch:  11 batch:  0 region_loss:  10.0 10.0 loc_loss:  1.1962063598632813 reward_loss:  -59.810302734375
epoch:  11 batch:  10 region_loss:  10.0 10.0 loc_loss:  1.2214862060546876 reward_loss:  -61.07429122924805
epoch:  11 batch:  20 region_loss:  10.0 10.0 loc_loss:  1.0982696533203125 reward_loss:  -54.91348648071289
epoch:  11 batch:  30 region_loss:  10.0 10.0 loc_loss:  1.1885343170166016 reward_loss:  -59.42668151855469
epoch:  11 batch:  40 region_loss:  10.0 10.0 loc_loss:  1.1976921081542968 reward_loss:  -59.884613037109375
epoch:  11 batch:  50 region_loss:  10.0 10.0 loc_loss:  1.1376652526855469 reward_loss:  -56.88327407836914
epoch:  11 batch:  60 region_loss:  10.0 10.0 loc_loss:  1.1910045623779297 reward_loss:  -59.55025100708008
epoch:  11 batch:  70 region_loss:  10.0 10.0 loc_loss:  1.1407560729980468 reward_loss:  -57.03778076171875
epoch:  11 batch:  80 region_loss:  10.0 10.0 loc_loss:  1.1985759735107422 reward_loss:  -59.92892074584961
epoch:  11 batch:  90 region_loss:  6.0 6.0 loc_loss:  0.7361781311035156 reward_loss:  -36.808895111083984
epoch:  11 batch:  100 region_loss:  8.0 8.0 loc_loss:  0.902987289428711 reward_loss:  -45.14936447143555
epoch:  11 batch:  110 region_loss:  4.0 4.0 loc_loss:  0.5151376724243164 reward_loss:  -25.756912231445312
epoch:  11 batch:  120 region_loss:  5.0 5.0 loc_loss:  0.605213737487793 reward_loss:  -30.260677337646484
epoch:  11 batch:  130 region_loss:  7.0 7.0 loc_loss:  0.8670571899414062 reward_loss:  -43.35285949707031
acc@1:  0.13123236124176857
epoch: 11 region loss 0.17051094890510948 loc loss 0.9825131498462092 reward loss -49.12565431803682
epoch:  12 batch:  0 region_loss:  10.0 10.0 loc_loss:  1.1249412536621093 reward_loss:  -56.24707794189453
epoch:  12 batch:  10 region_loss:  10.0 10.0 loc_loss:  1.1542765808105468 reward_loss:  -57.71384048461914
epoch:  12 batch:  20 region_loss:  10.0 10.0 loc_loss:  1.0292697906494142 reward_loss:  -51.463497161865234
epoch:  12 batch:  30 region_loss:  10.0 10.0 loc_loss:  1.1176703643798829 reward_loss:  -55.883522033691406
epoch:  12 batch:  40 region_loss:  10.0 10.0 loc_loss:  1.145040054321289 reward_loss:  -57.25200271606445
epoch:  12 batch:  50 region_loss:  10.0 10.0 loc_loss:  1.0696328735351563 reward_loss:  -53.48164367675781
epoch:  12 batch:  60 region_loss:  10.0 10.0 loc_loss:  1.1289147186279296 reward_loss:  -56.44573974609375
epoch:  12 batch:  70 region_loss:  10.0 10.0 loc_loss:  1.0742552185058594 reward_loss:  -53.71274948120117
epoch:  12 batch:  80 region_loss:  10.0 10.0 loc_loss:  1.1421435546875 reward_loss:  -57.10717010498047
epoch:  12 batch:  90 region_loss:  6.0 6.0 loc_loss:  0.7011449432373047 reward_loss:  -35.057247161865234
epoch:  12 batch:  100 region_loss:  8.0 8.0 loc_loss:  0.8505889892578125 reward_loss:  -42.529449462890625
epoch:  12 batch:  110 region_loss:  4.0 4.0 loc_loss:  0.49242683410644533 reward_loss:  -24.621335983276367
epoch:  12 batch:  120 region_loss:  5.0 5.0 loc_loss:  0.5741363525390625 reward_loss:  -28.706811904907227
epoch:  12 batch:  130 region_loss:  7.0 7.0 loc_loss:  0.8261134338378906 reward_loss:  -41.30567932128906
acc@1:  0.13358419567262464
epoch: 12 region loss 0.17051094890510948 loc loss 0.9287749653837106 reward loss -46.43875191681577
epoch:  13 batch:  0 region_loss:  10.0 10.0 loc_loss:  1.0572283935546876 reward_loss:  -52.861419677734375
epoch:  13 batch:  10 region_loss:  10.0 10.0 loc_loss:  1.0899746704101563 reward_loss:  -54.49873733520508
epoch:  13 batch:  20 region_loss:  10.0 10.0 loc_loss:  0.9654267120361328 reward_loss:  -48.271339416503906
epoch:  13 batch:  30 region_loss:  10.0 10.0 loc_loss:  1.0493374633789063 reward_loss:  -52.46686553955078
epoch:  13 batch:  40 region_loss:  10.0 10.0 loc_loss:  1.0939995574951171 reward_loss:  -54.699974060058594
epoch:  13 batch:  50 region_loss:  10.0 10.0 loc_loss:  1.005807113647461 reward_loss:  -50.29037094116211
epoch:  13 batch:  60 region_loss:  10.0 10.0 loc_loss:  1.069796142578125 reward_loss:  -53.48980712890625
epoch:  13 batch:  70 region_loss:  10.0 10.0 loc_loss:  1.0129989624023437 reward_loss:  -50.64995574951172
epoch:  13 batch:  80 region_loss:  10.0 10.0 loc_loss:  1.0881700897216797 reward_loss:  -54.408504486083984
epoch:  13 batch:  90 region_loss:  6.0 6.0 loc_loss:  0.6673269653320313 reward_loss:  -33.36634063720703
epoch:  13 batch:  100 region_loss:  8.0 8.0 loc_loss:  0.8024453735351562 reward_loss:  -40.12227249145508
epoch:  13 batch:  110 region_loss:  4.0 4.0 loc_loss:  0.4698870086669922 reward_loss:  -23.494346618652344
epoch:  13 batch:  120 region_loss:  5.0 5.0 loc_loss:  0.5443008422851563 reward_loss:  -27.215044021606445
epoch:  13 batch:  130 region_loss:  7.0 7.0 loc_loss:  0.7866349792480469 reward_loss:  -39.33174133300781
acc@1:  0.138758231420508
epoch: 13 region loss 0.17051094890510948 loc loss 0.8783662375568474 reward loss -43.91830896809153
epoch:  14 batch:  0 region_loss:  10.0 10.0 loc_loss:  0.9947183990478515 reward_loss:  -49.73590850830078
epoch:  14 batch:  10 region_loss:  10.0 10.0 loc_loss:  1.0297213745117189 reward_loss:  -51.48606872558594
epoch:  14 batch:  20 region_loss:  10.0 10.0 loc_loss:  0.9074826049804687 reward_loss:  -45.37413024902344
epoch:  14 batch:  30 region_loss:  10.0 10.0 loc_loss:  0.9853868103027343 reward_loss:  -49.26933670043945
epoch:  14 batch:  40 region_loss:  10.0 10.0 loc_loss:  1.0452952575683594 reward_loss:  -52.26476287841797
epoch:  14 batch:  50 region_loss:  10.0 10.0 loc_loss:  0.9469639587402344 reward_loss:  -47.34818649291992
epoch:  14 batch:  60 region_loss:  10.0 10.0 loc_loss:  1.0142640686035156 reward_loss:  -50.71321105957031
epoch:  14 batch:  70 region_loss:  10.0 10.0 loc_loss:  0.9574578094482422 reward_loss:  -47.87289047241211
epoch:  14 batch:  80 region_loss:  10.0 10.0 loc_loss:  1.0368970489501954 reward_loss:  -51.8448486328125
epoch:  14 batch:  90 region_loss:  6.0 6.0 loc_loss:  0.6351465606689453 reward_loss:  -31.757328033447266
epoch:  14 batch:  100 region_loss:  8.0 8.0 loc_loss:  0.758812484741211 reward_loss:  -37.94062423706055
epoch:  14 batch:  110 region_loss:  4.0 4.0 loc_loss:  0.44781219482421875 reward_loss:  -22.390607833862305
epoch:  14 batch:  120 region_loss:  5.0 5.0 loc_loss:  0.5157936477661133 reward_loss:  -25.789682388305664
epoch:  14 batch:  130 region_loss:  7.0 7.0 loc_loss:  0.7490225219726563 reward_loss:  -37.45112228393555
acc@1:  0.13922859830667922
epoch: 14 region loss 0.17051094890510948 loc loss 0.8316434963254163 reward loss -41.58215915373642
epoch:  15 batch:  0 region_loss:  10.0 10.0 loc_loss:  0.9380719757080078 reward_loss:  -46.90358352661133
epoch:  15 batch:  10 region_loss:  10.0 10.0 loc_loss:  0.9740519714355469 reward_loss:  -48.702606201171875
epoch:  15 batch:  20 region_loss:  10.0 10.0 loc_loss:  0.8556101989746093 reward_loss:  -42.780513763427734
epoch:  15 batch:  30 region_loss:  10.0 10.0 loc_loss:  0.926734619140625 reward_loss:  -46.33673095703125
epoch:  15 batch:  40 region_loss:  10.0 10.0 loc_loss:  0.9995481109619141 reward_loss:  -49.9774055480957
epoch:  15 batch:  50 region_loss:  10.0 10.0 loc_loss:  0.8937208557128906 reward_loss:  -44.68605041503906
epoch:  15 batch:  60 region_loss:  10.0 10.0 loc_loss:  0.9624910736083985 reward_loss:  -48.124542236328125
epoch:  15 batch:  70 region_loss:  10.0 10.0 loc_loss:  0.9072756195068359 reward_loss:  -45.36382293701172
epoch:  15 batch:  80 region_loss:  10.0 10.0 loc_loss:  0.9885319519042969 reward_loss:  -49.42659378051758
epoch:  15 batch:  90 region_loss:  6.0 6.0 loc_loss:  0.6048337936401367 reward_loss:  -30.241682052612305
epoch:  15 batch:  100 region_loss:  8.0 8.0 loc_loss:  0.7193429565429688 reward_loss:  -35.96714782714844
epoch:  15 batch:  110 region_loss:  4.0 4.0 loc_loss:  0.4264105987548828 reward_loss:  -21.32052993774414
epoch:  15 batch:  120 region_loss:  5.0 5.0 loc_loss:  0.4886457824707031 reward_loss:  -24.432287216186523
epoch:  15 batch:  130 region_loss:  7.0 7.0 loc_loss:  0.7135768890380859 reward_loss:  -35.6788444519043
acc@1:  0.1396989651928504
epoch: 15 region loss 0.17051094890510948 loc loss 0.7886541113192148 reward loss -39.43270482808134
epoch:  16 batch:  0 region_loss:  10.0 10.0 loc_loss:  0.8869337463378906 reward_loss:  -44.3466911315918
epoch:  16 batch:  10 region_loss:  10.0 10.0 loc_loss:  0.9230098724365234 reward_loss:  -46.15049743652344
epoch:  16 batch:  20 region_loss:  10.0 10.0 loc_loss:  0.8095630645751953 reward_loss:  -40.4781494140625
epoch:  16 batch:  30 region_loss:  10.0 10.0 loc_loss:  0.8732678985595703 reward_loss:  -43.663394927978516
epoch:  16 batch:  40 region_loss:  10.0 10.0 loc_loss:  0.9571382904052734 reward_loss:  -47.85691833496094
epoch:  16 batch:  50 region_loss:  10.0 10.0 loc_loss:  0.8460334777832031 reward_loss:  -42.301666259765625
epoch:  16 batch:  60 region_loss:  10.0 10.0 loc_loss:  0.9141329193115234 reward_loss:  -45.70664596557617
epoch:  16 batch:  70 region_loss:  10.0 10.0 loc_loss:  0.8616405487060547 reward_loss:  -43.08202362060547
epoch:  16 batch:  80 region_loss:  10.0 10.0 loc_loss:  0.9431051635742187 reward_loss:  -47.15522766113281
epoch:  16 batch:  90 region_loss:  6.0 6.0 loc_loss:  0.5763855361938477 reward_loss:  -28.819278717041016
epoch:  16 batch:  100 region_loss:  8.0 8.0 loc_loss:  0.6834269714355469 reward_loss:  -34.17135238647461
epoch:  16 batch:  110 region_loss:  4.0 4.0 loc_loss:  0.40577945709228513 reward_loss:  -20.288963317871094
epoch:  16 batch:  120 region_loss:  5.0 5.0 loc_loss:  0.46287830352783205 reward_loss:  -23.14391326904297
epoch:  16 batch:  130 region_loss:  7.0 7.0 loc_loss:  0.6804275512695312 reward_loss:  -34.0213737487793
acc@1:  0.14346190028222014
epoch: 16 region loss 0.17051094890510948 loc loss 0.7492099792591848 reward loss -37.460497417589174
epoch:  17 batch:  0 region_loss:  10.0 10.0 loc_loss:  0.8405291748046875 reward_loss:  -42.026451110839844
epoch:  17 batch:  10 region_loss:  10.0 10.0 loc_loss:  0.8764154052734375 reward_loss:  -43.82076644897461
epoch:  17 batch:  20 region_loss:  10.0 10.0 loc_loss:  0.7687779235839843 reward_loss:  -38.43889617919922
epoch:  17 batch:  30 region_loss:  10.0 10.0 loc_loss:  0.8245574188232422 reward_loss:  -41.22783660888672
epoch:  17 batch:  40 region_loss:  10.0 10.0 loc_loss:  0.9180927276611328 reward_loss:  -45.904632568359375
epoch:  17 batch:  50 region_loss:  10.0 10.0 loc_loss:  0.8032554626464844 reward_loss:  -40.16276931762695
epoch:  17 batch:  60 region_loss:  10.0 10.0 loc_loss:  0.8686863708496094 reward_loss:  -43.43431854248047
epoch:  17 batch:  70 region_loss:  10.0 10.0 loc_loss:  0.81972900390625 reward_loss:  -40.98644256591797
epoch:  17 batch:  80 region_loss:  10.0 10.0 loc_loss:  0.9004500579833984 reward_loss:  -45.02250289916992
epoch:  17 batch:  90 region_loss:  6.0 6.0 loc_loss:  0.5496551132202149 reward_loss:  -27.48275375366211
epoch:  17 batch:  100 region_loss:  8.0 8.0 loc_loss:  0.6504845428466797 reward_loss:  -32.52422332763672
epoch:  17 batch:  110 region_loss:  4.0 4.0 loc_loss:  0.38595123291015626 reward_loss:  -19.297561645507812
epoch:  17 batch:  120 region_loss:  5.0 5.0 loc_loss:  0.4384904861450195 reward_loss:  -21.92452621459961
epoch:  17 batch:  130 region_loss:  7.0 7.0 loc_loss:  0.6494762420654296 reward_loss:  -32.473812103271484
acc@1:  0.14346190028222014
epoch: 17 region loss 0.17051094890510948 loc loss 0.7129772995162185 reward loss -35.64886370192479
epoch:  18 batch:  0 region_loss:  10.0 10.0 loc_loss:  0.7981174468994141 reward_loss:  -39.90586471557617
epoch:  18 batch:  10 region_loss:  10.0 10.0 loc_loss:  0.8338578796386719 reward_loss:  -41.69288635253906
epoch:  18 batch:  20 region_loss:  10.0 10.0 loc_loss:  0.73243896484375 reward_loss:  -36.6219367980957
epoch:  18 batch:  30 region_loss:  10.0 10.0 loc_loss:  0.7801571655273437 reward_loss:  -39.00785446166992
epoch:  18 batch:  40 region_loss:  10.0 10.0 loc_loss:  0.8820921325683594 reward_loss:  -44.10460662841797
epoch:  18 batch:  50 region_loss:  10.0 10.0 loc_loss:  0.7645433044433594 reward_loss:  -38.22716522216797
epoch:  18 batch:  60 region_loss:  10.0 10.0 loc_loss:  0.8257537078857422 reward_loss:  -41.287681579589844
epoch:  18 batch:  70 region_loss:  10.0 10.0 loc_loss:  0.7809310150146485 reward_loss:  -39.04653549194336
epoch:  18 batch:  80 region_loss:  10.0 10.0 loc_loss:  0.8602885437011719 reward_loss:  -43.01443099975586
epoch:  18 batch:  90 region_loss:  6.0 6.0 loc_loss:  0.524462890625 reward_loss:  -26.22314453125
epoch:  18 batch:  100 region_loss:  8.0 8.0 loc_loss:  0.6200289154052734 reward_loss:  -31.001445770263672
epoch:  18 batch:  110 region_loss:  4.0 4.0 loc_loss:  0.3669403839111328 reward_loss:  -18.347013473510742
epoch:  18 batch:  120 region_loss:  5.0 5.0 loc_loss:  0.41544944763183594 reward_loss:  -20.772459030151367
epoch:  18 batch:  130 region_loss:  7.0 7.0 loc_loss:  0.620460205078125 reward_loss:  -31.02301025390625
acc@1:  0.14016933207902163
epoch: 18 region loss 0.17051094890510948 loc loss 0.6795656577340007 reward loss -33.978280060482724
epoch:  19 batch:  0 region_loss:  10.0 10.0 loc_loss:  0.7590660095214844 reward_loss:  -37.953304290771484
epoch:  19 batch:  10 region_loss:  10.0 10.0 loc_loss:  0.7947876739501953 reward_loss:  -39.739383697509766
epoch:  19 batch:  20 region_loss:  10.0 10.0 loc_loss:  0.6996673583984375 reward_loss:  -34.98337173461914
epoch:  19 batch:  30 region_loss:  10.0 10.0 loc_loss:  0.7395864868164063 reward_loss:  -36.97932434082031
epoch:  19 batch:  40 region_loss:  10.0 10.0 loc_loss:  0.8486296081542969 reward_loss:  -42.43147659301758
epoch:  19 batch:  50 region_loss:  10.0 10.0 loc_loss:  0.7291651153564453 reward_loss:  -36.460227966308594
epoch:  19 batch:  60 region_loss:  10.0 10.0 loc_loss:  0.7850820922851562 reward_loss:  -39.25410461425781
epoch:  19 batch:  70 region_loss:  10.0 10.0 loc_loss:  0.7448368835449218 reward_loss:  -37.24184799194336
epoch:  19 batch:  80 region_loss:  10.0 10.0 loc_loss:  0.8223285675048828 reward_loss:  -41.116432189941406
epoch:  19 batch:  90 region_loss:  6.0 6.0 loc_loss:  0.5006379318237305 reward_loss:  -25.03189468383789
epoch:  19 batch:  100 region_loss:  8.0 8.0 loc_loss:  0.5916375350952149 reward_loss:  -29.58187484741211
epoch:  19 batch:  110 region_loss:  4.0 4.0 loc_loss:  0.34874969482421875 reward_loss:  -17.437484741210938
epoch:  19 batch:  120 region_loss:  5.0 5.0 loc_loss:  0.39369285583496094 reward_loss:  -19.684640884399414
epoch:  19 batch:  130 region_loss:  7.0 7.0 loc_loss:  0.5930731964111328 reward_loss:  -29.653656005859375
acc@1:  0.14016933207902163
epoch: 19 region loss 0.17051094890510948 loc loss 0.6485846143569389 reward loss -32.429244737555514
epoch:  20 batch:  0 region_loss:  10.0 10.0 loc_loss:  0.7228260803222656 reward_loss:  -36.141300201416016
epoch:  20 batch:  10 region_loss:  10.0 10.0 loc_loss:  0.7586776733398437 reward_loss:  -37.93388366699219
epoch:  20 batch:  20 region_loss:  10.0 10.0 loc_loss:  0.6697151184082031 reward_loss:  -33.485755920410156
epoch:  20 batch:  30 region_loss:  10.0 10.0 loc_loss:  0.7023237609863281 reward_loss:  -35.116188049316406
epoch:  20 batch:  40 region_loss:  10.0 10.0 loc_loss:  0.8171940612792968 reward_loss:  -40.859703063964844
epoch:  20 batch:  50 region_loss:  10.0 10.0 loc_loss:  0.6965760803222656 reward_loss:  -34.82880401611328
epoch:  20 batch:  60 region_loss:  10.0 10.0 loc_loss:  0.7465223693847656 reward_loss:  -37.32611083984375
epoch:  20 batch:  70 region_loss:  10.0 10.0 loc_loss:  0.7111534881591797 reward_loss:  -35.55767059326172
epoch:  20 batch:  80 region_loss:  10.0 10.0 loc_loss:  0.7863224792480469 reward_loss:  -39.31612777709961
epoch:  20 batch:  90 region_loss:  6.0 6.0 loc_loss:  0.47802051544189456 reward_loss:  -23.901025772094727
epoch:  20 batch:  100 region_loss:  8.0 8.0 loc_loss:  0.5649430465698242 reward_loss:  -28.247148513793945
epoch:  20 batch:  110 region_loss:  4.0 4.0 loc_loss:  0.33136722564697263 reward_loss:  -16.568361282348633
epoch:  20 batch:  120 region_loss:  5.0 5.0 loc_loss:  0.37314640045166014 reward_loss:  -18.657320022583008
epoch:  20 batch:  130 region_loss:  7.0 7.0 loc_loss:  0.5670516586303711 reward_loss:  -28.35257911682129
acc@1:  0.138758231420508
epoch: 20 region loss 0.17051094890510948 loc loss 0.6196779480815804 reward loss -30.98389606754275
epoch:  21 batch:  0 region_loss:  10.0 10.0 loc_loss:  0.6889290618896484 reward_loss:  -34.44645309448242
epoch:  21 batch:  10 region_loss:  10.0 10.0 loc_loss:  0.7250894165039062 reward_loss:  -36.25447082519531
epoch:  21 batch:  20 region_loss:  10.0 10.0 loc_loss:  0.642006607055664 reward_loss:  -32.1003303527832
epoch:  21 batch:  30 region_loss:  10.0 10.0 loc_loss:  0.6678749084472656 reward_loss:  -33.39381408691406
epoch:  21 batch:  40 region_loss:  10.0 10.0 loc_loss:  0.7873681640625 reward_loss:  -39.368408203125
epoch:  21 batch:  50 region_loss:  10.0 10.0 loc_loss:  0.6663510131835938 reward_loss:  -33.31755065917969
epoch:  21 batch:  60 region_loss:  10.0 10.0 loc_loss:  0.7099808502197266 reward_loss:  -35.49903869628906
epoch:  21 batch:  70 region_loss:  10.0 10.0 loc_loss:  0.6796216583251953 reward_loss:  -33.9810791015625
epoch:  21 batch:  80 region_loss:  10.0 10.0 loc_loss:  0.752064208984375 reward_loss:  -37.603206634521484
epoch:  21 batch:  90 region_loss:  6.0 6.0 loc_loss:  0.45646656036376954 reward_loss:  -22.823331832885742
epoch:  21 batch:  100 region_loss:  8.0 8.0 loc_loss:  0.5396492767333985 reward_loss:  -26.982463836669922
epoch:  21 batch:  110 region_loss:  4.0 4.0 loc_loss:  0.31476062774658203 reward_loss:  -15.738033294677734
epoch:  21 batch:  120 region_loss:  5.0 5.0 loc_loss:  0.3537271881103516 reward_loss:  -17.686357498168945
epoch:  21 batch:  130 region_loss:  7.0 7.0 loc_loss:  0.5421955108642578 reward_loss:  -27.109777450561523
acc@1:  0.13687676387582315
epoch: 21 region loss 0.17051094890510948 loc loss 0.5925381770447222 reward loss -29.626911072835433
epoch:  22 batch:  0 region_loss:  10.0 10.0 loc_loss:  0.6570012664794922 reward_loss:  -32.85006332397461
epoch:  22 batch:  10 region_loss:  10.0 10.0 loc_loss:  0.6936661529541016 reward_loss:  -34.68330764770508
epoch:  22 batch:  20 region_loss:  10.0 10.0 loc_loss:  0.6161126327514649 reward_loss:  -30.805631637573242
epoch:  22 batch:  30 region_loss:  10.0 10.0 loc_loss:  0.635811767578125 reward_loss:  -31.790586471557617
epoch:  22 batch:  40 region_loss:  10.0 10.0 loc_loss:  0.7588447570800781 reward_loss:  -37.94224166870117
epoch:  22 batch:  50 region_loss:  10.0 10.0 loc_loss:  0.6381203079223633 reward_loss:  -31.90601348876953
epoch:  22 batch:  60 region_loss:  10.0 10.0 loc_loss:  0.675372085571289 reward_loss:  -33.76860427856445
epoch:  22 batch:  70 region_loss:  10.0 10.0 loc_loss:  0.6499935913085938 reward_loss:  -32.49967956542969
epoch:  22 batch:  80 region_loss:  10.0 10.0 loc_loss:  0.7193709564208984 reward_loss:  -35.96855163574219
epoch:  22 batch:  90 region_loss:  6.0 6.0 loc_loss:  0.43585155487060545 reward_loss:  -21.792577743530273
epoch:  22 batch:  100 region_loss:  8.0 8.0 loc_loss:  0.5155388259887695 reward_loss:  -25.776933670043945
epoch:  22 batch:  110 region_loss:  4.0 4.0 loc_loss:  0.2988827133178711 reward_loss:  -14.944134712219238
epoch:  22 batch:  120 region_loss:  5.0 5.0 loc_loss:  0.3353534698486328 reward_loss:  -16.767675399780273
epoch:  22 batch:  130 region_loss:  7.0 7.0 loc_loss:  0.5183589935302735 reward_loss:  -25.917945861816406
acc@1:  0.1349952963311383
epoch: 22 region loss 0.17051094890510948 loc loss 0.5669091593610109 reward loss -28.345457532980145
epoch:  23 batch:  0 region_loss:  10.0 10.0 loc_loss:  0.626757698059082 reward_loss:  -31.3378849029541
epoch:  23 batch:  10 region_loss:  10.0 10.0 loc_loss:  0.6641038513183594 reward_loss:  -33.205196380615234
epoch:  23 batch:  20 region_loss:  10.0 10.0 loc_loss:  0.5917176055908203 reward_loss:  -29.585880279541016
epoch:  23 batch:  30 region_loss:  10.0 10.0 loc_loss:  0.605771713256836 reward_loss:  -30.288585662841797
epoch:  23 batch:  40 region_loss:  10.0 10.0 loc_loss:  0.731407470703125 reward_loss:  -36.570369720458984
epoch:  23 batch:  50 region_loss:  10.0 10.0 loc_loss:  0.6115539169311524 reward_loss:  -30.57769012451172
epoch:  23 batch:  60 region_loss:  10.0 10.0 loc_loss:  0.6425859832763672 reward_loss:  -32.129302978515625
epoch:  23 batch:  70 region_loss:  10.0 10.0 loc_loss:  0.6220397186279297 reward_loss:  -31.101985931396484
epoch:  23 batch:  80 region_loss:  10.0 10.0 loc_loss:  0.688076400756836 reward_loss:  -34.4037971496582
epoch:  23 batch:  90 region_loss:  6.0 6.0 loc_loss:  0.41606868743896486 reward_loss:  -20.803428649902344
epoch:  23 batch:  100 region_loss:  8.0 8.0 loc_loss:  0.49245872497558596 reward_loss:  -24.622934341430664
epoch:  23 batch:  110 region_loss:  4.0 4.0 loc_loss:  0.2836790657043457 reward_loss:  -14.183951377868652
epoch:  23 batch:  120 region_loss:  5.0 5.0 loc_loss:  0.31794668197631837 reward_loss:  -15.897334098815918
epoch:  23 batch:  130 region_loss:  7.0 7.0 loc_loss:  0.49543418884277346 reward_loss:  -24.77170753479004
acc@1:  0.1349952963311383
epoch: 23 region loss 0.17051094890510948 loc loss 0.5425801130280877 reward loss -27.12900534859539
epoch:  24 batch:  0 region_loss:  10.0 10.0 loc_loss:  0.5979817581176757 reward_loss:  -29.89910125732422
epoch:  24 batch:  10 region_loss:  10.0 10.0 loc_loss:  0.63614501953125 reward_loss:  -31.8072509765625
epoch:  24 batch:  20 region_loss:  10.0 10.0 loc_loss:  0.5685982131958007 reward_loss:  -28.42991065979004
epoch:  24 batch:  30 region_loss:  10.0 10.0 loc_loss:  0.5774493026733398 reward_loss:  -28.872467041015625
epoch:  24 batch:  40 region_loss:  10.0 10.0 loc_loss:  0.7049049377441406 reward_loss:  -35.24524688720703
epoch:  24 batch:  50 region_loss:  10.0 10.0 loc_loss:  0.5863703155517578 reward_loss:  -29.318511962890625
epoch:  24 batch:  60 region_loss:  10.0 10.0 loc_loss:  0.6114824676513672 reward_loss:  -30.574125289916992
epoch:  24 batch:  70 region_loss:  10.0 10.0 loc_loss:  0.5955524444580078 reward_loss:  -29.77762222290039
epoch:  24 batch:  80 region_loss:  10.0 10.0 loc_loss:  0.6580213928222656 reward_loss:  -32.90106964111328
epoch:  24 batch:  90 region_loss:  6.0 6.0 loc_loss:  0.3970291519165039 reward_loss:  -19.851459503173828
epoch:  24 batch:  100 region_loss:  8.0 8.0 loc_loss:  0.4703013229370117 reward_loss:  -23.515064239501953
epoch:  24 batch:  110 region_loss:  4.0 4.0 loc_loss:  0.26909770965576174 reward_loss:  -13.454883575439453
epoch:  24 batch:  120 region_loss:  5.0 5.0 loc_loss:  0.3014302062988281 reward_loss:  -15.071508407592773
epoch:  24 batch:  130 region_loss:  7.0 7.0 loc_loss:  0.4733401870727539 reward_loss:  -23.667009353637695
acc@1:  0.13640639698965193
epoch: 24 region loss 0.17051094890510948 loc loss 0.5193780431260158 reward loss -25.9689007083865
epoch:  25 batch:  0 region_loss:  10.0 10.0 loc_loss:  0.570503921508789 reward_loss:  -28.52519416809082
epoch:  25 batch:  10 region_loss:  10.0 10.0 loc_loss:  0.6095708847045899 reward_loss:  -30.47854232788086
epoch:  25 batch:  20 region_loss:  10.0 10.0 loc_loss:  0.546589126586914 reward_loss:  -27.32946014404297
epoch:  25 batch:  30 region_loss:  10.0 10.0 loc_loss:  0.5505907821655274 reward_loss:  -27.529539108276367
epoch:  25 batch:  40 region_loss:  10.0 10.0 loc_loss:  0.6792246246337891 reward_loss:  -33.96123123168945
epoch:  25 batch:  50 region_loss:  10.0 10.0 loc_loss:  0.5623437881469726 reward_loss:  -28.117191314697266
epoch:  25 batch:  60 region_loss:  10.0 10.0 loc_loss:  0.5819085693359375 reward_loss:  -29.095426559448242
epoch:  25 batch:  70 region_loss:  10.0 10.0 loc_loss:  0.5703448486328125 reward_loss:  -28.517242431640625
epoch:  25 batch:  80 region_loss:  10.0 10.0 loc_loss:  0.6290668106079101 reward_loss:  -31.453344345092773
epoch:  25 batch:  90 region_loss:  6.0 6.0 loc_loss:  0.37866165161132814 reward_loss:  -18.93308448791504
epoch:  25 batch:  100 region_loss:  8.0 8.0 loc_loss:  0.4489734649658203 reward_loss:  -22.448673248291016
epoch:  25 batch:  110 region_loss:  4.0 4.0 loc_loss:  0.25509305953979494 reward_loss:  -12.754652976989746
epoch:  25 batch:  120 region_loss:  5.0 5.0 loc_loss:  0.2857260894775391 reward_loss:  -14.286306381225586
epoch:  25 batch:  130 region_loss:  7.0 7.0 loc_loss:  0.45200912475585936 reward_loss:  -22.600454330444336
acc@1:  0.13358419567262464
epoch: 25 region loss 0.17051094890510948 loc loss 0.4971601051135655 reward loss -24.858005071208424
epoch:  26 batch:  0 region_loss:  10.0 10.0 loc_loss:  0.5441880416870117 reward_loss:  -27.20939826965332
epoch:  26 batch:  10 region_loss:  10.0 10.0 loc_loss:  0.5841943359375 reward_loss:  -29.209716796875
epoch:  26 batch:  20 region_loss:  10.0 10.0 loc_loss:  0.5255347061157226 reward_loss:  -26.276735305786133
epoch:  26 batch:  30 region_loss:  10.0 10.0 loc_loss:  0.5249943161010742 reward_loss:  -26.24971580505371
epoch:  26 batch:  40 region_loss:  10.0 10.0 loc_loss:  0.6542610168457031 reward_loss:  -32.71305465698242
epoch:  26 batch:  50 region_loss:  10.0 10.0 loc_loss:  0.5392966461181641 reward_loss:  -26.96483612060547
epoch:  26 batch:  60 region_loss:  10.0 10.0 loc_loss:  0.5537138366699219 reward_loss:  -27.685691833496094
epoch:  26 batch:  70 region_loss:  10.0 10.0 loc_loss:  0.5462456512451171 reward_loss:  -27.312339782714844
epoch:  26 batch:  80 region_loss:  10.0 10.0 loc_loss:  0.6010863113403321 reward_loss:  -30.054309844970703
epoch:  26 batch:  90 region_loss:  6.0 6.0 loc_loss:  0.36090763092041017 reward_loss:  -18.045381546020508
epoch:  26 batch:  100 region_loss:  8.0 8.0 loc_loss:  0.42838924407958984 reward_loss:  -21.41946029663086
epoch:  26 batch:  110 region_loss:  4.0 4.0 loc_loss:  0.2416263198852539 reward_loss:  -12.081314086914062
epoch:  26 batch:  120 region_loss:  5.0 5.0 loc_loss:  0.27075660705566407 reward_loss:  -13.537829399108887
epoch:  26 batch:  130 region_loss:  7.0 7.0 loc_loss:  0.43137813568115235 reward_loss:  -21.568906784057617
acc@1:  0.13076199435559738
epoch: 26 region loss 0.17051094890510948 loc loss 0.47580788570598964 reward loss -23.79039403121837
epoch:  27 batch:  0 region_loss:  10.0 10.0 loc_loss:  0.5189217376708984 reward_loss:  -25.946083068847656
epoch:  27 batch:  10 region_loss:  10.0 10.0 loc_loss:  0.5598498153686523 reward_loss:  -27.99249267578125
epoch:  27 batch:  20 region_loss:  10.0 10.0 loc_loss:  0.5053028869628906 reward_loss:  -25.26514434814453
epoch:  27 batch:  30 region_loss:  10.0 10.0 loc_loss:  0.5005077362060547 reward_loss:  -25.02538299560547
epoch:  27 batch:  40 region_loss:  10.0 10.0 loc_loss:  0.6299170303344727 reward_loss:  -31.495851516723633
epoch:  27 batch:  50 region_loss:  10.0 10.0 loc_loss:  0.5170918273925781 reward_loss:  -25.854591369628906
epoch:  27 batch:  60 region_loss:  10.0 10.0 loc_loss:  0.5267618560791015 reward_loss:  -26.338090896606445
epoch:  27 batch:  70 region_loss:  10.0 10.0 loc_loss:  0.5231034088134766 reward_loss:  -26.155170440673828
epoch:  27 batch:  80 region_loss:  10.0 10.0 loc_loss:  0.5739762115478516 reward_loss:  -28.698810577392578
epoch:  27 batch:  90 region_loss:  6.0 6.0 loc_loss:  0.3437196350097656 reward_loss:  -17.18598175048828
epoch:  27 batch:  100 region_loss:  8.0 8.0 loc_loss:  0.4084752655029297 reward_loss:  -20.42376136779785
epoch:  27 batch:  110 region_loss:  4.0 4.0 loc_loss:  0.22866458892822267 reward_loss:  -11.433229446411133
epoch:  27 batch:  120 region_loss:  5.0 5.0 loc_loss:  0.25644554138183595 reward_loss:  -12.82227611541748
epoch:  27 batch:  130 region_loss:  7.0 7.0 loc_loss:  0.41139244079589843 reward_loss:  -20.569622039794922
acc@1:  0.12982126058325494
epoch: 27 region loss 0.17051094890510948 loc loss 0.45522441648218753 reward loss -22.761220366415316
epoch:  28 batch:  0 region_loss:  10.0 10.0 loc_loss:  0.4946080017089844 reward_loss:  -24.73040008544922
epoch:  28 batch:  10 region_loss:  10.0 10.0 loc_loss:  0.5363934326171875 reward_loss:  -26.819671630859375
epoch:  28 batch:  20 region_loss:  10.0 10.0 loc_loss:  0.4857914733886719 reward_loss:  -24.289575576782227
epoch:  28 batch:  30 region_loss:  10.0 10.0 loc_loss:  0.4770159530639648 reward_loss:  -23.85079574584961
epoch:  28 batch:  40 region_loss:  10.0 10.0 loc_loss:  0.6061231613159179 reward_loss:  -30.306156158447266
epoch:  28 batch:  50 region_loss:  10.0 10.0 loc_loss:  0.49562290191650393 reward_loss:  -24.781145095825195
epoch:  28 batch:  60 region_loss:  10.0 10.0 loc_loss:  0.5009352874755859 reward_loss:  -25.046762466430664
epoch:  28 batch:  70 region_loss:  10.0 10.0 loc_loss:  0.50078369140625 reward_loss:  -25.039186477661133
epoch:  28 batch:  80 region_loss:  10.0 10.0 loc_loss:  0.5476567077636719 reward_loss:  -27.382843017578125
epoch:  28 batch:  90 region_loss:  6.0 6.0 loc_loss:  0.32705642700195314 reward_loss:  -16.352821350097656
epoch:  28 batch:  100 region_loss:  8.0 8.0 loc_loss:  0.38917564392089843 reward_loss:  -19.458782196044922
epoch:  28 batch:  110 region_loss:  4.0 4.0 loc_loss:  0.21617956161499025 reward_loss:  -10.808980941772461
epoch:  28 batch:  120 region_loss:  5.0 5.0 loc_loss:  0.24272850036621094 reward_loss:  -12.136425971984863
epoch:  28 batch:  130 region_loss:  7.0 7.0 loc_loss:  0.39200916290283205 reward_loss:  -19.60045623779297
acc@1:  0.13029162746942616
epoch: 28 region loss 0.17051094890510948 loc loss 0.4353326144531695 reward loss -21.76663056255257
epoch:  29 batch:  0 region_loss:  10.0 10.0 loc_loss:  0.47116401672363284 reward_loss:  -23.558258056640625
epoch:  29 batch:  10 region_loss:  10.0 10.0 loc_loss:  0.5137070465087891 reward_loss:  -25.685348510742188
epoch:  29 batch:  20 region_loss:  10.0 10.0 loc_loss:  0.466929931640625 reward_loss:  -23.34649658203125
epoch:  29 batch:  30 region_loss:  10.0 10.0 loc_loss:  0.454427490234375 reward_loss:  -22.721372604370117
epoch:  29 batch:  40 region_loss:  10.0 10.0 loc_loss:  0.5828281021118165 reward_loss:  -29.141403198242188
epoch:  29 batch:  50 region_loss:  10.0 10.0 loc_loss:  0.4748065948486328 reward_loss:  -23.740331649780273
epoch:  29 batch:  60 region_loss:  10.0 10.0 loc_loss:  0.476151123046875 reward_loss:  -23.807552337646484
epoch:  29 batch:  70 region_loss:  10.0 10.0 loc_loss:  0.47918197631835935 reward_loss:  -23.959102630615234
epoch:  29 batch:  80 region_loss:  10.0 10.0 loc_loss:  0.5220721817016601 reward_loss:  -26.103609085083008
epoch:  29 batch:  90 region_loss:  6.0 6.0 loc_loss:  0.31088701248168943 reward_loss:  -15.544349670410156
epoch:  29 batch:  100 region_loss:  8.0 8.0 loc_loss:  0.3704534912109375 reward_loss:  -18.522674560546875
epoch:  29 batch:  110 region_loss:  4.0 4.0 loc_loss:  0.20415000915527343 reward_loss:  -10.207500457763672
epoch:  29 batch:  120 region_loss:  5.0 5.0 loc_loss:  0.22954507827758788 reward_loss:  -11.477252960205078
epoch:  29 batch:  130 region_loss:  7.0 7.0 loc_loss:  0.3731979751586914 reward_loss:  -18.65989875793457
