2
cuda
epoch:  0 batch:  0 region_loss:  10.0 10.0 loc_loss:  1.982729949951172 reward_loss:  -99.13623046875
epoch:  0 batch:  10 region_loss:  10.0 10.0 loc_loss:  1.9794003295898437 reward_loss:  -98.96986389160156
epoch:  0 batch:  20 region_loss:  10.0 10.0 loc_loss:  1.988990020751953 reward_loss:  -99.44963836669922
epoch:  0 batch:  30 region_loss:  10.0 10.0 loc_loss:  1.9797857666015626 reward_loss:  -98.9900894165039
epoch:  0 batch:  40 region_loss:  10.0 10.0 loc_loss:  1.9856478881835937 reward_loss:  -99.28340148925781
epoch:  0 batch:  50 region_loss:  10.0 10.0 loc_loss:  1.9819529724121094 reward_loss:  -99.09818267822266
epoch:  0 batch:  60 region_loss:  10.0 10.0 loc_loss:  1.9842100524902344 reward_loss:  -99.21087646484375
epoch:  0 batch:  70 region_loss:  10.0 10.0 loc_loss:  1.9766871643066406 reward_loss:  -98.83370208740234
epoch:  0 batch:  80 region_loss:  10.0 10.0 loc_loss:  1.9827020263671875 reward_loss:  -99.13577270507812
epoch:  0 batch:  90 region_loss:  6.0 6.0 loc_loss:  1.1791752624511718 reward_loss:  -58.9586181640625
epoch:  0 batch:  100 region_loss:  8.0 8.0 loc_loss:  1.570079345703125 reward_loss:  -78.50373840332031
epoch:  0 batch:  110 region_loss:  4.0 4.0 loc_loss:  0.786409912109375 reward_loss:  -39.320159912109375
epoch:  0 batch:  120 region_loss:  5.0 5.0 loc_loss:  0.9806108093261718 reward_loss:  -49.029720306396484
epoch:  0 batch:  130 region_loss:  7.0 7.0 loc_loss:  1.3728079223632812 reward_loss:  -68.64047241210938
acc@1:  0.0028222013170272815
epoch: 0 region loss 0.17051094890510948 loc loss 1.6860378638497235 reward loss -84.30198658295791
epoch:  1 batch:  0 region_loss:  10.0 10.0 loc_loss:  1.9029197692871094 reward_loss:  -95.1460952758789
epoch:  1 batch:  10 region_loss:  10.0 10.0 loc_loss:  1.9250607299804687 reward_loss:  -96.25334167480469
epoch:  1 batch:  20 region_loss:  10.0 10.0 loc_loss:  1.9204000854492187 reward_loss:  -96.02008819580078
epoch:  1 batch:  30 region_loss:  10.0 10.0 loc_loss:  1.9181092834472657 reward_loss:  -95.90718078613281
epoch:  1 batch:  40 region_loss:  10.0 10.0 loc_loss:  1.9157334899902343 reward_loss:  -95.78594207763672
epoch:  1 batch:  50 region_loss:  10.0 10.0 loc_loss:  1.9062567138671875 reward_loss:  -95.31355285644531
epoch:  1 batch:  60 region_loss:  10.0 10.0 loc_loss:  1.8889697265625 reward_loss:  -94.44805145263672
epoch:  1 batch:  70 region_loss:  10.0 10.0 loc_loss:  1.86380615234375 reward_loss:  -93.1905517578125
epoch:  1 batch:  80 region_loss:  10.0 10.0 loc_loss:  1.8485496520996094 reward_loss:  -92.426513671875
epoch:  1 batch:  90 region_loss:  6.0 6.0 loc_loss:  1.0925686645507813 reward_loss:  -54.62799835205078
epoch:  1 batch:  100 region_loss:  8.0 8.0 loc_loss:  1.4448207092285157 reward_loss:  -72.24098205566406
epoch:  1 batch:  110 region_loss:  4.0 4.0 loc_loss:  0.7286060333251954 reward_loss:  -36.429832458496094
epoch:  1 batch:  120 region_loss:  5.0 5.0 loc_loss:  0.901788330078125 reward_loss:  -45.08953857421875
epoch:  1 batch:  130 region_loss:  7.0 7.0 loc_loss:  1.2483957672119141 reward_loss:  -62.4205322265625
acc@1:  0.02116650987770461
epoch: 1 region loss 0.17051094890510948 loc loss 1.5943055758511062 reward loss -79.71530193133945
epoch:  2 batch:  0 region_loss:  10.0 10.0 loc_loss:  1.7109071350097655 reward_loss:  -85.54446411132812
epoch:  2 batch:  10 region_loss:  10.0 10.0 loc_loss:  1.7426582336425782 reward_loss:  -87.13365936279297
epoch:  2 batch:  20 region_loss:  10.0 10.0 loc_loss:  1.7291279602050782 reward_loss:  -86.45613861083984
epoch:  2 batch:  30 region_loss:  10.0 10.0 loc_loss:  1.7703265380859374 reward_loss:  -88.51632690429688
epoch:  2 batch:  40 region_loss:  10.0 10.0 loc_loss:  1.7262318420410157 reward_loss:  -86.31084442138672
epoch:  2 batch:  50 region_loss:  10.0 10.0 loc_loss:  1.7769340515136718 reward_loss:  -88.84674072265625
epoch:  2 batch:  60 region_loss:  10.0 10.0 loc_loss:  1.7459475708007812 reward_loss:  -87.29814910888672
epoch:  2 batch:  70 region_loss:  10.0 10.0 loc_loss:  1.7423130798339843 reward_loss:  -87.11538696289062
epoch:  2 batch:  80 region_loss:  10.0 10.0 loc_loss:  1.7235833740234374 reward_loss:  -86.17875671386719
epoch:  2 batch:  90 region_loss:  6.0 6.0 loc_loss:  1.0289271545410157 reward_loss:  -51.4462890625
epoch:  2 batch:  100 region_loss:  8.0 8.0 loc_loss:  1.3690919494628906 reward_loss:  -68.4542236328125
epoch:  2 batch:  110 region_loss:  4.0 4.0 loc_loss:  0.6973137664794922 reward_loss:  -34.8660888671875
epoch:  2 batch:  120 region_loss:  5.0 5.0 loc_loss:  0.8661106109619141 reward_loss:  -43.3058967590332
epoch:  2 batch:  130 region_loss:  7.0 7.0 loc_loss:  1.2040437316894532 reward_loss:  -60.20186233520508
acc@1:  0.030103480714957668
epoch: 2 region loss 0.17051094890510948 loc loss 1.4712292909274138 reward loss -73.56145006722778
epoch:  3 batch:  0 region_loss:  10.0 10.0 loc_loss:  1.6692173767089844 reward_loss:  -83.4604263305664
epoch:  3 batch:  10 region_loss:  10.0 10.0 loc_loss:  1.6797947692871094 reward_loss:  -83.989501953125
epoch:  3 batch:  20 region_loss:  10.0 10.0 loc_loss:  1.646929931640625 reward_loss:  -82.34699249267578
epoch:  3 batch:  30 region_loss:  10.0 10.0 loc_loss:  1.7033485412597655 reward_loss:  -85.16751861572266
epoch:  3 batch:  40 region_loss:  10.0 10.0 loc_loss:  1.6525335693359375 reward_loss:  -82.62661743164062
epoch:  3 batch:  50 region_loss:  10.0 10.0 loc_loss:  1.7108375549316406 reward_loss:  -85.54145812988281
epoch:  3 batch:  60 region_loss:  10.0 10.0 loc_loss:  1.6826339721679688 reward_loss:  -84.13084411621094
epoch:  3 batch:  70 region_loss:  10.0 10.0 loc_loss:  1.6807025146484376 reward_loss:  -84.03462219238281
epoch:  3 batch:  80 region_loss:  10.0 10.0 loc_loss:  1.6668293762207032 reward_loss:  -83.34202575683594
epoch:  3 batch:  90 region_loss:  6.0 6.0 loc_loss:  0.998302001953125 reward_loss:  -49.9148063659668
epoch:  3 batch:  100 region_loss:  8.0 8.0 loc_loss:  1.3245590209960938 reward_loss:  -66.22827911376953
epoch:  3 batch:  110 region_loss:  4.0 4.0 loc_loss:  0.6789767456054687 reward_loss:  -33.94938278198242
epoch:  3 batch:  120 region_loss:  5.0 5.0 loc_loss:  0.842669677734375 reward_loss:  -42.13314437866211
epoch:  3 batch:  130 region_loss:  7.0 7.0 loc_loss:  1.1742243194580078 reward_loss:  -58.711509704589844
acc@1:  0.039040451552210725
epoch: 3 region loss 0.17051094890510948 loc loss 1.4150497236042998 reward loss -70.75246705103964
epoch:  4 batch:  0 region_loss:  10.0 10.0 loc_loss:  1.6311862182617187 reward_loss:  -81.5589828491211
epoch:  4 batch:  10 region_loss:  10.0 10.0 loc_loss:  1.6368470764160157 reward_loss:  -81.8427505493164
epoch:  4 batch:  20 region_loss:  10.0 10.0 loc_loss:  1.58724609375 reward_loss:  -79.36251068115234
epoch:  4 batch:  30 region_loss:  10.0 10.0 loc_loss:  1.6506202697753907 reward_loss:  -82.53179931640625
epoch:  4 batch:  40 region_loss:  10.0 10.0 loc_loss:  1.5987652587890624 reward_loss:  -79.93756103515625
epoch:  4 batch:  50 region_loss:  10.0 10.0 loc_loss:  1.655272216796875 reward_loss:  -82.76351165771484
epoch:  4 batch:  60 region_loss:  10.0 10.0 loc_loss:  1.6295968627929687 reward_loss:  -81.47998809814453
epoch:  4 batch:  70 region_loss:  10.0 10.0 loc_loss:  1.6251010131835937 reward_loss:  -81.25615692138672
epoch:  4 batch:  80 region_loss:  10.0 10.0 loc_loss:  1.6161273193359376 reward_loss:  -80.80670166015625
epoch:  4 batch:  90 region_loss:  6.0 6.0 loc_loss:  0.9706912231445313 reward_loss:  -48.53438186645508
epoch:  4 batch:  100 region_loss:  8.0 8.0 loc_loss:  1.2814466857910156 reward_loss:  -64.07207489013672
epoch:  4 batch:  110 region_loss:  4.0 4.0 loc_loss:  0.6622772979736328 reward_loss:  -33.11376953125
epoch:  4 batch:  120 region_loss:  5.0 5.0 loc_loss:  0.819439926147461 reward_loss:  -40.97151565551758
epoch:  4 batch:  130 region_loss:  7.0 7.0 loc_loss:  1.144253692626953 reward_loss:  -57.212852478027344
acc@1:  0.04985888993414864
epoch: 4 region loss 0.17051094890510948 loc loss 1.368187494765233 reward loss -68.40937262207922
epoch:  5 batch:  0 region_loss:  10.0 10.0 loc_loss:  1.5859892272949219 reward_loss:  -79.29955291748047
epoch:  5 batch:  10 region_loss:  10.0 10.0 loc_loss:  1.5923976135253906 reward_loss:  -79.62001037597656
epoch:  5 batch:  20 region_loss:  10.0 10.0 loc_loss:  1.528572998046875 reward_loss:  -76.42893981933594
epoch:  5 batch:  30 region_loss:  10.0 10.0 loc_loss:  1.5971995544433595 reward_loss:  -79.85992431640625
epoch:  5 batch:  40 region_loss:  10.0 10.0 loc_loss:  1.5455624389648437 reward_loss:  -77.2778549194336
epoch:  5 batch:  50 region_loss:  10.0 10.0 loc_loss:  1.5981132507324218 reward_loss:  -79.90538787841797
epoch:  5 batch:  60 region_loss:  10.0 10.0 loc_loss:  1.5761083984375 reward_loss:  -78.80546569824219
epoch:  5 batch:  70 region_loss:  10.0 10.0 loc_loss:  1.569575958251953 reward_loss:  -78.47871398925781
epoch:  5 batch:  80 region_loss:  10.0 10.0 loc_loss:  1.5641004943847656 reward_loss:  -78.20487213134766
epoch:  5 batch:  90 region_loss:  6.0 6.0 loc_loss:  0.9425911712646484 reward_loss:  -47.12957000732422
epoch:  5 batch:  100 region_loss:  8.0 8.0 loc_loss:  1.2357303619384765 reward_loss:  -61.786346435546875
epoch:  5 batch:  110 region_loss:  4.0 4.0 loc_loss:  0.6452756500244141 reward_loss:  -32.263641357421875
epoch:  5 batch:  120 region_loss:  5.0 5.0 loc_loss:  0.7945254516601562 reward_loss:  -39.72606658935547
epoch:  5 batch:  130 region_loss:  7.0 7.0 loc_loss:  1.1117638397216796 reward_loss:  -55.588199615478516
acc@1:  0.05879586077140169
epoch: 5 region loss 0.17051094890510948 loc loss 1.3204537704913286 reward loss -66.02268789806506
epoch:  6 batch:  0 region_loss:  10.0 10.0 loc_loss:  1.5342459106445312 reward_loss:  -76.71240997314453
epoch:  6 batch:  10 region_loss:  10.0 10.0 loc_loss:  1.543265380859375 reward_loss:  -77.16346740722656
epoch:  6 batch:  20 region_loss:  10.0 10.0 loc_loss:  1.4661154174804687 reward_loss:  -73.30587005615234
epoch:  6 batch:  30 region_loss:  10.0 10.0 loc_loss:  1.5404388427734375 reward_loss:  -77.02189636230469
epoch:  6 batch:  40 region_loss:  10.0 10.0 loc_loss:  1.490287322998047 reward_loss:  -74.51437377929688
epoch:  6 batch:  50 region_loss:  10.0 10.0 loc_loss:  1.5372027587890624 reward_loss:  -76.86043548583984
epoch:  6 batch:  60 region_loss:  10.0 10.0 loc_loss:  1.5186520385742188 reward_loss:  -75.9325942993164
epoch:  6 batch:  70 region_loss:  10.0 10.0 loc_loss:  1.5105465698242186 reward_loss:  -75.52738189697266
epoch:  6 batch:  80 region_loss:  10.0 10.0 loc_loss:  1.5090010070800781 reward_loss:  -75.45008087158203
epoch:  6 batch:  90 region_loss:  6.0 6.0 loc_loss:  0.9127660369873047 reward_loss:  -45.638954162597656
epoch:  6 batch:  100 region_loss:  8.0 8.0 loc_loss:  1.186088104248047 reward_loss:  -59.304386138916016
epoch:  6 batch:  110 region_loss:  4.0 4.0 loc_loss:  0.6272361373901367 reward_loss:  -31.36187744140625
epoch:  6 batch:  120 region_loss:  5.0 5.0 loc_loss:  0.7674402618408203 reward_loss:  -38.37214660644531
epoch:  6 batch:  130 region_loss:  7.0 7.0 loc_loss:  1.0760482788085937 reward_loss:  -53.80241012573242
acc@1:  0.07102539981185324
epoch: 6 region loss 0.17051094890510948 loc loss 1.269619470582391 reward loss -63.48095437209972
epoch:  7 batch:  0 region_loss:  10.0 10.0 loc_loss:  1.4759861755371093 reward_loss:  -73.79927062988281
epoch:  7 batch:  10 region_loss:  10.0 10.0 loc_loss:  1.4886650085449218 reward_loss:  -74.43326568603516
epoch:  7 batch:  20 region_loss:  10.0 10.0 loc_loss:  1.3991030883789062 reward_loss:  -69.95511627197266
epoch:  7 batch:  30 region_loss:  10.0 10.0 loc_loss:  1.4796990966796875 reward_loss:  -73.98492431640625
epoch:  7 batch:  40 region_loss:  10.0 10.0 loc_loss:  1.4343672180175782 reward_loss:  -71.71834564208984
epoch:  7 batch:  50 region_loss:  10.0 10.0 loc_loss:  1.4719026184082031 reward_loss:  -73.5951919555664
epoch:  7 batch:  60 region_loss:  10.0 10.0 loc_loss:  1.4572364807128906 reward_loss:  -72.86199188232422
epoch:  7 batch:  70 region_loss:  10.0 10.0 loc_loss:  1.4466566467285156 reward_loss:  -72.33300018310547
epoch:  7 batch:  80 region_loss:  10.0 10.0 loc_loss:  1.4504296875 reward_loss:  -72.52147674560547
epoch:  7 batch:  90 region_loss:  6.0 6.0 loc_loss:  0.8810997772216796 reward_loss:  -44.05454635620117
epoch:  7 batch:  100 region_loss:  8.0 8.0 loc_loss:  1.132479248046875 reward_loss:  -56.62392807006836
epoch:  7 batch:  110 region_loss:  4.0 4.0 loc_loss:  0.6080185699462891 reward_loss:  -30.400909423828125
epoch:  7 batch:  120 region_loss:  5.0 5.0 loc_loss:  0.738152084350586 reward_loss:  -36.907554626464844
epoch:  7 batch:  130 region_loss:  7.0 7.0 loc_loss:  1.0374810791015625 reward_loss:  -51.874046325683594
acc@1:  0.08701787394167451
epoch: 7 region loss 0.17051094890510948 loc loss 1.2154645271022826 reward loss -60.773221370947624
epoch:  8 batch:  0 region_loss:  10.0 10.0 loc_loss:  1.4119085693359374 reward_loss:  -70.59545135498047
epoch:  8 batch:  10 region_loss:  10.0 10.0 loc_loss:  1.428702392578125 reward_loss:  -71.43511962890625
epoch:  8 batch:  20 region_loss:  10.0 10.0 loc_loss:  1.3286630249023437 reward_loss:  -66.43316650390625
epoch:  8 batch:  30 region_loss:  10.0 10.0 loc_loss:  1.4145542907714843 reward_loss:  -70.72769927978516
epoch:  8 batch:  40 region_loss:  10.0 10.0 loc_loss:  1.3787118530273437 reward_loss:  -68.93556213378906
epoch:  8 batch:  50 region_loss:  10.0 10.0 loc_loss:  1.402003631591797 reward_loss:  -70.10016632080078
epoch:  8 batch:  60 region_loss:  10.0 10.0 loc_loss:  1.3925326538085938 reward_loss:  -69.62662506103516
epoch:  8 batch:  70 region_loss:  10.0 10.0 loc_loss:  1.378273468017578 reward_loss:  -68.91368865966797
epoch:  8 batch:  80 region_loss:  10.0 10.0 loc_loss:  1.3890289306640624 reward_loss:  -69.4514389038086
epoch:  8 batch:  90 region_loss:  6.0 6.0 loc_loss:  0.8477943420410157 reward_loss:  -42.38971710205078
epoch:  8 batch:  100 region_loss:  8.0 8.0 loc_loss:  1.0760276794433594 reward_loss:  -53.8013801574707
epoch:  8 batch:  110 region_loss:  4.0 4.0 loc_loss:  0.5875400924682617 reward_loss:  -29.37700653076172
epoch:  8 batch:  120 region_loss:  5.0 5.0 loc_loss:  0.7071177673339843 reward_loss:  -35.35593032836914
epoch:  8 batch:  130 region_loss:  7.0 7.0 loc_loss:  0.9967051696777344 reward_loss:  -49.835243225097656
acc@1:  0.09971777986829727
epoch: 8 region loss 0.17051094890510948 loc loss 1.158754254640454 reward loss -57.93771944254854
epoch:  9 batch:  0 region_loss:  10.0 10.0 loc_loss:  1.343515625 reward_loss:  -67.17577362060547
epoch:  9 batch:  10 region_loss:  10.0 10.0 loc_loss:  1.3640435791015626 reward_loss:  -68.20222473144531
epoch:  9 batch:  20 region_loss:  10.0 10.0 loc_loss:  1.2566641235351563 reward_loss:  -62.83319854736328
epoch:  9 batch:  30 region_loss:  10.0 10.0 loc_loss:  1.3456565856933593 reward_loss:  -67.28270721435547
epoch:  9 batch:  40 region_loss:  10.0 10.0 loc_loss:  1.3235232543945312 reward_loss:  -66.17615509033203
epoch:  9 batch:  50 region_loss:  10.0 10.0 loc_loss:  1.3284498596191405 reward_loss:  -66.42251586914062
epoch:  9 batch:  60 region_loss:  10.0 10.0 loc_loss:  1.3260400390625 reward_loss:  -66.302001953125
epoch:  9 batch:  70 region_loss:  10.0 10.0 loc_loss:  1.3070542907714844 reward_loss:  -65.35250091552734
epoch:  9 batch:  80 region_loss:  10.0 10.0 loc_loss:  1.3262750244140624 reward_loss:  -66.31375122070312
epoch:  9 batch:  90 region_loss:  6.0 6.0 loc_loss:  0.8133448791503907 reward_loss:  -40.66722106933594
epoch:  9 batch:  100 region_loss:  8.0 8.0 loc_loss:  1.0184972381591797 reward_loss:  -50.92486572265625
epoch:  9 batch:  110 region_loss:  4.0 4.0 loc_loss:  0.5661026000976562 reward_loss:  -28.30512046813965
epoch:  9 batch:  120 region_loss:  5.0 5.0 loc_loss:  0.6749697875976562 reward_loss:  -33.748531341552734
epoch:  9 batch:  130 region_loss:  7.0 7.0 loc_loss:  0.954657974243164 reward_loss:  -47.73288345336914
acc@1:  0.11053621825023519
epoch: 9 region loss 0.17051094890510948 loc loss 1.1008315388477632 reward loss -55.041579350937894
epoch:  10 batch:  0 region_loss:  10.0 10.0 loc_loss:  1.2724700164794922 reward_loss:  -63.62349319458008
epoch:  10 batch:  10 region_loss:  10.0 10.0 loc_loss:  1.296474151611328 reward_loss:  -64.82369995117188
epoch:  10 batch:  20 region_loss:  10.0 10.0 loc_loss:  1.184642333984375 reward_loss:  -59.23211669921875
epoch:  10 batch:  30 region_loss:  10.0 10.0 loc_loss:  1.2746015167236329 reward_loss:  -63.73006820678711
epoch:  10 batch:  40 region_loss:  10.0 10.0 loc_loss:  1.268640594482422 reward_loss:  -63.43202209472656
epoch:  10 batch:  50 region_loss:  10.0 10.0 loc_loss:  1.252782669067383 reward_loss:  -62.639137268066406
epoch:  10 batch:  60 region_loss:  10.0 10.0 loc_loss:  1.2600096130371095 reward_loss:  -63.00048065185547
epoch:  10 batch:  70 region_loss:  10.0 10.0 loc_loss:  1.2348698425292968 reward_loss:  -61.743446350097656
epoch:  10 batch:  80 region_loss:  10.0 10.0 loc_loss:  1.2644430541992187 reward_loss:  -63.22214889526367
epoch:  10 batch:  90 region_loss:  6.0 6.0 loc_loss:  0.7782318115234375 reward_loss:  -38.911590576171875
epoch:  10 batch:  100 region_loss:  8.0 8.0 loc_loss:  0.961485595703125 reward_loss:  -48.07429504394531
epoch:  10 batch:  110 region_loss:  4.0 4.0 loc_loss:  0.5439719009399414 reward_loss:  -27.198589324951172
epoch:  10 batch:  120 region_loss:  5.0 5.0 loc_loss:  0.6423941040039063 reward_loss:  -32.11970901489258
epoch:  10 batch:  130 region_loss:  7.0 7.0 loc_loss:  0.9120240783691407 reward_loss:  -45.60132598876953
acc@1:  0.11947318908748825
epoch: 10 region loss 0.17051094890510948 loc loss 1.0431651075042947 reward loss -52.158255055002925
epoch:  11 batch:  0 region_loss:  10.0 10.0 loc_loss:  1.2006452941894532 reward_loss:  -60.03227233886719
epoch:  11 batch:  10 region_loss:  10.0 10.0 loc_loss:  1.2282038116455078 reward_loss:  -61.410186767578125
epoch:  11 batch:  20 region_loss:  10.0 10.0 loc_loss:  1.1140541076660155 reward_loss:  -55.70269775390625
epoch:  11 batch:  30 region_loss:  10.0 10.0 loc_loss:  1.202704544067383 reward_loss:  -60.13521957397461
epoch:  11 batch:  40 region_loss:  10.0 10.0 loc_loss:  1.2142509460449218 reward_loss:  -60.71253967285156
epoch:  11 batch:  50 region_loss:  10.0 10.0 loc_loss:  1.177129364013672 reward_loss:  -58.85647201538086
epoch:  11 batch:  60 region_loss:  10.0 10.0 loc_loss:  1.1958915710449218 reward_loss:  -59.794559478759766
epoch:  11 batch:  70 region_loss:  10.0 10.0 loc_loss:  1.1643673706054687 reward_loss:  -58.2183723449707
epoch:  11 batch:  80 region_loss:  10.0 10.0 loc_loss:  1.2053087615966798 reward_loss:  -60.265438079833984
epoch:  11 batch:  90 region_loss:  6.0 6.0 loc_loss:  0.7432052612304687 reward_loss:  -37.16026306152344
epoch:  11 batch:  100 region_loss:  8.0 8.0 loc_loss:  0.9063275909423828 reward_loss:  -45.31644821166992
epoch:  11 batch:  110 region_loss:  4.0 4.0 loc_loss:  0.5213027954101562 reward_loss:  -26.065139770507812
epoch:  11 batch:  120 region_loss:  5.0 5.0 loc_loss:  0.609892578125 reward_loss:  -30.494590759277344
epoch:  11 batch:  130 region_loss:  7.0 7.0 loc_loss:  0.869508056640625 reward_loss:  -43.47540283203125
acc@1:  0.1284101599247413
epoch: 11 region loss 0.17051094890510948 loc loss 0.9870429282640889 reward loss -49.352145563947026
epoch:  12 batch:  0 region_loss:  10.0 10.0 loc_loss:  1.13014404296875 reward_loss:  -56.5072021484375
epoch:  12 batch:  10 region_loss:  10.0 10.0 loc_loss:  1.1611114501953126 reward_loss:  -58.05556869506836
epoch:  12 batch:  20 region_loss:  10.0 10.0 loc_loss:  1.0463656616210937 reward_loss:  -52.31828308105469
epoch:  12 batch:  30 region_loss:  10.0 10.0 loc_loss:  1.1315310668945313 reward_loss:  -56.57657241821289
epoch:  12 batch:  40 region_loss:  10.0 10.0 loc_loss:  1.1608970642089844 reward_loss:  -58.04485321044922
epoch:  12 batch:  50 region_loss:  10.0 10.0 loc_loss:  1.103890151977539 reward_loss:  -55.19450759887695
epoch:  12 batch:  60 region_loss:  10.0 10.0 loc_loss:  1.134178924560547 reward_loss:  -56.708946228027344
epoch:  12 batch:  70 region_loss:  10.0 10.0 loc_loss:  1.097436981201172 reward_loss:  -54.87184524536133
epoch:  12 batch:  80 region_loss:  10.0 10.0 loc_loss:  1.1494329071044922 reward_loss:  -57.47164535522461
epoch:  12 batch:  90 region_loss:  6.0 6.0 loc_loss:  0.7088330841064453 reward_loss:  -35.441650390625
epoch:  12 batch:  100 region_loss:  8.0 8.0 loc_loss:  0.8542570495605468 reward_loss:  -42.71284866333008
epoch:  12 batch:  110 region_loss:  4.0 4.0 loc_loss:  0.49843990325927734 reward_loss:  -24.9219970703125
epoch:  12 batch:  120 region_loss:  5.0 5.0 loc_loss:  0.5779419708251953 reward_loss:  -28.897077560424805
epoch:  12 batch:  130 region_loss:  7.0 7.0 loc_loss:  0.8278983306884765 reward_loss:  -41.39491271972656
acc@1:  0.12982126058325494
epoch: 12 region loss 0.17051094890510948 loc loss 0.9335079479913643 reward loss -46.67539574282013
epoch:  13 batch:  0 region_loss:  10.0 10.0 loc_loss:  1.0631040954589843 reward_loss:  -53.15520095825195
epoch:  13 batch:  10 region_loss:  10.0 10.0 loc_loss:  1.096693572998047 reward_loss:  -54.83468246459961
epoch:  13 batch:  20 region_loss:  10.0 10.0 loc_loss:  0.9829728698730469 reward_loss:  -49.148643493652344
epoch:  13 batch:  30 region_loss:  10.0 10.0 loc_loss:  1.0624982452392577 reward_loss:  -53.12492752075195
epoch:  13 batch:  40 region_loss:  10.0 10.0 loc_loss:  1.1094035339355468 reward_loss:  -55.470176696777344
epoch:  13 batch:  50 region_loss:  10.0 10.0 loc_loss:  1.0350718688964844 reward_loss:  -51.75359344482422
epoch:  13 batch:  60 region_loss:  10.0 10.0 loc_loss:  1.075269012451172 reward_loss:  -53.763450622558594
epoch:  13 batch:  70 region_loss:  10.0 10.0 loc_loss:  1.034978713989258 reward_loss:  -51.74893569946289
epoch:  13 batch:  80 region_loss:  10.0 10.0 loc_loss:  1.09671142578125 reward_loss:  -54.8355712890625
epoch:  13 batch:  90 region_loss:  6.0 6.0 loc_loss:  0.6756538391113281 reward_loss:  -33.78269577026367
epoch:  13 batch:  100 region_loss:  8.0 8.0 loc_loss:  0.8060134887695313 reward_loss:  -40.300682067871094
epoch:  13 batch:  110 region_loss:  4.0 4.0 loc_loss:  0.4756019592285156 reward_loss:  -23.78009605407715
epoch:  13 batch:  120 region_loss:  5.0 5.0 loc_loss:  0.5472676086425782 reward_loss:  -27.363420486450195
epoch:  13 batch:  130 region_loss:  7.0 7.0 loc_loss:  0.7879719543457031 reward_loss:  -39.398590087890625
acc@1:  0.13452492944496708
epoch: 13 region loss 0.17051094890510948 loc loss 0.8832184302893868 reward loss -44.16092148662484
epoch:  14 batch:  0 region_loss:  10.0 10.0 loc_loss:  1.000593490600586 reward_loss:  -50.0296745300293
epoch:  14 batch:  10 region_loss:  10.0 10.0 loc_loss:  1.0361510467529298 reward_loss:  -51.807559967041016
epoch:  14 batch:  20 region_loss:  10.0 10.0 loc_loss:  0.9250210571289063 reward_loss:  -46.25104522705078
epoch:  14 batch:  30 region_loss:  10.0 10.0 loc_loss:  0.9974840545654297 reward_loss:  -49.87419509887695
epoch:  14 batch:  40 region_loss:  10.0 10.0 loc_loss:  1.0604381561279297 reward_loss:  -53.02189254760742
epoch:  14 batch:  50 region_loss:  10.0 10.0 loc_loss:  0.97202392578125 reward_loss:  -48.60121536254883
epoch:  14 batch:  60 region_loss:  10.0 10.0 loc_loss:  1.0195775604248047 reward_loss:  -50.97887420654297
epoch:  14 batch:  70 region_loss:  10.0 10.0 loc_loss:  0.9771232604980469 reward_loss:  -48.85615921020508
epoch:  14 batch:  80 region_loss:  10.0 10.0 loc_loss:  1.0469172668457032 reward_loss:  -52.34586715698242
epoch:  14 batch:  90 region_loss:  6.0 6.0 loc_loss:  0.6439713287353516 reward_loss:  -32.19856262207031
epoch:  14 batch:  100 region_loss:  8.0 8.0 loc_loss:  0.7619586944580078 reward_loss:  -38.09793472290039
epoch:  14 batch:  110 region_loss:  4.0 4.0 loc_loss:  0.4532123947143555 reward_loss:  -22.66061782836914
epoch:  14 batch:  120 region_loss:  5.0 5.0 loc_loss:  0.518073387145996 reward_loss:  -25.90366554260254
epoch:  14 batch:  130 region_loss:  7.0 7.0 loc_loss:  0.7501771545410156 reward_loss:  -37.50885009765625
acc@1:  0.13734713076199437
epoch: 14 region loss 0.17051094890510948 loc loss 0.8365153038414725 reward loss -41.82576620839808
epoch:  15 batch:  0 region_loss:  10.0 10.0 loc_loss:  0.9433837890625 reward_loss:  -47.169189453125
epoch:  15 batch:  10 region_loss:  10.0 10.0 loc_loss:  0.9804778289794922 reward_loss:  -49.02389144897461
epoch:  15 batch:  20 region_loss:  10.0 10.0 loc_loss:  0.8729019927978515 reward_loss:  -43.64508819580078
epoch:  15 batch:  30 region_loss:  10.0 10.0 loc_loss:  0.9379987335205078 reward_loss:  -46.89992904663086
epoch:  15 batch:  40 region_loss:  10.0 10.0 loc_loss:  1.014818115234375 reward_loss:  -50.740901947021484
epoch:  15 batch:  50 region_loss:  10.0 10.0 loc_loss:  0.9153150177001953 reward_loss:  -45.765743255615234
epoch:  15 batch:  60 region_loss:  10.0 10.0 loc_loss:  0.967650146484375 reward_loss:  -48.38250732421875
epoch:  15 batch:  70 region_loss:  10.0 10.0 loc_loss:  0.923834228515625 reward_loss:  -46.191707611083984
epoch:  15 batch:  80 region_loss:  10.0 10.0 loc_loss:  0.9998961639404297 reward_loss:  -49.994808197021484
epoch:  15 batch:  90 region_loss:  6.0 6.0 loc_loss:  0.6139915084838867 reward_loss:  -30.699575424194336
epoch:  15 batch:  100 region_loss:  8.0 8.0 loc_loss:  0.7218736267089844 reward_loss:  -36.09368133544922
epoch:  15 batch:  110 region_loss:  4.0 4.0 loc_loss:  0.43145858764648437 reward_loss:  -21.57293128967285
epoch:  15 batch:  120 region_loss:  5.0 5.0 loc_loss:  0.49041385650634767 reward_loss:  -24.52069091796875
epoch:  15 batch:  130 region_loss:  7.0 7.0 loc_loss:  0.7146490478515625 reward_loss:  -35.73244857788086
acc@1:  0.14063969896519285
epoch: 15 region loss 0.17051094890510948 loc loss 0.7934654923599131 reward loss -39.67327429778384
epoch:  16 batch:  0 region_loss:  10.0 10.0 loc_loss:  0.8913240814208985 reward_loss:  -44.56620407104492
epoch:  16 batch:  10 region_loss:  10.0 10.0 loc_loss:  0.9300395202636719 reward_loss:  -46.50197219848633
epoch:  16 batch:  20 region_loss:  10.0 10.0 loc_loss:  0.8263876342773437 reward_loss:  -41.319374084472656
epoch:  16 batch:  30 region_loss:  10.0 10.0 loc_loss:  0.8844315338134766 reward_loss:  -44.22154998779297
epoch:  16 batch:  40 region_loss:  10.0 10.0 loc_loss:  0.9725960540771484 reward_loss:  -48.629798889160156
epoch:  16 batch:  50 region_loss:  10.0 10.0 loc_loss:  0.8647398376464843 reward_loss:  -43.23699188232422
epoch:  16 batch:  60 region_loss:  10.0 10.0 loc_loss:  0.9194161987304688 reward_loss:  -45.97080993652344
epoch:  16 batch:  70 region_loss:  10.0 10.0 loc_loss:  0.8751964569091797 reward_loss:  -43.75981903076172
epoch:  16 batch:  80 region_loss:  10.0 10.0 loc_loss:  0.9557781982421875 reward_loss:  -47.78890609741211
epoch:  16 batch:  90 region_loss:  6.0 6.0 loc_loss:  0.585635108947754 reward_loss:  -29.281755447387695
epoch:  16 batch:  100 region_loss:  8.0 8.0 loc_loss:  0.6854518127441406 reward_loss:  -34.272579193115234
epoch:  16 batch:  110 region_loss:  4.0 4.0 loc_loss:  0.41049468994140625 reward_loss:  -20.524734497070312
epoch:  16 batch:  120 region_loss:  5.0 5.0 loc_loss:  0.46421592712402343 reward_loss:  -23.21079444885254
epoch:  16 batch:  130 region_loss:  7.0 7.0 loc_loss:  0.6814111328125 reward_loss:  -34.070552825927734
acc@1:  0.14111006585136407
epoch: 16 region loss 0.17051094890510948 loc loss 0.7539128644623025 reward loss -37.69564202580139
epoch:  17 batch:  0 region_loss:  10.0 10.0 loc_loss:  0.8438478088378907 reward_loss:  -42.19239044189453
epoch:  17 batch:  10 region_loss:  10.0 10.0 loc_loss:  0.8843293762207032 reward_loss:  -44.216468811035156
epoch:  17 batch:  20 region_loss:  10.0 10.0 loc_loss:  0.7847449493408203 reward_loss:  -39.237247467041016
epoch:  17 batch:  30 region_loss:  10.0 10.0 loc_loss:  0.8361720275878907 reward_loss:  -41.80860137939453
epoch:  17 batch:  40 region_loss:  10.0 10.0 loc_loss:  0.9338531494140625 reward_loss:  -46.69265365600586
epoch:  17 batch:  50 region_loss:  10.0 10.0 loc_loss:  0.819389419555664 reward_loss:  -40.9694709777832
epoch:  17 batch:  60 region_loss:  10.0 10.0 loc_loss:  0.8745217132568359 reward_loss:  -43.7260856628418
epoch:  17 batch:  70 region_loss:  10.0 10.0 loc_loss:  0.8307714080810547 reward_loss:  -41.5385627746582
epoch:  17 batch:  80 region_loss:  10.0 10.0 loc_loss:  0.9143751525878906 reward_loss:  -45.71875762939453
epoch:  17 batch:  90 region_loss:  6.0 6.0 loc_loss:  0.558808822631836 reward_loss:  -27.94043731689453
epoch:  17 batch:  100 region_loss:  8.0 8.0 loc_loss:  0.6521458435058594 reward_loss:  -32.60728073120117
epoch:  17 batch:  110 region_loss:  4.0 4.0 loc_loss:  0.3905047988891602 reward_loss:  -19.525232315063477
epoch:  17 batch:  120 region_loss:  5.0 5.0 loc_loss:  0.4394224548339844 reward_loss:  -21.97112274169922
epoch:  17 batch:  130 region_loss:  7.0 7.0 loc_loss:  0.6502479553222656 reward_loss:  -32.51239776611328
acc@1:  0.14063969896519285
epoch: 17 region loss 0.17051094890510948 loc loss 0.7175584855740957 reward loss -35.87792466852787
epoch:  18 batch:  0 region_loss:  10.0 10.0 loc_loss:  0.8004369354248047 reward_loss:  -40.0218505859375
epoch:  18 batch:  10 region_loss:  10.0 10.0 loc_loss:  0.8427056884765625 reward_loss:  -42.13528060913086
epoch:  18 batch:  20 region_loss:  10.0 10.0 loc_loss:  0.7472132110595703 reward_loss:  -37.360660552978516
epoch:  18 batch:  30 region_loss:  10.0 10.0 loc_loss:  0.7923133087158203 reward_loss:  -39.61566925048828
epoch:  18 batch:  40 region_loss:  10.0 10.0 loc_loss:  0.8981218719482422 reward_loss:  -44.906105041503906
epoch:  18 batch:  50 region_loss:  10.0 10.0 loc_loss:  0.7785667419433594 reward_loss:  -38.92833709716797
epoch:  18 batch:  60 region_loss:  10.0 10.0 loc_loss:  0.8323483276367187 reward_loss:  -41.61741256713867
epoch:  18 batch:  70 region_loss:  10.0 10.0 loc_loss:  0.790076675415039 reward_loss:  -39.50383758544922
epoch:  18 batch:  80 region_loss:  10.0 10.0 loc_loss:  0.8752779388427734 reward_loss:  -43.76389694213867
epoch:  18 batch:  90 region_loss:  6.0 6.0 loc_loss:  0.5334971618652343 reward_loss:  -26.67485809326172
epoch:  18 batch:  100 region_loss:  8.0 8.0 loc_loss:  0.6213181304931641 reward_loss:  -31.065906524658203
epoch:  18 batch:  110 region_loss:  4.0 4.0 loc_loss:  0.3713976287841797 reward_loss:  -18.56987953186035
epoch:  18 batch:  120 region_loss:  5.0 5.0 loc_loss:  0.4159750747680664 reward_loss:  -20.798751831054688
epoch:  18 batch:  130 region_loss:  7.0 7.0 loc_loss:  0.6209797286987304 reward_loss:  -31.048988342285156
acc@1:  0.13781749764816556
epoch: 18 region loss 0.17051094890510948 loc loss 0.6840182074665154 reward loss -34.20091012968634
epoch:  19 batch:  0 region_loss:  10.0 10.0 loc_loss:  0.7605025482177734 reward_loss:  -38.02512741088867
epoch:  19 batch:  10 region_loss:  10.0 10.0 loc_loss:  0.804111328125 reward_loss:  -40.20555877685547
epoch:  19 batch:  20 region_loss:  10.0 10.0 loc_loss:  0.7131887817382813 reward_loss:  -35.65944290161133
epoch:  19 batch:  30 region_loss:  10.0 10.0 loc_loss:  0.7522072601318359 reward_loss:  -37.61035919189453
epoch:  19 batch:  40 region_loss:  10.0 10.0 loc_loss:  0.8649072265625 reward_loss:  -43.24535369873047
epoch:  19 batch:  50 region_loss:  10.0 10.0 loc_loss:  0.7413288879394532 reward_loss:  -37.06645584106445
epoch:  19 batch:  60 region_loss:  10.0 10.0 loc_loss:  0.7925740814208985 reward_loss:  -39.62870407104492
epoch:  19 batch:  70 region_loss:  10.0 10.0 loc_loss:  0.7525673675537109 reward_loss:  -37.62836837768555
epoch:  19 batch:  80 region_loss:  10.0 10.0 loc_loss:  0.8383175659179688 reward_loss:  -41.91587829589844
epoch:  19 batch:  90 region_loss:  6.0 6.0 loc_loss:  0.5094869995117187 reward_loss:  -25.474349975585938
epoch:  19 batch:  100 region_loss:  8.0 8.0 loc_loss:  0.5925959777832032 reward_loss:  -29.629796981811523
epoch:  19 batch:  110 region_loss:  4.0 4.0 loc_loss:  0.3532079315185547 reward_loss:  -17.660402297973633
epoch:  19 batch:  120 region_loss:  5.0 5.0 loc_loss:  0.3938316345214844 reward_loss:  -19.691579818725586
epoch:  19 batch:  130 region_loss:  7.0 7.0 loc_loss:  0.5934080505371093 reward_loss:  -29.670406341552734
acc@1:  0.1359360301034807
epoch: 19 region loss 0.17051094890510948 loc loss 0.6528980281579233 reward loss -32.64490101807309
epoch:  20 batch:  0 region_loss:  10.0 10.0 loc_loss:  0.7235425567626953 reward_loss:  -36.17713165283203
epoch:  20 batch:  10 region_loss:  10.0 10.0 loc_loss:  0.768162841796875 reward_loss:  -38.40814208984375
epoch:  20 batch:  20 region_loss:  10.0 10.0 loc_loss:  0.682171859741211 reward_loss:  -34.10859680175781
epoch:  20 batch:  30 region_loss:  10.0 10.0 loc_loss:  0.7152728271484375 reward_loss:  -35.76363754272461
epoch:  20 batch:  40 region_loss:  10.0 10.0 loc_loss:  0.8336894989013672 reward_loss:  -41.68447494506836
epoch:  20 batch:  50 region_loss:  10.0 10.0 loc_loss:  0.7071585083007812 reward_loss:  -35.3579216003418
epoch:  20 batch:  60 region_loss:  10.0 10.0 loc_loss:  0.7550227355957031 reward_loss:  -37.751136779785156
epoch:  20 batch:  70 region_loss:  10.0 10.0 loc_loss:  0.7177409362792969 reward_loss:  -35.887046813964844
epoch:  20 batch:  80 region_loss:  10.0 10.0 loc_loss:  0.8030504608154296 reward_loss:  -40.15252685546875
epoch:  20 batch:  90 region_loss:  6.0 6.0 loc_loss:  0.4866779708862305 reward_loss:  -24.333898544311523
epoch:  20 batch:  100 region_loss:  8.0 8.0 loc_loss:  0.5656538772583007 reward_loss:  -28.282691955566406
epoch:  20 batch:  110 region_loss:  4.0 4.0 loc_loss:  0.33587501525878904 reward_loss:  -16.793750762939453
epoch:  20 batch:  120 region_loss:  5.0 5.0 loc_loss:  0.3729573822021484 reward_loss:  -18.647869110107422
epoch:  20 batch:  130 region_loss:  7.0 7.0 loc_loss:  0.5672381591796875 reward_loss:  -28.361906051635742
acc@1:  0.13311382878645345
epoch: 20 region loss 0.17051094890510948 loc loss 0.6238513374328614 reward loss -31.19256672545941
epoch:  21 batch:  0 region_loss:  10.0 10.0 loc_loss:  0.6890169525146485 reward_loss:  -34.45084762573242
epoch:  21 batch:  10 region_loss:  10.0 10.0 loc_loss:  0.7343604278564453 reward_loss:  -36.718021392822266
epoch:  21 batch:  20 region_loss:  10.0 10.0 loc_loss:  0.653646240234375 reward_loss:  -32.68231201171875
epoch:  21 batch:  30 region_loss:  10.0 10.0 loc_loss:  0.6810636138916015 reward_loss:  -34.05317687988281
epoch:  21 batch:  40 region_loss:  10.0 10.0 loc_loss:  0.8039462280273437 reward_loss:  -40.19731140136719
epoch:  21 batch:  50 region_loss:  10.0 10.0 loc_loss:  0.6754126739501953 reward_loss:  -33.7706298828125
epoch:  21 batch:  60 region_loss:  10.0 10.0 loc_loss:  0.7194554138183594 reward_loss:  -35.9727668762207
epoch:  21 batch:  70 region_loss:  10.0 10.0 loc_loss:  0.6852245330810547 reward_loss:  -34.261226654052734
epoch:  21 batch:  80 region_loss:  10.0 10.0 loc_loss:  0.7694029235839843 reward_loss:  -38.47014617919922
epoch:  21 batch:  90 region_loss:  6.0 6.0 loc_loss:  0.46498664855957034 reward_loss:  -23.249332427978516
epoch:  21 batch:  100 region_loss:  8.0 8.0 loc_loss:  0.5401297760009766 reward_loss:  -27.006484985351562
epoch:  21 batch:  110 region_loss:  4.0 4.0 loc_loss:  0.3193705749511719 reward_loss:  -15.968528747558594
epoch:  21 batch:  120 region_loss:  5.0 5.0 loc_loss:  0.3531953430175781 reward_loss:  -17.659770965576172
epoch:  21 batch:  130 region_loss:  7.0 7.0 loc_loss:  0.5422926330566407 reward_loss:  -27.114633560180664
acc@1:  0.132173095014111
epoch: 21 region loss 0.17051094890510948 loc loss 0.5965722615875467 reward loss -29.82861042022705
epoch:  22 batch:  0 region_loss:  10.0 10.0 loc_loss:  0.6566253662109375 reward_loss:  -32.83126449584961
epoch:  22 batch:  10 region_loss:  10.0 10.0 loc_loss:  0.7023609924316406 reward_loss:  -35.11804962158203
epoch:  22 batch:  20 region_loss:  10.0 10.0 loc_loss:  0.6271521759033203 reward_loss:  -31.35761070251465
epoch:  22 batch:  30 region_loss:  10.0 10.0 loc_loss:  0.6492351531982422 reward_loss:  -32.46175765991211
epoch:  22 batch:  40 region_loss:  10.0 10.0 loc_loss:  0.775362548828125 reward_loss:  -38.76812744140625
epoch:  22 batch:  50 region_loss:  10.0 10.0 loc_loss:  0.6459136962890625 reward_loss:  -32.295684814453125
epoch:  22 batch:  60 region_loss:  10.0 10.0 loc_loss:  0.6856719207763672 reward_loss:  -34.283592224121094
epoch:  22 batch:  70 region_loss:  10.0 10.0 loc_loss:  0.6547460174560547 reward_loss:  -32.737300872802734
epoch:  22 batch:  80 region_loss:  10.0 10.0 loc_loss:  0.7369696044921875 reward_loss:  -36.848472595214844
epoch:  22 batch:  90 region_loss:  6.0 6.0 loc_loss:  0.44429119110107423 reward_loss:  -22.21455955505371
epoch:  22 batch:  100 region_loss:  8.0 8.0 loc_loss:  0.5157915496826172 reward_loss:  -25.78957748413086
epoch:  22 batch:  110 region_loss:  4.0 4.0 loc_loss:  0.3035983467102051 reward_loss:  -15.179916381835938
epoch:  22 batch:  120 region_loss:  5.0 5.0 loc_loss:  0.3345927047729492 reward_loss:  -16.72963523864746
epoch:  22 batch:  130 region_loss:  7.0 7.0 loc_loss:  0.5184141540527344 reward_loss:  -25.92070960998535
acc@1:  0.13076199435559738
epoch: 22 region loss 0.17051094890510948 loc loss 0.5708000379409234 reward loss -28.540001242700285
epoch:  23 batch:  0 region_loss:  10.0 10.0 loc_loss:  0.6259298324584961 reward_loss:  -31.296491622924805
epoch:  23 batch:  10 region_loss:  10.0 10.0 loc_loss:  0.6721116638183594 reward_loss:  -33.60558319091797
epoch:  23 batch:  20 region_loss:  10.0 10.0 loc_loss:  0.602474365234375 reward_loss:  -30.12371826171875
epoch:  23 batch:  30 region_loss:  10.0 10.0 loc_loss:  0.6194451522827148 reward_loss:  -30.972261428833008
epoch:  23 batch:  40 region_loss:  10.0 10.0 loc_loss:  0.7476774597167969 reward_loss:  -37.383872985839844
epoch:  23 batch:  50 region_loss:  10.0 10.0 loc_loss:  0.6181081008911132 reward_loss:  -30.90540885925293
epoch:  23 batch:  60 region_loss:  10.0 10.0 loc_loss:  0.6537014007568359 reward_loss:  -32.6850700378418
epoch:  23 batch:  70 region_loss:  10.0 10.0 loc_loss:  0.62597900390625 reward_loss:  -31.2989559173584
epoch:  23 batch:  80 region_loss:  10.0 10.0 loc_loss:  0.7058137512207031 reward_loss:  -35.29068374633789
epoch:  23 batch:  90 region_loss:  6.0 6.0 loc_loss:  0.4244851303100586 reward_loss:  -21.224254608154297
epoch:  23 batch:  100 region_loss:  8.0 8.0 loc_loss:  0.4925599670410156 reward_loss:  -24.62799835205078
epoch:  23 batch:  110 region_loss:  4.0 4.0 loc_loss:  0.28849987030029295 reward_loss:  -14.424993515014648
epoch:  23 batch:  120 region_loss:  5.0 5.0 loc_loss:  0.3170516586303711 reward_loss:  -15.852580070495605
epoch:  23 batch:  130 region_loss:  7.0 7.0 loc_loss:  0.49549381256103514 reward_loss:  -24.774688720703125
acc@1:  0.12746942615239887
epoch: 23 region loss 0.17051094890510948 loc loss 0.5463387712074892 reward loss -27.316938595180094
epoch:  24 batch:  0 region_loss:  10.0 10.0 loc_loss:  0.5968356323242188 reward_loss:  -29.841781616210938
epoch:  24 batch:  10 region_loss:  10.0 10.0 loc_loss:  0.6433815002441406 reward_loss:  -32.169071197509766
epoch:  24 batch:  20 region_loss:  10.0 10.0 loc_loss:  0.5791987609863282 reward_loss:  -28.959938049316406
epoch:  24 batch:  30 region_loss:  10.0 10.0 loc_loss:  0.5912216949462891 reward_loss:  -29.561080932617188
epoch:  24 batch:  40 region_loss:  10.0 10.0 loc_loss:  0.7207693481445312 reward_loss:  -36.03846740722656
epoch:  24 batch:  50 region_loss:  10.0 10.0 loc_loss:  0.5918711471557617 reward_loss:  -29.593557357788086
epoch:  24 batch:  60 region_loss:  10.0 10.0 loc_loss:  0.6232138442993164 reward_loss:  -31.160690307617188
epoch:  24 batch:  70 region_loss:  10.0 10.0 loc_loss:  0.5988028335571289 reward_loss:  -29.940141677856445
epoch:  24 batch:  80 region_loss:  10.0 10.0 loc_loss:  0.6757646179199219 reward_loss:  -33.78822708129883
epoch:  24 batch:  90 region_loss:  6.0 6.0 loc_loss:  0.40550655364990235 reward_loss:  -20.27532958984375
epoch:  24 batch:  100 region_loss:  8.0 8.0 loc_loss:  0.47029918670654297 reward_loss:  -23.514957427978516
epoch:  24 batch:  110 region_loss:  4.0 4.0 loc_loss:  0.2740178680419922 reward_loss:  -13.700892448425293
epoch:  24 batch:  120 region_loss:  5.0 5.0 loc_loss:  0.30045286178588865 reward_loss:  -15.022642135620117
epoch:  24 batch:  130 region_loss:  7.0 7.0 loc_loss:  0.4734883499145508 reward_loss:  -23.67441749572754
acc@1:  0.1279397930385701
epoch: 24 region loss 0.17051094890510948 loc loss 0.5230090387024149 reward loss -26.15045138867232
epoch:  25 batch:  0 region_loss:  10.0 10.0 loc_loss:  0.56913818359375 reward_loss:  -28.456907272338867
epoch:  25 batch:  10 region_loss:  10.0 10.0 loc_loss:  0.6159488677978515 reward_loss:  -30.797443389892578
epoch:  25 batch:  20 region_loss:  10.0 10.0 loc_loss:  0.557141227722168 reward_loss:  -27.85706329345703
epoch:  25 batch:  30 region_loss:  10.0 10.0 loc_loss:  0.5645659637451171 reward_loss:  -28.228302001953125
epoch:  25 batch:  40 region_loss:  10.0 10.0 loc_loss:  0.6945713043212891 reward_loss:  -34.72856521606445
epoch:  25 batch:  50 region_loss:  10.0 10.0 loc_loss:  0.5668182373046875 reward_loss:  -28.340909957885742
epoch:  25 batch:  60 region_loss:  10.0 10.0 loc_loss:  0.5941981887817382 reward_loss:  -29.709911346435547
epoch:  25 batch:  70 region_loss:  10.0 10.0 loc_loss:  0.5730199432373047 reward_loss:  -28.65099334716797
epoch:  25 batch:  80 region_loss:  10.0 10.0 loc_loss:  0.6465971374511719 reward_loss:  -32.329856872558594
epoch:  25 batch:  90 region_loss:  6.0 6.0 loc_loss:  0.3871685791015625 reward_loss:  -19.358427047729492
epoch:  25 batch:  100 region_loss:  8.0 8.0 loc_loss:  0.44884719848632815 reward_loss:  -22.442358016967773
epoch:  25 batch:  110 region_loss:  4.0 4.0 loc_loss:  0.2601525497436523 reward_loss:  -13.007627487182617
epoch:  25 batch:  120 region_loss:  5.0 5.0 loc_loss:  0.284687442779541 reward_loss:  -14.234370231628418
epoch:  25 batch:  130 region_loss:  7.0 7.0 loc_loss:  0.45235702514648435 reward_loss:  -22.61785125732422
acc@1:  0.12558795860771402
epoch: 25 region loss 0.17051094890510948 loc loss 0.5006773860959242 reward loss -25.033869043753967
epoch:  26 batch:  0 region_loss:  10.0 10.0 loc_loss:  0.5426354217529297 reward_loss:  -27.131771087646484
epoch:  26 batch:  10 region_loss:  10.0 10.0 loc_loss:  0.5897405242919922 reward_loss:  -29.487028121948242
epoch:  26 batch:  20 region_loss:  10.0 10.0 loc_loss:  0.5359514236450196 reward_loss:  -26.797571182250977
epoch:  26 batch:  30 region_loss:  10.0 10.0 loc_loss:  0.5391771697998047 reward_loss:  -26.9588565826416
epoch:  26 batch:  40 region_loss:  10.0 10.0 loc_loss:  0.6689044189453125 reward_loss:  -33.445220947265625
epoch:  26 batch:  50 region_loss:  10.0 10.0 loc_loss:  0.5428358840942383 reward_loss:  -27.141794204711914
epoch:  26 batch:  60 region_loss:  10.0 10.0 loc_loss:  0.566455421447754 reward_loss:  -28.322771072387695
epoch:  26 batch:  70 region_loss:  10.0 10.0 loc_loss:  0.5484433364868164 reward_loss:  -27.422168731689453
epoch:  26 batch:  80 region_loss:  10.0 10.0 loc_loss:  0.6183193969726563 reward_loss:  -30.915971755981445
epoch:  26 batch:  90 region_loss:  6.0 6.0 loc_loss:  0.3695122909545898 reward_loss:  -18.47561264038086
epoch:  26 batch:  100 region_loss:  8.0 8.0 loc_loss:  0.42819652557373045 reward_loss:  -21.40982437133789
epoch:  26 batch:  110 region_loss:  4.0 4.0 loc_loss:  0.24679239273071288 reward_loss:  -12.339619636535645
epoch:  26 batch:  120 region_loss:  5.0 5.0 loc_loss:  0.26967855453491213 reward_loss:  -13.483926773071289
epoch:  26 batch:  130 region_loss:  7.0 7.0 loc_loss:  0.43192310333251954 reward_loss:  -21.596155166625977
acc@1:  0.12323612417685795
epoch: 26 region loss 0.17051094890510948 loc loss 0.47922604261523616 reward loss -23.961302638924035
epoch:  27 batch:  0 region_loss:  10.0 10.0 loc_loss:  0.5173954772949219 reward_loss:  -25.869773864746094
epoch:  27 batch:  10 region_loss:  10.0 10.0 loc_loss:  0.56455322265625 reward_loss:  -28.2276611328125
epoch:  27 batch:  20 region_loss:  10.0 10.0 loc_loss:  0.5156801605224609 reward_loss:  -25.784008026123047
epoch:  27 batch:  30 region_loss:  10.0 10.0 loc_loss:  0.5148116683959961 reward_loss:  -25.740581512451172
epoch:  27 batch:  40 region_loss:  10.0 10.0 loc_loss:  0.6437826538085938 reward_loss:  -32.18913650512695
epoch:  27 batch:  50 region_loss:  10.0 10.0 loc_loss:  0.5198563385009766 reward_loss:  -25.992816925048828
epoch:  27 batch:  60 region_loss:  10.0 10.0 loc_loss:  0.5397802734375 reward_loss:  -26.989013671875
epoch:  27 batch:  70 region_loss:  10.0 10.0 loc_loss:  0.5249231719970703 reward_loss:  -26.246158599853516
epoch:  27 batch:  80 region_loss:  10.0 10.0 loc_loss:  0.5908712387084961 reward_loss:  -29.543563842773438
epoch:  27 batch:  90 region_loss:  6.0 6.0 loc_loss:  0.35237728118896483 reward_loss:  -17.618864059448242
epoch:  27 batch:  100 region_loss:  8.0 8.0 loc_loss:  0.40837162017822265 reward_loss:  -20.418581008911133
epoch:  27 batch:  110 region_loss:  4.0 4.0 loc_loss:  0.23395271301269532 reward_loss:  -11.697636604309082
epoch:  27 batch:  120 region_loss:  5.0 5.0 loc_loss:  0.25538852691650393 reward_loss:  -12.769426345825195
epoch:  27 batch:  130 region_loss:  7.0 7.0 loc_loss:  0.41218254089355466 reward_loss:  -20.6091251373291
acc@1:  0.12229539040451552
epoch: 27 region loss 0.17051094890510948 loc loss 0.4585596592060841 reward loss -22.927983186540814
epoch:  28 batch:  0 region_loss:  10.0 10.0 loc_loss:  0.49316207885742186 reward_loss:  -24.658103942871094
epoch:  28 batch:  10 region_loss:  10.0 10.0 loc_loss:  0.5403836059570313 reward_loss:  -27.019180297851562
epoch:  28 batch:  20 region_loss:  10.0 10.0 loc_loss:  0.49612789154052733 reward_loss:  -24.806394577026367
epoch:  28 batch:  30 region_loss:  10.0 10.0 loc_loss:  0.49147270202636717 reward_loss:  -24.573633193969727
epoch:  28 batch:  40 region_loss:  10.0 10.0 loc_loss:  0.6190679550170899 reward_loss:  -30.953399658203125
epoch:  28 batch:  50 region_loss:  10.0 10.0 loc_loss:  0.4975367736816406 reward_loss:  -24.87683868408203
epoch:  28 batch:  60 region_loss:  10.0 10.0 loc_loss:  0.5141846466064454 reward_loss:  -25.709228515625
epoch:  28 batch:  70 region_loss:  10.0 10.0 loc_loss:  0.5022925567626954 reward_loss:  -25.1146240234375
epoch:  28 batch:  80 region_loss:  10.0 10.0 loc_loss:  0.5640545654296875 reward_loss:  -28.202730178833008
epoch:  28 batch:  90 region_loss:  6.0 6.0 loc_loss:  0.33569419860839844 reward_loss:  -16.784709930419922
epoch:  28 batch:  100 region_loss:  8.0 8.0 loc_loss:  0.3892511749267578 reward_loss:  -19.46255874633789
epoch:  28 batch:  110 region_loss:  4.0 4.0 loc_loss:  0.22157140731811523 reward_loss:  -11.078569412231445
epoch:  28 batch:  120 region_loss:  5.0 5.0 loc_loss:  0.2416577911376953 reward_loss:  -12.082889556884766
epoch:  28 batch:  130 region_loss:  7.0 7.0 loc_loss:  0.3930998992919922 reward_loss:  -19.654991149902344
acc@1:  0.1218250235183443
epoch: 28 region loss 0.17051094890510948 loc loss 0.43858485131368147 reward loss -21.92924182084355
epoch:  29 batch:  0 region_loss:  10.0 10.0 loc_loss:  0.4698902130126953 reward_loss:  -23.494510650634766
epoch:  29 batch:  10 region_loss:  10.0 10.0 loc_loss:  0.5169062042236328 reward_loss:  -25.84531021118164
epoch:  29 batch:  20 region_loss:  10.0 10.0 loc_loss:  0.4771543884277344 reward_loss:  -23.857715606689453
epoch:  29 batch:  30 region_loss:  10.0 10.0 loc_loss:  0.46888969421386717 reward_loss:  -23.44448471069336
epoch:  29 batch:  40 region_loss:  10.0 10.0 loc_loss:  0.5948659896850585 reward_loss:  -29.743295669555664
epoch:  29 batch:  50 region_loss:  10.0 10.0 loc_loss:  0.4760348892211914 reward_loss:  -23.801746368408203
epoch:  29 batch:  60 region_loss:  10.0 10.0 loc_loss:  0.4894332122802734 reward_loss:  -24.471660614013672
epoch:  29 batch:  70 region_loss:  10.0 10.0 loc_loss:  0.4805018997192383 reward_loss:  -24.025094985961914
epoch:  29 batch:  80 region_loss:  10.0 10.0 loc_loss:  0.538095703125 reward_loss:  -26.904783248901367
epoch:  29 batch:  90 region_loss:  6.0 6.0 loc_loss:  0.3195100021362305 reward_loss:  -15.97550106048584
epoch:  29 batch:  100 region_loss:  8.0 8.0 loc_loss:  0.3708021545410156 reward_loss:  -18.54010581970215
epoch:  29 batch:  110 region_loss:  4.0 4.0 loc_loss:  0.20957868576049804 reward_loss:  -10.47893238067627
epoch:  29 batch:  120 region_loss:  5.0 5.0 loc_loss:  0.2284811782836914 reward_loss:  -11.42405891418457
epoch:  29 batch:  130 region_loss:  7.0 7.0 loc_loss:  0.3746305465698242 reward_loss:  -18.731525421142578
acc@1:  0.1213546566321731
epoch: 29 region loss 0.17051094890510948 loc loss 0.41926064003993124 reward loss -20.963030872553805
epoch:  30 batch:  0 region_loss:  10.0 10.0 loc_loss:  0.4475796127319336 reward_loss:  -22.37898063659668
epoch:  30 batch:  10 region_loss:  10.0 10.0 loc_loss:  0.4942385864257812 reward_loss:  -24.711929321289062
epoch:  30 batch:  20 region_loss:  10.0 10.0 loc_loss:  0.45874046325683593 reward_loss:  -22.937021255493164
epoch:  30 batch:  30 region_loss:  10.0 10.0 loc_loss:  0.4471369552612305 reward_loss:  -22.35684585571289
epoch:  30 batch:  40 region_loss:  10.0 10.0 loc_loss:  0.5710868072509766 reward_loss:  -28.554340362548828
epoch:  30 batch:  50 region_loss:  10.0 10.0 loc_loss:  0.45503715515136717 reward_loss:  -22.751855850219727
epoch:  30 batch:  60 region_loss:  10.0 10.0 loc_loss:  0.46554466247558596 reward_loss:  -23.27722930908203
epoch:  30 batch:  70 region_loss:  10.0 10.0 loc_loss:  0.4594873046875 reward_loss:  -22.974367141723633
epoch:  30 batch:  80 region_loss:  10.0 10.0 loc_loss:  0.5126466369628906 reward_loss:  -25.63233184814453
epoch:  30 batch:  90 region_loss:  6.0 6.0 loc_loss:  0.30361251831054686 reward_loss:  -15.180624961853027
epoch:  30 batch:  100 region_loss:  8.0 8.0 loc_loss:  0.3529744338989258 reward_loss:  -17.648719787597656
epoch:  30 batch:  110 region_loss:  4.0 4.0 loc_loss:  0.19804115295410157 reward_loss:  -9.902057647705078
epoch:  30 batch:  120 region_loss:  5.0 5.0 loc_loss:  0.21579605102539062 reward_loss:  -10.789801597595215
epoch:  30 batch:  130 region_loss:  7.0 7.0 loc_loss:  0.35676097869873047 reward_loss:  -17.838048934936523
acc@1:  0.11994355597365945
epoch: 30 region loss 0.17051094890510948 loc loss 0.4005436429838195 reward loss -20.027181583599454
epoch:  31 batch:  0 region_loss:  10.0 10.0 loc_loss:  0.42608200073242186 reward_loss:  -21.304100036621094
epoch:  31 batch:  10 region_loss:  10.0 10.0 loc_loss:  0.4722354507446289 reward_loss:  -23.611772537231445
epoch:  31 batch:  20 region_loss:  10.0 10.0 loc_loss:  0.44087894439697267 reward_loss:  -22.043947219848633
epoch:  31 batch:  30 region_loss:  10.0 10.0 loc_loss:  0.4260636520385742 reward_loss:  -21.30318260192871
epoch:  31 batch:  40 region_loss:  10.0 10.0 loc_loss:  0.5476601791381835 reward_loss:  -27.38300895690918
epoch:  31 batch:  50 region_loss:  10.0 10.0 loc_loss:  0.43472713470458985 reward_loss:  -21.736356735229492
epoch:  31 batch:  60 region_loss:  10.0 10.0 loc_loss:  0.44250198364257814 reward_loss:  -22.125099182128906
epoch:  31 batch:  70 region_loss:  10.0 10.0 loc_loss:  0.4390692138671875 reward_loss:  -21.953460693359375
epoch:  31 batch:  80 region_loss:  10.0 10.0 loc_loss:  0.48795059204101565 reward_loss:  -24.39752960205078
epoch:  31 batch:  90 region_loss:  6.0 6.0 loc_loss:  0.28845020294189455 reward_loss:  -14.422506332397461
epoch:  31 batch:  100 region_loss:  8.0 8.0 loc_loss:  0.3357571029663086 reward_loss:  -16.787857055664062
epoch:  31 batch:  110 region_loss:  4.0 4.0 loc_loss:  0.18688667297363282 reward_loss:  -9.343545913696289
epoch:  31 batch:  120 region_loss:  5.0 5.0 loc_loss:  0.20371164321899415 reward_loss:  -10.18558120727539
epoch:  31 batch:  130 region_loss:  7.0 7.0 loc_loss:  0.3394148254394531 reward_loss:  -16.970741271972656
acc@1:  0.12041392285983067
epoch: 31 region loss 0.17051094890510948 loc loss 0.38244084560088 reward loss -19.12203592801616
epoch:  32 batch:  0 region_loss:  10.0 10.0 loc_loss:  0.4052854919433594 reward_loss:  -20.2642879486084
epoch:  32 batch:  10 region_loss:  10.0 10.0 loc_loss:  0.4508039093017578 reward_loss:  -22.540193557739258
epoch:  32 batch:  20 region_loss:  10.0 10.0 loc_loss:  0.4235184478759766 reward_loss:  -21.175922393798828
epoch:  32 batch:  30 region_loss:  10.0 10.0 loc_loss:  0.4057102584838867 reward_loss:  -20.285507202148438
epoch:  32 batch:  40 region_loss:  10.0 10.0 loc_loss:  0.5246940612792969 reward_loss:  -26.23470115661621
epoch:  32 batch:  50 region_loss:  10.0 10.0 loc_loss:  0.41486343383789065 reward_loss:  -20.743173599243164
epoch:  32 batch:  60 region_loss:  10.0 10.0 loc_loss:  0.42007511138916015 reward_loss:  -21.003755569458008
epoch:  32 batch:  70 region_loss:  10.0 10.0 loc_loss:  0.4193136215209961 reward_loss:  -20.965681076049805
epoch:  32 batch:  80 region_loss:  10.0 10.0 loc_loss:  0.4637506103515625 reward_loss:  -23.187530517578125
epoch:  32 batch:  90 region_loss:  6.0 6.0 loc_loss:  0.27320810317993166 reward_loss:  -13.660406112670898
epoch:  32 batch:  100 region_loss:  8.0 8.0 loc_loss:  0.3191019058227539 reward_loss:  -15.955191612243652
epoch:  32 batch:  110 region_loss:  4.0 4.0 loc_loss:  0.17619266510009765 reward_loss:  -8.809673309326172
epoch:  32 batch:  120 region_loss:  5.0 5.0 loc_loss:  0.19205938339233397 reward_loss:  -9.602970123291016
epoch:  32 batch:  130 region_loss:  7.0 7.0 loc_loss:  0.3226386260986328 reward_loss:  -16.13193130493164
acc@1:  0.12088428974600188
epoch: 32 region loss 0.17051094890510948 loc loss 0.36478850608324487 reward loss -18.2394258471301
epoch:  33 batch:  0 region_loss:  10.0 10.0 loc_loss:  0.38529376983642577 reward_loss:  -19.26468849182129
epoch:  33 batch:  10 region_loss:  10.0 10.0 loc_loss:  0.43000045776367185 reward_loss:  -21.500022888183594
epoch:  33 batch:  20 region_loss:  10.0 10.0 loc_loss:  0.406576042175293 reward_loss:  -20.32880210876465
epoch:  33 batch:  30 region_loss:  10.0 10.0 loc_loss:  0.3859161376953125 reward_loss:  -19.295808792114258
epoch:  33 batch:  40 region_loss:  10.0 10.0 loc_loss:  0.5020643615722656 reward_loss:  -25.10321807861328
epoch:  33 batch:  50 region_loss:  10.0 10.0 loc_loss:  0.3956476593017578 reward_loss:  -19.78238296508789
epoch:  33 batch:  60 region_loss:  10.0 10.0 loc_loss:  0.39853004455566404 reward_loss:  -19.926502227783203
epoch:  33 batch:  70 region_loss:  10.0 10.0 loc_loss:  0.40019779205322265 reward_loss:  -20.009891510009766
epoch:  33 batch:  80 region_loss:  10.0 10.0 loc_loss:  0.4402219009399414 reward_loss:  -22.01108741760254
epoch:  33 batch:  90 region_loss:  6.0 6.0 loc_loss:  0.25884355545043947 reward_loss:  -12.942178726196289
epoch:  33 batch:  100 region_loss:  8.0 8.0 loc_loss:  0.3030393409729004 reward_loss:  -15.151962280273438
epoch:  33 batch:  110 region_loss:  4.0 4.0 loc_loss:  0.16590116500854493 reward_loss:  -8.29499626159668
epoch:  33 batch:  120 region_loss:  5.0 5.0 loc_loss:  0.18087459564208985 reward_loss:  -9.043731689453125
epoch:  33 batch:  130 region_loss:  7.0 7.0 loc_loss:  0.30628816604614256 reward_loss:  -15.314408302307129
acc@1:  0.11759172154280338
epoch: 33 region loss 0.17051094890510948 loc loss 0.3476405001034702 reward loss -17.382035175379176
epoch:  34 batch:  0 region_loss:  10.0 10.0 loc_loss:  0.3659340286254883 reward_loss:  -18.29669952392578
epoch:  34 batch:  10 region_loss:  10.0 10.0 loc_loss:  0.4098348617553711 reward_loss:  -20.491743087768555
epoch:  34 batch:  20 region_loss:  10.0 10.0 loc_loss:  0.3900296401977539 reward_loss:  -19.501482009887695
epoch:  34 batch:  30 region_loss:  10.0 10.0 loc_loss:  0.36678897857666015 reward_loss:  -18.33945083618164
epoch:  34 batch:  40 region_loss:  10.0 10.0 loc_loss:  0.4799600601196289 reward_loss:  -23.998001098632812
epoch:  34 batch:  50 region_loss:  10.0 10.0 loc_loss:  0.3767792510986328 reward_loss:  -18.83896255493164
epoch:  34 batch:  60 region_loss:  10.0 10.0 loc_loss:  0.3776853561401367 reward_loss:  -18.884265899658203
epoch:  34 batch:  70 region_loss:  10.0 10.0 loc_loss:  0.38147247314453125 reward_loss:  -19.073625564575195
epoch:  34 batch:  80 region_loss:  10.0 10.0 loc_loss:  0.4174186706542969 reward_loss:  -20.870933532714844
epoch:  34 batch:  90 region_loss:  6.0 6.0 loc_loss:  0.24439601898193358 reward_loss:  -12.21980094909668
epoch:  34 batch:  100 region_loss:  8.0 8.0 loc_loss:  0.2875188446044922 reward_loss:  -14.375941276550293
epoch:  34 batch:  110 region_loss:  4.0 4.0 loc_loss:  0.15597031593322755 reward_loss:  -7.798434257507324
epoch:  34 batch:  120 region_loss:  5.0 5.0 loc_loss:  0.17015401840209962 reward_loss:  -8.507701873779297
epoch:  34 batch:  130 region_loss:  7.0 7.0 loc_loss:  0.2905586624145508 reward_loss:  -14.527933120727539
acc@1:  0.11618062088428975
epoch: 34 region loss 0.17051094890510948 loc loss 0.33099427320661334 reward loss -16.549713126064216
epoch:  35 batch:  0 region_loss:  10.0 10.0 loc_loss:  0.3472766494750977 reward_loss:  -17.36383056640625
epoch:  35 batch:  10 region_loss:  10.0 10.0 loc_loss:  0.39017471313476565 reward_loss:  -19.50873565673828
epoch:  35 batch:  20 region_loss:  10.0 10.0 loc_loss:  0.37410900115966794 reward_loss:  -18.7054500579834
epoch:  35 batch:  30 region_loss:  10.0 10.0 loc_loss:  0.34814823150634766 reward_loss:  -17.40740966796875
epoch:  35 batch:  40 region_loss:  10.0 10.0 loc_loss:  0.45822269439697266 reward_loss:  -22.911130905151367
epoch:  35 batch:  50 region_loss:  10.0 10.0 loc_loss:  0.3586561584472656 reward_loss:  -17.93280601501465
epoch:  35 batch:  60 region_loss:  10.0 10.0 loc_loss:  0.35750465393066405 reward_loss:  -17.875232696533203
epoch:  35 batch:  70 region_loss:  10.0 10.0 loc_loss:  0.36341392517089843 reward_loss:  -18.17069435119629
epoch:  35 batch:  80 region_loss:  10.0 10.0 loc_loss:  0.39510433197021483 reward_loss:  -19.755218505859375
epoch:  35 batch:  90 region_loss:  6.0 6.0 loc_loss:  0.2309528923034668 reward_loss:  -11.54764461517334
epoch:  35 batch:  100 region_loss:  8.0 8.0 loc_loss:  0.2724791145324707 reward_loss:  -13.623952865600586
epoch:  35 batch:  110 region_loss:  4.0 4.0 loc_loss:  0.1464839744567871 reward_loss:  -7.324465751647949
epoch:  35 batch:  120 region_loss:  5.0 5.0 loc_loss:  0.1598784637451172 reward_loss:  -7.993923664093018
epoch:  35 batch:  130 region_loss:  7.0 7.0 loc_loss:  0.2752427673339844 reward_loss:  -13.762137413024902
acc@1:  0.11241768579492004
epoch: 35 region loss 0.17051094890510948 loc loss 0.31485977889847583 reward loss -15.74298842196917
epoch:  36 batch:  0 region_loss:  10.0 10.0 loc_loss:  0.32921958923339845 reward_loss:  -16.46097755432129
epoch:  36 batch:  10 region_loss:  10.0 10.0 loc_loss:  0.37128093719482425 reward_loss:  -18.564048767089844
epoch:  36 batch:  20 region_loss:  10.0 10.0 loc_loss:  0.35834518432617185 reward_loss:  -17.917259216308594
epoch:  36 batch:  30 region_loss:  10.0 10.0 loc_loss:  0.3302594757080078 reward_loss:  -16.512971878051758
epoch:  36 batch:  40 region_loss:  10.0 10.0 loc_loss:  0.43703159332275393 reward_loss:  -21.851581573486328
epoch:  36 batch:  50 region_loss:  10.0 10.0 loc_loss:  0.3407141876220703 reward_loss:  -17.03571128845215
epoch:  36 batch:  60 region_loss:  10.0 10.0 loc_loss:  0.3379888153076172 reward_loss:  -16.899442672729492
epoch:  36 batch:  70 region_loss:  10.0 10.0 loc_loss:  0.345777702331543 reward_loss:  -17.288883209228516
epoch:  36 batch:  80 region_loss:  10.0 10.0 loc_loss:  0.3734752655029297 reward_loss:  -18.67376708984375
epoch:  36 batch:  90 region_loss:  6.0 6.0 loc_loss:  0.21735157012939454 reward_loss:  -10.867579460144043
epoch:  36 batch:  100 region_loss:  8.0 8.0 loc_loss:  0.2582509803771973 reward_loss:  -12.91254711151123
epoch:  36 batch:  110 region_loss:  4.0 4.0 loc_loss:  0.13744850158691407 reward_loss:  -6.8723039627075195
epoch:  36 batch:  120 region_loss:  5.0 5.0 loc_loss:  0.15005353927612305 reward_loss:  -7.502676963806152
epoch:  36 batch:  130 region_loss:  7.0 7.0 loc_loss:  0.26047468185424805 reward_loss:  -13.023734092712402
acc@1:  0.11382878645343368
epoch: 36 region loss 0.17051094890510948 loc loss 0.2992573692850823 reward loss -14.962865133355134
epoch:  37 batch:  0 region_loss:  10.0 10.0 loc_loss:  0.3117434310913086 reward_loss:  -15.587174415588379
epoch:  37 batch:  10 region_loss:  10.0 10.0 loc_loss:  0.3527843475341797 reward_loss:  -17.639217376708984
epoch:  37 batch:  20 region_loss:  10.0 10.0 loc_loss:  0.3432803726196289 reward_loss:  -17.164018630981445
epoch:  37 batch:  30 region_loss:  10.0 10.0 loc_loss:  0.31275741577148436 reward_loss:  -15.637869834899902
epoch:  37 batch:  40 region_loss:  10.0 10.0 loc_loss:  0.41611404418945314 reward_loss:  -20.805702209472656
epoch:  37 batch:  50 region_loss:  10.0 10.0 loc_loss:  0.32388824462890625 reward_loss:  -16.194412231445312
epoch:  37 batch:  60 region_loss:  10.0 10.0 loc_loss:  0.31927881240844724 reward_loss:  -15.963940620422363
epoch:  37 batch:  70 region_loss:  10.0 10.0 loc_loss:  0.3287400817871094 reward_loss:  -16.43700408935547
epoch:  37 batch:  80 region_loss:  10.0 10.0 loc_loss:  0.3525115966796875 reward_loss:  -17.625579833984375
epoch:  37 batch:  90 region_loss:  6.0 6.0 loc_loss:  0.20468124389648437 reward_loss:  -10.234061241149902
epoch:  37 batch:  100 region_loss:  8.0 8.0 loc_loss:  0.24364448547363282 reward_loss:  -12.182225227355957
epoch:  37 batch:  110 region_loss:  4.0 4.0 loc_loss:  0.12879310607910155 reward_loss:  -6.440700054168701
epoch:  37 batch:  120 region_loss:  5.0 5.0 loc_loss:  0.14069573402404786 reward_loss:  -7.034786701202393
epoch:  37 batch:  130 region_loss:  7.0 7.0 loc_loss:  0.24615100860595704 reward_loss:  -12.307552337646484
acc@1:  0.11147695202257761
epoch: 37 region loss 0.17051094890510948 loc loss 0.2841492566749127 reward loss -14.207470036771175
epoch:  38 batch:  0 region_loss:  10.0 10.0 loc_loss:  0.2949488639831543 reward_loss:  -14.747443199157715
epoch:  38 batch:  10 region_loss:  10.0 10.0 loc_loss:  0.3349771499633789 reward_loss:  -16.748857498168945
epoch:  38 batch:  20 region_loss:  10.0 10.0 loc_loss:  0.3284403228759766 reward_loss:  -16.422016143798828
epoch:  38 batch:  30 region_loss:  10.0 10.0 loc_loss:  0.29600067138671876 reward_loss:  -14.800033569335938
epoch:  38 batch:  40 region_loss:  10.0 10.0 loc_loss:  0.3958544540405273 reward_loss:  -19.792722702026367
epoch:  38 batch:  50 region_loss:  10.0 10.0 loc_loss:  0.3070088958740234 reward_loss:  -15.350444793701172
epoch:  38 batch:  60 region_loss:  10.0 10.0 loc_loss:  0.3010982322692871 reward_loss:  -15.054911613464355
epoch:  38 batch:  70 region_loss:  10.0 10.0 loc_loss:  0.31200435638427737 reward_loss:  -15.60021686553955
epoch:  38 batch:  80 region_loss:  10.0 10.0 loc_loss:  0.33231407165527344 reward_loss:  -16.615703582763672
epoch:  38 batch:  90 region_loss:  6.0 6.0 loc_loss:  0.19214542388916014 reward_loss:  -9.607271194458008
epoch:  38 batch:  100 region_loss:  8.0 8.0 loc_loss:  0.2313522720336914 reward_loss:  -11.56761360168457
epoch:  38 batch:  110 region_loss:  4.0 4.0 loc_loss:  0.12048694610595703 reward_loss:  -6.025145053863525
epoch:  38 batch:  120 region_loss:  5.0 5.0 loc_loss:  0.13182374000549316 reward_loss:  -6.591187000274658
epoch:  38 batch:  130 region_loss:  7.0 7.0 loc_loss:  0.23223457336425782 reward_loss:  -11.61172866821289
acc@1:  0.11053621825023519
epoch: 38 region loss 0.17051094890510948 loc loss 0.26962101523893595 reward loss -13.481055545110772
epoch:  39 batch:  0 region_loss:  10.0 10.0 loc_loss:  0.27876724243164064 reward_loss:  -13.938361167907715
epoch:  39 batch:  10 region_loss:  10.0 10.0 loc_loss:  0.3176287841796875 reward_loss:  -15.881439208984375
epoch:  39 batch:  20 region_loss:  10.0 10.0 loc_loss:  0.3143219757080078 reward_loss:  -15.71609878540039
epoch:  39 batch:  30 region_loss:  10.0 10.0 loc_loss:  0.27977222442626953 reward_loss:  -13.988582611083984
epoch:  39 batch:  40 region_loss:  10.0 10.0 loc_loss:  0.3758938598632813 reward_loss:  -18.794692993164062
epoch:  39 batch:  50 region_loss:  10.0 10.0 loc_loss:  0.29174152374267576 reward_loss:  -14.587076187133789
epoch:  39 batch:  60 region_loss:  10.0 10.0 loc_loss:  0.2838241958618164 reward_loss:  -14.19120979309082
epoch:  39 batch:  70 region_loss:  10.0 10.0 loc_loss:  0.29601612091064455 reward_loss:  -14.800800323486328
epoch:  39 batch:  80 region_loss:  10.0 10.0 loc_loss:  0.31261619567871096 reward_loss:  -15.630810737609863
epoch:  39 batch:  90 region_loss:  6.0 6.0 loc_loss:  0.1803895378112793 reward_loss:  -9.019476890563965
epoch:  39 batch:  100 region_loss:  8.0 8.0 loc_loss:  0.2171657180786133 reward_loss:  -10.858285903930664
epoch:  39 batch:  110 region_loss:  4.0 4.0 loc_loss:  0.1128200912475586 reward_loss:  -5.640545845031738
epoch:  39 batch:  120 region_loss:  5.0 5.0 loc_loss:  0.12337215423583985 reward_loss:  -6.168607711791992
epoch:  39 batch:  130 region_loss:  7.0 7.0 loc_loss:  0.2190536689758301 reward_loss:  -10.952683448791504
acc@1:  0.11053621825023519
epoch: 39 region loss 0.17051094890510948 loc loss 0.25552161564792164 reward loss -12.7760649388724
epoch:  40 batch:  0 region_loss:  10.0 10.0 loc_loss:  0.26323535919189456 reward_loss:  -13.161767959594727
epoch:  40 batch:  10 region_loss:  10.0 10.0 loc_loss:  0.3010413932800293 reward_loss:  -15.052068710327148
epoch:  40 batch:  20 region_loss:  10.0 10.0 loc_loss:  0.3002739715576172 reward_loss:  -15.01369857788086
epoch:  40 batch:  30 region_loss:  10.0 10.0 loc_loss:  0.2639993858337402 reward_loss:  -13.199955940246582
epoch:  40 batch:  40 region_loss:  10.0 10.0 loc_loss:  0.3567346954345703 reward_loss:  -17.836732864379883
epoch:  40 batch:  50 region_loss:  10.0 10.0 loc_loss:  0.27696855545043947 reward_loss:  -13.848427772521973
epoch:  40 batch:  60 region_loss:  10.0 10.0 loc_loss:  0.2668458557128906 reward_loss:  -13.342292785644531
epoch:  40 batch:  70 region_loss:  10.0 10.0 loc_loss:  0.28019281387329104 reward_loss:  -14.009638786315918
epoch:  40 batch:  80 region_loss:  10.0 10.0 loc_loss:  0.29401609420776365 reward_loss:  -14.7008056640625
epoch:  40 batch:  90 region_loss:  6.0 6.0 loc_loss:  0.16886850357055663 reward_loss:  -8.443424224853516
epoch:  40 batch:  100 region_loss:  8.0 8.0 loc_loss:  0.20607471466064453 reward_loss:  -10.303736686706543
epoch:  40 batch:  110 region_loss:  4.0 4.0 loc_loss:  0.10522082328796387 reward_loss:  -5.261040210723877
epoch:  40 batch:  120 region_loss:  5.0 5.0 loc_loss:  0.11537581443786621 reward_loss:  -5.7687907218933105
epoch:  40 batch:  130 region_loss:  7.0 7.0 loc_loss:  0.20597240447998047 reward_loss:  -10.298620223999023
acc@1:  0.11241768579492004
epoch: 40 region loss 0.17051094890510948 loc loss 0.24204708955583784 reward loss -12.102341563162142
epoch:  41 batch:  0 region_loss:  10.0 10.0 loc_loss:  0.24859048843383788 reward_loss:  -12.429524421691895
epoch:  41 batch:  10 region_loss:  10.0 10.0 loc_loss:  0.2848369598388672 reward_loss:  -14.24184799194336
epoch:  41 batch:  20 region_loss:  10.0 10.0 loc_loss:  0.28708347320556643 reward_loss:  -14.35417366027832
epoch:  41 batch:  30 region_loss:  10.0 10.0 loc_loss:  0.24924470901489257 reward_loss:  -12.462234497070312
epoch:  41 batch:  40 region_loss:  10.0 10.0 loc_loss:  0.3377572631835937 reward_loss:  -16.88786506652832
epoch:  41 batch:  50 region_loss:  10.0 10.0 loc_loss:  0.26281402587890623 reward_loss:  -13.14069938659668
epoch:  41 batch:  60 region_loss:  10.0 10.0 loc_loss:  0.2511899948120117 reward_loss:  -12.55949878692627
epoch:  41 batch:  70 region_loss:  10.0 10.0 loc_loss:  0.26526756286621095 reward_loss:  -13.26337718963623
epoch:  41 batch:  80 region_loss:  10.0 10.0 loc_loss:  0.27571691513061525 reward_loss:  -13.785845756530762
epoch:  41 batch:  90 region_loss:  6.0 6.0 loc_loss:  0.15809508323669433 reward_loss:  -7.904753684997559
epoch:  41 batch:  100 region_loss:  8.0 8.0 loc_loss:  0.1928580856323242 reward_loss:  -9.642905235290527
epoch:  41 batch:  110 region_loss:  4.0 4.0 loc_loss:  0.09836856842041015 reward_loss:  -4.918426990509033
epoch:  41 batch:  120 region_loss:  5.0 5.0 loc_loss:  0.10773957252502442 reward_loss:  -5.386978626251221
epoch:  41 batch:  130 region_loss:  7.0 7.0 loc_loss:  0.193856201171875 reward_loss:  -9.692811012268066
acc@1:  0.11241768579492004
epoch: 41 region loss 0.17051094890510948 loc loss 0.22901466400953974 reward loss -11.450732058852259
epoch:  42 batch:  0 region_loss:  10.0 10.0 loc_loss:  0.23525798797607422 reward_loss:  -11.762900352478027
epoch:  42 batch:  10 region_loss:  10.0 10.0 loc_loss:  0.26935176849365233 reward_loss:  -13.467592239379883
epoch:  42 batch:  20 region_loss:  10.0 10.0 loc_loss:  0.2745904350280762 reward_loss:  -13.729522705078125
epoch:  42 batch:  30 region_loss:  10.0 10.0 loc_loss:  0.23475547790527343 reward_loss:  -11.737772941589355
epoch:  42 batch:  40 region_loss:  10.0 10.0 loc_loss:  0.3199315643310547 reward_loss:  -15.996583938598633
epoch:  42 batch:  50 region_loss:  10.0 10.0 loc_loss:  0.2486560821533203 reward_loss:  -12.432806015014648
epoch:  42 batch:  60 region_loss:  10.0 10.0 loc_loss:  0.23519243240356447 reward_loss:  -11.759621620178223
epoch:  42 batch:  70 region_loss:  10.0 10.0 loc_loss:  0.250431022644043 reward_loss:  -12.521551132202148
epoch:  42 batch:  80 region_loss:  10.0 10.0 loc_loss:  0.2587482452392578 reward_loss:  -12.93741226196289
epoch:  42 batch:  90 region_loss:  6.0 6.0 loc_loss:  0.14761816024780272 reward_loss:  -7.380908966064453
epoch:  42 batch:  100 region_loss:  8.0 8.0 loc_loss:  0.18245256423950196 reward_loss:  -9.122627258300781
epoch:  42 batch:  110 region_loss:  4.0 4.0 loc_loss:  0.09150568008422852 reward_loss:  -4.575235843658447
epoch:  42 batch:  120 region_loss:  5.0 5.0 loc_loss:  0.10075517654418946 reward_loss:  -5.0377583503723145
epoch:  42 batch:  130 region_loss:  7.0 7.0 loc_loss:  0.18174049377441406 reward_loss:  -9.087024688720703
acc@1:  0.10912511759172154
epoch: 42 region loss 0.17051094890510948 loc loss 0.21653408076641334 reward loss -10.82669977550089
epoch:  43 batch:  0 region_loss:  10.0 10.0 loc_loss:  0.22209712982177734 reward_loss:  -11.104859352111816
epoch:  43 batch:  10 region_loss:  10.0 10.0 loc_loss:  0.2545058059692383 reward_loss:  -12.72529125213623
epoch:  43 batch:  20 region_loss:  10.0 10.0 loc_loss:  0.2630384063720703 reward_loss:  -13.151918411254883
epoch:  43 batch:  30 region_loss:  10.0 10.0 loc_loss:  0.22214719772338867 reward_loss:  -11.107358932495117
epoch:  43 batch:  40 region_loss:  10.0 10.0 loc_loss:  0.30217489242553713 reward_loss:  -15.108744621276855
epoch:  43 batch:  50 region_loss:  10.0 10.0 loc_loss:  0.23436090469360352 reward_loss:  -11.718045234680176
epoch:  43 batch:  60 region_loss:  10.0 10.0 loc_loss:  0.2212979316711426 reward_loss:  -11.064897537231445
epoch:  43 batch:  70 region_loss:  10.0 10.0 loc_loss:  0.23663150787353515 reward_loss:  -11.831573486328125
epoch:  43 batch:  80 region_loss:  10.0 10.0 loc_loss:  0.24196224212646483 reward_loss:  -12.098112106323242
epoch:  43 batch:  90 region_loss:  6.0 6.0 loc_loss:  0.13793734550476075 reward_loss:  -6.896866321563721
epoch:  43 batch:  100 region_loss:  8.0 8.0 loc_loss:  0.17053876876831053 reward_loss:  -8.526937484741211
epoch:  43 batch:  110 region_loss:  4.0 4.0 loc_loss:  0.08540373802185058 reward_loss:  -4.270195007324219
epoch:  43 batch:  120 region_loss:  5.0 5.0 loc_loss:  0.09383699417114258 reward_loss:  -4.691849708557129
epoch:  43 batch:  130 region_loss:  7.0 7.0 loc_loss:  0.17060281753540038 reward_loss:  -8.530139923095703
acc@1:  0.11100658513640639
epoch: 43 region loss 0.17051094890510948 loc loss 0.20453366352693877 reward loss -10.226682545929929
epoch:  44 batch:  0 region_loss:  10.0 10.0 loc_loss:  0.20928497314453126 reward_loss:  -10.464250564575195
epoch:  44 batch:  10 region_loss:  10.0 10.0 loc_loss:  0.24014232635498048 reward_loss:  -12.007111549377441
epoch:  44 batch:  20 region_loss:  10.0 10.0 loc_loss:  0.25457038879394533 reward_loss:  -12.728519439697266
epoch:  44 batch:  30 region_loss:  10.0 10.0 loc_loss:  0.20913286209106446 reward_loss:  -10.456644058227539
epoch:  44 batch:  40 region_loss:  10.0 10.0 loc_loss:  0.2858795356750488 reward_loss:  -14.293977737426758
epoch:  44 batch:  50 region_loss:  10.0 10.0 loc_loss:  0.22105052947998047 reward_loss:  -11.052526473999023
epoch:  44 batch:  60 region_loss:  10.0 10.0 loc_loss:  0.20655929565429687 reward_loss:  -10.32796573638916
epoch:  44 batch:  70 region_loss:  10.0 10.0 loc_loss:  0.22284919738769532 reward_loss:  -11.142462730407715
epoch:  44 batch:  80 region_loss:  10.0 10.0 loc_loss:  0.22655792236328126 reward_loss:  -11.327896118164062
epoch:  44 batch:  90 region_loss:  6.0 6.0 loc_loss:  0.128569860458374 reward_loss:  -6.428493022918701
epoch:  44 batch:  100 region_loss:  8.0 8.0 loc_loss:  0.1608506965637207 reward_loss:  -8.042535781860352
epoch:  44 batch:  110 region_loss:  4.0 4.0 loc_loss:  0.079352388381958 reward_loss:  -3.9676005840301514
epoch:  44 batch:  120 region_loss:  5.0 5.0 loc_loss:  0.08765315055847168 reward_loss:  -4.382657527923584
epoch:  44 batch:  130 region_loss:  7.0 7.0 loc_loss:  0.15953232765197753 reward_loss:  -7.976616382598877
acc@1:  0.10959548447789276
epoch: 44 region loss 0.17051094890510948 loc loss 0.19301085285026662 reward loss -9.650543563122296
epoch:  45 batch:  0 region_loss:  10.0 10.0 loc_loss:  0.1958751678466797 reward_loss:  -9.793757438659668
epoch:  45 batch:  10 region_loss:  10.0 10.0 loc_loss:  0.22629608154296876 reward_loss:  -11.31480598449707
epoch:  45 batch:  20 region_loss:  10.0 10.0 loc_loss:  0.2445647621154785 reward_loss:  -12.22823715209961
epoch:  45 batch:  30 region_loss:  10.0 10.0 loc_loss:  0.19791172027587892 reward_loss:  -9.895586013793945
epoch:  45 batch:  40 region_loss:  10.0 10.0 loc_loss:  0.26954872131347657 reward_loss:  -13.477434158325195
epoch:  45 batch:  50 region_loss:  10.0 10.0 loc_loss:  0.2083428192138672 reward_loss:  -10.41714096069336
epoch:  45 batch:  60 region_loss:  10.0 10.0 loc_loss:  0.19418535232543946 reward_loss:  -9.709266662597656
epoch:  45 batch:  70 region_loss:  10.0 10.0 loc_loss:  0.21032539367675782 reward_loss:  -10.516268730163574
epoch:  45 batch:  80 region_loss:  10.0 10.0 loc_loss:  0.2113136100769043 reward_loss:  -10.565681457519531
epoch:  45 batch:  90 region_loss:  6.0 6.0 loc_loss:  0.11984885215759278 reward_loss:  -5.992442607879639
epoch:  45 batch:  100 region_loss:  8.0 8.0 loc_loss:  0.15010985374450683 reward_loss:  -7.505494594573975
epoch:  45 batch:  110 region_loss:  4.0 4.0 loc_loss:  0.07384334564208984 reward_loss:  -3.6921660900115967
epoch:  45 batch:  120 region_loss:  5.0 5.0 loc_loss:  0.08158817291259765 reward_loss:  -4.079408645629883
epoch:  45 batch:  130 region_loss:  7.0 7.0 loc_loss:  0.14931225776672363 reward_loss:  -7.465612411499023
acc@1:  0.11147695202257761
epoch: 45 region loss 0.17051094890510948 loc loss 0.1819783225546788 reward loss -9.098915328944686
epoch:  46 batch:  0 region_loss:  10.0 10.0 loc_loss:  0.18393146514892578 reward_loss:  -9.196571350097656
epoch:  46 batch:  10 region_loss:  10.0 10.0 loc_loss:  0.21286792755126954 reward_loss:  -10.643394470214844
epoch:  46 batch:  20 region_loss:  10.0 10.0 loc_loss:  0.23611907958984374 reward_loss:  -11.805953979492188
epoch:  46 batch:  30 region_loss:  10.0 10.0 loc_loss:  0.1848052406311035 reward_loss:  -9.240262031555176
epoch:  46 batch:  40 region_loss:  10.0 10.0 loc_loss:  0.254381046295166 reward_loss:  -12.7190523147583
epoch:  46 batch:  50 region_loss:  10.0 10.0 loc_loss:  0.19653560638427733 reward_loss:  -9.826776504516602
epoch:  46 batch:  60 region_loss:  10.0 10.0 loc_loss:  0.1808622932434082 reward_loss:  -9.04311466217041
epoch:  46 batch:  70 region_loss:  10.0 10.0 loc_loss:  0.19762115478515624 reward_loss:  -9.881057739257812
epoch:  46 batch:  80 region_loss:  10.0 10.0 loc_loss:  0.1975018310546875 reward_loss:  -9.875089645385742
epoch:  46 batch:  90 region_loss:  6.0 6.0 loc_loss:  0.1116406536102295 reward_loss:  -5.58203125
epoch:  46 batch:  100 region_loss:  8.0 8.0 loc_loss:  0.14130072593688964 reward_loss:  -7.065036296844482
epoch:  46 batch:  110 region_loss:  4.0 4.0 loc_loss:  0.06841419219970703 reward_loss:  -3.420785427093506
epoch:  46 batch:  120 region_loss:  5.0 5.0 loc_loss:  0.07601523876190186 reward_loss:  -3.8007616996765137
epoch:  46 batch:  130 region_loss:  7.0 7.0 loc_loss:  0.13930845260620117 reward_loss:  -6.965422630310059
acc@1:  0.10818438381937912
epoch: 46 region loss 0.17051094890510948 loc loss 0.1713534320009886 reward loss -8.567671623108161
epoch:  47 batch:  0 region_loss:  10.0 10.0 loc_loss:  0.17227016448974608 reward_loss:  -8.613508224487305
epoch:  47 batch:  10 region_loss:  10.0 10.0 loc_loss:  0.20003896713256836 reward_loss:  -10.001961708068848
epoch:  47 batch:  20 region_loss:  10.0 10.0 loc_loss:  0.2230179214477539 reward_loss:  -11.150895118713379
epoch:  47 batch:  30 region_loss:  10.0 10.0 loc_loss:  0.17380708694458008 reward_loss:  -8.690354347229004
epoch:  47 batch:  40 region_loss:  10.0 10.0 loc_loss:  0.2392134666442871 reward_loss:  -11.960674285888672
epoch:  47 batch:  50 region_loss:  10.0 10.0 loc_loss:  0.185102596282959 reward_loss:  -9.25512981414795
epoch:  47 batch:  60 region_loss:  10.0 10.0 loc_loss:  0.16976970672607422 reward_loss:  -8.488485336303711
epoch:  47 batch:  70 region_loss:  10.0 10.0 loc_loss:  0.186162109375 reward_loss:  -9.30810546875
epoch:  47 batch:  80 region_loss:  10.0 10.0 loc_loss:  0.1837995719909668 reward_loss:  -9.18997859954834
epoch:  47 batch:  90 region_loss:  6.0 6.0 loc_loss:  0.10388917922973633 reward_loss:  -5.194459915161133
epoch:  47 batch:  100 region_loss:  8.0 8.0 loc_loss:  0.13164125442504881 reward_loss:  -6.582063674926758
epoch:  47 batch:  110 region_loss:  4.0 4.0 loc_loss:  0.06348433017730713 reward_loss:  -3.174180507659912
epoch:  47 batch:  120 region_loss:  5.0 5.0 loc_loss:  0.07079014778137208 reward_loss:  -3.539508104324341
epoch:  47 batch:  130 region_loss:  7.0 7.0 loc_loss:  0.1300712013244629 reward_loss:  -6.5035600662231445
acc@1:  0.10865475070555033
epoch: 47 region loss 0.17051094890510948 loc loss 0.16124499207865584 reward loss -8.0622444770632
epoch:  48 batch:  0 region_loss:  10.0 10.0 loc_loss:  0.1615627861022949 reward_loss:  -8.078139305114746
epoch:  48 batch:  10 region_loss:  10.0 10.0 loc_loss:  0.18782810211181641 reward_loss:  -9.39140510559082
epoch:  48 batch:  20 region_loss:  10.0 10.0 loc_loss:  0.21148900985717772 reward_loss:  -10.57443618774414
epoch:  48 batch:  30 region_loss:  10.0 10.0 loc_loss:  0.16187692642211915 reward_loss:  -8.09384536743164
epoch:  48 batch:  40 region_loss:  10.0 10.0 loc_loss:  0.2251920509338379 reward_loss:  -11.259603500366211
epoch:  48 batch:  50 region_loss:  10.0 10.0 loc_loss:  0.17469898223876953 reward_loss:  -8.734950065612793
epoch:  48 batch:  60 region_loss:  10.0 10.0 loc_loss:  0.15791871070861815 reward_loss:  -7.895936489105225
epoch:  48 batch:  70 region_loss:  10.0 10.0 loc_loss:  0.17429758071899415 reward_loss:  -8.714883804321289
epoch:  48 batch:  80 region_loss:  10.0 10.0 loc_loss:  0.1713616943359375 reward_loss:  -8.568084716796875
epoch:  48 batch:  90 region_loss:  6.0 6.0 loc_loss:  0.09669398307800293 reward_loss:  -4.834690093994141
epoch:  48 batch:  100 region_loss:  8.0 8.0 loc_loss:  0.12373124122619629 reward_loss:  -6.1865620613098145
epoch:  48 batch:  110 region_loss:  4.0 4.0 loc_loss:  0.05861752510070801 reward_loss:  -2.930938720703125
epoch:  48 batch:  120 region_loss:  5.0 5.0 loc_loss:  0.06582844257354736 reward_loss:  -3.2914223670959473
epoch:  48 batch:  130 region_loss:  7.0 7.0 loc_loss:  0.12104872703552245 reward_loss:  -6.052435398101807
acc@1:  0.10724365004703669
epoch: 48 region loss 0.17051094890510948 loc loss 0.151587306226257 reward loss -7.57936472440288
epoch:  49 batch:  0 region_loss:  10.0 10.0 loc_loss:  0.15125280380249023 reward_loss:  -7.562645435333252
epoch:  49 batch:  10 region_loss:  10.0 10.0 loc_loss:  0.17616405487060546 reward_loss:  -8.808202743530273
epoch:  49 batch:  20 region_loss:  10.0 10.0 loc_loss:  0.19926931381225585 reward_loss:  -9.963465690612793
epoch:  49 batch:  30 region_loss:  10.0 10.0 loc_loss:  0.1520291042327881 reward_loss:  -7.601454257965088
epoch:  49 batch:  40 region_loss:  10.0 10.0 loc_loss:  0.21135660171508788 reward_loss:  -10.567829132080078
epoch:  49 batch:  50 region_loss:  10.0 10.0 loc_loss:  0.16473691940307617 reward_loss:  -8.236845970153809
epoch:  49 batch:  60 region_loss:  10.0 10.0 loc_loss:  0.14811334609985352 reward_loss:  -7.405666828155518
epoch:  49 batch:  70 region_loss:  10.0 10.0 loc_loss:  0.16383533477783202 reward_loss:  -8.191766738891602
epoch:  49 batch:  80 region_loss:  10.0 10.0 loc_loss:  0.15940736770629882 reward_loss:  -7.970368385314941
epoch:  49 batch:  90 region_loss:  6.0 6.0 loc_loss:  0.0899332332611084 reward_loss:  -4.496662139892578
epoch:  49 batch:  100 region_loss:  8.0 8.0 loc_loss:  0.1149586296081543 reward_loss:  -5.747931480407715
epoch:  49 batch:  110 region_loss:  4.0 4.0 loc_loss:  0.05425259590148926 reward_loss:  -2.7126173973083496
epoch:  49 batch:  120 region_loss:  5.0 5.0 loc_loss:  0.06131129741668701 reward_loss:  -3.0655648708343506
epoch:  49 batch:  130 region_loss:  7.0 7.0 loc_loss:  0.11279046058654785 reward_loss:  -5.639523029327393
acc@1:  0.10818438381937912
epoch: 49 region loss 0.17051094890510948 loc loss 0.14259727632912406 reward loss -7.129860202761462
