0.5
cuda
epoch:  0 batch:  0 region_loss:  10.0 10.0 loc_loss:  1.9906607055664063 reward_loss:  -99.53329467773438
epoch:  0 batch:  10 region_loss:  10.0 10.0 loc_loss:  1.9905941772460938 reward_loss:  -99.53009033203125
epoch:  0 batch:  20 region_loss:  10.0 10.0 loc_loss:  1.9877023315429687 reward_loss:  -99.3863296508789
epoch:  0 batch:  30 region_loss:  10.0 10.0 loc_loss:  1.9829901123046876 reward_loss:  -99.14952087402344
epoch:  0 batch:  40 region_loss:  10.0 10.0 loc_loss:  1.9784660339355469 reward_loss:  -98.92273712158203
epoch:  0 batch:  50 region_loss:  10.0 10.0 loc_loss:  1.9866848754882813 reward_loss:  -99.3342514038086
epoch:  0 batch:  60 region_loss:  10.0 10.0 loc_loss:  1.9779202270507812 reward_loss:  -98.89506530761719
epoch:  0 batch:  70 region_loss:  10.0 10.0 loc_loss:  1.9866645812988282 reward_loss:  -99.33314514160156
epoch:  0 batch:  80 region_loss:  10.0 10.0 loc_loss:  1.9816043090820312 reward_loss:  -99.08065795898438
epoch:  0 batch:  90 region_loss:  6.0 6.0 loc_loss:  1.1811497497558594 reward_loss:  -59.05674743652344
epoch:  0 batch:  100 region_loss:  8.0 8.0 loc_loss:  1.5751765441894532 reward_loss:  -78.75908660888672
epoch:  0 batch:  110 region_loss:  4.0 4.0 loc_loss:  0.7873665618896485 reward_loss:  -39.367828369140625
epoch:  0 batch:  120 region_loss:  5.0 5.0 loc_loss:  0.9784434509277343 reward_loss:  -48.92157745361328
epoch:  0 batch:  130 region_loss:  7.0 7.0 loc_loss:  1.371800994873047 reward_loss:  -68.59005737304688
acc@1:  0.003292568203198495
epoch: 0 region loss 0.17051094890510948 loc loss 1.6870963337473626 reward loss -84.35474601801295
epoch:  1 batch:  0 region_loss:  10.0 10.0 loc_loss:  1.919608154296875 reward_loss:  -95.98109436035156
epoch:  1 batch:  10 region_loss:  10.0 10.0 loc_loss:  1.9416940307617188 reward_loss:  -97.0854263305664
epoch:  1 batch:  20 region_loss:  10.0 10.0 loc_loss:  1.9246844482421874 reward_loss:  -96.2347412109375
epoch:  1 batch:  30 region_loss:  10.0 10.0 loc_loss:  1.9247694396972657 reward_loss:  -96.23712158203125
epoch:  1 batch:  40 region_loss:  10.0 10.0 loc_loss:  1.9114105224609375 reward_loss:  -95.57110595703125
epoch:  1 batch:  50 region_loss:  10.0 10.0 loc_loss:  1.9197727966308593 reward_loss:  -95.98939514160156
epoch:  1 batch:  60 region_loss:  10.0 10.0 loc_loss:  1.8981285095214844 reward_loss:  -94.90802764892578
epoch:  1 batch:  70 region_loss:  10.0 10.0 loc_loss:  1.895126495361328 reward_loss:  -94.75654602050781
epoch:  1 batch:  80 region_loss:  10.0 10.0 loc_loss:  1.876623077392578 reward_loss:  -93.83134460449219
epoch:  1 batch:  90 region_loss:  6.0 6.0 loc_loss:  1.1114645385742188 reward_loss:  -55.57298278808594
epoch:  1 batch:  100 region_loss:  8.0 8.0 loc_loss:  1.465794677734375 reward_loss:  -73.28977966308594
epoch:  1 batch:  110 region_loss:  4.0 4.0 loc_loss:  0.7404107666015625 reward_loss:  -37.020198822021484
epoch:  1 batch:  120 region_loss:  5.0 5.0 loc_loss:  0.9076435852050782 reward_loss:  -45.382205963134766
epoch:  1 batch:  130 region_loss:  7.0 7.0 loc_loss:  1.260739288330078 reward_loss:  -63.03759002685547
acc@1:  0.02539981185324553
epoch: 1 region loss 0.17051094890510948 loc loss 1.6077699892364279 reward loss -80.38840863304416
epoch:  2 batch:  0 region_loss:  10.0 10.0 loc_loss:  1.7474191284179688 reward_loss:  -87.37152862548828
epoch:  2 batch:  10 region_loss:  10.0 10.0 loc_loss:  1.7635392761230468 reward_loss:  -88.17866516113281
epoch:  2 batch:  20 region_loss:  10.0 10.0 loc_loss:  1.7414169311523438 reward_loss:  -87.071533203125
epoch:  2 batch:  30 region_loss:  10.0 10.0 loc_loss:  1.776064910888672 reward_loss:  -88.8032455444336
epoch:  2 batch:  40 region_loss:  10.0 10.0 loc_loss:  1.7284207153320312 reward_loss:  -86.42086791992188
epoch:  2 batch:  50 region_loss:  10.0 10.0 loc_loss:  1.7841360473632812 reward_loss:  -89.20625305175781
epoch:  2 batch:  60 region_loss:  10.0 10.0 loc_loss:  1.7450567626953124 reward_loss:  -87.25174713134766
epoch:  2 batch:  70 region_loss:  10.0 10.0 loc_loss:  1.7554531860351563 reward_loss:  -87.77346801757812
epoch:  2 batch:  80 region_loss:  10.0 10.0 loc_loss:  1.7306716918945313 reward_loss:  -86.53312683105469
epoch:  2 batch:  90 region_loss:  6.0 6.0 loc_loss:  1.0375926208496093 reward_loss:  -51.87989807128906
epoch:  2 batch:  100 region_loss:  8.0 8.0 loc_loss:  1.3752711486816407 reward_loss:  -68.76397705078125
epoch:  2 batch:  110 region_loss:  4.0 4.0 loc_loss:  0.7021744537353516 reward_loss:  -35.109519958496094
epoch:  2 batch:  120 region_loss:  5.0 5.0 loc_loss:  0.8639984130859375 reward_loss:  -43.20044708251953
epoch:  2 batch:  130 region_loss:  7.0 7.0 loc_loss:  1.2039598083496095 reward_loss:  -60.19969177246094
acc@1:  0.029633113828786452
epoch: 2 region loss 0.17051094890510948 loc loss 1.4778630060349067 reward loss -73.89314879814204
epoch:  3 batch:  0 region_loss:  10.0 10.0 loc_loss:  1.688065643310547 reward_loss:  -84.40316009521484
epoch:  3 batch:  10 region_loss:  10.0 10.0 loc_loss:  1.6908441162109376 reward_loss:  -84.54158020019531
epoch:  3 batch:  20 region_loss:  10.0 10.0 loc_loss:  1.6472782897949219 reward_loss:  -82.36337280273438
epoch:  3 batch:  30 region_loss:  10.0 10.0 loc_loss:  1.7007302856445312 reward_loss:  -85.03702545166016
epoch:  3 batch:  40 region_loss:  10.0 10.0 loc_loss:  1.6486112976074219 reward_loss:  -82.4300765991211
epoch:  3 batch:  50 region_loss:  10.0 10.0 loc_loss:  1.7133985900878905 reward_loss:  -85.66950225830078
epoch:  3 batch:  60 region_loss:  10.0 10.0 loc_loss:  1.675245361328125 reward_loss:  -83.7620849609375
epoch:  3 batch:  70 region_loss:  10.0 10.0 loc_loss:  1.6881039428710938 reward_loss:  -84.40560150146484
epoch:  3 batch:  80 region_loss:  10.0 10.0 loc_loss:  1.6672442626953126 reward_loss:  -83.36295318603516
epoch:  3 batch:  90 region_loss:  6.0 6.0 loc_loss:  1.0037300872802735 reward_loss:  -50.18643569946289
epoch:  3 batch:  100 region_loss:  8.0 8.0 loc_loss:  1.327652587890625 reward_loss:  -66.38285064697266
epoch:  3 batch:  110 region_loss:  4.0 4.0 loc_loss:  0.6813916015625 reward_loss:  -34.06991195678711
epoch:  3 batch:  120 region_loss:  5.0 5.0 loc_loss:  0.8386957550048828 reward_loss:  -41.934478759765625
epoch:  3 batch:  130 region_loss:  7.0 7.0 loc_loss:  1.1710725402832032 reward_loss:  -58.553897857666016
acc@1:  0.03998118532455315
epoch: 3 region loss 0.17051094890510948 loc loss 1.4163661845409086 reward loss -70.81829655779539
epoch:  4 batch:  0 region_loss:  10.0 10.0 loc_loss:  1.6449813842773438 reward_loss:  -82.24884033203125
epoch:  4 batch:  10 region_loss:  10.0 10.0 loc_loss:  1.6443014526367188 reward_loss:  -82.21334838867188
epoch:  4 batch:  20 region_loss:  10.0 10.0 loc_loss:  1.584041748046875 reward_loss:  -79.20265197753906
epoch:  4 batch:  30 region_loss:  10.0 10.0 loc_loss:  1.646130828857422 reward_loss:  -82.30657196044922
epoch:  4 batch:  40 region_loss:  10.0 10.0 loc_loss:  1.5923854064941407 reward_loss:  -79.6188735961914
epoch:  4 batch:  50 region_loss:  10.0 10.0 loc_loss:  1.6562579345703126 reward_loss:  -82.8139419555664
epoch:  4 batch:  60 region_loss:  10.0 10.0 loc_loss:  1.6216203308105468 reward_loss:  -81.080810546875
epoch:  4 batch:  70 region_loss:  10.0 10.0 loc_loss:  1.6305227661132813 reward_loss:  -81.5257568359375
epoch:  4 batch:  80 region_loss:  10.0 10.0 loc_loss:  1.613511962890625 reward_loss:  -80.67648315429688
epoch:  4 batch:  90 region_loss:  6.0 6.0 loc_loss:  0.9743798065185547 reward_loss:  -48.71868896484375
epoch:  4 batch:  100 region_loss:  8.0 8.0 loc_loss:  1.2831553649902343 reward_loss:  -64.15779113769531
epoch:  4 batch:  110 region_loss:  4.0 4.0 loc_loss:  0.6628711700439454 reward_loss:  -33.14376449584961
epoch:  4 batch:  120 region_loss:  5.0 5.0 loc_loss:  0.8142311096191406 reward_loss:  -40.7120361328125
epoch:  4 batch:  130 region_loss:  7.0 7.0 loc_loss:  1.1392684173583985 reward_loss:  -56.96329879760742
acc@1:  0.04797742238946378
epoch: 4 region loss 0.17051094890510948 loc loss 1.3675820638837606 reward loss -68.3792216168703
epoch:  5 batch:  0 region_loss:  10.0 10.0 loc_loss:  1.5987181091308593 reward_loss:  -79.93576049804688
epoch:  5 batch:  10 region_loss:  10.0 10.0 loc_loss:  1.597174835205078 reward_loss:  -79.8582763671875
epoch:  5 batch:  20 region_loss:  10.0 10.0 loc_loss:  1.5235671997070312 reward_loss:  -76.1783218383789
epoch:  5 batch:  30 region_loss:  10.0 10.0 loc_loss:  1.5917033386230468 reward_loss:  -79.58531188964844
epoch:  5 batch:  40 region_loss:  10.0 10.0 loc_loss:  1.538253173828125 reward_loss:  -76.9121322631836
epoch:  5 batch:  50 region_loss:  10.0 10.0 loc_loss:  1.6001101684570314 reward_loss:  -80.0057601928711
epoch:  5 batch:  60 region_loss:  10.0 10.0 loc_loss:  1.568231964111328 reward_loss:  -78.4117660522461
epoch:  5 batch:  70 region_loss:  10.0 10.0 loc_loss:  1.5724395751953124 reward_loss:  -78.62242126464844
epoch:  5 batch:  80 region_loss:  10.0 10.0 loc_loss:  1.5604580688476561 reward_loss:  -78.02253723144531
epoch:  5 batch:  90 region_loss:  6.0 6.0 loc_loss:  0.9448554229736328 reward_loss:  -47.2430419921875
epoch:  5 batch:  100 region_loss:  8.0 8.0 loc_loss:  1.236956558227539 reward_loss:  -61.84806442260742
epoch:  5 batch:  110 region_loss:  4.0 4.0 loc_loss:  0.6444307708740235 reward_loss:  -32.221580505371094
epoch:  5 batch:  120 region_loss:  5.0 5.0 loc_loss:  0.7880567932128906 reward_loss:  -39.40294647216797
epoch:  5 batch:  130 region_loss:  7.0 7.0 loc_loss:  1.1052549743652345 reward_loss:  -55.262657165527344
acc@1:  0.062088428974600186
epoch: 5 region loss 0.17051094890510948 loc loss 1.3188176251153876 reward loss -65.94083430993295
epoch:  6 batch:  0 region_loss:  10.0 10.0 loc_loss:  1.5463519287109375 reward_loss:  -77.31734466552734
epoch:  6 batch:  10 region_loss:  10.0 10.0 loc_loss:  1.5465057373046875 reward_loss:  -77.32523345947266
epoch:  6 batch:  20 region_loss:  10.0 10.0 loc_loss:  1.4592935180664062 reward_loss:  -72.96455383300781
epoch:  6 batch:  30 region_loss:  10.0 10.0 loc_loss:  1.5329916381835937 reward_loss:  -76.64966583251953
epoch:  6 batch:  40 region_loss:  10.0 10.0 loc_loss:  1.4823905944824218 reward_loss:  -74.1198501586914
epoch:  6 batch:  50 region_loss:  10.0 10.0 loc_loss:  1.5409233093261718 reward_loss:  -77.04627990722656
epoch:  6 batch:  60 region_loss:  10.0 10.0 loc_loss:  1.5116030883789062 reward_loss:  -75.58004760742188
epoch:  6 batch:  70 region_loss:  10.0 10.0 loc_loss:  1.5116648864746094 reward_loss:  -75.58321380615234
epoch:  6 batch:  80 region_loss:  10.0 10.0 loc_loss:  1.5045243835449218 reward_loss:  -75.22643280029297
epoch:  6 batch:  90 region_loss:  6.0 6.0 loc_loss:  0.9137698364257812 reward_loss:  -45.68880081176758
epoch:  6 batch:  100 region_loss:  8.0 8.0 loc_loss:  1.1869197845458985 reward_loss:  -59.34535217285156
epoch:  6 batch:  110 region_loss:  4.0 4.0 loc_loss:  0.625379638671875 reward_loss:  -31.26907730102539
epoch:  6 batch:  120 region_loss:  5.0 5.0 loc_loss:  0.7594648742675781 reward_loss:  -37.973121643066406
epoch:  6 batch:  130 region_loss:  7.0 7.0 loc_loss:  1.0682947540283203 reward_loss:  -53.41462326049805
acc@1:  0.07761053621825023
epoch: 6 region loss 0.17051094890510948 loc loss 1.2672202417972314 reward loss -63.36101353777586
epoch:  7 batch:  0 region_loss:  10.0 10.0 loc_loss:  1.4879391479492188 reward_loss:  -74.39700317382812
epoch:  7 batch:  10 region_loss:  10.0 10.0 loc_loss:  1.4908981323242188 reward_loss:  -74.54483795166016
epoch:  7 batch:  20 region_loss:  10.0 10.0 loc_loss:  1.39040771484375 reward_loss:  -69.52043914794922
epoch:  7 batch:  30 region_loss:  10.0 10.0 loc_loss:  1.4687184143066405 reward_loss:  -73.43592834472656
epoch:  7 batch:  40 region_loss:  10.0 10.0 loc_loss:  1.4257974243164062 reward_loss:  -71.28992462158203
epoch:  7 batch:  50 region_loss:  10.0 10.0 loc_loss:  1.477420654296875 reward_loss:  -73.87092590332031
epoch:  7 batch:  60 region_loss:  10.0 10.0 loc_loss:  1.4506118774414063 reward_loss:  -72.53053283691406
epoch:  7 batch:  70 region_loss:  10.0 10.0 loc_loss:  1.4466412353515625 reward_loss:  -72.33209991455078
epoch:  7 batch:  80 region_loss:  10.0 10.0 loc_loss:  1.4454086303710938 reward_loss:  -72.27047729492188
epoch:  7 batch:  90 region_loss:  6.0 6.0 loc_loss:  0.8811045074462891 reward_loss:  -44.05530548095703
epoch:  7 batch:  100 region_loss:  8.0 8.0 loc_loss:  1.1328857421875 reward_loss:  -56.644344329833984
epoch:  7 batch:  110 region_loss:  4.0 4.0 loc_loss:  0.6054639053344727 reward_loss:  -30.273290634155273
epoch:  7 batch:  120 region_loss:  5.0 5.0 loc_loss:  0.7286509704589844 reward_loss:  -36.4326171875
epoch:  7 batch:  130 region_loss:  7.0 7.0 loc_loss:  1.0286450958251954 reward_loss:  -51.4322395324707
acc@1:  0.08560677328316087
epoch: 7 region loss 0.17051094890510948 loc loss 1.212341612098861 reward loss -60.61706703074657
epoch:  8 batch:  0 region_loss:  10.0 10.0 loc_loss:  1.42426025390625 reward_loss:  -71.21298217773438
epoch:  8 batch:  10 region_loss:  10.0 10.0 loc_loss:  1.4298802185058594 reward_loss:  -71.493896484375
epoch:  8 batch:  20 region_loss:  10.0 10.0 loc_loss:  1.3178379821777344 reward_loss:  -65.89192962646484
epoch:  8 batch:  30 region_loss:  10.0 10.0 loc_loss:  1.3998081970214844 reward_loss:  -69.99041748046875
epoch:  8 batch:  40 region_loss:  10.0 10.0 loc_loss:  1.3700875854492187 reward_loss:  -68.50437927246094
epoch:  8 batch:  50 region_loss:  10.0 10.0 loc_loss:  1.4087947082519532 reward_loss:  -70.4397964477539
epoch:  8 batch:  60 region_loss:  10.0 10.0 loc_loss:  1.386053466796875 reward_loss:  -69.3026351928711
epoch:  8 batch:  70 region_loss:  10.0 10.0 loc_loss:  1.377335662841797 reward_loss:  -68.86669921875
epoch:  8 batch:  80 region_loss:  10.0 10.0 loc_loss:  1.3840049743652343 reward_loss:  -69.2003173828125
epoch:  8 batch:  90 region_loss:  6.0 6.0 loc_loss:  0.8469562530517578 reward_loss:  -42.34758758544922
epoch:  8 batch:  100 region_loss:  8.0 8.0 loc_loss:  1.0757568359375 reward_loss:  -53.78779983520508
epoch:  8 batch:  110 region_loss:  4.0 4.0 loc_loss:  0.5848539733886718 reward_loss:  -29.24262237548828
epoch:  8 batch:  120 region_loss:  5.0 5.0 loc_loss:  0.6961016082763671 reward_loss:  -34.8050651550293
epoch:  8 batch:  130 region_loss:  7.0 7.0 loc_loss:  0.9868870544433593 reward_loss:  -49.34434127807617
acc@1:  0.0936030103480715
epoch: 8 region loss 0.17051094890510948 loc loss 1.1550097132773296 reward loss -57.75046429320844
epoch:  9 batch:  0 region_loss:  10.0 10.0 loc_loss:  1.3561788940429687 reward_loss:  -67.80894470214844
epoch:  9 batch:  10 region_loss:  10.0 10.0 loc_loss:  1.3643844604492188 reward_loss:  -68.21932220458984
epoch:  9 batch:  20 region_loss:  10.0 10.0 loc_loss:  1.2439614868164062 reward_loss:  -62.198055267333984
epoch:  9 batch:  30 region_loss:  10.0 10.0 loc_loss:  1.3275936889648436 reward_loss:  -66.37967681884766
epoch:  9 batch:  40 region_loss:  10.0 10.0 loc_loss:  1.3153952026367188 reward_loss:  -65.76978302001953
epoch:  9 batch:  50 region_loss:  10.0 10.0 loc_loss:  1.3356231689453124 reward_loss:  -66.78114318847656
epoch:  9 batch:  60 region_loss:  10.0 10.0 loc_loss:  1.3200180053710937 reward_loss:  -66.00083923339844
epoch:  9 batch:  70 region_loss:  10.0 10.0 loc_loss:  1.304906768798828 reward_loss:  -65.24536895751953
epoch:  9 batch:  80 region_loss:  10.0 10.0 loc_loss:  1.3220521545410155 reward_loss:  -66.10261535644531
epoch:  9 batch:  90 region_loss:  6.0 6.0 loc_loss:  0.8115718078613281 reward_loss:  -40.57854461669922
epoch:  9 batch:  100 region_loss:  8.0 8.0 loc_loss:  1.0172235870361328 reward_loss:  -50.86117935180664
epoch:  9 batch:  110 region_loss:  4.0 4.0 loc_loss:  0.5635263061523438 reward_loss:  -28.176345825195312
epoch:  9 batch:  120 region_loss:  5.0 5.0 loc_loss:  0.6626544189453125 reward_loss:  -33.13269805908203
epoch:  9 batch:  130 region_loss:  7.0 7.0 loc_loss:  0.9437852478027344 reward_loss:  -47.189266204833984
acc@1:  0.10348071495766697
epoch: 9 region loss 0.17051094890510948 loc loss 1.0965893490645138 reward loss -54.829433274095074
epoch:  10 batch:  0 region_loss:  10.0 10.0 loc_loss:  1.2851718139648438 reward_loss:  -64.25859832763672
epoch:  10 batch:  10 region_loss:  10.0 10.0 loc_loss:  1.2959825134277343 reward_loss:  -64.79911804199219
epoch:  10 batch:  20 region_loss:  10.0 10.0 loc_loss:  1.1705787658691407 reward_loss:  -58.528995513916016
epoch:  10 batch:  30 region_loss:  10.0 10.0 loc_loss:  1.2538414764404298 reward_loss:  -62.692100524902344
epoch:  10 batch:  40 region_loss:  10.0 10.0 loc_loss:  1.2611563110351562 reward_loss:  -63.05775833129883
epoch:  10 batch:  50 region_loss:  10.0 10.0 loc_loss:  1.2593934631347656 reward_loss:  -62.96963119506836
epoch:  10 batch:  60 region_loss:  10.0 10.0 loc_loss:  1.2546912384033204 reward_loss:  -62.73460388183594
epoch:  10 batch:  70 region_loss:  10.0 10.0 loc_loss:  1.230902786254883 reward_loss:  -61.54526901245117
epoch:  10 batch:  80 region_loss:  10.0 10.0 loc_loss:  1.2615966796875 reward_loss:  -63.07977294921875
epoch:  10 batch:  90 region_loss:  6.0 6.0 loc_loss:  0.7755810546875 reward_loss:  -38.77910232543945
epoch:  10 batch:  100 region_loss:  8.0 8.0 loc_loss:  0.9593533325195313 reward_loss:  -47.96768569946289
epoch:  10 batch:  110 region_loss:  4.0 4.0 loc_loss:  0.5416474151611328 reward_loss:  -27.08310317993164
epoch:  10 batch:  120 region_loss:  5.0 5.0 loc_loss:  0.629214210510254 reward_loss:  -31.460712432861328
epoch:  10 batch:  130 region_loss:  7.0 7.0 loc_loss:  0.9002437591552734 reward_loss:  -45.01218795776367
acc@1:  0.11900282220131703
epoch: 10 region loss 0.17051094890510948 loc loss 1.0385238240931156 reward loss -51.926190397165115
epoch:  11 batch:  0 region_loss:  10.0 10.0 loc_loss:  1.2130171966552734 reward_loss:  -60.65086364746094
epoch:  11 batch:  10 region_loss:  10.0 10.0 loc_loss:  1.2265148162841797 reward_loss:  -61.325740814208984
epoch:  11 batch:  20 region_loss:  10.0 10.0 loc_loss:  1.0992509460449218 reward_loss:  -54.962547302246094
epoch:  11 batch:  30 region_loss:  10.0 10.0 loc_loss:  1.1810305786132813 reward_loss:  -59.051513671875
epoch:  11 batch:  40 region_loss:  10.0 10.0 loc_loss:  1.2072127532958985 reward_loss:  -60.360652923583984
epoch:  11 batch:  50 region_loss:  10.0 10.0 loc_loss:  1.1820173645019532 reward_loss:  -59.10138702392578
epoch:  11 batch:  60 region_loss:  10.0 10.0 loc_loss:  1.1913860321044922 reward_loss:  -59.56930923461914
epoch:  11 batch:  70 region_loss:  10.0 10.0 loc_loss:  1.1576097106933594 reward_loss:  -57.88042068481445
epoch:  11 batch:  80 region_loss:  10.0 10.0 loc_loss:  1.203843765258789 reward_loss:  -60.192195892333984
epoch:  11 batch:  90 region_loss:  6.0 6.0 loc_loss:  0.7397334289550781 reward_loss:  -36.98655700683594
epoch:  11 batch:  100 region_loss:  8.0 8.0 loc_loss:  0.9038063049316406 reward_loss:  -45.1903076171875
epoch:  11 batch:  110 region_loss:  4.0 4.0 loc_loss:  0.5194227600097656 reward_loss:  -25.971195220947266
epoch:  11 batch:  120 region_loss:  5.0 5.0 loc_loss:  0.5964841842651367 reward_loss:  -29.824207305908203
epoch:  11 batch:  130 region_loss:  7.0 7.0 loc_loss:  0.8572303771972656 reward_loss:  -42.86159133911133
acc@1:  0.12935089369708372
epoch: 11 region loss 0.17051094890510948 loc loss 0.9821313757792006 reward loss -49.10651855747195
epoch:  12 batch:  0 region_loss:  10.0 10.0 loc_loss:  1.1417560577392578 reward_loss:  -57.0877685546875
epoch:  12 batch:  10 region_loss:  10.0 10.0 loc_loss:  1.15798583984375 reward_loss:  -57.89928436279297
epoch:  12 batch:  20 region_loss:  10.0 10.0 loc_loss:  1.031333236694336 reward_loss:  -51.5666618347168
epoch:  12 batch:  30 region_loss:  10.0 10.0 loc_loss:  1.1113465118408203 reward_loss:  -55.56730651855469
epoch:  12 batch:  40 region_loss:  10.0 10.0 loc_loss:  1.1541000366210938 reward_loss:  -57.70500183105469
epoch:  12 batch:  50 region_loss:  10.0 10.0 loc_loss:  1.1059355163574218 reward_loss:  -55.29679870605469
epoch:  12 batch:  60 region_loss:  10.0 10.0 loc_loss:  1.130587158203125 reward_loss:  -56.52936935424805
epoch:  12 batch:  70 region_loss:  10.0 10.0 loc_loss:  1.087671661376953 reward_loss:  -54.38357162475586
epoch:  12 batch:  80 region_loss:  10.0 10.0 loc_loss:  1.1489099884033203 reward_loss:  -57.445518493652344
epoch:  12 batch:  90 region_loss:  6.0 6.0 loc_loss:  0.7047489929199219 reward_loss:  -35.23748016357422
epoch:  12 batch:  100 region_loss:  8.0 8.0 loc_loss:  0.8517814636230469 reward_loss:  -42.589080810546875
epoch:  12 batch:  110 region_loss:  4.0 4.0 loc_loss:  0.496988525390625 reward_loss:  -24.849445343017578
epoch:  12 batch:  120 region_loss:  5.0 5.0 loc_loss:  0.5649236297607422 reward_loss:  -28.246179580688477
epoch:  12 batch:  130 region_loss:  7.0 7.0 loc_loss:  0.8155233764648437 reward_loss:  -40.77614974975586
acc@1:  0.1349952963311383
epoch: 12 region loss 0.17051094890510948 loc loss 0.9284464678799149 reward loss -46.42233776176063
epoch:  13 batch:  0 region_loss:  10.0 10.0 loc_loss:  1.0733565521240234 reward_loss:  -53.66782760620117
epoch:  13 batch:  10 region_loss:  10.0 10.0 loc_loss:  1.0922940063476563 reward_loss:  -54.614681243896484
epoch:  13 batch:  20 region_loss:  10.0 10.0 loc_loss:  0.9679383850097656 reward_loss:  -48.39692306518555
epoch:  13 batch:  30 region_loss:  10.0 10.0 loc_loss:  1.0461265563964843 reward_loss:  -52.30633544921875
epoch:  13 batch:  40 region_loss:  10.0 10.0 loc_loss:  1.1027490997314453 reward_loss:  -55.13745880126953
epoch:  13 batch:  50 region_loss:  10.0 10.0 loc_loss:  1.0336918640136719 reward_loss:  -51.684349060058594
epoch:  13 batch:  60 region_loss:  10.0 10.0 loc_loss:  1.0727425384521485 reward_loss:  -53.63713836669922
epoch:  13 batch:  70 region_loss:  10.0 10.0 loc_loss:  1.0231803894042968 reward_loss:  -51.15901565551758
epoch:  13 batch:  80 region_loss:  10.0 10.0 loc_loss:  1.0964718627929688 reward_loss:  -54.82358932495117
epoch:  13 batch:  90 region_loss:  6.0 6.0 loc_loss:  0.6712157440185547 reward_loss:  -33.56081771850586
epoch:  13 batch:  100 region_loss:  8.0 8.0 loc_loss:  0.8040228271484375 reward_loss:  -40.201133728027344
epoch:  13 batch:  110 region_loss:  4.0 4.0 loc_loss:  0.4745795440673828 reward_loss:  -23.72896957397461
epoch:  13 batch:  120 region_loss:  5.0 5.0 loc_loss:  0.5347787094116211 reward_loss:  -26.738937377929688
epoch:  13 batch:  130 region_loss:  7.0 7.0 loc_loss:  0.7756578063964844 reward_loss:  -38.78289031982422
acc@1:  0.13828786453433678
epoch: 13 region loss 0.17051094890510948 loc loss 0.8781467654931283 reward loss -43.907341421085555
epoch:  14 batch:  0 region_loss:  10.0 10.0 loc_loss:  1.0093380737304687 reward_loss:  -50.46691131591797
epoch:  14 batch:  10 region_loss:  10.0 10.0 loc_loss:  1.0309032440185546 reward_loss:  -51.54515838623047
epoch:  14 batch:  20 region_loss:  10.0 10.0 loc_loss:  0.9097695159912109 reward_loss:  -45.488468170166016
epoch:  14 batch:  30 region_loss:  10.0 10.0 loc_loss:  0.9858560180664062 reward_loss:  -49.29279708862305
epoch:  14 batch:  40 region_loss:  10.0 10.0 loc_loss:  1.0540286254882814 reward_loss:  -52.70143127441406
epoch:  14 batch:  50 region_loss:  10.0 10.0 loc_loss:  0.9672346496582032 reward_loss:  -48.36172866821289
epoch:  14 batch:  60 region_loss:  10.0 10.0 loc_loss:  1.0183415985107422 reward_loss:  -50.917076110839844
epoch:  14 batch:  70 region_loss:  10.0 10.0 loc_loss:  0.9649553680419922 reward_loss:  -48.24777603149414
epoch:  14 batch:  80 region_loss:  10.0 10.0 loc_loss:  1.0463150024414063 reward_loss:  -52.315765380859375
epoch:  14 batch:  90 region_loss:  6.0 6.0 loc_loss:  0.6394732284545899 reward_loss:  -31.973669052124023
epoch:  14 batch:  100 region_loss:  8.0 8.0 loc_loss:  0.7606439971923828 reward_loss:  -38.03220748901367
epoch:  14 batch:  110 region_loss:  4.0 4.0 loc_loss:  0.4524748992919922 reward_loss:  -22.623743057250977
epoch:  14 batch:  120 region_loss:  5.0 5.0 loc_loss:  0.5061197280883789 reward_loss:  -25.30599594116211
epoch:  14 batch:  130 region_loss:  7.0 7.0 loc_loss:  0.7379842376708985 reward_loss:  -36.899208068847656
acc@1:  0.14440263405456255
epoch: 14 region loss 0.17051094890510948 loc loss 0.831540437684442 reward loss -41.5770168722111
epoch:  15 batch:  0 region_loss:  10.0 10.0 loc_loss:  0.9505474090576171 reward_loss:  -47.52737045288086
epoch:  15 batch:  10 region_loss:  10.0 10.0 loc_loss:  0.9745857238769531 reward_loss:  -48.72929763793945
epoch:  15 batch:  20 region_loss:  10.0 10.0 loc_loss:  0.8572439575195312 reward_loss:  -42.86220169067383
epoch:  15 batch:  30 region_loss:  10.0 10.0 loc_loss:  0.9305513000488281 reward_loss:  -46.52756881713867
epoch:  15 batch:  40 region_loss:  10.0 10.0 loc_loss:  1.0084383392333984 reward_loss:  -50.42191696166992
epoch:  15 batch:  50 region_loss:  10.0 10.0 loc_loss:  0.9075114440917968 reward_loss:  -45.37558364868164
epoch:  15 batch:  60 region_loss:  10.0 10.0 loc_loss:  0.9674813079833985 reward_loss:  -48.37405776977539
epoch:  15 batch:  70 region_loss:  10.0 10.0 loc_loss:  0.9127153778076171 reward_loss:  -45.635684967041016
epoch:  15 batch:  80 region_loss:  10.0 10.0 loc_loss:  0.9984052276611328 reward_loss:  -49.92023849487305
epoch:  15 batch:  90 region_loss:  6.0 6.0 loc_loss:  0.6096307373046875 reward_loss:  -30.48154067993164
epoch:  15 batch:  100 region_loss:  8.0 8.0 loc_loss:  0.7212526702880859 reward_loss:  -36.0626335144043
epoch:  15 batch:  110 region_loss:  4.0 4.0 loc_loss:  0.4309659194946289 reward_loss:  -21.548297882080078
epoch:  15 batch:  120 region_loss:  5.0 5.0 loc_loss:  0.4789007568359375 reward_loss:  -23.945026397705078
epoch:  15 batch:  130 region_loss:  7.0 7.0 loc_loss:  0.7027020263671875 reward_loss:  -35.135101318359375
acc@1:  0.14487300094073377
epoch: 15 region loss 0.17051094890510948 loc loss 0.7886410722941377 reward loss -39.432045122132685
epoch:  16 batch:  0 region_loss:  10.0 10.0 loc_loss:  0.8971330261230469 reward_loss:  -44.85664749145508
epoch:  16 batch:  10 region_loss:  10.0 10.0 loc_loss:  0.9233656311035157 reward_loss:  -46.16828536987305
epoch:  16 batch:  20 region_loss:  10.0 10.0 loc_loss:  0.8104922485351562 reward_loss:  -40.52461624145508
epoch:  16 batch:  30 region_loss:  10.0 10.0 loc_loss:  0.8799492645263672 reward_loss:  -43.997459411621094
epoch:  16 batch:  40 region_loss:  10.0 10.0 loc_loss:  0.966137924194336 reward_loss:  -48.3068962097168
epoch:  16 batch:  50 region_loss:  10.0 10.0 loc_loss:  0.8543990325927734 reward_loss:  -42.71995162963867
epoch:  16 batch:  60 region_loss:  10.0 10.0 loc_loss:  0.919852523803711 reward_loss:  -45.99262619018555
epoch:  16 batch:  70 region_loss:  10.0 10.0 loc_loss:  0.8656308746337891 reward_loss:  -43.281551361083984
epoch:  16 batch:  80 region_loss:  10.0 10.0 loc_loss:  0.9528233337402344 reward_loss:  -47.64116668701172
epoch:  16 batch:  90 region_loss:  6.0 6.0 loc_loss:  0.5816099548339844 reward_loss:  -29.080493927001953
epoch:  16 batch:  100 region_loss:  8.0 8.0 loc_loss:  0.685299301147461 reward_loss:  -34.26496887207031
epoch:  16 batch:  110 region_loss:  4.0 4.0 loc_loss:  0.4102773666381836 reward_loss:  -20.51387596130371
epoch:  16 batch:  120 region_loss:  5.0 5.0 loc_loss:  0.453038330078125 reward_loss:  -22.65191650390625
epoch:  16 batch:  130 region_loss:  7.0 7.0 loc_loss:  0.6698424530029297 reward_loss:  -33.49211502075195
acc@1:  0.1462841015992474
epoch: 16 region loss 0.17051094890510948 loc loss 0.7492490846397233 reward loss -37.462451586758135
epoch:  17 batch:  0 region_loss:  10.0 10.0 loc_loss:  0.8487031555175781 reward_loss:  -42.435157775878906
epoch:  17 batch:  10 region_loss:  10.0 10.0 loc_loss:  0.8767737579345704 reward_loss:  -43.83871078491211
epoch:  17 batch:  20 region_loss:  10.0 10.0 loc_loss:  0.7691462707519531 reward_loss:  -38.457298278808594
epoch:  17 batch:  30 region_loss:  10.0 10.0 loc_loss:  0.8335540771484375 reward_loss:  -41.67770004272461
epoch:  17 batch:  40 region_loss:  10.0 10.0 loc_loss:  0.9270597076416016 reward_loss:  -46.35297393798828
epoch:  17 batch:  50 region_loss:  10.0 10.0 loc_loss:  0.8072181701660156 reward_loss:  -40.36090850830078
epoch:  17 batch:  60 region_loss:  10.0 10.0 loc_loss:  0.87502197265625 reward_loss:  -43.7510986328125
epoch:  17 batch:  70 region_loss:  10.0 10.0 loc_loss:  0.8227993774414063 reward_loss:  -41.139976501464844
epoch:  17 batch:  80 region_loss:  10.0 10.0 loc_loss:  0.9096573638916016 reward_loss:  -45.482852935791016
epoch:  17 batch:  90 region_loss:  6.0 6.0 loc_loss:  0.5552482986450196 reward_loss:  -27.762420654296875
epoch:  17 batch:  100 region_loss:  8.0 8.0 loc_loss:  0.6522705841064453 reward_loss:  -32.613529205322266
epoch:  17 batch:  110 region_loss:  4.0 4.0 loc_loss:  0.3905213928222656 reward_loss:  -19.52607536315918
epoch:  17 batch:  120 region_loss:  5.0 5.0 loc_loss:  0.4284751510620117 reward_loss:  -21.423755645751953
epoch:  17 batch:  130 region_loss:  7.0 7.0 loc_loss:  0.6392585754394531 reward_loss:  -31.96289825439453
acc@1:  0.14816556914393228
epoch: 17 region loss 0.17051094890510948 loc loss 0.713038205613185 reward loss -35.6519092643348
epoch:  18 batch:  0 region_loss:  10.0 10.0 loc_loss:  0.8045980072021485 reward_loss:  -40.22990417480469
epoch:  18 batch:  10 region_loss:  10.0 10.0 loc_loss:  0.8341635131835937 reward_loss:  -41.70817565917969
epoch:  18 batch:  20 region_loss:  10.0 10.0 loc_loss:  0.7324254608154297 reward_loss:  -36.621273040771484
epoch:  18 batch:  30 region_loss:  10.0 10.0 loc_loss:  0.7907836151123047 reward_loss:  -39.539180755615234
epoch:  18 batch:  40 region_loss:  10.0 10.0 loc_loss:  0.8909454345703125 reward_loss:  -44.54725646972656
epoch:  18 batch:  50 region_loss:  10.0 10.0 loc_loss:  0.7650860595703125 reward_loss:  -38.25429916381836
epoch:  18 batch:  60 region_loss:  10.0 10.0 loc_loss:  0.8325965118408203 reward_loss:  -41.629825592041016
epoch:  18 batch:  70 region_loss:  10.0 10.0 loc_loss:  0.7834368896484375 reward_loss:  -39.17184066772461
epoch:  18 batch:  80 region_loss:  10.0 10.0 loc_loss:  0.8688481903076172 reward_loss:  -43.442405700683594
epoch:  18 batch:  90 region_loss:  6.0 6.0 loc_loss:  0.5303734588623047 reward_loss:  -26.5186710357666
epoch:  18 batch:  100 region_loss:  8.0 8.0 loc_loss:  0.62170166015625 reward_loss:  -31.085079193115234
epoch:  18 batch:  110 region_loss:  4.0 4.0 loc_loss:  0.3717144012451172 reward_loss:  -18.58572006225586
epoch:  18 batch:  120 region_loss:  5.0 5.0 loc_loss:  0.4051806640625 reward_loss:  -20.259035110473633
epoch:  18 batch:  130 region_loss:  7.0 7.0 loc_loss:  0.6106694030761719 reward_loss:  -30.53347396850586
acc@1:  0.14675446848541862
epoch: 18 region loss 0.17051094890510948 loc loss 0.6796216609704233 reward loss -33.981083048521164
epoch:  19 batch:  0 region_loss:  10.0 10.0 loc_loss:  0.7641305541992187 reward_loss:  -38.20652770996094
epoch:  19 batch:  10 region_loss:  10.0 10.0 loc_loss:  0.7949216461181641 reward_loss:  -39.7460823059082
epoch:  19 batch:  20 region_loss:  10.0 10.0 loc_loss:  0.6994235229492187 reward_loss:  -34.97118377685547
epoch:  19 batch:  30 region_loss:  10.0 10.0 loc_loss:  0.7510885620117187 reward_loss:  -37.55442428588867
epoch:  19 batch:  40 region_loss:  10.0 10.0 loc_loss:  0.8573821258544921 reward_loss:  -42.869102478027344
epoch:  19 batch:  50 region_loss:  10.0 10.0 loc_loss:  0.7271016693115234 reward_loss:  -36.355079650878906
epoch:  19 batch:  60 region_loss:  10.0 10.0 loc_loss:  0.792269515991211 reward_loss:  -39.61347579956055
epoch:  19 batch:  70 region_loss:  10.0 10.0 loc_loss:  0.7469407653808594 reward_loss:  -37.347023010253906
epoch:  19 batch:  80 region_loss:  10.0 10.0 loc_loss:  0.8301885223388672 reward_loss:  -41.50942611694336
epoch:  19 batch:  90 region_loss:  6.0 6.0 loc_loss:  0.5068284606933594 reward_loss:  -25.341428756713867
epoch:  19 batch:  100 region_loss:  8.0 8.0 loc_loss:  0.5931684112548828 reward_loss:  -29.658418655395508
epoch:  19 batch:  110 region_loss:  4.0 4.0 loc_loss:  0.3538189697265625 reward_loss:  -17.690948486328125
epoch:  19 batch:  120 region_loss:  5.0 5.0 loc_loss:  0.38313411712646483 reward_loss:  -19.156707763671875
epoch:  19 batch:  130 region_loss:  7.0 7.0 loc_loss:  0.5837558364868164 reward_loss:  -29.187789916992188
acc@1:  0.14440263405456255
epoch: 19 region loss 0.17051094890510948 loc loss 0.6486082099301972 reward loss -32.43041387961729
epoch:  20 batch:  0 region_loss:  10.0 10.0 loc_loss:  0.7266962432861328 reward_loss:  -36.33481216430664
epoch:  20 batch:  10 region_loss:  10.0 10.0 loc_loss:  0.7585265350341797 reward_loss:  -37.926326751708984
epoch:  20 batch:  20 region_loss:  10.0 10.0 loc_loss:  0.6693172454833984 reward_loss:  -33.46586227416992
epoch:  20 batch:  30 region_loss:  10.0 10.0 loc_loss:  0.7140133666992188 reward_loss:  -35.70066833496094
epoch:  20 batch:  40 region_loss:  10.0 10.0 loc_loss:  0.8259086608886719 reward_loss:  -41.29542922973633
epoch:  20 batch:  50 region_loss:  10.0 10.0 loc_loss:  0.6924739837646484 reward_loss:  -34.623687744140625
epoch:  20 batch:  60 region_loss:  10.0 10.0 loc_loss:  0.7538441467285156 reward_loss:  -37.69224548339844
epoch:  20 batch:  70 region_loss:  10.0 10.0 loc_loss:  0.7128594970703125 reward_loss:  -35.6429557800293
epoch:  20 batch:  80 region_loss:  10.0 10.0 loc_loss:  0.7934149169921875 reward_loss:  -39.670745849609375
epoch:  20 batch:  90 region_loss:  6.0 6.0 loc_loss:  0.4844673156738281 reward_loss:  -24.223365783691406
epoch:  20 batch:  100 region_loss:  8.0 8.0 loc_loss:  0.5663038635253906 reward_loss:  -28.3151912689209
epoch:  20 batch:  110 region_loss:  4.0 4.0 loc_loss:  0.3367773056030273 reward_loss:  -16.838863372802734
epoch:  20 batch:  120 region_loss:  5.0 5.0 loc_loss:  0.3623120880126953 reward_loss:  -18.1156063079834
epoch:  20 batch:  130 region_loss:  7.0 7.0 loc_loss:  0.5582194519042969 reward_loss:  -27.910972595214844
acc@1:  0.14487300094073377
epoch: 20 region loss 0.17051094890510948 loc loss 0.6196408912213179 reward loss -30.982044463610126
epoch:  21 batch:  0 region_loss:  10.0 10.0 loc_loss:  0.6917938995361328 reward_loss:  -34.58969497680664
epoch:  21 batch:  10 region_loss:  10.0 10.0 loc_loss:  0.7245437622070312 reward_loss:  -36.2271842956543
epoch:  21 batch:  20 region_loss:  10.0 10.0 loc_loss:  0.6414788055419922 reward_loss:  -32.073944091796875
epoch:  21 batch:  30 region_loss:  10.0 10.0 loc_loss:  0.6792130279541015 reward_loss:  -33.96064376831055
epoch:  21 batch:  40 region_loss:  10.0 10.0 loc_loss:  0.7961104583740234 reward_loss:  -39.805519104003906
epoch:  21 batch:  50 region_loss:  10.0 10.0 loc_loss:  0.6605840301513672 reward_loss:  -33.02920150756836
epoch:  21 batch:  60 region_loss:  10.0 10.0 loc_loss:  0.7172242736816407 reward_loss:  -35.8612174987793
epoch:  21 batch:  70 region_loss:  10.0 10.0 loc_loss:  0.6808567810058593 reward_loss:  -34.04283905029297
epoch:  21 batch:  80 region_loss:  10.0 10.0 loc_loss:  0.7582974243164062 reward_loss:  -37.91487121582031
epoch:  21 batch:  90 region_loss:  6.0 6.0 loc_loss:  0.4631505966186523 reward_loss:  -23.157546997070312
epoch:  21 batch:  100 region_loss:  8.0 8.0 loc_loss:  0.5408079910278321 reward_loss:  -27.040401458740234
epoch:  21 batch:  110 region_loss:  4.0 4.0 loc_loss:  0.320528564453125 reward_loss:  -16.026426315307617
epoch:  21 batch:  120 region_loss:  5.0 5.0 loc_loss:  0.3426862335205078 reward_loss:  -17.134315490722656
epoch:  21 batch:  130 region_loss:  7.0 7.0 loc_loss:  0.5338249969482421 reward_loss:  -26.69131088256836
acc@1:  0.14299153339604892
epoch: 21 region loss 0.17051094890510948 loc loss 0.5924157128716907 reward loss -29.620785184150193
epoch:  22 batch:  0 region_loss:  10.0 10.0 loc_loss:  0.6590188598632812 reward_loss:  -32.95094680786133
epoch:  22 batch:  10 region_loss:  10.0 10.0 loc_loss:  0.6926181030273437 reward_loss:  -34.63090515136719
epoch:  22 batch:  20 region_loss:  10.0 10.0 loc_loss:  0.6154701614379883 reward_loss:  -30.77350616455078
epoch:  22 batch:  30 region_loss:  10.0 10.0 loc_loss:  0.6464306640625 reward_loss:  -32.321533203125
epoch:  22 batch:  40 region_loss:  10.0 10.0 loc_loss:  0.7676567077636719 reward_loss:  -38.382835388183594
epoch:  22 batch:  50 region_loss:  10.0 10.0 loc_loss:  0.6309723663330078 reward_loss:  -31.548616409301758
epoch:  22 batch:  60 region_loss:  10.0 10.0 loc_loss:  0.6823617553710938 reward_loss:  -34.11808395385742
epoch:  22 batch:  70 region_loss:  10.0 10.0 loc_loss:  0.6506824493408203 reward_loss:  -32.534122467041016
epoch:  22 batch:  80 region_loss:  10.0 10.0 loc_loss:  0.7246645355224609 reward_loss:  -36.23322677612305
epoch:  22 batch:  90 region_loss:  6.0 6.0 loc_loss:  0.44274776458740234 reward_loss:  -22.137386322021484
epoch:  22 batch:  100 region_loss:  8.0 8.0 loc_loss:  0.5164508056640625 reward_loss:  -25.822540283203125
epoch:  22 batch:  110 region_loss:  4.0 4.0 loc_loss:  0.30501188278198244 reward_loss:  -15.250594139099121
epoch:  22 batch:  120 region_loss:  5.0 5.0 loc_loss:  0.3242145538330078 reward_loss:  -16.21072769165039
epoch:  22 batch:  130 region_loss:  7.0 7.0 loc_loss:  0.5104038619995117 reward_loss:  -25.52020835876465
acc@1:  0.14205079962370648
epoch: 22 region loss 0.17051094890510948 loc loss 0.5666822939545569 reward loss -28.334114133876607
epoch:  23 batch:  0 region_loss:  10.0 10.0 loc_loss:  0.628058090209961 reward_loss:  -31.402902603149414
epoch:  23 batch:  10 region_loss:  10.0 10.0 loc_loss:  0.6624667358398437 reward_loss:  -33.12333297729492
epoch:  23 batch:  20 region_loss:  10.0 10.0 loc_loss:  0.5909842300415039 reward_loss:  -29.549211502075195
epoch:  23 batch:  30 region_loss:  10.0 10.0 loc_loss:  0.6154681015014648 reward_loss:  -30.773408889770508
epoch:  23 batch:  40 region_loss:  10.0 10.0 loc_loss:  0.7402912139892578 reward_loss:  -37.01456069946289
epoch:  23 batch:  50 region_loss:  10.0 10.0 loc_loss:  0.6032812118530273 reward_loss:  -30.1640625
epoch:  23 batch:  60 region_loss:  10.0 10.0 loc_loss:  0.6492060852050782 reward_loss:  -32.460304260253906
epoch:  23 batch:  70 region_loss:  10.0 10.0 loc_loss:  0.6221393203735351 reward_loss:  -31.106966018676758
epoch:  23 batch:  80 region_loss:  10.0 10.0 loc_loss:  0.6923851013183594 reward_loss:  -34.61925506591797
epoch:  23 batch:  90 region_loss:  6.0 6.0 loc_loss:  0.4231412124633789 reward_loss:  -21.15705680847168
epoch:  23 batch:  100 region_loss:  8.0 8.0 loc_loss:  0.49306411743164064 reward_loss:  -24.65320587158203
epoch:  23 batch:  110 region_loss:  4.0 4.0 loc_loss:  0.2901644325256348 reward_loss:  -14.508218765258789
epoch:  23 batch:  120 region_loss:  5.0 5.0 loc_loss:  0.30682817459106443 reward_loss:  -15.341400146484375
epoch:  23 batch:  130 region_loss:  7.0 7.0 loc_loss:  0.4878432846069336 reward_loss:  -24.392166137695312
acc@1:  0.1396989651928504
epoch: 23 region loss 0.17051094890510948 loc loss 0.5422375064348652 reward loss -27.111875151195665
epoch:  24 batch:  0 region_loss:  10.0 10.0 loc_loss:  0.5986800003051758 reward_loss:  -29.933998107910156
epoch:  24 batch:  10 region_loss:  10.0 10.0 loc_loss:  0.6338620758056641 reward_loss:  -31.69310760498047
epoch:  24 batch:  20 region_loss:  10.0 10.0 loc_loss:  0.5677885437011718 reward_loss:  -28.389421463012695
epoch:  24 batch:  30 region_loss:  10.0 10.0 loc_loss:  0.5861545944213867 reward_loss:  -29.307716369628906
epoch:  24 batch:  40 region_loss:  10.0 10.0 loc_loss:  0.7138162231445313 reward_loss:  -35.69081497192383
epoch:  24 batch:  50 region_loss:  10.0 10.0 loc_loss:  0.5772187042236329 reward_loss:  -28.860931396484375
epoch:  24 batch:  60 region_loss:  10.0 10.0 loc_loss:  0.6176791000366211 reward_loss:  -30.883953094482422
epoch:  24 batch:  70 region_loss:  10.0 10.0 loc_loss:  0.5950551223754883 reward_loss:  -29.75275421142578
epoch:  24 batch:  80 region_loss:  10.0 10.0 loc_loss:  0.6613439178466797 reward_loss:  -33.067195892333984
epoch:  24 batch:  90 region_loss:  6.0 6.0 loc_loss:  0.4042282867431641 reward_loss:  -20.21141242980957
epoch:  24 batch:  100 region_loss:  8.0 8.0 loc_loss:  0.4705300140380859 reward_loss:  -23.526498794555664
epoch:  24 batch:  110 region_loss:  4.0 4.0 loc_loss:  0.27592365264892577 reward_loss:  -13.796181678771973
epoch:  24 batch:  120 region_loss:  5.0 5.0 loc_loss:  0.2904354667663574 reward_loss:  -14.521774291992188
epoch:  24 batch:  130 region_loss:  7.0 7.0 loc_loss:  0.4660601806640625 reward_loss:  -23.303007125854492
acc@1:  0.13734713076199437
epoch: 24 region loss 0.17051094890510948 loc loss 0.518915091326637 reward loss -25.945755551331235
epoch:  25 batch:  0 region_loss:  10.0 10.0 loc_loss:  0.5707131576538086 reward_loss:  -28.535659790039062
epoch:  25 batch:  10 region_loss:  10.0 10.0 loc_loss:  0.6066129684448243 reward_loss:  -30.330652236938477
epoch:  25 batch:  20 region_loss:  10.0 10.0 loc_loss:  0.5456954574584961 reward_loss:  -27.284772872924805
epoch:  25 batch:  30 region_loss:  10.0 10.0 loc_loss:  0.5583319473266601 reward_loss:  -27.916601181030273
epoch:  25 batch:  40 region_loss:  10.0 10.0 loc_loss:  0.6880818176269531 reward_loss:  -34.40408706665039
epoch:  25 batch:  50 region_loss:  10.0 10.0 loc_loss:  0.5525387573242188 reward_loss:  -27.626935958862305
epoch:  25 batch:  60 region_loss:  10.0 10.0 loc_loss:  0.5876701736450195 reward_loss:  -29.38350486755371
epoch:  25 batch:  70 region_loss:  10.0 10.0 loc_loss:  0.5692715454101562 reward_loss:  -28.463577270507812
epoch:  25 batch:  80 region_loss:  10.0 10.0 loc_loss:  0.6314311981201172 reward_loss:  -31.571557998657227
epoch:  25 batch:  90 region_loss:  6.0 6.0 loc_loss:  0.38592765808105467 reward_loss:  -19.296382904052734
epoch:  25 batch:  100 region_loss:  8.0 8.0 loc_loss:  0.4487692642211914 reward_loss:  -22.43846321105957
epoch:  25 batch:  110 region_loss:  4.0 4.0 loc_loss:  0.2622311782836914 reward_loss:  -13.111559867858887
epoch:  25 batch:  120 region_loss:  5.0 5.0 loc_loss:  0.2749397659301758 reward_loss:  -13.746987342834473
epoch:  25 batch:  130 region_loss:  7.0 7.0 loc_loss:  0.4449948501586914 reward_loss:  -22.249744415283203
acc@1:  0.13452492944496708
epoch: 25 region loss 0.17051094890510948 loc loss 0.4965785348850445 reward loss -24.828926914799823
epoch:  26 batch:  0 region_loss:  10.0 10.0 loc_loss:  0.5440200042724609 reward_loss:  -27.20099639892578
epoch:  26 batch:  10 region_loss:  10.0 10.0 loc_loss:  0.5805420684814453 reward_loss:  -29.027099609375
epoch:  26 batch:  20 region_loss:  10.0 10.0 loc_loss:  0.5245505142211914 reward_loss:  -26.227523803710938
epoch:  26 batch:  30 region_loss:  10.0 10.0 loc_loss:  0.531858901977539 reward_loss:  -26.592945098876953
epoch:  26 batch:  40 region_loss:  10.0 10.0 loc_loss:  0.6629786682128906 reward_loss:  -33.14893341064453
epoch:  26 batch:  50 region_loss:  10.0 10.0 loc_loss:  0.5290336227416992 reward_loss:  -26.451677322387695
epoch:  26 batch:  60 region_loss:  10.0 10.0 loc_loss:  0.5590518188476562 reward_loss:  -27.952590942382812
epoch:  26 batch:  70 region_loss:  10.0 10.0 loc_loss:  0.5446374130249023 reward_loss:  -27.231870651245117
epoch:  26 batch:  80 region_loss:  10.0 10.0 loc_loss:  0.6025382614135742 reward_loss:  -30.12691307067871
epoch:  26 batch:  90 region_loss:  6.0 6.0 loc_loss:  0.36817230224609376 reward_loss:  -18.408613204956055
epoch:  26 batch:  100 region_loss:  8.0 8.0 loc_loss:  0.4277300643920898 reward_loss:  -21.38649559020996
epoch:  26 batch:  110 region_loss:  4.0 4.0 loc_loss:  0.24903593063354493 reward_loss:  -12.451796531677246
epoch:  26 batch:  120 region_loss:  5.0 5.0 loc_loss:  0.2602368927001953 reward_loss:  -13.011844635009766
epoch:  26 batch:  130 region_loss:  7.0 7.0 loc_loss:  0.42458892822265626 reward_loss:  -21.229448318481445
acc@1:  0.13311382878645345
epoch: 26 region loss 0.17051094890510948 loc loss 0.47511387101055064 reward loss -23.75569175455692
epoch:  27 batch:  0 region_loss:  10.0 10.0 loc_loss:  0.5184823608398438 reward_loss:  -25.924116134643555
epoch:  27 batch:  10 region_loss:  10.0 10.0 loc_loss:  0.5554905700683593 reward_loss:  -27.77452850341797
epoch:  27 batch:  20 region_loss:  10.0 10.0 loc_loss:  0.5042300033569336 reward_loss:  -25.21150016784668
epoch:  27 batch:  30 region_loss:  10.0 10.0 loc_loss:  0.5066041564941406 reward_loss:  -25.330209732055664
epoch:  27 batch:  40 region_loss:  10.0 10.0 loc_loss:  0.6384218978881836 reward_loss:  -31.92109489440918
epoch:  27 batch:  50 region_loss:  10.0 10.0 loc_loss:  0.5065362548828125 reward_loss:  -25.32680892944336
epoch:  27 batch:  60 region_loss:  10.0 10.0 loc_loss:  0.5317005920410156 reward_loss:  -26.585031509399414
epoch:  27 batch:  70 region_loss:  10.0 10.0 loc_loss:  0.521024169921875 reward_loss:  -26.051212310791016
epoch:  27 batch:  80 region_loss:  10.0 10.0 loc_loss:  0.5745674514770508 reward_loss:  -28.728374481201172
epoch:  27 batch:  90 region_loss:  6.0 6.0 loc_loss:  0.35092475891113284 reward_loss:  -17.546236038208008
epoch:  27 batch:  100 region_loss:  8.0 8.0 loc_loss:  0.4073715591430664 reward_loss:  -20.368572235107422
epoch:  27 batch:  110 region_loss:  4.0 4.0 loc_loss:  0.23629589080810548 reward_loss:  -11.814796447753906
epoch:  27 batch:  120 region_loss:  5.0 5.0 loc_loss:  0.24622087478637694 reward_loss:  -12.311042785644531
epoch:  27 batch:  130 region_loss:  7.0 7.0 loc_loss:  0.4047917938232422 reward_loss:  -20.23958969116211
acc@1:  0.132173095014111
epoch: 27 region loss 0.17051094890510948 loc loss 0.454427013188383 reward loss -22.721347777512822
epoch:  28 batch:  0 region_loss:  10.0 10.0 loc_loss:  0.4939946746826172 reward_loss:  -24.699731826782227
epoch:  28 batch:  10 region_loss:  10.0 10.0 loc_loss:  0.5313236618041992 reward_loss:  -26.56618309020996
epoch:  28 batch:  20 region_loss:  10.0 10.0 loc_loss:  0.48463356018066406 reward_loss:  -24.231678009033203
epoch:  28 batch:  30 region_loss:  10.0 10.0 loc_loss:  0.4824602508544922 reward_loss:  -24.123010635375977
epoch:  28 batch:  40 region_loss:  10.0 10.0 loc_loss:  0.6143468856811524 reward_loss:  -30.717344284057617
epoch:  28 batch:  50 region_loss:  10.0 10.0 loc_loss:  0.4849036407470703 reward_loss:  -24.245180130004883
epoch:  28 batch:  60 region_loss:  10.0 10.0 loc_loss:  0.505501594543457 reward_loss:  -25.27507972717285
epoch:  28 batch:  70 region_loss:  10.0 10.0 loc_loss:  0.4983015441894531 reward_loss:  -24.915082931518555
epoch:  28 batch:  80 region_loss:  10.0 10.0 loc_loss:  0.5474461746215821 reward_loss:  -27.372304916381836
epoch:  28 batch:  90 region_loss:  6.0 6.0 loc_loss:  0.3341401290893555 reward_loss:  -16.707008361816406
epoch:  28 batch:  100 region_loss:  8.0 8.0 loc_loss:  0.38767108917236326 reward_loss:  -19.38355255126953
epoch:  28 batch:  110 region_loss:  4.0 4.0 loc_loss:  0.22398101806640625 reward_loss:  -11.199051856994629
epoch:  28 batch:  120 region_loss:  5.0 5.0 loc_loss:  0.23282155990600586 reward_loss:  -11.64107894897461
epoch:  28 batch:  130 region_loss:  7.0 7.0 loc_loss:  0.38556632995605467 reward_loss:  -19.2783145904541
acc@1:  0.12982126058325494
epoch: 28 region loss 0.17051094890510948 loc loss 0.4344399269827961 reward loss -21.721996357841213
epoch:  29 batch:  0 region_loss:  10.0 10.0 loc_loss:  0.4704725646972656 reward_loss:  -23.523624420166016
epoch:  29 batch:  10 region_loss:  10.0 10.0 loc_loss:  0.5079515075683594 reward_loss:  -25.397571563720703
epoch:  29 batch:  20 region_loss:  10.0 10.0 loc_loss:  0.4656946563720703 reward_loss:  -23.284730911254883
epoch:  29 batch:  30 region_loss:  10.0 10.0 loc_loss:  0.4593252944946289 reward_loss:  -22.966264724731445
epoch:  29 batch:  40 region_loss:  10.0 10.0 loc_loss:  0.5907149124145508 reward_loss:  -29.535743713378906
epoch:  29 batch:  50 region_loss:  10.0 10.0 loc_loss:  0.4640331268310547 reward_loss:  -23.201662063598633
epoch:  29 batch:  60 region_loss:  10.0 10.0 loc_loss:  0.48035972595214843 reward_loss:  -24.017986297607422
epoch:  29 batch:  70 region_loss:  10.0 10.0 loc_loss:  0.4764008712768555 reward_loss:  -23.820043563842773
epoch:  29 batch:  80 region_loss:  10.0 10.0 loc_loss:  0.5211180877685547 reward_loss:  -26.055904388427734
epoch:  29 batch:  90 region_loss:  6.0 6.0 loc_loss:  0.31783323287963866 reward_loss:  -15.891660690307617
epoch:  29 batch:  100 region_loss:  8.0 8.0 loc_loss:  0.36858802795410156 reward_loss:  -18.429401397705078
epoch:  29 batch:  110 region_loss:  4.0 4.0 loc_loss:  0.21206459045410156 reward_loss:  -10.603228569030762
epoch:  29 batch:  120 region_loss:  5.0 5.0 loc_loss:  0.21996259689331055 reward_loss:  -10.998129844665527
epoch:  29 batch:  130 region_loss:  7.0 7.0 loc_loss:  0.3668909454345703 reward_loss:  -18.344547271728516
acc@1:  0.1279397930385701
epoch: 29 region loss 0.17051094890510948 loc loss 0.41509955482761357 reward loss -20.754977274985208
epoch:  30 batch:  0 region_loss:  10.0 10.0 loc_loss:  0.4478290557861328 reward_loss:  -22.391454696655273
epoch:  30 batch:  10 region_loss:  10.0 10.0 loc_loss:  0.4852795791625977 reward_loss:  -24.263978958129883
epoch:  30 batch:  20 region_loss:  10.0 10.0 loc_loss:  0.44734786987304687 reward_loss:  -22.36739158630371
epoch:  30 batch:  30 region_loss:  10.0 10.0 loc_loss:  0.43712825775146485 reward_loss:  -21.85641098022461
epoch:  30 batch:  40 region_loss:  10.0 10.0 loc_loss:  0.5675062942504883 reward_loss:  -28.375314712524414
epoch:  30 batch:  50 region_loss:  10.0 10.0 loc_loss:  0.44381378173828123 reward_loss:  -22.190685272216797
epoch:  30 batch:  60 region_loss:  10.0 10.0 loc_loss:  0.45620227813720704 reward_loss:  -22.81011199951172
epoch:  30 batch:  70 region_loss:  10.0 10.0 loc_loss:  0.4551817321777344 reward_loss:  -22.75908660888672
epoch:  30 batch:  80 region_loss:  10.0 10.0 loc_loss:  0.4955450057983398 reward_loss:  -24.777250289916992
epoch:  30 batch:  90 region_loss:  6.0 6.0 loc_loss:  0.3019033622741699 reward_loss:  -15.09516716003418
epoch:  30 batch:  100 region_loss:  8.0 8.0 loc_loss:  0.3501461410522461 reward_loss:  -17.507307052612305
epoch:  30 batch:  110 region_loss:  4.0 4.0 loc_loss:  0.2005446434020996 reward_loss:  -10.027233123779297
epoch:  30 batch:  120 region_loss:  5.0 5.0 loc_loss:  0.2076634407043457 reward_loss:  -10.383171081542969
epoch:  30 batch:  130 region_loss:  7.0 7.0 loc_loss:  0.34874046325683594 reward_loss:  -17.437021255493164
acc@1:  0.12746942615239887
epoch: 30 region loss 0.17051094890510948 loc loss 0.3963715049994253 reward loss -19.818577590650015
epoch:  31 batch:  0 region_loss:  10.0 10.0 loc_loss:  0.42603263854980467 reward_loss:  -21.3016300201416
epoch:  31 batch:  10 region_loss:  10.0 10.0 loc_loss:  0.46330818176269534 reward_loss:  -23.1654052734375
epoch:  31 batch:  20 region_loss:  10.0 10.0 loc_loss:  0.4295979690551758 reward_loss:  -21.479902267456055
epoch:  31 batch:  30 region_loss:  10.0 10.0 loc_loss:  0.4157619094848633 reward_loss:  -20.788095474243164
epoch:  31 batch:  40 region_loss:  10.0 10.0 loc_loss:  0.5447363662719726 reward_loss:  -27.23681640625
epoch:  31 batch:  50 region_loss:  10.0 10.0 loc_loss:  0.42424118041992187 reward_loss:  -21.212112426757812
epoch:  31 batch:  60 region_loss:  10.0 10.0 loc_loss:  0.4329811096191406 reward_loss:  -21.64905548095703
epoch:  31 batch:  70 region_loss:  10.0 10.0 loc_loss:  0.4347223663330078 reward_loss:  -21.73611831665039
epoch:  31 batch:  80 region_loss:  10.0 10.0 loc_loss:  0.47066085815429687 reward_loss:  -23.533042907714844
epoch:  31 batch:  90 region_loss:  6.0 6.0 loc_loss:  0.28653085708618165 reward_loss:  -14.326542854309082
epoch:  31 batch:  100 region_loss:  8.0 8.0 loc_loss:  0.33225330352783206 reward_loss:  -16.612640380859375
epoch:  31 batch:  110 region_loss:  4.0 4.0 loc_loss:  0.18938434600830079 reward_loss:  -9.469217300415039
epoch:  31 batch:  120 region_loss:  5.0 5.0 loc_loss:  0.1957796859741211 reward_loss:  -9.788984298706055
epoch:  31 batch:  130 region_loss:  7.0 7.0 loc_loss:  0.3311504364013672 reward_loss:  -16.55752182006836
acc@1:  0.12464722483537159
epoch: 31 region loss 0.17051094890510948 loc loss 0.3782662968739976 reward loss -18.913315176093665
epoch:  32 batch:  0 region_loss:  10.0 10.0 loc_loss:  0.4049494552612305 reward_loss:  -20.24747085571289
epoch:  32 batch:  10 region_loss:  10.0 10.0 loc_loss:  0.44188312530517576 reward_loss:  -22.09415626525879
epoch:  32 batch:  20 region_loss:  10.0 10.0 loc_loss:  0.41232200622558596 reward_loss:  -20.616100311279297
epoch:  32 batch:  30 region_loss:  10.0 10.0 loc_loss:  0.3952192306518555 reward_loss:  -19.76095962524414
epoch:  32 batch:  40 region_loss:  10.0 10.0 loc_loss:  0.5223811340332031 reward_loss:  -26.119056701660156
epoch:  32 batch:  50 region_loss:  10.0 10.0 loc_loss:  0.4051179885864258 reward_loss:  -20.255897521972656
epoch:  32 batch:  60 region_loss:  10.0 10.0 loc_loss:  0.4106418991088867 reward_loss:  -20.532093048095703
epoch:  32 batch:  70 region_loss:  10.0 10.0 loc_loss:  0.41474922180175783 reward_loss:  -20.737464904785156
epoch:  32 batch:  80 region_loss:  10.0 10.0 loc_loss:  0.44651653289794924 reward_loss:  -22.32582664489746
epoch:  32 batch:  90 region_loss:  6.0 6.0 loc_loss:  0.27141021728515624 reward_loss:  -13.570510864257812
epoch:  32 batch:  100 region_loss:  8.0 8.0 loc_loss:  0.31498208999633787 reward_loss:  -15.749105453491211
epoch:  32 batch:  110 region_loss:  4.0 4.0 loc_loss:  0.17861980438232422 reward_loss:  -8.930990219116211
epoch:  32 batch:  120 region_loss:  5.0 5.0 loc_loss:  0.184462833404541 reward_loss:  -9.223142623901367
epoch:  32 batch:  130 region_loss:  7.0 7.0 loc_loss:  0.3140329933166504 reward_loss:  -15.70164966583252
acc@1:  0.12229539040451552
epoch: 32 region loss 0.17051094890510948 loc loss 0.36056866889452416 reward loss -18.028433322906494
epoch:  33 batch:  0 region_loss:  10.0 10.0 loc_loss:  0.3846572494506836 reward_loss:  -19.23286247253418
epoch:  33 batch:  10 region_loss:  10.0 10.0 loc_loss:  0.4211128616333008 reward_loss:  -21.055641174316406
epoch:  33 batch:  20 region_loss:  10.0 10.0 loc_loss:  0.3956271743774414 reward_loss:  -19.781360626220703
epoch:  33 batch:  30 region_loss:  10.0 10.0 loc_loss:  0.3753801345825195 reward_loss:  -18.769006729125977
epoch:  33 batch:  40 region_loss:  10.0 10.0 loc_loss:  0.5004671859741211 reward_loss:  -25.023361206054688
epoch:  33 batch:  50 region_loss:  10.0 10.0 loc_loss:  0.3866495895385742 reward_loss:  -19.33247947692871
epoch:  33 batch:  60 region_loss:  10.0 10.0 loc_loss:  0.38914615631103516 reward_loss:  -19.45730972290039
epoch:  33 batch:  70 region_loss:  10.0 10.0 loc_loss:  0.39550342559814455 reward_loss:  -19.775171279907227
epoch:  33 batch:  80 region_loss:  10.0 10.0 loc_loss:  0.4230473327636719 reward_loss:  -21.15236473083496
epoch:  33 batch:  90 region_loss:  6.0 6.0 loc_loss:  0.2568836784362793 reward_loss:  -12.844184875488281
epoch:  33 batch:  100 region_loss:  8.0 8.0 loc_loss:  0.2983073616027832 reward_loss:  -14.91536808013916
epoch:  33 batch:  110 region_loss:  4.0 4.0 loc_loss:  0.16819559097290038 reward_loss:  -8.40977954864502
epoch:  33 batch:  120 region_loss:  5.0 5.0 loc_loss:  0.17352426528930665 reward_loss:  -8.676190376281738
epoch:  33 batch:  130 region_loss:  7.0 7.0 loc_loss:  0.2974916076660156 reward_loss:  -14.87458324432373
acc@1:  0.12088428974600188
epoch: 33 region loss 0.17051094890510948 loc loss 0.3434305484799573 reward loss -17.171527885172488
epoch:  34 batch:  0 region_loss:  10.0 10.0 loc_loss:  0.3649723052978516 reward_loss:  -18.248613357543945
epoch:  34 batch:  10 region_loss:  10.0 10.0 loc_loss:  0.40086212158203127 reward_loss:  -20.043109893798828
epoch:  34 batch:  20 region_loss:  10.0 10.0 loc_loss:  0.37932552337646486 reward_loss:  -18.966278076171875
epoch:  34 batch:  30 region_loss:  10.0 10.0 loc_loss:  0.35626968383789065 reward_loss:  -17.813486099243164
epoch:  34 batch:  40 region_loss:  10.0 10.0 loc_loss:  0.4789611053466797 reward_loss:  -23.948055267333984
epoch:  34 batch:  50 region_loss:  10.0 10.0 loc_loss:  0.3685124206542969 reward_loss:  -18.42561912536621
epoch:  34 batch:  60 region_loss:  10.0 10.0 loc_loss:  0.368448371887207 reward_loss:  -18.422428131103516
epoch:  34 batch:  70 region_loss:  10.0 10.0 loc_loss:  0.37669471740722654 reward_loss:  -18.834733963012695
epoch:  34 batch:  80 region_loss:  10.0 10.0 loc_loss:  0.4003022384643555 reward_loss:  -20.015111923217773
epoch:  34 batch:  90 region_loss:  6.0 6.0 loc_loss:  0.2426569366455078 reward_loss:  -12.132845878601074
epoch:  34 batch:  100 region_loss:  8.0 8.0 loc_loss:  0.28218679428100585 reward_loss:  -14.109336853027344
epoch:  34 batch:  110 region_loss:  4.0 4.0 loc_loss:  0.1581570053100586 reward_loss:  -7.9078497886657715
epoch:  34 batch:  120 region_loss:  5.0 5.0 loc_loss:  0.16310802459716797 reward_loss:  -8.155401229858398
epoch:  34 batch:  130 region_loss:  7.0 7.0 loc_loss:  0.2814619064331055 reward_loss:  -14.073095321655273
acc@1:  0.12229539040451552
epoch: 34 region loss 0.17051094890510948 loc loss 0.3267329188506969 reward loss -16.336646640387766
epoch:  35 batch:  0 region_loss:  10.0 10.0 loc_loss:  0.34601524353027346 reward_loss:  -17.300762176513672
epoch:  35 batch:  10 region_loss:  10.0 10.0 loc_loss:  0.38121192932128906 reward_loss:  -19.060596466064453
epoch:  35 batch:  20 region_loss:  10.0 10.0 loc_loss:  0.36355808258056643 reward_loss:  -18.17790412902832
epoch:  35 batch:  30 region_loss:  10.0 10.0 loc_loss:  0.33785118103027345 reward_loss:  -16.892559051513672
epoch:  35 batch:  40 region_loss:  10.0 10.0 loc_loss:  0.4579190444946289 reward_loss:  -22.895950317382812
epoch:  35 batch:  50 region_loss:  10.0 10.0 loc_loss:  0.3510126495361328 reward_loss:  -17.55063247680664
epoch:  35 batch:  60 region_loss:  10.0 10.0 loc_loss:  0.3485367202758789 reward_loss:  -17.426836013793945
epoch:  35 batch:  70 region_loss:  10.0 10.0 loc_loss:  0.358521728515625 reward_loss:  -17.92608642578125
epoch:  35 batch:  80 region_loss:  10.0 10.0 loc_loss:  0.3783082962036133 reward_loss:  -18.91541862487793
epoch:  35 batch:  90 region_loss:  6.0 6.0 loc_loss:  0.22896507263183594 reward_loss:  -11.448253631591797
epoch:  35 batch:  100 region_loss:  8.0 8.0 loc_loss:  0.26663822174072266 reward_loss:  -13.33191204071045
epoch:  35 batch:  110 region_loss:  4.0 4.0 loc_loss:  0.14845871925354004 reward_loss:  -7.42293643951416
epoch:  35 batch:  120 region_loss:  5.0 5.0 loc_loss:  0.15307613372802734 reward_loss:  -7.653807640075684
epoch:  35 batch:  130 region_loss:  7.0 7.0 loc_loss:  0.26595243453979495 reward_loss:  -13.297621726989746
acc@1:  0.11900282220131703
epoch: 35 region loss 0.17051094890510948 loc loss 0.3105968618044888 reward loss -15.529850709177282
epoch:  36 batch:  0 region_loss:  10.0 10.0 loc_loss:  0.32764347076416017 reward_loss:  -16.382171630859375
epoch:  36 batch:  10 region_loss:  10.0 10.0 loc_loss:  0.3621317291259766 reward_loss:  -18.106586456298828
epoch:  36 batch:  20 region_loss:  10.0 10.0 loc_loss:  0.34816463470458986 reward_loss:  -17.408231735229492
epoch:  36 batch:  30 region_loss:  10.0 10.0 loc_loss:  0.32006446838378905 reward_loss:  -16.003223419189453
epoch:  36 batch:  40 region_loss:  10.0 10.0 loc_loss:  0.43726066589355467 reward_loss:  -21.863033294677734
epoch:  36 batch:  50 region_loss:  10.0 10.0 loc_loss:  0.333798828125 reward_loss:  -16.68994140625
epoch:  36 batch:  60 region_loss:  10.0 10.0 loc_loss:  0.32932865142822265 reward_loss:  -16.466432571411133
epoch:  36 batch:  70 region_loss:  10.0 10.0 loc_loss:  0.3408150863647461 reward_loss:  -17.04076385498047
epoch:  36 batch:  80 region_loss:  10.0 10.0 loc_loss:  0.35692291259765624 reward_loss:  -17.846145629882812
epoch:  36 batch:  90 region_loss:  6.0 6.0 loc_loss:  0.21568077087402343 reward_loss:  -10.78407096862793
epoch:  36 batch:  100 region_loss:  8.0 8.0 loc_loss:  0.2518825721740723 reward_loss:  -12.594128608703613
epoch:  36 batch:  110 region_loss:  4.0 4.0 loc_loss:  0.1391245651245117 reward_loss:  -6.956227779388428
epoch:  36 batch:  120 region_loss:  5.0 5.0 loc_loss:  0.1435474967956543 reward_loss:  -7.1773762702941895
epoch:  36 batch:  130 region_loss:  7.0 7.0 loc_loss:  0.2510057830810547 reward_loss:  -12.55029010772705
acc@1:  0.11947318908748825
epoch: 36 region loss 0.17051094890510948 loc loss 0.29495961485117894 reward loss -14.747981580504536
epoch:  37 batch:  0 region_loss:  10.0 10.0 loc_loss:  0.3099794769287109 reward_loss:  -15.498973846435547
epoch:  37 batch:  10 region_loss:  10.0 10.0 loc_loss:  0.3435478210449219 reward_loss:  -17.17738914489746
epoch:  37 batch:  20 region_loss:  10.0 10.0 loc_loss:  0.33326393127441406 reward_loss:  -16.663196563720703
epoch:  37 batch:  30 region_loss:  10.0 10.0 loc_loss:  0.30298744201660155 reward_loss:  -15.149372100830078
epoch:  37 batch:  40 region_loss:  10.0 10.0 loc_loss:  0.41711429595947264 reward_loss:  -20.855712890625
epoch:  37 batch:  50 region_loss:  10.0 10.0 loc_loss:  0.31721796035766603 reward_loss:  -15.860898971557617
epoch:  37 batch:  60 region_loss:  10.0 10.0 loc_loss:  0.310919303894043 reward_loss:  -15.545966148376465
epoch:  37 batch:  70 region_loss:  10.0 10.0 loc_loss:  0.3236208724975586 reward_loss:  -16.181039810180664
epoch:  37 batch:  80 region_loss:  10.0 10.0 loc_loss:  0.3364992904663086 reward_loss:  -16.82496452331543
epoch:  37 batch:  90 region_loss:  6.0 6.0 loc_loss:  0.20287433624267578 reward_loss:  -10.143717765808105
epoch:  37 batch:  100 region_loss:  8.0 8.0 loc_loss:  0.2370372200012207 reward_loss:  -11.851861000061035
epoch:  37 batch:  110 region_loss:  4.0 4.0 loc_loss:  0.13016178131103515 reward_loss:  -6.508089065551758
epoch:  37 batch:  120 region_loss:  5.0 5.0 loc_loss:  0.13436298370361327 reward_loss:  -6.718149662017822
epoch:  37 batch:  130 region_loss:  7.0 7.0 loc_loss:  0.2365152931213379 reward_loss:  -11.825764656066895
acc@1:  0.11900282220131703
epoch: 37 region loss 0.17051094890510948 loc loss 0.2798254278628496 reward loss -13.991271533235146
epoch:  38 batch:  0 region_loss:  10.0 10.0 loc_loss:  0.29286378860473633 reward_loss:  -14.643190383911133
epoch:  38 batch:  10 region_loss:  10.0 10.0 loc_loss:  0.3256297302246094 reward_loss:  -16.28148651123047
epoch:  38 batch:  20 region_loss:  10.0 10.0 loc_loss:  0.31868988037109375 reward_loss:  -15.934494972229004
epoch:  38 batch:  30 region_loss:  10.0 10.0 loc_loss:  0.28646522521972656 reward_loss:  -14.323261260986328
epoch:  38 batch:  40 region_loss:  10.0 10.0 loc_loss:  0.39732070922851564 reward_loss:  -19.86603355407715
epoch:  38 batch:  50 region_loss:  10.0 10.0 loc_loss:  0.30092931747436524 reward_loss:  -15.046466827392578
epoch:  38 batch:  60 region_loss:  10.0 10.0 loc_loss:  0.29310476303100585 reward_loss:  -14.655238151550293
epoch:  38 batch:  70 region_loss:  10.0 10.0 loc_loss:  0.30693899154663085 reward_loss:  -15.346949577331543
epoch:  38 batch:  80 region_loss:  10.0 10.0 loc_loss:  0.3165339469909668 reward_loss:  -15.826698303222656
epoch:  38 batch:  90 region_loss:  6.0 6.0 loc_loss:  0.19054821014404297 reward_loss:  -9.5274076461792
epoch:  38 batch:  100 region_loss:  8.0 8.0 loc_loss:  0.22431875228881837 reward_loss:  -11.215936660766602
epoch:  38 batch:  110 region_loss:  4.0 4.0 loc_loss:  0.12148175239562989 reward_loss:  -6.074092388153076
epoch:  38 batch:  120 region_loss:  5.0 5.0 loc_loss:  0.125749454498291 reward_loss:  -6.287473201751709
epoch:  38 batch:  130 region_loss:  7.0 7.0 loc_loss:  0.22262115478515626 reward_loss:  -11.131056785583496
acc@1:  0.11712135465663218
epoch: 38 region loss 0.17051094890510948 loc loss 0.26528625324694777 reward loss -13.264312649295277
epoch:  39 batch:  0 region_loss:  10.0 10.0 loc_loss:  0.2765260314941406 reward_loss:  -13.826303482055664
epoch:  39 batch:  10 region_loss:  10.0 10.0 loc_loss:  0.3080792617797852 reward_loss:  -15.403963088989258
epoch:  39 batch:  20 region_loss:  10.0 10.0 loc_loss:  0.30473024368286133 reward_loss:  -15.236515045166016
epoch:  39 batch:  30 region_loss:  10.0 10.0 loc_loss:  0.2707630920410156 reward_loss:  -13.53815746307373
epoch:  39 batch:  40 region_loss:  10.0 10.0 loc_loss:  0.3781542587280273 reward_loss:  -18.907712936401367
epoch:  39 batch:  50 region_loss:  10.0 10.0 loc_loss:  0.2853581428527832 reward_loss:  -14.267908096313477
epoch:  39 batch:  60 region_loss:  10.0 10.0 loc_loss:  0.27618768692016604 reward_loss:  -13.8093843460083
epoch:  39 batch:  70 region_loss:  10.0 10.0 loc_loss:  0.2907631301879883 reward_loss:  -14.538154602050781
epoch:  39 batch:  80 region_loss:  10.0 10.0 loc_loss:  0.29771936416625977 reward_loss:  -14.885968208312988
epoch:  39 batch:  90 region_loss:  6.0 6.0 loc_loss:  0.1787676239013672 reward_loss:  -8.938379287719727
epoch:  39 batch:  100 region_loss:  8.0 8.0 loc_loss:  0.20986026763916016 reward_loss:  -10.493013381958008
epoch:  39 batch:  110 region_loss:  4.0 4.0 loc_loss:  0.11331609725952148 reward_loss:  -5.665805339813232
epoch:  39 batch:  120 region_loss:  5.0 5.0 loc_loss:  0.11734113693237305 reward_loss:  -5.867056846618652
epoch:  39 batch:  130 region_loss:  7.0 7.0 loc_loss:  0.20917234420776368 reward_loss:  -10.458617210388184
acc@1:  0.11571025399811853
epoch: 39 region loss 0.17051094890510948 loc loss 0.2512598334437739 reward loss -12.562991300638576
epoch:  40 batch:  0 region_loss:  10.0 10.0 loc_loss:  0.2606345176696777 reward_loss:  -13.031725883483887
epoch:  40 batch:  10 region_loss:  10.0 10.0 loc_loss:  0.29139476776123047 reward_loss:  -14.569737434387207
epoch:  40 batch:  20 region_loss:  10.0 10.0 loc_loss:  0.2908679962158203 reward_loss:  -14.543400764465332
epoch:  40 batch:  30 region_loss:  10.0 10.0 loc_loss:  0.25552337646484374 reward_loss:  -12.776166915893555
epoch:  40 batch:  40 region_loss:  10.0 10.0 loc_loss:  0.3592961883544922 reward_loss:  -17.96480941772461
epoch:  40 batch:  50 region_loss:  10.0 10.0 loc_loss:  0.2700935745239258 reward_loss:  -13.504671096801758
epoch:  40 batch:  60 region_loss:  10.0 10.0 loc_loss:  0.259752140045166 reward_loss:  -12.9876070022583
epoch:  40 batch:  70 region_loss:  10.0 10.0 loc_loss:  0.27507110595703127 reward_loss:  -13.753552436828613
epoch:  40 batch:  80 region_loss:  10.0 10.0 loc_loss:  0.2793875503540039 reward_loss:  -13.969377517700195
epoch:  40 batch:  90 region_loss:  6.0 6.0 loc_loss:  0.16736215591430664 reward_loss:  -8.368107795715332
epoch:  40 batch:  100 region_loss:  8.0 8.0 loc_loss:  0.1988113021850586 reward_loss:  -9.94056510925293
epoch:  40 batch:  110 region_loss:  4.0 4.0 loc_loss:  0.10529616355895996 reward_loss:  -5.264808177947998
epoch:  40 batch:  120 region_loss:  5.0 5.0 loc_loss:  0.10967939376831054 reward_loss:  -5.483969211578369
epoch:  40 batch:  130 region_loss:  7.0 7.0 loc_loss:  0.19630104064941406 reward_loss:  -9.815052032470703
acc@1:  0.11571025399811853
epoch: 40 region loss 0.17051094890510948 loc loss 0.23788616815622707 reward loss -11.894308054534187
epoch:  41 batch:  0 region_loss:  10.0 10.0 loc_loss:  0.24563772201538087 reward_loss:  -12.28188705444336
epoch:  41 batch:  10 region_loss:  10.0 10.0 loc_loss:  0.2749140548706055 reward_loss:  -13.745702743530273
epoch:  41 batch:  20 region_loss:  10.0 10.0 loc_loss:  0.27806753158569336 reward_loss:  -13.903376579284668
epoch:  41 batch:  30 region_loss:  10.0 10.0 loc_loss:  0.24115142822265626 reward_loss:  -12.057572364807129
epoch:  41 batch:  40 region_loss:  10.0 10.0 loc_loss:  0.3412191390991211 reward_loss:  -17.060958862304688
epoch:  41 batch:  50 region_loss:  10.0 10.0 loc_loss:  0.2557087516784668 reward_loss:  -12.785436630249023
epoch:  41 batch:  60 region_loss:  10.0 10.0 loc_loss:  0.24436357498168945 reward_loss:  -12.218180656433105
epoch:  41 batch:  70 region_loss:  10.0 10.0 loc_loss:  0.2599696350097656 reward_loss:  -12.998481750488281
epoch:  41 batch:  80 region_loss:  10.0 10.0 loc_loss:  0.26210723876953124 reward_loss:  -13.105361938476562
epoch:  41 batch:  90 region_loss:  6.0 6.0 loc_loss:  0.15665171623229981 reward_loss:  -7.832588195800781
epoch:  41 batch:  100 region_loss:  8.0 8.0 loc_loss:  0.1853056526184082 reward_loss:  -9.26528263092041
epoch:  41 batch:  110 region_loss:  4.0 4.0 loc_loss:  0.0979166030883789 reward_loss:  -4.8958306312561035
epoch:  41 batch:  120 region_loss:  5.0 5.0 loc_loss:  0.10203482627868653 reward_loss:  -5.101741313934326
epoch:  41 batch:  130 region_loss:  7.0 7.0 loc_loss:  0.18390340805053712 reward_loss:  -9.195169448852539
acc@1:  0.11429915333960489
epoch: 41 region loss 0.17051094890510948 loc loss 0.22485886043005618 reward loss -11.242955693363273
epoch:  42 batch:  0 region_loss:  10.0 10.0 loc_loss:  0.23102336883544922 reward_loss:  -11.551169395446777
epoch:  42 batch:  10 region_loss:  10.0 10.0 loc_loss:  0.2594135856628418 reward_loss:  -12.97067928314209
epoch:  42 batch:  20 region_loss:  10.0 10.0 loc_loss:  0.2650743293762207 reward_loss:  -13.253717422485352
epoch:  42 batch:  30 region_loss:  10.0 10.0 loc_loss:  0.22717523574829102 reward_loss:  -11.358763694763184
epoch:  42 batch:  40 region_loss:  10.0 10.0 loc_loss:  0.32335700988769533 reward_loss:  -16.167848587036133
epoch:  42 batch:  50 region_loss:  10.0 10.0 loc_loss:  0.24204273223876954 reward_loss:  -12.102136611938477
epoch:  42 batch:  60 region_loss:  10.0 10.0 loc_loss:  0.22916223526000976 reward_loss:  -11.458110809326172
epoch:  42 batch:  70 region_loss:  10.0 10.0 loc_loss:  0.24518131256103515 reward_loss:  -12.259065628051758
epoch:  42 batch:  80 region_loss:  10.0 10.0 loc_loss:  0.24550172805786133 reward_loss:  -12.275086402893066
epoch:  42 batch:  90 region_loss:  6.0 6.0 loc_loss:  0.14621963500976562 reward_loss:  -7.310981750488281
epoch:  42 batch:  100 region_loss:  8.0 8.0 loc_loss:  0.17481273651123047 reward_loss:  -8.74063777923584
epoch:  42 batch:  110 region_loss:  4.0 4.0 loc_loss:  0.09064369201660157 reward_loss:  -4.53218412399292
epoch:  42 batch:  120 region_loss:  5.0 5.0 loc_loss:  0.09526323318481446 reward_loss:  -4.763162136077881
epoch:  42 batch:  130 region_loss:  7.0 7.0 loc_loss:  0.1720582962036133 reward_loss:  -8.602914810180664
acc@1:  0.11194731890874883
epoch: 42 region loss 0.17051094890510948 loc loss 0.212376020180918 reward loss -10.6188013353487
epoch:  43 batch:  0 region_loss:  10.0 10.0 loc_loss:  0.21745386123657226 reward_loss:  -10.872693061828613
epoch:  43 batch:  10 region_loss:  10.0 10.0 loc_loss:  0.24411842346191406 reward_loss:  -12.205921173095703
epoch:  43 batch:  20 region_loss:  10.0 10.0 loc_loss:  0.2539700698852539 reward_loss:  -12.698503494262695
epoch:  43 batch:  30 region_loss:  10.0 10.0 loc_loss:  0.21394908905029297 reward_loss:  -10.69744873046875
epoch:  43 batch:  40 region_loss:  10.0 10.0 loc_loss:  0.3064393997192383 reward_loss:  -15.321969985961914
epoch:  43 batch:  50 region_loss:  10.0 10.0 loc_loss:  0.22963958740234375 reward_loss:  -11.481980323791504
epoch:  43 batch:  60 region_loss:  10.0 10.0 loc_loss:  0.21542644500732422 reward_loss:  -10.771329879760742
epoch:  43 batch:  70 region_loss:  10.0 10.0 loc_loss:  0.2314496421813965 reward_loss:  -11.572481155395508
epoch:  43 batch:  80 region_loss:  10.0 10.0 loc_loss:  0.22980422973632814 reward_loss:  -11.49021053314209
epoch:  43 batch:  90 region_loss:  6.0 6.0 loc_loss:  0.136676664352417 reward_loss:  -6.833831787109375
epoch:  43 batch:  100 region_loss:  8.0 8.0 loc_loss:  0.16325895309448243 reward_loss:  -8.162947654724121
epoch:  43 batch:  110 region_loss:  4.0 4.0 loc_loss:  0.08410188674926758 reward_loss:  -4.205094337463379
epoch:  43 batch:  120 region_loss:  5.0 5.0 loc_loss:  0.08840328216552734 reward_loss:  -4.420164585113525
epoch:  43 batch:  130 region_loss:  7.0 7.0 loc_loss:  0.16081111907958984 reward_loss:  -8.040556907653809
acc@1:  0.11006585136406397
epoch: 43 region loss 0.17051094890510948 loc loss 0.20053739735679904 reward loss -10.026869253520548
epoch:  44 batch:  0 region_loss:  10.0 10.0 loc_loss:  0.2044256591796875 reward_loss:  -10.221283912658691
epoch:  44 batch:  10 region_loss:  10.0 10.0 loc_loss:  0.22987619400024414 reward_loss:  -11.493807792663574
epoch:  44 batch:  20 region_loss:  10.0 10.0 loc_loss:  0.24323314666748047 reward_loss:  -12.161639213562012
epoch:  44 batch:  30 region_loss:  10.0 10.0 loc_loss:  0.20126482009887695 reward_loss:  -10.063241004943848
epoch:  44 batch:  40 region_loss:  10.0 10.0 loc_loss:  0.28975997924804686 reward_loss:  -14.487997055053711
epoch:  44 batch:  50 region_loss:  10.0 10.0 loc_loss:  0.21818122863769532 reward_loss:  -10.90906047821045
epoch:  44 batch:  60 region_loss:  10.0 10.0 loc_loss:  0.20165023803710938 reward_loss:  -10.082511901855469
epoch:  44 batch:  70 region_loss:  10.0 10.0 loc_loss:  0.21786516189575195 reward_loss:  -10.893260955810547
epoch:  44 batch:  80 region_loss:  10.0 10.0 loc_loss:  0.21521202087402344 reward_loss:  -10.760601997375488
epoch:  44 batch:  90 region_loss:  6.0 6.0 loc_loss:  0.1271136474609375 reward_loss:  -6.355682373046875
epoch:  44 batch:  100 region_loss:  8.0 8.0 loc_loss:  0.15300596237182618 reward_loss:  -7.650298595428467
epoch:  44 batch:  110 region_loss:  4.0 4.0 loc_loss:  0.07754456996917725 reward_loss:  -3.877228021621704
epoch:  44 batch:  120 region_loss:  5.0 5.0 loc_loss:  0.08256640434265136 reward_loss:  -4.128320217132568
epoch:  44 batch:  130 region_loss:  7.0 7.0 loc_loss:  0.14990381240844727 reward_loss:  -7.495189666748047
acc@1:  0.10959548447789276
epoch: 44 region loss 0.17051094890510948 loc loss 0.18923147449528213 reward loss -9.46157352028102
epoch:  45 batch:  0 region_loss:  10.0 10.0 loc_loss:  0.1925843811035156 reward_loss:  -9.629219055175781
epoch:  45 batch:  10 region_loss:  10.0 10.0 loc_loss:  0.21586231231689454 reward_loss:  -10.793115615844727
epoch:  45 batch:  20 region_loss:  10.0 10.0 loc_loss:  0.23497390747070312 reward_loss:  -11.74869441986084
epoch:  45 batch:  30 region_loss:  10.0 10.0 loc_loss:  0.18917768478393554 reward_loss:  -9.458884239196777
epoch:  45 batch:  40 region_loss:  10.0 10.0 loc_loss:  0.27417945861816406 reward_loss:  -13.708971977233887
epoch:  45 batch:  50 region_loss:  10.0 10.0 loc_loss:  0.2054697608947754 reward_loss:  -10.273487091064453
epoch:  45 batch:  60 region_loss:  10.0 10.0 loc_loss:  0.18945335388183593 reward_loss:  -9.472665786743164
epoch:  45 batch:  70 region_loss:  10.0 10.0 loc_loss:  0.2060894775390625 reward_loss:  -10.304473876953125
epoch:  45 batch:  80 region_loss:  10.0 10.0 loc_loss:  0.20085872650146486 reward_loss:  -10.042936325073242
epoch:  45 batch:  90 region_loss:  6.0 6.0 loc_loss:  0.11888891220092773 reward_loss:  -5.944445610046387
epoch:  45 batch:  100 region_loss:  8.0 8.0 loc_loss:  0.14356403350830077 reward_loss:  -7.178201675415039
epoch:  45 batch:  110 region_loss:  4.0 4.0 loc_loss:  0.07184401035308838 reward_loss:  -3.59220027923584
epoch:  45 batch:  120 region_loss:  5.0 5.0 loc_loss:  0.07641977310180664 reward_loss:  -3.820988655090332
epoch:  45 batch:  130 region_loss:  7.0 7.0 loc_loss:  0.13999088287353514 reward_loss:  -6.999544620513916
acc@1:  0.1077140169332079
epoch: 45 region loss 0.17051094890510948 loc loss 0.17864493624137268 reward loss -8.932246185132186
epoch:  46 batch:  0 region_loss:  10.0 10.0 loc_loss:  0.18031387329101561 reward_loss:  -9.015694618225098
epoch:  46 batch:  10 region_loss:  10.0 10.0 loc_loss:  0.20298961639404298 reward_loss:  -10.149480819702148
epoch:  46 batch:  20 region_loss:  10.0 10.0 loc_loss:  0.2255387306213379 reward_loss:  -11.276937484741211
epoch:  46 batch:  30 region_loss:  10.0 10.0 loc_loss:  0.17754434585571288 reward_loss:  -8.877217292785645
epoch:  46 batch:  40 region_loss:  10.0 10.0 loc_loss:  0.2586181640625 reward_loss:  -12.930908203125
epoch:  46 batch:  50 region_loss:  10.0 10.0 loc_loss:  0.19362447738647462 reward_loss:  -9.68122386932373
epoch:  46 batch:  60 region_loss:  10.0 10.0 loc_loss:  0.17686286926269532 reward_loss:  -8.843130111694336
epoch:  46 batch:  70 region_loss:  10.0 10.0 loc_loss:  0.19357341766357422 reward_loss:  -9.678670883178711
epoch:  46 batch:  80 region_loss:  10.0 10.0 loc_loss:  0.1879746437072754 reward_loss:  -9.398733139038086
epoch:  46 batch:  90 region_loss:  6.0 6.0 loc_loss:  0.11010491371154785 reward_loss:  -5.505245685577393
epoch:  46 batch:  100 region_loss:  8.0 8.0 loc_loss:  0.1336178970336914 reward_loss:  -6.680893898010254
epoch:  46 batch:  110 region_loss:  4.0 4.0 loc_loss:  0.06606098651885986 reward_loss:  -3.303049087524414
epoch:  46 batch:  120 region_loss:  5.0 5.0 loc_loss:  0.07137888431549072 reward_loss:  -3.568944215774536
epoch:  46 batch:  130 region_loss:  7.0 7.0 loc_loss:  0.12990544319152833 reward_loss:  -6.495272159576416
acc@1:  0.10348071495766697
epoch: 46 region loss 0.17051094890510948 loc loss 0.16814146892867818 reward loss -8.407073181911107
epoch:  47 batch:  0 region_loss:  10.0 10.0 loc_loss:  0.16908660888671875 reward_loss:  -8.454330444335938
epoch:  47 batch:  10 region_loss:  10.0 10.0 loc_loss:  0.19023420333862304 reward_loss:  -9.511711120605469
epoch:  47 batch:  20 region_loss:  10.0 10.0 loc_loss:  0.21503000259399413 reward_loss:  -10.751500129699707
epoch:  47 batch:  30 region_loss:  10.0 10.0 loc_loss:  0.16648265838623047 reward_loss:  -8.324132919311523
epoch:  47 batch:  40 region_loss:  10.0 10.0 loc_loss:  0.2443206787109375 reward_loss:  -12.216032028198242
epoch:  47 batch:  50 region_loss:  10.0 10.0 loc_loss:  0.18194181442260743 reward_loss:  -9.097101211547852
epoch:  47 batch:  60 region_loss:  10.0 10.0 loc_loss:  0.1657473373413086 reward_loss:  -8.287365913391113
epoch:  47 batch:  70 region_loss:  10.0 10.0 loc_loss:  0.1822900390625 reward_loss:  -9.114503860473633
epoch:  47 batch:  80 region_loss:  10.0 10.0 loc_loss:  0.17491775512695312 reward_loss:  -8.745887756347656
epoch:  47 batch:  90 region_loss:  6.0 6.0 loc_loss:  0.10304415702819825 reward_loss:  -5.15220832824707
epoch:  47 batch:  100 region_loss:  8.0 8.0 loc_loss:  0.12546710968017577 reward_loss:  -6.273354530334473
epoch:  47 batch:  110 region_loss:  4.0 4.0 loc_loss:  0.06105417251586914 reward_loss:  -3.052708625793457
epoch:  47 batch:  120 region_loss:  5.0 5.0 loc_loss:  0.06602487087249756 reward_loss:  -3.301243543624878
epoch:  47 batch:  130 region_loss:  7.0 7.0 loc_loss:  0.12125833511352539 reward_loss:  -6.062916278839111
acc@1:  0.10912511759172154
epoch: 47 region loss 0.17051094890510948 loc loss 0.15814293454163267 reward loss -7.907147132567245
epoch:  48 batch:  0 region_loss:  10.0 10.0 loc_loss:  0.15773642539978028 reward_loss:  -7.886822700500488
epoch:  48 batch:  10 region_loss:  10.0 10.0 loc_loss:  0.17852937698364257 reward_loss:  -8.926468849182129
epoch:  48 batch:  20 region_loss:  10.0 10.0 loc_loss:  0.20411273956298828 reward_loss:  -10.205643653869629
epoch:  48 batch:  30 region_loss:  10.0 10.0 loc_loss:  0.15612610816955566 reward_loss:  -7.806317329406738
epoch:  48 batch:  40 region_loss:  10.0 10.0 loc_loss:  0.2299172782897949 reward_loss:  -11.49586296081543
epoch:  48 batch:  50 region_loss:  10.0 10.0 loc_loss:  0.1711869239807129 reward_loss:  -8.559347152709961
epoch:  48 batch:  60 region_loss:  10.0 10.0 loc_loss:  0.15449888229370118 reward_loss:  -7.724943161010742
epoch:  48 batch:  70 region_loss:  10.0 10.0 loc_loss:  0.1700436019897461 reward_loss:  -8.502180099487305
epoch:  48 batch:  80 region_loss:  10.0 10.0 loc_loss:  0.16339256286621093 reward_loss:  -8.169628143310547
epoch:  48 batch:  90 region_loss:  6.0 6.0 loc_loss:  0.09527485847473144 reward_loss:  -4.763742923736572
epoch:  48 batch:  100 region_loss:  8.0 8.0 loc_loss:  0.11664794921875 reward_loss:  -5.832397937774658
epoch:  48 batch:  110 region_loss:  4.0 4.0 loc_loss:  0.05611337661743164 reward_loss:  -2.805668830871582
epoch:  48 batch:  120 region_loss:  5.0 5.0 loc_loss:  0.06156304359436035 reward_loss:  -3.0781521797180176
epoch:  48 batch:  130 region_loss:  7.0 7.0 loc_loss:  0.11216526985168457 reward_loss:  -5.608263969421387
acc@1:  0.10301034807149577
epoch: 48 region loss 0.17051094890510948 loc loss 0.1484584066554578 reward loss -7.422921404786353
epoch:  49 batch:  0 region_loss:  10.0 10.0 loc_loss:  0.1476515007019043 reward_loss:  -7.382575511932373
epoch:  49 batch:  10 region_loss:  10.0 10.0 loc_loss:  0.16703056335449218 reward_loss:  -8.351527214050293
epoch:  49 batch:  20 region_loss:  10.0 10.0 loc_loss:  0.19343521118164062 reward_loss:  -9.671761512756348
epoch:  49 batch:  30 region_loss:  10.0 10.0 loc_loss:  0.14696407318115234 reward_loss:  -7.348203182220459
epoch:  49 batch:  40 region_loss:  10.0 10.0 loc_loss:  0.21708539962768555 reward_loss:  -10.854270935058594
epoch:  49 batch:  50 region_loss:  10.0 10.0 loc_loss:  0.1610255241394043 reward_loss:  -8.051275253295898
epoch:  49 batch:  60 region_loss:  10.0 10.0 loc_loss:  0.14464738845825195 reward_loss:  -7.232369422912598
epoch:  49 batch:  70 region_loss:  10.0 10.0 loc_loss:  0.15938607215881348 reward_loss:  -7.969306468963623
epoch:  49 batch:  80 region_loss:  10.0 10.0 loc_loss:  0.15208045959472657 reward_loss:  -7.60402250289917
epoch:  49 batch:  90 region_loss:  6.0 6.0 loc_loss:  0.08916731834411622 reward_loss:  -4.4583659172058105
epoch:  49 batch:  100 region_loss:  8.0 8.0 loc_loss:  0.10924266815185547 reward_loss:  -5.462133407592773
epoch:  49 batch:  110 region_loss:  4.0 4.0 loc_loss:  0.051726245880126955 reward_loss:  -2.5863125324249268
epoch:  49 batch:  120 region_loss:  5.0 5.0 loc_loss:  0.05700686454772949 reward_loss:  -2.8503432273864746
epoch:  49 batch:  130 region_loss:  7.0 7.0 loc_loss:  0.10465025901794434 reward_loss:  -5.232512950897217
acc@1:  0.10442144873000941
epoch: 49 region loss 0.17051094890510948 loc loss 0.139516054861737 reward loss -6.975801581883952
