3
cuda
epoch:  0 batch:  0 region_loss:  10.0 10.0 loc_loss:  1.9901533508300782 reward_loss:  -99.5068588256836
epoch:  0 batch:  10 region_loss:  10.0 10.0 loc_loss:  1.986767578125 reward_loss:  -99.33804321289062
epoch:  0 batch:  20 region_loss:  10.0 10.0 loc_loss:  1.9824540710449219 reward_loss:  -99.1225357055664
epoch:  0 batch:  30 region_loss:  10.0 10.0 loc_loss:  1.9836874389648438 reward_loss:  -99.18535614013672
epoch:  0 batch:  40 region_loss:  10.0 10.0 loc_loss:  1.9793168640136718 reward_loss:  -98.96600341796875
epoch:  0 batch:  50 region_loss:  10.0 10.0 loc_loss:  1.9908927917480468 reward_loss:  -99.54519653320312
epoch:  0 batch:  60 region_loss:  10.0 10.0 loc_loss:  1.9813833618164063 reward_loss:  -99.06906127929688
epoch:  0 batch:  70 region_loss:  10.0 10.0 loc_loss:  1.9798114013671875 reward_loss:  -98.98994445800781
epoch:  0 batch:  80 region_loss:  10.0 10.0 loc_loss:  1.98802978515625 reward_loss:  -99.40057373046875
epoch:  0 batch:  90 region_loss:  6.0 6.0 loc_loss:  1.1786811065673828 reward_loss:  -58.93450927734375
epoch:  0 batch:  100 region_loss:  8.0 8.0 loc_loss:  1.5721501159667968 reward_loss:  -78.60758209228516
epoch:  0 batch:  110 region_loss:  4.0 4.0 loc_loss:  0.7891764831542969 reward_loss:  -39.458984375
epoch:  0 batch:  120 region_loss:  5.0 5.0 loc_loss:  0.9802516174316406 reward_loss:  -49.01268768310547
epoch:  0 batch:  130 region_loss:  7.0 7.0 loc_loss:  1.3717198181152344 reward_loss:  -68.5865707397461
acc@1:  0.0042333019755409216
epoch: 0 region loss 0.17051094890510948 loc loss 1.6868522120566263 reward loss -84.34256329501632
epoch:  1 batch:  0 region_loss:  10.0 10.0 loc_loss:  1.913778076171875 reward_loss:  -95.69026947021484
epoch:  1 batch:  10 region_loss:  10.0 10.0 loc_loss:  1.9376560974121093 reward_loss:  -96.88397216796875
epoch:  1 batch:  20 region_loss:  10.0 10.0 loc_loss:  1.917211456298828 reward_loss:  -95.86006927490234
epoch:  1 batch:  30 region_loss:  10.0 10.0 loc_loss:  1.9256158447265626 reward_loss:  -96.28086853027344
epoch:  1 batch:  40 region_loss:  10.0 10.0 loc_loss:  1.9136485290527343 reward_loss:  -95.6826400756836
epoch:  1 batch:  50 region_loss:  10.0 10.0 loc_loss:  1.9181082153320312 reward_loss:  -95.90715026855469
epoch:  1 batch:  60 region_loss:  10.0 10.0 loc_loss:  1.8991099548339845 reward_loss:  -94.95602416992188
epoch:  1 batch:  70 region_loss:  10.0 10.0 loc_loss:  1.8866256713867187 reward_loss:  -94.3311538696289
epoch:  1 batch:  80 region_loss:  10.0 10.0 loc_loss:  1.8754499816894532 reward_loss:  -93.77332305908203
epoch:  1 batch:  90 region_loss:  6.0 6.0 loc_loss:  1.102615509033203 reward_loss:  -55.13096618652344
epoch:  1 batch:  100 region_loss:  8.0 8.0 loc_loss:  1.4556068420410155 reward_loss:  -72.7803955078125
epoch:  1 batch:  110 region_loss:  4.0 4.0 loc_loss:  0.7376618194580078 reward_loss:  -36.88340759277344
epoch:  1 batch:  120 region_loss:  5.0 5.0 loc_loss:  0.9084007263183593 reward_loss:  -45.41986083984375
epoch:  1 batch:  130 region_loss:  7.0 7.0 loc_loss:  1.2571491241455077 reward_loss:  -62.858673095703125
acc@1:  0.022107243650047036
epoch: 1 region loss 0.17051094890510948 loc loss 1.6041994810452425 reward loss -80.21002871102661
epoch:  2 batch:  0 region_loss:  10.0 10.0 loc_loss:  1.7299017333984374 reward_loss:  -86.49497985839844
epoch:  2 batch:  10 region_loss:  10.0 10.0 loc_loss:  1.752669219970703 reward_loss:  -87.63359069824219
epoch:  2 batch:  20 region_loss:  10.0 10.0 loc_loss:  1.7389204406738281 reward_loss:  -86.94573211669922
epoch:  2 batch:  30 region_loss:  10.0 10.0 loc_loss:  1.7758038330078125 reward_loss:  -88.79009246826172
epoch:  2 batch:  40 region_loss:  10.0 10.0 loc_loss:  1.7216018676757812 reward_loss:  -86.07977294921875
epoch:  2 batch:  50 region_loss:  10.0 10.0 loc_loss:  1.7801931762695313 reward_loss:  -89.00943756103516
epoch:  2 batch:  60 region_loss:  10.0 10.0 loc_loss:  1.747021484375 reward_loss:  -87.35112762451172
epoch:  2 batch:  70 region_loss:  10.0 10.0 loc_loss:  1.7494110107421874 reward_loss:  -87.47003173828125
epoch:  2 batch:  80 region_loss:  10.0 10.0 loc_loss:  1.7300674438476562 reward_loss:  -86.5043716430664
epoch:  2 batch:  90 region_loss:  6.0 6.0 loc_loss:  1.030537109375 reward_loss:  -51.525936126708984
epoch:  2 batch:  100 region_loss:  8.0 8.0 loc_loss:  1.370142059326172 reward_loss:  -68.50679779052734
epoch:  2 batch:  110 region_loss:  4.0 4.0 loc_loss:  0.7005374145507812 reward_loss:  -35.02644729614258
epoch:  2 batch:  120 region_loss:  5.0 5.0 loc_loss:  0.8665000915527343 reward_loss:  -43.324092864990234
epoch:  2 batch:  130 region_loss:  7.0 7.0 loc_loss:  1.2024383544921875 reward_loss:  -60.1220817565918
acc@1:  0.026810912511759172
epoch: 2 region loss 0.17051094890510948 loc loss 1.4748821180580307 reward loss -73.74412700903677
epoch:  3 batch:  0 region_loss:  10.0 10.0 loc_loss:  1.6748809814453125 reward_loss:  -83.74382781982422
epoch:  3 batch:  10 region_loss:  10.0 10.0 loc_loss:  1.6805401611328126 reward_loss:  -84.02787780761719
epoch:  3 batch:  20 region_loss:  10.0 10.0 loc_loss:  1.643695068359375 reward_loss:  -82.18431091308594
epoch:  3 batch:  30 region_loss:  10.0 10.0 loc_loss:  1.7033914184570313 reward_loss:  -85.16963958740234
epoch:  3 batch:  40 region_loss:  10.0 10.0 loc_loss:  1.6408354187011718 reward_loss:  -82.04220581054688
epoch:  3 batch:  50 region_loss:  10.0 10.0 loc_loss:  1.706768798828125 reward_loss:  -85.33822631835938
epoch:  3 batch:  60 region_loss:  10.0 10.0 loc_loss:  1.6805596923828126 reward_loss:  -84.02665710449219
epoch:  3 batch:  70 region_loss:  10.0 10.0 loc_loss:  1.681121826171875 reward_loss:  -84.0549087524414
epoch:  3 batch:  80 region_loss:  10.0 10.0 loc_loss:  1.6690635681152344 reward_loss:  -83.4533462524414
epoch:  3 batch:  90 region_loss:  6.0 6.0 loc_loss:  0.9971706390380859 reward_loss:  -49.85808181762695
epoch:  3 batch:  100 region_loss:  8.0 8.0 loc_loss:  1.3239828491210937 reward_loss:  -66.19931030273438
epoch:  3 batch:  110 region_loss:  4.0 4.0 loc_loss:  0.6810047912597657 reward_loss:  -34.04994201660156
epoch:  3 batch:  120 region_loss:  5.0 5.0 loc_loss:  0.8415229034423828 reward_loss:  -42.07554626464844
epoch:  3 batch:  130 region_loss:  7.0 7.0 loc_loss:  1.169235382080078 reward_loss:  -58.46250534057617
acc@1:  0.03151458137347131
epoch: 3 region loss 0.17051094890510948 loc loss 1.4139945276636277 reward loss -70.6996652088026
epoch:  4 batch:  0 region_loss:  10.0 10.0 loc_loss:  1.635027618408203 reward_loss:  -81.75170135498047
epoch:  4 batch:  10 region_loss:  10.0 10.0 loc_loss:  1.6354058837890626 reward_loss:  -81.77069091796875
epoch:  4 batch:  20 region_loss:  10.0 10.0 loc_loss:  1.5769767761230469 reward_loss:  -78.84909057617188
epoch:  4 batch:  30 region_loss:  10.0 10.0 loc_loss:  1.6510734558105469 reward_loss:  -82.55437469482422
epoch:  4 batch:  40 region_loss:  10.0 10.0 loc_loss:  1.5832852172851561 reward_loss:  -79.16490936279297
epoch:  4 batch:  50 region_loss:  10.0 10.0 loc_loss:  1.6486001586914063 reward_loss:  -82.42961883544922
epoch:  4 batch:  60 region_loss:  10.0 10.0 loc_loss:  1.6267280578613281 reward_loss:  -81.33648681640625
epoch:  4 batch:  70 region_loss:  10.0 10.0 loc_loss:  1.6224188232421874 reward_loss:  -81.12059783935547
epoch:  4 batch:  80 region_loss:  10.0 10.0 loc_loss:  1.6159701538085938 reward_loss:  -80.79755401611328
epoch:  4 batch:  90 region_loss:  6.0 6.0 loc_loss:  0.9673300933837891 reward_loss:  -48.36662292480469
epoch:  4 batch:  100 region_loss:  8.0 8.0 loc_loss:  1.2807489013671876 reward_loss:  -64.03719329833984
epoch:  4 batch:  110 region_loss:  4.0 4.0 loc_loss:  0.663790512084961 reward_loss:  -33.18958282470703
epoch:  4 batch:  120 region_loss:  5.0 5.0 loc_loss:  0.8171104431152344 reward_loss:  -40.855106353759766
epoch:  4 batch:  130 region_loss:  7.0 7.0 loc_loss:  1.1367591094970704 reward_loss:  -56.83783721923828
acc@1:  0.045155221072436504
epoch: 4 region loss 0.17051094890510948 loc loss 1.3653638775679318 reward loss -68.26821414919665
epoch:  5 batch:  0 region_loss:  10.0 10.0 loc_loss:  1.5911767578125 reward_loss:  -79.55950164794922
epoch:  5 batch:  10 region_loss:  10.0 10.0 loc_loss:  1.59068603515625 reward_loss:  -79.53401947021484
epoch:  5 batch:  20 region_loss:  10.0 10.0 loc_loss:  1.5125436401367187 reward_loss:  -75.6264877319336
epoch:  5 batch:  30 region_loss:  10.0 10.0 loc_loss:  1.59923583984375 reward_loss:  -79.96196746826172
epoch:  5 batch:  40 region_loss:  10.0 10.0 loc_loss:  1.5293208312988282 reward_loss:  -76.46583557128906
epoch:  5 batch:  50 region_loss:  10.0 10.0 loc_loss:  1.5915695190429688 reward_loss:  -79.5776596069336
epoch:  5 batch:  60 region_loss:  10.0 10.0 loc_loss:  1.573687286376953 reward_loss:  -78.68366241455078
epoch:  5 batch:  70 region_loss:  10.0 10.0 loc_loss:  1.562627410888672 reward_loss:  -78.13105010986328
epoch:  5 batch:  80 region_loss:  10.0 10.0 loc_loss:  1.5621473693847656 reward_loss:  -78.107177734375
epoch:  5 batch:  90 region_loss:  6.0 6.0 loc_loss:  0.936614990234375 reward_loss:  -46.83018493652344
epoch:  5 batch:  100 region_loss:  8.0 8.0 loc_loss:  1.2352850341796875 reward_loss:  -61.76433563232422
epoch:  5 batch:  110 region_loss:  4.0 4.0 loc_loss:  0.6463723754882813 reward_loss:  -32.31874084472656
epoch:  5 batch:  120 region_loss:  5.0 5.0 loc_loss:  0.7908892059326171 reward_loss:  -39.54513931274414
epoch:  5 batch:  130 region_loss:  7.0 7.0 loc_loss:  1.102140884399414 reward_loss:  -55.106727600097656
acc@1:  0.06067732831608655
epoch: 5 region loss 0.17051094890510948 loc loss 1.3164802364711343 reward loss -65.82398067947722
epoch:  6 batch:  0 region_loss:  10.0 10.0 loc_loss:  1.5406196594238282 reward_loss:  -77.0304183959961
epoch:  6 batch:  10 region_loss:  10.0 10.0 loc_loss:  1.54087890625 reward_loss:  -77.04370880126953
epoch:  6 batch:  20 region_loss:  10.0 10.0 loc_loss:  1.4451382446289063 reward_loss:  -72.2562026977539
epoch:  6 batch:  30 region_loss:  10.0 10.0 loc_loss:  1.5435162353515626 reward_loss:  -77.17606353759766
epoch:  6 batch:  40 region_loss:  10.0 10.0 loc_loss:  1.4743867492675782 reward_loss:  -73.71881103515625
epoch:  6 batch:  50 region_loss:  10.0 10.0 loc_loss:  1.5304644775390626 reward_loss:  -76.5237808227539
epoch:  6 batch:  60 region_loss:  10.0 10.0 loc_loss:  1.5178494262695312 reward_loss:  -75.89212036132812
epoch:  6 batch:  70 region_loss:  10.0 10.0 loc_loss:  1.4998672485351563 reward_loss:  -74.99365997314453
epoch:  6 batch:  80 region_loss:  10.0 10.0 loc_loss:  1.5056895446777343 reward_loss:  -75.2845230102539
epoch:  6 batch:  90 region_loss:  6.0 6.0 loc_loss:  0.9044380187988281 reward_loss:  -45.221641540527344
epoch:  6 batch:  100 region_loss:  8.0 8.0 loc_loss:  1.1856307983398438 reward_loss:  -59.281272888183594
epoch:  6 batch:  110 region_loss:  4.0 4.0 loc_loss:  0.6280291366577149 reward_loss:  -31.401317596435547
epoch:  6 batch:  120 region_loss:  5.0 5.0 loc_loss:  0.762305908203125 reward_loss:  -38.115230560302734
epoch:  6 batch:  130 region_loss:  7.0 7.0 loc_loss:  1.0648474884033203 reward_loss:  -53.2419548034668
acc@1:  0.07055503292568203
epoch: 6 region loss 0.17051094890510948 loc loss 1.264591188918065 reward loss -63.229541249518846
epoch:  7 batch:  0 region_loss:  10.0 10.0 loc_loss:  1.48329345703125 reward_loss:  -74.16477966308594
epoch:  7 batch:  10 region_loss:  10.0 10.0 loc_loss:  1.485629119873047 reward_loss:  -74.28162384033203
epoch:  7 batch:  20 region_loss:  10.0 10.0 loc_loss:  1.3732460021972657 reward_loss:  -68.66252136230469
epoch:  7 batch:  30 region_loss:  10.0 10.0 loc_loss:  1.4831106567382812 reward_loss:  -74.15575408935547
epoch:  7 batch:  40 region_loss:  10.0 10.0 loc_loss:  1.419378204345703 reward_loss:  -70.96842193603516
epoch:  7 batch:  50 region_loss:  10.0 10.0 loc_loss:  1.4650981140136718 reward_loss:  -73.25466918945312
epoch:  7 batch:  60 region_loss:  10.0 10.0 loc_loss:  1.4581350708007812 reward_loss:  -72.9074478149414
epoch:  7 batch:  70 region_loss:  10.0 10.0 loc_loss:  1.4334536743164064 reward_loss:  -71.67301177978516
epoch:  7 batch:  80 region_loss:  10.0 10.0 loc_loss:  1.4467379760742187 reward_loss:  -72.33780670166016
epoch:  7 batch:  90 region_loss:  6.0 6.0 loc_loss:  0.8704039001464844 reward_loss:  -43.519935607910156
epoch:  7 batch:  100 region_loss:  8.0 8.0 loc_loss:  1.131885757446289 reward_loss:  -56.594261169433594
epoch:  7 batch:  110 region_loss:  4.0 4.0 loc_loss:  0.6088239669799804 reward_loss:  -30.44121742248535
epoch:  7 batch:  120 region_loss:  5.0 5.0 loc_loss:  0.7319227600097656 reward_loss:  -36.595977783203125
epoch:  7 batch:  130 region_loss:  7.0 7.0 loc_loss:  1.0250848388671876 reward_loss:  -51.254737854003906
acc@1:  0.08513640639698965
epoch: 7 region loss 0.17051094890510948 loc loss 1.2095019614783518 reward loss -60.475084973077706
epoch:  8 batch:  0 region_loss:  10.0 10.0 loc_loss:  1.4192593383789063 reward_loss:  -70.96276092529297
epoch:  8 batch:  10 region_loss:  10.0 10.0 loc_loss:  1.4245729064941406 reward_loss:  -71.22894287109375
epoch:  8 batch:  20 region_loss:  10.0 10.0 loc_loss:  1.2981790161132813 reward_loss:  -64.90885162353516
epoch:  8 batch:  30 region_loss:  10.0 10.0 loc_loss:  1.4171041870117187 reward_loss:  -70.85519409179688
epoch:  8 batch:  40 region_loss:  10.0 10.0 loc_loss:  1.365086669921875 reward_loss:  -68.25423431396484
epoch:  8 batch:  50 region_loss:  10.0 10.0 loc_loss:  1.39523193359375 reward_loss:  -69.76116943359375
epoch:  8 batch:  60 region_loss:  10.0 10.0 loc_loss:  1.3942668151855468 reward_loss:  -69.71298217773438
epoch:  8 batch:  70 region_loss:  10.0 10.0 loc_loss:  1.3629202270507812 reward_loss:  -68.14717864990234
epoch:  8 batch:  80 region_loss:  10.0 10.0 loc_loss:  1.3850025939941406 reward_loss:  -69.25049591064453
epoch:  8 batch:  90 region_loss:  6.0 6.0 loc_loss:  0.8352436065673828 reward_loss:  -41.76220703125
epoch:  8 batch:  100 region_loss:  8.0 8.0 loc_loss:  1.0748231506347656 reward_loss:  -53.741024017333984
epoch:  8 batch:  110 region_loss:  4.0 4.0 loc_loss:  0.5884104156494141 reward_loss:  -29.420257568359375
epoch:  8 batch:  120 region_loss:  5.0 5.0 loc_loss:  0.6996770477294922 reward_loss:  -34.983524322509766
epoch:  8 batch:  130 region_loss:  7.0 7.0 loc_loss:  0.9832954406738281 reward_loss:  -49.16476821899414
acc@1:  0.0973659454374412
epoch: 8 region loss 0.17051094890510948 loc loss 1.1520548203739807 reward loss -57.6027264281781
epoch:  9 batch:  0 region_loss:  10.0 10.0 loc_loss:  1.3506404113769532 reward_loss:  -67.53208923339844
epoch:  9 batch:  10 region_loss:  10.0 10.0 loc_loss:  1.3592298889160157 reward_loss:  -67.96168518066406
epoch:  9 batch:  20 region_loss:  10.0 10.0 loc_loss:  1.2234274291992187 reward_loss:  -61.171897888183594
epoch:  9 batch:  30 region_loss:  10.0 10.0 loc_loss:  1.3478427124023438 reward_loss:  -67.39275360107422
epoch:  9 batch:  40 region_loss:  10.0 10.0 loc_loss:  1.311395263671875 reward_loss:  -65.56937408447266
epoch:  9 batch:  50 region_loss:  10.0 10.0 loc_loss:  1.3220504760742187 reward_loss:  -66.10238647460938
epoch:  9 batch:  60 region_loss:  10.0 10.0 loc_loss:  1.3287734985351562 reward_loss:  -66.43920135498047
epoch:  9 batch:  70 region_loss:  10.0 10.0 loc_loss:  1.2904086303710938 reward_loss:  -64.51951599121094
epoch:  9 batch:  80 region_loss:  10.0 10.0 loc_loss:  1.3226809692382813 reward_loss:  -66.13368225097656
epoch:  9 batch:  90 region_loss:  6.0 6.0 loc_loss:  0.7994173431396484 reward_loss:  -39.97120666503906
epoch:  9 batch:  100 region_loss:  8.0 8.0 loc_loss:  1.0166582489013671 reward_loss:  -50.83237075805664
epoch:  9 batch:  110 region_loss:  4.0 4.0 loc_loss:  0.5672190856933593 reward_loss:  -28.360750198364258
epoch:  9 batch:  120 region_loss:  5.0 5.0 loc_loss:  0.666248779296875 reward_loss:  -33.31306457519531
epoch:  9 batch:  130 region_loss:  7.0 7.0 loc_loss:  0.9403602600097656 reward_loss:  -47.017635345458984
acc@1:  0.10865475070555033
epoch: 9 region loss 0.17051094890510948 loc loss 1.0937122344970702 reward loss -54.68558166670973
epoch:  10 batch:  0 region_loss:  10.0 10.0 loc_loss:  1.2786563110351563 reward_loss:  -63.93246078491211
epoch:  10 batch:  10 region_loss:  10.0 10.0 loc_loss:  1.2907505798339844 reward_loss:  -64.53697204589844
epoch:  10 batch:  20 region_loss:  10.0 10.0 loc_loss:  1.1508018493652343 reward_loss:  -57.54031753540039
epoch:  10 batch:  30 region_loss:  10.0 10.0 loc_loss:  1.2765830993652343 reward_loss:  -63.829017639160156
epoch:  10 batch:  40 region_loss:  10.0 10.0 loc_loss:  1.2573528289794922 reward_loss:  -62.8680305480957
epoch:  10 batch:  50 region_loss:  10.0 10.0 loc_loss:  1.2465332794189452 reward_loss:  -62.32707977294922
epoch:  10 batch:  60 region_loss:  10.0 10.0 loc_loss:  1.2635818481445313 reward_loss:  -63.179683685302734
epoch:  10 batch:  70 region_loss:  10.0 10.0 loc_loss:  1.2171519470214844 reward_loss:  -60.858341217041016
epoch:  10 batch:  80 region_loss:  10.0 10.0 loc_loss:  1.2613716125488281 reward_loss:  -63.06880187988281
epoch:  10 batch:  90 region_loss:  6.0 6.0 loc_loss:  0.7630403900146484 reward_loss:  -38.15159606933594
epoch:  10 batch:  100 region_loss:  8.0 8.0 loc_loss:  0.9586334228515625 reward_loss:  -47.931724548339844
epoch:  10 batch:  110 region_loss:  4.0 4.0 loc_loss:  0.5451477813720703 reward_loss:  -27.257497787475586
epoch:  10 batch:  120 region_loss:  5.0 5.0 loc_loss:  0.6326123046875 reward_loss:  -31.63072395324707
epoch:  10 batch:  130 region_loss:  7.0 7.0 loc_loss:  0.896998291015625 reward_loss:  -44.84956359863281
acc@1:  0.11994355597365945
epoch: 10 region loss 0.17051094890510948 loc loss 1.0358256795284522 reward loss -51.79129430673418
epoch:  11 batch:  0 region_loss:  10.0 10.0 loc_loss:  1.2061649322509767 reward_loss:  -60.30787658691406
epoch:  11 batch:  10 region_loss:  10.0 10.0 loc_loss:  1.222214126586914 reward_loss:  -61.11043930053711
epoch:  11 batch:  20 region_loss:  10.0 10.0 loc_loss:  1.0809183502197266 reward_loss:  -54.04581832885742
epoch:  11 batch:  30 region_loss:  10.0 10.0 loc_loss:  1.2051108551025391 reward_loss:  -60.25530242919922
epoch:  11 batch:  40 region_loss:  10.0 10.0 loc_loss:  1.2041232299804687 reward_loss:  -60.20646667480469
epoch:  11 batch:  50 region_loss:  10.0 10.0 loc_loss:  1.1715433502197266 reward_loss:  -58.577091217041016
epoch:  11 batch:  60 region_loss:  10.0 10.0 loc_loss:  1.200035400390625 reward_loss:  -60.00212097167969
epoch:  11 batch:  70 region_loss:  10.0 10.0 loc_loss:  1.145941925048828 reward_loss:  -57.297088623046875
epoch:  11 batch:  80 region_loss:  10.0 10.0 loc_loss:  1.2033637237548829 reward_loss:  -60.16796875
epoch:  11 batch:  90 region_loss:  6.0 6.0 loc_loss:  0.7277642059326171 reward_loss:  -36.38805389404297
epoch:  11 batch:  100 region_loss:  8.0 8.0 loc_loss:  0.9033963012695313 reward_loss:  -45.169281005859375
epoch:  11 batch:  110 region_loss:  4.0 4.0 loc_loss:  0.5227948760986328 reward_loss:  -26.139629364013672
epoch:  11 batch:  120 region_loss:  5.0 5.0 loc_loss:  0.5996993255615234 reward_loss:  -29.985340118408203
epoch:  11 batch:  130 region_loss:  7.0 7.0 loc_loss:  0.8541654968261718 reward_loss:  -42.70851516723633
acc@1:  0.12417685794920037
epoch: 11 region loss 0.17051094890510948 loc loss 0.979729073239069 reward loss -48.986367371830625
epoch:  12 batch:  0 region_loss:  10.0 10.0 loc_loss:  1.1355953979492188 reward_loss:  -56.77976608276367
epoch:  12 batch:  10 region_loss:  10.0 10.0 loc_loss:  1.1544580841064453 reward_loss:  -57.722625732421875
epoch:  12 batch:  20 region_loss:  10.0 10.0 loc_loss:  1.0156927490234375 reward_loss:  -50.78456115722656
epoch:  12 batch:  30 region_loss:  10.0 10.0 loc_loss:  1.134661865234375 reward_loss:  -56.732967376708984
epoch:  12 batch:  40 region_loss:  10.0 10.0 loc_loss:  1.1519806671142578 reward_loss:  -57.59947204589844
epoch:  12 batch:  50 region_loss:  10.0 10.0 loc_loss:  1.0987547302246095 reward_loss:  -54.93844985961914
epoch:  12 batch:  60 region_loss:  10.0 10.0 loc_loss:  1.1385745239257812 reward_loss:  -56.928707122802734
epoch:  12 batch:  70 region_loss:  10.0 10.0 loc_loss:  1.0789959716796875 reward_loss:  -53.949851989746094
epoch:  12 batch:  80 region_loss:  10.0 10.0 loc_loss:  1.1475439453125 reward_loss:  -57.37661361694336
epoch:  12 batch:  90 region_loss:  6.0 6.0 loc_loss:  0.6930404663085937 reward_loss:  -34.65220260620117
epoch:  12 batch:  100 region_loss:  8.0 8.0 loc_loss:  0.8515456390380859 reward_loss:  -42.5765380859375
epoch:  12 batch:  110 region_loss:  4.0 4.0 loc_loss:  0.5001637268066407 reward_loss:  -25.008031845092773
epoch:  12 batch:  120 region_loss:  5.0 5.0 loc_loss:  0.5679609298706054 reward_loss:  -28.398168563842773
epoch:  12 batch:  130 region_loss:  7.0 7.0 loc_loss:  0.8127994537353516 reward_loss:  -40.63972473144531
acc@1:  0.1288805268109125
epoch: 12 region loss 0.17051094890510948 loc loss 0.9263603154760207 reward loss -46.31803497258764
epoch:  13 batch:  0 region_loss:  10.0 10.0 loc_loss:  1.067982177734375 reward_loss:  -53.39863586425781
epoch:  13 batch:  10 region_loss:  10.0 10.0 loc_loss:  1.0906398010253906 reward_loss:  -54.532135009765625
epoch:  13 batch:  20 region_loss:  10.0 10.0 loc_loss:  0.9558287048339844 reward_loss:  -47.791316986083984
epoch:  13 batch:  30 region_loss:  10.0 10.0 loc_loss:  1.0666031646728515 reward_loss:  -53.33013153076172
epoch:  13 batch:  40 region_loss:  10.0 10.0 loc_loss:  1.1007513427734374 reward_loss:  -55.03785705566406
epoch:  13 batch:  50 region_loss:  10.0 10.0 loc_loss:  1.0303196716308594 reward_loss:  -51.51580810546875
epoch:  13 batch:  60 region_loss:  10.0 10.0 loc_loss:  1.079484405517578 reward_loss:  -53.97422790527344
epoch:  13 batch:  70 region_loss:  10.0 10.0 loc_loss:  1.0177932739257813 reward_loss:  -50.88971710205078
epoch:  13 batch:  80 region_loss:  10.0 10.0 loc_loss:  1.0950238037109374 reward_loss:  -54.75111389160156
epoch:  13 batch:  90 region_loss:  6.0 6.0 loc_loss:  0.6597092437744141 reward_loss:  -32.98579406738281
epoch:  13 batch:  100 region_loss:  8.0 8.0 loc_loss:  0.8035173034667968 reward_loss:  -40.17594528198242
epoch:  13 batch:  110 region_loss:  4.0 4.0 loc_loss:  0.47742233276367185 reward_loss:  -23.871414184570312
epoch:  13 batch:  120 region_loss:  5.0 5.0 loc_loss:  0.5382541656494141 reward_loss:  -26.912538528442383
epoch:  13 batch:  130 region_loss:  7.0 7.0 loc_loss:  0.7735414123535156 reward_loss:  -38.676849365234375
acc@1:  0.1354656632173095
epoch: 13 region loss 0.17051094890510948 loc loss 0.8764387411966811 reward loss -43.82190384133889
epoch:  14 batch:  0 region_loss:  10.0 10.0 loc_loss:  1.0056734466552735 reward_loss:  -50.28390121459961
epoch:  14 batch:  10 region_loss:  10.0 10.0 loc_loss:  1.031429214477539 reward_loss:  -51.571537017822266
epoch:  14 batch:  20 region_loss:  10.0 10.0 loc_loss:  0.900846176147461 reward_loss:  -45.042388916015625
epoch:  14 batch:  30 region_loss:  10.0 10.0 loc_loss:  1.0031810760498048 reward_loss:  -50.158653259277344
epoch:  14 batch:  40 region_loss:  10.0 10.0 loc_loss:  1.0523743438720703 reward_loss:  -52.618839263916016
epoch:  14 batch:  50 region_loss:  10.0 10.0 loc_loss:  0.9670501708984375 reward_loss:  -48.35240936279297
epoch:  14 batch:  60 region_loss:  10.0 10.0 loc_loss:  1.0240595245361328 reward_loss:  -51.203216552734375
epoch:  14 batch:  70 region_loss:  10.0 10.0 loc_loss:  0.961885757446289 reward_loss:  -48.094154357910156
epoch:  14 batch:  80 region_loss:  10.0 10.0 loc_loss:  1.0451940155029298 reward_loss:  -52.25957107543945
epoch:  14 batch:  90 region_loss:  6.0 6.0 loc_loss:  0.6283001708984375 reward_loss:  -31.4149169921875
epoch:  14 batch:  100 region_loss:  8.0 8.0 loc_loss:  0.7594860076904297 reward_loss:  -37.974361419677734
epoch:  14 batch:  110 region_loss:  4.0 4.0 loc_loss:  0.45537139892578127 reward_loss:  -22.768840789794922
epoch:  14 batch:  120 region_loss:  5.0 5.0 loc_loss:  0.510352554321289 reward_loss:  -25.51779556274414
epoch:  14 batch:  130 region_loss:  7.0 7.0 loc_loss:  0.736142349243164 reward_loss:  -36.807594299316406
acc@1:  0.1354656632173095
epoch: 14 region loss 0.17051094890510948 loc loss 0.8301781942548543 reward loss -41.508891530280565
epoch:  15 batch:  0 region_loss:  10.0 10.0 loc_loss:  0.9492596435546875 reward_loss:  -47.46311569213867
epoch:  15 batch:  10 region_loss:  10.0 10.0 loc_loss:  0.9767759704589843 reward_loss:  -48.83882141113281
epoch:  15 batch:  20 region_loss:  10.0 10.0 loc_loss:  0.8511605072021484 reward_loss:  -42.557594299316406
epoch:  15 batch:  30 region_loss:  10.0 10.0 loc_loss:  0.9447341918945312 reward_loss:  -47.237186431884766
epoch:  15 batch:  40 region_loss:  10.0 10.0 loc_loss:  1.0070797729492187 reward_loss:  -50.353759765625
epoch:  15 batch:  50 region_loss:  10.0 10.0 loc_loss:  0.9107106018066407 reward_loss:  -45.535499572753906
epoch:  15 batch:  60 region_loss:  10.0 10.0 loc_loss:  0.9713898468017578 reward_loss:  -48.569576263427734
epoch:  15 batch:  70 region_loss:  10.0 10.0 loc_loss:  0.9105168914794922 reward_loss:  -45.52571487426758
epoch:  15 batch:  80 region_loss:  10.0 10.0 loc_loss:  0.9977664184570313 reward_loss:  -49.887840270996094
epoch:  15 batch:  90 region_loss:  6.0 6.0 loc_loss:  0.598598861694336 reward_loss:  -29.930233001708984
epoch:  15 batch:  100 region_loss:  8.0 8.0 loc_loss:  0.7200419616699218 reward_loss:  -36.00189971923828
epoch:  15 batch:  110 region_loss:  4.0 4.0 loc_loss:  0.434134521484375 reward_loss:  -21.706361770629883
epoch:  15 batch:  120 region_loss:  5.0 5.0 loc_loss:  0.4841468811035156 reward_loss:  -24.20748519897461
epoch:  15 batch:  130 region_loss:  7.0 7.0 loc_loss:  0.7014433288574219 reward_loss:  -35.0725212097168
acc@1:  0.1425211665098777
epoch: 15 region loss 0.17051094890510948 loc loss 0.7877132351729123 reward loss -39.385649674130185
epoch:  16 batch:  0 region_loss:  10.0 10.0 loc_loss:  0.8974088287353515 reward_loss:  -44.87053680419922
epoch:  16 batch:  10 region_loss:  10.0 10.0 loc_loss:  0.9268061828613281 reward_loss:  -46.340396881103516
epoch:  16 batch:  20 region_loss:  10.0 10.0 loc_loss:  0.8067891693115234 reward_loss:  -40.33970642089844
epoch:  16 batch:  30 region_loss:  10.0 10.0 loc_loss:  0.8926799774169922 reward_loss:  -44.63331604003906
epoch:  16 batch:  40 region_loss:  10.0 10.0 loc_loss:  0.9645194244384766 reward_loss:  -48.226192474365234
epoch:  16 batch:  50 region_loss:  10.0 10.0 loc_loss:  0.8602703857421875 reward_loss:  -43.01326370239258
epoch:  16 batch:  60 region_loss:  10.0 10.0 loc_loss:  0.923006362915039 reward_loss:  -46.150352478027344
epoch:  16 batch:  70 region_loss:  10.0 10.0 loc_loss:  0.8632080841064453 reward_loss:  -43.16055679321289
epoch:  16 batch:  80 region_loss:  10.0 10.0 loc_loss:  0.9527230072021484 reward_loss:  -47.63642120361328
epoch:  16 batch:  90 region_loss:  6.0 6.0 loc_loss:  0.5711807250976563 reward_loss:  -28.558731079101562
epoch:  16 batch:  100 region_loss:  8.0 8.0 loc_loss:  0.6836202239990234 reward_loss:  -34.18124771118164
epoch:  16 batch:  110 region_loss:  4.0 4.0 loc_loss:  0.41276485443115235 reward_loss:  -20.638212203979492
epoch:  16 batch:  120 region_loss:  5.0 5.0 loc_loss:  0.45886089324951174 reward_loss:  -22.943069458007812
epoch:  16 batch:  130 region_loss:  7.0 7.0 loc_loss:  0.6691339874267578 reward_loss:  -33.456886291503906
acc@1:  0.1415804327375353
epoch: 16 region loss 0.17051094890510948 loc loss 0.748622713019378 reward loss -37.43115760636156
epoch:  17 batch:  0 region_loss:  10.0 10.0 loc_loss:  0.8504440307617187 reward_loss:  -42.52213668823242
epoch:  17 batch:  10 region_loss:  10.0 10.0 loc_loss:  0.8818400573730468 reward_loss:  -44.09172058105469
epoch:  17 batch:  20 region_loss:  10.0 10.0 loc_loss:  0.7669783020019532 reward_loss:  -38.348819732666016
epoch:  17 batch:  30 region_loss:  10.0 10.0 loc_loss:  0.8447821807861328 reward_loss:  -42.23878479003906
epoch:  17 batch:  40 region_loss:  10.0 10.0 loc_loss:  0.9255304718017578 reward_loss:  -46.27621078491211
epoch:  17 batch:  50 region_loss:  10.0 10.0 loc_loss:  0.8147433471679687 reward_loss:  -40.736881256103516
epoch:  17 batch:  60 region_loss:  10.0 10.0 loc_loss:  0.8771818542480468 reward_loss:  -43.85871887207031
epoch:  17 batch:  70 region_loss:  10.0 10.0 loc_loss:  0.8206494903564453 reward_loss:  -41.031951904296875
epoch:  17 batch:  80 region_loss:  10.0 10.0 loc_loss:  0.9107035064697265 reward_loss:  -45.53535461425781
epoch:  17 batch:  90 region_loss:  6.0 6.0 loc_loss:  0.5444352340698242 reward_loss:  -27.22183609008789
epoch:  17 batch:  100 region_loss:  8.0 8.0 loc_loss:  0.6505303192138672 reward_loss:  -32.52689743041992
epoch:  17 batch:  110 region_loss:  4.0 4.0 loc_loss:  0.3934210968017578 reward_loss:  -19.67090606689453
epoch:  17 batch:  120 region_loss:  5.0 5.0 loc_loss:  0.4345590591430664 reward_loss:  -21.728012084960938
epoch:  17 batch:  130 region_loss:  7.0 7.0 loc_loss:  0.6388792419433593 reward_loss:  -31.94357681274414
acc@1:  0.14299153339604892
epoch: 17 region loss 0.17051094890510948 loc loss 0.7127636523838461 reward loss -35.63814693645839
epoch:  18 batch:  0 region_loss:  10.0 10.0 loc_loss:  0.8070133972167969 reward_loss:  -40.350616455078125
epoch:  18 batch:  10 region_loss:  10.0 10.0 loc_loss:  0.8404611206054687 reward_loss:  -42.022979736328125
epoch:  18 batch:  20 region_loss:  10.0 10.0 loc_loss:  0.730811996459961 reward_loss:  -36.54084396362305
epoch:  18 batch:  30 region_loss:  10.0 10.0 loc_loss:  0.8013872528076171 reward_loss:  -40.06912612915039
epoch:  18 batch:  40 region_loss:  10.0 10.0 loc_loss:  0.8890464782714844 reward_loss:  -44.452083587646484
epoch:  18 batch:  50 region_loss:  10.0 10.0 loc_loss:  0.7738583374023438 reward_loss:  -38.69295883178711
epoch:  18 batch:  60 region_loss:  10.0 10.0 loc_loss:  0.83497314453125 reward_loss:  -41.74806213378906
epoch:  18 batch:  70 region_loss:  10.0 10.0 loc_loss:  0.7805461883544922 reward_loss:  -39.02705001831055
epoch:  18 batch:  80 region_loss:  10.0 10.0 loc_loss:  0.8699649047851562 reward_loss:  -43.49847412109375
epoch:  18 batch:  90 region_loss:  6.0 6.0 loc_loss:  0.5200526428222656 reward_loss:  -26.00286102294922
epoch:  18 batch:  100 region_loss:  8.0 8.0 loc_loss:  0.6201941680908203 reward_loss:  -31.009807586669922
epoch:  18 batch:  110 region_loss:  4.0 4.0 loc_loss:  0.37360366821289065 reward_loss:  -18.680265426635742
epoch:  18 batch:  120 region_loss:  5.0 5.0 loc_loss:  0.4121474456787109 reward_loss:  -20.60753631591797
epoch:  18 batch:  130 region_loss:  7.0 7.0 loc_loss:  0.6101228332519532 reward_loss:  -30.506662368774414
acc@1:  0.1425211665098777
epoch: 18 region loss 0.17051094890510948 loc loss 0.6796092094644144 reward loss -33.98045778622593
epoch:  19 batch:  0 region_loss:  10.0 10.0 loc_loss:  0.7667684936523438 reward_loss:  -38.337860107421875
epoch:  19 batch:  10 region_loss:  10.0 10.0 loc_loss:  0.8012776184082031 reward_loss:  -40.06345748901367
epoch:  19 batch:  20 region_loss:  10.0 10.0 loc_loss:  0.6988798522949219 reward_loss:  -34.943817138671875
epoch:  19 batch:  30 region_loss:  10.0 10.0 loc_loss:  0.761745834350586 reward_loss:  -38.087425231933594
epoch:  19 batch:  40 region_loss:  10.0 10.0 loc_loss:  0.8548671722412109 reward_loss:  -42.743534088134766
epoch:  19 batch:  50 region_loss:  10.0 10.0 loc_loss:  0.7365481567382812 reward_loss:  -36.82741928100586
epoch:  19 batch:  60 region_loss:  10.0 10.0 loc_loss:  0.7946755981445313 reward_loss:  -39.733760833740234
epoch:  19 batch:  70 region_loss:  10.0 10.0 loc_loss:  0.7444007110595703 reward_loss:  -37.2201042175293
epoch:  19 batch:  80 region_loss:  10.0 10.0 loc_loss:  0.8329118347167969 reward_loss:  -41.645408630371094
epoch:  19 batch:  90 region_loss:  6.0 6.0 loc_loss:  0.49652992248535155 reward_loss:  -24.82658576965332
epoch:  19 batch:  100 region_loss:  8.0 8.0 loc_loss:  0.591141471862793 reward_loss:  -29.55703353881836
epoch:  19 batch:  110 region_loss:  4.0 4.0 loc_loss:  0.3551786804199219 reward_loss:  -17.758956909179688
epoch:  19 batch:  120 region_loss:  5.0 5.0 loc_loss:  0.3908606719970703 reward_loss:  -19.542936325073242
epoch:  19 batch:  130 region_loss:  7.0 7.0 loc_loss:  0.5827785873413086 reward_loss:  -29.139005661010742
acc@1:  0.14205079962370648
epoch: 19 region loss 0.17051094890510948 loc loss 0.6487834141028189 reward loss -32.43916599245837
epoch:  20 batch:  0 region_loss:  10.0 10.0 loc_loss:  0.730436019897461 reward_loss:  -36.521968841552734
epoch:  20 batch:  10 region_loss:  10.0 10.0 loc_loss:  0.7647904968261718 reward_loss:  -38.23944854736328
epoch:  20 batch:  20 region_loss:  10.0 10.0 loc_loss:  0.669610595703125 reward_loss:  -33.48051834106445
epoch:  20 batch:  30 region_loss:  10.0 10.0 loc_loss:  0.7250179290771485 reward_loss:  -36.2510871887207
epoch:  20 batch:  40 region_loss:  10.0 10.0 loc_loss:  0.82279296875 reward_loss:  -41.13957595825195
epoch:  20 batch:  50 region_loss:  10.0 10.0 loc_loss:  0.7028491973876954 reward_loss:  -35.142578125
epoch:  20 batch:  60 region_loss:  10.0 10.0 loc_loss:  0.7564518737792969 reward_loss:  -37.822540283203125
epoch:  20 batch:  70 region_loss:  10.0 10.0 loc_loss:  0.7096978759765625 reward_loss:  -35.48470687866211
epoch:  20 batch:  80 region_loss:  10.0 10.0 loc_loss:  0.7967337799072266 reward_loss:  -39.83675003051758
epoch:  20 batch:  90 region_loss:  6.0 6.0 loc_loss:  0.47360954284667967 reward_loss:  -23.680349349975586
epoch:  20 batch:  100 region_loss:  8.0 8.0 loc_loss:  0.5646889877319335 reward_loss:  -28.2352352142334
epoch:  20 batch:  110 region_loss:  4.0 4.0 loc_loss:  0.3372301483154297 reward_loss:  -16.86156463623047
epoch:  20 batch:  120 region_loss:  5.0 5.0 loc_loss:  0.3704300689697266 reward_loss:  -18.521419525146484
epoch:  20 batch:  130 region_loss:  7.0 7.0 loc_loss:  0.5569994354248047 reward_loss:  -27.849897384643555
acc@1:  0.14063969896519285
epoch: 20 region loss 0.17051094890510948 loc loss 0.6200259158559089 reward loss -31.001275125211173
epoch:  21 batch:  0 region_loss:  10.0 10.0 loc_loss:  0.6958914184570313 reward_loss:  -34.794647216796875
epoch:  21 batch:  10 region_loss:  10.0 10.0 loc_loss:  0.7307610321044922 reward_loss:  -36.537784576416016
epoch:  21 batch:  20 region_loss:  10.0 10.0 loc_loss:  0.6422718048095704 reward_loss:  -32.11360168457031
epoch:  21 batch:  30 region_loss:  10.0 10.0 loc_loss:  0.6907782745361328 reward_loss:  -34.538822174072266
epoch:  21 batch:  40 region_loss:  10.0 10.0 loc_loss:  0.792353515625 reward_loss:  -39.617671966552734
epoch:  21 batch:  50 region_loss:  10.0 10.0 loc_loss:  0.6713660430908203 reward_loss:  -33.568153381347656
epoch:  21 batch:  60 region_loss:  10.0 10.0 loc_loss:  0.7213862609863281 reward_loss:  -36.06918716430664
epoch:  21 batch:  70 region_loss:  10.0 10.0 loc_loss:  0.6787389373779297 reward_loss:  -33.936981201171875
epoch:  21 batch:  80 region_loss:  10.0 10.0 loc_loss:  0.7621067810058594 reward_loss:  -38.10474395751953
epoch:  21 batch:  90 region_loss:  6.0 6.0 loc_loss:  0.4524156951904297 reward_loss:  -22.620634078979492
epoch:  21 batch:  100 region_loss:  8.0 8.0 loc_loss:  0.5392582702636719 reward_loss:  -26.9627685546875
epoch:  21 batch:  110 region_loss:  4.0 4.0 loc_loss:  0.3208115005493164 reward_loss:  -16.040401458740234
epoch:  21 batch:  120 region_loss:  5.0 5.0 loc_loss:  0.3513673782348633 reward_loss:  -17.568239212036133
epoch:  21 batch:  130 region_loss:  7.0 7.0 loc_loss:  0.5326551055908203 reward_loss:  -26.632572174072266
acc@1:  0.13734713076199437
epoch: 21 region loss 0.17051094890510948 loc loss 0.593057478187728 reward loss -29.652880452845217
epoch:  22 batch:  0 region_loss:  10.0 10.0 loc_loss:  0.6643581390380859 reward_loss:  -33.217708587646484
epoch:  22 batch:  10 region_loss:  10.0 10.0 loc_loss:  0.6990866851806641 reward_loss:  -34.95412063598633
epoch:  22 batch:  20 region_loss:  10.0 10.0 loc_loss:  0.616546630859375 reward_loss:  -30.827428817749023
epoch:  22 batch:  30 region_loss:  10.0 10.0 loc_loss:  0.6587635803222657 reward_loss:  -32.93820571899414
epoch:  22 batch:  40 region_loss:  10.0 10.0 loc_loss:  0.762414321899414 reward_loss:  -38.120826721191406
epoch:  22 batch:  50 region_loss:  10.0 10.0 loc_loss:  0.6421886444091797 reward_loss:  -32.109619140625
epoch:  22 batch:  60 region_loss:  10.0 10.0 loc_loss:  0.6868961334228516 reward_loss:  -34.34514236450195
epoch:  22 batch:  70 region_loss:  10.0 10.0 loc_loss:  0.6486939239501953 reward_loss:  -32.434974670410156
epoch:  22 batch:  80 region_loss:  10.0 10.0 loc_loss:  0.7295662689208985 reward_loss:  -36.47840118408203
epoch:  22 batch:  90 region_loss:  6.0 6.0 loc_loss:  0.43163921356201174 reward_loss:  -21.582042694091797
epoch:  22 batch:  100 region_loss:  8.0 8.0 loc_loss:  0.5148181915283203 reward_loss:  -25.740779876708984
epoch:  22 batch:  110 region_loss:  4.0 4.0 loc_loss:  0.3047187614440918 reward_loss:  -15.235971450805664
epoch:  22 batch:  120 region_loss:  5.0 5.0 loc_loss:  0.33310630798339846 reward_loss:  -16.655380249023438
epoch:  22 batch:  130 region_loss:  7.0 7.0 loc_loss:  0.5087029266357422 reward_loss:  -25.43518829345703
acc@1:  0.13922859830667922
epoch: 22 region loss 0.17051094890510948 loc loss 0.567491140992102 reward loss -28.37454843521118
epoch:  23 batch:  0 region_loss:  10.0 10.0 loc_loss:  0.6339541625976562 reward_loss:  -31.697731018066406
epoch:  23 batch:  10 region_loss:  10.0 10.0 loc_loss:  0.6687725830078125 reward_loss:  -33.43895721435547
epoch:  23 batch:  20 region_loss:  10.0 10.0 loc_loss:  0.5934757995605469 reward_loss:  -29.673982620239258
epoch:  23 batch:  30 region_loss:  10.0 10.0 loc_loss:  0.6281913757324219 reward_loss:  -31.40984344482422
epoch:  23 batch:  40 region_loss:  10.0 10.0 loc_loss:  0.733912353515625 reward_loss:  -36.69546127319336
epoch:  23 batch:  50 region_loss:  10.0 10.0 loc_loss:  0.615190658569336 reward_loss:  -30.759517669677734
epoch:  23 batch:  60 region_loss:  10.0 10.0 loc_loss:  0.6553342437744141 reward_loss:  -32.76655960083008
epoch:  23 batch:  70 region_loss:  10.0 10.0 loc_loss:  0.6211625671386719 reward_loss:  -31.05777931213379
epoch:  23 batch:  80 region_loss:  10.0 10.0 loc_loss:  0.6979224395751953 reward_loss:  -34.89631271362305
epoch:  23 batch:  90 region_loss:  6.0 6.0 loc_loss:  0.4122027587890625 reward_loss:  -20.61028289794922
epoch:  23 batch:  100 region_loss:  8.0 8.0 loc_loss:  0.49207324981689454 reward_loss:  -24.60345458984375
epoch:  23 batch:  110 region_loss:  4.0 4.0 loc_loss:  0.28892576217651367 reward_loss:  -14.446433067321777
epoch:  23 batch:  120 region_loss:  5.0 5.0 loc_loss:  0.3158060836791992 reward_loss:  -15.79024887084961
epoch:  23 batch:  130 region_loss:  7.0 7.0 loc_loss:  0.4868521499633789 reward_loss:  -24.342533111572266
acc@1:  0.1354656632173095
epoch: 23 region loss 0.17051094890510948 loc loss 0.5432987212438654 reward loss -27.164959131366146
epoch:  24 batch:  0 region_loss:  10.0 10.0 loc_loss:  0.6048559188842774 reward_loss:  -30.242694854736328
epoch:  24 batch:  10 region_loss:  10.0 10.0 loc_loss:  0.6401768493652343 reward_loss:  -32.00891876220703
epoch:  24 batch:  20 region_loss:  10.0 10.0 loc_loss:  0.5705934143066407 reward_loss:  -28.530052185058594
epoch:  24 batch:  30 region_loss:  10.0 10.0 loc_loss:  0.5996166229248047 reward_loss:  -29.98143196105957
epoch:  24 batch:  40 region_loss:  10.0 10.0 loc_loss:  0.7068934631347656 reward_loss:  -35.34474563598633
epoch:  24 batch:  50 region_loss:  10.0 10.0 loc_loss:  0.5889258193969726 reward_loss:  -29.446239471435547
epoch:  24 batch:  60 region_loss:  10.0 10.0 loc_loss:  0.6251859283447265 reward_loss:  -31.25912857055664
epoch:  24 batch:  70 region_loss:  10.0 10.0 loc_loss:  0.5945186233520507 reward_loss:  -29.725866317749023
epoch:  24 batch:  80 region_loss:  10.0 10.0 loc_loss:  0.6670413208007813 reward_loss:  -33.35210037231445
epoch:  24 batch:  90 region_loss:  6.0 6.0 loc_loss:  0.3934934616088867 reward_loss:  -19.674951553344727
epoch:  24 batch:  100 region_loss:  8.0 8.0 loc_loss:  0.4703659439086914 reward_loss:  -23.518484115600586
epoch:  24 batch:  110 region_loss:  4.0 4.0 loc_loss:  0.2748773193359375 reward_loss:  -13.743709564208984
epoch:  24 batch:  120 region_loss:  5.0 5.0 loc_loss:  0.2994148445129394 reward_loss:  -14.970698356628418
epoch:  24 batch:  130 region_loss:  7.0 7.0 loc_loss:  0.4640719604492187 reward_loss:  -23.203510284423828
acc@1:  0.1349952963311383
epoch: 24 region loss 0.17051094890510948 loc loss 0.5201508481659158 reward loss -26.0075538419459
epoch:  25 batch:  0 region_loss:  10.0 10.0 loc_loss:  0.5770979690551757 reward_loss:  -28.8542537689209
epoch:  25 batch:  10 region_loss:  10.0 10.0 loc_loss:  0.6123776245117187 reward_loss:  -30.61871910095215
epoch:  25 batch:  20 region_loss:  10.0 10.0 loc_loss:  0.5485457992553711 reward_loss:  -27.426753997802734
epoch:  25 batch:  30 region_loss:  10.0 10.0 loc_loss:  0.5725174331665039 reward_loss:  -28.62602424621582
epoch:  25 batch:  40 region_loss:  10.0 10.0 loc_loss:  0.6802391052246094 reward_loss:  -34.01213455200195
epoch:  25 batch:  50 region_loss:  10.0 10.0 loc_loss:  0.5650741958618164 reward_loss:  -28.25364875793457
epoch:  25 batch:  60 region_loss:  10.0 10.0 loc_loss:  0.5963960647583008 reward_loss:  -29.820058822631836
epoch:  25 batch:  70 region_loss:  10.0 10.0 loc_loss:  0.5692787170410156 reward_loss:  -28.463764190673828
epoch:  25 batch:  80 region_loss:  10.0 10.0 loc_loss:  0.6381962203979492 reward_loss:  -31.909866333007812
epoch:  25 batch:  90 region_loss:  6.0 6.0 loc_loss:  0.37530055999755857 reward_loss:  -18.76508331298828
epoch:  25 batch:  100 region_loss:  8.0 8.0 loc_loss:  0.4484940719604492 reward_loss:  -22.424259185791016
epoch:  25 batch:  110 region_loss:  4.0 4.0 loc_loss:  0.260775146484375 reward_loss:  -13.038496971130371
epoch:  25 batch:  120 region_loss:  5.0 5.0 loc_loss:  0.2836355400085449 reward_loss:  -14.181845664978027
epoch:  25 batch:  130 region_loss:  7.0 7.0 loc_loss:  0.44317840576171874 reward_loss:  -22.159029006958008
acc@1:  0.13029162746942616
epoch: 25 region loss 0.17051094890510948 loc loss 0.49802423198727797 reward loss -24.90121264701342
epoch:  26 batch:  0 region_loss:  10.0 10.0 loc_loss:  0.550935287475586 reward_loss:  -27.546720504760742
epoch:  26 batch:  10 region_loss:  10.0 10.0 loc_loss:  0.5865438842773437 reward_loss:  -29.327232360839844
epoch:  26 batch:  20 region_loss:  10.0 10.0 loc_loss:  0.5288145446777344 reward_loss:  -26.441137313842773
epoch:  26 batch:  30 region_loss:  10.0 10.0 loc_loss:  0.5465328216552734 reward_loss:  -27.32655143737793
epoch:  26 batch:  40 region_loss:  10.0 10.0 loc_loss:  0.6544319915771485 reward_loss:  -32.7218132019043
epoch:  26 batch:  50 region_loss:  10.0 10.0 loc_loss:  0.5422811126708984 reward_loss:  -27.114154815673828
epoch:  26 batch:  60 region_loss:  10.0 10.0 loc_loss:  0.5687042999267579 reward_loss:  -28.435012817382812
epoch:  26 batch:  70 region_loss:  10.0 10.0 loc_loss:  0.5451238250732422 reward_loss:  -27.256223678588867
epoch:  26 batch:  80 region_loss:  10.0 10.0 loc_loss:  0.6098874282836914 reward_loss:  -30.494564056396484
epoch:  26 batch:  90 region_loss:  6.0 6.0 loc_loss:  0.35726203918457033 reward_loss:  -17.86319351196289
epoch:  26 batch:  100 region_loss:  8.0 8.0 loc_loss:  0.4278394317626953 reward_loss:  -21.39166831970215
epoch:  26 batch:  110 region_loss:  4.0 4.0 loc_loss:  0.24672052383422852 reward_loss:  -12.335987091064453
epoch:  26 batch:  120 region_loss:  5.0 5.0 loc_loss:  0.26863033294677735 reward_loss:  -13.431591033935547
epoch:  26 batch:  130 region_loss:  7.0 7.0 loc_loss:  0.4225376892089844 reward_loss:  -21.12714195251465
acc@1:  0.1288805268109125
epoch: 26 region loss 0.17051094890510948 loc loss 0.4767071611167741 reward loss -23.835376955296873
epoch:  27 batch:  0 region_loss:  10.0 10.0 loc_loss:  0.5258355331420899 reward_loss:  -26.291736602783203
epoch:  27 batch:  10 region_loss:  10.0 10.0 loc_loss:  0.5615037155151367 reward_loss:  -28.075523376464844
epoch:  27 batch:  20 region_loss:  10.0 10.0 loc_loss:  0.5086499786376953 reward_loss:  -25.432518005371094
epoch:  27 batch:  30 region_loss:  10.0 10.0 loc_loss:  0.5217288208007812 reward_loss:  -26.086811065673828
epoch:  27 batch:  40 region_loss:  10.0 10.0 loc_loss:  0.629515266418457 reward_loss:  -31.475955963134766
epoch:  27 batch:  50 region_loss:  10.0 10.0 loc_loss:  0.5190330123901368 reward_loss:  -25.95193862915039
epoch:  27 batch:  60 region_loss:  10.0 10.0 loc_loss:  0.5425321197509766 reward_loss:  -27.12686538696289
epoch:  27 batch:  70 region_loss:  10.0 10.0 loc_loss:  0.5221169662475585 reward_loss:  -26.106334686279297
epoch:  27 batch:  80 region_loss:  10.0 10.0 loc_loss:  0.5826433181762696 reward_loss:  -29.131929397583008
epoch:  27 batch:  90 region_loss:  6.0 6.0 loc_loss:  0.3401340484619141 reward_loss:  -17.006595611572266
epoch:  27 batch:  100 region_loss:  8.0 8.0 loc_loss:  0.4085350036621094 reward_loss:  -20.426664352416992
epoch:  27 batch:  110 region_loss:  4.0 4.0 loc_loss:  0.23370967864990233 reward_loss:  -11.685625076293945
epoch:  27 batch:  120 region_loss:  5.0 5.0 loc_loss:  0.2542626571655273 reward_loss:  -12.712882041931152
epoch:  27 batch:  130 region_loss:  7.0 7.0 loc_loss:  0.4025875473022461 reward_loss:  -20.12933349609375
acc@1:  0.12558795860771402
epoch: 27 region loss 0.17051094890510948 loc loss 0.45628497297746423 reward loss -22.814277857759574
epoch:  28 batch:  0 region_loss:  10.0 10.0 loc_loss:  0.501669921875 reward_loss:  -25.083505630493164
epoch:  28 batch:  10 region_loss:  10.0 10.0 loc_loss:  0.536466064453125 reward_loss:  -26.82345962524414
epoch:  28 batch:  20 region_loss:  10.0 10.0 loc_loss:  0.489613037109375 reward_loss:  -24.480430603027344
epoch:  28 batch:  30 region_loss:  10.0 10.0 loc_loss:  0.49747554779052733 reward_loss:  -24.873737335205078
epoch:  28 batch:  40 region_loss:  10.0 10.0 loc_loss:  0.6041324615478516 reward_loss:  -30.20648193359375
epoch:  28 batch:  50 region_loss:  10.0 10.0 loc_loss:  0.4974077224731445 reward_loss:  -24.870319366455078
epoch:  28 batch:  60 region_loss:  10.0 10.0 loc_loss:  0.5168671798706055 reward_loss:  -25.843751907348633
epoch:  28 batch:  70 region_loss:  10.0 10.0 loc_loss:  0.5006738662719726 reward_loss:  -25.033266067504883
epoch:  28 batch:  80 region_loss:  10.0 10.0 loc_loss:  0.555709342956543 reward_loss:  -27.785600662231445
epoch:  28 batch:  90 region_loss:  6.0 6.0 loc_loss:  0.3231039047241211 reward_loss:  -16.155147552490234
epoch:  28 batch:  100 region_loss:  8.0 8.0 loc_loss:  0.38847793579101564 reward_loss:  -19.424121856689453
epoch:  28 batch:  110 region_loss:  4.0 4.0 loc_loss:  0.22130786895751953 reward_loss:  -11.065483093261719
epoch:  28 batch:  120 region_loss:  5.0 5.0 loc_loss:  0.24050039291381836 reward_loss:  -12.024931907653809
epoch:  28 batch:  130 region_loss:  7.0 7.0 loc_loss:  0.383199462890625 reward_loss:  -19.15982437133789
acc@1:  0.1279397930385701
epoch: 28 region loss 0.17051094890510948 loc loss 0.4363890965315547 reward loss -21.81946081314644
epoch:  29 batch:  0 region_loss:  10.0 10.0 loc_loss:  0.4779938507080078 reward_loss:  -23.89946746826172
epoch:  29 batch:  10 region_loss:  10.0 10.0 loc_loss:  0.5135843658447266 reward_loss:  -25.679237365722656
epoch:  29 batch:  20 region_loss:  10.0 10.0 loc_loss:  0.4706787109375 reward_loss:  -23.533931732177734
epoch:  29 batch:  30 region_loss:  10.0 10.0 loc_loss:  0.47490524291992187 reward_loss:  -23.745250701904297
epoch:  29 batch:  40 region_loss:  10.0 10.0 loc_loss:  0.579949073791504 reward_loss:  -28.997264862060547
epoch:  29 batch:  50 region_loss:  10.0 10.0 loc_loss:  0.47592525482177733 reward_loss:  -23.79636573791504
epoch:  29 batch:  60 region_loss:  10.0 10.0 loc_loss:  0.492919921875 reward_loss:  -24.64590835571289
epoch:  29 batch:  70 region_loss:  10.0 10.0 loc_loss:  0.47844528198242187 reward_loss:  -23.922367095947266
epoch:  29 batch:  80 region_loss:  10.0 10.0 loc_loss:  0.5296523284912109 reward_loss:  -26.482797622680664
epoch:  29 batch:  90 region_loss:  6.0 6.0 loc_loss:  0.30804195404052737 reward_loss:  -15.40202808380127
epoch:  29 batch:  100 region_loss:  8.0 8.0 loc_loss:  0.3708546829223633 reward_loss:  -18.54288101196289
epoch:  29 batch:  110 region_loss:  4.0 4.0 loc_loss:  0.2094141960144043 reward_loss:  -10.470720291137695
epoch:  29 batch:  120 region_loss:  5.0 5.0 loc_loss:  0.22726865768432616 reward_loss:  -11.36314582824707
epoch:  29 batch:  130 region_loss:  7.0 7.0 loc_loss:  0.3649804306030273 reward_loss:  -18.2492618560791
acc@1:  0.12417685794920037
epoch: 29 region loss 0.17051094890510948 loc loss 0.4172653674731289 reward loss -20.86327361190406
epoch:  30 batch:  0 region_loss:  10.0 10.0 loc_loss:  0.4560126495361328 reward_loss:  -22.800769805908203
epoch:  30 batch:  10 region_loss:  10.0 10.0 loc_loss:  0.4913672637939453 reward_loss:  -24.568384170532227
epoch:  30 batch:  20 region_loss:  10.0 10.0 loc_loss:  0.45365859985351564 reward_loss:  -22.682722091674805
epoch:  30 batch:  30 region_loss:  10.0 10.0 loc_loss:  0.45217674255371093 reward_loss:  -22.608625411987305
epoch:  30 batch:  40 region_loss:  10.0 10.0 loc_loss:  0.5564011383056641 reward_loss:  -27.819656372070312
epoch:  30 batch:  50 region_loss:  10.0 10.0 loc_loss:  0.4561957550048828 reward_loss:  -22.809743881225586
epoch:  30 batch:  60 region_loss:  10.0 10.0 loc_loss:  0.46907978057861327 reward_loss:  -23.453956604003906
epoch:  30 batch:  70 region_loss:  10.0 10.0 loc_loss:  0.45790206909179687 reward_loss:  -22.89510154724121
epoch:  30 batch:  80 region_loss:  10.0 10.0 loc_loss:  0.5044309234619141 reward_loss:  -25.221506118774414
epoch:  30 batch:  90 region_loss:  6.0 6.0 loc_loss:  0.2917270088195801 reward_loss:  -14.586226463317871
epoch:  30 batch:  100 region_loss:  8.0 8.0 loc_loss:  0.3523761749267578 reward_loss:  -17.618972778320312
epoch:  30 batch:  110 region_loss:  4.0 4.0 loc_loss:  0.1971377944946289 reward_loss:  -9.85704231262207
epoch:  30 batch:  120 region_loss:  5.0 5.0 loc_loss:  0.21446969985961914 reward_loss:  -10.72329330444336
epoch:  30 batch:  130 region_loss:  7.0 7.0 loc_loss:  0.34678600311279295 reward_loss:  -17.339237213134766
acc@1:  0.12370649106302917
epoch: 30 region loss 0.17051094890510948 loc loss 0.39870637058341596 reward loss -19.935308985466506
epoch:  31 batch:  0 region_loss:  10.0 10.0 loc_loss:  0.43421531677246095 reward_loss:  -21.71066665649414
epoch:  31 batch:  10 region_loss:  10.0 10.0 loc_loss:  0.4706068801879883 reward_loss:  -23.53009796142578
epoch:  31 batch:  20 region_loss:  10.0 10.0 loc_loss:  0.43599586486816405 reward_loss:  -21.799880981445312
epoch:  31 batch:  30 region_loss:  10.0 10.0 loc_loss:  0.4311770248413086 reward_loss:  -21.558963775634766
epoch:  31 batch:  40 region_loss:  10.0 10.0 loc_loss:  0.5337094116210938 reward_loss:  -26.685550689697266
epoch:  31 batch:  50 region_loss:  10.0 10.0 loc_loss:  0.43593921661376955 reward_loss:  -21.79694175720215
epoch:  31 batch:  60 region_loss:  10.0 10.0 loc_loss:  0.4470113754272461 reward_loss:  -22.350252151489258
epoch:  31 batch:  70 region_loss:  10.0 10.0 loc_loss:  0.4370068359375 reward_loss:  -21.85020637512207
epoch:  31 batch:  80 region_loss:  10.0 10.0 loc_loss:  0.4798190307617187 reward_loss:  -23.99078369140625
epoch:  31 batch:  90 region_loss:  6.0 6.0 loc_loss:  0.2770747184753418 reward_loss:  -13.853630065917969
epoch:  31 batch:  100 region_loss:  8.0 8.0 loc_loss:  0.3349509811401367 reward_loss:  -16.747623443603516
epoch:  31 batch:  110 region_loss:  4.0 4.0 loc_loss:  0.18610715866088867 reward_loss:  -9.305520057678223
epoch:  31 batch:  120 region_loss:  5.0 5.0 loc_loss:  0.20220083236694336 reward_loss:  -10.110112190246582
epoch:  31 batch:  130 region_loss:  7.0 7.0 loc_loss:  0.32881187438964843 reward_loss:  -16.440576553344727
acc@1:  0.12276575729068674
epoch: 31 region loss 0.17051094890510948 loc loss 0.38071154810216307 reward loss -19.035562724092582
epoch:  32 batch:  0 region_loss:  10.0 10.0 loc_loss:  0.41277030944824217 reward_loss:  -20.638317108154297
epoch:  32 batch:  10 region_loss:  10.0 10.0 loc_loss:  0.4494055938720703 reward_loss:  -22.470497131347656
epoch:  32 batch:  20 region_loss:  10.0 10.0 loc_loss:  0.4188285064697266 reward_loss:  -20.941720962524414
epoch:  32 batch:  30 region_loss:  10.0 10.0 loc_loss:  0.41047996520996094 reward_loss:  -20.5240535736084
epoch:  32 batch:  40 region_loss:  10.0 10.0 loc_loss:  0.5104769515991211 reward_loss:  -25.523921966552734
epoch:  32 batch:  50 region_loss:  10.0 10.0 loc_loss:  0.416675910949707 reward_loss:  -20.833736419677734
epoch:  32 batch:  60 region_loss:  10.0 10.0 loc_loss:  0.42515800476074217 reward_loss:  -21.25766372680664
epoch:  32 batch:  70 region_loss:  10.0 10.0 loc_loss:  0.41780681610107423 reward_loss:  -20.890491485595703
epoch:  32 batch:  80 region_loss:  10.0 10.0 loc_loss:  0.4552420043945313 reward_loss:  -22.761978149414062
epoch:  32 batch:  90 region_loss:  6.0 6.0 loc_loss:  0.26181751251220703 reward_loss:  -13.090703964233398
epoch:  32 batch:  100 region_loss:  8.0 8.0 loc_loss:  0.31847448348999025 reward_loss:  -15.923657417297363
epoch:  32 batch:  110 region_loss:  4.0 4.0 loc_loss:  0.17566509246826173 reward_loss:  -8.783114433288574
epoch:  32 batch:  120 region_loss:  5.0 5.0 loc_loss:  0.19048566818237306 reward_loss:  -9.52430534362793
epoch:  32 batch:  130 region_loss:  7.0 7.0 loc_loss:  0.3122648048400879 reward_loss:  -15.613265991210938
acc@1:  0.11900282220131703
epoch: 32 region loss 0.17051094890510948 loc loss 0.3630980710217553 reward loss -18.154886358845843
epoch:  33 batch:  0 region_loss:  10.0 10.0 loc_loss:  0.3927927017211914 reward_loss:  -19.63996696472168
epoch:  33 batch:  10 region_loss:  10.0 10.0 loc_loss:  0.42810302734375 reward_loss:  -21.40506935119629
epoch:  33 batch:  20 region_loss:  10.0 10.0 loc_loss:  0.4021576309204102 reward_loss:  -20.108137130737305
epoch:  33 batch:  30 region_loss:  10.0 10.0 loc_loss:  0.3907079315185547 reward_loss:  -19.53561019897461
epoch:  33 batch:  40 region_loss:  10.0 10.0 loc_loss:  0.4882479476928711 reward_loss:  -24.41250991821289
epoch:  33 batch:  50 region_loss:  10.0 10.0 loc_loss:  0.3964889144897461 reward_loss:  -19.82432746887207
epoch:  33 batch:  60 region_loss:  10.0 10.0 loc_loss:  0.4033941650390625 reward_loss:  -20.169898986816406
epoch:  33 batch:  70 region_loss:  10.0 10.0 loc_loss:  0.3991703414916992 reward_loss:  -19.958311080932617
epoch:  33 batch:  80 region_loss:  10.0 10.0 loc_loss:  0.43257606506347657 reward_loss:  -21.6287784576416
epoch:  33 batch:  90 region_loss:  6.0 6.0 loc_loss:  0.24796367645263673 reward_loss:  -12.39803695678711
epoch:  33 batch:  100 region_loss:  8.0 8.0 loc_loss:  0.30221727371215823 reward_loss:  -15.110860824584961
epoch:  33 batch:  110 region_loss:  4.0 4.0 loc_loss:  0.16462533950805663 reward_loss:  -8.23101806640625
epoch:  33 batch:  120 region_loss:  5.0 5.0 loc_loss:  0.1789972686767578 reward_loss:  -8.949951171875
epoch:  33 batch:  130 region_loss:  7.0 7.0 loc_loss:  0.29517011642456054 reward_loss:  -14.758524894714355
acc@1:  0.1213546566321731
epoch: 33 region loss 0.17051094890510948 loc loss 0.34607394977207606 reward loss -17.303707357740752
epoch:  34 batch:  0 region_loss:  10.0 10.0 loc_loss:  0.3732341384887695 reward_loss:  -18.66204071044922
epoch:  34 batch:  10 region_loss:  10.0 10.0 loc_loss:  0.40840747833251956 reward_loss:  -20.42012596130371
epoch:  34 batch:  20 region_loss:  10.0 10.0 loc_loss:  0.38560005187988283 reward_loss:  -19.280241012573242
epoch:  34 batch:  30 region_loss:  10.0 10.0 loc_loss:  0.37134910583496095 reward_loss:  -18.567007064819336
epoch:  34 batch:  40 region_loss:  10.0 10.0 loc_loss:  0.4669225311279297 reward_loss:  -23.346052169799805
epoch:  34 batch:  50 region_loss:  10.0 10.0 loc_loss:  0.37904144287109376 reward_loss:  -18.952363967895508
epoch:  34 batch:  60 region_loss:  10.0 10.0 loc_loss:  0.38338058471679687 reward_loss:  -19.169267654418945
epoch:  34 batch:  70 region_loss:  10.0 10.0 loc_loss:  0.38001407623291017 reward_loss:  -19.000871658325195
epoch:  34 batch:  80 region_loss:  10.0 10.0 loc_loss:  0.4096696853637695 reward_loss:  -20.483654022216797
epoch:  34 batch:  90 region_loss:  6.0 6.0 loc_loss:  0.23452348709106446 reward_loss:  -11.726297378540039
epoch:  34 batch:  100 region_loss:  8.0 8.0 loc_loss:  0.2865338897705078 reward_loss:  -14.327138900756836
epoch:  34 batch:  110 region_loss:  4.0 4.0 loc_loss:  0.15485487937927245 reward_loss:  -7.742863655090332
epoch:  34 batch:  120 region_loss:  5.0 5.0 loc_loss:  0.1683268928527832 reward_loss:  -8.416376113891602
epoch:  34 batch:  130 region_loss:  7.0 7.0 loc_loss:  0.2794025802612305 reward_loss:  -13.970170974731445
acc@1:  0.12088428974600188
epoch: 34 region loss 0.17051094890510948 loc loss 0.3295897851025101 reward loss -16.479496806207365
epoch:  35 batch:  0 region_loss:  10.0 10.0 loc_loss:  0.3544338607788086 reward_loss:  -17.721729278564453
epoch:  35 batch:  10 region_loss:  10.0 10.0 loc_loss:  0.38936653137207033 reward_loss:  -19.46868324279785
epoch:  35 batch:  20 region_loss:  10.0 10.0 loc_loss:  0.37086849212646483 reward_loss:  -18.54319190979004
epoch:  35 batch:  30 region_loss:  10.0 10.0 loc_loss:  0.3514613342285156 reward_loss:  -17.572839736938477
epoch:  35 batch:  40 region_loss:  10.0 10.0 loc_loss:  0.4463272857666016 reward_loss:  -22.31627655029297
epoch:  35 batch:  50 region_loss:  10.0 10.0 loc_loss:  0.36084732055664065 reward_loss:  -18.042583465576172
epoch:  35 batch:  60 region_loss:  10.0 10.0 loc_loss:  0.3639673614501953 reward_loss:  -18.198333740234375
epoch:  35 batch:  70 region_loss:  10.0 10.0 loc_loss:  0.3622970199584961 reward_loss:  -18.114992141723633
epoch:  35 batch:  80 region_loss:  10.0 10.0 loc_loss:  0.38760948181152344 reward_loss:  -19.380346298217773
epoch:  35 batch:  90 region_loss:  6.0 6.0 loc_loss:  0.22054431915283204 reward_loss:  -11.027059555053711
epoch:  35 batch:  100 region_loss:  8.0 8.0 loc_loss:  0.27046207427978514 reward_loss:  -13.522906303405762
epoch:  35 batch:  110 region_loss:  4.0 4.0 loc_loss:  0.14464982986450195 reward_loss:  -7.232570648193359
epoch:  35 batch:  120 region_loss:  5.0 5.0 loc_loss:  0.15779474258422851 reward_loss:  -7.889784336090088
epoch:  35 batch:  130 region_loss:  7.0 7.0 loc_loss:  0.2645434951782227 reward_loss:  -13.227100372314453
acc@1:  0.11382878645343368
epoch: 35 region loss 0.17051094890510948 loc loss 0.31359641061212024 reward loss -15.679797657214813
epoch:  36 batch:  0 region_loss:  10.0 10.0 loc_loss:  0.3357501983642578 reward_loss:  -16.787567138671875
epoch:  36 batch:  10 region_loss:  10.0 10.0 loc_loss:  0.3706435394287109 reward_loss:  -18.5321044921875
epoch:  36 batch:  20 region_loss:  10.0 10.0 loc_loss:  0.35524635314941405 reward_loss:  -17.762378692626953
epoch:  36 batch:  30 region_loss:  10.0 10.0 loc_loss:  0.33428043365478516 reward_loss:  -16.71392822265625
epoch:  36 batch:  40 region_loss:  10.0 10.0 loc_loss:  0.4247103118896484 reward_loss:  -21.23556137084961
epoch:  36 batch:  50 region_loss:  10.0 10.0 loc_loss:  0.34312671661376953 reward_loss:  -17.156381607055664
epoch:  36 batch:  60 region_loss:  10.0 10.0 loc_loss:  0.34452713012695313 reward_loss:  -17.226667404174805
epoch:  36 batch:  70 region_loss:  10.0 10.0 loc_loss:  0.34478012084960935 reward_loss:  -17.23897361755371
epoch:  36 batch:  80 region_loss:  10.0 10.0 loc_loss:  0.36528987884521485 reward_loss:  -18.264150619506836
epoch:  36 batch:  90 region_loss:  6.0 6.0 loc_loss:  0.2080999183654785 reward_loss:  -10.405000686645508
epoch:  36 batch:  100 region_loss:  8.0 8.0 loc_loss:  0.2563947868347168 reward_loss:  -12.81971549987793
epoch:  36 batch:  110 region_loss:  4.0 4.0 loc_loss:  0.13550594329833984 reward_loss:  -6.775503158569336
epoch:  36 batch:  120 region_loss:  5.0 5.0 loc_loss:  0.14850109100341796 reward_loss:  -7.425175666809082
epoch:  36 batch:  130 region_loss:  7.0 7.0 loc_loss:  0.2487973976135254 reward_loss:  -12.43979549407959
acc@1:  0.11618062088428975
epoch: 36 region loss 0.17051094890510948 loc loss 0.29810505529389764 reward loss -14.905250262169943
epoch:  37 batch:  0 region_loss:  10.0 10.0 loc_loss:  0.3185462951660156 reward_loss:  -15.92728328704834
epoch:  37 batch:  10 region_loss:  10.0 10.0 loc_loss:  0.35140117645263674 reward_loss:  -17.5699462890625
epoch:  37 batch:  20 region_loss:  10.0 10.0 loc_loss:  0.34107131958007814 reward_loss:  -17.05343246459961
epoch:  37 batch:  30 region_loss:  10.0 10.0 loc_loss:  0.31711204528808595 reward_loss:  -15.85549545288086
epoch:  37 batch:  40 region_loss:  10.0 10.0 loc_loss:  0.4055842590332031 reward_loss:  -20.27953338623047
epoch:  37 batch:  50 region_loss:  10.0 10.0 loc_loss:  0.3258028793334961 reward_loss:  -16.289981842041016
epoch:  37 batch:  60 region_loss:  10.0 10.0 loc_loss:  0.3261698532104492 reward_loss:  -16.30857276916504
epoch:  37 batch:  70 region_loss:  10.0 10.0 loc_loss:  0.3277787780761719 reward_loss:  -16.38878631591797
epoch:  37 batch:  80 region_loss:  10.0 10.0 loc_loss:  0.3445862197875977 reward_loss:  -17.229663848876953
epoch:  37 batch:  90 region_loss:  6.0 6.0 loc_loss:  0.19494140625 reward_loss:  -9.747111320495605
epoch:  37 batch:  100 region_loss:  8.0 8.0 loc_loss:  0.2424979591369629 reward_loss:  -12.124985694885254
epoch:  37 batch:  110 region_loss:  4.0 4.0 loc_loss:  0.12617745399475097 reward_loss:  -6.309001922607422
epoch:  37 batch:  120 region_loss:  5.0 5.0 loc_loss:  0.1388230323791504 reward_loss:  -6.941244602203369
epoch:  37 batch:  130 region_loss:  7.0 7.0 loc_loss:  0.23530281066894532 reward_loss:  -11.765101432800293
acc@1:  0.11241768579492004
epoch: 37 region loss 0.17051094890510948 loc loss 0.28317103648707814 reward loss -14.158560243836284
epoch:  38 batch:  0 region_loss:  10.0 10.0 loc_loss:  0.30058414459228516 reward_loss:  -15.029401779174805
epoch:  38 batch:  10 region_loss:  10.0 10.0 loc_loss:  0.33490493774414065 reward_loss:  -16.74549674987793
epoch:  38 batch:  20 region_loss:  10.0 10.0 loc_loss:  0.326946907043457 reward_loss:  -16.347293853759766
epoch:  38 batch:  30 region_loss:  10.0 10.0 loc_loss:  0.299176025390625 reward_loss:  -14.958931922912598
epoch:  38 batch:  40 region_loss:  10.0 10.0 loc_loss:  0.38550662994384766 reward_loss:  -19.275312423706055
epoch:  38 batch:  50 region_loss:  10.0 10.0 loc_loss:  0.3092301559448242 reward_loss:  -15.461217880249023
epoch:  38 batch:  60 region_loss:  10.0 10.0 loc_loss:  0.3081775093078613 reward_loss:  -15.409516334533691
epoch:  38 batch:  70 region_loss:  10.0 10.0 loc_loss:  0.31077693939208983 reward_loss:  -15.538997650146484
epoch:  38 batch:  80 region_loss:  10.0 10.0 loc_loss:  0.32496883392333986 reward_loss:  -16.248498916625977
epoch:  38 batch:  90 region_loss:  6.0 6.0 loc_loss:  0.18237619400024413 reward_loss:  -9.118556022644043
epoch:  38 batch:  100 region_loss:  8.0 8.0 loc_loss:  0.22928287506103515 reward_loss:  -11.46396255493164
epoch:  38 batch:  110 region_loss:  4.0 4.0 loc_loss:  0.1177669906616211 reward_loss:  -5.888393402099609
epoch:  38 batch:  120 region_loss:  5.0 5.0 loc_loss:  0.12988659858703613 reward_loss:  -6.494317054748535
epoch:  38 batch:  130 region_loss:  7.0 7.0 loc_loss:  0.22060367584228516 reward_loss:  -11.03028392791748
acc@1:  0.11147695202257761
epoch: 38 region loss 0.17051094890510948 loc loss 0.26871912862262587 reward loss -13.43595253203037
epoch:  39 batch:  0 region_loss:  10.0 10.0 loc_loss:  0.2848139190673828 reward_loss:  -14.240522384643555
epoch:  39 batch:  10 region_loss:  10.0 10.0 loc_loss:  0.31774393081665037 reward_loss:  -15.887072563171387
epoch:  39 batch:  20 region_loss:  10.0 10.0 loc_loss:  0.315169563293457 reward_loss:  -15.758699417114258
epoch:  39 batch:  30 region_loss:  10.0 10.0 loc_loss:  0.28322616577148435 reward_loss:  -14.161197662353516
epoch:  39 batch:  40 region_loss:  10.0 10.0 loc_loss:  0.36669029235839845 reward_loss:  -18.334209442138672
epoch:  39 batch:  50 region_loss:  10.0 10.0 loc_loss:  0.29329402923583986 reward_loss:  -14.66474723815918
epoch:  39 batch:  60 region_loss:  10.0 10.0 loc_loss:  0.2918950271606445 reward_loss:  -14.594841003417969
epoch:  39 batch:  70 region_loss:  10.0 10.0 loc_loss:  0.2947842597961426 reward_loss:  -14.739067077636719
epoch:  39 batch:  80 region_loss:  10.0 10.0 loc_loss:  0.30448917388916014 reward_loss:  -15.224366188049316
epoch:  39 batch:  90 region_loss:  6.0 6.0 loc_loss:  0.17150382995605468 reward_loss:  -8.575225830078125
epoch:  39 batch:  100 region_loss:  8.0 8.0 loc_loss:  0.21554445266723632 reward_loss:  -10.777374267578125
epoch:  39 batch:  110 region_loss:  4.0 4.0 loc_loss:  0.10965106964111328 reward_loss:  -5.482563018798828
epoch:  39 batch:  120 region_loss:  5.0 5.0 loc_loss:  0.1219236946105957 reward_loss:  -6.096203327178955
epoch:  39 batch:  130 region_loss:  7.0 7.0 loc_loss:  0.20766435623168944 reward_loss:  -10.383134841918945
acc@1:  0.10865475070555033
epoch: 39 region loss 0.17051094890510948 loc loss 0.25475712299346925 reward loss -12.73786181690049
epoch:  40 batch:  0 region_loss:  10.0 10.0 loc_loss:  0.268531436920166 reward_loss:  -13.426517486572266
epoch:  40 batch:  10 region_loss:  10.0 10.0 loc_loss:  0.3004994583129883 reward_loss:  -15.02454948425293
epoch:  40 batch:  20 region_loss:  10.0 10.0 loc_loss:  0.3025094985961914 reward_loss:  -15.12526798248291
epoch:  40 batch:  30 region_loss:  10.0 10.0 loc_loss:  0.2679156494140625 reward_loss:  -13.395901679992676
epoch:  40 batch:  40 region_loss:  10.0 10.0 loc_loss:  0.3477671813964844 reward_loss:  -17.38833236694336
epoch:  40 batch:  50 region_loss:  10.0 10.0 loc_loss:  0.27780790328979493 reward_loss:  -13.890459060668945
epoch:  40 batch:  60 region_loss:  10.0 10.0 loc_loss:  0.2752304458618164 reward_loss:  -13.761630058288574
epoch:  40 batch:  70 region_loss:  10.0 10.0 loc_loss:  0.2788425636291504 reward_loss:  -13.942089080810547
epoch:  40 batch:  80 region_loss:  10.0 10.0 loc_loss:  0.28647531509399415 reward_loss:  -14.324054718017578
epoch:  40 batch:  90 region_loss:  6.0 6.0 loc_loss:  0.16041059494018556 reward_loss:  -8.020468711853027
epoch:  40 batch:  100 region_loss:  8.0 8.0 loc_loss:  0.20358072280883788 reward_loss:  -10.1791410446167
epoch:  40 batch:  110 region_loss:  4.0 4.0 loc_loss:  0.10148331642150879 reward_loss:  -5.074120044708252
epoch:  40 batch:  120 region_loss:  5.0 5.0 loc_loss:  0.1138981533050537 reward_loss:  -5.69486665725708
epoch:  40 batch:  130 region_loss:  7.0 7.0 loc_loss:  0.19493270874023438 reward_loss:  -9.746705055236816
acc@1:  0.11053621825023519
epoch: 40 region loss 0.17051094890510948 loc loss 0.24137322364932431 reward loss -12.068642953016463
epoch:  41 batch:  0 region_loss:  10.0 10.0 loc_loss:  0.2542769241333008 reward_loss:  -12.714213371276855
epoch:  41 batch:  10 region_loss:  10.0 10.0 loc_loss:  0.2837191963195801 reward_loss:  -14.185881614685059
epoch:  41 batch:  20 region_loss:  10.0 10.0 loc_loss:  0.2934035491943359 reward_loss:  -14.670026779174805
epoch:  41 batch:  30 region_loss:  10.0 10.0 loc_loss:  0.25317079544067383 reward_loss:  -12.658246040344238
epoch:  41 batch:  40 region_loss:  10.0 10.0 loc_loss:  0.33037036895751953 reward_loss:  -16.518539428710938
epoch:  41 batch:  50 region_loss:  10.0 10.0 loc_loss:  0.26281251907348635 reward_loss:  -13.140786170959473
epoch:  41 batch:  60 region_loss:  10.0 10.0 loc_loss:  0.25986141204833985 reward_loss:  -12.99323558807373
epoch:  41 batch:  70 region_loss:  10.0 10.0 loc_loss:  0.2636137008666992 reward_loss:  -13.180278778076172
epoch:  41 batch:  80 region_loss:  10.0 10.0 loc_loss:  0.26807273864746095 reward_loss:  -13.403595924377441
epoch:  41 batch:  90 region_loss:  6.0 6.0 loc_loss:  0.14995113372802735 reward_loss:  -7.497786521911621
epoch:  41 batch:  100 region_loss:  8.0 8.0 loc_loss:  0.19009510040283203 reward_loss:  -9.504768371582031
epoch:  41 batch:  110 region_loss:  4.0 4.0 loc_loss:  0.09405174255371093 reward_loss:  -4.702532768249512
epoch:  41 batch:  120 region_loss:  5.0 5.0 loc_loss:  0.10652442932128907 reward_loss:  -5.326359748840332
epoch:  41 batch:  130 region_loss:  7.0 7.0 loc_loss:  0.18278284072875978 reward_loss:  -9.139135360717773
acc@1:  0.10677328316086547
epoch: 41 region loss 0.17051094890510948 loc loss 0.22831142514291472 reward loss -11.415586222697348
epoch:  42 batch:  0 region_loss:  10.0 10.0 loc_loss:  0.2393070411682129 reward_loss:  -11.965197563171387
epoch:  42 batch:  10 region_loss:  10.0 10.0 loc_loss:  0.2697348403930664 reward_loss:  -13.486854553222656
epoch:  42 batch:  20 region_loss:  10.0 10.0 loc_loss:  0.2834494972229004 reward_loss:  -14.172876358032227
epoch:  42 batch:  30 region_loss:  10.0 10.0 loc_loss:  0.24079450607299804 reward_loss:  -12.039709091186523
epoch:  42 batch:  40 region_loss:  10.0 10.0 loc_loss:  0.3125679588317871 reward_loss:  -15.628617286682129
epoch:  42 batch:  50 region_loss:  10.0 10.0 loc_loss:  0.249254150390625 reward_loss:  -12.463008880615234
epoch:  42 batch:  60 region_loss:  10.0 10.0 loc_loss:  0.24434947967529297 reward_loss:  -12.217571258544922
epoch:  42 batch:  70 region_loss:  10.0 10.0 loc_loss:  0.24916683197021483 reward_loss:  -12.45846939086914
epoch:  42 batch:  80 region_loss:  10.0 10.0 loc_loss:  0.2515243339538574 reward_loss:  -12.576252937316895
epoch:  42 batch:  90 region_loss:  6.0 6.0 loc_loss:  0.13966711044311522 reward_loss:  -6.983486175537109
epoch:  42 batch:  100 region_loss:  8.0 8.0 loc_loss:  0.17969993591308595 reward_loss:  -8.98496150970459
epoch:  42 batch:  110 region_loss:  4.0 4.0 loc_loss:  0.08748226165771485 reward_loss:  -4.374199867248535
epoch:  42 batch:  120 region_loss:  5.0 5.0 loc_loss:  0.0991502857208252 reward_loss:  -4.957523822784424
epoch:  42 batch:  130 region_loss:  7.0 7.0 loc_loss:  0.17066980361938477 reward_loss:  -8.533446311950684
acc@1:  0.10912511759172154
epoch: 42 region loss 0.17051094890510948 loc loss 0.21588241425743937 reward loss -10.794142729174482
epoch:  43 batch:  0 region_loss:  10.0 10.0 loc_loss:  0.2254644775390625 reward_loss:  -11.273323059082031
epoch:  43 batch:  10 region_loss:  10.0 10.0 loc_loss:  0.25419403076171876 reward_loss:  -12.709546089172363
epoch:  43 batch:  20 region_loss:  10.0 10.0 loc_loss:  0.2718734931945801 reward_loss:  -13.593960762023926
epoch:  43 batch:  30 region_loss:  10.0 10.0 loc_loss:  0.2260897636413574 reward_loss:  -11.304252624511719
epoch:  43 batch:  40 region_loss:  10.0 10.0 loc_loss:  0.2969352340698242 reward_loss:  -14.84665584564209
epoch:  43 batch:  50 region_loss:  10.0 10.0 loc_loss:  0.23665618896484375 reward_loss:  -11.832889556884766
epoch:  43 batch:  60 region_loss:  10.0 10.0 loc_loss:  0.2287672996520996 reward_loss:  -11.438468933105469
epoch:  43 batch:  70 region_loss:  10.0 10.0 loc_loss:  0.23481740951538085 reward_loss:  -11.740815162658691
epoch:  43 batch:  80 region_loss:  10.0 10.0 loc_loss:  0.23504356384277345 reward_loss:  -11.752077102661133
epoch:  43 batch:  90 region_loss:  6.0 6.0 loc_loss:  0.12943479537963867 reward_loss:  -6.47188663482666
epoch:  43 batch:  100 region_loss:  8.0 8.0 loc_loss:  0.16864057540893554 reward_loss:  -8.432037353515625
epoch:  43 batch:  110 region_loss:  4.0 4.0 loc_loss:  0.08074040412902832 reward_loss:  -4.037058353424072
epoch:  43 batch:  120 region_loss:  5.0 5.0 loc_loss:  0.09278617858886719 reward_loss:  -4.63930082321167
epoch:  43 batch:  130 region_loss:  7.0 7.0 loc_loss:  0.15952049255371092 reward_loss:  -7.975584030151367
acc@1:  0.10630291627469426
epoch: 43 region loss 0.17051094890510948 loc loss 0.20380517994400357 reward loss -10.190266293330785
epoch:  44 batch:  0 region_loss:  10.0 10.0 loc_loss:  0.21197109222412108 reward_loss:  -10.598506927490234
epoch:  44 batch:  10 region_loss:  10.0 10.0 loc_loss:  0.23977930068969727 reward_loss:  -11.98897647857666
epoch:  44 batch:  20 region_loss:  10.0 10.0 loc_loss:  0.25858612060546876 reward_loss:  -12.9290189743042
epoch:  44 batch:  30 region_loss:  10.0 10.0 loc_loss:  0.2128233528137207 reward_loss:  -10.641242027282715
epoch:  44 batch:  40 region_loss:  10.0 10.0 loc_loss:  0.2806526756286621 reward_loss:  -14.032663345336914
epoch:  44 batch:  50 region_loss:  10.0 10.0 loc_loss:  0.2233976364135742 reward_loss:  -11.169961929321289
epoch:  44 batch:  60 region_loss:  10.0 10.0 loc_loss:  0.2150334358215332 reward_loss:  -10.751494407653809
epoch:  44 batch:  70 region_loss:  10.0 10.0 loc_loss:  0.22181835174560546 reward_loss:  -11.091167449951172
epoch:  44 batch:  80 region_loss:  10.0 10.0 loc_loss:  0.21930770874023436 reward_loss:  -10.965280532836914
epoch:  44 batch:  90 region_loss:  6.0 6.0 loc_loss:  0.12096858978271484 reward_loss:  -6.048492431640625
epoch:  44 batch:  100 region_loss:  8.0 8.0 loc_loss:  0.15989638328552247 reward_loss:  -7.994925022125244
epoch:  44 batch:  110 region_loss:  4.0 4.0 loc_loss:  0.07460594177246094 reward_loss:  -3.7302615642547607
epoch:  44 batch:  120 region_loss:  5.0 5.0 loc_loss:  0.08646903991699219 reward_loss:  -4.323446273803711
epoch:  44 batch:  130 region_loss:  7.0 7.0 loc_loss:  0.14853084564208985 reward_loss:  -7.426383018493652
acc@1:  0.10724365004703669
epoch: 44 region loss 0.17051094890510948 loc loss 0.19238624269944907 reward loss -9.619305497973505
epoch:  45 batch:  0 region_loss:  10.0 10.0 loc_loss:  0.19932907104492187 reward_loss:  -9.966450691223145
epoch:  45 batch:  10 region_loss:  10.0 10.0 loc_loss:  0.22677770614624024 reward_loss:  -11.339028358459473
epoch:  45 batch:  20 region_loss:  10.0 10.0 loc_loss:  0.2443581008911133 reward_loss:  -12.21786880493164
epoch:  45 batch:  30 region_loss:  10.0 10.0 loc_loss:  0.2005576515197754 reward_loss:  -10.027480125427246
epoch:  45 batch:  40 region_loss:  10.0 10.0 loc_loss:  0.2649582099914551 reward_loss:  -13.247882843017578
epoch:  45 batch:  50 region_loss:  10.0 10.0 loc_loss:  0.21238903045654298 reward_loss:  -10.619499206542969
epoch:  45 batch:  60 region_loss:  10.0 10.0 loc_loss:  0.20391714096069335 reward_loss:  -10.195716857910156
epoch:  45 batch:  70 region_loss:  10.0 10.0 loc_loss:  0.20943593978881836 reward_loss:  -10.472002983093262
epoch:  45 batch:  80 region_loss:  10.0 10.0 loc_loss:  0.20478248596191406 reward_loss:  -10.238936424255371
epoch:  45 batch:  90 region_loss:  6.0 6.0 loc_loss:  0.11227329254150391 reward_loss:  -5.613511085510254
epoch:  45 batch:  100 region_loss:  8.0 8.0 loc_loss:  0.14782340049743653 reward_loss:  -7.391179084777832
epoch:  45 batch:  110 region_loss:  4.0 4.0 loc_loss:  0.06935423374176025 reward_loss:  -3.4676568508148193
epoch:  45 batch:  120 region_loss:  5.0 5.0 loc_loss:  0.08049924850463867 reward_loss:  -4.024867057800293
epoch:  45 batch:  130 region_loss:  7.0 7.0 loc_loss:  0.13867826461791993 reward_loss:  -6.933985710144043
acc@1:  0.10442144873000941
epoch: 45 region loss 0.17051094890510948 loc loss 0.1813642907055625 reward loss -9.068219836610947
epoch:  46 batch:  0 region_loss:  10.0 10.0 loc_loss:  0.18689315795898437 reward_loss:  -9.344518661499023
epoch:  46 batch:  10 region_loss:  10.0 10.0 loc_loss:  0.21319276809692383 reward_loss:  -10.65979290008545
epoch:  46 batch:  20 region_loss:  10.0 10.0 loc_loss:  0.23223777770996093 reward_loss:  -11.61184024810791
epoch:  46 batch:  30 region_loss:  10.0 10.0 loc_loss:  0.18845083236694335 reward_loss:  -9.422483444213867
epoch:  46 batch:  40 region_loss:  10.0 10.0 loc_loss:  0.24978796005249024 reward_loss:  -12.489492416381836
epoch:  46 batch:  50 region_loss:  10.0 10.0 loc_loss:  0.19906877517700194 reward_loss:  -9.953263282775879
epoch:  46 batch:  60 region_loss:  10.0 10.0 loc_loss:  0.1900115966796875 reward_loss:  -9.50070858001709
epoch:  46 batch:  70 region_loss:  10.0 10.0 loc_loss:  0.19746877670288085 reward_loss:  -9.87355899810791
epoch:  46 batch:  80 region_loss:  10.0 10.0 loc_loss:  0.19106435775756836 reward_loss:  -9.553153038024902
epoch:  46 batch:  90 region_loss:  6.0 6.0 loc_loss:  0.1042708683013916 reward_loss:  -5.213502883911133
epoch:  46 batch:  100 region_loss:  8.0 8.0 loc_loss:  0.13986313819885254 reward_loss:  -6.993173599243164
epoch:  46 batch:  110 region_loss:  4.0 4.0 loc_loss:  0.0635055160522461 reward_loss:  -3.1753084659576416
epoch:  46 batch:  120 region_loss:  5.0 5.0 loc_loss:  0.07526967525482178 reward_loss:  -3.7635817527770996
epoch:  46 batch:  130 region_loss:  7.0 7.0 loc_loss:  0.12973806381225586 reward_loss:  -6.486908912658691
acc@1:  0.10583254938852305
epoch: 46 region loss 0.17051094890510948 loc loss 0.17094407010252458 reward loss -8.547188102328864
epoch:  47 batch:  0 region_loss:  10.0 10.0 loc_loss:  0.17550251007080078 reward_loss:  -8.775003433227539
epoch:  47 batch:  10 region_loss:  10.0 10.0 loc_loss:  0.20037160873413085 reward_loss:  -10.01845932006836
epoch:  47 batch:  20 region_loss:  10.0 10.0 loc_loss:  0.22224990844726564 reward_loss:  -11.112545013427734
epoch:  47 batch:  30 region_loss:  10.0 10.0 loc_loss:  0.17659400939941405 reward_loss:  -8.82968807220459
epoch:  47 batch:  40 region_loss:  10.0 10.0 loc_loss:  0.23589931488037108 reward_loss:  -11.794974327087402
epoch:  47 batch:  50 region_loss:  10.0 10.0 loc_loss:  0.18854402542114257 reward_loss:  -9.42712688446045
epoch:  47 batch:  60 region_loss:  10.0 10.0 loc_loss:  0.17873294830322264 reward_loss:  -8.936723709106445
epoch:  47 batch:  70 region_loss:  10.0 10.0 loc_loss:  0.18508033752441405 reward_loss:  -9.253981590270996
epoch:  47 batch:  80 region_loss:  10.0 10.0 loc_loss:  0.17838279724121095 reward_loss:  -8.91911792755127
epoch:  47 batch:  90 region_loss:  6.0 6.0 loc_loss:  0.09659162521362305 reward_loss:  -4.829519748687744
epoch:  47 batch:  100 region_loss:  8.0 8.0 loc_loss:  0.12963491439819336 reward_loss:  -6.481834411621094
epoch:  47 batch:  110 region_loss:  4.0 4.0 loc_loss:  0.058711977005004884 reward_loss:  -2.9356513023376465
epoch:  47 batch:  120 region_loss:  5.0 5.0 loc_loss:  0.06968174457550048 reward_loss:  -3.4840636253356934
epoch:  47 batch:  130 region_loss:  7.0 7.0 loc_loss:  0.12002316474914551 reward_loss:  -6.001190662384033
acc@1:  0.1039510818438382
epoch: 47 region loss 0.17051094890510948 loc loss 0.16088800926278107 reward loss -8.044401951079822
epoch:  48 batch:  0 region_loss:  10.0 10.0 loc_loss:  0.16423460006713866 reward_loss:  -8.211540222167969
epoch:  48 batch:  10 region_loss:  10.0 10.0 loc_loss:  0.18829843521118164 reward_loss:  -9.41497802734375
epoch:  48 batch:  20 region_loss:  10.0 10.0 loc_loss:  0.2120584487915039 reward_loss:  -10.603110313415527
epoch:  48 batch:  30 region_loss:  10.0 10.0 loc_loss:  0.1659044647216797 reward_loss:  -8.295272827148438
epoch:  48 batch:  40 region_loss:  10.0 10.0 loc_loss:  0.2217884826660156 reward_loss:  -11.08946704864502
epoch:  48 batch:  50 region_loss:  10.0 10.0 loc_loss:  0.1772994041442871 reward_loss:  -8.864970207214355
epoch:  48 batch:  60 region_loss:  10.0 10.0 loc_loss:  0.1667451286315918 reward_loss:  -8.337221145629883
epoch:  48 batch:  70 region_loss:  10.0 10.0 loc_loss:  0.1745123291015625 reward_loss:  -8.72574520111084
epoch:  48 batch:  80 region_loss:  10.0 10.0 loc_loss:  0.16642313003540038 reward_loss:  -8.321290016174316
epoch:  48 batch:  90 region_loss:  6.0 6.0 loc_loss:  0.09004165649414063 reward_loss:  -4.502036094665527
epoch:  48 batch:  100 region_loss:  8.0 8.0 loc_loss:  0.12226943969726563 reward_loss:  -6.113353729248047
epoch:  48 batch:  110 region_loss:  4.0 4.0 loc_loss:  0.05388026237487793 reward_loss:  -2.694026470184326
epoch:  48 batch:  120 region_loss:  5.0 5.0 loc_loss:  0.06507363319396972 reward_loss:  -3.2536611557006836
epoch:  48 batch:  130 region_loss:  7.0 7.0 loc_loss:  0.11200831413269043 reward_loss:  -5.600383758544922
acc@1:  0.10253998118532455
epoch: 48 region loss 0.17051094890510948 loc loss 0.15136825229999792 reward loss -7.568407720457898
epoch:  49 batch:  0 region_loss:  10.0 10.0 loc_loss:  0.15428750991821288 reward_loss:  -7.714435577392578
epoch:  49 batch:  10 region_loss:  10.0 10.0 loc_loss:  0.17773452758789063 reward_loss:  -8.88668441772461
epoch:  49 batch:  20 region_loss:  10.0 10.0 loc_loss:  0.20255496978759766 reward_loss:  -10.127826690673828
epoch:  49 batch:  30 region_loss:  10.0 10.0 loc_loss:  0.1558240032196045 reward_loss:  -7.791143894195557
epoch:  49 batch:  40 region_loss:  10.0 10.0 loc_loss:  0.20947635650634766 reward_loss:  -10.473752975463867
epoch:  49 batch:  50 region_loss:  10.0 10.0 loc_loss:  0.16679008483886718 reward_loss:  -8.339559555053711
epoch:  49 batch:  60 region_loss:  10.0 10.0 loc_loss:  0.15612747192382812 reward_loss:  -7.806413650512695
epoch:  49 batch:  70 region_loss:  10.0 10.0 loc_loss:  0.16268342971801758 reward_loss:  -8.134181022644043
epoch:  49 batch:  80 region_loss:  10.0 10.0 loc_loss:  0.15427392959594727 reward_loss:  -7.713409423828125
epoch:  49 batch:  90 region_loss:  6.0 6.0 loc_loss:  0.08338151931762695 reward_loss:  -4.169111728668213
epoch:  49 batch:  100 region_loss:  8.0 8.0 loc_loss:  0.1141352367401123 reward_loss:  -5.706647872924805
epoch:  49 batch:  110 region_loss:  4.0 4.0 loc_loss:  0.04993349552154541 reward_loss:  -2.4966506958007812
epoch:  49 batch:  120 region_loss:  5.0 5.0 loc_loss:  0.0607743501663208 reward_loss:  -3.0385868549346924
epoch:  49 batch:  130 region_loss:  7.0 7.0 loc_loss:  0.10340807914733886 reward_loss:  -5.17031717300415
acc@1:  0.1006585136406397
epoch: 49 region loss 0.17051094890510948 loc loss 0.14232786609308565 reward loss -7.116379260581775
