3
cuda
epoch:  0 batch:  0 region_loss:  10.0 10.0 loc_loss:  1.986121368408203 reward_loss:  -99.30647277832031
epoch:  0 batch:  10 region_loss:  10.0 10.0 loc_loss:  1.98871337890625 reward_loss:  -99.43499755859375
epoch:  0 batch:  20 region_loss:  10.0 10.0 loc_loss:  1.9851580810546876 reward_loss:  -99.2578353881836
epoch:  0 batch:  30 region_loss:  10.0 10.0 loc_loss:  1.98476318359375 reward_loss:  -99.23846435546875
epoch:  0 batch:  40 region_loss:  10.0 10.0 loc_loss:  1.9824327087402345 reward_loss:  -99.12244415283203
epoch:  0 batch:  50 region_loss:  10.0 10.0 loc_loss:  1.981650390625 reward_loss:  -99.08220672607422
epoch:  0 batch:  60 region_loss:  10.0 10.0 loc_loss:  1.9803787231445313 reward_loss:  -99.01915740966797
epoch:  0 batch:  70 region_loss:  10.0 10.0 loc_loss:  1.9852288818359376 reward_loss:  -99.26042938232422
epoch:  0 batch:  80 region_loss:  10.0 10.0 loc_loss:  1.9812042236328125 reward_loss:  -99.05921936035156
epoch:  0 batch:  90 region_loss:  6.0 6.0 loc_loss:  1.1842886352539062 reward_loss:  -59.21394348144531
epoch:  0 batch:  100 region_loss:  8.0 8.0 loc_loss:  1.5746597290039062 reward_loss:  -78.73384094238281
epoch:  0 batch:  110 region_loss:  4.0 4.0 loc_loss:  0.7846731567382812 reward_loss:  -39.23362731933594
epoch:  0 batch:  120 region_loss:  5.0 5.0 loc_loss:  0.9821839141845703 reward_loss:  -49.10849380493164
epoch:  0 batch:  130 region_loss:  7.0 7.0 loc_loss:  1.3739314270019531 reward_loss:  -68.69601440429688
acc@1:  0.0018814675446848542
epoch: 0 region loss 0.17051094890510948 loc loss 1.6864655471022112 reward loss -84.3233084574233
epoch:  1 batch:  0 region_loss:  10.0 10.0 loc_loss:  1.9122122192382813 reward_loss:  -95.61051940917969
epoch:  1 batch:  10 region_loss:  10.0 10.0 loc_loss:  1.93888916015625 reward_loss:  -96.94404602050781
epoch:  1 batch:  20 region_loss:  10.0 10.0 loc_loss:  1.9126315307617188 reward_loss:  -95.6324462890625
epoch:  1 batch:  30 region_loss:  10.0 10.0 loc_loss:  1.9231492614746093 reward_loss:  -96.15816497802734
epoch:  1 batch:  40 region_loss:  10.0 10.0 loc_loss:  1.9154931640625 reward_loss:  -95.77421569824219
epoch:  1 batch:  50 region_loss:  10.0 10.0 loc_loss:  1.9072865295410155 reward_loss:  -95.36471557617188
epoch:  1 batch:  60 region_loss:  10.0 10.0 loc_loss:  1.8920761108398438 reward_loss:  -94.60374450683594
epoch:  1 batch:  70 region_loss:  10.0 10.0 loc_loss:  1.8898892211914062 reward_loss:  -94.4945068359375
epoch:  1 batch:  80 region_loss:  10.0 10.0 loc_loss:  1.8669123840332031 reward_loss:  -93.34484100341797
epoch:  1 batch:  90 region_loss:  6.0 6.0 loc_loss:  1.1089160919189454 reward_loss:  -55.445465087890625
epoch:  1 batch:  100 region_loss:  8.0 8.0 loc_loss:  1.45246826171875 reward_loss:  -72.62362670898438
epoch:  1 batch:  110 region_loss:  4.0 4.0 loc_loss:  0.7314778137207031 reward_loss:  -36.57396697998047
epoch:  1 batch:  120 region_loss:  5.0 5.0 loc_loss:  0.9083671569824219 reward_loss:  -45.41889190673828
epoch:  1 batch:  130 region_loss:  7.0 7.0 loc_loss:  1.2616254425048827 reward_loss:  -63.081077575683594
acc@1:  0.02398871119473189
epoch: 1 region loss 0.17051094890510948 loc loss 1.603338125187115 reward loss -80.16694524166358
epoch:  2 batch:  0 region_loss:  10.0 10.0 loc_loss:  1.7262368774414063 reward_loss:  -86.31169891357422
epoch:  2 batch:  10 region_loss:  10.0 10.0 loc_loss:  1.7426512145996094 reward_loss:  -87.13160705566406
epoch:  2 batch:  20 region_loss:  10.0 10.0 loc_loss:  1.7112319946289063 reward_loss:  -85.56170654296875
epoch:  2 batch:  30 region_loss:  10.0 10.0 loc_loss:  1.7617124938964843 reward_loss:  -88.08525848388672
epoch:  2 batch:  40 region_loss:  10.0 10.0 loc_loss:  1.7250605773925782 reward_loss:  -86.25320434570312
epoch:  2 batch:  50 region_loss:  10.0 10.0 loc_loss:  1.7722044372558594 reward_loss:  -88.60990905761719
epoch:  2 batch:  60 region_loss:  10.0 10.0 loc_loss:  1.7388409423828124 reward_loss:  -86.94274139404297
epoch:  2 batch:  70 region_loss:  10.0 10.0 loc_loss:  1.756097412109375 reward_loss:  -87.80528259277344
epoch:  2 batch:  80 region_loss:  10.0 10.0 loc_loss:  1.7264286804199218 reward_loss:  -86.32098388671875
epoch:  2 batch:  90 region_loss:  6.0 6.0 loc_loss:  1.037239761352539 reward_loss:  -51.86143493652344
epoch:  2 batch:  100 region_loss:  8.0 8.0 loc_loss:  1.368400115966797 reward_loss:  -68.42127990722656
epoch:  2 batch:  110 region_loss:  4.0 4.0 loc_loss:  0.6952938079833985 reward_loss:  -34.76475524902344
epoch:  2 batch:  120 region_loss:  5.0 5.0 loc_loss:  0.8671916198730468 reward_loss:  -43.35882568359375
epoch:  2 batch:  130 region_loss:  7.0 7.0 loc_loss:  1.2059398651123048 reward_loss:  -60.29704666137695
acc@1:  0.030103480714957668
epoch: 2 region loss 0.17051094890510948 loc loss 1.4749429805783458 reward loss -73.74705474742137
epoch:  3 batch:  0 region_loss:  10.0 10.0 loc_loss:  1.6733401489257813 reward_loss:  -83.66754150390625
epoch:  3 batch:  10 region_loss:  10.0 10.0 loc_loss:  1.67692626953125 reward_loss:  -83.84656524658203
epoch:  3 batch:  20 region_loss:  10.0 10.0 loc_loss:  1.628229217529297 reward_loss:  -81.41089630126953
epoch:  3 batch:  30 region_loss:  10.0 10.0 loc_loss:  1.6965431213378905 reward_loss:  -84.8276138305664
epoch:  3 batch:  40 region_loss:  10.0 10.0 loc_loss:  1.650643310546875 reward_loss:  -82.53163146972656
epoch:  3 batch:  50 region_loss:  10.0 10.0 loc_loss:  1.7026976013183595 reward_loss:  -85.1341323852539
epoch:  3 batch:  60 region_loss:  10.0 10.0 loc_loss:  1.6722232055664064 reward_loss:  -83.61054229736328
epoch:  3 batch:  70 region_loss:  10.0 10.0 loc_loss:  1.6884144592285155 reward_loss:  -84.4210433959961
epoch:  3 batch:  80 region_loss:  10.0 10.0 loc_loss:  1.6651812744140626 reward_loss:  -83.25871276855469
epoch:  3 batch:  90 region_loss:  6.0 6.0 loc_loss:  1.0044029235839844 reward_loss:  -50.21950912475586
epoch:  3 batch:  100 region_loss:  8.0 8.0 loc_loss:  1.3221600341796875 reward_loss:  -66.10835266113281
epoch:  3 batch:  110 region_loss:  4.0 4.0 loc_loss:  0.6754136657714844 reward_loss:  -33.77042007446289
epoch:  3 batch:  120 region_loss:  5.0 5.0 loc_loss:  0.8425733947753906 reward_loss:  -42.128822326660156
epoch:  3 batch:  130 region_loss:  7.0 7.0 loc_loss:  1.1732798767089845 reward_loss:  -58.66427230834961
acc@1:  0.03762935089369708
epoch: 3 region loss 0.17051094890510948 loc loss 1.4152095081858391 reward loss -70.76040404382414
epoch:  4 batch:  0 region_loss:  10.0 10.0 loc_loss:  1.630426788330078 reward_loss:  -81.52226257324219
epoch:  4 batch:  10 region_loss:  10.0 10.0 loc_loss:  1.6342945861816407 reward_loss:  -81.71491241455078
epoch:  4 batch:  20 region_loss:  10.0 10.0 loc_loss:  1.5688882446289063 reward_loss:  -78.44340515136719
epoch:  4 batch:  30 region_loss:  10.0 10.0 loc_loss:  1.646373291015625 reward_loss:  -82.31771087646484
epoch:  4 batch:  40 region_loss:  10.0 10.0 loc_loss:  1.5976112365722657 reward_loss:  -79.880126953125
epoch:  4 batch:  50 region_loss:  10.0 10.0 loc_loss:  1.6473248291015625 reward_loss:  -82.36528778076172
epoch:  4 batch:  60 region_loss:  10.0 10.0 loc_loss:  1.6195364379882813 reward_loss:  -80.97650146484375
epoch:  4 batch:  70 region_loss:  10.0 10.0 loc_loss:  1.629737548828125 reward_loss:  -81.48704528808594
epoch:  4 batch:  80 region_loss:  10.0 10.0 loc_loss:  1.6128848266601563 reward_loss:  -80.64439392089844
epoch:  4 batch:  90 region_loss:  6.0 6.0 loc_loss:  0.9763905334472657 reward_loss:  -48.81951904296875
epoch:  4 batch:  100 region_loss:  8.0 8.0 loc_loss:  1.2785444641113282 reward_loss:  -63.92728805541992
epoch:  4 batch:  110 region_loss:  4.0 4.0 loc_loss:  0.6573089599609375 reward_loss:  -32.86540603637695
epoch:  4 batch:  120 region_loss:  5.0 5.0 loc_loss:  0.8187094879150391 reward_loss:  -40.935890197753906
epoch:  4 batch:  130 region_loss:  7.0 7.0 loc_loss:  1.1414484405517578 reward_loss:  -57.072242736816406
acc@1:  0.04797742238946378
epoch: 4 region loss 0.17051094890510948 loc loss 1.3669582018887039 reward loss -68.34784628875065
epoch:  5 batch:  0 region_loss:  10.0 10.0 loc_loss:  1.5837049865722657 reward_loss:  -79.18546295166016
epoch:  5 batch:  10 region_loss:  10.0 10.0 loc_loss:  1.5910984802246093 reward_loss:  -79.55465698242188
epoch:  5 batch:  20 region_loss:  10.0 10.0 loc_loss:  1.5090719604492187 reward_loss:  -75.45429992675781
epoch:  5 batch:  30 region_loss:  10.0 10.0 loc_loss:  1.594550323486328 reward_loss:  -79.72693634033203
epoch:  5 batch:  40 region_loss:  10.0 10.0 loc_loss:  1.5469865417480468 reward_loss:  -77.34920501708984
epoch:  5 batch:  50 region_loss:  10.0 10.0 loc_loss:  1.591946563720703 reward_loss:  -79.59712219238281
epoch:  5 batch:  60 region_loss:  10.0 10.0 loc_loss:  1.5667549133300782 reward_loss:  -78.33817291259766
epoch:  5 batch:  70 region_loss:  10.0 10.0 loc_loss:  1.5709686279296875 reward_loss:  -78.54772186279297
epoch:  5 batch:  80 region_loss:  10.0 10.0 loc_loss:  1.5603482055664062 reward_loss:  -78.01744079589844
epoch:  5 batch:  90 region_loss:  6.0 6.0 loc_loss:  0.9482366943359375 reward_loss:  -47.41150665283203
epoch:  5 batch:  100 region_loss:  8.0 8.0 loc_loss:  1.2327649688720703 reward_loss:  -61.63821792602539
epoch:  5 batch:  110 region_loss:  4.0 4.0 loc_loss:  0.6390856552124023 reward_loss:  -31.95368194580078
epoch:  5 batch:  120 region_loss:  5.0 5.0 loc_loss:  0.7932201385498047 reward_loss:  -39.66094970703125
epoch:  5 batch:  130 region_loss:  7.0 7.0 loc_loss:  1.1074861907958984 reward_loss:  -55.374305725097656
acc@1:  0.062088428974600186
epoch: 5 region loss 0.17051094890510948 loc loss 1.3183742475857698 reward loss -65.91870669900936
epoch:  6 batch:  0 region_loss:  10.0 10.0 loc_loss:  1.5312884521484376 reward_loss:  -76.56449127197266
epoch:  6 batch:  10 region_loss:  10.0 10.0 loc_loss:  1.5428459167480468 reward_loss:  -77.14215087890625
epoch:  6 batch:  20 region_loss:  10.0 10.0 loc_loss:  1.4456581115722655 reward_loss:  -72.2828140258789
epoch:  6 batch:  30 region_loss:  10.0 10.0 loc_loss:  1.5378431701660156 reward_loss:  -76.89224243164062
epoch:  6 batch:  40 region_loss:  10.0 10.0 loc_loss:  1.4941836547851564 reward_loss:  -74.70893096923828
epoch:  6 batch:  50 region_loss:  10.0 10.0 loc_loss:  1.5324049377441407 reward_loss:  -76.62063598632812
epoch:  6 batch:  60 region_loss:  10.0 10.0 loc_loss:  1.510079345703125 reward_loss:  -75.50413513183594
epoch:  6 batch:  70 region_loss:  10.0 10.0 loc_loss:  1.5081724548339843 reward_loss:  -75.40852355957031
epoch:  6 batch:  80 region_loss:  10.0 10.0 loc_loss:  1.5047799682617187 reward_loss:  -75.23927307128906
epoch:  6 batch:  90 region_loss:  6.0 6.0 loc_loss:  0.9184873199462891 reward_loss:  -45.92352294921875
epoch:  6 batch:  100 region_loss:  8.0 8.0 loc_loss:  1.1828952026367188 reward_loss:  -59.144744873046875
epoch:  6 batch:  110 region_loss:  4.0 4.0 loc_loss:  0.6198851394653321 reward_loss:  -30.994239807128906
epoch:  6 batch:  120 region_loss:  5.0 5.0 loc_loss:  0.7654874420166016 reward_loss:  -38.27433395385742
epoch:  6 batch:  130 region_loss:  7.0 7.0 loc_loss:  1.0704435729980468 reward_loss:  -53.52231216430664
acc@1:  0.07478833490122296
epoch: 6 region loss 0.17051094890510948 loc loss 1.2667341017897111 reward loss -63.336733560492526
epoch:  7 batch:  0 region_loss:  10.0 10.0 loc_loss:  1.4723446655273438 reward_loss:  -73.61715698242188
epoch:  7 batch:  10 region_loss:  10.0 10.0 loc_loss:  1.4882470703125 reward_loss:  -74.41234588623047
epoch:  7 batch:  20 region_loss:  10.0 10.0 loc_loss:  1.3774798583984376 reward_loss:  -68.8740005493164
epoch:  7 batch:  30 region_loss:  10.0 10.0 loc_loss:  1.4751776123046876 reward_loss:  -73.75880432128906
epoch:  7 batch:  40 region_loss:  10.0 10.0 loc_loss:  1.4389141845703124 reward_loss:  -71.94571685791016
epoch:  7 batch:  50 region_loss:  10.0 10.0 loc_loss:  1.467809600830078 reward_loss:  -73.39046478271484
epoch:  7 batch:  60 region_loss:  10.0 10.0 loc_loss:  1.449482421875 reward_loss:  -72.47441864013672
epoch:  7 batch:  70 region_loss:  10.0 10.0 loc_loss:  1.4406275939941406 reward_loss:  -72.03141784667969
epoch:  7 batch:  80 region_loss:  10.0 10.0 loc_loss:  1.4454486083984375 reward_loss:  -72.27243041992188
epoch:  7 batch:  90 region_loss:  6.0 6.0 loc_loss:  0.8868423461914062 reward_loss:  -44.34206008911133
epoch:  7 batch:  100 region_loss:  8.0 8.0 loc_loss:  1.1287110900878907 reward_loss:  -56.435462951660156
epoch:  7 batch:  110 region_loss:  4.0 4.0 loc_loss:  0.5995547103881836 reward_loss:  -29.977739334106445
epoch:  7 batch:  120 region_loss:  5.0 5.0 loc_loss:  0.7355693054199218 reward_loss:  -36.778446197509766
epoch:  7 batch:  130 region_loss:  7.0 7.0 loc_loss:  1.03060546875 reward_loss:  -51.530277252197266
acc@1:  0.08607714016933207
epoch: 7 region loss 0.17051094890510948 loc loss 1.2117172029592695 reward loss -60.58585137694421
epoch:  8 batch:  0 region_loss:  10.0 10.0 loc_loss:  1.4072312927246093 reward_loss:  -70.36158752441406
epoch:  8 batch:  10 region_loss:  10.0 10.0 loc_loss:  1.4275347900390625 reward_loss:  -71.37671661376953
epoch:  8 batch:  20 region_loss:  10.0 10.0 loc_loss:  1.3067256164550782 reward_loss:  -65.33627319335938
epoch:  8 batch:  30 region_loss:  10.0 10.0 loc_loss:  1.407387237548828 reward_loss:  -70.369384765625
epoch:  8 batch:  40 region_loss:  10.0 10.0 loc_loss:  1.382686309814453 reward_loss:  -69.13430786132812
epoch:  8 batch:  50 region_loss:  10.0 10.0 loc_loss:  1.398731689453125 reward_loss:  -69.93656158447266
epoch:  8 batch:  60 region_loss:  10.0 10.0 loc_loss:  1.3858934020996094 reward_loss:  -69.29521942138672
epoch:  8 batch:  70 region_loss:  10.0 10.0 loc_loss:  1.3689445495605468 reward_loss:  -68.44721221923828
epoch:  8 batch:  80 region_loss:  10.0 10.0 loc_loss:  1.383693389892578 reward_loss:  -69.1846694946289
epoch:  8 batch:  90 region_loss:  6.0 6.0 loc_loss:  0.8535825347900391 reward_loss:  -42.67902374267578
epoch:  8 batch:  100 region_loss:  8.0 8.0 loc_loss:  1.0713143920898438 reward_loss:  -53.56571960449219
epoch:  8 batch:  110 region_loss:  4.0 4.0 loc_loss:  0.5781891250610351 reward_loss:  -28.90945053100586
epoch:  8 batch:  120 region_loss:  5.0 5.0 loc_loss:  0.7038546752929687 reward_loss:  -35.19271469116211
epoch:  8 batch:  130 region_loss:  7.0 7.0 loc_loss:  0.988578109741211 reward_loss:  -49.428916931152344
acc@1:  0.0973659454374412
epoch: 8 region loss 0.17051094890510948 loc loss 1.154272863569051 reward loss -57.71364838537509
epoch:  9 batch:  0 region_loss:  10.0 10.0 loc_loss:  1.3377191162109374 reward_loss:  -66.88597106933594
epoch:  9 batch:  10 region_loss:  10.0 10.0 loc_loss:  1.36166259765625 reward_loss:  -68.08314514160156
epoch:  9 batch:  20 region_loss:  10.0 10.0 loc_loss:  1.235286865234375 reward_loss:  -61.764312744140625
epoch:  9 batch:  30 region_loss:  10.0 10.0 loc_loss:  1.3360115051269532 reward_loss:  -66.80059814453125
epoch:  9 batch:  40 region_loss:  10.0 10.0 loc_loss:  1.3262637329101563 reward_loss:  -66.31317901611328
epoch:  9 batch:  50 region_loss:  10.0 10.0 loc_loss:  1.3257756042480469 reward_loss:  -66.28874969482422
epoch:  9 batch:  60 region_loss:  10.0 10.0 loc_loss:  1.3210934448242186 reward_loss:  -66.05467987060547
epoch:  9 batch:  70 region_loss:  10.0 10.0 loc_loss:  1.29485107421875 reward_loss:  -64.7420425415039
epoch:  9 batch:  80 region_loss:  10.0 10.0 loc_loss:  1.3216696166992188 reward_loss:  -66.08348846435547
epoch:  9 batch:  90 region_loss:  6.0 6.0 loc_loss:  0.8191022491455078 reward_loss:  -40.955101013183594
epoch:  9 batch:  100 region_loss:  8.0 8.0 loc_loss:  1.0126954650878905 reward_loss:  -50.634788513183594
epoch:  9 batch:  110 region_loss:  4.0 4.0 loc_loss:  0.5560309982299805 reward_loss:  -27.801555633544922
epoch:  9 batch:  120 region_loss:  5.0 5.0 loc_loss:  0.670986557006836 reward_loss:  -33.549320220947266
epoch:  9 batch:  130 region_loss:  7.0 7.0 loc_loss:  0.9452987670898437 reward_loss:  -47.26494598388672
acc@1:  0.10630291627469426
epoch: 9 region loss 0.17051094890510948 loc loss 1.0957625972441514 reward loss -54.788128302915254
epoch:  10 batch:  0 region_loss:  10.0 10.0 loc_loss:  1.2660127258300782 reward_loss:  -63.30064010620117
epoch:  10 batch:  10 region_loss:  10.0 10.0 loc_loss:  1.2923805236816406 reward_loss:  -64.61903381347656
epoch:  10 batch:  20 region_loss:  10.0 10.0 loc_loss:  1.1647652435302733 reward_loss:  -58.23830032348633
epoch:  10 batch:  30 region_loss:  10.0 10.0 loc_loss:  1.2629789733886718 reward_loss:  -63.14893341064453
epoch:  10 batch:  40 region_loss:  10.0 10.0 loc_loss:  1.2701564025878906 reward_loss:  -63.50782012939453
epoch:  10 batch:  50 region_loss:  10.0 10.0 loc_loss:  1.250342483520508 reward_loss:  -62.517513275146484
epoch:  10 batch:  60 region_loss:  10.0 10.0 loc_loss:  1.2568867492675782 reward_loss:  -62.84431838989258
epoch:  10 batch:  70 region_loss:  10.0 10.0 loc_loss:  1.220666961669922 reward_loss:  -61.033485412597656
epoch:  10 batch:  80 region_loss:  10.0 10.0 loc_loss:  1.261673126220703 reward_loss:  -63.083648681640625
epoch:  10 batch:  90 region_loss:  6.0 6.0 loc_loss:  0.783929214477539 reward_loss:  -39.19652557373047
epoch:  10 batch:  100 region_loss:  8.0 8.0 loc_loss:  0.9549491882324219 reward_loss:  -47.74745178222656
epoch:  10 batch:  110 region_loss:  4.0 4.0 loc_loss:  0.5332808685302735 reward_loss:  -26.66404914855957
epoch:  10 batch:  120 region_loss:  5.0 5.0 loc_loss:  0.637774429321289 reward_loss:  -31.888790130615234
epoch:  10 batch:  130 region_loss:  7.0 7.0 loc_loss:  0.9016792297363281 reward_loss:  -45.083961486816406
acc@1:  0.11571025399811853
epoch: 10 region loss 0.17051094890510948 loc loss 1.0376160642526446 reward loss -51.88082766010813
epoch:  11 batch:  0 region_loss:  10.0 10.0 loc_loss:  1.1940688323974609 reward_loss:  -59.70344543457031
epoch:  11 batch:  10 region_loss:  10.0 10.0 loc_loss:  1.2217778778076172 reward_loss:  -61.08888626098633
epoch:  11 batch:  20 region_loss:  10.0 10.0 loc_loss:  1.096675491333008 reward_loss:  -54.833770751953125
epoch:  11 batch:  30 region_loss:  10.0 10.0 loc_loss:  1.189940185546875 reward_loss:  -59.49702453613281
epoch:  11 batch:  40 region_loss:  10.0 10.0 loc_loss:  1.2147413635253905 reward_loss:  -60.7370491027832
epoch:  11 batch:  50 region_loss:  10.0 10.0 loc_loss:  1.17468017578125 reward_loss:  -58.7340087890625
epoch:  11 batch:  60 region_loss:  10.0 10.0 loc_loss:  1.1942168426513673 reward_loss:  -59.7108039855957
epoch:  11 batch:  70 region_loss:  10.0 10.0 loc_loss:  1.1490350341796876 reward_loss:  -57.4517707824707
epoch:  11 batch:  80 region_loss:  10.0 10.0 loc_loss:  1.2047909545898436 reward_loss:  -60.23954391479492
epoch:  11 batch:  90 region_loss:  6.0 6.0 loc_loss:  0.7489205932617188 reward_loss:  -37.4461669921875
epoch:  11 batch:  100 region_loss:  8.0 8.0 loc_loss:  0.8996418762207031 reward_loss:  -44.98210906982422
epoch:  11 batch:  110 region_loss:  4.0 4.0 loc_loss:  0.5102203369140625 reward_loss:  -25.511024475097656
epoch:  11 batch:  120 region_loss:  5.0 5.0 loc_loss:  0.6050174713134766 reward_loss:  -30.251052856445312
epoch:  11 batch:  130 region_loss:  7.0 7.0 loc_loss:  0.8586973571777343 reward_loss:  -42.93486404418945
acc@1:  0.12041392285983067
epoch: 11 region loss 0.17051094890510948 loc loss 0.9811887345696888 reward loss -49.05943917880093
epoch:  12 batch:  0 region_loss:  10.0 10.0 loc_loss:  1.1241099548339843 reward_loss:  -56.20550537109375
epoch:  12 batch:  10 region_loss:  10.0 10.0 loc_loss:  1.1524722290039062 reward_loss:  -57.62362289428711
epoch:  12 batch:  20 region_loss:  10.0 10.0 loc_loss:  1.0321482849121093 reward_loss:  -51.60741424560547
epoch:  12 batch:  30 region_loss:  10.0 10.0 loc_loss:  1.118516387939453 reward_loss:  -55.92580795288086
epoch:  12 batch:  40 region_loss:  10.0 10.0 loc_loss:  1.1605297088623048 reward_loss:  -58.026493072509766
epoch:  12 batch:  50 region_loss:  10.0 10.0 loc_loss:  1.1011134338378907 reward_loss:  -55.0556755065918
epoch:  12 batch:  60 region_loss:  10.0 10.0 loc_loss:  1.1330850219726563 reward_loss:  -56.65425491333008
epoch:  12 batch:  70 region_loss:  10.0 10.0 loc_loss:  1.0817359161376954 reward_loss:  -54.08682632446289
epoch:  12 batch:  80 region_loss:  10.0 10.0 loc_loss:  1.1507269287109374 reward_loss:  -57.53635025024414
epoch:  12 batch:  90 region_loss:  6.0 6.0 loc_loss:  0.7144945526123047 reward_loss:  -35.72441864013672
epoch:  12 batch:  100 region_loss:  8.0 8.0 loc_loss:  0.8477909851074219 reward_loss:  -42.38955307006836
epoch:  12 batch:  110 region_loss:  4.0 4.0 loc_loss:  0.4870272064208984 reward_loss:  -24.351364135742188
epoch:  12 batch:  120 region_loss:  5.0 5.0 loc_loss:  0.5733461380004883 reward_loss:  -28.66731071472168
epoch:  12 batch:  130 region_loss:  7.0 7.0 loc_loss:  0.8171353912353516 reward_loss:  -40.85676574707031
acc@1:  0.13029162746942616
epoch: 12 region loss 0.17051094890510948 loc loss 0.9275709784291957 reward loss -46.37853739383447
epoch:  13 batch:  0 region_loss:  10.0 10.0 loc_loss:  1.0581983184814454 reward_loss:  -52.90992736816406
epoch:  13 batch:  10 region_loss:  10.0 10.0 loc_loss:  1.0865525817871093 reward_loss:  -54.327659606933594
epoch:  13 batch:  20 region_loss:  10.0 10.0 loc_loss:  0.9719696044921875 reward_loss:  -48.598480224609375
epoch:  13 batch:  30 region_loss:  10.0 10.0 loc_loss:  1.0504911041259766 reward_loss:  -52.52454376220703
epoch:  13 batch:  40 region_loss:  10.0 10.0 loc_loss:  1.108277587890625 reward_loss:  -55.41387176513672
epoch:  13 batch:  50 region_loss:  10.0 10.0 loc_loss:  1.0321519470214844 reward_loss:  -51.60760498046875
epoch:  13 batch:  60 region_loss:  10.0 10.0 loc_loss:  1.0740916442871093 reward_loss:  -53.7045783996582
epoch:  13 batch:  70 region_loss:  10.0 10.0 loc_loss:  1.0193785095214845 reward_loss:  -50.96903610229492
epoch:  13 batch:  80 region_loss:  10.0 10.0 loc_loss:  1.0991716003417968 reward_loss:  -54.95857238769531
epoch:  13 batch:  90 region_loss:  6.0 6.0 loc_loss:  0.6811967468261719 reward_loss:  -34.05986022949219
epoch:  13 batch:  100 region_loss:  8.0 8.0 loc_loss:  0.8000104522705078 reward_loss:  -40.00052261352539
epoch:  13 batch:  110 region_loss:  4.0 4.0 loc_loss:  0.4639943695068359 reward_loss:  -23.199726104736328
epoch:  13 batch:  120 region_loss:  5.0 5.0 loc_loss:  0.5431571960449219 reward_loss:  -27.157855987548828
epoch:  13 batch:  130 region_loss:  7.0 7.0 loc_loss:  0.777469253540039 reward_loss:  -38.87345886230469
acc@1:  0.13405456255879586
epoch: 13 region loss 0.17051094890510948 loc loss 0.8774042984342922 reward loss -43.87021567351626
epoch:  14 batch:  0 region_loss:  10.0 10.0 loc_loss:  0.9973561096191407 reward_loss:  -49.86780548095703
epoch:  14 batch:  10 region_loss:  10.0 10.0 loc_loss:  1.0253900146484376 reward_loss:  -51.269500732421875
epoch:  14 batch:  20 region_loss:  10.0 10.0 loc_loss:  0.9166291809082031 reward_loss:  -45.83146286010742
epoch:  14 batch:  30 region_loss:  10.0 10.0 loc_loss:  0.987389907836914 reward_loss:  -49.36948013305664
epoch:  14 batch:  40 region_loss:  10.0 10.0 loc_loss:  1.0588592529296874 reward_loss:  -52.94295883178711
epoch:  14 batch:  50 region_loss:  10.0 10.0 loc_loss:  0.9691516876220703 reward_loss:  -48.45759963989258
epoch:  14 batch:  60 region_loss:  10.0 10.0 loc_loss:  1.0178711700439453 reward_loss:  -50.893646240234375
epoch:  14 batch:  70 region_loss:  10.0 10.0 loc_loss:  0.9623714447021484 reward_loss:  -48.11855697631836
epoch:  14 batch:  80 region_loss:  10.0 10.0 loc_loss:  1.0498262786865233 reward_loss:  -52.49131393432617
epoch:  14 batch:  90 region_loss:  6.0 6.0 loc_loss:  0.6494270324707031 reward_loss:  -32.47135925292969
epoch:  14 batch:  100 region_loss:  8.0 8.0 loc_loss:  0.7562287139892578 reward_loss:  -37.81142807006836
epoch:  14 batch:  110 region_loss:  4.0 4.0 loc_loss:  0.4414454650878906 reward_loss:  -22.0722713470459
epoch:  14 batch:  120 region_loss:  5.0 5.0 loc_loss:  0.5144661712646484 reward_loss:  -25.723346710205078
epoch:  14 batch:  130 region_loss:  7.0 7.0 loc_loss:  0.7399501800537109 reward_loss:  -36.99750518798828
acc@1:  0.13640639698965193
epoch: 14 region loss 0.17051094890510948 loc loss 0.8309980292215835 reward loss -41.549903549417095
epoch:  15 batch:  0 region_loss:  10.0 10.0 loc_loss:  0.9419904327392579 reward_loss:  -47.099517822265625
epoch:  15 batch:  10 region_loss:  10.0 10.0 loc_loss:  0.9693669128417969 reward_loss:  -48.468345642089844
epoch:  15 batch:  20 region_loss:  10.0 10.0 loc_loss:  0.8661357116699219 reward_loss:  -43.30678939819336
epoch:  15 batch:  30 region_loss:  10.0 10.0 loc_loss:  0.9299880981445312 reward_loss:  -46.49939727783203
epoch:  15 batch:  40 region_loss:  10.0 10.0 loc_loss:  1.0128851318359375 reward_loss:  -50.64426040649414
epoch:  15 batch:  50 region_loss:  10.0 10.0 loc_loss:  0.9123088073730469 reward_loss:  -45.61543655395508
epoch:  15 batch:  60 region_loss:  10.0 10.0 loc_loss:  0.96513427734375 reward_loss:  -48.25672149658203
epoch:  15 batch:  70 region_loss:  10.0 10.0 loc_loss:  0.9104885864257812 reward_loss:  -45.524383544921875
epoch:  15 batch:  80 region_loss:  10.0 10.0 loc_loss:  1.0028964233398439 reward_loss:  -50.14458465576172
epoch:  15 batch:  90 region_loss:  6.0 6.0 loc_loss:  0.6192474365234375 reward_loss:  -30.962366104125977
epoch:  15 batch:  100 region_loss:  8.0 8.0 loc_loss:  0.7163311004638672 reward_loss:  -35.816558837890625
epoch:  15 batch:  110 region_loss:  4.0 4.0 loc_loss:  0.4196247863769531 reward_loss:  -20.981273651123047
epoch:  15 batch:  120 region_loss:  5.0 5.0 loc_loss:  0.48732913970947267 reward_loss:  -24.36639976501465
epoch:  15 batch:  130 region_loss:  7.0 7.0 loc_loss:  0.7047429656982422 reward_loss:  -35.23714828491211
acc@1:  0.13734713076199437
epoch: 15 region loss 0.17051094890510948 loc loss 0.7883313199899493 reward loss -39.41655682473287
epoch:  16 batch:  0 region_loss:  10.0 10.0 loc_loss:  0.8914899444580078 reward_loss:  -44.57448959350586
epoch:  16 batch:  10 region_loss:  10.0 10.0 loc_loss:  0.9185801696777344 reward_loss:  -45.92900848388672
epoch:  16 batch:  20 region_loss:  10.0 10.0 loc_loss:  0.8206317901611329 reward_loss:  -41.03158950805664
epoch:  16 batch:  30 region_loss:  10.0 10.0 loc_loss:  0.8779389953613281 reward_loss:  -43.896968841552734
epoch:  16 batch:  40 region_loss:  10.0 10.0 loc_loss:  0.9705474853515625 reward_loss:  -48.52737045288086
epoch:  16 batch:  50 region_loss:  10.0 10.0 loc_loss:  0.8614788818359375 reward_loss:  -43.07392120361328
epoch:  16 batch:  60 region_loss:  10.0 10.0 loc_loss:  0.915880355834961 reward_loss:  -45.79387283325195
epoch:  16 batch:  70 region_loss:  10.0 10.0 loc_loss:  0.863268814086914 reward_loss:  -43.16344451904297
epoch:  16 batch:  80 region_loss:  10.0 10.0 loc_loss:  0.9584412384033203 reward_loss:  -47.922061920166016
epoch:  16 batch:  90 region_loss:  6.0 6.0 loc_loss:  0.5907332229614258 reward_loss:  -29.536699295043945
epoch:  16 batch:  100 region_loss:  8.0 8.0 loc_loss:  0.6798882293701172 reward_loss:  -33.99441146850586
epoch:  16 batch:  110 region_loss:  4.0 4.0 loc_loss:  0.39869251251220705 reward_loss:  -19.934629440307617
epoch:  16 batch:  120 region_loss:  5.0 5.0 loc_loss:  0.46170974731445313 reward_loss:  -23.085487365722656
epoch:  16 batch:  130 region_loss:  7.0 7.0 loc_loss:  0.67185546875 reward_loss:  -33.5927734375
acc@1:  0.13922859830667922
epoch: 16 region loss 0.17051094890510948 loc loss 0.7491887762250691 reward loss -37.45943324235234
epoch:  17 batch:  0 region_loss:  10.0 10.0 loc_loss:  0.8452151489257812 reward_loss:  -42.26074981689453
epoch:  17 batch:  10 region_loss:  10.0 10.0 loc_loss:  0.8724919128417968 reward_loss:  -43.62459182739258
epoch:  17 batch:  20 region_loss:  10.0 10.0 loc_loss:  0.7797621154785156 reward_loss:  -38.98809051513672
epoch:  17 batch:  30 region_loss:  10.0 10.0 loc_loss:  0.8307461547851562 reward_loss:  -41.53730010986328
epoch:  17 batch:  40 region_loss:  10.0 10.0 loc_loss:  0.9317217254638672 reward_loss:  -46.58608627319336
epoch:  17 batch:  50 region_loss:  10.0 10.0 loc_loss:  0.8159687805175782 reward_loss:  -40.79843521118164
epoch:  17 batch:  60 region_loss:  10.0 10.0 loc_loss:  0.8699983215332031 reward_loss:  -43.49985885620117
epoch:  17 batch:  70 region_loss:  10.0 10.0 loc_loss:  0.8200978851318359 reward_loss:  -41.00490188598633
epoch:  17 batch:  80 region_loss:  10.0 10.0 loc_loss:  0.9164321136474609 reward_loss:  -45.82160568237305
epoch:  17 batch:  90 region_loss:  6.0 6.0 loc_loss:  0.5637159729003907 reward_loss:  -28.185789108276367
epoch:  17 batch:  100 region_loss:  8.0 8.0 loc_loss:  0.6464073181152343 reward_loss:  -32.32036209106445
epoch:  17 batch:  110 region_loss:  4.0 4.0 loc_loss:  0.37866939544677736 reward_loss:  -18.933467864990234
epoch:  17 batch:  120 region_loss:  5.0 5.0 loc_loss:  0.43753555297851565 reward_loss:  -21.87677574157715
epoch:  17 batch:  130 region_loss:  7.0 7.0 loc_loss:  0.6410739898681641 reward_loss:  -32.05369567871094
acc@1:  0.14016933207902163
epoch: 17 region loss 0.17051094890510948 loc loss 0.7132170824760938 reward loss -35.660852035466775
epoch:  18 batch:  0 region_loss:  10.0 10.0 loc_loss:  0.8025458526611328 reward_loss:  -40.127296447753906
epoch:  18 batch:  10 region_loss:  10.0 10.0 loc_loss:  0.8305950164794922 reward_loss:  -41.52975082397461
epoch:  18 batch:  20 region_loss:  10.0 10.0 loc_loss:  0.7429045867919922 reward_loss:  -37.14522933959961
epoch:  18 batch:  30 region_loss:  10.0 10.0 loc_loss:  0.787783432006836 reward_loss:  -39.3891716003418
epoch:  18 batch:  40 region_loss:  10.0 10.0 loc_loss:  0.8958160400390625 reward_loss:  -44.790802001953125
epoch:  18 batch:  50 region_loss:  10.0 10.0 loc_loss:  0.7751116943359375 reward_loss:  -38.75558853149414
epoch:  18 batch:  60 region_loss:  10.0 10.0 loc_loss:  0.8270054626464843 reward_loss:  -41.35027313232422
epoch:  18 batch:  70 region_loss:  10.0 10.0 loc_loss:  0.7804389190673828 reward_loss:  -39.021942138671875
epoch:  18 batch:  80 region_loss:  10.0 10.0 loc_loss:  0.8767155456542969 reward_loss:  -43.83576202392578
epoch:  18 batch:  90 region_loss:  6.0 6.0 loc_loss:  0.5381348037719726 reward_loss:  -26.906742095947266
epoch:  18 batch:  100 region_loss:  8.0 8.0 loc_loss:  0.6155994415283204 reward_loss:  -30.77996826171875
epoch:  18 batch:  110 region_loss:  4.0 4.0 loc_loss:  0.35964370727539063 reward_loss:  -17.98218536376953
epoch:  18 batch:  120 region_loss:  5.0 5.0 loc_loss:  0.4147702407836914 reward_loss:  -20.738506317138672
epoch:  18 batch:  130 region_loss:  7.0 7.0 loc_loss:  0.6121385574340821 reward_loss:  -30.606929779052734
acc@1:  0.14111006585136407
epoch: 18 region loss 0.17051094890510948 loc loss 0.68003004422153 reward loss -34.00149955888734
epoch:  19 batch:  0 region_loss:  10.0 10.0 loc_loss:  0.7629320526123047 reward_loss:  -38.146602630615234
epoch:  19 batch:  10 region_loss:  10.0 10.0 loc_loss:  0.792080307006836 reward_loss:  -39.6040153503418
epoch:  19 batch:  20 region_loss:  10.0 10.0 loc_loss:  0.709490737915039 reward_loss:  -35.47454071044922
epoch:  19 batch:  30 region_loss:  10.0 10.0 loc_loss:  0.7484526824951172 reward_loss:  -37.42262649536133
epoch:  19 batch:  40 region_loss:  10.0 10.0 loc_loss:  0.8623892211914063 reward_loss:  -43.11946487426758
epoch:  19 batch:  50 region_loss:  10.0 10.0 loc_loss:  0.7380801391601562 reward_loss:  -36.90400314331055
epoch:  19 batch:  60 region_loss:  10.0 10.0 loc_loss:  0.7865991973876953 reward_loss:  -39.3299560546875
epoch:  19 batch:  70 region_loss:  10.0 10.0 loc_loss:  0.7437442016601562 reward_loss:  -37.18719482421875
epoch:  19 batch:  80 region_loss:  10.0 10.0 loc_loss:  0.8390249633789062 reward_loss:  -41.95124816894531
epoch:  19 batch:  90 region_loss:  6.0 6.0 loc_loss:  0.5138677597045899 reward_loss:  -25.69339942932129
epoch:  19 batch:  100 region_loss:  8.0 8.0 loc_loss:  0.5870537567138672 reward_loss:  -29.352689743041992
epoch:  19 batch:  110 region_loss:  4.0 4.0 loc_loss:  0.3415581512451172 reward_loss:  -17.07790756225586
epoch:  19 batch:  120 region_loss:  5.0 5.0 loc_loss:  0.39330177307128905 reward_loss:  -19.66508674621582
epoch:  19 batch:  130 region_loss:  7.0 7.0 loc_loss:  0.5848482513427734 reward_loss:  -29.24241065979004
acc@1:  0.1359360301034807
epoch: 19 region loss 0.17051094890510948 loc loss 0.6492334571894068 reward loss -32.46167217727995
epoch:  20 batch:  0 region_loss:  10.0 10.0 loc_loss:  0.7260213470458985 reward_loss:  -36.30107116699219
epoch:  20 batch:  10 region_loss:  10.0 10.0 loc_loss:  0.7564133453369141 reward_loss:  -37.8206672668457
epoch:  20 batch:  20 region_loss:  10.0 10.0 loc_loss:  0.6789627075195312 reward_loss:  -33.948150634765625
epoch:  20 batch:  30 region_loss:  10.0 10.0 loc_loss:  0.7123704528808594 reward_loss:  -35.6185188293457
epoch:  20 batch:  40 region_loss:  10.0 10.0 loc_loss:  0.83077392578125 reward_loss:  -41.538700103759766
epoch:  20 batch:  50 region_loss:  10.0 10.0 loc_loss:  0.7041534423828125 reward_loss:  -35.207672119140625
epoch:  20 batch:  60 region_loss:  10.0 10.0 loc_loss:  0.7485093688964843 reward_loss:  -37.425472259521484
epoch:  20 batch:  70 region_loss:  10.0 10.0 loc_loss:  0.7096538543701172 reward_loss:  -35.482696533203125
epoch:  20 batch:  80 region_loss:  10.0 10.0 loc_loss:  0.8032344055175781 reward_loss:  -40.161720275878906
epoch:  20 batch:  90 region_loss:  6.0 6.0 loc_loss:  0.4907442855834961 reward_loss:  -24.537212371826172
epoch:  20 batch:  100 region_loss:  8.0 8.0 loc_loss:  0.5604324722290039 reward_loss:  -28.021623611450195
epoch:  20 batch:  110 region_loss:  4.0 4.0 loc_loss:  0.32442268371582034 reward_loss:  -16.221134185791016
epoch:  20 batch:  120 region_loss:  5.0 5.0 loc_loss:  0.37309745788574217 reward_loss:  -18.654870986938477
epoch:  20 batch:  130 region_loss:  7.0 7.0 loc_loss:  0.5588111114501954 reward_loss:  -27.940547943115234
acc@1:  0.13640639698965193
epoch: 20 region loss 0.17051094890510948 loc loss 0.6204751380864721 reward loss -31.023754746374422
epoch:  21 batch:  0 region_loss:  10.0 10.0 loc_loss:  0.6914204406738281 reward_loss:  -34.57101821899414
epoch:  21 batch:  10 region_loss:  10.0 10.0 loc_loss:  0.7231175231933594 reward_loss:  -36.15587615966797
epoch:  21 batch:  20 region_loss:  10.0 10.0 loc_loss:  0.6508616638183594 reward_loss:  -32.543087005615234
epoch:  21 batch:  30 region_loss:  10.0 10.0 loc_loss:  0.6788356018066406 reward_loss:  -33.94178009033203
epoch:  21 batch:  40 region_loss:  10.0 10.0 loc_loss:  0.800708999633789 reward_loss:  -40.03544616699219
epoch:  21 batch:  50 region_loss:  10.0 10.0 loc_loss:  0.6728223419189453 reward_loss:  -33.641109466552734
epoch:  21 batch:  60 region_loss:  10.0 10.0 loc_loss:  0.7125253295898437 reward_loss:  -35.62626647949219
epoch:  21 batch:  70 region_loss:  10.0 10.0 loc_loss:  0.6778044128417968 reward_loss:  -33.890220642089844
epoch:  21 batch:  80 region_loss:  10.0 10.0 loc_loss:  0.7690062713623047 reward_loss:  -38.45030975341797
epoch:  21 batch:  90 region_loss:  6.0 6.0 loc_loss:  0.4687222671508789 reward_loss:  -23.436111450195312
epoch:  21 batch:  100 region_loss:  8.0 8.0 loc_loss:  0.5353961944580078 reward_loss:  -26.769805908203125
epoch:  21 batch:  110 region_loss:  4.0 4.0 loc_loss:  0.30817739486694334 reward_loss:  -15.408869743347168
epoch:  21 batch:  120 region_loss:  5.0 5.0 loc_loss:  0.3540187454223633 reward_loss:  -17.700931549072266
epoch:  21 batch:  130 region_loss:  7.0 7.0 loc_loss:  0.5340966415405274 reward_loss:  -26.704830169677734
acc@1:  0.13405456255879586
epoch: 21 region loss 0.17051094890510948 loc loss 0.593451742046941 reward loss -29.672583037049233
epoch:  22 batch:  0 region_loss:  10.0 10.0 loc_loss:  0.6588105773925781 reward_loss:  -32.94052505493164
epoch:  22 batch:  10 region_loss:  10.0 10.0 loc_loss:  0.691958236694336 reward_loss:  -34.59790802001953
epoch:  22 batch:  20 region_loss:  10.0 10.0 loc_loss:  0.6247644424438477 reward_loss:  -31.23822021484375
epoch:  22 batch:  30 region_loss:  10.0 10.0 loc_loss:  0.647640609741211 reward_loss:  -32.38203430175781
epoch:  22 batch:  40 region_loss:  10.0 10.0 loc_loss:  0.7717753601074219 reward_loss:  -38.58876037597656
epoch:  22 batch:  50 region_loss:  10.0 10.0 loc_loss:  0.6436758422851563 reward_loss:  -32.18379211425781
epoch:  22 batch:  60 region_loss:  10.0 10.0 loc_loss:  0.678479995727539 reward_loss:  -33.92399978637695
epoch:  22 batch:  70 region_loss:  10.0 10.0 loc_loss:  0.6478360748291015 reward_loss:  -32.391807556152344
epoch:  22 batch:  80 region_loss:  10.0 10.0 loc_loss:  0.7362565612792968 reward_loss:  -36.812828063964844
epoch:  22 batch:  90 region_loss:  6.0 6.0 loc_loss:  0.4477055358886719 reward_loss:  -22.385276794433594
epoch:  22 batch:  100 region_loss:  8.0 8.0 loc_loss:  0.5116824340820313 reward_loss:  -25.584125518798828
epoch:  22 batch:  110 region_loss:  4.0 4.0 loc_loss:  0.29271472930908204 reward_loss:  -14.635735511779785
epoch:  22 batch:  120 region_loss:  5.0 5.0 loc_loss:  0.3359646224975586 reward_loss:  -16.79823112487793
epoch:  22 batch:  130 region_loss:  7.0 7.0 loc_loss:  0.5104027175903321 reward_loss:  -25.52013397216797
acc@1:  0.132173095014111
epoch: 22 region loss 0.17051094890510948 loc loss 0.5679123905627397 reward loss -28.39561647916362
epoch:  23 batch:  0 region_loss:  10.0 10.0 loc_loss:  0.6279660034179687 reward_loss:  -31.39829444885254
epoch:  23 batch:  10 region_loss:  10.0 10.0 loc_loss:  0.6624935913085938 reward_loss:  -33.12468719482422
epoch:  23 batch:  20 region_loss:  10.0 10.0 loc_loss:  0.6002619552612305 reward_loss:  -30.01309585571289
epoch:  23 batch:  30 region_loss:  10.0 10.0 loc_loss:  0.6182310104370117 reward_loss:  -30.911550521850586
epoch:  23 batch:  40 region_loss:  10.0 10.0 loc_loss:  0.7439006805419922 reward_loss:  -37.19503402709961
epoch:  23 batch:  50 region_loss:  10.0 10.0 loc_loss:  0.6164382553100586 reward_loss:  -30.821918487548828
epoch:  23 batch:  60 region_loss:  10.0 10.0 loc_loss:  0.6462886810302735 reward_loss:  -32.31442642211914
epoch:  23 batch:  70 region_loss:  10.0 10.0 loc_loss:  0.619624137878418 reward_loss:  -30.98120880126953
epoch:  23 batch:  80 region_loss:  10.0 10.0 loc_loss:  0.7048582458496093 reward_loss:  -35.24291229248047
epoch:  23 batch:  90 region_loss:  6.0 6.0 loc_loss:  0.42756889343261717 reward_loss:  -21.37844467163086
epoch:  23 batch:  100 region_loss:  8.0 8.0 loc_loss:  0.4890984344482422 reward_loss:  -24.454919815063477
epoch:  23 batch:  110 region_loss:  4.0 4.0 loc_loss:  0.2779473686218262 reward_loss:  -13.897369384765625
epoch:  23 batch:  120 region_loss:  5.0 5.0 loc_loss:  0.3188936233520508 reward_loss:  -15.944679260253906
epoch:  23 batch:  130 region_loss:  7.0 7.0 loc_loss:  0.48761207580566407 reward_loss:  -24.380603790283203
acc@1:  0.13311382878645345
epoch: 23 region loss 0.17051094890510948 loc loss 0.5436567622553693 reward loss -27.182837945701433
epoch:  24 batch:  0 region_loss:  10.0 10.0 loc_loss:  0.5986313247680664 reward_loss:  -29.931564331054688
epoch:  24 batch:  10 region_loss:  10.0 10.0 loc_loss:  0.6345295333862304 reward_loss:  -31.726491928100586
epoch:  24 batch:  20 region_loss:  10.0 10.0 loc_loss:  0.5771868515014649 reward_loss:  -28.859344482421875
epoch:  24 batch:  30 region_loss:  10.0 10.0 loc_loss:  0.5904207611083985 reward_loss:  -29.52103614807129
epoch:  24 batch:  40 region_loss:  10.0 10.0 loc_loss:  0.7167681884765625 reward_loss:  -35.83841323852539
epoch:  24 batch:  50 region_loss:  10.0 10.0 loc_loss:  0.5906407928466797 reward_loss:  -29.53203773498535
epoch:  24 batch:  60 region_loss:  10.0 10.0 loc_loss:  0.6156944274902344 reward_loss:  -30.78472137451172
epoch:  24 batch:  70 region_loss:  10.0 10.0 loc_loss:  0.592939453125 reward_loss:  -29.646974563598633
epoch:  24 batch:  80 region_loss:  10.0 10.0 loc_loss:  0.6746500396728515 reward_loss:  -33.73250198364258
epoch:  24 batch:  90 region_loss:  6.0 6.0 loc_loss:  0.4082448959350586 reward_loss:  -20.412246704101562
epoch:  24 batch:  100 region_loss:  8.0 8.0 loc_loss:  0.46751861572265624 reward_loss:  -23.375932693481445
epoch:  24 batch:  110 region_loss:  4.0 4.0 loc_loss:  0.26378860473632815 reward_loss:  -13.189430236816406
epoch:  24 batch:  120 region_loss:  5.0 5.0 loc_loss:  0.3025972366333008 reward_loss:  -15.129860877990723
epoch:  24 batch:  130 region_loss:  7.0 7.0 loc_loss:  0.4657138824462891 reward_loss:  -23.28569221496582
acc@1:  0.132173095014111
epoch: 24 region loss 0.17051094890510948 loc loss 0.5205097085019967 reward loss -26.025485553880678
epoch:  25 batch:  0 region_loss:  10.0 10.0 loc_loss:  0.5706450271606446 reward_loss:  -28.53225326538086
epoch:  25 batch:  10 region_loss:  10.0 10.0 loc_loss:  0.6079235076904297 reward_loss:  -30.396175384521484
epoch:  25 batch:  20 region_loss:  10.0 10.0 loc_loss:  0.5552151107788086 reward_loss:  -27.760753631591797
epoch:  25 batch:  30 region_loss:  10.0 10.0 loc_loss:  0.5638792037963867 reward_loss:  -28.193960189819336
epoch:  25 batch:  40 region_loss:  10.0 10.0 loc_loss:  0.6903256225585938 reward_loss:  -34.51628112792969
epoch:  25 batch:  50 region_loss:  10.0 10.0 loc_loss:  0.5661234283447265 reward_loss:  -28.306169509887695
epoch:  25 batch:  60 region_loss:  10.0 10.0 loc_loss:  0.5867296600341797 reward_loss:  -29.33648109436035
epoch:  25 batch:  70 region_loss:  10.0 10.0 loc_loss:  0.5675647735595704 reward_loss:  -28.378238677978516
epoch:  25 batch:  80 region_loss:  10.0 10.0 loc_loss:  0.6454440307617187 reward_loss:  -32.2722053527832
epoch:  25 batch:  90 region_loss:  6.0 6.0 loc_loss:  0.38957862854003905 reward_loss:  -19.478931427001953
epoch:  25 batch:  100 region_loss:  8.0 8.0 loc_loss:  0.4467728424072266 reward_loss:  -22.338642120361328
epoch:  25 batch:  110 region_loss:  4.0 4.0 loc_loss:  0.250273265838623 reward_loss:  -12.513664245605469
epoch:  25 batch:  120 region_loss:  5.0 5.0 loc_loss:  0.2871460723876953 reward_loss:  -14.357303619384766
epoch:  25 batch:  130 region_loss:  7.0 7.0 loc_loss:  0.444581184387207 reward_loss:  -22.22905921936035
acc@1:  0.1288805268109125
epoch: 25 region loss 0.17051094890510948 loc loss 0.49833734561056986 reward loss -24.916866619221487
epoch:  26 batch:  0 region_loss:  10.0 10.0 loc_loss:  0.5439235687255859 reward_loss:  -27.19617462158203
epoch:  26 batch:  10 region_loss:  10.0 10.0 loc_loss:  0.5824535369873047 reward_loss:  -29.1226749420166
epoch:  26 batch:  20 region_loss:  10.0 10.0 loc_loss:  0.5342253875732422 reward_loss:  -26.71126937866211
epoch:  26 batch:  30 region_loss:  10.0 10.0 loc_loss:  0.5385642623901368 reward_loss:  -26.928211212158203
epoch:  26 batch:  40 region_loss:  10.0 10.0 loc_loss:  0.6645702362060547 reward_loss:  -33.22850799560547
epoch:  26 batch:  50 region_loss:  10.0 10.0 loc_loss:  0.5426702880859375 reward_loss:  -27.133514404296875
epoch:  26 batch:  60 region_loss:  10.0 10.0 loc_loss:  0.559003677368164 reward_loss:  -27.95018196105957
epoch:  26 batch:  70 region_loss:  10.0 10.0 loc_loss:  0.5434561538696289 reward_loss:  -27.172801971435547
epoch:  26 batch:  80 region_loss:  10.0 10.0 loc_loss:  0.6171912002563477 reward_loss:  -30.859560012817383
epoch:  26 batch:  90 region_loss:  6.0 6.0 loc_loss:  0.37153564453125 reward_loss:  -18.576784133911133
epoch:  26 batch:  100 region_loss:  8.0 8.0 loc_loss:  0.42672718048095704 reward_loss:  -21.33635902404785
epoch:  26 batch:  110 region_loss:  4.0 4.0 loc_loss:  0.23720897674560548 reward_loss:  -11.860448837280273
epoch:  26 batch:  120 region_loss:  5.0 5.0 loc_loss:  0.27238998413085935 reward_loss:  -13.619483947753906
epoch:  26 batch:  130 region_loss:  7.0 7.0 loc_loss:  0.4241639709472656 reward_loss:  -21.20819854736328
acc@1:  0.1288805268109125
epoch: 26 region loss 0.17051094890510948 loc loss 0.4770215311537694 reward loss -23.85107629664623
epoch:  27 batch:  0 region_loss:  10.0 10.0 loc_loss:  0.5182233428955079 reward_loss:  -25.911165237426758
epoch:  27 batch:  10 region_loss:  10.0 10.0 loc_loss:  0.5579560089111328 reward_loss:  -27.89780044555664
epoch:  27 batch:  20 region_loss:  10.0 10.0 loc_loss:  0.5141167831420899 reward_loss:  -25.705833435058594
epoch:  27 batch:  30 region_loss:  10.0 10.0 loc_loss:  0.5142438507080078 reward_loss:  -25.71219253540039
epoch:  27 batch:  40 region_loss:  10.0 10.0 loc_loss:  0.6393556213378906 reward_loss:  -31.967777252197266
epoch:  27 batch:  50 region_loss:  10.0 10.0 loc_loss:  0.5201173782348633 reward_loss:  -26.00586700439453
epoch:  27 batch:  60 region_loss:  10.0 10.0 loc_loss:  0.5325662612915039 reward_loss:  -26.628313064575195
epoch:  27 batch:  70 region_loss:  10.0 10.0 loc_loss:  0.52029296875 reward_loss:  -26.0146484375
epoch:  27 batch:  80 region_loss:  10.0 10.0 loc_loss:  0.5897749328613281 reward_loss:  -29.488746643066406
epoch:  27 batch:  90 region_loss:  6.0 6.0 loc_loss:  0.3540646743774414 reward_loss:  -17.703231811523438
epoch:  27 batch:  100 region_loss:  8.0 8.0 loc_loss:  0.4073872756958008 reward_loss:  -20.36936378479004
epoch:  27 batch:  110 region_loss:  4.0 4.0 loc_loss:  0.2246372604370117 reward_loss:  -11.231863975524902
epoch:  27 batch:  120 region_loss:  5.0 5.0 loc_loss:  0.2582819366455078 reward_loss:  -12.91409683227539
epoch:  27 batch:  130 region_loss:  7.0 7.0 loc_loss:  0.4043529510498047 reward_loss:  -20.2176456451416
acc@1:  0.12982126058325494
epoch: 27 region loss 0.17051094890510948 loc loss 0.4564743322525581 reward loss -22.82371661610847
epoch:  28 batch:  0 region_loss:  10.0 10.0 loc_loss:  0.4935353851318359 reward_loss:  -24.676769256591797
epoch:  28 batch:  10 region_loss:  10.0 10.0 loc_loss:  0.5343070602416993 reward_loss:  -26.715349197387695
epoch:  28 batch:  20 region_loss:  10.0 10.0 loc_loss:  0.49463356018066407 reward_loss:  -24.731679916381836
epoch:  28 batch:  30 region_loss:  10.0 10.0 loc_loss:  0.49080955505371093 reward_loss:  -24.540477752685547
epoch:  28 batch:  40 region_loss:  10.0 10.0 loc_loss:  0.6146955871582032 reward_loss:  -30.734779357910156
epoch:  28 batch:  50 region_loss:  10.0 10.0 loc_loss:  0.49841880798339844 reward_loss:  -24.920942306518555
epoch:  28 batch:  60 region_loss:  10.0 10.0 loc_loss:  0.507221565246582 reward_loss:  -25.361074447631836
epoch:  28 batch:  70 region_loss:  10.0 10.0 loc_loss:  0.49808406829833984 reward_loss:  -24.904203414916992
epoch:  28 batch:  80 region_loss:  10.0 10.0 loc_loss:  0.5631664657592773 reward_loss:  -28.1583194732666
epoch:  28 batch:  90 region_loss:  6.0 6.0 loc_loss:  0.3371094131469727 reward_loss:  -16.855470657348633
epoch:  28 batch:  100 region_loss:  8.0 8.0 loc_loss:  0.38876941680908206 reward_loss:  -19.43846893310547
epoch:  28 batch:  110 region_loss:  4.0 4.0 loc_loss:  0.21254655838012695 reward_loss:  -10.627326965332031
epoch:  28 batch:  120 region_loss:  5.0 5.0 loc_loss:  0.2448369026184082 reward_loss:  -12.241844177246094
epoch:  28 batch:  130 region_loss:  7.0 7.0 loc_loss:  0.3851772308349609 reward_loss:  -19.258859634399414
acc@1:  0.1284101599247413
epoch: 28 region loss 0.17051094890510948 loc loss 0.4366188122408234 reward loss -21.83093948259841
epoch:  29 batch:  0 region_loss:  10.0 10.0 loc_loss:  0.4696840286254883 reward_loss:  -23.484201431274414
epoch:  29 batch:  10 region_loss:  10.0 10.0 loc_loss:  0.5113631057739257 reward_loss:  -25.56815528869629
epoch:  29 batch:  20 region_loss:  10.0 10.0 loc_loss:  0.47583221435546874 reward_loss:  -23.791610717773438
epoch:  29 batch:  30 region_loss:  10.0 10.0 loc_loss:  0.46823089599609374 reward_loss:  -23.411544799804688
epoch:  29 batch:  40 region_loss:  10.0 10.0 loc_loss:  0.5904683685302734 reward_loss:  -29.523420333862305
epoch:  29 batch:  50 region_loss:  10.0 10.0 loc_loss:  0.47736774444580077 reward_loss:  -23.868385314941406
epoch:  29 batch:  60 region_loss:  10.0 10.0 loc_loss:  0.48276748657226565 reward_loss:  -24.13837432861328
epoch:  29 batch:  70 region_loss:  10.0 10.0 loc_loss:  0.4765592956542969 reward_loss:  -23.827964782714844
epoch:  29 batch:  80 region_loss:  10.0 10.0 loc_loss:  0.5371575164794922 reward_loss:  -26.85787582397461
epoch:  29 batch:  90 region_loss:  6.0 6.0 loc_loss:  0.3205828475952148 reward_loss:  -16.029142379760742
epoch:  29 batch:  100 region_loss:  8.0 8.0 loc_loss:  0.3706566619873047 reward_loss:  -18.5328311920166
epoch:  29 batch:  110 region_loss:  4.0 4.0 loc_loss:  0.20082260131835938 reward_loss:  -10.041130065917969
epoch:  29 batch:  120 region_loss:  5.0 5.0 loc_loss:  0.2318924331665039 reward_loss:  -11.594619750976562
epoch:  29 batch:  130 region_loss:  7.0 7.0 loc_loss:  0.36647491455078124 reward_loss:  -18.323745727539062
acc@1:  0.12558795860771402
epoch: 29 region loss 0.17051094890510948 loc loss 0.4174007742596369 reward loss -20.870038389289466
epoch:  30 batch:  0 region_loss:  10.0 10.0 loc_loss:  0.4467510986328125 reward_loss:  -22.337553024291992
epoch:  30 batch:  10 region_loss:  10.0 10.0 loc_loss:  0.4891695022583008 reward_loss:  -24.45847511291504
epoch:  30 batch:  20 region_loss:  10.0 10.0 loc_loss:  0.45762550354003906 reward_loss:  -22.88127326965332
epoch:  30 batch:  30 region_loss:  10.0 10.0 loc_loss:  0.4464913940429687 reward_loss:  -22.32457160949707
epoch:  30 batch:  40 region_loss:  10.0 10.0 loc_loss:  0.566845817565918 reward_loss:  -28.342288970947266
epoch:  30 batch:  50 region_loss:  10.0 10.0 loc_loss:  0.4569318389892578 reward_loss:  -22.84659194946289
epoch:  30 batch:  60 region_loss:  10.0 10.0 loc_loss:  0.4592736053466797 reward_loss:  -22.96367645263672
epoch:  30 batch:  70 region_loss:  10.0 10.0 loc_loss:  0.45593067169189455 reward_loss:  -22.796531677246094
epoch:  30 batch:  80 region_loss:  10.0 10.0 loc_loss:  0.5119185638427735 reward_loss:  -25.595928192138672
epoch:  30 batch:  90 region_loss:  6.0 6.0 loc_loss:  0.3045968437194824 reward_loss:  -15.229840278625488
epoch:  30 batch:  100 region_loss:  8.0 8.0 loc_loss:  0.3530424499511719 reward_loss:  -17.65212059020996
epoch:  30 batch:  110 region_loss:  4.0 4.0 loc_loss:  0.18954120635986327 reward_loss:  -9.477060317993164
epoch:  30 batch:  120 region_loss:  5.0 5.0 loc_loss:  0.21950363159179687 reward_loss:  -10.975183486938477
epoch:  30 batch:  130 region_loss:  7.0 7.0 loc_loss:  0.3483800506591797 reward_loss:  -17.41900062561035
acc@1:  0.12417685794920037
epoch: 30 region loss 0.17051094890510948 loc loss 0.3988094898906067 reward loss -19.940476374034464
epoch:  31 batch:  0 region_loss:  10.0 10.0 loc_loss:  0.4245319366455078 reward_loss:  -21.226594924926758
epoch:  31 batch:  10 region_loss:  10.0 10.0 loc_loss:  0.46749855041503907 reward_loss:  -23.374929428100586
epoch:  31 batch:  20 region_loss:  10.0 10.0 loc_loss:  0.43996807098388674 reward_loss:  -21.998401641845703
epoch:  31 batch:  30 region_loss:  10.0 10.0 loc_loss:  0.42536205291748047 reward_loss:  -21.268104553222656
epoch:  31 batch:  40 region_loss:  10.0 10.0 loc_loss:  0.5435898971557617 reward_loss:  -27.179492950439453
epoch:  31 batch:  50 region_loss:  10.0 10.0 loc_loss:  0.437093505859375 reward_loss:  -21.854679107666016
epoch:  31 batch:  60 region_loss:  10.0 10.0 loc_loss:  0.43655269622802734 reward_loss:  -21.827638626098633
epoch:  31 batch:  70 region_loss:  10.0 10.0 loc_loss:  0.4356372833251953 reward_loss:  -21.78187370300293
epoch:  31 batch:  80 region_loss:  10.0 10.0 loc_loss:  0.4871871185302734 reward_loss:  -24.35935401916504
epoch:  31 batch:  90 region_loss:  6.0 6.0 loc_loss:  0.2889456939697266 reward_loss:  -14.447286605834961
epoch:  31 batch:  100 region_loss:  8.0 8.0 loc_loss:  0.33611473083496096 reward_loss:  -16.80573844909668
epoch:  31 batch:  110 region_loss:  4.0 4.0 loc_loss:  0.17860162734985352 reward_loss:  -8.93008041381836
epoch:  31 batch:  120 region_loss:  5.0 5.0 loc_loss:  0.20759517669677735 reward_loss:  -10.379758834838867
epoch:  31 batch:  130 region_loss:  7.0 7.0 loc_loss:  0.3307244491577148 reward_loss:  -16.536222457885742
acc@1:  0.1218250235183443
epoch: 31 region loss 0.17051094890510948 loc loss 0.3806822180225901 reward loss -19.03411833735278
epoch:  32 batch:  0 region_loss:  10.0 10.0 loc_loss:  0.4031858444213867 reward_loss:  -20.159292221069336
epoch:  32 batch:  10 region_loss:  10.0 10.0 loc_loss:  0.4465875244140625 reward_loss:  -22.329376220703125
epoch:  32 batch:  20 region_loss:  10.0 10.0 loc_loss:  0.4227641677856445 reward_loss:  -21.13821029663086
epoch:  32 batch:  30 region_loss:  10.0 10.0 loc_loss:  0.40501041412353517 reward_loss:  -20.250520706176758
epoch:  32 batch:  40 region_loss:  10.0 10.0 loc_loss:  0.520899658203125 reward_loss:  -26.04498291015625
epoch:  32 batch:  50 region_loss:  10.0 10.0 loc_loss:  0.417800178527832 reward_loss:  -20.890010833740234
epoch:  32 batch:  60 region_loss:  10.0 10.0 loc_loss:  0.4146474075317383 reward_loss:  -20.732372283935547
epoch:  32 batch:  70 region_loss:  10.0 10.0 loc_loss:  0.4162119293212891 reward_loss:  -20.810596466064453
epoch:  32 batch:  80 region_loss:  10.0 10.0 loc_loss:  0.4631144332885742 reward_loss:  -23.15572166442871
epoch:  32 batch:  90 region_loss:  6.0 6.0 loc_loss:  0.27388872146606447 reward_loss:  -13.694436073303223
epoch:  32 batch:  100 region_loss:  8.0 8.0 loc_loss:  0.3195302963256836 reward_loss:  -15.976512908935547
epoch:  32 batch:  110 region_loss:  4.0 4.0 loc_loss:  0.16815088272094728 reward_loss:  -8.407540321350098
epoch:  32 batch:  120 region_loss:  5.0 5.0 loc_loss:  0.19611682891845703 reward_loss:  -9.805926322937012
epoch:  32 batch:  130 region_loss:  7.0 7.0 loc_loss:  0.31368175506591794 reward_loss:  -15.684085845947266
acc@1:  0.1180620884289746
epoch: 32 region loss 0.17051094890510948 loc loss 0.3630981630130406 reward loss -18.15490380864944
epoch:  33 batch:  0 region_loss:  10.0 10.0 loc_loss:  0.38244537353515623 reward_loss:  -19.12226676940918
epoch:  33 batch:  10 region_loss:  10.0 10.0 loc_loss:  0.42618354797363284 reward_loss:  -21.30917739868164
epoch:  33 batch:  20 region_loss:  10.0 10.0 loc_loss:  0.4060192489624023 reward_loss:  -20.300962448120117
epoch:  33 batch:  30 region_loss:  10.0 10.0 loc_loss:  0.3852085494995117 reward_loss:  -19.260427474975586
epoch:  33 batch:  40 region_loss:  10.0 10.0 loc_loss:  0.498529052734375 reward_loss:  -24.926450729370117
epoch:  33 batch:  50 region_loss:  10.0 10.0 loc_loss:  0.39896121978759763 reward_loss:  -19.948060989379883
epoch:  33 batch:  60 region_loss:  10.0 10.0 loc_loss:  0.39353801727294924 reward_loss:  -19.67690086364746
epoch:  33 batch:  70 region_loss:  10.0 10.0 loc_loss:  0.3970120620727539 reward_loss:  -19.85060691833496
epoch:  33 batch:  80 region_loss:  10.0 10.0 loc_loss:  0.4396123123168945 reward_loss:  -21.980615615844727
epoch:  33 batch:  90 region_loss:  6.0 6.0 loc_loss:  0.2591413497924805 reward_loss:  -12.957066535949707
epoch:  33 batch:  100 region_loss:  8.0 8.0 loc_loss:  0.3036136245727539 reward_loss:  -15.180682182312012
epoch:  33 batch:  110 region_loss:  4.0 4.0 loc_loss:  0.15804874420166015 reward_loss:  -7.902437210083008
epoch:  33 batch:  120 region_loss:  5.0 5.0 loc_loss:  0.18514463424682617 reward_loss:  -9.257231712341309
epoch:  33 batch:  130 region_loss:  7.0 7.0 loc_loss:  0.29691492080688475 reward_loss:  -14.845744132995605
acc@1:  0.11759172154280338
epoch: 33 region loss 0.17051094890510948 loc loss 0.34598010901987114 reward loss -17.299007805594563
epoch:  34 batch:  0 region_loss:  10.0 10.0 loc_loss:  0.36243865966796873 reward_loss:  -18.121931076049805
epoch:  34 batch:  10 region_loss:  10.0 10.0 loc_loss:  0.4063688659667969 reward_loss:  -20.318443298339844
epoch:  34 batch:  20 region_loss:  10.0 10.0 loc_loss:  0.3897692108154297 reward_loss:  -19.48845672607422
epoch:  34 batch:  30 region_loss:  10.0 10.0 loc_loss:  0.36608882904052736 reward_loss:  -18.304439544677734
epoch:  34 batch:  40 region_loss:  10.0 10.0 loc_loss:  0.4766385269165039 reward_loss:  -23.831924438476562
epoch:  34 batch:  50 region_loss:  10.0 10.0 loc_loss:  0.3806274795532227 reward_loss:  -19.0313720703125
epoch:  34 batch:  60 region_loss:  10.0 10.0 loc_loss:  0.3731093978881836 reward_loss:  -18.655471801757812
epoch:  34 batch:  70 region_loss:  10.0 10.0 loc_loss:  0.37863750457763673 reward_loss:  -18.931875228881836
epoch:  34 batch:  80 region_loss:  10.0 10.0 loc_loss:  0.4167067337036133 reward_loss:  -20.83533477783203
epoch:  34 batch:  90 region_loss:  6.0 6.0 loc_loss:  0.24491191864013673 reward_loss:  -12.245595932006836
epoch:  34 batch:  100 region_loss:  8.0 8.0 loc_loss:  0.287932186126709 reward_loss:  -14.396608352661133
epoch:  34 batch:  110 region_loss:  4.0 4.0 loc_loss:  0.14839694976806642 reward_loss:  -7.419847011566162
epoch:  34 batch:  120 region_loss:  5.0 5.0 loc_loss:  0.1745293426513672 reward_loss:  -8.72646713256836
epoch:  34 batch:  130 region_loss:  7.0 7.0 loc_loss:  0.28085813522338865 reward_loss:  -14.042906761169434
acc@1:  0.1180620884289746
epoch: 34 region loss 0.17051094890510948 loc loss 0.32940145215848937 reward loss -16.47007156462565
epoch:  35 batch:  0 region_loss:  10.0 10.0 loc_loss:  0.3430607223510742 reward_loss:  -17.15303611755371
epoch:  35 batch:  10 region_loss:  10.0 10.0 loc_loss:  0.38713314056396486 reward_loss:  -19.356658935546875
epoch:  35 batch:  20 region_loss:  10.0 10.0 loc_loss:  0.3739026641845703 reward_loss:  -18.69513511657715
epoch:  35 batch:  30 region_loss:  10.0 10.0 loc_loss:  0.3475197982788086 reward_loss:  -17.37598991394043
epoch:  35 batch:  40 region_loss:  10.0 10.0 loc_loss:  0.45514301300048826 reward_loss:  -22.757152557373047
epoch:  35 batch:  50 region_loss:  10.0 10.0 loc_loss:  0.3628293228149414 reward_loss:  -18.14146614074707
epoch:  35 batch:  60 region_loss:  10.0 10.0 loc_loss:  0.3534188461303711 reward_loss:  -17.670942306518555
epoch:  35 batch:  70 region_loss:  10.0 10.0 loc_loss:  0.360498046875 reward_loss:  -18.024946212768555
epoch:  35 batch:  80 region_loss:  10.0 10.0 loc_loss:  0.39429779052734376 reward_loss:  -19.714889526367188
epoch:  35 batch:  90 region_loss:  6.0 6.0 loc_loss:  0.2309391212463379 reward_loss:  -11.546957015991211
epoch:  35 batch:  100 region_loss:  8.0 8.0 loc_loss:  0.27312244415283204 reward_loss:  -13.656123161315918
epoch:  35 batch:  110 region_loss:  4.0 4.0 loc_loss:  0.13904142379760742 reward_loss:  -6.952071189880371
epoch:  35 batch:  120 region_loss:  5.0 5.0 loc_loss:  0.16436248779296875 reward_loss:  -8.218124389648438
epoch:  35 batch:  130 region_loss:  7.0 7.0 loc_loss:  0.26519392013549803 reward_loss:  -13.259695053100586
acc@1:  0.11523988711194733
epoch: 35 region loss 0.17051094890510948 loc loss 0.3133235961851412 reward loss -15.666180662865186
epoch:  36 batch:  0 region_loss:  10.0 10.0 loc_loss:  0.3244163513183594 reward_loss:  -16.22081756591797
epoch:  36 batch:  10 region_loss:  10.0 10.0 loc_loss:  0.3683933639526367 reward_loss:  -18.419668197631836
epoch:  36 batch:  20 region_loss:  10.0 10.0 loc_loss:  0.3583666229248047 reward_loss:  -17.9183292388916
epoch:  36 batch:  30 region_loss:  10.0 10.0 loc_loss:  0.3296403503417969 reward_loss:  -16.482017517089844
epoch:  36 batch:  40 region_loss:  10.0 10.0 loc_loss:  0.4341400146484375 reward_loss:  -21.70700454711914
epoch:  36 batch:  50 region_loss:  10.0 10.0 loc_loss:  0.34535900115966794 reward_loss:  -17.267948150634766
epoch:  36 batch:  60 region_loss:  10.0 10.0 loc_loss:  0.33438018798828123 reward_loss:  -16.719009399414062
epoch:  36 batch:  70 region_loss:  10.0 10.0 loc_loss:  0.3431304168701172 reward_loss:  -17.15652084350586
epoch:  36 batch:  80 region_loss:  10.0 10.0 loc_loss:  0.37255096435546875 reward_loss:  -18.62755012512207
epoch:  36 batch:  90 region_loss:  6.0 6.0 loc_loss:  0.21763561248779298 reward_loss:  -10.881780624389648
epoch:  36 batch:  100 region_loss:  8.0 8.0 loc_loss:  0.25810840606689456 reward_loss:  -12.905421257019043
epoch:  36 batch:  110 region_loss:  4.0 4.0 loc_loss:  0.13019289016723634 reward_loss:  -6.509644508361816
epoch:  36 batch:  120 region_loss:  5.0 5.0 loc_loss:  0.15455647468566894 reward_loss:  -7.727823257446289
epoch:  36 batch:  130 region_loss:  7.0 7.0 loc_loss:  0.2501593780517578 reward_loss:  -12.507967948913574
acc@1:  0.11571025399811853
epoch: 36 region loss 0.17051094890510948 loc loss 0.2977491657925348 reward loss -14.887459516525269
epoch:  37 batch:  0 region_loss:  10.0 10.0 loc_loss:  0.3064079475402832 reward_loss:  -15.32039737701416
epoch:  37 batch:  10 region_loss:  10.0 10.0 loc_loss:  0.35020294189453127 reward_loss:  -17.510149002075195
epoch:  37 batch:  20 region_loss:  10.0 10.0 loc_loss:  0.34332042694091797 reward_loss:  -17.1660213470459
epoch:  37 batch:  30 region_loss:  10.0 10.0 loc_loss:  0.312229061126709 reward_loss:  -15.611452102661133
epoch:  37 batch:  40 region_loss:  10.0 10.0 loc_loss:  0.4135504913330078 reward_loss:  -20.677520751953125
epoch:  37 batch:  50 region_loss:  10.0 10.0 loc_loss:  0.3285245132446289 reward_loss:  -16.426227569580078
epoch:  37 batch:  60 region_loss:  10.0 10.0 loc_loss:  0.31612979888916015 reward_loss:  -15.806490898132324
epoch:  37 batch:  70 region_loss:  10.0 10.0 loc_loss:  0.3260382843017578 reward_loss:  -16.30191421508789
epoch:  37 batch:  80 region_loss:  10.0 10.0 loc_loss:  0.35136516571044923 reward_loss:  -17.56825828552246
epoch:  37 batch:  90 region_loss:  6.0 6.0 loc_loss:  0.20455184936523438 reward_loss:  -10.227593421936035
epoch:  37 batch:  100 region_loss:  8.0 8.0 loc_loss:  0.24469121932983398 reward_loss:  -12.234561920166016
epoch:  37 batch:  110 region_loss:  4.0 4.0 loc_loss:  0.12153704643249512 reward_loss:  -6.0768513679504395
epoch:  37 batch:  120 region_loss:  5.0 5.0 loc_loss:  0.14521563529968262 reward_loss:  -7.260781764984131
epoch:  37 batch:  130 region_loss:  7.0 7.0 loc_loss:  0.2354780387878418 reward_loss:  -11.773902893066406
acc@1:  0.11053621825023519
epoch: 37 region loss 0.17051094890510948 loc loss 0.2826759942082593 reward loss -14.133800226406459
epoch:  38 batch:  0 region_loss:  10.0 10.0 loc_loss:  0.2890151596069336 reward_loss:  -14.45075798034668
epoch:  38 batch:  10 region_loss:  10.0 10.0 loc_loss:  0.33249664306640625 reward_loss:  -16.624832153320312
epoch:  38 batch:  20 region_loss:  10.0 10.0 loc_loss:  0.3285364151000977 reward_loss:  -16.426820755004883
epoch:  38 batch:  30 region_loss:  10.0 10.0 loc_loss:  0.29557674407958984 reward_loss:  -14.778838157653809
epoch:  38 batch:  40 region_loss:  10.0 10.0 loc_loss:  0.39347793579101564 reward_loss:  -19.67389678955078
epoch:  38 batch:  50 region_loss:  10.0 10.0 loc_loss:  0.31200323104858396 reward_loss:  -15.600160598754883
epoch:  38 batch:  60 region_loss:  10.0 10.0 loc_loss:  0.2984737777709961 reward_loss:  -14.923687934875488
epoch:  38 batch:  70 region_loss:  10.0 10.0 loc_loss:  0.30953746795654297 reward_loss:  -15.476873397827148
epoch:  38 batch:  80 region_loss:  10.0 10.0 loc_loss:  0.3308641815185547 reward_loss:  -16.543209075927734
epoch:  38 batch:  90 region_loss:  6.0 6.0 loc_loss:  0.19214101791381835 reward_loss:  -9.607049942016602
epoch:  38 batch:  100 region_loss:  8.0 8.0 loc_loss:  0.23007913589477538 reward_loss:  -11.50395679473877
epoch:  38 batch:  110 region_loss:  4.0 4.0 loc_loss:  0.11343671798706055 reward_loss:  -5.671835899353027
epoch:  38 batch:  120 region_loss:  5.0 5.0 loc_loss:  0.13620817184448242 reward_loss:  -6.810408592224121
epoch:  38 batch:  130 region_loss:  7.0 7.0 loc_loss:  0.22149690628051757 reward_loss:  -11.074846267700195
acc@1:  0.11241768579492004
epoch: 38 region loss 0.17051094890510948 loc loss 0.2680798925970593 reward loss -13.40399443146086
epoch:  39 batch:  0 region_loss:  10.0 10.0 loc_loss:  0.2723402214050293 reward_loss:  -13.617011070251465
epoch:  39 batch:  10 region_loss:  10.0 10.0 loc_loss:  0.31534969329833984 reward_loss:  -15.767484664916992
epoch:  39 batch:  20 region_loss:  10.0 10.0 loc_loss:  0.314421501159668 reward_loss:  -15.721074104309082
epoch:  39 batch:  30 region_loss:  10.0 10.0 loc_loss:  0.27933441162109374 reward_loss:  -13.966721534729004
epoch:  39 batch:  40 region_loss:  10.0 10.0 loc_loss:  0.3737602233886719 reward_loss:  -18.688011169433594
epoch:  39 batch:  50 region_loss:  10.0 10.0 loc_loss:  0.2964558982849121 reward_loss:  -14.822796821594238
epoch:  39 batch:  60 region_loss:  10.0 10.0 loc_loss:  0.28158203125 reward_loss:  -14.079100608825684
epoch:  39 batch:  70 region_loss:  10.0 10.0 loc_loss:  0.29372596740722656 reward_loss:  -14.686302185058594
epoch:  39 batch:  80 region_loss:  10.0 10.0 loc_loss:  0.3110048294067383 reward_loss:  -15.550238609313965
epoch:  39 batch:  90 region_loss:  6.0 6.0 loc_loss:  0.18000093460083008 reward_loss:  -9.000046730041504
epoch:  39 batch:  100 region_loss:  8.0 8.0 loc_loss:  0.21836906433105469 reward_loss:  -10.918453216552734
epoch:  39 batch:  110 region_loss:  4.0 4.0 loc_loss:  0.10562402725219727 reward_loss:  -5.281200885772705
epoch:  39 batch:  120 region_loss:  5.0 5.0 loc_loss:  0.12765227317810057 reward_loss:  -6.3826141357421875
epoch:  39 batch:  130 region_loss:  7.0 7.0 loc_loss:  0.20794748306274413 reward_loss:  -10.397374153137207
acc@1:  0.10724365004703669
epoch: 39 region loss 0.17051094890510948 loc loss 0.2540790015067497 reward loss -12.703949482771602
epoch:  40 batch:  0 region_loss:  10.0 10.0 loc_loss:  0.25640377044677737 reward_loss:  -12.820188522338867
epoch:  40 batch:  10 region_loss:  10.0 10.0 loc_loss:  0.29870452880859377 reward_loss:  -14.935226440429688
epoch:  40 batch:  20 region_loss:  10.0 10.0 loc_loss:  0.3005377197265625 reward_loss:  -15.026886940002441
epoch:  40 batch:  30 region_loss:  10.0 10.0 loc_loss:  0.26390727996826174 reward_loss:  -13.195363998413086
epoch:  40 batch:  40 region_loss:  10.0 10.0 loc_loss:  0.3545792007446289 reward_loss:  -17.728961944580078
epoch:  40 batch:  50 region_loss:  10.0 10.0 loc_loss:  0.28119285583496095 reward_loss:  -14.059642791748047
epoch:  40 batch:  60 region_loss:  10.0 10.0 loc_loss:  0.26537858963012695 reward_loss:  -13.268929481506348
epoch:  40 batch:  70 region_loss:  10.0 10.0 loc_loss:  0.27822872161865236 reward_loss:  -13.911437034606934
epoch:  40 batch:  80 region_loss:  10.0 10.0 loc_loss:  0.2919604301452637 reward_loss:  -14.598023414611816
epoch:  40 batch:  90 region_loss:  6.0 6.0 loc_loss:  0.16863302230834962 reward_loss:  -8.431650161743164
epoch:  40 batch:  100 region_loss:  8.0 8.0 loc_loss:  0.20416404724121093 reward_loss:  -10.20820140838623
epoch:  40 batch:  110 region_loss:  4.0 4.0 loc_loss:  0.09820274353027343 reward_loss:  -4.910137176513672
epoch:  40 batch:  120 region_loss:  5.0 5.0 loc_loss:  0.11951759338378906 reward_loss:  -5.975879669189453
epoch:  40 batch:  130 region_loss:  7.0 7.0 loc_loss:  0.19497922897338868 reward_loss:  -9.748961448669434
acc@1:  0.10818438381937912
epoch: 40 region loss 0.17051094890510948 loc loss 0.24066216522759765 reward loss -12.03310861900775
epoch:  41 batch:  0 region_loss:  10.0 10.0 loc_loss:  0.24135833740234375 reward_loss:  -12.067917823791504
epoch:  41 batch:  10 region_loss:  10.0 10.0 loc_loss:  0.2826912307739258 reward_loss:  -14.134559631347656
epoch:  41 batch:  20 region_loss:  10.0 10.0 loc_loss:  0.2882764434814453 reward_loss:  -14.413820266723633
epoch:  41 batch:  30 region_loss:  10.0 10.0 loc_loss:  0.24894886016845702 reward_loss:  -12.4474458694458
epoch:  41 batch:  40 region_loss:  10.0 10.0 loc_loss:  0.3360834884643555 reward_loss:  -16.804174423217773
epoch:  41 batch:  50 region_loss:  10.0 10.0 loc_loss:  0.2676283073425293 reward_loss:  -13.381414413452148
epoch:  41 batch:  60 region_loss:  10.0 10.0 loc_loss:  0.24976213455200194 reward_loss:  -12.488106727600098
epoch:  41 batch:  70 region_loss:  10.0 10.0 loc_loss:  0.2637273025512695 reward_loss:  -13.186366081237793
epoch:  41 batch:  80 region_loss:  10.0 10.0 loc_loss:  0.27355146408081055 reward_loss:  -13.677572250366211
epoch:  41 batch:  90 region_loss:  6.0 6.0 loc_loss:  0.15755341529846192 reward_loss:  -7.8776702880859375
epoch:  41 batch:  100 region_loss:  8.0 8.0 loc_loss:  0.19377573013305663 reward_loss:  -9.688785552978516
epoch:  41 batch:  110 region_loss:  4.0 4.0 loc_loss:  0.09115708351135254 reward_loss:  -4.557854175567627
epoch:  41 batch:  120 region_loss:  5.0 5.0 loc_loss:  0.1117536449432373 reward_loss:  -5.587682247161865
epoch:  41 batch:  130 region_loss:  7.0 7.0 loc_loss:  0.1825309181213379 reward_loss:  -9.126544952392578
acc@1:  0.10536218250235184
epoch: 41 region loss 0.17051094890510948 loc loss 0.22783588538204666 reward loss -11.391794409195002
epoch:  42 batch:  0 region_loss:  10.0 10.0 loc_loss:  0.22743484497070313 reward_loss:  -11.371743202209473
epoch:  42 batch:  10 region_loss:  10.0 10.0 loc_loss:  0.2671035575866699 reward_loss:  -13.35517692565918
epoch:  42 batch:  20 region_loss:  10.0 10.0 loc_loss:  0.27606840133666993 reward_loss:  -13.803420066833496
epoch:  42 batch:  30 region_loss:  10.0 10.0 loc_loss:  0.23480541229248048 reward_loss:  -11.740269660949707
epoch:  42 batch:  40 region_loss:  10.0 10.0 loc_loss:  0.31793527603149413 reward_loss:  -15.896760940551758
epoch:  42 batch:  50 region_loss:  10.0 10.0 loc_loss:  0.2541991806030273 reward_loss:  -12.7099609375
epoch:  42 batch:  60 region_loss:  10.0 10.0 loc_loss:  0.2351392936706543 reward_loss:  -11.756964683532715
epoch:  42 batch:  70 region_loss:  10.0 10.0 loc_loss:  0.24905311584472656 reward_loss:  -12.452655792236328
epoch:  42 batch:  80 region_loss:  10.0 10.0 loc_loss:  0.25588645935058596 reward_loss:  -12.794322967529297
epoch:  42 batch:  90 region_loss:  6.0 6.0 loc_loss:  0.14715899467468263 reward_loss:  -7.357950210571289
epoch:  42 batch:  100 region_loss:  8.0 8.0 loc_loss:  0.18041040420532226 reward_loss:  -9.02052116394043
epoch:  42 batch:  110 region_loss:  4.0 4.0 loc_loss:  0.08444168090820313 reward_loss:  -4.222083568572998
epoch:  42 batch:  120 region_loss:  5.0 5.0 loc_loss:  0.10438888549804687 reward_loss:  -5.219444751739502
epoch:  42 batch:  130 region_loss:  7.0 7.0 loc_loss:  0.17088659286499022 reward_loss:  -8.544329643249512
acc@1:  0.10677328316086547
epoch: 42 region loss 0.17051094890510948 loc loss 0.2153177785003272 reward loss -10.765888827560591
epoch:  43 batch:  0 region_loss:  10.0 10.0 loc_loss:  0.2139003372192383 reward_loss:  -10.695016860961914
epoch:  43 batch:  10 region_loss:  10.0 10.0 loc_loss:  0.25216270446777345 reward_loss:  -12.608137130737305
epoch:  43 batch:  20 region_loss:  10.0 10.0 loc_loss:  0.26547285079956057 reward_loss:  -13.273642539978027
epoch:  43 batch:  30 region_loss:  10.0 10.0 loc_loss:  0.22096630096435546 reward_loss:  -11.048315048217773
epoch:  43 batch:  40 region_loss:  10.0 10.0 loc_loss:  0.3009153747558594 reward_loss:  -15.045768737792969
epoch:  43 batch:  50 region_loss:  10.0 10.0 loc_loss:  0.2404853057861328 reward_loss:  -12.024263381958008
epoch:  43 batch:  60 region_loss:  10.0 10.0 loc_loss:  0.22090471267700196 reward_loss:  -11.045236587524414
epoch:  43 batch:  70 region_loss:  10.0 10.0 loc_loss:  0.23559772491455078 reward_loss:  -11.779885292053223
epoch:  43 batch:  80 region_loss:  10.0 10.0 loc_loss:  0.239222469329834 reward_loss:  -11.961121559143066
epoch:  43 batch:  90 region_loss:  6.0 6.0 loc_loss:  0.1371629810333252 reward_loss:  -6.858148097991943
epoch:  43 batch:  100 region_loss:  8.0 8.0 loc_loss:  0.1708770751953125 reward_loss:  -8.543853759765625
epoch:  43 batch:  110 region_loss:  4.0 4.0 loc_loss:  0.07817160606384277 reward_loss:  -3.9085798263549805
epoch:  43 batch:  120 region_loss:  5.0 5.0 loc_loss:  0.09747549057006837 reward_loss:  -4.873774528503418
epoch:  43 batch:  130 region_loss:  7.0 7.0 loc_loss:  0.1594163990020752 reward_loss:  -7.970820903778076
acc@1:  0.10583254938852305
epoch: 43 region loss 0.17051094890510948 loc loss 0.2033940429060999 reward loss -10.169702110064291
epoch:  44 batch:  0 region_loss:  10.0 10.0 loc_loss:  0.20087411880493164 reward_loss:  -10.043706893920898
epoch:  44 batch:  10 region_loss:  10.0 10.0 loc_loss:  0.2378421401977539 reward_loss:  -11.892107009887695
epoch:  44 batch:  20 region_loss:  10.0 10.0 loc_loss:  0.2528823661804199 reward_loss:  -12.64411735534668
epoch:  44 batch:  30 region_loss:  10.0 10.0 loc_loss:  0.20821685791015626 reward_loss:  -10.410842895507812
epoch:  44 batch:  40 region_loss:  10.0 10.0 loc_loss:  0.2840592956542969 reward_loss:  -14.202964782714844
epoch:  44 batch:  50 region_loss:  10.0 10.0 loc_loss:  0.2267060661315918 reward_loss:  -11.33530330657959
epoch:  44 batch:  60 region_loss:  10.0 10.0 loc_loss:  0.2079037094116211 reward_loss:  -10.395185470581055
epoch:  44 batch:  70 region_loss:  10.0 10.0 loc_loss:  0.22198787689208985 reward_loss:  -11.09939193725586
epoch:  44 batch:  80 region_loss:  10.0 10.0 loc_loss:  0.22322242736816406 reward_loss:  -11.16111946105957
epoch:  44 batch:  90 region_loss:  6.0 6.0 loc_loss:  0.1278008270263672 reward_loss:  -6.390041351318359
epoch:  44 batch:  100 region_loss:  8.0 8.0 loc_loss:  0.15892475128173827 reward_loss:  -7.9462385177612305
epoch:  44 batch:  110 region_loss:  4.0 4.0 loc_loss:  0.07224967956542969 reward_loss:  -3.6124839782714844
epoch:  44 batch:  120 region_loss:  5.0 5.0 loc_loss:  0.09086605072021485 reward_loss:  -4.543302536010742
epoch:  44 batch:  130 region_loss:  7.0 7.0 loc_loss:  0.14911703109741212 reward_loss:  -7.455852031707764
acc@1:  0.10348071495766697
epoch: 44 region loss 0.17051094890510948 loc loss 0.19194721040934543 reward loss -9.597360198515174
epoch:  45 batch:  0 region_loss:  10.0 10.0 loc_loss:  0.1880117416381836 reward_loss:  -9.40058708190918
epoch:  45 batch:  10 region_loss:  10.0 10.0 loc_loss:  0.22398693084716798 reward_loss:  -11.199345588684082
epoch:  45 batch:  20 region_loss:  10.0 10.0 loc_loss:  0.24128482818603517 reward_loss:  -12.064239501953125
epoch:  45 batch:  30 region_loss:  10.0 10.0 loc_loss:  0.19553888320922852 reward_loss:  -9.77694320678711
epoch:  45 batch:  40 region_loss:  10.0 10.0 loc_loss:  0.26878808975219726 reward_loss:  -13.439403533935547
epoch:  45 batch:  50 region_loss:  10.0 10.0 loc_loss:  0.21432701110839844 reward_loss:  -10.716347694396973
epoch:  45 batch:  60 region_loss:  10.0 10.0 loc_loss:  0.19486387252807616 reward_loss:  -9.743193626403809
epoch:  45 batch:  70 region_loss:  10.0 10.0 loc_loss:  0.2092401885986328 reward_loss:  -10.46200942993164
epoch:  45 batch:  80 region_loss:  10.0 10.0 loc_loss:  0.20827335357666016 reward_loss:  -10.413666725158691
epoch:  45 batch:  90 region_loss:  6.0 6.0 loc_loss:  0.11891600608825684 reward_loss:  -5.945799350738525
epoch:  45 batch:  100 region_loss:  8.0 8.0 loc_loss:  0.15011141777038575 reward_loss:  -7.505570888519287
epoch:  45 batch:  110 region_loss:  4.0 4.0 loc_loss:  0.06665050506591796 reward_loss:  -3.3325247764587402
epoch:  45 batch:  120 region_loss:  5.0 5.0 loc_loss:  0.0848110294342041 reward_loss:  -4.240551471710205
epoch:  45 batch:  130 region_loss:  7.0 7.0 loc_loss:  0.13879100799560548 reward_loss:  -6.939549446105957
acc@1:  0.10442144873000941
epoch: 45 region loss 0.17051094890510948 loc loss 0.1809095440641807 reward loss -9.045472636275047
epoch:  46 batch:  0 region_loss:  10.0 10.0 loc_loss:  0.17591150283813475 reward_loss:  -8.795575141906738
epoch:  46 batch:  10 region_loss:  10.0 10.0 loc_loss:  0.21089950561523438 reward_loss:  -10.544974327087402
epoch:  46 batch:  20 region_loss:  10.0 10.0 loc_loss:  0.2293684959411621 reward_loss:  -11.468426704406738
epoch:  46 batch:  30 region_loss:  10.0 10.0 loc_loss:  0.18390865325927735 reward_loss:  -9.19543170928955
epoch:  46 batch:  40 region_loss:  10.0 10.0 loc_loss:  0.25334529876708983 reward_loss:  -12.667264938354492
epoch:  46 batch:  50 region_loss:  10.0 10.0 loc_loss:  0.20165599822998048 reward_loss:  -10.082799911499023
epoch:  46 batch:  60 region_loss:  10.0 10.0 loc_loss:  0.18309696197509764 reward_loss:  -9.154848098754883
epoch:  46 batch:  70 region_loss:  10.0 10.0 loc_loss:  0.1966422653198242 reward_loss:  -9.832113265991211
epoch:  46 batch:  80 region_loss:  10.0 10.0 loc_loss:  0.19404682159423828 reward_loss:  -9.702341079711914
epoch:  46 batch:  90 region_loss:  6.0 6.0 loc_loss:  0.1106937026977539 reward_loss:  -5.534685134887695
epoch:  46 batch:  100 region_loss:  8.0 8.0 loc_loss:  0.13953092575073242 reward_loss:  -6.976546287536621
epoch:  46 batch:  110 region_loss:  4.0 4.0 loc_loss:  0.06141917705535889 reward_loss:  -3.0709567070007324
epoch:  46 batch:  120 region_loss:  5.0 5.0 loc_loss:  0.07884486675262452 reward_loss:  -3.9422435760498047
epoch:  46 batch:  130 region_loss:  7.0 7.0 loc_loss:  0.12950749397277833 reward_loss:  -6.475374221801758
acc@1:  0.10442144873000941
epoch: 46 region loss 0.17051094890510948 loc loss 0.1704050754108568 reward loss -8.520253589118484
epoch:  47 batch:  0 region_loss:  10.0 10.0 loc_loss:  0.1648923110961914 reward_loss:  -8.244614601135254
epoch:  47 batch:  10 region_loss:  10.0 10.0 loc_loss:  0.1981433868408203 reward_loss:  -9.907169342041016
epoch:  47 batch:  20 region_loss:  10.0 10.0 loc_loss:  0.2186994171142578 reward_loss:  -10.934969902038574
epoch:  47 batch:  30 region_loss:  10.0 10.0 loc_loss:  0.1724569892883301 reward_loss:  -8.622849464416504
epoch:  47 batch:  40 region_loss:  10.0 10.0 loc_loss:  0.2394663429260254 reward_loss:  -11.97331714630127
epoch:  47 batch:  50 region_loss:  10.0 10.0 loc_loss:  0.19086894989013672 reward_loss:  -9.543445587158203
epoch:  47 batch:  60 region_loss:  10.0 10.0 loc_loss:  0.17142951965332032 reward_loss:  -8.571475982666016
epoch:  47 batch:  70 region_loss:  10.0 10.0 loc_loss:  0.1848825454711914 reward_loss:  -9.24412727355957
epoch:  47 batch:  80 region_loss:  10.0 10.0 loc_loss:  0.1807217788696289 reward_loss:  -9.036088943481445
epoch:  47 batch:  90 region_loss:  6.0 6.0 loc_loss:  0.10278167724609374 reward_loss:  -5.139083385467529
epoch:  47 batch:  100 region_loss:  8.0 8.0 loc_loss:  0.1314869976043701 reward_loss:  -6.574349403381348
epoch:  47 batch:  110 region_loss:  4.0 4.0 loc_loss:  0.056580114364624026 reward_loss:  -2.829005718231201
epoch:  47 batch:  120 region_loss:  5.0 5.0 loc_loss:  0.07354546070098877 reward_loss:  -3.6772732734680176
epoch:  47 batch:  130 region_loss:  7.0 7.0 loc_loss:  0.12035271644592285 reward_loss:  -6.017635345458984
acc@1:  0.10348071495766697
epoch: 47 region loss 0.17051094890510948 loc loss 0.16032072833854788 reward loss -8.016036439115984
epoch:  48 batch:  0 region_loss:  10.0 10.0 loc_loss:  0.1543380832672119 reward_loss:  -7.716904163360596
epoch:  48 batch:  10 region_loss:  10.0 10.0 loc_loss:  0.18609668731689452 reward_loss:  -9.304834365844727
epoch:  48 batch:  20 region_loss:  10.0 10.0 loc_loss:  0.208472843170166 reward_loss:  -10.4236421585083
epoch:  48 batch:  30 region_loss:  10.0 10.0 loc_loss:  0.16224327087402343 reward_loss:  -8.112164497375488
epoch:  48 batch:  40 region_loss:  10.0 10.0 loc_loss:  0.22498445510864257 reward_loss:  -11.249223709106445
epoch:  48 batch:  50 region_loss:  10.0 10.0 loc_loss:  0.17966720581054688 reward_loss:  -8.983359336853027
epoch:  48 batch:  60 region_loss:  10.0 10.0 loc_loss:  0.16089038848876952 reward_loss:  -8.04451847076416
epoch:  48 batch:  70 region_loss:  10.0 10.0 loc_loss:  0.1734355354309082 reward_loss:  -8.671777725219727
epoch:  48 batch:  80 region_loss:  10.0 10.0 loc_loss:  0.16822811126708984 reward_loss:  -8.411405563354492
epoch:  48 batch:  90 region_loss:  6.0 6.0 loc_loss:  0.09564772605895996 reward_loss:  -4.782386302947998
epoch:  48 batch:  100 region_loss:  8.0 8.0 loc_loss:  0.1222586441040039 reward_loss:  -6.112932205200195
epoch:  48 batch:  110 region_loss:  4.0 4.0 loc_loss:  0.05196858406066895 reward_loss:  -2.5984292030334473
epoch:  48 batch:  120 region_loss:  5.0 5.0 loc_loss:  0.06823315143585205 reward_loss:  -3.4116578102111816
epoch:  48 batch:  130 region_loss:  7.0 7.0 loc_loss:  0.11194306373596191 reward_loss:  -5.597153663635254
acc@1:  0.10159924741298212
epoch: 48 region loss 0.17051094890510948 loc loss 0.1508507999538505 reward loss -7.542539096661728
epoch:  49 batch:  0 region_loss:  10.0 10.0 loc_loss:  0.14475332260131835 reward_loss:  -7.237666606903076
epoch:  49 batch:  10 region_loss:  10.0 10.0 loc_loss:  0.17455581665039063 reward_loss:  -8.727791786193848
epoch:  49 batch:  20 region_loss:  10.0 10.0 loc_loss:  0.19860727310180665 reward_loss:  -9.930363655090332
epoch:  49 batch:  30 region_loss:  10.0 10.0 loc_loss:  0.15244842529296876 reward_loss:  -7.622421741485596
epoch:  49 batch:  40 region_loss:  10.0 10.0 loc_loss:  0.2115367317199707 reward_loss:  -10.576835632324219
epoch:  49 batch:  50 region_loss:  10.0 10.0 loc_loss:  0.1701202392578125 reward_loss:  -8.506017684936523
epoch:  49 batch:  60 region_loss:  10.0 10.0 loc_loss:  0.1506647300720215 reward_loss:  -7.533235549926758
epoch:  49 batch:  70 region_loss:  10.0 10.0 loc_loss:  0.16274593353271485 reward_loss:  -8.137297630310059
epoch:  49 batch:  80 region_loss:  10.0 10.0 loc_loss:  0.1564539909362793 reward_loss:  -7.822699546813965
epoch:  49 batch:  90 region_loss:  6.0 6.0 loc_loss:  0.08867008209228516 reward_loss:  -4.433504104614258
epoch:  49 batch:  100 region_loss:  8.0 8.0 loc_loss:  0.11495874404907226 reward_loss:  -5.747937202453613
epoch:  49 batch:  110 region_loss:  4.0 4.0 loc_loss:  0.04784259796142578 reward_loss:  -2.39212965965271
epoch:  49 batch:  120 region_loss:  5.0 5.0 loc_loss:  0.06366496086120606 reward_loss:  -3.1832480430603027
epoch:  49 batch:  130 region_loss:  7.0 7.0 loc_loss:  0.10399110794067383 reward_loss:  -5.199555397033691
acc@1:  0.1006585136406397
epoch: 49 region loss 0.17051094890510948 loc loss 0.1417643724740857 reward loss -7.088218939565394
