3
cuda
epoch:  0 batch:  0 region_loss:  10.0 10.0 loc_loss:  1.9857015991210938 reward_loss:  -99.28514099121094
epoch:  0 batch:  10 region_loss:  10.0 10.0 loc_loss:  1.985143585205078 reward_loss:  -99.25709533691406
epoch:  0 batch:  20 region_loss:  10.0 10.0 loc_loss:  1.9816413879394532 reward_loss:  -99.08135223388672
epoch:  0 batch:  30 region_loss:  10.0 10.0 loc_loss:  1.9862043762207031 reward_loss:  -99.31172943115234
epoch:  0 batch:  40 region_loss:  10.0 10.0 loc_loss:  1.9897808837890625 reward_loss:  -99.48949432373047
epoch:  0 batch:  50 region_loss:  10.0 10.0 loc_loss:  1.9911074829101563 reward_loss:  -99.55402374267578
epoch:  0 batch:  60 region_loss:  10.0 10.0 loc_loss:  1.984330291748047 reward_loss:  -99.21653747558594
epoch:  0 batch:  70 region_loss:  10.0 10.0 loc_loss:  1.9799734497070312 reward_loss:  -99.00029754638672
epoch:  0 batch:  80 region_loss:  10.0 10.0 loc_loss:  1.9767999267578125 reward_loss:  -98.83883666992188
epoch:  0 batch:  90 region_loss:  6.0 6.0 loc_loss:  1.1847686004638671 reward_loss:  -59.239036560058594
epoch:  0 batch:  100 region_loss:  8.0 8.0 loc_loss:  1.5700685119628905 reward_loss:  -78.50305938720703
epoch:  0 batch:  110 region_loss:  4.0 4.0 loc_loss:  0.7875607299804688 reward_loss:  -39.378360748291016
epoch:  0 batch:  120 region_loss:  5.0 5.0 loc_loss:  0.9804054260253906 reward_loss:  -49.020164489746094
epoch:  0 batch:  130 region_loss:  7.0 7.0 loc_loss:  1.3704658508300782 reward_loss:  -68.52376556396484
acc@1:  0.0018814675446848542
epoch: 0 region loss 0.17051094890510948 loc loss 1.6870063219279268 reward loss -84.35035711135308
epoch:  1 batch:  0 region_loss:  10.0 10.0 loc_loss:  1.9126165771484376 reward_loss:  -95.62973022460938
epoch:  1 batch:  10 region_loss:  10.0 10.0 loc_loss:  1.9333680725097657 reward_loss:  -96.66890716552734
epoch:  1 batch:  20 region_loss:  10.0 10.0 loc_loss:  1.9148574829101563 reward_loss:  -95.74491119384766
epoch:  1 batch:  30 region_loss:  10.0 10.0 loc_loss:  1.9305184936523438 reward_loss:  -96.52557373046875
epoch:  1 batch:  40 region_loss:  10.0 10.0 loc_loss:  1.9237844848632812 reward_loss:  -96.18975830078125
epoch:  1 batch:  50 region_loss:  10.0 10.0 loc_loss:  1.915072479248047 reward_loss:  -95.75411224365234
epoch:  1 batch:  60 region_loss:  10.0 10.0 loc_loss:  1.900335235595703 reward_loss:  -95.01673889160156
epoch:  1 batch:  70 region_loss:  10.0 10.0 loc_loss:  1.8860591125488282 reward_loss:  -94.303466796875
epoch:  1 batch:  80 region_loss:  10.0 10.0 loc_loss:  1.8612625122070312 reward_loss:  -93.0634994506836
epoch:  1 batch:  90 region_loss:  6.0 6.0 loc_loss:  1.1091893005371094 reward_loss:  -55.4590950012207
epoch:  1 batch:  100 region_loss:  8.0 8.0 loc_loss:  1.4535684204101562 reward_loss:  -72.67851257324219
epoch:  1 batch:  110 region_loss:  4.0 4.0 loc_loss:  0.738050537109375 reward_loss:  -36.90153121948242
epoch:  1 batch:  120 region_loss:  5.0 5.0 loc_loss:  0.9069937133789062 reward_loss:  -45.34918975830078
epoch:  1 batch:  130 region_loss:  7.0 7.0 loc_loss:  1.2522994232177735 reward_loss:  -62.614418029785156
acc@1:  0.020696142991533398
epoch: 1 region loss 0.17051094890510948 loc loss 1.60260557745495 reward loss -80.13020600367636
epoch:  2 batch:  0 region_loss:  10.0 10.0 loc_loss:  1.735968780517578 reward_loss:  -86.79997253417969
epoch:  2 batch:  10 region_loss:  10.0 10.0 loc_loss:  1.746632080078125 reward_loss:  -87.33283233642578
epoch:  2 batch:  20 region_loss:  10.0 10.0 loc_loss:  1.7344717407226562 reward_loss:  -86.72306823730469
epoch:  2 batch:  30 region_loss:  10.0 10.0 loc_loss:  1.7832304382324218 reward_loss:  -89.16130065917969
epoch:  2 batch:  40 region_loss:  10.0 10.0 loc_loss:  1.7459487915039062 reward_loss:  -87.29756927490234
epoch:  2 batch:  50 region_loss:  10.0 10.0 loc_loss:  1.7724310302734374 reward_loss:  -88.62175750732422
epoch:  2 batch:  60 region_loss:  10.0 10.0 loc_loss:  1.760605010986328 reward_loss:  -88.02965545654297
epoch:  2 batch:  70 region_loss:  10.0 10.0 loc_loss:  1.754073944091797 reward_loss:  -87.70347595214844
epoch:  2 batch:  80 region_loss:  10.0 10.0 loc_loss:  1.724779815673828 reward_loss:  -86.23896789550781
epoch:  2 batch:  90 region_loss:  6.0 6.0 loc_loss:  1.0382264709472657 reward_loss:  -51.9111213684082
epoch:  2 batch:  100 region_loss:  8.0 8.0 loc_loss:  1.36929931640625 reward_loss:  -68.46502685546875
epoch:  2 batch:  110 region_loss:  4.0 4.0 loc_loss:  0.7007584381103515 reward_loss:  -35.037925720214844
epoch:  2 batch:  120 region_loss:  5.0 5.0 loc_loss:  0.8663310241699219 reward_loss:  -43.316036224365234
epoch:  2 batch:  130 region_loss:  7.0 7.0 loc_loss:  1.200261459350586 reward_loss:  -60.01259994506836
acc@1:  0.032455315145813735
epoch: 2 region loss 0.17051094890510948 loc loss 1.474396882440052 reward loss -73.71981533078382
epoch:  3 batch:  0 region_loss:  10.0 10.0 loc_loss:  1.6818746948242187 reward_loss:  -84.093017578125
epoch:  3 batch:  10 region_loss:  10.0 10.0 loc_loss:  1.6811116027832032 reward_loss:  -84.0550308227539
epoch:  3 batch:  20 region_loss:  10.0 10.0 loc_loss:  1.6444094848632813 reward_loss:  -82.22018432617188
epoch:  3 batch:  30 region_loss:  10.0 10.0 loc_loss:  1.7133265686035157 reward_loss:  -85.66571044921875
epoch:  3 batch:  40 region_loss:  10.0 10.0 loc_loss:  1.6642437744140626 reward_loss:  -83.2118911743164
epoch:  3 batch:  50 region_loss:  10.0 10.0 loc_loss:  1.704490966796875 reward_loss:  -85.2240219116211
epoch:  3 batch:  60 region_loss:  10.0 10.0 loc_loss:  1.687095947265625 reward_loss:  -84.3543472290039
epoch:  3 batch:  70 region_loss:  10.0 10.0 loc_loss:  1.6844888305664063 reward_loss:  -84.22425842285156
epoch:  3 batch:  80 region_loss:  10.0 10.0 loc_loss:  1.6649882507324218 reward_loss:  -83.24854278564453
epoch:  3 batch:  90 region_loss:  6.0 6.0 loc_loss:  1.0052119445800782 reward_loss:  -50.26046371459961
epoch:  3 batch:  100 region_loss:  8.0 8.0 loc_loss:  1.3222355651855469 reward_loss:  -66.1115493774414
epoch:  3 batch:  110 region_loss:  4.0 4.0 loc_loss:  0.6801115417480469 reward_loss:  -34.005126953125
epoch:  3 batch:  120 region_loss:  5.0 5.0 loc_loss:  0.8416437530517578 reward_loss:  -42.082027435302734
epoch:  3 batch:  130 region_loss:  7.0 7.0 loc_loss:  1.1683560180664063 reward_loss:  -58.41770935058594
acc@1:  0.04045155221072436
epoch: 3 region loss 0.17051094890510948 loc loss 1.414956293593358 reward loss -70.74771758587691
epoch:  4 batch:  0 region_loss:  10.0 10.0 loc_loss:  1.638452911376953 reward_loss:  -81.92230987548828
epoch:  4 batch:  10 region_loss:  10.0 10.0 loc_loss:  1.6382341003417968 reward_loss:  -81.91195678710938
epoch:  4 batch:  20 region_loss:  10.0 10.0 loc_loss:  1.5774378967285156 reward_loss:  -78.87154388427734
epoch:  4 batch:  30 region_loss:  10.0 10.0 loc_loss:  1.6607986450195313 reward_loss:  -83.040771484375
epoch:  4 batch:  40 region_loss:  10.0 10.0 loc_loss:  1.6054615783691406 reward_loss:  -80.27288818359375
epoch:  4 batch:  50 region_loss:  10.0 10.0 loc_loss:  1.6467459106445312 reward_loss:  -82.33741760253906
epoch:  4 batch:  60 region_loss:  10.0 10.0 loc_loss:  1.6300381469726561 reward_loss:  -81.50151062011719
epoch:  4 batch:  70 region_loss:  10.0 10.0 loc_loss:  1.624397735595703 reward_loss:  -81.2203369140625
epoch:  4 batch:  80 region_loss:  10.0 10.0 loc_loss:  1.6127389526367188 reward_loss:  -80.63689422607422
epoch:  4 batch:  90 region_loss:  6.0 6.0 loc_loss:  0.9764437866210938 reward_loss:  -48.82179641723633
epoch:  4 batch:  100 region_loss:  8.0 8.0 loc_loss:  1.2780870819091796 reward_loss:  -63.904911041259766
epoch:  4 batch:  110 region_loss:  4.0 4.0 loc_loss:  0.662020263671875 reward_loss:  -33.10158157348633
epoch:  4 batch:  120 region_loss:  5.0 5.0 loc_loss:  0.8174620056152344 reward_loss:  -40.87279510498047
epoch:  4 batch:  130 region_loss:  7.0 7.0 loc_loss:  1.1368820190429687 reward_loss:  -56.84407043457031
acc@1:  0.051269990592662275
epoch: 4 region loss 0.17051094890510948 loc loss 1.3669366148788564 reward loss -68.34686440795008
epoch:  5 batch:  0 region_loss:  10.0 10.0 loc_loss:  1.5903746032714843 reward_loss:  -79.5186538696289
epoch:  5 batch:  10 region_loss:  10.0 10.0 loc_loss:  1.5941140747070313 reward_loss:  -79.70569610595703
epoch:  5 batch:  20 region_loss:  10.0 10.0 loc_loss:  1.5113034057617187 reward_loss:  -75.5653305053711
epoch:  5 batch:  30 region_loss:  10.0 10.0 loc_loss:  1.6085569763183594 reward_loss:  -80.42787170410156
epoch:  5 batch:  40 region_loss:  10.0 10.0 loc_loss:  1.550499267578125 reward_loss:  -77.5247573852539
epoch:  5 batch:  50 region_loss:  10.0 10.0 loc_loss:  1.5889297485351563 reward_loss:  -79.44666290283203
epoch:  5 batch:  60 region_loss:  10.0 10.0 loc_loss:  1.575331268310547 reward_loss:  -78.76681518554688
epoch:  5 batch:  70 region_loss:  10.0 10.0 loc_loss:  1.5642454528808594 reward_loss:  -78.21168518066406
epoch:  5 batch:  80 region_loss:  10.0 10.0 loc_loss:  1.5591159057617188 reward_loss:  -77.95518493652344
epoch:  5 batch:  90 region_loss:  6.0 6.0 loc_loss:  0.9478687286376953 reward_loss:  -47.39342498779297
epoch:  5 batch:  100 region_loss:  8.0 8.0 loc_loss:  1.2319414520263672 reward_loss:  -61.596717834472656
epoch:  5 batch:  110 region_loss:  4.0 4.0 loc_loss:  0.6441649627685547 reward_loss:  -32.208473205566406
epoch:  5 batch:  120 region_loss:  5.0 5.0 loc_loss:  0.7916744995117188 reward_loss:  -39.583656311035156
epoch:  5 batch:  130 region_loss:  7.0 7.0 loc_loss:  1.1031259155273438 reward_loss:  -55.1563606262207
acc@1:  0.05973659454374412
epoch: 5 region loss 0.17051094890510948 loc loss 1.3184744660871743 reward loss -65.92378273845588
epoch:  6 batch:  0 region_loss:  10.0 10.0 loc_loss:  1.5363333129882812 reward_loss:  -76.81668090820312
epoch:  6 batch:  10 region_loss:  10.0 10.0 loc_loss:  1.5450555419921874 reward_loss:  -77.252685546875
epoch:  6 batch:  20 region_loss:  10.0 10.0 loc_loss:  1.4419795227050782 reward_loss:  -72.09894561767578
epoch:  6 batch:  30 region_loss:  10.0 10.0 loc_loss:  1.5523005676269532 reward_loss:  -77.61527252197266
epoch:  6 batch:  40 region_loss:  10.0 10.0 loc_loss:  1.4934521484375 reward_loss:  -74.67259979248047
epoch:  6 batch:  50 region_loss:  10.0 10.0 loc_loss:  1.5274057006835937 reward_loss:  -76.37017822265625
epoch:  6 batch:  60 region_loss:  10.0 10.0 loc_loss:  1.5184812927246094 reward_loss:  -75.92430877685547
epoch:  6 batch:  70 region_loss:  10.0 10.0 loc_loss:  1.5005738830566406 reward_loss:  -75.02798461914062
epoch:  6 batch:  80 region_loss:  10.0 10.0 loc_loss:  1.502747802734375 reward_loss:  -75.13719940185547
epoch:  6 batch:  90 region_loss:  6.0 6.0 loc_loss:  0.9179534912109375 reward_loss:  -45.89773941040039
epoch:  6 batch:  100 region_loss:  8.0 8.0 loc_loss:  1.1821643829345703 reward_loss:  -59.10847473144531
epoch:  6 batch:  110 region_loss:  4.0 4.0 loc_loss:  0.6255680084228515 reward_loss:  -31.278079986572266
epoch:  6 batch:  120 region_loss:  5.0 5.0 loc_loss:  0.7636015319824219 reward_loss:  -38.180335998535156
epoch:  6 batch:  130 region_loss:  7.0 7.0 loc_loss:  1.0663652801513672 reward_loss:  -53.31822967529297
acc@1:  0.0761994355597366
epoch: 6 region loss 0.17051094890510948 loc loss 1.2670212657956312 reward loss -63.35106239875738
epoch:  7 batch:  0 region_loss:  10.0 10.0 loc_loss:  1.4768777465820313 reward_loss:  -73.8436279296875
epoch:  7 batch:  10 region_loss:  10.0 10.0 loc_loss:  1.4908564758300782 reward_loss:  -74.54285430908203
epoch:  7 batch:  20 region_loss:  10.0 10.0 loc_loss:  1.3686952209472656 reward_loss:  -68.43476104736328
epoch:  7 batch:  30 region_loss:  10.0 10.0 loc_loss:  1.4916473388671876 reward_loss:  -74.58269500732422
epoch:  7 batch:  40 region_loss:  10.0 10.0 loc_loss:  1.4340440368652343 reward_loss:  -71.70217895507812
epoch:  7 batch:  50 region_loss:  10.0 10.0 loc_loss:  1.4608493041992188 reward_loss:  -73.04243469238281
epoch:  7 batch:  60 region_loss:  10.0 10.0 loc_loss:  1.4581594848632813 reward_loss:  -72.90809631347656
epoch:  7 batch:  70 region_loss:  10.0 10.0 loc_loss:  1.432420196533203 reward_loss:  -71.62134552001953
epoch:  7 batch:  80 region_loss:  10.0 10.0 loc_loss:  1.4434414672851563 reward_loss:  -72.17206573486328
epoch:  7 batch:  90 region_loss:  6.0 6.0 loc_loss:  0.8863422393798828 reward_loss:  -44.31718444824219
epoch:  7 batch:  100 region_loss:  8.0 8.0 loc_loss:  1.1284639739990234 reward_loss:  -56.42293167114258
epoch:  7 batch:  110 region_loss:  4.0 4.0 loc_loss:  0.6059224319458008 reward_loss:  -30.296098709106445
epoch:  7 batch:  120 region_loss:  5.0 5.0 loc_loss:  0.7333432769775391 reward_loss:  -36.66715621948242
epoch:  7 batch:  130 region_loss:  7.0 7.0 loc_loss:  1.0270281219482422 reward_loss:  -51.35139465332031
acc@1:  0.08466603951081844
epoch: 7 region loss 0.17051094890510948 loc loss 1.2122509879787473 reward loss -60.6125495660044
epoch:  8 batch:  0 region_loss:  10.0 10.0 loc_loss:  1.4120425415039062 reward_loss:  -70.60231018066406
epoch:  8 batch:  10 region_loss:  10.0 10.0 loc_loss:  1.4312985229492188 reward_loss:  -71.56492614746094
epoch:  8 batch:  20 region_loss:  10.0 10.0 loc_loss:  1.2937071228027344 reward_loss:  -64.68534851074219
epoch:  8 batch:  30 region_loss:  10.0 10.0 loc_loss:  1.4264707946777344 reward_loss:  -71.32291412353516
epoch:  8 batch:  40 region_loss:  10.0 10.0 loc_loss:  1.3741029357910157 reward_loss:  -68.70512390136719
epoch:  8 batch:  50 region_loss:  10.0 10.0 loc_loss:  1.3894276428222656 reward_loss:  -69.47138214111328
epoch:  8 batch:  60 region_loss:  10.0 10.0 loc_loss:  1.3951222229003906 reward_loss:  -69.75611114501953
epoch:  8 batch:  70 region_loss:  10.0 10.0 loc_loss:  1.3607369995117187 reward_loss:  -68.036865234375
epoch:  8 batch:  80 region_loss:  10.0 10.0 loc_loss:  1.3818202209472656 reward_loss:  -69.09040832519531
epoch:  8 batch:  90 region_loss:  6.0 6.0 loc_loss:  0.8532598876953125 reward_loss:  -42.663055419921875
epoch:  8 batch:  100 region_loss:  8.0 8.0 loc_loss:  1.071856689453125 reward_loss:  -53.59303283691406
epoch:  8 batch:  110 region_loss:  4.0 4.0 loc_loss:  0.5852958679199218 reward_loss:  -29.265064239501953
epoch:  8 batch:  120 region_loss:  5.0 5.0 loc_loss:  0.7013445281982422 reward_loss:  -35.067237854003906
epoch:  8 batch:  130 region_loss:  7.0 7.0 loc_loss:  0.9857283782958984 reward_loss:  -49.286399841308594
acc@1:  0.09689557855126998
epoch: 8 region loss 0.17051094890510948 loc loss 1.1550700074912859 reward loss -57.75353623828749
epoch:  9 batch:  0 region_loss:  10.0 10.0 loc_loss:  1.3429161071777345 reward_loss:  -67.14585876464844
epoch:  9 batch:  10 region_loss:  10.0 10.0 loc_loss:  1.366826629638672 reward_loss:  -68.34134674072266
epoch:  9 batch:  20 region_loss:  10.0 10.0 loc_loss:  1.2196617889404298 reward_loss:  -60.98331069946289
epoch:  9 batch:  30 region_loss:  10.0 10.0 loc_loss:  1.3569557189941406 reward_loss:  -67.84777069091797
epoch:  9 batch:  40 region_loss:  10.0 10.0 loc_loss:  1.3152516174316407 reward_loss:  -65.76258850097656
epoch:  9 batch:  50 region_loss:  10.0 10.0 loc_loss:  1.3144564819335938 reward_loss:  -65.72282409667969
epoch:  9 batch:  60 region_loss:  10.0 10.0 loc_loss:  1.3305131530761718 reward_loss:  -66.5256576538086
epoch:  9 batch:  70 region_loss:  10.0 10.0 loc_loss:  1.2870793151855469 reward_loss:  -64.35370635986328
epoch:  9 batch:  80 region_loss:  10.0 10.0 loc_loss:  1.3197450256347656 reward_loss:  -65.98690795898438
epoch:  9 batch:  90 region_loss:  6.0 6.0 loc_loss:  0.8189804077148437 reward_loss:  -40.94914245605469
epoch:  9 batch:  100 region_loss:  8.0 8.0 loc_loss:  1.0140687561035155 reward_loss:  -50.70343780517578
epoch:  9 batch:  110 region_loss:  4.0 4.0 loc_loss:  0.5639143371582032 reward_loss:  -28.195724487304688
epoch:  9 batch:  120 region_loss:  5.0 5.0 loc_loss:  0.6683184814453125 reward_loss:  -33.41590881347656
epoch:  9 batch:  130 region_loss:  7.0 7.0 loc_loss:  0.9431961822509766 reward_loss:  -47.15980911254883
acc@1:  0.11053621825023519
epoch: 9 region loss 0.17051094890510948 loc loss 1.096854373068705 reward loss -54.84272376290203
epoch:  10 batch:  0 region_loss:  10.0 10.0 loc_loss:  1.2709120178222657 reward_loss:  -63.54559326171875
epoch:  10 batch:  10 region_loss:  10.0 10.0 loc_loss:  1.2990025329589843 reward_loss:  -64.95013427734375
epoch:  10 batch:  20 region_loss:  10.0 10.0 loc_loss:  1.1475892639160157 reward_loss:  -57.379478454589844
epoch:  10 batch:  30 region_loss:  10.0 10.0 loc_loss:  1.2845997619628906 reward_loss:  -64.22998046875
epoch:  10 batch:  40 region_loss:  10.0 10.0 loc_loss:  1.2577980041503907 reward_loss:  -62.889915466308594
epoch:  10 batch:  50 region_loss:  10.0 10.0 loc_loss:  1.2377735900878906 reward_loss:  -61.888694763183594
epoch:  10 batch:  60 region_loss:  10.0 10.0 loc_loss:  1.265942840576172 reward_loss:  -63.29710006713867
epoch:  10 batch:  70 region_loss:  10.0 10.0 loc_loss:  1.213335952758789 reward_loss:  -60.66677474975586
epoch:  10 batch:  80 region_loss:  10.0 10.0 loc_loss:  1.2590778350830079 reward_loss:  -62.95389175415039
epoch:  10 batch:  90 region_loss:  6.0 6.0 loc_loss:  0.784004898071289 reward_loss:  -39.20021057128906
epoch:  10 batch:  100 region_loss:  8.0 8.0 loc_loss:  0.9571073150634766 reward_loss:  -47.85530471801758
epoch:  10 batch:  110 region_loss:  4.0 4.0 loc_loss:  0.541942138671875 reward_loss:  -27.097013473510742
epoch:  10 batch:  120 region_loss:  5.0 5.0 loc_loss:  0.6350421905517578 reward_loss:  -31.752107620239258
epoch:  10 batch:  130 region_loss:  7.0 7.0 loc_loss:  0.9002206420898438 reward_loss:  -45.011024475097656
acc@1:  0.11900282220131703
epoch: 10 region loss 0.17051094890510948 loc loss 1.038999482593397 reward loss -51.949973586702
epoch:  11 batch:  0 region_loss:  10.0 10.0 loc_loss:  1.1979059600830078 reward_loss:  -59.895259857177734
epoch:  11 batch:  10 region_loss:  10.0 10.0 loc_loss:  1.2296736907958985 reward_loss:  -61.48366165161133
epoch:  11 batch:  20 region_loss:  10.0 10.0 loc_loss:  1.0780845642089845 reward_loss:  -53.90421676635742
epoch:  11 batch:  30 region_loss:  10.0 10.0 loc_loss:  1.2112071990966797 reward_loss:  -60.560237884521484
epoch:  11 batch:  40 region_loss:  10.0 10.0 loc_loss:  1.201695556640625 reward_loss:  -60.084774017333984
epoch:  11 batch:  50 region_loss:  10.0 10.0 loc_loss:  1.1618025207519531 reward_loss:  -58.090126037597656
epoch:  11 batch:  60 region_loss:  10.0 10.0 loc_loss:  1.2025930023193359 reward_loss:  -60.12964630126953
epoch:  11 batch:  70 region_loss:  10.0 10.0 loc_loss:  1.1417952728271485 reward_loss:  -57.089786529541016
epoch:  11 batch:  80 region_loss:  10.0 10.0 loc_loss:  1.2007444763183595 reward_loss:  -60.037261962890625
epoch:  11 batch:  90 region_loss:  6.0 6.0 loc_loss:  0.7489136505126953 reward_loss:  -37.445674896240234
epoch:  11 batch:  100 region_loss:  8.0 8.0 loc_loss:  0.9024693298339844 reward_loss:  -45.12348175048828
epoch:  11 batch:  110 region_loss:  4.0 4.0 loc_loss:  0.5195765686035156 reward_loss:  -25.97882843017578
epoch:  11 batch:  120 region_loss:  5.0 5.0 loc_loss:  0.602254753112793 reward_loss:  -30.112741470336914
epoch:  11 batch:  130 region_loss:  7.0 7.0 loc_loss:  0.8577585601806641 reward_loss:  -42.8879280090332
acc@1:  0.12699905926622765
epoch: 11 region loss 0.17051094890510948 loc loss 0.982788126312033 reward loss -49.13942126810116
epoch:  12 batch:  0 region_loss:  10.0 10.0 loc_loss:  1.1261967468261718 reward_loss:  -56.30985641479492
epoch:  12 batch:  10 region_loss:  10.0 10.0 loc_loss:  1.1609124755859375 reward_loss:  -58.045654296875
epoch:  12 batch:  20 region_loss:  10.0 10.0 loc_loss:  1.0122388458251954 reward_loss:  -50.61193084716797
epoch:  12 batch:  30 region_loss:  10.0 10.0 loc_loss:  1.1385243225097657 reward_loss:  -56.92619705200195
epoch:  12 batch:  40 region_loss:  10.0 10.0 loc_loss:  1.1472321319580079 reward_loss:  -57.36160659790039
epoch:  12 batch:  50 region_loss:  10.0 10.0 loc_loss:  1.0891698455810548 reward_loss:  -54.45848846435547
epoch:  12 batch:  60 region_loss:  10.0 10.0 loc_loss:  1.1409822845458983 reward_loss:  -57.04911422729492
epoch:  12 batch:  70 region_loss:  10.0 10.0 loc_loss:  1.0745647430419922 reward_loss:  -53.72823715209961
epoch:  12 batch:  80 region_loss:  10.0 10.0 loc_loss:  1.144866943359375 reward_loss:  -57.24333572387695
epoch:  12 batch:  90 region_loss:  6.0 6.0 loc_loss:  0.7142436218261718 reward_loss:  -35.712181091308594
epoch:  12 batch:  100 region_loss:  8.0 8.0 loc_loss:  0.8511126708984375 reward_loss:  -42.55564880371094
epoch:  12 batch:  110 region_loss:  4.0 4.0 loc_loss:  0.49705867767333983 reward_loss:  -24.85293960571289
epoch:  12 batch:  120 region_loss:  5.0 5.0 loc_loss:  0.5705519866943359 reward_loss:  -28.527603149414062
epoch:  12 batch:  130 region_loss:  7.0 7.0 loc_loss:  0.8165763092041015 reward_loss:  -40.828819274902344
acc@1:  0.1317027281279398
epoch: 12 region loss 0.17051094890510948 loc loss 0.9292504454007114 reward loss -46.462526474555915
epoch:  13 batch:  0 region_loss:  10.0 10.0 loc_loss:  1.058149948120117 reward_loss:  -52.907501220703125
epoch:  13 batch:  10 region_loss:  10.0 10.0 loc_loss:  1.0946297454833984 reward_loss:  -54.73148727416992
epoch:  13 batch:  20 region_loss:  10.0 10.0 loc_loss:  0.9513452911376953 reward_loss:  -47.56726837158203
epoch:  13 batch:  30 region_loss:  10.0 10.0 loc_loss:  1.0683766937255859 reward_loss:  -53.41883850097656
epoch:  13 batch:  40 region_loss:  10.0 10.0 loc_loss:  1.0951529693603517 reward_loss:  -54.75767517089844
epoch:  13 batch:  50 region_loss:  10.0 10.0 loc_loss:  1.0219644165039063 reward_loss:  -51.09822082519531
epoch:  13 batch:  60 region_loss:  10.0 10.0 loc_loss:  1.0816646575927735 reward_loss:  -54.083229064941406
epoch:  13 batch:  70 region_loss:  10.0 10.0 loc_loss:  1.012870330810547 reward_loss:  -50.643516540527344
epoch:  13 batch:  80 region_loss:  10.0 10.0 loc_loss:  1.0914739990234374 reward_loss:  -54.57368469238281
epoch:  13 batch:  90 region_loss:  6.0 6.0 loc_loss:  0.6805455780029297 reward_loss:  -34.02726745605469
epoch:  13 batch:  100 region_loss:  8.0 8.0 loc_loss:  0.8037200164794922 reward_loss:  -40.18598937988281
epoch:  13 batch:  110 region_loss:  4.0 4.0 loc_loss:  0.47465431213378906 reward_loss:  -23.732715606689453
epoch:  13 batch:  120 region_loss:  5.0 5.0 loc_loss:  0.5403132247924805 reward_loss:  -27.015663146972656
epoch:  13 batch:  130 region_loss:  7.0 7.0 loc_loss:  0.7771902465820313 reward_loss:  -38.8595085144043
acc@1:  0.13781749764816556
epoch: 13 region loss 0.17051094890510948 loc loss 0.8790628981764299 reward loss -43.953147414827
epoch:  14 batch:  0 region_loss:  10.0 10.0 loc_loss:  0.9954108428955079 reward_loss:  -49.770538330078125
epoch:  14 batch:  10 region_loss:  10.0 10.0 loc_loss:  1.0322883605957032 reward_loss:  -51.61442565917969
epoch:  14 batch:  20 region_loss:  10.0 10.0 loc_loss:  0.8961981201171875 reward_loss:  -44.80990219116211
epoch:  14 batch:  30 region_loss:  10.0 10.0 loc_loss:  1.0026886749267578 reward_loss:  -50.134429931640625
epoch:  14 batch:  40 region_loss:  10.0 10.0 loc_loss:  1.0463119506835938 reward_loss:  -52.31560134887695
epoch:  14 batch:  50 region_loss:  10.0 10.0 loc_loss:  0.9611859893798829 reward_loss:  -48.059295654296875
epoch:  14 batch:  60 region_loss:  10.0 10.0 loc_loss:  1.0254185485839844 reward_loss:  -51.270912170410156
epoch:  14 batch:  70 region_loss:  10.0 10.0 loc_loss:  0.956961669921875 reward_loss:  -47.84809875488281
epoch:  14 batch:  80 region_loss:  10.0 10.0 loc_loss:  1.040698013305664 reward_loss:  -52.03486633300781
epoch:  14 batch:  90 region_loss:  6.0 6.0 loc_loss:  0.6482881927490234 reward_loss:  -32.41437911987305
epoch:  14 batch:  100 region_loss:  8.0 8.0 loc_loss:  0.7605596160888672 reward_loss:  -38.02796936035156
epoch:  14 batch:  110 region_loss:  4.0 4.0 loc_loss:  0.45264324188232424 reward_loss:  -22.632158279418945
epoch:  14 batch:  120 region_loss:  5.0 5.0 loc_loss:  0.5116228485107421 reward_loss:  -25.581140518188477
epoch:  14 batch:  130 region_loss:  7.0 7.0 loc_loss:  0.7399116516113281 reward_loss:  -36.995582580566406
acc@1:  0.13781749764816556
epoch: 14 region loss 0.17051094890510948 loc loss 0.8325593385905244 reward loss -41.62796706874875
epoch:  15 batch:  0 region_loss:  10.0 10.0 loc_loss:  0.9384568786621094 reward_loss:  -46.92284393310547
epoch:  15 batch:  10 region_loss:  10.0 10.0 loc_loss:  0.974830322265625 reward_loss:  -48.741512298583984
epoch:  15 batch:  20 region_loss:  10.0 10.0 loc_loss:  0.846910400390625 reward_loss:  -42.345516204833984
epoch:  15 batch:  30 region_loss:  10.0 10.0 loc_loss:  0.9427974700927735 reward_loss:  -47.139869689941406
epoch:  15 batch:  40 region_loss:  10.0 10.0 loc_loss:  1.0012413787841796 reward_loss:  -50.06208419799805
epoch:  15 batch:  50 region_loss:  10.0 10.0 loc_loss:  0.9068035888671875 reward_loss:  -45.34019088745117
epoch:  15 batch:  60 region_loss:  10.0 10.0 loc_loss:  0.9727532958984375 reward_loss:  -48.63764953613281
epoch:  15 batch:  70 region_loss:  10.0 10.0 loc_loss:  0.9065006256103516 reward_loss:  -45.32502746582031
epoch:  15 batch:  80 region_loss:  10.0 10.0 loc_loss:  0.9927291107177735 reward_loss:  -49.63645553588867
epoch:  15 batch:  90 region_loss:  6.0 6.0 loc_loss:  0.6177252578735352 reward_loss:  -30.886260986328125
epoch:  15 batch:  100 region_loss:  8.0 8.0 loc_loss:  0.7214366149902344 reward_loss:  -36.07182693481445
epoch:  15 batch:  110 region_loss:  4.0 4.0 loc_loss:  0.43126014709472654 reward_loss:  -21.56299591064453
epoch:  15 batch:  120 region_loss:  5.0 5.0 loc_loss:  0.4843980026245117 reward_loss:  -24.21990203857422
epoch:  15 batch:  130 region_loss:  7.0 7.0 loc_loss:  0.7048459625244141 reward_loss:  -35.24224853515625
acc@1:  0.13922859830667922
epoch: 15 region loss 0.17051094890510948 loc loss 0.7897600357723933 reward loss -39.48800384911308
epoch:  16 batch:  0 region_loss:  10.0 10.0 loc_loss:  0.8868709564208984 reward_loss:  -44.34383010864258
epoch:  16 batch:  10 region_loss:  10.0 10.0 loc_loss:  0.9225294494628906 reward_loss:  -46.1264762878418
epoch:  16 batch:  20 region_loss:  10.0 10.0 loc_loss:  0.8030778503417969 reward_loss:  -40.15388488769531
epoch:  16 batch:  30 region_loss:  10.0 10.0 loc_loss:  0.8888475799560547 reward_loss:  -44.44237518310547
epoch:  16 batch:  40 region_loss:  10.0 10.0 loc_loss:  0.9599531555175781 reward_loss:  -47.997657775878906
epoch:  16 batch:  50 region_loss:  10.0 10.0 loc_loss:  0.8581998443603516 reward_loss:  -42.90998840332031
epoch:  16 batch:  60 region_loss:  10.0 10.0 loc_loss:  0.9236314392089844 reward_loss:  -46.18157196044922
epoch:  16 batch:  70 region_loss:  10.0 10.0 loc_loss:  0.8608580017089844 reward_loss:  -43.04289245605469
epoch:  16 batch:  80 region_loss:  10.0 10.0 loc_loss:  0.9476456451416015 reward_loss:  -47.38228225708008
epoch:  16 batch:  90 region_loss:  6.0 6.0 loc_loss:  0.5889076995849609 reward_loss:  -29.445377349853516
epoch:  16 batch:  100 region_loss:  8.0 8.0 loc_loss:  0.6858986663818359 reward_loss:  -34.294944763183594
epoch:  16 batch:  110 region_loss:  4.0 4.0 loc_loss:  0.4106533813476563 reward_loss:  -20.532665252685547
epoch:  16 batch:  120 region_loss:  5.0 5.0 loc_loss:  0.458573112487793 reward_loss:  -22.928653717041016
epoch:  16 batch:  130 region_loss:  7.0 7.0 loc_loss:  0.6719416046142578 reward_loss:  -33.59708786010742
acc@1:  0.1396989651928504
epoch: 16 region loss 0.17051094890510948 loc loss 0.7504635163467296 reward loss -37.52317821196396
epoch:  17 batch:  0 region_loss:  10.0 10.0 loc_loss:  0.8399214172363281 reward_loss:  -41.99607467651367
epoch:  17 batch:  10 region_loss:  10.0 10.0 loc_loss:  0.8750553894042968 reward_loss:  -43.75278091430664
epoch:  17 batch:  20 region_loss:  10.0 10.0 loc_loss:  0.7639900207519531 reward_loss:  -38.19950866699219
epoch:  17 batch:  30 region_loss:  10.0 10.0 loc_loss:  0.8402030181884765 reward_loss:  -42.010154724121094
epoch:  17 batch:  40 region_loss:  10.0 10.0 loc_loss:  0.9220244598388672 reward_loss:  -46.101226806640625
epoch:  17 batch:  50 region_loss:  10.0 10.0 loc_loss:  0.81453369140625 reward_loss:  -40.726688385009766
epoch:  17 batch:  60 region_loss:  10.0 10.0 loc_loss:  0.8776419830322265 reward_loss:  -43.88209915161133
epoch:  17 batch:  70 region_loss:  10.0 10.0 loc_loss:  0.8193659973144531 reward_loss:  -40.96829605102539
epoch:  17 batch:  80 region_loss:  10.0 10.0 loc_loss:  0.9052957153320312 reward_loss:  -45.264793395996094
epoch:  17 batch:  90 region_loss:  6.0 6.0 loc_loss:  0.5617676162719727 reward_loss:  -28.088376998901367
epoch:  17 batch:  100 region_loss:  8.0 8.0 loc_loss:  0.6534078979492187 reward_loss:  -32.67039489746094
epoch:  17 batch:  110 region_loss:  4.0 4.0 loc_loss:  0.39088958740234375 reward_loss:  -19.544479370117188
epoch:  17 batch:  120 region_loss:  5.0 5.0 loc_loss:  0.43413204193115235 reward_loss:  -21.706605911254883
epoch:  17 batch:  130 region_loss:  7.0 7.0 loc_loss:  0.6410749053955078 reward_loss:  -32.05374526977539
acc@1:  0.1415804327375353
epoch: 17 region loss 0.17051094890510948 loc loss 0.7143449314145276 reward loss -35.717260332873266
epoch:  18 batch:  0 region_loss:  10.0 10.0 loc_loss:  0.7969160461425782 reward_loss:  -39.84579849243164
epoch:  18 batch:  10 region_loss:  10.0 10.0 loc_loss:  0.8317994689941406 reward_loss:  -41.589969635009766
epoch:  18 batch:  20 region_loss:  10.0 10.0 loc_loss:  0.7288551330566406 reward_loss:  -36.4427604675293
epoch:  18 batch:  30 region_loss:  10.0 10.0 loc_loss:  0.7960576629638672 reward_loss:  -39.80288314819336
epoch:  18 batch:  40 region_loss:  10.0 10.0 loc_loss:  0.8868614196777344 reward_loss:  -44.343074798583984
epoch:  18 batch:  50 region_loss:  10.0 10.0 loc_loss:  0.7749868774414063 reward_loss:  -38.74934005737305
epoch:  18 batch:  60 region_loss:  10.0 10.0 loc_loss:  0.8343385314941406 reward_loss:  -41.71692657470703
epoch:  18 batch:  70 region_loss:  10.0 10.0 loc_loss:  0.7813877868652344 reward_loss:  -39.06938552856445
epoch:  18 batch:  80 region_loss:  10.0 10.0 loc_loss:  0.865358657836914 reward_loss:  -43.26792526245117
epoch:  18 batch:  90 region_loss:  6.0 6.0 loc_loss:  0.5361891937255859 reward_loss:  -26.809459686279297
epoch:  18 batch:  100 region_loss:  8.0 8.0 loc_loss:  0.6234295654296875 reward_loss:  -31.171476364135742
epoch:  18 batch:  110 region_loss:  4.0 4.0 loc_loss:  0.3719779968261719 reward_loss:  -18.59890365600586
epoch:  18 batch:  120 region_loss:  5.0 5.0 loc_loss:  0.4110438537597656 reward_loss:  -20.55219268798828
epoch:  18 batch:  130 region_loss:  7.0 7.0 loc_loss:  0.6120705032348632 reward_loss:  -30.603525161743164
acc@1:  0.14016933207902163
epoch: 18 region loss 0.17051094890510948 loc loss 0.6810217680548228 reward loss -34.05108688521559
epoch:  19 batch:  0 region_loss:  10.0 10.0 loc_loss:  0.7572836303710937 reward_loss:  -37.86417770385742
epoch:  19 batch:  10 region_loss:  10.0 10.0 loc_loss:  0.7921224975585938 reward_loss:  -39.60612106323242
epoch:  19 batch:  20 region_loss:  10.0 10.0 loc_loss:  0.6969579315185547 reward_loss:  -34.847896575927734
epoch:  19 batch:  30 region_loss:  10.0 10.0 loc_loss:  0.7556700897216797 reward_loss:  -37.78350067138672
epoch:  19 batch:  40 region_loss:  10.0 10.0 loc_loss:  0.8539019775390625 reward_loss:  -42.695098876953125
epoch:  19 batch:  50 region_loss:  10.0 10.0 loc_loss:  0.7388765716552734 reward_loss:  -36.943824768066406
epoch:  19 batch:  60 region_loss:  10.0 10.0 loc_loss:  0.79341552734375 reward_loss:  -39.67076873779297
epoch:  19 batch:  70 region_loss:  10.0 10.0 loc_loss:  0.7463201141357422 reward_loss:  -37.31599807739258
epoch:  19 batch:  80 region_loss:  10.0 10.0 loc_loss:  0.8274827575683594 reward_loss:  -41.3741340637207
epoch:  19 batch:  90 region_loss:  6.0 6.0 loc_loss:  0.5120330810546875 reward_loss:  -25.601652145385742
epoch:  19 batch:  100 region_loss:  8.0 8.0 loc_loss:  0.5954824447631836 reward_loss:  -29.7740421295166
epoch:  19 batch:  110 region_loss:  4.0 4.0 loc_loss:  0.35389453887939454 reward_loss:  -17.69472312927246
epoch:  19 batch:  120 region_loss:  5.0 5.0 loc_loss:  0.3892352294921875 reward_loss:  -19.461761474609375
epoch:  19 batch:  130 region_loss:  7.0 7.0 loc_loss:  0.5847165298461914 reward_loss:  -29.23582649230957
acc@1:  0.1396989651928504
epoch: 19 region loss 0.17051094890510948 loc loss 0.6501029139887677 reward loss -32.50514275488192
epoch:  20 batch:  0 region_loss:  10.0 10.0 loc_loss:  0.7205302429199218 reward_loss:  -36.026512145996094
epoch:  20 batch:  10 region_loss:  10.0 10.0 loc_loss:  0.7554518127441406 reward_loss:  -37.7725944519043
epoch:  20 batch:  20 region_loss:  10.0 10.0 loc_loss:  0.6677225494384765 reward_loss:  -33.38612747192383
epoch:  20 batch:  30 region_loss:  10.0 10.0 loc_loss:  0.7184115600585937 reward_loss:  -35.92058181762695
epoch:  20 batch:  40 region_loss:  10.0 10.0 loc_loss:  0.8226819610595704 reward_loss:  -41.13410186767578
epoch:  20 batch:  50 region_loss:  10.0 10.0 loc_loss:  0.7056513214111328 reward_loss:  -35.28256607055664
epoch:  20 batch:  60 region_loss:  10.0 10.0 loc_loss:  0.7546891021728516 reward_loss:  -37.73444747924805
epoch:  20 batch:  70 region_loss:  10.0 10.0 loc_loss:  0.7136424255371093 reward_loss:  -35.6821174621582
epoch:  20 batch:  80 region_loss:  10.0 10.0 loc_loss:  0.7913705444335938 reward_loss:  -39.56853103637695
epoch:  20 batch:  90 region_loss:  6.0 6.0 loc_loss:  0.48914596557617185 reward_loss:  -24.457298278808594
epoch:  20 batch:  100 region_loss:  8.0 8.0 loc_loss:  0.5691495895385742 reward_loss:  -28.457481384277344
epoch:  20 batch:  110 region_loss:  4.0 4.0 loc_loss:  0.33660163879394533 reward_loss:  -16.8300838470459
epoch:  20 batch:  120 region_loss:  5.0 5.0 loc_loss:  0.3686117172241211 reward_loss:  -18.430583953857422
epoch:  20 batch:  130 region_loss:  7.0 7.0 loc_loss:  0.5587915420532227 reward_loss:  -27.939573287963867
acc@1:  0.1396989651928504
epoch: 20 region loss 0.17051094890510948 loc loss 0.6212273780098797 reward loss -31.06137050851418
epoch:  21 batch:  0 region_loss:  10.0 10.0 loc_loss:  0.6862106323242188 reward_loss:  -34.31053161621094
epoch:  21 batch:  10 region_loss:  10.0 10.0 loc_loss:  0.7213044738769532 reward_loss:  -36.06521987915039
epoch:  21 batch:  20 region_loss:  10.0 10.0 loc_loss:  0.6406889343261719 reward_loss:  -32.03445053100586
epoch:  21 batch:  30 region_loss:  10.0 10.0 loc_loss:  0.6837660980224609 reward_loss:  -34.18836212158203
epoch:  21 batch:  40 region_loss:  10.0 10.0 loc_loss:  0.7928328704833985 reward_loss:  -39.641639709472656
epoch:  21 batch:  50 region_loss:  10.0 10.0 loc_loss:  0.6748556518554687 reward_loss:  -33.74278259277344
epoch:  21 batch:  60 region_loss:  10.0 10.0 loc_loss:  0.7180332946777344 reward_loss:  -35.901668548583984
epoch:  21 batch:  70 region_loss:  10.0 10.0 loc_loss:  0.68295654296875 reward_loss:  -34.147830963134766
epoch:  21 batch:  80 region_loss:  10.0 10.0 loc_loss:  0.7567930603027344 reward_loss:  -37.83964920043945
epoch:  21 batch:  90 region_loss:  6.0 6.0 loc_loss:  0.4673721694946289 reward_loss:  -23.368606567382812
epoch:  21 batch:  100 region_loss:  8.0 8.0 loc_loss:  0.5441299057006836 reward_loss:  -27.206493377685547
epoch:  21 batch:  110 region_loss:  4.0 4.0 loc_loss:  0.3200608062744141 reward_loss:  -16.00303840637207
epoch:  21 batch:  120 region_loss:  5.0 5.0 loc_loss:  0.34908668518066405 reward_loss:  -17.454336166381836
epoch:  21 batch:  130 region_loss:  7.0 7.0 loc_loss:  0.5340999603271485 reward_loss:  -26.70499610900879
acc@1:  0.14016933207902163
epoch: 21 region loss 0.17051094890510948 loc loss 0.5940866535771502 reward loss -29.704335839208895
epoch:  22 batch:  0 region_loss:  10.0 10.0 loc_loss:  0.6539435577392578 reward_loss:  -32.697174072265625
epoch:  22 batch:  10 region_loss:  10.0 10.0 loc_loss:  0.6892839050292969 reward_loss:  -34.464195251464844
epoch:  22 batch:  20 region_loss:  10.0 10.0 loc_loss:  0.6154808807373047 reward_loss:  -30.77404022216797
epoch:  22 batch:  30 region_loss:  10.0 10.0 loc_loss:  0.6513214111328125 reward_loss:  -32.56606674194336
epoch:  22 batch:  40 region_loss:  10.0 10.0 loc_loss:  0.7640837860107422 reward_loss:  -38.20418930053711
epoch:  22 batch:  50 region_loss:  10.0 10.0 loc_loss:  0.6461062622070313 reward_loss:  -32.30531692504883
epoch:  22 batch:  60 region_loss:  10.0 10.0 loc_loss:  0.6833366394042969 reward_loss:  -34.166831970214844
epoch:  22 batch:  70 region_loss:  10.0 10.0 loc_loss:  0.6539763641357422 reward_loss:  -32.69881820678711
epoch:  22 batch:  80 region_loss:  10.0 10.0 loc_loss:  0.7235808563232422 reward_loss:  -36.179039001464844
epoch:  22 batch:  90 region_loss:  6.0 6.0 loc_loss:  0.4465644836425781 reward_loss:  -22.328218460083008
epoch:  22 batch:  100 region_loss:  8.0 8.0 loc_loss:  0.5202064895629883 reward_loss:  -26.010324478149414
epoch:  22 batch:  110 region_loss:  4.0 4.0 loc_loss:  0.3042304992675781 reward_loss:  -15.211524963378906
epoch:  22 batch:  120 region_loss:  5.0 5.0 loc_loss:  0.3305927658081055 reward_loss:  -16.529638290405273
epoch:  22 batch:  130 region_loss:  7.0 7.0 loc_loss:  0.5104853057861328 reward_loss:  -25.52426528930664
acc@1:  0.138758231420508
epoch: 22 region loss 0.17051094890510948 loc loss 0.5684297003363171 reward loss -28.42148464439559
epoch:  23 batch:  0 region_loss:  10.0 10.0 loc_loss:  0.6234213256835938 reward_loss:  -31.171066284179688
epoch:  23 batch:  10 region_loss:  10.0 10.0 loc_loss:  0.659070053100586 reward_loss:  -32.9535026550293
epoch:  23 batch:  20 region_loss:  10.0 10.0 loc_loss:  0.5917889785766601 reward_loss:  -29.589447021484375
epoch:  23 batch:  30 region_loss:  10.0 10.0 loc_loss:  0.6207499694824219 reward_loss:  -31.037498474121094
epoch:  23 batch:  40 region_loss:  10.0 10.0 loc_loss:  0.7362386322021485 reward_loss:  -36.81193161010742
epoch:  23 batch:  50 region_loss:  10.0 10.0 loc_loss:  0.6190774536132813 reward_loss:  -30.953872680664062
epoch:  23 batch:  60 region_loss:  10.0 10.0 loc_loss:  0.6504766082763672 reward_loss:  -32.52383041381836
epoch:  23 batch:  70 region_loss:  10.0 10.0 loc_loss:  0.6264933013916015 reward_loss:  -31.324665069580078
epoch:  23 batch:  80 region_loss:  10.0 10.0 loc_loss:  0.691607666015625 reward_loss:  -34.58037567138672
epoch:  23 batch:  90 region_loss:  6.0 6.0 loc_loss:  0.42658843994140627 reward_loss:  -21.329421997070312
epoch:  23 batch:  100 region_loss:  8.0 8.0 loc_loss:  0.4972420883178711 reward_loss:  -24.862096786499023
epoch:  23 batch:  110 region_loss:  4.0 4.0 loc_loss:  0.28906538009643556 reward_loss:  -14.453269004821777
epoch:  23 batch:  120 region_loss:  5.0 5.0 loc_loss:  0.31307334899902345 reward_loss:  -15.653667449951172
epoch:  23 batch:  130 region_loss:  7.0 7.0 loc_loss:  0.4878242874145508 reward_loss:  -24.391212463378906
acc@1:  0.13781749764816556
epoch: 23 region loss 0.17051094890510948 loc loss 0.5440543805421704 reward loss -27.202720339280845
epoch:  24 batch:  0 region_loss:  10.0 10.0 loc_loss:  0.5944049072265625 reward_loss:  -29.72024154663086
epoch:  24 batch:  10 region_loss:  10.0 10.0 loc_loss:  0.6304001235961914 reward_loss:  -31.520004272460938
epoch:  24 batch:  20 region_loss:  10.0 10.0 loc_loss:  0.5693669128417969 reward_loss:  -28.468347549438477
epoch:  24 batch:  30 region_loss:  10.0 10.0 loc_loss:  0.5917903137207031 reward_loss:  -29.589515686035156
epoch:  24 batch:  40 region_loss:  10.0 10.0 loc_loss:  0.7091288757324219 reward_loss:  -35.456443786621094
epoch:  24 batch:  50 region_loss:  10.0 10.0 loc_loss:  0.59348876953125 reward_loss:  -29.674453735351562
epoch:  24 batch:  60 region_loss:  10.0 10.0 loc_loss:  0.619311294555664 reward_loss:  -30.965564727783203
epoch:  24 batch:  70 region_loss:  10.0 10.0 loc_loss:  0.6003443908691406 reward_loss:  -30.017213821411133
epoch:  24 batch:  80 region_loss:  10.0 10.0 loc_loss:  0.6607675933837891 reward_loss:  -33.03837966918945
epoch:  24 batch:  90 region_loss:  6.0 6.0 loc_loss:  0.4073272705078125 reward_loss:  -20.366361618041992
epoch:  24 batch:  100 region_loss:  8.0 8.0 loc_loss:  0.4751435852050781 reward_loss:  -23.757173538208008
epoch:  24 batch:  110 region_loss:  4.0 4.0 loc_loss:  0.2745171928405762 reward_loss:  -13.725858688354492
epoch:  24 batch:  120 region_loss:  5.0 5.0 loc_loss:  0.29646610260009765 reward_loss:  -14.823302268981934
epoch:  24 batch:  130 region_loss:  7.0 7.0 loc_loss:  0.46601520538330077 reward_loss:  -23.30076026916504
acc@1:  0.13405456255879586
epoch: 24 region loss 0.17051094890510948 loc loss 0.5207962214337648 reward loss -26.039810761918115
epoch:  25 batch:  0 region_loss:  10.0 10.0 loc_loss:  0.5667083740234375 reward_loss:  -28.335418701171875
epoch:  25 batch:  10 region_loss:  10.0 10.0 loc_loss:  0.6030636596679687 reward_loss:  -30.153181076049805
epoch:  25 batch:  20 region_loss:  10.0 10.0 loc_loss:  0.5480185317993164 reward_loss:  -27.40092658996582
epoch:  25 batch:  30 region_loss:  10.0 10.0 loc_loss:  0.5642305755615235 reward_loss:  -28.211536407470703
epoch:  25 batch:  40 region_loss:  10.0 10.0 loc_loss:  0.6826487731933594 reward_loss:  -34.13243865966797
epoch:  25 batch:  50 region_loss:  10.0 10.0 loc_loss:  0.5691022872924805 reward_loss:  -28.45511245727539
epoch:  25 batch:  60 region_loss:  10.0 10.0 loc_loss:  0.5896857070922852 reward_loss:  -29.48428726196289
epoch:  25 batch:  70 region_loss:  10.0 10.0 loc_loss:  0.5753889846801757 reward_loss:  -28.76944923400879
epoch:  25 batch:  80 region_loss:  10.0 10.0 loc_loss:  0.6309650802612304 reward_loss:  -31.54825210571289
epoch:  25 batch:  90 region_loss:  6.0 6.0 loc_loss:  0.3886826705932617 reward_loss:  -19.434133529663086
epoch:  25 batch:  100 region_loss:  8.0 8.0 loc_loss:  0.45383998870849607 reward_loss:  -22.691999435424805
epoch:  25 batch:  110 region_loss:  4.0 4.0 loc_loss:  0.2605375671386719 reward_loss:  -13.026878356933594
epoch:  25 batch:  120 region_loss:  5.0 5.0 loc_loss:  0.28069276809692384 reward_loss:  -14.034638404846191
epoch:  25 batch:  130 region_loss:  7.0 7.0 loc_loss:  0.44497463226318357 reward_loss:  -22.248729705810547
acc@1:  0.132173095014111
epoch: 25 region loss 0.17051094890510948 loc loss 0.49851843833923337 reward loss -24.92592069876455
epoch:  26 batch:  0 region_loss:  10.0 10.0 loc_loss:  0.5401927947998046 reward_loss:  -27.009639739990234
epoch:  26 batch:  10 region_loss:  10.0 10.0 loc_loss:  0.5768875122070313 reward_loss:  -28.844375610351562
epoch:  26 batch:  20 region_loss:  10.0 10.0 loc_loss:  0.5275780868530273 reward_loss:  -26.37890625
epoch:  26 batch:  30 region_loss:  10.0 10.0 loc_loss:  0.5378984832763671 reward_loss:  -26.894922256469727
epoch:  26 batch:  40 region_loss:  10.0 10.0 loc_loss:  0.6567845153808594 reward_loss:  -32.839229583740234
epoch:  26 batch:  50 region_loss:  10.0 10.0 loc_loss:  0.5457229614257812 reward_loss:  -27.286151885986328
epoch:  26 batch:  60 region_loss:  10.0 10.0 loc_loss:  0.5614431762695312 reward_loss:  -28.07216453552246
epoch:  26 batch:  70 region_loss:  10.0 10.0 loc_loss:  0.551494255065918 reward_loss:  -27.574710845947266
epoch:  26 batch:  80 region_loss:  10.0 10.0 loc_loss:  0.6021081924438476 reward_loss:  -30.105405807495117
epoch:  26 batch:  90 region_loss:  6.0 6.0 loc_loss:  0.37058082580566404 reward_loss:  -18.529041290283203
epoch:  26 batch:  100 region_loss:  8.0 8.0 loc_loss:  0.4332712554931641 reward_loss:  -21.66356658935547
epoch:  26 batch:  110 region_loss:  4.0 4.0 loc_loss:  0.24708259582519532 reward_loss:  -12.354137420654297
epoch:  26 batch:  120 region_loss:  5.0 5.0 loc_loss:  0.2656716537475586 reward_loss:  -13.283583641052246
epoch:  26 batch:  130 region_loss:  7.0 7.0 loc_loss:  0.4246276092529297 reward_loss:  -21.231380462646484
acc@1:  0.1317027281279398
epoch: 26 region loss 0.17051094890510948 loc loss 0.47710661853316927 reward loss -23.85532958316107
epoch:  27 batch:  0 region_loss:  10.0 10.0 loc_loss:  0.5147488403320313 reward_loss:  -25.737442016601562
epoch:  27 batch:  10 region_loss:  10.0 10.0 loc_loss:  0.5517193222045899 reward_loss:  -27.585966110229492
epoch:  27 batch:  20 region_loss:  10.0 10.0 loc_loss:  0.5079128265380859 reward_loss:  -25.395641326904297
epoch:  27 batch:  30 region_loss:  10.0 10.0 loc_loss:  0.5126576232910156 reward_loss:  -25.63288116455078
epoch:  27 batch:  40 region_loss:  10.0 10.0 loc_loss:  0.6314915847778321 reward_loss:  -31.5745792388916
epoch:  27 batch:  50 region_loss:  10.0 10.0 loc_loss:  0.5231994247436523 reward_loss:  -26.159971237182617
epoch:  27 batch:  60 region_loss:  10.0 10.0 loc_loss:  0.5344332504272461 reward_loss:  -26.721662521362305
epoch:  27 batch:  70 region_loss:  10.0 10.0 loc_loss:  0.5285300827026367 reward_loss:  -26.426502227783203
epoch:  27 batch:  80 region_loss:  10.0 10.0 loc_loss:  0.5741095733642578 reward_loss:  -28.70547866821289
epoch:  27 batch:  90 region_loss:  6.0 6.0 loc_loss:  0.35297431945800783 reward_loss:  -17.64871597290039
epoch:  27 batch:  100 region_loss:  8.0 8.0 loc_loss:  0.4133847045898438 reward_loss:  -20.669235229492188
epoch:  27 batch:  110 region_loss:  4.0 4.0 loc_loss:  0.23411888122558594 reward_loss:  -11.705944061279297
epoch:  27 batch:  120 region_loss:  5.0 5.0 loc_loss:  0.25132152557373044 reward_loss:  -12.566075325012207
epoch:  27 batch:  130 region_loss:  7.0 7.0 loc_loss:  0.40489700317382815 reward_loss:  -20.244850158691406
acc@1:  0.13029162746942616
epoch: 27 region loss 0.17051094890510948 loc loss 0.4564647896620479 reward loss -22.823239813755897
epoch:  28 batch:  0 region_loss:  10.0 10.0 loc_loss:  0.49028358459472654 reward_loss:  -24.51416778564453
epoch:  28 batch:  10 region_loss:  10.0 10.0 loc_loss:  0.5274312973022461 reward_loss:  -26.371564865112305
epoch:  28 batch:  20 region_loss:  10.0 10.0 loc_loss:  0.48891769409179686 reward_loss:  -24.44588279724121
epoch:  28 batch:  30 region_loss:  10.0 10.0 loc_loss:  0.48840240478515623 reward_loss:  -24.420116424560547
epoch:  28 batch:  40 region_loss:  10.0 10.0 loc_loss:  0.6067384719848633 reward_loss:  -30.33692741394043
epoch:  28 batch:  50 region_loss:  10.0 10.0 loc_loss:  0.5014147567749023 reward_loss:  -25.070735931396484
epoch:  28 batch:  60 region_loss:  10.0 10.0 loc_loss:  0.5085238647460938 reward_loss:  -25.426193237304688
epoch:  28 batch:  70 region_loss:  10.0 10.0 loc_loss:  0.5063878631591797 reward_loss:  -25.319393157958984
epoch:  28 batch:  80 region_loss:  10.0 10.0 loc_loss:  0.5468999862670898 reward_loss:  -27.344999313354492
epoch:  28 batch:  90 region_loss:  6.0 6.0 loc_loss:  0.33583301544189453 reward_loss:  -16.791648864746094
epoch:  28 batch:  100 region_loss:  8.0 8.0 loc_loss:  0.3941316604614258 reward_loss:  -19.706584930419922
epoch:  28 batch:  110 region_loss:  4.0 4.0 loc_loss:  0.2216196060180664 reward_loss:  -11.080977439880371
epoch:  28 batch:  120 region_loss:  5.0 5.0 loc_loss:  0.23757808685302734 reward_loss:  -11.878902435302734
epoch:  28 batch:  130 region_loss:  7.0 7.0 loc_loss:  0.3857244873046875 reward_loss:  -19.286224365234375
acc@1:  0.12982126058325494
epoch: 28 region loss 0.17051094890510948 loc loss 0.4365159154112322 reward loss -21.825800109083634
epoch:  29 batch:  0 region_loss:  10.0 10.0 loc_loss:  0.46671958923339846 reward_loss:  -23.335979461669922
epoch:  29 batch:  10 region_loss:  10.0 10.0 loc_loss:  0.5039299392700195 reward_loss:  -25.196495056152344
epoch:  29 batch:  20 region_loss:  10.0 10.0 loc_loss:  0.47050575256347654 reward_loss:  -23.525285720825195
epoch:  29 batch:  30 region_loss:  10.0 10.0 loc_loss:  0.4650498199462891 reward_loss:  -23.252490997314453
epoch:  29 batch:  40 region_loss:  10.0 10.0 loc_loss:  0.582488899230957 reward_loss:  -29.124446868896484
epoch:  29 batch:  50 region_loss:  10.0 10.0 loc_loss:  0.4802839660644531 reward_loss:  -24.014198303222656
epoch:  29 batch:  60 region_loss:  10.0 10.0 loc_loss:  0.48360744476318357 reward_loss:  -24.18037223815918
epoch:  29 batch:  70 region_loss:  10.0 10.0 loc_loss:  0.4849750518798828 reward_loss:  -24.248746871948242
epoch:  29 batch:  80 region_loss:  10.0 10.0 loc_loss:  0.5204291152954101 reward_loss:  -26.021451950073242
epoch:  29 batch:  90 region_loss:  6.0 6.0 loc_loss:  0.3191472434997559 reward_loss:  -15.957361221313477
epoch:  29 batch:  100 region_loss:  8.0 8.0 loc_loss:  0.3754712677001953 reward_loss:  -18.773563385009766
epoch:  29 batch:  110 region_loss:  4.0 4.0 loc_loss:  0.2095642852783203 reward_loss:  -10.478214263916016
epoch:  29 batch:  120 region_loss:  5.0 5.0 loc_loss:  0.2243961524963379 reward_loss:  -11.219806671142578
epoch:  29 batch:  130 region_loss:  7.0 7.0 loc_loss:  0.3670780563354492 reward_loss:  -18.353904724121094
acc@1:  0.12935089369708372
epoch: 29 region loss 0.17051094890510948 loc loss 0.41719890187256525 reward loss -20.85994163916929
epoch:  30 batch:  0 region_loss:  10.0 10.0 loc_loss:  0.4439942169189453 reward_loss:  -22.199708938598633
epoch:  30 batch:  10 region_loss:  10.0 10.0 loc_loss:  0.48115039825439454 reward_loss:  -24.057519912719727
epoch:  30 batch:  20 region_loss:  10.0 10.0 loc_loss:  0.4526131820678711 reward_loss:  -22.630659103393555
epoch:  30 batch:  30 region_loss:  10.0 10.0 loc_loss:  0.44253528594970704 reward_loss:  -22.126861572265625
epoch:  30 batch:  40 region_loss:  10.0 10.0 loc_loss:  0.5587411880493164 reward_loss:  -27.937061309814453
epoch:  30 batch:  50 region_loss:  10.0 10.0 loc_loss:  0.4597474670410156 reward_loss:  -22.98737144470215
epoch:  30 batch:  60 region_loss:  10.0 10.0 loc_loss:  0.4596047592163086 reward_loss:  -22.980234146118164
epoch:  30 batch:  70 region_loss:  10.0 10.0 loc_loss:  0.46422237396240235 reward_loss:  -23.211118698120117
epoch:  30 batch:  80 region_loss:  10.0 10.0 loc_loss:  0.494663200378418 reward_loss:  -24.733158111572266
epoch:  30 batch:  90 region_loss:  6.0 6.0 loc_loss:  0.30291223526000977 reward_loss:  -15.145612716674805
epoch:  30 batch:  100 region_loss:  8.0 8.0 loc_loss:  0.3573749542236328 reward_loss:  -17.86874771118164
epoch:  30 batch:  110 region_loss:  4.0 4.0 loc_loss:  0.19793535232543946 reward_loss:  -9.896766662597656
epoch:  30 batch:  120 region_loss:  5.0 5.0 loc_loss:  0.2117471694946289 reward_loss:  -10.587358474731445
epoch:  30 batch:  130 region_loss:  7.0 7.0 loc_loss:  0.34894588470458987 reward_loss:  -17.447294235229492
acc@1:  0.12605832549388524
epoch: 30 region loss 0.17051094890510948 loc loss 0.3984680843005215 reward loss -19.923399437953087
epoch:  31 batch:  0 region_loss:  10.0 10.0 loc_loss:  0.42205142974853516 reward_loss:  -21.102569580078125
epoch:  31 batch:  10 region_loss:  10.0 10.0 loc_loss:  0.4590462112426758 reward_loss:  -22.952308654785156
epoch:  31 batch:  20 region_loss:  10.0 10.0 loc_loss:  0.4351955795288086 reward_loss:  -21.75977897644043
epoch:  31 batch:  30 region_loss:  10.0 10.0 loc_loss:  0.42080780029296877 reward_loss:  -21.040388107299805
epoch:  31 batch:  40 region_loss:  10.0 10.0 loc_loss:  0.5354764175415039 reward_loss:  -26.773822784423828
epoch:  31 batch:  50 region_loss:  10.0 10.0 loc_loss:  0.43976680755615233 reward_loss:  -21.988340377807617
epoch:  31 batch:  60 region_loss:  10.0 10.0 loc_loss:  0.43644081115722655 reward_loss:  -21.822040557861328
epoch:  31 batch:  70 region_loss:  10.0 10.0 loc_loss:  0.4440677261352539 reward_loss:  -22.20338249206543
epoch:  31 batch:  80 region_loss:  10.0 10.0 loc_loss:  0.4695864105224609 reward_loss:  -23.479320526123047
epoch:  31 batch:  90 region_loss:  6.0 6.0 loc_loss:  0.28712833404541016 reward_loss:  -14.356414794921875
epoch:  31 batch:  100 region_loss:  8.0 8.0 loc_loss:  0.3398298645019531 reward_loss:  -16.991491317749023
epoch:  31 batch:  110 region_loss:  4.0 4.0 loc_loss:  0.18672582626342774 reward_loss:  -9.336292266845703
epoch:  31 batch:  120 region_loss:  5.0 5.0 loc_loss:  0.19961297988891602 reward_loss:  -9.9806489944458
epoch:  31 batch:  130 region_loss:  7.0 7.0 loc_loss:  0.33131603240966795 reward_loss:  -16.56580352783203
acc@1:  0.12558795860771402
epoch: 31 region loss 0.17051094890510948 loc loss 0.3802885742605167 reward loss -19.014428032575733
epoch:  32 batch:  0 region_loss:  10.0 10.0 loc_loss:  0.40084991455078123 reward_loss:  -20.042495727539062
epoch:  32 batch:  10 region_loss:  10.0 10.0 loc_loss:  0.43758655548095704 reward_loss:  -21.879329681396484
epoch:  32 batch:  20 region_loss:  10.0 10.0 loc_loss:  0.41822280883789065 reward_loss:  -20.911142349243164
epoch:  32 batch:  30 region_loss:  10.0 10.0 loc_loss:  0.3998241806030273 reward_loss:  -19.991207122802734
epoch:  32 batch:  40 region_loss:  10.0 10.0 loc_loss:  0.5127068328857421 reward_loss:  -25.635345458984375
epoch:  32 batch:  50 region_loss:  10.0 10.0 loc_loss:  0.42030929565429687 reward_loss:  -21.015464782714844
epoch:  32 batch:  60 region_loss:  10.0 10.0 loc_loss:  0.4140862274169922 reward_loss:  -20.70431137084961
epoch:  32 batch:  70 region_loss:  10.0 10.0 loc_loss:  0.42448795318603516 reward_loss:  -21.224395751953125
epoch:  32 batch:  80 region_loss:  10.0 10.0 loc_loss:  0.44519737243652346 reward_loss:  -22.259868621826172
epoch:  32 batch:  90 region_loss:  6.0 6.0 loc_loss:  0.27179176330566407 reward_loss:  -13.589588165283203
epoch:  32 batch:  100 region_loss:  8.0 8.0 loc_loss:  0.32282440185546873 reward_loss:  -16.141220092773438
epoch:  32 batch:  110 region_loss:  4.0 4.0 loc_loss:  0.17591882705688477 reward_loss:  -8.795942306518555
epoch:  32 batch:  120 region_loss:  5.0 5.0 loc_loss:  0.18797927856445312 reward_loss:  -9.398963928222656
epoch:  32 batch:  130 region_loss:  7.0 7.0 loc_loss:  0.31419178009033205 reward_loss:  -15.709589004516602
acc@1:  0.1218250235183443
epoch: 32 region loss 0.17051094890510948 loc loss 0.36263855801881667 reward loss -18.131927347531285
epoch:  33 batch:  0 region_loss:  10.0 10.0 loc_loss:  0.3803526306152344 reward_loss:  -19.01763153076172
epoch:  33 batch:  10 region_loss:  10.0 10.0 loc_loss:  0.41674606323242186 reward_loss:  -20.837303161621094
epoch:  33 batch:  20 region_loss:  10.0 10.0 loc_loss:  0.4016633224487305 reward_loss:  -20.083166122436523
epoch:  33 batch:  30 region_loss:  10.0 10.0 loc_loss:  0.3795540237426758 reward_loss:  -18.977699279785156
epoch:  33 batch:  40 region_loss:  10.0 10.0 loc_loss:  0.4904131698608398 reward_loss:  -24.520658493041992
epoch:  33 batch:  50 region_loss:  10.0 10.0 loc_loss:  0.4013519287109375 reward_loss:  -20.067596435546875
epoch:  33 batch:  60 region_loss:  10.0 10.0 loc_loss:  0.39246311187744143 reward_loss:  -19.623153686523438
