3
cuda
epoch:  0 batch:  0 region_loss:  10.0 10.0 loc_loss:  1.9854554748535156 reward_loss:  -99.27222442626953
epoch:  0 batch:  10 region_loss:  10.0 10.0 loc_loss:  1.9868470764160155 reward_loss:  -99.34292602539062
epoch:  0 batch:  20 region_loss:  10.0 10.0 loc_loss:  1.9778573608398438 reward_loss:  -98.89209747314453
epoch:  0 batch:  30 region_loss:  10.0 10.0 loc_loss:  1.9880247497558594 reward_loss:  -99.40084838867188
epoch:  0 batch:  40 region_loss:  10.0 10.0 loc_loss:  1.98201904296875 reward_loss:  -99.10063171386719
epoch:  0 batch:  50 region_loss:  10.0 10.0 loc_loss:  1.985213623046875 reward_loss:  -99.26158905029297
epoch:  0 batch:  60 region_loss:  10.0 10.0 loc_loss:  1.98289306640625 reward_loss:  -99.14508819580078
epoch:  0 batch:  70 region_loss:  10.0 10.0 loc_loss:  1.98303955078125 reward_loss:  -99.15037536621094
epoch:  0 batch:  80 region_loss:  10.0 10.0 loc_loss:  1.9844375610351563 reward_loss:  -99.22284698486328
epoch:  0 batch:  90 region_loss:  6.0 6.0 loc_loss:  1.1790749359130859 reward_loss:  -58.9540901184082
epoch:  0 batch:  100 region_loss:  8.0 8.0 loc_loss:  1.5749095153808594 reward_loss:  -78.74545288085938
epoch:  0 batch:  110 region_loss:  4.0 4.0 loc_loss:  0.7887980651855468 reward_loss:  -39.44065856933594
epoch:  0 batch:  120 region_loss:  5.0 5.0 loc_loss:  0.9784422302246094 reward_loss:  -48.92193603515625
epoch:  0 batch:  130 region_loss:  7.0 7.0 loc_loss:  1.3681227111816405 reward_loss:  -68.40643310546875
acc@1:  0.0014111006585136407
epoch: 0 region loss 0.17051094890510948 loc loss 1.686147032132114 reward loss -84.30745646901374
epoch:  1 batch:  0 region_loss:  10.0 10.0 loc_loss:  1.9098670959472657 reward_loss:  -95.49285125732422
epoch:  1 batch:  10 region_loss:  10.0 10.0 loc_loss:  1.9339187622070313 reward_loss:  -96.69549560546875
epoch:  1 batch:  20 region_loss:  10.0 10.0 loc_loss:  1.9070516967773437 reward_loss:  -95.35287475585938
epoch:  1 batch:  30 region_loss:  10.0 10.0 loc_loss:  1.9269967651367188 reward_loss:  -96.34822082519531
epoch:  1 batch:  40 region_loss:  10.0 10.0 loc_loss:  1.910285186767578 reward_loss:  -95.51311492919922
epoch:  1 batch:  50 region_loss:  10.0 10.0 loc_loss:  1.9046432495117187 reward_loss:  -95.2314682006836
epoch:  1 batch:  60 region_loss:  10.0 10.0 loc_loss:  1.8851530456542969 reward_loss:  -94.2584228515625
epoch:  1 batch:  70 region_loss:  10.0 10.0 loc_loss:  1.8635263061523437 reward_loss:  -93.17456817626953
epoch:  1 batch:  80 region_loss:  10.0 10.0 loc_loss:  1.8479118347167969 reward_loss:  -92.39604949951172
epoch:  1 batch:  90 region_loss:  6.0 6.0 loc_loss:  1.0916767883300782 reward_loss:  -54.583740234375
epoch:  1 batch:  100 region_loss:  8.0 8.0 loc_loss:  1.449365997314453 reward_loss:  -72.46910858154297
epoch:  1 batch:  110 region_loss:  4.0 4.0 loc_loss:  0.7331795501708984 reward_loss:  -36.65907669067383
epoch:  1 batch:  120 region_loss:  5.0 5.0 loc_loss:  0.89799560546875 reward_loss:  -44.899810791015625
epoch:  1 batch:  130 region_loss:  7.0 7.0 loc_loss:  1.2509739685058594 reward_loss:  -62.54890441894531
acc@1:  0.01881467544684854
epoch: 1 region loss 0.17051094890510948 loc loss 1.5933354381923257 reward loss -79.6667879480515
epoch:  2 batch:  0 region_loss:  10.0 10.0 loc_loss:  1.737230987548828 reward_loss:  -86.86213684082031
epoch:  2 batch:  10 region_loss:  10.0 10.0 loc_loss:  1.7541903686523437 reward_loss:  -87.70894622802734
epoch:  2 batch:  20 region_loss:  10.0 10.0 loc_loss:  1.7184358215332032 reward_loss:  -85.92277526855469
epoch:  2 batch:  30 region_loss:  10.0 10.0 loc_loss:  1.778226318359375 reward_loss:  -88.91085815429688
epoch:  2 batch:  40 region_loss:  10.0 10.0 loc_loss:  1.725020294189453 reward_loss:  -86.25189208984375
epoch:  2 batch:  50 region_loss:  10.0 10.0 loc_loss:  1.7746002197265625 reward_loss:  -88.7302474975586
epoch:  2 batch:  60 region_loss:  10.0 10.0 loc_loss:  1.7436380004882812 reward_loss:  -87.18255615234375
epoch:  2 batch:  70 region_loss:  10.0 10.0 loc_loss:  1.7395564270019532 reward_loss:  -86.97811889648438
epoch:  2 batch:  80 region_loss:  10.0 10.0 loc_loss:  1.7243667602539063 reward_loss:  -86.21699523925781
epoch:  2 batch:  90 region_loss:  6.0 6.0 loc_loss:  1.030354995727539 reward_loss:  -51.51664352416992
epoch:  2 batch:  100 region_loss:  8.0 8.0 loc_loss:  1.3723825073242188 reward_loss:  -68.618408203125
epoch:  2 batch:  110 region_loss:  4.0 4.0 loc_loss:  0.7010959625244141 reward_loss:  -35.054710388183594
epoch:  2 batch:  120 region_loss:  5.0 5.0 loc_loss:  0.8639312744140625 reward_loss:  -43.19584655761719
epoch:  2 batch:  130 region_loss:  7.0 7.0 loc_loss:  1.2032515716552734 reward_loss:  -60.1632194519043
acc@1:  0.027751646284101598
epoch: 2 region loss 0.17051094890510948 loc loss 1.470546745801494 reward loss -73.5273467293621
epoch:  3 batch:  0 region_loss:  10.0 10.0 loc_loss:  1.6846031188964843 reward_loss:  -84.2298583984375
epoch:  3 batch:  10 region_loss:  10.0 10.0 loc_loss:  1.6897659301757812 reward_loss:  -84.48873901367188
epoch:  3 batch:  20 region_loss:  10.0 10.0 loc_loss:  1.6302854919433594 reward_loss:  -81.51370239257812
epoch:  3 batch:  30 region_loss:  10.0 10.0 loc_loss:  1.7086749267578125 reward_loss:  -85.43314361572266
epoch:  3 batch:  40 region_loss:  10.0 10.0 loc_loss:  1.6525210571289062 reward_loss:  -82.62545013427734
epoch:  3 batch:  50 region_loss:  10.0 10.0 loc_loss:  1.7088099670410157 reward_loss:  -85.44039916992188
epoch:  3 batch:  60 region_loss:  10.0 10.0 loc_loss:  1.6822193908691405 reward_loss:  -84.1106948852539
epoch:  3 batch:  70 region_loss:  10.0 10.0 loc_loss:  1.6790541076660157 reward_loss:  -83.9513931274414
epoch:  3 batch:  80 region_loss:  10.0 10.0 loc_loss:  1.6687515258789063 reward_loss:  -83.43724060058594
epoch:  3 batch:  90 region_loss:  6.0 6.0 loc_loss:  0.9999433898925781 reward_loss:  -49.99741744995117
epoch:  3 batch:  100 region_loss:  8.0 8.0 loc_loss:  1.3267950439453124 reward_loss:  -66.33927154541016
epoch:  3 batch:  110 region_loss:  4.0 4.0 loc_loss:  0.6820012664794922 reward_loss:  -34.10059356689453
epoch:  3 batch:  120 region_loss:  5.0 5.0 loc_loss:  0.8413262939453126 reward_loss:  -42.06481170654297
epoch:  3 batch:  130 region_loss:  7.0 7.0 loc_loss:  1.171809539794922 reward_loss:  -58.59044647216797
acc@1:  0.03292568203198495
epoch: 3 region loss 0.17051094890510948 loc loss 1.4145895875805485 reward loss -70.7293830927271
epoch:  4 batch:  0 region_loss:  10.0 10.0 loc_loss:  1.6406265258789063 reward_loss:  -82.03070068359375
epoch:  4 batch:  10 region_loss:  10.0 10.0 loc_loss:  1.6453741455078126 reward_loss:  -82.26805877685547
epoch:  4 batch:  20 region_loss:  10.0 10.0 loc_loss:  1.566025848388672 reward_loss:  -78.3012924194336
epoch:  4 batch:  30 region_loss:  10.0 10.0 loc_loss:  1.655421905517578 reward_loss:  -82.77214813232422
epoch:  4 batch:  40 region_loss:  10.0 10.0 loc_loss:  1.597488250732422 reward_loss:  -79.87403869628906
epoch:  4 batch:  50 region_loss:  10.0 10.0 loc_loss:  1.6513578796386719 reward_loss:  -82.56819915771484
epoch:  4 batch:  60 region_loss:  10.0 10.0 loc_loss:  1.63124267578125 reward_loss:  -81.56217193603516
epoch:  4 batch:  70 region_loss:  10.0 10.0 loc_loss:  1.6243035888671875 reward_loss:  -81.2162094116211
epoch:  4 batch:  80 region_loss:  10.0 10.0 loc_loss:  1.6176429748535157 reward_loss:  -80.88267517089844
epoch:  4 batch:  90 region_loss:  6.0 6.0 loc_loss:  0.972286605834961 reward_loss:  -48.6143684387207
epoch:  4 batch:  100 region_loss:  8.0 8.0 loc_loss:  1.283089599609375 reward_loss:  -64.15418243408203
epoch:  4 batch:  110 region_loss:  4.0 4.0 loc_loss:  0.6647339630126953 reward_loss:  -33.23584747314453
epoch:  4 batch:  120 region_loss:  5.0 5.0 loc_loss:  0.8180171966552734 reward_loss:  -40.9008674621582
epoch:  4 batch:  130 region_loss:  7.0 7.0 loc_loss:  1.140544662475586 reward_loss:  -57.0274658203125
acc@1:  0.04233301975540922
epoch: 4 region loss 0.17051094890510948 loc loss 1.367675970592638 reward loss -68.38377714505161
epoch:  5 batch:  0 region_loss:  10.0 10.0 loc_loss:  1.5928672790527343 reward_loss:  -79.6427001953125
epoch:  5 batch:  10 region_loss:  10.0 10.0 loc_loss:  1.6011849975585937 reward_loss:  -80.0593490600586
epoch:  5 batch:  20 region_loss:  10.0 10.0 loc_loss:  1.5025027465820313 reward_loss:  -75.12542724609375
epoch:  5 batch:  30 region_loss:  10.0 10.0 loc_loss:  1.6023690795898438 reward_loss:  -80.11846160888672
epoch:  5 batch:  40 region_loss:  10.0 10.0 loc_loss:  1.5433746337890626 reward_loss:  -77.16865539550781
epoch:  5 batch:  50 region_loss:  10.0 10.0 loc_loss:  1.5924014282226562 reward_loss:  -79.62010192871094
epoch:  5 batch:  60 region_loss:  10.0 10.0 loc_loss:  1.5795230102539062 reward_loss:  -78.97618103027344
epoch:  5 batch:  70 region_loss:  10.0 10.0 loc_loss:  1.5679684448242188 reward_loss:  -78.3991928100586
epoch:  5 batch:  80 region_loss:  10.0 10.0 loc_loss:  1.564853973388672 reward_loss:  -78.24304962158203
epoch:  5 batch:  90 region_loss:  6.0 6.0 loc_loss:  0.9436648559570312 reward_loss:  -47.18335723876953
epoch:  5 batch:  100 region_loss:  8.0 8.0 loc_loss:  1.2369027709960938 reward_loss:  -61.84525680541992
epoch:  5 batch:  110 region_loss:  4.0 4.0 loc_loss:  0.6470944976806641 reward_loss:  -32.354705810546875
epoch:  5 batch:  120 region_loss:  5.0 5.0 loc_loss:  0.7927656555175782 reward_loss:  -39.638214111328125
epoch:  5 batch:  130 region_loss:  7.0 7.0 loc_loss:  1.1068761444091797 reward_loss:  -55.344024658203125
acc@1:  0.05503292568203198
epoch: 5 region loss 0.17051094890510948 loc loss 1.3196703032333486 reward loss -65.98353385925293
epoch:  6 batch:  0 region_loss:  10.0 10.0 loc_loss:  1.5393603515625 reward_loss:  -76.96805572509766
epoch:  6 batch:  10 region_loss:  10.0 10.0 loc_loss:  1.5535551452636718 reward_loss:  -77.67793273925781
epoch:  6 batch:  20 region_loss:  10.0 10.0 loc_loss:  1.435388946533203 reward_loss:  -71.76934051513672
epoch:  6 batch:  30 region_loss:  10.0 10.0 loc_loss:  1.5451719665527344 reward_loss:  -77.25857543945312
epoch:  6 batch:  40 region_loss:  10.0 10.0 loc_loss:  1.4869929504394532 reward_loss:  -74.34965515136719
epoch:  6 batch:  50 region_loss:  10.0 10.0 loc_loss:  1.5297334289550781 reward_loss:  -76.4866714477539
epoch:  6 batch:  60 region_loss:  10.0 10.0 loc_loss:  1.5240264892578126 reward_loss:  -76.20146179199219
epoch:  6 batch:  70 region_loss:  10.0 10.0 loc_loss:  1.5076712036132813 reward_loss:  -75.3822250366211
epoch:  6 batch:  80 region_loss:  10.0 10.0 loc_loss:  1.509151611328125 reward_loss:  -75.45757293701172
epoch:  6 batch:  90 region_loss:  6.0 6.0 loc_loss:  0.9131663513183593 reward_loss:  -45.658409118652344
epoch:  6 batch:  100 region_loss:  8.0 8.0 loc_loss:  1.186894073486328 reward_loss:  -59.3447265625
epoch:  6 batch:  110 region_loss:  4.0 4.0 loc_loss:  0.6284454727172851 reward_loss:  -31.42215347290039
epoch:  6 batch:  120 region_loss:  5.0 5.0 loc_loss:  0.7652613830566406 reward_loss:  -38.2631721496582
epoch:  6 batch:  130 region_loss:  7.0 7.0 loc_loss:  1.07027587890625 reward_loss:  -53.514041900634766
acc@1:  0.06820319849482596
epoch: 6 region loss 0.17051094890510948 loc loss 1.2684668971152202 reward loss -63.42332981972799
epoch:  7 batch:  0 region_loss:  10.0 10.0 loc_loss:  1.4799996948242187 reward_loss:  -74.00019073486328
epoch:  7 batch:  10 region_loss:  10.0 10.0 loc_loss:  1.500689697265625 reward_loss:  -75.03443145751953
epoch:  7 batch:  20 region_loss:  10.0 10.0 loc_loss:  1.364473876953125 reward_loss:  -68.22333526611328
epoch:  7 batch:  30 region_loss:  10.0 10.0 loc_loss:  1.4833926391601562 reward_loss:  -74.16968536376953
epoch:  7 batch:  40 region_loss:  10.0 10.0 loc_loss:  1.4300604248046875 reward_loss:  -71.50302124023438
epoch:  7 batch:  50 region_loss:  10.0 10.0 loc_loss:  1.4625559997558595 reward_loss:  -73.12797546386719
epoch:  7 batch:  60 region_loss:  10.0 10.0 loc_loss:  1.4639820861816406 reward_loss:  -73.1996078491211
epoch:  7 batch:  70 region_loss:  10.0 10.0 loc_loss:  1.4421075439453126 reward_loss:  -72.10491180419922
epoch:  7 batch:  80 region_loss:  10.0 10.0 loc_loss:  1.4504661560058594 reward_loss:  -72.52320098876953
epoch:  7 batch:  90 region_loss:  6.0 6.0 loc_loss:  0.8809007263183594 reward_loss:  -44.04524612426758
epoch:  7 batch:  100 region_loss:  8.0 8.0 loc_loss:  1.1328559875488282 reward_loss:  -56.64299011230469
epoch:  7 batch:  110 region_loss:  4.0 4.0 loc_loss:  0.6086948776245117 reward_loss:  -30.434494018554688
epoch:  7 batch:  120 region_loss:  5.0 5.0 loc_loss:  0.7354594421386719 reward_loss:  -36.77290344238281
epoch:  7 batch:  130 region_loss:  7.0 7.0 loc_loss:  1.0309976959228515 reward_loss:  -51.549896240234375
acc@1:  0.0799623706491063
epoch: 7 region loss 0.17051094890510948 loc loss 1.2140561617551928 reward loss -60.702825991776734
epoch:  8 batch:  0 region_loss:  10.0 10.0 loc_loss:  1.4153526306152344 reward_loss:  -70.7684555053711
epoch:  8 batch:  10 region_loss:  10.0 10.0 loc_loss:  1.4421316528320312 reward_loss:  -72.1065673828125
epoch:  8 batch:  20 region_loss:  10.0 10.0 loc_loss:  1.2907612609863282 reward_loss:  -64.53760528564453
epoch:  8 batch:  30 region_loss:  10.0 10.0 loc_loss:  1.4168501281738282 reward_loss:  -70.84243774414062
epoch:  8 batch:  40 region_loss:  10.0 10.0 loc_loss:  1.3746435546875 reward_loss:  -68.732177734375
epoch:  8 batch:  50 region_loss:  10.0 10.0 loc_loss:  1.391014862060547 reward_loss:  -69.55073547363281
epoch:  8 batch:  60 region_loss:  10.0 10.0 loc_loss:  1.4001248168945313 reward_loss:  -70.00605010986328
epoch:  8 batch:  70 region_loss:  10.0 10.0 loc_loss:  1.3723565673828124 reward_loss:  -68.61790466308594
epoch:  8 batch:  80 region_loss:  10.0 10.0 loc_loss:  1.3892987060546875 reward_loss:  -69.46495056152344
epoch:  8 batch:  90 region_loss:  6.0 6.0 loc_loss:  0.8469907379150391 reward_loss:  -42.34980392456055
epoch:  8 batch:  100 region_loss:  8.0 8.0 loc_loss:  1.07591064453125 reward_loss:  -53.79552459716797
epoch:  8 batch:  110 region_loss:  4.0 4.0 loc_loss:  0.5878038787841797 reward_loss:  -29.390209197998047
epoch:  8 batch:  120 region_loss:  5.0 5.0 loc_loss:  0.7037245941162109 reward_loss:  -35.18622970581055
epoch:  8 batch:  130 region_loss:  7.0 7.0 loc_loss:  0.9896506500244141 reward_loss:  -49.482540130615234
acc@1:  0.09078080903104421
epoch: 8 region loss 0.17051094890510948 loc loss 1.1572864841544714 reward loss -57.86431766426476
epoch:  9 batch:  0 region_loss:  10.0 10.0 loc_loss:  1.3467184448242187 reward_loss:  -67.3359146118164
epoch:  9 batch:  10 region_loss:  10.0 10.0 loc_loss:  1.3786346435546875 reward_loss:  -68.93172454833984
epoch:  9 batch:  20 region_loss:  10.0 10.0 loc_loss:  1.2166481018066406 reward_loss:  -60.83226013183594
epoch:  9 batch:  30 region_loss:  10.0 10.0 loc_loss:  1.3465467834472655 reward_loss:  -67.32704162597656
epoch:  9 batch:  40 region_loss:  10.0 10.0 loc_loss:  1.32071533203125 reward_loss:  -66.0357666015625
epoch:  9 batch:  50 region_loss:  10.0 10.0 loc_loss:  1.3158221435546875 reward_loss:  -65.7911148071289
epoch:  9 batch:  60 region_loss:  10.0 10.0 loc_loss:  1.3339633178710937 reward_loss:  -66.69816589355469
epoch:  9 batch:  70 region_loss:  10.0 10.0 loc_loss:  1.3003767395019532 reward_loss:  -65.01892852783203
epoch:  9 batch:  80 region_loss:  10.0 10.0 loc_loss:  1.3275318908691407 reward_loss:  -66.37659454345703
epoch:  9 batch:  90 region_loss:  6.0 6.0 loc_loss:  0.811927261352539 reward_loss:  -40.59690475463867
epoch:  9 batch:  100 region_loss:  8.0 8.0 loc_loss:  1.0177287292480468 reward_loss:  -50.886436462402344
epoch:  9 batch:  110 region_loss:  4.0 4.0 loc_loss:  0.5658959197998047 reward_loss:  -28.294784545898438
epoch:  9 batch:  120 region_loss:  5.0 5.0 loc_loss:  0.6707335662841797 reward_loss:  -33.53667449951172
epoch:  9 batch:  130 region_loss:  7.0 7.0 loc_loss:  0.9471358489990235 reward_loss:  -47.35678482055664
acc@1:  0.10489181561618062
epoch: 9 region loss 0.17051094890510948 loc loss 1.0994274033595175 reward loss -54.971367550592355
epoch:  10 batch:  0 region_loss:  10.0 10.0 loc_loss:  1.2759088134765626 reward_loss:  -63.79552459716797
epoch:  10 batch:  10 region_loss:  10.0 10.0 loc_loss:  1.311781005859375 reward_loss:  -65.58892822265625
epoch:  10 batch:  20 region_loss:  10.0 10.0 loc_loss:  1.1448416900634766 reward_loss:  -57.24220275878906
epoch:  10 batch:  30 region_loss:  10.0 10.0 loc_loss:  1.2739523315429688 reward_loss:  -63.697959899902344
epoch:  10 batch:  40 region_loss:  10.0 10.0 loc_loss:  1.26774658203125 reward_loss:  -63.387306213378906
epoch:  10 batch:  50 region_loss:  10.0 10.0 loc_loss:  1.2386757659912109 reward_loss:  -61.933658599853516
epoch:  10 batch:  60 region_loss:  10.0 10.0 loc_loss:  1.2678751373291015 reward_loss:  -63.39374923706055
epoch:  10 batch:  70 region_loss:  10.0 10.0 loc_loss:  1.2279940795898439 reward_loss:  -61.39970016479492
epoch:  10 batch:  80 region_loss:  10.0 10.0 loc_loss:  1.2675489044189454 reward_loss:  -63.377593994140625
epoch:  10 batch:  90 region_loss:  6.0 6.0 loc_loss:  0.7762398529052734 reward_loss:  -38.81193923950195
epoch:  10 batch:  100 region_loss:  8.0 8.0 loc_loss:  0.9603788757324219 reward_loss:  -48.01893615722656
epoch:  10 batch:  110 region_loss:  4.0 4.0 loc_loss:  0.5433651733398438 reward_loss:  -27.168262481689453
epoch:  10 batch:  120 region_loss:  5.0 5.0 loc_loss:  0.6375946426391601 reward_loss:  -31.87973403930664
epoch:  10 batch:  130 region_loss:  7.0 7.0 loc_loss:  0.9041893768310547 reward_loss:  -45.209476470947266
acc@1:  0.11288805268109126
epoch: 10 region loss 0.17051094890510948 loc loss 1.041881422613659 reward loss -52.09404902214551
epoch:  11 batch:  0 region_loss:  10.0 10.0 loc_loss:  1.205079345703125 reward_loss:  -60.25391387939453
epoch:  11 batch:  10 region_loss:  10.0 10.0 loc_loss:  1.2435081481933594 reward_loss:  -62.1754150390625
epoch:  11 batch:  20 region_loss:  10.0 10.0 loc_loss:  1.0769550323486328 reward_loss:  -53.847938537597656
epoch:  11 batch:  30 region_loss:  10.0 10.0 loc_loss:  1.2007659149169922 reward_loss:  -60.03872299194336
epoch:  11 batch:  40 region_loss:  10.0 10.0 loc_loss:  1.2152429962158202 reward_loss:  -60.76214599609375
epoch:  11 batch:  50 region_loss:  10.0 10.0 loc_loss:  1.1620112609863282 reward_loss:  -58.10055160522461
epoch:  11 batch:  60 region_loss:  10.0 10.0 loc_loss:  1.2034154510498047 reward_loss:  -60.17076873779297
epoch:  11 batch:  70 region_loss:  10.0 10.0 loc_loss:  1.1569862365722656 reward_loss:  -57.849308013916016
epoch:  11 batch:  80 region_loss:  10.0 10.0 loc_loss:  1.210871124267578 reward_loss:  -60.54356384277344
epoch:  11 batch:  90 region_loss:  6.0 6.0 loc_loss:  0.7406414794921875 reward_loss:  -37.03207778930664
epoch:  11 batch:  100 region_loss:  8.0 8.0 loc_loss:  0.9052621459960938 reward_loss:  -45.263099670410156
epoch:  11 batch:  110 region_loss:  4.0 4.0 loc_loss:  0.5203307342529296 reward_loss:  -26.016538619995117
epoch:  11 batch:  120 region_loss:  5.0 5.0 loc_loss:  0.6047963714599609 reward_loss:  -30.239826202392578
epoch:  11 batch:  130 region_loss:  7.0 7.0 loc_loss:  0.8616294097900391 reward_loss:  -43.08147048950195
acc@1:  0.1218250235183443
epoch: 11 region loss 0.17051094890510948 loc loss 0.9859096905784885 reward loss -49.29549754623079
epoch:  12 batch:  0 region_loss:  10.0 10.0 loc_loss:  1.1364700317382812 reward_loss:  -56.82350158691406
epoch:  12 batch:  10 region_loss:  10.0 10.0 loc_loss:  1.1758277893066407 reward_loss:  -58.79139709472656
epoch:  12 batch:  20 region_loss:  10.0 10.0 loc_loss:  1.0137437438964845 reward_loss:  -50.687400817871094
epoch:  12 batch:  30 region_loss:  10.0 10.0 loc_loss:  1.1288033294677735 reward_loss:  -56.44010925292969
epoch:  12 batch:  40 region_loss:  10.0 10.0 loc_loss:  1.163639450073242 reward_loss:  -58.181976318359375
epoch:  12 batch:  50 region_loss:  10.0 10.0 loc_loss:  1.088469009399414 reward_loss:  -54.42335510253906
epoch:  12 batch:  60 region_loss:  10.0 10.0 loc_loss:  1.1413777923583985 reward_loss:  -57.06888961791992
epoch:  12 batch:  70 region_loss:  10.0 10.0 loc_loss:  1.0891011810302735 reward_loss:  -54.455055236816406
epoch:  12 batch:  80 region_loss:  10.0 10.0 loc_loss:  1.1571650695800781 reward_loss:  -57.858253479003906
epoch:  12 batch:  90 region_loss:  6.0 6.0 loc_loss:  0.7057725524902344 reward_loss:  -35.28862380981445
epoch:  12 batch:  100 region_loss:  8.0 8.0 loc_loss:  0.8532794952392578 reward_loss:  -42.663978576660156
epoch:  12 batch:  110 region_loss:  4.0 4.0 loc_loss:  0.4971944427490234 reward_loss:  -24.859722137451172
epoch:  12 batch:  120 region_loss:  5.0 5.0 loc_loss:  0.5730587005615234 reward_loss:  -28.652942657470703
epoch:  12 batch:  130 region_loss:  7.0 7.0 loc_loss:  0.8203007507324219 reward_loss:  -41.01503372192383
acc@1:  0.12746942615239887
epoch: 12 region loss 0.17051094890510948 loc loss 0.9325042858263002 reward loss -46.62521509880567
epoch:  13 batch:  0 region_loss:  10.0 10.0 loc_loss:  1.0715016174316405 reward_loss:  -53.575077056884766
epoch:  13 batch:  10 region_loss:  10.0 10.0 loc_loss:  1.1103739166259765 reward_loss:  -55.51870346069336
epoch:  13 batch:  20 region_loss:  10.0 10.0 loc_loss:  0.9553739929199219 reward_loss:  -47.7686653137207
epoch:  13 batch:  30 region_loss:  10.0 10.0 loc_loss:  1.059788818359375 reward_loss:  -52.98959732055664
epoch:  13 batch:  40 region_loss:  10.0 10.0 loc_loss:  1.113626708984375 reward_loss:  -55.681331634521484
epoch:  13 batch:  50 region_loss:  10.0 10.0 loc_loss:  1.020074462890625 reward_loss:  -51.003719329833984
epoch:  13 batch:  60 region_loss:  10.0 10.0 loc_loss:  1.082303009033203 reward_loss:  -54.11515426635742
epoch:  13 batch:  70 region_loss:  10.0 10.0 loc_loss:  1.0256641387939454 reward_loss:  -51.28321075439453
epoch:  13 batch:  80 region_loss:  10.0 10.0 loc_loss:  1.106084976196289 reward_loss:  -55.30424880981445
epoch:  13 batch:  90 region_loss:  6.0 6.0 loc_loss:  0.672213134765625 reward_loss:  -33.61056900024414
epoch:  13 batch:  100 region_loss:  8.0 8.0 loc_loss:  0.8051551055908203 reward_loss:  -40.257755279541016
epoch:  13 batch:  110 region_loss:  4.0 4.0 loc_loss:  0.4742120361328125 reward_loss:  -23.71061134338379
epoch:  13 batch:  120 region_loss:  5.0 5.0 loc_loss:  0.5426527786254883 reward_loss:  -27.13263511657715
epoch:  13 batch:  130 region_loss:  7.0 7.0 loc_loss:  0.7807109069824218 reward_loss:  -39.035545349121094
acc@1:  0.12982126058325494
epoch: 13 region loss 0.17051094890510948 loc loss 0.8823315763821568 reward loss -44.11656967218775
epoch:  14 batch:  0 region_loss:  10.0 10.0 loc_loss:  1.0111729431152343 reward_loss:  -50.55864715576172
epoch:  14 batch:  10 region_loss:  10.0 10.0 loc_loss:  1.0483702087402345 reward_loss:  -52.41850662231445
epoch:  14 batch:  20 region_loss:  10.0 10.0 loc_loss:  0.9019109344482422 reward_loss:  -45.095558166503906
epoch:  14 batch:  30 region_loss:  10.0 10.0 loc_loss:  0.9954659271240235 reward_loss:  -49.773292541503906
epoch:  14 batch:  40 region_loss:  10.0 10.0 loc_loss:  1.065993194580078 reward_loss:  -53.299659729003906
epoch:  14 batch:  50 region_loss:  10.0 10.0 loc_loss:  0.9577615356445313 reward_loss:  -47.88806915283203
epoch:  14 batch:  60 region_loss:  10.0 10.0 loc_loss:  1.0266073608398438 reward_loss:  -51.33036804199219
epoch:  14 batch:  70 region_loss:  10.0 10.0 loc_loss:  0.9674736022949219 reward_loss:  -48.37370681762695
epoch:  14 batch:  80 region_loss:  10.0 10.0 loc_loss:  1.0570391845703124 reward_loss:  -52.851959228515625
epoch:  14 batch:  90 region_loss:  6.0 6.0 loc_loss:  0.6401739501953125 reward_loss:  -32.008705139160156
epoch:  14 batch:  100 region_loss:  8.0 8.0 loc_loss:  0.76109375 reward_loss:  -38.0546875
epoch:  14 batch:  110 region_loss:  4.0 4.0 loc_loss:  0.4516960906982422 reward_loss:  -22.584806442260742
epoch:  14 batch:  120 region_loss:  5.0 5.0 loc_loss:  0.5136727905273437 reward_loss:  -25.683637619018555
epoch:  14 batch:  130 region_loss:  7.0 7.0 loc_loss:  0.7433020782470703 reward_loss:  -37.16510772705078
acc@1:  0.13123236124176857
epoch: 14 region loss 0.17051094890510948 loc loss 0.835738853955791 reward loss -41.786944396304385
epoch:  15 batch:  0 region_loss:  10.0 10.0 loc_loss:  0.9557518005371094 reward_loss:  -47.7875862121582
epoch:  15 batch:  10 region_loss:  10.0 10.0 loc_loss:  0.9908551788330078 reward_loss:  -49.54275894165039
epoch:  15 batch:  20 region_loss:  10.0 10.0 loc_loss:  0.8535555267333984 reward_loss:  -42.67778015136719
epoch:  15 batch:  30 region_loss:  10.0 10.0 loc_loss:  0.9368811798095703 reward_loss:  -46.84407043457031
epoch:  15 batch:  40 region_loss:  10.0 10.0 loc_loss:  1.0211725616455078 reward_loss:  -51.058631896972656
epoch:  15 batch:  50 region_loss:  10.0 10.0 loc_loss:  0.9016522216796875 reward_loss:  -45.082611083984375
epoch:  15 batch:  60 region_loss:  10.0 10.0 loc_loss:  0.9745648193359375 reward_loss:  -48.72823715209961
epoch:  15 batch:  70 region_loss:  10.0 10.0 loc_loss:  0.91446044921875 reward_loss:  -45.7230224609375
epoch:  15 batch:  80 region_loss:  10.0 10.0 loc_loss:  1.0100806427001954 reward_loss:  -50.5040283203125
epoch:  15 batch:  90 region_loss:  6.0 6.0 loc_loss:  0.609836196899414 reward_loss:  -30.49180793762207
epoch:  15 batch:  100 region_loss:  8.0 8.0 loc_loss:  0.7211654663085938 reward_loss:  -36.05827713012695
epoch:  15 batch:  110 region_loss:  4.0 4.0 loc_loss:  0.42991401672363283 reward_loss:  -21.49571418762207
epoch:  15 batch:  120 region_loss:  5.0 5.0 loc_loss:  0.4861582183837891 reward_loss:  -24.307910919189453
epoch:  15 batch:  130 region_loss:  7.0 7.0 loc_loss:  0.7083451080322266 reward_loss:  -35.41725158691406
acc@1:  0.13452492944496708
epoch: 15 region loss 0.17051094890510948 loc loss 0.79279909732568 reward loss -39.63995809624665
epoch:  16 batch:  0 region_loss:  10.0 10.0 loc_loss:  0.9050968170166016 reward_loss:  -45.254844665527344
epoch:  16 batch:  10 region_loss:  10.0 10.0 loc_loss:  0.9383757019042969 reward_loss:  -46.918785095214844
epoch:  16 batch:  20 region_loss:  10.0 10.0 loc_loss:  0.8101118469238281 reward_loss:  -40.505592346191406
epoch:  16 batch:  30 region_loss:  10.0 10.0 loc_loss:  0.8840135192871094 reward_loss:  -44.20068359375
epoch:  16 batch:  40 region_loss:  10.0 10.0 loc_loss:  0.979423599243164 reward_loss:  -48.97117614746094
epoch:  16 batch:  50 region_loss:  10.0 10.0 loc_loss:  0.851386947631836 reward_loss:  -42.5693473815918
epoch:  16 batch:  60 region_loss:  10.0 10.0 loc_loss:  0.9260462951660157 reward_loss:  -46.30231475830078
epoch:  16 batch:  70 region_loss:  10.0 10.0 loc_loss:  0.8663679504394531 reward_loss:  -43.318397521972656
epoch:  16 batch:  80 region_loss:  10.0 10.0 loc_loss:  0.9652686309814453 reward_loss:  -48.263423919677734
epoch:  16 batch:  90 region_loss:  6.0 6.0 loc_loss:  0.5812687683105469 reward_loss:  -29.063444137573242
epoch:  16 batch:  100 region_loss:  8.0 8.0 loc_loss:  0.6848433685302734 reward_loss:  -34.24217224121094
epoch:  16 batch:  110 region_loss:  4.0 4.0 loc_loss:  0.4090172958374023 reward_loss:  -20.450862884521484
epoch:  16 batch:  120 region_loss:  5.0 5.0 loc_loss:  0.45998302459716794 reward_loss:  -22.999149322509766
epoch:  16 batch:  130 region_loss:  7.0 7.0 loc_loss:  0.6757057189941407 reward_loss:  -33.785282135009766
acc@1:  0.1349952963311383
epoch: 16 region loss 0.17051094890510948 loc loss 0.753349225956158 reward loss -37.66746106112961
epoch:  17 batch:  0 region_loss:  10.0 10.0 loc_loss:  0.8588067626953125 reward_loss:  -42.94033432006836
epoch:  17 batch:  10 region_loss:  10.0 10.0 loc_loss:  0.8907874298095703 reward_loss:  -44.539344787597656
epoch:  17 batch:  20 region_loss:  10.0 10.0 loc_loss:  0.7711599731445312 reward_loss:  -38.55799865722656
epoch:  17 batch:  30 region_loss:  10.0 10.0 loc_loss:  0.8362641906738282 reward_loss:  -41.81320571899414
epoch:  17 batch:  40 region_loss:  10.0 10.0 loc_loss:  0.9405329895019531 reward_loss:  -47.026641845703125
epoch:  17 batch:  50 region_loss:  10.0 10.0 loc_loss:  0.8063803863525391 reward_loss:  -40.31901550292969
epoch:  17 batch:  60 region_loss:  10.0 10.0 loc_loss:  0.8806742858886719 reward_loss:  -44.033714294433594
epoch:  17 batch:  70 region_loss:  10.0 10.0 loc_loss:  0.8228121185302735 reward_loss:  -41.14060592651367
epoch:  17 batch:  80 region_loss:  10.0 10.0 loc_loss:  0.9226771545410156 reward_loss:  -46.133853912353516
epoch:  17 batch:  90 region_loss:  6.0 6.0 loc_loss:  0.5543122482299805 reward_loss:  -27.715606689453125
epoch:  17 batch:  100 region_loss:  8.0 8.0 loc_loss:  0.6517058563232422 reward_loss:  -32.58530807495117
epoch:  17 batch:  110 region_loss:  4.0 4.0 loc_loss:  0.3890134048461914 reward_loss:  -19.450653076171875
epoch:  17 batch:  120 region_loss:  5.0 5.0 loc_loss:  0.43525779724121094 reward_loss:  -21.762889862060547
epoch:  17 batch:  130 region_loss:  7.0 7.0 loc_loss:  0.645199966430664 reward_loss:  -32.2599983215332
acc@1:  0.13405456255879586
epoch: 17 region loss 0.17051094890510948 loc loss 0.7170809645548354 reward loss -35.85404647353792
epoch:  18 batch:  0 region_loss:  10.0 10.0 loc_loss:  0.8160188293457031 reward_loss:  -40.800941467285156
epoch:  18 batch:  10 region_loss:  10.0 10.0 loc_loss:  0.8473615264892578 reward_loss:  -42.36807632446289
epoch:  18 batch:  20 region_loss:  10.0 10.0 loc_loss:  0.7358132934570313 reward_loss:  -36.79067611694336
epoch:  18 batch:  30 region_loss:  10.0 10.0 loc_loss:  0.7928768920898438 reward_loss:  -39.64384841918945
epoch:  18 batch:  40 region_loss:  10.0 10.0 loc_loss:  0.9044169616699219 reward_loss:  -45.220848083496094
epoch:  18 batch:  50 region_loss:  10.0 10.0 loc_loss:  0.765804672241211 reward_loss:  -38.29022979736328
epoch:  18 batch:  60 region_loss:  10.0 10.0 loc_loss:  0.8379777526855469 reward_loss:  -41.89888000488281
epoch:  18 batch:  70 region_loss:  10.0 10.0 loc_loss:  0.7830950164794922 reward_loss:  -39.15475082397461
epoch:  18 batch:  80 region_loss:  10.0 10.0 loc_loss:  0.8822807312011719 reward_loss:  -44.11403274536133
epoch:  18 batch:  90 region_loss:  6.0 6.0 loc_loss:  0.5288903045654297 reward_loss:  -26.444517135620117
epoch:  18 batch:  100 region_loss:  8.0 8.0 loc_loss:  0.6210388946533203 reward_loss:  -31.05194664001465
epoch:  18 batch:  110 region_loss:  4.0 4.0 loc_loss:  0.3699208831787109 reward_loss:  -18.496042251586914
epoch:  18 batch:  120 region_loss:  5.0 5.0 loc_loss:  0.41202503204345703 reward_loss:  -20.601247787475586
epoch:  18 batch:  130 region_loss:  7.0 7.0 loc_loss:  0.6165053939819336 reward_loss:  -30.825271606445312
acc@1:  0.1354656632173095
epoch: 18 region loss 0.17051094890510948 loc loss 0.6836274801379573 reward loss -34.181370623790436
epoch:  19 batch:  0 region_loss:  10.0 10.0 loc_loss:  0.7764140319824219 reward_loss:  -38.82069778442383
epoch:  19 batch:  10 region_loss:  10.0 10.0 loc_loss:  0.8074135589599609 reward_loss:  -40.37067794799805
epoch:  19 batch:  20 region_loss:  10.0 10.0 loc_loss:  0.7036033630371094 reward_loss:  -35.18016815185547
epoch:  19 batch:  30 region_loss:  10.0 10.0 loc_loss:  0.7531509399414062 reward_loss:  -37.65752029418945
epoch:  19 batch:  40 region_loss:  10.0 10.0 loc_loss:  0.8707047271728515 reward_loss:  -43.53523635864258
epoch:  19 batch:  50 region_loss:  10.0 10.0 loc_loss:  0.7288928985595703 reward_loss:  -36.44464111328125
epoch:  19 batch:  60 region_loss:  10.0 10.0 loc_loss:  0.7976119995117188 reward_loss:  -39.88059616088867
epoch:  19 batch:  70 region_loss:  10.0 10.0 loc_loss:  0.7466038513183594 reward_loss:  -37.3301887512207
epoch:  19 batch:  80 region_loss:  10.0 10.0 loc_loss:  0.844022216796875 reward_loss:  -42.201107025146484
epoch:  19 batch:  90 region_loss:  6.0 6.0 loc_loss:  0.5047261810302734 reward_loss:  -25.236305236816406
epoch:  19 batch:  100 region_loss:  8.0 8.0 loc_loss:  0.5924958038330078 reward_loss:  -29.624794006347656
epoch:  19 batch:  110 region_loss:  4.0 4.0 loc_loss:  0.3516640472412109 reward_loss:  -17.583202362060547
epoch:  19 batch:  120 region_loss:  5.0 5.0 loc_loss:  0.39012535095214845 reward_loss:  -19.506267547607422
epoch:  19 batch:  130 region_loss:  7.0 7.0 loc_loss:  0.5894096755981445 reward_loss:  -29.470483779907227
acc@1:  0.13640639698965193
epoch: 19 region loss 0.17051094890510948 loc loss 0.652593520505585 reward loss -32.62966765800532
epoch:  20 batch:  0 region_loss:  10.0 10.0 loc_loss:  0.7395772552490234 reward_loss:  -36.978858947753906
epoch:  20 batch:  10 region_loss:  10.0 10.0 loc_loss:  0.7704222106933594 reward_loss:  -38.521114349365234
epoch:  20 batch:  20 region_loss:  10.0 10.0 loc_loss:  0.6738742065429687 reward_loss:  -33.69371032714844
epoch:  20 batch:  30 region_loss:  10.0 10.0 loc_loss:  0.7167263793945312 reward_loss:  -35.836326599121094
epoch:  20 batch:  40 region_loss:  10.0 10.0 loc_loss:  0.8390507507324219 reward_loss:  -41.952537536621094
epoch:  20 batch:  50 region_loss:  10.0 10.0 loc_loss:  0.6948226928710938 reward_loss:  -34.741127014160156
epoch:  20 batch:  60 region_loss:  10.0 10.0 loc_loss:  0.7593196105957031 reward_loss:  -37.965980529785156
epoch:  20 batch:  70 region_loss:  10.0 10.0 loc_loss:  0.7129425048828125 reward_loss:  -35.647125244140625
epoch:  20 batch:  80 region_loss:  10.0 10.0 loc_loss:  0.8077482604980468 reward_loss:  -40.387413024902344
epoch:  20 batch:  90 region_loss:  6.0 6.0 loc_loss:  0.4818427658081055 reward_loss:  -24.092138290405273
epoch:  20 batch:  100 region_loss:  8.0 8.0 loc_loss:  0.5655706787109375 reward_loss:  -28.278535842895508
epoch:  20 batch:  110 region_loss:  4.0 4.0 loc_loss:  0.3342252731323242 reward_loss:  -16.71126365661621
epoch:  20 batch:  120 region_loss:  5.0 5.0 loc_loss:  0.3695427703857422 reward_loss:  -18.47713851928711
epoch:  20 batch:  130 region_loss:  7.0 7.0 loc_loss:  0.5635284042358398 reward_loss:  -28.176422119140625
acc@1:  0.1349952963311383
epoch: 20 region loss 0.17051094890510948 loc loss 0.6236299105456276 reward loss -31.18149540894223
epoch:  21 batch:  0 region_loss:  10.0 10.0 loc_loss:  0.7050022888183594 reward_loss:  -35.250118255615234
epoch:  21 batch:  10 region_loss:  10.0 10.0 loc_loss:  0.7359471893310547 reward_loss:  -36.797359466552734
epoch:  21 batch:  20 region_loss:  10.0 10.0 loc_loss:  0.6463658905029297 reward_loss:  -32.318294525146484
epoch:  21 batch:  30 region_loss:  10.0 10.0 loc_loss:  0.6830632781982422 reward_loss:  -34.153160095214844
epoch:  21 batch:  40 region_loss:  10.0 10.0 loc_loss:  0.8089154052734375 reward_loss:  -40.445770263671875
epoch:  21 batch:  50 region_loss:  10.0 10.0 loc_loss:  0.6633616638183594 reward_loss:  -33.16808319091797
epoch:  21 batch:  60 region_loss:  10.0 10.0 loc_loss:  0.7231255340576171 reward_loss:  -36.15627670288086
epoch:  21 batch:  70 region_loss:  10.0 10.0 loc_loss:  0.6813993835449219 reward_loss:  -34.069969177246094
epoch:  21 batch:  80 region_loss:  10.0 10.0 loc_loss:  0.7730859375 reward_loss:  -38.654296875
epoch:  21 batch:  90 region_loss:  6.0 6.0 loc_loss:  0.4599468231201172 reward_loss:  -22.997339248657227
epoch:  21 batch:  100 region_loss:  8.0 8.0 loc_loss:  0.5401037979125977 reward_loss:  -27.00519371032715
epoch:  21 batch:  110 region_loss:  4.0 4.0 loc_loss:  0.3175170707702637 reward_loss:  -15.875850677490234
epoch:  21 batch:  120 region_loss:  5.0 5.0 loc_loss:  0.35013298034667967 reward_loss:  -17.506649017333984
epoch:  21 batch:  130 region_loss:  7.0 7.0 loc_loss:  0.538871841430664 reward_loss:  -26.94359016418457
acc@1:  0.1317027281279398
epoch: 21 region loss 0.17051094890510948 loc loss 0.5964299459527009 reward loss -29.82149697742323
epoch:  22 batch:  0 region_loss:  10.0 10.0 loc_loss:  0.6724703979492187 reward_loss:  -33.62351989746094
epoch:  22 batch:  10 region_loss:  10.0 10.0 loc_loss:  0.7033775329589844 reward_loss:  -35.16887283325195
epoch:  22 batch:  20 region_loss:  10.0 10.0 loc_loss:  0.6208181762695313 reward_loss:  -31.040908813476562
epoch:  22 batch:  30 region_loss:  10.0 10.0 loc_loss:  0.65168212890625 reward_loss:  -32.584102630615234
epoch:  22 batch:  40 region_loss:  10.0 10.0 loc_loss:  0.7799990844726562 reward_loss:  -38.99995040893555
epoch:  22 batch:  50 region_loss:  10.0 10.0 loc_loss:  0.6340208053588867 reward_loss:  -31.70104217529297
epoch:  22 batch:  60 region_loss:  10.0 10.0 loc_loss:  0.6886628723144531 reward_loss:  -34.433143615722656
epoch:  22 batch:  70 region_loss:  10.0 10.0 loc_loss:  0.6519467926025391 reward_loss:  -32.59734344482422
epoch:  22 batch:  80 region_loss:  10.0 10.0 loc_loss:  0.73990478515625 reward_loss:  -36.995235443115234
epoch:  22 batch:  90 region_loss:  6.0 6.0 loc_loss:  0.4389956283569336 reward_loss:  -21.949779510498047
epoch:  22 batch:  100 region_loss:  8.0 8.0 loc_loss:  0.5157637023925781 reward_loss:  -25.788185119628906
epoch:  22 batch:  110 region_loss:  4.0 4.0 loc_loss:  0.301603832244873 reward_loss:  -15.080194473266602
epoch:  22 batch:  120 region_loss:  5.0 5.0 loc_loss:  0.3318675994873047 reward_loss:  -16.5933780670166
epoch:  22 batch:  130 region_loss:  7.0 7.0 loc_loss:  0.515089111328125 reward_loss:  -25.75445556640625
acc@1:  0.1317027281279398
epoch: 22 region loss 0.17051094890510948 loc loss 0.5707402736079084 reward loss -28.537012684954345
epoch:  23 batch:  0 region_loss:  10.0 10.0 loc_loss:  0.6416381072998046 reward_loss:  -32.081905364990234
epoch:  23 batch:  10 region_loss:  10.0 10.0 loc_loss:  0.6727032470703125 reward_loss:  -33.635162353515625
epoch:  23 batch:  20 region_loss:  10.0 10.0 loc_loss:  0.5965702056884765 reward_loss:  -29.828510284423828
epoch:  23 batch:  30 region_loss:  10.0 10.0 loc_loss:  0.6223201751708984 reward_loss:  -31.116004943847656
epoch:  23 batch:  40 region_loss:  10.0 10.0 loc_loss:  0.7521377563476562 reward_loss:  -37.60688781738281
epoch:  23 batch:  50 region_loss:  10.0 10.0 loc_loss:  0.6064588546752929 reward_loss:  -30.32294273376465
epoch:  23 batch:  60 region_loss:  10.0 10.0 loc_loss:  0.6559841918945313 reward_loss:  -32.7992057800293
epoch:  23 batch:  70 region_loss:  10.0 10.0 loc_loss:  0.6240501022338867 reward_loss:  -31.202505111694336
epoch:  23 batch:  80 region_loss:  10.0 10.0 loc_loss:  0.7080751037597657 reward_loss:  -35.40375518798828
epoch:  23 batch:  90 region_loss:  6.0 6.0 loc_loss:  0.4188885498046875 reward_loss:  -20.944427490234375
epoch:  23 batch:  100 region_loss:  8.0 8.0 loc_loss:  0.49245361328125 reward_loss:  -24.6226806640625
epoch:  23 batch:  110 region_loss:  4.0 4.0 loc_loss:  0.28629867553710936 reward_loss:  -14.314934730529785
epoch:  23 batch:  120 region_loss:  5.0 5.0 loc_loss:  0.314545841217041 reward_loss:  -15.727291107177734
epoch:  23 batch:  130 region_loss:  7.0 7.0 loc_loss:  0.49218982696533203 reward_loss:  -24.6094913482666
acc@1:  0.12746942615239887
epoch: 23 region loss 0.17051094890510948 loc loss 0.5463427310442402 reward loss -27.31713595355514
epoch:  24 batch:  0 region_loss:  10.0 10.0 loc_loss:  0.6123355102539062 reward_loss:  -30.616775512695312
epoch:  24 batch:  10 region_loss:  10.0 10.0 loc_loss:  0.6435563659667969 reward_loss:  -32.177818298339844
epoch:  24 batch:  20 region_loss:  10.0 10.0 loc_loss:  0.5737314987182617 reward_loss:  -28.68657684326172
epoch:  24 batch:  30 region_loss:  10.0 10.0 loc_loss:  0.594611930847168 reward_loss:  -29.730594635009766
epoch:  24 batch:  40 region_loss:  10.0 10.0 loc_loss:  0.7250576019287109 reward_loss:  -36.25287628173828
epoch:  24 batch:  50 region_loss:  10.0 10.0 loc_loss:  0.5804719161987305 reward_loss:  -29.023590087890625
epoch:  24 batch:  60 region_loss:  10.0 10.0 loc_loss:  0.624906005859375 reward_loss:  -31.24530029296875
epoch:  24 batch:  70 region_loss:  10.0 10.0 loc_loss:  0.5977189254760742 reward_loss:  -29.88594627380371
epoch:  24 batch:  80 region_loss:  10.0 10.0 loc_loss:  0.6773973846435547 reward_loss:  -33.86986541748047
epoch:  24 batch:  90 region_loss:  6.0 6.0 loc_loss:  0.3994923782348633 reward_loss:  -19.97461700439453
epoch:  24 batch:  100 region_loss:  8.0 8.0 loc_loss:  0.4700803756713867 reward_loss:  -23.50402069091797
epoch:  24 batch:  110 region_loss:  4.0 4.0 loc_loss:  0.2716963195800781 reward_loss:  -13.584814071655273
epoch:  24 batch:  120 region_loss:  5.0 5.0 loc_loss:  0.29812599182128907 reward_loss:  -14.906298637390137
epoch:  24 batch:  130 region_loss:  7.0 7.0 loc_loss:  0.4700265121459961 reward_loss:  -23.501325607299805
acc@1:  0.12417685794920037
epoch: 24 region loss 0.17051094890510948 loc loss 0.5230646774542592 reward loss -26.15323315919751
epoch:  25 batch:  0 region_loss:  10.0 10.0 loc_loss:  0.5843423461914062 reward_loss:  -29.217117309570312
epoch:  25 batch:  10 region_loss:  10.0 10.0 loc_loss:  0.6157365798950195 reward_loss:  -30.78683090209961
epoch:  25 batch:  20 region_loss:  10.0 10.0 loc_loss:  0.5519397354125977 reward_loss:  -27.59698486328125
epoch:  25 batch:  30 region_loss:  10.0 10.0 loc_loss:  0.568253059387207 reward_loss:  -28.41265296936035
epoch:  25 batch:  40 region_loss:  10.0 10.0 loc_loss:  0.6986930084228515 reward_loss:  -34.93464660644531
epoch:  25 batch:  50 region_loss:  10.0 10.0 loc_loss:  0.5557370376586914 reward_loss:  -27.78685188293457
epoch:  25 batch:  60 region_loss:  10.0 10.0 loc_loss:  0.5952742004394531 reward_loss:  -29.763710021972656
epoch:  25 batch:  70 region_loss:  10.0 10.0 loc_loss:  0.572706069946289 reward_loss:  -28.63530158996582
epoch:  25 batch:  80 region_loss:  10.0 10.0 loc_loss:  0.6478416442871093 reward_loss:  -32.39208221435547
epoch:  25 batch:  90 region_loss:  6.0 6.0 loc_loss:  0.38084365844726564 reward_loss:  -19.04218101501465
epoch:  25 batch:  100 region_loss:  8.0 8.0 loc_loss:  0.4485288619995117 reward_loss:  -22.42644500732422
epoch:  25 batch:  110 region_loss:  4.0 4.0 loc_loss:  0.2576482009887695 reward_loss:  -12.882410049438477
epoch:  25 batch:  120 region_loss:  5.0 5.0 loc_loss:  0.28253438949584964 reward_loss:  -14.126718521118164
epoch:  25 batch:  130 region_loss:  7.0 7.0 loc_loss:  0.44856800079345704 reward_loss:  -22.428401947021484
acc@1:  0.1218250235183443
epoch: 25 region loss 0.17051094890510948 loc loss 0.5007724170963259 reward loss -25.038622535928322
epoch:  26 batch:  0 region_loss:  10.0 10.0 loc_loss:  0.557608642578125 reward_loss:  -27.88043212890625
epoch:  26 batch:  10 region_loss:  10.0 10.0 loc_loss:  0.5890911102294922 reward_loss:  -29.45455551147461
epoch:  26 batch:  20 region_loss:  10.0 10.0 loc_loss:  0.5310794830322265 reward_loss:  -26.553972244262695
epoch:  26 batch:  30 region_loss:  10.0 10.0 loc_loss:  0.543221435546875 reward_loss:  -27.161073684692383
epoch:  26 batch:  40 region_loss:  10.0 10.0 loc_loss:  0.6730066680908203 reward_loss:  -33.65032958984375
epoch:  26 batch:  50 region_loss:  10.0 10.0 loc_loss:  0.5321271514892578 reward_loss:  -26.606359481811523
epoch:  26 batch:  60 region_loss:  10.0 10.0 loc_loss:  0.5669229125976563 reward_loss:  -28.346145629882812
epoch:  26 batch:  70 region_loss:  10.0 10.0 loc_loss:  0.5489159393310546 reward_loss:  -27.44580078125
epoch:  26 batch:  80 region_loss:  10.0 10.0 loc_loss:  0.6192908096313476 reward_loss:  -30.96453857421875
epoch:  26 batch:  90 region_loss:  6.0 6.0 loc_loss:  0.3627555465698242 reward_loss:  -18.137775421142578
epoch:  26 batch:  100 region_loss:  8.0 8.0 loc_loss:  0.4278346252441406 reward_loss:  -21.39173126220703
epoch:  26 batch:  110 region_loss:  4.0 4.0 loc_loss:  0.24411951065063475 reward_loss:  -12.205975532531738
epoch:  26 batch:  120 region_loss:  5.0 5.0 loc_loss:  0.2676443290710449 reward_loss:  -13.38221549987793
epoch:  26 batch:  130 region_loss:  7.0 7.0 loc_loss:  0.42782150268554686 reward_loss:  -21.391077041625977
acc@1:  0.12370649106302917
epoch: 26 region loss 0.17051094890510948 loc loss 0.479354287864518 reward loss -23.967714257483934
epoch:  27 batch:  0 region_loss:  10.0 10.0 loc_loss:  0.5319419860839844 reward_loss:  -26.59709930419922
epoch:  27 batch:  10 region_loss:  10.0 10.0 loc_loss:  0.5635708236694336 reward_loss:  -28.17854118347168
epoch:  27 batch:  20 region_loss:  10.0 10.0 loc_loss:  0.5110623931884766 reward_loss:  -25.553125381469727
epoch:  27 batch:  30 region_loss:  10.0 10.0 loc_loss:  0.519179801940918 reward_loss:  -25.95896339416504
epoch:  27 batch:  40 region_loss:  10.0 10.0 loc_loss:  0.6479129028320313 reward_loss:  -32.39564514160156
epoch:  27 batch:  50 region_loss:  10.0 10.0 loc_loss:  0.5094667434692383 reward_loss:  -25.473337173461914
epoch:  27 batch:  60 region_loss:  10.0 10.0 loc_loss:  0.5397064208984375 reward_loss:  -26.985315322875977
epoch:  27 batch:  70 region_loss:  10.0 10.0 loc_loss:  0.5260575103759766 reward_loss:  -26.302875518798828
epoch:  27 batch:  80 region_loss:  10.0 10.0 loc_loss:  0.5915993118286133 reward_loss:  -29.579965591430664
epoch:  27 batch:  90 region_loss:  6.0 6.0 loc_loss:  0.34526668548583983 reward_loss:  -17.263336181640625
epoch:  27 batch:  100 region_loss:  8.0 8.0 loc_loss:  0.4078497314453125 reward_loss:  -20.392486572265625
epoch:  27 batch:  110 region_loss:  4.0 4.0 loc_loss:  0.2311539649963379 reward_loss:  -11.557696342468262
epoch:  27 batch:  120 region_loss:  5.0 5.0 loc_loss:  0.25333839416503906 reward_loss:  -12.666921615600586
epoch:  27 batch:  130 region_loss:  7.0 7.0 loc_loss:  0.4075749969482422 reward_loss:  -20.37874984741211
acc@1:  0.12276575729068674
epoch: 27 region loss 0.17051094890510948 loc loss 0.4586958230150877 reward loss -22.934790291055275
epoch:  28 batch:  0 region_loss:  10.0 10.0 loc_loss:  0.5071713256835938 reward_loss:  -25.358570098876953
epoch:  28 batch:  10 region_loss:  10.0 10.0 loc_loss:  0.5389257049560547 reward_loss:  -26.9462833404541
epoch:  28 batch:  20 region_loss:  10.0 10.0 loc_loss:  0.4917531204223633 reward_loss:  -24.587657928466797
epoch:  28 batch:  30 region_loss:  10.0 10.0 loc_loss:  0.4961483383178711 reward_loss:  -24.807416915893555
epoch:  28 batch:  40 region_loss:  10.0 10.0 loc_loss:  0.6233498001098633 reward_loss:  -31.167491912841797
epoch:  28 batch:  50 region_loss:  10.0 10.0 loc_loss:  0.48758907318115235 reward_loss:  -24.379451751708984
epoch:  28 batch:  60 region_loss:  10.0 10.0 loc_loss:  0.5135156631469726 reward_loss:  -25.675783157348633
epoch:  28 batch:  70 region_loss:  10.0 10.0 loc_loss:  0.5041421890258789 reward_loss:  -25.207109451293945
epoch:  28 batch:  80 region_loss:  10.0 10.0 loc_loss:  0.5646720886230469 reward_loss:  -28.233604431152344
epoch:  28 batch:  90 region_loss:  6.0 6.0 loc_loss:  0.3282434844970703 reward_loss:  -16.412172317504883
epoch:  28 batch:  100 region_loss:  8.0 8.0 loc_loss:  0.3885599517822266 reward_loss:  -19.42799186706543
epoch:  28 batch:  110 region_loss:  4.0 4.0 loc_loss:  0.21860034942626952 reward_loss:  -10.93001651763916
epoch:  28 batch:  120 region_loss:  5.0 5.0 loc_loss:  0.2396497344970703 reward_loss:  -11.9824857711792
epoch:  28 batch:  130 region_loss:  7.0 7.0 loc_loss:  0.38801448822021484 reward_loss:  -19.400724411010742
acc@1:  0.12088428974600188
epoch: 28 region loss 0.17051094890510948 loc loss 0.43873767316776474 reward loss -21.936883352098675
epoch:  29 batch:  0 region_loss:  10.0 10.0 loc_loss:  0.4833818435668945 reward_loss:  -24.169092178344727
epoch:  29 batch:  10 region_loss:  10.0 10.0 loc_loss:  0.5151571273803711 reward_loss:  -25.75785255432129
epoch:  29 batch:  20 region_loss:  10.0 10.0 loc_loss:  0.47300067901611326 reward_loss:  -23.650033950805664
epoch:  29 batch:  30 region_loss:  10.0 10.0 loc_loss:  0.47386756896972654 reward_loss:  -23.69338035583496
epoch:  29 batch:  40 region_loss:  10.0 10.0 loc_loss:  0.5993290710449218 reward_loss:  -29.966453552246094
epoch:  29 batch:  50 region_loss:  10.0 10.0 loc_loss:  0.46641529083251954 reward_loss:  -23.320764541625977
epoch:  29 batch:  60 region_loss:  10.0 10.0 loc_loss:  0.48835746765136717 reward_loss:  -24.41787338256836
epoch:  29 batch:  70 region_loss:  10.0 10.0 loc_loss:  0.48298690795898436 reward_loss:  -24.14934539794922
epoch:  29 batch:  80 region_loss:  10.0 10.0 loc_loss:  0.5385209655761719 reward_loss:  -26.926050186157227
epoch:  29 batch:  90 region_loss:  6.0 6.0 loc_loss:  0.3118830108642578 reward_loss:  -15.594152450561523
epoch:  29 batch:  100 region_loss:  8.0 8.0 loc_loss:  0.36995395660400393 reward_loss:  -18.497697830200195
epoch:  29 batch:  110 region_loss:  4.0 4.0 loc_loss:  0.2066001510620117 reward_loss:  -10.330008506774902
epoch:  29 batch:  120 region_loss:  5.0 5.0 loc_loss:  0.22652185440063477 reward_loss:  -11.326093673706055
epoch:  29 batch:  130 region_loss:  7.0 7.0 loc_loss:  0.3690180206298828 reward_loss:  -18.45090103149414
acc@1:  0.1213546566321731
epoch: 29 region loss 0.17051094890510948 loc loss 0.41941654800498573 reward loss -20.9708272001169
epoch:  30 batch:  0 region_loss:  10.0 10.0 loc_loss:  0.46034042358398436 reward_loss:  -23.01702117919922
epoch:  30 batch:  10 region_loss:  10.0 10.0 loc_loss:  0.4920919418334961 reward_loss:  -24.604597091674805
epoch:  30 batch:  20 region_loss:  10.0 10.0 loc_loss:  0.4548692321777344 reward_loss:  -22.743457794189453
epoch:  30 batch:  30 region_loss:  10.0 10.0 loc_loss:  0.4523318862915039 reward_loss:  -22.616594314575195
epoch:  30 batch:  40 region_loss:  10.0 10.0 loc_loss:  0.5757784271240234 reward_loss:  -28.788921356201172
epoch:  30 batch:  50 region_loss:  10.0 10.0 loc_loss:  0.4458872604370117 reward_loss:  -22.294363021850586
epoch:  30 batch:  60 region_loss:  10.0 10.0 loc_loss:  0.4640930557250977 reward_loss:  -23.204652786254883
epoch:  30 batch:  70 region_loss:  10.0 10.0 loc_loss:  0.46248981475830075 reward_loss:  -23.124492645263672
epoch:  30 batch:  80 region_loss:  10.0 10.0 loc_loss:  0.5131771087646484 reward_loss:  -25.658855438232422
epoch:  30 batch:  90 region_loss:  6.0 6.0 loc_loss:  0.29590869903564454 reward_loss:  -14.79543685913086
epoch:  30 batch:  100 region_loss:  8.0 8.0 loc_loss:  0.35182369232177735 reward_loss:  -17.591184616088867
epoch:  30 batch:  110 region_loss:  4.0 4.0 loc_loss:  0.19499031066894532 reward_loss:  -9.749515533447266
epoch:  30 batch:  120 region_loss:  5.0 5.0 loc_loss:  0.2138228225708008 reward_loss:  -10.691142082214355
epoch:  30 batch:  130 region_loss:  7.0 7.0 loc_loss:  0.35053062438964844 reward_loss:  -17.52652931213379
acc@1:  0.12041392285983067
epoch: 30 region loss 0.17051094890510948 loc loss 0.4006854545286972 reward loss -20.034272740357114
epoch:  31 batch:  0 region_loss:  10.0 10.0 loc_loss:  0.4380756759643555 reward_loss:  -21.90378189086914
epoch:  31 batch:  10 region_loss:  10.0 10.0 loc_loss:  0.4697966766357422 reward_loss:  -23.489837646484375
epoch:  31 batch:  20 region_loss:  10.0 10.0 loc_loss:  0.437215576171875 reward_loss:  -21.860780715942383
epoch:  31 batch:  30 region_loss:  10.0 10.0 loc_loss:  0.43160381317138674 reward_loss:  -21.580188751220703
epoch:  31 batch:  40 region_loss:  10.0 10.0 loc_loss:  0.5525785827636719 reward_loss:  -27.62892723083496
epoch:  31 batch:  50 region_loss:  10.0 10.0 loc_loss:  0.42589847564697264 reward_loss:  -21.294923782348633
epoch:  31 batch:  60 region_loss:  10.0 10.0 loc_loss:  0.44067657470703125 reward_loss:  -22.03382682800293
epoch:  31 batch:  70 region_loss:  10.0 10.0 loc_loss:  0.4426972198486328 reward_loss:  -22.13486099243164
epoch:  31 batch:  80 region_loss:  10.0 10.0 loc_loss:  0.48849700927734374 reward_loss:  -24.424850463867188
epoch:  31 batch:  90 region_loss:  6.0 6.0 loc_loss:  0.2804884910583496 reward_loss:  -14.02442455291748
epoch:  31 batch:  100 region_loss:  8.0 8.0 loc_loss:  0.3344085693359375 reward_loss:  -16.720426559448242
epoch:  31 batch:  110 region_loss:  4.0 4.0 loc_loss:  0.18385391235351561 reward_loss:  -9.192692756652832
epoch:  31 batch:  120 region_loss:  5.0 5.0 loc_loss:  0.2017616081237793 reward_loss:  -10.088078498840332
epoch:  31 batch:  130 region_loss:  7.0 7.0 loc_loss:  0.3326274871826172 reward_loss:  -16.63137435913086
acc@1:  0.11900282220131703
epoch: 31 region loss 0.17051094890510948 loc loss 0.3825703872555363 reward loss -19.128518774561638
epoch:  32 batch:  0 region_loss:  10.0 10.0 loc_loss:  0.4166366958618164 reward_loss:  -20.831832885742188
epoch:  32 batch:  10 region_loss:  10.0 10.0 loc_loss:  0.4481378936767578 reward_loss:  -22.40689468383789
epoch:  32 batch:  20 region_loss:  10.0 10.0 loc_loss:  0.4199439239501953 reward_loss:  -20.9971923828125
epoch:  32 batch:  30 region_loss:  10.0 10.0 loc_loss:  0.41144145965576173 reward_loss:  -20.572072982788086
epoch:  32 batch:  40 region_loss:  10.0 10.0 loc_loss:  0.529818000793457 reward_loss:  -26.49089813232422
epoch:  32 batch:  50 region_loss:  10.0 10.0 loc_loss:  0.4064225387573242 reward_loss:  -20.32112693786621
epoch:  32 batch:  60 region_loss:  10.0 10.0 loc_loss:  0.41817169189453124 reward_loss:  -20.908586502075195
epoch:  32 batch:  70 region_loss:  10.0 10.0 loc_loss:  0.42337371826171877 reward_loss:  -21.168685913085938
epoch:  32 batch:  80 region_loss:  10.0 10.0 loc_loss:  0.46447967529296874 reward_loss:  -23.223981857299805
epoch:  32 batch:  90 region_loss:  6.0 6.0 loc_loss:  0.26551017761230467 reward_loss:  -13.27550983428955
epoch:  32 batch:  100 region_loss:  8.0 8.0 loc_loss:  0.3175369644165039 reward_loss:  -15.876846313476562
epoch:  32 batch:  110 region_loss:  4.0 4.0 loc_loss:  0.17305744171142579 reward_loss:  -8.652872085571289
epoch:  32 batch:  120 region_loss:  5.0 5.0 loc_loss:  0.19002676010131836 reward_loss:  -9.50133991241455
epoch:  32 batch:  130 region_loss:  7.0 7.0 loc_loss:  0.3153349304199219 reward_loss:  -15.766745567321777
acc@1:  0.11523988711194733
epoch: 32 region loss 0.17051094890510948 loc loss 0.364945213533666 reward loss -18.247260617513728
epoch:  33 batch:  0 region_loss:  10.0 10.0 loc_loss:  0.39575408935546874 reward_loss:  -19.787704467773438
epoch:  33 batch:  10 region_loss:  10.0 10.0 loc_loss:  0.42718193054199216 reward_loss:  -21.35909652709961
epoch:  33 batch:  20 region_loss:  10.0 10.0 loc_loss:  0.40321815490722657 reward_loss:  -20.160907745361328
epoch:  33 batch:  30 region_loss:  10.0 10.0 loc_loss:  0.3918596649169922 reward_loss:  -19.592979431152344
epoch:  33 batch:  40 region_loss:  10.0 10.0 loc_loss:  0.507500228881836 reward_loss:  -25.375011444091797
epoch:  33 batch:  50 region_loss:  10.0 10.0 loc_loss:  0.3875626754760742 reward_loss:  -19.378135681152344
epoch:  33 batch:  60 region_loss:  10.0 10.0 loc_loss:  0.39650955200195315 reward_loss:  -19.825481414794922
epoch:  33 batch:  70 region_loss:  10.0 10.0 loc_loss:  0.4047296142578125 reward_loss:  -20.236480712890625
epoch:  33 batch:  80 region_loss:  10.0 10.0 loc_loss:  0.4411264801025391 reward_loss:  -22.05632209777832
epoch:  33 batch:  90 region_loss:  6.0 6.0 loc_loss:  0.2510753059387207 reward_loss:  -12.553764343261719
epoch:  33 batch:  100 region_loss:  8.0 8.0 loc_loss:  0.30126218795776366 reward_loss:  -15.063109397888184
epoch:  33 batch:  110 region_loss:  4.0 4.0 loc_loss:  0.16275447845458985 reward_loss:  -8.137723922729492
epoch:  33 batch:  120 region_loss:  5.0 5.0 loc_loss:  0.1788765525817871 reward_loss:  -8.943827629089355
epoch:  33 batch:  130 region_loss:  7.0 7.0 loc_loss:  0.29846656799316407 reward_loss:  -14.923328399658203
acc@1:  0.1147695202257761
epoch: 33 region loss 0.17051094890510948 loc loss 0.34782839078972805 reward loss -17.391419135741074
epoch:  34 batch:  0 region_loss:  10.0 10.0 loc_loss:  0.37584575653076174 reward_loss:  -18.79228973388672
epoch:  34 batch:  10 region_loss:  10.0 10.0 loc_loss:  0.40666637420654295 reward_loss:  -20.33331871032715
epoch:  34 batch:  20 region_loss:  10.0 10.0 loc_loss:  0.3868844985961914 reward_loss:  -19.34422492980957
epoch:  34 batch:  30 region_loss:  10.0 10.0 loc_loss:  0.37287368774414065 reward_loss:  -18.643686294555664
epoch:  34 batch:  40 region_loss:  10.0 10.0 loc_loss:  0.4855360412597656 reward_loss:  -24.27680206298828
epoch:  34 batch:  50 region_loss:  10.0 10.0 loc_loss:  0.36921306610107424 reward_loss:  -18.460651397705078
epoch:  34 batch:  60 region_loss:  10.0 10.0 loc_loss:  0.3756404495239258 reward_loss:  -18.782024383544922
epoch:  34 batch:  70 region_loss:  10.0 10.0 loc_loss:  0.3864246368408203 reward_loss:  -19.32123374938965
epoch:  34 batch:  80 region_loss:  10.0 10.0 loc_loss:  0.4183549118041992 reward_loss:  -20.917743682861328
epoch:  34 batch:  90 region_loss:  6.0 6.0 loc_loss:  0.23689224243164062 reward_loss:  -11.844612121582031
epoch:  34 batch:  100 region_loss:  8.0 8.0 loc_loss:  0.2854649543762207 reward_loss:  -14.273247718811035
epoch:  34 batch:  110 region_loss:  4.0 4.0 loc_loss:  0.15288176536560058 reward_loss:  -7.644087791442871
epoch:  34 batch:  120 region_loss:  5.0 5.0 loc_loss:  0.16812749862670898 reward_loss:  -8.406373977661133
epoch:  34 batch:  130 region_loss:  7.0 7.0 loc_loss:  0.28212366104125974 reward_loss:  -14.106184005737305
acc@1:  0.11288805268109126
epoch: 34 region loss 0.17051094890510948 loc loss 0.331094186567042 reward loss -16.55470977647461
epoch:  35 batch:  0 region_loss:  10.0 10.0 loc_loss:  0.35627063751220706 reward_loss:  -17.81353187561035
epoch:  35 batch:  10 region_loss:  10.0 10.0 loc_loss:  0.38691741943359376 reward_loss:  -19.345870971679688
epoch:  35 batch:  20 region_loss:  10.0 10.0 loc_loss:  0.37088497161865236 reward_loss:  -18.544248580932617
epoch:  35 batch:  30 region_loss:  10.0 10.0 loc_loss:  0.35443256378173826 reward_loss:  -17.721628189086914
epoch:  35 batch:  40 region_loss:  10.0 10.0 loc_loss:  0.46414306640625 reward_loss:  -23.2071533203125
epoch:  35 batch:  50 region_loss:  10.0 10.0 loc_loss:  0.3512463760375977 reward_loss:  -17.562318801879883
epoch:  35 batch:  60 region_loss:  10.0 10.0 loc_loss:  0.3554074478149414 reward_loss:  -17.77037239074707
epoch:  35 batch:  70 region_loss:  10.0 10.0 loc_loss:  0.368640251159668 reward_loss:  -18.4320125579834
epoch:  35 batch:  80 region_loss:  10.0 10.0 loc_loss:  0.3962443542480469 reward_loss:  -19.812217712402344
epoch:  35 batch:  90 region_loss:  6.0 6.0 loc_loss:  0.22337635040283202 reward_loss:  -11.168817520141602
epoch:  35 batch:  100 region_loss:  8.0 8.0 loc_loss:  0.27036088943481446 reward_loss:  -13.518043518066406
epoch:  35 batch:  110 region_loss:  4.0 4.0 loc_loss:  0.14340301513671874 reward_loss:  -7.1701507568359375
epoch:  35 batch:  120 region_loss:  5.0 5.0 loc_loss:  0.15790040969848632 reward_loss:  -7.895020484924316
epoch:  35 batch:  130 region_loss:  7.0 7.0 loc_loss:  0.2663686561584473 reward_loss:  -13.31843376159668
acc@1:  0.11382878645343368
epoch: 35 region loss 0.17051094890510948 loc loss 0.3149618283675535 reward loss -15.748090937189811
epoch:  36 batch:  0 region_loss:  10.0 10.0 loc_loss:  0.3376852798461914 reward_loss:  -16.88426399230957
epoch:  36 batch:  10 region_loss:  10.0 10.0 loc_loss:  0.3677199935913086 reward_loss:  -18.385997772216797
epoch:  36 batch:  20 region_loss:  10.0 10.0 loc_loss:  0.355434455871582 reward_loss:  -17.7717227935791
epoch:  36 batch:  30 region_loss:  10.0 10.0 loc_loss:  0.336567268371582 reward_loss:  -16.828365325927734
epoch:  36 batch:  40 region_loss:  10.0 10.0 loc_loss:  0.44307029724121094 reward_loss:  -22.153518676757812
epoch:  36 batch:  50 region_loss:  10.0 10.0 loc_loss:  0.33382946014404297 reward_loss:  -16.69147300720215
epoch:  36 batch:  60 region_loss:  10.0 10.0 loc_loss:  0.33630874633789065 reward_loss:  -16.81543731689453
epoch:  36 batch:  70 region_loss:  10.0 10.0 loc_loss:  0.3512330627441406 reward_loss:  -17.561655044555664
epoch:  36 batch:  80 region_loss:  10.0 10.0 loc_loss:  0.37481117248535156 reward_loss:  -18.740558624267578
epoch:  36 batch:  90 region_loss:  6.0 6.0 loc_loss:  0.21017757415771485 reward_loss:  -10.508877754211426
epoch:  36 batch:  100 region_loss:  8.0 8.0 loc_loss:  0.2556184959411621 reward_loss:  -12.780924797058105
epoch:  36 batch:  110 region_loss:  4.0 4.0 loc_loss:  0.1343751907348633 reward_loss:  -6.7187604904174805
epoch:  36 batch:  120 region_loss:  5.0 5.0 loc_loss:  0.1481184768676758 reward_loss:  -7.405922889709473
epoch:  36 batch:  130 region_loss:  7.0 7.0 loc_loss:  0.25117322921752927 reward_loss:  -12.558660507202148
acc@1:  0.11053621825023519
epoch: 36 region loss 0.17051094890510948 loc loss 0.2993097010842205 reward loss -14.96547644155739
epoch:  37 batch:  0 region_loss:  10.0 10.0 loc_loss:  0.3194623565673828 reward_loss:  -15.97311782836914
epoch:  37 batch:  10 region_loss:  10.0 10.0 loc_loss:  0.34913612365722657 reward_loss:  -17.456806182861328
epoch:  37 batch:  20 region_loss:  10.0 10.0 loc_loss:  0.3403740692138672 reward_loss:  -17.018701553344727
epoch:  37 batch:  30 region_loss:  10.0 10.0 loc_loss:  0.31921138763427737 reward_loss:  -15.960570335388184
epoch:  37 batch:  40 region_loss:  10.0 10.0 loc_loss:  0.42239402770996093 reward_loss:  -21.119699478149414
epoch:  37 batch:  50 region_loss:  10.0 10.0 loc_loss:  0.3169618034362793 reward_loss:  -15.848091125488281
epoch:  37 batch:  60 region_loss:  10.0 10.0 loc_loss:  0.31740243911743166 reward_loss:  -15.870122909545898
epoch:  37 batch:  70 region_loss:  10.0 10.0 loc_loss:  0.3343498229980469 reward_loss:  -16.717493057250977
epoch:  37 batch:  80 region_loss:  10.0 10.0 loc_loss:  0.35401962280273436 reward_loss:  -17.70098114013672
epoch:  37 batch:  90 region_loss:  6.0 6.0 loc_loss:  0.19748653411865236 reward_loss:  -9.8743257522583
epoch:  37 batch:  100 region_loss:  8.0 8.0 loc_loss:  0.2417394256591797 reward_loss:  -12.086969375610352
epoch:  37 batch:  110 region_loss:  4.0 4.0 loc_loss:  0.1257523250579834 reward_loss:  -6.287616729736328
epoch:  37 batch:  120 region_loss:  5.0 5.0 loc_loss:  0.13885597229003907 reward_loss:  -6.942798614501953
epoch:  37 batch:  130 region_loss:  7.0 7.0 loc_loss:  0.23643413543701172 reward_loss:  -11.821707725524902
acc@1:  0.11288805268109126
epoch: 37 region loss 0.17051094890510948 loc loss 0.28422757863998416 reward loss -14.211388379988009
epoch:  38 batch:  0 region_loss:  10.0 10.0 loc_loss:  0.3022937774658203 reward_loss:  -15.114690780639648
epoch:  38 batch:  10 region_loss:  10.0 10.0 loc_loss:  0.3311298751831055 reward_loss:  -16.556493759155273
epoch:  38 batch:  20 region_loss:  10.0 10.0 loc_loss:  0.326478271484375 reward_loss:  -16.32391357421875
epoch:  38 batch:  30 region_loss:  10.0 10.0 loc_loss:  0.30241973876953127 reward_loss:  -15.120988845825195
epoch:  38 batch:  40 region_loss:  10.0 10.0 loc_loss:  0.40236679077148435 reward_loss:  -20.11833953857422
epoch:  38 batch:  50 region_loss:  10.0 10.0 loc_loss:  0.3006657409667969 reward_loss:  -15.033286094665527
epoch:  38 batch:  60 region_loss:  10.0 10.0 loc_loss:  0.2999821662902832 reward_loss:  -14.999107360839844
epoch:  38 batch:  70 region_loss:  10.0 10.0 loc_loss:  0.3179329299926758 reward_loss:  -15.896648406982422
epoch:  38 batch:  80 region_loss:  10.0 10.0 loc_loss:  0.33393524169921873 reward_loss:  -16.696762084960938
epoch:  38 batch:  90 region_loss:  6.0 6.0 loc_loss:  0.18525596618652343 reward_loss:  -9.262799263000488
epoch:  38 batch:  100 region_loss:  8.0 8.0 loc_loss:  0.22794345855712891 reward_loss:  -11.397171020507812
epoch:  38 batch:  110 region_loss:  4.0 4.0 loc_loss:  0.11756084442138671 reward_loss:  -5.878042221069336
epoch:  38 batch:  120 region_loss:  5.0 5.0 loc_loss:  0.12988486289978027 reward_loss:  -6.4942426681518555
epoch:  38 batch:  130 region_loss:  7.0 7.0 loc_loss:  0.22235801696777344 reward_loss:  -11.117900848388672
acc@1:  0.10818438381937912
epoch: 38 region loss 0.17051094890510948 loc loss 0.26965754206163167 reward loss -13.482876286019374
epoch:  39 batch:  0 region_loss:  10.0 10.0 loc_loss:  0.2856290054321289 reward_loss:  -14.281450271606445
epoch:  39 batch:  10 region_loss:  10.0 10.0 loc_loss:  0.3136514472961426 reward_loss:  -15.682573318481445
epoch:  39 batch:  20 region_loss:  10.0 10.0 loc_loss:  0.3134629440307617 reward_loss:  -15.67314624786377
epoch:  39 batch:  30 region_loss:  10.0 10.0 loc_loss:  0.2862213516235352 reward_loss:  -14.311067581176758
epoch:  39 batch:  40 region_loss:  10.0 10.0 loc_loss:  0.3825924682617188 reward_loss:  -19.12962532043457
epoch:  39 batch:  50 region_loss:  10.0 10.0 loc_loss:  0.2850944709777832 reward_loss:  -14.254721641540527
epoch:  39 batch:  60 region_loss:  10.0 10.0 loc_loss:  0.28249616622924806 reward_loss:  -14.124808311462402
epoch:  39 batch:  70 region_loss:  10.0 10.0 loc_loss:  0.3021091461181641 reward_loss:  -15.10545825958252
epoch:  39 batch:  80 region_loss:  10.0 10.0 loc_loss:  0.3144678115844727 reward_loss:  -15.723390579223633
epoch:  39 batch:  90 region_loss:  6.0 6.0 loc_loss:  0.17344387054443358 reward_loss:  -8.672194480895996
epoch:  39 batch:  100 region_loss:  8.0 8.0 loc_loss:  0.21534536361694337 reward_loss:  -10.767268180847168
epoch:  39 batch:  110 region_loss:  4.0 4.0 loc_loss:  0.10969903945922851 reward_loss:  -5.484951972961426
epoch:  39 batch:  120 region_loss:  5.0 5.0 loc_loss:  0.12158265113830566 reward_loss:  -6.079132556915283
epoch:  39 batch:  130 region_loss:  7.0 7.0 loc_loss:  0.2086260986328125 reward_loss:  -10.431305885314941
acc@1:  0.10959548447789276
epoch: 39 region loss 0.17051094890510948 loc loss 0.2556449503446147 reward loss -12.78224700993865
epoch:  40 batch:  0 region_loss:  10.0 10.0 loc_loss:  0.2702841377258301 reward_loss:  -13.51420783996582
epoch:  40 batch:  10 region_loss:  10.0 10.0 loc_loss:  0.2968972396850586 reward_loss:  -14.84486198425293
epoch:  40 batch:  20 region_loss:  10.0 10.0 loc_loss:  0.30412921905517576 reward_loss:  -15.206461906433105
epoch:  40 batch:  30 region_loss:  10.0 10.0 loc_loss:  0.2705788040161133 reward_loss:  -13.528940200805664
epoch:  40 batch:  40 region_loss:  10.0 10.0 loc_loss:  0.3637936019897461 reward_loss:  -18.189682006835938
epoch:  40 batch:  50 region_loss:  10.0 10.0 loc_loss:  0.2704500198364258 reward_loss:  -13.522501945495605
epoch:  40 batch:  60 region_loss:  10.0 10.0 loc_loss:  0.2667076873779297 reward_loss:  -13.335383415222168
epoch:  40 batch:  70 region_loss:  10.0 10.0 loc_loss:  0.28669219970703125 reward_loss:  -14.334609985351562
epoch:  40 batch:  80 region_loss:  10.0 10.0 loc_loss:  0.295860652923584 reward_loss:  -14.7930326461792
epoch:  40 batch:  90 region_loss:  6.0 6.0 loc_loss:  0.16218692779541016 reward_loss:  -8.109346389770508
epoch:  40 batch:  100 region_loss:  8.0 8.0 loc_loss:  0.20234207153320313 reward_loss:  -10.117103576660156
epoch:  40 batch:  110 region_loss:  4.0 4.0 loc_loss:  0.10227542877197265 reward_loss:  -5.113771438598633
epoch:  40 batch:  120 region_loss:  5.0 5.0 loc_loss:  0.11344761848449707 reward_loss:  -5.6723809242248535
epoch:  40 batch:  130 region_loss:  7.0 7.0 loc_loss:  0.19580615997314454 reward_loss:  -9.790307998657227
acc@1:  0.1077140169332079
epoch: 40 region loss 0.17051094890510948 loc loss 0.24215413579105463 reward loss -12.107705240702106
epoch:  41 batch:  0 region_loss:  10.0 10.0 loc_loss:  0.2555679702758789 reward_loss:  -12.778399467468262
epoch:  41 batch:  10 region_loss:  10.0 10.0 loc_loss:  0.2806550979614258 reward_loss:  -14.032754898071289
epoch:  41 batch:  20 region_loss:  10.0 10.0 loc_loss:  0.29234689712524414 reward_loss:  -14.617344856262207
epoch:  41 batch:  30 region_loss:  10.0 10.0 loc_loss:  0.25554256439208983 reward_loss:  -12.777127265930176
epoch:  41 batch:  40 region_loss:  10.0 10.0 loc_loss:  0.3449356842041016 reward_loss:  -17.24678611755371
epoch:  41 batch:  50 region_loss:  10.0 10.0 loc_loss:  0.2577760124206543 reward_loss:  -12.888800621032715
epoch:  41 batch:  60 region_loss:  10.0 10.0 loc_loss:  0.2506364059448242 reward_loss:  -12.531818389892578
epoch:  41 batch:  70 region_loss:  10.0 10.0 loc_loss:  0.27189044952392577 reward_loss:  -13.594521522521973
epoch:  41 batch:  80 region_loss:  10.0 10.0 loc_loss:  0.27791595458984375 reward_loss:  -13.895798683166504
epoch:  41 batch:  90 region_loss:  6.0 6.0 loc_loss:  0.15140576362609864 reward_loss:  -7.570289134979248
epoch:  41 batch:  100 region_loss:  8.0 8.0 loc_loss:  0.19126649856567382 reward_loss:  -9.56333065032959
epoch:  41 batch:  110 region_loss:  4.0 4.0 loc_loss:  0.09527462005615234 reward_loss:  -4.763731956481934
epoch:  41 batch:  120 region_loss:  5.0 5.0 loc_loss:  0.10602228164672851 reward_loss:  -5.301114082336426
epoch:  41 batch:  130 region_loss:  7.0 7.0 loc_loss:  0.18307863235473631 reward_loss:  -9.153932571411133
acc@1:  0.10818438381937912
epoch: 41 region loss 0.17051094890510948 loc loss 0.22921291556671586 reward loss -11.46064596976677
epoch:  42 batch:  0 region_loss:  10.0 10.0 loc_loss:  0.2409830665588379 reward_loss:  -12.049152374267578
epoch:  42 batch:  10 region_loss:  10.0 10.0 loc_loss:  0.2649726104736328 reward_loss:  -13.24863052368164
epoch:  42 batch:  20 region_loss:  10.0 10.0 loc_loss:  0.2810083770751953 reward_loss:  -14.050418853759766
epoch:  42 batch:  30 region_loss:  10.0 10.0 loc_loss:  0.24104354858398438 reward_loss:  -12.052178382873535
epoch:  42 batch:  40 region_loss:  10.0 10.0 loc_loss:  0.32745368957519533 reward_loss:  -16.372684478759766
epoch:  42 batch:  50 region_loss:  10.0 10.0 loc_loss:  0.24438587188720703 reward_loss:  -12.219293594360352
epoch:  42 batch:  60 region_loss:  10.0 10.0 loc_loss:  0.23633356094360353 reward_loss:  -11.816679000854492
epoch:  42 batch:  70 region_loss:  10.0 10.0 loc_loss:  0.2577037811279297 reward_loss:  -12.8851900100708
epoch:  42 batch:  80 region_loss:  10.0 10.0 loc_loss:  0.2607870101928711 reward_loss:  -13.039350509643555
epoch:  42 batch:  90 region_loss:  6.0 6.0 loc_loss:  0.1412194538116455 reward_loss:  -7.060972690582275
epoch:  42 batch:  100 region_loss:  8.0 8.0 loc_loss:  0.17862773895263673 reward_loss:  -8.931382179260254
epoch:  42 batch:  110 region_loss:  4.0 4.0 loc_loss:  0.08849710464477539 reward_loss:  -4.4248552322387695
epoch:  42 batch:  120 region_loss:  5.0 5.0 loc_loss:  0.09877357482910157 reward_loss:  -4.938678741455078
epoch:  42 batch:  130 region_loss:  7.0 7.0 loc_loss:  0.17152477264404298 reward_loss:  -8.576238632202148
acc@1:  0.10818438381937912
epoch: 42 region loss 0.17051094890510948 loc loss 0.21672816923935048 reward loss -10.836408910090036
epoch:  43 batch:  0 region_loss:  10.0 10.0 loc_loss:  0.22658838272094728 reward_loss:  -11.329418182373047
epoch:  43 batch:  10 region_loss:  10.0 10.0 loc_loss:  0.2500273513793945 reward_loss:  -12.501368522644043
epoch:  43 batch:  20 region_loss:  10.0 10.0 loc_loss:  0.2669289207458496 reward_loss:  -13.34644603729248
epoch:  43 batch:  30 region_loss:  10.0 10.0 loc_loss:  0.22738834381103515 reward_loss:  -11.369416236877441
epoch:  43 batch:  40 region_loss:  10.0 10.0 loc_loss:  0.30979209899902344 reward_loss:  -15.489603042602539
epoch:  43 batch:  50 region_loss:  10.0 10.0 loc_loss:  0.23151782989501954 reward_loss:  -11.57589054107666
epoch:  43 batch:  60 region_loss:  10.0 10.0 loc_loss:  0.22181123733520508 reward_loss:  -11.090561866760254
epoch:  43 batch:  70 region_loss:  10.0 10.0 loc_loss:  0.24377992630004883 reward_loss:  -12.188996315002441
epoch:  43 batch:  80 region_loss:  10.0 10.0 loc_loss:  0.2444080352783203 reward_loss:  -12.220402717590332
epoch:  43 batch:  90 region_loss:  6.0 6.0 loc_loss:  0.13144390106201173 reward_loss:  -6.572195053100586
epoch:  43 batch:  100 region_loss:  8.0 8.0 loc_loss:  0.16942752838134767 reward_loss:  -8.471370697021484
epoch:  43 batch:  110 region_loss:  4.0 4.0 loc_loss:  0.0822892951965332 reward_loss:  -4.11446475982666
epoch:  43 batch:  120 region_loss:  5.0 5.0 loc_loss:  0.09213047027587891 reward_loss:  -4.606523513793945
epoch:  43 batch:  130 region_loss:  7.0 7.0 loc_loss:  0.15981342315673827 reward_loss:  -7.990671634674072
acc@1:  0.10724365004703669
epoch: 43 region loss 0.17051094890510948 loc loss 0.2047872053793747 reward loss -10.23936141537924
epoch:  44 batch:  0 region_loss:  10.0 10.0 loc_loss:  0.2130610466003418 reward_loss:  -10.65305233001709
epoch:  44 batch:  10 region_loss:  10.0 10.0 loc_loss:  0.23553115844726563 reward_loss:  -11.776557922363281
epoch:  44 batch:  20 region_loss:  10.0 10.0 loc_loss:  0.2532774543762207 reward_loss:  -12.663871765136719
epoch:  44 batch:  30 region_loss:  10.0 10.0 loc_loss:  0.21440284729003906 reward_loss:  -10.720142364501953
epoch:  44 batch:  40 region_loss:  10.0 10.0 loc_loss:  0.2937917709350586 reward_loss:  -14.68958854675293
epoch:  44 batch:  50 region_loss:  10.0 10.0 loc_loss:  0.21766668319702148 reward_loss:  -10.883334159851074
epoch:  44 batch:  60 region_loss:  10.0 10.0 loc_loss:  0.20886415481567383 reward_loss:  -10.443207740783691
epoch:  44 batch:  70 region_loss:  10.0 10.0 loc_loss:  0.23042808532714842 reward_loss:  -11.521404266357422
epoch:  44 batch:  80 region_loss:  10.0 10.0 loc_loss:  0.22879043579101563 reward_loss:  -11.439521789550781
epoch:  44 batch:  90 region_loss:  6.0 6.0 loc_loss:  0.1224070930480957 reward_loss:  -6.120354652404785
epoch:  44 batch:  100 region_loss:  8.0 8.0 loc_loss:  0.15708329200744628 reward_loss:  -7.854164123535156
epoch:  44 batch:  110 region_loss:  4.0 4.0 loc_loss:  0.07615939617156982 reward_loss:  -3.8079700469970703
epoch:  44 batch:  120 region_loss:  5.0 5.0 loc_loss:  0.08571524620056152 reward_loss:  -4.285762310028076
epoch:  44 batch:  130 region_loss:  7.0 7.0 loc_loss:  0.1494446849822998 reward_loss:  -7.472234725952148
acc@1:  0.10677328316086547
epoch: 44 region loss 0.17051094890510948 loc loss 0.1931909461874161 reward loss -9.659547881923453
epoch:  45 batch:  0 region_loss:  10.0 10.0 loc_loss:  0.20005861282348633 reward_loss:  -10.0029296875
epoch:  45 batch:  10 region_loss:  10.0 10.0 loc_loss:  0.22168907165527343 reward_loss:  -11.084453582763672
epoch:  45 batch:  20 region_loss:  10.0 10.0 loc_loss:  0.24022615432739258 reward_loss:  -12.011308670043945
epoch:  45 batch:  30 region_loss:  10.0 10.0 loc_loss:  0.2018975067138672 reward_loss:  -10.094874382019043
epoch:  45 batch:  40 region_loss:  10.0 10.0 loc_loss:  0.27730274200439453 reward_loss:  -13.86513614654541
epoch:  45 batch:  50 region_loss:  10.0 10.0 loc_loss:  0.20533767700195313 reward_loss:  -10.266883850097656
epoch:  45 batch:  60 region_loss:  10.0 10.0 loc_loss:  0.19576562881469728 reward_loss:  -9.788281440734863
epoch:  45 batch:  70 region_loss:  10.0 10.0 loc_loss:  0.21741025924682617 reward_loss:  -10.870513916015625
epoch:  45 batch:  80 region_loss:  10.0 10.0 loc_loss:  0.21400272369384765 reward_loss:  -10.7001371383667
epoch:  45 batch:  90 region_loss:  6.0 6.0 loc_loss:  0.1135746955871582 reward_loss:  -5.67873477935791
epoch:  45 batch:  100 region_loss:  8.0 8.0 loc_loss:  0.14908244132995604 reward_loss:  -7.4541239738464355
epoch:  45 batch:  110 region_loss:  4.0 4.0 loc_loss:  0.07065191268920898 reward_loss:  -3.5325958728790283
epoch:  45 batch:  120 region_loss:  5.0 5.0 loc_loss:  0.0798158311843872 reward_loss:  -3.9907920360565186
epoch:  45 batch:  130 region_loss:  7.0 7.0 loc_loss:  0.13876657485961913 reward_loss:  -6.938327789306641
acc@1:  0.1039510818438382
epoch: 45 region loss 0.17051094890510948 loc loss 0.18219725882049892 reward loss -9.109862764386365
epoch:  46 batch:  0 region_loss:  10.0 10.0 loc_loss:  0.18814342498779296 reward_loss:  -9.407170295715332
epoch:  46 batch:  10 region_loss:  10.0 10.0 loc_loss:  0.20838630676269532 reward_loss:  -10.419313430786133
epoch:  46 batch:  20 region_loss:  10.0 10.0 loc_loss:  0.22808469772338869 reward_loss:  -11.404233932495117
epoch:  46 batch:  30 region_loss:  10.0 10.0 loc_loss:  0.18980298995971678 reward_loss:  -9.490147590637207
epoch:  46 batch:  40 region_loss:  10.0 10.0 loc_loss:  0.2625583267211914 reward_loss:  -13.127915382385254
epoch:  46 batch:  50 region_loss:  10.0 10.0 loc_loss:  0.19330244064331054 reward_loss:  -9.665122032165527
epoch:  46 batch:  60 region_loss:  10.0 10.0 loc_loss:  0.18412313461303711 reward_loss:  -9.206157684326172
epoch:  46 batch:  70 region_loss:  10.0 10.0 loc_loss:  0.2049124336242676 reward_loss:  -10.245620727539062
epoch:  46 batch:  80 region_loss:  10.0 10.0 loc_loss:  0.19979242324829102 reward_loss:  -9.98962116241455
epoch:  46 batch:  90 region_loss:  6.0 6.0 loc_loss:  0.105733642578125 reward_loss:  -5.28668212890625
epoch:  46 batch:  100 region_loss:  8.0 8.0 loc_loss:  0.13790443420410156 reward_loss:  -6.895221710205078
epoch:  46 batch:  110 region_loss:  4.0 4.0 loc_loss:  0.06528629302978516 reward_loss:  -3.2643144130706787
epoch:  46 batch:  120 region_loss:  5.0 5.0 loc_loss:  0.07419464588165284 reward_loss:  -3.7097325325012207
epoch:  46 batch:  130 region_loss:  7.0 7.0 loc_loss:  0.12966958045959473 reward_loss:  -6.483478546142578
acc@1:  0.10677328316086547
epoch: 46 region loss 0.17051094890510948 loc loss 0.17165785781658477 reward loss -8.582894781210127
epoch:  47 batch:  0 region_loss:  10.0 10.0 loc_loss:  0.17637998580932618 reward_loss:  -8.818999290466309
epoch:  47 batch:  10 region_loss:  10.0 10.0 loc_loss:  0.19577030181884766 reward_loss:  -9.788516998291016
epoch:  47 batch:  20 region_loss:  10.0 10.0 loc_loss:  0.21669097900390624 reward_loss:  -10.834548950195312
epoch:  47 batch:  30 region_loss:  10.0 10.0 loc_loss:  0.17818201065063477 reward_loss:  -8.909100532531738
epoch:  47 batch:  40 region_loss:  10.0 10.0 loc_loss:  0.24702747344970702 reward_loss:  -12.351371765136719
epoch:  47 batch:  50 region_loss:  10.0 10.0 loc_loss:  0.18210689544677736 reward_loss:  -9.105345726013184
epoch:  47 batch:  60 region_loss:  10.0 10.0 loc_loss:  0.1723782539367676 reward_loss:  -8.618911743164062
epoch:  47 batch:  70 region_loss:  10.0 10.0 loc_loss:  0.19295743942260743 reward_loss:  -9.647871017456055
epoch:  47 batch:  80 region_loss:  10.0 10.0 loc_loss:  0.1866942024230957 reward_loss:  -9.334710121154785
epoch:  47 batch:  90 region_loss:  6.0 6.0 loc_loss:  0.09776543617248536 reward_loss:  -4.888271808624268
epoch:  47 batch:  100 region_loss:  8.0 8.0 loc_loss:  0.13047587394714355 reward_loss:  -6.5237932205200195
epoch:  47 batch:  110 region_loss:  4.0 4.0 loc_loss:  0.06031125068664551 reward_loss:  -3.0155625343322754
epoch:  47 batch:  120 region_loss:  5.0 5.0 loc_loss:  0.069083890914917 reward_loss:  -3.454195022583008
epoch:  47 batch:  130 region_loss:  7.0 7.0 loc_loss:  0.1200146198272705 reward_loss:  -6.000731468200684
acc@1:  0.10159924741298212
epoch: 47 region loss 0.17051094890510948 loc loss 0.16176477974348696 reward loss -8.088237904284123
epoch:  48 batch:  0 region_loss:  10.0 10.0 loc_loss:  0.16570884704589844 reward_loss:  -8.285443305969238
epoch:  48 batch:  10 region_loss:  10.0 10.0 loc_loss:  0.18363185882568359 reward_loss:  -9.181593894958496
epoch:  48 batch:  20 region_loss:  10.0 10.0 loc_loss:  0.20580469131469725 reward_loss:  -10.290233612060547
epoch:  48 batch:  30 region_loss:  10.0 10.0 loc_loss:  0.16702114105224608 reward_loss:  -8.351056098937988
epoch:  48 batch:  40 region_loss:  10.0 10.0 loc_loss:  0.23324882507324218 reward_loss:  -11.66244125366211
epoch:  48 batch:  50 region_loss:  10.0 10.0 loc_loss:  0.171584529876709 reward_loss:  -8.57922649383545
epoch:  48 batch:  60 region_loss:  10.0 10.0 loc_loss:  0.16189826965332033 reward_loss:  -8.094914436340332
epoch:  48 batch:  70 region_loss:  10.0 10.0 loc_loss:  0.18151235580444336 reward_loss:  -9.075616836547852
epoch:  48 batch:  80 region_loss:  10.0 10.0 loc_loss:  0.1741326904296875 reward_loss:  -8.706634521484375
epoch:  48 batch:  90 region_loss:  6.0 6.0 loc_loss:  0.09102825164794921 reward_loss:  -4.551412582397461
epoch:  48 batch:  100 region_loss:  8.0 8.0 loc_loss:  0.12062858581542969 reward_loss:  -6.031428337097168
epoch:  48 batch:  110 region_loss:  4.0 4.0 loc_loss:  0.055652647018432616 reward_loss:  -2.7826321125030518
epoch:  48 batch:  120 region_loss:  5.0 5.0 loc_loss:  0.06414314270019532 reward_loss:  -3.2071571350097656
epoch:  48 batch:  130 region_loss:  7.0 7.0 loc_loss:  0.1121561050415039 reward_loss:  -5.607805252075195
acc@1:  0.10536218250235184
epoch: 48 region loss 0.17051094890510948 loc loss 0.1522868128762628 reward loss -7.614345241202055
epoch:  49 batch:  0 region_loss:  10.0 10.0 loc_loss:  0.1552737522125244 reward_loss:  -7.763687610626221
epoch:  49 batch:  10 region_loss:  10.0 10.0 loc_loss:  0.17211324691772462 reward_loss:  -8.60566234588623
epoch:  49 batch:  20 region_loss:  10.0 10.0 loc_loss:  0.19574977874755858 reward_loss:  -9.78748893737793
epoch:  49 batch:  30 region_loss:  10.0 10.0 loc_loss:  0.1566178321838379 reward_loss:  -7.830890655517578
epoch:  49 batch:  40 region_loss:  10.0 10.0 loc_loss:  0.21892862319946288 reward_loss:  -10.946430206298828
epoch:  49 batch:  50 region_loss:  10.0 10.0 loc_loss:  0.16182222366333007 reward_loss:  -8.091110229492188
epoch:  49 batch:  60 region_loss:  10.0 10.0 loc_loss:  0.15131314277648925 reward_loss:  -7.565657138824463
epoch:  49 batch:  70 region_loss:  10.0 10.0 loc_loss:  0.17056861877441407 reward_loss:  -8.528430938720703
epoch:  49 batch:  80 region_loss:  10.0 10.0 loc_loss:  0.16240528106689453 reward_loss:  -8.120264053344727
epoch:  49 batch:  90 region_loss:  6.0 6.0 loc_loss:  0.08404659271240235 reward_loss:  -4.202329635620117
epoch:  49 batch:  100 region_loss:  8.0 8.0 loc_loss:  0.11366000175476074 reward_loss:  -5.682987213134766
epoch:  49 batch:  110 region_loss:  4.0 4.0 loc_loss:  0.05125263214111328 reward_loss:  -2.562631845474243
epoch:  49 batch:  120 region_loss:  5.0 5.0 loc_loss:  0.059701662063598636 reward_loss:  -2.9850833415985107
epoch:  49 batch:  130 region_loss:  7.0 7.0 loc_loss:  0.10346415519714355 reward_loss:  -5.173208236694336
acc@1:  0.10112888052681092
epoch: 49 region loss 0.17051094890510948 loc loss 0.14328584092376875 reward loss -7.164284606049531
