2
cuda
epoch:  0 batch:  0 region_loss:  10.0 10.0 loc_loss:  1.9823200988769532 reward_loss:  -99.11582946777344
epoch:  0 batch:  10 region_loss:  10.0 10.0 loc_loss:  1.9818479919433594 reward_loss:  -99.09081268310547
epoch:  0 batch:  20 region_loss:  10.0 10.0 loc_loss:  1.9808694458007812 reward_loss:  -99.04304504394531
epoch:  0 batch:  30 region_loss:  10.0 10.0 loc_loss:  1.9825311279296876 reward_loss:  -99.12625122070312
epoch:  0 batch:  40 region_loss:  10.0 10.0 loc_loss:  1.9851539611816407 reward_loss:  -99.25796508789062
epoch:  0 batch:  50 region_loss:  10.0 10.0 loc_loss:  1.985064697265625 reward_loss:  -99.25447082519531
epoch:  0 batch:  60 region_loss:  10.0 10.0 loc_loss:  1.9844242858886718 reward_loss:  -99.22100067138672
epoch:  0 batch:  70 region_loss:  10.0 10.0 loc_loss:  1.9870468139648438 reward_loss:  -99.3521728515625
epoch:  0 batch:  80 region_loss:  10.0 10.0 loc_loss:  1.9828997802734376 reward_loss:  -99.14553833007812
epoch:  0 batch:  90 region_loss:  6.0 6.0 loc_loss:  1.1803895568847655 reward_loss:  -59.019832611083984
epoch:  0 batch:  100 region_loss:  8.0 8.0 loc_loss:  1.5749908447265626 reward_loss:  -78.74931335449219
epoch:  0 batch:  110 region_loss:  4.0 4.0 loc_loss:  0.7864131927490234 reward_loss:  -39.3214111328125
epoch:  0 batch:  120 region_loss:  5.0 5.0 loc_loss:  0.9833808135986328 reward_loss:  -49.169498443603516
epoch:  0 batch:  130 region_loss:  7.0 7.0 loc_loss:  1.3743040466308594 reward_loss:  -68.7162857055664
acc@1:  0.0037629350893697085
epoch: 0 region loss 0.17051094890510948 loc loss 1.6872526917840442 reward loss -84.36262512207031
epoch:  1 batch:  0 region_loss:  10.0 10.0 loc_loss:  1.9084281921386719 reward_loss:  -95.4217529296875
epoch:  1 batch:  10 region_loss:  10.0 10.0 loc_loss:  1.9310604858398437 reward_loss:  -96.55358123779297
epoch:  1 batch:  20 region_loss:  10.0 10.0 loc_loss:  1.9160125732421875 reward_loss:  -95.80030059814453
epoch:  1 batch:  30 region_loss:  10.0 10.0 loc_loss:  1.924851531982422 reward_loss:  -96.2416000366211
epoch:  1 batch:  40 region_loss:  10.0 10.0 loc_loss:  1.9200196838378907 reward_loss:  -96.00142669677734
epoch:  1 batch:  50 region_loss:  10.0 10.0 loc_loss:  1.9151976013183594 reward_loss:  -95.76007080078125
epoch:  1 batch:  60 region_loss:  10.0 10.0 loc_loss:  1.9048350524902344 reward_loss:  -95.24254608154297
epoch:  1 batch:  70 region_loss:  10.0 10.0 loc_loss:  1.8908761596679688 reward_loss:  -94.54373931884766
epoch:  1 batch:  80 region_loss:  10.0 10.0 loc_loss:  1.87176513671875 reward_loss:  -93.5882339477539
epoch:  1 batch:  90 region_loss:  6.0 6.0 loc_loss:  1.1077920532226562 reward_loss:  -55.39069366455078
epoch:  1 batch:  100 region_loss:  8.0 8.0 loc_loss:  1.4632868957519531 reward_loss:  -73.16443634033203
epoch:  1 batch:  110 region_loss:  4.0 4.0 loc_loss:  0.7377129364013671 reward_loss:  -36.885467529296875
epoch:  1 batch:  120 region_loss:  5.0 5.0 loc_loss:  0.9143803405761719 reward_loss:  -45.718650817871094
epoch:  1 batch:  130 region_loss:  7.0 7.0 loc_loss:  1.2633057403564454 reward_loss:  -63.16546630859375
acc@1:  0.02398871119473189
epoch: 1 region loss 0.17051094890510948 loc loss 1.6061990523512346 reward loss -80.31003041511035
epoch:  2 batch:  0 region_loss:  10.0 10.0 loc_loss:  1.7326422119140625 reward_loss:  -86.63391876220703
epoch:  2 batch:  10 region_loss:  10.0 10.0 loc_loss:  1.7460044860839843 reward_loss:  -87.30017852783203
epoch:  2 batch:  20 region_loss:  10.0 10.0 loc_loss:  1.7254505920410157 reward_loss:  -86.27288055419922
epoch:  2 batch:  30 region_loss:  10.0 10.0 loc_loss:  1.7766342163085938 reward_loss:  -88.83155059814453
epoch:  2 batch:  40 region_loss:  10.0 10.0 loc_loss:  1.73626708984375 reward_loss:  -86.81328582763672
epoch:  2 batch:  50 region_loss:  10.0 10.0 loc_loss:  1.7823768615722657 reward_loss:  -89.118896484375
epoch:  2 batch:  60 region_loss:  10.0 10.0 loc_loss:  1.7548944091796874 reward_loss:  -87.74479675292969
epoch:  2 batch:  70 region_loss:  10.0 10.0 loc_loss:  1.7504322814941407 reward_loss:  -87.52201843261719
epoch:  2 batch:  80 region_loss:  10.0 10.0 loc_loss:  1.725870361328125 reward_loss:  -86.29277801513672
epoch:  2 batch:  90 region_loss:  6.0 6.0 loc_loss:  1.0332136535644532 reward_loss:  -51.66112518310547
epoch:  2 batch:  100 region_loss:  8.0 8.0 loc_loss:  1.3727565002441406 reward_loss:  -68.63775634765625
epoch:  2 batch:  110 region_loss:  4.0 4.0 loc_loss:  0.6989347839355469 reward_loss:  -34.947452545166016
epoch:  2 batch:  120 region_loss:  5.0 5.0 loc_loss:  0.87069580078125 reward_loss:  -43.534385681152344
epoch:  2 batch:  130 region_loss:  7.0 7.0 loc_loss:  1.2065702056884766 reward_loss:  -60.32879638671875
acc@1:  0.03057384760112888
epoch: 2 region loss 0.17051094890510948 loc loss 1.4750675245967224 reward loss -73.75330848415403
epoch:  3 batch:  0 region_loss:  10.0 10.0 loc_loss:  1.6740177917480468 reward_loss:  -83.70101165771484
epoch:  3 batch:  10 region_loss:  10.0 10.0 loc_loss:  1.6755319213867188 reward_loss:  -83.77735137939453
epoch:  3 batch:  20 region_loss:  10.0 10.0 loc_loss:  1.6351341247558593 reward_loss:  -81.75701904296875
epoch:  3 batch:  30 region_loss:  10.0 10.0 loc_loss:  1.702042694091797 reward_loss:  -85.10252380371094
epoch:  3 batch:  40 region_loss:  10.0 10.0 loc_loss:  1.6560650634765626 reward_loss:  -82.80386352539062
epoch:  3 batch:  50 region_loss:  10.0 10.0 loc_loss:  1.7089083862304688 reward_loss:  -85.44548797607422
epoch:  3 batch:  60 region_loss:  10.0 10.0 loc_loss:  1.6849285888671874 reward_loss:  -84.24655151367188
epoch:  3 batch:  70 region_loss:  10.0 10.0 loc_loss:  1.6829307556152344 reward_loss:  -84.14641571044922
epoch:  3 batch:  80 region_loss:  10.0 10.0 loc_loss:  1.6647747802734374 reward_loss:  -83.23873901367188
epoch:  3 batch:  90 region_loss:  6.0 6.0 loc_loss:  0.9987693023681641 reward_loss:  -49.938228607177734
epoch:  3 batch:  100 region_loss:  8.0 8.0 loc_loss:  1.325450439453125 reward_loss:  -66.27186584472656
epoch:  3 batch:  110 region_loss:  4.0 4.0 loc_loss:  0.6789032745361329 reward_loss:  -33.94557189941406
epoch:  3 batch:  120 region_loss:  5.0 5.0 loc_loss:  0.8456915283203125 reward_loss:  -42.28446960449219
epoch:  3 batch:  130 region_loss:  7.0 7.0 loc_loss:  1.1733072662353516 reward_loss:  -58.66538619995117
acc@1:  0.04045155221072436
epoch: 3 region loss 0.17051094890510948 loc loss 1.4144127298619624 reward loss -70.72064618298607
epoch:  4 batch:  0 region_loss:  10.0 10.0 loc_loss:  1.6312255859375 reward_loss:  -81.56121063232422
epoch:  4 batch:  10 region_loss:  10.0 10.0 loc_loss:  1.6311880493164062 reward_loss:  -81.55911254882812
epoch:  4 batch:  20 region_loss:  10.0 10.0 loc_loss:  1.5711151123046876 reward_loss:  -78.55638122558594
epoch:  4 batch:  30 region_loss:  10.0 10.0 loc_loss:  1.647303466796875 reward_loss:  -82.36561584472656
epoch:  4 batch:  40 region_loss:  10.0 10.0 loc_loss:  1.6003436279296874 reward_loss:  -80.0169677734375
epoch:  4 batch:  50 region_loss:  10.0 10.0 loc_loss:  1.6492337036132811 reward_loss:  -82.46160888671875
epoch:  4 batch:  60 region_loss:  10.0 10.0 loc_loss:  1.6295884704589845 reward_loss:  -81.47821807861328
epoch:  4 batch:  70 region_loss:  10.0 10.0 loc_loss:  1.62517333984375 reward_loss:  -81.25779724121094
epoch:  4 batch:  80 region_loss:  10.0 10.0 loc_loss:  1.6133482360839844 reward_loss:  -80.66729736328125
epoch:  4 batch:  90 region_loss:  6.0 6.0 loc_loss:  0.9691204071044922 reward_loss:  -48.455894470214844
epoch:  4 batch:  100 region_loss:  8.0 8.0 loc_loss:  1.2809420776367189 reward_loss:  -64.04765319824219
epoch:  4 batch:  110 region_loss:  4.0 4.0 loc_loss:  0.6613748168945313 reward_loss:  -33.06898498535156
epoch:  4 batch:  120 region_loss:  5.0 5.0 loc_loss:  0.8215101623535156 reward_loss:  -41.0755729675293
epoch:  4 batch:  130 region_loss:  7.0 7.0 loc_loss:  1.1410994720458985 reward_loss:  -57.05449295043945
acc@1:  0.05079962370649106
epoch: 4 region loss 0.17051094890510948 loc loss 1.3660839757432033 reward loss -68.30416217163531
epoch:  5 batch:  0 region_loss:  10.0 10.0 loc_loss:  1.584284210205078 reward_loss:  -79.21411895751953
epoch:  5 batch:  10 region_loss:  10.0 10.0 loc_loss:  1.5861871337890625 reward_loss:  -79.30931854248047
epoch:  5 batch:  20 region_loss:  10.0 10.0 loc_loss:  1.5074440002441407 reward_loss:  -75.37220001220703
epoch:  5 batch:  30 region_loss:  10.0 10.0 loc_loss:  1.5928256225585937 reward_loss:  -79.64140319824219
epoch:  5 batch:  40 region_loss:  10.0 10.0 loc_loss:  1.547269287109375 reward_loss:  -77.36351013183594
epoch:  5 batch:  50 region_loss:  10.0 10.0 loc_loss:  1.5899575805664063 reward_loss:  -79.49774932861328
epoch:  5 batch:  60 region_loss:  10.0 10.0 loc_loss:  1.5746568298339845 reward_loss:  -78.73246765136719
epoch:  5 batch:  70 region_loss:  10.0 10.0 loc_loss:  1.5676132202148438 reward_loss:  -78.38069915771484
epoch:  5 batch:  80 region_loss:  10.0 10.0 loc_loss:  1.5601100158691406 reward_loss:  -78.00570678710938
epoch:  5 batch:  90 region_loss:  6.0 6.0 loc_loss:  0.939267349243164 reward_loss:  -46.963462829589844
epoch:  5 batch:  100 region_loss:  8.0 8.0 loc_loss:  1.2339828491210938 reward_loss:  -61.69896697998047
epoch:  5 batch:  110 region_loss:  4.0 4.0 loc_loss:  0.6435540771484375 reward_loss:  -32.17772674560547
epoch:  5 batch:  120 region_loss:  5.0 5.0 loc_loss:  0.7956234741210938 reward_loss:  -39.78113555908203
epoch:  5 batch:  130 region_loss:  7.0 7.0 loc_loss:  1.1065000152587892 reward_loss:  -55.32505798339844
acc@1:  0.05973659454374412
epoch: 5 region loss 0.17051094890510948 loc loss 1.3173170955685802 reward loss -65.8658342570284
epoch:  6 batch:  0 region_loss:  10.0 10.0 loc_loss:  1.5313717651367187 reward_loss:  -76.56869506835938
epoch:  6 batch:  10 region_loss:  10.0 10.0 loc_loss:  1.536421661376953 reward_loss:  -76.82106018066406
epoch:  6 batch:  20 region_loss:  10.0 10.0 loc_loss:  1.4398992919921876 reward_loss:  -71.99539947509766
epoch:  6 batch:  30 region_loss:  10.0 10.0 loc_loss:  1.5354293823242187 reward_loss:  -76.77175903320312
epoch:  6 batch:  40 region_loss:  10.0 10.0 loc_loss:  1.4913412475585937 reward_loss:  -74.56710052490234
epoch:  6 batch:  50 region_loss:  10.0 10.0 loc_loss:  1.5273634338378905 reward_loss:  -76.36815643310547
epoch:  6 batch:  60 region_loss:  10.0 10.0 loc_loss:  1.5173335266113281 reward_loss:  -75.86663818359375
epoch:  6 batch:  70 region_loss:  10.0 10.0 loc_loss:  1.5069493103027343 reward_loss:  -75.34745025634766
epoch:  6 batch:  80 region_loss:  10.0 10.0 loc_loss:  1.5032188415527343 reward_loss:  -75.16092681884766
epoch:  6 batch:  90 region_loss:  6.0 6.0 loc_loss:  0.9078537750244141 reward_loss:  -45.3927116394043
epoch:  6 batch:  100 region_loss:  8.0 8.0 loc_loss:  1.183114242553711 reward_loss:  -59.1558837890625
epoch:  6 batch:  110 region_loss:  4.0 4.0 loc_loss:  0.62486328125 reward_loss:  -31.243255615234375
epoch:  6 batch:  120 region_loss:  5.0 5.0 loc_loss:  0.7673851013183594 reward_loss:  -38.36927795410156
epoch:  6 batch:  130 region_loss:  7.0 7.0 loc_loss:  1.06921630859375 reward_loss:  -53.460792541503906
acc@1:  0.07808090310442145
epoch: 6 region loss 0.17051094890510948 loc loss 1.2655411072891125 reward loss -63.277057926150135
epoch:  7 batch:  0 region_loss:  10.0 10.0 loc_loss:  1.471541290283203 reward_loss:  -73.5771713256836
epoch:  7 batch:  10 region_loss:  10.0 10.0 loc_loss:  1.4812069702148438 reward_loss:  -74.06034088134766
epoch:  7 batch:  20 region_loss:  10.0 10.0 loc_loss:  1.3686329650878906 reward_loss:  -68.43148803710938
epoch:  7 batch:  30 region_loss:  10.0 10.0 loc_loss:  1.473882598876953 reward_loss:  -73.69412231445312
epoch:  7 batch:  40 region_loss:  10.0 10.0 loc_loss:  1.433939208984375 reward_loss:  -71.69686889648438
epoch:  7 batch:  50 region_loss:  10.0 10.0 loc_loss:  1.4602589416503906 reward_loss:  -73.012939453125
epoch:  7 batch:  60 region_loss:  10.0 10.0 loc_loss:  1.4563345336914062 reward_loss:  -72.81779479980469
epoch:  7 batch:  70 region_loss:  10.0 10.0 loc_loss:  1.4416580200195312 reward_loss:  -72.08272552490234
epoch:  7 batch:  80 region_loss:  10.0 10.0 loc_loss:  1.4426394653320314 reward_loss:  -72.13185119628906
epoch:  7 batch:  90 region_loss:  6.0 6.0 loc_loss:  0.8747695159912109 reward_loss:  -43.73847198486328
epoch:  7 batch:  100 region_loss:  8.0 8.0 loc_loss:  1.1283770751953126 reward_loss:  -56.41884231567383
epoch:  7 batch:  110 region_loss:  4.0 4.0 loc_loss:  0.6050311660766602 reward_loss:  -30.2520751953125
epoch:  7 batch:  120 region_loss:  5.0 5.0 loc_loss:  0.7369678497314454 reward_loss:  -36.84838104248047
epoch:  7 batch:  130 region_loss:  7.0 7.0 loc_loss:  1.0292752075195313 reward_loss:  -51.46376037597656
acc@1:  0.08607714016933207
epoch: 7 region loss 0.17051094890510948 loc loss 1.210540451829451 reward loss -60.527031111891255
epoch:  8 batch:  0 region_loss:  10.0 10.0 loc_loss:  1.4066178894042969 reward_loss:  -70.33003997802734
epoch:  8 batch:  10 region_loss:  10.0 10.0 loc_loss:  1.4203265380859376 reward_loss:  -71.01629638671875
epoch:  8 batch:  20 region_loss:  10.0 10.0 loc_loss:  1.2954307556152345 reward_loss:  -64.77153778076172
epoch:  8 batch:  30 region_loss:  10.0 10.0 loc_loss:  1.4082986450195312 reward_loss:  -70.41494750976562
epoch:  8 batch:  40 region_loss:  10.0 10.0 loc_loss:  1.3776344299316405 reward_loss:  -68.88172912597656
epoch:  8 batch:  50 region_loss:  10.0 10.0 loc_loss:  1.3890193176269532 reward_loss:  -69.45096588134766
epoch:  8 batch:  60 region_loss:  10.0 10.0 loc_loss:  1.3923039245605469 reward_loss:  -69.61524200439453
epoch:  8 batch:  70 region_loss:  10.0 10.0 loc_loss:  1.3720001220703124 reward_loss:  -68.60014343261719
epoch:  8 batch:  80 region_loss:  10.0 10.0 loc_loss:  1.3793504333496094 reward_loss:  -68.96746826171875
epoch:  8 batch:  90 region_loss:  6.0 6.0 loc_loss:  0.8403964233398438 reward_loss:  -42.01982116699219
epoch:  8 batch:  100 region_loss:  8.0 8.0 loc_loss:  1.0712030029296875 reward_loss:  -53.5601921081543
epoch:  8 batch:  110 region_loss:  4.0 4.0 loc_loss:  0.5842183303833007 reward_loss:  -29.210865020751953
epoch:  8 batch:  120 region_loss:  5.0 5.0 loc_loss:  0.7048046875 reward_loss:  -35.240238189697266
epoch:  8 batch:  130 region_loss:  7.0 7.0 loc_loss:  0.9872898864746094 reward_loss:  -49.364479064941406
acc@1:  0.09830667920978363
epoch: 8 region loss 0.17051094890510948 loc loss 1.1532934074680299 reward loss -57.66470019486699
epoch:  9 batch:  0 region_loss:  10.0 10.0 loc_loss:  1.3381613159179688 reward_loss:  -66.90821838378906
epoch:  9 batch:  10 region_loss:  10.0 10.0 loc_loss:  1.35455810546875 reward_loss:  -67.72789764404297
epoch:  9 batch:  20 region_loss:  10.0 10.0 loc_loss:  1.2221937561035157 reward_loss:  -61.109683990478516
epoch:  9 batch:  30 region_loss:  10.0 10.0 loc_loss:  1.3398521423339844 reward_loss:  -66.99263763427734
epoch:  9 batch:  40 region_loss:  10.0 10.0 loc_loss:  1.3233940124511718 reward_loss:  -66.16969299316406
epoch:  9 batch:  50 region_loss:  10.0 10.0 loc_loss:  1.3145108032226562 reward_loss:  -65.72553253173828
epoch:  9 batch:  60 region_loss:  10.0 10.0 loc_loss:  1.3268992614746093 reward_loss:  -66.34497833251953
epoch:  9 batch:  70 region_loss:  10.0 10.0 loc_loss:  1.299188232421875 reward_loss:  -64.95931243896484
epoch:  9 batch:  80 region_loss:  10.0 10.0 loc_loss:  1.3155349731445312 reward_loss:  -65.77672576904297
epoch:  9 batch:  90 region_loss:  6.0 6.0 loc_loss:  0.8051823425292969 reward_loss:  -40.259124755859375
epoch:  9 batch:  100 region_loss:  8.0 8.0 loc_loss:  1.0133987426757813 reward_loss:  -50.669925689697266
epoch:  9 batch:  110 region_loss:  4.0 4.0 loc_loss:  0.5625857162475586 reward_loss:  -28.129316329956055
epoch:  9 batch:  120 region_loss:  5.0 5.0 loc_loss:  0.6716545867919922 reward_loss:  -33.58271408081055
epoch:  9 batch:  130 region_loss:  7.0 7.0 loc_loss:  0.94414794921875 reward_loss:  -47.2073974609375
acc@1:  0.10724365004703669
epoch: 9 region loss 0.17051094890510948 loc loss 1.095143813251579 reward loss -54.7571924446273
epoch:  10 batch:  0 region_loss:  10.0 10.0 loc_loss:  1.2676329040527343 reward_loss:  -63.38164520263672
epoch:  10 batch:  10 region_loss:  10.0 10.0 loc_loss:  1.2857125854492188 reward_loss:  -64.28562927246094
epoch:  10 batch:  20 region_loss:  10.0 10.0 loc_loss:  1.1506770324707032 reward_loss:  -57.533843994140625
epoch:  10 batch:  30 region_loss:  10.0 10.0 loc_loss:  1.2698047637939454 reward_loss:  -63.49024200439453
epoch:  10 batch:  40 region_loss:  10.0 10.0 loc_loss:  1.2702991485595703 reward_loss:  -63.51496124267578
epoch:  10 batch:  50 region_loss:  10.0 10.0 loc_loss:  1.2382391357421876 reward_loss:  -61.911922454833984
epoch:  10 batch:  60 region_loss:  10.0 10.0 loc_loss:  1.2619375610351562 reward_loss:  -63.096885681152344
epoch:  10 batch:  70 region_loss:  10.0 10.0 loc_loss:  1.2252536773681642 reward_loss:  -61.26267623901367
epoch:  10 batch:  80 region_loss:  10.0 10.0 loc_loss:  1.253717269897461 reward_loss:  -62.68589782714844
epoch:  10 batch:  90 region_loss:  6.0 6.0 loc_loss:  0.7696749114990235 reward_loss:  -38.48373794555664
epoch:  10 batch:  100 region_loss:  8.0 8.0 loc_loss:  0.9564781188964844 reward_loss:  -47.82391357421875
epoch:  10 batch:  110 region_loss:  4.0 4.0 loc_loss:  0.5403843688964843 reward_loss:  -27.019214630126953
epoch:  10 batch:  120 region_loss:  5.0 5.0 loc_loss:  0.6384014511108398 reward_loss:  -31.92006492614746
epoch:  10 batch:  130 region_loss:  7.0 7.0 loc_loss:  0.9006224060058594 reward_loss:  -45.03111267089844
acc@1:  0.11853245531514581
epoch: 10 region loss 0.17051094890510948 loc loss 1.0374403779524086 reward loss -51.87201928744351
epoch:  11 batch:  0 region_loss:  10.0 10.0 loc_loss:  1.1969084167480468 reward_loss:  -59.845436096191406
epoch:  11 batch:  10 region_loss:  10.0 10.0 loc_loss:  1.2160400390625 reward_loss:  -60.802001953125
epoch:  11 batch:  20 region_loss:  10.0 10.0 loc_loss:  1.0823554229736327 reward_loss:  -54.117774963378906
epoch:  11 batch:  30 region_loss:  10.0 10.0 loc_loss:  1.199260025024414 reward_loss:  -59.96296691894531
epoch:  11 batch:  40 region_loss:  10.0 10.0 loc_loss:  1.2174037933349608 reward_loss:  -60.870155334472656
epoch:  11 batch:  50 region_loss:  10.0 10.0 loc_loss:  1.162572784423828 reward_loss:  -58.128623962402344
epoch:  11 batch:  60 region_loss:  10.0 10.0 loc_loss:  1.1984628295898438 reward_loss:  -59.92314147949219
epoch:  11 batch:  70 region_loss:  10.0 10.0 loc_loss:  1.1527793884277344 reward_loss:  -57.638954162597656
epoch:  11 batch:  80 region_loss:  10.0 10.0 loc_loss:  1.195121307373047 reward_loss:  -59.756072998046875
epoch:  11 batch:  90 region_loss:  6.0 6.0 loc_loss:  0.734468994140625 reward_loss:  -36.72345733642578
epoch:  11 batch:  100 region_loss:  8.0 8.0 loc_loss:  0.9017567443847656 reward_loss:  -45.08782196044922
epoch:  11 batch:  110 region_loss:  4.0 4.0 loc_loss:  0.5178750991821289 reward_loss:  -25.893779754638672
epoch:  11 batch:  120 region_loss:  5.0 5.0 loc_loss:  0.6058029556274414 reward_loss:  -30.290145874023438
epoch:  11 batch:  130 region_loss:  7.0 7.0 loc_loss:  0.8575585174560547 reward_loss:  -42.877933502197266
acc@1:  0.12746942615239887
epoch: 11 region loss 0.17051094890510948 loc loss 0.9814223819927578 reward loss -49.07110203095596
epoch:  12 batch:  0 region_loss:  10.0 10.0 loc_loss:  1.1280257415771484 reward_loss:  -56.40129470825195
epoch:  12 batch:  10 region_loss:  10.0 10.0 loc_loss:  1.1479732513427734 reward_loss:  -57.39866256713867
epoch:  12 batch:  20 region_loss:  10.0 10.0 loc_loss:  1.0183170318603516 reward_loss:  -50.91585159301758
epoch:  12 batch:  30 region_loss:  10.0 10.0 loc_loss:  1.1293956756591796 reward_loss:  -56.469783782958984
epoch:  12 batch:  40 region_loss:  10.0 10.0 loc_loss:  1.164745101928711 reward_loss:  -58.23725509643555
epoch:  12 batch:  50 region_loss:  10.0 10.0 loc_loss:  1.0899024963378907 reward_loss:  -54.49509811401367
epoch:  12 batch:  60 region_loss:  10.0 10.0 loc_loss:  1.1371024322509766 reward_loss:  -56.85512161254883
epoch:  12 batch:  70 region_loss:  10.0 10.0 loc_loss:  1.084209213256836 reward_loss:  -54.210514068603516
epoch:  12 batch:  80 region_loss:  10.0 10.0 loc_loss:  1.1397362518310548 reward_loss:  -56.98683547973633
epoch:  12 batch:  90 region_loss:  6.0 6.0 loc_loss:  0.7000926208496093 reward_loss:  -35.00462341308594
epoch:  12 batch:  100 region_loss:  8.0 8.0 loc_loss:  0.8504727935791015 reward_loss:  -42.52360534667969
epoch:  12 batch:  110 region_loss:  4.0 4.0 loc_loss:  0.49531070709228514 reward_loss:  -24.765535354614258
epoch:  12 batch:  120 region_loss:  5.0 5.0 loc_loss:  0.5743852615356445 reward_loss:  -28.719257354736328
epoch:  12 batch:  130 region_loss:  7.0 7.0 loc_loss:  0.8157404327392578 reward_loss:  -40.78700637817383
acc@1:  0.132173095014111
epoch: 12 region loss 0.17051094890510948 loc loss 0.928084128720917 reward loss -46.40420949894146
epoch:  13 batch:  0 region_loss:  10.0 10.0 loc_loss:  1.062669219970703 reward_loss:  -53.13345718383789
epoch:  13 batch:  10 region_loss:  10.0 10.0 loc_loss:  1.0835774230957032 reward_loss:  -54.17887878417969
epoch:  13 batch:  20 region_loss:  10.0 10.0 loc_loss:  0.9589783477783204 reward_loss:  -47.94891357421875
epoch:  13 batch:  30 region_loss:  10.0 10.0 loc_loss:  1.0617880249023437 reward_loss:  -53.08939743041992
epoch:  13 batch:  40 region_loss:  10.0 10.0 loc_loss:  1.1131709289550782 reward_loss:  -55.65855026245117
epoch:  13 batch:  50 region_loss:  10.0 10.0 loc_loss:  1.0218017578125 reward_loss:  -51.090087890625
epoch:  13 batch:  60 region_loss:  10.0 10.0 loc_loss:  1.0784944915771484 reward_loss:  -53.92473220825195
epoch:  13 batch:  70 region_loss:  10.0 10.0 loc_loss:  1.0209857177734376 reward_loss:  -51.04927062988281
epoch:  13 batch:  80 region_loss:  10.0 10.0 loc_loss:  1.0874698638916016 reward_loss:  -54.37349319458008
epoch:  13 batch:  90 region_loss:  6.0 6.0 loc_loss:  0.6669629669189453 reward_loss:  -33.348121643066406
epoch:  13 batch:  100 region_loss:  8.0 8.0 loc_loss:  0.8033522033691406 reward_loss:  -40.16761779785156
epoch:  13 batch:  110 region_loss:  4.0 4.0 loc_loss:  0.47292686462402345 reward_loss:  -23.646366119384766
epoch:  13 batch:  120 region_loss:  5.0 5.0 loc_loss:  0.5444440841674805 reward_loss:  -27.22220802307129
epoch:  13 batch:  130 region_loss:  7.0 7.0 loc_loss:  0.7756936645507813 reward_loss:  -38.784690856933594
acc@1:  0.1349952963311383
epoch: 13 region loss 0.17051094890510948 loc loss 0.8780812763297645 reward loss -43.90406415062229
epoch:  14 batch:  0 region_loss:  10.0 10.0 loc_loss:  1.0019949340820313 reward_loss:  -50.09973907470703
epoch:  14 batch:  10 region_loss:  10.0 10.0 loc_loss:  1.024050750732422 reward_loss:  -51.20253372192383
epoch:  14 batch:  20 region_loss:  10.0 10.0 loc_loss:  0.904384765625 reward_loss:  -45.219242095947266
epoch:  14 batch:  30 region_loss:  10.0 10.0 loc_loss:  0.9982724761962891 reward_loss:  -49.91362762451172
epoch:  14 batch:  40 region_loss:  10.0 10.0 loc_loss:  1.063715057373047 reward_loss:  -53.18574905395508
epoch:  14 batch:  50 region_loss:  10.0 10.0 loc_loss:  0.9590605926513672 reward_loss:  -47.95302963256836
epoch:  14 batch:  60 region_loss:  10.0 10.0 loc_loss:  1.023251495361328 reward_loss:  -51.16257858276367
epoch:  14 batch:  70 region_loss:  10.0 10.0 loc_loss:  0.9634333801269531 reward_loss:  -48.171669006347656
epoch:  14 batch:  80 region_loss:  10.0 10.0 loc_loss:  1.038266372680664 reward_loss:  -51.91331100463867
epoch:  14 batch:  90 region_loss:  6.0 6.0 loc_loss:  0.6353811264038086 reward_loss:  -31.7690486907959
epoch:  14 batch:  100 region_loss:  8.0 8.0 loc_loss:  0.7604929351806641 reward_loss:  -38.0246467590332
epoch:  14 batch:  110 region_loss:  4.0 4.0 loc_loss:  0.45096527099609374 reward_loss:  -22.54827117919922
epoch:  14 batch:  120 region_loss:  5.0 5.0 loc_loss:  0.5160187149047851 reward_loss:  -25.800933837890625
epoch:  14 batch:  130 region_loss:  7.0 7.0 loc_loss:  0.737716064453125 reward_loss:  -36.88581085205078
acc@1:  0.13828786453433678
epoch: 14 region loss 0.17051094890510948 loc loss 0.8317197195456846 reward loss -41.585979865415254
epoch:  15 batch:  0 region_loss:  10.0 10.0 loc_loss:  0.9465764617919922 reward_loss:  -47.328826904296875
epoch:  15 batch:  10 region_loss:  10.0 10.0 loc_loss:  0.9697686767578125 reward_loss:  -48.488433837890625
epoch:  15 batch:  20 region_loss:  10.0 10.0 loc_loss:  0.8546057891845703 reward_loss:  -42.73028564453125
epoch:  15 batch:  30 region_loss:  10.0 10.0 loc_loss:  0.940125732421875 reward_loss:  -47.006282806396484
epoch:  15 batch:  40 region_loss:  10.0 10.0 loc_loss:  1.0171614837646485 reward_loss:  -50.85807800292969
epoch:  15 batch:  50 region_loss:  10.0 10.0 loc_loss:  0.9021512603759766 reward_loss:  -45.107566833496094
epoch:  15 batch:  60 region_loss:  10.0 10.0 loc_loss:  0.9716698455810547 reward_loss:  -48.58348846435547
epoch:  15 batch:  70 region_loss:  10.0 10.0 loc_loss:  0.9112554168701172 reward_loss:  -45.562767028808594
epoch:  15 batch:  80 region_loss:  10.0 10.0 loc_loss:  0.9919635772705078 reward_loss:  -49.59817886352539
epoch:  15 batch:  90 region_loss:  6.0 6.0 loc_loss:  0.6054959487915039 reward_loss:  -30.27479362487793
epoch:  15 batch:  100 region_loss:  8.0 8.0 loc_loss:  0.7215247344970703 reward_loss:  -36.076236724853516
epoch:  15 batch:  110 region_loss:  4.0 4.0 loc_loss:  0.42964881896972656 reward_loss:  -21.482433319091797
epoch:  15 batch:  120 region_loss:  5.0 5.0 loc_loss:  0.4890110015869141 reward_loss:  -24.450550079345703
epoch:  15 batch:  130 region_loss:  7.0 7.0 loc_loss:  0.7019447326660156 reward_loss:  -35.09723663330078
acc@1:  0.14016933207902163
epoch: 15 region loss 0.17051094890510948 loc loss 0.7890227160488602 reward loss -39.45113506456361
epoch:  16 batch:  0 region_loss:  10.0 10.0 loc_loss:  0.8962554168701172 reward_loss:  -44.812767028808594
epoch:  16 batch:  10 region_loss:  10.0 10.0 loc_loss:  0.920460205078125 reward_loss:  -46.023006439208984
epoch:  16 batch:  20 region_loss:  10.0 10.0 loc_loss:  0.8096788024902344 reward_loss:  -40.48393630981445
epoch:  16 batch:  30 region_loss:  10.0 10.0 loc_loss:  0.88748291015625 reward_loss:  -44.3741455078125
epoch:  16 batch:  40 region_loss:  10.0 10.0 loc_loss:  0.9738587188720703 reward_loss:  -48.69293975830078
epoch:  16 batch:  50 region_loss:  10.0 10.0 loc_loss:  0.8511256408691407 reward_loss:  -42.55628204345703
epoch:  16 batch:  60 region_loss:  10.0 10.0 loc_loss:  0.9235320281982422 reward_loss:  -46.176597595214844
epoch:  16 batch:  70 region_loss:  10.0 10.0 loc_loss:  0.8638204193115234 reward_loss:  -43.191017150878906
epoch:  16 batch:  80 region_loss:  10.0 10.0 loc_loss:  0.9483446502685546 reward_loss:  -47.417266845703125
epoch:  16 batch:  90 region_loss:  6.0 6.0 loc_loss:  0.5773089218139649 reward_loss:  -28.86543846130371
epoch:  16 batch:  100 region_loss:  8.0 8.0 loc_loss:  0.68593505859375 reward_loss:  -34.296756744384766
epoch:  16 batch:  110 region_loss:  4.0 4.0 loc_loss:  0.4091337585449219 reward_loss:  -20.45668601989746
epoch:  16 batch:  120 region_loss:  5.0 5.0 loc_loss:  0.46335151672363284 reward_loss:  -23.167577743530273
epoch:  16 batch:  130 region_loss:  7.0 7.0 loc_loss:  0.6683892059326172 reward_loss:  -33.419464111328125
acc@1:  0.1415804327375353
epoch: 16 region loss 0.17051094890510948 loc loss 0.7498085425717987 reward loss -37.49042647424405
epoch:  17 batch:  0 region_loss:  10.0 10.0 loc_loss:  0.8503650665283203 reward_loss:  -42.518253326416016
epoch:  17 batch:  10 region_loss:  10.0 10.0 loc_loss:  0.875494613647461 reward_loss:  -43.77472686767578
epoch:  17 batch:  20 region_loss:  10.0 10.0 loc_loss:  0.7693965148925781 reward_loss:  -38.469825744628906
epoch:  17 batch:  30 region_loss:  10.0 10.0 loc_loss:  0.8397538757324219 reward_loss:  -41.98768997192383
epoch:  17 batch:  40 region_loss:  10.0 10.0 loc_loss:  0.9337679290771485 reward_loss:  -46.68839645385742
epoch:  17 batch:  50 region_loss:  10.0 10.0 loc_loss:  0.8054965209960937 reward_loss:  -40.27482223510742
epoch:  17 batch:  60 region_loss:  10.0 10.0 loc_loss:  0.8783551025390625 reward_loss:  -43.917762756347656
epoch:  17 batch:  70 region_loss:  10.0 10.0 loc_loss:  0.8204199981689453 reward_loss:  -41.020999908447266
epoch:  17 batch:  80 region_loss:  10.0 10.0 loc_loss:  0.9071524810791015 reward_loss:  -45.35762023925781
epoch:  17 batch:  90 region_loss:  6.0 6.0 loc_loss:  0.5507337188720703 reward_loss:  -27.536685943603516
epoch:  17 batch:  100 region_loss:  8.0 8.0 loc_loss:  0.6532417297363281 reward_loss:  -32.662086486816406
epoch:  17 batch:  110 region_loss:  4.0 4.0 loc_loss:  0.38948539733886717 reward_loss:  -19.47425079345703
epoch:  17 batch:  120 region_loss:  5.0 5.0 loc_loss:  0.4390155029296875 reward_loss:  -21.950775146484375
epoch:  17 batch:  130 region_loss:  7.0 7.0 loc_loss:  0.6369636917114258 reward_loss:  -31.848182678222656
acc@1:  0.14393226716839136
epoch: 17 region loss 0.17051094890510948 loc loss 0.7137580916133239 reward loss -35.687904782538865
epoch:  18 batch:  0 region_loss:  10.0 10.0 loc_loss:  0.808199234008789 reward_loss:  -40.409969329833984
epoch:  18 batch:  10 region_loss:  10.0 10.0 loc_loss:  0.8341901397705078 reward_loss:  -41.709510803222656
epoch:  18 batch:  20 region_loss:  10.0 10.0 loc_loss:  0.7332982635498047 reward_loss:  -36.664913177490234
epoch:  18 batch:  30 region_loss:  10.0 10.0 loc_loss:  0.7961925506591797 reward_loss:  -39.80962371826172
epoch:  18 batch:  40 region_loss:  10.0 10.0 loc_loss:  0.8966004943847656 reward_loss:  -44.83002471923828
epoch:  18 batch:  50 region_loss:  10.0 10.0 loc_loss:  0.7645076751708985 reward_loss:  -38.22538375854492
epoch:  18 batch:  60 region_loss:  10.0 10.0 loc_loss:  0.8357221984863281 reward_loss:  -41.786109924316406
epoch:  18 batch:  70 region_loss:  10.0 10.0 loc_loss:  0.7804556274414063 reward_loss:  -39.022789001464844
epoch:  18 batch:  80 region_loss:  10.0 10.0 loc_loss:  0.8680925750732422 reward_loss:  -43.40462875366211
epoch:  18 batch:  90 region_loss:  6.0 6.0 loc_loss:  0.5256457901000977 reward_loss:  -26.282289505004883
epoch:  18 batch:  100 region_loss:  8.0 8.0 loc_loss:  0.6230014038085937 reward_loss:  -31.150062561035156
epoch:  18 batch:  110 region_loss:  4.0 4.0 loc_loss:  0.3707026290893555 reward_loss:  -18.53512954711914
epoch:  18 batch:  120 region_loss:  5.0 5.0 loc_loss:  0.4159728622436523 reward_loss:  -20.798643112182617
epoch:  18 batch:  130 region_loss:  7.0 7.0 loc_loss:  0.6075003814697265 reward_loss:  -30.375019073486328
acc@1:  0.1458137347130762
epoch: 18 region loss 0.17051094890510948 loc loss 0.6804877498376107 reward loss -34.02438409485086
epoch:  19 batch:  0 region_loss:  10.0 10.0 loc_loss:  0.76919921875 reward_loss:  -38.459964752197266
epoch:  19 batch:  10 region_loss:  10.0 10.0 loc_loss:  0.7959590148925781 reward_loss:  -39.797950744628906
epoch:  19 batch:  20 region_loss:  10.0 10.0 loc_loss:  0.7008010864257812 reward_loss:  -35.040061950683594
epoch:  19 batch:  30 region_loss:  10.0 10.0 loc_loss:  0.7561324310302734 reward_loss:  -37.80662536621094
epoch:  19 batch:  40 region_loss:  10.0 10.0 loc_loss:  0.8619407653808594 reward_loss:  -43.09703826904297
epoch:  19 batch:  50 region_loss:  10.0 10.0 loc_loss:  0.7273905181884766 reward_loss:  -36.36952590942383
epoch:  19 batch:  60 region_loss:  10.0 10.0 loc_loss:  0.7953708648681641 reward_loss:  -39.76853942871094
epoch:  19 batch:  70 region_loss:  10.0 10.0 loc_loss:  0.7434691619873047 reward_loss:  -37.173458099365234
epoch:  19 batch:  80 region_loss:  10.0 10.0 loc_loss:  0.8308802795410156 reward_loss:  -41.54402160644531
epoch:  19 batch:  90 region_loss:  6.0 6.0 loc_loss:  0.5018994903564453 reward_loss:  -25.094974517822266
epoch:  19 batch:  100 region_loss:  8.0 8.0 loc_loss:  0.5948012542724609 reward_loss:  -29.740062713623047
epoch:  19 batch:  110 region_loss:  4.0 4.0 loc_loss:  0.35275920867919924 reward_loss:  -17.63796043395996
epoch:  19 batch:  120 region_loss:  5.0 5.0 loc_loss:  0.39417362213134766 reward_loss:  -19.708677291870117
epoch:  19 batch:  130 region_loss:  7.0 7.0 loc_loss:  0.5797746658325196 reward_loss:  -28.988733291625977
acc@1:  0.14393226716839136
epoch: 19 region loss 0.17051094890510948 loc loss 0.6496088540293005 reward loss -32.48044197750788
epoch:  20 batch:  0 region_loss:  10.0 10.0 loc_loss:  0.7329082489013672 reward_loss:  -36.645408630371094
epoch:  20 batch:  10 region_loss:  10.0 10.0 loc_loss:  0.7603456115722657 reward_loss:  -38.01728057861328
epoch:  20 batch:  20 region_loss:  10.0 10.0 loc_loss:  0.6712974548339844 reward_loss:  -33.56487274169922
epoch:  20 batch:  30 region_loss:  10.0 10.0 loc_loss:  0.719053955078125 reward_loss:  -35.95269775390625
epoch:  20 batch:  40 region_loss:  10.0 10.0 loc_loss:  0.8293489074707031 reward_loss:  -41.467445373535156
epoch:  20 batch:  50 region_loss:  10.0 10.0 loc_loss:  0.6934602355957031 reward_loss:  -34.673011779785156
epoch:  20 batch:  60 region_loss:  10.0 10.0 loc_loss:  0.7571424865722656 reward_loss:  -37.857120513916016
epoch:  20 batch:  70 region_loss:  10.0 10.0 loc_loss:  0.7090914916992187 reward_loss:  -35.45457458496094
epoch:  20 batch:  80 region_loss:  10.0 10.0 loc_loss:  0.7952852630615235 reward_loss:  -39.76426315307617
epoch:  20 batch:  90 region_loss:  6.0 6.0 loc_loss:  0.47934741973876954 reward_loss:  -23.96737289428711
epoch:  20 batch:  100 region_loss:  8.0 8.0 loc_loss:  0.5682828521728516 reward_loss:  -28.414146423339844
epoch:  20 batch:  110 region_loss:  4.0 4.0 loc_loss:  0.3356132507324219 reward_loss:  -16.780664443969727
epoch:  20 batch:  120 region_loss:  5.0 5.0 loc_loss:  0.3735555648803711 reward_loss:  -18.677778244018555
epoch:  20 batch:  130 region_loss:  7.0 7.0 loc_loss:  0.5535493469238282 reward_loss:  -27.677465438842773
acc@1:  0.1396989651928504
epoch: 20 region loss 0.17051094890510948 loc loss 0.6207674274305358 reward loss -31.03837165693297
epoch:  21 batch:  0 region_loss:  10.0 10.0 loc_loss:  0.6989287567138672 reward_loss:  -34.946434020996094
epoch:  21 batch:  10 region_loss:  10.0 10.0 loc_loss:  0.7270103454589844 reward_loss:  -36.35050964355469
epoch:  21 batch:  20 region_loss:  10.0 10.0 loc_loss:  0.644207763671875 reward_loss:  -32.21038818359375
epoch:  21 batch:  30 region_loss:  10.0 10.0 loc_loss:  0.6845396423339843 reward_loss:  -34.22698211669922
epoch:  21 batch:  40 region_loss:  10.0 10.0 loc_loss:  0.7984335327148437 reward_loss:  -39.92167663574219
epoch:  21 batch:  50 region_loss:  10.0 10.0 loc_loss:  0.6621436309814454 reward_loss:  -33.10718536376953
epoch:  21 batch:  60 region_loss:  10.0 10.0 loc_loss:  0.7209230041503907 reward_loss:  -36.04615020751953
epoch:  21 batch:  70 region_loss:  10.0 10.0 loc_loss:  0.6770025634765625 reward_loss:  -33.850128173828125
epoch:  21 batch:  80 region_loss:  10.0 10.0 loc_loss:  0.7611382293701172 reward_loss:  -38.056915283203125
epoch:  21 batch:  90 region_loss:  6.0 6.0 loc_loss:  0.457850341796875 reward_loss:  -22.892518997192383
epoch:  21 batch:  100 region_loss:  8.0 8.0 loc_loss:  0.5431597137451172 reward_loss:  -27.157981872558594
epoch:  21 batch:  110 region_loss:  4.0 4.0 loc_loss:  0.31921794891357425 reward_loss:  -15.960898399353027
epoch:  21 batch:  120 region_loss:  5.0 5.0 loc_loss:  0.35405086517333983 reward_loss:  -17.70254135131836
epoch:  21 batch:  130 region_loss:  7.0 7.0 loc_loss:  0.5286130142211914 reward_loss:  -26.43065071105957
acc@1:  0.1359360301034807
epoch: 21 region loss 0.17051094890510948 loc loss 0.59366105030923 reward loss -29.6830526477229
epoch:  22 batch:  0 region_loss:  10.0 10.0 loc_loss:  0.6669200134277343 reward_loss:  -33.34600067138672
epoch:  22 batch:  10 region_loss:  10.0 10.0 loc_loss:  0.6956792449951172 reward_loss:  -34.78396224975586
epoch:  22 batch:  20 region_loss:  10.0 10.0 loc_loss:  0.6190340805053711 reward_loss:  -30.951702117919922
epoch:  22 batch:  30 region_loss:  10.0 10.0 loc_loss:  0.6522285461425781 reward_loss:  -32.61143112182617
epoch:  22 batch:  40 region_loss:  10.0 10.0 loc_loss:  0.7688825988769531 reward_loss:  -38.444129943847656
epoch:  22 batch:  50 region_loss:  10.0 10.0 loc_loss:  0.6329816055297851 reward_loss:  -31.649080276489258
epoch:  22 batch:  60 region_loss:  10.0 10.0 loc_loss:  0.6866082763671875 reward_loss:  -34.330406188964844
epoch:  22 batch:  70 region_loss:  10.0 10.0 loc_loss:  0.6469174957275391 reward_loss:  -32.34587478637695
epoch:  22 batch:  80 region_loss:  10.0 10.0 loc_loss:  0.7283201599121094 reward_loss:  -36.4160041809082
epoch:  22 batch:  90 region_loss:  6.0 6.0 loc_loss:  0.4372840881347656 reward_loss:  -21.864206314086914
epoch:  22 batch:  100 region_loss:  8.0 8.0 loc_loss:  0.5192206573486328 reward_loss:  -25.961030960083008
epoch:  22 batch:  110 region_loss:  4.0 4.0 loc_loss:  0.30352378845214845 reward_loss:  -15.176191329956055
epoch:  22 batch:  120 region_loss:  5.0 5.0 loc_loss:  0.33558761596679687 reward_loss:  -16.779380798339844
epoch:  22 batch:  130 region_loss:  7.0 7.0 loc_loss:  0.5047975540161133 reward_loss:  -25.239877700805664
acc@1:  0.1359360301034807
epoch: 22 region loss 0.17051094890510948 loc loss 0.5680413904677342 reward loss -28.402069154447013
epoch:  23 batch:  0 region_loss:  10.0 10.0 loc_loss:  0.6366043472290039 reward_loss:  -31.830211639404297
epoch:  23 batch:  10 region_loss:  10.0 10.0 loc_loss:  0.666109848022461 reward_loss:  -33.30549621582031
epoch:  23 batch:  20 region_loss:  10.0 10.0 loc_loss:  0.5953861236572265 reward_loss:  -29.769309997558594
epoch:  23 batch:  30 region_loss:  10.0 10.0 loc_loss:  0.6218054580688477 reward_loss:  -31.090269088745117
epoch:  23 batch:  40 region_loss:  10.0 10.0 loc_loss:  0.7404602813720703 reward_loss:  -37.023014068603516
epoch:  23 batch:  50 region_loss:  10.0 10.0 loc_loss:  0.6056133651733399 reward_loss:  -30.280668258666992
epoch:  23 batch:  60 region_loss:  10.0 10.0 loc_loss:  0.6540814208984375 reward_loss:  -32.70406723022461
epoch:  23 batch:  70 region_loss:  10.0 10.0 loc_loss:  0.6185846328735352 reward_loss:  -30.929237365722656
epoch:  23 batch:  80 region_loss:  10.0 10.0 loc_loss:  0.6967363739013672 reward_loss:  -34.836822509765625
epoch:  23 batch:  90 region_loss:  6.0 6.0 loc_loss:  0.4175418853759766 reward_loss:  -20.877094268798828
epoch:  23 batch:  100 region_loss:  8.0 8.0 loc_loss:  0.49631805419921876 reward_loss:  -24.81590461730957
epoch:  23 batch:  110 region_loss:  4.0 4.0 loc_loss:  0.2884878158569336 reward_loss:  -14.424388885498047
epoch:  23 batch:  120 region_loss:  5.0 5.0 loc_loss:  0.3180958366394043 reward_loss:  -15.904790878295898
epoch:  23 batch:  130 region_loss:  7.0 7.0 loc_loss:  0.4819750213623047 reward_loss:  -24.098751068115234
acc@1:  0.132173095014111
epoch: 23 region loss 0.17051094890510948 loc loss 0.5437071362377083 reward loss -27.18535645686797
epoch:  24 batch:  0 region_loss:  10.0 10.0 loc_loss:  0.6077669906616211 reward_loss:  -30.388349533081055
