0
cuda
epoch:  0 batch:  0 region_loss:  10.0 10.0 loc_loss:  1.9884138488769532 reward_loss:  -99.42060852050781
epoch:  0 batch:  10 region_loss:  10.0 10.0 loc_loss:  1.9786785888671874 reward_loss:  -98.93310546875
epoch:  0 batch:  20 region_loss:  10.0 10.0 loc_loss:  1.9838768005371095 reward_loss:  -99.19303894042969
epoch:  0 batch:  30 region_loss:  10.0 10.0 loc_loss:  1.9900344848632812 reward_loss:  -99.50135040283203
epoch:  0 batch:  40 region_loss:  10.0 10.0 loc_loss:  1.9890716552734375 reward_loss:  -99.45346069335938
epoch:  0 batch:  50 region_loss:  10.0 10.0 loc_loss:  1.9845220947265625 reward_loss:  -99.22647094726562
epoch:  0 batch:  60 region_loss:  10.0 10.0 loc_loss:  1.9800509643554687 reward_loss:  -99.00259399414062
epoch:  0 batch:  70 region_loss:  10.0 10.0 loc_loss:  1.984420928955078 reward_loss:  -99.22189331054688
epoch:  0 batch:  80 region_loss:  10.0 10.0 loc_loss:  1.9807594299316407 reward_loss:  -99.03739929199219
epoch:  0 batch:  90 region_loss:  6.0 6.0 loc_loss:  1.1830276489257812 reward_loss:  -59.1516227722168
epoch:  0 batch:  100 region_loss:  8.0 8.0 loc_loss:  1.5723719787597656 reward_loss:  -78.61937713623047
epoch:  0 batch:  110 region_loss:  4.0 4.0 loc_loss:  0.7866820526123047 reward_loss:  -39.333824157714844
epoch:  0 batch:  120 region_loss:  5.0 5.0 loc_loss:  0.9816242218017578 reward_loss:  -49.08106994628906
epoch:  0 batch:  130 region_loss:  7.0 7.0 loc_loss:  1.3699360656738282 reward_loss:  -68.49601745605469
acc@1:  0.0018814675446848542
epoch: 0 region loss 0.17051094890510948 loc loss 1.6864533801670492 reward loss -84.32265397231944
epoch:  1 batch:  0 region_loss:  10.0 10.0 loc_loss:  1.9137828063964843 reward_loss:  -95.6894760131836
epoch:  1 batch:  10 region_loss:  10.0 10.0 loc_loss:  1.9236703491210938 reward_loss:  -96.18292236328125
epoch:  1 batch:  20 region_loss:  10.0 10.0 loc_loss:  1.9243698120117188 reward_loss:  -96.21855163574219
epoch:  1 batch:  30 region_loss:  10.0 10.0 loc_loss:  1.9302346801757813 reward_loss:  -96.51184844970703
epoch:  1 batch:  40 region_loss:  10.0 10.0 loc_loss:  1.9214167785644531 reward_loss:  -96.07150268554688
epoch:  1 batch:  50 region_loss:  10.0 10.0 loc_loss:  1.9027626037597656 reward_loss:  -95.13855743408203
epoch:  1 batch:  60 region_loss:  10.0 10.0 loc_loss:  1.8935464477539063 reward_loss:  -94.67694091796875
epoch:  1 batch:  70 region_loss:  10.0 10.0 loc_loss:  1.879931640625 reward_loss:  -93.99667358398438
epoch:  1 batch:  80 region_loss:  10.0 10.0 loc_loss:  1.8559779357910156 reward_loss:  -92.79905700683594
epoch:  1 batch:  90 region_loss:  6.0 6.0 loc_loss:  1.1031088256835937 reward_loss:  -55.15495300292969
epoch:  1 batch:  100 region_loss:  8.0 8.0 loc_loss:  1.4502388000488282 reward_loss:  -72.51104736328125
epoch:  1 batch:  110 region_loss:  4.0 4.0 loc_loss:  0.7324355316162109 reward_loss:  -36.62153625488281
epoch:  1 batch:  120 region_loss:  5.0 5.0 loc_loss:  0.9046128845214844 reward_loss:  -45.23117446899414
epoch:  1 batch:  130 region_loss:  7.0 7.0 loc_loss:  1.2508920288085938 reward_loss:  -62.54423141479492
acc@1:  0.023047977422389464
epoch: 1 region loss 0.17051094890510948 loc loss 1.5995954811486015 reward loss -79.9798055774104
epoch:  2 batch:  0 region_loss:  10.0 10.0 loc_loss:  1.7296372985839843 reward_loss:  -86.48175811767578
epoch:  2 batch:  10 region_loss:  10.0 10.0 loc_loss:  1.7388682556152344 reward_loss:  -86.94335174560547
epoch:  2 batch:  20 region_loss:  10.0 10.0 loc_loss:  1.7525726318359376 reward_loss:  -87.62860107421875
epoch:  2 batch:  30 region_loss:  10.0 10.0 loc_loss:  1.7691534423828126 reward_loss:  -88.45750427246094
epoch:  2 batch:  40 region_loss:  10.0 10.0 loc_loss:  1.7330029296875 reward_loss:  -86.64967346191406
epoch:  2 batch:  50 region_loss:  10.0 10.0 loc_loss:  1.7618293762207031 reward_loss:  -88.09173583984375
epoch:  2 batch:  60 region_loss:  10.0 10.0 loc_loss:  1.7467181396484375 reward_loss:  -87.3356704711914
epoch:  2 batch:  70 region_loss:  10.0 10.0 loc_loss:  1.7514381408691406 reward_loss:  -87.57289123535156
epoch:  2 batch:  80 region_loss:  10.0 10.0 loc_loss:  1.7225802612304688 reward_loss:  -86.1283950805664
epoch:  2 batch:  90 region_loss:  6.0 6.0 loc_loss:  1.0345045471191405 reward_loss:  -51.72431945800781
epoch:  2 batch:  100 region_loss:  8.0 8.0 loc_loss:  1.3685504150390626 reward_loss:  -68.42713165283203
epoch:  2 batch:  110 region_loss:  4.0 4.0 loc_loss:  0.6970918273925781 reward_loss:  -34.85511779785156
epoch:  2 batch:  120 region_loss:  5.0 5.0 loc_loss:  0.8673137664794922 reward_loss:  -43.36565017700195
epoch:  2 batch:  130 region_loss:  7.0 7.0 loc_loss:  1.2005899047851563 reward_loss:  -60.029048919677734
acc@1:  0.030103480714957668
epoch: 2 region loss 0.17051094890510948 loc loss 1.4724321808084084 reward loss -73.62161744946111
epoch:  3 batch:  0 region_loss:  10.0 10.0 loc_loss:  1.6780471801757812 reward_loss:  -83.90119934082031
epoch:  3 batch:  10 region_loss:  10.0 10.0 loc_loss:  1.6746881103515625 reward_loss:  -83.73469543457031
epoch:  3 batch:  20 region_loss:  10.0 10.0 loc_loss:  1.6650350952148438 reward_loss:  -83.2520751953125
epoch:  3 batch:  30 region_loss:  10.0 10.0 loc_loss:  1.7018112182617187 reward_loss:  -85.09111022949219
epoch:  3 batch:  40 region_loss:  10.0 10.0 loc_loss:  1.6583647155761718 reward_loss:  -82.91845703125
epoch:  3 batch:  50 region_loss:  10.0 10.0 loc_loss:  1.6959463500976562 reward_loss:  -84.79756164550781
epoch:  3 batch:  60 region_loss:  10.0 10.0 loc_loss:  1.677972869873047 reward_loss:  -83.89892578125
epoch:  3 batch:  70 region_loss:  10.0 10.0 loc_loss:  1.6831654357910155 reward_loss:  -84.15751647949219
epoch:  3 batch:  80 region_loss:  10.0 10.0 loc_loss:  1.6651004028320313 reward_loss:  -83.25492095947266
epoch:  3 batch:  90 region_loss:  6.0 6.0 loc_loss:  1.001602554321289 reward_loss:  -50.0790901184082
epoch:  3 batch:  100 region_loss:  8.0 8.0 loc_loss:  1.3225904846191405 reward_loss:  -66.12971496582031
epoch:  3 batch:  110 region_loss:  4.0 4.0 loc_loss:  0.6772433471679687 reward_loss:  -33.862125396728516
epoch:  3 batch:  120 region_loss:  5.0 5.0 loc_loss:  0.8440015411376953 reward_loss:  -42.19999694824219
epoch:  3 batch:  130 region_loss:  7.0 7.0 loc_loss:  1.1689109802246094 reward_loss:  -58.44569396972656
acc@1:  0.03574788334901223
epoch: 3 region loss 0.17051094890510948 loc loss 1.4140120786123902 reward loss -70.7005406122138
epoch:  4 batch:  0 region_loss:  10.0 10.0 loc_loss:  1.6389753723144531 reward_loss:  -81.94861602783203
epoch:  4 batch:  10 region_loss:  10.0 10.0 loc_loss:  1.6315516662597656 reward_loss:  -81.57861328125
epoch:  4 batch:  20 region_loss:  10.0 10.0 loc_loss:  1.602095489501953 reward_loss:  -80.10468292236328
epoch:  4 batch:  30 region_loss:  10.0 10.0 loc_loss:  1.6501280212402343 reward_loss:  -82.5069351196289
epoch:  4 batch:  40 region_loss:  10.0 10.0 loc_loss:  1.6045118713378905 reward_loss:  -80.2259521484375
epoch:  4 batch:  50 region_loss:  10.0 10.0 loc_loss:  1.6390103149414061 reward_loss:  -81.95060729980469
epoch:  4 batch:  60 region_loss:  10.0 10.0 loc_loss:  1.6239573669433593 reward_loss:  -81.19791412353516
epoch:  4 batch:  70 region_loss:  10.0 10.0 loc_loss:  1.6245269775390625 reward_loss:  -81.22660827636719
epoch:  4 batch:  80 region_loss:  10.0 10.0 loc_loss:  1.6146009826660157 reward_loss:  -80.72985076904297
epoch:  4 batch:  90 region_loss:  6.0 6.0 loc_loss:  0.9724110412597656 reward_loss:  -48.62148666381836
epoch:  4 batch:  100 region_loss:  8.0 8.0 loc_loss:  1.279011001586914 reward_loss:  -63.95090866088867
epoch:  4 batch:  110 region_loss:  4.0 4.0 loc_loss:  0.659696273803711 reward_loss:  -32.98524475097656
epoch:  4 batch:  120 region_loss:  5.0 5.0 loc_loss:  0.8205710601806641 reward_loss:  -41.028480529785156
epoch:  4 batch:  130 region_loss:  7.0 7.0 loc_loss:  1.1369901275634766 reward_loss:  -56.84960174560547
acc@1:  0.045625587958607716
epoch: 4 region loss 0.17051094890510948 loc loss 1.3664308935012262 reward loss -68.3215716006982
epoch:  5 batch:  0 region_loss:  10.0 10.0 loc_loss:  1.5948062133789063 reward_loss:  -79.74040222167969
epoch:  5 batch:  10 region_loss:  10.0 10.0 loc_loss:  1.5863211059570312 reward_loss:  -79.31660461425781
epoch:  5 batch:  20 region_loss:  10.0 10.0 loc_loss:  1.5407847595214843 reward_loss:  -77.0396957397461
epoch:  5 batch:  30 region_loss:  10.0 10.0 loc_loss:  1.597960205078125 reward_loss:  -79.89654541015625
epoch:  5 batch:  40 region_loss:  10.0 10.0 loc_loss:  1.5522872924804687 reward_loss:  -77.61431121826172
epoch:  5 batch:  50 region_loss:  10.0 10.0 loc_loss:  1.5818077087402345 reward_loss:  -79.09038543701172
epoch:  5 batch:  60 region_loss:  10.0 10.0 loc_loss:  1.5705636596679688 reward_loss:  -78.52851104736328
epoch:  5 batch:  70 region_loss:  10.0 10.0 loc_loss:  1.56626953125 reward_loss:  -78.3134536743164
epoch:  5 batch:  80 region_loss:  10.0 10.0 loc_loss:  1.562107391357422 reward_loss:  -78.10533905029297
epoch:  5 batch:  90 region_loss:  6.0 6.0 loc_loss:  0.9429204559326172 reward_loss:  -47.146175384521484
epoch:  5 batch:  100 region_loss:  8.0 8.0 loc_loss:  1.2327545928955077 reward_loss:  -61.63776397705078
epoch:  5 batch:  110 region_loss:  4.0 4.0 loc_loss:  0.641925048828125 reward_loss:  -32.096282958984375
epoch:  5 batch:  120 region_loss:  5.0 5.0 loc_loss:  0.7950086975097657 reward_loss:  -39.750389099121094
epoch:  5 batch:  130 region_loss:  7.0 7.0 loc_loss:  1.102691650390625 reward_loss:  -55.134586334228516
acc@1:  0.055503292568203196
epoch: 5 region loss 0.17051094890510948 loc loss 1.3180305180236371 reward loss -65.90153378117694
epoch:  6 batch:  0 region_loss:  10.0 10.0 loc_loss:  1.543753662109375 reward_loss:  -77.18769836425781
epoch:  6 batch:  10 region_loss:  10.0 10.0 loc_loss:  1.5358546447753907 reward_loss:  -76.79295349121094
epoch:  6 batch:  20 region_loss:  10.0 10.0 loc_loss:  1.476448974609375 reward_loss:  -73.8224868774414
epoch:  6 batch:  30 region_loss:  10.0 10.0 loc_loss:  1.5408851623535156 reward_loss:  -77.04410552978516
epoch:  6 batch:  40 region_loss:  10.0 10.0 loc_loss:  1.497239227294922 reward_loss:  -74.86193084716797
epoch:  6 batch:  50 region_loss:  10.0 10.0 loc_loss:  1.5201322937011719 reward_loss:  -76.00670623779297
epoch:  6 batch:  60 region_loss:  10.0 10.0 loc_loss:  1.5139309692382812 reward_loss:  -75.696533203125
epoch:  6 batch:  70 region_loss:  10.0 10.0 loc_loss:  1.504554443359375 reward_loss:  -75.22776794433594
epoch:  6 batch:  80 region_loss:  10.0 10.0 loc_loss:  1.5056643676757813 reward_loss:  -75.28321838378906
epoch:  6 batch:  90 region_loss:  6.0 6.0 loc_loss:  0.9117109680175781 reward_loss:  -45.58555221557617
epoch:  6 batch:  100 region_loss:  8.0 8.0 loc_loss:  1.1825209045410157 reward_loss:  -59.12606430053711
epoch:  6 batch:  110 region_loss:  4.0 4.0 loc_loss:  0.6232324981689453 reward_loss:  -31.16162109375
epoch:  6 batch:  120 region_loss:  5.0 5.0 loc_loss:  0.7671598052978515 reward_loss:  -38.358062744140625
epoch:  6 batch:  130 region_loss:  7.0 7.0 loc_loss:  1.0656942749023437 reward_loss:  -53.28472900390625
acc@1:  0.06773283160865474
epoch: 6 region loss 0.17051094890510948 loc loss 1.266432837326161 reward loss -63.32162365600141
epoch:  7 batch:  0 region_loss:  10.0 10.0 loc_loss:  1.4865994262695312 reward_loss:  -74.32994842529297
epoch:  7 batch:  10 region_loss:  10.0 10.0 loc_loss:  1.479988555908203 reward_loss:  -73.99942016601562
epoch:  7 batch:  20 region_loss:  10.0 10.0 loc_loss:  1.40757080078125 reward_loss:  -70.37860870361328
epoch:  7 batch:  30 region_loss:  10.0 10.0 loc_loss:  1.479061279296875 reward_loss:  -73.95296478271484
epoch:  7 batch:  40 region_loss:  10.0 10.0 loc_loss:  1.4392884826660157 reward_loss:  -71.96443939208984
epoch:  7 batch:  50 region_loss:  10.0 10.0 loc_loss:  1.45313232421875 reward_loss:  -72.65655517578125
epoch:  7 batch:  60 region_loss:  10.0 10.0 loc_loss:  1.4528541564941406 reward_loss:  -72.64263916015625
epoch:  7 batch:  70 region_loss:  10.0 10.0 loc_loss:  1.4385546875 reward_loss:  -71.92857360839844
epoch:  7 batch:  80 region_loss:  10.0 10.0 loc_loss:  1.4450131225585938 reward_loss:  -72.25064849853516
epoch:  7 batch:  90 region_loss:  6.0 6.0 loc_loss:  0.8785176086425781 reward_loss:  -43.925838470458984
epoch:  7 batch:  100 region_loss:  8.0 8.0 loc_loss:  1.1281710815429689 reward_loss:  -56.40851593017578
epoch:  7 batch:  110 region_loss:  4.0 4.0 loc_loss:  0.6033501434326172 reward_loss:  -30.16750144958496
epoch:  7 batch:  120 region_loss:  5.0 5.0 loc_loss:  0.7371183013916016 reward_loss:  -36.85616683959961
epoch:  7 batch:  130 region_loss:  7.0 7.0 loc_loss:  1.0262790679931642 reward_loss:  -51.31394958496094
acc@1:  0.08137347130761995
epoch: 7 region loss 0.17051094890510948 loc loss 1.2115306656552058 reward loss -60.576515726799514
epoch:  8 batch:  0 region_loss:  10.0 10.0 loc_loss:  1.4238829040527343 reward_loss:  -71.19413757324219
epoch:  8 batch:  10 region_loss:  10.0 10.0 loc_loss:  1.4186215209960937 reward_loss:  -70.93098449707031
epoch:  8 batch:  20 region_loss:  10.0 10.0 loc_loss:  1.335269012451172 reward_loss:  -66.76346588134766
epoch:  8 batch:  30 region_loss:  10.0 10.0 loc_loss:  1.4128419494628905 reward_loss:  -70.64190673828125
epoch:  8 batch:  40 region_loss:  10.0 10.0 loc_loss:  1.3804730224609374 reward_loss:  -69.02365112304688
epoch:  8 batch:  50 region_loss:  10.0 10.0 loc_loss:  1.3814541625976562 reward_loss:  -69.07270050048828
epoch:  8 batch:  60 region_loss:  10.0 10.0 loc_loss:  1.3882257080078124 reward_loss:  -69.41129302978516
epoch:  8 batch:  70 region_loss:  10.0 10.0 loc_loss:  1.3688168334960937 reward_loss:  -68.44070434570312
epoch:  8 batch:  80 region_loss:  10.0 10.0 loc_loss:  1.3815107727050782 reward_loss:  -69.0755386352539
epoch:  8 batch:  90 region_loss:  6.0 6.0 loc_loss:  0.8437725067138672 reward_loss:  -42.188621520996094
epoch:  8 batch:  100 region_loss:  8.0 8.0 loc_loss:  1.0706517028808593 reward_loss:  -53.532257080078125
epoch:  8 batch:  110 region_loss:  4.0 4.0 loc_loss:  0.5823745727539062 reward_loss:  -29.11874008178711
epoch:  8 batch:  120 region_loss:  5.0 5.0 loc_loss:  0.7052041625976563 reward_loss:  -35.26028060913086
epoch:  8 batch:  130 region_loss:  7.0 7.0 loc_loss:  0.9851458740234375 reward_loss:  -49.257286071777344
acc@1:  0.09125117591721543
epoch: 8 region loss 0.17051094890510948 loc loss 1.1542599490089138 reward loss -57.71299221567864
epoch:  9 batch:  0 region_loss:  10.0 10.0 loc_loss:  1.35652587890625 reward_loss:  -67.8262939453125
epoch:  9 batch:  10 region_loss:  10.0 10.0 loc_loss:  1.3529264831542969 reward_loss:  -67.64632415771484
epoch:  9 batch:  20 region_loss:  10.0 10.0 loc_loss:  1.2608614349365235 reward_loss:  -63.04308319091797
epoch:  9 batch:  30 region_loss:  10.0 10.0 loc_loss:  1.3432417297363282 reward_loss:  -67.1619644165039
epoch:  9 batch:  40 region_loss:  10.0 10.0 loc_loss:  1.3225865173339844 reward_loss:  -66.12932586669922
epoch:  9 batch:  50 region_loss:  10.0 10.0 loc_loss:  1.3063687133789061 reward_loss:  -65.31843566894531
epoch:  9 batch:  60 region_loss:  10.0 10.0 loc_loss:  1.321761932373047 reward_loss:  -66.08829498291016
epoch:  9 batch:  70 region_loss:  10.0 10.0 loc_loss:  1.296658477783203 reward_loss:  -64.83306121826172
epoch:  9 batch:  80 region_loss:  10.0 10.0 loc_loss:  1.3177220153808593 reward_loss:  -65.8861083984375
epoch:  9 batch:  90 region_loss:  6.0 6.0 loc_loss:  0.8079450988769531 reward_loss:  -40.39718246459961
epoch:  9 batch:  100 region_loss:  8.0 8.0 loc_loss:  1.0116458129882813 reward_loss:  -50.58230972290039
epoch:  9 batch:  110 region_loss:  4.0 4.0 loc_loss:  0.5605500030517578 reward_loss:  -28.027498245239258
epoch:  9 batch:  120 region_loss:  5.0 5.0 loc_loss:  0.6722578430175781 reward_loss:  -33.61288070678711
epoch:  9 batch:  130 region_loss:  7.0 7.0 loc_loss:  0.9428428649902344 reward_loss:  -47.142147064208984
acc@1:  0.10206961429915334
epoch: 9 region loss 0.17051094890510948 loc loss 1.095968969024881 reward loss -54.798454521346265
epoch:  10 batch:  0 region_loss:  10.0 10.0 loc_loss:  1.2861810302734376 reward_loss:  -64.30905151367188
epoch:  10 batch:  10 region_loss:  10.0 10.0 loc_loss:  1.284958953857422 reward_loss:  -64.24795532226562
epoch:  10 batch:  20 region_loss:  10.0 10.0 loc_loss:  1.1863054656982421 reward_loss:  -59.31527328491211
epoch:  10 batch:  30 region_loss:  10.0 10.0 loc_loss:  1.2720684814453125 reward_loss:  -63.603431701660156
epoch:  10 batch:  40 region_loss:  10.0 10.0 loc_loss:  1.2659457397460938 reward_loss:  -63.29729080200195
epoch:  10 batch:  50 region_loss:  10.0 10.0 loc_loss:  1.2294835662841797 reward_loss:  -61.474159240722656
epoch:  10 batch:  60 region_loss:  10.0 10.0 loc_loss:  1.2556896209716797 reward_loss:  -62.78437805175781
epoch:  10 batch:  70 region_loss:  10.0 10.0 loc_loss:  1.22384033203125 reward_loss:  -61.192222595214844
epoch:  10 batch:  80 region_loss:  10.0 10.0 loc_loss:  1.2559488677978516 reward_loss:  -62.79745101928711
epoch:  10 batch:  90 region_loss:  6.0 6.0 loc_loss:  0.7716043853759765 reward_loss:  -38.58003234863281
epoch:  10 batch:  100 region_loss:  8.0 8.0 loc_loss:  0.9534333038330078 reward_loss:  -47.671653747558594
epoch:  10 batch:  110 region_loss:  4.0 4.0 loc_loss:  0.5380949020385742 reward_loss:  -26.904727935791016
epoch:  10 batch:  120 region_loss:  5.0 5.0 loc_loss:  0.639201774597168 reward_loss:  -31.9600830078125
epoch:  10 batch:  130 region_loss:  7.0 7.0 loc_loss:  0.900020980834961 reward_loss:  -45.00105285644531
acc@1:  0.11053621825023519
epoch: 10 region loss 0.17051094890510948 loc loss 1.0380480962600152 reward loss -51.902393452442475
epoch:  11 batch:  0 region_loss:  10.0 10.0 loc_loss:  1.214579849243164 reward_loss:  -60.729000091552734
epoch:  11 batch:  10 region_loss:  10.0 10.0 loc_loss:  1.2168096160888673 reward_loss:  -60.840484619140625
epoch:  11 batch:  20 region_loss:  10.0 10.0 loc_loss:  1.1136722564697266 reward_loss:  -55.683616638183594
epoch:  11 batch:  30 region_loss:  10.0 10.0 loc_loss:  1.2005137634277343 reward_loss:  -60.02568054199219
epoch:  11 batch:  40 region_loss:  10.0 10.0 loc_loss:  1.2104817962646484 reward_loss:  -60.52408218383789
epoch:  11 batch:  50 region_loss:  10.0 10.0 loc_loss:  1.1531665802001954 reward_loss:  -57.6583366394043
epoch:  11 batch:  60 region_loss:  10.0 10.0 loc_loss:  1.1916978454589844 reward_loss:  -59.58366012573242
epoch:  11 batch:  70 region_loss:  10.0 10.0 loc_loss:  1.152622528076172 reward_loss:  -57.63091278076172
epoch:  11 batch:  80 region_loss:  10.0 10.0 loc_loss:  1.1972759246826172 reward_loss:  -59.86379623413086
epoch:  11 batch:  90 region_loss:  6.0 6.0 loc_loss:  0.7355803680419922 reward_loss:  -36.77907943725586
epoch:  11 batch:  100 region_loss:  8.0 8.0 loc_loss:  0.8980508422851563 reward_loss:  -44.90254592895508
epoch:  11 batch:  110 region_loss:  4.0 4.0 loc_loss:  0.5151658248901367 reward_loss:  -25.7583065032959
epoch:  11 batch:  120 region_loss:  5.0 5.0 loc_loss:  0.6067300415039063 reward_loss:  -30.336515426635742
epoch:  11 batch:  130 region_loss:  7.0 7.0 loc_loss:  0.8576734924316406 reward_loss:  -42.88367462158203
acc@1:  0.12276575729068674
epoch: 11 region loss 0.17051094890510948 loc loss 0.9817926699227661 reward loss -49.08961788929292
epoch:  12 batch:  0 region_loss:  10.0 10.0 loc_loss:  1.1439028930664064 reward_loss:  -57.19514465332031
epoch:  12 batch:  10 region_loss:  10.0 10.0 loc_loss:  1.1506842041015626 reward_loss:  -57.53417205810547
epoch:  12 batch:  20 region_loss:  10.0 10.0 loc_loss:  1.0443978118896484 reward_loss:  -52.219879150390625
epoch:  12 batch:  30 region_loss:  10.0 10.0 loc_loss:  1.1298590087890625 reward_loss:  -56.492958068847656
epoch:  12 batch:  40 region_loss:  10.0 10.0 loc_loss:  1.156319122314453 reward_loss:  -57.81595993041992
epoch:  12 batch:  50 region_loss:  10.0 10.0 loc_loss:  1.079881362915039 reward_loss:  -53.99406051635742
epoch:  12 batch:  60 region_loss:  10.0 10.0 loc_loss:  1.1303882598876953 reward_loss:  -56.51953887939453
epoch:  12 batch:  70 region_loss:  10.0 10.0 loc_loss:  1.0851417541503907 reward_loss:  -54.25710678100586
epoch:  12 batch:  80 region_loss:  10.0 10.0 loc_loss:  1.141799774169922 reward_loss:  -57.089988708496094
epoch:  12 batch:  90 region_loss:  6.0 6.0 loc_loss:  0.7005769348144532 reward_loss:  -35.02886199951172
epoch:  12 batch:  100 region_loss:  8.0 8.0 loc_loss:  0.846627197265625 reward_loss:  -42.33135986328125
epoch:  12 batch:  110 region_loss:  4.0 4.0 loc_loss:  0.4921006393432617 reward_loss:  -24.60503387451172
epoch:  12 batch:  120 region_loss:  5.0 5.0 loc_loss:  0.5753381729125977 reward_loss:  -28.766908645629883
epoch:  12 batch:  130 region_loss:  7.0 7.0 loc_loss:  0.8164734649658203 reward_loss:  -40.823665618896484
acc@1:  0.1279397930385701
epoch: 12 region loss 0.17051094890510948 loc loss 0.9282591409056726 reward loss -46.4129469377281
epoch:  13 batch:  0 region_loss:  10.0 10.0 loc_loss:  1.076080322265625 reward_loss:  -53.804019927978516
epoch:  13 batch:  10 region_loss:  10.0 10.0 loc_loss:  1.088048553466797 reward_loss:  -54.402442932128906
epoch:  13 batch:  20 region_loss:  10.0 10.0 loc_loss:  0.9799177551269531 reward_loss:  -48.995880126953125
epoch:  13 batch:  30 region_loss:  10.0 10.0 loc_loss:  1.061164093017578 reward_loss:  -53.05819320678711
epoch:  13 batch:  40 region_loss:  10.0 10.0 loc_loss:  1.1040753936767578 reward_loss:  -55.203773498535156
epoch:  13 batch:  50 region_loss:  10.0 10.0 loc_loss:  1.0116080474853515 reward_loss:  -50.580406188964844
epoch:  13 batch:  60 region_loss:  10.0 10.0 loc_loss:  1.07262451171875 reward_loss:  -53.63113784790039
epoch:  13 batch:  70 region_loss:  10.0 10.0 loc_loss:  1.022809066772461 reward_loss:  -51.14044952392578
epoch:  13 batch:  80 region_loss:  10.0 10.0 loc_loss:  1.0893790435791015 reward_loss:  -54.46895217895508
epoch:  13 batch:  90 region_loss:  6.0 6.0 loc_loss:  0.6672517395019532 reward_loss:  -33.362586975097656
epoch:  13 batch:  100 region_loss:  8.0 8.0 loc_loss:  0.7996993255615235 reward_loss:  -39.984962463378906
epoch:  13 batch:  110 region_loss:  4.0 4.0 loc_loss:  0.46916732788085935 reward_loss:  -23.458404541015625
epoch:  13 batch:  120 region_loss:  5.0 5.0 loc_loss:  0.5452532577514648 reward_loss:  -27.262664794921875
epoch:  13 batch:  130 region_loss:  7.0 7.0 loc_loss:  0.777065658569336 reward_loss:  -38.85328674316406
acc@1:  0.1354656632173095
epoch: 13 region loss 0.17051094890510948 loc loss 0.8781287901941007 reward loss -43.90642515586241
epoch:  14 batch:  0 region_loss:  10.0 10.0 loc_loss:  1.0126300048828125 reward_loss:  -50.63149642944336
epoch:  14 batch:  10 region_loss:  10.0 10.0 loc_loss:  1.0297582244873047 reward_loss:  -51.48790740966797
epoch:  14 batch:  20 region_loss:  10.0 10.0 loc_loss:  0.9213600158691406 reward_loss:  -46.06800079345703
epoch:  14 batch:  30 region_loss:  10.0 10.0 loc_loss:  0.9961717987060547 reward_loss:  -49.808589935302734
epoch:  14 batch:  40 region_loss:  10.0 10.0 loc_loss:  1.05454833984375 reward_loss:  -52.72740936279297
epoch:  14 batch:  50 region_loss:  10.0 10.0 loc_loss:  0.9495628356933594 reward_loss:  -47.4781494140625
epoch:  14 batch:  60 region_loss:  10.0 10.0 loc_loss:  1.0183349609375 reward_loss:  -50.91673278808594
epoch:  14 batch:  70 region_loss:  10.0 10.0 loc_loss:  0.9658792114257813 reward_loss:  -48.293968200683594
epoch:  14 batch:  80 region_loss:  10.0 10.0 loc_loss:  1.0399171447753905 reward_loss:  -51.995853424072266
epoch:  14 batch:  90 region_loss:  6.0 6.0 loc_loss:  0.6357227325439453 reward_loss:  -31.7861328125
epoch:  14 batch:  100 region_loss:  8.0 8.0 loc_loss:  0.7572370910644531 reward_loss:  -37.86186599731445
epoch:  14 batch:  110 region_loss:  4.0 4.0 loc_loss:  0.4466970443725586 reward_loss:  -22.334857940673828
epoch:  14 batch:  120 region_loss:  5.0 5.0 loc_loss:  0.516513557434082 reward_loss:  -25.825679779052734
epoch:  14 batch:  130 region_loss:  7.0 7.0 loc_loss:  0.7397308349609375 reward_loss:  -36.986541748046875
acc@1:  0.13687676387582315
epoch: 14 region loss 0.17051094890510948 loc loss 0.8317042836655665 reward loss -41.5852097977687
epoch:  15 batch:  0 region_loss:  10.0 10.0 loc_loss:  0.9542229461669922 reward_loss:  -47.71114730834961
epoch:  15 batch:  10 region_loss:  10.0 10.0 loc_loss:  0.9759568023681641 reward_loss:  -48.7978401184082
epoch:  15 batch:  20 region_loss:  10.0 10.0 loc_loss:  0.8689666748046875 reward_loss:  -43.448333740234375
epoch:  15 batch:  30 region_loss:  10.0 10.0 loc_loss:  0.9363333129882813 reward_loss:  -46.81666564941406
epoch:  15 batch:  40 region_loss:  10.0 10.0 loc_loss:  1.008385009765625 reward_loss:  -50.41925048828125
epoch:  15 batch:  50 region_loss:  10.0 10.0 loc_loss:  0.8938734436035156 reward_loss:  -44.69367218017578
epoch:  15 batch:  60 region_loss:  10.0 10.0 loc_loss:  0.9676749420166015 reward_loss:  -48.38371658325195
epoch:  15 batch:  70 region_loss:  10.0 10.0 loc_loss:  0.9139759063720703 reward_loss:  -45.69879913330078
epoch:  15 batch:  80 region_loss:  10.0 10.0 loc_loss:  0.9932913208007812 reward_loss:  -49.66456604003906
epoch:  15 batch:  90 region_loss:  6.0 6.0 loc_loss:  0.6060282897949218 reward_loss:  -30.30141258239746
epoch:  15 batch:  100 region_loss:  8.0 8.0 loc_loss:  0.7187319946289062 reward_loss:  -35.93659973144531
epoch:  15 batch:  110 region_loss:  4.0 4.0 loc_loss:  0.42493812561035155 reward_loss:  -21.24690818786621
epoch:  15 batch:  120 region_loss:  5.0 5.0 loc_loss:  0.4892247772216797 reward_loss:  -24.46123504638672
epoch:  15 batch:  130 region_loss:  7.0 7.0 loc_loss:  0.7046723175048828 reward_loss:  -35.233619689941406
acc@1:  0.1396989651928504
epoch: 15 region loss 0.17051094890510948 loc loss 0.7889749591019901 reward loss -39.4487416761635
epoch:  16 batch:  0 region_loss:  10.0 10.0 loc_loss:  0.9009214782714844 reward_loss:  -45.04607391357422
epoch:  16 batch:  10 region_loss:  10.0 10.0 loc_loss:  0.9263249206542968 reward_loss:  -46.31621551513672
epoch:  16 batch:  20 region_loss:  10.0 10.0 loc_loss:  0.8222969055175782 reward_loss:  -41.11484909057617
epoch:  16 batch:  30 region_loss:  10.0 10.0 loc_loss:  0.8823391723632813 reward_loss:  -44.11695098876953
epoch:  16 batch:  40 region_loss:  10.0 10.0 loc_loss:  0.9657936859130859 reward_loss:  -48.28968048095703
epoch:  16 batch:  50 region_loss:  10.0 10.0 loc_loss:  0.8441351318359375 reward_loss:  -42.20675277709961
epoch:  16 batch:  60 region_loss:  10.0 10.0 loc_loss:  0.9202829742431641 reward_loss:  -46.0141487121582
epoch:  16 batch:  70 region_loss:  10.0 10.0 loc_loss:  0.8667298889160157 reward_loss:  -43.33649826049805
epoch:  16 batch:  80 region_loss:  10.0 10.0 loc_loss:  0.9493310546875 reward_loss:  -47.466548919677734
epoch:  16 batch:  90 region_loss:  6.0 6.0 loc_loss:  0.5780508804321289 reward_loss:  -28.902545928955078
epoch:  16 batch:  100 region_loss:  8.0 8.0 loc_loss:  0.6837010192871094 reward_loss:  -34.18505096435547
epoch:  16 batch:  110 region_loss:  4.0 4.0 loc_loss:  0.4041107940673828 reward_loss:  -20.20553970336914
epoch:  16 batch:  120 region_loss:  5.0 5.0 loc_loss:  0.4633294677734375 reward_loss:  -23.166479110717773
epoch:  16 batch:  130 region_loss:  7.0 7.0 loc_loss:  0.6719976806640625 reward_loss:  -33.59988021850586
acc@1:  0.138758231420508
epoch: 16 region loss 0.17051094890510948 loc loss 0.7497386030211065 reward loss -37.486928577840764
epoch:  17 batch:  0 region_loss:  10.0 10.0 loc_loss:  0.8522614288330078 reward_loss:  -42.613067626953125
epoch:  17 batch:  10 region_loss:  10.0 10.0 loc_loss:  0.8806646728515625 reward_loss:  -44.033241271972656
epoch:  17 batch:  20 region_loss:  10.0 10.0 loc_loss:  0.7806435394287109 reward_loss:  -39.03217315673828
epoch:  17 batch:  30 region_loss:  10.0 10.0 loc_loss:  0.8337135314941406 reward_loss:  -41.6856689453125
epoch:  17 batch:  40 region_loss:  10.0 10.0 loc_loss:  0.9265995788574218 reward_loss:  -46.329978942871094
epoch:  17 batch:  50 region_loss:  10.0 10.0 loc_loss:  0.7997096252441406 reward_loss:  -39.98548126220703
epoch:  17 batch:  60 region_loss:  10.0 10.0 loc_loss:  0.8757093048095703 reward_loss:  -43.785465240478516
epoch:  17 batch:  70 region_loss:  10.0 10.0 loc_loss:  0.8236148071289062 reward_loss:  -41.18073654174805
epoch:  17 batch:  80 region_loss:  10.0 10.0 loc_loss:  0.9079364013671875 reward_loss:  -45.39682388305664
epoch:  17 batch:  90 region_loss:  6.0 6.0 loc_loss:  0.5518001556396485 reward_loss:  -27.590007781982422
epoch:  17 batch:  100 region_loss:  8.0 8.0 loc_loss:  0.6515915679931641 reward_loss:  -32.5795783996582
epoch:  17 batch:  110 region_loss:  4.0 4.0 loc_loss:  0.38413421630859373 reward_loss:  -19.20671272277832
epoch:  17 batch:  120 region_loss:  5.0 5.0 loc_loss:  0.4389194869995117 reward_loss:  -21.945972442626953
epoch:  17 batch:  130 region_loss:  7.0 7.0 loc_loss:  0.6415084075927734 reward_loss:  -32.07542037963867
acc@1:  0.13687676387582315
epoch: 17 region loss 0.17051094890510948 loc loss 0.7136809190346376 reward loss -35.68404538091952
epoch:  18 batch:  0 region_loss:  10.0 10.0 loc_loss:  0.8077381896972656 reward_loss:  -40.386905670166016
epoch:  18 batch:  10 region_loss:  10.0 10.0 loc_loss:  0.838610610961914 reward_loss:  -41.93052673339844
epoch:  18 batch:  20 region_loss:  10.0 10.0 loc_loss:  0.7432640838623047 reward_loss:  -37.163204193115234
epoch:  18 batch:  30 region_loss:  10.0 10.0 loc_loss:  0.7898200988769531 reward_loss:  -39.49100112915039
epoch:  18 batch:  40 region_loss:  10.0 10.0 loc_loss:  0.8904714965820313 reward_loss:  -44.5235710144043
epoch:  18 batch:  50 region_loss:  10.0 10.0 loc_loss:  0.7597602844238281 reward_loss:  -37.988014221191406
epoch:  18 batch:  60 region_loss:  10.0 10.0 loc_loss:  0.8336723327636719 reward_loss:  -41.68362808227539
epoch:  18 batch:  70 region_loss:  10.0 10.0 loc_loss:  0.7842221832275391 reward_loss:  -39.21110916137695
epoch:  18 batch:  80 region_loss:  10.0 10.0 loc_loss:  0.8686482238769532 reward_loss:  -43.432411193847656
epoch:  18 batch:  90 region_loss:  6.0 6.0 loc_loss:  0.5270257568359376 reward_loss:  -26.351289749145508
epoch:  18 batch:  100 region_loss:  8.0 8.0 loc_loss:  0.6217865753173828 reward_loss:  -31.08932876586914
epoch:  18 batch:  110 region_loss:  4.0 4.0 loc_loss:  0.36512104034423826 reward_loss:  -18.25605010986328
epoch:  18 batch:  120 region_loss:  5.0 5.0 loc_loss:  0.4158754730224609 reward_loss:  -20.793773651123047
epoch:  18 batch:  130 region_loss:  7.0 7.0 loc_loss:  0.6129265975952148 reward_loss:  -30.64632797241211
acc@1:  0.13781749764816556
epoch: 18 region loss 0.17051094890510948 loc loss 0.6804137974759957 reward loss -34.02068909415363
epoch:  19 batch:  0 region_loss:  10.0 10.0 loc_loss:  0.7667893981933593 reward_loss:  -38.33946990966797
epoch:  19 batch:  10 region_loss:  10.0 10.0 loc_loss:  0.7998394775390625 reward_loss:  -39.991973876953125
epoch:  19 batch:  20 region_loss:  10.0 10.0 loc_loss:  0.7094181060791016 reward_loss:  -35.47090530395508
epoch:  19 batch:  30 region_loss:  10.0 10.0 loc_loss:  0.7498355865478515 reward_loss:  -37.49177932739258
epoch:  19 batch:  40 region_loss:  10.0 10.0 loc_loss:  0.8569236755371094 reward_loss:  -42.8461799621582
epoch:  19 batch:  50 region_loss:  10.0 10.0 loc_loss:  0.7234545135498047 reward_loss:  -36.1727294921875
epoch:  19 batch:  60 region_loss:  10.0 10.0 loc_loss:  0.7938231658935547 reward_loss:  -39.691097259521484
epoch:  19 batch:  70 region_loss:  10.0 10.0 loc_loss:  0.7479343414306641 reward_loss:  -37.39671325683594
epoch:  19 batch:  80 region_loss:  10.0 10.0 loc_loss:  0.8312385559082032 reward_loss:  -41.561927795410156
epoch:  19 batch:  90 region_loss:  6.0 6.0 loc_loss:  0.5036894607543946 reward_loss:  -25.184473037719727
epoch:  19 batch:  100 region_loss:  8.0 8.0 loc_loss:  0.5938639450073242 reward_loss:  -29.693199157714844
epoch:  19 batch:  110 region_loss:  4.0 4.0 loc_loss:  0.34692939758300784 reward_loss:  -17.346464157104492
epoch:  19 batch:  120 region_loss:  5.0 5.0 loc_loss:  0.3941454315185547 reward_loss:  -19.70726776123047
epoch:  19 batch:  130 region_loss:  7.0 7.0 loc_loss:  0.5859363174438477 reward_loss:  -29.296815872192383
acc@1:  0.13828786453433678
epoch: 19 region loss 0.17051094890510948 loc loss 0.6495529836111694 reward loss -32.477648157272895
epoch:  20 batch:  0 region_loss:  10.0 10.0 loc_loss:  0.7288284301757812 reward_loss:  -36.4414176940918
epoch:  20 batch:  10 region_loss:  10.0 10.0 loc_loss:  0.763818130493164 reward_loss:  -38.1909065246582
epoch:  20 batch:  20 region_loss:  10.0 10.0 loc_loss:  0.6785303497314453 reward_loss:  -33.926513671875
epoch:  20 batch:  30 region_loss:  10.0 10.0 loc_loss:  0.7132335662841797 reward_loss:  -35.661678314208984
epoch:  20 batch:  40 region_loss:  10.0 10.0 loc_loss:  0.8253293609619141 reward_loss:  -41.2664680480957
epoch:  20 batch:  50 region_loss:  10.0 10.0 loc_loss:  0.6900794219970703 reward_loss:  -34.50397491455078
epoch:  20 batch:  60 region_loss:  10.0 10.0 loc_loss:  0.756104736328125 reward_loss:  -37.80523681640625
epoch:  20 batch:  70 region_loss:  10.0 10.0 loc_loss:  0.7142736053466797 reward_loss:  -35.713680267333984
epoch:  20 batch:  80 region_loss:  10.0 10.0 loc_loss:  0.7955225372314453 reward_loss:  -39.776123046875
epoch:  20 batch:  90 region_loss:  6.0 6.0 loc_loss:  0.4816250991821289 reward_loss:  -24.081253051757812
epoch:  20 batch:  100 region_loss:  8.0 8.0 loc_loss:  0.5673435211181641 reward_loss:  -28.367172241210938
epoch:  20 batch:  110 region_loss:  4.0 4.0 loc_loss:  0.3296885681152344 reward_loss:  -16.484426498413086
epoch:  20 batch:  120 region_loss:  5.0 5.0 loc_loss:  0.37366161346435545 reward_loss:  -18.683080673217773
epoch:  20 batch:  130 region_loss:  7.0 7.0 loc_loss:  0.5603393173217773 reward_loss:  -28.0169677734375
acc@1:  0.1396989651928504
epoch: 20 region loss 0.17051094890510948 loc loss 0.6207463769843108 reward loss -31.037329395322033
epoch:  21 batch:  0 region_loss:  10.0 10.0 loc_loss:  0.6934415435791016 reward_loss:  -34.67207717895508
epoch:  21 batch:  10 region_loss:  10.0 10.0 loc_loss:  0.7302191162109375 reward_loss:  -36.510955810546875
epoch:  21 batch:  20 region_loss:  10.0 10.0 loc_loss:  0.6501826477050782 reward_loss:  -32.50912857055664
epoch:  21 batch:  30 region_loss:  10.0 10.0 loc_loss:  0.6794510650634765 reward_loss:  -33.97254943847656
epoch:  21 batch:  40 region_loss:  10.0 10.0 loc_loss:  0.7954159545898437 reward_loss:  -39.77079772949219
epoch:  21 batch:  50 region_loss:  10.0 10.0 loc_loss:  0.659166488647461 reward_loss:  -32.95832443237305
epoch:  21 batch:  60 region_loss:  10.0 10.0 loc_loss:  0.7203095245361328 reward_loss:  -36.01547622680664
epoch:  21 batch:  70 region_loss:  10.0 10.0 loc_loss:  0.6828118133544921 reward_loss:  -34.14059829711914
epoch:  21 batch:  80 region_loss:  10.0 10.0 loc_loss:  0.7612686920166015 reward_loss:  -38.06343078613281
epoch:  21 batch:  90 region_loss:  6.0 6.0 loc_loss:  0.4607144546508789 reward_loss:  -23.03571891784668
epoch:  21 batch:  100 region_loss:  8.0 8.0 loc_loss:  0.5420597457885742 reward_loss:  -27.102985382080078
epoch:  21 batch:  110 region_loss:  4.0 4.0 loc_loss:  0.313275032043457 reward_loss:  -15.663752555847168
epoch:  21 batch:  120 region_loss:  5.0 5.0 loc_loss:  0.3542211151123047 reward_loss:  -17.7110538482666
epoch:  21 batch:  130 region_loss:  7.0 7.0 loc_loss:  0.5358727645874023 reward_loss:  -26.793636322021484
acc@1:  0.14063969896519285
epoch: 21 region loss 0.17051094890510948 loc loss 0.5936774610254887 reward loss -29.683871707777037
epoch:  22 batch:  0 region_loss:  10.0 10.0 loc_loss:  0.6602384948730469 reward_loss:  -33.011924743652344
epoch:  22 batch:  10 region_loss:  10.0 10.0 loc_loss:  0.6987247467041016 reward_loss:  -34.936241149902344
epoch:  22 batch:  20 region_loss:  10.0 10.0 loc_loss:  0.6238286590576172 reward_loss:  -31.19143295288086
epoch:  22 batch:  30 region_loss:  10.0 10.0 loc_loss:  0.6480092620849609 reward_loss:  -32.40046310424805
epoch:  22 batch:  40 region_loss:  10.0 10.0 loc_loss:  0.7666963195800781 reward_loss:  -38.334815979003906
epoch:  22 batch:  50 region_loss:  10.0 10.0 loc_loss:  0.6302466583251953 reward_loss:  -31.512332916259766
epoch:  22 batch:  60 region_loss:  10.0 10.0 loc_loss:  0.6864443969726562 reward_loss:  -34.32221221923828
epoch:  22 batch:  70 region_loss:  10.0 10.0 loc_loss:  0.6532209014892578 reward_loss:  -32.661041259765625
epoch:  22 batch:  80 region_loss:  10.0 10.0 loc_loss:  0.7283759307861328 reward_loss:  -36.41879653930664
epoch:  22 batch:  90 region_loss:  6.0 6.0 loc_loss:  0.4407228088378906 reward_loss:  -22.03614044189453
epoch:  22 batch:  100 region_loss:  8.0 8.0 loc_loss:  0.5177388000488281 reward_loss:  -25.88693618774414
epoch:  22 batch:  110 region_loss:  4.0 4.0 loc_loss:  0.2975741195678711 reward_loss:  -14.87870979309082
epoch:  22 batch:  120 region_loss:  5.0 5.0 loc_loss:  0.335788688659668 reward_loss:  -16.7894344329834
epoch:  22 batch:  130 region_loss:  7.0 7.0 loc_loss:  0.5124200439453125 reward_loss:  -25.621002197265625
acc@1:  0.13828786453433678
epoch: 22 region loss 0.17051094890510948 loc loss 0.568109222885466 reward loss -28.405458805334828
epoch:  23 batch:  0 region_loss:  10.0 10.0 loc_loss:  0.6289435577392578 reward_loss:  -31.44717788696289
epoch:  23 batch:  10 region_loss:  10.0 10.0 loc_loss:  0.6689856719970703 reward_loss:  -33.449275970458984
epoch:  23 batch:  20 region_loss:  10.0 10.0 loc_loss:  0.5992267608642579 reward_loss:  -29.96133804321289
epoch:  23 batch:  30 region_loss:  10.0 10.0 loc_loss:  0.6185543823242188 reward_loss:  -30.927719116210938
epoch:  23 batch:  40 region_loss:  10.0 10.0 loc_loss:  0.7390626525878906 reward_loss:  -36.95313262939453
epoch:  23 batch:  50 region_loss:  10.0 10.0 loc_loss:  0.6031045913696289 reward_loss:  -30.155231475830078
epoch:  23 batch:  60 region_loss:  10.0 10.0 loc_loss:  0.6542807769775391 reward_loss:  -32.71404266357422
epoch:  23 batch:  70 region_loss:  10.0 10.0 loc_loss:  0.6251665115356445 reward_loss:  -31.258331298828125
epoch:  23 batch:  80 region_loss:  10.0 10.0 loc_loss:  0.6967459106445313 reward_loss:  -34.83729553222656
epoch:  23 batch:  90 region_loss:  6.0 6.0 loc_loss:  0.42159820556640626 reward_loss:  -21.079910278320312
epoch:  23 batch:  100 region_loss:  8.0 8.0 loc_loss:  0.49429813385009763 reward_loss:  -24.71490478515625
epoch:  23 batch:  110 region_loss:  4.0 4.0 loc_loss:  0.2825947380065918 reward_loss:  -14.129737854003906
epoch:  23 batch:  120 region_loss:  5.0 5.0 loc_loss:  0.31824699401855466 reward_loss:  -15.912351608276367
epoch:  23 batch:  130 region_loss:  7.0 7.0 loc_loss:  0.48990913391113283 reward_loss:  -24.49545669555664
acc@1:  0.1354656632173095
epoch: 23 region loss 0.17051094890510948 loc loss 0.5438168896027725 reward loss -27.19084240572296
epoch:  24 batch:  0 region_loss:  10.0 10.0 loc_loss:  0.599256477355957 reward_loss:  -29.962825775146484
epoch:  24 batch:  10 region_loss:  10.0 10.0 loc_loss:  0.6408278656005859 reward_loss:  -32.04138946533203
epoch:  24 batch:  20 region_loss:  10.0 10.0 loc_loss:  0.5759004211425781 reward_loss:  -28.795019149780273
epoch:  24 batch:  30 region_loss:  10.0 10.0 loc_loss:  0.5907111740112305 reward_loss:  -29.535560607910156
epoch:  24 batch:  40 region_loss:  10.0 10.0 loc_loss:  0.7123906707763672 reward_loss:  -35.61953353881836
epoch:  24 batch:  50 region_loss:  10.0 10.0 loc_loss:  0.5774434661865234 reward_loss:  -28.872173309326172
epoch:  24 batch:  60 region_loss:  10.0 10.0 loc_loss:  0.6237992858886718 reward_loss:  -31.189964294433594
epoch:  24 batch:  70 region_loss:  10.0 10.0 loc_loss:  0.5986080932617187 reward_loss:  -29.930395126342773
epoch:  24 batch:  80 region_loss:  10.0 10.0 loc_loss:  0.6662870025634766 reward_loss:  -33.31435012817383
epoch:  24 batch:  90 region_loss:  6.0 6.0 loc_loss:  0.40319099426269533 reward_loss:  -20.1595516204834
epoch:  24 batch:  100 region_loss:  8.0 8.0 loc_loss:  0.4717793273925781 reward_loss:  -23.588966369628906
epoch:  24 batch:  110 region_loss:  4.0 4.0 loc_loss:  0.26823081970214846 reward_loss:  -13.411539077758789
epoch:  24 batch:  120 region_loss:  5.0 5.0 loc_loss:  0.30157894134521485 reward_loss:  -15.078948020935059
epoch:  24 batch:  130 region_loss:  7.0 7.0 loc_loss:  0.46817928314208984 reward_loss:  -23.40896224975586
acc@1:  0.13311382878645345
epoch: 24 region loss 0.17051094890510948 loc loss 0.5206557560663153 reward loss -26.03279133956798
epoch:  25 batch:  0 region_loss:  10.0 10.0 loc_loss:  0.571078987121582 reward_loss:  -28.5539493560791
epoch:  25 batch:  10 region_loss:  10.0 10.0 loc_loss:  0.6139505004882813 reward_loss:  -30.69752311706543
epoch:  25 batch:  20 region_loss:  10.0 10.0 loc_loss:  0.5537613296508789 reward_loss:  -27.688066482543945
epoch:  25 batch:  30 region_loss:  10.0 10.0 loc_loss:  0.5642626571655274 reward_loss:  -28.213130950927734
epoch:  25 batch:  40 region_loss:  10.0 10.0 loc_loss:  0.6863566589355469 reward_loss:  -34.31782913208008
epoch:  25 batch:  50 region_loss:  10.0 10.0 loc_loss:  0.5530522537231445 reward_loss:  -27.65261459350586
epoch:  25 batch:  60 region_loss:  10.0 10.0 loc_loss:  0.5947524261474609 reward_loss:  -29.737613677978516
epoch:  25 batch:  70 region_loss:  10.0 10.0 loc_loss:  0.573245620727539 reward_loss:  -28.66228485107422
epoch:  25 batch:  80 region_loss:  10.0 10.0 loc_loss:  0.6369680404663086 reward_loss:  -31.848400115966797
epoch:  25 batch:  90 region_loss:  6.0 6.0 loc_loss:  0.3854751968383789 reward_loss:  -19.273761749267578
epoch:  25 batch:  100 region_loss:  8.0 8.0 loc_loss:  0.4499466323852539 reward_loss:  -22.497329711914062
epoch:  25 batch:  110 region_loss:  4.0 4.0 loc_loss:  0.2544287109375 reward_loss:  -12.721431732177734
epoch:  25 batch:  120 region_loss:  5.0 5.0 loc_loss:  0.28571407318115233 reward_loss:  -14.285703659057617
epoch:  25 batch:  130 region_loss:  7.0 7.0 loc_loss:  0.4471793746948242 reward_loss:  -22.35896873474121
acc@1:  0.13123236124176857
epoch: 25 region loss 0.17051094890510948 loc loss 0.498471582649398 reward loss -24.923573915105667
epoch:  26 batch:  0 region_loss:  10.0 10.0 loc_loss:  0.5441408157348633 reward_loss:  -27.2070369720459
epoch:  26 batch:  10 region_loss:  10.0 10.0 loc_loss:  0.5882335281372071 reward_loss:  -29.411678314208984
epoch:  26 batch:  20 region_loss:  10.0 10.0 loc_loss:  0.5325074005126953 reward_loss:  -26.625364303588867
epoch:  26 batch:  30 region_loss:  10.0 10.0 loc_loss:  0.5389773941040039 reward_loss:  -26.948867797851562
epoch:  26 batch:  40 region_loss:  10.0 10.0 loc_loss:  0.661046142578125 reward_loss:  -33.05230712890625
epoch:  26 batch:  50 region_loss:  10.0 10.0 loc_loss:  0.529828109741211 reward_loss:  -26.491405487060547
epoch:  26 batch:  60 region_loss:  10.0 10.0 loc_loss:  0.5670191192626953 reward_loss:  -28.350961685180664
epoch:  26 batch:  70 region_loss:  10.0 10.0 loc_loss:  0.5489935684204101 reward_loss:  -27.449682235717773
epoch:  26 batch:  80 region_loss:  10.0 10.0 loc_loss:  0.6085913467407227 reward_loss:  -30.4295711517334
epoch:  26 batch:  90 region_loss:  6.0 6.0 loc_loss:  0.36826362609863283 reward_loss:  -18.413179397583008
epoch:  26 batch:  100 region_loss:  8.0 8.0 loc_loss:  0.42895309448242186 reward_loss:  -21.44765281677246
epoch:  26 batch:  110 region_loss:  4.0 4.0 loc_loss:  0.2411661148071289 reward_loss:  -12.058303833007812
epoch:  26 batch:  120 region_loss:  5.0 5.0 loc_loss:  0.2705309295654297 reward_loss:  -13.526546478271484
epoch:  26 batch:  130 region_loss:  7.0 7.0 loc_loss:  0.4269325637817383 reward_loss:  -21.346630096435547
acc@1:  0.13029162746942616
epoch: 26 region loss 0.17051094890510948 loc loss 0.47714985575989216 reward loss -23.857491521069605
epoch:  27 batch:  0 region_loss:  10.0 10.0 loc_loss:  0.5184586334228516 reward_loss:  -25.92293357849121
epoch:  27 batch:  10 region_loss:  10.0 10.0 loc_loss:  0.5634286880493165 reward_loss:  -28.171436309814453
epoch:  27 batch:  20 region_loss:  10.0 10.0 loc_loss:  0.5121134948730469 reward_loss:  -25.605674743652344
epoch:  27 batch:  30 region_loss:  10.0 10.0 loc_loss:  0.5146524810791016 reward_loss:  -25.732624053955078
epoch:  27 batch:  40 region_loss:  10.0 10.0 loc_loss:  0.6363091659545899 reward_loss:  -31.815458297729492
epoch:  27 batch:  50 region_loss:  10.0 10.0 loc_loss:  0.5075094604492187 reward_loss:  -25.375473022460938
epoch:  27 batch:  60 region_loss:  10.0 10.0 loc_loss:  0.5404978179931641 reward_loss:  -27.024890899658203
epoch:  27 batch:  70 region_loss:  10.0 10.0 loc_loss:  0.525746955871582 reward_loss:  -26.287342071533203
epoch:  27 batch:  80 region_loss:  10.0 10.0 loc_loss:  0.5810454177856446 reward_loss:  -29.052268981933594
epoch:  27 batch:  90 region_loss:  6.0 6.0 loc_loss:  0.35154960632324217 reward_loss:  -17.577476501464844
epoch:  27 batch:  100 region_loss:  8.0 8.0 loc_loss:  0.40862857818603515 reward_loss:  -20.431427001953125
epoch:  27 batch:  110 region_loss:  4.0 4.0 loc_loss:  0.22837862014770507 reward_loss:  -11.418931007385254
epoch:  27 batch:  120 region_loss:  5.0 5.0 loc_loss:  0.2560365867614746 reward_loss:  -12.801827430725098
epoch:  27 batch:  130 region_loss:  7.0 7.0 loc_loss:  0.40723602294921873 reward_loss:  -20.361801147460938
acc@1:  0.1284101599247413
epoch: 27 region loss 0.17051094890510948 loc loss 0.45659517211635614 reward loss -22.82975790970517
epoch:  28 batch:  0 region_loss:  10.0 10.0 loc_loss:  0.49388660430908204 reward_loss:  -24.6943302154541
epoch:  28 batch:  10 region_loss:  10.0 10.0 loc_loss:  0.5395024871826172 reward_loss:  -26.975126266479492
epoch:  28 batch:  20 region_loss:  10.0 10.0 loc_loss:  0.49246528625488284 reward_loss:  -24.623262405395508
epoch:  28 batch:  30 region_loss:  10.0 10.0 loc_loss:  0.4912324142456055 reward_loss:  -24.561622619628906
epoch:  28 batch:  40 region_loss:  10.0 10.0 loc_loss:  0.6121018981933594 reward_loss:  -30.6050968170166
epoch:  28 batch:  50 region_loss:  10.0 10.0 loc_loss:  0.48604129791259765 reward_loss:  -24.302066802978516
epoch:  28 batch:  60 region_loss:  10.0 10.0 loc_loss:  0.5150979995727539 reward_loss:  -25.754899978637695
epoch:  28 batch:  70 region_loss:  10.0 10.0 loc_loss:  0.5033353042602539 reward_loss:  -25.166765213012695
epoch:  28 batch:  80 region_loss:  10.0 10.0 loc_loss:  0.5543616485595703 reward_loss:  -27.71808624267578
epoch:  28 batch:  90 region_loss:  6.0 6.0 loc_loss:  0.3352184295654297 reward_loss:  -16.760923385620117
epoch:  28 batch:  100 region_loss:  8.0 8.0 loc_loss:  0.3890280914306641 reward_loss:  -19.451400756835938
epoch:  28 batch:  110 region_loss:  4.0 4.0 loc_loss:  0.21607233047485352 reward_loss:  -10.803617477416992
epoch:  28 batch:  120 region_loss:  5.0 5.0 loc_loss:  0.2421583366394043 reward_loss:  -12.107916831970215
epoch:  28 batch:  130 region_loss:  7.0 7.0 loc_loss:  0.3881067276000977 reward_loss:  -19.40533447265625
acc@1:  0.1279397930385701
epoch: 28 region loss 0.17051094890510948 loc loss 0.43673133808330894 reward loss -21.83656646909505
epoch:  29 batch:  0 region_loss:  10.0 10.0 loc_loss:  0.4702647399902344 reward_loss:  -23.51323890686035
epoch:  29 batch:  10 region_loss:  10.0 10.0 loc_loss:  0.5162400817871093 reward_loss:  -25.812007904052734
epoch:  29 batch:  20 region_loss:  10.0 10.0 loc_loss:  0.47335079193115237 reward_loss:  -23.667539596557617
epoch:  29 batch:  30 region_loss:  10.0 10.0 loc_loss:  0.4685833740234375 reward_loss:  -23.429166793823242
epoch:  29 batch:  40 region_loss:  10.0 10.0 loc_loss:  0.5883883285522461 reward_loss:  -29.419414520263672
epoch:  29 batch:  50 region_loss:  10.0 10.0 loc_loss:  0.46535003662109375 reward_loss:  -23.267505645751953
epoch:  29 batch:  60 region_loss:  10.0 10.0 loc_loss:  0.4906743621826172 reward_loss:  -24.533716201782227
epoch:  29 batch:  70 region_loss:  10.0 10.0 loc_loss:  0.48177692413330075 reward_loss:  -24.08884620666504
epoch:  29 batch:  80 region_loss:  10.0 10.0 loc_loss:  0.5284607696533203 reward_loss:  -26.42303466796875
epoch:  29 batch:  90 region_loss:  6.0 6.0 loc_loss:  0.31939897537231443 reward_loss:  -15.969948768615723
epoch:  29 batch:  100 region_loss:  8.0 8.0 loc_loss:  0.37009693145751954 reward_loss:  -18.504846572875977
epoch:  29 batch:  110 region_loss:  4.0 4.0 loc_loss:  0.20416046142578126 reward_loss:  -10.208024978637695
epoch:  29 batch:  120 region_loss:  5.0 5.0 loc_loss:  0.22884687423706054 reward_loss:  -11.442342758178711
epoch:  29 batch:  130 region_loss:  7.0 7.0 loc_loss:  0.36951263427734377 reward_loss:  -18.475629806518555
acc@1:  0.12605832549388524
epoch: 29 region loss 0.17051094890510948 loc loss 0.417504139155367 reward loss -20.875206661920476
epoch:  30 batch:  0 region_loss:  10.0 10.0 loc_loss:  0.44752017974853514 reward_loss:  -22.37601089477539
epoch:  30 batch:  10 region_loss:  10.0 10.0 loc_loss:  0.49378036499023437 reward_loss:  -24.68902015686035
epoch:  30 batch:  20 region_loss:  10.0 10.0 loc_loss:  0.45483997344970706 reward_loss:  -22.74199867248535
epoch:  30 batch:  30 region_loss:  10.0 10.0 loc_loss:  0.4466554260253906 reward_loss:  -22.33277130126953
epoch:  30 batch:  40 region_loss:  10.0 10.0 loc_loss:  0.5651746368408204 reward_loss:  -28.258731842041016
epoch:  30 batch:  50 region_loss:  10.0 10.0 loc_loss:  0.4452060699462891 reward_loss:  -22.260305404663086
epoch:  30 batch:  60 region_loss:  10.0 10.0 loc_loss:  0.46718372344970704 reward_loss:  -23.359188079833984
epoch:  30 batch:  70 region_loss:  10.0 10.0 loc_loss:  0.4608560943603516 reward_loss:  -23.042804718017578
epoch:  30 batch:  80 region_loss:  10.0 10.0 loc_loss:  0.5033123397827148 reward_loss:  -25.165618896484375
epoch:  30 batch:  90 region_loss:  6.0 6.0 loc_loss:  0.3039512825012207 reward_loss:  -15.197565078735352
epoch:  30 batch:  100 region_loss:  8.0 8.0 loc_loss:  0.35173538208007815 reward_loss:  -17.586767196655273
epoch:  30 batch:  110 region_loss:  4.0 4.0 loc_loss:  0.19267637252807618 reward_loss:  -9.633819580078125
epoch:  30 batch:  120 region_loss:  5.0 5.0 loc_loss:  0.2160913848876953 reward_loss:  -10.804569244384766
epoch:  30 batch:  130 region_loss:  7.0 7.0 loc_loss:  0.3514487075805664 reward_loss:  -17.57243537902832
acc@1:  0.12605832549388524
epoch: 30 region loss 0.17051094890510948 loc loss 0.3988781523182444 reward loss -19.943907288739283
epoch:  31 batch:  0 region_loss:  10.0 10.0 loc_loss:  0.4256925582885742 reward_loss:  -21.28462791442871
epoch:  31 batch:  10 region_loss:  10.0 10.0 loc_loss:  0.47186767578125 reward_loss:  -23.593385696411133
epoch:  31 batch:  20 region_loss:  10.0 10.0 loc_loss:  0.43680313110351565 reward_loss:  -21.840160369873047
epoch:  31 batch:  30 region_loss:  10.0 10.0 loc_loss:  0.42546104431152343 reward_loss:  -21.273054122924805
epoch:  31 batch:  40 region_loss:  10.0 10.0 loc_loss:  0.5423979949951172 reward_loss:  -27.11989402770996
epoch:  31 batch:  50 region_loss:  10.0 10.0 loc_loss:  0.42580562591552734 reward_loss:  -21.290279388427734
epoch:  31 batch:  60 region_loss:  10.0 10.0 loc_loss:  0.4443336486816406 reward_loss:  -22.216684341430664
epoch:  31 batch:  70 region_loss:  10.0 10.0 loc_loss:  0.44055767059326173 reward_loss:  -22.02788543701172
epoch:  31 batch:  80 region_loss:  10.0 10.0 loc_loss:  0.4788368225097656 reward_loss:  -23.941844940185547
epoch:  31 batch:  90 region_loss:  6.0 6.0 loc_loss:  0.28899560928344725 reward_loss:  -14.449779510498047
epoch:  31 batch:  100 region_loss:  8.0 8.0 loc_loss:  0.3340620422363281 reward_loss:  -16.703100204467773
epoch:  31 batch:  110 region_loss:  4.0 4.0 loc_loss:  0.18154727935791015 reward_loss:  -9.077363014221191
epoch:  31 batch:  120 region_loss:  5.0 5.0 loc_loss:  0.20383508682250975 reward_loss:  -10.191752433776855
epoch:  31 batch:  130 region_loss:  7.0 7.0 loc_loss:  0.3339016723632813 reward_loss:  -16.695083618164062
acc@1:  0.12417685794920037
epoch: 31 region loss 0.17051094890510948 loc loss 0.3808504289432164 reward loss -19.042523053440735
epoch:  32 batch:  0 region_loss:  10.0 10.0 loc_loss:  0.4046308135986328 reward_loss:  -20.231544494628906
epoch:  32 batch:  10 region_loss:  10.0 10.0 loc_loss:  0.450527229309082 reward_loss:  -22.526363372802734
epoch:  32 batch:  20 region_loss:  10.0 10.0 loc_loss:  0.41916881561279296 reward_loss:  -20.95844078063965
epoch:  32 batch:  30 region_loss:  10.0 10.0 loc_loss:  0.4048699951171875 reward_loss:  -20.243499755859375
epoch:  32 batch:  40 region_loss:  10.0 10.0 loc_loss:  0.5200865554809571 reward_loss:  -26.00433349609375
epoch:  32 batch:  50 region_loss:  10.0 10.0 loc_loss:  0.4068803405761719 reward_loss:  -20.344018936157227
epoch:  32 batch:  60 region_loss:  10.0 10.0 loc_loss:  0.422481575012207 reward_loss:  -21.12407684326172
epoch:  32 batch:  70 region_loss:  10.0 10.0 loc_loss:  0.4207910919189453 reward_loss:  -21.0395565032959
epoch:  32 batch:  80 region_loss:  10.0 10.0 loc_loss:  0.45499046325683595 reward_loss:  -22.74952507019043
epoch:  32 batch:  90 region_loss:  6.0 6.0 loc_loss:  0.27419462203979494 reward_loss:  -13.70973014831543
epoch:  32 batch:  100 region_loss:  8.0 8.0 loc_loss:  0.3169162368774414 reward_loss:  -15.845812797546387
epoch:  32 batch:  110 region_loss:  4.0 4.0 loc_loss:  0.17084938049316406 reward_loss:  -8.542468070983887
epoch:  32 batch:  120 region_loss:  5.0 5.0 loc_loss:  0.19210628509521485 reward_loss:  -9.605313301086426
epoch:  32 batch:  130 region_loss:  7.0 7.0 loc_loss:  0.31682825088500977 reward_loss:  -15.841412544250488
acc@1:  0.11994355597365945
epoch: 32 region loss 0.17051094890510948 loc loss 0.3632244873046875 reward loss -18.1612245897307
epoch:  33 batch:  0 region_loss:  10.0 10.0 loc_loss:  0.38426429748535157 reward_loss:  -19.213214874267578
epoch:  33 batch:  10 region_loss:  10.0 10.0 loc_loss:  0.4298040771484375 reward_loss:  -21.490203857421875
epoch:  33 batch:  20 region_loss:  10.0 10.0 loc_loss:  0.4020354080200195 reward_loss:  -20.101768493652344
epoch:  33 batch:  30 region_loss:  10.0 10.0 loc_loss:  0.38488174438476563 reward_loss:  -19.24408721923828
epoch:  33 batch:  40 region_loss:  10.0 10.0 loc_loss:  0.49823795318603514 reward_loss:  -24.911897659301758
epoch:  33 batch:  50 region_loss:  10.0 10.0 loc_loss:  0.3885079956054687 reward_loss:  -19.425399780273438
epoch:  33 batch:  60 region_loss:  10.0 10.0 loc_loss:  0.40104419708251954 reward_loss:  -20.052209854125977
epoch:  33 batch:  70 region_loss:  10.0 10.0 loc_loss:  0.40167549133300784 reward_loss:  -20.083776473999023
epoch:  33 batch:  80 region_loss:  10.0 10.0 loc_loss:  0.4318655395507813 reward_loss:  -21.593276977539062
epoch:  33 batch:  90 region_loss:  6.0 6.0 loc_loss:  0.26006208419799803 reward_loss:  -13.003106117248535
epoch:  33 batch:  100 region_loss:  8.0 8.0 loc_loss:  0.3004078674316406 reward_loss:  -15.020393371582031
epoch:  33 batch:  110 region_loss:  4.0 4.0 loc_loss:  0.1605048370361328 reward_loss:  -8.025240898132324
epoch:  33 batch:  120 region_loss:  5.0 5.0 loc_loss:  0.1807720947265625 reward_loss:  -9.038604736328125
epoch:  33 batch:  130 region_loss:  7.0 7.0 loc_loss:  0.30017297744750976 reward_loss:  -15.008650779724121
acc@1:  0.11759172154280338
epoch: 33 region loss 0.17051094890510948 loc loss 0.3461516883599497 reward loss -17.307583339022894
epoch:  34 batch:  0 region_loss:  10.0 10.0 loc_loss:  0.3646010589599609 reward_loss:  -18.230051040649414
epoch:  34 batch:  10 region_loss:  10.0 10.0 loc_loss:  0.4097154998779297 reward_loss:  -20.485774993896484
epoch:  34 batch:  20 region_loss:  10.0 10.0 loc_loss:  0.38532562255859376 reward_loss:  -19.266281127929688
epoch:  34 batch:  30 region_loss:  10.0 10.0 loc_loss:  0.36548789978027346 reward_loss:  -18.274396896362305
epoch:  34 batch:  40 region_loss:  10.0 10.0 loc_loss:  0.4767920684814453 reward_loss:  -23.839603424072266
epoch:  34 batch:  50 region_loss:  10.0 10.0 loc_loss:  0.37061141967773437 reward_loss:  -18.530567169189453
epoch:  34 batch:  60 region_loss:  10.0 10.0 loc_loss:  0.3806380844116211 reward_loss:  -19.031906127929688
epoch:  34 batch:  70 region_loss:  10.0 10.0 loc_loss:  0.38291473388671876 reward_loss:  -19.145736694335938
epoch:  34 batch:  80 region_loss:  10.0 10.0 loc_loss:  0.40927417755126955 reward_loss:  -20.46371078491211
epoch:  34 batch:  90 region_loss:  6.0 6.0 loc_loss:  0.24594253540039063 reward_loss:  -12.297126770019531
epoch:  34 batch:  100 region_loss:  8.0 8.0 loc_loss:  0.28436004638671875 reward_loss:  -14.218002319335938
epoch:  34 batch:  110 region_loss:  4.0 4.0 loc_loss:  0.15062637329101564 reward_loss:  -7.531319618225098
epoch:  34 batch:  120 region_loss:  5.0 5.0 loc_loss:  0.16992202758789063 reward_loss:  -8.496101379394531
epoch:  34 batch:  130 region_loss:  7.0 7.0 loc_loss:  0.284169864654541 reward_loss:  -14.20849323272705
acc@1:  0.11759172154280338
epoch: 34 region loss 0.17051094890510948 loc loss 0.3295325963862621 reward loss -16.47663657160571
epoch:  35 batch:  0 region_loss:  10.0 10.0 loc_loss:  0.34567401885986326 reward_loss:  -17.283702850341797
epoch:  35 batch:  10 region_loss:  10.0 10.0 loc_loss:  0.39004093170166015 reward_loss:  -19.502046585083008
epoch:  35 batch:  20 region_loss:  10.0 10.0 loc_loss:  0.3689545440673828 reward_loss:  -18.44772720336914
epoch:  35 batch:  30 region_loss:  10.0 10.0 loc_loss:  0.3467105865478516 reward_loss:  -17.335527420043945
epoch:  35 batch:  40 region_loss:  10.0 10.0 loc_loss:  0.4558278274536133 reward_loss:  -22.791391372680664
epoch:  35 batch:  50 region_loss:  10.0 10.0 loc_loss:  0.35318233489990236 reward_loss:  -17.659116744995117
epoch:  35 batch:  60 region_loss:  10.0 10.0 loc_loss:  0.360503044128418 reward_loss:  -18.0251522064209
epoch:  35 batch:  70 region_loss:  10.0 10.0 loc_loss:  0.36494640350341795 reward_loss:  -18.2473201751709
epoch:  35 batch:  80 region_loss:  10.0 10.0 loc_loss:  0.3874997329711914 reward_loss:  -19.374984741210938
epoch:  35 batch:  90 region_loss:  6.0 6.0 loc_loss:  0.23257968902587892 reward_loss:  -11.628984451293945
epoch:  35 batch:  100 region_loss:  8.0 8.0 loc_loss:  0.2689772033691406 reward_loss:  -13.448860168457031
epoch:  35 batch:  110 region_loss:  4.0 4.0 loc_loss:  0.14105792999267577 reward_loss:  -7.052896976470947
epoch:  35 batch:  120 region_loss:  5.0 5.0 loc_loss:  0.15952823638916017 reward_loss:  -7.976411819458008
epoch:  35 batch:  130 region_loss:  7.0 7.0 loc_loss:  0.26849306106567383 reward_loss:  -13.424653053283691
acc@1:  0.11712135465663218
epoch: 35 region loss 0.17051094890510948 loc loss 0.3134660607358835 reward loss -15.673306473850333
epoch:  36 batch:  0 region_loss:  10.0 10.0 loc_loss:  0.3273646545410156 reward_loss:  -16.368234634399414
epoch:  36 batch:  10 region_loss:  10.0 10.0 loc_loss:  0.370985107421875 reward_loss:  -18.549257278442383
epoch:  36 batch:  20 region_loss:  10.0 10.0 loc_loss:  0.3531861114501953 reward_loss:  -17.659305572509766
epoch:  36 batch:  30 region_loss:  10.0 10.0 loc_loss:  0.3285234069824219 reward_loss:  -16.426172256469727
epoch:  36 batch:  40 region_loss:  10.0 10.0 loc_loss:  0.43519622802734376 reward_loss:  -21.759811401367188
epoch:  36 batch:  50 region_loss:  10.0 10.0 loc_loss:  0.33631263732910155 reward_loss:  -16.815631866455078
epoch:  36 batch:  60 region_loss:  10.0 10.0 loc_loss:  0.34146068572998045 reward_loss:  -17.07303237915039
epoch:  36 batch:  70 region_loss:  10.0 10.0 loc_loss:  0.3471677780151367 reward_loss:  -17.358388900756836
epoch:  36 batch:  80 region_loss:  10.0 10.0 loc_loss:  0.36628017425537107 reward_loss:  -18.314008712768555
epoch:  36 batch:  90 region_loss:  6.0 6.0 loc_loss:  0.219224853515625 reward_loss:  -10.96124267578125
epoch:  36 batch:  100 region_loss:  8.0 8.0 loc_loss:  0.25403255462646485 reward_loss:  -12.701627731323242
epoch:  36 batch:  110 region_loss:  4.0 4.0 loc_loss:  0.13193734169006346 reward_loss:  -6.596864700317383
epoch:  36 batch:  120 region_loss:  5.0 5.0 loc_loss:  0.14966444969177245 reward_loss:  -7.483222484588623
epoch:  36 batch:  130 region_loss:  7.0 7.0 loc_loss:  0.25357492446899416 reward_loss:  -12.67874526977539
acc@1:  0.11712135465663218
epoch: 36 region loss 0.17051094890510948 loc loss 0.29789444519655545 reward loss -14.89472330138631
epoch:  37 batch:  0 region_loss:  10.0 10.0 loc_loss:  0.3097794342041016 reward_loss:  -15.488971710205078
epoch:  37 batch:  10 region_loss:  10.0 10.0 loc_loss:  0.3523516464233398 reward_loss:  -17.61758041381836
epoch:  37 batch:  20 region_loss:  10.0 10.0 loc_loss:  0.3375531005859375 reward_loss:  -16.877656936645508
epoch:  37 batch:  30 region_loss:  10.0 10.0 loc_loss:  0.3109518814086914 reward_loss:  -15.547595977783203
epoch:  37 batch:  40 region_loss:  10.0 10.0 loc_loss:  0.41525146484375 reward_loss:  -20.762571334838867
epoch:  37 batch:  50 region_loss:  10.0 10.0 loc_loss:  0.31990957260131836 reward_loss:  -15.995478630065918
epoch:  37 batch:  60 region_loss:  10.0 10.0 loc_loss:  0.322595100402832 reward_loss:  -16.1297550201416
epoch:  37 batch:  70 region_loss:  10.0 10.0 loc_loss:  0.3302020263671875 reward_loss:  -16.510101318359375
epoch:  37 batch:  80 region_loss:  10.0 10.0 loc_loss:  0.34586402893066404 reward_loss:  -17.293203353881836
epoch:  37 batch:  90 region_loss:  6.0 6.0 loc_loss:  0.20667226791381835 reward_loss:  -10.333612442016602
epoch:  37 batch:  100 region_loss:  8.0 8.0 loc_loss:  0.23965560913085937 reward_loss:  -11.982779502868652
epoch:  37 batch:  110 region_loss:  4.0 4.0 loc_loss:  0.12317450523376465 reward_loss:  -6.158724784851074
epoch:  37 batch:  120 region_loss:  5.0 5.0 loc_loss:  0.14021291732788085 reward_loss:  -7.010645866394043
epoch:  37 batch:  130 region_loss:  7.0 7.0 loc_loss:  0.23888637542724608 reward_loss:  -11.944318771362305
acc@1:  0.11429915333960489
epoch: 37 region loss 0.17051094890510948 loc loss 0.2829211760263373 reward loss -14.14605902233263
epoch:  38 batch:  0 region_loss:  10.0 10.0 loc_loss:  0.29284250259399414 reward_loss:  -14.642126083374023
epoch:  38 batch:  10 region_loss:  10.0 10.0 loc_loss:  0.33444503784179686 reward_loss:  -16.722251892089844
epoch:  38 batch:  20 region_loss:  10.0 10.0 loc_loss:  0.3228179931640625 reward_loss:  -16.140897750854492
epoch:  38 batch:  30 region_loss:  10.0 10.0 loc_loss:  0.29394969940185545 reward_loss:  -14.697484970092773
epoch:  38 batch:  40 region_loss:  10.0 10.0 loc_loss:  0.39551025390625 reward_loss:  -19.7755126953125
epoch:  38 batch:  50 region_loss:  10.0 10.0 loc_loss:  0.30419206619262695 reward_loss:  -15.209603309631348
epoch:  38 batch:  60 region_loss:  10.0 10.0 loc_loss:  0.3048716926574707 reward_loss:  -15.24358081817627
epoch:  38 batch:  70 region_loss:  10.0 10.0 loc_loss:  0.3134187126159668 reward_loss:  -15.67093563079834
epoch:  38 batch:  80 region_loss:  10.0 10.0 loc_loss:  0.3260061264038086 reward_loss:  -16.300304412841797
epoch:  38 batch:  90 region_loss:  6.0 6.0 loc_loss:  0.19414443969726564 reward_loss:  -9.707222938537598
epoch:  38 batch:  100 region_loss:  8.0 8.0 loc_loss:  0.22570466995239258 reward_loss:  -11.285232543945312
epoch:  38 batch:  110 region_loss:  4.0 4.0 loc_loss:  0.11489206314086914 reward_loss:  -5.744603157043457
epoch:  38 batch:  120 region_loss:  5.0 5.0 loc_loss:  0.13116199493408204 reward_loss:  -6.558099746704102
epoch:  38 batch:  130 region_loss:  7.0 7.0 loc_loss:  0.22497665405273437 reward_loss:  -11.248832702636719
acc@1:  0.11712135465663218
epoch: 38 region loss 0.17051094890510948 loc loss 0.268390264737345 reward loss -13.419513566650613
epoch:  39 batch:  0 region_loss:  10.0 10.0 loc_loss:  0.2765141868591309 reward_loss:  -13.825709342956543
epoch:  39 batch:  10 region_loss:  10.0 10.0 loc_loss:  0.31678220748901365 reward_loss:  -15.839110374450684
epoch:  39 batch:  20 region_loss:  10.0 10.0 loc_loss:  0.3079122734069824 reward_loss:  -15.395613670349121
epoch:  39 batch:  30 region_loss:  10.0 10.0 loc_loss:  0.2776320457458496 reward_loss:  -13.881603240966797
epoch:  39 batch:  40 region_loss:  10.0 10.0 loc_loss:  0.37649642944335937 reward_loss:  -18.82482147216797
epoch:  39 batch:  50 region_loss:  10.0 10.0 loc_loss:  0.28946231842041015 reward_loss:  -14.473113059997559
epoch:  39 batch:  60 region_loss:  10.0 10.0 loc_loss:  0.287219352722168 reward_loss:  -14.360965728759766
epoch:  39 batch:  70 region_loss:  10.0 10.0 loc_loss:  0.2974680709838867 reward_loss:  -14.873405456542969
epoch:  39 batch:  80 region_loss:  10.0 10.0 loc_loss:  0.30707099914550784 reward_loss:  -15.35354995727539
epoch:  39 batch:  90 region_loss:  6.0 6.0 loc_loss:  0.18238582611083984 reward_loss:  -9.119291305541992
epoch:  39 batch:  100 region_loss:  8.0 8.0 loc_loss:  0.21290008544921876 reward_loss:  -10.645004272460938
epoch:  39 batch:  110 region_loss:  4.0 4.0 loc_loss:  0.10690086364746093 reward_loss:  -5.345042705535889
epoch:  39 batch:  120 region_loss:  5.0 5.0 loc_loss:  0.12267429351806641 reward_loss:  -6.133715629577637
epoch:  39 batch:  130 region_loss:  7.0 7.0 loc_loss:  0.21139907836914062 reward_loss:  -10.569953918457031
acc@1:  0.11335841956726246
epoch: 39 region loss 0.17051094890510948 loc loss 0.25443736607140865 reward loss -12.721868639444782
epoch:  40 batch:  0 region_loss:  10.0 10.0 loc_loss:  0.26105844497680664 reward_loss:  -13.052923202514648
epoch:  40 batch:  10 region_loss:  10.0 10.0 loc_loss:  0.30001379013061524 reward_loss:  -15.000690460205078
epoch:  40 batch:  20 region_loss:  10.0 10.0 loc_loss:  0.29416961669921876 reward_loss:  -14.70848274230957
epoch:  40 batch:  30 region_loss:  10.0 10.0 loc_loss:  0.26180400848388674 reward_loss:  -13.090200424194336
epoch:  40 batch:  40 region_loss:  10.0 10.0 loc_loss:  0.3578499221801758 reward_loss:  -17.89249610900879
epoch:  40 batch:  50 region_loss:  10.0 10.0 loc_loss:  0.27579254150390625 reward_loss:  -13.789627075195312
epoch:  40 batch:  60 region_loss:  10.0 10.0 loc_loss:  0.2707399559020996 reward_loss:  -13.536993980407715
epoch:  40 batch:  70 region_loss:  10.0 10.0 loc_loss:  0.2817434310913086 reward_loss:  -14.087170600891113
epoch:  40 batch:  80 region_loss:  10.0 10.0 loc_loss:  0.2885886001586914 reward_loss:  -14.42943000793457
epoch:  40 batch:  90 region_loss:  6.0 6.0 loc_loss:  0.1708499526977539 reward_loss:  -8.542498588562012
epoch:  40 batch:  100 region_loss:  8.0 8.0 loc_loss:  0.19930267333984375 reward_loss:  -9.965134620666504
epoch:  40 batch:  110 region_loss:  4.0 4.0 loc_loss:  0.09944053649902344 reward_loss:  -4.972026824951172
epoch:  40 batch:  120 region_loss:  5.0 5.0 loc_loss:  0.11441965103149414 reward_loss:  -5.720983028411865
epoch:  40 batch:  130 region_loss:  7.0 7.0 loc_loss:  0.198542537689209 reward_loss:  -9.92712688446045
acc@1:  0.11853245531514581
epoch: 40 region loss 0.17051094890510948 loc loss 0.24090164804110561 reward loss -12.04508090019226
epoch:  41 batch:  0 region_loss:  10.0 10.0 loc_loss:  0.24609317779541015 reward_loss:  -12.304659843444824
epoch:  41 batch:  10 region_loss:  10.0 10.0 loc_loss:  0.2833150863647461 reward_loss:  -14.165752410888672
epoch:  41 batch:  20 region_loss:  10.0 10.0 loc_loss:  0.2804012680053711 reward_loss:  -14.020063400268555
epoch:  41 batch:  30 region_loss:  10.0 10.0 loc_loss:  0.2468375015258789 reward_loss:  -12.341875076293945
epoch:  41 batch:  40 region_loss:  10.0 10.0 loc_loss:  0.33979698181152346 reward_loss:  -16.989849090576172
epoch:  41 batch:  50 region_loss:  10.0 10.0 loc_loss:  0.2626773452758789 reward_loss:  -13.133867263793945
epoch:  41 batch:  60 region_loss:  10.0 10.0 loc_loss:  0.2543743133544922 reward_loss:  -12.718717575073242
epoch:  41 batch:  70 region_loss:  10.0 10.0 loc_loss:  0.2668511390686035 reward_loss:  -13.342558860778809
epoch:  41 batch:  80 region_loss:  10.0 10.0 loc_loss:  0.271250057220459 reward_loss:  -13.562501907348633
epoch:  41 batch:  90 region_loss:  6.0 6.0 loc_loss:  0.15985361099243164 reward_loss:  -7.992680072784424
epoch:  41 batch:  100 region_loss:  8.0 8.0 loc_loss:  0.18848466873168945 reward_loss:  -9.424233436584473
epoch:  41 batch:  110 region_loss:  4.0 4.0 loc_loss:  0.0922745132446289 reward_loss:  -4.6137261390686035
epoch:  41 batch:  120 region_loss:  5.0 5.0 loc_loss:  0.10690031051635743 reward_loss:  -5.345014572143555
epoch:  41 batch:  130 region_loss:  7.0 7.0 loc_loss:  0.18605636596679687 reward_loss:  -9.302818298339844
acc@1:  0.11523988711194733
epoch: 41 region loss 0.17051094890510948 loc loss 0.22795673575714556 reward loss -11.397844272808436
epoch:  42 batch:  0 region_loss:  10.0 10.0 loc_loss:  0.23247848510742186 reward_loss:  -11.623924255371094
epoch:  42 batch:  10 region_loss:  10.0 10.0 loc_loss:  0.2676712226867676 reward_loss:  -13.383562088012695
epoch:  42 batch:  20 region_loss:  10.0 10.0 loc_loss:  0.2679439163208008 reward_loss:  -13.397195816040039
epoch:  42 batch:  30 region_loss:  10.0 10.0 loc_loss:  0.23208417892456054 reward_loss:  -11.604209899902344
epoch:  42 batch:  40 region_loss:  10.0 10.0 loc_loss:  0.3222807312011719 reward_loss:  -16.114038467407227
epoch:  42 batch:  50 region_loss:  10.0 10.0 loc_loss:  0.24830347061157226 reward_loss:  -12.41517448425293
epoch:  42 batch:  60 region_loss:  10.0 10.0 loc_loss:  0.2391707992553711 reward_loss:  -11.958537101745605
epoch:  42 batch:  70 region_loss:  10.0 10.0 loc_loss:  0.25216304779052734 reward_loss:  -12.608152389526367
epoch:  42 batch:  80 region_loss:  10.0 10.0 loc_loss:  0.25419151306152343 reward_loss:  -12.709575653076172
epoch:  42 batch:  90 region_loss:  6.0 6.0 loc_loss:  0.1494723892211914 reward_loss:  -7.473620414733887
epoch:  42 batch:  100 region_loss:  8.0 8.0 loc_loss:  0.17536354064941406 reward_loss:  -8.768177032470703
epoch:  42 batch:  110 region_loss:  4.0 4.0 loc_loss:  0.0855537223815918 reward_loss:  -4.277686595916748
epoch:  42 batch:  120 region_loss:  5.0 5.0 loc_loss:  0.09936134338378906 reward_loss:  -4.968066692352295
epoch:  42 batch:  130 region_loss:  7.0 7.0 loc_loss:  0.1742146873474121 reward_loss:  -8.710734367370605
acc@1:  0.1180620884289746
epoch: 42 region loss 0.17051094890510948 loc loss 0.21539080894776505 reward loss -10.769540736274998
epoch:  43 batch:  0 region_loss:  10.0 10.0 loc_loss:  0.2184724998474121 reward_loss:  -10.923625946044922
epoch:  43 batch:  10 region_loss:  10.0 10.0 loc_loss:  0.25214357376098634 reward_loss:  -12.607178688049316
epoch:  43 batch:  20 region_loss:  10.0 10.0 loc_loss:  0.2558733367919922 reward_loss:  -12.793665885925293
epoch:  43 batch:  30 region_loss:  10.0 10.0 loc_loss:  0.2184602737426758 reward_loss:  -10.923013687133789
epoch:  43 batch:  40 region_loss:  10.0 10.0 loc_loss:  0.3053829956054688 reward_loss:  -15.269148826599121
epoch:  43 batch:  50 region_loss:  10.0 10.0 loc_loss:  0.23492277145385743 reward_loss:  -11.746137619018555
epoch:  43 batch:  60 region_loss:  10.0 10.0 loc_loss:  0.22414499282836914 reward_loss:  -11.207249641418457
epoch:  43 batch:  70 region_loss:  10.0 10.0 loc_loss:  0.23844919204711915 reward_loss:  -11.922460556030273
epoch:  43 batch:  80 region_loss:  10.0 10.0 loc_loss:  0.23840684890747071 reward_loss:  -11.920342445373535
epoch:  43 batch:  90 region_loss:  6.0 6.0 loc_loss:  0.1392538070678711 reward_loss:  -6.9626898765563965
epoch:  43 batch:  100 region_loss:  8.0 8.0 loc_loss:  0.1658815002441406 reward_loss:  -8.294073104858398
epoch:  43 batch:  110 region_loss:  4.0 4.0 loc_loss:  0.07917678833007813 reward_loss:  -3.9588394165039062
epoch:  43 batch:  120 region_loss:  5.0 5.0 loc_loss:  0.09276515007019043 reward_loss:  -4.6382575035095215
epoch:  43 batch:  130 region_loss:  7.0 7.0 loc_loss:  0.1628854179382324 reward_loss:  -8.144271850585938
acc@1:  0.11335841956726246
epoch: 43 region loss 0.17051094890510948 loc loss 0.20341570318180277 reward loss -10.170784671376222
epoch:  44 batch:  0 region_loss:  10.0 10.0 loc_loss:  0.20567562103271483 reward_loss:  -10.283782958984375
epoch:  44 batch:  10 region_loss:  10.0 10.0 loc_loss:  0.23760324478149414 reward_loss:  -11.88016128540039
epoch:  44 batch:  20 region_loss:  10.0 10.0 loc_loss:  0.24496639251708985 reward_loss:  -12.248318672180176
epoch:  44 batch:  30 region_loss:  10.0 10.0 loc_loss:  0.2049107551574707 reward_loss:  -10.245537757873535
epoch:  44 batch:  40 region_loss:  10.0 10.0 loc_loss:  0.28908098220825196 reward_loss:  -14.454049110412598
epoch:  44 batch:  50 region_loss:  10.0 10.0 loc_loss:  0.22198577880859374 reward_loss:  -11.099287033081055
epoch:  44 batch:  60 region_loss:  10.0 10.0 loc_loss:  0.21019418716430663 reward_loss:  -10.509708404541016
epoch:  44 batch:  70 region_loss:  10.0 10.0 loc_loss:  0.22486976623535157 reward_loss:  -11.243488311767578
epoch:  44 batch:  80 region_loss:  10.0 10.0 loc_loss:  0.22297962188720702 reward_loss:  -11.148981094360352
epoch:  44 batch:  90 region_loss:  6.0 6.0 loc_loss:  0.12992451667785646 reward_loss:  -6.496224880218506
epoch:  44 batch:  100 region_loss:  8.0 8.0 loc_loss:  0.1538567352294922 reward_loss:  -7.692836761474609
epoch:  44 batch:  110 region_loss:  4.0 4.0 loc_loss:  0.07322550296783448 reward_loss:  -3.661275625228882
epoch:  44 batch:  120 region_loss:  5.0 5.0 loc_loss:  0.08604898452758789 reward_loss:  -4.302450180053711
epoch:  44 batch:  130 region_loss:  7.0 7.0 loc_loss:  0.15210101127624512 reward_loss:  -7.605050563812256
acc@1:  0.11382878645343368
epoch: 44 region loss 0.17051094890510948 loc loss 0.1918058636849814 reward loss -9.59029441245281
epoch:  45 batch:  0 region_loss:  10.0 10.0 loc_loss:  0.1925908851623535 reward_loss:  -9.629545211791992
epoch:  45 batch:  10 region_loss:  10.0 10.0 loc_loss:  0.22322237014770507 reward_loss:  -11.161118507385254
epoch:  45 batch:  20 region_loss:  10.0 10.0 loc_loss:  0.23411792755126953 reward_loss:  -11.705896377563477
epoch:  45 batch:  30 region_loss:  10.0 10.0 loc_loss:  0.19261865615844725 reward_loss:  -9.630932807922363
epoch:  45 batch:  40 region_loss:  10.0 10.0 loc_loss:  0.27346784591674805 reward_loss:  -13.673389434814453
epoch:  45 batch:  50 region_loss:  10.0 10.0 loc_loss:  0.20981826782226562 reward_loss:  -10.490913391113281
epoch:  45 batch:  60 region_loss:  10.0 10.0 loc_loss:  0.1965696907043457 reward_loss:  -9.828482627868652
epoch:  45 batch:  70 region_loss:  10.0 10.0 loc_loss:  0.21224315643310546 reward_loss:  -10.612156867980957
epoch:  45 batch:  80 region_loss:  10.0 10.0 loc_loss:  0.20868619918823242 reward_loss:  -10.434310913085938
epoch:  45 batch:  90 region_loss:  6.0 6.0 loc_loss:  0.12064248085021972 reward_loss:  -6.032123565673828
epoch:  45 batch:  100 region_loss:  8.0 8.0 loc_loss:  0.14534907341003417 reward_loss:  -7.267453670501709
epoch:  45 batch:  110 region_loss:  4.0 4.0 loc_loss:  0.06756013870239258 reward_loss:  -3.378006935119629
epoch:  45 batch:  120 region_loss:  5.0 5.0 loc_loss:  0.08027806282043456 reward_loss:  -4.013904571533203
epoch:  45 batch:  130 region_loss:  7.0 7.0 loc_loss:  0.14184337615966797 reward_loss:  -7.0921735763549805
acc@1:  0.11194731890874883
epoch: 45 region loss 0.17051094890510948 loc loss 0.18083190446352437 reward loss -9.041594998244822
epoch:  46 batch:  0 region_loss:  10.0 10.0 loc_loss:  0.18078195571899414 reward_loss:  -9.039097785949707
epoch:  46 batch:  10 region_loss:  10.0 10.0 loc_loss:  0.20993112564086913 reward_loss:  -10.496556282043457
epoch:  46 batch:  20 region_loss:  10.0 10.0 loc_loss:  0.224156494140625 reward_loss:  -11.20782470703125
epoch:  46 batch:  30 region_loss:  10.0 10.0 loc_loss:  0.180311336517334 reward_loss:  -9.015567779541016
epoch:  46 batch:  40 region_loss:  10.0 10.0 loc_loss:  0.25869390487670896 reward_loss:  -12.93469524383545
epoch:  46 batch:  50 region_loss:  10.0 10.0 loc_loss:  0.19815122604370117 reward_loss:  -9.907561302185059
epoch:  46 batch:  60 region_loss:  10.0 10.0 loc_loss:  0.1839679718017578 reward_loss:  -9.198399543762207
epoch:  46 batch:  70 region_loss:  10.0 10.0 loc_loss:  0.19964012145996093 reward_loss:  -9.982007026672363
epoch:  46 batch:  80 region_loss:  10.0 10.0 loc_loss:  0.19484296798706055 reward_loss:  -9.742149353027344
epoch:  46 batch:  90 region_loss:  6.0 6.0 loc_loss:  0.11234563827514649 reward_loss:  -5.617281913757324
epoch:  46 batch:  100 region_loss:  8.0 8.0 loc_loss:  0.13459210395812987 reward_loss:  -6.729604721069336
epoch:  46 batch:  110 region_loss:  4.0 4.0 loc_loss:  0.06237985134124756 reward_loss:  -3.118992567062378
epoch:  46 batch:  120 region_loss:  5.0 5.0 loc_loss:  0.07439901351928711 reward_loss:  -3.7199504375457764
epoch:  46 batch:  130 region_loss:  7.0 7.0 loc_loss:  0.13218264579772948 reward_loss:  -6.609132289886475
acc@1:  0.11382878645343368
epoch: 46 region loss 0.17051094890510948 loc loss 0.1702627818775873 reward loss -8.51314137277812
epoch:  47 batch:  0 region_loss:  10.0 10.0 loc_loss:  0.1692167854309082 reward_loss:  -8.46083927154541
epoch:  47 batch:  10 region_loss:  10.0 10.0 loc_loss:  0.19658447265625 reward_loss:  -9.829222679138184
epoch:  47 batch:  20 region_loss:  10.0 10.0 loc_loss:  0.21642475128173827 reward_loss:  -10.821236610412598
epoch:  47 batch:  30 region_loss:  10.0 10.0 loc_loss:  0.16988641738891602 reward_loss:  -8.4943208694458
epoch:  47 batch:  40 region_loss:  10.0 10.0 loc_loss:  0.24439706802368164 reward_loss:  -12.219852447509766
epoch:  47 batch:  50 region_loss:  10.0 10.0 loc_loss:  0.18758785247802734 reward_loss:  -9.379392623901367
epoch:  47 batch:  60 region_loss:  10.0 10.0 loc_loss:  0.17165042877197265 reward_loss:  -8.582520484924316
epoch:  47 batch:  70 region_loss:  10.0 10.0 loc_loss:  0.1879248046875 reward_loss:  -9.396241188049316
epoch:  47 batch:  80 region_loss:  10.0 10.0 loc_loss:  0.1820792579650879 reward_loss:  -9.103963851928711
epoch:  47 batch:  90 region_loss:  6.0 6.0 loc_loss:  0.10401712417602539 reward_loss:  -5.200855731964111
epoch:  47 batch:  100 region_loss:  8.0 8.0 loc_loss:  0.12699615478515625 reward_loss:  -6.349807262420654
epoch:  47 batch:  110 region_loss:  4.0 4.0 loc_loss:  0.05741024971008301 reward_loss:  -2.8705127239227295
epoch:  47 batch:  120 region_loss:  5.0 5.0 loc_loss:  0.06936460018157958 reward_loss:  -3.4682302474975586
epoch:  47 batch:  130 region_loss:  7.0 7.0 loc_loss:  0.12296277046203613 reward_loss:  -6.148139476776123
acc@1:  0.10912511759172154
epoch: 47 region loss 0.17051094890510948 loc loss 0.16036102576847494 reward loss -8.018051653882884
epoch:  48 batch:  0 region_loss:  10.0 10.0 loc_loss:  0.15863012313842773 reward_loss:  -7.931506156921387
epoch:  48 batch:  10 region_loss:  10.0 10.0 loc_loss:  0.18463024139404297 reward_loss:  -9.231512069702148
epoch:  48 batch:  20 region_loss:  10.0 10.0 loc_loss:  0.20727359771728515 reward_loss:  -10.363679885864258
epoch:  48 batch:  30 region_loss:  10.0 10.0 loc_loss:  0.15929304122924803 reward_loss:  -7.964651107788086
epoch:  48 batch:  40 region_loss:  10.0 10.0 loc_loss:  0.23066503524780274 reward_loss:  -11.533249855041504
epoch:  48 batch:  50 region_loss:  10.0 10.0 loc_loss:  0.17700584411621093 reward_loss:  -8.850292205810547
epoch:  48 batch:  60 region_loss:  10.0 10.0 loc_loss:  0.16039432525634767 reward_loss:  -8.019716262817383
epoch:  48 batch:  70 region_loss:  10.0 10.0 loc_loss:  0.17623701095581054 reward_loss:  -8.811849594116211
epoch:  48 batch:  80 region_loss:  10.0 10.0 loc_loss:  0.16978715896606444 reward_loss:  -8.489356994628906
epoch:  48 batch:  90 region_loss:  6.0 6.0 loc_loss:  0.09668435096740723 reward_loss:  -4.834217548370361
epoch:  48 batch:  100 region_loss:  8.0 8.0 loc_loss:  0.11756884574890136 reward_loss:  -5.87844181060791
epoch:  48 batch:  110 region_loss:  4.0 4.0 loc_loss:  0.052942113876342775 reward_loss:  -2.6471052169799805
epoch:  48 batch:  120 region_loss:  5.0 5.0 loc_loss:  0.06416239738464355 reward_loss:  -3.208120107650757
epoch:  48 batch:  130 region_loss:  7.0 7.0 loc_loss:  0.11437416076660156 reward_loss:  -5.718708515167236
acc@1:  0.10959548447789276
epoch: 48 region loss 0.17051094890510948 loc loss 0.15081546773875718 reward loss -7.54077300842661
epoch:  49 batch:  0 region_loss:  10.0 10.0 loc_loss:  0.14836566925048827 reward_loss:  -7.418283462524414
epoch:  49 batch:  10 region_loss:  10.0 10.0 loc_loss:  0.17240291595458984 reward_loss:  -8.620145797729492
epoch:  49 batch:  20 region_loss:  10.0 10.0 loc_loss:  0.196695499420166 reward_loss:  -9.8347749710083
epoch:  49 batch:  30 region_loss:  10.0 10.0 loc_loss:  0.14963440895080565 reward_loss:  -7.481719493865967
epoch:  49 batch:  40 region_loss:  10.0 10.0 loc_loss:  0.21754234313964843 reward_loss:  -10.877117156982422
epoch:  49 batch:  50 region_loss:  10.0 10.0 loc_loss:  0.16789997100830079 reward_loss:  -8.394998550415039
epoch:  49 batch:  60 region_loss:  10.0 10.0 loc_loss:  0.14943203926086426 reward_loss:  -7.471602439880371
epoch:  49 batch:  70 region_loss:  10.0 10.0 loc_loss:  0.16550291061401368 reward_loss:  -8.275144577026367
epoch:  49 batch:  80 region_loss:  10.0 10.0 loc_loss:  0.15858936309814453 reward_loss:  -7.929468154907227
epoch:  49 batch:  90 region_loss:  6.0 6.0 loc_loss:  0.08931071281433106 reward_loss:  -4.465535640716553
epoch:  49 batch:  100 region_loss:  8.0 8.0 loc_loss:  0.11084171295166016 reward_loss:  -5.542085647583008
epoch:  49 batch:  110 region_loss:  4.0 4.0 loc_loss:  0.04862745761871338 reward_loss:  -2.431372880935669
epoch:  49 batch:  120 region_loss:  5.0 5.0 loc_loss:  0.05996644020080567 reward_loss:  -2.998321771621704
epoch:  49 batch:  130 region_loss:  7.0 7.0 loc_loss:  0.10624462127685547 reward_loss:  -5.312231063842773
acc@1:  0.10865475070555033
epoch: 49 region loss 0.17051094890510948 loc loss 0.14194119707511288 reward loss -7.097060761312498
