3
cuda
epoch:  0 batch:  0 region_loss:  10.0 10.0 loc_loss:  1.997838134765625 reward_loss:  -99.8910140991211
epoch:  0 batch:  10 region_loss:  10.0 10.0 loc_loss:  1.9843450927734374 reward_loss:  -99.2173080444336
epoch:  0 batch:  20 region_loss:  10.0 10.0 loc_loss:  1.9833279418945313 reward_loss:  -99.16682434082031
epoch:  0 batch:  30 region_loss:  10.0 10.0 loc_loss:  1.9831248474121095 reward_loss:  -99.15624237060547
epoch:  0 batch:  40 region_loss:  10.0 10.0 loc_loss:  1.9860281372070312 reward_loss:  -99.3016128540039
epoch:  0 batch:  50 region_loss:  10.0 10.0 loc_loss:  1.9898342895507812 reward_loss:  -99.49203491210938
epoch:  0 batch:  60 region_loss:  10.0 10.0 loc_loss:  1.9812037658691406 reward_loss:  -99.06047058105469
epoch:  0 batch:  70 region_loss:  10.0 10.0 loc_loss:  1.98393310546875 reward_loss:  -99.19727325439453
epoch:  0 batch:  80 region_loss:  10.0 10.0 loc_loss:  1.981669921875 reward_loss:  -99.08296203613281
epoch:  0 batch:  90 region_loss:  6.0 6.0 loc_loss:  1.1805290222167968 reward_loss:  -59.0264892578125
epoch:  0 batch:  100 region_loss:  8.0 8.0 loc_loss:  1.57275390625 reward_loss:  -78.63874816894531
epoch:  0 batch:  110 region_loss:  4.0 4.0 loc_loss:  0.7847284698486328 reward_loss:  -39.23609161376953
epoch:  0 batch:  120 region_loss:  5.0 5.0 loc_loss:  0.9796891021728515 reward_loss:  -48.985267639160156
epoch:  0 batch:  130 region_loss:  7.0 7.0 loc_loss:  1.3750653076171875 reward_loss:  -68.752685546875
acc@1:  0.0028222013170272815
epoch: 0 region loss 0.17051094890510948 loc loss 1.6868410870628636 reward loss -84.34199445961166
epoch:  1 batch:  0 region_loss:  10.0 10.0 loc_loss:  1.9195916748046875 reward_loss:  -95.97868347167969
epoch:  1 batch:  10 region_loss:  10.0 10.0 loc_loss:  1.9272299194335938 reward_loss:  -96.36091613769531
epoch:  1 batch:  20 region_loss:  10.0 10.0 loc_loss:  1.9201316833496094 reward_loss:  -96.00648498535156
epoch:  1 batch:  30 region_loss:  10.0 10.0 loc_loss:  1.9157846069335938 reward_loss:  -95.78878784179688
epoch:  1 batch:  40 region_loss:  10.0 10.0 loc_loss:  1.9122314453125 reward_loss:  -95.61087799072266
epoch:  1 batch:  50 region_loss:  10.0 10.0 loc_loss:  1.9043861389160157 reward_loss:  -95.22061920166016
epoch:  1 batch:  60 region_loss:  10.0 10.0 loc_loss:  1.8832272338867186 reward_loss:  -94.1622314453125
epoch:  1 batch:  70 region_loss:  10.0 10.0 loc_loss:  1.867742919921875 reward_loss:  -93.38690185546875
epoch:  1 batch:  80 region_loss:  10.0 10.0 loc_loss:  1.846204071044922 reward_loss:  -92.31057739257812
epoch:  1 batch:  90 region_loss:  6.0 6.0 loc_loss:  1.091748504638672 reward_loss:  -54.5865364074707
epoch:  1 batch:  100 region_loss:  8.0 8.0 loc_loss:  1.444615020751953 reward_loss:  -72.22980499267578
epoch:  1 batch:  110 region_loss:  4.0 4.0 loc_loss:  0.7276327514648437 reward_loss:  -36.38162612915039
epoch:  1 batch:  120 region_loss:  5.0 5.0 loc_loss:  0.899563980102539 reward_loss:  -44.978248596191406
epoch:  1 batch:  130 region_loss:  7.0 7.0 loc_loss:  1.2532021331787109 reward_loss:  -62.66038513183594
acc@1:  0.01881467544684854
epoch: 1 region loss 0.17051094890510948 loc loss 1.5934914977359076 reward loss -79.67454169614471
epoch:  2 batch:  0 region_loss:  10.0 10.0 loc_loss:  1.7291920471191407 reward_loss:  -86.46066284179688
epoch:  2 batch:  10 region_loss:  10.0 10.0 loc_loss:  1.7442524719238282 reward_loss:  -87.21287536621094
epoch:  2 batch:  20 region_loss:  10.0 10.0 loc_loss:  1.7429281616210937 reward_loss:  -87.14683532714844
epoch:  2 batch:  30 region_loss:  10.0 10.0 loc_loss:  1.773876953125 reward_loss:  -88.69364929199219
epoch:  2 batch:  40 region_loss:  10.0 10.0 loc_loss:  1.7367498779296875 reward_loss:  -86.83656311035156
epoch:  2 batch:  50 region_loss:  10.0 10.0 loc_loss:  1.7654598999023436 reward_loss:  -88.27295684814453
epoch:  2 batch:  60 region_loss:  10.0 10.0 loc_loss:  1.742493896484375 reward_loss:  -87.12400817871094
epoch:  2 batch:  70 region_loss:  10.0 10.0 loc_loss:  1.7410205078125 reward_loss:  -87.05150604248047
epoch:  2 batch:  80 region_loss:  10.0 10.0 loc_loss:  1.7245758056640625 reward_loss:  -86.22936248779297
epoch:  2 batch:  90 region_loss:  6.0 6.0 loc_loss:  1.029515609741211 reward_loss:  -51.47569274902344
epoch:  2 batch:  100 region_loss:  8.0 8.0 loc_loss:  1.3695596313476563 reward_loss:  -68.47710418701172
epoch:  2 batch:  110 region_loss:  4.0 4.0 loc_loss:  0.6960747528076172 reward_loss:  -34.8032112121582
epoch:  2 batch:  120 region_loss:  5.0 5.0 loc_loss:  0.8642460632324219 reward_loss:  -43.212554931640625
epoch:  2 batch:  130 region_loss:  7.0 7.0 loc_loss:  1.2062110137939452 reward_loss:  -60.31087112426758
acc@1:  0.028222013170272814
epoch: 2 region loss 0.17051094890510948 loc loss 1.4702197783532804 reward loss -73.51100258931626
epoch:  3 batch:  0 region_loss:  10.0 10.0 loc_loss:  1.6839950561523438 reward_loss:  -84.20024871826172
epoch:  3 batch:  10 region_loss:  10.0 10.0 loc_loss:  1.6803659057617188 reward_loss:  -84.01960754394531
epoch:  3 batch:  20 region_loss:  10.0 10.0 loc_loss:  1.6539999389648437 reward_loss:  -82.69973754882812
epoch:  3 batch:  30 region_loss:  10.0 10.0 loc_loss:  1.7038267517089845 reward_loss:  -85.19207763671875
epoch:  3 batch:  40 region_loss:  10.0 10.0 loc_loss:  1.6608866882324218 reward_loss:  -83.04427337646484
epoch:  3 batch:  50 region_loss:  10.0 10.0 loc_loss:  1.70170654296875 reward_loss:  -85.08587646484375
epoch:  3 batch:  60 region_loss:  10.0 10.0 loc_loss:  1.6809193420410156 reward_loss:  -84.04583740234375
epoch:  3 batch:  70 region_loss:  10.0 10.0 loc_loss:  1.6796469116210937 reward_loss:  -83.98184204101562
epoch:  3 batch:  80 region_loss:  10.0 10.0 loc_loss:  1.6697286987304687 reward_loss:  -83.48603820800781
epoch:  3 batch:  90 region_loss:  6.0 6.0 loc_loss:  0.9989503479003906 reward_loss:  -49.94806671142578
epoch:  3 batch:  100 region_loss:  8.0 8.0 loc_loss:  1.3254884338378907 reward_loss:  -66.27497100830078
epoch:  3 batch:  110 region_loss:  4.0 4.0 loc_loss:  0.6773690032958984 reward_loss:  -33.8683967590332
epoch:  3 batch:  120 region_loss:  5.0 5.0 loc_loss:  0.8409580993652344 reward_loss:  -42.04840850830078
epoch:  3 batch:  130 region_loss:  7.0 7.0 loc_loss:  1.1752632141113282 reward_loss:  -58.76316833496094
acc@1:  0.03857008466603951
epoch: 3 region loss 0.17051094890510948 loc loss 1.4141734731632427 reward loss -70.70869314931605
epoch:  4 batch:  0 region_loss:  10.0 10.0 loc_loss:  1.644859619140625 reward_loss:  -82.2432632446289
epoch:  4 batch:  10 region_loss:  10.0 10.0 loc_loss:  1.6370848083496095 reward_loss:  -81.85417175292969
epoch:  4 batch:  20 region_loss:  10.0 10.0 loc_loss:  1.5896986389160157 reward_loss:  -79.48491668701172
epoch:  4 batch:  30 region_loss:  10.0 10.0 loc_loss:  1.6496435546875 reward_loss:  -82.48194122314453
epoch:  4 batch:  40 region_loss:  10.0 10.0 loc_loss:  1.6046694946289062 reward_loss:  -80.23385620117188
epoch:  4 batch:  50 region_loss:  10.0 10.0 loc_loss:  1.6501054382324218 reward_loss:  -82.50543975830078
epoch:  4 batch:  60 region_loss:  10.0 10.0 loc_loss:  1.6308171081542968 reward_loss:  -81.5409164428711
epoch:  4 batch:  70 region_loss:  10.0 10.0 loc_loss:  1.6255363464355468 reward_loss:  -81.27677154541016
epoch:  4 batch:  80 region_loss:  10.0 10.0 loc_loss:  1.6215847778320311 reward_loss:  -81.07933807373047
epoch:  4 batch:  90 region_loss:  6.0 6.0 loc_loss:  0.9711138916015625 reward_loss:  -48.55527114868164
epoch:  4 batch:  100 region_loss:  8.0 8.0 loc_loss:  1.2834185791015624 reward_loss:  -64.1714096069336
epoch:  4 batch:  110 region_loss:  4.0 4.0 loc_loss:  0.6603439331054688 reward_loss:  -33.01716995239258
epoch:  4 batch:  120 region_loss:  5.0 5.0 loc_loss:  0.8174580383300781 reward_loss:  -40.8729248046875
epoch:  4 batch:  130 region_loss:  7.0 7.0 loc_loss:  1.144412078857422 reward_loss:  -57.22029495239258
acc@1:  0.04844778927563499
epoch: 4 region loss 0.17051094890510948 loc loss 1.3676774485789946 reward loss -68.38384252395073
epoch:  5 batch:  0 region_loss:  10.0 10.0 loc_loss:  1.6000050354003905 reward_loss:  -80.00035858154297
epoch:  5 batch:  10 region_loss:  10.0 10.0 loc_loss:  1.5934036254882813 reward_loss:  -79.67041015625
epoch:  5 batch:  20 region_loss:  10.0 10.0 loc_loss:  1.526627197265625 reward_loss:  -76.3310775756836
epoch:  5 batch:  30 region_loss:  10.0 10.0 loc_loss:  1.5949183654785157 reward_loss:  -79.74593353271484
epoch:  5 batch:  40 region_loss:  10.0 10.0 loc_loss:  1.5503500366210938 reward_loss:  -77.51744079589844
epoch:  5 batch:  50 region_loss:  10.0 10.0 loc_loss:  1.5973146057128906 reward_loss:  -79.8658218383789
epoch:  5 batch:  60 region_loss:  10.0 10.0 loc_loss:  1.5804273986816406 reward_loss:  -79.02117919921875
epoch:  5 batch:  70 region_loss:  10.0 10.0 loc_loss:  1.570106201171875 reward_loss:  -78.5052490234375
epoch:  5 batch:  80 region_loss:  10.0 10.0 loc_loss:  1.5719256591796875 reward_loss:  -78.59639739990234
epoch:  5 batch:  90 region_loss:  6.0 6.0 loc_loss:  0.9420256042480468 reward_loss:  -47.10179901123047
epoch:  5 batch:  100 region_loss:  8.0 8.0 loc_loss:  1.2384481811523438 reward_loss:  -61.922401428222656
epoch:  5 batch:  110 region_loss:  4.0 4.0 loc_loss:  0.6428163146972656 reward_loss:  -32.140682220458984
epoch:  5 batch:  120 region_loss:  5.0 5.0 loc_loss:  0.7921021270751953 reward_loss:  -39.60517120361328
epoch:  5 batch:  130 region_loss:  7.0 7.0 loc_loss:  1.1114315032958983 reward_loss:  -55.57090377807617
acc@1:  0.05691439322671684
epoch: 5 region loss 0.17051094890510948 loc loss 1.320132902103619 reward loss -66.00664878065568
epoch:  6 batch:  0 region_loss:  10.0 10.0 loc_loss:  1.5490110778808595 reward_loss:  -77.44920349121094
epoch:  6 batch:  10 region_loss:  10.0 10.0 loc_loss:  1.5449618530273437 reward_loss:  -77.24806213378906
epoch:  6 batch:  20 region_loss:  10.0 10.0 loc_loss:  1.4589300537109375 reward_loss:  -72.94644165039062
epoch:  6 batch:  30 region_loss:  10.0 10.0 loc_loss:  1.5359425354003906 reward_loss:  -76.79653930664062
epoch:  6 batch:  40 region_loss:  10.0 10.0 loc_loss:  1.493860626220703 reward_loss:  -74.69285583496094
epoch:  6 batch:  50 region_loss:  10.0 10.0 loc_loss:  1.5408316040039063 reward_loss:  -77.0416030883789
epoch:  6 batch:  60 region_loss:  10.0 10.0 loc_loss:  1.5260794067382812 reward_loss:  -76.30413818359375
epoch:  6 batch:  70 region_loss:  10.0 10.0 loc_loss:  1.5096830749511718 reward_loss:  -75.48440551757812
epoch:  6 batch:  80 region_loss:  10.0 10.0 loc_loss:  1.5188011169433593 reward_loss:  -75.93988037109375
epoch:  6 batch:  90 region_loss:  6.0 6.0 loc_loss:  0.9111572265625 reward_loss:  -45.5574951171875
epoch:  6 batch:  100 region_loss:  8.0 8.0 loc_loss:  1.1892064666748048 reward_loss:  -59.461063385009766
epoch:  6 batch:  110 region_loss:  4.0 4.0 loc_loss:  0.6240460968017578 reward_loss:  -31.202369689941406
epoch:  6 batch:  120 region_loss:  5.0 5.0 loc_loss:  0.7642945098876953 reward_loss:  -38.21488952636719
epoch:  6 batch:  130 region_loss:  7.0 7.0 loc_loss:  1.0759912109375 reward_loss:  -53.799407958984375
acc@1:  0.06914393226716839
epoch: 6 region loss 0.17051094890510948 loc loss 1.269224623798454 reward loss -63.46117740826015
epoch:  7 batch:  0 region_loss:  10.0 10.0 loc_loss:  1.4916958618164062 reward_loss:  -74.58466339111328
epoch:  7 batch:  10 region_loss:  10.0 10.0 loc_loss:  1.4909527587890625 reward_loss:  -74.54762268066406
epoch:  7 batch:  20 region_loss:  10.0 10.0 loc_loss:  1.3867192077636719 reward_loss:  -69.33561706542969
epoch:  7 batch:  30 region_loss:  10.0 10.0 loc_loss:  1.4725259399414063 reward_loss:  -73.62631225585938
epoch:  7 batch:  40 region_loss:  10.0 10.0 loc_loss:  1.4350373840332031 reward_loss:  -71.7518310546875
epoch:  7 batch:  50 region_loss:  10.0 10.0 loc_loss:  1.4794306945800781 reward_loss:  -73.97173309326172
epoch:  7 batch:  60 region_loss:  10.0 10.0 loc_loss:  1.4672639465332031 reward_loss:  -73.36319732666016
epoch:  7 batch:  70 region_loss:  10.0 10.0 loc_loss:  1.4441352844238282 reward_loss:  -72.20713806152344
epoch:  7 batch:  80 region_loss:  10.0 10.0 loc_loss:  1.4618243408203124 reward_loss:  -73.09123229980469
epoch:  7 batch:  90 region_loss:  6.0 6.0 loc_loss:  0.8785987854003906 reward_loss:  -43.92992401123047
epoch:  7 batch:  100 region_loss:  8.0 8.0 loc_loss:  1.1359417724609375 reward_loss:  -56.797027587890625
epoch:  7 batch:  110 region_loss:  4.0 4.0 loc_loss:  0.6040476989746094 reward_loss:  -30.202377319335938
epoch:  7 batch:  120 region_loss:  5.0 5.0 loc_loss:  0.7340504455566407 reward_loss:  -36.702510833740234
epoch:  7 batch:  130 region_loss:  7.0 7.0 loc_loss:  1.0379036712646483 reward_loss:  -51.89516067504883
acc@1:  0.0766698024459078
epoch: 7 region loss 0.17051094890510948 loc loss 1.2148061485012083 reward loss -60.740286221469404
epoch:  8 batch:  0 region_loss:  10.0 10.0 loc_loss:  1.428565673828125 reward_loss:  -71.42828369140625
epoch:  8 batch:  10 region_loss:  10.0 10.0 loc_loss:  1.4317924499511718 reward_loss:  -71.58961486816406
epoch:  8 batch:  20 region_loss:  10.0 10.0 loc_loss:  1.311162567138672 reward_loss:  -65.55814361572266
epoch:  8 batch:  30 region_loss:  10.0 10.0 loc_loss:  1.4050619506835937 reward_loss:  -70.25309753417969
epoch:  8 batch:  40 region_loss:  10.0 10.0 loc_loss:  1.3757102966308594 reward_loss:  -68.78551483154297
epoch:  8 batch:  50 region_loss:  10.0 10.0 loc_loss:  1.412236328125 reward_loss:  -70.61180114746094
epoch:  8 batch:  60 region_loss:  10.0 10.0 loc_loss:  1.404868621826172 reward_loss:  -70.24337005615234
epoch:  8 batch:  70 region_loss:  10.0 10.0 loc_loss:  1.3742790222167969 reward_loss:  -68.71284484863281
epoch:  8 batch:  80 region_loss:  10.0 10.0 loc_loss:  1.4014584350585937 reward_loss:  -70.07293701171875
epoch:  8 batch:  90 region_loss:  6.0 6.0 loc_loss:  0.844643325805664 reward_loss:  -42.23213577270508
epoch:  8 batch:  100 region_loss:  8.0 8.0 loc_loss:  1.0793561553955078 reward_loss:  -53.9678955078125
epoch:  8 batch:  110 region_loss:  4.0 4.0 loc_loss:  0.5828271484375 reward_loss:  -29.141319274902344
epoch:  8 batch:  120 region_loss:  5.0 5.0 loc_loss:  0.7019880676269531 reward_loss:  -35.09944534301758
epoch:  8 batch:  130 region_loss:  7.0 7.0 loc_loss:  0.9975208282470703 reward_loss:  -49.876041412353516
acc@1:  0.09219190968955786
epoch: 8 region loss 0.17051094890510948 loc loss 1.1578099814644696 reward loss -57.89048962001383
epoch:  9 batch:  0 region_loss:  10.0 10.0 loc_loss:  1.361336669921875 reward_loss:  -68.06675720214844
epoch:  9 batch:  10 region_loss:  10.0 10.0 loc_loss:  1.368302764892578 reward_loss:  -68.4151382446289
epoch:  9 batch:  20 region_loss:  10.0 10.0 loc_loss:  1.2347369384765625 reward_loss:  -61.73685836791992
epoch:  9 batch:  30 region_loss:  10.0 10.0 loc_loss:  1.334129638671875 reward_loss:  -66.70648956298828
epoch:  9 batch:  40 region_loss:  10.0 10.0 loc_loss:  1.3171299743652343 reward_loss:  -65.85652160644531
epoch:  9 batch:  50 region_loss:  10.0 10.0 loc_loss:  1.3401689147949218 reward_loss:  -67.00843811035156
epoch:  9 batch:  60 region_loss:  10.0 10.0 loc_loss:  1.3402474975585938 reward_loss:  -67.01237487792969
epoch:  9 batch:  70 region_loss:  10.0 10.0 loc_loss:  1.3012155151367188 reward_loss:  -65.06077575683594
epoch:  9 batch:  80 region_loss:  10.0 10.0 loc_loss:  1.3391558837890625 reward_loss:  -66.95780181884766
epoch:  9 batch:  90 region_loss:  6.0 6.0 loc_loss:  0.8097479248046875 reward_loss:  -40.487361907958984
epoch:  9 batch:  100 region_loss:  8.0 8.0 loc_loss:  1.021367950439453 reward_loss:  -51.06834411621094
epoch:  9 batch:  110 region_loss:  4.0 4.0 loc_loss:  0.5607518768310547 reward_loss:  -28.037593841552734
epoch:  9 batch:  120 region_loss:  5.0 5.0 loc_loss:  0.6687919616699218 reward_loss:  -33.43958282470703
epoch:  9 batch:  130 region_loss:  7.0 7.0 loc_loss:  0.9554863739013671 reward_loss:  -47.77430725097656
acc@1:  0.10206961429915334
epoch: 9 region loss 0.17051094890510948 loc loss 1.0996031712441547 reward loss -54.98015225542723
epoch:  10 batch:  0 region_loss:  10.0 10.0 loc_loss:  1.291459197998047 reward_loss:  -64.57295227050781
epoch:  10 batch:  10 region_loss:  10.0 10.0 loc_loss:  1.3017640686035157 reward_loss:  -65.08819580078125
epoch:  10 batch:  20 region_loss:  10.0 10.0 loc_loss:  1.1592501068115235 reward_loss:  -57.96251678466797
epoch:  10 batch:  30 region_loss:  10.0 10.0 loc_loss:  1.2615731811523438 reward_loss:  -63.07865524291992
epoch:  10 batch:  40 region_loss:  10.0 10.0 loc_loss:  1.2594488525390626 reward_loss:  -62.97243881225586
epoch:  10 batch:  50 region_loss:  10.0 10.0 loc_loss:  1.264945297241211 reward_loss:  -63.24726867675781
epoch:  10 batch:  60 region_loss:  10.0 10.0 loc_loss:  1.2753968048095703 reward_loss:  -63.769813537597656
epoch:  10 batch:  70 region_loss:  10.0 10.0 loc_loss:  1.2269489288330078 reward_loss:  -61.347412109375
epoch:  10 batch:  80 region_loss:  10.0 10.0 loc_loss:  1.2770638275146484 reward_loss:  -63.85317611694336
epoch:  10 batch:  90 region_loss:  6.0 6.0 loc_loss:  0.7743689727783203 reward_loss:  -38.71846389770508
epoch:  10 batch:  100 region_loss:  8.0 8.0 loc_loss:  0.9636607360839844 reward_loss:  -48.183101654052734
epoch:  10 batch:  110 region_loss:  4.0 4.0 loc_loss:  0.5380635452270508 reward_loss:  -26.90314483642578
epoch:  10 batch:  120 region_loss:  5.0 5.0 loc_loss:  0.6353512573242187 reward_loss:  -31.76755714416504
epoch:  10 batch:  130 region_loss:  7.0 7.0 loc_loss:  0.9127288818359375 reward_loss:  -45.636451721191406
acc@1:  0.11335841956726246
epoch: 10 region loss 0.17051094890510948 loc loss 1.041632847751144 reward loss -52.0816458402759
epoch:  11 batch:  0 region_loss:  10.0 10.0 loc_loss:  1.220707244873047 reward_loss:  -61.035369873046875
epoch:  11 batch:  10 region_loss:  10.0 10.0 loc_loss:  1.2338887023925782 reward_loss:  -61.69443893432617
epoch:  11 batch:  20 region_loss:  10.0 10.0 loc_loss:  1.0867030334472656 reward_loss:  -54.33515167236328
epoch:  11 batch:  30 region_loss:  10.0 10.0 loc_loss:  1.1889921569824218 reward_loss:  -59.4495849609375
epoch:  11 batch:  40 region_loss:  10.0 10.0 loc_loss:  1.2029731750488282 reward_loss:  -60.148651123046875
epoch:  11 batch:  50 region_loss:  10.0 10.0 loc_loss:  1.188690185546875 reward_loss:  -59.43450927734375
epoch:  11 batch:  60 region_loss:  10.0 10.0 loc_loss:  1.211664581298828 reward_loss:  -60.5832405090332
epoch:  11 batch:  70 region_loss:  10.0 10.0 loc_loss:  1.153668670654297 reward_loss:  -57.68344497680664
epoch:  11 batch:  80 region_loss:  10.0 10.0 loc_loss:  1.2172260284423828 reward_loss:  -60.861331939697266
epoch:  11 batch:  90 region_loss:  6.0 6.0 loc_loss:  0.7391751098632813 reward_loss:  -36.95868682861328
epoch:  11 batch:  100 region_loss:  8.0 8.0 loc_loss:  0.908088150024414 reward_loss:  -45.40449523925781
epoch:  11 batch:  110 region_loss:  4.0 4.0 loc_loss:  0.5150157546997071 reward_loss:  -25.75078010559082
epoch:  11 batch:  120 region_loss:  5.0 5.0 loc_loss:  0.6023162078857421 reward_loss:  -30.115816116333008
epoch:  11 batch:  130 region_loss:  7.0 7.0 loc_loss:  0.8699523162841797 reward_loss:  -43.497623443603516
acc@1:  0.11618062088428975
epoch: 11 region loss 0.17051094890510948 loc loss 0.9852419762715806 reward loss -49.262096683474354
epoch:  12 batch:  0 region_loss:  10.0 10.0 loc_loss:  1.1509160614013672 reward_loss:  -57.54580307006836
epoch:  12 batch:  10 region_loss:  10.0 10.0 loc_loss:  1.1665623474121094 reward_loss:  -58.32811737060547
epoch:  12 batch:  20 region_loss:  10.0 10.0 loc_loss:  1.0189808654785155 reward_loss:  -50.94904327392578
epoch:  12 batch:  30 region_loss:  10.0 10.0 loc_loss:  1.118126754760742 reward_loss:  -55.90633773803711
epoch:  12 batch:  40 region_loss:  10.0 10.0 loc_loss:  1.1482589721679688 reward_loss:  -57.412960052490234
epoch:  12 batch:  50 region_loss:  10.0 10.0 loc_loss:  1.1138251495361329 reward_loss:  -55.691253662109375
epoch:  12 batch:  60 region_loss:  10.0 10.0 loc_loss:  1.1497499084472655 reward_loss:  -57.48749542236328
epoch:  12 batch:  70 region_loss:  10.0 10.0 loc_loss:  1.084060821533203 reward_loss:  -54.20303726196289
epoch:  12 batch:  80 region_loss:  10.0 10.0 loc_loss:  1.1604187774658203 reward_loss:  -58.02093505859375
epoch:  12 batch:  90 region_loss:  6.0 6.0 loc_loss:  0.7047773742675781 reward_loss:  -35.23889923095703
epoch:  12 batch:  100 region_loss:  8.0 8.0 loc_loss:  0.8559127807617187 reward_loss:  -42.795204162597656
epoch:  12 batch:  110 region_loss:  4.0 4.0 loc_loss:  0.4918862533569336 reward_loss:  -24.59430694580078
epoch:  12 batch:  120 region_loss:  5.0 5.0 loc_loss:  0.5704708480834961 reward_loss:  -28.523527145385742
epoch:  12 batch:  130 region_loss:  7.0 7.0 loc_loss:  0.8280879211425781 reward_loss:  -41.404396057128906
acc@1:  0.12370649106302917
epoch: 12 region loss 0.17051094890510948 loc loss 0.931512022366489 reward loss -46.575594366031844
epoch:  13 batch:  0 region_loss:  10.0 10.0 loc_loss:  1.0837415313720704 reward_loss:  -54.187076568603516
epoch:  13 batch:  10 region_loss:  10.0 10.0 loc_loss:  1.1013986206054687 reward_loss:  -55.06993103027344
epoch:  13 batch:  20 region_loss:  10.0 10.0 loc_loss:  0.9571956634521485 reward_loss:  -47.85978317260742
epoch:  13 batch:  30 region_loss:  10.0 10.0 loc_loss:  1.0503752899169922 reward_loss:  -52.518760681152344
epoch:  13 batch:  40 region_loss:  10.0 10.0 loc_loss:  1.0958090972900392 reward_loss:  -54.79041290283203
epoch:  13 batch:  50 region_loss:  10.0 10.0 loc_loss:  1.04264404296875 reward_loss:  -52.1322021484375
epoch:  13 batch:  60 region_loss:  10.0 10.0 loc_loss:  1.090353775024414 reward_loss:  -54.51769256591797
epoch:  13 batch:  70 region_loss:  10.0 10.0 loc_loss:  1.0200057220458985 reward_loss:  -51.00028610229492
epoch:  13 batch:  80 region_loss:  10.0 10.0 loc_loss:  1.1067401885986328 reward_loss:  -55.33702087402344
epoch:  13 batch:  90 region_loss:  6.0 6.0 loc_loss:  0.6718466186523437 reward_loss:  -33.59233856201172
epoch:  13 batch:  100 region_loss:  8.0 8.0 loc_loss:  0.8080195617675782 reward_loss:  -40.40007781982422
epoch:  13 batch:  110 region_loss:  4.0 4.0 loc_loss:  0.4691024398803711 reward_loss:  -23.455120086669922
epoch:  13 batch:  120 region_loss:  5.0 5.0 loc_loss:  0.5401232147216797 reward_loss:  -27.006160736083984
epoch:  13 batch:  130 region_loss:  7.0 7.0 loc_loss:  0.7876808166503906 reward_loss:  -39.384033203125
acc@1:  0.12699905926622765
epoch: 13 region loss 0.17051094890510948 loc loss 0.8811633211678833 reward loss -44.05815738483067
epoch:  14 batch:  0 region_loss:  10.0 10.0 loc_loss:  1.0205421447753906 reward_loss:  -51.027103424072266
epoch:  14 batch:  10 region_loss:  10.0 10.0 loc_loss:  1.0398137664794922 reward_loss:  -51.990684509277344
epoch:  14 batch:  20 region_loss:  10.0 10.0 loc_loss:  0.9015130615234375 reward_loss:  -45.07564926147461
epoch:  14 batch:  30 region_loss:  10.0 10.0 loc_loss:  0.9871473693847657 reward_loss:  -49.357398986816406
epoch:  14 batch:  40 region_loss:  10.0 10.0 loc_loss:  1.0466172790527344 reward_loss:  -52.33085632324219
epoch:  14 batch:  50 region_loss:  10.0 10.0 loc_loss:  0.9769401550292969 reward_loss:  -48.847007751464844
epoch:  14 batch:  60 region_loss:  10.0 10.0 loc_loss:  1.0341194152832032 reward_loss:  -51.70595169067383
epoch:  14 batch:  70 region_loss:  10.0 10.0 loc_loss:  0.9622659301757812 reward_loss:  -48.1132698059082
epoch:  14 batch:  80 region_loss:  10.0 10.0 loc_loss:  1.0558662414550781 reward_loss:  -52.79330825805664
epoch:  14 batch:  90 region_loss:  6.0 6.0 loc_loss:  0.6404904174804688 reward_loss:  -32.024513244628906
epoch:  14 batch:  100 region_loss:  8.0 8.0 loc_loss:  0.7645053863525391 reward_loss:  -38.225276947021484
epoch:  14 batch:  110 region_loss:  4.0 4.0 loc_loss:  0.44686500549316405 reward_loss:  -22.343238830566406
epoch:  14 batch:  120 region_loss:  5.0 5.0 loc_loss:  0.5113848114013672 reward_loss:  -25.569236755371094
epoch:  14 batch:  130 region_loss:  7.0 7.0 loc_loss:  0.7493203735351562 reward_loss:  -37.466026306152344
acc@1:  0.13123236124176857
epoch: 14 region loss 0.17051094890510948 loc loss 0.8345043160097443 reward loss -41.72521756861332
epoch:  15 batch:  0 region_loss:  10.0 10.0 loc_loss:  0.96210205078125 reward_loss:  -48.10511016845703
epoch:  15 batch:  10 region_loss:  10.0 10.0 loc_loss:  0.9827378845214844 reward_loss:  -49.13689422607422
epoch:  15 batch:  20 region_loss:  10.0 10.0 loc_loss:  0.8516419219970703 reward_loss:  -42.582096099853516
epoch:  15 batch:  30 region_loss:  10.0 10.0 loc_loss:  0.9292408752441407 reward_loss:  -46.46204376220703
epoch:  15 batch:  40 region_loss:  10.0 10.0 loc_loss:  1.0011046600341797 reward_loss:  -50.05523681640625
epoch:  15 batch:  50 region_loss:  10.0 10.0 loc_loss:  0.9175228118896485 reward_loss:  -45.876136779785156
epoch:  15 batch:  60 region_loss:  10.0 10.0 loc_loss:  0.9814993286132813 reward_loss:  -49.074974060058594
epoch:  15 batch:  70 region_loss:  10.0 10.0 loc_loss:  0.9100897216796875 reward_loss:  -45.504486083984375
epoch:  15 batch:  80 region_loss:  10.0 10.0 loc_loss:  1.0076283264160155 reward_loss:  -50.38141632080078
epoch:  15 batch:  90 region_loss:  6.0 6.0 loc_loss:  0.6109828186035157 reward_loss:  -30.549144744873047
epoch:  15 batch:  100 region_loss:  8.0 8.0 loc_loss:  0.7251009368896484 reward_loss:  -36.25520706176758
epoch:  15 batch:  110 region_loss:  4.0 4.0 loc_loss:  0.4254644012451172 reward_loss:  -21.273162841796875
epoch:  15 batch:  120 region_loss:  5.0 5.0 loc_loss:  0.48424301147460935 reward_loss:  -24.212142944335938
epoch:  15 batch:  130 region_loss:  7.0 7.0 loc_loss:  0.7131211090087891 reward_loss:  -35.65603256225586
acc@1:  0.1349952963311383
epoch: 15 region loss 0.17051094890510948 loc loss 0.7915533296905295 reward loss -39.57765998283442
epoch:  16 batch:  0 region_loss:  10.0 10.0 loc_loss:  0.9085131072998047 reward_loss:  -45.425655364990234
epoch:  16 batch:  10 region_loss:  10.0 10.0 loc_loss:  0.930737533569336 reward_loss:  -46.536869049072266
epoch:  16 batch:  20 region_loss:  10.0 10.0 loc_loss:  0.8070507049560547 reward_loss:  -40.352535247802734
epoch:  16 batch:  30 region_loss:  10.0 10.0 loc_loss:  0.8766415405273438 reward_loss:  -43.832069396972656
epoch:  16 batch:  40 region_loss:  10.0 10.0 loc_loss:  0.9594268798828125 reward_loss:  -47.971351623535156
epoch:  16 batch:  50 region_loss:  10.0 10.0 loc_loss:  0.8644512939453125 reward_loss:  -43.222564697265625
epoch:  16 batch:  60 region_loss:  10.0 10.0 loc_loss:  0.9321730041503906 reward_loss:  -46.608642578125
epoch:  16 batch:  70 region_loss:  10.0 10.0 loc_loss:  0.8627716827392579 reward_loss:  -43.13858413696289
epoch:  16 batch:  80 region_loss:  10.0 10.0 loc_loss:  0.9621038818359375 reward_loss:  -48.105186462402344
epoch:  16 batch:  90 region_loss:  6.0 6.0 loc_loss:  0.5831787109375 reward_loss:  -29.158937454223633
epoch:  16 batch:  100 region_loss:  8.0 8.0 loc_loss:  0.6893389892578125 reward_loss:  -34.466896057128906
epoch:  16 batch:  110 region_loss:  4.0 4.0 loc_loss:  0.40488754272460936 reward_loss:  -20.24437713623047
epoch:  16 batch:  120 region_loss:  5.0 5.0 loc_loss:  0.45852569580078123 reward_loss:  -22.92628288269043
epoch:  16 batch:  130 region_loss:  7.0 7.0 loc_loss:  0.6794112396240234 reward_loss:  -33.97056579589844
acc@1:  0.1349952963311383
epoch: 16 region loss 0.17051094890510948 loc loss 0.7521295497365241 reward loss -37.60647686032483
epoch:  17 batch:  0 region_loss:  10.0 10.0 loc_loss:  0.8593892669677734 reward_loss:  -42.96946716308594
epoch:  17 batch:  10 region_loss:  10.0 10.0 loc_loss:  0.8833547973632813 reward_loss:  -44.16774368286133
epoch:  17 batch:  20 region_loss:  10.0 10.0 loc_loss:  0.7671665191650391 reward_loss:  -38.35832214355469
epoch:  17 batch:  30 region_loss:  10.0 10.0 loc_loss:  0.8290644073486328 reward_loss:  -41.45322036743164
epoch:  17 batch:  40 region_loss:  10.0 10.0 loc_loss:  0.9214730834960938 reward_loss:  -46.07365417480469
epoch:  17 batch:  50 region_loss:  10.0 10.0 loc_loss:  0.8173392486572265 reward_loss:  -40.866966247558594
epoch:  17 batch:  60 region_loss:  10.0 10.0 loc_loss:  0.8859194946289063 reward_loss:  -44.29597091674805
epoch:  17 batch:  70 region_loss:  10.0 10.0 loc_loss:  0.819556884765625 reward_loss:  -40.97784423828125
epoch:  17 batch:  80 region_loss:  10.0 10.0 loc_loss:  0.9193013000488282 reward_loss:  -45.96506118774414
epoch:  17 batch:  90 region_loss:  6.0 6.0 loc_loss:  0.5569816970825195 reward_loss:  -27.849084854125977
epoch:  17 batch:  100 region_loss:  8.0 8.0 loc_loss:  0.656632080078125 reward_loss:  -32.83159637451172
epoch:  17 batch:  110 region_loss:  4.0 4.0 loc_loss:  0.3852350616455078 reward_loss:  -19.26175308227539
epoch:  17 batch:  120 region_loss:  5.0 5.0 loc_loss:  0.4341672134399414 reward_loss:  -21.70836067199707
epoch:  17 batch:  130 region_loss:  7.0 7.0 loc_loss:  0.6478881072998047 reward_loss:  -32.39440155029297
acc@1:  0.13640639698965193
epoch: 17 region loss 0.17051094890510948 loc loss 0.7159150250288693 reward loss -35.79574914918329
epoch:  18 batch:  0 region_loss:  10.0 10.0 loc_loss:  0.8144158172607422 reward_loss:  -40.72079849243164
epoch:  18 batch:  10 region_loss:  10.0 10.0 loc_loss:  0.8399800872802734 reward_loss:  -41.99900436401367
epoch:  18 batch:  20 region_loss:  10.0 10.0 loc_loss:  0.7312391662597656 reward_loss:  -36.56195831298828
epoch:  18 batch:  30 region_loss:  10.0 10.0 loc_loss:  0.7858367919921875 reward_loss:  -39.291847229003906
epoch:  18 batch:  40 region_loss:  10.0 10.0 loc_loss:  0.8865015411376953 reward_loss:  -44.32508087158203
epoch:  18 batch:  50 region_loss:  10.0 10.0 loc_loss:  0.775310287475586 reward_loss:  -38.7655143737793
epoch:  18 batch:  60 region_loss:  10.0 10.0 loc_loss:  0.8424638366699219 reward_loss:  -42.123191833496094
epoch:  18 batch:  70 region_loss:  10.0 10.0 loc_loss:  0.7798207855224609 reward_loss:  -38.99103546142578
epoch:  18 batch:  80 region_loss:  10.0 10.0 loc_loss:  0.8788877868652344 reward_loss:  -43.94438934326172
epoch:  18 batch:  90 region_loss:  6.0 6.0 loc_loss:  0.5320418548583984 reward_loss:  -26.602092742919922
epoch:  18 batch:  100 region_loss:  8.0 8.0 loc_loss:  0.6263709259033203 reward_loss:  -31.318546295166016
epoch:  18 batch:  110 region_loss:  4.0 4.0 loc_loss:  0.3664400100708008 reward_loss:  -18.322002410888672
epoch:  18 batch:  120 region_loss:  5.0 5.0 loc_loss:  0.4111429214477539 reward_loss:  -20.55714225769043
epoch:  18 batch:  130 region_loss:  7.0 7.0 loc_loss:  0.6185742568969727 reward_loss:  -30.928712844848633
acc@1:  0.13828786453433678
epoch: 18 region loss 0.17051094890510948 loc loss 0.6825268320793653 reward loss -34.12633945298021
epoch:  19 batch:  0 region_loss:  10.0 10.0 loc_loss:  0.7729081726074218 reward_loss:  -38.64541244506836
epoch:  19 batch:  10 region_loss:  10.0 10.0 loc_loss:  0.7998723602294922 reward_loss:  -39.993614196777344
epoch:  19 batch:  20 region_loss:  10.0 10.0 loc_loss:  0.6986555480957031 reward_loss:  -34.932777404785156
epoch:  19 batch:  30 region_loss:  10.0 10.0 loc_loss:  0.7461508941650391 reward_loss:  -37.30754470825195
epoch:  19 batch:  40 region_loss:  10.0 10.0 loc_loss:  0.8540609741210937 reward_loss:  -42.70304870605469
epoch:  19 batch:  50 region_loss:  10.0 10.0 loc_loss:  0.7376183319091797 reward_loss:  -36.880916595458984
epoch:  19 batch:  60 region_loss:  10.0 10.0 loc_loss:  0.8014328765869141 reward_loss:  -40.0716438293457
epoch:  19 batch:  70 region_loss:  10.0 10.0 loc_loss:  0.7429859161376953 reward_loss:  -37.149295806884766
epoch:  19 batch:  80 region_loss:  10.0 10.0 loc_loss:  0.8405889892578124 reward_loss:  -42.029449462890625
epoch:  19 batch:  90 region_loss:  6.0 6.0 loc_loss:  0.5083521270751953 reward_loss:  -25.417606353759766
epoch:  19 batch:  100 region_loss:  8.0 8.0 loc_loss:  0.5982205963134766 reward_loss:  -29.911029815673828
epoch:  19 batch:  110 region_loss:  4.0 4.0 loc_loss:  0.3484346008300781 reward_loss:  -17.421733856201172
epoch:  19 batch:  120 region_loss:  5.0 5.0 loc_loss:  0.38938758850097654 reward_loss:  -19.469379425048828
epoch:  19 batch:  130 region_loss:  7.0 7.0 loc_loss:  0.5911266326904296 reward_loss:  -29.556331634521484
acc@1:  0.13734713076199437
epoch: 19 region loss 0.17051094890510948 loc loss 0.6515662183552763 reward loss -32.57831128670351
epoch:  20 batch:  0 region_loss:  10.0 10.0 loc_loss:  0.7345979309082031 reward_loss:  -36.729896545410156
epoch:  20 batch:  10 region_loss:  10.0 10.0 loc_loss:  0.7627425384521485 reward_loss:  -38.137123107910156
epoch:  20 batch:  20 region_loss:  10.0 10.0 loc_loss:  0.6689625549316406 reward_loss:  -33.44812774658203
epoch:  20 batch:  30 region_loss:  10.0 10.0 loc_loss:  0.7097618103027343 reward_loss:  -35.48809051513672
epoch:  20 batch:  40 region_loss:  10.0 10.0 loc_loss:  0.8234436798095703 reward_loss:  -41.172183990478516
epoch:  20 batch:  50 region_loss:  10.0 10.0 loc_loss:  0.703259506225586 reward_loss:  -35.16297149658203
epoch:  20 batch:  60 region_loss:  10.0 10.0 loc_loss:  0.7625259399414063 reward_loss:  -38.12629318237305
epoch:  20 batch:  70 region_loss:  10.0 10.0 loc_loss:  0.7086758422851562 reward_loss:  -35.43379592895508
epoch:  20 batch:  80 region_loss:  10.0 10.0 loc_loss:  0.80430908203125 reward_loss:  -40.21544647216797
epoch:  20 batch:  90 region_loss:  6.0 6.0 loc_loss:  0.48572784423828125 reward_loss:  -24.286392211914062
epoch:  20 batch:  100 region_loss:  8.0 8.0 loc_loss:  0.5715970611572265 reward_loss:  -28.579862594604492
epoch:  20 batch:  110 region_loss:  4.0 4.0 loc_loss:  0.3312089157104492 reward_loss:  -16.560443878173828
epoch:  20 batch:  120 region_loss:  5.0 5.0 loc_loss:  0.36885284423828124 reward_loss:  -18.442642211914062
epoch:  20 batch:  130 region_loss:  7.0 7.0 loc_loss:  0.565223159790039 reward_loss:  -28.261154174804688
acc@1:  0.13311382878645345
epoch: 20 region loss 0.17051094890510948 loc loss 0.6226897122738135 reward loss -31.134484854927898
epoch:  21 batch:  0 region_loss:  10.0 10.0 loc_loss:  0.6989225769042968 reward_loss:  -34.946128845214844
epoch:  21 batch:  10 region_loss:  10.0 10.0 loc_loss:  0.7281061553955078 reward_loss:  -36.40530776977539
epoch:  21 batch:  20 region_loss:  10.0 10.0 loc_loss:  0.6415190124511718 reward_loss:  -32.075950622558594
epoch:  21 batch:  30 region_loss:  10.0 10.0 loc_loss:  0.6760234069824219 reward_loss:  -33.801170349121094
epoch:  21 batch:  40 region_loss:  10.0 10.0 loc_loss:  0.794292221069336 reward_loss:  -39.7146110534668
epoch:  21 batch:  50 region_loss:  10.0 10.0 loc_loss:  0.6715161895751953 reward_loss:  -33.5758056640625
epoch:  21 batch:  60 region_loss:  10.0 10.0 loc_loss:  0.7257731628417968 reward_loss:  -36.288658142089844
epoch:  21 batch:  70 region_loss:  10.0 10.0 loc_loss:  0.6764952850341797 reward_loss:  -33.82475280761719
epoch:  21 batch:  80 region_loss:  10.0 10.0 loc_loss:  0.7695274353027344 reward_loss:  -38.47637176513672
epoch:  21 batch:  90 region_loss:  6.0 6.0 loc_loss:  0.4639930725097656 reward_loss:  -23.19965362548828
epoch:  21 batch:  100 region_loss:  8.0 8.0 loc_loss:  0.5463856124877929 reward_loss:  -27.31928253173828
epoch:  21 batch:  110 region_loss:  4.0 4.0 loc_loss:  0.31478607177734375 reward_loss:  -15.739301681518555
epoch:  21 batch:  120 region_loss:  5.0 5.0 loc_loss:  0.34935195922851564 reward_loss:  -17.46759605407715
epoch:  21 batch:  130 region_loss:  7.0 7.0 loc_loss:  0.5405123519897461 reward_loss:  -27.025611877441406
acc@1:  0.1317027281279398
epoch: 21 region loss 0.17051094890510948 loc loss 0.5955557228700958 reward loss -29.777783811527446
epoch:  22 batch:  0 region_loss:  10.0 10.0 loc_loss:  0.6655003356933594 reward_loss:  -33.27501678466797
epoch:  22 batch:  10 region_loss:  10.0 10.0 loc_loss:  0.6956317901611329 reward_loss:  -34.781585693359375
epoch:  22 batch:  20 region_loss:  10.0 10.0 loc_loss:  0.6160357284545899 reward_loss:  -30.80178451538086
epoch:  22 batch:  30 region_loss:  10.0 10.0 loc_loss:  0.64445556640625 reward_loss:  -32.222782135009766
epoch:  22 batch:  40 region_loss:  10.0 10.0 loc_loss:  0.7662521362304687 reward_loss:  -38.3126106262207
epoch:  22 batch:  50 region_loss:  10.0 10.0 loc_loss:  0.6421463012695312 reward_loss:  -32.1073112487793
epoch:  22 batch:  60 region_loss:  10.0 10.0 loc_loss:  0.6906923675537109 reward_loss:  -34.53461837768555
epoch:  22 batch:  70 region_loss:  10.0 10.0 loc_loss:  0.6462261199951171 reward_loss:  -32.311302185058594
epoch:  22 batch:  80 region_loss:  10.0 10.0 loc_loss:  0.7362785339355469 reward_loss:  -36.81392288208008
epoch:  22 batch:  90 region_loss:  6.0 6.0 loc_loss:  0.4431362533569336 reward_loss:  -22.156810760498047
epoch:  22 batch:  100 region_loss:  8.0 8.0 loc_loss:  0.52226806640625 reward_loss:  -26.1134033203125
epoch:  22 batch:  110 region_loss:  4.0 4.0 loc_loss:  0.2990208625793457 reward_loss:  -14.951041221618652
epoch:  22 batch:  120 region_loss:  5.0 5.0 loc_loss:  0.3308723831176758 reward_loss:  -16.543621063232422
epoch:  22 batch:  130 region_loss:  7.0 7.0 loc_loss:  0.5169459915161133 reward_loss:  -25.847299575805664
acc@1:  0.132173095014111
epoch: 22 region loss 0.17051094890510948 loc loss 0.5699229850212153 reward loss -28.496149118799362
epoch:  23 batch:  0 region_loss:  10.0 10.0 loc_loss:  0.6340822601318359 reward_loss:  -31.704111099243164
epoch:  23 batch:  10 region_loss:  10.0 10.0 loc_loss:  0.6650489807128906 reward_loss:  -33.25244903564453
epoch:  23 batch:  20 region_loss:  10.0 10.0 loc_loss:  0.5921837997436523 reward_loss:  -29.609188079833984
epoch:  23 batch:  30 region_loss:  10.0 10.0 loc_loss:  0.6148827362060547 reward_loss:  -30.744136810302734
epoch:  23 batch:  40 region_loss:  10.0 10.0 loc_loss:  0.7391268157958985 reward_loss:  -36.95634078979492
epoch:  23 batch:  50 region_loss:  10.0 10.0 loc_loss:  0.6145810317993164 reward_loss:  -30.729049682617188
epoch:  23 batch:  60 region_loss:  10.0 10.0 loc_loss:  0.6574687957763672 reward_loss:  -32.87343978881836
epoch:  23 batch:  70 region_loss:  10.0 10.0 loc_loss:  0.6177537536621094 reward_loss:  -30.887683868408203
epoch:  23 batch:  80 region_loss:  10.0 10.0 loc_loss:  0.7043508911132812 reward_loss:  -35.21754455566406
epoch:  23 batch:  90 region_loss:  6.0 6.0 loc_loss:  0.4232004928588867 reward_loss:  -21.16002082824707
epoch:  23 batch:  100 region_loss:  8.0 8.0 loc_loss:  0.4992420196533203 reward_loss:  -24.962100982666016
epoch:  23 batch:  110 region_loss:  4.0 4.0 loc_loss:  0.2839211082458496 reward_loss:  -14.196053504943848
epoch:  23 batch:  120 region_loss:  5.0 5.0 loc_loss:  0.3133489036560059 reward_loss:  -15.667444229125977
epoch:  23 batch:  130 region_loss:  7.0 7.0 loc_loss:  0.4942555618286133 reward_loss:  -24.712779998779297
acc@1:  0.13311382878645345
epoch: 23 region loss 0.17051094890510948 loc loss 0.5455805259203389 reward loss -27.279024468721264
epoch:  24 batch:  0 region_loss:  10.0 10.0 loc_loss:  0.6043702697753907 reward_loss:  -30.2185115814209
epoch:  24 batch:  10 region_loss:  10.0 10.0 loc_loss:  0.6361440658569336 reward_loss:  -31.807205200195312
epoch:  24 batch:  20 region_loss:  10.0 10.0 loc_loss:  0.5694574356079102 reward_loss:  -28.472871780395508
epoch:  24 batch:  30 region_loss:  10.0 10.0 loc_loss:  0.5870338821411133 reward_loss:  -29.35169219970703
epoch:  24 batch:  40 region_loss:  10.0 10.0 loc_loss:  0.7126605224609375 reward_loss:  -35.633033752441406
epoch:  24 batch:  50 region_loss:  10.0 10.0 loc_loss:  0.5885580062866211 reward_loss:  -29.427898406982422
epoch:  24 batch:  60 region_loss:  10.0 10.0 loc_loss:  0.6258958435058594 reward_loss:  -31.2947940826416
epoch:  24 batch:  70 region_loss:  10.0 10.0 loc_loss:  0.5908155059814453 reward_loss:  -29.540771484375
epoch:  24 batch:  80 region_loss:  10.0 10.0 loc_loss:  0.6734616088867188 reward_loss:  -33.67307662963867
epoch:  24 batch:  90 region_loss:  6.0 6.0 loc_loss:  0.40383129119873046 reward_loss:  -20.191564559936523
epoch:  24 batch:  100 region_loss:  8.0 8.0 loc_loss:  0.47711997985839844 reward_loss:  -23.855993270874023
epoch:  24 batch:  110 region_loss:  4.0 4.0 loc_loss:  0.2695071411132812 reward_loss:  -13.475357055664062
epoch:  24 batch:  120 region_loss:  5.0 5.0 loc_loss:  0.2967113494873047 reward_loss:  -14.835565567016602
epoch:  24 batch:  130 region_loss:  7.0 7.0 loc_loss:  0.47236488342285154 reward_loss:  -23.618244171142578
acc@1:  0.13311382878645345
epoch: 24 region loss 0.17051094890510948 loc loss 0.5223552868836118 reward loss -26.11776149707989
epoch:  25 batch:  0 region_loss:  10.0 10.0 loc_loss:  0.5760284042358399 reward_loss:  -28.80142593383789
epoch:  25 batch:  10 region_loss:  10.0 10.0 loc_loss:  0.608773193359375 reward_loss:  -30.43865966796875
epoch:  25 batch:  20 region_loss:  10.0 10.0 loc_loss:  0.5477999877929688 reward_loss:  -27.389999389648438
epoch:  25 batch:  30 region_loss:  10.0 10.0 loc_loss:  0.5606465148925781 reward_loss:  -28.032323837280273
epoch:  25 batch:  40 region_loss:  10.0 10.0 loc_loss:  0.6868487548828125 reward_loss:  -34.342437744140625
epoch:  25 batch:  50 region_loss:  10.0 10.0 loc_loss:  0.5638898468017578 reward_loss:  -28.194488525390625
epoch:  25 batch:  60 region_loss:  10.0 10.0 loc_loss:  0.5958195877075195 reward_loss:  -29.79098129272461
epoch:  25 batch:  70 region_loss:  10.0 10.0 loc_loss:  0.5652401733398438 reward_loss:  -28.261995315551758
epoch:  25 batch:  80 region_loss:  10.0 10.0 loc_loss:  0.6437564086914063 reward_loss:  -32.18782043457031
epoch:  25 batch:  90 region_loss:  6.0 6.0 loc_loss:  0.38519786834716796 reward_loss:  -19.2598934173584
epoch:  25 batch:  100 region_loss:  8.0 8.0 loc_loss:  0.4558385467529297 reward_loss:  -22.79193115234375
epoch:  25 batch:  110 region_loss:  4.0 4.0 loc_loss:  0.25562158584594724 reward_loss:  -12.781078338623047
epoch:  25 batch:  120 region_loss:  5.0 5.0 loc_loss:  0.2808927345275879 reward_loss:  -14.044637680053711
epoch:  25 batch:  130 region_loss:  7.0 7.0 loc_loss:  0.45122337341308594 reward_loss:  -22.561166763305664
acc@1:  0.1317027281279398
epoch: 25 region loss 0.17051094890510948 loc loss 0.5001101700580903 reward loss -25.005508395007055
epoch:  26 batch:  0 region_loss:  10.0 10.0 loc_loss:  0.5491063690185547 reward_loss:  -27.45531463623047
epoch:  26 batch:  10 region_loss:  10.0 10.0 loc_loss:  0.58268798828125 reward_loss:  -29.134403228759766
epoch:  26 batch:  20 region_loss:  10.0 10.0 loc_loss:  0.5271575927734375 reward_loss:  -26.357877731323242
epoch:  26 batch:  30 region_loss:  10.0 10.0 loc_loss:  0.5355510711669922 reward_loss:  -26.77755355834961
epoch:  26 batch:  40 region_loss:  10.0 10.0 loc_loss:  0.6617146301269531 reward_loss:  -33.085731506347656
epoch:  26 batch:  50 region_loss:  10.0 10.0 loc_loss:  0.5403782653808594 reward_loss:  -27.018917083740234
epoch:  26 batch:  60 region_loss:  10.0 10.0 loc_loss:  0.5671273803710938 reward_loss:  -28.356367111206055
epoch:  26 batch:  70 region_loss:  10.0 10.0 loc_loss:  0.540911865234375 reward_loss:  -27.04559326171875
epoch:  26 batch:  80 region_loss:  10.0 10.0 loc_loss:  0.6150922775268555 reward_loss:  -30.754615783691406
epoch:  26 batch:  90 region_loss:  6.0 6.0 loc_loss:  0.36718944549560545 reward_loss:  -18.359472274780273
epoch:  26 batch:  100 region_loss:  8.0 8.0 loc_loss:  0.4352769088745117 reward_loss:  -21.763900756835938
epoch:  26 batch:  110 region_loss:  4.0 4.0 loc_loss:  0.24230491638183593 reward_loss:  -12.115245819091797
epoch:  26 batch:  120 region_loss:  5.0 5.0 loc_loss:  0.2658431053161621 reward_loss:  -13.292156219482422
epoch:  26 batch:  130 region_loss:  7.0 7.0 loc_loss:  0.4307518005371094 reward_loss:  -21.537588119506836
acc@1:  0.12982126058325494
epoch: 26 region loss 0.17051094890510948 loc loss 0.4787411840118631 reward loss -23.937058883861905
epoch:  27 batch:  0 region_loss:  10.0 10.0 loc_loss:  0.523343734741211 reward_loss:  -26.167186737060547
epoch:  27 batch:  10 region_loss:  10.0 10.0 loc_loss:  0.5576766967773438 reward_loss:  -27.88383674621582
epoch:  27 batch:  20 region_loss:  10.0 10.0 loc_loss:  0.5072029876708984 reward_loss:  -25.360149383544922
epoch:  27 batch:  30 region_loss:  10.0 10.0 loc_loss:  0.5116045379638672 reward_loss:  -25.58022689819336
epoch:  27 batch:  40 region_loss:  10.0 10.0 loc_loss:  0.6370861053466796 reward_loss:  -31.854305267333984
epoch:  27 batch:  50 region_loss:  10.0 10.0 loc_loss:  0.5178213119506836 reward_loss:  -25.89105987548828
epoch:  27 batch:  60 region_loss:  10.0 10.0 loc_loss:  0.5396853637695312 reward_loss:  -26.984272003173828
epoch:  27 batch:  70 region_loss:  10.0 10.0 loc_loss:  0.5177675247192383 reward_loss:  -25.888378143310547
epoch:  27 batch:  80 region_loss:  10.0 10.0 loc_loss:  0.5872650909423828 reward_loss:  -29.363250732421875
epoch:  27 batch:  90 region_loss:  6.0 6.0 loc_loss:  0.3496828079223633 reward_loss:  -17.484140396118164
epoch:  27 batch:  100 region_loss:  8.0 8.0 loc_loss:  0.41553428649902346 reward_loss:  -20.77671241760254
epoch:  27 batch:  110 region_loss:  4.0 4.0 loc_loss:  0.22955024719238282 reward_loss:  -11.47751235961914
epoch:  27 batch:  120 region_loss:  5.0 5.0 loc_loss:  0.2514858055114746 reward_loss:  -12.574291229248047
epoch:  27 batch:  130 region_loss:  7.0 7.0 loc_loss:  0.41088027954101564 reward_loss:  -20.54401397705078
acc@1:  0.1288805268109125
epoch: 27 region loss 0.17051094890510948 loc loss 0.4581361660644086 reward loss -22.906808014333684
epoch:  28 batch:  0 region_loss:  10.0 10.0 loc_loss:  0.49852096557617187 reward_loss:  -24.92604637145996
epoch:  28 batch:  10 region_loss:  10.0 10.0 loc_loss:  0.5336937713623047 reward_loss:  -26.684690475463867
epoch:  28 batch:  20 region_loss:  10.0 10.0 loc_loss:  0.48799503326416016 reward_loss:  -24.399749755859375
epoch:  28 batch:  30 region_loss:  10.0 10.0 loc_loss:  0.48867942810058596 reward_loss:  -24.433969497680664
epoch:  28 batch:  40 region_loss:  10.0 10.0 loc_loss:  0.6129056549072266 reward_loss:  -30.64528465270996
epoch:  28 batch:  50 region_loss:  10.0 10.0 loc_loss:  0.49620197296142576 reward_loss:  -24.810100555419922
epoch:  28 batch:  60 region_loss:  10.0 10.0 loc_loss:  0.5134720611572265 reward_loss:  -25.673603057861328
epoch:  28 batch:  70 region_loss:  10.0 10.0 loc_loss:  0.4955898284912109 reward_loss:  -24.779491424560547
epoch:  28 batch:  80 region_loss:  10.0 10.0 loc_loss:  0.5602618408203125 reward_loss:  -28.013092041015625
epoch:  28 batch:  90 region_loss:  6.0 6.0 loc_loss:  0.332701416015625 reward_loss:  -16.63507080078125
epoch:  28 batch:  100 region_loss:  8.0 8.0 loc_loss:  0.39638328552246094 reward_loss:  -19.819162368774414
epoch:  28 batch:  110 region_loss:  4.0 4.0 loc_loss:  0.21720638275146484 reward_loss:  -10.860320091247559
epoch:  28 batch:  120 region_loss:  5.0 5.0 loc_loss:  0.23776578903198242 reward_loss:  -11.888289451599121
epoch:  28 batch:  130 region_loss:  7.0 7.0 loc_loss:  0.39156265258789064 reward_loss:  -19.57813262939453
acc@1:  0.12652869238005646
epoch: 28 region loss 0.17051094890510948 loc loss 0.4382223757166062 reward loss -21.9111182759278
epoch:  29 batch:  0 region_loss:  10.0 10.0 loc_loss:  0.47478466033935546 reward_loss:  -23.73923110961914
epoch:  29 batch:  10 region_loss:  10.0 10.0 loc_loss:  0.5105566024780274 reward_loss:  -25.527828216552734
epoch:  29 batch:  20 region_loss:  10.0 10.0 loc_loss:  0.46922882080078127 reward_loss:  -23.461441040039062
epoch:  29 batch:  30 region_loss:  10.0 10.0 loc_loss:  0.4666374969482422 reward_loss:  -23.331872940063477
epoch:  29 batch:  40 region_loss:  10.0 10.0 loc_loss:  0.5892257308959961 reward_loss:  -29.461288452148438
epoch:  29 batch:  50 region_loss:  10.0 10.0 loc_loss:  0.4752326965332031 reward_loss:  -23.761632919311523
epoch:  29 batch:  60 region_loss:  10.0 10.0 loc_loss:  0.4883737564086914 reward_loss:  -24.418685913085938
epoch:  29 batch:  70 region_loss:  10.0 10.0 loc_loss:  0.4741567611694336 reward_loss:  -23.707853317260742
epoch:  29 batch:  80 region_loss:  10.0 10.0 loc_loss:  0.5339908218383789 reward_loss:  -26.699541091918945
epoch:  29 batch:  90 region_loss:  6.0 6.0 loc_loss:  0.3161880302429199 reward_loss:  -15.809401512145996
epoch:  29 batch:  100 region_loss:  8.0 8.0 loc_loss:  0.3778484344482422 reward_loss:  -18.89242172241211
epoch:  29 batch:  110 region_loss:  4.0 4.0 loc_loss:  0.20537715911865234 reward_loss:  -10.268858909606934
epoch:  29 batch:  120 region_loss:  5.0 5.0 loc_loss:  0.22459590911865235 reward_loss:  -11.229795455932617
epoch:  29 batch:  130 region_loss:  7.0 7.0 loc_loss:  0.3727605056762695 reward_loss:  -18.638025283813477
acc@1:  0.12746942615239887
epoch: 29 region loss 0.17051094890510948 loc loss 0.4189521103879831 reward loss -20.947605324487615
epoch:  30 batch:  0 region_loss:  10.0 10.0 loc_loss:  0.4519440460205078 reward_loss:  -22.59720230102539
epoch:  30 batch:  10 region_loss:  10.0 10.0 loc_loss:  0.4881647872924805 reward_loss:  -24.40823745727539
epoch:  30 batch:  20 region_loss:  10.0 10.0 loc_loss:  0.4512300491333008 reward_loss:  -22.56150245666504
epoch:  30 batch:  30 region_loss:  10.0 10.0 loc_loss:  0.44530467987060546 reward_loss:  -22.26523208618164
epoch:  30 batch:  40 region_loss:  10.0 10.0 loc_loss:  0.5659943008422852 reward_loss:  -28.299718856811523
epoch:  30 batch:  50 region_loss:  10.0 10.0 loc_loss:  0.4549908828735352 reward_loss:  -22.74954605102539
epoch:  30 batch:  60 region_loss:  10.0 10.0 loc_loss:  0.46422386169433594 reward_loss:  -23.21119499206543
epoch:  30 batch:  70 region_loss:  10.0 10.0 loc_loss:  0.45361976623535155 reward_loss:  -22.68099021911621
epoch:  30 batch:  80 region_loss:  10.0 10.0 loc_loss:  0.5084341430664062 reward_loss:  -25.42170524597168
epoch:  30 batch:  90 region_loss:  6.0 6.0 loc_loss:  0.3000914001464844 reward_loss:  -15.004570007324219
epoch:  30 batch:  100 region_loss:  8.0 8.0 loc_loss:  0.35985729217529294 reward_loss:  -17.99286651611328
epoch:  30 batch:  110 region_loss:  4.0 4.0 loc_loss:  0.19398796081542968 reward_loss:  -9.699397087097168
epoch:  30 batch:  120 region_loss:  5.0 5.0 loc_loss:  0.21200191497802734 reward_loss:  -10.60009479522705
epoch:  30 batch:  130 region_loss:  7.0 7.0 loc_loss:  0.3544122314453125 reward_loss:  -17.720611572265625
acc@1:  0.12746942615239887
epoch: 30 region loss 0.17051094890510948 loc loss 0.40030043970929446 reward loss -20.015021868865855
epoch:  31 batch:  0 region_loss:  10.0 10.0 loc_loss:  0.42992683410644533 reward_loss:  -21.496341705322266
epoch:  31 batch:  10 region_loss:  10.0 10.0 loc_loss:  0.46651309967041016 reward_loss:  -23.325654983520508
epoch:  31 batch:  20 region_loss:  10.0 10.0 loc_loss:  0.43364646911621096 reward_loss:  -21.68231964111328
epoch:  31 batch:  30 region_loss:  10.0 10.0 loc_loss:  0.42481647491455077 reward_loss:  -21.24082374572754
epoch:  31 batch:  40 region_loss:  10.0 10.0 loc_loss:  0.5432373809814454 reward_loss:  -27.161867141723633
epoch:  31 batch:  50 region_loss:  10.0 10.0 loc_loss:  0.43538497924804687 reward_loss:  -21.769248962402344
epoch:  31 batch:  60 region_loss:  10.0 10.0 loc_loss:  0.4411322784423828 reward_loss:  -22.05661392211914
epoch:  31 batch:  70 region_loss:  10.0 10.0 loc_loss:  0.4337634658813477 reward_loss:  -21.688173294067383
epoch:  31 batch:  80 region_loss:  10.0 10.0 loc_loss:  0.4835355758666992 reward_loss:  -24.176776885986328
epoch:  31 batch:  90 region_loss:  6.0 6.0 loc_loss:  0.2845598220825195 reward_loss:  -14.227989196777344
epoch:  31 batch:  100 region_loss:  8.0 8.0 loc_loss:  0.3423612594604492 reward_loss:  -17.11806297302246
epoch:  31 batch:  110 region_loss:  4.0 4.0 loc_loss:  0.18307310104370117 reward_loss:  -9.153656005859375
epoch:  31 batch:  120 region_loss:  5.0 5.0 loc_loss:  0.19989501953125 reward_loss:  -9.994749069213867
epoch:  31 batch:  130 region_loss:  7.0 7.0 loc_loss:  0.33656902313232423 reward_loss:  -16.828388214111328
acc@1:  0.12605832549388524
epoch: 31 region loss 0.17051094890510948 loc loss 0.3822420025915995 reward loss -19.112099346453256
epoch:  32 batch:  0 region_loss:  10.0 10.0 loc_loss:  0.40874351501464845 reward_loss:  -20.43717384338379
epoch:  32 batch:  10 region_loss:  10.0 10.0 loc_loss:  0.44551204681396483 reward_loss:  -22.275604248046875
epoch:  32 batch:  20 region_loss:  10.0 10.0 loc_loss:  0.4165408325195312 reward_loss:  -20.82703971862793
epoch:  32 batch:  30 region_loss:  10.0 10.0 loc_loss:  0.4049644470214844 reward_loss:  -20.248220443725586
epoch:  32 batch:  40 region_loss:  10.0 10.0 loc_loss:  0.5208168792724609 reward_loss:  -26.040843963623047
epoch:  32 batch:  50 region_loss:  10.0 10.0 loc_loss:  0.41625343322753905 reward_loss:  -20.812671661376953
epoch:  32 batch:  60 region_loss:  10.0 10.0 loc_loss:  0.41872894287109375 reward_loss:  -20.936445236206055
epoch:  32 batch:  70 region_loss:  10.0 10.0 loc_loss:  0.4145106506347656 reward_loss:  -20.72553253173828
epoch:  32 batch:  80 region_loss:  10.0 10.0 loc_loss:  0.45933624267578127 reward_loss:  -22.966815948486328
epoch:  32 batch:  90 region_loss:  6.0 6.0 loc_loss:  0.2694400215148926 reward_loss:  -13.471999168395996
epoch:  32 batch:  100 region_loss:  8.0 8.0 loc_loss:  0.3254327392578125 reward_loss:  -16.271635055541992
epoch:  32 batch:  110 region_loss:  4.0 4.0 loc_loss:  0.1725279426574707 reward_loss:  -8.626396179199219
epoch:  32 batch:  120 region_loss:  5.0 5.0 loc_loss:  0.18828903198242186 reward_loss:  -9.414451599121094
epoch:  32 batch:  130 region_loss:  7.0 7.0 loc_loss:  0.3192107963562012 reward_loss:  -15.960537910461426
acc@1:  0.12464722483537159
epoch: 32 region loss 0.17051094890510948 loc loss 0.36458757772932954 reward loss -18.229378731581416
epoch:  33 batch:  0 region_loss:  10.0 10.0 loc_loss:  0.3882796478271484 reward_loss:  -19.413984298706055
epoch:  33 batch:  10 region_loss:  10.0 10.0 loc_loss:  0.42506301879882813 reward_loss:  -21.253150939941406
epoch:  33 batch:  20 region_loss:  10.0 10.0 loc_loss:  0.399971923828125 reward_loss:  -19.998598098754883
epoch:  33 batch:  30 region_loss:  10.0 10.0 loc_loss:  0.3857860565185547 reward_loss:  -19.289302825927734
epoch:  33 batch:  40 region_loss:  10.0 10.0 loc_loss:  0.4988959121704102 reward_loss:  -24.944795608520508
epoch:  33 batch:  50 region_loss:  10.0 10.0 loc_loss:  0.39783775329589843 reward_loss:  -19.891889572143555
epoch:  33 batch:  60 region_loss:  10.0 10.0 loc_loss:  0.3973297119140625 reward_loss:  -19.866485595703125
epoch:  33 batch:  70 region_loss:  10.0 10.0 loc_loss:  0.39586471557617187 reward_loss:  -19.793235778808594
epoch:  33 batch:  80 region_loss:  10.0 10.0 loc_loss:  0.435682373046875 reward_loss:  -21.78411865234375
epoch:  33 batch:  90 region_loss:  6.0 6.0 loc_loss:  0.2547777557373047 reward_loss:  -12.738887786865234
epoch:  33 batch:  100 region_loss:  8.0 8.0 loc_loss:  0.3088938140869141 reward_loss:  -15.44469165802002
epoch:  33 batch:  110 region_loss:  4.0 4.0 loc_loss:  0.1624325180053711 reward_loss:  -8.121625900268555
epoch:  33 batch:  120 region_loss:  5.0 5.0 loc_loss:  0.17714923858642578 reward_loss:  -8.857461929321289
epoch:  33 batch:  130 region_loss:  7.0 7.0 loc_loss:  0.30234786987304685 reward_loss:  -15.117393493652344
acc@1:  0.12370649106302917
epoch: 33 region loss 0.17051094890510948 loc loss 0.34746668909588 reward loss -17.373334228557393
epoch:  34 batch:  0 region_loss:  10.0 10.0 loc_loss:  0.3685461044311523 reward_loss:  -18.42730712890625
epoch:  34 batch:  10 region_loss:  10.0 10.0 loc_loss:  0.4052867889404297 reward_loss:  -20.264339447021484
epoch:  34 batch:  20 region_loss:  10.0 10.0 loc_loss:  0.3838857650756836 reward_loss:  -19.19428825378418
epoch:  34 batch:  30 region_loss:  10.0 10.0 loc_loss:  0.3671460342407227 reward_loss:  -18.3572998046875
epoch:  34 batch:  40 region_loss:  10.0 10.0 loc_loss:  0.47732349395751955 reward_loss:  -23.866172790527344
epoch:  34 batch:  50 region_loss:  10.0 10.0 loc_loss:  0.3796592330932617 reward_loss:  -18.982961654663086
epoch:  34 batch:  60 region_loss:  10.0 10.0 loc_loss:  0.37653465270996095 reward_loss:  -18.826732635498047
epoch:  34 batch:  70 region_loss:  10.0 10.0 loc_loss:  0.37771427154541015 reward_loss:  -18.885713577270508
epoch:  34 batch:  80 region_loss:  10.0 10.0 loc_loss:  0.41287925720214846 reward_loss:  -20.643964767456055
epoch:  34 batch:  90 region_loss:  6.0 6.0 loc_loss:  0.2404812240600586 reward_loss:  -12.024060249328613
epoch:  34 batch:  100 region_loss:  8.0 8.0 loc_loss:  0.29306617736816404 reward_loss:  -14.653308868408203
epoch:  34 batch:  110 region_loss:  4.0 4.0 loc_loss:  0.15271117210388183 reward_loss:  -7.635557651519775
epoch:  34 batch:  120 region_loss:  5.0 5.0 loc_loss:  0.16643014907836914 reward_loss:  -8.32150650024414
epoch:  34 batch:  130 region_loss:  7.0 7.0 loc_loss:  0.2859242630004883 reward_loss:  -14.296212196350098
acc@1:  0.12370649106302917
epoch: 34 region loss 0.17051094890510948 loc loss 0.3308612756485486 reward loss -16.54306428884938
epoch:  35 batch:  0 region_loss:  10.0 10.0 loc_loss:  0.3494222640991211 reward_loss:  -17.471113204956055
epoch:  35 batch:  10 region_loss:  10.0 10.0 loc_loss:  0.3859507369995117 reward_loss:  -19.297536849975586
epoch:  35 batch:  20 region_loss:  10.0 10.0 loc_loss:  0.3685500717163086 reward_loss:  -18.42750358581543
epoch:  35 batch:  30 region_loss:  10.0 10.0 loc_loss:  0.3490958023071289 reward_loss:  -17.454792022705078
epoch:  35 batch:  40 region_loss:  10.0 10.0 loc_loss:  0.45625370025634765 reward_loss:  -22.812686920166016
epoch:  35 batch:  50 region_loss:  10.0 10.0 loc_loss:  0.3623899841308594 reward_loss:  -18.119497299194336
epoch:  35 batch:  60 region_loss:  10.0 10.0 loc_loss:  0.35665073394775393 reward_loss:  -17.832534790039062
epoch:  35 batch:  70 region_loss:  10.0 10.0 loc_loss:  0.3602054214477539 reward_loss:  -18.010271072387695
epoch:  35 batch:  80 region_loss:  10.0 10.0 loc_loss:  0.3905408477783203 reward_loss:  -19.52704429626465
epoch:  35 batch:  90 region_loss:  6.0 6.0 loc_loss:  0.2267174530029297 reward_loss:  -11.3358736038208
epoch:  35 batch:  100 region_loss:  8.0 8.0 loc_loss:  0.2773311996459961 reward_loss:  -13.866560935974121
epoch:  35 batch:  110 region_loss:  4.0 4.0 loc_loss:  0.14341025352478026 reward_loss:  -7.170512676239014
epoch:  35 batch:  120 region_loss:  5.0 5.0 loc_loss:  0.15617061614990235 reward_loss:  -7.808531284332275
epoch:  35 batch:  130 region_loss:  7.0 7.0 loc_loss:  0.27015296936035155 reward_loss:  -13.507648468017578
acc@1:  0.1213546566321731
epoch: 35 region loss 0.17051094890510948 loc loss 0.3147448438797554 reward loss -15.737242305365791
epoch:  36 batch:  0 region_loss:  10.0 10.0 loc_loss:  0.33102424621582033 reward_loss:  -16.551212310791016
epoch:  36 batch:  10 region_loss:  10.0 10.0 loc_loss:  0.36728668212890625 reward_loss:  -18.364334106445312
epoch:  36 batch:  20 region_loss:  10.0 10.0 loc_loss:  0.3535440444946289 reward_loss:  -17.677204132080078
epoch:  36 batch:  30 region_loss:  10.0 10.0 loc_loss:  0.3316636657714844 reward_loss:  -16.583181381225586
epoch:  36 batch:  40 region_loss:  10.0 10.0 loc_loss:  0.4354140472412109 reward_loss:  -21.770702362060547
epoch:  36 batch:  50 region_loss:  10.0 10.0 loc_loss:  0.3451308059692383 reward_loss:  -17.256546020507812
epoch:  36 batch:  60 region_loss:  10.0 10.0 loc_loss:  0.3373942565917969 reward_loss:  -16.869712829589844
epoch:  36 batch:  70 region_loss:  10.0 10.0 loc_loss:  0.34321571350097657 reward_loss:  -17.16078758239746
epoch:  36 batch:  80 region_loss:  10.0 10.0 loc_loss:  0.3690877151489258 reward_loss:  -18.454381942749023
epoch:  36 batch:  90 region_loss:  6.0 6.0 loc_loss:  0.21343212127685546 reward_loss:  -10.671605110168457
epoch:  36 batch:  100 region_loss:  8.0 8.0 loc_loss:  0.2628059005737305 reward_loss:  -13.140295028686523
epoch:  36 batch:  110 region_loss:  4.0 4.0 loc_loss:  0.13443979263305664 reward_loss:  -6.721989631652832
epoch:  36 batch:  120 region_loss:  5.0 5.0 loc_loss:  0.1463754367828369 reward_loss:  -7.318770408630371
epoch:  36 batch:  130 region_loss:  7.0 7.0 loc_loss:  0.2547300910949707 reward_loss:  -12.736503601074219
acc@1:  0.12041392285983067
epoch: 36 region loss 0.17051094890510948 loc loss 0.29921871797881855 reward loss -14.960935740575303
epoch:  37 batch:  0 region_loss:  10.0 10.0 loc_loss:  0.3131471061706543 reward_loss:  -15.657355308532715
epoch:  37 batch:  10 region_loss:  10.0 10.0 loc_loss:  0.3490277099609375 reward_loss:  -17.451385498046875
epoch:  37 batch:  20 region_loss:  10.0 10.0 loc_loss:  0.3407455825805664 reward_loss:  -17.037277221679688
epoch:  37 batch:  30 region_loss:  10.0 10.0 loc_loss:  0.314680233001709 reward_loss:  -15.734010696411133
epoch:  37 batch:  40 region_loss:  10.0 10.0 loc_loss:  0.41526710510253906 reward_loss:  -20.763351440429688
epoch:  37 batch:  50 region_loss:  10.0 10.0 loc_loss:  0.32889610290527344 reward_loss:  -16.444805145263672
epoch:  37 batch:  60 region_loss:  10.0 10.0 loc_loss:  0.3189333152770996 reward_loss:  -15.946664810180664
epoch:  37 batch:  70 region_loss:  10.0 10.0 loc_loss:  0.3266130828857422 reward_loss:  -16.33065414428711
epoch:  37 batch:  80 region_loss:  10.0 10.0 loc_loss:  0.3479077911376953 reward_loss:  -17.395389556884766
epoch:  37 batch:  90 region_loss:  6.0 6.0 loc_loss:  0.2005095100402832 reward_loss:  -10.025476455688477
epoch:  37 batch:  100 region_loss:  8.0 8.0 loc_loss:  0.24758359909057617 reward_loss:  -12.379180908203125
epoch:  37 batch:  110 region_loss:  4.0 4.0 loc_loss:  0.12592754364013672 reward_loss:  -6.296377658843994
epoch:  37 batch:  120 region_loss:  5.0 5.0 loc_loss:  0.1370077610015869 reward_loss:  -6.850386619567871
epoch:  37 batch:  130 region_loss:  7.0 7.0 loc_loss:  0.23998167037963866 reward_loss:  -11.999082565307617
acc@1:  0.11994355597365945
epoch: 37 region loss 0.17051094890510948 loc loss 0.2841471003615943 reward loss -14.207354298473275
epoch:  38 batch:  0 region_loss:  10.0 10.0 loc_loss:  0.29602737426757814 reward_loss:  -14.801370620727539
epoch:  38 batch:  10 region_loss:  10.0 10.0 loc_loss:  0.33148277282714844 reward_loss:  -16.574138641357422
epoch:  38 batch:  20 region_loss:  10.0 10.0 loc_loss:  0.32723968505859374 reward_loss:  -16.361982345581055
epoch:  38 batch:  30 region_loss:  10.0 10.0 loc_loss:  0.29827371597290037 reward_loss:  -14.91368579864502
epoch:  38 batch:  40 region_loss:  10.0 10.0 loc_loss:  0.39533157348632814 reward_loss:  -19.766578674316406
epoch:  38 batch:  50 region_loss:  10.0 10.0 loc_loss:  0.31253780364990236 reward_loss:  -15.626890182495117
epoch:  38 batch:  60 region_loss:  10.0 10.0 loc_loss:  0.3012667465209961 reward_loss:  -15.063337326049805
epoch:  38 batch:  70 region_loss:  10.0 10.0 loc_loss:  0.3109734344482422 reward_loss:  -15.548669815063477
epoch:  38 batch:  80 region_loss:  10.0 10.0 loc_loss:  0.3281251525878906 reward_loss:  -16.406259536743164
epoch:  38 batch:  90 region_loss:  6.0 6.0 loc_loss:  0.18818952560424804 reward_loss:  -9.409475326538086
epoch:  38 batch:  100 region_loss:  8.0 8.0 loc_loss:  0.234879150390625 reward_loss:  -11.743959426879883
epoch:  38 batch:  110 region_loss:  4.0 4.0 loc_loss:  0.11773404121398925 reward_loss:  -5.886702060699463
epoch:  38 batch:  120 region_loss:  5.0 5.0 loc_loss:  0.12808135032653808 reward_loss:  -6.404067516326904
epoch:  38 batch:  130 region_loss:  7.0 7.0 loc_loss:  0.22569324493408202 reward_loss:  -11.284662246704102
acc@1:  0.11618062088428975
epoch: 38 region loss 0.17051094890510948 loc loss 0.26978205818329415 reward loss -13.489102941359917
epoch:  39 batch:  0 region_loss:  10.0 10.0 loc_loss:  0.279394359588623 reward_loss:  -13.969717979431152
epoch:  39 batch:  10 region_loss:  10.0 10.0 loc_loss:  0.31432554244995115 reward_loss:  -15.716276168823242
epoch:  39 batch:  20 region_loss:  10.0 10.0 loc_loss:  0.3167034339904785 reward_loss:  -15.83517074584961
epoch:  39 batch:  30 region_loss:  10.0 10.0 loc_loss:  0.2824220848083496 reward_loss:  -14.12110424041748
epoch:  39 batch:  40 region_loss:  10.0 10.0 loc_loss:  0.37603759765625 reward_loss:  -18.801877975463867
epoch:  39 batch:  50 region_loss:  10.0 10.0 loc_loss:  0.29789262771606445 reward_loss:  -14.894632339477539
epoch:  39 batch:  60 region_loss:  10.0 10.0 loc_loss:  0.28428508758544924 reward_loss:  -14.214254379272461
epoch:  39 batch:  70 region_loss:  10.0 10.0 loc_loss:  0.29546318054199217 reward_loss:  -14.77315902709961
epoch:  39 batch:  80 region_loss:  10.0 10.0 loc_loss:  0.3082041549682617 reward_loss:  -15.410205841064453
epoch:  39 batch:  90 region_loss:  6.0 6.0 loc_loss:  0.1760263442993164 reward_loss:  -8.801316261291504
epoch:  39 batch:  100 region_loss:  8.0 8.0 loc_loss:  0.2198129653930664 reward_loss:  -10.99064826965332
epoch:  39 batch:  110 region_loss:  4.0 4.0 loc_loss:  0.10998319625854493 reward_loss:  -5.499161243438721
epoch:  39 batch:  120 region_loss:  5.0 5.0 loc_loss:  0.11964365005493165 reward_loss:  -5.982182502746582
epoch:  39 batch:  130 region_loss:  7.0 7.0 loc_loss:  0.21207202911376954 reward_loss:  -10.603601455688477
acc@1:  0.11571025399811853
epoch: 39 region loss 0.17051094890510948 loc loss 0.2558057239629926 reward loss -12.790286588842852
epoch:  40 batch:  0 region_loss:  10.0 10.0 loc_loss:  0.26373374938964844 reward_loss:  -13.186689376831055
epoch:  40 batch:  10 region_loss:  10.0 10.0 loc_loss:  0.2979361343383789 reward_loss:  -14.896803855895996
epoch:  40 batch:  20 region_loss:  10.0 10.0 loc_loss:  0.30256229400634765 reward_loss:  -15.12811279296875
epoch:  40 batch:  30 region_loss:  10.0 10.0 loc_loss:  0.2671294021606445 reward_loss:  -13.35646915435791
epoch:  40 batch:  40 region_loss:  10.0 10.0 loc_loss:  0.35738224029541016 reward_loss:  -17.869112014770508
epoch:  40 batch:  50 region_loss:  10.0 10.0 loc_loss:  0.28325462341308594 reward_loss:  -14.162731170654297
epoch:  40 batch:  60 region_loss:  10.0 10.0 loc_loss:  0.2679963302612305 reward_loss:  -13.39981746673584
epoch:  40 batch:  70 region_loss:  10.0 10.0 loc_loss:  0.281745662689209 reward_loss:  -14.087285041809082
epoch:  40 batch:  80 region_loss:  10.0 10.0 loc_loss:  0.29017999649047854 reward_loss:  -14.509000778198242
epoch:  40 batch:  90 region_loss:  6.0 6.0 loc_loss:  0.1649557113647461 reward_loss:  -8.247785568237305
epoch:  40 batch:  100 region_loss:  8.0 8.0 loc_loss:  0.20907323837280273 reward_loss:  -10.45366096496582
epoch:  40 batch:  110 region_loss:  4.0 4.0 loc_loss:  0.10246552467346191 reward_loss:  -5.123276710510254
epoch:  40 batch:  120 region_loss:  5.0 5.0 loc_loss:  0.11159466743469239 reward_loss:  -5.579733371734619
epoch:  40 batch:  130 region_loss:  7.0 7.0 loc_loss:  0.19893571853637695 reward_loss:  -9.946786880493164
acc@1:  0.11335841956726246
epoch: 40 region loss 0.17051094890510948 loc loss 0.24258083510572892 reward loss -12.129041852742215
epoch:  41 batch:  0 region_loss:  10.0 10.0 loc_loss:  0.2484685707092285 reward_loss:  -12.423428535461426
epoch:  41 batch:  10 region_loss:  10.0 10.0 loc_loss:  0.2819269752502441 reward_loss:  -14.096349716186523
epoch:  41 batch:  20 region_loss:  10.0 10.0 loc_loss:  0.29050771713256834 reward_loss:  -14.525384902954102
epoch:  41 batch:  30 region_loss:  10.0 10.0 loc_loss:  0.2524367332458496 reward_loss:  -12.621837615966797
epoch:  41 batch:  40 region_loss:  10.0 10.0 loc_loss:  0.3389532470703125 reward_loss:  -16.947662353515625
epoch:  41 batch:  50 region_loss:  10.0 10.0 loc_loss:  0.270628547668457 reward_loss:  -13.531426429748535
epoch:  41 batch:  60 region_loss:  10.0 10.0 loc_loss:  0.25255207061767576 reward_loss:  -12.627603530883789
epoch:  41 batch:  70 region_loss:  10.0 10.0 loc_loss:  0.2671198272705078 reward_loss:  -13.35599136352539
epoch:  41 batch:  80 region_loss:  10.0 10.0 loc_loss:  0.2717792320251465 reward_loss:  -13.588960647583008
epoch:  41 batch:  90 region_loss:  6.0 6.0 loc_loss:  0.15368158340454102 reward_loss:  -7.684080123901367
epoch:  41 batch:  100 region_loss:  8.0 8.0 loc_loss:  0.1946717071533203 reward_loss:  -9.7335844039917
epoch:  41 batch:  110 region_loss:  4.0 4.0 loc_loss:  0.09548377990722656 reward_loss:  -4.77418851852417
epoch:  41 batch:  120 region_loss:  5.0 5.0 loc_loss:  0.10401639938354493 reward_loss:  -5.200819969177246
epoch:  41 batch:  130 region_loss:  7.0 7.0 loc_loss:  0.18629528045654298 reward_loss:  -9.314765930175781
acc@1:  0.11429915333960489
epoch: 41 region loss 0.17051094890510948 loc loss 0.22948466741255602 reward loss -11.474232854634305
epoch:  42 batch:  0 region_loss:  10.0 10.0 loc_loss:  0.23434576034545898 reward_loss:  -11.717287063598633
epoch:  42 batch:  10 region_loss:  10.0 10.0 loc_loss:  0.2668324661254883 reward_loss:  -13.341623306274414
epoch:  42 batch:  20 region_loss:  10.0 10.0 loc_loss:  0.2757033920288086 reward_loss:  -13.78516960144043
epoch:  42 batch:  30 region_loss:  10.0 10.0 loc_loss:  0.2383552932739258 reward_loss:  -11.917764663696289
epoch:  42 batch:  40 region_loss:  10.0 10.0 loc_loss:  0.32153099060058593 reward_loss:  -16.076549530029297
epoch:  42 batch:  50 region_loss:  10.0 10.0 loc_loss:  0.25591680526733396 reward_loss:  -12.795841217041016
epoch:  42 batch:  60 region_loss:  10.0 10.0 loc_loss:  0.23746967315673828 reward_loss:  -11.873485565185547
epoch:  42 batch:  70 region_loss:  10.0 10.0 loc_loss:  0.2534979248046875 reward_loss:  -12.674909591674805
epoch:  42 batch:  80 region_loss:  10.0 10.0 loc_loss:  0.25493698120117186 reward_loss:  -12.746848106384277
epoch:  42 batch:  90 region_loss:  6.0 6.0 loc_loss:  0.14368714332580568 reward_loss:  -7.1843581199646
epoch:  42 batch:  100 region_loss:  8.0 8.0 loc_loss:  0.1846787452697754 reward_loss:  -9.233936309814453
epoch:  42 batch:  110 region_loss:  4.0 4.0 loc_loss:  0.0886777687072754 reward_loss:  -4.4338884353637695
epoch:  42 batch:  120 region_loss:  5.0 5.0 loc_loss:  0.096976318359375 reward_loss:  -4.84881591796875
epoch:  42 batch:  130 region_loss:  7.0 7.0 loc_loss:  0.17435214996337892 reward_loss:  -8.717606544494629
acc@1:  0.11147695202257761
epoch: 42 region loss 0.17051094890510948 loc loss 0.21704794888948872 reward loss -10.852397484500912
epoch:  43 batch:  0 region_loss:  10.0 10.0 loc_loss:  0.2207938575744629 reward_loss:  -11.039692878723145
epoch:  43 batch:  10 region_loss:  10.0 10.0 loc_loss:  0.2520098114013672 reward_loss:  -12.600489616394043
epoch:  43 batch:  20 region_loss:  10.0 10.0 loc_loss:  0.26329435348510744 reward_loss:  -13.164716720581055
epoch:  43 batch:  30 region_loss:  10.0 10.0 loc_loss:  0.2247930908203125 reward_loss:  -11.239654541015625
epoch:  43 batch:  40 region_loss:  10.0 10.0 loc_loss:  0.30419126510620115 reward_loss:  -15.209563255310059
epoch:  43 batch:  50 region_loss:  10.0 10.0 loc_loss:  0.24289632797241212 reward_loss:  -12.144815444946289
epoch:  43 batch:  60 region_loss:  10.0 10.0 loc_loss:  0.22341781616210937 reward_loss:  -11.170892715454102
epoch:  43 batch:  70 region_loss:  10.0 10.0 loc_loss:  0.23895164489746093 reward_loss:  -11.94758415222168
epoch:  43 batch:  80 region_loss:  10.0 10.0 loc_loss:  0.23819210052490233 reward_loss:  -11.909605026245117
epoch:  43 batch:  90 region_loss:  6.0 6.0 loc_loss:  0.13364893913269044 reward_loss:  -6.68244743347168
epoch:  43 batch:  100 region_loss:  8.0 8.0 loc_loss:  0.17169151306152344 reward_loss:  -8.584576606750488
epoch:  43 batch:  110 region_loss:  4.0 4.0 loc_loss:  0.08240851402282715 reward_loss:  -4.120425224304199
epoch:  43 batch:  120 region_loss:  5.0 5.0 loc_loss:  0.09019355773925782 reward_loss:  -4.509677886962891
epoch:  43 batch:  130 region_loss:  7.0 7.0 loc_loss:  0.1627841567993164 reward_loss:  -8.139208793640137
acc@1:  0.11382878645343368
epoch: 43 region loss 0.17051094890510948 loc loss 0.2048889054347129 reward loss -10.244443592798971
epoch:  44 batch:  0 region_loss:  10.0 10.0 loc_loss:  0.2081688690185547 reward_loss:  -10.408443450927734
epoch:  44 batch:  10 region_loss:  10.0 10.0 loc_loss:  0.23820547103881837 reward_loss:  -11.910273551940918
epoch:  44 batch:  20 region_loss:  10.0 10.0 loc_loss:  0.25008331298828124 reward_loss:  -12.504166603088379
epoch:  44 batch:  30 region_loss:  10.0 10.0 loc_loss:  0.21188634872436524 reward_loss:  -10.594317436218262
epoch:  44 batch:  40 region_loss:  10.0 10.0 loc_loss:  0.2881478691101074 reward_loss:  -14.407393455505371
epoch:  44 batch:  50 region_loss:  10.0 10.0 loc_loss:  0.22909610748291015 reward_loss:  -11.454806327819824
epoch:  44 batch:  60 region_loss:  10.0 10.0 loc_loss:  0.20962278366088868 reward_loss:  -10.481139183044434
epoch:  44 batch:  70 region_loss:  10.0 10.0 loc_loss:  0.22604621887207033 reward_loss:  -11.302312850952148
epoch:  44 batch:  80 region_loss:  10.0 10.0 loc_loss:  0.22279249191284178 reward_loss:  -11.13962459564209
epoch:  44 batch:  90 region_loss:  6.0 6.0 loc_loss:  0.12452545166015624 reward_loss:  -6.2262725830078125
epoch:  44 batch:  100 region_loss:  8.0 8.0 loc_loss:  0.16240970611572267 reward_loss:  -8.12048625946045
epoch:  44 batch:  110 region_loss:  4.0 4.0 loc_loss:  0.07631396770477294 reward_loss:  -3.8156983852386475
epoch:  44 batch:  120 region_loss:  5.0 5.0 loc_loss:  0.08411725044250488 reward_loss:  -4.205862522125244
epoch:  44 batch:  130 region_loss:  7.0 7.0 loc_loss:  0.15183683395385741 reward_loss:  -7.591841697692871
acc@1:  0.11100658513640639
epoch: 44 region loss 0.17051094890510948 loc loss 0.19346717388090426 reward loss -9.67335515387737
epoch:  45 batch:  0 region_loss:  10.0 10.0 loc_loss:  0.19557348251342774 reward_loss:  -9.77867317199707
epoch:  45 batch:  10 region_loss:  10.0 10.0 loc_loss:  0.2244466781616211 reward_loss:  -11.222332954406738
epoch:  45 batch:  20 region_loss:  10.0 10.0 loc_loss:  0.23881284713745118 reward_loss:  -11.94063949584961
epoch:  45 batch:  30 region_loss:  10.0 10.0 loc_loss:  0.1997067451477051 reward_loss:  -9.985336303710938
epoch:  45 batch:  40 region_loss:  10.0 10.0 loc_loss:  0.2719985389709473 reward_loss:  -13.599926948547363
epoch:  45 batch:  50 region_loss:  10.0 10.0 loc_loss:  0.21699729919433594 reward_loss:  -10.849865913391113
epoch:  45 batch:  60 region_loss:  10.0 10.0 loc_loss:  0.19697444915771484 reward_loss:  -9.848722457885742
epoch:  45 batch:  70 region_loss:  10.0 10.0 loc_loss:  0.21267105102539063 reward_loss:  -10.633552551269531
epoch:  45 batch:  80 region_loss:  10.0 10.0 loc_loss:  0.2079182243347168 reward_loss:  -10.39591121673584
epoch:  45 batch:  90 region_loss:  6.0 6.0 loc_loss:  0.11569236755371094 reward_loss:  -5.784618377685547
epoch:  45 batch:  100 region_loss:  8.0 8.0 loc_loss:  0.15082793235778807 reward_loss:  -7.541396141052246
epoch:  45 batch:  110 region_loss:  4.0 4.0 loc_loss:  0.07075747013092042 reward_loss:  -3.5378735065460205
epoch:  45 batch:  120 region_loss:  5.0 5.0 loc_loss:  0.07816644191741944 reward_loss:  -3.908322334289551
epoch:  45 batch:  130 region_loss:  7.0 7.0 loc_loss:  0.14147573471069336 reward_loss:  -7.073787212371826
acc@1:  0.11241768579492004
epoch: 45 region loss 0.17051094890510948 loc loss 0.18231121795890975 reward loss -9.115564722214302
epoch:  46 batch:  0 region_loss:  10.0 10.0 loc_loss:  0.18371994018554688 reward_loss:  -9.18599796295166
epoch:  46 batch:  10 region_loss:  10.0 10.0 loc_loss:  0.2116374969482422 reward_loss:  -10.581875801086426
epoch:  46 batch:  20 region_loss:  10.0 10.0 loc_loss:  0.2270348358154297 reward_loss:  -11.351741790771484
epoch:  46 batch:  30 region_loss:  10.0 10.0 loc_loss:  0.18803560256958007 reward_loss:  -9.401779174804688
epoch:  46 batch:  40 region_loss:  10.0 10.0 loc_loss:  0.2570377922058105 reward_loss:  -12.851889610290527
epoch:  46 batch:  50 region_loss:  10.0 10.0 loc_loss:  0.2047981071472168 reward_loss:  -10.239904403686523
epoch:  46 batch:  60 region_loss:  10.0 10.0 loc_loss:  0.18441911697387695 reward_loss:  -9.220955848693848
epoch:  46 batch:  70 region_loss:  10.0 10.0 loc_loss:  0.20088436126708983 reward_loss:  -10.044221878051758
epoch:  46 batch:  80 region_loss:  10.0 10.0 loc_loss:  0.19407434463500978 reward_loss:  -9.703717231750488
epoch:  46 batch:  90 region_loss:  6.0 6.0 loc_loss:  0.10747431755065918 reward_loss:  -5.373715400695801
epoch:  46 batch:  100 region_loss:  8.0 8.0 loc_loss:  0.14230457305908203 reward_loss:  -7.115227222442627
epoch:  46 batch:  110 region_loss:  4.0 4.0 loc_loss:  0.06532691478729248 reward_loss:  -3.266345739364624
epoch:  46 batch:  120 region_loss:  5.0 5.0 loc_loss:  0.07294784545898438 reward_loss:  -3.647392749786377
epoch:  46 batch:  130 region_loss:  7.0 7.0 loc_loss:  0.1316665840148926 reward_loss:  -6.583329677581787
acc@1:  0.10912511759172154
epoch: 46 region loss 0.17051094890510948 loc loss 0.171807664180324 reward loss -8.590383085891277
epoch:  47 batch:  0 region_loss:  10.0 10.0 loc_loss:  0.17204015731811523 reward_loss:  -8.602006912231445
epoch:  47 batch:  10 region_loss:  10.0 10.0 loc_loss:  0.19888782501220703 reward_loss:  -9.944391250610352
epoch:  47 batch:  20 region_loss:  10.0 10.0 loc_loss:  0.21670230865478515 reward_loss:  -10.835115432739258
epoch:  47 batch:  30 region_loss:  10.0 10.0 loc_loss:  0.17727020263671875 reward_loss:  -8.863509178161621
epoch:  47 batch:  40 region_loss:  10.0 10.0 loc_loss:  0.2420688819885254 reward_loss:  -12.103445053100586
epoch:  47 batch:  50 region_loss:  10.0 10.0 loc_loss:  0.19388931274414062 reward_loss:  -9.694464683532715
epoch:  47 batch:  60 region_loss:  10.0 10.0 loc_loss:  0.17312299728393554 reward_loss:  -8.656149864196777
epoch:  47 batch:  70 region_loss:  10.0 10.0 loc_loss:  0.1887485122680664 reward_loss:  -9.43742561340332
epoch:  47 batch:  80 region_loss:  10.0 10.0 loc_loss:  0.18092550277709962 reward_loss:  -9.04627513885498
epoch:  47 batch:  90 region_loss:  6.0 6.0 loc_loss:  0.09986499786376953 reward_loss:  -4.993249893188477
epoch:  47 batch:  100 region_loss:  8.0 8.0 loc_loss:  0.13198548316955566 reward_loss:  -6.599274635314941
epoch:  47 batch:  110 region_loss:  4.0 4.0 loc_loss:  0.06042954921722412 reward_loss:  -3.021477222442627
epoch:  47 batch:  120 region_loss:  5.0 5.0 loc_loss:  0.06773015022277833 reward_loss:  -3.386507272720337
epoch:  47 batch:  130 region_loss:  7.0 7.0 loc_loss:  0.12230376243591308 reward_loss:  -6.115188121795654
acc@1:  0.11053621825023519
epoch: 47 region loss 0.17051094890510948 loc loss 0.16169579033433956 reward loss -8.084790018353148
epoch:  48 batch:  0 region_loss:  10.0 10.0 loc_loss:  0.16113042831420898 reward_loss:  -8.056520462036133
epoch:  48 batch:  10 region_loss:  10.0 10.0 loc_loss:  0.18706478118896486 reward_loss:  -9.353239059448242
epoch:  48 batch:  20 region_loss:  10.0 10.0 loc_loss:  0.20612585067749023 reward_loss:  -10.306292533874512
epoch:  48 batch:  30 region_loss:  10.0 10.0 loc_loss:  0.16658597946166992 reward_loss:  -8.32929801940918
epoch:  48 batch:  40 region_loss:  10.0 10.0 loc_loss:  0.22813119888305664 reward_loss:  -11.406558990478516
epoch:  48 batch:  50 region_loss:  10.0 10.0 loc_loss:  0.18318265914916992 reward_loss:  -9.15913200378418
epoch:  48 batch:  60 region_loss:  10.0 10.0 loc_loss:  0.1617707633972168 reward_loss:  -8.088537216186523
epoch:  48 batch:  70 region_loss:  10.0 10.0 loc_loss:  0.17793807983398438 reward_loss:  -8.896903038024902
epoch:  48 batch:  80 region_loss:  10.0 10.0 loc_loss:  0.16875568389892578 reward_loss:  -8.437784194946289
epoch:  48 batch:  90 region_loss:  6.0 6.0 loc_loss:  0.09251435279846192 reward_loss:  -4.625718116760254
epoch:  48 batch:  100 region_loss:  8.0 8.0 loc_loss:  0.12433664321899414 reward_loss:  -6.216831207275391
epoch:  48 batch:  110 region_loss:  4.0 4.0 loc_loss:  0.055640764236450195 reward_loss:  -2.782038450241089
epoch:  48 batch:  120 region_loss:  5.0 5.0 loc_loss:  0.06321096897125245 reward_loss:  -3.160548210144043
epoch:  48 batch:  130 region_loss:  7.0 7.0 loc_loss:  0.11352925300598145 reward_loss:  -5.676462650299072
acc@1:  0.10677328316086547
epoch: 48 region loss 0.17051094890510948 loc loss 0.1521833581297937 reward loss -7.609170862357982
epoch:  49 batch:  0 region_loss:  10.0 10.0 loc_loss:  0.1507895088195801 reward_loss:  -7.539475440979004
epoch:  49 batch:  10 region_loss:  10.0 10.0 loc_loss:  0.17546289443969726 reward_loss:  -8.773143768310547
epoch:  49 batch:  20 region_loss:  10.0 10.0 loc_loss:  0.19684576034545898 reward_loss:  -9.84228801727295
epoch:  49 batch:  30 region_loss:  10.0 10.0 loc_loss:  0.15652101516723632 reward_loss:  -7.826050758361816
epoch:  49 batch:  40 region_loss:  10.0 10.0 loc_loss:  0.21446483612060546 reward_loss:  -10.723240852355957
epoch:  49 batch:  50 region_loss:  10.0 10.0 loc_loss:  0.17358932495117188 reward_loss:  -8.679466247558594
epoch:  49 batch:  60 region_loss:  10.0 10.0 loc_loss:  0.15168069839477538 reward_loss:  -7.584035396575928
epoch:  49 batch:  70 region_loss:  10.0 10.0 loc_loss:  0.16678382873535155 reward_loss:  -8.339190483093262
epoch:  49 batch:  80 region_loss:  10.0 10.0 loc_loss:  0.15705599784851074 reward_loss:  -7.852799892425537
epoch:  49 batch:  90 region_loss:  6.0 6.0 loc_loss:  0.08601597785949706 reward_loss:  -4.300799369812012
epoch:  49 batch:  100 region_loss:  8.0 8.0 loc_loss:  0.11508878707885742 reward_loss:  -5.75444221496582
epoch:  49 batch:  110 region_loss:  4.0 4.0 loc_loss:  0.051359033584594725 reward_loss:  -2.5679514408111572
epoch:  49 batch:  120 region_loss:  5.0 5.0 loc_loss:  0.05881396293640137 reward_loss:  -2.9406979084014893
epoch:  49 batch:  130 region_loss:  7.0 7.0 loc_loss:  0.10522984504699708 reward_loss:  -5.2614922523498535
acc@1:  0.10865475070555033
epoch: 49 region loss 0.17051094890510948 loc loss 0.14308436198826255 reward loss -7.154218360455367
