nohup: ignoring input
cuda
epoch:  0 batch:  0 region_loss:  10.0 10.0 loc_loss:  1.9876591491699218 reward_loss:  -99.3839340209961
epoch:  0 batch:  10 region_loss:  10.0 10.0 loc_loss:  1.9836190795898438 reward_loss:  -99.18087768554688
epoch:  0 batch:  20 region_loss:  10.0 10.0 loc_loss:  1.9830758666992188 reward_loss:  -99.1541748046875
epoch:  0 batch:  30 region_loss:  10.0 10.0 loc_loss:  1.9870834350585938 reward_loss:  -99.35335540771484
epoch:  0 batch:  40 region_loss:  10.0 10.0 loc_loss:  1.984010009765625 reward_loss:  -99.20088958740234
epoch:  0 batch:  50 region_loss:  10.0 10.0 loc_loss:  1.9809246826171876 reward_loss:  -99.04629516601562
epoch:  0 batch:  60 region_loss:  10.0 10.0 loc_loss:  1.9853085327148436 reward_loss:  -99.26647186279297
epoch:  0 batch:  70 region_loss:  10.0 10.0 loc_loss:  1.983848114013672 reward_loss:  -99.19342041015625
epoch:  0 batch:  80 region_loss:  10.0 10.0 loc_loss:  1.9770692443847657 reward_loss:  -98.853271484375
epoch:  0 batch:  90 region_loss:  6.0 6.0 loc_loss:  1.1807149505615235 reward_loss:  -59.035850524902344
epoch:  0 batch:  100 region_loss:  8.0 8.0 loc_loss:  1.5721595764160157 reward_loss:  -78.60865020751953
epoch:  0 batch:  110 region_loss:  4.0 4.0 loc_loss:  0.785732650756836 reward_loss:  -39.28678894042969
epoch:  0 batch:  120 region_loss:  5.0 5.0 loc_loss:  0.9824589538574219 reward_loss:  -49.12326431274414
epoch:  0 batch:  130 region_loss:  7.0 7.0 loc_loss:  1.3713185119628906 reward_loss:  -68.56542205810547
acc@1:  0.004703668861712135
epoch: 0 region loss 0.17051094890510948 loc loss 1.6862148825095518 reward loss -84.31084801332794
epoch:  1 batch:  0 region_loss:  10.0 10.0 loc_loss:  1.91120361328125 reward_loss:  -95.56028747558594
epoch:  1 batch:  10 region_loss:  10.0 10.0 loc_loss:  1.929398956298828 reward_loss:  -96.47007751464844
epoch:  1 batch:  20 region_loss:  10.0 10.0 loc_loss:  1.9213626098632812 reward_loss:  -96.06908416748047
epoch:  1 batch:  30 region_loss:  10.0 10.0 loc_loss:  1.9206549072265624 reward_loss:  -96.03477478027344
epoch:  1 batch:  40 region_loss:  10.0 10.0 loc_loss:  1.911121826171875 reward_loss:  -95.55561065673828
epoch:  1 batch:  50 region_loss:  10.0 10.0 loc_loss:  1.9006394958496093 reward_loss:  -95.03163146972656
epoch:  1 batch:  60 region_loss:  10.0 10.0 loc_loss:  1.8852450561523437 reward_loss:  -94.2623062133789
epoch:  1 batch:  70 region_loss:  10.0 10.0 loc_loss:  1.8655694580078126 reward_loss:  -93.27848052978516
epoch:  1 batch:  80 region_loss:  10.0 10.0 loc_loss:  1.8345550537109374 reward_loss:  -91.72783660888672
epoch:  1 batch:  90 region_loss:  6.0 6.0 loc_loss:  1.096105194091797 reward_loss:  -54.80580139160156
epoch:  1 batch:  100 region_loss:  8.0 8.0 loc_loss:  1.44364013671875 reward_loss:  -72.18157196044922
epoch:  1 batch:  110 region_loss:  4.0 4.0 loc_loss:  0.7300740814208985 reward_loss:  -36.50403594970703
epoch:  1 batch:  120 region_loss:  5.0 5.0 loc_loss:  0.9063235473632812 reward_loss:  -45.316429138183594
epoch:  1 batch:  130 region_loss:  7.0 7.0 loc_loss:  1.2518177795410157 reward_loss:  -62.590660095214844
acc@1:  0.020696142991533398
epoch: 1 region loss 0.17051094890510948 loc loss 1.5931705625213846 reward loss -79.65861505661567
epoch:  2 batch:  0 region_loss:  10.0 10.0 loc_loss:  1.7350146484375 reward_loss:  -86.75196075439453
epoch:  2 batch:  10 region_loss:  10.0 10.0 loc_loss:  1.7438490295410156 reward_loss:  -87.1916275024414
epoch:  2 batch:  20 region_loss:  10.0 10.0 loc_loss:  1.7408810424804688 reward_loss:  -87.04399108886719
epoch:  2 batch:  30 region_loss:  10.0 10.0 loc_loss:  1.7701861572265625 reward_loss:  -88.50938415527344
epoch:  2 batch:  40 region_loss:  10.0 10.0 loc_loss:  1.7279428100585938 reward_loss:  -86.39614868164062
epoch:  2 batch:  50 region_loss:  10.0 10.0 loc_loss:  1.7691766357421874 reward_loss:  -88.45864868164062
epoch:  2 batch:  60 region_loss:  10.0 10.0 loc_loss:  1.7397731018066407 reward_loss:  -86.9892349243164
epoch:  2 batch:  70 region_loss:  10.0 10.0 loc_loss:  1.7374395751953124 reward_loss:  -86.87152099609375
epoch:  2 batch:  80 region_loss:  10.0 10.0 loc_loss:  1.71457763671875 reward_loss:  -85.7283935546875
epoch:  2 batch:  90 region_loss:  6.0 6.0 loc_loss:  1.0325665283203125 reward_loss:  -51.628082275390625
epoch:  2 batch:  100 region_loss:  8.0 8.0 loc_loss:  1.3672378540039063 reward_loss:  -68.36161041259766
epoch:  2 batch:  110 region_loss:  4.0 4.0 loc_loss:  0.6985675811767578 reward_loss:  -34.929222106933594
epoch:  2 batch:  120 region_loss:  5.0 5.0 loc_loss:  0.8700328826904297 reward_loss:  -43.50140380859375
epoch:  2 batch:  130 region_loss:  7.0 7.0 loc_loss:  1.2046075439453126 reward_loss:  -60.23011779785156
acc@1:  0.028692380056444027
epoch: 2 region loss 0.17051094890510948 loc loss 1.4700515295989323 reward loss -73.50254624081354
epoch:  3 batch:  0 region_loss:  10.0 10.0 loc_loss:  1.6859317016601563 reward_loss:  -84.29588317871094
epoch:  3 batch:  10 region_loss:  10.0 10.0 loc_loss:  1.6776998901367188 reward_loss:  -83.88502502441406
epoch:  3 batch:  20 region_loss:  10.0 10.0 loc_loss:  1.6537577819824218 reward_loss:  -82.68669891357422
epoch:  3 batch:  30 region_loss:  10.0 10.0 loc_loss:  1.7053848266601563 reward_loss:  -85.2696762084961
epoch:  3 batch:  40 region_loss:  10.0 10.0 loc_loss:  1.6556167602539062 reward_loss:  -82.77993774414062
epoch:  3 batch:  50 region_loss:  10.0 10.0 loc_loss:  1.7023110961914063 reward_loss:  -85.11490631103516
epoch:  3 batch:  60 region_loss:  10.0 10.0 loc_loss:  1.6765444946289063 reward_loss:  -83.82640838623047
epoch:  3 batch:  70 region_loss:  10.0 10.0 loc_loss:  1.673286895751953 reward_loss:  -83.66447448730469
epoch:  3 batch:  80 region_loss:  10.0 10.0 loc_loss:  1.660223388671875 reward_loss:  -83.01136779785156
epoch:  3 batch:  90 region_loss:  6.0 6.0 loc_loss:  1.001771240234375 reward_loss:  -50.088836669921875
epoch:  3 batch:  100 region_loss:  8.0 8.0 loc_loss:  1.3231224060058593 reward_loss:  -66.15576934814453
epoch:  3 batch:  110 region_loss:  4.0 4.0 loc_loss:  0.6802093505859375 reward_loss:  -34.011436462402344
epoch:  3 batch:  120 region_loss:  5.0 5.0 loc_loss:  0.8461809539794922 reward_loss:  -42.30903244018555
epoch:  3 batch:  130 region_loss:  7.0 7.0 loc_loss:  1.1730882263183593 reward_loss:  -58.65472412109375
acc@1:  0.036688617121354655
epoch: 3 region loss 0.17051094890510948 loc loss 1.4132555628867045 reward loss -70.66269625364428
epoch:  4 batch:  0 region_loss:  10.0 10.0 loc_loss:  1.6447953796386718 reward_loss:  -82.24009704589844
epoch:  4 batch:  10 region_loss:  10.0 10.0 loc_loss:  1.6358238220214845 reward_loss:  -81.79090118408203
epoch:  4 batch:  20 region_loss:  10.0 10.0 loc_loss:  1.5888450622558594 reward_loss:  -79.44232940673828
epoch:  4 batch:  30 region_loss:  10.0 10.0 loc_loss:  1.653990478515625 reward_loss:  -82.69994354248047
epoch:  4 batch:  40 region_loss:  10.0 10.0 loc_loss:  1.6002842712402343 reward_loss:  -80.0144271850586
epoch:  4 batch:  50 region_loss:  10.0 10.0 loc_loss:  1.6471517944335938 reward_loss:  -82.35784149169922
epoch:  4 batch:  60 region_loss:  10.0 10.0 loc_loss:  1.6237681579589844 reward_loss:  -81.18899536132812
epoch:  4 batch:  70 region_loss:  10.0 10.0 loc_loss:  1.6164280700683593 reward_loss:  -80.82234191894531
epoch:  4 batch:  80 region_loss:  10.0 10.0 loc_loss:  1.6113226318359375 reward_loss:  -80.5660171508789
epoch:  4 batch:  90 region_loss:  6.0 6.0 loc_loss:  0.9739471435546875 reward_loss:  -48.69736862182617
epoch:  4 batch:  100 region_loss:  8.0 8.0 loc_loss:  1.280503387451172 reward_loss:  -64.02556610107422
epoch:  4 batch:  110 region_loss:  4.0 4.0 loc_loss:  0.6633860778808593 reward_loss:  -33.1693115234375
epoch:  4 batch:  120 region_loss:  5.0 5.0 loc_loss:  0.8219657135009766 reward_loss:  -41.098758697509766
epoch:  4 batch:  130 region_loss:  7.0 7.0 loc_loss:  1.1410968780517579 reward_loss:  -57.054195404052734
acc@1:  0.047036688617121354
epoch: 4 region loss 0.17051094890510948 loc loss 1.3660089300670761 reward loss -68.30050927879167
epoch:  5 batch:  0 region_loss:  10.0 10.0 loc_loss:  1.598993682861328 reward_loss:  -79.9491958618164
epoch:  5 batch:  10 region_loss:  10.0 10.0 loc_loss:  1.5920710754394531 reward_loss:  -79.60353088378906
epoch:  5 batch:  20 region_loss:  10.0 10.0 loc_loss:  1.524993896484375 reward_loss:  -76.24968719482422
epoch:  5 batch:  30 region_loss:  10.0 10.0 loc_loss:  1.60172607421875 reward_loss:  -80.08604431152344
epoch:  5 batch:  40 region_loss:  10.0 10.0 loc_loss:  1.5466966247558593 reward_loss:  -77.33486938476562
epoch:  5 batch:  50 region_loss:  10.0 10.0 loc_loss:  1.5902882385253907 reward_loss:  -79.51441955566406
epoch:  5 batch:  60 region_loss:  10.0 10.0 loc_loss:  1.5698867797851563 reward_loss:  -78.49419403076172
epoch:  5 batch:  70 region_loss:  10.0 10.0 loc_loss:  1.5594378662109376 reward_loss:  -77.97187042236328
epoch:  5 batch:  80 region_loss:  10.0 10.0 loc_loss:  1.5609002685546876 reward_loss:  -78.04544830322266
epoch:  5 batch:  90 region_loss:  6.0 6.0 loc_loss:  0.9453668975830078 reward_loss:  -47.26840591430664
epoch:  5 batch:  100 region_loss:  8.0 8.0 loc_loss:  1.2352320098876952 reward_loss:  -61.76180648803711
epoch:  5 batch:  110 region_loss:  4.0 4.0 loc_loss:  0.6460199737548828 reward_loss:  -32.30106735229492
epoch:  5 batch:  120 region_loss:  5.0 5.0 loc_loss:  0.795765151977539 reward_loss:  -39.78837585449219
epoch:  5 batch:  130 region_loss:  7.0 7.0 loc_loss:  1.1062122344970704 reward_loss:  -55.31060791015625
acc@1:  0.05738476011288805
epoch: 5 region loss 0.17051094890510948 loc loss 1.3177082117456589 reward loss -65.8854101000041
epoch:  6 batch:  0 region_loss:  10.0 10.0 loc_loss:  1.5476300048828124 reward_loss:  -77.38153839111328
epoch:  6 batch:  10 region_loss:  10.0 10.0 loc_loss:  1.5428663635253905 reward_loss:  -77.14331817626953
epoch:  6 batch:  20 region_loss:  10.0 10.0 loc_loss:  1.4576817321777344 reward_loss:  -72.88410949707031
epoch:  6 batch:  30 region_loss:  10.0 10.0 loc_loss:  1.5457142639160155 reward_loss:  -77.28575134277344
epoch:  6 batch:  40 region_loss:  10.0 10.0 loc_loss:  1.4909352111816405 reward_loss:  -74.54676055908203
epoch:  6 batch:  50 region_loss:  10.0 10.0 loc_loss:  1.52883544921875 reward_loss:  -76.44181823730469
epoch:  6 batch:  60 region_loss:  10.0 10.0 loc_loss:  1.5123748779296875 reward_loss:  -75.61873626708984
epoch:  6 batch:  70 region_loss:  10.0 10.0 loc_loss:  1.498759765625 reward_loss:  -74.93804931640625
epoch:  6 batch:  80 region_loss:  10.0 10.0 loc_loss:  1.50723388671875 reward_loss:  -75.36170196533203
epoch:  6 batch:  90 region_loss:  6.0 6.0 loc_loss:  0.9151177215576172 reward_loss:  -45.755859375
epoch:  6 batch:  100 region_loss:  8.0 8.0 loc_loss:  1.1857818603515624 reward_loss:  -59.28920364379883
epoch:  6 batch:  110 region_loss:  4.0 4.0 loc_loss:  0.6276313400268555 reward_loss:  -31.38155746459961
epoch:  6 batch:  120 region_loss:  5.0 5.0 loc_loss:  0.7673390197753907 reward_loss:  -38.36709213256836
epoch:  6 batch:  130 region_loss:  7.0 7.0 loc_loss:  1.0687281036376952 reward_loss:  -53.436424255371094
acc@1:  0.06632173095014111
epoch: 6 region loss 0.17051094890510948 loc loss 1.2661813502068067 reward loss -63.309081404748625
epoch:  7 batch:  0 region_loss:  10.0 10.0 loc_loss:  1.4901316833496094 reward_loss:  -74.50657653808594
epoch:  7 batch:  10 region_loss:  10.0 10.0 loc_loss:  1.4881663513183594 reward_loss:  -74.40825653076172
epoch:  7 batch:  20 region_loss:  10.0 10.0 loc_loss:  1.3859385681152343 reward_loss:  -69.29691314697266
epoch:  7 batch:  30 region_loss:  10.0 10.0 loc_loss:  1.4847431945800782 reward_loss:  -74.2371597290039
epoch:  7 batch:  40 region_loss:  10.0 10.0 loc_loss:  1.434177703857422 reward_loss:  -71.70889282226562
epoch:  7 batch:  50 region_loss:  10.0 10.0 loc_loss:  1.462320556640625 reward_loss:  -73.11603546142578
epoch:  7 batch:  60 region_loss:  10.0 10.0 loc_loss:  1.4505145263671875 reward_loss:  -72.52572631835938
epoch:  7 batch:  70 region_loss:  10.0 10.0 loc_loss:  1.4336717224121094 reward_loss:  -71.6836929321289
epoch:  7 batch:  80 region_loss:  10.0 10.0 loc_loss:  1.4500465393066406 reward_loss:  -72.50234985351562
epoch:  7 batch:  90 region_loss:  6.0 6.0 loc_loss:  0.8831272125244141 reward_loss:  -44.15635681152344
epoch:  7 batch:  100 region_loss:  8.0 8.0 loc_loss:  1.1322342681884765 reward_loss:  -56.61172103881836
epoch:  7 batch:  110 region_loss:  4.0 4.0 loc_loss:  0.6082295989990234 reward_loss:  -30.411468505859375
epoch:  7 batch:  120 region_loss:  5.0 5.0 loc_loss:  0.736790771484375 reward_loss:  -36.83942794799805
epoch:  7 batch:  130 region_loss:  7.0 7.0 loc_loss:  1.028934783935547 reward_loss:  -51.446746826171875
acc@1:  0.07902163687676388
epoch: 7 region loss 0.17051094890510948 loc loss 1.2113998549524014 reward loss -60.569988014054125
epoch:  8 batch:  0 region_loss:  10.0 10.0 loc_loss:  1.4272285461425782 reward_loss:  -71.36140441894531
epoch:  8 batch:  10 region_loss:  10.0 10.0 loc_loss:  1.4285951232910157 reward_loss:  -71.42974853515625
epoch:  8 batch:  20 region_loss:  10.0 10.0 loc_loss:  1.3117903137207032 reward_loss:  -65.58950805664062
epoch:  8 batch:  30 region_loss:  10.0 10.0 loc_loss:  1.4189152526855469 reward_loss:  -70.94581604003906
epoch:  8 batch:  40 region_loss:  10.0 10.0 loc_loss:  1.3776840209960937 reward_loss:  -68.88420867919922
epoch:  8 batch:  50 region_loss:  10.0 10.0 loc_loss:  1.3913351440429687 reward_loss:  -69.5667724609375
epoch:  8 batch:  60 region_loss:  10.0 10.0 loc_loss:  1.385205535888672 reward_loss:  -69.2602767944336
epoch:  8 batch:  70 region_loss:  10.0 10.0 loc_loss:  1.364619903564453 reward_loss:  -68.23097229003906
epoch:  8 batch:  80 region_loss:  10.0 10.0 loc_loss:  1.3897654724121093 reward_loss:  -69.48828125
epoch:  8 batch:  90 region_loss:  6.0 6.0 loc_loss:  0.8495646667480469 reward_loss:  -42.47825622558594
epoch:  8 batch:  100 region_loss:  8.0 8.0 loc_loss:  1.0755326080322265 reward_loss:  -53.77657699584961
epoch:  8 batch:  110 region_loss:  4.0 4.0 loc_loss:  0.5878339385986329 reward_loss:  -29.391613006591797
epoch:  8 batch:  120 region_loss:  5.0 5.0 loc_loss:  0.7046222686767578 reward_loss:  -35.231109619140625
epoch:  8 batch:  130 region_loss:  7.0 7.0 loc_loss:  0.98715576171875 reward_loss:  -49.3577880859375
acc@1:  0.09125117591721543
epoch: 8 region loss 0.17051094890510948 loc loss 1.1543108067199261 reward loss -57.71553596440893
epoch:  9 batch:  0 region_loss:  10.0 10.0 loc_loss:  1.359970245361328 reward_loss:  -67.99852752685547
epoch:  9 batch:  10 region_loss:  10.0 10.0 loc_loss:  1.36461181640625 reward_loss:  -68.2305908203125
epoch:  9 batch:  20 region_loss:  10.0 10.0 loc_loss:  1.2374198150634765 reward_loss:  -61.870994567871094
epoch:  9 batch:  30 region_loss:  10.0 10.0 loc_loss:  1.3490620422363282 reward_loss:  -67.45309448242188
epoch:  9 batch:  40 region_loss:  10.0 10.0 loc_loss:  1.3224501037597656 reward_loss:  -66.12251281738281
epoch:  9 batch:  50 region_loss:  10.0 10.0 loc_loss:  1.3171414184570311 reward_loss:  -65.85709381103516
epoch:  9 batch:  60 region_loss:  10.0 10.0 loc_loss:  1.318201904296875 reward_loss:  -65.91008758544922
epoch:  9 batch:  70 region_loss:  10.0 10.0 loc_loss:  1.2928256225585937 reward_loss:  -64.64128112792969
epoch:  9 batch:  80 region_loss:  10.0 10.0 loc_loss:  1.3280929565429687 reward_loss:  -66.4046401977539
epoch:  9 batch:  90 region_loss:  6.0 6.0 loc_loss:  0.8149021911621094 reward_loss:  -40.74509811401367
epoch:  9 batch:  100 region_loss:  8.0 8.0 loc_loss:  1.0174330139160157 reward_loss:  -50.87165069580078
epoch:  9 batch:  110 region_loss:  4.0 4.0 loc_loss:  0.5665472412109375 reward_loss:  -28.327316284179688
epoch:  9 batch:  120 region_loss:  5.0 5.0 loc_loss:  0.6715335845947266 reward_loss:  -33.576663970947266
epoch:  9 batch:  130 region_loss:  7.0 7.0 loc_loss:  0.9441107940673829 reward_loss:  -47.20553207397461
acc@1:  0.1077140169332079
epoch: 9 region loss 0.17051094890510948 loc loss 1.0962656875944485 reward loss -54.8132789918106
epoch:  10 batch:  0 region_loss:  10.0 10.0 loc_loss:  1.2897138977050782 reward_loss:  -64.48570251464844
epoch:  10 batch:  10 region_loss:  10.0 10.0 loc_loss:  1.2973423767089844 reward_loss:  -64.86711883544922
epoch:  10 batch:  20 region_loss:  10.0 10.0 loc_loss:  1.1640190887451172 reward_loss:  -58.20095443725586
epoch:  10 batch:  30 region_loss:  10.0 10.0 loc_loss:  1.2763650512695313 reward_loss:  -63.8182487487793
epoch:  10 batch:  40 region_loss:  10.0 10.0 loc_loss:  1.2682664489746094 reward_loss:  -63.4133186340332
epoch:  10 batch:  50 region_loss:  10.0 10.0 loc_loss:  1.2413034057617187 reward_loss:  -62.06520080566406
epoch:  10 batch:  60 region_loss:  10.0 10.0 loc_loss:  1.251850357055664 reward_loss:  -62.59252166748047
epoch:  10 batch:  70 region_loss:  10.0 10.0 loc_loss:  1.2203569030761718 reward_loss:  -61.017852783203125
epoch:  10 batch:  80 region_loss:  10.0 10.0 loc_loss:  1.2672069549560547 reward_loss:  -63.360347747802734
epoch:  10 batch:  90 region_loss:  6.0 6.0 loc_loss:  0.7797321319580078 reward_loss:  -38.98661804199219
epoch:  10 batch:  100 region_loss:  8.0 8.0 loc_loss:  0.9602236938476563 reward_loss:  -48.01118469238281
epoch:  10 batch:  110 region_loss:  4.0 4.0 loc_loss:  0.54456787109375 reward_loss:  -27.228391647338867
epoch:  10 batch:  120 region_loss:  5.0 5.0 loc_loss:  0.6381869506835938 reward_loss:  -31.909399032592773
epoch:  10 batch:  130 region_loss:  7.0 7.0 loc_loss:  0.9006707763671875 reward_loss:  -45.03353500366211
acc@1:  0.12088428974600188
epoch: 10 region loss 0.17051094890510948 loc loss 1.0386522034136918 reward loss -51.9326064812876
epoch:  11 batch:  0 region_loss:  10.0 10.0 loc_loss:  1.2184716033935548 reward_loss:  -60.9235954284668
epoch:  11 batch:  10 region_loss:  10.0 10.0 loc_loss:  1.2285691070556641 reward_loss:  -61.42845153808594
epoch:  11 batch:  20 region_loss:  10.0 10.0 loc_loss:  1.0930626678466797 reward_loss:  -54.653133392333984
epoch:  11 batch:  30 region_loss:  10.0 10.0 loc_loss:  1.2027044677734375 reward_loss:  -60.13521957397461
epoch:  11 batch:  40 region_loss:  10.0 10.0 loc_loss:  1.2149230194091798 reward_loss:  -60.746150970458984
epoch:  11 batch:  50 region_loss:  10.0 10.0 loc_loss:  1.1658705139160157 reward_loss:  -58.293373107910156
epoch:  11 batch:  60 region_loss:  10.0 10.0 loc_loss:  1.1875762176513671 reward_loss:  -59.37880325317383
epoch:  11 batch:  70 region_loss:  10.0 10.0 loc_loss:  1.1497085571289063 reward_loss:  -57.48542022705078
epoch:  11 batch:  80 region_loss:  10.0 10.0 loc_loss:  1.2086978912353517 reward_loss:  -60.43488693237305
epoch:  11 batch:  90 region_loss:  6.0 6.0 loc_loss:  0.7447350311279297 reward_loss:  -37.23675537109375
epoch:  11 batch:  100 region_loss:  8.0 8.0 loc_loss:  0.9056243896484375 reward_loss:  -45.28121566772461
epoch:  11 batch:  110 region_loss:  4.0 4.0 loc_loss:  0.5221334457397461 reward_loss:  -26.10668182373047
epoch:  11 batch:  120 region_loss:  5.0 5.0 loc_loss:  0.6051071166992188 reward_loss:  -30.255359649658203
epoch:  11 batch:  130 region_loss:  7.0 7.0 loc_loss:  0.8577008056640625 reward_loss:  -42.88503646850586
acc@1:  0.12417685794920037
epoch: 11 region loss 0.17051094890510948 loc loss 0.9827610486441284 reward loss -49.13804672408278
epoch:  12 batch:  0 region_loss:  10.0 10.0 loc_loss:  1.148426284790039 reward_loss:  -57.42131042480469
epoch:  12 batch:  10 region_loss:  10.0 10.0 loc_loss:  1.160212173461914 reward_loss:  -58.01059341430664
epoch:  12 batch:  20 region_loss:  10.0 10.0 loc_loss:  1.0258892822265624 reward_loss:  -51.294464111328125
epoch:  12 batch:  30 region_loss:  10.0 10.0 loc_loss:  1.1302236938476562 reward_loss:  -56.51117706298828
epoch:  12 batch:  40 region_loss:  10.0 10.0 loc_loss:  1.1625897979736328 reward_loss:  -58.1295051574707
epoch:  12 batch:  50 region_loss:  10.0 10.0 loc_loss:  1.0931193542480468 reward_loss:  -54.65595245361328
epoch:  12 batch:  60 region_loss:  10.0 10.0 loc_loss:  1.1258504486083984 reward_loss:  -56.29252243041992
epoch:  12 batch:  70 region_loss:  10.0 10.0 loc_loss:  1.083277359008789 reward_loss:  -54.16386413574219
epoch:  12 batch:  80 region_loss:  10.0 10.0 loc_loss:  1.1529156494140624 reward_loss:  -57.64577865600586
epoch:  12 batch:  90 region_loss:  6.0 6.0 loc_loss:  0.7105559539794922 reward_loss:  -35.527801513671875
epoch:  12 batch:  100 region_loss:  8.0 8.0 loc_loss:  0.8545805358886719 reward_loss:  -42.729026794433594
epoch:  12 batch:  110 region_loss:  4.0 4.0 loc_loss:  0.49949623107910157 reward_loss:  -24.97481346130371
epoch:  12 batch:  120 region_loss:  5.0 5.0 loc_loss:  0.5728076553344726 reward_loss:  -28.640384674072266
epoch:  12 batch:  130 region_loss:  7.0 7.0 loc_loss:  0.8159673309326172 reward_loss:  -40.798362731933594
acc@1:  0.1279397930385701
epoch: 12 region loss 0.17051094890510948 loc loss 0.9295761083338383 reward loss -46.47880430291169
epoch:  13 batch:  0 region_loss:  10.0 10.0 loc_loss:  1.0814314270019532 reward_loss:  -54.071571350097656
epoch:  13 batch:  10 region_loss:  10.0 10.0 loc_loss:  1.0939140319824219 reward_loss:  -54.69569778442383
epoch:  13 batch:  20 region_loss:  10.0 10.0 loc_loss:  0.9634311676025391 reward_loss:  -48.17155075073242
epoch:  13 batch:  30 region_loss:  10.0 10.0 loc_loss:  1.0609815216064453 reward_loss:  -53.04907989501953
epoch:  13 batch:  40 region_loss:  10.0 10.0 loc_loss:  1.1117586517333984 reward_loss:  -55.58793258666992
epoch:  13 batch:  50 region_loss:  10.0 10.0 loc_loss:  1.0249310302734376 reward_loss:  -51.246559143066406
epoch:  13 batch:  60 region_loss:  10.0 10.0 loc_loss:  1.0672514343261719 reward_loss:  -53.362571716308594
epoch:  13 batch:  70 region_loss:  10.0 10.0 loc_loss:  1.022443084716797 reward_loss:  -51.12213897705078
epoch:  13 batch:  80 region_loss:  10.0 10.0 loc_loss:  1.0997119140625 reward_loss:  -54.98558807373047
epoch:  13 batch:  90 region_loss:  6.0 6.0 loc_loss:  0.6777033233642578 reward_loss:  -33.88516616821289
epoch:  13 batch:  100 region_loss:  8.0 8.0 loc_loss:  0.8075272369384766 reward_loss:  -40.37635803222656
epoch:  13 batch:  110 region_loss:  4.0 4.0 loc_loss:  0.4769223022460938 reward_loss:  -23.846115112304688
epoch:  13 batch:  120 region_loss:  5.0 5.0 loc_loss:  0.5417538452148437 reward_loss:  -27.087697982788086
epoch:  13 batch:  130 region_loss:  7.0 7.0 loc_loss:  0.77607177734375 reward_loss:  -38.8035888671875
acc@1:  0.13311382878645345
epoch: 13 region loss 0.17051094890510948 loc loss 0.8797095876540582 reward loss -43.98548070531692
epoch:  14 batch:  0 region_loss:  10.0 10.0 loc_loss:  1.0187776184082031 reward_loss:  -50.93887710571289
epoch:  14 batch:  10 region_loss:  10.0 10.0 loc_loss:  1.0309786987304688 reward_loss:  -51.54893493652344
epoch:  14 batch:  20 region_loss:  10.0 10.0 loc_loss:  0.9062191772460938 reward_loss:  -45.310951232910156
epoch:  14 batch:  30 region_loss:  10.0 10.0 loc_loss:  0.9967537689208984 reward_loss:  -49.83768844604492
epoch:  14 batch:  40 region_loss:  10.0 10.0 loc_loss:  1.0631240844726562 reward_loss:  -53.15620040893555
epoch:  14 batch:  50 region_loss:  10.0 10.0 loc_loss:  0.9622540283203125 reward_loss:  -48.11269760131836
epoch:  14 batch:  60 region_loss:  10.0 10.0 loc_loss:  1.0123505401611328 reward_loss:  -50.61752700805664
epoch:  14 batch:  70 region_loss:  10.0 10.0 loc_loss:  0.9672323608398438 reward_loss:  -48.361610412597656
epoch:  14 batch:  80 region_loss:  10.0 10.0 loc_loss:  1.049119873046875 reward_loss:  -52.455997467041016
epoch:  14 batch:  90 region_loss:  6.0 6.0 loc_loss:  0.6464816284179687 reward_loss:  -32.32408142089844
epoch:  14 batch:  100 region_loss:  8.0 8.0 loc_loss:  0.7644804382324218 reward_loss:  -38.224021911621094
epoch:  14 batch:  110 region_loss:  4.0 4.0 loc_loss:  0.45467830657958985 reward_loss:  -22.733917236328125
epoch:  14 batch:  120 region_loss:  5.0 5.0 loc_loss:  0.512225341796875 reward_loss:  -25.611257553100586
epoch:  14 batch:  130 region_loss:  7.0 7.0 loc_loss:  0.7384184265136718 reward_loss:  -36.920921325683594
acc@1:  0.13687676387582315
epoch: 14 region loss 0.17051094890510948 loc loss 0.8334427581564353 reward loss -41.67213910513551
epoch:  15 batch:  0 region_loss:  10.0 10.0 loc_loss:  0.9611374664306641 reward_loss:  -48.05686569213867
epoch:  15 batch:  10 region_loss:  10.0 10.0 loc_loss:  0.9726109313964844 reward_loss:  -48.63053894042969
epoch:  15 batch:  20 region_loss:  10.0 10.0 loc_loss:  0.8545353698730469 reward_loss:  -42.726768493652344
epoch:  15 batch:  30 region_loss:  10.0 10.0 loc_loss:  0.9384657287597656 reward_loss:  -46.923282623291016
epoch:  15 batch:  40 region_loss:  10.0 10.0 loc_loss:  1.017309341430664 reward_loss:  -50.8654670715332
epoch:  15 batch:  50 region_loss:  10.0 10.0 loc_loss:  0.9053591156005859 reward_loss:  -45.267967224121094
epoch:  15 batch:  60 region_loss:  10.0 10.0 loc_loss:  0.9611895751953125 reward_loss:  -48.059478759765625
epoch:  15 batch:  70 region_loss:  10.0 10.0 loc_loss:  0.9169871520996093 reward_loss:  -45.84935760498047
epoch:  15 batch:  80 region_loss:  10.0 10.0 loc_loss:  1.0012478637695312 reward_loss:  -50.06239318847656
epoch:  15 batch:  90 region_loss:  6.0 6.0 loc_loss:  0.6169988632202148 reward_loss:  -30.849943161010742
epoch:  15 batch:  100 region_loss:  8.0 8.0 loc_loss:  0.7251618957519531 reward_loss:  -36.258094787597656
epoch:  15 batch:  110 region_loss:  4.0 4.0 loc_loss:  0.43300586700439453 reward_loss:  -21.65029525756836
epoch:  15 batch:  120 region_loss:  5.0 5.0 loc_loss:  0.48431854248046874 reward_loss:  -24.215923309326172
epoch:  15 batch:  130 region_loss:  7.0 7.0 loc_loss:  0.7031950378417968 reward_loss:  -35.159751892089844
acc@1:  0.14346190028222014
epoch: 15 region loss 0.17051094890510948 loc loss 0.7907935430707722 reward loss -39.53967669410427
epoch:  16 batch:  0 region_loss:  10.0 10.0 loc_loss:  0.9086266326904296 reward_loss:  -45.43132781982422
epoch:  16 batch:  10 region_loss:  10.0 10.0 loc_loss:  0.9196000671386719 reward_loss:  -45.980003356933594
epoch:  16 batch:  20 region_loss:  10.0 10.0 loc_loss:  0.8083747100830078 reward_loss:  -40.418731689453125
epoch:  16 batch:  30 region_loss:  10.0 10.0 loc_loss:  0.885916976928711 reward_loss:  -44.29584503173828
epoch:  16 batch:  40 region_loss:  10.0 10.0 loc_loss:  0.9746774291992187 reward_loss:  -48.73387145996094
epoch:  16 batch:  50 region_loss:  10.0 10.0 loc_loss:  0.854148178100586 reward_loss:  -42.70740509033203
epoch:  16 batch:  60 region_loss:  10.0 10.0 loc_loss:  0.9133882904052735 reward_loss:  -45.66941452026367
epoch:  16 batch:  70 region_loss:  10.0 10.0 loc_loss:  0.8710265350341797 reward_loss:  -43.55133056640625
epoch:  16 batch:  80 region_loss:  10.0 10.0 loc_loss:  0.9560378265380859 reward_loss:  -47.8018913269043
epoch:  16 batch:  90 region_loss:  6.0 6.0 loc_loss:  0.5892274093627929 reward_loss:  -29.461366653442383
epoch:  16 batch:  100 region_loss:  8.0 8.0 loc_loss:  0.6891587829589844 reward_loss:  -34.45793151855469
epoch:  16 batch:  110 region_loss:  4.0 4.0 loc_loss:  0.41207977294921877 reward_loss:  -20.603986740112305
epoch:  16 batch:  120 region_loss:  5.0 5.0 loc_loss:  0.45803253173828123 reward_loss:  -22.901622772216797
epoch:  16 batch:  130 region_loss:  7.0 7.0 loc_loss:  0.670373306274414 reward_loss:  -33.5186653137207
acc@1:  0.145343367826905
epoch: 16 region loss 0.17051094890510948 loc loss 0.7515847856284928 reward loss -37.57924139760706
epoch:  17 batch:  0 region_loss:  10.0 10.0 loc_loss:  0.8608070373535156 reward_loss:  -43.040348052978516
epoch:  17 batch:  10 region_loss:  10.0 10.0 loc_loss:  0.8718567657470703 reward_loss:  -43.592838287353516
epoch:  17 batch:  20 region_loss:  10.0 10.0 loc_loss:  0.7673193359375 reward_loss:  -38.365966796875
epoch:  17 batch:  30 region_loss:  10.0 10.0 loc_loss:  0.8383195495605469 reward_loss:  -41.91597366333008
epoch:  17 batch:  40 region_loss:  10.0 10.0 loc_loss:  0.9352687072753906 reward_loss:  -46.76343536376953
epoch:  17 batch:  50 region_loss:  10.0 10.0 loc_loss:  0.8081488037109374 reward_loss:  -40.40743637084961
epoch:  17 batch:  60 region_loss:  10.0 10.0 loc_loss:  0.8685140228271484 reward_loss:  -43.42570114135742
epoch:  17 batch:  70 region_loss:  10.0 10.0 loc_loss:  0.8288217926025391 reward_loss:  -41.44109344482422
epoch:  17 batch:  80 region_loss:  10.0 10.0 loc_loss:  0.9132899475097657 reward_loss:  -45.66450119018555
epoch:  17 batch:  90 region_loss:  6.0 6.0 loc_loss:  0.563056755065918 reward_loss:  -28.152835845947266
epoch:  17 batch:  100 region_loss:  8.0 8.0 loc_loss:  0.6560505676269531 reward_loss:  -32.80252456665039
epoch:  17 batch:  110 region_loss:  4.0 4.0 loc_loss:  0.39199478149414063 reward_loss:  -19.59973907470703
epoch:  17 batch:  120 region_loss:  5.0 5.0 loc_loss:  0.4333306884765625 reward_loss:  -21.666532516479492
epoch:  17 batch:  130 region_loss:  7.0 7.0 loc_loss:  0.6397507858276367 reward_loss:  -31.987537384033203
acc@1:  0.14393226716839136
epoch: 17 region loss 0.17051094890510948 loc loss 0.7155144514654674 reward loss -35.77572273337928
epoch:  18 batch:  0 region_loss:  10.0 10.0 loc_loss:  0.8169154357910157 reward_loss:  -40.84576416015625
epoch:  18 batch:  10 region_loss:  10.0 10.0 loc_loss:  0.8286558532714844 reward_loss:  -41.43279266357422
epoch:  18 batch:  20 region_loss:  10.0 10.0 loc_loss:  0.7306446838378906 reward_loss:  -36.53223419189453
epoch:  18 batch:  30 region_loss:  10.0 10.0 loc_loss:  0.79487060546875 reward_loss:  -39.7435302734375
epoch:  18 batch:  40 region_loss:  10.0 10.0 loc_loss:  0.8988321685791015 reward_loss:  -44.94160842895508
epoch:  18 batch:  50 region_loss:  10.0 10.0 loc_loss:  0.7666708374023438 reward_loss:  -38.33354187011719
epoch:  18 batch:  60 region_loss:  10.0 10.0 loc_loss:  0.8262494659423828 reward_loss:  -41.31247329711914
epoch:  18 batch:  70 region_loss:  10.0 10.0 loc_loss:  0.7899173736572266 reward_loss:  -39.49586868286133
epoch:  18 batch:  80 region_loss:  10.0 10.0 loc_loss:  0.8727839660644531 reward_loss:  -43.63919448852539
epoch:  18 batch:  90 region_loss:  6.0 6.0 loc_loss:  0.5383307647705078 reward_loss:  -26.916536331176758
epoch:  18 batch:  100 region_loss:  8.0 8.0 loc_loss:  0.6254425048828125 reward_loss:  -31.272119522094727
epoch:  18 batch:  110 region_loss:  4.0 4.0 loc_loss:  0.37279098510742187 reward_loss:  -18.639551162719727
epoch:  18 batch:  120 region_loss:  5.0 5.0 loc_loss:  0.4101568222045898 reward_loss:  -20.507843017578125
epoch:  18 batch:  130 region_loss:  7.0 7.0 loc_loss:  0.6110449600219726 reward_loss:  -30.552249908447266
acc@1:  0.14346190028222014
epoch: 18 region loss 0.17051094890510948 loc loss 0.682219297868492 reward loss -34.11096606289383
epoch:  19 batch:  0 region_loss:  10.0 10.0 loc_loss:  0.7762281036376953 reward_loss:  -38.811397552490234
epoch:  19 batch:  10 region_loss:  10.0 10.0 loc_loss:  0.7891790008544922 reward_loss:  -39.458946228027344
epoch:  19 batch:  20 region_loss:  10.0 10.0 loc_loss:  0.6975810241699218 reward_loss:  -34.87904739379883
epoch:  19 batch:  30 region_loss:  10.0 10.0 loc_loss:  0.7549011993408203 reward_loss:  -37.745059967041016
epoch:  19 batch:  40 region_loss:  10.0 10.0 loc_loss:  0.8649217224121094 reward_loss:  -43.2460823059082
epoch:  19 batch:  50 region_loss:  10.0 10.0 loc_loss:  0.7290167999267578 reward_loss:  -36.450836181640625
epoch:  19 batch:  60 region_loss:  10.0 10.0 loc_loss:  0.7863636779785156 reward_loss:  -39.318180084228516
epoch:  19 batch:  70 region_loss:  10.0 10.0 loc_loss:  0.7538662719726562 reward_loss:  -37.69330978393555
epoch:  19 batch:  80 region_loss:  10.0 10.0 loc_loss:  0.8343260955810546 reward_loss:  -41.716304779052734
epoch:  19 batch:  90 region_loss:  6.0 6.0 loc_loss:  0.5148836135864258 reward_loss:  -25.744182586669922
epoch:  19 batch:  100 region_loss:  8.0 8.0 loc_loss:  0.5969607925415039 reward_loss:  -29.848041534423828
epoch:  19 batch:  110 region_loss:  4.0 4.0 loc_loss:  0.3544755554199219 reward_loss:  -17.723777770996094
epoch:  19 batch:  120 region_loss:  5.0 5.0 loc_loss:  0.38842182159423827 reward_loss:  -19.42112922668457
epoch:  19 batch:  130 region_loss:  7.0 7.0 loc_loss:  0.5839654541015625 reward_loss:  -29.19827651977539
acc@1:  0.14299153339604892
epoch: 19 region loss 0.17051094890510948 loc loss 0.6513255123500405 reward loss -32.56627515110657
epoch:  20 batch:  0 region_loss:  10.0 10.0 loc_loss:  0.7382148742675781 reward_loss:  -36.91073989868164
epoch:  20 batch:  10 region_loss:  10.0 10.0 loc_loss:  0.7527315521240234 reward_loss:  -37.636573791503906
epoch:  20 batch:  20 region_loss:  10.0 10.0 loc_loss:  0.6674678802490235 reward_loss:  -33.373390197753906
epoch:  20 batch:  30 region_loss:  10.0 10.0 loc_loss:  0.7178966522216796 reward_loss:  -35.894832611083984
epoch:  20 batch:  40 region_loss:  10.0 10.0 loc_loss:  0.8330316162109375 reward_loss:  -41.65157699584961
epoch:  20 batch:  50 region_loss:  10.0 10.0 loc_loss:  0.6945659637451171 reward_loss:  -34.728302001953125
epoch:  20 batch:  60 region_loss:  10.0 10.0 loc_loss:  0.7486618041992188 reward_loss:  -37.43308639526367
epoch:  20 batch:  70 region_loss:  10.0 10.0 loc_loss:  0.7202503204345703 reward_loss:  -36.012516021728516
epoch:  20 batch:  80 region_loss:  10.0 10.0 loc_loss:  0.7977395629882813 reward_loss:  -39.88698196411133
epoch:  20 batch:  90 region_loss:  6.0 6.0 loc_loss:  0.49256675720214843 reward_loss:  -24.628337860107422
epoch:  20 batch:  100 region_loss:  8.0 8.0 loc_loss:  0.5702684783935547 reward_loss:  -28.513423919677734
epoch:  20 batch:  110 region_loss:  4.0 4.0 loc_loss:  0.3370289993286133 reward_loss:  -16.85144805908203
epoch:  20 batch:  120 region_loss:  5.0 5.0 loc_loss:  0.3680152893066406 reward_loss:  -18.4007625579834
epoch:  20 batch:  130 region_loss:  7.0 7.0 loc_loss:  0.5582464599609375 reward_loss:  -27.912322998046875
acc@1:  0.14299153339604892
epoch: 20 region loss 0.17051094890510948 loc loss 0.6224830503533356 reward loss -31.12415544133987
epoch:  21 batch:  0 region_loss:  10.0 10.0 loc_loss:  0.702493896484375 reward_loss:  -35.12469482421875
epoch:  21 batch:  10 region_loss:  10.0 10.0 loc_loss:  0.7187727355957031 reward_loss:  -35.93863296508789
epoch:  21 batch:  20 region_loss:  10.0 10.0 loc_loss:  0.6397710800170898 reward_loss:  -31.988554000854492
epoch:  21 batch:  30 region_loss:  10.0 10.0 loc_loss:  0.6834651947021484 reward_loss:  -34.17325973510742
epoch:  21 batch:  40 region_loss:  10.0 10.0 loc_loss:  0.8027193450927734 reward_loss:  -40.1359748840332
epoch:  21 batch:  50 region_loss:  10.0 10.0 loc_loss:  0.6627853393554688 reward_loss:  -33.13926696777344
epoch:  21 batch:  60 region_loss:  10.0 10.0 loc_loss:  0.7129734039306641 reward_loss:  -35.6486701965332
epoch:  21 batch:  70 region_loss:  10.0 10.0 loc_loss:  0.6887176513671875 reward_loss:  -34.43587875366211
epoch:  21 batch:  80 region_loss:  10.0 10.0 loc_loss:  0.7628514099121094 reward_loss:  -38.1425666809082
epoch:  21 batch:  90 region_loss:  6.0 6.0 loc_loss:  0.4712541961669922 reward_loss:  -23.562711715698242
epoch:  21 batch:  100 region_loss:  8.0 8.0 loc_loss:  0.5450784301757813 reward_loss:  -27.253921508789062
epoch:  21 batch:  110 region_loss:  4.0 4.0 loc_loss:  0.32040756225585937 reward_loss:  -16.02037811279297
epoch:  21 batch:  120 region_loss:  5.0 5.0 loc_loss:  0.34880035400390624 reward_loss:  -17.440017700195312
epoch:  21 batch:  130 region_loss:  7.0 7.0 loc_loss:  0.5336637878417969 reward_loss:  -26.683189392089844
acc@1:  0.14063969896519285
epoch: 21 region loss 0.17051094890510948 loc loss 0.5953860449964983 reward loss -29.769301630284666
epoch:  22 batch:  0 region_loss:  10.0 10.0 loc_loss:  0.6687630462646484 reward_loss:  -33.43815231323242
epoch:  22 batch:  10 region_loss:  10.0 10.0 loc_loss:  0.6869062805175781 reward_loss:  -34.34531021118164
epoch:  22 batch:  20 region_loss:  10.0 10.0 loc_loss:  0.614051170349121 reward_loss:  -30.70255470275879
epoch:  22 batch:  30 region_loss:  10.0 10.0 loc_loss:  0.6512775421142578 reward_loss:  -32.56387710571289
epoch:  22 batch:  40 region_loss:  10.0 10.0 loc_loss:  0.7736579132080078 reward_loss:  -38.682891845703125
epoch:  22 batch:  50 region_loss:  10.0 10.0 loc_loss:  0.6332262420654297 reward_loss:  -31.66131019592285
epoch:  22 batch:  60 region_loss:  10.0 10.0 loc_loss:  0.6791506958007812 reward_loss:  -33.95753479003906
epoch:  22 batch:  70 region_loss:  10.0 10.0 loc_loss:  0.6589984130859375 reward_loss:  -32.949920654296875
epoch:  22 batch:  80 region_loss:  10.0 10.0 loc_loss:  0.7294924926757812 reward_loss:  -36.4746208190918
epoch:  22 batch:  90 region_loss:  6.0 6.0 loc_loss:  0.450832633972168 reward_loss:  -22.5416316986084
epoch:  22 batch:  100 region_loss:  8.0 8.0 loc_loss:  0.5211530303955079 reward_loss:  -26.057647705078125
epoch:  22 batch:  110 region_loss:  4.0 4.0 loc_loss:  0.30455120086669923 reward_loss:  -15.227560043334961
epoch:  22 batch:  120 region_loss:  5.0 5.0 loc_loss:  0.33066219329833985 reward_loss:  -16.53310775756836
epoch:  22 batch:  130 region_loss:  7.0 7.0 loc_loss:  0.5100478744506836 reward_loss:  -25.50239372253418
acc@1:  0.1349952963311383
epoch: 22 region loss 0.17051094890510948 loc loss 0.5697793590239365 reward loss -28.4889671019394
epoch:  23 batch:  0 region_loss:  10.0 10.0 loc_loss:  0.6367816543579101 reward_loss:  -31.83907699584961
epoch:  23 batch:  10 region_loss:  10.0 10.0 loc_loss:  0.6568370819091797 reward_loss:  -32.84185791015625
epoch:  23 batch:  20 region_loss:  10.0 10.0 loc_loss:  0.5899463653564453 reward_loss:  -29.497318267822266
epoch:  23 batch:  30 region_loss:  10.0 10.0 loc_loss:  0.6210414123535156 reward_loss:  -31.052066802978516
epoch:  23 batch:  40 region_loss:  10.0 10.0 loc_loss:  0.7456211853027344 reward_loss:  -37.28105545043945
epoch:  23 batch:  50 region_loss:  10.0 10.0 loc_loss:  0.6055195617675782 reward_loss:  -30.27597999572754
epoch:  23 batch:  60 region_loss:  10.0 10.0 loc_loss:  0.6470565032958985 reward_loss:  -32.35282516479492
epoch:  23 batch:  70 region_loss:  10.0 10.0 loc_loss:  0.6308905029296875 reward_loss:  -31.544523239135742
epoch:  23 batch:  80 region_loss:  10.0 10.0 loc_loss:  0.6975065612792969 reward_loss:  -34.875328063964844
epoch:  23 batch:  90 region_loss:  6.0 6.0 loc_loss:  0.4311971664428711 reward_loss:  -21.559860229492188
epoch:  23 batch:  100 region_loss:  8.0 8.0 loc_loss:  0.4982975769042969 reward_loss:  -24.91487693786621
epoch:  23 batch:  110 region_loss:  4.0 4.0 loc_loss:  0.2893931770324707 reward_loss:  -14.469658851623535
epoch:  23 batch:  120 region_loss:  5.0 5.0 loc_loss:  0.3134933853149414 reward_loss:  -15.67467212677002
epoch:  23 batch:  130 region_loss:  7.0 7.0 loc_loss:  0.48728031158447266 reward_loss:  -24.36402130126953
acc@1:  0.132173095014111
epoch: 23 region loss 0.17051094890510948 loc loss 0.5454550803664827 reward loss -27.272753311769804
epoch:  24 batch:  0 region_loss:  10.0 10.0 loc_loss:  0.606366081237793 reward_loss:  -30.31830406188965
epoch:  24 batch:  10 region_loss:  10.0 10.0 loc_loss:  0.6283364105224609 reward_loss:  -31.416820526123047
epoch:  24 batch:  20 region_loss:  10.0 10.0 loc_loss:  0.5671672439575195 reward_loss:  -28.358360290527344
epoch:  24 batch:  30 region_loss:  10.0 10.0 loc_loss:  0.5925037384033203 reward_loss:  -29.625185012817383
epoch:  24 batch:  40 region_loss:  10.0 10.0 loc_loss:  0.7184506225585937 reward_loss:  -35.92253494262695
epoch:  24 batch:  50 region_loss:  10.0 10.0 loc_loss:  0.5793627166748047 reward_loss:  -28.968135833740234
epoch:  24 batch:  60 region_loss:  10.0 10.0 loc_loss:  0.6165531921386719 reward_loss:  -30.827659606933594
epoch:  24 batch:  70 region_loss:  10.0 10.0 loc_loss:  0.6042236328125 reward_loss:  -30.211177825927734
epoch:  24 batch:  80 region_loss:  10.0 10.0 loc_loss:  0.6667562866210938 reward_loss:  -33.33781433105469
epoch:  24 batch:  90 region_loss:  6.0 6.0 loc_loss:  0.41225376129150393 reward_loss:  -20.612688064575195
epoch:  24 batch:  100 region_loss:  8.0 8.0 loc_loss:  0.4763602066040039 reward_loss:  -23.81800651550293
epoch:  24 batch:  110 region_loss:  4.0 4.0 loc_loss:  0.2748661994934082 reward_loss:  -13.74330997467041
epoch:  24 batch:  120 region_loss:  5.0 5.0 loc_loss:  0.2971990966796875 reward_loss:  -14.859951972961426
epoch:  24 batch:  130 region_loss:  7.0 7.0 loc_loss:  0.46527931213378904 reward_loss:  -23.263965606689453
acc@1:  0.13029162746942616
epoch: 24 region loss 0.17051094890510948 loc loss 0.5222446398491407 reward loss -26.112231369436223
epoch:  25 batch:  0 region_loss:  10.0 10.0 loc_loss:  0.5773651504516601 reward_loss:  -28.86825942993164
epoch:  25 batch:  10 region_loss:  10.0 10.0 loc_loss:  0.6012131500244141 reward_loss:  -30.06066131591797
epoch:  25 batch:  20 region_loss:  10.0 10.0 loc_loss:  0.5454864120483398 reward_loss:  -27.274320602416992
epoch:  25 batch:  30 region_loss:  10.0 10.0 loc_loss:  0.5654484558105469 reward_loss:  -28.272422790527344
epoch:  25 batch:  40 region_loss:  10.0 10.0 loc_loss:  0.692030029296875 reward_loss:  -34.60150146484375
epoch:  25 batch:  50 region_loss:  10.0 10.0 loc_loss:  0.5545081329345704 reward_loss:  -27.72540283203125
epoch:  25 batch:  60 region_loss:  10.0 10.0 loc_loss:  0.587500114440918 reward_loss:  -29.375
epoch:  25 batch:  70 region_loss:  10.0 10.0 loc_loss:  0.5788365173339843 reward_loss:  -28.94182586669922
epoch:  25 batch:  80 region_loss:  10.0 10.0 loc_loss:  0.6371210098266602 reward_loss:  -31.85605239868164
epoch:  25 batch:  90 region_loss:  6.0 6.0 loc_loss:  0.3939215850830078 reward_loss:  -19.696073532104492
epoch:  25 batch:  100 region_loss:  8.0 8.0 loc_loss:  0.45522666931152345 reward_loss:  -22.76133155822754
epoch:  25 batch:  110 region_loss:  4.0 4.0 loc_loss:  0.2609073448181152 reward_loss:  -13.045365333557129
epoch:  25 batch:  120 region_loss:  5.0 5.0 loc_loss:  0.28169353485107423 reward_loss:  -14.084675788879395
epoch:  25 batch:  130 region_loss:  7.0 7.0 loc_loss:  0.4439855194091797 reward_loss:  -22.19927215576172
acc@1:  0.12935089369708372
epoch: 25 region loss 0.17051094890510948 loc loss 0.50001003989338 reward loss -25.000501194139467
epoch:  26 batch:  0 region_loss:  10.0 10.0 loc_loss:  0.5496591186523437 reward_loss:  -27.482952117919922
epoch:  26 batch:  10 region_loss:  10.0 10.0 loc_loss:  0.5752986526489258 reward_loss:  -28.764930725097656
epoch:  26 batch:  20 region_loss:  10.0 10.0 loc_loss:  0.5247266387939453 reward_loss:  -26.236328125
epoch:  26 batch:  30 region_loss:  10.0 10.0 loc_loss:  0.5396884155273437 reward_loss:  -26.984416961669922
epoch:  26 batch:  40 region_loss:  10.0 10.0 loc_loss:  0.6662705993652344 reward_loss:  -33.31352996826172
epoch:  26 batch:  50 region_loss:  10.0 10.0 loc_loss:  0.5307575607299805 reward_loss:  -26.53787612915039
epoch:  26 batch:  60 region_loss:  10.0 10.0 loc_loss:  0.5597599792480469 reward_loss:  -27.98800277709961
epoch:  26 batch:  70 region_loss:  10.0 10.0 loc_loss:  0.5545780181884765 reward_loss:  -27.728900909423828
epoch:  26 batch:  80 region_loss:  10.0 10.0 loc_loss:  0.6084992218017579 reward_loss:  -30.42496109008789
epoch:  26 batch:  90 region_loss:  6.0 6.0 loc_loss:  0.3761347579956055 reward_loss:  -18.80673599243164
epoch:  26 batch:  100 region_loss:  8.0 8.0 loc_loss:  0.4348110580444336 reward_loss:  -21.74055290222168
epoch:  26 batch:  110 region_loss:  4.0 4.0 loc_loss:  0.2474614143371582 reward_loss:  -12.373069763183594
epoch:  26 batch:  120 region_loss:  5.0 5.0 loc_loss:  0.26689735412597654 reward_loss:  -13.344866752624512
epoch:  26 batch:  130 region_loss:  7.0 7.0 loc_loss:  0.4233500289916992 reward_loss:  -21.167503356933594
acc@1:  0.1288805268109125
epoch: 26 region loss 0.17051094890510948 loc loss 0.47863708837188945 reward loss -23.93185506945979
epoch:  27 batch:  0 region_loss:  10.0 10.0 loc_loss:  0.5231564331054688 reward_loss:  -26.157821655273438
epoch:  27 batch:  10 region_loss:  10.0 10.0 loc_loss:  0.5504434967041015 reward_loss:  -27.522172927856445
epoch:  27 batch:  20 region_loss:  10.0 10.0 loc_loss:  0.5047549438476563 reward_loss:  -25.237743377685547
epoch:  27 batch:  30 region_loss:  10.0 10.0 loc_loss:  0.5150656890869141 reward_loss:  -25.753284454345703
epoch:  27 batch:  40 region_loss:  10.0 10.0 loc_loss:  0.6411018371582031 reward_loss:  -32.055091857910156
epoch:  27 batch:  50 region_loss:  10.0 10.0 loc_loss:  0.5079534530639649 reward_loss:  -25.39767074584961
epoch:  27 batch:  60 region_loss:  10.0 10.0 loc_loss:  0.5332079315185547 reward_loss:  -26.660398483276367
epoch:  27 batch:  70 region_loss:  10.0 10.0 loc_loss:  0.5313124465942383 reward_loss:  -26.56561851501465
epoch:  27 batch:  80 region_loss:  10.0 10.0 loc_loss:  0.5808069610595703 reward_loss:  -29.040348052978516
epoch:  27 batch:  90 region_loss:  6.0 6.0 loc_loss:  0.35884384155273436 reward_loss:  -17.942195892333984
