nohup: ignoring input
cuda
epoch:  0 batch:  0 region_loss:  10.0 10.0 loc_loss:  1.9866583251953125 reward_loss:  -99.33367156982422
epoch:  0 batch:  10 region_loss:  10.0 10.0 loc_loss:  1.9843963623046874 reward_loss:  -99.22036743164062
epoch:  0 batch:  20 region_loss:  10.0 10.0 loc_loss:  1.9884207153320312 reward_loss:  -99.42062377929688
epoch:  0 batch:  30 region_loss:  10.0 10.0 loc_loss:  1.99119140625 reward_loss:  -99.55914306640625
epoch:  0 batch:  40 region_loss:  10.0 10.0 loc_loss:  1.986669158935547 reward_loss:  -99.33439636230469
epoch:  0 batch:  50 region_loss:  10.0 10.0 loc_loss:  1.979344024658203 reward_loss:  -98.96646118164062
epoch:  0 batch:  60 region_loss:  10.0 10.0 loc_loss:  1.9821319580078125 reward_loss:  -99.10626983642578
epoch:  0 batch:  70 region_loss:  10.0 10.0 loc_loss:  1.983106689453125 reward_loss:  -99.15538787841797
epoch:  0 batch:  80 region_loss:  10.0 10.0 loc_loss:  1.9788407897949218 reward_loss:  -98.9422378540039
epoch:  0 batch:  90 region_loss:  6.0 6.0 loc_loss:  1.183467788696289 reward_loss:  -59.17314910888672
epoch:  0 batch:  100 region_loss:  8.0 8.0 loc_loss:  1.5735916137695312 reward_loss:  -78.68081665039062
epoch:  0 batch:  110 region_loss:  4.0 4.0 loc_loss:  0.7868421173095703 reward_loss:  -39.34217834472656
epoch:  0 batch:  120 region_loss:  5.0 5.0 loc_loss:  0.9788531494140625 reward_loss:  -48.942359924316406
epoch:  0 batch:  130 region_loss:  7.0 7.0 loc_loss:  1.3697837829589843 reward_loss:  -68.48973846435547
acc@1:  0.0042333019755409216
epoch: 0 region loss 0.17051094890510948 loc loss 1.6867508836732292 reward loss -84.33748768715962
epoch:  1 batch:  0 region_loss:  10.0 10.0 loc_loss:  1.9037855529785157 reward_loss:  -95.18834686279297
epoch:  1 batch:  10 region_loss:  10.0 10.0 loc_loss:  1.9275407409667968 reward_loss:  -96.3764419555664
epoch:  1 batch:  20 region_loss:  10.0 10.0 loc_loss:  1.9249665832519531 reward_loss:  -96.24736785888672
epoch:  1 batch:  30 region_loss:  10.0 10.0 loc_loss:  1.9243547058105468 reward_loss:  -96.21826171875
epoch:  1 batch:  40 region_loss:  10.0 10.0 loc_loss:  1.9111074829101562 reward_loss:  -95.55482482910156
epoch:  1 batch:  50 region_loss:  10.0 10.0 loc_loss:  1.8962419128417969 reward_loss:  -94.81214904785156
epoch:  1 batch:  60 region_loss:  10.0 10.0 loc_loss:  1.8816816711425781 reward_loss:  -94.08434295654297
epoch:  1 batch:  70 region_loss:  10.0 10.0 loc_loss:  1.8583966064453126 reward_loss:  -92.9195785522461
epoch:  1 batch:  80 region_loss:  10.0 10.0 loc_loss:  1.8350865173339843 reward_loss:  -91.75498962402344
epoch:  1 batch:  90 region_loss:  6.0 6.0 loc_loss:  1.0954680633544922 reward_loss:  -54.773921966552734
epoch:  1 batch:  100 region_loss:  8.0 8.0 loc_loss:  1.4453355407714843 reward_loss:  -72.26597595214844
epoch:  1 batch:  110 region_loss:  4.0 4.0 loc_loss:  0.7297900390625 reward_loss:  -36.489253997802734
epoch:  1 batch:  120 region_loss:  5.0 5.0 loc_loss:  0.8974774169921875 reward_loss:  -44.874332427978516
epoch:  1 batch:  130 region_loss:  7.0 7.0 loc_loss:  1.2459529876708983 reward_loss:  -62.29778289794922
acc@1:  0.02022577610536218
epoch: 1 region loss 0.17051094890510948 loc loss 1.591518151499059 reward loss -79.57587001271492
epoch:  2 batch:  0 region_loss:  10.0 10.0 loc_loss:  1.7111825561523437 reward_loss:  -85.55961608886719
epoch:  2 batch:  10 region_loss:  10.0 10.0 loc_loss:  1.7377676391601562 reward_loss:  -86.8884048461914
epoch:  2 batch:  20 region_loss:  10.0 10.0 loc_loss:  1.738499755859375 reward_loss:  -86.92515563964844
epoch:  2 batch:  30 region_loss:  10.0 10.0 loc_loss:  1.7680654907226563 reward_loss:  -88.4035415649414
epoch:  2 batch:  40 region_loss:  10.0 10.0 loc_loss:  1.7285575866699219 reward_loss:  -86.42792510986328
epoch:  2 batch:  50 region_loss:  10.0 10.0 loc_loss:  1.7650961303710937 reward_loss:  -88.255126953125
epoch:  2 batch:  60 region_loss:  10.0 10.0 loc_loss:  1.7420768737792969 reward_loss:  -87.10432434082031
epoch:  2 batch:  70 region_loss:  10.0 10.0 loc_loss:  1.7360121154785155 reward_loss:  -86.80076599121094
epoch:  2 batch:  80 region_loss:  10.0 10.0 loc_loss:  1.7180209350585938 reward_loss:  -85.9006576538086
epoch:  2 batch:  90 region_loss:  6.0 6.0 loc_loss:  1.034203338623047 reward_loss:  -51.710208892822266
epoch:  2 batch:  100 region_loss:  8.0 8.0 loc_loss:  1.370347442626953 reward_loss:  -68.51692962646484
epoch:  2 batch:  110 region_loss:  4.0 4.0 loc_loss:  0.6983656311035156 reward_loss:  -34.918739318847656
epoch:  2 batch:  120 region_loss:  5.0 5.0 loc_loss:  0.8633052062988281 reward_loss:  -43.16554260253906
epoch:  2 batch:  130 region_loss:  7.0 7.0 loc_loss:  1.2023802185058594 reward_loss:  -60.1199951171875
acc@1:  0.025870178739416744
epoch: 2 region loss 0.17051094890510948 loc loss 1.4690621775606252 reward loss -73.45313435575387
epoch:  3 batch:  0 region_loss:  10.0 10.0 loc_loss:  1.666945037841797 reward_loss:  -83.34689331054688
epoch:  3 batch:  10 region_loss:  10.0 10.0 loc_loss:  1.6748497009277343 reward_loss:  -83.74317169189453
epoch:  3 batch:  20 region_loss:  10.0 10.0 loc_loss:  1.6504524230957032 reward_loss:  -82.52264404296875
epoch:  3 batch:  30 region_loss:  10.0 10.0 loc_loss:  1.7010594177246094 reward_loss:  -85.05261993408203
epoch:  3 batch:  40 region_loss:  10.0 10.0 loc_loss:  1.6584730529785157 reward_loss:  -82.92382049560547
epoch:  3 batch:  50 region_loss:  10.0 10.0 loc_loss:  1.6950790405273437 reward_loss:  -84.754150390625
epoch:  3 batch:  60 region_loss:  10.0 10.0 loc_loss:  1.6789266967773437 reward_loss:  -83.94523620605469
epoch:  3 batch:  70 region_loss:  10.0 10.0 loc_loss:  1.6751609802246095 reward_loss:  -83.7572250366211
epoch:  3 batch:  80 region_loss:  10.0 10.0 loc_loss:  1.6614964294433594 reward_loss:  -83.0743408203125
epoch:  3 batch:  90 region_loss:  6.0 6.0 loc_loss:  1.002570343017578 reward_loss:  -50.128639221191406
epoch:  3 batch:  100 region_loss:  8.0 8.0 loc_loss:  1.3253263854980468 reward_loss:  -66.26622009277344
epoch:  3 batch:  110 region_loss:  4.0 4.0 loc_loss:  0.6796846008300781 reward_loss:  -33.983680725097656
epoch:  3 batch:  120 region_loss:  5.0 5.0 loc_loss:  0.8405905914306641 reward_loss:  -42.02986145019531
epoch:  3 batch:  130 region_loss:  7.0 7.0 loc_loss:  1.1723925018310546 reward_loss:  -58.61939239501953
acc@1:  0.03151458137347131
epoch: 3 region loss 0.17051094890510948 loc loss 1.4133282526392137 reward loss -70.66642260029369
epoch:  4 batch:  0 region_loss:  10.0 10.0 loc_loss:  1.6292732238769532 reward_loss:  -81.46305084228516
epoch:  4 batch:  10 region_loss:  10.0 10.0 loc_loss:  1.632479248046875 reward_loss:  -81.62358093261719
epoch:  4 batch:  20 region_loss:  10.0 10.0 loc_loss:  1.587281494140625 reward_loss:  -79.3637466430664
epoch:  4 batch:  30 region_loss:  10.0 10.0 loc_loss:  1.6484765625 reward_loss:  -82.42385864257812
epoch:  4 batch:  40 region_loss:  10.0 10.0 loc_loss:  1.603706817626953 reward_loss:  -80.18467712402344
epoch:  4 batch:  50 region_loss:  10.0 10.0 loc_loss:  1.6346878051757812 reward_loss:  -81.73421478271484
epoch:  4 batch:  60 region_loss:  10.0 10.0 loc_loss:  1.6245245361328124 reward_loss:  -81.2262954711914
epoch:  4 batch:  70 region_loss:  10.0 10.0 loc_loss:  1.6206048583984376 reward_loss:  -81.02981567382812
epoch:  4 batch:  80 region_loss:  10.0 10.0 loc_loss:  1.610740966796875 reward_loss:  -80.53701782226562
epoch:  4 batch:  90 region_loss:  6.0 6.0 loc_loss:  0.9739289855957032 reward_loss:  -48.69651412963867
epoch:  4 batch:  100 region_loss:  8.0 8.0 loc_loss:  1.2822021484375 reward_loss:  -64.11017608642578
epoch:  4 batch:  110 region_loss:  4.0 4.0 loc_loss:  0.6627002716064453 reward_loss:  -33.13507843017578
epoch:  4 batch:  120 region_loss:  5.0 5.0 loc_loss:  0.817071304321289 reward_loss:  -40.85338592529297
epoch:  4 batch:  130 region_loss:  7.0 7.0 loc_loss:  1.1415383911132813 reward_loss:  -57.0770378112793
acc@1:  0.04609595484477893
epoch: 4 region loss 0.17051094890510948 loc loss 1.3666565946592903 reward loss -68.33281884576283
epoch:  5 batch:  0 region_loss:  10.0 10.0 loc_loss:  1.5844996643066407 reward_loss:  -79.22474670410156
epoch:  5 batch:  10 region_loss:  10.0 10.0 loc_loss:  1.5881997680664062 reward_loss:  -79.409912109375
epoch:  5 batch:  20 region_loss:  10.0 10.0 loc_loss:  1.5256800842285156 reward_loss:  -76.28398895263672
epoch:  5 batch:  30 region_loss:  10.0 10.0 loc_loss:  1.5950740051269532 reward_loss:  -79.75372314453125
epoch:  5 batch:  40 region_loss:  10.0 10.0 loc_loss:  1.5496231079101563 reward_loss:  -77.48117065429688
epoch:  5 batch:  50 region_loss:  10.0 10.0 loc_loss:  1.572811279296875 reward_loss:  -78.6404037475586
epoch:  5 batch:  60 region_loss:  10.0 10.0 loc_loss:  1.5709611511230468 reward_loss:  -78.54813385009766
epoch:  5 batch:  70 region_loss:  10.0 10.0 loc_loss:  1.5644558715820311 reward_loss:  -78.22315216064453
epoch:  5 batch:  80 region_loss:  10.0 10.0 loc_loss:  1.5599313354492188 reward_loss:  -77.99662780761719
epoch:  5 batch:  90 region_loss:  6.0 6.0 loc_loss:  0.9442127990722656 reward_loss:  -47.210784912109375
epoch:  5 batch:  100 region_loss:  8.0 8.0 loc_loss:  1.2368048858642577 reward_loss:  -61.83976745605469
epoch:  5 batch:  110 region_loss:  4.0 4.0 loc_loss:  0.6454114532470703 reward_loss:  -32.27107238769531
epoch:  5 batch:  120 region_loss:  5.0 5.0 loc_loss:  0.7917371368408204 reward_loss:  -39.586761474609375
epoch:  5 batch:  130 region_loss:  7.0 7.0 loc_loss:  1.10820556640625 reward_loss:  -55.410301208496094
acc@1:  0.055973659454374415
epoch: 5 region loss 0.17051094890510948 loc loss 1.3188479480604187 reward loss -65.94242425904658
epoch:  6 batch:  0 region_loss:  10.0 10.0 loc_loss:  1.5323426818847656 reward_loss:  -76.61707305908203
epoch:  6 batch:  10 region_loss:  10.0 10.0 loc_loss:  1.5400019836425782 reward_loss:  -77.00004577636719
epoch:  6 batch:  20 region_loss:  10.0 10.0 loc_loss:  1.46052490234375 reward_loss:  -73.0262451171875
epoch:  6 batch:  30 region_loss:  10.0 10.0 loc_loss:  1.5376646423339844 reward_loss:  -76.883056640625
epoch:  6 batch:  40 region_loss:  10.0 10.0 loc_loss:  1.4933412170410156 reward_loss:  -74.66703796386719
epoch:  6 batch:  50 region_loss:  10.0 10.0 loc_loss:  1.5070903015136718 reward_loss:  -75.35444641113281
epoch:  6 batch:  60 region_loss:  10.0 10.0 loc_loss:  1.5146585083007813 reward_loss:  -75.73294067382812
epoch:  6 batch:  70 region_loss:  10.0 10.0 loc_loss:  1.5047024536132811 reward_loss:  -75.23513793945312
epoch:  6 batch:  80 region_loss:  10.0 10.0 loc_loss:  1.506425018310547 reward_loss:  -75.32124328613281
epoch:  6 batch:  90 region_loss:  6.0 6.0 loc_loss:  0.9127210235595703 reward_loss:  -45.6359977722168
epoch:  6 batch:  100 region_loss:  8.0 8.0 loc_loss:  1.187675018310547 reward_loss:  -59.38376235961914
epoch:  6 batch:  110 region_loss:  4.0 4.0 loc_loss:  0.6271402359008789 reward_loss:  -31.356922149658203
epoch:  6 batch:  120 region_loss:  5.0 5.0 loc_loss:  0.7640733337402343 reward_loss:  -38.20368957519531
epoch:  6 batch:  130 region_loss:  7.0 7.0 loc_loss:  1.0722705078125 reward_loss:  -53.61354064941406
acc@1:  0.06726246472248354
epoch: 6 region loss 0.17051094890510948 loc loss 1.267831248540948 reward loss -63.391556301256166
epoch:  7 batch:  0 region_loss:  10.0 10.0 loc_loss:  1.475063018798828 reward_loss:  -73.7531967163086
epoch:  7 batch:  10 region_loss:  10.0 10.0 loc_loss:  1.4865286254882812 reward_loss:  -74.326416015625
epoch:  7 batch:  20 region_loss:  10.0 10.0 loc_loss:  1.3908987426757813 reward_loss:  -69.54496765136719
epoch:  7 batch:  30 region_loss:  10.0 10.0 loc_loss:  1.4754454040527343 reward_loss:  -73.77228546142578
epoch:  7 batch:  40 region_loss:  10.0 10.0 loc_loss:  1.4346235656738282 reward_loss:  -71.73115539550781
epoch:  7 batch:  50 region_loss:  10.0 10.0 loc_loss:  1.4367762756347657 reward_loss:  -71.8388442993164
epoch:  7 batch:  60 region_loss:  10.0 10.0 loc_loss:  1.4548170471191406 reward_loss:  -72.74082946777344
epoch:  7 batch:  70 region_loss:  10.0 10.0 loc_loss:  1.4401046752929687 reward_loss:  -72.00524139404297
epoch:  7 batch:  80 region_loss:  10.0 10.0 loc_loss:  1.4495120239257813 reward_loss:  -72.47608184814453
epoch:  7 batch:  90 region_loss:  6.0 6.0 loc_loss:  0.8794363403320312 reward_loss:  -43.971824645996094
epoch:  7 batch:  100 region_loss:  8.0 8.0 loc_loss:  1.1348203277587892 reward_loss:  -56.74102020263672
epoch:  7 batch:  110 region_loss:  4.0 4.0 loc_loss:  0.6078235244750977 reward_loss:  -30.391157150268555
epoch:  7 batch:  120 region_loss:  5.0 5.0 loc_loss:  0.7341054534912109 reward_loss:  -36.70526123046875
epoch:  7 batch:  130 region_loss:  7.0 7.0 loc_loss:  1.033818130493164 reward_loss:  -51.69089889526367
acc@1:  0.0794920037629351
epoch: 7 region loss 0.17051094890510948 loc loss 1.2135218969748838 reward loss -60.67610467785466
epoch:  8 batch:  0 region_loss:  10.0 10.0 loc_loss:  1.4128286743164062 reward_loss:  -70.64144134521484
epoch:  8 batch:  10 region_loss:  10.0 10.0 loc_loss:  1.4274070739746094 reward_loss:  -71.37035369873047
epoch:  8 batch:  20 region_loss:  10.0 10.0 loc_loss:  1.3180276489257812 reward_loss:  -65.9013900756836
epoch:  8 batch:  30 region_loss:  10.0 10.0 loc_loss:  1.4090843200683594 reward_loss:  -70.4542236328125
epoch:  8 batch:  40 region_loss:  10.0 10.0 loc_loss:  1.3752499389648438 reward_loss:  -68.76250457763672
epoch:  8 batch:  50 region_loss:  10.0 10.0 loc_loss:  1.3628675842285156 reward_loss:  -68.14335632324219
epoch:  8 batch:  60 region_loss:  10.0 10.0 loc_loss:  1.3919062805175781 reward_loss:  -69.59532928466797
epoch:  8 batch:  70 region_loss:  10.0 10.0 loc_loss:  1.3715223693847656 reward_loss:  -68.57610321044922
epoch:  8 batch:  80 region_loss:  10.0 10.0 loc_loss:  1.39020263671875 reward_loss:  -69.51013946533203
epoch:  8 batch:  90 region_loss:  6.0 6.0 loc_loss:  0.8445830535888672 reward_loss:  -42.2291374206543
epoch:  8 batch:  100 region_loss:  8.0 8.0 loc_loss:  1.0790697479248046 reward_loss:  -53.953468322753906
epoch:  8 batch:  110 region_loss:  4.0 4.0 loc_loss:  0.5875061798095703 reward_loss:  -29.375144958496094
epoch:  8 batch:  120 region_loss:  5.0 5.0 loc_loss:  0.7023416900634766 reward_loss:  -35.11708068847656
epoch:  8 batch:  130 region_loss:  7.0 7.0 loc_loss:  0.9934266662597656 reward_loss:  -49.67133331298828
acc@1:  0.09454374412041393
epoch: 8 region loss 0.17051094890510948 loc loss 1.1568196114310383 reward loss -57.84096482548401
epoch:  9 batch:  0 region_loss:  10.0 10.0 loc_loss:  1.3468019104003905 reward_loss:  -67.34009552001953
epoch:  9 batch:  10 region_loss:  10.0 10.0 loc_loss:  1.363784637451172 reward_loss:  -68.1892318725586
epoch:  9 batch:  20 region_loss:  10.0 10.0 loc_loss:  1.2440164947509766 reward_loss:  -62.2008171081543
epoch:  9 batch:  30 region_loss:  10.0 10.0 loc_loss:  1.3397586059570312 reward_loss:  -66.98792266845703
epoch:  9 batch:  40 region_loss:  10.0 10.0 loc_loss:  1.3172439575195312 reward_loss:  -65.86219787597656
epoch:  9 batch:  50 region_loss:  10.0 10.0 loc_loss:  1.2869195556640625 reward_loss:  -64.3459701538086
epoch:  9 batch:  60 region_loss:  10.0 10.0 loc_loss:  1.3273309326171876 reward_loss:  -66.36654663085938
epoch:  9 batch:  70 region_loss:  10.0 10.0 loc_loss:  1.3005963134765626 reward_loss:  -65.02980041503906
epoch:  9 batch:  80 region_loss:  10.0 10.0 loc_loss:  1.330305633544922 reward_loss:  -66.51527404785156
epoch:  9 batch:  90 region_loss:  6.0 6.0 loc_loss:  0.8086024475097656 reward_loss:  -40.43012619018555
epoch:  9 batch:  100 region_loss:  8.0 8.0 loc_loss:  1.0219776916503907 reward_loss:  -51.098876953125
epoch:  9 batch:  110 region_loss:  4.0 4.0 loc_loss:  0.5662919616699219 reward_loss:  -28.31454849243164
epoch:  9 batch:  120 region_loss:  5.0 5.0 loc_loss:  0.6694032287597657 reward_loss:  -33.47018051147461
epoch:  9 batch:  130 region_loss:  7.0 7.0 loc_loss:  0.9517744445800781 reward_loss:  -47.588714599609375
acc@1:  0.10959548447789276
epoch: 9 region loss 0.17051094890510948 loc loss 1.0990745750482935 reward loss -54.953727638634454
epoch:  10 batch:  0 region_loss:  10.0 10.0 loc_loss:  1.2784053802490234 reward_loss:  -63.92026901245117
epoch:  10 batch:  10 region_loss:  10.0 10.0 loc_loss:  1.2971522521972656 reward_loss:  -64.85761260986328
epoch:  10 batch:  20 region_loss:  10.0 10.0 loc_loss:  1.1710635375976564 reward_loss:  -58.55317306518555
epoch:  10 batch:  30 region_loss:  10.0 10.0 loc_loss:  1.2687356567382813 reward_loss:  -63.4367790222168
epoch:  10 batch:  40 region_loss:  10.0 10.0 loc_loss:  1.2607136535644532 reward_loss:  -63.0356559753418
epoch:  10 batch:  50 region_loss:  10.0 10.0 loc_loss:  1.2116084289550781 reward_loss:  -60.580413818359375
epoch:  10 batch:  60 region_loss:  10.0 10.0 loc_loss:  1.2628665161132813 reward_loss:  -63.1433219909668
epoch:  10 batch:  70 region_loss:  10.0 10.0 loc_loss:  1.229251937866211 reward_loss:  -61.46261215209961
epoch:  10 batch:  80 region_loss:  10.0 10.0 loc_loss:  1.2715576171875 reward_loss:  -63.57787322998047
epoch:  10 batch:  90 region_loss:  6.0 6.0 loc_loss:  0.7721154022216797 reward_loss:  -38.60576248168945
epoch:  10 batch:  100 region_loss:  8.0 8.0 loc_loss:  0.9651606750488281 reward_loss:  -48.25804901123047
epoch:  10 batch:  110 region_loss:  4.0 4.0 loc_loss:  0.5443794250488281 reward_loss:  -27.218978881835938
epoch:  10 batch:  120 region_loss:  5.0 5.0 loc_loss:  0.6361448669433594 reward_loss:  -31.80724334716797
epoch:  10 batch:  130 region_loss:  7.0 7.0 loc_loss:  0.9096013641357422 reward_loss:  -45.480064392089844
acc@1:  0.11759172154280338
epoch: 10 region loss 0.17051094890510948 loc loss 1.041625035139766 reward loss -52.081256351331724
epoch:  11 batch:  0 region_loss:  10.0 10.0 loc_loss:  1.2092678833007813 reward_loss:  -60.46339797973633
epoch:  11 batch:  10 region_loss:  10.0 10.0 loc_loss:  1.2292018127441406 reward_loss:  -61.46009063720703
epoch:  11 batch:  20 region_loss:  10.0 10.0 loc_loss:  1.1005807495117188 reward_loss:  -55.02903366088867
epoch:  11 batch:  30 region_loss:  10.0 10.0 loc_loss:  1.197337875366211 reward_loss:  -59.866886138916016
epoch:  11 batch:  40 region_loss:  10.0 10.0 loc_loss:  1.2052307891845704 reward_loss:  -60.26169204711914
epoch:  11 batch:  50 region_loss:  10.0 10.0 loc_loss:  1.1395549011230468 reward_loss:  -56.97774124145508
epoch:  11 batch:  60 region_loss:  10.0 10.0 loc_loss:  1.1997411346435547 reward_loss:  -59.987056732177734
epoch:  11 batch:  70 region_loss:  10.0 10.0 loc_loss:  1.1596340179443358 reward_loss:  -57.98170852661133
epoch:  11 batch:  80 region_loss:  10.0 10.0 loc_loss:  1.214867477416992 reward_loss:  -60.743370056152344
epoch:  11 batch:  90 region_loss:  6.0 6.0 loc_loss:  0.7358522033691406 reward_loss:  -36.79261016845703
epoch:  11 batch:  100 region_loss:  8.0 8.0 loc_loss:  0.9098921203613282 reward_loss:  -45.49460220336914
epoch:  11 batch:  110 region_loss:  4.0 4.0 loc_loss:  0.5219870758056641 reward_loss:  -26.099346160888672
epoch:  11 batch:  120 region_loss:  5.0 5.0 loc_loss:  0.603383903503418 reward_loss:  -30.169189453125
epoch:  11 batch:  130 region_loss:  7.0 7.0 loc_loss:  0.8677058410644531 reward_loss:  -43.38530349731445
acc@1:  0.12276575729068674
epoch: 11 region loss 0.17051094890510948 loc loss 0.9857015941090828 reward loss -49.28508196085909
epoch:  12 batch:  0 region_loss:  10.0 10.0 loc_loss:  1.1412317657470703 reward_loss:  -57.06159591674805
epoch:  12 batch:  10 region_loss:  10.0 10.0 loc_loss:  1.161695556640625 reward_loss:  -58.084774017333984
epoch:  12 batch:  20 region_loss:  10.0 10.0 loc_loss:  1.0335976409912109 reward_loss:  -51.67988204956055
epoch:  12 batch:  30 region_loss:  10.0 10.0 loc_loss:  1.1268331146240234 reward_loss:  -56.34165954589844
epoch:  12 batch:  40 region_loss:  10.0 10.0 loc_loss:  1.1510452270507812 reward_loss:  -57.5522346496582
epoch:  12 batch:  50 region_loss:  10.0 10.0 loc_loss:  1.0721415710449218 reward_loss:  -53.60708236694336
epoch:  12 batch:  60 region_loss:  10.0 10.0 loc_loss:  1.13850830078125 reward_loss:  -56.925411224365234
epoch:  12 batch:  70 region_loss:  10.0 10.0 loc_loss:  1.0933265686035156 reward_loss:  -54.66632080078125
epoch:  12 batch:  80 region_loss:  10.0 10.0 loc_loss:  1.1602328491210938 reward_loss:  -58.01164245605469
epoch:  12 batch:  90 region_loss:  6.0 6.0 loc_loss:  0.7005054473876953 reward_loss:  -35.025272369384766
epoch:  12 batch:  100 region_loss:  8.0 8.0 loc_loss:  0.8573377227783203 reward_loss:  -42.86689376831055
epoch:  12 batch:  110 region_loss:  4.0 4.0 loc_loss:  0.4993603515625 reward_loss:  -24.96802520751953
epoch:  12 batch:  120 region_loss:  5.0 5.0 loc_loss:  0.5717195510864258 reward_loss:  -28.585960388183594
epoch:  12 batch:  130 region_loss:  7.0 7.0 loc_loss:  0.8267478942871094 reward_loss:  -41.33739471435547
acc@1:  0.1317027281279398
epoch: 12 region loss 0.17051094890510948 loc loss 0.9322971884177549 reward loss -46.61485777806192
epoch:  13 batch:  0 region_loss:  10.0 10.0 loc_loss:  1.075886459350586 reward_loss:  -53.79431915283203
epoch:  13 batch:  10 region_loss:  10.0 10.0 loc_loss:  1.0962418365478515 reward_loss:  -54.81209182739258
epoch:  13 batch:  20 region_loss:  10.0 10.0 loc_loss:  0.9711954498291016 reward_loss:  -48.55977249145508
epoch:  13 batch:  30 region_loss:  10.0 10.0 loc_loss:  1.0588009643554688 reward_loss:  -52.94005584716797
epoch:  13 batch:  40 region_loss:  10.0 10.0 loc_loss:  1.0989164733886718 reward_loss:  -54.945823669433594
epoch:  13 batch:  50 region_loss:  10.0 10.0 loc_loss:  1.009599151611328 reward_loss:  -50.47996520996094
epoch:  13 batch:  60 region_loss:  10.0 10.0 loc_loss:  1.0796782684326172 reward_loss:  -53.98391342163086
epoch:  13 batch:  70 region_loss:  10.0 10.0 loc_loss:  1.031172637939453 reward_loss:  -51.55862808227539
epoch:  13 batch:  80 region_loss:  10.0 10.0 loc_loss:  1.1075228118896485 reward_loss:  -55.37614059448242
epoch:  13 batch:  90 region_loss:  6.0 6.0 loc_loss:  0.6666164398193359 reward_loss:  -33.33082580566406
epoch:  13 batch:  100 region_loss:  8.0 8.0 loc_loss:  0.8085161590576172 reward_loss:  -40.42580795288086
epoch:  13 batch:  110 region_loss:  4.0 4.0 loc_loss:  0.47677021026611327 reward_loss:  -23.838510513305664
epoch:  13 batch:  120 region_loss:  5.0 5.0 loc_loss:  0.5414762496948242 reward_loss:  -27.07381248474121
epoch:  13 batch:  130 region_loss:  7.0 7.0 loc_loss:  0.7871980285644531 reward_loss:  -39.359901428222656
acc@1:  0.1349952963311383
epoch: 13 region loss 0.17051094890510948 loc loss 0.8820872063184306 reward loss -44.10435858956219
epoch:  14 batch:  0 region_loss:  10.0 10.0 loc_loss:  1.0143020629882813 reward_loss:  -50.71510314941406
epoch:  14 batch:  10 region_loss:  10.0 10.0 loc_loss:  1.0343453979492188 reward_loss:  -51.71726608276367
epoch:  14 batch:  20 region_loss:  10.0 10.0 loc_loss:  0.9141780853271484 reward_loss:  -45.70890426635742
epoch:  14 batch:  30 region_loss:  10.0 10.0 loc_loss:  0.9950521850585937 reward_loss:  -49.75260925292969
epoch:  14 batch:  40 region_loss:  10.0 10.0 loc_loss:  1.0496765899658203 reward_loss:  -52.483821868896484
epoch:  14 batch:  50 region_loss:  10.0 10.0 loc_loss:  0.9520272827148437 reward_loss:  -47.60136413574219
epoch:  14 batch:  60 region_loss:  10.0 10.0 loc_loss:  1.0238902282714843 reward_loss:  -51.19451141357422
epoch:  14 batch:  70 region_loss:  10.0 10.0 loc_loss:  0.9736073303222657 reward_loss:  -48.680362701416016
epoch:  14 batch:  80 region_loss:  10.0 10.0 loc_loss:  1.0567606353759766 reward_loss:  -52.83802795410156
epoch:  14 batch:  90 region_loss:  6.0 6.0 loc_loss:  0.6345074081420898 reward_loss:  -31.72537612915039
epoch:  14 batch:  100 region_loss:  8.0 8.0 loc_loss:  0.7638773345947265 reward_loss:  -38.19386291503906
epoch:  14 batch:  110 region_loss:  4.0 4.0 loc_loss:  0.4545098876953125 reward_loss:  -22.725494384765625
epoch:  14 batch:  120 region_loss:  5.0 5.0 loc_loss:  0.51274169921875 reward_loss:  -25.637086868286133
epoch:  14 batch:  130 region_loss:  7.0 7.0 loc_loss:  0.749397201538086 reward_loss:  -37.46985626220703
acc@1:  0.14205079962370648
epoch: 14 region loss 0.17051094890510948 loc loss 0.8354357166707951 reward loss -41.771786919475474
epoch:  15 batch:  0 region_loss:  10.0 10.0 loc_loss:  0.9571377563476563 reward_loss:  -47.85688781738281
epoch:  15 batch:  10 region_loss:  10.0 10.0 loc_loss:  0.9772120666503906 reward_loss:  -48.860595703125
epoch:  15 batch:  20 region_loss:  10.0 10.0 loc_loss:  0.8628821563720703 reward_loss:  -43.14411544799805
epoch:  15 batch:  30 region_loss:  10.0 10.0 loc_loss:  0.936865234375 reward_loss:  -46.843265533447266
epoch:  15 batch:  40 region_loss:  10.0 10.0 loc_loss:  1.0038971710205078 reward_loss:  -50.194854736328125
epoch:  15 batch:  50 region_loss:  10.0 10.0 loc_loss:  0.8995149230957031 reward_loss:  -44.97574996948242
epoch:  15 batch:  60 region_loss:  10.0 10.0 loc_loss:  0.9715740203857421 reward_loss:  -48.57870101928711
epoch:  15 batch:  70 region_loss:  10.0 10.0 loc_loss:  0.9207645416259765 reward_loss:  -46.038230895996094
epoch:  15 batch:  80 region_loss:  10.0 10.0 loc_loss:  1.0080261993408204 reward_loss:  -50.40131759643555
epoch:  15 batch:  90 region_loss:  6.0 6.0 loc_loss:  0.6042601394653321 reward_loss:  -30.2130069732666
epoch:  15 batch:  100 region_loss:  8.0 8.0 loc_loss:  0.7232505798339843 reward_loss:  -36.16252136230469
epoch:  15 batch:  110 region_loss:  4.0 4.0 loc_loss:  0.43286155700683593 reward_loss:  -21.643075942993164
epoch:  15 batch:  120 region_loss:  5.0 5.0 loc_loss:  0.48548110961914065 reward_loss:  -24.27405548095703
epoch:  15 batch:  130 region_loss:  7.0 7.0 loc_loss:  0.7136238098144532 reward_loss:  -35.681190490722656
acc@1:  0.145343367826905
epoch: 15 region loss 0.17051094890510948 loc loss 0.7924106809518634 reward loss -39.62053342109179
epoch:  16 batch:  0 region_loss:  10.0 10.0 loc_loss:  0.9046391296386719 reward_loss:  -45.231956481933594
epoch:  16 batch:  10 region_loss:  10.0 10.0 loc_loss:  0.9252626800537109 reward_loss:  -46.26313400268555
epoch:  16 batch:  20 region_loss:  10.0 10.0 loc_loss:  0.8171910095214844 reward_loss:  -40.85955047607422
epoch:  16 batch:  30 region_loss:  10.0 10.0 loc_loss:  0.8844207763671875 reward_loss:  -44.22104263305664
epoch:  16 batch:  40 region_loss:  10.0 10.0 loc_loss:  0.9617396545410156 reward_loss:  -48.08698272705078
epoch:  16 batch:  50 region_loss:  10.0 10.0 loc_loss:  0.8518886566162109 reward_loss:  -42.59442901611328
epoch:  16 batch:  60 region_loss:  10.0 10.0 loc_loss:  0.9227226257324219 reward_loss:  -46.136131286621094
epoch:  16 batch:  70 region_loss:  10.0 10.0 loc_loss:  0.8724469757080078 reward_loss:  -43.62233352661133
epoch:  16 batch:  80 region_loss:  10.0 10.0 loc_loss:  0.9614696502685547 reward_loss:  -48.073486328125
epoch:  16 batch:  90 region_loss:  6.0 6.0 loc_loss:  0.5757842254638672 reward_loss:  -28.78921127319336
epoch:  16 batch:  100 region_loss:  8.0 8.0 loc_loss:  0.6861590576171875 reward_loss:  -34.307952880859375
epoch:  16 batch:  110 region_loss:  4.0 4.0 loc_loss:  0.4120230484008789 reward_loss:  -20.601152420043945
epoch:  16 batch:  120 region_loss:  5.0 5.0 loc_loss:  0.4596443176269531 reward_loss:  -22.982215881347656
epoch:  16 batch:  130 region_loss:  7.0 7.0 loc_loss:  0.6800395202636719 reward_loss:  -34.001976013183594
acc@1:  0.14487300094073377
epoch: 16 region loss 0.17051094890510948 loc loss 0.7528431406508398 reward loss -37.64215417848016
epoch:  17 batch:  0 region_loss:  10.0 10.0 loc_loss:  0.8565361022949218 reward_loss:  -42.82680130004883
epoch:  17 batch:  10 region_loss:  10.0 10.0 loc_loss:  0.8781298065185547 reward_loss:  -43.906490325927734
epoch:  17 batch:  20 region_loss:  10.0 10.0 loc_loss:  0.7765531158447265 reward_loss:  -38.82765197753906
epoch:  17 batch:  30 region_loss:  10.0 10.0 loc_loss:  0.8371247100830078 reward_loss:  -41.85623550415039
epoch:  17 batch:  40 region_loss:  10.0 10.0 loc_loss:  0.9229518890380859 reward_loss:  -46.1475944519043
epoch:  17 batch:  50 region_loss:  10.0 10.0 loc_loss:  0.8086859130859375 reward_loss:  -40.434326171875
epoch:  17 batch:  60 region_loss:  10.0 10.0 loc_loss:  0.8769866180419922 reward_loss:  -43.84933090209961
epoch:  17 batch:  70 region_loss:  10.0 10.0 loc_loss:  0.8282792663574219 reward_loss:  -41.413970947265625
epoch:  17 batch:  80 region_loss:  10.0 10.0 loc_loss:  0.9172401428222656 reward_loss:  -45.86200714111328
epoch:  17 batch:  90 region_loss:  6.0 6.0 loc_loss:  0.5489310455322266 reward_loss:  -27.446544647216797
epoch:  17 batch:  100 region_loss:  8.0 8.0 loc_loss:  0.6520834350585938 reward_loss:  -32.60417175292969
epoch:  17 batch:  110 region_loss:  4.0 4.0 loc_loss:  0.39208503723144533 reward_loss:  -19.6042537689209
epoch:  17 batch:  120 region_loss:  5.0 5.0 loc_loss:  0.43519691467285154 reward_loss:  -21.759845733642578
epoch:  17 batch:  130 region_loss:  7.0 7.0 loc_loss:  0.6486226654052735 reward_loss:  -32.431129455566406
acc@1:  0.14205079962370648
epoch: 17 region loss 0.17051094890510948 loc loss 0.7164209801611239 reward loss -35.82104689187377
epoch:  18 batch:  0 region_loss:  10.0 10.0 loc_loss:  0.8122567749023437 reward_loss:  -40.61284637451172
epoch:  18 batch:  10 region_loss:  10.0 10.0 loc_loss:  0.8351071166992188 reward_loss:  -41.75535583496094
epoch:  18 batch:  20 region_loss:  10.0 10.0 loc_loss:  0.7401431274414062 reward_loss:  -37.00715637207031
epoch:  18 batch:  30 region_loss:  10.0 10.0 loc_loss:  0.794186782836914 reward_loss:  -39.7093391418457
epoch:  18 batch:  40 region_loss:  10.0 10.0 loc_loss:  0.8870341491699218 reward_loss:  -44.351707458496094
epoch:  18 batch:  50 region_loss:  10.0 10.0 loc_loss:  0.7692965698242188 reward_loss:  -38.46482849121094
epoch:  18 batch:  60 region_loss:  10.0 10.0 loc_loss:  0.8339508056640625 reward_loss:  -41.69754409790039
epoch:  18 batch:  70 region_loss:  10.0 10.0 loc_loss:  0.7878421020507812 reward_loss:  -39.392112731933594
epoch:  18 batch:  80 region_loss:  10.0 10.0 loc_loss:  0.8753416442871094 reward_loss:  -43.76708221435547
epoch:  18 batch:  90 region_loss:  6.0 6.0 loc_loss:  0.5235642242431641 reward_loss:  -26.17820930480957
epoch:  18 batch:  100 region_loss:  8.0 8.0 loc_loss:  0.6205609130859375 reward_loss:  -31.028047561645508
epoch:  18 batch:  110 region_loss:  4.0 4.0 loc_loss:  0.37306861877441405 reward_loss:  -18.653430938720703
epoch:  18 batch:  120 region_loss:  5.0 5.0 loc_loss:  0.4120959854125977 reward_loss:  -20.60479736328125
epoch:  18 batch:  130 region_loss:  7.0 7.0 loc_loss:  0.6191878890991211 reward_loss:  -30.959394454956055
acc@1:  0.14111006585136407
epoch: 18 region loss 0.17051094890510948 loc loss 0.6827772505265953 reward loss -34.13885860025448
epoch:  19 batch:  0 region_loss:  10.0 10.0 loc_loss:  0.7712550354003906 reward_loss:  -38.562744140625
epoch:  19 batch:  10 region_loss:  10.0 10.0 loc_loss:  0.7955128479003907 reward_loss:  -39.7756462097168
epoch:  19 batch:  20 region_loss:  10.0 10.0 loc_loss:  0.7071234130859375 reward_loss:  -35.35617446899414
epoch:  19 batch:  30 region_loss:  10.0 10.0 loc_loss:  0.7548838043212891 reward_loss:  -37.74419403076172
epoch:  19 batch:  40 region_loss:  10.0 10.0 loc_loss:  0.8534476470947265 reward_loss:  -42.67238235473633
epoch:  19 batch:  50 region_loss:  10.0 10.0 loc_loss:  0.733166732788086 reward_loss:  -36.65833282470703
epoch:  19 batch:  60 region_loss:  10.0 10.0 loc_loss:  0.7932955932617187 reward_loss:  -39.66477966308594
epoch:  19 batch:  70 region_loss:  10.0 10.0 loc_loss:  0.7506925201416016 reward_loss:  -37.534629821777344
epoch:  19 batch:  80 region_loss:  10.0 10.0 loc_loss:  0.8356391906738281 reward_loss:  -41.781959533691406
epoch:  19 batch:  90 region_loss:  6.0 6.0 loc_loss:  0.4995661544799805 reward_loss:  -24.978307723999023
epoch:  19 batch:  100 region_loss:  8.0 8.0 loc_loss:  0.5912037658691406 reward_loss:  -29.560182571411133
epoch:  19 batch:  110 region_loss:  4.0 4.0 loc_loss:  0.354961051940918 reward_loss:  -17.74805450439453
epoch:  19 batch:  120 region_loss:  5.0 5.0 loc_loss:  0.39026851654052735 reward_loss:  -19.513423919677734
epoch:  19 batch:  130 region_loss:  7.0 7.0 loc_loss:  0.5914596557617188 reward_loss:  -29.572980880737305
acc@1:  0.14111006585136407
epoch: 19 region loss 0.17051094890510948 loc loss 0.651543758280956 reward loss -32.57719392846101
epoch:  20 batch:  0 region_loss:  10.0 10.0 loc_loss:  0.7330905151367187 reward_loss:  -36.65452575683594
epoch:  20 batch:  10 region_loss:  10.0 10.0 loc_loss:  0.7588019561767578 reward_loss:  -37.94009780883789
epoch:  20 batch:  20 region_loss:  10.0 10.0 loc_loss:  0.6768018341064453 reward_loss:  -33.840091705322266
epoch:  20 batch:  30 region_loss:  10.0 10.0 loc_loss:  0.7186099243164062 reward_loss:  -35.93050003051758
epoch:  20 batch:  40 region_loss:  10.0 10.0 loc_loss:  0.8217285919189453 reward_loss:  -41.086429595947266
epoch:  20 batch:  50 region_loss:  10.0 10.0 loc_loss:  0.6998593139648438 reward_loss:  -34.99296569824219
epoch:  20 batch:  60 region_loss:  10.0 10.0 loc_loss:  0.7548019409179687 reward_loss:  -37.74009704589844
epoch:  20 batch:  70 region_loss:  10.0 10.0 loc_loss:  0.7163776397705078 reward_loss:  -35.818851470947266
epoch:  20 batch:  80 region_loss:  10.0 10.0 loc_loss:  0.7979539489746094 reward_loss:  -39.8976936340332
epoch:  20 batch:  90 region_loss:  6.0 6.0 loc_loss:  0.4768167495727539 reward_loss:  -23.84166145324707
epoch:  20 batch:  100 region_loss:  8.0 8.0 loc_loss:  0.5636855316162109 reward_loss:  -28.184274673461914
epoch:  20 batch:  110 region_loss:  4.0 4.0 loc_loss:  0.3377264404296875 reward_loss:  -16.886327743530273
epoch:  20 batch:  120 region_loss:  5.0 5.0 loc_loss:  0.36962387084960935 reward_loss:  -18.4811954498291
epoch:  20 batch:  130 region_loss:  7.0 7.0 loc_loss:  0.5651491165161133 reward_loss:  -28.25745391845703
acc@1:  0.1396989651928504
epoch: 20 region loss 0.17051094890510948 loc loss 0.6223798689180917 reward loss -31.118998805971913
epoch:  21 batch:  0 region_loss:  10.0 10.0 loc_loss:  0.6973855590820313 reward_loss:  -34.86927795410156
epoch:  21 batch:  10 region_loss:  10.0 10.0 loc_loss:  0.7245478057861328 reward_loss:  -36.22739028930664
epoch:  21 batch:  20 region_loss:  10.0 10.0 loc_loss:  0.6486599731445313 reward_loss:  -32.43299865722656
epoch:  21 batch:  30 region_loss:  10.0 10.0 loc_loss:  0.6848670959472656 reward_loss:  -34.243350982666016
epoch:  21 batch:  40 region_loss:  10.0 10.0 loc_loss:  0.7915119934082031 reward_loss:  -39.57559585571289
epoch:  21 batch:  50 region_loss:  10.0 10.0 loc_loss:  0.6689915466308594 reward_loss:  -33.449581146240234
epoch:  21 batch:  60 region_loss:  10.0 10.0 loc_loss:  0.7183202362060547 reward_loss:  -35.916011810302734
epoch:  21 batch:  70 region_loss:  10.0 10.0 loc_loss:  0.6844731140136718 reward_loss:  -34.223655700683594
epoch:  21 batch:  80 region_loss:  10.0 10.0 loc_loss:  0.7621108245849609 reward_loss:  -38.10554504394531
epoch:  21 batch:  90 region_loss:  6.0 6.0 loc_loss:  0.4551877593994141 reward_loss:  -22.759389877319336
epoch:  21 batch:  100 region_loss:  8.0 8.0 loc_loss:  0.5377336883544922 reward_loss:  -26.886680603027344
epoch:  21 batch:  110 region_loss:  4.0 4.0 loc_loss:  0.3213105392456055 reward_loss:  -16.065523147583008
epoch:  21 batch:  120 region_loss:  5.0 5.0 loc_loss:  0.350074462890625 reward_loss:  -17.50372314453125
epoch:  21 batch:  130 region_loss:  7.0 7.0 loc_loss:  0.5400132751464843 reward_loss:  -27.00066375732422
