nohup: ignoring input
cuda
epoch:  0 batch:  0 region_loss:  10.0 10.0 loc_loss:  1.986852264404297 reward_loss:  -99.34008026123047
epoch:  0 batch:  10 region_loss:  10.0 10.0 loc_loss:  1.9898490905761719 reward_loss:  -99.49282836914062
epoch:  0 batch:  20 region_loss:  10.0 10.0 loc_loss:  1.984659423828125 reward_loss:  -99.2341537475586
epoch:  0 batch:  30 region_loss:  10.0 10.0 loc_loss:  1.9746307373046874 reward_loss:  -98.7314682006836
epoch:  0 batch:  40 region_loss:  10.0 10.0 loc_loss:  1.9789039611816406 reward_loss:  -98.94403076171875
epoch:  0 batch:  50 region_loss:  10.0 10.0 loc_loss:  1.9883502197265626 reward_loss:  -99.41571044921875
epoch:  0 batch:  60 region_loss:  10.0 10.0 loc_loss:  1.9896299743652344 reward_loss:  -99.48274993896484
epoch:  0 batch:  70 region_loss:  10.0 10.0 loc_loss:  1.9809559631347655 reward_loss:  -99.04792022705078
epoch:  0 batch:  80 region_loss:  10.0 10.0 loc_loss:  1.9832672119140624 reward_loss:  -99.16593933105469
epoch:  0 batch:  90 region_loss:  6.0 6.0 loc_loss:  1.1840469360351562 reward_loss:  -59.20237731933594
epoch:  0 batch:  100 region_loss:  8.0 8.0 loc_loss:  1.5756982421875 reward_loss:  -78.78497314453125
epoch:  0 batch:  110 region_loss:  4.0 4.0 loc_loss:  0.7870246124267578 reward_loss:  -39.351593017578125
epoch:  0 batch:  120 region_loss:  5.0 5.0 loc_loss:  0.9780815124511719 reward_loss:  -48.905277252197266
epoch:  0 batch:  130 region_loss:  7.0 7.0 loc_loss:  1.3716925048828126 reward_loss:  -68.58295440673828
acc@1:  0.004703668861712135
epoch: 0 region loss 0.17051094890510948 loc loss 1.686247644354827 reward loss -84.3124587065982
epoch:  1 batch:  0 region_loss:  10.0 10.0 loc_loss:  1.9135401916503907 reward_loss:  -95.67850494384766
epoch:  1 batch:  10 region_loss:  10.0 10.0 loc_loss:  1.9409976196289063 reward_loss:  -97.05022430419922
epoch:  1 batch:  20 region_loss:  10.0 10.0 loc_loss:  1.92454833984375 reward_loss:  -96.22869110107422
epoch:  1 batch:  30 region_loss:  10.0 10.0 loc_loss:  1.9143890380859374 reward_loss:  -95.72084045410156
epoch:  1 batch:  40 region_loss:  10.0 10.0 loc_loss:  1.9079327392578125 reward_loss:  -95.39814758300781
epoch:  1 batch:  50 region_loss:  10.0 10.0 loc_loss:  1.9196116638183593 reward_loss:  -95.98021697998047
epoch:  1 batch:  60 region_loss:  10.0 10.0 loc_loss:  1.9038681030273437 reward_loss:  -95.19288635253906
epoch:  1 batch:  70 region_loss:  10.0 10.0 loc_loss:  1.8856941223144532 reward_loss:  -94.28511810302734
epoch:  1 batch:  80 region_loss:  10.0 10.0 loc_loss:  1.8656138610839843 reward_loss:  -93.27967834472656
epoch:  1 batch:  90 region_loss:  6.0 6.0 loc_loss:  1.109233169555664 reward_loss:  -55.46196746826172
epoch:  1 batch:  100 region_loss:  8.0 8.0 loc_loss:  1.4612155151367188 reward_loss:  -73.06134796142578
epoch:  1 batch:  110 region_loss:  4.0 4.0 loc_loss:  0.7364409637451171 reward_loss:  -36.82105255126953
epoch:  1 batch:  120 region_loss:  5.0 5.0 loc_loss:  0.9065912628173828 reward_loss:  -45.329010009765625
epoch:  1 batch:  130 region_loss:  7.0 7.0 loc_loss:  1.2561188507080079 reward_loss:  -62.80582046508789
acc@1:  0.024459078080903106
epoch: 1 region loss 0.17051094890510948 loc loss 1.6039542238555686 reward loss -80.19780990155074
epoch:  2 batch:  0 region_loss:  10.0 10.0 loc_loss:  1.7276144409179688 reward_loss:  -86.38031768798828
epoch:  2 batch:  10 region_loss:  10.0 10.0 loc_loss:  1.7643826293945313 reward_loss:  -88.2198257446289
epoch:  2 batch:  20 region_loss:  10.0 10.0 loc_loss:  1.7356346130371094 reward_loss:  -86.78243255615234
epoch:  2 batch:  30 region_loss:  10.0 10.0 loc_loss:  1.7610148620605468 reward_loss:  -88.05152893066406
epoch:  2 batch:  40 region_loss:  10.0 10.0 loc_loss:  1.7156454467773437 reward_loss:  -85.78182220458984
epoch:  2 batch:  50 region_loss:  10.0 10.0 loc_loss:  1.7769076538085937 reward_loss:  -88.84600067138672
epoch:  2 batch:  60 region_loss:  10.0 10.0 loc_loss:  1.7494723510742187 reward_loss:  -87.47395324707031
epoch:  2 batch:  70 region_loss:  10.0 10.0 loc_loss:  1.7512692260742186 reward_loss:  -87.56294250488281
epoch:  2 batch:  80 region_loss:  10.0 10.0 loc_loss:  1.7268339538574218 reward_loss:  -86.3414306640625
epoch:  2 batch:  90 region_loss:  6.0 6.0 loc_loss:  1.035928955078125 reward_loss:  -51.79603576660156
epoch:  2 batch:  100 region_loss:  8.0 8.0 loc_loss:  1.3729995727539062 reward_loss:  -68.65009307861328
epoch:  2 batch:  110 region_loss:  4.0 4.0 loc_loss:  0.699312744140625 reward_loss:  -34.96492385864258
epoch:  2 batch:  120 region_loss:  5.0 5.0 loc_loss:  0.865785140991211 reward_loss:  -43.28949737548828
epoch:  2 batch:  130 region_loss:  7.0 7.0 loc_loss:  1.2019607543945312 reward_loss:  -60.098426818847656
acc@1:  0.03151458137347131
epoch: 2 region loss 0.17051094890510948 loc loss 1.4752213682745494 reward loss -73.7610959519435
epoch:  3 batch:  0 region_loss:  10.0 10.0 loc_loss:  1.6731234741210939 reward_loss:  -83.65678405761719
epoch:  3 batch:  10 region_loss:  10.0 10.0 loc_loss:  1.6895674133300782 reward_loss:  -84.4802474975586
epoch:  3 batch:  20 region_loss:  10.0 10.0 loc_loss:  1.6483544921875 reward_loss:  -82.41729736328125
epoch:  3 batch:  30 region_loss:  10.0 10.0 loc_loss:  1.689661865234375 reward_loss:  -84.48370361328125
epoch:  3 batch:  40 region_loss:  10.0 10.0 loc_loss:  1.6403184509277344 reward_loss:  -82.0155029296875
epoch:  3 batch:  50 region_loss:  10.0 10.0 loc_loss:  1.709824981689453 reward_loss:  -85.49114227294922
epoch:  3 batch:  60 region_loss:  10.0 10.0 loc_loss:  1.6824880981445312 reward_loss:  -84.1241683959961
epoch:  3 batch:  70 region_loss:  10.0 10.0 loc_loss:  1.6819340515136718 reward_loss:  -84.09541320800781
epoch:  3 batch:  80 region_loss:  10.0 10.0 loc_loss:  1.6683860778808595 reward_loss:  -83.41881561279297
epoch:  3 batch:  90 region_loss:  6.0 6.0 loc_loss:  1.002082061767578 reward_loss:  -50.10372543334961
epoch:  3 batch:  100 region_loss:  8.0 8.0 loc_loss:  1.326205291748047 reward_loss:  -66.31012725830078
epoch:  3 batch:  110 region_loss:  4.0 4.0 loc_loss:  0.6789404296875 reward_loss:  -33.94891357421875
epoch:  3 batch:  120 region_loss:  5.0 5.0 loc_loss:  0.8406519317626953 reward_loss:  -42.03217697143555
epoch:  3 batch:  130 region_loss:  7.0 7.0 loc_loss:  1.1694690704345703 reward_loss:  -58.474117279052734
acc@1:  0.03715898400752587
epoch: 3 region loss 0.17051094890510948 loc loss 1.4150565661131032 reward loss -70.7527408182186
epoch:  4 batch:  0 region_loss:  10.0 10.0 loc_loss:  1.6316990661621094 reward_loss:  -81.58441162109375
epoch:  4 batch:  10 region_loss:  10.0 10.0 loc_loss:  1.6419264221191405 reward_loss:  -82.09579467773438
epoch:  4 batch:  20 region_loss:  10.0 10.0 loc_loss:  1.5875950622558594 reward_loss:  -79.3801498413086
epoch:  4 batch:  30 region_loss:  10.0 10.0 loc_loss:  1.6359494018554688 reward_loss:  -81.79844665527344
epoch:  4 batch:  40 region_loss:  10.0 10.0 loc_loss:  1.5858857727050781 reward_loss:  -79.29414367675781
epoch:  4 batch:  50 region_loss:  10.0 10.0 loc_loss:  1.6524176025390624 reward_loss:  -82.62144470214844
epoch:  4 batch:  60 region_loss:  10.0 10.0 loc_loss:  1.6314085388183595 reward_loss:  -81.57054138183594
epoch:  4 batch:  70 region_loss:  10.0 10.0 loc_loss:  1.6242709350585938 reward_loss:  -81.21372985839844
epoch:  4 batch:  80 region_loss:  10.0 10.0 loc_loss:  1.6177876281738282 reward_loss:  -80.88968658447266
epoch:  4 batch:  90 region_loss:  6.0 6.0 loc_loss:  0.9728215026855469 reward_loss:  -48.640846252441406
epoch:  4 batch:  100 region_loss:  8.0 8.0 loc_loss:  1.2831320190429687 reward_loss:  -64.15632629394531
epoch:  4 batch:  110 region_loss:  4.0 4.0 loc_loss:  0.6608613586425781 reward_loss:  -33.04323196411133
epoch:  4 batch:  120 region_loss:  5.0 5.0 loc_loss:  0.8158101654052734 reward_loss:  -40.78949737548828
epoch:  4 batch:  130 region_loss:  7.0 7.0 loc_loss:  1.1374948883056641 reward_loss:  -56.87479019165039
acc@1:  0.04797742238946378
epoch: 4 region loss 0.17051094890510948 loc loss 1.3667840615154183 reward loss -68.33925971149529
epoch:  5 batch:  0 region_loss:  10.0 10.0 loc_loss:  1.585369873046875 reward_loss:  -79.2682876586914
epoch:  5 batch:  10 region_loss:  10.0 10.0 loc_loss:  1.5949737548828125 reward_loss:  -79.74887084960938
epoch:  5 batch:  20 region_loss:  10.0 10.0 loc_loss:  1.5258338928222657 reward_loss:  -76.29149627685547
epoch:  5 batch:  30 region_loss:  10.0 10.0 loc_loss:  1.5812921142578125 reward_loss:  -79.06450653076172
epoch:  5 batch:  40 region_loss:  10.0 10.0 loc_loss:  1.5333770751953124 reward_loss:  -76.6685562133789
epoch:  5 batch:  50 region_loss:  10.0 10.0 loc_loss:  1.594479522705078 reward_loss:  -79.72364807128906
epoch:  5 batch:  60 region_loss:  10.0 10.0 loc_loss:  1.5795072937011718 reward_loss:  -78.97502136230469
epoch:  5 batch:  70 region_loss:  10.0 10.0 loc_loss:  1.5659486389160155 reward_loss:  -78.29801177978516
epoch:  5 batch:  80 region_loss:  10.0 10.0 loc_loss:  1.5657943725585937 reward_loss:  -78.2896499633789
epoch:  5 batch:  90 region_loss:  6.0 6.0 loc_loss:  0.9434000396728516 reward_loss:  -47.170204162597656
epoch:  5 batch:  100 region_loss:  8.0 8.0 loc_loss:  1.2377540588378906 reward_loss:  -61.887699127197266
epoch:  5 batch:  110 region_loss:  4.0 4.0 loc_loss:  0.6426368713378906 reward_loss:  -32.13147735595703
epoch:  5 batch:  120 region_loss:  5.0 5.0 loc_loss:  0.7893938446044921 reward_loss:  -39.469783782958984
epoch:  5 batch:  130 region_loss:  7.0 7.0 loc_loss:  1.1035480499267578 reward_loss:  -55.17745590209961
acc@1:  0.059266227657572904
epoch: 5 region loss 0.17051094890510948 loc loss 1.318013995650911 reward loss -65.90079455132032
epoch:  6 batch:  0 region_loss:  10.0 10.0 loc_loss:  1.5329862976074218 reward_loss:  -76.6493148803711
epoch:  6 batch:  10 region_loss:  10.0 10.0 loc_loss:  1.5435226440429688 reward_loss:  -77.1767349243164
epoch:  6 batch:  20 region_loss:  10.0 10.0 loc_loss:  1.4588153076171875 reward_loss:  -72.94070434570312
epoch:  6 batch:  30 region_loss:  10.0 10.0 loc_loss:  1.5224749755859375 reward_loss:  -76.12397003173828
epoch:  6 batch:  40 region_loss:  10.0 10.0 loc_loss:  1.4795292663574218 reward_loss:  -73.97682189941406
epoch:  6 batch:  50 region_loss:  10.0 10.0 loc_loss:  1.5319772338867188 reward_loss:  -76.59832000732422
epoch:  6 batch:  60 region_loss:  10.0 10.0 loc_loss:  1.5236434936523438 reward_loss:  -76.1817398071289
epoch:  6 batch:  70 region_loss:  10.0 10.0 loc_loss:  1.5034577941894531 reward_loss:  -75.17288208007812
epoch:  6 batch:  80 region_loss:  10.0 10.0 loc_loss:  1.5101632690429687 reward_loss:  -75.50811004638672
epoch:  6 batch:  90 region_loss:  6.0 6.0 loc_loss:  0.9123619079589844 reward_loss:  -45.618125915527344
epoch:  6 batch:  100 region_loss:  8.0 8.0 loc_loss:  1.1881560516357421 reward_loss:  -59.4078369140625
epoch:  6 batch:  110 region_loss:  4.0 4.0 loc_loss:  0.6235269546508789 reward_loss:  -31.176313400268555
epoch:  6 batch:  120 region_loss:  5.0 5.0 loc_loss:  0.7609752655029297 reward_loss:  -38.04862976074219
epoch:  6 batch:  130 region_loss:  7.0 7.0 loc_loss:  1.066540985107422 reward_loss:  -53.327030181884766
acc@1:  0.06914393226716839
epoch: 6 region loss 0.17051094890510948 loc loss 1.2660832874270251 reward loss -63.30415374867238
epoch:  7 batch:  0 region_loss:  10.0 10.0 loc_loss:  1.4739910888671874 reward_loss:  -73.69954681396484
epoch:  7 batch:  10 region_loss:  10.0 10.0 loc_loss:  1.4861058044433593 reward_loss:  -74.3052978515625
epoch:  7 batch:  20 region_loss:  10.0 10.0 loc_loss:  1.3859597778320312 reward_loss:  -69.29780578613281
epoch:  7 batch:  30 region_loss:  10.0 10.0 loc_loss:  1.4582597351074218 reward_loss:  -72.91291809082031
epoch:  7 batch:  40 region_loss:  10.0 10.0 loc_loss:  1.424939422607422 reward_loss:  -71.24710083007812
epoch:  7 batch:  50 region_loss:  10.0 10.0 loc_loss:  1.4642031860351563 reward_loss:  -73.21033477783203
epoch:  7 batch:  60 region_loss:  10.0 10.0 loc_loss:  1.4632887268066406 reward_loss:  -73.16434478759766
epoch:  7 batch:  70 region_loss:  10.0 10.0 loc_loss:  1.43645263671875 reward_loss:  -71.82318115234375
epoch:  7 batch:  80 region_loss:  10.0 10.0 loc_loss:  1.4507485961914062 reward_loss:  -72.53748321533203
epoch:  7 batch:  90 region_loss:  6.0 6.0 loc_loss:  0.8794309997558594 reward_loss:  -43.97175979614258
epoch:  7 batch:  100 region_loss:  8.0 8.0 loc_loss:  1.1345293426513672 reward_loss:  -56.726383209228516
epoch:  7 batch:  110 region_loss:  4.0 4.0 loc_loss:  0.6033341598510742 reward_loss:  -30.16668701171875
epoch:  7 batch:  120 region_loss:  5.0 5.0 loc_loss:  0.7306813049316406 reward_loss:  -36.53415298461914
epoch:  7 batch:  130 region_loss:  7.0 7.0 loc_loss:  1.0269248962402344 reward_loss:  -51.34625244140625
acc@1:  0.08278457196613359
epoch: 7 region loss 0.17051094890510948 loc loss 1.2107450641158723 reward loss -60.53724180346858
epoch:  8 batch:  0 region_loss:  10.0 10.0 loc_loss:  1.4092372131347657 reward_loss:  -70.4620361328125
epoch:  8 batch:  10 region_loss:  10.0 10.0 loc_loss:  1.423060302734375 reward_loss:  -71.15290069580078
epoch:  8 batch:  20 region_loss:  10.0 10.0 loc_loss:  1.3090643310546874 reward_loss:  -65.45311737060547
epoch:  8 batch:  30 region_loss:  10.0 10.0 loc_loss:  1.388628692626953 reward_loss:  -69.43157958984375
epoch:  8 batch:  40 region_loss:  10.0 10.0 loc_loss:  1.3706642150878907 reward_loss:  -68.53319549560547
epoch:  8 batch:  50 region_loss:  10.0 10.0 loc_loss:  1.3919056701660155 reward_loss:  -69.59552001953125
epoch:  8 batch:  60 region_loss:  10.0 10.0 loc_loss:  1.3994366455078124 reward_loss:  -69.97180938720703
epoch:  8 batch:  70 region_loss:  10.0 10.0 loc_loss:  1.3656025695800782 reward_loss:  -68.27991485595703
epoch:  8 batch:  80 region_loss:  10.0 10.0 loc_loss:  1.3884677124023437 reward_loss:  -69.4233627319336
epoch:  8 batch:  90 region_loss:  6.0 6.0 loc_loss:  0.8450768280029297 reward_loss:  -42.25388717651367
epoch:  8 batch:  100 region_loss:  8.0 8.0 loc_loss:  1.0778024291992188 reward_loss:  -53.890052795410156
epoch:  8 batch:  110 region_loss:  4.0 4.0 loc_loss:  0.5820456695556641 reward_loss:  -29.10230255126953
epoch:  8 batch:  120 region_loss:  5.0 5.0 loc_loss:  0.6988821411132813 reward_loss:  -34.944175720214844
epoch:  8 batch:  130 region_loss:  7.0 7.0 loc_loss:  0.9854973602294922 reward_loss:  -49.27485656738281
acc@1:  0.09642521166509878
epoch: 8 region loss 0.17051094890510948 loc loss 1.1529822440042983 reward loss -57.64911168509156
epoch:  9 batch:  0 region_loss:  10.0 10.0 loc_loss:  1.3402276611328126 reward_loss:  -67.01139831542969
epoch:  9 batch:  10 region_loss:  10.0 10.0 loc_loss:  1.3553776550292969 reward_loss:  -67.7689208984375
epoch:  9 batch:  20 region_loss:  10.0 10.0 loc_loss:  1.231144790649414 reward_loss:  -61.55698776245117
epoch:  9 batch:  30 region_loss:  10.0 10.0 loc_loss:  1.3156130981445313 reward_loss:  -65.78073120117188
epoch:  9 batch:  40 region_loss:  10.0 10.0 loc_loss:  1.3175868225097656 reward_loss:  -65.879150390625
epoch:  9 batch:  50 region_loss:  10.0 10.0 loc_loss:  1.315919189453125 reward_loss:  -65.79608154296875
epoch:  9 batch:  60 region_loss:  10.0 10.0 loc_loss:  1.3344131469726563 reward_loss:  -66.72061920166016
epoch:  9 batch:  70 region_loss:  10.0 10.0 loc_loss:  1.292293701171875 reward_loss:  -64.61469268798828
epoch:  9 batch:  80 region_loss:  10.0 10.0 loc_loss:  1.3253553771972657 reward_loss:  -66.26773071289062
epoch:  9 batch:  90 region_loss:  6.0 6.0 loc_loss:  0.8096340942382813 reward_loss:  -40.481693267822266
epoch:  9 batch:  100 region_loss:  8.0 8.0 loc_loss:  1.0196111297607422 reward_loss:  -50.980552673339844
epoch:  9 batch:  110 region_loss:  4.0 4.0 loc_loss:  0.5600214385986328 reward_loss:  -28.00107192993164
epoch:  9 batch:  120 region_loss:  5.0 5.0 loc_loss:  0.66640625 reward_loss:  -33.32028579711914
epoch:  9 batch:  130 region_loss:  7.0 7.0 loc_loss:  0.9430306243896485 reward_loss:  -47.151527404785156
acc@1:  0.10489181561618062
epoch: 9 region loss 0.17051094890510948 loc loss 1.0943090132553213 reward loss -54.715469081906505
epoch:  10 batch:  0 region_loss:  10.0 10.0 loc_loss:  1.2688564300537108 reward_loss:  -63.44281768798828
epoch:  10 batch:  10 region_loss:  10.0 10.0 loc_loss:  1.2852037048339844 reward_loss:  -64.26033020019531
epoch:  10 batch:  20 region_loss:  10.0 10.0 loc_loss:  1.1548084259033202 reward_loss:  -57.74032211303711
epoch:  10 batch:  30 region_loss:  10.0 10.0 loc_loss:  1.2415330505371094 reward_loss:  -62.076637268066406
epoch:  10 batch:  40 region_loss:  10.0 10.0 loc_loss:  1.2643603515625 reward_loss:  -63.21800231933594
epoch:  10 batch:  50 region_loss:  10.0 10.0 loc_loss:  1.2383984375 reward_loss:  -61.920021057128906
epoch:  10 batch:  60 region_loss:  10.0 10.0 loc_loss:  1.2698768615722655 reward_loss:  -63.49382781982422
epoch:  10 batch:  70 region_loss:  10.0 10.0 loc_loss:  1.2185393524169923 reward_loss:  -60.92694854736328
epoch:  10 batch:  80 region_loss:  10.0 10.0 loc_loss:  1.263907470703125 reward_loss:  -63.19538116455078
epoch:  10 batch:  90 region_loss:  6.0 6.0 loc_loss:  0.7736528015136719 reward_loss:  -38.68265914916992
epoch:  10 batch:  100 region_loss:  8.0 8.0 loc_loss:  0.9620225524902344 reward_loss:  -48.101078033447266
epoch:  10 batch:  110 region_loss:  4.0 4.0 loc_loss:  0.5372969055175781 reward_loss:  -26.864877700805664
epoch:  10 batch:  120 region_loss:  5.0 5.0 loc_loss:  0.6337920379638672 reward_loss:  -31.689590454101562
epoch:  10 batch:  130 region_loss:  7.0 7.0 loc_loss:  0.9002419281005859 reward_loss:  -45.01210021972656
acc@1:  0.11429915333960489
epoch: 10 region loss 0.17051094890510948 loc loss 1.0362046020396434 reward loss -51.810207353021106
epoch:  11 batch:  0 region_loss:  10.0 10.0 loc_loss:  1.196691360473633 reward_loss:  -59.83456039428711
epoch:  11 batch:  10 region_loss:  10.0 10.0 loc_loss:  1.2148626708984376 reward_loss:  -60.743160247802734
epoch:  11 batch:  20 region_loss:  10.0 10.0 loc_loss:  1.0817086791992188 reward_loss:  -54.08542251586914
epoch:  11 batch:  30 region_loss:  10.0 10.0 loc_loss:  1.1681552886962892 reward_loss:  -58.40779113769531
epoch:  11 batch:  40 region_loss:  10.0 10.0 loc_loss:  1.2112420654296876 reward_loss:  -60.562110900878906
epoch:  11 batch:  50 region_loss:  10.0 10.0 loc_loss:  1.1608132171630858 reward_loss:  -58.04066467285156
epoch:  11 batch:  60 region_loss:  10.0 10.0 loc_loss:  1.2069384002685546 reward_loss:  -60.34690856933594
epoch:  11 batch:  70 region_loss:  10.0 10.0 loc_loss:  1.1471194458007812 reward_loss:  -57.355960845947266
epoch:  11 batch:  80 region_loss:  10.0 10.0 loc_loss:  1.2053897857666016 reward_loss:  -60.26951599121094
epoch:  11 batch:  90 region_loss:  6.0 6.0 loc_loss:  0.7379780578613281 reward_loss:  -36.89889907836914
epoch:  11 batch:  100 region_loss:  8.0 8.0 loc_loss:  0.9064019775390625 reward_loss:  -45.32008361816406
epoch:  11 batch:  110 region_loss:  4.0 4.0 loc_loss:  0.5143421554565429 reward_loss:  -25.71710968017578
epoch:  11 batch:  120 region_loss:  5.0 5.0 loc_loss:  0.6016168594360352 reward_loss:  -30.081214904785156
epoch:  11 batch:  130 region_loss:  7.0 7.0 loc_loss:  0.8581676483154297 reward_loss:  -42.90837860107422
acc@1:  0.12323612417685795
epoch: 11 region loss 0.17051094890510948 loc loss 0.9799368027178911 reward loss -48.99684482769374
epoch:  12 batch:  0 region_loss:  10.0 10.0 loc_loss:  1.1260309600830078 reward_loss:  -56.30159378051758
epoch:  12 batch:  10 region_loss:  10.0 10.0 loc_loss:  1.1468737030029297 reward_loss:  -57.34370040893555
epoch:  12 batch:  20 region_loss:  10.0 10.0 loc_loss:  1.0132040405273437 reward_loss:  -50.660194396972656
epoch:  12 batch:  30 region_loss:  10.0 10.0 loc_loss:  1.097529296875 reward_loss:  -54.876434326171875
epoch:  12 batch:  40 region_loss:  10.0 10.0 loc_loss:  1.1585537719726562 reward_loss:  -57.927703857421875
epoch:  12 batch:  50 region_loss:  10.0 10.0 loc_loss:  1.086170425415039 reward_loss:  -54.308528900146484
epoch:  12 batch:  60 region_loss:  10.0 10.0 loc_loss:  1.1458528137207031 reward_loss:  -57.29264450073242
epoch:  12 batch:  70 region_loss:  10.0 10.0 loc_loss:  1.079899444580078 reward_loss:  -53.99497985839844
epoch:  12 batch:  80 region_loss:  10.0 10.0 loc_loss:  1.1500082397460938 reward_loss:  -57.50040817260742
epoch:  12 batch:  90 region_loss:  6.0 6.0 loc_loss:  0.7032872772216797 reward_loss:  -35.164363861083984
epoch:  12 batch:  100 region_loss:  8.0 8.0 loc_loss:  0.853997802734375 reward_loss:  -42.69989776611328
epoch:  12 batch:  110 region_loss:  4.0 4.0 loc_loss:  0.4912590026855469 reward_loss:  -24.562877655029297
epoch:  12 batch:  120 region_loss:  5.0 5.0 loc_loss:  0.5704119491577149 reward_loss:  -28.520618438720703
epoch:  12 batch:  130 region_loss:  7.0 7.0 loc_loss:  0.8172409820556641 reward_loss:  -40.8620491027832
acc@1:  0.12746942615239887
epoch: 12 region loss 0.17051094890510948 loc loss 0.926480642722471 reward loss -46.32402511930814
epoch:  13 batch:  0 region_loss:  10.0 10.0 loc_loss:  1.0586768341064454 reward_loss:  -52.933834075927734
epoch:  13 batch:  10 region_loss:  10.0 10.0 loc_loss:  1.0830577087402344 reward_loss:  -54.153038024902344
epoch:  13 batch:  20 region_loss:  10.0 10.0 loc_loss:  0.9505101013183593 reward_loss:  -47.525535583496094
epoch:  13 batch:  30 region_loss:  10.0 10.0 loc_loss:  1.0314729309082031 reward_loss:  -51.57366180419922
epoch:  13 batch:  40 region_loss:  10.0 10.0 loc_loss:  1.1073162078857421 reward_loss:  -55.365814208984375
epoch:  13 batch:  50 region_loss:  10.0 10.0 loc_loss:  1.0165414428710937 reward_loss:  -50.82709503173828
epoch:  13 batch:  60 region_loss:  10.0 10.0 loc_loss:  1.087037124633789 reward_loss:  -54.35185241699219
epoch:  13 batch:  70 region_loss:  10.0 10.0 loc_loss:  1.018404998779297 reward_loss:  -50.92024612426758
epoch:  13 batch:  80 region_loss:  10.0 10.0 loc_loss:  1.0976895141601561 reward_loss:  -54.88446807861328
epoch:  13 batch:  90 region_loss:  6.0 6.0 loc_loss:  0.6699347686767578 reward_loss:  -33.49673843383789
epoch:  13 batch:  100 region_loss:  8.0 8.0 loc_loss:  0.805584716796875 reward_loss:  -40.27922821044922
epoch:  13 batch:  110 region_loss:  4.0 4.0 loc_loss:  0.4685120391845703 reward_loss:  -23.425622940063477
epoch:  13 batch:  120 region_loss:  5.0 5.0 loc_loss:  0.540498275756836 reward_loss:  -27.02491569519043
epoch:  13 batch:  130 region_loss:  7.0 7.0 loc_loss:  0.7781990051269532 reward_loss:  -38.909942626953125
acc@1:  0.13358419567262464
epoch: 13 region loss 0.17051094890510948 loc loss 0.876465924673707 reward loss -43.8233184257563
epoch:  14 batch:  0 region_loss:  10.0 10.0 loc_loss:  0.9962149047851563 reward_loss:  -49.81074523925781
epoch:  14 batch:  10 region_loss:  10.0 10.0 loc_loss:  1.0239492797851562 reward_loss:  -51.19745635986328
epoch:  14 batch:  20 region_loss:  10.0 10.0 loc_loss:  0.8938950347900391 reward_loss:  -44.69480514526367
epoch:  14 batch:  30 region_loss:  10.0 10.0 loc_loss:  0.9705400085449218 reward_loss:  -48.5269889831543
epoch:  14 batch:  40 region_loss:  10.0 10.0 loc_loss:  1.0585662078857423 reward_loss:  -52.92845916748047
epoch:  14 batch:  50 region_loss:  10.0 10.0 loc_loss:  0.9534852600097656 reward_loss:  -47.67429733276367
epoch:  14 batch:  60 region_loss:  10.0 10.0 loc_loss:  1.031111602783203 reward_loss:  -51.555572509765625
epoch:  14 batch:  70 region_loss:  10.0 10.0 loc_loss:  0.9624797821044921 reward_loss:  -48.12397766113281
epoch:  14 batch:  80 region_loss:  10.0 10.0 loc_loss:  1.048379135131836 reward_loss:  -52.4189567565918
epoch:  14 batch:  90 region_loss:  6.0 6.0 loc_loss:  0.6382397842407227 reward_loss:  -31.9119873046875
epoch:  14 batch:  100 region_loss:  8.0 8.0 loc_loss:  0.761625747680664 reward_loss:  -38.08129119873047
epoch:  14 batch:  110 region_loss:  4.0 4.0 loc_loss:  0.44632110595703123 reward_loss:  -22.316055297851562
epoch:  14 batch:  120 region_loss:  5.0 5.0 loc_loss:  0.5118962097167968 reward_loss:  -25.594810485839844
epoch:  14 batch:  130 region_loss:  7.0 7.0 loc_loss:  0.7413638305664062 reward_loss:  -37.06819152832031
acc@1:  0.1354656632173095
epoch: 14 region loss 0.17051094890510948 loc loss 0.8301906752760392 reward loss -41.509530311083275
epoch:  15 batch:  0 region_loss:  10.0 10.0 loc_loss:  0.9394486236572266 reward_loss:  -46.972434997558594
epoch:  15 batch:  10 region_loss:  10.0 10.0 loc_loss:  0.9700800323486328 reward_loss:  -48.50401306152344
epoch:  15 batch:  20 region_loss:  10.0 10.0 loc_loss:  0.8431864166259766 reward_loss:  -42.15932083129883
epoch:  15 batch:  30 region_loss:  10.0 10.0 loc_loss:  0.9153596496582032 reward_loss:  -45.767974853515625
epoch:  15 batch:  40 region_loss:  10.0 10.0 loc_loss:  1.0129827880859374 reward_loss:  -50.649139404296875
epoch:  15 batch:  50 region_loss:  10.0 10.0 loc_loss:  0.8973508453369141 reward_loss:  -44.867549896240234
epoch:  15 batch:  60 region_loss:  10.0 10.0 loc_loss:  0.9784982299804688 reward_loss:  -48.9249153137207
epoch:  15 batch:  70 region_loss:  10.0 10.0 loc_loss:  0.9116641235351562 reward_loss:  -45.58321762084961
epoch:  15 batch:  80 region_loss:  10.0 10.0 loc_loss:  1.0017113494873047 reward_loss:  -50.08558654785156
epoch:  15 batch:  90 region_loss:  6.0 6.0 loc_loss:  0.608274040222168 reward_loss:  -30.413694381713867
epoch:  15 batch:  100 region_loss:  8.0 8.0 loc_loss:  0.7216577911376953 reward_loss:  -36.08289337158203
epoch:  15 batch:  110 region_loss:  4.0 4.0 loc_loss:  0.4249041748046875 reward_loss:  -21.244735717773438
epoch:  15 batch:  120 region_loss:  5.0 5.0 loc_loss:  0.48459907531738283 reward_loss:  -24.229969024658203
epoch:  15 batch:  130 region_loss:  7.0 7.0 loc_loss:  0.706688232421875 reward_loss:  -35.33441162109375
acc@1:  0.13452492944496708
epoch: 15 region loss 0.17051094890510948 loc loss 0.7876396580160099 reward loss -39.38197614850789
epoch:  16 batch:  0 region_loss:  10.0 10.0 loc_loss:  0.8879135894775391 reward_loss:  -44.395668029785156
epoch:  16 batch:  10 region_loss:  10.0 10.0 loc_loss:  0.920765151977539 reward_loss:  -46.03825378417969
epoch:  16 batch:  20 region_loss:  10.0 10.0 loc_loss:  0.798088607788086 reward_loss:  -39.904571533203125
epoch:  16 batch:  30 region_loss:  10.0 10.0 loc_loss:  0.8650100708007813 reward_loss:  -43.25048828125
epoch:  16 batch:  40 region_loss:  10.0 10.0 loc_loss:  0.9709596252441406 reward_loss:  -48.54800033569336
epoch:  16 batch:  50 region_loss:  10.0 10.0 loc_loss:  0.84766357421875 reward_loss:  -42.383174896240234
epoch:  16 batch:  60 region_loss:  10.0 10.0 loc_loss:  0.9293569183349609 reward_loss:  -46.467830657958984
epoch:  16 batch:  70 region_loss:  10.0 10.0 loc_loss:  0.8653783416748047 reward_loss:  -43.26891326904297
epoch:  16 batch:  80 region_loss:  10.0 10.0 loc_loss:  0.9575186920166016 reward_loss:  -47.87594223022461
epoch:  16 batch:  90 region_loss:  6.0 6.0 loc_loss:  0.5800314712524414 reward_loss:  -29.001569747924805
epoch:  16 batch:  100 region_loss:  8.0 8.0 loc_loss:  0.6852761840820313 reward_loss:  -34.2638053894043
epoch:  16 batch:  110 region_loss:  4.0 4.0 loc_loss:  0.40440093994140625 reward_loss:  -20.220043182373047
epoch:  16 batch:  120 region_loss:  5.0 5.0 loc_loss:  0.45871646881103517 reward_loss:  -22.935819625854492
epoch:  16 batch:  130 region_loss:  7.0 7.0 loc_loss:  0.6742774200439453 reward_loss:  -33.7138671875
acc@1:  0.13828786453433678
epoch: 16 region loss 0.17051094890510948 loc loss 0.7485972252727424 reward loss -37.429863003918726
epoch:  17 batch:  0 region_loss:  10.0 10.0 loc_loss:  0.8411067962646485 reward_loss:  -42.05533981323242
epoch:  17 batch:  10 region_loss:  10.0 10.0 loc_loss:  0.8755419158935547 reward_loss:  -43.777099609375
epoch:  17 batch:  20 region_loss:  10.0 10.0 loc_loss:  0.7580956268310547 reward_loss:  -37.904781341552734
epoch:  17 batch:  30 region_loss:  10.0 10.0 loc_loss:  0.8194281005859375 reward_loss:  -40.971405029296875
epoch:  17 batch:  40 region_loss:  10.0 10.0 loc_loss:  0.9320782470703125 reward_loss:  -46.603912353515625
epoch:  17 batch:  50 region_loss:  10.0 10.0 loc_loss:  0.8034832763671875 reward_loss:  -40.174156188964844
epoch:  17 batch:  60 region_loss:  10.0 10.0 loc_loss:  0.8830646514892578 reward_loss:  -44.153228759765625
epoch:  17 batch:  70 region_loss:  10.0 10.0 loc_loss:  0.8231889343261719 reward_loss:  -41.159446716308594
epoch:  17 batch:  80 region_loss:  10.0 10.0 loc_loss:  0.9156887817382813 reward_loss:  -45.78443908691406
epoch:  17 batch:  90 region_loss:  6.0 6.0 loc_loss:  0.5534716796875 reward_loss:  -27.67357635498047
epoch:  17 batch:  100 region_loss:  8.0 8.0 loc_loss:  0.6521416473388671 reward_loss:  -32.60774612426758
epoch:  17 batch:  110 region_loss:  4.0 4.0 loc_loss:  0.3847552490234375 reward_loss:  -19.23775863647461
epoch:  17 batch:  120 region_loss:  5.0 5.0 loc_loss:  0.4342761993408203 reward_loss:  -21.713809967041016
epoch:  17 batch:  130 region_loss:  7.0 7.0 loc_loss:  0.6438141632080078 reward_loss:  -32.190704345703125
acc@1:  0.13922859830667922
epoch: 17 region loss 0.17051094890510948 loc loss 0.7127190408915499 reward loss -35.6359557896635
epoch:  18 batch:  0 region_loss:  10.0 10.0 loc_loss:  0.7982279968261718 reward_loss:  -39.911399841308594
epoch:  18 batch:  10 region_loss:  10.0 10.0 loc_loss:  0.8336630249023438 reward_loss:  -41.683128356933594
epoch:  18 batch:  20 region_loss:  10.0 10.0 loc_loss:  0.7223986053466797 reward_loss:  -36.11992645263672
epoch:  18 batch:  30 region_loss:  10.0 10.0 loc_loss:  0.7780171966552735 reward_loss:  -38.90085983276367
epoch:  18 batch:  40 region_loss:  10.0 10.0 loc_loss:  0.8961701965332032 reward_loss:  -44.80850601196289
epoch:  18 batch:  50 region_loss:  10.0 10.0 loc_loss:  0.7638693237304688 reward_loss:  -38.19346237182617
epoch:  18 batch:  60 region_loss:  10.0 10.0 loc_loss:  0.8396109771728516 reward_loss:  -41.98054504394531
epoch:  18 batch:  70 region_loss:  10.0 10.0 loc_loss:  0.784300537109375 reward_loss:  -39.215023040771484
epoch:  18 batch:  80 region_loss:  10.0 10.0 loc_loss:  0.8761624908447265 reward_loss:  -43.80816650390625
epoch:  18 batch:  90 region_loss:  6.0 6.0 loc_loss:  0.5283154678344727 reward_loss:  -26.415771484375
epoch:  18 batch:  100 region_loss:  8.0 8.0 loc_loss:  0.6217219161987305 reward_loss:  -31.08609390258789
epoch:  18 batch:  110 region_loss:  4.0 4.0 loc_loss:  0.36611743927001955 reward_loss:  -18.305871963500977
epoch:  18 batch:  120 region_loss:  5.0 5.0 loc_loss:  0.41102794647216795 reward_loss:  -20.551387786865234
epoch:  18 batch:  130 region_loss:  7.0 7.0 loc_loss:  0.6150691604614258 reward_loss:  -30.753459930419922
acc@1:  0.13922859830667922
epoch: 18 region loss 0.17051094890510948 loc loss 0.6796222342887934 reward loss -33.98111101832703
epoch:  19 batch:  0 region_loss:  10.0 10.0 loc_loss:  0.7588431549072265 reward_loss:  -37.94215393066406
epoch:  19 batch:  10 region_loss:  10.0 10.0 loc_loss:  0.7949712371826172 reward_loss:  -39.74856185913086
epoch:  19 batch:  20 region_loss:  10.0 10.0 loc_loss:  0.6903919982910156 reward_loss:  -34.51959991455078
epoch:  19 batch:  30 region_loss:  10.0 10.0 loc_loss:  0.7398879241943359 reward_loss:  -36.9943962097168
epoch:  19 batch:  40 region_loss:  10.0 10.0 loc_loss:  0.8627659606933594 reward_loss:  -43.1382942199707
epoch:  19 batch:  50 region_loss:  10.0 10.0 loc_loss:  0.7280012512207031 reward_loss:  -36.40005874633789
epoch:  19 batch:  60 region_loss:  10.0 10.0 loc_loss:  0.7983482360839844 reward_loss:  -39.91740798950195
epoch:  19 batch:  70 region_loss:  10.0 10.0 loc_loss:  0.7483515167236328 reward_loss:  -37.417572021484375
epoch:  19 batch:  80 region_loss:  10.0 10.0 loc_loss:  0.8385154724121093 reward_loss:  -41.92577362060547
epoch:  19 batch:  90 region_loss:  6.0 6.0 loc_loss:  0.5045526885986328 reward_loss:  -25.22763442993164
epoch:  19 batch:  100 region_loss:  8.0 8.0 loc_loss:  0.593550910949707 reward_loss:  -29.677547454833984
epoch:  19 batch:  110 region_loss:  4.0 4.0 loc_loss:  0.34827484130859376 reward_loss:  -17.413745880126953
epoch:  19 batch:  120 region_loss:  5.0 5.0 loc_loss:  0.38906768798828123 reward_loss:  -19.453384399414062
epoch:  19 batch:  130 region_loss:  7.0 7.0 loc_loss:  0.587923812866211 reward_loss:  -29.39618682861328
acc@1:  0.13922859830667922
epoch: 19 region loss 0.17051094890510948 loc loss 0.6489012747437414 reward loss -32.44505987376192
epoch:  20 batch:  0 region_loss:  10.0 10.0 loc_loss:  0.7221205902099609 reward_loss:  -36.10602569580078
epoch:  20 batch:  10 region_loss:  10.0 10.0 loc_loss:  0.7586949157714844 reward_loss:  -37.93474578857422
epoch:  20 batch:  20 region_loss:  10.0 10.0 loc_loss:  0.6609852600097657 reward_loss:  -33.04927444458008
epoch:  20 batch:  30 region_loss:  10.0 10.0 loc_loss:  0.7048017120361328 reward_loss:  -35.240089416503906
epoch:  20 batch:  40 region_loss:  10.0 10.0 loc_loss:  0.831312026977539 reward_loss:  -41.56559753417969
epoch:  20 batch:  50 region_loss:  10.0 10.0 loc_loss:  0.6950824737548829 reward_loss:  -34.754119873046875
epoch:  20 batch:  60 region_loss:  10.0 10.0 loc_loss:  0.7595997619628906 reward_loss:  -37.979984283447266
epoch:  20 batch:  70 region_loss:  10.0 10.0 loc_loss:  0.7148170471191406 reward_loss:  -35.740848541259766
epoch:  20 batch:  80 region_loss:  10.0 10.0 loc_loss:  0.8026752471923828 reward_loss:  -40.13376235961914
epoch:  20 batch:  90 region_loss:  6.0 6.0 loc_loss:  0.4819237899780273 reward_loss:  -24.096189498901367
epoch:  20 batch:  100 region_loss:  8.0 8.0 loc_loss:  0.5671685791015625 reward_loss:  -28.358428955078125
epoch:  20 batch:  110 region_loss:  4.0 4.0 loc_loss:  0.3312652587890625 reward_loss:  -16.563274383544922
epoch:  20 batch:  120 region_loss:  5.0 5.0 loc_loss:  0.36826663970947265 reward_loss:  -18.413330078125
epoch:  20 batch:  130 region_loss:  7.0 7.0 loc_loss:  0.5618815994262696 reward_loss:  -28.094079971313477
acc@1:  0.138758231420508
epoch: 20 region loss 0.17051094890510948 loc loss 0.620204579986795 reward loss -31.01022803870431
epoch:  21 batch:  0 region_loss:  10.0 10.0 loc_loss:  0.6878690338134765 reward_loss:  -34.393455505371094
epoch:  21 batch:  10 region_loss:  10.0 10.0 loc_loss:  0.7247714233398438 reward_loss:  -36.23856735229492
epoch:  21 batch:  20 region_loss:  10.0 10.0 loc_loss:  0.6339932632446289 reward_loss:  -31.699661254882812
epoch:  21 batch:  30 region_loss:  10.0 10.0 loc_loss:  0.6721661376953125 reward_loss:  -33.60824203491211
epoch:  21 batch:  40 region_loss:  10.0 10.0 loc_loss:  0.8013265991210937 reward_loss:  -40.06632995605469
epoch:  21 batch:  50 region_loss:  10.0 10.0 loc_loss:  0.6645989227294922 reward_loss:  -33.229949951171875
epoch:  21 batch:  60 region_loss:  10.0 10.0 loc_loss:  0.7229021453857422 reward_loss:  -36.145111083984375
epoch:  21 batch:  70 region_loss:  10.0 10.0 loc_loss:  0.6833832550048828 reward_loss:  -34.16916275024414
epoch:  21 batch:  80 region_loss:  10.0 10.0 loc_loss:  0.7684121704101563 reward_loss:  -38.42060852050781
epoch:  21 batch:  90 region_loss:  6.0 6.0 loc_loss:  0.46023582458496093 reward_loss:  -23.011789321899414
epoch:  21 batch:  100 region_loss:  8.0 8.0 loc_loss:  0.5420880126953125 reward_loss:  -27.104400634765625
epoch:  21 batch:  110 region_loss:  4.0 4.0 loc_loss:  0.31506809234619143 reward_loss:  -15.753435134887695
epoch:  21 batch:  120 region_loss:  5.0 5.0 loc_loss:  0.3486911773681641 reward_loss:  -17.434558868408203
epoch:  21 batch:  130 region_loss:  7.0 7.0 loc_loss:  0.5370903015136719 reward_loss:  -26.854516983032227
acc@1:  0.1359360301034807
epoch: 21 region loss 0.17051094890510948 loc loss 0.5932385248337348 reward loss -29.661925559496357
epoch:  22 batch:  0 region_loss:  10.0 10.0 loc_loss:  0.6555442810058594 reward_loss:  -32.777217864990234
epoch:  22 batch:  10 region_loss:  10.0 10.0 loc_loss:  0.6929659271240234 reward_loss:  -34.64829635620117
epoch:  22 batch:  20 region_loss:  10.0 10.0 loc_loss:  0.6087623977661133 reward_loss:  -30.43811798095703
epoch:  22 batch:  30 region_loss:  10.0 10.0 loc_loss:  0.6415937805175781 reward_loss:  -32.07966232299805
epoch:  22 batch:  40 region_loss:  10.0 10.0 loc_loss:  0.772571792602539 reward_loss:  -38.62858963012695
epoch:  22 batch:  50 region_loss:  10.0 10.0 loc_loss:  0.6360866928100586 reward_loss:  -31.804332733154297
epoch:  22 batch:  60 region_loss:  10.0 10.0 loc_loss:  0.6879765319824219 reward_loss:  -34.39883041381836
epoch:  22 batch:  70 region_loss:  10.0 10.0 loc_loss:  0.6536003875732422 reward_loss:  -32.68001937866211
epoch:  22 batch:  80 region_loss:  10.0 10.0 loc_loss:  0.7353984832763671 reward_loss:  -36.76988220214844
epoch:  22 batch:  90 region_loss:  6.0 6.0 loc_loss:  0.4394733428955078 reward_loss:  -21.973669052124023
epoch:  22 batch:  100 region_loss:  8.0 8.0 loc_loss:  0.5183310317993164 reward_loss:  -25.916549682617188
epoch:  22 batch:  110 region_loss:  4.0 4.0 loc_loss:  0.2994454574584961 reward_loss:  -14.972272872924805
epoch:  22 batch:  120 region_loss:  5.0 5.0 loc_loss:  0.330222053527832 reward_loss:  -16.5111026763916
epoch:  22 batch:  130 region_loss:  7.0 7.0 loc_loss:  0.5133069610595703 reward_loss:  -25.665348052978516
acc@1:  0.13358419567262464
epoch: 22 region loss 0.17051094890510948 loc loss 0.5677307893237928 reward loss -28.3865367652726
epoch:  23 batch:  0 region_loss:  10.0 10.0 loc_loss:  0.6248440933227539 reward_loss:  -31.242204666137695
epoch:  23 batch:  10 region_loss:  10.0 10.0 loc_loss:  0.6630605316162109 reward_loss:  -33.15302658081055
epoch:  23 batch:  20 region_loss:  10.0 10.0 loc_loss:  0.5850455474853515 reward_loss:  -29.252277374267578
epoch:  23 batch:  30 region_loss:  10.0 10.0 loc_loss:  0.6126908111572266 reward_loss:  -30.634540557861328
epoch:  23 batch:  40 region_loss:  10.0 10.0 loc_loss:  0.7447154235839843 reward_loss:  -37.23575973510742
epoch:  23 batch:  50 region_loss:  10.0 10.0 loc_loss:  0.6090364074707031 reward_loss:  -30.45181655883789
epoch:  23 batch:  60 region_loss:  10.0 10.0 loc_loss:  0.6547796630859375 reward_loss:  -32.738983154296875
epoch:  23 batch:  70 region_loss:  10.0 10.0 loc_loss:  0.6254166412353516 reward_loss:  -31.270832061767578
epoch:  23 batch:  80 region_loss:  10.0 10.0 loc_loss:  0.7037781524658203 reward_loss:  -35.188907623291016
epoch:  23 batch:  90 region_loss:  6.0 6.0 loc_loss:  0.41963077545166017 reward_loss:  -20.981536865234375
epoch:  23 batch:  100 region_loss:  8.0 8.0 loc_loss:  0.4955086517333984 reward_loss:  -24.77543067932129
epoch:  23 batch:  110 region_loss:  4.0 4.0 loc_loss:  0.2844875907897949 reward_loss:  -14.22437858581543
epoch:  23 batch:  120 region_loss:  5.0 5.0 loc_loss:  0.3127627372741699 reward_loss:  -15.638137817382812
epoch:  23 batch:  130 region_loss:  7.0 7.0 loc_loss:  0.4902489471435547 reward_loss:  -24.512449264526367
acc@1:  0.1317027281279398
epoch: 23 region loss 0.17051094890510948 loc loss 0.5435000598517647 reward loss -27.175005815324994
epoch:  24 batch:  0 region_loss:  10.0 10.0 loc_loss:  0.5956069564819336 reward_loss:  -29.780345916748047
epoch:  24 batch:  10 region_loss:  10.0 10.0 loc_loss:  0.6346162796020508 reward_loss:  -31.730812072753906
epoch:  24 batch:  20 region_loss:  10.0 10.0 loc_loss:  0.5627305221557617 reward_loss:  -28.136526107788086
epoch:  24 batch:  30 region_loss:  10.0 10.0 loc_loss:  0.5851617050170899 reward_loss:  -29.258087158203125
epoch:  24 batch:  40 region_loss:  10.0 10.0 loc_loss:  0.7177333068847657 reward_loss:  -35.88666534423828
epoch:  24 batch:  50 region_loss:  10.0 10.0 loc_loss:  0.5834774017333985 reward_loss:  -29.173866271972656
epoch:  24 batch:  60 region_loss:  10.0 10.0 loc_loss:  0.6232673263549805 reward_loss:  -31.163362503051758
epoch:  24 batch:  70 region_loss:  10.0 10.0 loc_loss:  0.5985950851440429 reward_loss:  -29.929752349853516
epoch:  24 batch:  80 region_loss:  10.0 10.0 loc_loss:  0.6732614135742188 reward_loss:  -33.66306686401367
epoch:  24 batch:  90 region_loss:  6.0 6.0 loc_loss:  0.4003829574584961 reward_loss:  -20.019147872924805
epoch:  24 batch:  100 region_loss:  8.0 8.0 loc_loss:  0.47376476287841796 reward_loss:  -23.6882381439209
epoch:  24 batch:  110 region_loss:  4.0 4.0 loc_loss:  0.27015947341918944 reward_loss:  -13.507974624633789
epoch:  24 batch:  120 region_loss:  5.0 5.0 loc_loss:  0.29626361846923827 reward_loss:  -14.813176155090332
epoch:  24 batch:  130 region_loss:  7.0 7.0 loc_loss:  0.46800567626953127 reward_loss:  -23.400283813476562
acc@1:  0.13076199435559738
epoch: 24 region loss 0.17051094890510948 loc loss 0.5203809414466802 reward loss -26.019045718394928
epoch:  25 batch:  0 region_loss:  10.0 10.0 loc_loss:  0.5677143859863282 reward_loss:  -28.385723114013672
epoch:  25 batch:  10 region_loss:  10.0 10.0 loc_loss:  0.6076997375488281 reward_loss:  -30.384986877441406
epoch:  25 batch:  20 region_loss:  10.0 10.0 loc_loss:  0.5413662338256836 reward_loss:  -27.06831169128418
epoch:  25 batch:  30 region_loss:  10.0 10.0 loc_loss:  0.5589894104003906 reward_loss:  -27.94947052001953
epoch:  25 batch:  40 region_loss:  10.0 10.0 loc_loss:  0.6914298248291015 reward_loss:  -34.57149124145508
epoch:  25 batch:  50 region_loss:  10.0 10.0 loc_loss:  0.5588332366943359 reward_loss:  -27.94165802001953
epoch:  25 batch:  60 region_loss:  10.0 10.0 loc_loss:  0.5933689498901367 reward_loss:  -29.66844367980957
epoch:  25 batch:  70 region_loss:  10.0 10.0 loc_loss:  0.5729765319824218 reward_loss:  -28.648826599121094
epoch:  25 batch:  80 region_loss:  10.0 10.0 loc_loss:  0.6436847686767578 reward_loss:  -32.184234619140625
epoch:  25 batch:  90 region_loss:  6.0 6.0 loc_loss:  0.3819490051269531 reward_loss:  -19.09745216369629
epoch:  25 batch:  100 region_loss:  8.0 8.0 loc_loss:  0.452796630859375 reward_loss:  -22.63983154296875
epoch:  25 batch:  110 region_loss:  4.0 4.0 loc_loss:  0.2562583923339844 reward_loss:  -12.812918663024902
epoch:  25 batch:  120 region_loss:  5.0 5.0 loc_loss:  0.2805035209655762 reward_loss:  -14.025177955627441
epoch:  25 batch:  130 region_loss:  7.0 7.0 loc_loss:  0.44649436950683596 reward_loss:  -22.324718475341797
acc@1:  0.1288805268109125
epoch: 25 region loss 0.17051094890510948 loc loss 0.4982172621427662 reward loss -24.910863462155753
epoch:  26 batch:  0 region_loss:  10.0 10.0 loc_loss:  0.5408737945556641 reward_loss:  -27.043689727783203
epoch:  26 batch:  10 region_loss:  10.0 10.0 loc_loss:  0.5820280456542969 reward_loss:  -29.101398468017578
epoch:  26 batch:  20 region_loss:  10.0 10.0 loc_loss:  0.5210427856445312 reward_loss:  -26.052139282226562
epoch:  26 batch:  30 region_loss:  10.0 10.0 loc_loss:  0.5338834762573242 reward_loss:  -26.69417381286621
epoch:  26 batch:  40 region_loss:  10.0 10.0 loc_loss:  0.6659857177734375 reward_loss:  -33.29928970336914
epoch:  26 batch:  50 region_loss:  10.0 10.0 loc_loss:  0.5352098083496094 reward_loss:  -26.76049041748047
epoch:  26 batch:  60 region_loss:  10.0 10.0 loc_loss:  0.5647633361816407 reward_loss:  -28.238162994384766
epoch:  26 batch:  70 region_loss:  10.0 10.0 loc_loss:  0.5487067031860352 reward_loss:  -27.435338973999023
epoch:  26 batch:  80 region_loss:  10.0 10.0 loc_loss:  0.6151276397705078 reward_loss:  -30.75638198852539
epoch:  26 batch:  90 region_loss:  6.0 6.0 loc_loss:  0.36413734436035156 reward_loss:  -18.206865310668945
epoch:  26 batch:  100 region_loss:  8.0 8.0 loc_loss:  0.43248008728027343 reward_loss:  -21.624004364013672
epoch:  26 batch:  110 region_loss:  4.0 4.0 loc_loss:  0.24283946990966798 reward_loss:  -12.141974449157715
epoch:  26 batch:  120 region_loss:  5.0 5.0 loc_loss:  0.2656248474121094 reward_loss:  -13.281242370605469
epoch:  26 batch:  130 region_loss:  7.0 7.0 loc_loss:  0.42586116790771483 reward_loss:  -21.293058395385742
acc@1:  0.12746942615239887
epoch: 26 region loss 0.17051094890510948 loc loss 0.47692780807940627 reward loss -23.846392767272725
epoch:  27 batch:  0 region_loss:  10.0 10.0 loc_loss:  0.5152425384521484 reward_loss:  -25.762128829956055
epoch:  27 batch:  10 region_loss:  10.0 10.0 loc_loss:  0.5574308395385742 reward_loss:  -27.87154197692871
epoch:  27 batch:  20 region_loss:  10.0 10.0 loc_loss:  0.5015385437011719 reward_loss:  -25.076923370361328
epoch:  27 batch:  30 region_loss:  10.0 10.0 loc_loss:  0.5097768783569336 reward_loss:  -25.488842010498047
epoch:  27 batch:  40 region_loss:  10.0 10.0 loc_loss:  0.6409803771972656 reward_loss:  -32.04901885986328
epoch:  27 batch:  50 region_loss:  10.0 10.0 loc_loss:  0.512420539855957 reward_loss:  -25.62102699279785
epoch:  27 batch:  60 region_loss:  10.0 10.0 loc_loss:  0.5374387741088867 reward_loss:  -26.871938705444336
epoch:  27 batch:  70 region_loss:  10.0 10.0 loc_loss:  0.5254299926757813 reward_loss:  -26.27149772644043
epoch:  27 batch:  80 region_loss:  10.0 10.0 loc_loss:  0.5873724746704102 reward_loss:  -29.36862564086914
epoch:  27 batch:  90 region_loss:  6.0 6.0 loc_loss:  0.3467852783203125 reward_loss:  -17.339263916015625
epoch:  27 batch:  100 region_loss:  8.0 8.0 loc_loss:  0.4127862548828125 reward_loss:  -20.639310836791992
epoch:  27 batch:  110 region_loss:  4.0 4.0 loc_loss:  0.22994125366210938 reward_loss:  -11.497061729431152
epoch:  27 batch:  120 region_loss:  5.0 5.0 loc_loss:  0.25140953063964844 reward_loss:  -12.570477485656738
epoch:  27 batch:  130 region_loss:  7.0 7.0 loc_loss:  0.405830078125 reward_loss:  -20.291500091552734
acc@1:  0.12605832549388524
epoch: 27 region loss 0.17051094890510948 loc loss 0.4564149272528878 reward loss -22.820751002235134
epoch:  28 batch:  0 region_loss:  10.0 10.0 loc_loss:  0.49072769165039065 reward_loss:  -24.5363826751709
epoch:  28 batch:  10 region_loss:  10.0 10.0 loc_loss:  0.5336041259765625 reward_loss:  -26.680204391479492
epoch:  28 batch:  20 region_loss:  10.0 10.0 loc_loss:  0.4826969146728516 reward_loss:  -24.134843826293945
epoch:  28 batch:  30 region_loss:  10.0 10.0 loc_loss:  0.48639869689941406 reward_loss:  -24.319934844970703
epoch:  28 batch:  40 region_loss:  10.0 10.0 loc_loss:  0.6165626907348633 reward_loss:  -30.82813262939453
epoch:  28 batch:  50 region_loss:  10.0 10.0 loc_loss:  0.49044094085693357 reward_loss:  -24.52204704284668
epoch:  28 batch:  60 region_loss:  10.0 10.0 loc_loss:  0.5110820007324218 reward_loss:  -25.55409812927246
epoch:  28 batch:  70 region_loss:  10.0 10.0 loc_loss:  0.5030552673339844 reward_loss:  -25.152759552001953
epoch:  28 batch:  80 region_loss:  10.0 10.0 loc_loss:  0.5606143188476562 reward_loss:  -28.030715942382812
epoch:  28 batch:  90 region_loss:  6.0 6.0 loc_loss:  0.33001625061035156 reward_loss:  -16.500812530517578
epoch:  28 batch:  100 region_loss:  8.0 8.0 loc_loss:  0.3936882781982422 reward_loss:  -19.684425354003906
epoch:  28 batch:  110 region_loss:  4.0 4.0 loc_loss:  0.21742618560791016 reward_loss:  -10.871309280395508
epoch:  28 batch:  120 region_loss:  5.0 5.0 loc_loss:  0.237803955078125 reward_loss:  -11.890198707580566
epoch:  28 batch:  130 region_loss:  7.0 7.0 loc_loss:  0.38639423370361325 reward_loss:  -19.319713592529297
acc@1:  0.12417685794920037
epoch: 28 region loss 0.17051094890510948 loc loss 0.43657190187134015 reward loss -21.828598053786006
epoch:  29 batch:  0 region_loss:  10.0 10.0 loc_loss:  0.4670295715332031 reward_loss:  -23.351478576660156
epoch:  29 batch:  10 region_loss:  10.0 10.0 loc_loss:  0.5106711959838868 reward_loss:  -25.5335636138916
epoch:  29 batch:  20 region_loss:  10.0 10.0 loc_loss:  0.46451229095458985 reward_loss:  -23.22561264038086
epoch:  29 batch:  30 region_loss:  10.0 10.0 loc_loss:  0.46387081146240233 reward_loss:  -23.193540573120117
epoch:  29 batch:  40 region_loss:  10.0 10.0 loc_loss:  0.5925448608398437 reward_loss:  -29.627241134643555
epoch:  29 batch:  50 region_loss:  10.0 10.0 loc_loss:  0.46907279968261717 reward_loss:  -23.453641891479492
epoch:  29 batch:  60 region_loss:  10.0 10.0 loc_loss:  0.48596710205078125 reward_loss:  -24.29835319519043
epoch:  29 batch:  70 region_loss:  10.0 10.0 loc_loss:  0.48141014099121093 reward_loss:  -24.07050323486328
epoch:  29 batch:  80 region_loss:  10.0 10.0 loc_loss:  0.5344348907470703 reward_loss:  -26.721744537353516
epoch:  29 batch:  90 region_loss:  6.0 6.0 loc_loss:  0.3137543296813965 reward_loss:  -15.68771743774414
epoch:  29 batch:  100 region_loss:  8.0 8.0 loc_loss:  0.37520084381103513 reward_loss:  -18.76004409790039
epoch:  29 batch:  110 region_loss:  4.0 4.0 loc_loss:  0.2054304313659668 reward_loss:  -10.27152156829834
epoch:  29 batch:  120 region_loss:  5.0 5.0 loc_loss:  0.2247283363342285 reward_loss:  -11.236416816711426
epoch:  29 batch:  130 region_loss:  7.0 7.0 loc_loss:  0.3675514221191406 reward_loss:  -18.3775691986084
acc@1:  0.12229539040451552
epoch: 29 region loss 0.17051094890510948 loc loss 0.4173806325536574 reward loss -20.869030040546054
epoch:  30 batch:  0 region_loss:  10.0 10.0 loc_loss:  0.44421192169189455 reward_loss:  -22.210596084594727
epoch:  30 batch:  10 region_loss:  10.0 10.0 loc_loss:  0.4885911178588867 reward_loss:  -24.42955780029297
epoch:  30 batch:  20 region_loss:  10.0 10.0 loc_loss:  0.44677501678466797 reward_loss:  -22.338756561279297
epoch:  30 batch:  30 region_loss:  10.0 10.0 loc_loss:  0.4419681167602539 reward_loss:  -22.098403930664062
epoch:  30 batch:  40 region_loss:  10.0 10.0 loc_loss:  0.5690797424316406 reward_loss:  -28.453983306884766
epoch:  30 batch:  50 region_loss:  10.0 10.0 loc_loss:  0.44830928802490233 reward_loss:  -22.415462493896484
epoch:  30 batch:  60 region_loss:  10.0 10.0 loc_loss:  0.4617763900756836 reward_loss:  -23.088821411132812
epoch:  30 batch:  70 region_loss:  10.0 10.0 loc_loss:  0.46057571411132814 reward_loss:  -23.028785705566406
epoch:  30 batch:  80 region_loss:  10.0 10.0 loc_loss:  0.5090633392333984 reward_loss:  -25.453168869018555
epoch:  30 batch:  90 region_loss:  6.0 6.0 loc_loss:  0.2980008125305176 reward_loss:  -14.900039672851562
epoch:  30 batch:  100 region_loss:  8.0 8.0 loc_loss:  0.35720226287841794 reward_loss:  -17.86011505126953
epoch:  30 batch:  110 region_loss:  4.0 4.0 loc_loss:  0.19388620376586915 reward_loss:  -9.694310188293457
epoch:  30 batch:  120 region_loss:  5.0 5.0 loc_loss:  0.21229209899902343 reward_loss:  -10.614608764648438
epoch:  30 batch:  130 region_loss:  7.0 7.0 loc_loss:  0.34929920196533204 reward_loss:  -17.4649600982666
acc@1:  0.12041392285983067
epoch: 30 region loss 0.17051094890510948 loc loss 0.3987724916430285 reward loss -19.93862441160383
epoch:  31 batch:  0 region_loss:  10.0 10.0 loc_loss:  0.4223231887817383 reward_loss:  -21.116159439086914
epoch:  31 batch:  10 region_loss:  10.0 10.0 loc_loss:  0.4671052169799805 reward_loss:  -23.355260848999023
epoch:  31 batch:  20 region_loss:  10.0 10.0 loc_loss:  0.42970905303955076 reward_loss:  -21.48545265197754
epoch:  31 batch:  30 region_loss:  10.0 10.0 loc_loss:  0.42089553833007814 reward_loss:  -21.044776916503906
epoch:  31 batch:  40 region_loss:  10.0 10.0 loc_loss:  0.5460011672973633 reward_loss:  -27.30005645751953
epoch:  31 batch:  50 region_loss:  10.0 10.0 loc_loss:  0.4281256866455078 reward_loss:  -21.40628433227539
epoch:  31 batch:  60 region_loss:  10.0 10.0 loc_loss:  0.43835227966308593 reward_loss:  -21.917612075805664
epoch:  31 batch:  70 region_loss:  10.0 10.0 loc_loss:  0.44019859313964843 reward_loss:  -22.009929656982422
epoch:  31 batch:  80 region_loss:  10.0 10.0 loc_loss:  0.4843999099731445 reward_loss:  -24.21999740600586
epoch:  31 batch:  90 region_loss:  6.0 6.0 loc_loss:  0.2827433395385742 reward_loss:  -14.137166023254395
epoch:  31 batch:  100 region_loss:  8.0 8.0 loc_loss:  0.33960105895996096 reward_loss:  -16.98004913330078
epoch:  31 batch:  110 region_loss:  4.0 4.0 loc_loss:  0.1826654052734375 reward_loss:  -9.133268356323242
epoch:  31 batch:  120 region_loss:  5.0 5.0 loc_loss:  0.20030868530273438 reward_loss:  -10.01543140411377
epoch:  31 batch:  130 region_loss:  7.0 7.0 loc_loss:  0.33162277221679687 reward_loss:  -16.581140518188477
acc@1:  0.11947318908748825
epoch: 31 region loss 0.17051094890510948 loc loss 0.3807165719122782 reward loss -19.03582883403249
epoch:  32 batch:  0 region_loss:  10.0 10.0 loc_loss:  0.4010505676269531 reward_loss:  -20.05253028869629
epoch:  32 batch:  10 region_loss:  10.0 10.0 loc_loss:  0.4461996078491211 reward_loss:  -22.309980392456055
epoch:  32 batch:  20 region_loss:  10.0 10.0 loc_loss:  0.4130078887939453 reward_loss:  -20.65039825439453
epoch:  32 batch:  30 region_loss:  10.0 10.0 loc_loss:  0.4003889465332031 reward_loss:  -20.01944351196289
epoch:  32 batch:  40 region_loss:  10.0 10.0 loc_loss:  0.5234834289550782 reward_loss:  -26.174171447753906
epoch:  32 batch:  50 region_loss:  10.0 10.0 loc_loss:  0.4084770202636719 reward_loss:  -20.423851013183594
epoch:  32 batch:  60 region_loss:  10.0 10.0 loc_loss:  0.41592662811279296 reward_loss:  -20.79633140563965
epoch:  32 batch:  70 region_loss:  10.0 10.0 loc_loss:  0.4206932830810547 reward_loss:  -21.034664154052734
epoch:  32 batch:  80 region_loss:  10.0 10.0 loc_loss:  0.4603404998779297 reward_loss:  -23.017024993896484
epoch:  32 batch:  90 region_loss:  6.0 6.0 loc_loss:  0.26789087295532227 reward_loss:  -13.394543647766113
epoch:  32 batch:  100 region_loss:  8.0 8.0 loc_loss:  0.3227510833740234 reward_loss:  -16.13755226135254
epoch:  32 batch:  110 region_loss:  4.0 4.0 loc_loss:  0.17192020416259765 reward_loss:  -8.5960111618042
epoch:  32 batch:  120 region_loss:  5.0 5.0 loc_loss:  0.18864330291748047 reward_loss:  -9.432164192199707
epoch:  32 batch:  130 region_loss:  7.0 7.0 loc_loss:  0.3145301628112793 reward_loss:  -15.726507186889648
acc@1:  0.11618062088428975
epoch: 32 region loss 0.17051094890510948 loc loss 0.36324531551695216 reward loss -18.16226847502437
epoch:  33 batch:  0 region_loss:  10.0 10.0 loc_loss:  0.3806757354736328 reward_loss:  -19.03378677368164
epoch:  33 batch:  10 region_loss:  10.0 10.0 loc_loss:  0.4259713363647461 reward_loss:  -21.298568725585938
epoch:  33 batch:  20 region_loss:  10.0 10.0 loc_loss:  0.39673553466796874 reward_loss:  -19.836776733398438
epoch:  33 batch:  30 region_loss:  10.0 10.0 loc_loss:  0.38047199249267577 reward_loss:  -19.02359962463379
epoch:  33 batch:  40 region_loss:  10.0 10.0 loc_loss:  0.5011684036254883 reward_loss:  -25.05841636657715
epoch:  33 batch:  50 region_loss:  10.0 10.0 loc_loss:  0.38941417694091796 reward_loss:  -19.47071075439453
epoch:  33 batch:  60 region_loss:  10.0 10.0 loc_loss:  0.3943298721313477 reward_loss:  -19.716493606567383
epoch:  33 batch:  70 region_loss:  10.0 10.0 loc_loss:  0.40137317657470706 reward_loss:  -20.06865882873535
epoch:  33 batch:  80 region_loss:  10.0 10.0 loc_loss:  0.43706214904785157 reward_loss:  -21.853107452392578
epoch:  33 batch:  90 region_loss:  6.0 6.0 loc_loss:  0.2536046600341797 reward_loss:  -12.680233001708984
epoch:  33 batch:  100 region_loss:  8.0 8.0 loc_loss:  0.3064384651184082 reward_loss:  -15.321922302246094
epoch:  33 batch:  110 region_loss:  4.0 4.0 loc_loss:  0.1616849708557129 reward_loss:  -8.084248542785645
epoch:  33 batch:  120 region_loss:  5.0 5.0 loc_loss:  0.177689151763916 reward_loss:  -8.8844575881958
epoch:  33 batch:  130 region_loss:  7.0 7.0 loc_loss:  0.2979421043395996 reward_loss:  -14.897104263305664
acc@1:  0.1147695202257761
epoch: 33 region loss 0.17051094890510948 loc loss 0.3462305162944933 reward loss -17.31152602529874
epoch:  34 batch:  0 region_loss:  10.0 10.0 loc_loss:  0.36106521606445313 reward_loss:  -18.053260803222656
epoch:  34 batch:  10 region_loss:  10.0 10.0 loc_loss:  0.4062694549560547 reward_loss:  -20.313467025756836
epoch:  34 batch:  20 region_loss:  10.0 10.0 loc_loss:  0.3809239959716797 reward_loss:  -19.04619789123535
epoch:  34 batch:  30 region_loss:  10.0 10.0 loc_loss:  0.36129024505615237 reward_loss:  -18.064510345458984
epoch:  34 batch:  40 region_loss:  10.0 10.0 loc_loss:  0.479504280090332 reward_loss:  -23.9752140045166
epoch:  34 batch:  50 region_loss:  10.0 10.0 loc_loss:  0.37086101531982424 reward_loss:  -18.54305076599121
epoch:  34 batch:  60 region_loss:  10.0 10.0 loc_loss:  0.37348945617675783 reward_loss:  -18.67447280883789
epoch:  34 batch:  70 region_loss:  10.0 10.0 loc_loss:  0.3828765487670898 reward_loss:  -19.143829345703125
epoch:  34 batch:  80 region_loss:  10.0 10.0 loc_loss:  0.41431671142578125 reward_loss:  -20.715831756591797
epoch:  34 batch:  90 region_loss:  6.0 6.0 loc_loss:  0.23970813751220704 reward_loss:  -11.985408782958984
epoch:  34 batch:  100 region_loss:  8.0 8.0 loc_loss:  0.29049005508422854 reward_loss:  -14.524504661560059
epoch:  34 batch:  110 region_loss:  4.0 4.0 loc_loss:  0.15184064865112304 reward_loss:  -7.592031955718994
epoch:  34 batch:  120 region_loss:  5.0 5.0 loc_loss:  0.1669309616088867 reward_loss:  -8.346548080444336
epoch:  34 batch:  130 region_loss:  7.0 7.0 loc_loss:  0.2818828010559082 reward_loss:  -14.094141006469727
acc@1:  0.11665098777046096
epoch: 34 region loss 0.17051094890510948 loc loss 0.3297765199285354 reward loss -16.488825763229038
epoch:  35 batch:  0 region_loss:  10.0 10.0 loc_loss:  0.34214035034179685 reward_loss:  -17.10701560974121
epoch:  35 batch:  10 region_loss:  10.0 10.0 loc_loss:  0.38709880828857424 reward_loss:  -19.35494041442871
epoch:  35 batch:  20 region_loss:  10.0 10.0 loc_loss:  0.36555233001708987 reward_loss:  -18.27761459350586
epoch:  35 batch:  30 region_loss:  10.0 10.0 loc_loss:  0.3426239013671875 reward_loss:  -17.131196975708008
epoch:  35 batch:  40 region_loss:  10.0 10.0 loc_loss:  0.4580332183837891 reward_loss:  -22.901660919189453
epoch:  35 batch:  50 region_loss:  10.0 10.0 loc_loss:  0.35271968841552737 reward_loss:  -17.635982513427734
epoch:  35 batch:  60 region_loss:  10.0 10.0 loc_loss:  0.3534328842163086 reward_loss:  -17.67164421081543
epoch:  35 batch:  70 region_loss:  10.0 10.0 loc_loss:  0.3645036697387695 reward_loss:  -18.22518539428711
epoch:  35 batch:  80 region_loss:  10.0 10.0 loc_loss:  0.3922757339477539 reward_loss:  -19.613788604736328
epoch:  35 batch:  90 region_loss:  6.0 6.0 loc_loss:  0.2262534523010254 reward_loss:  -11.31267261505127
epoch:  35 batch:  100 region_loss:  8.0 8.0 loc_loss:  0.27507240295410157 reward_loss:  -13.753620147705078
epoch:  35 batch:  110 region_loss:  4.0 4.0 loc_loss:  0.14244559288024902 reward_loss:  -7.122280120849609
epoch:  35 batch:  120 region_loss:  5.0 5.0 loc_loss:  0.15693864822387696 reward_loss:  -7.846932411193848
epoch:  35 batch:  130 region_loss:  7.0 7.0 loc_loss:  0.26646411895751954 reward_loss:  -13.32320499420166
acc@1:  0.11712135465663218
epoch: 35 region loss 0.17051094890510948 loc loss 0.31373034910564007 reward loss -15.686517524023126
epoch:  36 batch:  0 region_loss:  10.0 10.0 loc_loss:  0.3239059829711914 reward_loss:  -16.19529914855957
epoch:  36 batch:  10 region_loss:  10.0 10.0 loc_loss:  0.36830940246582033 reward_loss:  -18.415470123291016
epoch:  36 batch:  20 region_loss:  10.0 10.0 loc_loss:  0.35052707672119143 reward_loss:  -17.52635383605957
epoch:  36 batch:  30 region_loss:  10.0 10.0 loc_loss:  0.32465229034423826 reward_loss:  -16.23261260986328
epoch:  36 batch:  40 region_loss:  10.0 10.0 loc_loss:  0.4371015930175781 reward_loss:  -21.855077743530273
epoch:  36 batch:  50 region_loss:  10.0 10.0 loc_loss:  0.3352461242675781 reward_loss:  -16.76230812072754
epoch:  36 batch:  60 region_loss:  10.0 10.0 loc_loss:  0.33410797119140623 reward_loss:  -16.705398559570312
epoch:  36 batch:  70 region_loss:  10.0 10.0 loc_loss:  0.34697792053222654 reward_loss:  -17.348896026611328
epoch:  36 batch:  80 region_loss:  10.0 10.0 loc_loss:  0.37087772369384764 reward_loss:  -18.543886184692383
epoch:  36 batch:  90 region_loss:  6.0 6.0 loc_loss:  0.21338672637939454 reward_loss:  -10.669336318969727
epoch:  36 batch:  100 region_loss:  8.0 8.0 loc_loss:  0.2602060699462891 reward_loss:  -13.01030445098877
epoch:  36 batch:  110 region_loss:  4.0 4.0 loc_loss:  0.13341970443725587 reward_loss:  -6.670985221862793
epoch:  36 batch:  120 region_loss:  5.0 5.0 loc_loss:  0.14706111907958985 reward_loss:  -7.353055953979492
epoch:  36 batch:  130 region_loss:  7.0 7.0 loc_loss:  0.25162467956542967 reward_loss:  -12.581232070922852
acc@1:  0.11571025399811853
epoch: 36 region loss 0.17051094890510948 loc loss 0.29822785361839904 reward loss -14.911393039417963
epoch:  37 batch:  0 region_loss:  10.0 10.0 loc_loss:  0.3063648223876953 reward_loss:  -15.318243026733398
epoch:  37 batch:  10 region_loss:  10.0 10.0 loc_loss:  0.35023223876953125 reward_loss:  -17.51161003112793
epoch:  37 batch:  20 region_loss:  10.0 10.0 loc_loss:  0.33586341857910157 reward_loss:  -16.79317283630371
epoch:  37 batch:  30 region_loss:  10.0 10.0 loc_loss:  0.3072618293762207 reward_loss:  -15.363089561462402
epoch:  37 batch:  40 region_loss:  10.0 10.0 loc_loss:  0.41670928955078124 reward_loss:  -20.835464477539062
epoch:  37 batch:  50 region_loss:  10.0 10.0 loc_loss:  0.31808013916015626 reward_loss:  -15.904006958007812
epoch:  37 batch:  60 region_loss:  10.0 10.0 loc_loss:  0.3153610992431641 reward_loss:  -15.768054008483887
epoch:  37 batch:  70 region_loss:  10.0 10.0 loc_loss:  0.32949119567871094 reward_loss:  -16.474563598632812
epoch:  37 batch:  80 region_loss:  10.0 10.0 loc_loss:  0.35015518188476563 reward_loss:  -17.50775909423828
epoch:  37 batch:  90 region_loss:  6.0 6.0 loc_loss:  0.20082677841186525 reward_loss:  -10.041338920593262
epoch:  37 batch:  100 region_loss:  8.0 8.0 loc_loss:  0.24601694107055663 reward_loss:  -12.300846099853516
epoch:  37 batch:  110 region_loss:  4.0 4.0 loc_loss:  0.12485462188720703 reward_loss:  -6.242731094360352
epoch:  37 batch:  120 region_loss:  5.0 5.0 loc_loss:  0.13798087120056152 reward_loss:  -6.899043560028076
epoch:  37 batch:  130 region_loss:  7.0 7.0 loc_loss:  0.2373374366760254 reward_loss:  -11.86687183380127
acc@1:  0.11335841956726246
epoch: 37 region loss 0.17051094890510948 loc loss 0.28318732192046453 reward loss -14.159366725135024
epoch:  38 batch:  0 region_loss:  10.0 10.0 loc_loss:  0.28938467025756837 reward_loss:  -14.469234466552734
epoch:  38 batch:  10 region_loss:  10.0 10.0 loc_loss:  0.3325329208374023 reward_loss:  -16.626646041870117
epoch:  38 batch:  20 region_loss:  10.0 10.0 loc_loss:  0.32194766998291013 reward_loss:  -16.097383499145508
epoch:  38 batch:  30 region_loss:  10.0 10.0 loc_loss:  0.29038511276245116 reward_loss:  -14.519256591796875
epoch:  38 batch:  40 region_loss:  10.0 10.0 loc_loss:  0.3967376708984375 reward_loss:  -19.836885452270508
epoch:  38 batch:  50 region_loss:  10.0 10.0 loc_loss:  0.30173498153686523 reward_loss:  -15.086750030517578
epoch:  38 batch:  60 region_loss:  10.0 10.0 loc_loss:  0.2977868843078613 reward_loss:  -14.889344215393066
epoch:  38 batch:  70 region_loss:  10.0 10.0 loc_loss:  0.3131344223022461 reward_loss:  -15.656721115112305
epoch:  38 batch:  80 region_loss:  10.0 10.0 loc_loss:  0.3300790023803711 reward_loss:  -16.50395393371582
epoch:  38 batch:  90 region_loss:  6.0 6.0 loc_loss:  0.1889358139038086 reward_loss:  -9.446789741516113
epoch:  38 batch:  100 region_loss:  8.0 8.0 loc_loss:  0.23229293823242186 reward_loss:  -11.614646911621094
epoch:  38 batch:  110 region_loss:  4.0 4.0 loc_loss:  0.11671754837036133 reward_loss:  -5.835877895355225
epoch:  38 batch:  120 region_loss:  5.0 5.0 loc_loss:  0.12908446311950683 reward_loss:  -6.454224109649658
epoch:  38 batch:  130 region_loss:  7.0 7.0 loc_loss:  0.223565731048584 reward_loss:  -11.178287506103516
acc@1:  0.11335841956726246
epoch: 38 region loss 0.17051094890510948 loc loss 0.26877758395062745 reward loss -13.438879329792774
epoch:  39 batch:  0 region_loss:  10.0 10.0 loc_loss:  0.2732026481628418 reward_loss:  -13.660131454467773
epoch:  39 batch:  10 region_loss:  10.0 10.0 loc_loss:  0.31549892425537107 reward_loss:  -15.774946212768555
epoch:  39 batch:  20 region_loss:  10.0 10.0 loc_loss:  0.308481388092041 reward_loss:  -15.424067497253418
epoch:  39 batch:  30 region_loss:  10.0 10.0 loc_loss:  0.27439281463623044 reward_loss:  -13.71963882446289
epoch:  39 batch:  40 region_loss:  10.0 10.0 loc_loss:  0.37736141204833984 reward_loss:  -18.868074417114258
epoch:  39 batch:  50 region_loss:  10.0 10.0 loc_loss:  0.2856842803955078 reward_loss:  -14.284213066101074
epoch:  39 batch:  60 region_loss:  10.0 10.0 loc_loss:  0.28052696228027346 reward_loss:  -14.026349067687988
epoch:  39 batch:  70 region_loss:  10.0 10.0 loc_loss:  0.29661998748779295 reward_loss:  -14.830997467041016
epoch:  39 batch:  80 region_loss:  10.0 10.0 loc_loss:  0.3107046127319336 reward_loss:  -15.535231590270996
epoch:  39 batch:  90 region_loss:  6.0 6.0 loc_loss:  0.17729026794433594 reward_loss:  -8.864513397216797
epoch:  39 batch:  100 region_loss:  8.0 8.0 loc_loss:  0.21934455871582031 reward_loss:  -10.967230796813965
epoch:  39 batch:  110 region_loss:  4.0 4.0 loc_loss:  0.10895625114440918 reward_loss:  -5.447810173034668
epoch:  39 batch:  120 region_loss:  5.0 5.0 loc_loss:  0.12078883171081543 reward_loss:  -6.039441108703613
epoch:  39 batch:  130 region_loss:  7.0 7.0 loc_loss:  0.2103978157043457 reward_loss:  -10.519889831542969
acc@1:  0.11335841956726246
epoch: 39 region loss 0.17051094890510948 loc loss 0.25479930138065865 reward loss -12.739967200877892
epoch:  40 batch:  0 region_loss:  10.0 10.0 loc_loss:  0.25770408630371094 reward_loss:  -12.88520622253418
epoch:  40 batch:  10 region_loss:  10.0 10.0 loc_loss:  0.2989930534362793 reward_loss:  -14.949651718139648
epoch:  40 batch:  20 region_loss:  10.0 10.0 loc_loss:  0.29575464248657224 reward_loss:  -14.78773307800293
epoch:  40 batch:  30 region_loss:  10.0 10.0 loc_loss:  0.25872900009155275 reward_loss:  -12.93644905090332
epoch:  40 batch:  40 region_loss:  10.0 10.0 loc_loss:  0.35840927124023436 reward_loss:  -17.920461654663086
epoch:  40 batch:  50 region_loss:  10.0 10.0 loc_loss:  0.27050065994262695 reward_loss:  -13.525032997131348
epoch:  40 batch:  60 region_loss:  10.0 10.0 loc_loss:  0.26412109375 reward_loss:  -13.2060546875
epoch:  40 batch:  70 region_loss:  10.0 10.0 loc_loss:  0.28157821655273435 reward_loss:  -14.078910827636719
epoch:  40 batch:  80 region_loss:  10.0 10.0 loc_loss:  0.2921728515625 reward_loss:  -14.608642578125
epoch:  40 batch:  90 region_loss:  6.0 6.0 loc_loss:  0.16625961303710937 reward_loss:  -8.312979698181152
epoch:  40 batch:  100 region_loss:  8.0 8.0 loc_loss:  0.20620546340942383 reward_loss:  -10.310274124145508
epoch:  40 batch:  110 region_loss:  4.0 4.0 loc_loss:  0.10155438423156739 reward_loss:  -5.077717304229736
epoch:  40 batch:  120 region_loss:  5.0 5.0 loc_loss:  0.11277873039245606 reward_loss:  -5.638936996459961
epoch:  40 batch:  130 region_loss:  7.0 7.0 loc_loss:  0.1977560615539551 reward_loss:  -9.88780403137207
acc@1:  0.11241768579492004
epoch: 40 region loss 0.17051094890510948 loc loss 0.24141754667254262 reward loss -12.070877115221789
epoch:  41 batch:  0 region_loss:  10.0 10.0 loc_loss:  0.2429230308532715 reward_loss:  -12.146137237548828
epoch:  41 batch:  10 region_loss:  10.0 10.0 loc_loss:  0.28313810348510743 reward_loss:  -14.156906127929688
epoch:  41 batch:  20 region_loss:  10.0 10.0 loc_loss:  0.285139274597168 reward_loss:  -14.256964683532715
epoch:  41 batch:  30 region_loss:  10.0 10.0 loc_loss:  0.2440641975402832 reward_loss:  -12.203208923339844
epoch:  41 batch:  40 region_loss:  10.0 10.0 loc_loss:  0.3399748229980469 reward_loss:  -16.99873924255371
epoch:  41 batch:  50 region_loss:  10.0 10.0 loc_loss:  0.25587486267089843 reward_loss:  -12.793744087219238
epoch:  41 batch:  60 region_loss:  10.0 10.0 loc_loss:  0.24858875274658204 reward_loss:  -12.429435729980469
epoch:  41 batch:  70 region_loss:  10.0 10.0 loc_loss:  0.26628475189208983 reward_loss:  -13.31423568725586
epoch:  41 batch:  80 region_loss:  10.0 10.0 loc_loss:  0.2741642761230469 reward_loss:  -13.70821475982666
epoch:  41 batch:  90 region_loss:  6.0 6.0 loc_loss:  0.15567851066589355 reward_loss:  -7.783926010131836
epoch:  41 batch:  100 region_loss:  8.0 8.0 loc_loss:  0.19507698059082032 reward_loss:  -9.7538480758667
epoch:  41 batch:  110 region_loss:  4.0 4.0 loc_loss:  0.09445789337158203 reward_loss:  -4.722894668579102
epoch:  41 batch:  120 region_loss:  5.0 5.0 loc_loss:  0.10525800704956055 reward_loss:  -5.262900352478027
epoch:  41 batch:  130 region_loss:  7.0 7.0 loc_loss:  0.1857305908203125 reward_loss:  -9.286528587341309
acc@1:  0.11241768579492004
epoch: 41 region loss 0.17051094890510948 loc loss 0.22850363035271637 reward loss -11.425175344856987
epoch:  42 batch:  0 region_loss:  10.0 10.0 loc_loss:  0.22920448303222657 reward_loss:  -11.460223197937012
epoch:  42 batch:  10 region_loss:  10.0 10.0 loc_loss:  0.26743104934692385 reward_loss:  -13.371553421020508
epoch:  42 batch:  20 region_loss:  10.0 10.0 loc_loss:  0.2732862854003906 reward_loss:  -13.664315223693848
epoch:  42 batch:  30 region_loss:  10.0 10.0 loc_loss:  0.22967327117919922 reward_loss:  -11.483664512634277
epoch:  42 batch:  40 region_loss:  10.0 10.0 loc_loss:  0.32223556518554686 reward_loss:  -16.111778259277344
epoch:  42 batch:  50 region_loss:  10.0 10.0 loc_loss:  0.2418081283569336 reward_loss:  -12.09040641784668
epoch:  42 batch:  60 region_loss:  10.0 10.0 loc_loss:  0.23340534210205077 reward_loss:  -11.670260429382324
epoch:  42 batch:  70 region_loss:  10.0 10.0 loc_loss:  0.25223100662231446 reward_loss:  -12.611550331115723
epoch:  42 batch:  80 region_loss:  10.0 10.0 loc_loss:  0.2572158622741699 reward_loss:  -12.86079216003418
epoch:  42 batch:  90 region_loss:  6.0 6.0 loc_loss:  0.14546051025390624 reward_loss:  -7.2730255126953125
epoch:  42 batch:  100 region_loss:  8.0 8.0 loc_loss:  0.18230291366577148 reward_loss:  -9.11514663696289
epoch:  42 batch:  110 region_loss:  4.0 4.0 loc_loss:  0.08791275024414062 reward_loss:  -4.395637512207031
epoch:  42 batch:  120 region_loss:  5.0 5.0 loc_loss:  0.09823122024536132 reward_loss:  -4.911561489105225
epoch:  42 batch:  130 region_loss:  7.0 7.0 loc_loss:  0.17404378890991212 reward_loss:  -8.702190399169922
acc@1:  0.11053621825023519
epoch: 42 region loss 0.17051094890510948 loc loss 0.2160856901816208 reward loss -10.804290381661296
epoch:  43 batch:  0 region_loss:  10.0 10.0 loc_loss:  0.2166834831237793 reward_loss:  -10.834173202514648
epoch:  43 batch:  10 region_loss:  10.0 10.0 loc_loss:  0.25253990173339846 reward_loss:  -12.626995086669922
epoch:  43 batch:  20 region_loss:  10.0 10.0 loc_loss:  0.26321441650390626 reward_loss:  -13.160720825195312
epoch:  43 batch:  30 region_loss:  10.0 10.0 loc_loss:  0.21670141220092773 reward_loss:  -10.835071563720703
epoch:  43 batch:  40 region_loss:  10.0 10.0 loc_loss:  0.3049628257751465 reward_loss:  -15.248140335083008
epoch:  43 batch:  50 region_loss:  10.0 10.0 loc_loss:  0.22902044296264648 reward_loss:  -11.451020240783691
epoch:  43 batch:  60 region_loss:  10.0 10.0 loc_loss:  0.21947561264038085 reward_loss:  -10.973779678344727
epoch:  43 batch:  70 region_loss:  10.0 10.0 loc_loss:  0.23797048568725587 reward_loss:  -11.898524284362793
epoch:  43 batch:  80 region_loss:  10.0 10.0 loc_loss:  0.240767822265625 reward_loss:  -12.03839111328125
epoch:  43 batch:  90 region_loss:  6.0 6.0 loc_loss:  0.1360742950439453 reward_loss:  -6.803714752197266
epoch:  43 batch:  100 region_loss:  8.0 8.0 loc_loss:  0.17232223510742187 reward_loss:  -8.616106033325195
epoch:  43 batch:  110 region_loss:  4.0 4.0 loc_loss:  0.08152125358581543 reward_loss:  -4.0760626792907715
epoch:  43 batch:  120 region_loss:  5.0 5.0 loc_loss:  0.09145154953002929 reward_loss:  -4.572580814361572
epoch:  43 batch:  130 region_loss:  7.0 7.0 loc_loss:  0.1630461311340332 reward_loss:  -8.152307510375977
acc@1:  0.10865475070555033
epoch: 43 region loss 0.17051094890510948 loc loss 0.2041735113102154 reward loss -10.208676029295816
epoch:  44 batch:  0 region_loss:  10.0 10.0 loc_loss:  0.2040144157409668 reward_loss:  -10.20072078704834
epoch:  44 batch:  10 region_loss:  10.0 10.0 loc_loss:  0.23787405014038085 reward_loss:  -11.893702507019043
epoch:  44 batch:  20 region_loss:  10.0 10.0 loc_loss:  0.25062305450439454 reward_loss:  -12.531152725219727
epoch:  44 batch:  30 region_loss:  10.0 10.0 loc_loss:  0.20373437881469728 reward_loss:  -10.186717987060547
epoch:  44 batch:  40 region_loss:  10.0 10.0 loc_loss:  0.2885385513305664 reward_loss:  -14.426925659179688
epoch:  44 batch:  50 region_loss:  10.0 10.0 loc_loss:  0.2167599868774414 reward_loss:  -10.837998390197754
epoch:  44 batch:  60 region_loss:  10.0 10.0 loc_loss:  0.2053338623046875 reward_loss:  -10.266693115234375
epoch:  44 batch:  70 region_loss:  10.0 10.0 loc_loss:  0.22443611145019532 reward_loss:  -11.221805572509766
epoch:  44 batch:  80 region_loss:  10.0 10.0 loc_loss:  0.22525209426879883 reward_loss:  -11.262604713439941
epoch:  44 batch:  90 region_loss:  6.0 6.0 loc_loss:  0.12668745040893556 reward_loss:  -6.334372520446777
epoch:  44 batch:  100 region_loss:  8.0 8.0 loc_loss:  0.16066154479980468 reward_loss:  -8.033077239990234
epoch:  44 batch:  110 region_loss:  4.0 4.0 loc_loss:  0.07565946578979492 reward_loss:  -3.782973051071167
epoch:  44 batch:  120 region_loss:  5.0 5.0 loc_loss:  0.08528241157531738 reward_loss:  -4.264120578765869
epoch:  44 batch:  130 region_loss:  7.0 7.0 loc_loss:  0.1524309730529785 reward_loss:  -7.621550559997559
acc@1:  0.10630291627469426
epoch: 44 region loss 0.17051094890510948 loc loss 0.19265359606185967 reward loss -9.63267880721684
epoch:  45 batch:  0 region_loss:  10.0 10.0 loc_loss:  0.1917082214355469 reward_loss:  -9.58541202545166
epoch:  45 batch:  10 region_loss:  10.0 10.0 loc_loss:  0.2240156936645508 reward_loss:  -11.200784683227539
epoch:  45 batch:  20 region_loss:  10.0 10.0 loc_loss:  0.2399665069580078 reward_loss:  -11.998332023620605
epoch:  45 batch:  30 region_loss:  10.0 10.0 loc_loss:  0.19195024490356447 reward_loss:  -9.597513198852539
epoch:  45 batch:  40 region_loss:  10.0 10.0 loc_loss:  0.2724382209777832 reward_loss:  -13.621909141540527
epoch:  45 batch:  50 region_loss:  10.0 10.0 loc_loss:  0.2061886978149414 reward_loss:  -10.309432983398438
epoch:  45 batch:  60 region_loss:  10.0 10.0 loc_loss:  0.19275638580322266 reward_loss:  -9.637819290161133
epoch:  45 batch:  70 region_loss:  10.0 10.0 loc_loss:  0.21140865325927735 reward_loss:  -10.570433616638184
epoch:  45 batch:  80 region_loss:  10.0 10.0 loc_loss:  0.21045276641845703 reward_loss:  -10.522636413574219
epoch:  45 batch:  90 region_loss:  6.0 6.0 loc_loss:  0.11832871437072753 reward_loss:  -5.916435718536377
epoch:  45 batch:  100 region_loss:  8.0 8.0 loc_loss:  0.15122757911682128 reward_loss:  -7.561378002166748
epoch:  45 batch:  110 region_loss:  4.0 4.0 loc_loss:  0.06993612766265869 reward_loss:  -3.4968061447143555
epoch:  45 batch:  120 region_loss:  5.0 5.0 loc_loss:  0.07932226181030273 reward_loss:  -3.9661130905151367
epoch:  45 batch:  130 region_loss:  7.0 7.0 loc_loss:  0.14258839607238769 reward_loss:  -7.129417419433594
acc@1:  0.10630291627469426
epoch: 45 region loss 0.17051094890510948 loc loss 0.18164867963234002 reward loss -9.08243425223079
epoch:  46 batch:  0 region_loss:  10.0 10.0 loc_loss:  0.17940704345703126 reward_loss:  -8.970353126525879
epoch:  46 batch:  10 region_loss:  10.0 10.0 loc_loss:  0.21045690536499023 reward_loss:  -10.522844314575195
epoch:  46 batch:  20 region_loss:  10.0 10.0 loc_loss:  0.2280439567565918 reward_loss:  -11.402198791503906
epoch:  46 batch:  30 region_loss:  10.0 10.0 loc_loss:  0.17996635437011718 reward_loss:  -8.998319625854492
epoch:  46 batch:  40 region_loss:  10.0 10.0 loc_loss:  0.25719049453735354 reward_loss:  -12.85952377319336
epoch:  46 batch:  50 region_loss:  10.0 10.0 loc_loss:  0.1949348831176758 reward_loss:  -9.746744155883789
epoch:  46 batch:  60 region_loss:  10.0 10.0 loc_loss:  0.1801941680908203 reward_loss:  -9.0097074508667
epoch:  46 batch:  70 region_loss:  10.0 10.0 loc_loss:  0.19890254974365235 reward_loss:  -9.9451265335083
epoch:  46 batch:  80 region_loss:  10.0 10.0 loc_loss:  0.1962474250793457 reward_loss:  -9.812371253967285
epoch:  46 batch:  90 region_loss:  6.0 6.0 loc_loss:  0.10983424186706543 reward_loss:  -5.491711616516113
epoch:  46 batch:  100 region_loss:  8.0 8.0 loc_loss:  0.1410958480834961 reward_loss:  -7.054790496826172
epoch:  46 batch:  110 region_loss:  4.0 4.0 loc_loss:  0.06476605415344239 reward_loss:  -3.238302707672119
epoch:  46 batch:  120 region_loss:  5.0 5.0 loc_loss:  0.07396282196044922 reward_loss:  -3.6981441974639893
epoch:  46 batch:  130 region_loss:  7.0 7.0 loc_loss:  0.13287936210632323 reward_loss:  -6.643967628479004
acc@1:  0.10583254938852305
epoch: 46 region loss 0.17051094890510948 loc loss 0.17112871893130951 reward loss -8.556435307011988
epoch:  47 batch:  0 region_loss:  10.0 10.0 loc_loss:  0.1682267379760742 reward_loss:  -8.411337852478027
epoch:  47 batch:  10 region_loss:  10.0 10.0 loc_loss:  0.19776874542236328 reward_loss:  -9.88843822479248
epoch:  47 batch:  20 region_loss:  10.0 10.0 loc_loss:  0.2181423759460449 reward_loss:  -10.907118797302246
epoch:  47 batch:  30 region_loss:  10.0 10.0 loc_loss:  0.16878768920898438 reward_loss:  -8.439382553100586
epoch:  47 batch:  40 region_loss:  10.0 10.0 loc_loss:  0.24230403900146485 reward_loss:  -12.11520004272461
epoch:  47 batch:  50 region_loss:  10.0 10.0 loc_loss:  0.18377891540527344 reward_loss:  -9.188947677612305
epoch:  47 batch:  60 region_loss:  10.0 10.0 loc_loss:  0.16879148483276368 reward_loss:  -8.4395751953125
epoch:  47 batch:  70 region_loss:  10.0 10.0 loc_loss:  0.187110595703125 reward_loss:  -9.355530738830566
epoch:  47 batch:  80 region_loss:  10.0 10.0 loc_loss:  0.1830292510986328 reward_loss:  -9.151461601257324
epoch:  47 batch:  90 region_loss:  6.0 6.0 loc_loss:  0.10248088836669922 reward_loss:  -5.124043941497803
epoch:  47 batch:  100 region_loss:  8.0 8.0 loc_loss:  0.1324134349822998 reward_loss:  -6.620677471160889
epoch:  47 batch:  110 region_loss:  4.0 4.0 loc_loss:  0.05969104766845703 reward_loss:  -2.9845528602600098
epoch:  47 batch:  120 region_loss:  5.0 5.0 loc_loss:  0.06868418216705323 reward_loss:  -3.4342024326324463
epoch:  47 batch:  130 region_loss:  7.0 7.0 loc_loss:  0.12406574249267578 reward_loss:  -6.203287124633789
acc@1:  0.10630291627469426
epoch: 47 region loss 0.17051094890510948 loc loss 0.16111027709759063 reward loss -8.055514127233602
epoch:  48 batch:  0 region_loss:  10.0 10.0 loc_loss:  0.1575717830657959 reward_loss:  -7.878587245941162
epoch:  48 batch:  10 region_loss:  10.0 10.0 loc_loss:  0.18545270919799806 reward_loss:  -9.272634506225586
epoch:  48 batch:  20 region_loss:  10.0 10.0 loc_loss:  0.20635486602783204 reward_loss:  -10.317743301391602
epoch:  48 batch:  30 region_loss:  10.0 10.0 loc_loss:  0.15784990310668945 reward_loss:  -7.892495632171631
epoch:  48 batch:  40 region_loss:  10.0 10.0 loc_loss:  0.22878149032592773 reward_loss:  -11.439074516296387
epoch:  48 batch:  50 region_loss:  10.0 10.0 loc_loss:  0.1728192710876465 reward_loss:  -8.640962600708008
epoch:  48 batch:  60 region_loss:  10.0 10.0 loc_loss:  0.1576145362854004 reward_loss:  -7.880726337432861
epoch:  48 batch:  70 region_loss:  10.0 10.0 loc_loss:  0.17583715438842773 reward_loss:  -8.791855812072754
epoch:  48 batch:  80 region_loss:  10.0 10.0 loc_loss:  0.17023433685302736 reward_loss:  -8.511716842651367
epoch:  48 batch:  90 region_loss:  6.0 6.0 loc_loss:  0.09491261482238769 reward_loss:  -4.745627403259277
epoch:  48 batch:  100 region_loss:  8.0 8.0 loc_loss:  0.12327027320861816 reward_loss:  -6.16351318359375
epoch:  48 batch:  110 region_loss:  4.0 4.0 loc_loss:  0.0551363468170166 reward_loss:  -2.75681734085083
epoch:  48 batch:  120 region_loss:  5.0 5.0 loc_loss:  0.06398733615875245 reward_loss:  -3.1993660926818848
epoch:  48 batch:  130 region_loss:  7.0 7.0 loc_loss:  0.11536537170410156 reward_loss:  -5.768268585205078
acc@1:  0.10536218250235184
epoch: 48 region loss 0.17051094890510948 loc loss 0.15163270166320522 reward loss -7.581633502549499
epoch:  49 batch:  0 region_loss:  10.0 10.0 loc_loss:  0.14768203735351562 reward_loss:  -7.384101867675781
epoch:  49 batch:  10 region_loss:  10.0 10.0 loc_loss:  0.173868408203125 reward_loss:  -8.693419456481934
epoch:  49 batch:  20 region_loss:  10.0 10.0 loc_loss:  0.19721538543701173 reward_loss:  -9.860771179199219
epoch:  49 batch:  30 region_loss:  10.0 10.0 loc_loss:  0.14770432472229003 reward_loss:  -7.385214805603027
epoch:  49 batch:  40 region_loss:  10.0 10.0 loc_loss:  0.215194034576416 reward_loss:  -10.759700775146484
epoch:  49 batch:  50 region_loss:  10.0 10.0 loc_loss:  0.16317096710205078 reward_loss:  -8.158549308776855
epoch:  49 batch:  60 region_loss:  10.0 10.0 loc_loss:  0.14744410514831544 reward_loss:  -7.372204303741455
epoch:  49 batch:  70 region_loss:  10.0 10.0 loc_loss:  0.16513439178466796 reward_loss:  -8.256719589233398
epoch:  49 batch:  80 region_loss:  10.0 10.0 loc_loss:  0.1585625648498535 reward_loss:  -7.928129196166992
epoch:  49 batch:  90 region_loss:  6.0 6.0 loc_loss:  0.08862122535705566 reward_loss:  -4.431061267852783
epoch:  49 batch:  100 region_loss:  8.0 8.0 loc_loss:  0.11562904357910156 reward_loss:  -5.7814531326293945
epoch:  49 batch:  110 region_loss:  4.0 4.0 loc_loss:  0.050623607635498044 reward_loss:  -2.5311808586120605
epoch:  49 batch:  120 region_loss:  5.0 5.0 loc_loss:  0.0593682861328125 reward_loss:  -2.9684133529663086
epoch:  49 batch:  130 region_loss:  7.0 7.0 loc_loss:  0.1073228645324707 reward_loss:  -5.366143226623535
acc@1:  0.10630291627469426
epoch: 49 region loss 0.17051094890510948 loc loss 0.14265197294471907 reward loss -7.13260655464047
