nohup: ignoring input
cuda
epoch:  0 batch:  0 region_loss:  10.0 10.0 loc_loss:  1.98797119140625 reward_loss:  -99.39763641357422
epoch:  0 batch:  10 region_loss:  10.0 10.0 loc_loss:  1.9809320068359375 reward_loss:  -99.0482177734375
epoch:  0 batch:  20 region_loss:  10.0 10.0 loc_loss:  1.9717823791503906 reward_loss:  -98.59101104736328
epoch:  0 batch:  30 region_loss:  10.0 10.0 loc_loss:  1.9845875549316405 reward_loss:  -99.22688293457031
epoch:  0 batch:  40 region_loss:  10.0 10.0 loc_loss:  1.9820001220703125 reward_loss:  -99.10115051269531
epoch:  0 batch:  50 region_loss:  10.0 10.0 loc_loss:  1.9847599792480468 reward_loss:  -99.23783874511719
epoch:  0 batch:  60 region_loss:  10.0 10.0 loc_loss:  1.9790052795410156 reward_loss:  -98.95230865478516
epoch:  0 batch:  70 region_loss:  10.0 10.0 loc_loss:  1.9744607543945312 reward_loss:  -98.7257080078125
epoch:  0 batch:  80 region_loss:  10.0 10.0 loc_loss:  1.9803958129882813 reward_loss:  -99.01720428466797
epoch:  0 batch:  90 region_loss:  6.0 6.0 loc_loss:  1.1826487731933595 reward_loss:  -59.12947082519531
epoch:  0 batch:  100 region_loss:  8.0 8.0 loc_loss:  1.5722634887695313 reward_loss:  -78.60953521728516
epoch:  0 batch:  110 region_loss:  4.0 4.0 loc_loss:  0.7854709625244141 reward_loss:  -39.273502349853516
epoch:  0 batch:  120 region_loss:  5.0 5.0 loc_loss:  0.9776763153076172 reward_loss:  -48.88407897949219
epoch:  0 batch:  130 region_loss:  7.0 7.0 loc_loss:  1.3739923095703126 reward_loss:  -68.69833374023438
acc@1:  0.0037629350893697085
epoch: 0 region loss 0.17051094890510948 loc loss 1.6857719683125072 reward loss -84.28853172803447
epoch:  1 batch:  0 region_loss:  10.0 10.0 loc_loss:  1.9125064086914063 reward_loss:  -95.6258773803711
epoch:  1 batch:  10 region_loss:  10.0 10.0 loc_loss:  1.9280728149414061 reward_loss:  -96.40545654296875
epoch:  1 batch:  20 region_loss:  10.0 10.0 loc_loss:  1.9080232238769532 reward_loss:  -95.40008544921875
epoch:  1 batch:  30 region_loss:  10.0 10.0 loc_loss:  1.9229399108886718 reward_loss:  -96.14479064941406
epoch:  1 batch:  40 region_loss:  10.0 10.0 loc_loss:  1.9102333068847657 reward_loss:  -95.51177215576172
epoch:  1 batch:  50 region_loss:  10.0 10.0 loc_loss:  1.90564697265625 reward_loss:  -95.28556060791016
epoch:  1 batch:  60 region_loss:  10.0 10.0 loc_loss:  1.8910456848144532 reward_loss:  -94.5537109375
epoch:  1 batch:  70 region_loss:  10.0 10.0 loc_loss:  1.8644279479980468 reward_loss:  -93.22137451171875
epoch:  1 batch:  80 region_loss:  10.0 10.0 loc_loss:  1.8563735961914063 reward_loss:  -92.8192138671875
epoch:  1 batch:  90 region_loss:  6.0 6.0 loc_loss:  1.1020486450195313 reward_loss:  -55.104103088378906
epoch:  1 batch:  100 region_loss:  8.0 8.0 loc_loss:  1.4551728820800782 reward_loss:  -72.75849151611328
epoch:  1 batch:  110 region_loss:  4.0 4.0 loc_loss:  0.7300002288818359 reward_loss:  -36.50075149536133
epoch:  1 batch:  120 region_loss:  5.0 5.0 loc_loss:  0.9018653869628906 reward_loss:  -45.09333419799805
epoch:  1 batch:  130 region_loss:  7.0 7.0 loc_loss:  1.2534315490722656 reward_loss:  -62.669593811035156
acc@1:  0.02116650987770461
epoch: 1 region loss 0.17051094890510948 loc loss 1.598531813795549 reward loss -79.92673030212848
epoch:  2 batch:  0 region_loss:  10.0 10.0 loc_loss:  1.7286967468261718 reward_loss:  -86.43543243408203
epoch:  2 batch:  10 region_loss:  10.0 10.0 loc_loss:  1.7489549255371093 reward_loss:  -87.44941711425781
epoch:  2 batch:  20 region_loss:  10.0 10.0 loc_loss:  1.7252114868164063 reward_loss:  -86.26087188720703
epoch:  2 batch:  30 region_loss:  10.0 10.0 loc_loss:  1.7733291625976562 reward_loss:  -88.66715240478516
epoch:  2 batch:  40 region_loss:  10.0 10.0 loc_loss:  1.726487579345703 reward_loss:  -86.32557678222656
epoch:  2 batch:  50 region_loss:  10.0 10.0 loc_loss:  1.7687417602539062 reward_loss:  -88.43695068359375
epoch:  2 batch:  60 region_loss:  10.0 10.0 loc_loss:  1.7455813598632812 reward_loss:  -87.27877807617188
epoch:  2 batch:  70 region_loss:  10.0 10.0 loc_loss:  1.7320875549316406 reward_loss:  -86.60433959960938
epoch:  2 batch:  80 region_loss:  10.0 10.0 loc_loss:  1.7255319213867188 reward_loss:  -86.27699279785156
epoch:  2 batch:  90 region_loss:  6.0 6.0 loc_loss:  1.034082565307617 reward_loss:  -51.70458221435547
epoch:  2 batch:  100 region_loss:  8.0 8.0 loc_loss:  1.374507598876953 reward_loss:  -68.72554016113281
epoch:  2 batch:  110 region_loss:  4.0 4.0 loc_loss:  0.6953888702392578 reward_loss:  -34.769710540771484
epoch:  2 batch:  120 region_loss:  5.0 5.0 loc_loss:  0.8631217956542969 reward_loss:  -43.157012939453125
epoch:  2 batch:  130 region_loss:  7.0 7.0 loc_loss:  1.2044912719726562 reward_loss:  -60.22582244873047
acc@1:  0.02916274694261524
epoch: 2 region loss 0.17051094890510948 loc loss 1.4722044289025078 reward loss -73.61033680491204
epoch:  3 batch:  0 region_loss:  10.0 10.0 loc_loss:  1.6761300659179688 reward_loss:  -83.80814361572266
epoch:  3 batch:  10 region_loss:  10.0 10.0 loc_loss:  1.681850128173828 reward_loss:  -84.09227752685547
epoch:  3 batch:  20 region_loss:  10.0 10.0 loc_loss:  1.633399658203125 reward_loss:  -81.66979217529297
epoch:  3 batch:  30 region_loss:  10.0 10.0 loc_loss:  1.70155517578125 reward_loss:  -85.0770263671875
epoch:  3 batch:  40 region_loss:  10.0 10.0 loc_loss:  1.6510287475585939 reward_loss:  -82.55205535888672
epoch:  3 batch:  50 region_loss:  10.0 10.0 loc_loss:  1.7009696960449219 reward_loss:  -85.04859924316406
epoch:  3 batch:  60 region_loss:  10.0 10.0 loc_loss:  1.6809686279296876 reward_loss:  -84.04791259765625
epoch:  3 batch:  70 region_loss:  10.0 10.0 loc_loss:  1.666323699951172 reward_loss:  -83.31524658203125
epoch:  3 batch:  80 region_loss:  10.0 10.0 loc_loss:  1.6666705322265625 reward_loss:  -83.3336181640625
epoch:  3 batch:  90 region_loss:  6.0 6.0 loc_loss:  1.0016594696044923 reward_loss:  -50.08317947387695
epoch:  3 batch:  100 region_loss:  8.0 8.0 loc_loss:  1.3280543518066406 reward_loss:  -66.40255737304688
epoch:  3 batch:  110 region_loss:  4.0 4.0 loc_loss:  0.6759070587158204 reward_loss:  -33.79414367675781
epoch:  3 batch:  120 region_loss:  5.0 5.0 loc_loss:  0.8391848754882812 reward_loss:  -41.959083557128906
epoch:  3 batch:  130 region_loss:  7.0 7.0 loc_loss:  1.1734324645996095 reward_loss:  -58.66947937011719
acc@1:  0.03621825023518344
epoch: 3 region loss 0.17051094890510948 loc loss 1.4136645942186785 reward loss -70.6831857444596
epoch:  4 batch:  0 region_loss:  10.0 10.0 loc_loss:  1.6338841247558593 reward_loss:  -81.69413757324219
epoch:  4 batch:  10 region_loss:  10.0 10.0 loc_loss:  1.63767578125 reward_loss:  -81.88465881347656
epoch:  4 batch:  20 region_loss:  10.0 10.0 loc_loss:  1.56788330078125 reward_loss:  -78.39470672607422
epoch:  4 batch:  30 region_loss:  10.0 10.0 loc_loss:  1.6460763549804687 reward_loss:  -82.30516052246094
epoch:  4 batch:  40 region_loss:  10.0 10.0 loc_loss:  1.5961322021484374 reward_loss:  -79.80632019042969
epoch:  4 batch:  50 region_loss:  10.0 10.0 loc_loss:  1.6453221130371094 reward_loss:  -82.26557922363281
epoch:  4 batch:  60 region_loss:  10.0 10.0 loc_loss:  1.6267204284667969 reward_loss:  -81.3364028930664
epoch:  4 batch:  70 region_loss:  10.0 10.0 loc_loss:  1.6086766052246093 reward_loss:  -80.4336166381836
epoch:  4 batch:  80 region_loss:  10.0 10.0 loc_loss:  1.6156271362304688 reward_loss:  -80.78104400634766
epoch:  4 batch:  90 region_loss:  6.0 6.0 loc_loss:  0.9727254486083985 reward_loss:  -48.63603973388672
epoch:  4 batch:  100 region_loss:  8.0 8.0 loc_loss:  1.2846148681640626 reward_loss:  -64.23029327392578
epoch:  4 batch:  110 region_loss:  4.0 4.0 loc_loss:  0.6581034851074219 reward_loss:  -32.905574798583984
epoch:  4 batch:  120 region_loss:  5.0 5.0 loc_loss:  0.8152838134765625 reward_loss:  -40.76404571533203
epoch:  4 batch:  130 region_loss:  7.0 7.0 loc_loss:  1.1418043518066405 reward_loss:  -57.08994674682617
acc@1:  0.045625587958607716
epoch: 4 region loss 0.17051094890510948 loc loss 1.3657330923706945 reward loss -68.2866400837028
epoch:  5 batch:  0 region_loss:  10.0 10.0 loc_loss:  1.5868290710449218 reward_loss:  -79.34147644042969
epoch:  5 batch:  10 region_loss:  10.0 10.0 loc_loss:  1.5937649536132812 reward_loss:  -79.68795013427734
epoch:  5 batch:  20 region_loss:  10.0 10.0 loc_loss:  1.5037940979003905 reward_loss:  -75.18889617919922
epoch:  5 batch:  30 region_loss:  10.0 10.0 loc_loss:  1.5910794067382812 reward_loss:  -79.5533218383789
epoch:  5 batch:  40 region_loss:  10.0 10.0 loc_loss:  1.541968994140625 reward_loss:  -77.0980224609375
epoch:  5 batch:  50 region_loss:  10.0 10.0 loc_loss:  1.5892431640625 reward_loss:  -79.4621353149414
epoch:  5 batch:  60 region_loss:  10.0 10.0 loc_loss:  1.5724642944335938 reward_loss:  -78.62339782714844
epoch:  5 batch:  70 region_loss:  10.0 10.0 loc_loss:  1.5500001525878906 reward_loss:  -77.49996185302734
epoch:  5 batch:  80 region_loss:  10.0 10.0 loc_loss:  1.563126220703125 reward_loss:  -78.15657043457031
epoch:  5 batch:  90 region_loss:  6.0 6.0 loc_loss:  0.943326644897461 reward_loss:  -47.16629409790039
epoch:  5 batch:  100 region_loss:  8.0 8.0 loc_loss:  1.2387664031982422 reward_loss:  -61.93829345703125
epoch:  5 batch:  110 region_loss:  4.0 4.0 loc_loss:  0.6400382232666015 reward_loss:  -32.002262115478516
epoch:  5 batch:  120 region_loss:  5.0 5.0 loc_loss:  0.789441146850586 reward_loss:  -39.47196960449219
epoch:  5 batch:  130 region_loss:  7.0 7.0 loc_loss:  1.1075881958007812 reward_loss:  -55.379329681396484
acc@1:  0.055973659454374415
epoch: 5 region loss 0.17051094890510948 loc loss 1.3169498624592801 reward loss -65.84746011330263
epoch:  6 batch:  0 region_loss:  10.0 10.0 loc_loss:  1.534104461669922 reward_loss:  -76.70499420166016
epoch:  6 batch:  10 region_loss:  10.0 10.0 loc_loss:  1.545902862548828 reward_loss:  -77.29512023925781
epoch:  6 batch:  20 region_loss:  10.0 10.0 loc_loss:  1.43486572265625 reward_loss:  -71.74327087402344
epoch:  6 batch:  30 region_loss:  10.0 10.0 loc_loss:  1.5324642944335938 reward_loss:  -76.62322235107422
epoch:  6 batch:  40 region_loss:  10.0 10.0 loc_loss:  1.4854367065429688 reward_loss:  -74.27188873291016
epoch:  6 batch:  50 region_loss:  10.0 10.0 loc_loss:  1.5287467956542968 reward_loss:  -76.43734741210938
epoch:  6 batch:  60 region_loss:  10.0 10.0 loc_loss:  1.5150021362304686 reward_loss:  -75.75021362304688
epoch:  6 batch:  70 region_loss:  10.0 10.0 loc_loss:  1.4874131774902344 reward_loss:  -74.37075805664062
epoch:  6 batch:  80 region_loss:  10.0 10.0 loc_loss:  1.5067941284179687 reward_loss:  -75.3399658203125
epoch:  6 batch:  90 region_loss:  6.0 6.0 loc_loss:  0.9120626068115234 reward_loss:  -45.603050231933594
epoch:  6 batch:  100 region_loss:  8.0 8.0 loc_loss:  1.188899383544922 reward_loss:  -59.44483947753906
epoch:  6 batch:  110 region_loss:  4.0 4.0 loc_loss:  0.6207987213134766 reward_loss:  -31.039974212646484
epoch:  6 batch:  120 region_loss:  5.0 5.0 loc_loss:  0.76130615234375 reward_loss:  -38.06532287597656
epoch:  6 batch:  130 region_loss:  7.0 7.0 loc_loss:  1.0703497314453125 reward_loss:  -53.517391204833984
acc@1:  0.06679209783631232
epoch: 6 region loss 0.17051094890510948 loc loss 1.2648500261515596 reward loss -63.242491367089485
epoch:  7 batch:  0 region_loss:  10.0 10.0 loc_loss:  1.4762722778320312 reward_loss:  -73.81354522705078
epoch:  7 batch:  10 region_loss:  10.0 10.0 loc_loss:  1.4921424865722657 reward_loss:  -74.60713958740234
epoch:  7 batch:  20 region_loss:  10.0 10.0 loc_loss:  1.3616923522949218 reward_loss:  -68.08419799804688
epoch:  7 batch:  30 region_loss:  10.0 10.0 loc_loss:  1.4690701293945312 reward_loss:  -73.45352172851562
epoch:  7 batch:  40 region_loss:  10.0 10.0 loc_loss:  1.4277182006835938 reward_loss:  -71.38590240478516
epoch:  7 batch:  50 region_loss:  10.0 10.0 loc_loss:  1.4620884704589843 reward_loss:  -73.10391998291016
epoch:  7 batch:  60 region_loss:  10.0 10.0 loc_loss:  1.453880615234375 reward_loss:  -72.6939926147461
epoch:  7 batch:  70 region_loss:  10.0 10.0 loc_loss:  1.4203782653808594 reward_loss:  -71.01888275146484
epoch:  7 batch:  80 region_loss:  10.0 10.0 loc_loss:  1.447289276123047 reward_loss:  -72.36443328857422
epoch:  7 batch:  90 region_loss:  6.0 6.0 loc_loss:  0.8792294311523438 reward_loss:  -43.96125030517578
epoch:  7 batch:  100 region_loss:  8.0 8.0 loc_loss:  1.1348271179199219 reward_loss:  -56.74128341674805
epoch:  7 batch:  110 region_loss:  4.0 4.0 loc_loss:  0.6005294799804688 reward_loss:  -30.02640151977539
epoch:  7 batch:  120 region_loss:  5.0 5.0 loc_loss:  0.7309736633300781 reward_loss:  -36.54867172241211
epoch:  7 batch:  130 region_loss:  7.0 7.0 loc_loss:  1.0305032348632812 reward_loss:  -51.525150299072266
acc@1:  0.0766698024459078
epoch: 7 region loss 0.17051094890510948 loc loss 1.2094805910987576 reward loss -60.4740266869538
epoch:  8 batch:  0 region_loss:  10.0 10.0 loc_loss:  1.4134169006347657 reward_loss:  -70.67083740234375
epoch:  8 batch:  10 region_loss:  10.0 10.0 loc_loss:  1.4331259155273437 reward_loss:  -71.6563720703125
epoch:  8 batch:  20 region_loss:  10.0 10.0 loc_loss:  1.2865762329101562 reward_loss:  -64.32884216308594
epoch:  8 batch:  30 region_loss:  10.0 10.0 loc_loss:  1.4012586975097656 reward_loss:  -70.06298065185547
epoch:  8 batch:  40 region_loss:  10.0 10.0 loc_loss:  1.3706637573242189 reward_loss:  -68.53318786621094
epoch:  8 batch:  50 region_loss:  10.0 10.0 loc_loss:  1.3900216674804688 reward_loss:  -69.50108337402344
epoch:  8 batch:  60 region_loss:  10.0 10.0 loc_loss:  1.3899848937988282 reward_loss:  -69.49930572509766
epoch:  8 batch:  70 region_loss:  10.0 10.0 loc_loss:  1.3495338439941407 reward_loss:  -67.47669982910156
epoch:  8 batch:  80 region_loss:  10.0 10.0 loc_loss:  1.3855201721191406 reward_loss:  -69.2761001586914
epoch:  8 batch:  90 region_loss:  6.0 6.0 loc_loss:  0.8449578857421876 reward_loss:  -42.2479248046875
epoch:  8 batch:  100 region_loss:  8.0 8.0 loc_loss:  1.0776735687255858 reward_loss:  -53.88326644897461
epoch:  8 batch:  110 region_loss:  4.0 4.0 loc_loss:  0.5792159652709961 reward_loss:  -28.961355209350586
epoch:  8 batch:  120 region_loss:  5.0 5.0 loc_loss:  0.6990964508056641 reward_loss:  -34.954803466796875
epoch:  8 batch:  130 region_loss:  7.0 7.0 loc_loss:  0.988792953491211 reward_loss:  -49.43962478637695
acc@1:  0.0936030103480715
epoch: 8 region loss 0.17051094890510948 loc loss 1.151836545624002 reward loss -57.591843890447684
epoch:  9 batch:  0 region_loss:  10.0 10.0 loc_loss:  1.3466888427734376 reward_loss:  -67.33441925048828
epoch:  9 batch:  10 region_loss:  10.0 10.0 loc_loss:  1.3694606018066406 reward_loss:  -68.47300720214844
epoch:  9 batch:  20 region_loss:  10.0 10.0 loc_loss:  1.2119783782958984 reward_loss:  -60.59883117675781
epoch:  9 batch:  30 region_loss:  10.0 10.0 loc_loss:  1.330601806640625 reward_loss:  -66.53008270263672
epoch:  9 batch:  40 region_loss:  10.0 10.0 loc_loss:  1.3149229431152343 reward_loss:  -65.74613189697266
epoch:  9 batch:  50 region_loss:  10.0 10.0 loc_loss:  1.31429443359375 reward_loss:  -65.71475219726562
epoch:  9 batch:  60 region_loss:  10.0 10.0 loc_loss:  1.3247705078125 reward_loss:  -66.23851013183594
epoch:  9 batch:  70 region_loss:  10.0 10.0 loc_loss:  1.2767012023925781 reward_loss:  -63.83502960205078
epoch:  9 batch:  80 region_loss:  10.0 10.0 loc_loss:  1.3231536865234375 reward_loss:  -66.15766906738281
epoch:  9 batch:  90 region_loss:  6.0 6.0 loc_loss:  0.8096562194824218 reward_loss:  -40.48301315307617
epoch:  9 batch:  100 region_loss:  8.0 8.0 loc_loss:  1.019082260131836 reward_loss:  -50.95401382446289
epoch:  9 batch:  110 region_loss:  4.0 4.0 loc_loss:  0.5570122909545898 reward_loss:  -27.85064697265625
epoch:  9 batch:  120 region_loss:  5.0 5.0 loc_loss:  0.6663636016845703 reward_loss:  -33.31805419921875
epoch:  9 batch:  130 region_loss:  7.0 7.0 loc_loss:  0.9458936309814453 reward_loss:  -47.294677734375
acc@1:  0.10583254938852305
epoch: 9 region loss 0.17051094890510948 loc loss 1.093320606816424 reward loss -54.66603215071407
epoch:  10 batch:  0 region_loss:  10.0 10.0 loc_loss:  1.2775135040283203 reward_loss:  -63.87568664550781
epoch:  10 batch:  10 region_loss:  10.0 10.0 loc_loss:  1.3024111938476564 reward_loss:  -65.12055206298828
epoch:  10 batch:  20 region_loss:  10.0 10.0 loc_loss:  1.1388909912109375 reward_loss:  -56.94453811645508
epoch:  10 batch:  30 region_loss:  10.0 10.0 loc_loss:  1.258885726928711 reward_loss:  -62.944278717041016
epoch:  10 batch:  40 region_loss:  10.0 10.0 loc_loss:  1.2598753356933594 reward_loss:  -62.99383544921875
epoch:  10 batch:  50 region_loss:  10.0 10.0 loc_loss:  1.2369168090820313 reward_loss:  -61.84584045410156
epoch:  10 batch:  60 region_loss:  10.0 10.0 loc_loss:  1.2597674560546874 reward_loss:  -62.988372802734375
epoch:  10 batch:  70 region_loss:  10.0 10.0 loc_loss:  1.2039440155029297 reward_loss:  -60.19719696044922
epoch:  10 batch:  80 region_loss:  10.0 10.0 loc_loss:  1.2620616149902344 reward_loss:  -63.103050231933594
epoch:  10 batch:  90 region_loss:  6.0 6.0 loc_loss:  0.7741283416748047 reward_loss:  -38.70639419555664
epoch:  10 batch:  100 region_loss:  8.0 8.0 loc_loss:  0.9611358642578125 reward_loss:  -48.056785583496094
epoch:  10 batch:  110 region_loss:  4.0 4.0 loc_loss:  0.5342543792724609 reward_loss:  -26.712724685668945
epoch:  10 batch:  120 region_loss:  5.0 5.0 loc_loss:  0.6334796905517578 reward_loss:  -31.673992156982422
epoch:  10 batch:  130 region_loss:  7.0 7.0 loc_loss:  0.9028340911865235 reward_loss:  -45.14170837402344
acc@1:  0.11994355597365945
epoch: 10 region loss 0.17051094890510948 loc loss 1.035373699160388 reward loss -51.768684359362524
epoch:  11 batch:  0 region_loss:  10.0 10.0 loc_loss:  1.2069979095458985 reward_loss:  -60.349918365478516
epoch:  11 batch:  10 region_loss:  10.0 10.0 loc_loss:  1.233578872680664 reward_loss:  -61.678916931152344
epoch:  11 batch:  20 region_loss:  10.0 10.0 loc_loss:  1.0688300323486328 reward_loss:  -53.441429138183594
epoch:  11 batch:  30 region_loss:  10.0 10.0 loc_loss:  1.1874229431152343 reward_loss:  -59.37114715576172
epoch:  11 batch:  40 region_loss:  10.0 10.0 loc_loss:  1.2057045745849608 reward_loss:  -60.28523254394531
epoch:  11 batch:  50 region_loss:  10.0 10.0 loc_loss:  1.1605953216552733 reward_loss:  -58.02975845336914
epoch:  11 batch:  60 region_loss:  10.0 10.0 loc_loss:  1.1960289764404297 reward_loss:  -59.80139923095703
epoch:  11 batch:  70 region_loss:  10.0 10.0 loc_loss:  1.13372802734375 reward_loss:  -56.68639373779297
epoch:  11 batch:  80 region_loss:  10.0 10.0 loc_loss:  1.2034617614746095 reward_loss:  -60.173038482666016
epoch:  11 batch:  90 region_loss:  6.0 6.0 loc_loss:  0.7387176513671875 reward_loss:  -36.93587875366211
epoch:  11 batch:  100 region_loss:  8.0 8.0 loc_loss:  0.9056597137451172 reward_loss:  -45.282958984375
epoch:  11 batch:  110 region_loss:  4.0 4.0 loc_loss:  0.5112591552734375 reward_loss:  -25.562944412231445
epoch:  11 batch:  120 region_loss:  5.0 5.0 loc_loss:  0.6011286926269531 reward_loss:  -30.056476593017578
epoch:  11 batch:  130 region_loss:  7.0 7.0 loc_loss:  0.86024169921875 reward_loss:  -43.01215744018555
acc@1:  0.12558795860771402
epoch: 11 region loss 0.17051094890510948 loc loss 0.9793016993390382 reward loss -48.965087626102196
epoch:  12 batch:  0 region_loss:  10.0 10.0 loc_loss:  1.1373753356933594 reward_loss:  -56.868770599365234
epoch:  12 batch:  10 region_loss:  10.0 10.0 loc_loss:  1.1648817443847657 reward_loss:  -58.24406814575195
epoch:  12 batch:  20 region_loss:  10.0 10.0 loc_loss:  1.0024506378173828 reward_loss:  -50.12251281738281
epoch:  12 batch:  30 region_loss:  10.0 10.0 loc_loss:  1.117219009399414 reward_loss:  -55.86094284057617
epoch:  12 batch:  40 region_loss:  10.0 10.0 loc_loss:  1.1529950714111328 reward_loss:  -57.64973831176758
epoch:  12 batch:  50 region_loss:  10.0 10.0 loc_loss:  1.0873783874511718 reward_loss:  -54.36891174316406
epoch:  12 batch:  60 region_loss:  10.0 10.0 loc_loss:  1.1342865753173828 reward_loss:  -56.714324951171875
epoch:  12 batch:  70 region_loss:  10.0 10.0 loc_loss:  1.0683104705810547 reward_loss:  -53.4155158996582
epoch:  12 batch:  80 region_loss:  10.0 10.0 loc_loss:  1.1478501129150391 reward_loss:  -57.39250564575195
epoch:  12 batch:  90 region_loss:  6.0 6.0 loc_loss:  0.7042638397216797 reward_loss:  -35.21319580078125
epoch:  12 batch:  100 region_loss:  8.0 8.0 loc_loss:  0.8537614440917969 reward_loss:  -42.6880989074707
epoch:  12 batch:  110 region_loss:  4.0 4.0 loc_loss:  0.48833656311035156 reward_loss:  -24.416828155517578
epoch:  12 batch:  120 region_loss:  5.0 5.0 loc_loss:  0.5695935821533203 reward_loss:  -28.479787826538086
epoch:  12 batch:  130 region_loss:  7.0 7.0 loc_loss:  0.8190802001953125 reward_loss:  -40.954036712646484
acc@1:  0.13311382878645345
epoch: 12 region loss 0.17051094890510948 loc loss 0.9260680124881493 reward loss -46.30340402143715
epoch:  13 batch:  0 region_loss:  10.0 10.0 loc_loss:  1.070445327758789 reward_loss:  -53.52226638793945
epoch:  13 batch:  10 region_loss:  10.0 10.0 loc_loss:  1.0984545135498047 reward_loss:  -54.922725677490234
epoch:  13 batch:  20 region_loss:  10.0 10.0 loc_loss:  0.9415994262695313 reward_loss:  -47.07997131347656
epoch:  13 batch:  30 region_loss:  10.0 10.0 loc_loss:  1.0501039123535156 reward_loss:  -52.50519561767578
epoch:  13 batch:  40 region_loss:  10.0 10.0 loc_loss:  1.102060546875 reward_loss:  -55.10301971435547
epoch:  13 batch:  50 region_loss:  10.0 10.0 loc_loss:  1.018663330078125 reward_loss:  -50.93316650390625
epoch:  13 batch:  60 region_loss:  10.0 10.0 loc_loss:  1.075144271850586 reward_loss:  -53.75721740722656
epoch:  13 batch:  70 region_loss:  10.0 10.0 loc_loss:  1.0081379699707032 reward_loss:  -50.40690612792969
epoch:  13 batch:  80 region_loss:  10.0 10.0 loc_loss:  1.0952540588378907 reward_loss:  -54.7627067565918
epoch:  13 batch:  90 region_loss:  6.0 6.0 loc_loss:  0.6711251831054688 reward_loss:  -33.55625915527344
epoch:  13 batch:  100 region_loss:  8.0 8.0 loc_loss:  0.8058850860595703 reward_loss:  -40.29425048828125
epoch:  13 batch:  110 region_loss:  4.0 4.0 loc_loss:  0.4657526397705078 reward_loss:  -23.28763198852539
epoch:  13 batch:  120 region_loss:  5.0 5.0 loc_loss:  0.5396356964111328 reward_loss:  -26.981792449951172
epoch:  13 batch:  130 region_loss:  7.0 7.0 loc_loss:  0.7795638275146485 reward_loss:  -38.97819137573242
acc@1:  0.13264346190028223
epoch: 13 region loss 0.17051094890510948 loc loss 0.876269536262011 reward loss -43.81348086447611
epoch:  14 batch:  0 region_loss:  10.0 10.0 loc_loss:  1.0075951385498048 reward_loss:  -50.37974548339844
epoch:  14 batch:  10 region_loss:  10.0 10.0 loc_loss:  1.0361527252197265 reward_loss:  -51.807640075683594
epoch:  14 batch:  20 region_loss:  10.0 10.0 loc_loss:  0.8865961456298828 reward_loss:  -44.329811096191406
epoch:  14 batch:  30 region_loss:  10.0 10.0 loc_loss:  0.9870760345458984 reward_loss:  -49.35382080078125
epoch:  14 batch:  40 region_loss:  10.0 10.0 loc_loss:  1.0540533447265625 reward_loss:  -52.70266342163086
epoch:  14 batch:  50 region_loss:  10.0 10.0 loc_loss:  0.9553347778320312 reward_loss:  -47.76673889160156
epoch:  14 batch:  60 region_loss:  10.0 10.0 loc_loss:  1.019385986328125 reward_loss:  -50.969295501708984
epoch:  14 batch:  70 region_loss:  10.0 10.0 loc_loss:  0.9533278656005859 reward_loss:  -47.6663818359375
epoch:  14 batch:  80 region_loss:  10.0 10.0 loc_loss:  1.0453720092773438 reward_loss:  -52.26860427856445
epoch:  14 batch:  90 region_loss:  6.0 6.0 loc_loss:  0.6396623229980469 reward_loss:  -31.983131408691406
epoch:  14 batch:  100 region_loss:  8.0 8.0 loc_loss:  0.7620988464355469 reward_loss:  -38.104942321777344
epoch:  14 batch:  110 region_loss:  4.0 4.0 loc_loss:  0.4438448715209961 reward_loss:  -22.192241668701172
epoch:  14 batch:  120 region_loss:  5.0 5.0 loc_loss:  0.5109105682373047 reward_loss:  -25.54551887512207
epoch:  14 batch:  130 region_loss:  7.0 7.0 loc_loss:  0.7421195983886719 reward_loss:  -37.10598373413086
acc@1:  0.1396989651928504
epoch: 14 region loss 0.17051094890510948 loc loss 0.8301641631300432 reward loss -41.508209019681836
epoch:  15 batch:  0 region_loss:  10.0 10.0 loc_loss:  0.9500817108154297 reward_loss:  -47.50407791137695
epoch:  15 batch:  10 region_loss:  10.0 10.0 loc_loss:  0.9788871765136719 reward_loss:  -48.944358825683594
epoch:  15 batch:  20 region_loss:  10.0 10.0 loc_loss:  0.837667236328125 reward_loss:  -41.88336181640625
epoch:  15 batch:  30 region_loss:  10.0 10.0 loc_loss:  0.9294281768798828 reward_loss:  -46.471412658691406
epoch:  15 batch:  40 region_loss:  10.0 10.0 loc_loss:  1.009281005859375 reward_loss:  -50.464054107666016
epoch:  15 batch:  50 region_loss:  10.0 10.0 loc_loss:  0.8981593322753906 reward_loss:  -44.9079704284668
epoch:  15 batch:  60 region_loss:  10.0 10.0 loc_loss:  0.96732666015625 reward_loss:  -48.366336822509766
epoch:  15 batch:  70 region_loss:  10.0 10.0 loc_loss:  0.9032669067382812 reward_loss:  -45.16334915161133
epoch:  15 batch:  80 region_loss:  10.0 10.0 loc_loss:  0.9984214782714844 reward_loss:  -49.92106628417969
epoch:  15 batch:  90 region_loss:  6.0 6.0 loc_loss:  0.610201530456543 reward_loss:  -30.510074615478516
epoch:  15 batch:  100 region_loss:  8.0 8.0 loc_loss:  0.7224071502685547 reward_loss:  -36.120357513427734
epoch:  15 batch:  110 region_loss:  4.0 4.0 loc_loss:  0.42282962799072266 reward_loss:  -21.141517639160156
epoch:  15 batch:  120 region_loss:  5.0 5.0 loc_loss:  0.48360916137695314 reward_loss:  -24.18048095703125
epoch:  15 batch:  130 region_loss:  7.0 7.0 loc_loss:  0.706805191040039 reward_loss:  -35.34025573730469
acc@1:  0.14393226716839136
epoch: 15 region loss 0.17051094890510948 loc loss 0.7877456450636369 reward loss -39.387290314166215
epoch:  16 batch:  0 region_loss:  10.0 10.0 loc_loss:  0.8979369354248047 reward_loss:  -44.8968505859375
epoch:  16 batch:  10 region_loss:  10.0 10.0 loc_loss:  0.9268348693847657 reward_loss:  -46.34172058105469
epoch:  16 batch:  20 region_loss:  10.0 10.0 loc_loss:  0.7944533538818359 reward_loss:  -39.72267150878906
epoch:  16 batch:  30 region_loss:  10.0 10.0 loc_loss:  0.8775157928466797 reward_loss:  -43.875789642333984
epoch:  16 batch:  40 region_loss:  10.0 10.0 loc_loss:  0.9680195617675781 reward_loss:  -48.400978088378906
epoch:  16 batch:  50 region_loss:  10.0 10.0 loc_loss:  0.8473482513427735 reward_loss:  -42.36741256713867
epoch:  16 batch:  60 region_loss:  10.0 10.0 loc_loss:  0.9185580444335938 reward_loss:  -45.92790985107422
epoch:  16 batch:  70 region_loss:  10.0 10.0 loc_loss:  0.8575453186035156 reward_loss:  -42.87726974487305
epoch:  16 batch:  80 region_loss:  10.0 10.0 loc_loss:  0.954239501953125 reward_loss:  -47.71197509765625
epoch:  16 batch:  90 region_loss:  6.0 6.0 loc_loss:  0.5826462173461914 reward_loss:  -29.132308959960938
epoch:  16 batch:  100 region_loss:  8.0 8.0 loc_loss:  0.6861599731445313 reward_loss:  -34.3079948425293
epoch:  16 batch:  110 region_loss:  4.0 4.0 loc_loss:  0.40261547088623045 reward_loss:  -20.130773544311523
epoch:  16 batch:  120 region_loss:  5.0 5.0 loc_loss:  0.45763526916503905 reward_loss:  -22.88181495666504
epoch:  16 batch:  130 region_loss:  7.0 7.0 loc_loss:  0.6736794281005859 reward_loss:  -33.6839714050293
acc@1:  0.1462841015992474
epoch: 16 region loss 0.17051094890510948 loc loss 0.7488000452083392 reward loss -37.44000233002823
epoch:  17 batch:  0 region_loss:  10.0 10.0 loc_loss:  0.850680160522461 reward_loss:  -42.53401184082031
epoch:  17 batch:  10 region_loss:  10.0 10.0 loc_loss:  0.8795919036865234 reward_loss:  -43.979591369628906
epoch:  17 batch:  20 region_loss:  10.0 10.0 loc_loss:  0.7564364624023437 reward_loss:  -37.82182312011719
epoch:  17 batch:  30 region_loss:  10.0 10.0 loc_loss:  0.8301683044433594 reward_loss:  -41.5084114074707
epoch:  17 batch:  40 region_loss:  10.0 10.0 loc_loss:  0.9299787902832031 reward_loss:  -46.498939514160156
epoch:  17 batch:  50 region_loss:  10.0 10.0 loc_loss:  0.8021720123291015 reward_loss:  -40.10859298706055
epoch:  17 batch:  60 region_loss:  10.0 10.0 loc_loss:  0.872642593383789 reward_loss:  -43.63214111328125
epoch:  17 batch:  70 region_loss:  10.0 10.0 loc_loss:  0.8156123352050781 reward_loss:  -40.78062438964844
epoch:  17 batch:  80 region_loss:  10.0 10.0 loc_loss:  0.9126299285888672 reward_loss:  -45.63148880004883
epoch:  17 batch:  90 region_loss:  6.0 6.0 loc_loss:  0.5567265319824218 reward_loss:  -27.836326599121094
epoch:  17 batch:  100 region_loss:  8.0 8.0 loc_loss:  0.65299072265625 reward_loss:  -32.649539947509766
epoch:  17 batch:  110 region_loss:  4.0 4.0 loc_loss:  0.3831924057006836 reward_loss:  -19.15962028503418
epoch:  17 batch:  120 region_loss:  5.0 5.0 loc_loss:  0.4329681396484375 reward_loss:  -21.648386001586914
epoch:  17 batch:  130 region_loss:  7.0 7.0 loc_loss:  0.6427448272705079 reward_loss:  -32.13724136352539
acc@1:  0.14675446848541862
epoch: 17 region loss 0.17051094890510948 loc loss 0.7129949469461928 reward loss -35.64974078992858
epoch:  18 batch:  0 region_loss:  10.0 10.0 loc_loss:  0.8075373077392578 reward_loss:  -40.37686538696289
epoch:  18 batch:  10 region_loss:  10.0 10.0 loc_loss:  0.8364715576171875 reward_loss:  -41.82357406616211
epoch:  18 batch:  20 region_loss:  10.0 10.0 loc_loss:  0.7226529693603516 reward_loss:  -36.132659912109375
epoch:  18 batch:  30 region_loss:  10.0 10.0 loc_loss:  0.7868844604492188 reward_loss:  -39.34421920776367
epoch:  18 batch:  40 region_loss:  10.0 10.0 loc_loss:  0.8946633148193359 reward_loss:  -44.7331657409668
epoch:  18 batch:  50 region_loss:  10.0 10.0 loc_loss:  0.7619622039794922 reward_loss:  -38.09811019897461
epoch:  18 batch:  60 region_loss:  10.0 10.0 loc_loss:  0.8294406127929688 reward_loss:  -41.47202682495117
epoch:  18 batch:  70 region_loss:  10.0 10.0 loc_loss:  0.7771186828613281 reward_loss:  -38.855934143066406
epoch:  18 batch:  80 region_loss:  10.0 10.0 loc_loss:  0.8733556365966797 reward_loss:  -43.66777420043945
epoch:  18 batch:  90 region_loss:  6.0 6.0 loc_loss:  0.5324421691894531 reward_loss:  -26.622106552124023
epoch:  18 batch:  100 region_loss:  8.0 8.0 loc_loss:  0.6223131942749024 reward_loss:  -31.115657806396484
epoch:  18 batch:  110 region_loss:  4.0 4.0 loc_loss:  0.3645790100097656 reward_loss:  -18.228952407836914
epoch:  18 batch:  120 region_loss:  5.0 5.0 loc_loss:  0.40965072631835936 reward_loss:  -20.482595443725586
epoch:  18 batch:  130 region_loss:  7.0 7.0 loc_loss:  0.6137320709228515 reward_loss:  -30.686601638793945
acc@1:  0.14675446848541862
epoch: 18 region loss 0.17051094890510948 loc loss 0.6799385029034023 reward loss -33.996924233262554
epoch:  19 batch:  0 region_loss:  10.0 10.0 loc_loss:  0.7677935791015625 reward_loss:  -38.389678955078125
epoch:  19 batch:  10 region_loss:  10.0 10.0 loc_loss:  0.7970603942871094 reward_loss:  -39.85301971435547
epoch:  19 batch:  20 region_loss:  10.0 10.0 loc_loss:  0.6920560455322265 reward_loss:  -34.602806091308594
epoch:  19 batch:  30 region_loss:  10.0 10.0 loc_loss:  0.7473014831542969 reward_loss:  -37.36507034301758
epoch:  19 batch:  40 region_loss:  10.0 10.0 loc_loss:  0.8617413330078125 reward_loss:  -43.087066650390625
epoch:  19 batch:  50 region_loss:  10.0 10.0 loc_loss:  0.7254669952392578 reward_loss:  -36.273345947265625
epoch:  19 batch:  60 region_loss:  10.0 10.0 loc_loss:  0.7884896850585937 reward_loss:  -39.42448425292969
epoch:  19 batch:  70 region_loss:  10.0 10.0 loc_loss:  0.7414238739013672 reward_loss:  -37.071189880371094
epoch:  19 batch:  80 region_loss:  10.0 10.0 loc_loss:  0.8360848236083984 reward_loss:  -41.80424499511719
epoch:  19 batch:  90 region_loss:  6.0 6.0 loc_loss:  0.5094046783447266 reward_loss:  -25.470237731933594
epoch:  19 batch:  100 region_loss:  8.0 8.0 loc_loss:  0.5938376235961914 reward_loss:  -29.691883087158203
epoch:  19 batch:  110 region_loss:  4.0 4.0 loc_loss:  0.34667396545410156 reward_loss:  -17.333694458007812
epoch:  19 batch:  120 region_loss:  5.0 5.0 loc_loss:  0.38764472961425783 reward_loss:  -19.38213348388672
epoch:  19 batch:  130 region_loss:  7.0 7.0 loc_loss:  0.58622802734375 reward_loss:  -29.311397552490234
acc@1:  0.14346190028222014
epoch: 19 region loss 0.17051094890510948 loc loss 0.64925356468145 reward loss -32.462677677182384
epoch:  20 batch:  0 region_loss:  10.0 10.0 loc_loss:  0.7310858917236328 reward_loss:  -36.55429458618164
epoch:  20 batch:  10 region_loss:  10.0 10.0 loc_loss:  0.7605604553222656 reward_loss:  -38.02802276611328
epoch:  20 batch:  20 region_loss:  10.0 10.0 loc_loss:  0.6639742279052734 reward_loss:  -33.19871139526367
epoch:  20 batch:  30 region_loss:  10.0 10.0 loc_loss:  0.7105268096923828 reward_loss:  -35.52634048461914
epoch:  20 batch:  40 region_loss:  10.0 10.0 loc_loss:  0.8304696655273438 reward_loss:  -41.52347946166992
epoch:  20 batch:  50 region_loss:  10.0 10.0 loc_loss:  0.6920352172851563 reward_loss:  -34.60176086425781
epoch:  20 batch:  60 region_loss:  10.0 10.0 loc_loss:  0.7496494293212891 reward_loss:  -37.48246765136719
epoch:  20 batch:  70 region_loss:  10.0 10.0 loc_loss:  0.7082648468017578 reward_loss:  -35.41324234008789
epoch:  20 batch:  80 region_loss:  10.0 10.0 loc_loss:  0.8006309509277344 reward_loss:  -40.03154754638672
epoch:  20 batch:  90 region_loss:  6.0 6.0 loc_loss:  0.4875027084350586 reward_loss:  -24.375131607055664
epoch:  20 batch:  100 region_loss:  8.0 8.0 loc_loss:  0.567008056640625 reward_loss:  -28.350404739379883
epoch:  20 batch:  110 region_loss:  4.0 4.0 loc_loss:  0.3295237350463867 reward_loss:  -16.476194381713867
epoch:  20 batch:  120 region_loss:  5.0 5.0 loc_loss:  0.36676624298095706 reward_loss:  -18.338359832763672
epoch:  20 batch:  130 region_loss:  7.0 7.0 loc_loss:  0.5602474212646484 reward_loss:  -28.012372970581055
acc@1:  0.14111006585136407
epoch: 20 region loss 0.17051094890510948 loc loss 0.6205910672932646 reward loss -31.029554464521198
epoch:  21 batch:  0 region_loss:  10.0 10.0 loc_loss:  0.6968387603759766 reward_loss:  -34.84193420410156
epoch:  21 batch:  10 region_loss:  10.0 10.0 loc_loss:  0.7265191650390626 reward_loss:  -36.325965881347656
epoch:  21 batch:  20 region_loss:  10.0 10.0 loc_loss:  0.6379895782470704 reward_loss:  -31.89948844909668
epoch:  21 batch:  30 region_loss:  10.0 10.0 loc_loss:  0.67652587890625 reward_loss:  -33.826290130615234
epoch:  21 batch:  40 region_loss:  10.0 10.0 loc_loss:  0.8007704925537109 reward_loss:  -40.03852081298828
epoch:  21 batch:  50 region_loss:  10.0 10.0 loc_loss:  0.661399917602539 reward_loss:  -33.06999206542969
epoch:  21 batch:  60 region_loss:  10.0 10.0 loc_loss:  0.7128726196289062 reward_loss:  -35.64363098144531
epoch:  21 batch:  70 region_loss:  10.0 10.0 loc_loss:  0.6773299407958985 reward_loss:  -33.86649703979492
epoch:  21 batch:  80 region_loss:  10.0 10.0 loc_loss:  0.7667599487304687 reward_loss:  -38.33799743652344
epoch:  21 batch:  90 region_loss:  6.0 6.0 loc_loss:  0.4665907669067383 reward_loss:  -23.329540252685547
epoch:  21 batch:  100 region_loss:  8.0 8.0 loc_loss:  0.5417258071899415 reward_loss:  -27.08629035949707
epoch:  21 batch:  110 region_loss:  4.0 4.0 loc_loss:  0.3130605125427246 reward_loss:  -15.653038024902344
epoch:  21 batch:  120 region_loss:  5.0 5.0 loc_loss:  0.3469735717773437 reward_loss:  -17.348508834838867
epoch:  21 batch:  130 region_loss:  7.0 7.0 loc_loss:  0.5355274200439453 reward_loss:  -26.776371002197266
acc@1:  0.14346190028222014
epoch: 21 region loss 0.17051094890510948 loc loss 0.5936624130193334 reward loss -29.683118861957187
epoch:  22 batch:  0 region_loss:  10.0 10.0 loc_loss:  0.6645895385742188 reward_loss:  -33.22947311401367
epoch:  22 batch:  10 region_loss:  10.0 10.0 loc_loss:  0.6948207092285156 reward_loss:  -34.74103546142578
epoch:  22 batch:  20 region_loss:  10.0 10.0 loc_loss:  0.6135988235473633 reward_loss:  -30.679943084716797
epoch:  22 batch:  30 region_loss:  10.0 10.0 loc_loss:  0.6447760772705078 reward_loss:  -32.23880386352539
epoch:  22 batch:  40 region_loss:  10.0 10.0 loc_loss:  0.7723249053955078 reward_loss:  -38.616241455078125
epoch:  22 batch:  50 region_loss:  10.0 10.0 loc_loss:  0.6329189300537109 reward_loss:  -31.645944595336914
epoch:  22 batch:  60 region_loss:  10.0 10.0 loc_loss:  0.6780287933349609 reward_loss:  -33.90143966674805
epoch:  22 batch:  70 region_loss:  10.0 10.0 loc_loss:  0.6480821228027344 reward_loss:  -32.40410614013672
epoch:  22 batch:  80 region_loss:  10.0 10.0 loc_loss:  0.7342780303955078 reward_loss:  -36.713905334472656
epoch:  22 batch:  90 region_loss:  6.0 6.0 loc_loss:  0.44648754119873046 reward_loss:  -22.324378967285156
epoch:  22 batch:  100 region_loss:  8.0 8.0 loc_loss:  0.5175148010253906 reward_loss:  -25.87574005126953
epoch:  22 batch:  110 region_loss:  4.0 4.0 loc_loss:  0.2973141860961914 reward_loss:  -14.865707397460938
epoch:  22 batch:  120 region_loss:  5.0 5.0 loc_loss:  0.3282979583740234 reward_loss:  -16.415206909179688
epoch:  22 batch:  130 region_loss:  7.0 7.0 loc_loss:  0.5118355941772461 reward_loss:  -25.591777801513672
acc@1:  0.14205079962370648
epoch: 22 region loss 0.17051094890510948 loc loss 0.5681950003213256 reward loss -28.409752553396853
epoch:  23 batch:  0 region_loss:  10.0 10.0 loc_loss:  0.6341213989257812 reward_loss:  -31.706069946289062
epoch:  23 batch:  10 region_loss:  10.0 10.0 loc_loss:  0.6647735595703125 reward_loss:  -33.238677978515625
epoch:  23 batch:  20 region_loss:  10.0 10.0 loc_loss:  0.5903580856323242 reward_loss:  -29.51790428161621
epoch:  23 batch:  30 region_loss:  10.0 10.0 loc_loss:  0.614947280883789 reward_loss:  -30.74736213684082
epoch:  23 batch:  40 region_loss:  10.0 10.0 loc_loss:  0.7447203826904297 reward_loss:  -37.23602294921875
epoch:  23 batch:  50 region_loss:  10.0 10.0 loc_loss:  0.6062630844116211 reward_loss:  -30.313154220581055
epoch:  23 batch:  60 region_loss:  10.0 10.0 loc_loss:  0.6450386810302734 reward_loss:  -32.25193405151367
epoch:  23 batch:  70 region_loss:  10.0 10.0 loc_loss:  0.6204471206665039 reward_loss:  -31.022357940673828
epoch:  23 batch:  80 region_loss:  10.0 10.0 loc_loss:  0.7029927825927734 reward_loss:  -35.14964294433594
epoch:  23 batch:  90 region_loss:  6.0 6.0 loc_loss:  0.4270563888549805 reward_loss:  -21.35281753540039
epoch:  23 batch:  100 region_loss:  8.0 8.0 loc_loss:  0.49424846649169923 reward_loss:  -24.712421417236328
epoch:  23 batch:  110 region_loss:  4.0 4.0 loc_loss:  0.28205774307250975 reward_loss:  -14.102890968322754
epoch:  23 batch:  120 region_loss:  5.0 5.0 loc_loss:  0.3106070899963379 reward_loss:  -15.530322074890137
epoch:  23 batch:  130 region_loss:  7.0 7.0 loc_loss:  0.48896121978759766 reward_loss:  -24.448060989379883
acc@1:  0.13734713076199437
epoch: 23 region loss 0.17051094890510948 loc loss 0.5440125206439164 reward loss -27.200625043715874
epoch:  24 batch:  0 region_loss:  10.0 10.0 loc_loss:  0.6052043533325195 reward_loss:  -30.260215759277344
epoch:  24 batch:  10 region_loss:  10.0 10.0 loc_loss:  0.6363467025756836 reward_loss:  -31.817337036132812
epoch:  24 batch:  20 region_loss:  10.0 10.0 loc_loss:  0.5683972930908203 reward_loss:  -28.41986656188965
epoch:  24 batch:  30 region_loss:  10.0 10.0 loc_loss:  0.5866294860839844 reward_loss:  -29.331472396850586
epoch:  24 batch:  40 region_loss:  10.0 10.0 loc_loss:  0.7180264282226563 reward_loss:  -35.90132141113281
epoch:  24 batch:  50 region_loss:  10.0 10.0 loc_loss:  0.5810375595092774 reward_loss:  -29.0518741607666
epoch:  24 batch:  60 region_loss:  10.0 10.0 loc_loss:  0.6138558959960938 reward_loss:  -30.692792892456055
epoch:  24 batch:  70 region_loss:  10.0 10.0 loc_loss:  0.594150276184082 reward_loss:  -29.70751190185547
epoch:  24 batch:  80 region_loss:  10.0 10.0 loc_loss:  0.6728132629394531 reward_loss:  -33.640663146972656
epoch:  24 batch:  90 region_loss:  6.0 6.0 loc_loss:  0.4081517028808594 reward_loss:  -20.40758514404297
epoch:  24 batch:  100 region_loss:  8.0 8.0 loc_loss:  0.4721018600463867 reward_loss:  -23.6050968170166
epoch:  24 batch:  110 region_loss:  4.0 4.0 loc_loss:  0.26745479583740234 reward_loss:  -13.372747421264648
epoch:  24 batch:  120 region_loss:  5.0 5.0 loc_loss:  0.2938094711303711 reward_loss:  -14.690458297729492
epoch:  24 batch:  130 region_loss:  7.0 7.0 loc_loss:  0.467108268737793 reward_loss:  -23.355411529541016
acc@1:  0.1354656632173095
epoch: 24 region loss 0.17051094890510948 loc loss 0.5209252795337761 reward loss -26.046263492890517
epoch:  25 batch:  0 region_loss:  10.0 10.0 loc_loss:  0.5776237869262695 reward_loss:  -28.881187438964844
epoch:  25 batch:  10 region_loss:  10.0 10.0 loc_loss:  0.6092185211181641 reward_loss:  -30.460922241210938
epoch:  25 batch:  20 region_loss:  10.0 10.0 loc_loss:  0.5473200607299805 reward_loss:  -27.366004943847656
epoch:  25 batch:  30 region_loss:  10.0 10.0 loc_loss:  0.5597847747802734 reward_loss:  -27.989238739013672
epoch:  25 batch:  40 region_loss:  10.0 10.0 loc_loss:  0.6917957305908203 reward_loss:  -34.589786529541016
epoch:  25 batch:  50 region_loss:  10.0 10.0 loc_loss:  0.5571408462524414 reward_loss:  -27.857036590576172
epoch:  25 batch:  60 region_loss:  10.0 10.0 loc_loss:  0.5841667556762695 reward_loss:  -29.208335876464844
epoch:  25 batch:  70 region_loss:  10.0 10.0 loc_loss:  0.5693646240234375 reward_loss:  -28.46822738647461
epoch:  25 batch:  80 region_loss:  10.0 10.0 loc_loss:  0.643485336303711 reward_loss:  -32.17427062988281
epoch:  25 batch:  90 region_loss:  6.0 6.0 loc_loss:  0.3898632049560547 reward_loss:  -19.493162155151367
epoch:  25 batch:  100 region_loss:  8.0 8.0 loc_loss:  0.4506360626220703 reward_loss:  -22.53180694580078
epoch:  25 batch:  110 region_loss:  4.0 4.0 loc_loss:  0.2534923934936523 reward_loss:  -12.674615859985352
epoch:  25 batch:  120 region_loss:  5.0 5.0 loc_loss:  0.277863655090332 reward_loss:  -13.893167495727539
epoch:  25 batch:  130 region_loss:  7.0 7.0 loc_loss:  0.4458567428588867 reward_loss:  -22.292837142944336
acc@1:  0.13076199435559738
epoch: 25 region loss 0.17051094890510948 loc loss 0.4988079530479264 reward loss -24.940398139675167
epoch:  26 batch:  0 region_loss:  10.0 10.0 loc_loss:  0.5513084411621094 reward_loss:  -27.56542205810547
epoch:  26 batch:  10 region_loss:  10.0 10.0 loc_loss:  0.5833174896240234 reward_loss:  -29.165874481201172
epoch:  26 batch:  20 region_loss:  10.0 10.0 loc_loss:  0.5274470901489258 reward_loss:  -26.37235450744629
epoch:  26 batch:  30 region_loss:  10.0 10.0 loc_loss:  0.5338763427734375 reward_loss:  -26.693817138671875
epoch:  26 batch:  40 region_loss:  10.0 10.0 loc_loss:  0.6662065887451172 reward_loss:  -33.31032943725586
epoch:  26 batch:  50 region_loss:  10.0 10.0 loc_loss:  0.5341838073730468 reward_loss:  -26.709192276000977
epoch:  26 batch:  60 region_loss:  10.0 10.0 loc_loss:  0.5560847854614258 reward_loss:  -27.80423927307129
epoch:  26 batch:  70 region_loss:  10.0 10.0 loc_loss:  0.5456052017211914 reward_loss:  -27.28026008605957
epoch:  26 batch:  80 region_loss:  10.0 10.0 loc_loss:  0.6150412368774414 reward_loss:  -30.752058029174805
epoch:  26 batch:  90 region_loss:  6.0 6.0 loc_loss:  0.3719796371459961 reward_loss:  -18.598981857299805
epoch:  26 batch:  100 region_loss:  8.0 8.0 loc_loss:  0.42994930267333986 reward_loss:  -21.49746322631836
epoch:  26 batch:  110 region_loss:  4.0 4.0 loc_loss:  0.23997339248657226 reward_loss:  -11.998673439025879
epoch:  26 batch:  120 region_loss:  5.0 5.0 loc_loss:  0.262677001953125 reward_loss:  -13.133808135986328
epoch:  26 batch:  130 region_loss:  7.0 7.0 loc_loss:  0.42519901275634764 reward_loss:  -21.259950637817383
acc@1:  0.1284101599247413
epoch: 26 region loss 0.17051094890510948 loc loss 0.47755391475928094 reward loss -23.87769473208128
epoch:  27 batch:  0 region_loss:  10.0 10.0 loc_loss:  0.5258671188354492 reward_loss:  -26.293384552001953
epoch:  27 batch:  10 region_loss:  10.0 10.0 loc_loss:  0.5584536743164062 reward_loss:  -27.922691345214844
epoch:  27 batch:  20 region_loss:  10.0 10.0 loc_loss:  0.5079731750488281 reward_loss:  -25.398658752441406
epoch:  27 batch:  30 region_loss:  10.0 10.0 loc_loss:  0.509202880859375 reward_loss:  -25.46014404296875
epoch:  27 batch:  40 region_loss:  10.0 10.0 loc_loss:  0.6412506866455078 reward_loss:  -32.06253433227539
epoch:  27 batch:  50 region_loss:  10.0 10.0 loc_loss:  0.5121355438232422 reward_loss:  -25.606775283813477
epoch:  27 batch:  60 region_loss:  10.0 10.0 loc_loss:  0.529118766784668 reward_loss:  -26.455936431884766
epoch:  27 batch:  70 region_loss:  10.0 10.0 loc_loss:  0.5227653121948242 reward_loss:  -26.138263702392578
epoch:  27 batch:  80 region_loss:  10.0 10.0 loc_loss:  0.5876274108886719 reward_loss:  -29.381370544433594
epoch:  27 batch:  90 region_loss:  6.0 6.0 loc_loss:  0.3545854187011719 reward_loss:  -17.729270935058594
epoch:  27 batch:  100 region_loss:  8.0 8.0 loc_loss:  0.41003746032714844 reward_loss:  -20.501880645751953
epoch:  27 batch:  110 region_loss:  4.0 4.0 loc_loss:  0.22696746826171876 reward_loss:  -11.34837532043457
epoch:  27 batch:  120 region_loss:  5.0 5.0 loc_loss:  0.24829669952392577 reward_loss:  -12.414802551269531
epoch:  27 batch:  130 region_loss:  7.0 7.0 loc_loss:  0.405470085144043 reward_loss:  -20.27350616455078
acc@1:  0.12746942615239887
epoch: 27 region loss 0.17051094890510948 loc loss 0.4570630219034905 reward loss -22.853150966393688
epoch:  28 batch:  0 region_loss:  10.0 10.0 loc_loss:  0.5015886306762696 reward_loss:  -25.079431533813477
epoch:  28 batch:  10 region_loss:  10.0 10.0 loc_loss:  0.534295425415039 reward_loss:  -26.714767456054688
epoch:  28 batch:  20 region_loss:  10.0 10.0 loc_loss:  0.4892686080932617 reward_loss:  -24.463430404663086
epoch:  28 batch:  30 region_loss:  10.0 10.0 loc_loss:  0.48544166564941404 reward_loss:  -24.27208137512207
epoch:  28 batch:  40 region_loss:  10.0 10.0 loc_loss:  0.6167742919921875 reward_loss:  -30.838714599609375
epoch:  28 batch:  50 region_loss:  10.0 10.0 loc_loss:  0.490947380065918 reward_loss:  -24.5473690032959
epoch:  28 batch:  60 region_loss:  10.0 10.0 loc_loss:  0.5033305740356445 reward_loss:  -25.166522979736328
epoch:  28 batch:  70 region_loss:  10.0 10.0 loc_loss:  0.5009423446655273 reward_loss:  -25.047117233276367
epoch:  28 batch:  80 region_loss:  10.0 10.0 loc_loss:  0.5606213760375977 reward_loss:  -28.031068801879883
epoch:  28 batch:  90 region_loss:  6.0 6.0 loc_loss:  0.3376308059692383 reward_loss:  -16.88153839111328
epoch:  28 batch:  100 region_loss:  8.0 8.0 loc_loss:  0.39079727172851564 reward_loss:  -19.539865493774414
epoch:  28 batch:  110 region_loss:  4.0 4.0 loc_loss:  0.21445606231689454 reward_loss:  -10.722798347473145
epoch:  28 batch:  120 region_loss:  5.0 5.0 loc_loss:  0.2344467544555664 reward_loss:  -11.722262382507324
epoch:  28 batch:  130 region_loss:  7.0 7.0 loc_loss:  0.38597343444824217 reward_loss:  -19.29867172241211
acc@1:  0.1251175917215428
epoch: 28 region loss 0.17051094890510948 loc loss 0.4372829189787816 reward loss -21.864145019628705
epoch:  29 batch:  0 region_loss:  10.0 10.0 loc_loss:  0.4780427551269531 reward_loss:  -23.90213966369629
epoch:  29 batch:  10 region_loss:  10.0 10.0 loc_loss:  0.5110291290283203 reward_loss:  -25.551456451416016
epoch:  29 batch:  20 region_loss:  10.0 10.0 loc_loss:  0.4712215423583984 reward_loss:  -23.561077117919922
epoch:  29 batch:  30 region_loss:  10.0 10.0 loc_loss:  0.4624238204956055 reward_loss:  -23.121187210083008
epoch:  29 batch:  40 region_loss:  10.0 10.0 loc_loss:  0.592703857421875 reward_loss:  -29.635189056396484
epoch:  29 batch:  50 region_loss:  10.0 10.0 loc_loss:  0.4704032135009766 reward_loss:  -23.520156860351562
epoch:  29 batch:  60 region_loss:  10.0 10.0 loc_loss:  0.4785007476806641 reward_loss:  -23.925037384033203
epoch:  29 batch:  70 region_loss:  10.0 10.0 loc_loss:  0.47976898193359374 reward_loss:  -23.988449096679688
epoch:  29 batch:  80 region_loss:  10.0 10.0 loc_loss:  0.5344642639160156 reward_loss:  -26.72321319580078
epoch:  29 batch:  90 region_loss:  6.0 6.0 loc_loss:  0.3211089706420898 reward_loss:  -16.05544662475586
epoch:  29 batch:  100 region_loss:  8.0 8.0 loc_loss:  0.37211856842041013 reward_loss:  -18.605928421020508
epoch:  29 batch:  110 region_loss:  4.0 4.0 loc_loss:  0.20238443374633788 reward_loss:  -10.119222640991211
epoch:  29 batch:  120 region_loss:  5.0 5.0 loc_loss:  0.22126976013183594 reward_loss:  -11.063497543334961
epoch:  29 batch:  130 region_loss:  7.0 7.0 loc_loss:  0.3672734451293945 reward_loss:  -18.363672256469727
acc@1:  0.12276575729068674
epoch: 29 region loss 0.17051094890510948 loc loss 0.4181457271367094 reward loss -20.907286229794913
epoch:  30 batch:  0 region_loss:  10.0 10.0 loc_loss:  0.4553637313842773 reward_loss:  -22.7681884765625
epoch:  30 batch:  10 region_loss:  10.0 10.0 loc_loss:  0.48856239318847655 reward_loss:  -24.428119659423828
epoch:  30 batch:  20 region_loss:  10.0 10.0 loc_loss:  0.4538108444213867 reward_loss:  -22.690540313720703
epoch:  30 batch:  30 region_loss:  10.0 10.0 loc_loss:  0.4403374099731445 reward_loss:  -22.016870498657227
epoch:  30 batch:  40 region_loss:  10.0 10.0 loc_loss:  0.5690633392333985 reward_loss:  -28.453166961669922
epoch:  30 batch:  50 region_loss:  10.0 10.0 loc_loss:  0.4504636001586914 reward_loss:  -22.52318000793457
epoch:  30 batch:  60 region_loss:  10.0 10.0 loc_loss:  0.45468292236328123 reward_loss:  -22.734146118164062
epoch:  30 batch:  70 region_loss:  10.0 10.0 loc_loss:  0.4592193603515625 reward_loss:  -22.960960388183594
epoch:  30 batch:  80 region_loss:  10.0 10.0 loc_loss:  0.5089067840576171 reward_loss:  -25.445343017578125
epoch:  30 batch:  90 region_loss:  6.0 6.0 loc_loss:  0.30487516403198245 reward_loss:  -15.243758201599121
epoch:  30 batch:  100 region_loss:  8.0 8.0 loc_loss:  0.35413379669189454 reward_loss:  -17.706693649291992
epoch:  30 batch:  110 region_loss:  4.0 4.0 loc_loss:  0.19080381393432616 reward_loss:  -9.540188789367676
epoch:  30 batch:  120 region_loss:  5.0 5.0 loc_loss:  0.20864423751831054 reward_loss:  -10.432170867919922
epoch:  30 batch:  130 region_loss:  7.0 7.0 loc_loss:  0.3490140151977539 reward_loss:  -17.450700759887695
acc@1:  0.12229539040451552
epoch: 30 region loss 0.17051094890510948 loc loss 0.3995308052536345 reward loss -19.97654068034931
epoch:  31 batch:  0 region_loss:  10.0 10.0 loc_loss:  0.4334896087646484 reward_loss:  -21.674514770507812
epoch:  31 batch:  10 region_loss:  10.0 10.0 loc_loss:  0.4666591262817383 reward_loss:  -23.332956314086914
epoch:  31 batch:  20 region_loss:  10.0 10.0 loc_loss:  0.436761474609375 reward_loss:  -21.83807373046875
epoch:  31 batch:  30 region_loss:  10.0 10.0 loc_loss:  0.4188803100585938 reward_loss:  -20.944013595581055
epoch:  31 batch:  40 region_loss:  10.0 10.0 loc_loss:  0.5457914733886718 reward_loss:  -27.289575576782227
epoch:  31 batch:  50 region_loss:  10.0 10.0 loc_loss:  0.43098461151123046 reward_loss:  -21.549230575561523
epoch:  31 batch:  60 region_loss:  10.0 10.0 loc_loss:  0.4316230773925781 reward_loss:  -21.581151962280273
epoch:  31 batch:  70 region_loss:  10.0 10.0 loc_loss:  0.4393337631225586 reward_loss:  -21.96668815612793
epoch:  31 batch:  80 region_loss:  10.0 10.0 loc_loss:  0.4841176223754883 reward_loss:  -24.205883026123047
epoch:  31 batch:  90 region_loss:  6.0 6.0 loc_loss:  0.2892831611633301 reward_loss:  -14.46415901184082
epoch:  31 batch:  100 region_loss:  8.0 8.0 loc_loss:  0.33662052154541017 reward_loss:  -16.831035614013672
epoch:  31 batch:  110 region_loss:  4.0 4.0 loc_loss:  0.17958404541015624 reward_loss:  -8.979202270507812
epoch:  31 batch:  120 region_loss:  5.0 5.0 loc_loss:  0.19666778564453125 reward_loss:  -9.833433151245117
epoch:  31 batch:  130 region_loss:  7.0 7.0 loc_loss:  0.3313787841796875 reward_loss:  -16.568941116333008
acc@1:  0.11994355597365945
epoch: 31 region loss 0.17051094890510948 loc loss 0.3814788366582272 reward loss -19.073943018043128
epoch:  32 batch:  0 region_loss:  10.0 10.0 loc_loss:  0.41218032836914065 reward_loss:  -20.609018325805664
epoch:  32 batch:  10 region_loss:  10.0 10.0 loc_loss:  0.4454953384399414 reward_loss:  -22.27476692199707
epoch:  32 batch:  20 region_loss:  10.0 10.0 loc_loss:  0.4200929641723633 reward_loss:  -21.0046443939209
epoch:  32 batch:  30 region_loss:  10.0 10.0 loc_loss:  0.3982692718505859 reward_loss:  -19.913463592529297
epoch:  32 batch:  40 region_loss:  10.0 10.0 loc_loss:  0.523003921508789 reward_loss:  -26.150196075439453
epoch:  32 batch:  50 region_loss:  10.0 10.0 loc_loss:  0.41201526641845704 reward_loss:  -20.60076332092285
epoch:  32 batch:  60 region_loss:  10.0 10.0 loc_loss:  0.40943824768066406 reward_loss:  -20.471912384033203
epoch:  32 batch:  70 region_loss:  10.0 10.0 loc_loss:  0.4198838424682617 reward_loss:  -20.994190216064453
epoch:  32 batch:  80 region_loss:  10.0 10.0 loc_loss:  0.45978206634521485 reward_loss:  -22.989099502563477
epoch:  32 batch:  90 region_loss:  6.0 6.0 loc_loss:  0.27404586791992186 reward_loss:  -13.702295303344727
epoch:  32 batch:  100 region_loss:  8.0 8.0 loc_loss:  0.3198584175109863 reward_loss:  -15.992911338806152
epoch:  32 batch:  110 region_loss:  4.0 4.0 loc_loss:  0.16891239166259767 reward_loss:  -8.4456205368042
epoch:  32 batch:  120 region_loss:  5.0 5.0 loc_loss:  0.18506549835205077 reward_loss:  -9.253338813781738
epoch:  32 batch:  130 region_loss:  7.0 7.0 loc_loss:  0.31428367614746094 reward_loss:  -15.714183807373047
acc@1:  0.11947318908748825
epoch: 32 region loss 0.17051094890510948 loc loss 0.3639180372405226 reward loss -18.195901797635713
epoch:  33 batch:  0 region_loss:  10.0 10.0 loc_loss:  0.3917185211181641 reward_loss:  -19.585922241210938
epoch:  33 batch:  10 region_loss:  10.0 10.0 loc_loss:  0.42484733581542966 reward_loss:  -21.242366790771484
epoch:  33 batch:  20 region_loss:  10.0 10.0 loc_loss:  0.40402027130126955 reward_loss:  -20.201011657714844
epoch:  33 batch:  30 region_loss:  10.0 10.0 loc_loss:  0.3781918716430664 reward_loss:  -18.90959358215332
epoch:  33 batch:  40 region_loss:  10.0 10.0 loc_loss:  0.5006344223022461 reward_loss:  -25.031721115112305
epoch:  33 batch:  50 region_loss:  10.0 10.0 loc_loss:  0.3936444854736328 reward_loss:  -19.68222427368164
epoch:  33 batch:  60 region_loss:  10.0 10.0 loc_loss:  0.3880119705200195 reward_loss:  -19.400596618652344
epoch:  33 batch:  70 region_loss:  10.0 10.0 loc_loss:  0.40122241973876954 reward_loss:  -20.061119079589844
epoch:  33 batch:  80 region_loss:  10.0 10.0 loc_loss:  0.4363502883911133 reward_loss:  -21.817514419555664
epoch:  33 batch:  90 region_loss:  6.0 6.0 loc_loss:  0.25925365447998044 reward_loss:  -12.962679862976074
epoch:  33 batch:  100 region_loss:  8.0 8.0 loc_loss:  0.3034847259521484 reward_loss:  -15.174240112304688
epoch:  33 batch:  110 region_loss:  4.0 4.0 loc_loss:  0.15865970611572267 reward_loss:  -7.932984828948975
epoch:  33 batch:  120 region_loss:  5.0 5.0 loc_loss:  0.17409219741821289 reward_loss:  -8.704566955566406
epoch:  33 batch:  130 region_loss:  7.0 7.0 loc_loss:  0.2975046157836914 reward_loss:  -14.875229835510254
acc@1:  0.1180620884289746
epoch: 33 region loss 0.17051094890510948 loc loss 0.34691895415313057 reward loss -17.345947312612605
epoch:  34 batch:  0 region_loss:  10.0 10.0 loc_loss:  0.3718958282470703 reward_loss:  -18.594791412353516
epoch:  34 batch:  10 region_loss:  10.0 10.0 loc_loss:  0.40488807678222655 reward_loss:  -20.244403839111328
epoch:  34 batch:  20 region_loss:  10.0 10.0 loc_loss:  0.3882698822021484 reward_loss:  -19.413496017456055
epoch:  34 batch:  30 region_loss:  10.0 10.0 loc_loss:  0.3588079833984375 reward_loss:  -17.940397262573242
epoch:  34 batch:  40 region_loss:  10.0 10.0 loc_loss:  0.47866085052490237 reward_loss:  -23.933040618896484
epoch:  34 batch:  50 region_loss:  10.0 10.0 loc_loss:  0.3754453277587891 reward_loss:  -18.772268295288086
epoch:  34 batch:  60 region_loss:  10.0 10.0 loc_loss:  0.3674661254882812 reward_loss:  -18.373306274414062
epoch:  34 batch:  70 region_loss:  10.0 10.0 loc_loss:  0.38296653747558596 reward_loss:  -19.148326873779297
epoch:  34 batch:  80 region_loss:  10.0 10.0 loc_loss:  0.41331871032714845 reward_loss:  -20.665935516357422
epoch:  34 batch:  90 region_loss:  6.0 6.0 loc_loss:  0.24500799179077148 reward_loss:  -12.250398635864258
epoch:  34 batch:  100 region_loss:  8.0 8.0 loc_loss:  0.2877285385131836 reward_loss:  -14.386425018310547
epoch:  34 batch:  110 region_loss:  4.0 4.0 loc_loss:  0.14891770362854004 reward_loss:  -7.445928573608398
epoch:  34 batch:  120 region_loss:  5.0 5.0 loc_loss:  0.16362110137939453 reward_loss:  -8.181079864501953
epoch:  34 batch:  130 region_loss:  7.0 7.0 loc_loss:  0.2813347053527832 reward_loss:  -14.06673526763916
acc@1:  0.11571025399811853
epoch: 34 region loss 0.17051094890510948 loc loss 0.33037703319187584 reward loss -16.518851370707047
epoch:  35 batch:  0 region_loss:  10.0 10.0 loc_loss:  0.35261470794677735 reward_loss:  -17.630735397338867
epoch:  35 batch:  10 region_loss:  10.0 10.0 loc_loss:  0.38549419403076174 reward_loss:  -19.274709701538086
epoch:  35 batch:  20 region_loss:  10.0 10.0 loc_loss:  0.3730200958251953 reward_loss:  -18.651004791259766
epoch:  35 batch:  30 region_loss:  10.0 10.0 loc_loss:  0.34009510040283203 reward_loss:  -17.0047550201416
epoch:  35 batch:  40 region_loss:  10.0 10.0 loc_loss:  0.4571201324462891 reward_loss:  -22.856002807617188
epoch:  35 batch:  50 region_loss:  10.0 10.0 loc_loss:  0.35799800872802734 reward_loss:  -17.89990234375
epoch:  35 batch:  60 region_loss:  10.0 10.0 loc_loss:  0.34771026611328126 reward_loss:  -17.385513305664062
epoch:  35 batch:  70 region_loss:  10.0 10.0 loc_loss:  0.36519351959228513 reward_loss:  -18.259674072265625
epoch:  35 batch:  80 region_loss:  10.0 10.0 loc_loss:  0.3911197280883789 reward_loss:  -19.555986404418945
epoch:  35 batch:  90 region_loss:  6.0 6.0 loc_loss:  0.23117317199707033 reward_loss:  -11.558659553527832
epoch:  35 batch:  100 region_loss:  8.0 8.0 loc_loss:  0.2725961112976074 reward_loss:  -13.629815101623535
epoch:  35 batch:  110 region_loss:  4.0 4.0 loc_loss:  0.13945539474487303 reward_loss:  -6.97277307510376
epoch:  35 batch:  120 region_loss:  5.0 5.0 loc_loss:  0.15357815742492675 reward_loss:  -7.678893566131592
epoch:  35 batch:  130 region_loss:  7.0 7.0 loc_loss:  0.26571407318115237 reward_loss:  -13.285704612731934
acc@1:  0.11523988711194733
epoch: 35 region loss 0.17051094890510948 loc loss 0.3143858764467448 reward loss -15.719293648309081
epoch:  36 batch:  0 region_loss:  10.0 10.0 loc_loss:  0.3341429901123047 reward_loss:  -16.707149505615234
epoch:  36 batch:  10 region_loss:  10.0 10.0 loc_loss:  0.36654903411865236 reward_loss:  -18.327451705932617
epoch:  36 batch:  20 region_loss:  10.0 10.0 loc_loss:  0.3581241607666016 reward_loss:  -17.906206130981445
epoch:  36 batch:  30 region_loss:  10.0 10.0 loc_loss:  0.3219514465332031 reward_loss:  -16.097572326660156
epoch:  36 batch:  40 region_loss:  10.0 10.0 loc_loss:  0.43603561401367186 reward_loss:  -21.801780700683594
epoch:  36 batch:  50 region_loss:  10.0 10.0 loc_loss:  0.3410473251342773 reward_loss:  -17.0523681640625
epoch:  36 batch:  60 region_loss:  10.0 10.0 loc_loss:  0.32852264404296877 reward_loss:  -16.426132202148438
epoch:  36 batch:  70 region_loss:  10.0 10.0 loc_loss:  0.34801689147949216 reward_loss:  -17.40084457397461
epoch:  36 batch:  80 region_loss:  10.0 10.0 loc_loss:  0.36938446044921874 reward_loss:  -18.469223022460938
epoch:  36 batch:  90 region_loss:  6.0 6.0 loc_loss:  0.21802864074707032 reward_loss:  -10.901432991027832
epoch:  36 batch:  100 region_loss:  8.0 8.0 loc_loss:  0.2579216003417969 reward_loss:  -12.89608097076416
epoch:  36 batch:  110 region_loss:  4.0 4.0 loc_loss:  0.1306636619567871 reward_loss:  -6.533183574676514
epoch:  36 batch:  120 region_loss:  5.0 5.0 loc_loss:  0.14401461601257323 reward_loss:  -7.2007246017456055
epoch:  36 batch:  130 region_loss:  7.0 7.0 loc_loss:  0.25059364318847654 reward_loss:  -12.529682159423828
acc@1:  0.11288805268109126
epoch: 36 region loss 0.17051094890510948 loc loss 0.29885701485793953 reward loss -14.942850554946565
epoch:  37 batch:  0 region_loss:  10.0 10.0 loc_loss:  0.3161575126647949 reward_loss:  -15.807875633239746
epoch:  37 batch:  10 region_loss:  10.0 10.0 loc_loss:  0.3482272720336914 reward_loss:  -17.411365509033203
epoch:  37 batch:  20 region_loss:  10.0 10.0 loc_loss:  0.3436498260498047 reward_loss:  -17.182491302490234
epoch:  37 batch:  30 region_loss:  10.0 10.0 loc_loss:  0.30454561233520505 reward_loss:  -15.227280616760254
epoch:  37 batch:  40 region_loss:  10.0 10.0 loc_loss:  0.4153720474243164 reward_loss:  -20.768604278564453
epoch:  37 batch:  50 region_loss:  10.0 10.0 loc_loss:  0.32441211700439454 reward_loss:  -16.220603942871094
epoch:  37 batch:  60 region_loss:  10.0 10.0 loc_loss:  0.3102399826049805 reward_loss:  -15.511999130249023
epoch:  37 batch:  70 region_loss:  10.0 10.0 loc_loss:  0.3314112854003906 reward_loss:  -16.570566177368164
epoch:  37 batch:  80 region_loss:  10.0 10.0 loc_loss:  0.34855758666992187 reward_loss:  -17.427881240844727
epoch:  37 batch:  90 region_loss:  6.0 6.0 loc_loss:  0.20502580642700197 reward_loss:  -10.251291275024414
epoch:  37 batch:  100 region_loss:  8.0 8.0 loc_loss:  0.24388645172119142 reward_loss:  -12.194323539733887
epoch:  37 batch:  110 region_loss:  4.0 4.0 loc_loss:  0.12207979202270508 reward_loss:  -6.103989601135254
epoch:  37 batch:  120 region_loss:  5.0 5.0 loc_loss:  0.13490869522094726 reward_loss:  -6.745449066162109
epoch:  37 batch:  130 region_loss:  7.0 7.0 loc_loss:  0.236162166595459 reward_loss:  -11.808109283447266
acc@1:  0.11194731890874883
epoch: 37 region loss 0.17051094890510948 loc loss 0.28394182892611425 reward loss -14.197091560294158
epoch:  38 batch:  0 region_loss:  10.0 10.0 loc_loss:  0.2988901138305664 reward_loss:  -14.94450569152832
epoch:  38 batch:  10 region_loss:  10.0 10.0 loc_loss:  0.3304486465454102 reward_loss:  -16.522432327270508
epoch:  38 batch:  20 region_loss:  10.0 10.0 loc_loss:  0.32951290130615235 reward_loss:  -16.475645065307617
epoch:  38 batch:  30 region_loss:  10.0 10.0 loc_loss:  0.2875423049926758 reward_loss:  -14.377115249633789
epoch:  38 batch:  40 region_loss:  10.0 10.0 loc_loss:  0.39534488677978513 reward_loss:  -19.767242431640625
epoch:  38 batch:  50 region_loss:  10.0 10.0 loc_loss:  0.30921379089355466 reward_loss:  -15.460689544677734
epoch:  38 batch:  60 region_loss:  10.0 10.0 loc_loss:  0.29235441207885743 reward_loss:  -14.617722511291504
epoch:  38 batch:  70 region_loss:  10.0 10.0 loc_loss:  0.3152750015258789 reward_loss:  -15.763748168945312
epoch:  38 batch:  80 region_loss:  10.0 10.0 loc_loss:  0.32811771392822264 reward_loss:  -16.405885696411133
epoch:  38 batch:  90 region_loss:  6.0 6.0 loc_loss:  0.19304412841796875 reward_loss:  -9.652205467224121
epoch:  38 batch:  100 region_loss:  8.0 8.0 loc_loss:  0.2303200912475586 reward_loss:  -11.515997886657715
epoch:  38 batch:  110 region_loss:  4.0 4.0 loc_loss:  0.11408302307128906 reward_loss:  -5.7041473388671875
epoch:  38 batch:  120 region_loss:  5.0 5.0 loc_loss:  0.12645760536193848 reward_loss:  -6.322869300842285
epoch:  38 batch:  130 region_loss:  7.0 7.0 loc_loss:  0.22214672088623047 reward_loss:  -11.107336044311523
acc@1:  0.11194731890874883
epoch: 38 region loss 0.17051094890510948 loc loss 0.2694947512132408 reward loss -13.474737566753026
epoch:  39 batch:  0 region_loss:  10.0 10.0 loc_loss:  0.28239023208618164 reward_loss:  -14.119511604309082
epoch:  39 batch:  10 region_loss:  10.0 10.0 loc_loss:  0.3134072494506836 reward_loss:  -15.670363426208496
epoch:  39 batch:  20 region_loss:  10.0 10.0 loc_loss:  0.3160467529296875 reward_loss:  -15.802338600158691
epoch:  39 batch:  30 region_loss:  10.0 10.0 loc_loss:  0.27156274795532226 reward_loss:  -13.578137397766113
epoch:  39 batch:  40 region_loss:  10.0 10.0 loc_loss:  0.37564109802246093 reward_loss:  -18.782052993774414
epoch:  39 batch:  50 region_loss:  10.0 10.0 loc_loss:  0.2940582466125488 reward_loss:  -14.702914237976074
epoch:  39 batch:  60 region_loss:  10.0 10.0 loc_loss:  0.2759827041625977 reward_loss:  -13.799139022827148
epoch:  39 batch:  70 region_loss:  10.0 10.0 loc_loss:  0.2996663475036621 reward_loss:  -14.983318328857422
epoch:  39 batch:  80 region_loss:  10.0 10.0 loc_loss:  0.3088012886047363 reward_loss:  -15.440064430236816
epoch:  39 batch:  90 region_loss:  6.0 6.0 loc_loss:  0.18090276718139647 reward_loss:  -9.045138359069824
epoch:  39 batch:  100 region_loss:  8.0 8.0 loc_loss:  0.21750255584716796 reward_loss:  -10.875128746032715
epoch:  39 batch:  110 region_loss:  4.0 4.0 loc_loss:  0.10630259513854981 reward_loss:  -5.315129280090332
epoch:  39 batch:  120 region_loss:  5.0 5.0 loc_loss:  0.11824505805969238 reward_loss:  -5.912262916564941
epoch:  39 batch:  130 region_loss:  7.0 7.0 loc_loss:  0.20877052307128907 reward_loss:  -10.438526153564453
acc@1:  0.11100658513640639
epoch: 39 region loss 0.17051094890510948 loc loss 0.25560932058487495 reward loss -12.780466165855854
epoch:  40 batch:  0 region_loss:  10.0 10.0 loc_loss:  0.2664542770385742 reward_loss:  -13.322713851928711
epoch:  40 batch:  10 region_loss:  10.0 10.0 loc_loss:  0.2966802215576172 reward_loss:  -14.834010124206543
epoch:  40 batch:  20 region_loss:  10.0 10.0 loc_loss:  0.3028750419616699 reward_loss:  -15.143754005432129
epoch:  40 batch:  30 region_loss:  10.0 10.0 loc_loss:  0.2559236526489258 reward_loss:  -12.796182632446289
epoch:  40 batch:  40 region_loss:  10.0 10.0 loc_loss:  0.3567790985107422 reward_loss:  -17.838956832885742
epoch:  40 batch:  50 region_loss:  10.0 10.0 loc_loss:  0.27997474670410155 reward_loss:  -13.998737335205078
epoch:  40 batch:  60 region_loss:  10.0 10.0 loc_loss:  0.2591111755371094 reward_loss:  -12.955558776855469
epoch:  40 batch:  70 region_loss:  10.0 10.0 loc_loss:  0.2844377326965332 reward_loss:  -14.221885681152344
epoch:  40 batch:  80 region_loss:  10.0 10.0 loc_loss:  0.28987075805664064 reward_loss:  -14.493539810180664
epoch:  40 batch:  90 region_loss:  6.0 6.0 loc_loss:  0.1701511001586914 reward_loss:  -8.50755500793457
epoch:  40 batch:  100 region_loss:  8.0 8.0 loc_loss:  0.20454078674316406 reward_loss:  -10.227039337158203
epoch:  40 batch:  110 region_loss:  4.0 4.0 loc_loss:  0.09920940399169922 reward_loss:  -4.960470199584961
epoch:  40 batch:  120 region_loss:  5.0 5.0 loc_loss:  0.11070430755615235 reward_loss:  -5.535244941711426
epoch:  40 batch:  130 region_loss:  7.0 7.0 loc_loss:  0.1958403205871582 reward_loss:  -9.792015075683594
acc@1:  0.10959548447789276
epoch: 40 region loss 0.17051094890510948 loc loss 0.24213572672683828 reward loss -12.106786623488377
epoch:  41 batch:  0 region_loss:  10.0 10.0 loc_loss:  0.25146846771240233 reward_loss:  -12.573424339294434
epoch:  41 batch:  10 region_loss:  10.0 10.0 loc_loss:  0.28095746994018556 reward_loss:  -14.04787540435791
epoch:  41 batch:  20 region_loss:  10.0 10.0 loc_loss:  0.2908890151977539 reward_loss:  -14.544450759887695
epoch:  41 batch:  30 region_loss:  10.0 10.0 loc_loss:  0.241397705078125 reward_loss:  -12.069887161254883
epoch:  41 batch:  40 region_loss:  10.0 10.0 loc_loss:  0.3381227111816406 reward_loss:  -16.90613555908203
epoch:  41 batch:  50 region_loss:  10.0 10.0 loc_loss:  0.2643717193603516 reward_loss:  -13.218585968017578
epoch:  41 batch:  60 region_loss:  10.0 10.0 loc_loss:  0.24430070877075194 reward_loss:  -12.21503734588623
epoch:  41 batch:  70 region_loss:  10.0 10.0 loc_loss:  0.27013450622558594 reward_loss:  -13.506725311279297
epoch:  41 batch:  80 region_loss:  10.0 10.0 loc_loss:  0.272296199798584 reward_loss:  -13.6148099899292
epoch:  41 batch:  90 region_loss:  6.0 6.0 loc_loss:  0.15889686584472656 reward_loss:  -7.944843292236328
epoch:  41 batch:  100 region_loss:  8.0 8.0 loc_loss:  0.1938015937805176 reward_loss:  -9.690077781677246
epoch:  41 batch:  110 region_loss:  4.0 4.0 loc_loss:  0.09213573455810548 reward_loss:  -4.606787204742432
epoch:  41 batch:  120 region_loss:  5.0 5.0 loc_loss:  0.10329029083251953 reward_loss:  -5.16450309753418
epoch:  41 batch:  130 region_loss:  7.0 7.0 loc_loss:  0.18347539901733398 reward_loss:  -9.173768997192383
acc@1:  0.11100658513640639
epoch: 41 region loss 0.17051094890510948 loc loss 0.22932243268855296 reward loss -11.466121617894974
epoch:  42 batch:  0 region_loss:  10.0 10.0 loc_loss:  0.23733987808227539 reward_loss:  -11.866995811462402
epoch:  42 batch:  10 region_loss:  10.0 10.0 loc_loss:  0.2651757621765137 reward_loss:  -13.258788108825684
epoch:  42 batch:  20 region_loss:  10.0 10.0 loc_loss:  0.2801902580261231 reward_loss:  -14.009513854980469
epoch:  42 batch:  30 region_loss:  10.0 10.0 loc_loss:  0.2274521255493164 reward_loss:  -11.372605323791504
epoch:  42 batch:  40 region_loss:  10.0 10.0 loc_loss:  0.3207842254638672 reward_loss:  -16.03921127319336
epoch:  42 batch:  50 region_loss:  10.0 10.0 loc_loss:  0.25045061111450195 reward_loss:  -12.522530555725098
epoch:  42 batch:  60 region_loss:  10.0 10.0 loc_loss:  0.22875598907470704 reward_loss:  -11.437800407409668
epoch:  42 batch:  70 region_loss:  10.0 10.0 loc_loss:  0.2558743667602539 reward_loss:  -12.793719291687012
epoch:  42 batch:  80 region_loss:  10.0 10.0 loc_loss:  0.25468101501464846 reward_loss:  -12.734050750732422
epoch:  42 batch:  90 region_loss:  6.0 6.0 loc_loss:  0.14898054122924806 reward_loss:  -7.449027061462402
epoch:  42 batch:  100 region_loss:  8.0 8.0 loc_loss:  0.18069272994995117 reward_loss:  -9.034636497497559
epoch:  42 batch:  110 region_loss:  4.0 4.0 loc_loss:  0.08579902648925782 reward_loss:  -4.289952278137207
epoch:  42 batch:  120 region_loss:  5.0 5.0 loc_loss:  0.09661521911621093 reward_loss:  -4.830758094787598
epoch:  42 batch:  130 region_loss:  7.0 7.0 loc_loss:  0.17172937393188475 reward_loss:  -8.586467742919922
acc@1:  0.10865475070555033
epoch: 42 region loss 0.17051094890510948 loc loss 0.21678921739550405 reward loss -10.839461169103636
epoch:  43 batch:  0 region_loss:  10.0 10.0 loc_loss:  0.2237282943725586 reward_loss:  -11.18641471862793
epoch:  43 batch:  10 region_loss:  10.0 10.0 loc_loss:  0.25040966033935547 reward_loss:  -12.52048397064209
epoch:  43 batch:  20 region_loss:  10.0 10.0 loc_loss:  0.2701869964599609 reward_loss:  -13.509349822998047
epoch:  43 batch:  30 region_loss:  10.0 10.0 loc_loss:  0.21437644958496094 reward_loss:  -10.718823432922363
epoch:  43 batch:  40 region_loss:  10.0 10.0 loc_loss:  0.3039799690246582 reward_loss:  -15.198997497558594
epoch:  43 batch:  50 region_loss:  10.0 10.0 loc_loss:  0.23653459548950195 reward_loss:  -11.826729774475098
epoch:  43 batch:  60 region_loss:  10.0 10.0 loc_loss:  0.21535362243652345 reward_loss:  -10.767683029174805
epoch:  43 batch:  70 region_loss:  10.0 10.0 loc_loss:  0.24296424865722657 reward_loss:  -12.148214340209961
epoch:  43 batch:  80 region_loss:  10.0 10.0 loc_loss:  0.23885894775390626 reward_loss:  -11.942947387695312
epoch:  43 batch:  90 region_loss:  6.0 6.0 loc_loss:  0.13891525268554689 reward_loss:  -6.945762634277344
epoch:  43 batch:  100 region_loss:  8.0 8.0 loc_loss:  0.1719760513305664 reward_loss:  -8.598799705505371
epoch:  43 batch:  110 region_loss:  4.0 4.0 loc_loss:  0.07943435192108154 reward_loss:  -3.9717204570770264
epoch:  43 batch:  120 region_loss:  5.0 5.0 loc_loss:  0.09011378288269042 reward_loss:  -4.505679607391357
epoch:  43 batch:  130 region_loss:  7.0 7.0 loc_loss:  0.16041046142578125 reward_loss:  -8.020522117614746
acc@1:  0.10865475070555033
epoch: 43 region loss 0.17051094890510948 loc loss 0.2049087382233056 reward loss -10.24543683720331
epoch:  44 batch:  0 region_loss:  10.0 10.0 loc_loss:  0.21093999862670898 reward_loss:  -10.547001838684082
epoch:  44 batch:  10 region_loss:  10.0 10.0 loc_loss:  0.23560457229614257 reward_loss:  -11.780228614807129
epoch:  44 batch:  20 region_loss:  10.0 10.0 loc_loss:  0.25908891677856444 reward_loss:  -12.954445838928223
epoch:  44 batch:  30 region_loss:  10.0 10.0 loc_loss:  0.20142602920532227 reward_loss:  -10.071300506591797
epoch:  44 batch:  40 region_loss:  10.0 10.0 loc_loss:  0.28801626205444336 reward_loss:  -14.400813102722168
epoch:  44 batch:  50 region_loss:  10.0 10.0 loc_loss:  0.22396190643310546 reward_loss:  -11.198097229003906
epoch:  44 batch:  60 region_loss:  10.0 10.0 loc_loss:  0.20133142471313475 reward_loss:  -10.066571235656738
epoch:  44 batch:  70 region_loss:  10.0 10.0 loc_loss:  0.22976423263549806 reward_loss:  -11.488212585449219
epoch:  44 batch:  80 region_loss:  10.0 10.0 loc_loss:  0.22279201507568358 reward_loss:  -11.13960075378418
epoch:  44 batch:  90 region_loss:  6.0 6.0 loc_loss:  0.12982901573181152 reward_loss:  -6.491450309753418
epoch:  44 batch:  100 region_loss:  8.0 8.0 loc_loss:  0.15930700302124023 reward_loss:  -7.9653496742248535
epoch:  44 batch:  110 region_loss:  4.0 4.0 loc_loss:  0.07383855342864991 reward_loss:  -3.691927909851074
epoch:  44 batch:  120 region_loss:  5.0 5.0 loc_loss:  0.08419309616088867 reward_loss:  -4.20965576171875
epoch:  44 batch:  130 region_loss:  7.0 7.0 loc_loss:  0.14988451957702636 reward_loss:  -7.494226932525635
acc@1:  0.10630291627469426
epoch: 44 region loss 0.17051094890510948 loc loss 0.19334466427782157 reward loss -9.667233278281497
epoch:  45 batch:  0 region_loss:  10.0 10.0 loc_loss:  0.19775794982910155 reward_loss:  -9.887897491455078
epoch:  45 batch:  10 region_loss:  10.0 10.0 loc_loss:  0.22181827545166016 reward_loss:  -11.090913772583008
epoch:  45 batch:  20 region_loss:  10.0 10.0 loc_loss:  0.247360782623291 reward_loss:  -12.368038177490234
epoch:  45 batch:  30 region_loss:  10.0 10.0 loc_loss:  0.18903993606567382 reward_loss:  -9.451996803283691
epoch:  45 batch:  40 region_loss:  10.0 10.0 loc_loss:  0.27253988265991214 reward_loss:  -13.626995086669922
epoch:  45 batch:  50 region_loss:  10.0 10.0 loc_loss:  0.21150676727294923 reward_loss:  -10.575339317321777
epoch:  45 batch:  60 region_loss:  10.0 10.0 loc_loss:  0.1893206024169922 reward_loss:  -9.46603012084961
epoch:  45 batch:  70 region_loss:  10.0 10.0 loc_loss:  0.21758682250976563 reward_loss:  -10.879341125488281
epoch:  45 batch:  80 region_loss:  10.0 10.0 loc_loss:  0.20880027770996093 reward_loss:  -10.440014839172363
epoch:  45 batch:  90 region_loss:  6.0 6.0 loc_loss:  0.12097684860229492 reward_loss:  -6.048842430114746
epoch:  45 batch:  100 region_loss:  8.0 8.0 loc_loss:  0.15166789054870605 reward_loss:  -7.583396911621094
epoch:  45 batch:  110 region_loss:  4.0 4.0 loc_loss:  0.06824804306030273 reward_loss:  -3.411817789077759
epoch:  45 batch:  120 region_loss:  5.0 5.0 loc_loss:  0.07848429679870605 reward_loss:  -3.924238681793213
epoch:  45 batch:  130 region_loss:  7.0 7.0 loc_loss:  0.1394679355621338 reward_loss:  -6.973395824432373
acc@1:  0.10630291627469426
epoch: 45 region loss 0.17051094890510948 loc loss 0.18245058640076295 reward loss -9.122525075926397
epoch:  46 batch:  0 region_loss:  10.0 10.0 loc_loss:  0.185643310546875 reward_loss:  -9.28216552734375
epoch:  46 batch:  10 region_loss:  10.0 10.0 loc_loss:  0.20856534957885742 reward_loss:  -10.428268432617188
epoch:  46 batch:  20 region_loss:  10.0 10.0 loc_loss:  0.23520006179809572 reward_loss:  -11.760003089904785
epoch:  46 batch:  30 region_loss:  10.0 10.0 loc_loss:  0.17712026596069336 reward_loss:  -8.856013298034668
epoch:  46 batch:  40 region_loss:  10.0 10.0 loc_loss:  0.2572329521179199 reward_loss:  -12.86164665222168
epoch:  46 batch:  50 region_loss:  10.0 10.0 loc_loss:  0.20021308898925783 reward_loss:  -10.010653495788574
epoch:  46 batch:  60 region_loss:  10.0 10.0 loc_loss:  0.17679805755615235 reward_loss:  -8.8399019241333
epoch:  46 batch:  70 region_loss:  10.0 10.0 loc_loss:  0.20510263442993165 reward_loss:  -10.255131721496582
epoch:  46 batch:  80 region_loss:  10.0 10.0 loc_loss:  0.1945095443725586 reward_loss:  -9.725478172302246
epoch:  46 batch:  90 region_loss:  6.0 6.0 loc_loss:  0.11285817146301269 reward_loss:  -5.642909049987793
epoch:  46 batch:  100 region_loss:  8.0 8.0 loc_loss:  0.14003653526306153 reward_loss:  -7.001827239990234
epoch:  46 batch:  110 region_loss:  4.0 4.0 loc_loss:  0.06331794261932373 reward_loss:  -3.1658971309661865
epoch:  46 batch:  120 region_loss:  5.0 5.0 loc_loss:  0.07327480316162109 reward_loss:  -3.663740634918213
epoch:  46 batch:  130 region_loss:  7.0 7.0 loc_loss:  0.13002460479736327 reward_loss:  -6.501230239868164
acc@1:  0.10536218250235184
epoch: 46 region loss 0.17051094890510948 loc loss 0.17193943374348383 reward loss -8.596972205343038
epoch:  47 batch:  0 region_loss:  10.0 10.0 loc_loss:  0.17395597457885742 reward_loss:  -8.697802543640137
epoch:  47 batch:  10 region_loss:  10.0 10.0 loc_loss:  0.19578706741333007 reward_loss:  -9.78935432434082
epoch:  47 batch:  20 region_loss:  10.0 10.0 loc_loss:  0.22400144577026368 reward_loss:  -11.200072288513184
epoch:  47 batch:  30 region_loss:  10.0 10.0 loc_loss:  0.16590049743652344 reward_loss:  -8.295024871826172
epoch:  47 batch:  40 region_loss:  10.0 10.0 loc_loss:  0.2423550796508789 reward_loss:  -12.117753028869629
epoch:  47 batch:  50 region_loss:  10.0 10.0 loc_loss:  0.1890961456298828 reward_loss:  -9.454806327819824
epoch:  47 batch:  60 region_loss:  10.0 10.0 loc_loss:  0.1662851333618164 reward_loss:  -8.314258575439453
epoch:  47 batch:  70 region_loss:  10.0 10.0 loc_loss:  0.19353387832641603 reward_loss:  -9.6766939163208
epoch:  47 batch:  80 region_loss:  10.0 10.0 loc_loss:  0.18197553634643554 reward_loss:  -9.098776817321777
epoch:  47 batch:  90 region_loss:  6.0 6.0 loc_loss:  0.10484903335571288 reward_loss:  -5.242452621459961
epoch:  47 batch:  100 region_loss:  8.0 8.0 loc_loss:  0.13312675476074218 reward_loss:  -6.656338214874268
epoch:  47 batch:  110 region_loss:  4.0 4.0 loc_loss:  0.05836512565612793 reward_loss:  -2.9182562828063965
epoch:  47 batch:  120 region_loss:  5.0 5.0 loc_loss:  0.06829121589660644 reward_loss:  -3.4145519733428955
epoch:  47 batch:  130 region_loss:  7.0 7.0 loc_loss:  0.12080296516418457 reward_loss:  -6.04014778137207
acc@1:  0.10442144873000941
epoch: 47 region loss 0.17051094890510948 loc loss 0.16198917815285008 reward loss -8.099458917214053
epoch:  48 batch:  0 region_loss:  10.0 10.0 loc_loss:  0.16307703018188477 reward_loss:  -8.153852462768555
epoch:  48 batch:  10 region_loss:  10.0 10.0 loc_loss:  0.1836807632446289 reward_loss:  -9.184039115905762
epoch:  48 batch:  20 region_loss:  10.0 10.0 loc_loss:  0.21334835052490234 reward_loss:  -10.6674165725708
epoch:  48 batch:  30 region_loss:  10.0 10.0 loc_loss:  0.15529882431030273 reward_loss:  -7.764941215515137
epoch:  48 batch:  40 region_loss:  10.0 10.0 loc_loss:  0.22790821075439452 reward_loss:  -11.39540958404541
epoch:  48 batch:  50 region_loss:  10.0 10.0 loc_loss:  0.1792453384399414 reward_loss:  -8.962267875671387
epoch:  48 batch:  60 region_loss:  10.0 10.0 loc_loss:  0.154991455078125 reward_loss:  -7.74957275390625
epoch:  48 batch:  70 region_loss:  10.0 10.0 loc_loss:  0.18210100173950194 reward_loss:  -9.105051040649414
epoch:  48 batch:  80 region_loss:  10.0 10.0 loc_loss:  0.16934335708618165 reward_loss:  -8.467168807983398
epoch:  48 batch:  90 region_loss:  6.0 6.0 loc_loss:  0.09765841484069825 reward_loss:  -4.882920742034912
epoch:  48 batch:  100 region_loss:  8.0 8.0 loc_loss:  0.1227520751953125 reward_loss:  -6.137603759765625
epoch:  48 batch:  110 region_loss:  4.0 4.0 loc_loss:  0.05401577949523926 reward_loss:  -2.7007899284362793
epoch:  48 batch:  120 region_loss:  5.0 5.0 loc_loss:  0.06369463920593262 reward_loss:  -3.184736728668213
epoch:  48 batch:  130 region_loss:  7.0 7.0 loc_loss:  0.11238423347473145 reward_loss:  -5.619211673736572
acc@1:  0.10442144873000941
epoch: 48 region loss 0.17051094890510948 loc loss 0.15249845571761583 reward loss -7.624922884206702
epoch:  49 batch:  0 region_loss:  10.0 10.0 loc_loss:  0.15273101806640624 reward_loss:  -7.636550426483154
epoch:  49 batch:  10 region_loss:  10.0 10.0 loc_loss:  0.17209457397460937 reward_loss:  -8.604727745056152
epoch:  49 batch:  20 region_loss:  10.0 10.0 loc_loss:  0.20312185287475587 reward_loss:  -10.156091690063477
epoch:  49 batch:  30 region_loss:  10.0 10.0 loc_loss:  0.1453575611114502 reward_loss:  -7.267877578735352
epoch:  49 batch:  40 region_loss:  10.0 10.0 loc_loss:  0.21423013687133788 reward_loss:  -10.711505889892578
epoch:  49 batch:  50 region_loss:  10.0 10.0 loc_loss:  0.1692835807800293 reward_loss:  -8.464179039001465
epoch:  49 batch:  60 region_loss:  10.0 10.0 loc_loss:  0.14562976837158204 reward_loss:  -7.281488418579102
epoch:  49 batch:  70 region_loss:  10.0 10.0 loc_loss:  0.17157442092895508 reward_loss:  -8.578721046447754
epoch:  49 batch:  80 region_loss:  10.0 10.0 loc_loss:  0.15794519424438477 reward_loss:  -7.897259712219238
epoch:  49 batch:  90 region_loss:  6.0 6.0 loc_loss:  0.09064935684204102 reward_loss:  -4.532467842102051
epoch:  49 batch:  100 region_loss:  8.0 8.0 loc_loss:  0.1163792610168457 reward_loss:  -5.818963050842285
epoch:  49 batch:  110 region_loss:  4.0 4.0 loc_loss:  0.049726767539978026 reward_loss:  -2.486337900161743
epoch:  49 batch:  120 region_loss:  5.0 5.0 loc_loss:  0.05935208797454834 reward_loss:  -2.9676058292388916
epoch:  49 batch:  130 region_loss:  7.0 7.0 loc_loss:  0.10427412033081054 reward_loss:  -5.213705539703369
acc@1:  0.10442144873000941
epoch: 49 region loss 0.17051094890510948 loc loss 0.14351567979276614 reward loss -7.17578398180704
