3
cuda
epoch:  0 batch:  0 region_loss:  10.0 10.0 loc_loss:  1.9842933654785155 reward_loss:  -99.21468353271484
epoch:  0 batch:  10 region_loss:  10.0 10.0 loc_loss:  1.988063201904297 reward_loss:  -99.40426635742188
epoch:  0 batch:  20 region_loss:  10.0 10.0 loc_loss:  1.9789741516113282 reward_loss:  -98.94969177246094
epoch:  0 batch:  30 region_loss:  10.0 10.0 loc_loss:  1.9866790771484375 reward_loss:  -99.33401489257812
epoch:  0 batch:  40 region_loss:  10.0 10.0 loc_loss:  1.9881500244140624 reward_loss:  -99.40829467773438
epoch:  0 batch:  50 region_loss:  10.0 10.0 loc_loss:  1.9907980346679688 reward_loss:  -99.5393295288086
epoch:  0 batch:  60 region_loss:  10.0 10.0 loc_loss:  1.9822109985351561 reward_loss:  -99.10982513427734
epoch:  0 batch:  70 region_loss:  10.0 10.0 loc_loss:  1.9803155517578126 reward_loss:  -99.01545715332031
epoch:  0 batch:  80 region_loss:  10.0 10.0 loc_loss:  1.9777510070800781 reward_loss:  -98.88671875
epoch:  0 batch:  90 region_loss:  6.0 6.0 loc_loss:  1.1816968536376953 reward_loss:  -59.08528137207031
epoch:  0 batch:  100 region_loss:  8.0 8.0 loc_loss:  1.5722569274902343 reward_loss:  -78.6129150390625
epoch:  0 batch:  110 region_loss:  4.0 4.0 loc_loss:  0.7872123718261719 reward_loss:  -39.36075973510742
epoch:  0 batch:  120 region_loss:  5.0 5.0 loc_loss:  0.982342758178711 reward_loss:  -49.115936279296875
epoch:  0 batch:  130 region_loss:  7.0 7.0 loc_loss:  1.3736831665039062 reward_loss:  -68.68376922607422
acc@1:  0.0009407337723424271
epoch: 0 region loss 0.17051094890510948 loc loss 1.6872237691391994 reward loss -84.36117537004235
epoch:  1 batch:  0 region_loss:  10.0 10.0 loc_loss:  1.9111215209960937 reward_loss:  -95.55567932128906
epoch:  1 batch:  10 region_loss:  10.0 10.0 loc_loss:  1.9381741333007811 reward_loss:  -96.90864562988281
epoch:  1 batch:  20 region_loss:  10.0 10.0 loc_loss:  1.91924072265625 reward_loss:  -95.9614486694336
epoch:  1 batch:  30 region_loss:  10.0 10.0 loc_loss:  1.9257257080078125 reward_loss:  -96.28582000732422
epoch:  1 batch:  40 region_loss:  10.0 10.0 loc_loss:  1.924464874267578 reward_loss:  -96.22262573242188
epoch:  1 batch:  50 region_loss:  10.0 10.0 loc_loss:  1.9178570556640624 reward_loss:  -95.8935546875
epoch:  1 batch:  60 region_loss:  10.0 10.0 loc_loss:  1.8927584838867189 reward_loss:  -94.63765716552734
epoch:  1 batch:  70 region_loss:  10.0 10.0 loc_loss:  1.882747039794922 reward_loss:  -94.13533782958984
epoch:  1 batch:  80 region_loss:  10.0 10.0 loc_loss:  1.8619207763671874 reward_loss:  -93.09575653076172
epoch:  1 batch:  90 region_loss:  6.0 6.0 loc_loss:  1.1041603088378906 reward_loss:  -55.20872497558594
epoch:  1 batch:  100 region_loss:  8.0 8.0 loc_loss:  1.455594024658203 reward_loss:  -72.77976989746094
epoch:  1 batch:  110 region_loss:  4.0 4.0 loc_loss:  0.7353394317626953 reward_loss:  -36.767333984375
epoch:  1 batch:  120 region_loss:  5.0 5.0 loc_loss:  0.9093343353271485 reward_loss:  -45.466835021972656
epoch:  1 batch:  130 region_loss:  7.0 7.0 loc_loss:  1.259240036010742 reward_loss:  -62.96250534057617
acc@1:  0.022577610536218252
epoch: 1 region loss 0.17051094890510948 loc loss 1.6035655017490804 reward loss -80.17835539100814
epoch:  2 batch:  0 region_loss:  10.0 10.0 loc_loss:  1.7257392883300782 reward_loss:  -86.28661346435547
epoch:  2 batch:  10 region_loss:  10.0 10.0 loc_loss:  1.7509324645996094 reward_loss:  -87.546630859375
epoch:  2 batch:  20 region_loss:  10.0 10.0 loc_loss:  1.7356060791015624 reward_loss:  -86.7804946899414
epoch:  2 batch:  30 region_loss:  10.0 10.0 loc_loss:  1.7713021850585937 reward_loss:  -88.564208984375
epoch:  2 batch:  40 region_loss:  10.0 10.0 loc_loss:  1.7325331115722655 reward_loss:  -86.62579345703125
epoch:  2 batch:  50 region_loss:  10.0 10.0 loc_loss:  1.7778094482421876 reward_loss:  -88.89015197753906
epoch:  2 batch:  60 region_loss:  10.0 10.0 loc_loss:  1.7367886352539061 reward_loss:  -86.83946228027344
epoch:  2 batch:  70 region_loss:  10.0 10.0 loc_loss:  1.7480264282226563 reward_loss:  -87.40172576904297
epoch:  2 batch:  80 region_loss:  10.0 10.0 loc_loss:  1.7238731384277344 reward_loss:  -86.19296264648438
epoch:  2 batch:  90 region_loss:  6.0 6.0 loc_loss:  1.0327813720703125 reward_loss:  -51.63889694213867
epoch:  2 batch:  100 region_loss:  8.0 8.0 loc_loss:  1.3729884338378906 reward_loss:  -68.65017700195312
epoch:  2 batch:  110 region_loss:  4.0 4.0 loc_loss:  0.6995330810546875 reward_loss:  -34.97756576538086
epoch:  2 batch:  120 region_loss:  5.0 5.0 loc_loss:  0.8687646484375 reward_loss:  -43.438255310058594
epoch:  2 batch:  130 region_loss:  7.0 7.0 loc_loss:  1.2061839294433594 reward_loss:  -60.30918884277344
acc@1:  0.027281279397930385
epoch: 2 region loss 0.17051094890510948 loc loss 1.4747162449968994 reward loss -73.7357117868688
epoch:  3 batch:  0 region_loss:  10.0 10.0 loc_loss:  1.6747303771972657 reward_loss:  -83.73627471923828
epoch:  3 batch:  10 region_loss:  10.0 10.0 loc_loss:  1.684962921142578 reward_loss:  -84.24932861328125
epoch:  3 batch:  20 region_loss:  10.0 10.0 loc_loss:  1.644861297607422 reward_loss:  -82.24291229248047
epoch:  3 batch:  30 region_loss:  10.0 10.0 loc_loss:  1.7016561889648438 reward_loss:  -85.08318328857422
epoch:  3 batch:  40 region_loss:  10.0 10.0 loc_loss:  1.6597970581054688 reward_loss:  -82.99100494384766
epoch:  3 batch:  50 region_loss:  10.0 10.0 loc_loss:  1.7078582763671875 reward_loss:  -85.39280700683594
epoch:  3 batch:  60 region_loss:  10.0 10.0 loc_loss:  1.6740650939941406 reward_loss:  -83.70378875732422
epoch:  3 batch:  70 region_loss:  10.0 10.0 loc_loss:  1.6805467224121093 reward_loss:  -84.02812957763672
epoch:  3 batch:  80 region_loss:  10.0 10.0 loc_loss:  1.6642709350585938 reward_loss:  -83.21380615234375
epoch:  3 batch:  90 region_loss:  6.0 6.0 loc_loss:  0.9999363708496094 reward_loss:  -49.9962272644043
epoch:  3 batch:  100 region_loss:  8.0 8.0 loc_loss:  1.32691162109375 reward_loss:  -66.34428405761719
epoch:  3 batch:  110 region_loss:  4.0 4.0 loc_loss:  0.679618148803711 reward_loss:  -33.98158645629883
epoch:  3 batch:  120 region_loss:  5.0 5.0 loc_loss:  0.844154281616211 reward_loss:  -42.207305908203125
epoch:  3 batch:  130 region_loss:  7.0 7.0 loc_loss:  1.1741043853759765 reward_loss:  -58.70465087890625
acc@1:  0.03574788334901223
epoch: 3 region loss 0.17051094890510948 loc loss 1.4153054280524706 reward loss -70.76533547283088
epoch:  4 batch:  0 region_loss:  10.0 10.0 loc_loss:  1.636158447265625 reward_loss:  -81.80826568603516
epoch:  4 batch:  10 region_loss:  10.0 10.0 loc_loss:  1.6421415710449219 reward_loss:  -82.1059799194336
epoch:  4 batch:  20 region_loss:  10.0 10.0 loc_loss:  1.577568359375 reward_loss:  -78.8781509399414
epoch:  4 batch:  30 region_loss:  10.0 10.0 loc_loss:  1.647750701904297 reward_loss:  -82.38768005371094
epoch:  4 batch:  40 region_loss:  10.0 10.0 loc_loss:  1.6061711120605469 reward_loss:  -80.30925750732422
epoch:  4 batch:  50 region_loss:  10.0 10.0 loc_loss:  1.6497805786132813 reward_loss:  -82.48918151855469
epoch:  4 batch:  60 region_loss:  10.0 10.0 loc_loss:  1.6232614135742187 reward_loss:  -81.16188049316406
epoch:  4 batch:  70 region_loss:  10.0 10.0 loc_loss:  1.6238636779785156 reward_loss:  -81.19275665283203
epoch:  4 batch:  80 region_loss:  10.0 10.0 loc_loss:  1.6126351928710938 reward_loss:  -80.63137817382812
epoch:  4 batch:  90 region_loss:  6.0 6.0 loc_loss:  0.9706082916259766 reward_loss:  -48.53014373779297
epoch:  4 batch:  100 region_loss:  8.0 8.0 loc_loss:  1.2834707641601562 reward_loss:  -64.17357635498047
epoch:  4 batch:  110 region_loss:  4.0 4.0 loc_loss:  0.6617936706542968 reward_loss:  -33.09002685546875
epoch:  4 batch:  120 region_loss:  5.0 5.0 loc_loss:  0.8198370361328124 reward_loss:  -40.99138641357422
epoch:  4 batch:  130 region_loss:  7.0 7.0 loc_loss:  1.142623291015625 reward_loss:  -57.130950927734375
acc@1:  0.04656632173095014
epoch: 4 region loss 0.17051094890510948 loc loss 1.3673976135253907 reward loss -68.36984896137767
epoch:  5 batch:  0 region_loss:  10.0 10.0 loc_loss:  1.5915890502929688 reward_loss:  -79.58061218261719
epoch:  5 batch:  10 region_loss:  10.0 10.0 loc_loss:  1.5991456604003906 reward_loss:  -79.95709991455078
epoch:  5 batch:  20 region_loss:  10.0 10.0 loc_loss:  1.51256591796875 reward_loss:  -75.62808227539062
epoch:  5 batch:  30 region_loss:  10.0 10.0 loc_loss:  1.5931510925292969 reward_loss:  -79.6578140258789
epoch:  5 batch:  40 region_loss:  10.0 10.0 loc_loss:  1.5540676879882813 reward_loss:  -77.70333099365234
epoch:  5 batch:  50 region_loss:  10.0 10.0 loc_loss:  1.5912889099121095 reward_loss:  -79.5645523071289
epoch:  5 batch:  60 region_loss:  10.0 10.0 loc_loss:  1.5717449951171876 reward_loss:  -78.58654022216797
epoch:  5 batch:  70 region_loss:  10.0 10.0 loc_loss:  1.5674453735351563 reward_loss:  -78.3725814819336
epoch:  5 batch:  80 region_loss:  10.0 10.0 loc_loss:  1.56010009765625 reward_loss:  -78.0049819946289
epoch:  5 batch:  90 region_loss:  6.0 6.0 loc_loss:  0.9407775115966797 reward_loss:  -47.038902282714844
epoch:  5 batch:  100 region_loss:  8.0 8.0 loc_loss:  1.2380754852294922 reward_loss:  -61.90382766723633
epoch:  5 batch:  110 region_loss:  4.0 4.0 loc_loss:  0.6437347412109375 reward_loss:  -32.18632507324219
epoch:  5 batch:  120 region_loss:  5.0 5.0 loc_loss:  0.793742904663086 reward_loss:  -39.687049865722656
epoch:  5 batch:  130 region_loss:  7.0 7.0 loc_loss:  1.10905517578125 reward_loss:  -55.452781677246094
acc@1:  0.059266227657572904
epoch: 5 region loss 0.17051094890510948 loc loss 1.3189301943256908 reward loss -65.9465212578321
epoch:  6 batch:  0 region_loss:  10.0 10.0 loc_loss:  1.5398027038574218 reward_loss:  -76.98999786376953
epoch:  6 batch:  10 region_loss:  10.0 10.0 loc_loss:  1.5526368713378906 reward_loss:  -77.63163757324219
epoch:  6 batch:  20 region_loss:  10.0 10.0 loc_loss:  1.4446044921875 reward_loss:  -72.2301025390625
epoch:  6 batch:  30 region_loss:  10.0 10.0 loc_loss:  1.5348194885253905 reward_loss:  -76.74083709716797
epoch:  6 batch:  40 region_loss:  10.0 10.0 loc_loss:  1.4993695068359374 reward_loss:  -74.9683609008789
epoch:  6 batch:  50 region_loss:  10.0 10.0 loc_loss:  1.5300018310546875 reward_loss:  -76.50010681152344
epoch:  6 batch:  60 region_loss:  10.0 10.0 loc_loss:  1.5167533874511718 reward_loss:  -75.83784484863281
epoch:  6 batch:  70 region_loss:  10.0 10.0 loc_loss:  1.5070933532714843 reward_loss:  -75.35540008544922
epoch:  6 batch:  80 region_loss:  10.0 10.0 loc_loss:  1.504681396484375 reward_loss:  -75.23428344726562
epoch:  6 batch:  90 region_loss:  6.0 6.0 loc_loss:  0.9093788146972657 reward_loss:  -45.46891784667969
epoch:  6 batch:  100 region_loss:  8.0 8.0 loc_loss:  1.1885410308837892 reward_loss:  -59.426761627197266
epoch:  6 batch:  110 region_loss:  4.0 4.0 loc_loss:  0.6246282196044922 reward_loss:  -31.231584548950195
epoch:  6 batch:  120 region_loss:  5.0 5.0 loc_loss:  0.7654933166503907 reward_loss:  -38.2746696472168
epoch:  6 batch:  130 region_loss:  7.0 7.0 loc_loss:  1.072636260986328 reward_loss:  -53.631813049316406
acc@1:  0.06914393226716839
epoch: 6 region loss 0.17051094890510948 loc loss 1.2674215628630925 reward loss -63.37107161361806
epoch:  7 batch:  0 region_loss:  10.0 10.0 loc_loss:  1.4814669799804687 reward_loss:  -74.07327270507812
epoch:  7 batch:  10 region_loss:  10.0 10.0 loc_loss:  1.500543212890625 reward_loss:  -75.0270767211914
epoch:  7 batch:  20 region_loss:  10.0 10.0 loc_loss:  1.3722247314453124 reward_loss:  -68.61124420166016
epoch:  7 batch:  30 region_loss:  10.0 10.0 loc_loss:  1.4716111755371093 reward_loss:  -73.58055114746094
epoch:  7 batch:  40 region_loss:  10.0 10.0 loc_loss:  1.4418130493164063 reward_loss:  -72.09062957763672
epoch:  7 batch:  50 region_loss:  10.0 10.0 loc_loss:  1.4641358947753906 reward_loss:  -73.20684814453125
epoch:  7 batch:  60 region_loss:  10.0 10.0 loc_loss:  1.457382049560547 reward_loss:  -72.86936950683594
epoch:  7 batch:  70 region_loss:  10.0 10.0 loc_loss:  1.441822509765625 reward_loss:  -72.0910873413086
epoch:  7 batch:  80 region_loss:  10.0 10.0 loc_loss:  1.4457289123535155 reward_loss:  -72.2865982055664
epoch:  7 batch:  90 region_loss:  6.0 6.0 loc_loss:  0.8762730407714844 reward_loss:  -43.81365203857422
epoch:  7 batch:  100 region_loss:  8.0 8.0 loc_loss:  1.1349331665039062 reward_loss:  -56.746978759765625
epoch:  7 batch:  110 region_loss:  4.0 4.0 loc_loss:  0.6044339752197265 reward_loss:  -30.221858978271484
epoch:  7 batch:  120 region_loss:  5.0 5.0 loc_loss:  0.7350447082519531 reward_loss:  -36.75215148925781
epoch:  7 batch:  130 region_loss:  7.0 7.0 loc_loss:  1.0334873962402344 reward_loss:  -51.67437744140625
acc@1:  0.08419567262464722
epoch: 7 region loss 0.17051094890510948 loc loss 1.2124790559197864 reward loss -60.623949607793435
epoch:  8 batch:  0 region_loss:  10.0 10.0 loc_loss:  1.417495880126953 reward_loss:  -70.87483215332031
epoch:  8 batch:  10 region_loss:  10.0 10.0 loc_loss:  1.4428781127929688 reward_loss:  -72.1437759399414
epoch:  8 batch:  20 region_loss:  10.0 10.0 loc_loss:  1.2970562744140626 reward_loss:  -64.85283660888672
epoch:  8 batch:  30 region_loss:  10.0 10.0 loc_loss:  1.4041273498535156 reward_loss:  -70.20636749267578
epoch:  8 batch:  40 region_loss:  10.0 10.0 loc_loss:  1.3840017700195313 reward_loss:  -69.20008850097656
epoch:  8 batch:  50 region_loss:  10.0 10.0 loc_loss:  1.3941380310058593 reward_loss:  -69.70689392089844
epoch:  8 batch:  60 region_loss:  10.0 10.0 loc_loss:  1.394080810546875 reward_loss:  -69.70398712158203
epoch:  8 batch:  70 region_loss:  10.0 10.0 loc_loss:  1.3718006896972657 reward_loss:  -68.58975219726562
epoch:  8 batch:  80 region_loss:  10.0 10.0 loc_loss:  1.3841026306152344 reward_loss:  -69.20513153076172
epoch:  8 batch:  90 region_loss:  6.0 6.0 loc_loss:  0.8417990112304687 reward_loss:  -42.089962005615234
epoch:  8 batch:  100 region_loss:  8.0 8.0 loc_loss:  1.0782783508300782 reward_loss:  -53.913917541503906
epoch:  8 batch:  110 region_loss:  4.0 4.0 loc_loss:  0.5831926345825196 reward_loss:  -29.159578323364258
epoch:  8 batch:  120 region_loss:  5.0 5.0 loc_loss:  0.70294921875 reward_loss:  -35.1474609375
epoch:  8 batch:  130 region_loss:  7.0 7.0 loc_loss:  0.992193603515625 reward_loss:  -49.609886169433594
acc@1:  0.09642521166509878
epoch: 8 region loss 0.17051094890510948 loc loss 1.1550721320270623 reward loss -57.75361066665093
epoch:  9 batch:  0 region_loss:  10.0 10.0 loc_loss:  1.3490013122558593 reward_loss:  -67.45011901855469
epoch:  9 batch:  10 region_loss:  10.0 10.0 loc_loss:  1.3802017211914062 reward_loss:  -69.00977325439453
epoch:  9 batch:  20 region_loss:  10.0 10.0 loc_loss:  1.2214057922363282 reward_loss:  -61.07024383544922
epoch:  9 batch:  30 region_loss:  10.0 10.0 loc_loss:  1.3329544067382812 reward_loss:  -66.64771270751953
epoch:  9 batch:  40 region_loss:  10.0 10.0 loc_loss:  1.3277009582519532 reward_loss:  -66.38499450683594
epoch:  9 batch:  50 region_loss:  10.0 10.0 loc_loss:  1.321000213623047 reward_loss:  -66.0499496459961
epoch:  9 batch:  60 region_loss:  10.0 10.0 loc_loss:  1.3285940551757813 reward_loss:  -66.42970275878906
epoch:  9 batch:  70 region_loss:  10.0 10.0 loc_loss:  1.2984620666503905 reward_loss:  -64.92302703857422
epoch:  9 batch:  80 region_loss:  10.0 10.0 loc_loss:  1.3218214416503906 reward_loss:  -66.09109497070312
epoch:  9 batch:  90 region_loss:  6.0 6.0 loc_loss:  0.8064055633544922 reward_loss:  -40.32026290893555
epoch:  9 batch:  100 region_loss:  8.0 8.0 loc_loss:  1.020308151245117 reward_loss:  -51.015403747558594
epoch:  9 batch:  110 region_loss:  4.0 4.0 loc_loss:  0.5610451126098632 reward_loss:  -28.052215576171875
epoch:  9 batch:  120 region_loss:  5.0 5.0 loc_loss:  0.6699266052246093 reward_loss:  -33.4963493347168
epoch:  9 batch:  130 region_loss:  7.0 7.0 loc_loss:  0.9491763305664063 reward_loss:  -47.45879364013672
acc@1:  0.10442144873000941
epoch: 9 region loss 0.17051094890510948 loc loss 1.0966026322859046 reward loss -54.830120142358936
epoch:  10 batch:  0 region_loss:  10.0 10.0 loc_loss:  1.2775911712646484 reward_loss:  -63.87958908081055
epoch:  10 batch:  10 region_loss:  10.0 10.0 loc_loss:  1.3140463256835937 reward_loss:  -65.70233154296875
epoch:  10 batch:  20 region_loss:  10.0 10.0 loc_loss:  1.1476453399658204 reward_loss:  -57.38226318359375
epoch:  10 batch:  30 region_loss:  10.0 10.0 loc_loss:  1.2594961547851562 reward_loss:  -62.97480392456055
epoch:  10 batch:  40 region_loss:  10.0 10.0 loc_loss:  1.2726111602783203 reward_loss:  -63.63056182861328
epoch:  10 batch:  50 region_loss:  10.0 10.0 loc_loss:  1.2464923095703124 reward_loss:  -62.32461166381836
epoch:  10 batch:  60 region_loss:  10.0 10.0 loc_loss:  1.2630970764160157 reward_loss:  -63.154876708984375
epoch:  10 batch:  70 region_loss:  10.0 10.0 loc_loss:  1.2244074249267578 reward_loss:  -61.220306396484375
epoch:  10 batch:  80 region_loss:  10.0 10.0 loc_loss:  1.2607399749755859 reward_loss:  -63.037025451660156
epoch:  10 batch:  90 region_loss:  6.0 6.0 loc_loss:  0.7705857849121094 reward_loss:  -38.52928924560547
epoch:  10 batch:  100 region_loss:  8.0 8.0 loc_loss:  0.9631024932861328 reward_loss:  -48.15511703491211
epoch:  10 batch:  110 region_loss:  4.0 4.0 loc_loss:  0.5381402969360352 reward_loss:  -26.907001495361328
epoch:  10 batch:  120 region_loss:  5.0 5.0 loc_loss:  0.6370243835449219 reward_loss:  -31.85123062133789
epoch:  10 batch:  130 region_loss:  7.0 7.0 loc_loss:  0.9053834533691406 reward_loss:  -45.26917266845703
acc@1:  0.11429915333960489
epoch: 10 region loss 0.17051094890510948 loc loss 1.03850538573996 reward loss -51.92526873010789
epoch:  11 batch:  0 region_loss:  10.0 10.0 loc_loss:  1.2057058715820312 reward_loss:  -60.28539276123047
epoch:  11 batch:  10 region_loss:  10.0 10.0 loc_loss:  1.2462689208984374 reward_loss:  -62.31344223022461
epoch:  11 batch:  20 region_loss:  10.0 10.0 loc_loss:  1.0773474884033203 reward_loss:  -53.86735153198242
epoch:  11 batch:  30 region_loss:  10.0 10.0 loc_loss:  1.1857498168945313 reward_loss:  -59.2874870300293
epoch:  11 batch:  40 region_loss:  10.0 10.0 loc_loss:  1.2181862640380858 reward_loss:  -60.9093132019043
epoch:  11 batch:  50 region_loss:  10.0 10.0 loc_loss:  1.1726981353759767 reward_loss:  -58.63490676879883
epoch:  11 batch:  60 region_loss:  10.0 10.0 loc_loss:  1.1990381622314452 reward_loss:  -59.95189666748047
epoch:  11 batch:  70 region_loss:  10.0 10.0 loc_loss:  1.1523260498046874 reward_loss:  -57.616310119628906
epoch:  11 batch:  80 region_loss:  10.0 10.0 loc_loss:  1.202459259033203 reward_loss:  -60.122962951660156
epoch:  11 batch:  90 region_loss:  6.0 6.0 loc_loss:  0.734922866821289 reward_loss:  -36.74614334106445
epoch:  11 batch:  100 region_loss:  8.0 8.0 loc_loss:  0.9081460571289063 reward_loss:  -45.40729522705078
epoch:  11 batch:  110 region_loss:  4.0 4.0 loc_loss:  0.5147815704345703 reward_loss:  -25.73908233642578
epoch:  11 batch:  120 region_loss:  5.0 5.0 loc_loss:  0.6047669982910157 reward_loss:  -30.238330841064453
epoch:  11 batch:  130 region_loss:  7.0 7.0 loc_loss:  0.861790771484375 reward_loss:  -43.089508056640625
acc@1:  0.12229539040451552
epoch: 11 region loss 0.17051094890510948 loc loss 0.9820832716113459 reward loss -49.10416696367473
epoch:  12 batch:  0 region_loss:  10.0 10.0 loc_loss:  1.1356036376953125 reward_loss:  -56.780174255371094
epoch:  12 batch:  10 region_loss:  10.0 10.0 loc_loss:  1.179170150756836 reward_loss:  -58.95851135253906
epoch:  12 batch:  20 region_loss:  10.0 10.0 loc_loss:  1.0113719940185546 reward_loss:  -50.56858444213867
epoch:  12 batch:  30 region_loss:  10.0 10.0 loc_loss:  1.113862075805664 reward_loss:  -55.69309997558594
epoch:  12 batch:  40 region_loss:  10.0 10.0 loc_loss:  1.1644129943847656 reward_loss:  -58.22064208984375
epoch:  12 batch:  50 region_loss:  10.0 10.0 loc_loss:  1.1015938568115233 reward_loss:  -55.0797119140625
epoch:  12 batch:  60 region_loss:  10.0 10.0 loc_loss:  1.13725341796875 reward_loss:  -56.86268615722656
epoch:  12 batch:  70 region_loss:  10.0 10.0 loc_loss:  1.0847046661376953 reward_loss:  -54.23523712158203
epoch:  12 batch:  80 region_loss:  10.0 10.0 loc_loss:  1.1471947479248046 reward_loss:  -57.3597297668457
epoch:  12 batch:  90 region_loss:  6.0 6.0 loc_loss:  0.7000650024414062 reward_loss:  -35.00325393676758
epoch:  12 batch:  100 region_loss:  8.0 8.0 loc_loss:  0.856422119140625 reward_loss:  -42.82109069824219
epoch:  12 batch:  110 region_loss:  4.0 4.0 loc_loss:  0.49135833740234375 reward_loss:  -24.56792449951172
epoch:  12 batch:  120 region_loss:  5.0 5.0 loc_loss:  0.5736288452148437 reward_loss:  -28.681438446044922
epoch:  12 batch:  130 region_loss:  7.0 7.0 loc_loss:  0.8194386291503907 reward_loss:  -40.971927642822266
acc@1:  0.1284101599247413
epoch: 12 region loss 0.17051094890510948 loc loss 0.928376973284422 reward loss -46.4188496666233
epoch:  13 batch:  0 region_loss:  10.0 10.0 loc_loss:  1.0692060089111328 reward_loss:  -53.46040344238281
epoch:  13 batch:  10 region_loss:  10.0 10.0 loc_loss:  1.1145581817626953 reward_loss:  -55.727909088134766
epoch:  13 batch:  20 region_loss:  10.0 10.0 loc_loss:  0.9498464965820312 reward_loss:  -47.49230194091797
epoch:  13 batch:  30 region_loss:  10.0 10.0 loc_loss:  1.0460313415527345 reward_loss:  -52.30156326293945
epoch:  13 batch:  40 region_loss:  10.0 10.0 loc_loss:  1.1119451141357422 reward_loss:  -55.59725570678711
epoch:  13 batch:  50 region_loss:  10.0 10.0 loc_loss:  1.0344036865234374 reward_loss:  -51.72018051147461
epoch:  13 batch:  60 region_loss:  10.0 10.0 loc_loss:  1.0783477020263672 reward_loss:  -53.917381286621094
epoch:  13 batch:  70 region_loss:  10.0 10.0 loc_loss:  1.0226115417480468 reward_loss:  -51.13056945800781
epoch:  13 batch:  80 region_loss:  10.0 10.0 loc_loss:  1.0947314453125 reward_loss:  -54.736568450927734
epoch:  13 batch:  90 region_loss:  6.0 6.0 loc_loss:  0.6665226745605469 reward_loss:  -33.326133728027344
epoch:  13 batch:  100 region_loss:  8.0 8.0 loc_loss:  0.8086519622802735 reward_loss:  -40.432594299316406
epoch:  13 batch:  110 region_loss:  4.0 4.0 loc_loss:  0.4681724166870117 reward_loss:  -23.40862274169922
epoch:  13 batch:  120 region_loss:  5.0 5.0 loc_loss:  0.5439717483520508 reward_loss:  -27.198471069335938
epoch:  13 batch:  130 region_loss:  7.0 7.0 loc_loss:  0.7789286804199219 reward_loss:  -38.946475982666016
acc@1:  0.132173095014111
epoch: 13 region loss 0.17051094890510948 loc loss 0.878075404480426 reward loss -43.903770989745205
epoch:  14 batch:  0 region_loss:  10.0 10.0 loc_loss:  1.0075182342529296 reward_loss:  -50.375919342041016
epoch:  14 batch:  10 region_loss:  10.0 10.0 loc_loss:  1.0536597442626954 reward_loss:  -52.682987213134766
epoch:  14 batch:  20 region_loss:  10.0 10.0 loc_loss:  0.8933358001708984 reward_loss:  -44.666786193847656
epoch:  14 batch:  30 region_loss:  10.0 10.0 loc_loss:  0.9838323974609375 reward_loss:  -49.191627502441406
epoch:  14 batch:  40 region_loss:  10.0 10.0 loc_loss:  1.0619046783447266 reward_loss:  -53.09523391723633
epoch:  14 batch:  50 region_loss:  10.0 10.0 loc_loss:  0.9719981384277344 reward_loss:  -48.599884033203125
epoch:  14 batch:  60 region_loss:  10.0 10.0 loc_loss:  1.0227354431152345 reward_loss:  -51.13677215576172
epoch:  14 batch:  70 region_loss:  10.0 10.0 loc_loss:  0.9661665344238282 reward_loss:  -48.308319091796875
epoch:  14 batch:  80 region_loss:  10.0 10.0 loc_loss:  1.0449333953857423 reward_loss:  -52.24667739868164
epoch:  14 batch:  90 region_loss:  6.0 6.0 loc_loss:  0.6348252487182617 reward_loss:  -31.741262435913086
epoch:  14 batch:  100 region_loss:  8.0 8.0 loc_loss:  0.7651465606689453 reward_loss:  -38.25732421875
epoch:  14 batch:  110 region_loss:  4.0 4.0 loc_loss:  0.4457571029663086 reward_loss:  -22.287857055664062
epoch:  14 batch:  120 region_loss:  5.0 5.0 loc_loss:  0.5158232498168945 reward_loss:  -25.79117202758789
epoch:  14 batch:  130 region_loss:  7.0 7.0 loc_loss:  0.7408001708984375 reward_loss:  -37.04001235961914
acc@1:  0.13405456255879586
epoch: 14 region loss 0.17051094890510948 loc loss 0.8315317114948357 reward loss -41.57658480901788
epoch:  15 batch:  0 region_loss:  10.0 10.0 loc_loss:  0.9510048675537109 reward_loss:  -47.55024719238281
epoch:  15 batch:  10 region_loss:  10.0 10.0 loc_loss:  0.9970184326171875 reward_loss:  -49.85091781616211
epoch:  15 batch:  20 region_loss:  10.0 10.0 loc_loss:  0.8423787689208985 reward_loss:  -42.11893844604492
epoch:  15 batch:  30 region_loss:  10.0 10.0 loc_loss:  0.9276322937011718 reward_loss:  -46.38161849975586
epoch:  15 batch:  40 region_loss:  10.0 10.0 loc_loss:  1.0150652313232422 reward_loss:  -50.753257751464844
epoch:  15 batch:  50 region_loss:  10.0 10.0 loc_loss:  0.9151830291748047 reward_loss:  -45.759151458740234
epoch:  15 batch:  60 region_loss:  10.0 10.0 loc_loss:  0.9705618286132812 reward_loss:  -48.52809524536133
epoch:  15 batch:  70 region_loss:  10.0 10.0 loc_loss:  0.9147766876220703 reward_loss:  -45.738834381103516
epoch:  15 batch:  80 region_loss:  10.0 10.0 loc_loss:  0.9977724456787109 reward_loss:  -49.88861846923828
epoch:  15 batch:  90 region_loss:  6.0 6.0 loc_loss:  0.6050520706176757 reward_loss:  -30.252607345581055
epoch:  15 batch:  100 region_loss:  8.0 8.0 loc_loss:  0.7254648590087891 reward_loss:  -36.273250579833984
epoch:  15 batch:  110 region_loss:  4.0 4.0 loc_loss:  0.4241973876953125 reward_loss:  -21.209869384765625
epoch:  15 batch:  120 region_loss:  5.0 5.0 loc_loss:  0.48924076080322265 reward_loss:  -24.462032318115234
epoch:  15 batch:  130 region_loss:  7.0 7.0 loc_loss:  0.7051792907714843 reward_loss:  -35.25896072387695
acc@1:  0.13734713076199437
epoch: 15 region loss 0.17051094890510948 loc loss 0.788737374744276 reward loss -39.436866718487146
epoch:  16 batch:  0 region_loss:  10.0 10.0 loc_loss:  0.8995704650878906 reward_loss:  -44.97852325439453
epoch:  16 batch:  10 region_loss:  10.0 10.0 loc_loss:  0.9445687103271484 reward_loss:  -47.22843551635742
epoch:  16 batch:  20 region_loss:  10.0 10.0 loc_loss:  0.7970798492431641 reward_loss:  -39.85398864746094
epoch:  16 batch:  30 region_loss:  10.0 10.0 loc_loss:  0.8770562744140625 reward_loss:  -43.852813720703125
epoch:  16 batch:  40 region_loss:  10.0 10.0 loc_loss:  0.9718260192871093 reward_loss:  -48.5912971496582
epoch:  16 batch:  50 region_loss:  10.0 10.0 loc_loss:  0.8640612030029297 reward_loss:  -43.203060150146484
epoch:  16 batch:  60 region_loss:  10.0 10.0 loc_loss:  0.9214237213134766 reward_loss:  -46.07118225097656
epoch:  16 batch:  70 region_loss:  10.0 10.0 loc_loss:  0.8679597473144531 reward_loss:  -43.397987365722656
epoch:  16 batch:  80 region_loss:  10.0 10.0 loc_loss:  0.9532743835449219 reward_loss:  -47.66373062133789
epoch:  16 batch:  90 region_loss:  6.0 6.0 loc_loss:  0.5770866394042968 reward_loss:  -28.854333877563477
epoch:  16 batch:  100 region_loss:  8.0 8.0 loc_loss:  0.6893016815185546 reward_loss:  -34.465087890625
epoch:  16 batch:  110 region_loss:  4.0 4.0 loc_loss:  0.4036431884765625 reward_loss:  -20.182159423828125
epoch:  16 batch:  120 region_loss:  5.0 5.0 loc_loss:  0.46399723052978514 reward_loss:  -23.199861526489258
epoch:  16 batch:  130 region_loss:  7.0 7.0 loc_loss:  0.672047119140625 reward_loss:  -33.602352142333984
acc@1:  0.13734713076199437
epoch: 16 region loss 0.17051094890510948 loc loss 0.7494920040047082 reward loss -37.47459467310105
epoch:  17 batch:  0 region_loss:  10.0 10.0 loc_loss:  0.8528255462646485 reward_loss:  -42.64126968383789
epoch:  17 batch:  10 region_loss:  10.0 10.0 loc_loss:  0.8962937927246094 reward_loss:  -44.814693450927734
epoch:  17 batch:  20 region_loss:  10.0 10.0 loc_loss:  0.7569382476806641 reward_loss:  -37.84690475463867
epoch:  17 batch:  30 region_loss:  10.0 10.0 loc_loss:  0.831429443359375 reward_loss:  -41.57147216796875
epoch:  17 batch:  40 region_loss:  10.0 10.0 loc_loss:  0.9322126007080078 reward_loss:  -46.61063003540039
epoch:  17 batch:  50 region_loss:  10.0 10.0 loc_loss:  0.8181694793701172 reward_loss:  -40.908477783203125
epoch:  17 batch:  60 region_loss:  10.0 10.0 loc_loss:  0.8751636505126953 reward_loss:  -43.75819778442383
epoch:  17 batch:  70 region_loss:  10.0 10.0 loc_loss:  0.8252824401855469 reward_loss:  -41.26411819458008
epoch:  17 batch:  80 region_loss:  10.0 10.0 loc_loss:  0.91134521484375 reward_loss:  -45.56725311279297
epoch:  17 batch:  90 region_loss:  6.0 6.0 loc_loss:  0.5507588958740235 reward_loss:  -27.537944793701172
epoch:  17 batch:  100 region_loss:  8.0 8.0 loc_loss:  0.6560833740234375 reward_loss:  -32.80416488647461
epoch:  17 batch:  110 region_loss:  4.0 4.0 loc_loss:  0.3839984893798828 reward_loss:  -19.19992446899414
epoch:  17 batch:  120 region_loss:  5.0 5.0 loc_loss:  0.4401688003540039 reward_loss:  -22.008440017700195
epoch:  17 batch:  130 region_loss:  7.0 7.0 loc_loss:  0.6412826538085937 reward_loss:  -32.06412887573242
acc@1:  0.14205079962370648
epoch: 17 region loss 0.17051094890510948 loc loss 0.7134367668541678 reward loss -35.67183703401663
epoch:  18 batch:  0 region_loss:  10.0 10.0 loc_loss:  0.8099349212646484 reward_loss:  -40.49674606323242
epoch:  18 batch:  10 region_loss:  10.0 10.0 loc_loss:  0.8517788696289063 reward_loss:  -42.58894348144531
epoch:  18 batch:  20 region_loss:  10.0 10.0 loc_loss:  0.7212629699707032 reward_loss:  -36.06315231323242
epoch:  18 batch:  30 region_loss:  10.0 10.0 loc_loss:  0.7899040222167969 reward_loss:  -39.495201110839844
epoch:  18 batch:  40 region_loss:  10.0 10.0 loc_loss:  0.8957689666748047 reward_loss:  -44.788448333740234
epoch:  18 batch:  50 region_loss:  10.0 10.0 loc_loss:  0.7766493225097656 reward_loss:  -38.832462310791016
epoch:  18 batch:  60 region_loss:  10.0 10.0 loc_loss:  0.8314517211914062 reward_loss:  -41.57258605957031
epoch:  18 batch:  70 region_loss:  10.0 10.0 loc_loss:  0.7859457397460937 reward_loss:  -39.29728317260742
epoch:  18 batch:  80 region_loss:  10.0 10.0 loc_loss:  0.8717567443847656 reward_loss:  -43.58784484863281
epoch:  18 batch:  90 region_loss:  6.0 6.0 loc_loss:  0.5258465576171875 reward_loss:  -26.292327880859375
epoch:  18 batch:  100 region_loss:  8.0 8.0 loc_loss:  0.6255041885375977 reward_loss:  -31.27521324157715
epoch:  18 batch:  110 region_loss:  4.0 4.0 loc_loss:  0.36536407470703125 reward_loss:  -18.26822853088379
epoch:  18 batch:  120 region_loss:  5.0 5.0 loc_loss:  0.4175848388671875 reward_loss:  -20.87924575805664
epoch:  18 batch:  130 region_loss:  7.0 7.0 loc_loss:  0.6124488830566406 reward_loss:  -30.6224422454834
acc@1:  0.1458137347130762
epoch: 18 region loss 0.17051094890510948 loc loss 0.6801749546858517 reward loss -34.00875115220564
epoch:  19 batch:  0 region_loss:  10.0 10.0 loc_loss:  0.7704082489013672 reward_loss:  -38.52041244506836
epoch:  19 batch:  10 region_loss:  10.0 10.0 loc_loss:  0.8107849884033204 reward_loss:  -40.53924560546875
epoch:  19 batch:  20 region_loss:  10.0 10.0 loc_loss:  0.689180908203125 reward_loss:  -34.459041595458984
epoch:  19 batch:  30 region_loss:  10.0 10.0 loc_loss:  0.7518468475341797 reward_loss:  -37.592342376708984
epoch:  19 batch:  40 region_loss:  10.0 10.0 loc_loss:  0.8619647216796875 reward_loss:  -43.09823226928711
epoch:  19 batch:  50 region_loss:  10.0 10.0 loc_loss:  0.7387654113769532 reward_loss:  -36.938270568847656
epoch:  19 batch:  60 region_loss:  10.0 10.0 loc_loss:  0.7900991058349609 reward_loss:  -39.50495910644531
epoch:  19 batch:  70 region_loss:  10.0 10.0 loc_loss:  0.7496347808837891 reward_loss:  -37.48173141479492
epoch:  19 batch:  80 region_loss:  10.0 10.0 loc_loss:  0.8342300415039062 reward_loss:  -41.71150207519531
epoch:  19 batch:  90 region_loss:  6.0 6.0 loc_loss:  0.50219482421875 reward_loss:  -25.1097412109375
epoch:  19 batch:  100 region_loss:  8.0 8.0 loc_loss:  0.5970387268066406 reward_loss:  -29.851947784423828
epoch:  19 batch:  110 region_loss:  4.0 4.0 loc_loss:  0.34758087158203127 reward_loss:  -17.379045486450195
epoch:  19 batch:  120 region_loss:  5.0 5.0 loc_loss:  0.3961520004272461 reward_loss:  -19.807598114013672
epoch:  19 batch:  130 region_loss:  7.0 7.0 loc_loss:  0.5853114318847656 reward_loss:  -29.26556968688965
acc@1:  0.14346190028222014
epoch: 19 region loss 0.17051094890510948 loc loss 0.6493180865266898 reward loss -32.4659027740033
epoch:  20 batch:  0 region_loss:  10.0 10.0 loc_loss:  0.7336416625976563 reward_loss:  -36.68207550048828
epoch:  20 batch:  10 region_loss:  10.0 10.0 loc_loss:  0.7728441619873047 reward_loss:  -38.64220428466797
epoch:  20 batch:  20 region_loss:  10.0 10.0 loc_loss:  0.6599260711669922 reward_loss:  -32.99630355834961
epoch:  20 batch:  30 region_loss:  10.0 10.0 loc_loss:  0.7165839385986328 reward_loss:  -35.829193115234375
epoch:  20 batch:  40 region_loss:  10.0 10.0 loc_loss:  0.8301725769042969 reward_loss:  -41.508628845214844
epoch:  20 batch:  50 region_loss:  10.0 10.0 loc_loss:  0.7040359497070312 reward_loss:  -35.2017936706543
epoch:  20 batch:  60 region_loss:  10.0 10.0 loc_loss:  0.7509870147705078 reward_loss:  -37.54935073852539
epoch:  20 batch:  70 region_loss:  10.0 10.0 loc_loss:  0.7158326721191406 reward_loss:  -35.7916374206543
epoch:  20 batch:  80 region_loss:  10.0 10.0 loc_loss:  0.7982544708251953 reward_loss:  -39.9127197265625
epoch:  20 batch:  90 region_loss:  6.0 6.0 loc_loss:  0.47971759796142577 reward_loss:  -23.985881805419922
epoch:  20 batch:  100 region_loss:  8.0 8.0 loc_loss:  0.570327033996582 reward_loss:  -28.516355514526367
epoch:  20 batch:  110 region_loss:  4.0 4.0 loc_loss:  0.33061214447021486 reward_loss:  -16.53060531616211
epoch:  20 batch:  120 region_loss:  5.0 5.0 loc_loss:  0.3758245086669922 reward_loss:  -18.791227340698242
epoch:  20 batch:  130 region_loss:  7.0 7.0 loc_loss:  0.5595526123046874 reward_loss:  -27.977630615234375
acc@1:  0.14063969896519285
epoch: 20 region loss 0.17051094890510948 loc loss 0.6205051558557217 reward loss -31.025256679005867
epoch:  21 batch:  0 region_loss:  10.0 10.0 loc_loss:  0.699237060546875 reward_loss:  -34.961849212646484
epoch:  21 batch:  10 region_loss:  10.0 10.0 loc_loss:  0.7376920318603516 reward_loss:  -36.88460159301758
epoch:  21 batch:  20 region_loss:  10.0 10.0 loc_loss:  0.6330857849121094 reward_loss:  -31.654285430908203
epoch:  21 batch:  30 region_loss:  10.0 10.0 loc_loss:  0.6837866973876953 reward_loss:  -34.189334869384766
epoch:  21 batch:  40 region_loss:  10.0 10.0 loc_loss:  0.7999311065673829 reward_loss:  -39.99655532836914
epoch:  21 batch:  50 region_loss:  10.0 10.0 loc_loss:  0.6719956970214844 reward_loss:  -33.59978485107422
epoch:  21 batch:  60 region_loss:  10.0 10.0 loc_loss:  0.7140507507324219 reward_loss:  -35.70253372192383
epoch:  21 batch:  70 region_loss:  10.0 10.0 loc_loss:  0.6840789794921875 reward_loss:  -34.203948974609375
epoch:  21 batch:  80 region_loss:  10.0 10.0 loc_loss:  0.76372314453125 reward_loss:  -38.18614959716797
epoch:  21 batch:  90 region_loss:  6.0 6.0 loc_loss:  0.4583063507080078 reward_loss:  -22.915315628051758
epoch:  21 batch:  100 region_loss:  8.0 8.0 loc_loss:  0.5450085830688477 reward_loss:  -27.250431060791016
epoch:  21 batch:  110 region_loss:  4.0 4.0 loc_loss:  0.31453384399414064 reward_loss:  -15.726691246032715
epoch:  21 batch:  120 region_loss:  5.0 5.0 loc_loss:  0.3564776611328125 reward_loss:  -17.82388687133789
epoch:  21 batch:  130 region_loss:  7.0 7.0 loc_loss:  0.5350109100341797 reward_loss:  -26.750545501708984
acc@1:  0.13687676387582315
epoch: 21 region loss 0.17051094890510948 loc loss 0.5934302484554096 reward loss -29.671513084077485
epoch:  22 batch:  0 region_loss:  10.0 10.0 loc_loss:  0.6666871643066407 reward_loss:  -33.33435821533203
epoch:  22 batch:  10 region_loss:  10.0 10.0 loc_loss:  0.7046753692626954 reward_loss:  -35.23377227783203
epoch:  22 batch:  20 region_loss:  10.0 10.0 loc_loss:  0.608106689453125 reward_loss:  -30.40533447265625
epoch:  22 batch:  30 region_loss:  10.0 10.0 loc_loss:  0.6531027984619141 reward_loss:  -32.6551399230957
epoch:  22 batch:  40 region_loss:  10.0 10.0 loc_loss:  0.7707823181152343 reward_loss:  -38.53910446166992
epoch:  22 batch:  50 region_loss:  10.0 10.0 loc_loss:  0.6422113037109375 reward_loss:  -32.110572814941406
epoch:  22 batch:  60 region_loss:  10.0 10.0 loc_loss:  0.6790347290039063 reward_loss:  -33.95173263549805
epoch:  22 batch:  70 region_loss:  10.0 10.0 loc_loss:  0.6541392517089843 reward_loss:  -32.706966400146484
epoch:  22 batch:  80 region_loss:  10.0 10.0 loc_loss:  0.7305766296386719 reward_loss:  -36.52882766723633
epoch:  22 batch:  90 region_loss:  6.0 6.0 loc_loss:  0.43786422729492186 reward_loss:  -21.89320945739746
epoch:  22 batch:  100 region_loss:  8.0 8.0 loc_loss:  0.5208735656738281 reward_loss:  -26.043678283691406
epoch:  22 batch:  110 region_loss:  4.0 4.0 loc_loss:  0.2991291427612305 reward_loss:  -14.95645809173584
epoch:  22 batch:  120 region_loss:  5.0 5.0 loc_loss:  0.33812973022460935 reward_loss:  -16.90648651123047
epoch:  22 batch:  130 region_loss:  7.0 7.0 loc_loss:  0.5114737701416016 reward_loss:  -25.57369041442871
acc@1:  0.13640639698965193
epoch: 22 region loss 0.17051094890510948 loc loss 0.5678486563689517 reward loss -28.392432271999166
epoch:  23 batch:  0 region_loss:  10.0 10.0 loc_loss:  0.6359029769897461 reward_loss:  -31.795150756835938
epoch:  23 batch:  10 region_loss:  10.0 10.0 loc_loss:  0.6736044311523437 reward_loss:  -33.68022155761719
epoch:  23 batch:  20 region_loss:  10.0 10.0 loc_loss:  0.5845914459228516 reward_loss:  -29.229570388793945
epoch:  23 batch:  30 region_loss:  10.0 10.0 loc_loss:  0.6241270446777344 reward_loss:  -31.20635414123535
epoch:  23 batch:  40 region_loss:  10.0 10.0 loc_loss:  0.742698745727539 reward_loss:  -37.13494110107422
epoch:  23 batch:  50 region_loss:  10.0 10.0 loc_loss:  0.6144136810302734 reward_loss:  -30.720685958862305
epoch:  23 batch:  60 region_loss:  10.0 10.0 loc_loss:  0.6459492492675781 reward_loss:  -32.297462463378906
epoch:  23 batch:  70 region_loss:  10.0 10.0 loc_loss:  0.6257988739013672 reward_loss:  -31.289947509765625
epoch:  23 batch:  80 region_loss:  10.0 10.0 loc_loss:  0.6985749816894531 reward_loss:  -34.928749084472656
epoch:  23 batch:  90 region_loss:  6.0 6.0 loc_loss:  0.41821189880371096 reward_loss:  -20.910594940185547
epoch:  23 batch:  100 region_loss:  8.0 8.0 loc_loss:  0.4977997589111328 reward_loss:  -24.889984130859375
epoch:  23 batch:  110 region_loss:  4.0 4.0 loc_loss:  0.2843906021118164 reward_loss:  -14.219531059265137
epoch:  23 batch:  120 region_loss:  5.0 5.0 loc_loss:  0.3206072998046875 reward_loss:  -16.030364990234375
epoch:  23 batch:  130 region_loss:  7.0 7.0 loc_loss:  0.4887840270996094 reward_loss:  -24.439197540283203
acc@1:  0.1354656632173095
epoch: 23 region loss 0.17051094890510948 loc loss 0.5435492335966904 reward loss -27.17746116819173
epoch:  24 batch:  0 region_loss:  10.0 10.0 loc_loss:  0.606612548828125 reward_loss:  -30.330623626708984
epoch:  24 batch:  10 region_loss:  10.0 10.0 loc_loss:  0.6441522979736328 reward_loss:  -32.207618713378906
epoch:  24 batch:  20 region_loss:  10.0 10.0 loc_loss:  0.5623730850219727 reward_loss:  -28.118650436401367
epoch:  24 batch:  30 region_loss:  10.0 10.0 loc_loss:  0.5966965103149414 reward_loss:  -29.834823608398438
epoch:  24 batch:  40 region_loss:  10.0 10.0 loc_loss:  0.7152906799316406 reward_loss:  -35.76453399658203
epoch:  24 batch:  50 region_loss:  10.0 10.0 loc_loss:  0.5882622528076172 reward_loss:  -29.413108825683594
epoch:  24 batch:  60 region_loss:  10.0 10.0 loc_loss:  0.6145039367675781 reward_loss:  -30.725200653076172
epoch:  24 batch:  70 region_loss:  10.0 10.0 loc_loss:  0.5988605880737304 reward_loss:  -29.943035125732422
epoch:  24 batch:  80 region_loss:  10.0 10.0 loc_loss:  0.6676772308349609 reward_loss:  -33.38386154174805
epoch:  24 batch:  90 region_loss:  6.0 6.0 loc_loss:  0.3993708038330078 reward_loss:  -19.96854019165039
epoch:  24 batch:  100 region_loss:  8.0 8.0 loc_loss:  0.475579833984375 reward_loss:  -23.778995513916016
epoch:  24 batch:  110 region_loss:  4.0 4.0 loc_loss:  0.2702101516723633 reward_loss:  -13.510507583618164
epoch:  24 batch:  120 region_loss:  5.0 5.0 loc_loss:  0.3039715385437012 reward_loss:  -15.19857406616211
epoch:  24 batch:  130 region_loss:  7.0 7.0 loc_loss:  0.46687908172607423 reward_loss:  -23.34395408630371
acc@1:  0.13358419567262464
epoch: 24 region loss 0.17051094890510948 loc loss 0.5203693879955876 reward loss -26.018467478508498
epoch:  25 batch:  0 region_loss:  10.0 10.0 loc_loss:  0.5786455535888672 reward_loss:  -28.932275772094727
epoch:  25 batch:  10 region_loss:  10.0 10.0 loc_loss:  0.6160628509521484 reward_loss:  -30.803146362304688
epoch:  25 batch:  20 region_loss:  10.0 10.0 loc_loss:  0.5411941909790039 reward_loss:  -27.059709548950195
epoch:  25 batch:  30 region_loss:  10.0 10.0 loc_loss:  0.570571403503418 reward_loss:  -28.528573989868164
epoch:  25 batch:  40 region_loss:  10.0 10.0 loc_loss:  0.6887258148193359 reward_loss:  -34.4362907409668
epoch:  25 batch:  50 region_loss:  10.0 10.0 loc_loss:  0.5635358428955078 reward_loss:  -28.176790237426758
epoch:  25 batch:  60 region_loss:  10.0 10.0 loc_loss:  0.5847160339355468 reward_loss:  -29.23579978942871
epoch:  25 batch:  70 region_loss:  10.0 10.0 loc_loss:  0.573155632019043 reward_loss:  -28.657779693603516
epoch:  25 batch:  80 region_loss:  10.0 10.0 loc_loss:  0.6377619552612305 reward_loss:  -31.888099670410156
epoch:  25 batch:  90 region_loss:  6.0 6.0 loc_loss:  0.3812350082397461 reward_loss:  -19.061752319335938
epoch:  25 batch:  100 region_loss:  8.0 8.0 loc_loss:  0.4542854309082031 reward_loss:  -22.714271545410156
epoch:  25 batch:  110 region_loss:  4.0 4.0 loc_loss:  0.2565916442871094 reward_loss:  -12.82957935333252
epoch:  25 batch:  120 region_loss:  5.0 5.0 loc_loss:  0.2880900001525879 reward_loss:  -14.404499053955078
epoch:  25 batch:  130 region_loss:  7.0 7.0 loc_loss:  0.4456647872924805 reward_loss:  -22.28323745727539
acc@1:  0.1317027281279398
epoch: 25 region loss 0.17051094890510948 loc loss 0.498171218468325 reward loss -24.90855892209241
epoch:  26 batch:  0 region_loss:  10.0 10.0 loc_loss:  0.551939468383789 reward_loss:  -27.596973419189453
epoch:  26 batch:  10 region_loss:  10.0 10.0 loc_loss:  0.5891949462890625 reward_loss:  -29.459747314453125
epoch:  26 batch:  20 region_loss:  10.0 10.0 loc_loss:  0.5209469604492187 reward_loss:  -26.047351837158203
epoch:  26 batch:  30 region_loss:  10.0 10.0 loc_loss:  0.5456513214111328 reward_loss:  -27.282564163208008
epoch:  26 batch:  40 region_loss:  10.0 10.0 loc_loss:  0.6627463531494141 reward_loss:  -33.1373176574707
epoch:  26 batch:  50 region_loss:  10.0 10.0 loc_loss:  0.5399330902099609 reward_loss:  -26.99665641784668
epoch:  26 batch:  60 region_loss:  10.0 10.0 loc_loss:  0.5563380432128906 reward_loss:  -27.816898345947266
epoch:  26 batch:  70 region_loss:  10.0 10.0 loc_loss:  0.5485419464111329 reward_loss:  -27.427095413208008
epoch:  26 batch:  80 region_loss:  10.0 10.0 loc_loss:  0.6088827514648437 reward_loss:  -30.444135665893555
epoch:  26 batch:  90 region_loss:  6.0 6.0 loc_loss:  0.36371692657470706 reward_loss:  -18.18584632873535
epoch:  26 batch:  100 region_loss:  8.0 8.0 loc_loss:  0.43375370025634763 reward_loss:  -21.687685012817383
epoch:  26 batch:  110 region_loss:  4.0 4.0 loc_loss:  0.24344125747680664 reward_loss:  -12.172062873840332
epoch:  26 batch:  120 region_loss:  5.0 5.0 loc_loss:  0.27285404205322267 reward_loss:  -13.6427001953125
epoch:  26 batch:  130 region_loss:  7.0 7.0 loc_loss:  0.4251351165771484 reward_loss:  -21.256755828857422
acc@1:  0.132173095014111
epoch: 26 region loss 0.17051094890510948 loc loss 0.4768389269557312 reward loss -23.84194693252118
epoch:  27 batch:  0 region_loss:  10.0 10.0 loc_loss:  0.5263051986694336 reward_loss:  -26.31525993347168
epoch:  27 batch:  10 region_loss:  10.0 10.0 loc_loss:  0.5633666229248047 reward_loss:  -28.168333053588867
epoch:  27 batch:  20 region_loss:  10.0 10.0 loc_loss:  0.5015107727050782 reward_loss:  -25.075538635253906
epoch:  27 batch:  30 region_loss:  10.0 10.0 loc_loss:  0.5216865158081054 reward_loss:  -26.084325790405273
epoch:  27 batch:  40 region_loss:  10.0 10.0 loc_loss:  0.637307014465332 reward_loss:  -31.86534881591797
epoch:  27 batch:  50 region_loss:  10.0 10.0 loc_loss:  0.5173557662963867 reward_loss:  -25.86779022216797
epoch:  27 batch:  60 region_loss:  10.0 10.0 loc_loss:  0.5291091918945312 reward_loss:  -26.455459594726562
epoch:  27 batch:  70 region_loss:  10.0 10.0 loc_loss:  0.5249036407470703 reward_loss:  -26.245182037353516
epoch:  27 batch:  80 region_loss:  10.0 10.0 loc_loss:  0.5808200454711914 reward_loss:  -29.041000366210938
epoch:  27 batch:  90 region_loss:  6.0 6.0 loc_loss:  0.34674293518066407 reward_loss:  -17.337146759033203
epoch:  27 batch:  100 region_loss:  8.0 8.0 loc_loss:  0.41392410278320313 reward_loss:  -20.69620704650879
epoch:  27 batch:  110 region_loss:  4.0 4.0 loc_loss:  0.23072708129882813 reward_loss:  -11.53635311126709
epoch:  27 batch:  120 region_loss:  5.0 5.0 loc_loss:  0.2582971000671387 reward_loss:  -12.914856910705566
epoch:  27 batch:  130 region_loss:  7.0 7.0 loc_loss:  0.40517234802246094 reward_loss:  -20.258621215820312
acc@1:  0.13123236124176857
epoch: 27 region loss 0.17051094890510948 loc loss 0.45626976709296235 reward loss -22.813483662848924
epoch:  28 batch:  0 region_loss:  10.0 10.0 loc_loss:  0.501732063293457 reward_loss:  -25.08660316467285
epoch:  28 batch:  10 region_loss:  10.0 10.0 loc_loss:  0.5384019470214844 reward_loss:  -26.92009735107422
epoch:  28 batch:  20 region_loss:  10.0 10.0 loc_loss:  0.48265121459960936 reward_loss:  -24.132558822631836
epoch:  28 batch:  30 region_loss:  10.0 10.0 loc_loss:  0.49859832763671874 reward_loss:  -24.929916381835938
epoch:  28 batch:  40 region_loss:  10.0 10.0 loc_loss:  0.6125309753417969 reward_loss:  -30.626544952392578
epoch:  28 batch:  50 region_loss:  10.0 10.0 loc_loss:  0.49562232971191406 reward_loss:  -24.78112030029297
epoch:  28 batch:  60 region_loss:  10.0 10.0 loc_loss:  0.5031035614013671 reward_loss:  -25.155174255371094
epoch:  28 batch:  70 region_loss:  10.0 10.0 loc_loss:  0.5021561050415039 reward_loss:  -25.107805252075195
epoch:  28 batch:  80 region_loss:  10.0 10.0 loc_loss:  0.5536132431030274 reward_loss:  -27.680662155151367
epoch:  28 batch:  90 region_loss:  6.0 6.0 loc_loss:  0.3302969741821289 reward_loss:  -16.514848709106445
epoch:  28 batch:  100 region_loss:  8.0 8.0 loc_loss:  0.39474456787109374 reward_loss:  -19.737228393554688
epoch:  28 batch:  110 region_loss:  4.0 4.0 loc_loss:  0.21843690872192384 reward_loss:  -10.921843528747559
epoch:  28 batch:  120 region_loss:  5.0 5.0 loc_loss:  0.24429071426391602 reward_loss:  -12.214534759521484
epoch:  28 batch:  130 region_loss:  7.0 7.0 loc_loss:  0.3858039093017578 reward_loss:  -19.290193557739258
acc@1:  0.12982126058325494
epoch: 28 region loss 0.17051094890510948 loc loss 0.43639148085656826 reward loss -21.81957363560252
epoch:  29 batch:  0 region_loss:  10.0 10.0 loc_loss:  0.47789241790771486 reward_loss:  -23.894620895385742
epoch:  29 batch:  10 region_loss:  10.0 10.0 loc_loss:  0.5143367385864258 reward_loss:  -25.716829299926758
epoch:  29 batch:  20 region_loss:  10.0 10.0 loc_loss:  0.4644886016845703 reward_loss:  -23.22442626953125
epoch:  29 batch:  30 region_loss:  10.0 10.0 loc_loss:  0.4762593841552734 reward_loss:  -23.81296730041504
epoch:  29 batch:  40 region_loss:  10.0 10.0 loc_loss:  0.5882961273193359 reward_loss:  -29.41480255126953
epoch:  29 batch:  50 region_loss:  10.0 10.0 loc_loss:  0.47467391967773437 reward_loss:  -23.73369598388672
epoch:  29 batch:  60 region_loss:  10.0 10.0 loc_loss:  0.47814090728759767 reward_loss:  -23.90704345703125
epoch:  29 batch:  70 region_loss:  10.0 10.0 loc_loss:  0.48019744873046877 reward_loss:  -24.009872436523438
epoch:  29 batch:  80 region_loss:  10.0 10.0 loc_loss:  0.5272917938232422 reward_loss:  -26.36458969116211
epoch:  29 batch:  90 region_loss:  6.0 6.0 loc_loss:  0.3143476486206055 reward_loss:  -15.717382431030273
epoch:  29 batch:  100 region_loss:  8.0 8.0 loc_loss:  0.3761867904663086 reward_loss:  -18.80933952331543
epoch:  29 batch:  110 region_loss:  4.0 4.0 loc_loss:  0.20662542343139648 reward_loss:  -10.331271171569824
epoch:  29 batch:  120 region_loss:  5.0 5.0 loc_loss:  0.2308938217163086 reward_loss:  -11.544687271118164
epoch:  29 batch:  130 region_loss:  7.0 7.0 loc_loss:  0.3669992446899414 reward_loss:  -18.349964141845703
acc@1:  0.13029162746942616
epoch: 29 region loss 0.17051094890510948 loc loss 0.4171572998840443 reward loss -20.857865248283332
epoch:  30 batch:  0 region_loss:  10.0 10.0 loc_loss:  0.4550564575195313 reward_loss:  -22.752819061279297
epoch:  30 batch:  10 region_loss:  10.0 10.0 loc_loss:  0.49084007263183593 reward_loss:  -24.542003631591797
epoch:  30 batch:  20 region_loss:  10.0 10.0 loc_loss:  0.44677608489990234 reward_loss:  -22.33880615234375
epoch:  30 batch:  30 region_loss:  10.0 10.0 loc_loss:  0.4546817779541016 reward_loss:  -22.734086990356445
epoch:  30 batch:  40 region_loss:  10.0 10.0 loc_loss:  0.5645233154296875 reward_loss:  -28.226165771484375
epoch:  30 batch:  50 region_loss:  10.0 10.0 loc_loss:  0.45449272155761716 reward_loss:  -22.724637985229492
epoch:  30 batch:  60 region_loss:  10.0 10.0 loc_loss:  0.4541332244873047 reward_loss:  -22.70680809020996
epoch:  30 batch:  70 region_loss:  10.0 10.0 loc_loss:  0.45894412994384765 reward_loss:  -22.947206497192383
epoch:  30 batch:  80 region_loss:  10.0 10.0 loc_loss:  0.5015875244140625 reward_loss:  -25.079376220703125
epoch:  30 batch:  90 region_loss:  6.0 6.0 loc_loss:  0.29886810302734373 reward_loss:  -14.943403244018555
epoch:  30 batch:  100 region_loss:  8.0 8.0 loc_loss:  0.35822090148925784 reward_loss:  -17.911043167114258
epoch:  30 batch:  110 region_loss:  4.0 4.0 loc_loss:  0.1951993942260742 reward_loss:  -9.759968757629395
epoch:  30 batch:  120 region_loss:  5.0 5.0 loc_loss:  0.21793415069580077 reward_loss:  -10.896707534790039
epoch:  30 batch:  130 region_loss:  7.0 7.0 loc_loss:  0.34867618560791014 reward_loss:  -17.43381118774414
acc@1:  0.13029162746942616
epoch: 30 region loss 0.17051094890510948 loc loss 0.3985218634222546 reward loss -19.926093917693535
epoch:  31 batch:  0 region_loss:  10.0 10.0 loc_loss:  0.43292301177978515 reward_loss:  -21.646150588989258
epoch:  31 batch:  10 region_loss:  10.0 10.0 loc_loss:  0.46811882019042966 reward_loss:  -23.40594482421875
epoch:  31 batch:  20 region_loss:  10.0 10.0 loc_loss:  0.4296743392944336 reward_loss:  -21.483613967895508
epoch:  31 batch:  30 region_loss:  10.0 10.0 loc_loss:  0.4337127685546875 reward_loss:  -21.685640335083008
epoch:  31 batch:  40 region_loss:  10.0 10.0 loc_loss:  0.5411991882324219 reward_loss:  -27.05995750427246
epoch:  31 batch:  50 region_loss:  10.0 10.0 loc_loss:  0.43486217498779295 reward_loss:  -21.743112564086914
epoch:  31 batch:  60 region_loss:  10.0 10.0 loc_loss:  0.43101837158203127 reward_loss:  -21.55091667175293
epoch:  31 batch:  70 region_loss:  10.0 10.0 loc_loss:  0.43831825256347656 reward_loss:  -21.915912628173828
epoch:  31 batch:  80 region_loss:  10.0 10.0 loc_loss:  0.4767870330810547 reward_loss:  -23.8393497467041
epoch:  31 batch:  90 region_loss:  6.0 6.0 loc_loss:  0.28374351501464845 reward_loss:  -14.187176704406738
epoch:  31 batch:  100 region_loss:  8.0 8.0 loc_loss:  0.340767936706543 reward_loss:  -17.038394927978516
epoch:  31 batch:  110 region_loss:  4.0 4.0 loc_loss:  0.1842165184020996 reward_loss:  -9.21082592010498
epoch:  31 batch:  120 region_loss:  5.0 5.0 loc_loss:  0.20555450439453124 reward_loss:  -10.277725219726562
epoch:  31 batch:  130 region_loss:  7.0 7.0 loc_loss:  0.3309678649902344 reward_loss:  -16.54839515686035
acc@1:  0.12935089369708372
epoch: 31 region loss 0.17051094890510948 loc loss 0.38047174425890845 reward loss -19.023587246010774
epoch:  32 batch:  0 region_loss:  10.0 10.0 loc_loss:  0.41151275634765627 reward_loss:  -20.575639724731445
epoch:  32 batch:  10 region_loss:  10.0 10.0 loc_loss:  0.44599056243896484 reward_loss:  -22.299528121948242
epoch:  32 batch:  20 region_loss:  10.0 10.0 loc_loss:  0.4128739547729492 reward_loss:  -20.64369773864746
epoch:  32 batch:  30 region_loss:  10.0 10.0 loc_loss:  0.4133306503295898 reward_loss:  -20.666534423828125
epoch:  32 batch:  40 region_loss:  10.0 10.0 loc_loss:  0.5184507369995117 reward_loss:  -25.922536849975586
epoch:  32 batch:  50 region_loss:  10.0 10.0 loc_loss:  0.41579811096191405 reward_loss:  -20.789905548095703
epoch:  32 batch:  60 region_loss:  10.0 10.0 loc_loss:  0.40887420654296874 reward_loss:  -20.443708419799805
epoch:  32 batch:  70 region_loss:  10.0 10.0 loc_loss:  0.41845939636230467 reward_loss:  -20.922969818115234
epoch:  32 batch:  80 region_loss:  10.0 10.0 loc_loss:  0.4524021911621094 reward_loss:  -22.6201114654541
epoch:  32 batch:  90 region_loss:  6.0 6.0 loc_loss:  0.2692858695983887 reward_loss:  -13.464292526245117
epoch:  32 batch:  100 region_loss:  8.0 8.0 loc_loss:  0.32397960662841796 reward_loss:  -16.1989803314209
epoch:  32 batch:  110 region_loss:  4.0 4.0 loc_loss:  0.17357120513916016 reward_loss:  -8.678560256958008
epoch:  32 batch:  120 region_loss:  5.0 5.0 loc_loss:  0.19364288330078125 reward_loss:  -9.682143211364746
epoch:  32 batch:  130 region_loss:  7.0 7.0 loc_loss:  0.31363758087158206 reward_loss:  -15.681879043579102
acc@1:  0.12982126058325494
epoch: 32 region loss 0.17051094890510948 loc loss 0.3629463011330932 reward loss -18.147314652909326
epoch:  33 batch:  0 region_loss:  10.0 10.0 loc_loss:  0.39074962615966796 reward_loss:  -19.5374813079834
epoch:  33 batch:  10 region_loss:  10.0 10.0 loc_loss:  0.4244276809692383 reward_loss:  -21.22138214111328
epoch:  33 batch:  20 region_loss:  10.0 10.0 loc_loss:  0.3966988754272461 reward_loss:  -19.834943771362305
epoch:  33 batch:  30 region_loss:  10.0 10.0 loc_loss:  0.39357177734375 reward_loss:  -19.6785888671875
epoch:  33 batch:  40 region_loss:  10.0 10.0 loc_loss:  0.4961022186279297 reward_loss:  -24.80510902404785
epoch:  33 batch:  50 region_loss:  10.0 10.0 loc_loss:  0.3973076248168945 reward_loss:  -19.865381240844727
epoch:  33 batch:  60 region_loss:  10.0 10.0 loc_loss:  0.38737571716308594 reward_loss:  -19.36878776550293
epoch:  33 batch:  70 region_loss:  10.0 10.0 loc_loss:  0.39901592254638674 reward_loss:  -19.950794219970703
epoch:  33 batch:  80 region_loss:  10.0 10.0 loc_loss:  0.42897274017333986 reward_loss:  -21.448637008666992
epoch:  33 batch:  90 region_loss:  6.0 6.0 loc_loss:  0.25497098922729494 reward_loss:  -12.74854850769043
epoch:  33 batch:  100 region_loss:  8.0 8.0 loc_loss:  0.3075617790222168 reward_loss:  -15.378089904785156
epoch:  33 batch:  110 region_loss:  4.0 4.0 loc_loss:  0.16340370178222657 reward_loss:  -8.170185089111328
epoch:  33 batch:  120 region_loss:  5.0 5.0 loc_loss:  0.18222606658935547 reward_loss:  -9.11130428314209
epoch:  33 batch:  130 region_loss:  7.0 7.0 loc_loss:  0.2969185829162598 reward_loss:  -14.845932006835938
acc@1:  0.12464722483537159
epoch: 33 region loss 0.17051094890510948 loc loss 0.34581469219096383 reward loss -17.290735223867596
epoch:  34 batch:  0 region_loss:  10.0 10.0 loc_loss:  0.3705023956298828 reward_loss:  -18.525117874145508
epoch:  34 batch:  10 region_loss:  10.0 10.0 loc_loss:  0.40351047515869143 reward_loss:  -20.17552375793457
epoch:  34 batch:  20 region_loss:  10.0 10.0 loc_loss:  0.380794563293457 reward_loss:  -19.039730072021484
epoch:  34 batch:  30 region_loss:  10.0 10.0 loc_loss:  0.37434844970703124 reward_loss:  -18.717422485351562
epoch:  34 batch:  40 region_loss:  10.0 10.0 loc_loss:  0.474239616394043 reward_loss:  -23.71198081970215
epoch:  34 batch:  50 region_loss:  10.0 10.0 loc_loss:  0.3793506622314453 reward_loss:  -18.9675350189209
epoch:  34 batch:  60 region_loss:  10.0 10.0 loc_loss:  0.36683872222900393 reward_loss:  -18.341938018798828
epoch:  34 batch:  70 region_loss:  10.0 10.0 loc_loss:  0.38032333374023436 reward_loss:  -19.01616668701172
epoch:  34 batch:  80 region_loss:  10.0 10.0 loc_loss:  0.4060486221313477 reward_loss:  -20.30242919921875
epoch:  34 batch:  90 region_loss:  6.0 6.0 loc_loss:  0.24130727767944335 reward_loss:  -12.065362930297852
epoch:  34 batch:  100 region_loss:  8.0 8.0 loc_loss:  0.29200981140136717 reward_loss:  -14.600491523742676
epoch:  34 batch:  110 region_loss:  4.0 4.0 loc_loss:  0.15357093811035155 reward_loss:  -7.6785478591918945
epoch:  34 batch:  120 region_loss:  5.0 5.0 loc_loss:  0.17131366729736328 reward_loss:  -8.565683364868164
epoch:  34 batch:  130 region_loss:  7.0 7.0 loc_loss:  0.2806867599487305 reward_loss:  -14.03433609008789
acc@1:  0.12229539040451552
epoch: 34 region loss 0.17051094890510948 loc loss 0.3292392050262785 reward loss -16.461961161481202
epoch:  35 batch:  0 region_loss:  10.0 10.0 loc_loss:  0.35101551055908203 reward_loss:  -17.5507755279541
epoch:  35 batch:  10 region_loss:  10.0 10.0 loc_loss:  0.38326412200927734 reward_loss:  -19.163206100463867
epoch:  35 batch:  20 region_loss:  10.0 10.0 loc_loss:  0.36551342010498045 reward_loss:  -18.275671005249023
epoch:  35 batch:  30 region_loss:  10.0 10.0 loc_loss:  0.35571056365966797 reward_loss:  -17.785526275634766
epoch:  35 batch:  40 region_loss:  10.0 10.0 loc_loss:  0.45286361694335936 reward_loss:  -22.643178939819336
epoch:  35 batch:  50 region_loss:  10.0 10.0 loc_loss:  0.36196983337402344 reward_loss:  -18.09848976135254
epoch:  35 batch:  60 region_loss:  10.0 10.0 loc_loss:  0.3469993591308594 reward_loss:  -17.349966049194336
epoch:  35 batch:  70 region_loss:  10.0 10.0 loc_loss:  0.36204952239990235 reward_loss:  -18.10247802734375
epoch:  35 batch:  80 region_loss:  10.0 10.0 loc_loss:  0.38396903991699216 reward_loss:  -19.198450088500977
epoch:  35 batch:  90 region_loss:  6.0 6.0 loc_loss:  0.22792102813720702 reward_loss:  -11.396049499511719
epoch:  35 batch:  100 region_loss:  8.0 8.0 loc_loss:  0.27652496337890625 reward_loss:  -13.826248168945312
epoch:  35 batch:  110 region_loss:  4.0 4.0 loc_loss:  0.14411935806274415 reward_loss:  -7.205967426300049
epoch:  35 batch:  120 region_loss:  5.0 5.0 loc_loss:  0.16075458526611328 reward_loss:  -8.037729263305664
epoch:  35 batch:  130 region_loss:  7.0 7.0 loc_loss:  0.26503217697143555 reward_loss:  -13.251608848571777
acc@1:  0.12323612417685795
epoch: 35 region loss 0.17051094890510948 loc loss 0.31323271231059613 reward loss -15.661632677934465
epoch:  36 batch:  0 region_loss:  10.0 10.0 loc_loss:  0.33205467224121094 reward_loss:  -16.602733612060547
epoch:  36 batch:  10 region_loss:  10.0 10.0 loc_loss:  0.36362037658691404 reward_loss:  -18.181018829345703
epoch:  36 batch:  20 region_loss:  10.0 10.0 loc_loss:  0.3503212356567383 reward_loss:  -17.516063690185547
epoch:  36 batch:  30 region_loss:  10.0 10.0 loc_loss:  0.3375652313232422 reward_loss:  -16.87826156616211
epoch:  36 batch:  40 region_loss:  10.0 10.0 loc_loss:  0.43194988250732425 reward_loss:  -21.59749412536621
epoch:  36 batch:  50 region_loss:  10.0 10.0 loc_loss:  0.34498268127441406 reward_loss:  -17.249135971069336
epoch:  36 batch:  60 region_loss:  10.0 10.0 loc_loss:  0.32794651031494143 reward_loss:  -16.397323608398438
epoch:  36 batch:  70 region_loss:  10.0 10.0 loc_loss:  0.34436763763427736 reward_loss:  -17.2183837890625
epoch:  36 batch:  80 region_loss:  10.0 10.0 loc_loss:  0.36249839782714843 reward_loss:  -18.124921798706055
epoch:  36 batch:  90 region_loss:  6.0 6.0 loc_loss:  0.21512599945068359 reward_loss:  -10.756299018859863
epoch:  36 batch:  100 region_loss:  8.0 8.0 loc_loss:  0.262188720703125 reward_loss:  -13.10943603515625
epoch:  36 batch:  110 region_loss:  4.0 4.0 loc_loss:  0.13515088081359863 reward_loss:  -6.75754451751709
epoch:  36 batch:  120 region_loss:  5.0 5.0 loc_loss:  0.15082326889038086 reward_loss:  -7.541163444519043
epoch:  36 batch:  130 region_loss:  7.0 7.0 loc_loss:  0.24974554061889648 reward_loss:  -12.48727798461914
acc@1:  0.11947318908748825
epoch: 36 region loss 0.17051094890510948 loc loss 0.297741039547607 reward loss -14.887051742442333
epoch:  37 batch:  0 region_loss:  10.0 10.0 loc_loss:  0.3137799835205078 reward_loss:  -15.68899917602539
epoch:  37 batch:  10 region_loss:  10.0 10.0 loc_loss:  0.34456649780273435 reward_loss:  -17.22832489013672
epoch:  37 batch:  20 region_loss:  10.0 10.0 loc_loss:  0.33638736724853513 reward_loss:  -16.81937026977539
epoch:  37 batch:  30 region_loss:  10.0 10.0 loc_loss:  0.32003002166748046 reward_loss:  -16.001501083374023
epoch:  37 batch:  40 region_loss:  10.0 10.0 loc_loss:  0.4114946746826172 reward_loss:  -20.574735641479492
epoch:  37 batch:  50 region_loss:  10.0 10.0 loc_loss:  0.3287483215332031 reward_loss:  -16.437416076660156
epoch:  37 batch:  60 region_loss:  10.0 10.0 loc_loss:  0.3097438621520996 reward_loss:  -15.487192153930664
epoch:  37 batch:  70 region_loss:  10.0 10.0 loc_loss:  0.3272936248779297 reward_loss:  -16.364681243896484
epoch:  37 batch:  80 region_loss:  10.0 10.0 loc_loss:  0.3416994857788086 reward_loss:  -17.08497428894043
epoch:  37 batch:  90 region_loss:  6.0 6.0 loc_loss:  0.20264419555664062 reward_loss:  -10.132209777832031
epoch:  37 batch:  100 region_loss:  8.0 8.0 loc_loss:  0.2479505157470703 reward_loss:  -12.397708892822266
epoch:  37 batch:  110 region_loss:  4.0 4.0 loc_loss:  0.1264842128753662 reward_loss:  -6.324210166931152
epoch:  37 batch:  120 region_loss:  5.0 5.0 loc_loss:  0.14117219924926758 reward_loss:  -7.058610439300537
epoch:  37 batch:  130 region_loss:  7.0 7.0 loc_loss:  0.2353196144104004 reward_loss:  -11.76598072052002
acc@1:  0.11853245531514581
epoch: 37 region loss 0.17051094890510948 loc loss 0.28292047048137137 reward loss -14.14602246075651
epoch:  38 batch:  0 region_loss:  10.0 10.0 loc_loss:  0.2960730743408203 reward_loss:  -14.803654670715332
epoch:  38 batch:  10 region_loss:  10.0 10.0 loc_loss:  0.32612953186035154 reward_loss:  -16.306474685668945
epoch:  38 batch:  20 region_loss:  10.0 10.0 loc_loss:  0.32233261108398437 reward_loss:  -16.11663246154785
epoch:  38 batch:  30 region_loss:  10.0 10.0 loc_loss:  0.3029313468933105 reward_loss:  -15.146567344665527
epoch:  38 batch:  40 region_loss:  10.0 10.0 loc_loss:  0.3915326690673828 reward_loss:  -19.576631546020508
epoch:  38 batch:  50 region_loss:  10.0 10.0 loc_loss:  0.3125986671447754 reward_loss:  -15.62993335723877
epoch:  38 batch:  60 region_loss:  10.0 10.0 loc_loss:  0.29210132598876953 reward_loss:  -14.60506534576416
epoch:  38 batch:  70 region_loss:  10.0 10.0 loc_loss:  0.31052074432373045 reward_loss:  -15.52603816986084
epoch:  38 batch:  80 region_loss:  10.0 10.0 loc_loss:  0.3218666458129883 reward_loss:  -16.093332290649414
epoch:  38 batch:  90 region_loss:  6.0 6.0 loc_loss:  0.19069751739501953 reward_loss:  -9.534876823425293
epoch:  38 batch:  100 region_loss:  8.0 8.0 loc_loss:  0.23410161972045898 reward_loss:  -11.705081939697266
epoch:  38 batch:  110 region_loss:  4.0 4.0 loc_loss:  0.11828469276428223 reward_loss:  -5.914233684539795
epoch:  38 batch:  120 region_loss:  5.0 5.0 loc_loss:  0.13216015815734863 reward_loss:  -6.608007431030273
epoch:  38 batch:  130 region_loss:  7.0 7.0 loc_loss:  0.22095577239990236 reward_loss:  -11.047789573669434
acc@1:  0.11382878645343368
epoch: 38 region loss 0.17051094890510948 loc loss 0.26841699208656367 reward loss -13.420844925581104
epoch:  39 batch:  0 region_loss:  10.0 10.0 loc_loss:  0.2791547203063965 reward_loss:  -13.95773696899414
epoch:  39 batch:  10 region_loss:  10.0 10.0 loc_loss:  0.3083276557922363 reward_loss:  -15.416383743286133
epoch:  39 batch:  20 region_loss:  10.0 10.0 loc_loss:  0.31112789154052733 reward_loss:  -15.556394577026367
epoch:  39 batch:  30 region_loss:  10.0 10.0 loc_loss:  0.2865933609008789 reward_loss:  -14.329668045043945
epoch:  39 batch:  40 region_loss:  10.0 10.0 loc_loss:  0.3723672103881836 reward_loss:  -18.61836051940918
epoch:  39 batch:  50 region_loss:  10.0 10.0 loc_loss:  0.29791343688964844 reward_loss:  -14.895671844482422
epoch:  39 batch:  60 region_loss:  10.0 10.0 loc_loss:  0.2754876327514648 reward_loss:  -13.774381637573242
epoch:  39 batch:  70 region_loss:  10.0 10.0 loc_loss:  0.2946981430053711 reward_loss:  -14.734905242919922
epoch:  39 batch:  80 region_loss:  10.0 10.0 loc_loss:  0.3025656318664551 reward_loss:  -15.12828254699707
epoch:  39 batch:  90 region_loss:  6.0 6.0 loc_loss:  0.17911827087402343 reward_loss:  -8.955914497375488
epoch:  39 batch:  100 region_loss:  8.0 8.0 loc_loss:  0.2219673728942871 reward_loss:  -11.098369598388672
epoch:  39 batch:  110 region_loss:  4.0 4.0 loc_loss:  0.11037278175354004 reward_loss:  -5.51863956451416
epoch:  39 batch:  120 region_loss:  5.0 5.0 loc_loss:  0.12345685958862304 reward_loss:  -6.172842979431152
epoch:  39 batch:  130 region_loss:  7.0 7.0 loc_loss:  0.2078847122192383 reward_loss:  -10.394237518310547
acc@1:  0.11523988711194733
epoch: 39 region loss 0.17051094890510948 loc loss 0.25461429698623883 reward loss -12.730715334850506
epoch:  40 batch:  0 region_loss:  10.0 10.0 loc_loss:  0.2627825546264648 reward_loss:  -13.13912296295166
epoch:  40 batch:  10 region_loss:  10.0 10.0 loc_loss:  0.29115962982177734 reward_loss:  -14.557981491088867
epoch:  40 batch:  20 region_loss:  10.0 10.0 loc_loss:  0.29772941589355467 reward_loss:  -14.886470794677734
epoch:  40 batch:  30 region_loss:  10.0 10.0 loc_loss:  0.2705780220031738 reward_loss:  -13.528903007507324
epoch:  40 batch:  40 region_loss:  10.0 10.0 loc_loss:  0.3534384536743164 reward_loss:  -17.67192268371582
epoch:  40 batch:  50 region_loss:  10.0 10.0 loc_loss:  0.28385009765625 reward_loss:  -14.1925048828125
epoch:  40 batch:  60 region_loss:  10.0 10.0 loc_loss:  0.25925594329833984 reward_loss:  -12.962799072265625
epoch:  40 batch:  70 region_loss:  10.0 10.0 loc_loss:  0.2787299537658691 reward_loss:  -13.936497688293457
epoch:  40 batch:  80 region_loss:  10.0 10.0 loc_loss:  0.28424371719360353 reward_loss:  -14.21218490600586
epoch:  40 batch:  90 region_loss:  6.0 6.0 loc_loss:  0.16817855834960938 reward_loss:  -8.408926963806152
epoch:  40 batch:  100 region_loss:  8.0 8.0 loc_loss:  0.20817989349365235 reward_loss:  -10.408994674682617
epoch:  40 batch:  110 region_loss:  4.0 4.0 loc_loss:  0.10292263031005859 reward_loss:  -5.146131992340088
epoch:  40 batch:  120 region_loss:  5.0 5.0 loc_loss:  0.11531497955322266 reward_loss:  -5.765748977661133
epoch:  40 batch:  130 region_loss:  7.0 7.0 loc_loss:  0.19442237854003908 reward_loss:  -9.721118927001953
acc@1:  0.11147695202257761
epoch: 40 region loss 0.17051094890510948 loc loss 0.24103595792812155 reward loss -12.051797252501885
epoch:  41 batch:  0 region_loss:  10.0 10.0 loc_loss:  0.24758485794067384 reward_loss:  -12.379243850708008
epoch:  41 batch:  10 region_loss:  10.0 10.0 loc_loss:  0.27466110229492186 reward_loss:  -13.73305606842041
epoch:  41 batch:  20 region_loss:  10.0 10.0 loc_loss:  0.2874444580078125 reward_loss:  -14.372218132019043
epoch:  41 batch:  30 region_loss:  10.0 10.0 loc_loss:  0.2554510307312012 reward_loss:  -12.772552490234375
epoch:  41 batch:  40 region_loss:  10.0 10.0 loc_loss:  0.3358992385864258 reward_loss:  -16.79496192932129
epoch:  41 batch:  50 region_loss:  10.0 10.0 loc_loss:  0.2713566207885742 reward_loss:  -13.56783390045166
epoch:  41 batch:  60 region_loss:  10.0 10.0 loc_loss:  0.2441246795654297 reward_loss:  -12.206233978271484
epoch:  41 batch:  70 region_loss:  10.0 10.0 loc_loss:  0.2641563415527344 reward_loss:  -13.207818031311035
epoch:  41 batch:  80 region_loss:  10.0 10.0 loc_loss:  0.2666586685180664 reward_loss:  -13.332932472229004
epoch:  41 batch:  90 region_loss:  6.0 6.0 loc_loss:  0.15749786376953126 reward_loss:  -7.874892711639404
epoch:  41 batch:  100 region_loss:  8.0 8.0 loc_loss:  0.1977857208251953 reward_loss:  -9.889286041259766
epoch:  41 batch:  110 region_loss:  4.0 4.0 loc_loss:  0.09580521583557129 reward_loss:  -4.790260314941406
epoch:  41 batch:  120 region_loss:  5.0 5.0 loc_loss:  0.10757471084594726 reward_loss:  -5.378735542297363
epoch:  41 batch:  130 region_loss:  7.0 7.0 loc_loss:  0.18274892807006837 reward_loss:  -9.137446403503418
acc@1:  0.11241768579492004
epoch: 41 region loss 0.17051094890510948 loc loss 0.22813669822511884 reward loss -11.406834293455972
epoch:  42 batch:  0 region_loss:  10.0 10.0 loc_loss:  0.2332712936401367 reward_loss:  -11.663565635681152
epoch:  42 batch:  10 region_loss:  10.0 10.0 loc_loss:  0.2589594268798828 reward_loss:  -12.947972297668457
epoch:  42 batch:  20 region_loss:  10.0 10.0 loc_loss:  0.273702449798584 reward_loss:  -13.6851224899292
epoch:  42 batch:  30 region_loss:  10.0 10.0 loc_loss:  0.24087966918945314 reward_loss:  -12.043983459472656
epoch:  42 batch:  40 region_loss:  10.0 10.0 loc_loss:  0.3188224411010742 reward_loss:  -15.941123008728027
epoch:  42 batch:  50 region_loss:  10.0 10.0 loc_loss:  0.258602466583252 reward_loss:  -12.930123329162598
epoch:  42 batch:  60 region_loss:  10.0 10.0 loc_loss:  0.22923479080200196 reward_loss:  -11.461739540100098
epoch:  42 batch:  70 region_loss:  10.0 10.0 loc_loss:  0.24908489227294922 reward_loss:  -12.454244613647461
epoch:  42 batch:  80 region_loss:  10.0 10.0 loc_loss:  0.24991144180297853 reward_loss:  -12.495572090148926
epoch:  42 batch:  90 region_loss:  6.0 6.0 loc_loss:  0.1474580669403076 reward_loss:  -7.372903823852539
epoch:  42 batch:  100 region_loss:  8.0 8.0 loc_loss:  0.18463472366333009 reward_loss:  -9.231736183166504
epoch:  42 batch:  110 region_loss:  4.0 4.0 loc_loss:  0.08905991554260254 reward_loss:  -4.452996253967285
epoch:  42 batch:  120 region_loss:  5.0 5.0 loc_loss:  0.10023124694824219 reward_loss:  -5.011562347412109
epoch:  42 batch:  130 region_loss:  7.0 7.0 loc_loss:  0.17024024963378906 reward_loss:  -8.51201343536377
acc@1:  0.1077140169332079
epoch: 42 region loss 0.17051094890510948 loc loss 0.2155428652171671 reward loss -10.777137569267385
epoch:  43 batch:  0 region_loss:  10.0 10.0 loc_loss:  0.21965065002441406 reward_loss:  -10.982534408569336
epoch:  43 batch:  10 region_loss:  10.0 10.0 loc_loss:  0.24368663787841796 reward_loss:  -12.184331893920898
epoch:  43 batch:  20 region_loss:  10.0 10.0 loc_loss:  0.26199893951416015 reward_loss:  -13.099947929382324
epoch:  43 batch:  30 region_loss:  10.0 10.0 loc_loss:  0.22688962936401366 reward_loss:  -11.344481468200684
epoch:  43 batch:  40 region_loss:  10.0 10.0 loc_loss:  0.3039114952087402 reward_loss:  -15.195574760437012
epoch:  43 batch:  50 region_loss:  10.0 10.0 loc_loss:  0.2439372444152832 reward_loss:  -12.196863174438477
epoch:  43 batch:  60 region_loss:  10.0 10.0 loc_loss:  0.21575389862060546 reward_loss:  -10.787693977355957
epoch:  43 batch:  70 region_loss:  10.0 10.0 loc_loss:  0.23577850341796874 reward_loss:  -11.788925170898438
epoch:  43 batch:  80 region_loss:  10.0 10.0 loc_loss:  0.23392724990844727 reward_loss:  -11.696362495422363
epoch:  43 batch:  90 region_loss:  6.0 6.0 loc_loss:  0.137848482131958 reward_loss:  -6.892423152923584
epoch:  43 batch:  100 region_loss:  8.0 8.0 loc_loss:  0.17528583526611327 reward_loss:  -8.764291763305664
epoch:  43 batch:  110 region_loss:  4.0 4.0 loc_loss:  0.08273235321044922 reward_loss:  -4.136617660522461
epoch:  43 batch:  120 region_loss:  5.0 5.0 loc_loss:  0.09343743324279785 reward_loss:  -4.671872138977051
epoch:  43 batch:  130 region_loss:  7.0 7.0 loc_loss:  0.15988899230957032 reward_loss:  -7.994450092315674
acc@1:  0.11100658513640639
epoch: 43 region loss 0.17051094890510948 loc loss 0.20369715822874196 reward loss -10.184856769812368
epoch:  44 batch:  0 region_loss:  10.0 10.0 loc_loss:  0.20553775787353515 reward_loss:  -10.276887893676758
epoch:  44 batch:  10 region_loss:  10.0 10.0 loc_loss:  0.22935901641845702 reward_loss:  -11.467950820922852
epoch:  44 batch:  20 region_loss:  10.0 10.0 loc_loss:  0.2490060043334961 reward_loss:  -12.450300216674805
epoch:  44 batch:  30 region_loss:  10.0 10.0 loc_loss:  0.21379894256591797 reward_loss:  -10.689947128295898
epoch:  44 batch:  40 region_loss:  10.0 10.0 loc_loss:  0.2882061958312988 reward_loss:  -14.410311698913574
epoch:  44 batch:  50 region_loss:  10.0 10.0 loc_loss:  0.23093454360961915 reward_loss:  -11.54672622680664
epoch:  44 batch:  60 region_loss:  10.0 10.0 loc_loss:  0.20215072631835937 reward_loss:  -10.107535362243652
epoch:  44 batch:  70 region_loss:  10.0 10.0 loc_loss:  0.22159435272216796 reward_loss:  -11.079717636108398
epoch:  44 batch:  80 region_loss:  10.0 10.0 loc_loss:  0.21878551483154296 reward_loss:  -10.939275741577148
epoch:  44 batch:  90 region_loss:  6.0 6.0 loc_loss:  0.1287008285522461 reward_loss:  -6.435041427612305
epoch:  44 batch:  100 region_loss:  8.0 8.0 loc_loss:  0.16330150604248048 reward_loss:  -8.165075302124023
epoch:  44 batch:  110 region_loss:  4.0 4.0 loc_loss:  0.07666913032531739 reward_loss:  -3.833456516265869
epoch:  44 batch:  120 region_loss:  5.0 5.0 loc_loss:  0.08677875518798828 reward_loss:  -4.338937282562256
epoch:  44 batch:  130 region_loss:  7.0 7.0 loc_loss:  0.14850582122802736 reward_loss:  -7.425291061401367
acc@1:  0.10724365004703669
epoch: 44 region loss 0.17051094890510948 loc loss 0.19215403613382884 reward loss -9.607702176936352
epoch:  45 batch:  0 region_loss:  10.0 10.0 loc_loss:  0.19241058349609375 reward_loss:  -9.620529174804688
epoch:  45 batch:  10 region_loss:  10.0 10.0 loc_loss:  0.21520235061645507 reward_loss:  -10.760116577148438
epoch:  45 batch:  20 region_loss:  10.0 10.0 loc_loss:  0.23728271484375 reward_loss:  -11.864137649536133
epoch:  45 batch:  30 region_loss:  10.0 10.0 loc_loss:  0.20098644256591797 reward_loss:  -10.049323081970215
epoch:  45 batch:  40 region_loss:  10.0 10.0 loc_loss:  0.2727598762512207 reward_loss:  -13.637993812561035
epoch:  45 batch:  50 region_loss:  10.0 10.0 loc_loss:  0.218530330657959 reward_loss:  -10.92651653289795
epoch:  45 batch:  60 region_loss:  10.0 10.0 loc_loss:  0.18991256713867188 reward_loss:  -9.495627403259277
epoch:  45 batch:  70 region_loss:  10.0 10.0 loc_loss:  0.20949058532714843 reward_loss:  -10.474529266357422
epoch:  45 batch:  80 region_loss:  10.0 10.0 loc_loss:  0.20449743270874024 reward_loss:  -10.224871635437012
epoch:  45 batch:  90 region_loss:  6.0 6.0 loc_loss:  0.12017579078674316 reward_loss:  -6.008790016174316
epoch:  45 batch:  100 region_loss:  8.0 8.0 loc_loss:  0.15467095375061035 reward_loss:  -7.733546257019043
epoch:  45 batch:  110 region_loss:  4.0 4.0 loc_loss:  0.07104745864868164 reward_loss:  -3.552372694015503
epoch:  45 batch:  120 region_loss:  5.0 5.0 loc_loss:  0.08083872795104981 reward_loss:  -4.041935920715332
epoch:  45 batch:  130 region_loss:  7.0 7.0 loc_loss:  0.1391005325317383 reward_loss:  -6.955025672912598
acc@1:  0.10677328316086547
epoch: 45 region loss 0.17051094890510948 loc loss 0.1813029786183016 reward loss -9.065148738178893
epoch:  46 batch:  0 region_loss:  10.0 10.0 loc_loss:  0.18003387451171876 reward_loss:  -9.001694679260254
epoch:  46 batch:  10 region_loss:  10.0 10.0 loc_loss:  0.20190013885498048 reward_loss:  -10.095006942749023
epoch:  46 batch:  20 region_loss:  10.0 10.0 loc_loss:  0.22563772201538085 reward_loss:  -11.281886100769043
epoch:  46 batch:  30 region_loss:  10.0 10.0 loc_loss:  0.1885197067260742 reward_loss:  -9.425984382629395
epoch:  46 batch:  40 region_loss:  10.0 10.0 loc_loss:  0.25685142517089843 reward_loss:  -12.842571258544922
epoch:  46 batch:  50 region_loss:  10.0 10.0 loc_loss:  0.20667255401611329 reward_loss:  -10.333626747131348
epoch:  46 batch:  60 region_loss:  10.0 10.0 loc_loss:  0.17798355102539062 reward_loss:  -8.899178504943848
epoch:  46 batch:  70 region_loss:  10.0 10.0 loc_loss:  0.19639442443847657 reward_loss:  -9.819721221923828
epoch:  46 batch:  80 region_loss:  10.0 10.0 loc_loss:  0.19109100341796875 reward_loss:  -9.554548263549805
epoch:  46 batch:  90 region_loss:  6.0 6.0 loc_loss:  0.11191123962402344 reward_loss:  -5.59556245803833
epoch:  46 batch:  100 region_loss:  8.0 8.0 loc_loss:  0.1440652084350586 reward_loss:  -7.2032599449157715
epoch:  46 batch:  110 region_loss:  4.0 4.0 loc_loss:  0.0655914831161499 reward_loss:  -3.279574394226074
epoch:  46 batch:  120 region_loss:  5.0 5.0 loc_loss:  0.07491453647613526 reward_loss:  -3.745727300643921
epoch:  46 batch:  130 region_loss:  7.0 7.0 loc_loss:  0.12903426170349122 reward_loss:  -6.451712608337402
acc@1:  0.10536218250235184
epoch: 46 region loss 0.17051094890510948 loc loss 0.17083691370748255 reward loss -8.541845520917516
epoch:  47 batch:  0 region_loss:  10.0 10.0 loc_loss:  0.1685185432434082 reward_loss:  -8.42592716217041
epoch:  47 batch:  10 region_loss:  10.0 10.0 loc_loss:  0.18904428482055663 reward_loss:  -9.452215194702148
epoch:  47 batch:  20 region_loss:  10.0 10.0 loc_loss:  0.2150025749206543 reward_loss:  -10.750128746032715
epoch:  47 batch:  30 region_loss:  10.0 10.0 loc_loss:  0.17660335540771485 reward_loss:  -8.830167770385742
epoch:  47 batch:  40 region_loss:  10.0 10.0 loc_loss:  0.24176136016845703 reward_loss:  -12.088068008422852
epoch:  47 batch:  50 region_loss:  10.0 10.0 loc_loss:  0.19525907516479493 reward_loss:  -9.762953758239746
epoch:  47 batch:  60 region_loss:  10.0 10.0 loc_loss:  0.1668082618713379 reward_loss:  -8.340414047241211
epoch:  47 batch:  70 region_loss:  10.0 10.0 loc_loss:  0.18522716522216798 reward_loss:  -9.261358261108398
epoch:  47 batch:  80 region_loss:  10.0 10.0 loc_loss:  0.17814952850341798 reward_loss:  -8.907476425170898
epoch:  47 batch:  90 region_loss:  6.0 6.0 loc_loss:  0.10439213752746582 reward_loss:  -5.219606399536133
epoch:  47 batch:  100 region_loss:  8.0 8.0 loc_loss:  0.1359296989440918 reward_loss:  -6.796485900878906
epoch:  47 batch:  110 region_loss:  4.0 4.0 loc_loss:  0.06065055847167969 reward_loss:  -3.0325279235839844
epoch:  47 batch:  120 region_loss:  5.0 5.0 loc_loss:  0.06972866535186767 reward_loss:  -3.486433267593384
epoch:  47 batch:  130 region_loss:  7.0 7.0 loc_loss:  0.12047690391540528 reward_loss:  -6.023845195770264
acc@1:  0.10583254938852305
epoch: 47 region loss 0.17051094890510948 loc loss 0.16096721083578402 reward loss -8.048360462606388
epoch:  48 batch:  0 region_loss:  10.0 10.0 loc_loss:  0.15759276390075683 reward_loss:  -7.879637718200684
epoch:  48 batch:  10 region_loss:  10.0 10.0 loc_loss:  0.17677623748779298 reward_loss:  -8.838810920715332
epoch:  48 batch:  20 region_loss:  10.0 10.0 loc_loss:  0.20495141983032228 reward_loss:  -10.24757194519043
epoch:  48 batch:  30 region_loss:  10.0 10.0 loc_loss:  0.16528520584106446 reward_loss:  -8.264260292053223
epoch:  48 batch:  40 region_loss:  10.0 10.0 loc_loss:  0.22719596862792968 reward_loss:  -11.359797477722168
epoch:  48 batch:  50 region_loss:  10.0 10.0 loc_loss:  0.18472660064697266 reward_loss:  -9.236330032348633
epoch:  48 batch:  60 region_loss:  10.0 10.0 loc_loss:  0.15623047828674316 reward_loss:  -7.811523914337158
epoch:  48 batch:  70 region_loss:  10.0 10.0 loc_loss:  0.1732050895690918 reward_loss:  -8.660253524780273
epoch:  48 batch:  80 region_loss:  10.0 10.0 loc_loss:  0.16619253158569336 reward_loss:  -8.309625625610352
epoch:  48 batch:  90 region_loss:  6.0 6.0 loc_loss:  0.09687047004699707 reward_loss:  -4.8435235023498535
epoch:  48 batch:  100 region_loss:  8.0 8.0 loc_loss:  0.12663968086242675 reward_loss:  -6.3319854736328125
epoch:  48 batch:  110 region_loss:  4.0 4.0 loc_loss:  0.05586987972259522 reward_loss:  -2.79349422454834
epoch:  48 batch:  120 region_loss:  5.0 5.0 loc_loss:  0.06457489490509033 reward_loss:  -3.2287445068359375
epoch:  48 batch:  130 region_loss:  7.0 7.0 loc_loss:  0.11174973487854004 reward_loss:  -5.587486743927002
acc@1:  0.10159924741298212
epoch: 48 region loss 0.17051094890510948 loc loss 0.15151200876618823 reward loss -7.575600250358999
epoch:  49 batch:  0 region_loss:  10.0 10.0 loc_loss:  0.14750725746154786 reward_loss:  -7.375363826751709
epoch:  49 batch:  10 region_loss:  10.0 10.0 loc_loss:  0.1652208137512207 reward_loss:  -8.261039733886719
epoch:  49 batch:  20 region_loss:  10.0 10.0 loc_loss:  0.19582651138305665 reward_loss:  -9.791325569152832
epoch:  49 batch:  30 region_loss:  10.0 10.0 loc_loss:  0.154744873046875 reward_loss:  -7.73724365234375
epoch:  49 batch:  40 region_loss:  10.0 10.0 loc_loss:  0.21368043899536132 reward_loss:  -10.684022903442383
epoch:  49 batch:  50 region_loss:  10.0 10.0 loc_loss:  0.17433029174804687 reward_loss:  -8.716514587402344
epoch:  49 batch:  60 region_loss:  10.0 10.0 loc_loss:  0.14617351531982423 reward_loss:  -7.308676719665527
epoch:  49 batch:  70 region_loss:  10.0 10.0 loc_loss:  0.1627821159362793 reward_loss:  -8.139104843139648
epoch:  49 batch:  80 region_loss:  10.0 10.0 loc_loss:  0.1548350715637207 reward_loss:  -7.741753101348877
epoch:  49 batch:  90 region_loss:  6.0 6.0 loc_loss:  0.09045368194580078 reward_loss:  -4.522683620452881
epoch:  49 batch:  100 region_loss:  8.0 8.0 loc_loss:  0.118893461227417 reward_loss:  -5.94467306137085
epoch:  49 batch:  110 region_loss:  4.0 4.0 loc_loss:  0.0515617036819458 reward_loss:  -2.578084945678711
epoch:  49 batch:  120 region_loss:  5.0 5.0 loc_loss:  0.06000767707824707 reward_loss:  -3.0003840923309326
epoch:  49 batch:  130 region_loss:  7.0 7.0 loc_loss:  0.10403404235839844 reward_loss:  -5.201703071594238
acc@1:  0.10536218250235184
epoch: 49 region loss 0.17051094890510948 loc loss 0.14260523233970587 reward loss -7.1302629439500125
