2
cuda
epoch:  0 batch:  0 region_loss:  10.0 10.0 loc_loss:  1.9929884338378907 reward_loss:  -99.6492919921875
epoch:  0 batch:  10 region_loss:  10.0 10.0 loc_loss:  2.3757098388671873 reward_loss:  -99.60086059570312
epoch:  0 batch:  20 region_loss:  10.0 10.0 loc_loss:  1.98590087890625 reward_loss:  -99.29541778564453
epoch:  0 batch:  30 region_loss:  10.0 10.0 loc_loss:  1.9794638061523437 reward_loss:  -98.97345733642578
epoch:  0 batch:  40 region_loss:  10.0 10.0 loc_loss:  1.9882203674316405 reward_loss:  -99.4109115600586
epoch:  0 batch:  50 region_loss:  10.0 10.0 loc_loss:  2.1050370788574218 reward_loss:  -99.39179992675781
epoch:  0 batch:  60 region_loss:  10.0 10.0 loc_loss:  1.9824966430664062 reward_loss:  -99.12464904785156
epoch:  0 batch:  70 region_loss:  10.0 10.0 loc_loss:  1.979210205078125 reward_loss:  -98.95995330810547
epoch:  0 batch:  80 region_loss:  10.0 10.0 loc_loss:  1.9734518432617187 reward_loss:  -98.6728515625
epoch:  0 batch:  90 region_loss:  6.0 6.0 loc_loss:  1.1758877563476562 reward_loss:  -58.79426956176758
epoch:  0 batch:  100 region_loss:  8.0 8.0 loc_loss:  1.5725833129882814 reward_loss:  -78.63003540039062
epoch:  0 batch:  110 region_loss:  4.0 4.0 loc_loss:  0.7828905487060547 reward_loss:  -39.1448974609375
epoch:  0 batch:  120 region_loss:  5.0 5.0 loc_loss:  0.9767872619628907 reward_loss:  -48.83903503417969
epoch:  0 batch:  130 region_loss:  7.0 7.0 loc_loss:  1.3649111938476564 reward_loss:  -68.24488830566406
acc@1:  0.00658513640639699
epoch: 0 region loss 0.17051094890510948 loc loss 1.9969714088161497 reward loss -84.2723602517678
epoch:  1 batch:  0 region_loss:  10.0 10.0 loc_loss:  1.8737879943847657 reward_loss:  -93.6888427734375
epoch:  1 batch:  10 region_loss:  10.0 10.0 loc_loss:  2.1915081787109374 reward_loss:  -95.79156494140625
epoch:  1 batch:  20 region_loss:  10.0 10.0 loc_loss:  1.903822021484375 reward_loss:  -95.19135284423828
epoch:  1 batch:  30 region_loss:  10.0 10.0 loc_loss:  1.8998173522949218 reward_loss:  -94.9903335571289
epoch:  1 batch:  40 region_loss:  10.0 10.0 loc_loss:  1.9068263244628907 reward_loss:  -95.34001159667969
epoch:  1 batch:  50 region_loss:  10.0 10.0 loc_loss:  1.9776669311523438 reward_loss:  -94.6664047241211
epoch:  1 batch:  60 region_loss:  10.0 10.0 loc_loss:  1.8681689453125 reward_loss:  -93.40804290771484
epoch:  1 batch:  70 region_loss:  10.0 10.0 loc_loss:  1.8551535034179687 reward_loss:  -92.75691986083984
epoch:  1 batch:  80 region_loss:  10.0 10.0 loc_loss:  1.8355430603027343 reward_loss:  -91.77593994140625
epoch:  1 batch:  90 region_loss:  6.0 6.0 loc_loss:  1.0873922729492187 reward_loss:  -54.369815826416016
epoch:  1 batch:  100 region_loss:  8.0 8.0 loc_loss:  1.444334716796875 reward_loss:  -72.21742248535156
epoch:  1 batch:  110 region_loss:  4.0 4.0 loc_loss:  0.7257693481445312 reward_loss:  -36.28832244873047
epoch:  1 batch:  120 region_loss:  5.0 5.0 loc_loss:  0.8956298828125 reward_loss:  -44.781654357910156
epoch:  1 batch:  130 region_loss:  7.0 7.0 loc_loss:  1.2459040832519532 reward_loss:  -62.29492950439453
acc@1:  0.022577610536218252
epoch: 1 region loss 0.17051094890510948 loc loss 1.7985475047313384 reward loss -79.25887362626347
epoch:  2 batch:  0 region_loss:  10.0 10.0 loc_loss:  1.6969194030761718 reward_loss:  -84.84578704833984
epoch:  2 batch:  10 region_loss:  10.0 10.0 loc_loss:  1.9565824890136718 reward_loss:  -86.5728530883789
epoch:  2 batch:  20 region_loss:  10.0 10.0 loc_loss:  1.7161137390136718 reward_loss:  -85.80547332763672
epoch:  2 batch:  30 region_loss:  10.0 10.0 loc_loss:  1.7479110717773438 reward_loss:  -87.39561462402344
epoch:  2 batch:  40 region_loss:  10.0 10.0 loc_loss:  1.7208489990234375 reward_loss:  -86.0419692993164
epoch:  2 batch:  50 region_loss:  10.0 10.0 loc_loss:  1.829726104736328 reward_loss:  -88.39521026611328
epoch:  2 batch:  60 region_loss:  10.0 10.0 loc_loss:  1.7249180603027343 reward_loss:  -86.2461166381836
epoch:  2 batch:  70 region_loss:  10.0 10.0 loc_loss:  1.73014892578125 reward_loss:  -86.50743865966797
epoch:  2 batch:  80 region_loss:  10.0 10.0 loc_loss:  1.7131057739257813 reward_loss:  -85.65515899658203
epoch:  2 batch:  90 region_loss:  6.0 6.0 loc_loss:  1.0240188598632813 reward_loss:  -51.20064926147461
epoch:  2 batch:  100 region_loss:  8.0 8.0 loc_loss:  1.3657559204101561 reward_loss:  -68.28706359863281
epoch:  2 batch:  110 region_loss:  4.0 4.0 loc_loss:  0.6940693664550781 reward_loss:  -34.703590393066406
epoch:  2 batch:  120 region_loss:  5.0 5.0 loc_loss:  0.8582151031494141 reward_loss:  -42.910743713378906
epoch:  2 batch:  130 region_loss:  7.0 7.0 loc_loss:  1.1949256134033204 reward_loss:  -59.74713134765625
acc@1:  0.028222013170272814
epoch: 2 region loss 0.17051094890510948 loc loss 1.6152887402833813 reward loss -73.09633126920157
epoch:  3 batch:  0 region_loss:  10.0 10.0 loc_loss:  1.6342726135253907 reward_loss:  -81.713623046875
epoch:  3 batch:  10 region_loss:  10.0 10.0 loc_loss:  1.8529714965820312 reward_loss:  -83.26610565185547
epoch:  3 batch:  20 region_loss:  10.0 10.0 loc_loss:  1.6295916748046875 reward_loss:  -81.47949981689453
epoch:  3 batch:  30 region_loss:  10.0 10.0 loc_loss:  1.6768693542480468 reward_loss:  -83.84345245361328
epoch:  3 batch:  40 region_loss:  10.0 10.0 loc_loss:  1.6453562927246095 reward_loss:  -82.26780700683594
epoch:  3 batch:  50 region_loss:  10.0 10.0 loc_loss:  1.7365869140625 reward_loss:  -84.45182800292969
epoch:  3 batch:  60 region_loss:  10.0 10.0 loc_loss:  1.6577139282226563 reward_loss:  -82.88557434082031
epoch:  3 batch:  70 region_loss:  10.0 10.0 loc_loss:  1.6605520629882813 reward_loss:  -83.02705383300781
epoch:  3 batch:  80 region_loss:  10.0 10.0 loc_loss:  1.652867431640625 reward_loss:  -82.64329528808594
epoch:  3 batch:  90 region_loss:  6.0 6.0 loc_loss:  0.9888509368896484 reward_loss:  -49.44269561767578
epoch:  3 batch:  100 region_loss:  8.0 8.0 loc_loss:  1.3176690673828124 reward_loss:  -65.88336944580078
epoch:  3 batch:  110 region_loss:  4.0 4.0 loc_loss:  0.6737904357910156 reward_loss:  -33.69005584716797
epoch:  3 batch:  120 region_loss:  5.0 5.0 loc_loss:  0.8322268676757812 reward_loss:  -41.611297607421875
epoch:  3 batch:  130 region_loss:  7.0 7.0 loc_loss:  1.1610907745361327 reward_loss:  -58.05404281616211
acc@1:  0.03951081843838194
epoch: 3 region loss 0.17051094890510948 loc loss 1.5159742107530578 reward loss -70.08602164609589
epoch:  4 batch:  0 region_loss:  10.0 10.0 loc_loss:  1.5807144165039062 reward_loss:  -79.03535461425781
epoch:  4 batch:  10 region_loss:  10.0 10.0 loc_loss:  1.7667440795898437 reward_loss:  -80.8726806640625
epoch:  4 batch:  20 region_loss:  10.0 10.0 loc_loss:  1.564517059326172 reward_loss:  -78.2254409790039
epoch:  4 batch:  30 region_loss:  10.0 10.0 loc_loss:  1.6186610412597657 reward_loss:  -80.93286895751953
epoch:  4 batch:  40 region_loss:  10.0 10.0 loc_loss:  1.5876666259765626 reward_loss:  -79.3829345703125
epoch:  4 batch:  50 region_loss:  10.0 10.0 loc_loss:  1.6519496154785156 reward_loss:  -80.97502899169922
epoch:  4 batch:  60 region_loss:  10.0 10.0 loc_loss:  1.5986935424804687 reward_loss:  -79.93482971191406
epoch:  4 batch:  70 region_loss:  10.0 10.0 loc_loss:  1.5986653137207032 reward_loss:  -79.9333724975586
epoch:  4 batch:  80 region_loss:  10.0 10.0 loc_loss:  1.5987051391601563 reward_loss:  -79.93494415283203
epoch:  4 batch:  90 region_loss:  6.0 6.0 loc_loss:  0.9570883178710937 reward_loss:  -47.85514450073242
epoch:  4 batch:  100 region_loss:  8.0 8.0 loc_loss:  1.2717395782470704 reward_loss:  -63.5869140625
epoch:  4 batch:  110 region_loss:  4.0 4.0 loc_loss:  0.6547272491455078 reward_loss:  -32.73677062988281
epoch:  4 batch:  120 region_loss:  5.0 5.0 loc_loss:  0.8058444213867187 reward_loss:  -40.29216766357422
epoch:  4 batch:  130 region_loss:  7.0 7.0 loc_loss:  1.1269483947753907 reward_loss:  -56.347503662109375
acc@1:  0.04750705550329257
epoch: 4 region loss 0.17051094890510948 loc loss 1.396211864443591 reward loss -67.52345745058825
epoch:  5 batch:  0 region_loss:  10.0 10.0 loc_loss:  1.5209341430664063 reward_loss:  -76.04666900634766
epoch:  5 batch:  10 region_loss:  10.0 10.0 loc_loss:  1.7115966796875 reward_loss:  -78.39856719970703
epoch:  5 batch:  20 region_loss:  10.0 10.0 loc_loss:  1.4991343688964844 reward_loss:  -74.9563980102539
epoch:  5 batch:  30 region_loss:  10.0 10.0 loc_loss:  1.5582159423828126 reward_loss:  -77.91081237792969
epoch:  5 batch:  40 region_loss:  10.0 10.0 loc_loss:  1.5301780700683594 reward_loss:  -76.50892639160156
epoch:  5 batch:  50 region_loss:  10.0 10.0 loc_loss:  1.5781149291992187 reward_loss:  -77.57252502441406
epoch:  5 batch:  60 region_loss:  10.0 10.0 loc_loss:  1.539729766845703 reward_loss:  -76.98635864257812
epoch:  5 batch:  70 region_loss:  10.0 10.0 loc_loss:  1.5365411376953124 reward_loss:  -76.8275375366211
epoch:  5 batch:  80 region_loss:  10.0 10.0 loc_loss:  1.543846893310547 reward_loss:  -77.19241333007812
epoch:  5 batch:  90 region_loss:  6.0 6.0 loc_loss:  0.9248834228515626 reward_loss:  -46.2437858581543
epoch:  5 batch:  100 region_loss:  8.0 8.0 loc_loss:  1.2234672546386718 reward_loss:  -61.173133850097656
epoch:  5 batch:  110 region_loss:  4.0 4.0 loc_loss:  0.6354809951782227 reward_loss:  -31.773944854736328
epoch:  5 batch:  120 region_loss:  5.0 5.0 loc_loss:  0.7774669647216796 reward_loss:  -38.87328338623047
epoch:  5 batch:  130 region_loss:  7.0 7.0 loc_loss:  1.0906936645507812 reward_loss:  -54.53471374511719
acc@1:  0.06396989651928504
epoch: 5 region loss 0.17051094890510948 loc loss 1.341154911013415 reward loss -64.9155582511512
epoch:  6 batch:  0 region_loss:  10.0 10.0 loc_loss:  1.4548251342773437 reward_loss:  -72.7410659790039
epoch:  6 batch:  10 region_loss:  10.0 10.0 loc_loss:  1.63397705078125 reward_loss:  -75.6585922241211
epoch:  6 batch:  20 region_loss:  10.0 10.0 loc_loss:  1.4296803283691406 reward_loss:  -71.48400115966797
epoch:  6 batch:  30 region_loss:  10.0 10.0 loc_loss:  1.493628692626953 reward_loss:  -74.68142700195312
epoch:  6 batch:  40 region_loss:  10.0 10.0 loc_loss:  1.4717994689941407 reward_loss:  -73.58995056152344
epoch:  6 batch:  50 region_loss:  10.0 10.0 loc_loss:  1.4975770568847657 reward_loss:  -73.98383331298828
epoch:  6 batch:  60 region_loss:  10.0 10.0 loc_loss:  1.4781069946289063 reward_loss:  -73.90567779541016
epoch:  6 batch:  70 region_loss:  10.0 10.0 loc_loss:  1.470524444580078 reward_loss:  -73.52665710449219
epoch:  6 batch:  80 region_loss:  10.0 10.0 loc_loss:  1.4859713745117187 reward_loss:  -74.2985610961914
epoch:  6 batch:  90 region_loss:  6.0 6.0 loc_loss:  0.8913914489746094 reward_loss:  -44.569087982177734
epoch:  6 batch:  100 region_loss:  8.0 8.0 loc_loss:  1.1713430023193359 reward_loss:  -58.56759262084961
epoch:  6 batch:  110 region_loss:  4.0 4.0 loc_loss:  0.6151832962036132 reward_loss:  -30.758670806884766
epoch:  6 batch:  120 region_loss:  5.0 5.0 loc_loss:  0.7469782257080078 reward_loss:  -37.34892272949219
epoch:  6 batch:  130 region_loss:  7.0 7.0 loc_loss:  1.0516732788085938 reward_loss:  -52.583099365234375
acc@1:  0.0729068673565381
epoch: 6 region loss 0.17051094890510948 loc loss 1.2818825027020306 reward loss -62.160632084756
epoch:  7 batch:  0 region_loss:  10.0 10.0 loc_loss:  1.38402099609375 reward_loss:  -69.20088958740234
epoch:  7 batch:  10 region_loss:  10.0 10.0 loc_loss:  1.5529440307617188 reward_loss:  -72.6406478881836
epoch:  7 batch:  20 region_loss:  10.0 10.0 loc_loss:  1.3557713317871094 reward_loss:  -67.78858184814453
epoch:  7 batch:  30 region_loss:  10.0 10.0 loc_loss:  1.4239617919921874 reward_loss:  -71.19811248779297
epoch:  7 batch:  40 region_loss:  10.0 10.0 loc_loss:  1.4137567138671876 reward_loss:  -70.68785095214844
epoch:  7 batch:  50 region_loss:  10.0 10.0 loc_loss:  1.4165921020507812 reward_loss:  -70.18596649169922
epoch:  7 batch:  60 region_loss:  10.0 10.0 loc_loss:  1.4132365417480468 reward_loss:  -70.66232299804688
epoch:  7 batch:  70 region_loss:  10.0 10.0 loc_loss:  1.3997767639160157 reward_loss:  -69.98878479003906
epoch:  7 batch:  80 region_loss:  10.0 10.0 loc_loss:  1.4248347473144531 reward_loss:  -71.24172973632812
epoch:  7 batch:  90 region_loss:  6.0 6.0 loc_loss:  0.8562616729736328 reward_loss:  -42.81330490112305
epoch:  7 batch:  100 region_loss:  8.0 8.0 loc_loss:  1.1154425811767579 reward_loss:  -55.77215576171875
epoch:  7 batch:  110 region_loss:  4.0 4.0 loc_loss:  0.59392822265625 reward_loss:  -29.696338653564453
epoch:  7 batch:  120 region_loss:  5.0 5.0 loc_loss:  0.7145452117919922 reward_loss:  -35.72725296020508
epoch:  7 batch:  130 region_loss:  7.0 7.0 loc_loss:  1.0102340698242187 reward_loss:  -50.51170349121094
acc@1:  0.08513640639698965
epoch: 7 region loss 0.17051094890510948 loc loss 1.2213677588692546 reward loss -59.26386185806163
epoch:  8 batch:  0 region_loss:  10.0 10.0 loc_loss:  1.3094740295410157 reward_loss:  -65.47359466552734
epoch:  8 batch:  10 region_loss:  10.0 10.0 loc_loss:  1.4746894836425781 reward_loss:  -69.35930633544922
epoch:  8 batch:  20 region_loss:  10.0 10.0 loc_loss:  1.2792724609375 reward_loss:  -63.9636116027832
epoch:  8 batch:  30 region_loss:  10.0 10.0 loc_loss:  1.3498004150390626 reward_loss:  -67.49002075195312
epoch:  8 batch:  40 region_loss:  10.0 10.0 loc_loss:  1.3576284790039062 reward_loss:  -67.88143920898438
epoch:  8 batch:  50 region_loss:  10.0 10.0 loc_loss:  1.3299842834472657 reward_loss:  -66.24299621582031
epoch:  8 batch:  60 region_loss:  10.0 10.0 loc_loss:  1.345690460205078 reward_loss:  -67.28451538085938
epoch:  8 batch:  70 region_loss:  10.0 10.0 loc_loss:  1.3251104736328125 reward_loss:  -66.25556945800781
epoch:  8 batch:  80 region_loss:  10.0 10.0 loc_loss:  1.3613539123535157 reward_loss:  -68.06770324707031
epoch:  8 batch:  90 region_loss:  6.0 6.0 loc_loss:  0.82020751953125 reward_loss:  -41.010009765625
epoch:  8 batch:  100 region_loss:  8.0 8.0 loc_loss:  1.0569046783447265 reward_loss:  -52.845237731933594
epoch:  8 batch:  110 region_loss:  4.0 4.0 loc_loss:  0.5718968200683594 reward_loss:  -28.59482192993164
epoch:  8 batch:  120 region_loss:  5.0 5.0 loc_loss:  0.6807939910888672 reward_loss:  -34.03970718383789
epoch:  8 batch:  130 region_loss:  7.0 7.0 loc_loss:  0.9669078826904297 reward_loss:  -48.34540939331055
acc@1:  0.09454374412041393
epoch: 8 region loss 0.17051094890510948 loc loss 1.1596668360355127 reward loss -56.27504699595653
epoch:  9 batch:  0 region_loss:  10.0 10.0 loc_loss:  1.2334890747070313 reward_loss:  -61.67447280883789
epoch:  9 batch:  10 region_loss:  10.0 10.0 loc_loss:  1.3931985473632813 reward_loss:  -65.89935302734375
epoch:  9 batch:  20 region_loss:  10.0 10.0 loc_loss:  1.2022754669189453 reward_loss:  -60.113773345947266
epoch:  9 batch:  30 region_loss:  10.0 10.0 loc_loss:  1.2727830505371094 reward_loss:  -63.63915252685547
epoch:  9 batch:  40 region_loss:  10.0 10.0 loc_loss:  1.3029324340820312 reward_loss:  -65.1466293334961
epoch:  9 batch:  50 region_loss:  10.0 10.0 loc_loss:  1.2431230926513672 reward_loss:  -62.156158447265625
epoch:  9 batch:  60 region_loss:  10.0 10.0 loc_loss:  1.2769668579101563 reward_loss:  -63.84833908081055
epoch:  9 batch:  70 region_loss:  10.0 10.0 loc_loss:  1.2484037780761719 reward_loss:  -62.42021179199219
epoch:  9 batch:  80 region_loss:  10.0 10.0 loc_loss:  1.2972744750976561 reward_loss:  -64.86372375488281
epoch:  9 batch:  90 region_loss:  6.0 6.0 loc_loss:  0.7838983154296875 reward_loss:  -39.19493103027344
epoch:  9 batch:  100 region_loss:  8.0 8.0 loc_loss:  0.99760498046875 reward_loss:  -49.880210876464844
epoch:  9 batch:  110 region_loss:  4.0 4.0 loc_loss:  0.5492172241210938 reward_loss:  -27.460796356201172
epoch:  9 batch:  120 region_loss:  5.0 5.0 loc_loss:  0.6462006378173828 reward_loss:  -32.310028076171875
epoch:  9 batch:  130 region_loss:  7.0 7.0 loc_loss:  0.9223129272460937 reward_loss:  -46.115623474121094
acc@1:  0.10959548447789276
epoch: 9 region loss 0.17051094890510948 loc loss 1.098726960342296 reward loss -53.26180423263216
epoch:  10 batch:  0 region_loss:  10.0 10.0 loc_loss:  1.1584697723388673 reward_loss:  -57.92348098754883
epoch:  10 batch:  10 region_loss:  10.0 10.0 loc_loss:  1.3061138916015624 reward_loss:  -62.322181701660156
epoch:  10 batch:  20 region_loss:  10.0 10.0 loc_loss:  1.1267401885986328 reward_loss:  -56.33700942993164
epoch:  10 batch:  30 region_loss:  10.0 10.0 loc_loss:  1.1952252197265625 reward_loss:  -59.761207580566406
epoch:  10 batch:  40 region_loss:  10.0 10.0 loc_loss:  1.2488427734375 reward_loss:  -62.442138671875
epoch:  10 batch:  50 region_loss:  10.0 10.0 loc_loss:  1.1668358612060548 reward_loss:  -58.34178924560547
epoch:  10 batch:  60 region_loss:  10.0 10.0 loc_loss:  1.2094013977050782 reward_loss:  -60.47007369995117
epoch:  10 batch:  70 region_loss:  10.0 10.0 loc_loss:  1.172205352783203 reward_loss:  -58.61036682128906
epoch:  10 batch:  80 region_loss:  10.0 10.0 loc_loss:  1.2349510955810548 reward_loss:  -61.74755096435547
epoch:  10 batch:  90 region_loss:  6.0 6.0 loc_loss:  0.747379150390625 reward_loss:  -37.36898422241211
epoch:  10 batch:  100 region_loss:  8.0 8.0 loc_loss:  0.9393924713134766 reward_loss:  -46.96963119506836
epoch:  10 batch:  110 region_loss:  4.0 4.0 loc_loss:  0.5260181045532226 reward_loss:  -26.300861358642578
epoch:  10 batch:  120 region_loss:  5.0 5.0 loc_loss:  0.6117632293701172 reward_loss:  -30.588171005249023
epoch:  10 batch:  130 region_loss:  7.0 7.0 loc_loss:  0.8773729705810547 reward_loss:  -43.86863327026367
acc@1:  0.11900282220131703
epoch: 10 region loss 0.17051094890510948 loc loss 1.0392524134503665 reward loss -50.303522165674366
epoch:  11 batch:  0 region_loss:  10.0 10.0 loc_loss:  1.0871149444580077 reward_loss:  -54.355751037597656
epoch:  11 batch:  10 region_loss:  10.0 10.0 loc_loss:  1.224803695678711 reward_loss:  -58.7315788269043
epoch:  11 batch:  20 region_loss:  10.0 10.0 loc_loss:  1.053931350708008 reward_loss:  -52.69657516479492
epoch:  11 batch:  30 region_loss:  10.0 10.0 loc_loss:  1.1193765258789063 reward_loss:  -55.96882629394531
epoch:  11 batch:  40 region_loss:  10.0 10.0 loc_loss:  1.195227813720703 reward_loss:  -59.76139831542969
epoch:  11 batch:  50 region_loss:  10.0 10.0 loc_loss:  1.0925325012207032 reward_loss:  -54.626609802246094
epoch:  11 batch:  60 region_loss:  10.0 10.0 loc_loss:  1.145390625 reward_loss:  -57.26953887939453
epoch:  11 batch:  70 region_loss:  10.0 10.0 loc_loss:  1.0994840240478516 reward_loss:  -54.974185943603516
epoch:  11 batch:  80 region_loss:  10.0 10.0 loc_loss:  1.1757192993164063 reward_loss:  -58.78596496582031
epoch:  11 batch:  90 region_loss:  6.0 6.0 loc_loss:  0.7117962646484375 reward_loss:  -35.589813232421875
epoch:  11 batch:  100 region_loss:  8.0 8.0 loc_loss:  0.8839324951171875 reward_loss:  -44.19664001464844
epoch:  11 batch:  110 region_loss:  4.0 4.0 loc_loss:  0.5026029205322265 reward_loss:  -25.130128860473633
epoch:  11 batch:  120 region_loss:  5.0 5.0 loc_loss:  0.5785919952392579 reward_loss:  -28.92959976196289
epoch:  11 batch:  130 region_loss:  7.0 7.0 loc_loss:  0.8333745574951172 reward_loss:  -41.66872787475586
acc@1:  0.1251175917215428
epoch: 11 region loss 0.17051094890510948 loc loss 0.9810052512509979 reward loss -47.46934695835531
epoch:  12 batch:  0 region_loss:  10.0 10.0 loc_loss:  1.021294174194336 reward_loss:  -51.0647087097168
epoch:  12 batch:  10 region_loss:  10.0 10.0 loc_loss:  1.1397645568847656 reward_loss:  -55.10073471069336
epoch:  12 batch:  20 region_loss:  10.0 10.0 loc_loss:  0.9856854248046875 reward_loss:  -49.284271240234375
epoch:  12 batch:  30 region_loss:  10.0 10.0 loc_loss:  1.0473980712890625 reward_loss:  -52.369903564453125
epoch:  12 batch:  40 region_loss:  10.0 10.0 loc_loss:  1.1426266479492186 reward_loss:  -57.1313362121582
epoch:  12 batch:  50 region_loss:  10.0 10.0 loc_loss:  1.023305435180664 reward_loss:  -51.165283203125
epoch:  12 batch:  60 region_loss:  10.0 10.0 loc_loss:  1.0854191589355469 reward_loss:  -54.270957946777344
epoch:  12 batch:  70 region_loss:  10.0 10.0 loc_loss:  1.0317798614501954 reward_loss:  -51.5889892578125
epoch:  12 batch:  80 region_loss:  10.0 10.0 loc_loss:  1.119542236328125 reward_loss:  -55.97711944580078
epoch:  12 batch:  90 region_loss:  6.0 6.0 loc_loss:  0.6772789001464844 reward_loss:  -33.86393737792969
epoch:  12 batch:  100 region_loss:  8.0 8.0 loc_loss:  0.8321051788330078 reward_loss:  -41.60525131225586
epoch:  12 batch:  110 region_loss:  4.0 4.0 loc_loss:  0.479089241027832 reward_loss:  -23.954479217529297
epoch:  12 batch:  120 region_loss:  5.0 5.0 loc_loss:  0.5471048736572266 reward_loss:  -27.355239868164062
epoch:  12 batch:  130 region_loss:  7.0 7.0 loc_loss:  0.7911590576171875 reward_loss:  -39.557952880859375
acc@1:  0.13076199435559738
epoch: 12 region loss 0.17051094890510948 loc loss 0.9113220039423365 reward loss -44.79869974790699
epoch:  13 batch:  0 region_loss:  10.0 10.0 loc_loss:  0.9609918212890625 reward_loss:  -48.04957962036133
epoch:  13 batch:  10 region_loss:  10.0 10.0 loc_loss:  1.0711312866210938 reward_loss:  -52.21880340576172
epoch:  13 batch:  20 region_loss:  10.0 10.0 loc_loss:  0.9229058837890625 reward_loss:  -46.14527893066406
epoch:  13 batch:  30 region_loss:  10.0 10.0 loc_loss:  0.9807436370849609 reward_loss:  -49.03717803955078
epoch:  13 batch:  40 region_loss:  10.0 10.0 loc_loss:  1.0915394592285157 reward_loss:  -54.57698059082031
epoch:  13 batch:  50 region_loss:  10.0 10.0 loc_loss:  0.96678955078125 reward_loss:  -48.33946990966797
epoch:  13 batch:  60 region_loss:  10.0 10.0 loc_loss:  1.0292540740966798 reward_loss:  -51.46269989013672
epoch:  13 batch:  70 region_loss:  10.0 10.0 loc_loss:  0.9708696746826172 reward_loss:  -48.54348373413086
epoch:  13 batch:  80 region_loss:  10.0 10.0 loc_loss:  1.0660244750976562 reward_loss:  -53.30121994018555
epoch:  13 batch:  90 region_loss:  6.0 6.0 loc_loss:  0.6442561340332031 reward_loss:  -32.21280288696289
epoch:  13 batch:  100 region_loss:  8.0 8.0 loc_loss:  0.7844805908203125 reward_loss:  -39.224029541015625
epoch:  13 batch:  110 region_loss:  4.0 4.0 loc_loss:  0.45593406677246096 reward_loss:  -22.79671859741211
epoch:  13 batch:  120 region_loss:  5.0 5.0 loc_loss:  0.5171517944335937 reward_loss:  -25.857589721679688
epoch:  13 batch:  130 region_loss:  7.0 7.0 loc_loss:  0.7511918640136719 reward_loss:  -37.55958557128906
acc@1:  0.13452492944496708
epoch: 13 region loss 0.17051094890510948 loc loss 0.8671920336423998 reward loss -42.33660849689567
epoch:  14 batch:  0 region_loss:  10.0 10.0 loc_loss:  0.9072049713134765 reward_loss:  -45.360252380371094
epoch:  14 batch:  10 region_loss:  10.0 10.0 loc_loss:  1.015191879272461 reward_loss:  -49.3049201965332
epoch:  14 batch:  20 region_loss:  10.0 10.0 loc_loss:  0.8664009857177735 reward_loss:  -43.32005310058594
epoch:  14 batch:  30 region_loss:  10.0 10.0 loc_loss:  0.9208628845214843 reward_loss:  -46.043155670166016
epoch:  14 batch:  40 region_loss:  10.0 10.0 loc_loss:  1.0430155181884766 reward_loss:  -52.15077590942383
epoch:  14 batch:  50 region_loss:  10.0 10.0 loc_loss:  0.9049984741210938 reward_loss:  -45.24991989135742
epoch:  14 batch:  60 region_loss:  10.0 10.0 loc_loss:  0.9776957702636718 reward_loss:  -48.88479232788086
epoch:  14 batch:  70 region_loss:  10.0 10.0 loc_loss:  0.9161167907714843 reward_loss:  -45.80583572387695
epoch:  14 batch:  80 region_loss:  10.0 10.0 loc_loss:  1.0150835418701172 reward_loss:  -50.75417709350586
epoch:  14 batch:  90 region_loss:  6.0 6.0 loc_loss:  0.6129652786254883 reward_loss:  -30.64826774597168
epoch:  14 batch:  100 region_loss:  8.0 8.0 loc_loss:  0.7412144470214844 reward_loss:  -37.06072998046875
epoch:  14 batch:  110 region_loss:  4.0 4.0 loc_loss:  0.43352203369140624 reward_loss:  -21.67609405517578
epoch:  14 batch:  120 region_loss:  5.0 5.0 loc_loss:  0.48887779235839846 reward_loss:  -24.44388771057129
epoch:  14 batch:  130 region_loss:  7.0 7.0 loc_loss:  0.713494873046875 reward_loss:  -35.674739837646484
acc@1:  0.14016933207902163
epoch: 14 region loss 0.17051094890510948 loc loss 0.8350887618795798 reward loss -40.071311059659415
epoch:  15 batch:  0 region_loss:  10.0 10.0 loc_loss:  0.8593104553222656 reward_loss:  -42.96551513671875
epoch:  15 batch:  10 region_loss:  10.0 10.0 loc_loss:  0.9403321075439454 reward_loss:  -46.33889389038086
epoch:  15 batch:  20 region_loss:  10.0 10.0 loc_loss:  0.8168590545654297 reward_loss:  -40.842952728271484
epoch:  15 batch:  30 region_loss:  10.0 10.0 loc_loss:  0.8671307373046875 reward_loss:  -43.35654067993164
epoch:  15 batch:  40 region_loss:  10.0 10.0 loc_loss:  0.9975062561035156 reward_loss:  -49.875308990478516
epoch:  15 batch:  50 region_loss:  10.0 10.0 loc_loss:  0.8557241821289062 reward_loss:  -42.786216735839844
epoch:  15 batch:  60 region_loss:  10.0 10.0 loc_loss:  0.9291706848144531 reward_loss:  -46.458526611328125
epoch:  15 batch:  70 region_loss:  10.0 10.0 loc_loss:  0.8662615966796875 reward_loss:  -43.313079833984375
epoch:  15 batch:  80 region_loss:  10.0 10.0 loc_loss:  0.9666111755371094 reward_loss:  -48.33055877685547
epoch:  15 batch:  90 region_loss:  6.0 6.0 loc_loss:  0.5833139038085937 reward_loss:  -29.165668487548828
epoch:  15 batch:  100 region_loss:  8.0 8.0 loc_loss:  0.7018051147460938 reward_loss:  -35.09025573730469
epoch:  15 batch:  110 region_loss:  4.0 4.0 loc_loss:  0.41207271575927734 reward_loss:  -20.603628158569336
epoch:  15 batch:  120 region_loss:  5.0 5.0 loc_loss:  0.46201194763183595 reward_loss:  -23.10059356689453
epoch:  15 batch:  130 region_loss:  7.0 7.0 loc_loss:  0.6782375335693359 reward_loss:  -33.9118766784668
acc@1:  0.14299153339604892
epoch: 15 region loss 0.17051094890510948 loc loss 0.779241036463828 reward loss -37.99798867998332
epoch:  16 batch:  0 region_loss:  10.0 10.0 loc_loss:  0.8162755584716797 reward_loss:  -40.81378173828125
epoch:  16 batch:  10 region_loss:  10.0 10.0 loc_loss:  0.9369869232177734 reward_loss:  -44.20318603515625
epoch:  16 batch:  20 region_loss:  10.0 10.0 loc_loss:  0.7735418701171874 reward_loss:  -38.67708969116211
epoch:  16 batch:  30 region_loss:  10.0 10.0 loc_loss:  0.8189430999755859 reward_loss:  -40.947147369384766
epoch:  16 batch:  40 region_loss:  10.0 10.0 loc_loss:  0.9551544952392578 reward_loss:  -47.75772476196289
epoch:  16 batch:  50 region_loss:  10.0 10.0 loc_loss:  0.81790771484375 reward_loss:  -40.798614501953125
epoch:  16 batch:  60 region_loss:  10.0 10.0 loc_loss:  0.8838284301757813 reward_loss:  -44.19142150878906
epoch:  16 batch:  70 region_loss:  10.0 10.0 loc_loss:  0.8216819763183594 reward_loss:  -41.084075927734375
epoch:  16 batch:  80 region_loss:  10.0 10.0 loc_loss:  0.9207499694824218 reward_loss:  -46.037498474121094
epoch:  16 batch:  90 region_loss:  6.0 6.0 loc_loss:  0.5557049560546875 reward_loss:  -27.785242080688477
epoch:  16 batch:  100 region_loss:  8.0 8.0 loc_loss:  0.6660790252685547 reward_loss:  -33.303955078125
epoch:  16 batch:  110 region_loss:  4.0 4.0 loc_loss:  0.3916193389892578 reward_loss:  -19.580968856811523
epoch:  16 batch:  120 region_loss:  5.0 5.0 loc_loss:  0.4366158676147461 reward_loss:  -21.830795288085938
epoch:  16 batch:  130 region_loss:  7.0 7.0 loc_loss:  0.645240707397461 reward_loss:  -32.26203155517578
acc@1:  0.14299153339604892
epoch: 16 region loss 0.17051094890510948 loc loss 0.7574761219442325 reward loss -36.107707879839154
epoch:  17 batch:  0 region_loss:  10.0 10.0 loc_loss:  0.7764186859130859 reward_loss:  -38.8209342956543
epoch:  17 batch:  10 region_loss:  10.0 10.0 loc_loss:  0.8812097930908203 reward_loss:  -41.78141403198242
epoch:  17 batch:  20 region_loss:  10.0 10.0 loc_loss:  0.7349765777587891 reward_loss:  -36.74882507324219
epoch:  17 batch:  30 region_loss:  10.0 10.0 loc_loss:  0.7756454467773437 reward_loss:  -38.78227233886719
epoch:  17 batch:  40 region_loss:  10.0 10.0 loc_loss:  0.9162774658203126 reward_loss:  -45.813873291015625
epoch:  17 batch:  50 region_loss:  10.0 10.0 loc_loss:  0.7685185241699218 reward_loss:  -38.42593002319336
epoch:  17 batch:  60 region_loss:  10.0 10.0 loc_loss:  0.8407134246826172 reward_loss:  -42.035675048828125
epoch:  17 batch:  70 region_loss:  10.0 10.0 loc_loss:  0.78017822265625 reward_loss:  -39.008914947509766
epoch:  17 batch:  80 region_loss:  10.0 10.0 loc_loss:  0.8774278259277344 reward_loss:  -43.87139129638672
epoch:  17 batch:  90 region_loss:  6.0 6.0 loc_loss:  0.5297696304321289 reward_loss:  -26.488475799560547
epoch:  17 batch:  100 region_loss:  8.0 8.0 loc_loss:  0.633331298828125 reward_loss:  -31.666568756103516
epoch:  17 batch:  110 region_loss:  4.0 4.0 loc_loss:  0.37198715209960936 reward_loss:  -18.59935760498047
epoch:  17 batch:  120 region_loss:  5.0 5.0 loc_loss:  0.41256690979003907 reward_loss:  -20.62834358215332
epoch:  17 batch:  130 region_loss:  7.0 7.0 loc_loss:  0.6147137832641602 reward_loss:  -30.735689163208008
acc@1:  0.13922859830667922
epoch: 17 region loss 0.17051094890510948 loc loss 0.7201600840491971 reward loss -34.359680127053366
epoch:  18 batch:  0 region_loss:  10.0 10.0 loc_loss:  0.7395207214355469 reward_loss:  -36.976036071777344
epoch:  18 batch:  10 region_loss:  10.0 10.0 loc_loss:  0.845434799194336 reward_loss:  -40.08578109741211
epoch:  18 batch:  20 region_loss:  10.0 10.0 loc_loss:  0.7004358673095703 reward_loss:  -35.021793365478516
epoch:  18 batch:  30 region_loss:  10.0 10.0 loc_loss:  0.7365419769287109 reward_loss:  -36.82709884643555
epoch:  18 batch:  40 region_loss:  10.0 10.0 loc_loss:  0.8803150177001953 reward_loss:  -44.0157470703125
epoch:  18 batch:  50 region_loss:  10.0 10.0 loc_loss:  0.7306546020507813 reward_loss:  -36.53273010253906
epoch:  18 batch:  60 region_loss:  10.0 10.0 loc_loss:  0.7999285125732422 reward_loss:  -39.996421813964844
epoch:  18 batch:  70 region_loss:  10.0 10.0 loc_loss:  0.7419009399414063 reward_loss:  -37.09504699707031
epoch:  18 batch:  80 region_loss:  10.0 10.0 loc_loss:  0.8367972564697266 reward_loss:  -41.83986282348633
epoch:  18 batch:  90 region_loss:  6.0 6.0 loc_loss:  0.5053634262084961 reward_loss:  -25.268171310424805
epoch:  18 batch:  100 region_loss:  8.0 8.0 loc_loss:  0.6031126403808593 reward_loss:  -30.15563201904297
epoch:  18 batch:  110 region_loss:  4.0 4.0 loc_loss:  0.3533255386352539 reward_loss:  -17.666276931762695
epoch:  18 batch:  120 region_loss:  5.0 5.0 loc_loss:  0.3899295425415039 reward_loss:  -19.496479034423828
epoch:  18 batch:  130 region_loss:  7.0 7.0 loc_loss:  0.5860929870605469 reward_loss:  -29.30464744567871
acc@1:  0.14111006585136407
epoch: 18 region loss 0.17051094890510948 loc loss 0.6868064345756586 reward loss -32.75772877157169
epoch:  19 batch:  0 region_loss:  10.0 10.0 loc_loss:  0.7051047515869141 reward_loss:  -35.25523376464844
epoch:  19 batch:  10 region_loss:  10.0 10.0 loc_loss:  0.8001691436767578 reward_loss:  -38.23810577392578
epoch:  19 batch:  20 region_loss:  10.0 10.0 loc_loss:  0.6691830444335938 reward_loss:  -33.45915222167969
epoch:  19 batch:  30 region_loss:  10.0 10.0 loc_loss:  0.7008411407470703 reward_loss:  -35.042057037353516
epoch:  19 batch:  40 region_loss:  10.0 10.0 loc_loss:  0.8467610168457032 reward_loss:  -42.338050842285156
epoch:  19 batch:  50 region_loss:  10.0 10.0 loc_loss:  0.6961114501953125 reward_loss:  -34.805572509765625
epoch:  19 batch:  60 region_loss:  10.0 10.0 loc_loss:  0.7612066650390625 reward_loss:  -38.06032943725586
epoch:  19 batch:  70 region_loss:  10.0 10.0 loc_loss:  0.7064207458496093 reward_loss:  -35.3210334777832
epoch:  19 batch:  80 region_loss:  10.0 10.0 loc_loss:  0.7986170959472656 reward_loss:  -39.93084716796875
epoch:  19 batch:  90 region_loss:  6.0 6.0 loc_loss:  0.4822847366333008 reward_loss:  -24.11423683166504
epoch:  19 batch:  100 region_loss:  8.0 8.0 loc_loss:  0.5749797058105469 reward_loss:  -28.748987197875977
epoch:  19 batch:  110 region_loss:  4.0 4.0 loc_loss:  0.33558551788330077 reward_loss:  -16.77927589416504
epoch:  19 batch:  120 region_loss:  5.0 5.0 loc_loss:  0.3686408615112305 reward_loss:  -18.432043075561523
epoch:  19 batch:  130 region_loss:  7.0 7.0 loc_loss:  0.5591261291503906 reward_loss:  -27.956302642822266
acc@1:  0.14111006585136407
epoch: 19 region loss 0.17051094890510948 loc loss 0.65631091069131 reward loss -31.26229874409028
epoch:  20 batch:  0 region_loss:  10.0 10.0 loc_loss:  0.6728816223144531 reward_loss:  -33.64407730102539
epoch:  20 batch:  10 region_loss:  10.0 10.0 loc_loss:  0.7599777221679688 reward_loss:  -36.39748764038086
epoch:  20 batch:  20 region_loss:  10.0 10.0 loc_loss:  0.6406942749023438 reward_loss:  -32.03470993041992
epoch:  20 batch:  30 region_loss:  10.0 10.0 loc_loss:  0.6681488037109375 reward_loss:  -33.407440185546875
epoch:  20 batch:  40 region_loss:  10.0 10.0 loc_loss:  0.8152963256835938 reward_loss:  -40.76481628417969
epoch:  20 batch:  50 region_loss:  10.0 10.0 loc_loss:  0.6673908996582031 reward_loss:  -33.369544982910156
epoch:  20 batch:  60 region_loss:  10.0 10.0 loc_loss:  0.7246489715576172 reward_loss:  -36.23244857788086
epoch:  20 batch:  70 region_loss:  10.0 10.0 loc_loss:  0.6735200500488281 reward_loss:  -33.676002502441406
epoch:  20 batch:  80 region_loss:  10.0 10.0 loc_loss:  0.762426986694336 reward_loss:  -38.1213493347168
epoch:  20 batch:  90 region_loss:  6.0 6.0 loc_loss:  0.4603463363647461 reward_loss:  -23.017314910888672
epoch:  20 batch:  100 region_loss:  8.0 8.0 loc_loss:  0.5486770629882812 reward_loss:  -27.43385124206543
epoch:  20 batch:  110 region_loss:  4.0 4.0 loc_loss:  0.31881715774536135 reward_loss:  -15.940857887268066
epoch:  20 batch:  120 region_loss:  5.0 5.0 loc_loss:  0.3486956024169922 reward_loss:  -17.43478012084961
epoch:  20 batch:  130 region_loss:  7.0 7.0 loc_loss:  0.5337820434570313 reward_loss:  -26.689098358154297
acc@1:  0.138758231420508
epoch: 20 region loss 0.17051094890510948 loc loss 0.6279679806563105 reward loss -29.873314398048567
epoch:  21 batch:  0 region_loss:  10.0 10.0 loc_loss:  0.6423808288574219 reward_loss:  -32.119041442871094
epoch:  21 batch:  10 region_loss:  10.0 10.0 loc_loss:  0.7278668212890625 reward_loss:  -34.67771530151367
epoch:  21 batch:  20 region_loss:  10.0 10.0 loc_loss:  0.6142819213867188 reward_loss:  -30.714094161987305
epoch:  21 batch:  30 region_loss:  10.0 10.0 loc_loss:  0.6371604919433593 reward_loss:  -31.858022689819336
epoch:  21 batch:  40 region_loss:  10.0 10.0 loc_loss:  0.7853091430664062 reward_loss:  -39.26546096801758
epoch:  21 batch:  50 region_loss:  10.0 10.0 loc_loss:  0.6352390670776367 reward_loss:  -31.761951446533203
epoch:  21 batch:  60 region_loss:  10.0 10.0 loc_loss:  0.6899076080322266 reward_loss:  -34.49538040161133
epoch:  21 batch:  70 region_loss:  10.0 10.0 loc_loss:  0.6430864715576172 reward_loss:  -32.154327392578125
epoch:  21 batch:  80 region_loss:  10.0 10.0 loc_loss:  0.7280794525146485 reward_loss:  -36.40397262573242
epoch:  21 batch:  90 region_loss:  6.0 6.0 loc_loss:  0.4395162200927734 reward_loss:  -21.975811004638672
epoch:  21 batch:  100 region_loss:  8.0 8.0 loc_loss:  0.5237818145751953 reward_loss:  -26.189090728759766
epoch:  21 batch:  110 region_loss:  4.0 4.0 loc_loss:  0.30276639938354494 reward_loss:  -15.13831901550293
epoch:  21 batch:  120 region_loss:  5.0 5.0 loc_loss:  0.32987640380859373 reward_loss:  -16.493820190429688
epoch:  21 batch:  130 region_loss:  7.0 7.0 loc_loss:  0.5094208908081055 reward_loss:  -25.471040725708008
acc@1:  0.13734713076199437
epoch: 21 region loss 0.17051094890510948 loc loss 0.5898446694255746 reward loss -28.558500561400923
epoch:  22 batch:  0 region_loss:  10.0 10.0 loc_loss:  0.6132687759399414 reward_loss:  -30.663436889648438
epoch:  22 batch:  10 region_loss:  10.0 10.0 loc_loss:  0.7234369659423828 reward_loss:  -33.43678665161133
epoch:  22 batch:  20 region_loss:  10.0 10.0 loc_loss:  0.5895220947265625 reward_loss:  -29.476102828979492
epoch:  22 batch:  30 region_loss:  10.0 10.0 loc_loss:  0.6079196166992188 reward_loss:  -30.395978927612305
epoch:  22 batch:  40 region_loss:  10.0 10.0 loc_loss:  0.7564487457275391 reward_loss:  -37.82243728637695
epoch:  22 batch:  50 region_loss:  10.0 10.0 loc_loss:  0.608565673828125 reward_loss:  -30.428281784057617
epoch:  22 batch:  60 region_loss:  10.0 10.0 loc_loss:  0.6567801666259766 reward_loss:  -32.83900451660156
epoch:  22 batch:  70 region_loss:  10.0 10.0 loc_loss:  0.613686294555664 reward_loss:  -30.68431854248047
epoch:  22 batch:  80 region_loss:  10.0 10.0 loc_loss:  0.6953811645507812 reward_loss:  -34.76905822753906
epoch:  22 batch:  90 region_loss:  6.0 6.0 loc_loss:  0.41967090606689456 reward_loss:  -20.983543395996094
epoch:  22 batch:  100 region_loss:  8.0 8.0 loc_loss:  0.49989994049072267 reward_loss:  -24.9949951171875
epoch:  22 batch:  110 region_loss:  4.0 4.0 loc_loss:  0.2874239158630371 reward_loss:  -14.371195793151855
epoch:  22 batch:  120 region_loss:  5.0 5.0 loc_loss:  0.3120246696472168 reward_loss:  -15.601234436035156
epoch:  22 batch:  130 region_loss:  7.0 7.0 loc_loss:  0.48617618560791015 reward_loss:  -24.308807373046875
acc@1:  0.1354656632173095
epoch: 22 region loss 0.17051094890510948 loc loss 0.576874389509215 reward loss -27.319792141879564
epoch:  23 batch:  0 region_loss:  10.0 10.0 loc_loss:  0.5851683807373047 reward_loss:  -29.258419036865234
epoch:  23 batch:  10 region_loss:  10.0 10.0 loc_loss:  0.6813961029052734 reward_loss:  -31.9176025390625
epoch:  23 batch:  20 region_loss:  10.0 10.0 loc_loss:  0.566341667175293 reward_loss:  -28.31708335876465
epoch:  23 batch:  30 region_loss:  10.0 10.0 loc_loss:  0.5800571060180664 reward_loss:  -29.00285530090332
epoch:  23 batch:  40 region_loss:  10.0 10.0 loc_loss:  0.7286436462402344 reward_loss:  -36.43218231201172
epoch:  23 batch:  50 region_loss:  10.0 10.0 loc_loss:  0.5853586578369141 reward_loss:  -29.267929077148438
epoch:  23 batch:  60 region_loss:  10.0 10.0 loc_loss:  0.6252513885498047 reward_loss:  -31.262569427490234
epoch:  23 batch:  70 region_loss:  10.0 10.0 loc_loss:  0.5859868240356445 reward_loss:  -29.299341201782227
epoch:  23 batch:  80 region_loss:  10.0 10.0 loc_loss:  0.6641160583496094 reward_loss:  -33.2057991027832
epoch:  23 batch:  90 region_loss:  6.0 6.0 loc_loss:  0.40048587799072266 reward_loss:  -20.0242919921875
epoch:  23 batch:  100 region_loss:  8.0 8.0 loc_loss:  0.47708972930908206 reward_loss:  -23.854488372802734
epoch:  23 batch:  110 region_loss:  4.0 4.0 loc_loss:  0.2727129554748535 reward_loss:  -13.635649681091309
epoch:  23 batch:  120 region_loss:  5.0 5.0 loc_loss:  0.2951509475708008 reward_loss:  -14.757562637329102
epoch:  23 batch:  130 region_loss:  7.0 7.0 loc_loss:  0.4638597869873047 reward_loss:  -23.1929874420166
