nohup: ignoring input
cuda
epoch:  0 batch:  0 region_loss:  10.0 10.0 loc_loss:  1.9929310607910156 reward_loss:  -99.64611053466797
epoch:  0 batch:  10 region_loss:  10.0 10.0 loc_loss:  1.9870314025878906 reward_loss:  -99.35186004638672
epoch:  0 batch:  20 region_loss:  10.0 10.0 loc_loss:  1.9810128784179688 reward_loss:  -99.05050659179688
epoch:  0 batch:  30 region_loss:  10.0 10.0 loc_loss:  1.987626953125 reward_loss:  -99.38137817382812
epoch:  0 batch:  40 region_loss:  10.0 10.0 loc_loss:  1.9778480529785156 reward_loss:  -98.89246368408203
epoch:  0 batch:  50 region_loss:  10.0 10.0 loc_loss:  1.9884799194335938 reward_loss:  -99.424072265625
epoch:  0 batch:  60 region_loss:  10.0 10.0 loc_loss:  1.9821163940429687 reward_loss:  -99.10599517822266
epoch:  0 batch:  70 region_loss:  10.0 10.0 loc_loss:  1.9799972534179688 reward_loss:  -99.0
epoch:  0 batch:  80 region_loss:  10.0 10.0 loc_loss:  1.9829220581054687 reward_loss:  -99.14643859863281
epoch:  0 batch:  90 region_loss:  6.0 6.0 loc_loss:  1.183507537841797 reward_loss:  -59.17560577392578
epoch:  0 batch:  100 region_loss:  8.0 8.0 loc_loss:  1.5772819519042969 reward_loss:  -78.86324310302734
epoch:  0 batch:  110 region_loss:  4.0 4.0 loc_loss:  0.7863726806640625 reward_loss:  -39.31855773925781
epoch:  0 batch:  120 region_loss:  5.0 5.0 loc_loss:  0.9790150451660157 reward_loss:  -48.950416564941406
epoch:  0 batch:  130 region_loss:  7.0 7.0 loc_loss:  1.3722360229492188 reward_loss:  -68.61172485351562
acc@1:  0.004703668861712135
epoch: 0 region loss 0.17051094890510948 loc loss 1.6876922807902315 reward loss -84.38456926554659
epoch:  1 batch:  0 region_loss:  10.0 10.0 loc_loss:  1.9171945190429687 reward_loss:  -95.85978698730469
epoch:  1 batch:  10 region_loss:  10.0 10.0 loc_loss:  1.9372747802734376 reward_loss:  -96.86347961425781
epoch:  1 batch:  20 region_loss:  10.0 10.0 loc_loss:  1.9172700500488282 reward_loss:  -95.86333465576172
epoch:  1 batch:  30 region_loss:  10.0 10.0 loc_loss:  1.9305140686035156 reward_loss:  -96.52542114257812
epoch:  1 batch:  40 region_loss:  10.0 10.0 loc_loss:  1.9108869934082031 reward_loss:  -95.54464721679688
epoch:  1 batch:  50 region_loss:  10.0 10.0 loc_loss:  1.918087158203125 reward_loss:  -95.90400695800781
epoch:  1 batch:  60 region_loss:  10.0 10.0 loc_loss:  1.9068124389648438 reward_loss:  -95.34109497070312
epoch:  1 batch:  70 region_loss:  10.0 10.0 loc_loss:  1.8899415588378907 reward_loss:  -94.4964828491211
epoch:  1 batch:  80 region_loss:  10.0 10.0 loc_loss:  1.8786842346191406 reward_loss:  -93.93372344970703
epoch:  1 batch:  90 region_loss:  6.0 6.0 loc_loss:  1.1139488220214844 reward_loss:  -55.69795227050781
epoch:  1 batch:  100 region_loss:  8.0 8.0 loc_loss:  1.4725271606445312 reward_loss:  -73.62726593017578
epoch:  1 batch:  110 region_loss:  4.0 4.0 loc_loss:  0.7406121826171875 reward_loss:  -37.03032684326172
epoch:  1 batch:  120 region_loss:  5.0 5.0 loc_loss:  0.909202651977539 reward_loss:  -45.46000289916992
epoch:  1 batch:  130 region_loss:  7.0 7.0 loc_loss:  1.2608432006835937 reward_loss:  -63.04240417480469
acc@1:  0.018344308560677328
epoch: 1 region loss 0.17051094890510948 loc loss 1.6096333246161467 reward loss -80.48168196295299
epoch:  2 batch:  0 region_loss:  10.0 10.0 loc_loss:  1.742237548828125 reward_loss:  -87.11123657226562
epoch:  2 batch:  10 region_loss:  10.0 10.0 loc_loss:  1.7526341247558594 reward_loss:  -87.63117218017578
epoch:  2 batch:  20 region_loss:  10.0 10.0 loc_loss:  1.724781494140625 reward_loss:  -86.23946380615234
epoch:  2 batch:  30 region_loss:  10.0 10.0 loc_loss:  1.771915283203125 reward_loss:  -88.59611511230469
epoch:  2 batch:  40 region_loss:  10.0 10.0 loc_loss:  1.7130191040039062 reward_loss:  -85.65095520019531
epoch:  2 batch:  50 region_loss:  10.0 10.0 loc_loss:  1.7761524963378905 reward_loss:  -88.80775451660156
epoch:  2 batch:  60 region_loss:  10.0 10.0 loc_loss:  1.749547882080078 reward_loss:  -87.47726440429688
epoch:  2 batch:  70 region_loss:  10.0 10.0 loc_loss:  1.7594429016113282 reward_loss:  -87.97216033935547
epoch:  2 batch:  80 region_loss:  10.0 10.0 loc_loss:  1.731815185546875 reward_loss:  -86.59052276611328
epoch:  2 batch:  90 region_loss:  6.0 6.0 loc_loss:  1.0382803344726563 reward_loss:  -51.914085388183594
epoch:  2 batch:  100 region_loss:  8.0 8.0 loc_loss:  1.3802304077148437 reward_loss:  -69.01185607910156
epoch:  2 batch:  110 region_loss:  4.0 4.0 loc_loss:  0.7001445007324218 reward_loss:  -35.007503509521484
epoch:  2 batch:  120 region_loss:  5.0 5.0 loc_loss:  0.8650499725341797 reward_loss:  -43.253108978271484
epoch:  2 batch:  130 region_loss:  7.0 7.0 loc_loss:  1.2040057373046875 reward_loss:  -60.20026397705078
acc@1:  0.03198494825964252
epoch: 2 region loss 0.17051094890510948 loc loss 1.4780625113605583 reward loss -73.90310493524927
epoch:  3 batch:  0 region_loss:  10.0 10.0 loc_loss:  1.6849484252929687 reward_loss:  -84.24736022949219
epoch:  3 batch:  10 region_loss:  10.0 10.0 loc_loss:  1.6787376403808594 reward_loss:  -83.9363021850586
epoch:  3 batch:  20 region_loss:  10.0 10.0 loc_loss:  1.6350787353515626 reward_loss:  -81.75462341308594
epoch:  3 batch:  30 region_loss:  10.0 10.0 loc_loss:  1.6990388488769532 reward_loss:  -84.95096588134766
epoch:  3 batch:  40 region_loss:  10.0 10.0 loc_loss:  1.6335665893554687 reward_loss:  -81.67850494384766
epoch:  3 batch:  50 region_loss:  10.0 10.0 loc_loss:  1.7031785583496093 reward_loss:  -85.15904235839844
epoch:  3 batch:  60 region_loss:  10.0 10.0 loc_loss:  1.6810888671875 reward_loss:  -84.05442810058594
epoch:  3 batch:  70 region_loss:  10.0 10.0 loc_loss:  1.6880668640136718 reward_loss:  -84.4033203125
epoch:  3 batch:  80 region_loss:  10.0 10.0 loc_loss:  1.668975830078125 reward_loss:  -83.44886779785156
epoch:  3 batch:  90 region_loss:  6.0 6.0 loc_loss:  1.004556884765625 reward_loss:  -50.22791290283203
epoch:  3 batch:  100 region_loss:  8.0 8.0 loc_loss:  1.33108642578125 reward_loss:  -66.5548324584961
epoch:  3 batch:  110 region_loss:  4.0 4.0 loc_loss:  0.678974609375 reward_loss:  -33.94971466064453
epoch:  3 batch:  120 region_loss:  5.0 5.0 loc_loss:  0.8397651672363281 reward_loss:  -41.98780059814453
epoch:  3 batch:  130 region_loss:  7.0 7.0 loc_loss:  1.1713982391357423 reward_loss:  -58.570533752441406
acc@1:  0.04233301975540922
epoch: 3 region loss 0.17051094890510948 loc loss 1.4161839684256672 reward loss -70.80919087542235
epoch:  4 batch:  0 region_loss:  10.0 10.0 loc_loss:  1.6402381896972655 reward_loss:  -82.01246643066406
epoch:  4 batch:  10 region_loss:  10.0 10.0 loc_loss:  1.6322715759277344 reward_loss:  -81.61365509033203
epoch:  4 batch:  20 region_loss:  10.0 10.0 loc_loss:  1.5728021240234376 reward_loss:  -78.63990020751953
epoch:  4 batch:  30 region_loss:  10.0 10.0 loc_loss:  1.6461656188964844 reward_loss:  -82.3087158203125
epoch:  4 batch:  40 region_loss:  10.0 10.0 loc_loss:  1.5789549255371094 reward_loss:  -78.94820404052734
epoch:  4 batch:  50 region_loss:  10.0 10.0 loc_loss:  1.6441838073730468 reward_loss:  -82.20870971679688
epoch:  4 batch:  60 region_loss:  10.0 10.0 loc_loss:  1.6257431030273437 reward_loss:  -81.2872314453125
epoch:  4 batch:  70 region_loss:  10.0 10.0 loc_loss:  1.627386016845703 reward_loss:  -81.36927032470703
epoch:  4 batch:  80 region_loss:  10.0 10.0 loc_loss:  1.6165220642089844 reward_loss:  -80.82614135742188
epoch:  4 batch:  90 region_loss:  6.0 6.0 loc_loss:  0.9749807739257812 reward_loss:  -48.74894332885742
epoch:  4 batch:  100 region_loss:  8.0 8.0 loc_loss:  1.2855192565917968 reward_loss:  -64.27571105957031
epoch:  4 batch:  110 region_loss:  4.0 4.0 loc_loss:  0.6605697631835937 reward_loss:  -33.028079986572266
epoch:  4 batch:  120 region_loss:  5.0 5.0 loc_loss:  0.8147310638427734 reward_loss:  -40.737300872802734
epoch:  4 batch:  130 region_loss:  7.0 7.0 loc_loss:  1.1388841247558594 reward_loss:  -56.94456481933594
acc@1:  0.049388523047977424
epoch: 4 region loss 0.17051094890510948 loc loss 1.3671632028844234 reward loss -68.35815215284806
epoch:  5 batch:  0 region_loss:  10.0 10.0 loc_loss:  1.5910243225097656 reward_loss:  -79.55126190185547
epoch:  5 batch:  10 region_loss:  10.0 10.0 loc_loss:  1.58602294921875 reward_loss:  -79.30181884765625
epoch:  5 batch:  20 region_loss:  10.0 10.0 loc_loss:  1.5115348815917968 reward_loss:  -75.57593536376953
epoch:  5 batch:  30 region_loss:  10.0 10.0 loc_loss:  1.592452392578125 reward_loss:  -79.62265014648438
epoch:  5 batch:  40 region_loss:  10.0 10.0 loc_loss:  1.52721435546875 reward_loss:  -76.3605728149414
epoch:  5 batch:  50 region_loss:  10.0 10.0 loc_loss:  1.5851016235351563 reward_loss:  -79.25506591796875
epoch:  5 batch:  60 region_loss:  10.0 10.0 loc_loss:  1.572344970703125 reward_loss:  -78.61725616455078
epoch:  5 batch:  70 region_loss:  10.0 10.0 loc_loss:  1.568244171142578 reward_loss:  -78.41220092773438
epoch:  5 batch:  80 region_loss:  10.0 10.0 loc_loss:  1.5637782287597657 reward_loss:  -78.1885986328125
epoch:  5 batch:  90 region_loss:  6.0 6.0 loc_loss:  0.945192642211914 reward_loss:  -47.259403228759766
epoch:  5 batch:  100 region_loss:  8.0 8.0 loc_loss:  1.238457489013672 reward_loss:  -61.92277526855469
epoch:  5 batch:  110 region_loss:  4.0 4.0 loc_loss:  0.6422930908203125 reward_loss:  -32.11454772949219
epoch:  5 batch:  120 region_loss:  5.0 5.0 loc_loss:  0.7882464599609375 reward_loss:  -39.41236114501953
epoch:  5 batch:  130 region_loss:  7.0 7.0 loc_loss:  1.1042130279541016 reward_loss:  -55.21041488647461
acc@1:  0.06067732831608655
epoch: 5 region loss 0.17051094890510948 loc loss 1.317979107877634 reward loss -65.89890825313373
epoch:  6 batch:  0 region_loss:  10.0 10.0 loc_loss:  1.5362997436523438 reward_loss:  -76.81498718261719
epoch:  6 batch:  10 region_loss:  10.0 10.0 loc_loss:  1.5359007263183593 reward_loss:  -76.79503631591797
epoch:  6 batch:  20 region_loss:  10.0 10.0 loc_loss:  1.4468223571777343 reward_loss:  -72.34104919433594
epoch:  6 batch:  30 region_loss:  10.0 10.0 loc_loss:  1.5337350463867188 reward_loss:  -76.68694305419922
epoch:  6 batch:  40 region_loss:  10.0 10.0 loc_loss:  1.4738267517089845 reward_loss:  -73.69132995605469
epoch:  6 batch:  50 region_loss:  10.0 10.0 loc_loss:  1.522864532470703 reward_loss:  -76.14334869384766
epoch:  6 batch:  60 region_loss:  10.0 10.0 loc_loss:  1.5164277648925781 reward_loss:  -75.82139587402344
epoch:  6 batch:  70 region_loss:  10.0 10.0 loc_loss:  1.5064468383789062 reward_loss:  -75.3218765258789
epoch:  6 batch:  80 region_loss:  10.0 10.0 loc_loss:  1.5080564880371095 reward_loss:  -75.40284729003906
epoch:  6 batch:  90 region_loss:  6.0 6.0 loc_loss:  0.9139704895019531 reward_loss:  -45.69879913330078
epoch:  6 batch:  100 region_loss:  8.0 8.0 loc_loss:  1.1879641723632812 reward_loss:  -59.39878463745117
epoch:  6 batch:  110 region_loss:  4.0 4.0 loc_loss:  0.623333396911621 reward_loss:  -31.166790008544922
epoch:  6 batch:  120 region_loss:  5.0 5.0 loc_loss:  0.7597399139404297 reward_loss:  -37.98772430419922
epoch:  6 batch:  130 region_loss:  7.0 7.0 loc_loss:  1.066887664794922 reward_loss:  -53.34445571899414
acc@1:  0.07431796801505174
epoch: 6 region loss 0.17051094890510948 loc loss 1.2658849267889984 reward loss -63.29425690643979
epoch:  7 batch:  0 region_loss:  10.0 10.0 loc_loss:  1.475618896484375 reward_loss:  -73.78086853027344
epoch:  7 batch:  10 region_loss:  10.0 10.0 loc_loss:  1.4803221130371094 reward_loss:  -74.01609802246094
epoch:  7 batch:  20 region_loss:  10.0 10.0 loc_loss:  1.3784693908691406 reward_loss:  -68.92346954345703
epoch:  7 batch:  30 region_loss:  10.0 10.0 loc_loss:  1.470166015625 reward_loss:  -73.50833892822266
epoch:  7 batch:  40 region_loss:  10.0 10.0 loc_loss:  1.4193600463867186 reward_loss:  -70.968017578125
epoch:  7 batch:  50 region_loss:  10.0 10.0 loc_loss:  1.4564105224609376 reward_loss:  -72.82051849365234
epoch:  7 batch:  60 region_loss:  10.0 10.0 loc_loss:  1.4566607666015625 reward_loss:  -72.83311462402344
epoch:  7 batch:  70 region_loss:  10.0 10.0 loc_loss:  1.440350799560547 reward_loss:  -72.0175552368164
epoch:  7 batch:  80 region_loss:  10.0 10.0 loc_loss:  1.4494041442871093 reward_loss:  -72.47019958496094
epoch:  7 batch:  90 region_loss:  6.0 6.0 loc_loss:  0.8812278747558594 reward_loss:  -44.06138229370117
epoch:  7 batch:  100 region_loss:  8.0 8.0 loc_loss:  1.1332814025878906 reward_loss:  -56.664093017578125
epoch:  7 batch:  110 region_loss:  4.0 4.0 loc_loss:  0.6034331512451172 reward_loss:  -30.17166519165039
epoch:  7 batch:  120 region_loss:  5.0 5.0 loc_loss:  0.7291978454589844 reward_loss:  -36.45988464355469
epoch:  7 batch:  130 region_loss:  7.0 7.0 loc_loss:  1.02708984375 reward_loss:  -51.354522705078125
acc@1:  0.08513640639698965
epoch: 7 region loss 0.17051094890510948 loc loss 1.2106417222962762 reward loss -60.53207350125278
epoch:  8 batch:  0 region_loss:  10.0 10.0 loc_loss:  1.409622802734375 reward_loss:  -70.48115539550781
epoch:  8 batch:  10 region_loss:  10.0 10.0 loc_loss:  1.4192390441894531 reward_loss:  -70.9619369506836
epoch:  8 batch:  20 region_loss:  10.0 10.0 loc_loss:  1.30725341796875 reward_loss:  -65.3626708984375
epoch:  8 batch:  30 region_loss:  10.0 10.0 loc_loss:  1.4024250793457032 reward_loss:  -70.12137603759766
epoch:  8 batch:  40 region_loss:  10.0 10.0 loc_loss:  1.3646830749511718 reward_loss:  -68.2341537475586
epoch:  8 batch:  50 region_loss:  10.0 10.0 loc_loss:  1.385968017578125 reward_loss:  -69.29840087890625
epoch:  8 batch:  60 region_loss:  10.0 10.0 loc_loss:  1.39364013671875 reward_loss:  -69.6820068359375
epoch:  8 batch:  70 region_loss:  10.0 10.0 loc_loss:  1.3702174377441407 reward_loss:  -68.51085662841797
epoch:  8 batch:  80 region_loss:  10.0 10.0 loc_loss:  1.3887332153320313 reward_loss:  -69.4366683959961
epoch:  8 batch:  90 region_loss:  6.0 6.0 loc_loss:  0.8472077178955079 reward_loss:  -42.36034393310547
epoch:  8 batch:  100 region_loss:  8.0 8.0 loc_loss:  1.0752668762207032 reward_loss:  -53.763389587402344
epoch:  8 batch:  110 region_loss:  4.0 4.0 loc_loss:  0.5826908493041992 reward_loss:  -29.134536743164062
epoch:  8 batch:  120 region_loss:  5.0 5.0 loc_loss:  0.6972357177734375 reward_loss:  -34.861778259277344
epoch:  8 batch:  130 region_loss:  7.0 7.0 loc_loss:  0.9853330993652344 reward_loss:  -49.26667022705078
acc@1:  0.09783631232361242
epoch: 8 region loss 0.17051094890510948 loc loss 1.1531684700067897 reward loss -57.65841705433644
epoch:  9 batch:  0 region_loss:  10.0 10.0 loc_loss:  1.339603729248047 reward_loss:  -66.9802017211914
epoch:  9 batch:  10 region_loss:  10.0 10.0 loc_loss:  1.3536775207519531 reward_loss:  -67.68386840820312
epoch:  9 batch:  20 region_loss:  10.0 10.0 loc_loss:  1.2353512573242187 reward_loss:  -61.76755905151367
epoch:  9 batch:  30 region_loss:  10.0 10.0 loc_loss:  1.3312904357910156 reward_loss:  -66.56452941894531
epoch:  9 batch:  40 region_loss:  10.0 10.0 loc_loss:  1.3100723266601562 reward_loss:  -65.50361633300781
epoch:  9 batch:  50 region_loss:  10.0 10.0 loc_loss:  1.31233642578125 reward_loss:  -65.61681365966797
epoch:  9 batch:  60 region_loss:  10.0 10.0 loc_loss:  1.3289756774902344 reward_loss:  -66.44876098632812
epoch:  9 batch:  70 region_loss:  10.0 10.0 loc_loss:  1.2970974731445313 reward_loss:  -64.85487365722656
epoch:  9 batch:  80 region_loss:  10.0 10.0 loc_loss:  1.3277497863769532 reward_loss:  -66.38748168945312
epoch:  9 batch:  90 region_loss:  6.0 6.0 loc_loss:  0.8123823547363281 reward_loss:  -40.619136810302734
epoch:  9 batch:  100 region_loss:  8.0 8.0 loc_loss:  1.0156178283691406 reward_loss:  -50.780906677246094
epoch:  9 batch:  110 region_loss:  4.0 4.0 loc_loss:  0.5612023162841797 reward_loss:  -28.06012535095215
epoch:  9 batch:  120 region_loss:  5.0 5.0 loc_loss:  0.6645679473876953 reward_loss:  -33.2283935546875
epoch:  9 batch:  130 region_loss:  7.0 7.0 loc_loss:  0.9422416687011719 reward_loss:  -47.11207962036133
acc@1:  0.10912511759172154
epoch: 9 region loss 0.17051094890510948 loc loss 1.0948385712004056 reward loss -54.7419299104788
epoch:  10 batch:  0 region_loss:  10.0 10.0 loc_loss:  1.2670100402832032 reward_loss:  -63.350521087646484
epoch:  10 batch:  10 region_loss:  10.0 10.0 loc_loss:  1.2852304077148438 reward_loss:  -64.26152038574219
epoch:  10 batch:  20 region_loss:  10.0 10.0 loc_loss:  1.1650483703613281 reward_loss:  -58.25241470336914
epoch:  10 batch:  30 region_loss:  10.0 10.0 loc_loss:  1.2585111999511718 reward_loss:  -62.92555236816406
epoch:  10 batch:  40 region_loss:  10.0 10.0 loc_loss:  1.2555763244628906 reward_loss:  -62.778831481933594
epoch:  10 batch:  50 region_loss:  10.0 10.0 loc_loss:  1.23700927734375 reward_loss:  -61.850486755371094
epoch:  10 batch:  60 region_loss:  10.0 10.0 loc_loss:  1.2643466949462892 reward_loss:  -63.21733474731445
epoch:  10 batch:  70 region_loss:  10.0 10.0 loc_loss:  1.2231404876708984 reward_loss:  -61.157020568847656
epoch:  10 batch:  80 region_loss:  10.0 10.0 loc_loss:  1.2681900787353515 reward_loss:  -63.40953063964844
epoch:  10 batch:  90 region_loss:  6.0 6.0 loc_loss:  0.7772183227539062 reward_loss:  -38.86085891723633
epoch:  10 batch:  100 region_loss:  8.0 8.0 loc_loss:  0.9564337921142578 reward_loss:  -47.821685791015625
epoch:  10 batch:  110 region_loss:  4.0 4.0 loc_loss:  0.5391718292236328 reward_loss:  -26.958593368530273
epoch:  10 batch:  120 region_loss:  5.0 5.0 loc_loss:  0.6318581008911133 reward_loss:  -31.592910766601562
epoch:  10 batch:  130 region_loss:  7.0 7.0 loc_loss:  0.8987845611572266 reward_loss:  -44.939239501953125
acc@1:  0.11712135465663218
epoch: 10 region loss 0.17051094890510948 loc loss 1.037069794313751 reward loss -51.85348429993121
epoch:  11 batch:  0 region_loss:  10.0 10.0 loc_loss:  1.194113540649414 reward_loss:  -59.705684661865234
epoch:  11 batch:  10 region_loss:  10.0 10.0 loc_loss:  1.2159123992919922 reward_loss:  -60.795623779296875
epoch:  11 batch:  20 region_loss:  10.0 10.0 loc_loss:  1.0976302337646484 reward_loss:  -54.8814811706543
epoch:  11 batch:  30 region_loss:  10.0 10.0 loc_loss:  1.186122589111328 reward_loss:  -59.30611801147461
epoch:  11 batch:  40 region_loss:  10.0 10.0 loc_loss:  1.2016180419921876 reward_loss:  -60.08090591430664
epoch:  11 batch:  50 region_loss:  10.0 10.0 loc_loss:  1.1621029663085938 reward_loss:  -58.10515594482422
epoch:  11 batch:  60 region_loss:  10.0 10.0 loc_loss:  1.200841522216797 reward_loss:  -60.042083740234375
epoch:  11 batch:  70 region_loss:  10.0 10.0 loc_loss:  1.15114990234375 reward_loss:  -57.557491302490234
epoch:  11 batch:  80 region_loss:  10.0 10.0 loc_loss:  1.2108682250976563 reward_loss:  -60.54340744018555
epoch:  11 batch:  90 region_loss:  6.0 6.0 loc_loss:  0.7421915435791016 reward_loss:  -37.10954284667969
epoch:  11 batch:  100 region_loss:  8.0 8.0 loc_loss:  0.8996494293212891 reward_loss:  -44.98247146606445
epoch:  11 batch:  110 region_loss:  4.0 4.0 loc_loss:  0.5167432022094727 reward_loss:  -25.8371524810791
epoch:  11 batch:  120 region_loss:  5.0 5.0 loc_loss:  0.59974853515625 reward_loss:  -29.987226486206055
epoch:  11 batch:  130 region_loss:  7.0 7.0 loc_loss:  0.8559532928466796 reward_loss:  -42.79766082763672
acc@1:  0.1251175917215428
epoch: 11 region loss 0.17051094890510948 loc loss 0.9810977465218872 reward loss -49.05488363669737
epoch:  12 batch:  0 region_loss:  10.0 10.0 loc_loss:  1.1233583068847657 reward_loss:  -56.167903900146484
epoch:  12 batch:  10 region_loss:  10.0 10.0 loc_loss:  1.1478623962402343 reward_loss:  -57.39311218261719
epoch:  12 batch:  20 region_loss:  10.0 10.0 loc_loss:  1.0337210845947267 reward_loss:  -51.686058044433594
epoch:  12 batch:  30 region_loss:  10.0 10.0 loc_loss:  1.116048583984375 reward_loss:  -55.80242156982422
epoch:  12 batch:  40 region_loss:  10.0 10.0 loc_loss:  1.1488947296142578 reward_loss:  -57.44473648071289
epoch:  12 batch:  50 region_loss:  10.0 10.0 loc_loss:  1.0900494384765624 reward_loss:  -54.502471923828125
epoch:  12 batch:  60 region_loss:  10.0 10.0 loc_loss:  1.139010009765625 reward_loss:  -56.950496673583984
epoch:  12 batch:  70 region_loss:  10.0 10.0 loc_loss:  1.0835382843017578 reward_loss:  -54.17691421508789
epoch:  12 batch:  80 region_loss:  10.0 10.0 loc_loss:  1.1558108520507813 reward_loss:  -57.79054260253906
epoch:  12 batch:  90 region_loss:  6.0 6.0 loc_loss:  0.707899169921875 reward_loss:  -35.39495849609375
epoch:  12 batch:  100 region_loss:  8.0 8.0 loc_loss:  0.8465385437011719 reward_loss:  -42.327110290527344
epoch:  12 batch:  110 region_loss:  4.0 4.0 loc_loss:  0.4941097259521484 reward_loss:  -24.705486297607422
epoch:  12 batch:  120 region_loss:  5.0 5.0 loc_loss:  0.5687772369384766 reward_loss:  -28.438861846923828
epoch:  12 batch:  130 region_loss:  7.0 7.0 loc_loss:  0.8145521545410156 reward_loss:  -40.72761154174805
acc@1:  0.1284101599247413
epoch: 12 region loss 0.17051094890510948 loc loss 0.9278450012207031 reward loss -46.392250520469496
epoch:  13 batch:  0 region_loss:  10.0 10.0 loc_loss:  1.056828155517578 reward_loss:  -52.841400146484375
epoch:  13 batch:  10 region_loss:  10.0 10.0 loc_loss:  1.0827901458740234 reward_loss:  -54.139503479003906
epoch:  13 batch:  20 region_loss:  10.0 10.0 loc_loss:  0.973870849609375 reward_loss:  -48.69354248046875
epoch:  13 batch:  30 region_loss:  10.0 10.0 loc_loss:  1.049761505126953 reward_loss:  -52.48807144165039
epoch:  13 batch:  40 region_loss:  10.0 10.0 loc_loss:  1.098314208984375 reward_loss:  -54.915706634521484
epoch:  13 batch:  50 region_loss:  10.0 10.0 loc_loss:  1.022945022583008 reward_loss:  -51.14725112915039
epoch:  13 batch:  60 region_loss:  10.0 10.0 loc_loss:  1.0796030426025391 reward_loss:  -53.98015594482422
epoch:  13 batch:  70 region_loss:  10.0 10.0 loc_loss:  1.0214005279541016 reward_loss:  -51.07001876831055
epoch:  13 batch:  80 region_loss:  10.0 10.0 loc_loss:  1.1030256652832031 reward_loss:  -55.15129089355469
epoch:  13 batch:  90 region_loss:  6.0 6.0 loc_loss:  0.6748588562011719 reward_loss:  -33.742942810058594
epoch:  13 batch:  100 region_loss:  8.0 8.0 loc_loss:  0.7978358459472656 reward_loss:  -39.89178466796875
epoch:  13 batch:  110 region_loss:  4.0 4.0 loc_loss:  0.47154041290283205 reward_loss:  -23.577022552490234
epoch:  13 batch:  120 region_loss:  5.0 5.0 loc_loss:  0.5392735290527344 reward_loss:  -26.96367645263672
epoch:  13 batch:  130 region_loss:  7.0 7.0 loc_loss:  0.7751264953613282 reward_loss:  -38.756324768066406
acc@1:  0.1359360301034807
epoch: 13 region loss 0.17051094890510948 loc loss 0.877930315672046 reward loss -43.89651558869077
epoch:  14 batch:  0 region_loss:  10.0 10.0 loc_loss:  0.9955387878417968 reward_loss:  -49.776939392089844
epoch:  14 batch:  10 region_loss:  10.0 10.0 loc_loss:  1.0219402313232422 reward_loss:  -51.09701919555664
epoch:  14 batch:  20 region_loss:  10.0 10.0 loc_loss:  0.9184977722167968 reward_loss:  -45.924888610839844
epoch:  14 batch:  30 region_loss:  10.0 10.0 loc_loss:  0.988232421875 reward_loss:  -49.41162109375
epoch:  14 batch:  40 region_loss:  10.0 10.0 loc_loss:  1.0506951141357421 reward_loss:  -52.534751892089844
epoch:  14 batch:  50 region_loss:  10.0 10.0 loc_loss:  0.9618440246582032 reward_loss:  -48.09219741821289
epoch:  14 batch:  60 region_loss:  10.0 10.0 loc_loss:  1.0234696960449219 reward_loss:  -51.1734733581543
epoch:  14 batch:  70 region_loss:  10.0 10.0 loc_loss:  0.9646565246582032 reward_loss:  -48.232051849365234
epoch:  14 batch:  80 region_loss:  10.0 10.0 loc_loss:  1.052664566040039 reward_loss:  -52.63322067260742
epoch:  14 batch:  90 region_loss:  6.0 6.0 loc_loss:  0.6434257507324219 reward_loss:  -32.17127227783203
epoch:  14 batch:  100 region_loss:  8.0 8.0 loc_loss:  0.753731460571289 reward_loss:  -37.68656921386719
epoch:  14 batch:  110 region_loss:  4.0 4.0 loc_loss:  0.4493449783325195 reward_loss:  -22.467247009277344
epoch:  14 batch:  120 region_loss:  5.0 5.0 loc_loss:  0.5112680053710937 reward_loss:  -25.56340217590332
epoch:  14 batch:  130 region_loss:  7.0 7.0 loc_loss:  0.7379976654052735 reward_loss:  -36.899864196777344
acc@1:  0.13687676387582315
epoch: 14 region loss 0.17051094890510948 loc loss 0.8316688044749907 reward loss -41.58343419541408
epoch:  15 batch:  0 region_loss:  10.0 10.0 loc_loss:  0.9395803833007812 reward_loss:  -46.979026794433594
epoch:  15 batch:  10 region_loss:  10.0 10.0 loc_loss:  0.9661296081542968 reward_loss:  -48.306480407714844
epoch:  15 batch:  20 region_loss:  10.0 10.0 loc_loss:  0.8678083801269532 reward_loss:  -43.390419006347656
epoch:  15 batch:  30 region_loss:  10.0 10.0 loc_loss:  0.9317638397216796 reward_loss:  -46.588191986083984
epoch:  15 batch:  40 region_loss:  10.0 10.0 loc_loss:  1.006453094482422 reward_loss:  -50.322662353515625
epoch:  15 batch:  50 region_loss:  10.0 10.0 loc_loss:  0.9067837524414063 reward_loss:  -45.33919143676758
epoch:  15 batch:  60 region_loss:  10.0 10.0 loc_loss:  0.9709841918945312 reward_loss:  -48.54920196533203
epoch:  15 batch:  70 region_loss:  10.0 10.0 loc_loss:  0.9127175903320313 reward_loss:  -45.6358757019043
epoch:  15 batch:  80 region_loss:  10.0 10.0 loc_loss:  1.0049275970458984 reward_loss:  -50.24637222290039
epoch:  15 batch:  90 region_loss:  6.0 6.0 loc_loss:  0.6137709045410156 reward_loss:  -30.68854522705078
epoch:  15 batch:  100 region_loss:  8.0 8.0 loc_loss:  0.7138981628417969 reward_loss:  -35.69491195678711
epoch:  15 batch:  110 region_loss:  4.0 4.0 loc_loss:  0.42780372619628904 reward_loss:  -21.39018440246582
epoch:  15 batch:  120 region_loss:  5.0 5.0 loc_loss:  0.48468780517578125 reward_loss:  -24.234386444091797
epoch:  15 batch:  130 region_loss:  7.0 7.0 loc_loss:  0.7032893371582031 reward_loss:  -35.16447067260742
acc@1:  0.13640639698965193
epoch: 15 region loss 0.17051094890510948 loc loss 0.7890834552180158 reward loss -39.454171633198314
epoch:  16 batch:  0 region_loss:  10.0 10.0 loc_loss:  0.8885560607910157 reward_loss:  -44.42778778076172
epoch:  16 batch:  10 region_loss:  10.0 10.0 loc_loss:  0.9154254150390625 reward_loss:  -45.771270751953125
epoch:  16 batch:  20 region_loss:  10.0 10.0 loc_loss:  0.8217604064941406 reward_loss:  -41.088016510009766
epoch:  16 batch:  30 region_loss:  10.0 10.0 loc_loss:  0.8802340698242187 reward_loss:  -44.01170349121094
epoch:  16 batch:  40 region_loss:  10.0 10.0 loc_loss:  0.9655589294433594 reward_loss:  -48.277950286865234
epoch:  16 batch:  50 region_loss:  10.0 10.0 loc_loss:  0.8572731018066406 reward_loss:  -42.86365509033203
epoch:  16 batch:  60 region_loss:  10.0 10.0 loc_loss:  0.9219520568847657 reward_loss:  -46.09760284423828
epoch:  16 batch:  70 region_loss:  10.0 10.0 loc_loss:  0.8652188873291016 reward_loss:  -43.260948181152344
epoch:  16 batch:  80 region_loss:  10.0 10.0 loc_loss:  0.9599395751953125 reward_loss:  -47.996978759765625
epoch:  16 batch:  90 region_loss:  6.0 6.0 loc_loss:  0.585908203125 reward_loss:  -29.295408248901367
epoch:  16 batch:  100 region_loss:  8.0 8.0 loc_loss:  0.6777516174316406 reward_loss:  -33.88758087158203
epoch:  16 batch:  110 region_loss:  4.0 4.0 loc_loss:  0.4070944976806641 reward_loss:  -20.35472297668457
epoch:  16 batch:  120 region_loss:  5.0 5.0 loc_loss:  0.459463996887207 reward_loss:  -22.97319793701172
epoch:  16 batch:  130 region_loss:  7.0 7.0 loc_loss:  0.6709435272216797 reward_loss:  -33.547176361083984
acc@1:  0.13828786453433678
epoch: 16 region loss 0.17051094890510948 loc loss 0.749966866430575 reward loss -37.49834234697105
epoch:  17 batch:  0 region_loss:  10.0 10.0 loc_loss:  0.8418809509277344 reward_loss:  -42.09404373168945
epoch:  17 batch:  10 region_loss:  10.0 10.0 loc_loss:  0.869244384765625 reward_loss:  -43.46221923828125
epoch:  17 batch:  20 region_loss:  10.0 10.0 loc_loss:  0.7800486755371093 reward_loss:  -39.00243377685547
epoch:  17 batch:  30 region_loss:  10.0 10.0 loc_loss:  0.8333113861083984 reward_loss:  -41.665565490722656
epoch:  17 batch:  40 region_loss:  10.0 10.0 loc_loss:  0.9276856994628906 reward_loss:  -46.38427734375
epoch:  17 batch:  50 region_loss:  10.0 10.0 loc_loss:  0.8126971435546875 reward_loss:  -40.634864807128906
epoch:  17 batch:  60 region_loss:  10.0 10.0 loc_loss:  0.8759327697753906 reward_loss:  -43.79663848876953
epoch:  17 batch:  70 region_loss:  10.0 10.0 loc_loss:  0.821737060546875 reward_loss:  -41.086849212646484
epoch:  17 batch:  80 region_loss:  10.0 10.0 loc_loss:  0.9176717376708985 reward_loss:  -45.883583068847656
epoch:  17 batch:  90 region_loss:  6.0 6.0 loc_loss:  0.5597285461425782 reward_loss:  -27.986427307128906
epoch:  17 batch:  100 region_loss:  8.0 8.0 loc_loss:  0.6446929931640625 reward_loss:  -32.23464584350586
epoch:  17 batch:  110 region_loss:  4.0 4.0 loc_loss:  0.3872931289672852 reward_loss:  -19.36465835571289
epoch:  17 batch:  120 region_loss:  5.0 5.0 loc_loss:  0.43553695678710935 reward_loss:  -21.7768497467041
epoch:  17 batch:  130 region_loss:  7.0 7.0 loc_loss:  0.6407518005371093 reward_loss:  -32.03759002685547
acc@1:  0.13687676387582315
epoch: 17 region loss 0.17051094890510948 loc loss 0.713975176846024 reward loss -35.69875589774473
epoch:  18 batch:  0 region_loss:  10.0 10.0 loc_loss:  0.7989559936523437 reward_loss:  -39.94779586791992
epoch:  18 batch:  10 region_loss:  10.0 10.0 loc_loss:  0.8268728637695313 reward_loss:  -41.34364318847656
epoch:  18 batch:  20 region_loss:  10.0 10.0 loc_loss:  0.7421981811523437 reward_loss:  -37.10991287231445
epoch:  18 batch:  30 region_loss:  10.0 10.0 loc_loss:  0.7904509735107422 reward_loss:  -39.522552490234375
epoch:  18 batch:  40 region_loss:  10.0 10.0 loc_loss:  0.8923731994628906 reward_loss:  -44.6186637878418
epoch:  18 batch:  50 region_loss:  10.0 10.0 loc_loss:  0.7724395751953125 reward_loss:  -38.621978759765625
epoch:  18 batch:  60 region_loss:  10.0 10.0 loc_loss:  0.8325218963623047 reward_loss:  -41.626094818115234
epoch:  18 batch:  70 region_loss:  10.0 10.0 loc_loss:  0.7818531036376953 reward_loss:  -39.092655181884766
epoch:  18 batch:  80 region_loss:  10.0 10.0 loc_loss:  0.8779141998291016 reward_loss:  -43.89570999145508
epoch:  18 batch:  90 region_loss:  6.0 6.0 loc_loss:  0.5350601577758789 reward_loss:  -26.75300407409668
epoch:  18 batch:  100 region_loss:  8.0 8.0 loc_loss:  0.614190444946289 reward_loss:  -30.709522247314453
epoch:  18 batch:  110 region_loss:  4.0 4.0 loc_loss:  0.3684193420410156 reward_loss:  -18.420942306518555
epoch:  18 batch:  120 region_loss:  5.0 5.0 loc_loss:  0.41283145904541013 reward_loss:  -20.641569137573242
epoch:  18 batch:  130 region_loss:  7.0 7.0 loc_loss:  0.6124341583251953 reward_loss:  -30.621706008911133
acc@1:  0.13734713076199437
epoch: 18 region loss 0.17051094890510948 loc loss 0.6807164879958996 reward loss -34.035823613187695
epoch:  19 batch:  0 region_loss:  10.0 10.0 loc_loss:  0.759209976196289 reward_loss:  -37.96050262451172
epoch:  19 batch:  10 region_loss:  10.0 10.0 loc_loss:  0.7877433776855469 reward_loss:  -39.387176513671875
epoch:  19 batch:  20 region_loss:  10.0 10.0 loc_loss:  0.7077203369140626 reward_loss:  -35.38601303100586
epoch:  19 batch:  30 region_loss:  10.0 10.0 loc_loss:  0.7510417175292968 reward_loss:  -37.552085876464844
epoch:  19 batch:  40 region_loss:  10.0 10.0 loc_loss:  0.8591521453857421 reward_loss:  -42.95762634277344
epoch:  19 batch:  50 region_loss:  10.0 10.0 loc_loss:  0.7358867645263671 reward_loss:  -36.79433059692383
epoch:  19 batch:  60 region_loss:  10.0 10.0 loc_loss:  0.7914440155029296 reward_loss:  -39.572208404541016
epoch:  19 batch:  70 region_loss:  10.0 10.0 loc_loss:  0.745074462890625 reward_loss:  -37.25372314453125
epoch:  19 batch:  80 region_loss:  10.0 10.0 loc_loss:  0.8403315734863281 reward_loss:  -42.016578674316406
epoch:  19 batch:  90 region_loss:  6.0 6.0 loc_loss:  0.51171875 reward_loss:  -25.585939407348633
epoch:  19 batch:  100 region_loss:  8.0 8.0 loc_loss:  0.5857830429077149 reward_loss:  -29.289154052734375
epoch:  19 batch:  110 region_loss:  4.0 4.0 loc_loss:  0.35045543670654294 reward_loss:  -17.52277374267578
epoch:  19 batch:  120 region_loss:  5.0 5.0 loc_loss:  0.39125991821289063 reward_loss:  -19.5629940032959
epoch:  19 batch:  130 region_loss:  7.0 7.0 loc_loss:  0.5856973266601563 reward_loss:  -29.284866333007812
acc@1:  0.13781749764816556
epoch: 19 region loss 0.17051094890510948 loc loss 0.6498085780735434 reward loss -32.49042891063829
epoch:  20 batch:  0 region_loss:  10.0 10.0 loc_loss:  0.7221392822265625 reward_loss:  -36.10696029663086
epoch:  20 batch:  10 region_loss:  10.0 10.0 loc_loss:  0.751427001953125 reward_loss:  -37.57135009765625
epoch:  20 batch:  20 region_loss:  10.0 10.0 loc_loss:  0.6761785888671875 reward_loss:  -33.808929443359375
epoch:  20 batch:  30 region_loss:  10.0 10.0 loc_loss:  0.7145664978027344 reward_loss:  -35.72832489013672
epoch:  20 batch:  40 region_loss:  10.0 10.0 loc_loss:  0.827613754272461 reward_loss:  -41.38069152832031
epoch:  20 batch:  50 region_loss:  10.0 10.0 loc_loss:  0.702451171875 reward_loss:  -35.12255859375
epoch:  20 batch:  60 region_loss:  10.0 10.0 loc_loss:  0.7525413513183594 reward_loss:  -37.6270637512207
epoch:  20 batch:  70 region_loss:  10.0 10.0 loc_loss:  0.7109046936035156 reward_loss:  -35.54523468017578
epoch:  20 batch:  80 region_loss:  10.0 10.0 loc_loss:  0.8045818328857421 reward_loss:  -40.229087829589844
epoch:  20 batch:  90 region_loss:  6.0 6.0 loc_loss:  0.48954025268554685 reward_loss:  -24.477014541625977
epoch:  20 batch:  100 region_loss:  8.0 8.0 loc_loss:  0.5590879058837891 reward_loss:  -27.954395294189453
epoch:  20 batch:  110 region_loss:  4.0 4.0 loc_loss:  0.33336261749267576 reward_loss:  -16.66813087463379
epoch:  20 batch:  120 region_loss:  5.0 5.0 loc_loss:  0.3707435607910156 reward_loss:  -18.53717613220215
epoch:  20 batch:  130 region_loss:  7.0 7.0 loc_loss:  0.5602812576293945 reward_loss:  -28.01406478881836
acc@1:  0.13781749764816556
epoch: 20 region loss 0.17051094890510948 loc loss 0.6209090164630082 reward loss -31.045449855553844
epoch:  21 batch:  0 region_loss:  10.0 10.0 loc_loss:  0.6873464202880859 reward_loss:  -34.36732482910156
epoch:  21 batch:  10 region_loss:  10.0 10.0 loc_loss:  0.7175629425048828 reward_loss:  -35.87814712524414
epoch:  21 batch:  20 region_loss:  10.0 10.0 loc_loss:  0.6471672821044921 reward_loss:  -32.358360290527344
epoch:  21 batch:  30 region_loss:  10.0 10.0 loc_loss:  0.6806293487548828 reward_loss:  -34.031463623046875
epoch:  21 batch:  40 region_loss:  10.0 10.0 loc_loss:  0.7974458312988282 reward_loss:  -39.872291564941406
epoch:  21 batch:  50 region_loss:  10.0 10.0 loc_loss:  0.6715944671630859 reward_loss:  -33.57972717285156
epoch:  21 batch:  60 region_loss:  10.0 10.0 loc_loss:  0.7157185363769532 reward_loss:  -35.785926818847656
epoch:  21 batch:  70 region_loss:  10.0 10.0 loc_loss:  0.6789365386962891 reward_loss:  -33.94682693481445
epoch:  21 batch:  80 region_loss:  10.0 10.0 loc_loss:  0.7703978729248047 reward_loss:  -38.51988983154297
epoch:  21 batch:  90 region_loss:  6.0 6.0 loc_loss:  0.4683847427368164 reward_loss:  -23.419239044189453
epoch:  21 batch:  100 region_loss:  8.0 8.0 loc_loss:  0.5338096618652344 reward_loss:  -26.690479278564453
epoch:  21 batch:  110 region_loss:  4.0 4.0 loc_loss:  0.31707929611206054 reward_loss:  -15.853963851928711
epoch:  21 batch:  120 region_loss:  5.0 5.0 loc_loss:  0.35122352600097656 reward_loss:  -17.561176300048828
epoch:  21 batch:  130 region_loss:  7.0 7.0 loc_loss:  0.535981674194336 reward_loss:  -26.79908561706543
acc@1:  0.1359360301034807
epoch: 21 region loss 0.17051094890510948 loc loss 0.5937267037551769 reward loss -29.68633465175211
epoch:  22 batch:  0 region_loss:  10.0 10.0 loc_loss:  0.6545323181152344 reward_loss:  -32.72661590576172
epoch:  22 batch:  10 region_loss:  10.0 10.0 loc_loss:  0.6858326721191407 reward_loss:  -34.291629791259766
epoch:  22 batch:  20 region_loss:  10.0 10.0 loc_loss:  0.6202960586547852 reward_loss:  -31.014802932739258
epoch:  22 batch:  30 region_loss:  10.0 10.0 loc_loss:  0.6489120483398437 reward_loss:  -32.44560241699219
epoch:  22 batch:  40 region_loss:  10.0 10.0 loc_loss:  0.7684227752685547 reward_loss:  -38.421138763427734
epoch:  22 batch:  50 region_loss:  10.0 10.0 loc_loss:  0.6428481292724609 reward_loss:  -32.14240264892578
epoch:  22 batch:  60 region_loss:  10.0 10.0 loc_loss:  0.6808855438232422 reward_loss:  -34.044281005859375
epoch:  22 batch:  70 region_loss:  10.0 10.0 loc_loss:  0.6488811492919921 reward_loss:  -32.444053649902344
epoch:  22 batch:  80 region_loss:  10.0 10.0 loc_loss:  0.7375920867919922 reward_loss:  -36.87960433959961
epoch:  22 batch:  90 region_loss:  6.0 6.0 loc_loss:  0.44812679290771484 reward_loss:  -22.40633773803711
epoch:  22 batch:  100 region_loss:  8.0 8.0 loc_loss:  0.5097326278686524 reward_loss:  -25.486629486083984
epoch:  22 batch:  110 region_loss:  4.0 4.0 loc_loss:  0.30153331756591795 reward_loss:  -15.07666301727295
epoch:  22 batch:  120 region_loss:  5.0 5.0 loc_loss:  0.332661018371582 reward_loss:  -16.6330509185791
epoch:  22 batch:  130 region_loss:  7.0 7.0 loc_loss:  0.512650260925293 reward_loss:  -25.63251495361328
acc@1:  0.13452492944496708
epoch: 22 region loss 0.17051094890510948 loc loss 0.5680213439551582 reward loss -28.401067549294797
epoch:  23 batch:  0 region_loss:  10.0 10.0 loc_loss:  0.6234603881835937 reward_loss:  -31.173019409179688
epoch:  23 batch:  10 region_loss:  10.0 10.0 loc_loss:  0.6559574127197265 reward_loss:  -32.79787063598633
epoch:  23 batch:  20 region_loss:  10.0 10.0 loc_loss:  0.5952056121826171 reward_loss:  -29.76028060913086
epoch:  23 batch:  30 region_loss:  10.0 10.0 loc_loss:  0.6191412734985352 reward_loss:  -30.95706558227539
epoch:  23 batch:  40 region_loss:  10.0 10.0 loc_loss:  0.7403804016113281 reward_loss:  -37.019020080566406
epoch:  23 batch:  50 region_loss:  10.0 10.0 loc_loss:  0.6158287048339843 reward_loss:  -30.79143714904785
epoch:  23 batch:  60 region_loss:  10.0 10.0 loc_loss:  0.6479290771484375 reward_loss:  -32.396453857421875
epoch:  23 batch:  70 region_loss:  10.0 10.0 loc_loss:  0.6205261993408203 reward_loss:  -31.02630615234375
epoch:  23 batch:  80 region_loss:  10.0 10.0 loc_loss:  0.7060187530517578 reward_loss:  -35.30093765258789
epoch:  23 batch:  90 region_loss:  6.0 6.0 loc_loss:  0.4286513900756836 reward_loss:  -21.432571411132812
epoch:  23 batch:  100 region_loss:  8.0 8.0 loc_loss:  0.48669952392578125 reward_loss:  -24.334978103637695
epoch:  23 batch:  110 region_loss:  4.0 4.0 loc_loss:  0.2866486930847168 reward_loss:  -14.33243465423584
epoch:  23 batch:  120 region_loss:  5.0 5.0 loc_loss:  0.31502761840820315 reward_loss:  -15.751380920410156
epoch:  23 batch:  130 region_loss:  7.0 7.0 loc_loss:  0.4901822280883789 reward_loss:  -24.509113311767578
acc@1:  0.13452492944496708
epoch: 23 region loss 0.17051094890510948 loc loss 0.5435970309180935 reward loss -27.17985147629341
epoch:  24 batch:  0 region_loss:  10.0 10.0 loc_loss:  0.5939375686645508 reward_loss:  -29.696876525878906
epoch:  24 batch:  10 region_loss:  10.0 10.0 loc_loss:  0.6276957702636718 reward_loss:  -31.384788513183594
epoch:  24 batch:  20 region_loss:  10.0 10.0 loc_loss:  0.5715863037109375 reward_loss:  -28.57931900024414
epoch:  24 batch:  30 region_loss:  10.0 10.0 loc_loss:  0.59107177734375 reward_loss:  -29.553586959838867
epoch:  24 batch:  40 region_loss:  10.0 10.0 loc_loss:  0.7131954193115234 reward_loss:  -35.659767150878906
epoch:  24 batch:  50 region_loss:  10.0 10.0 loc_loss:  0.5902388381958008 reward_loss:  -29.51194190979004
epoch:  24 batch:  60 region_loss:  10.0 10.0 loc_loss:  0.6167092895507813 reward_loss:  -30.835460662841797
epoch:  24 batch:  70 region_loss:  10.0 10.0 loc_loss:  0.5936913681030274 reward_loss:  -29.6845645904541
epoch:  24 batch:  80 region_loss:  10.0 10.0 loc_loss:  0.6755546569824219 reward_loss:  -33.777732849121094
epoch:  24 batch:  90 region_loss:  6.0 6.0 loc_loss:  0.4098574829101562 reward_loss:  -20.492874145507812
epoch:  24 batch:  100 region_loss:  8.0 8.0 loc_loss:  0.4645928955078125 reward_loss:  -23.22964096069336
epoch:  24 batch:  110 region_loss:  4.0 4.0 loc_loss:  0.27235313415527346 reward_loss:  -13.617657661437988
epoch:  24 batch:  120 region_loss:  5.0 5.0 loc_loss:  0.298288631439209 reward_loss:  -14.914430618286133
epoch:  24 batch:  130 region_loss:  7.0 7.0 loc_loss:  0.46849884033203126 reward_loss:  -23.424942016601562
acc@1:  0.13358419567262464
epoch: 24 region loss 0.17051094890510948 loc loss 0.5202932124590351 reward loss -26.0146602122453
epoch:  25 batch:  0 region_loss:  10.0 10.0 loc_loss:  0.5658046722412109 reward_loss:  -28.290231704711914
epoch:  25 batch:  10 region_loss:  10.0 10.0 loc_loss:  0.6008367919921875 reward_loss:  -30.041839599609375
epoch:  25 batch:  20 region_loss:  10.0 10.0 loc_loss:  0.5491874694824219 reward_loss:  -27.459375381469727
epoch:  25 batch:  30 region_loss:  10.0 10.0 loc_loss:  0.5644758987426758 reward_loss:  -28.223793029785156
epoch:  25 batch:  40 region_loss:  10.0 10.0 loc_loss:  0.6867704772949219 reward_loss:  -34.338523864746094
epoch:  25 batch:  50 region_loss:  10.0 10.0 loc_loss:  0.5658517074584961 reward_loss:  -28.292583465576172
epoch:  25 batch:  60 region_loss:  10.0 10.0 loc_loss:  0.5870689010620117 reward_loss:  -29.353445053100586
epoch:  25 batch:  70 region_loss:  10.0 10.0 loc_loss:  0.5682079315185546 reward_loss:  -28.410400390625
epoch:  25 batch:  80 region_loss:  10.0 10.0 loc_loss:  0.646089096069336 reward_loss:  -32.3044548034668
epoch:  25 batch:  90 region_loss:  6.0 6.0 loc_loss:  0.391661491394043 reward_loss:  -19.58307647705078
epoch:  25 batch:  100 region_loss:  8.0 8.0 loc_loss:  0.4433164215087891 reward_loss:  -22.165822982788086
epoch:  25 batch:  110 region_loss:  4.0 4.0 loc_loss:  0.2585835075378418 reward_loss:  -12.92917537689209
epoch:  25 batch:  120 region_loss:  5.0 5.0 loc_loss:  0.2823930358886719 reward_loss:  -14.119650840759277
epoch:  25 batch:  130 region_loss:  7.0 7.0 loc_loss:  0.44753528594970704 reward_loss:  -22.37676429748535
acc@1:  0.13311382878645345
epoch: 25 region loss 0.17051094890510948 loc loss 0.4979757713401405 reward loss -24.89878836861492
epoch:  26 batch:  0 region_loss:  10.0 10.0 loc_loss:  0.5389290618896484 reward_loss:  -26.946453094482422
epoch:  26 batch:  10 region_loss:  10.0 10.0 loc_loss:  0.5751941299438477 reward_loss:  -28.759706497192383
epoch:  26 batch:  20 region_loss:  10.0 10.0 loc_loss:  0.5278132629394531 reward_loss:  -26.390663146972656
epoch:  26 batch:  30 region_loss:  10.0 10.0 loc_loss:  0.5391556930541992 reward_loss:  -26.95778465270996
epoch:  26 batch:  40 region_loss:  10.0 10.0 loc_loss:  0.6610260772705078 reward_loss:  -33.05130386352539
epoch:  26 batch:  50 region_loss:  10.0 10.0 loc_loss:  0.5424945831298829 reward_loss:  -27.124727249145508
epoch:  26 batch:  60 region_loss:  10.0 10.0 loc_loss:  0.5588482284545898 reward_loss:  -27.942411422729492
epoch:  26 batch:  70 region_loss:  10.0 10.0 loc_loss:  0.5439122009277344 reward_loss:  -27.195613861083984
epoch:  26 batch:  80 region_loss:  10.0 10.0 loc_loss:  0.6175220108032227 reward_loss:  -30.876096725463867
epoch:  26 batch:  90 region_loss:  6.0 6.0 loc_loss:  0.37400081634521487 reward_loss:  -18.700040817260742
epoch:  26 batch:  100 region_loss:  8.0 8.0 loc_loss:  0.422786750793457 reward_loss:  -21.13933753967285
epoch:  26 batch:  110 region_loss:  4.0 4.0 loc_loss:  0.245293025970459 reward_loss:  -12.264652252197266
epoch:  26 batch:  120 region_loss:  5.0 5.0 loc_loss:  0.26727394104003904 reward_loss:  -13.363697052001953
epoch:  26 batch:  130 region_loss:  7.0 7.0 loc_loss:  0.42723602294921875 reward_loss:  -21.361801147460938
acc@1:  0.13076199435559738
epoch: 26 region loss 0.17051094890510948 loc loss 0.4765316051288243 reward loss -23.826579890982078
epoch:  27 batch:  0 region_loss:  10.0 10.0 loc_loss:  0.5131981658935547 reward_loss:  -25.659908294677734
epoch:  27 batch:  10 region_loss:  10.0 10.0 loc_loss:  0.5506053543090821 reward_loss:  -27.5302677154541
epoch:  27 batch:  20 region_loss:  10.0 10.0 loc_loss:  0.5073130798339843 reward_loss:  -25.36565399169922
epoch:  27 batch:  30 region_loss:  10.0 10.0 loc_loss:  0.5149398803710937 reward_loss:  -25.746994018554688
epoch:  27 batch:  40 region_loss:  10.0 10.0 loc_loss:  0.6358998107910157 reward_loss:  -31.79499053955078
epoch:  27 batch:  50 region_loss:  10.0 10.0 loc_loss:  0.5200329971313477 reward_loss:  -26.001651763916016
epoch:  27 batch:  60 region_loss:  10.0 10.0 loc_loss:  0.5318962097167969 reward_loss:  -26.594812393188477
epoch:  27 batch:  70 region_loss:  10.0 10.0 loc_loss:  0.5206478881835938 reward_loss:  -26.032394409179688
epoch:  27 batch:  80 region_loss:  10.0 10.0 loc_loss:  0.5897689437866211 reward_loss:  -29.488445281982422
epoch:  27 batch:  90 region_loss:  6.0 6.0 loc_loss:  0.3568309020996094 reward_loss:  -17.84154510498047
epoch:  27 batch:  100 region_loss:  8.0 8.0 loc_loss:  0.40292987823486326 reward_loss:  -20.146495819091797
epoch:  27 batch:  110 region_loss:  4.0 4.0 loc_loss:  0.23245161056518554 reward_loss:  -11.622580528259277
epoch:  27 batch:  120 region_loss:  5.0 5.0 loc_loss:  0.25285699844360354 reward_loss:  -12.64284896850586
epoch:  27 batch:  130 region_loss:  7.0 7.0 loc_loss:  0.40755157470703124 reward_loss:  -20.377580642700195
acc@1:  0.12699905926622765
epoch: 27 region loss 0.17051094890510948 loc loss 0.45586577770483755 reward loss -22.793288805188922
epoch:  28 batch:  0 region_loss:  10.0 10.0 loc_loss:  0.4885107421875 reward_loss:  -24.425537109375
epoch:  28 batch:  10 region_loss:  10.0 10.0 loc_loss:  0.5269363021850586 reward_loss:  -26.346813201904297
epoch:  28 batch:  20 region_loss:  10.0 10.0 loc_loss:  0.4875697708129883 reward_loss:  -24.378488540649414
epoch:  28 batch:  30 region_loss:  10.0 10.0 loc_loss:  0.4916888427734375 reward_loss:  -24.58444595336914
epoch:  28 batch:  40 region_loss:  10.0 10.0 loc_loss:  0.6113435745239257 reward_loss:  -30.56717872619629
epoch:  28 batch:  50 region_loss:  10.0 10.0 loc_loss:  0.4983616638183594 reward_loss:  -24.918087005615234
epoch:  28 batch:  60 region_loss:  10.0 10.0 loc_loss:  0.5060809707641601 reward_loss:  -25.304048538208008
epoch:  28 batch:  70 region_loss:  10.0 10.0 loc_loss:  0.4982795333862305 reward_loss:  -24.913976669311523
epoch:  28 batch:  80 region_loss:  10.0 10.0 loc_loss:  0.5627648162841797 reward_loss:  -28.13823890686035
epoch:  28 batch:  90 region_loss:  6.0 6.0 loc_loss:  0.3401210403442383 reward_loss:  -17.006052017211914
epoch:  28 batch:  100 region_loss:  8.0 8.0 loc_loss:  0.38369140625 reward_loss:  -19.1845703125
epoch:  28 batch:  110 region_loss:  4.0 4.0 loc_loss:  0.22004125595092774 reward_loss:  -11.00206184387207
epoch:  28 batch:  120 region_loss:  5.0 5.0 loc_loss:  0.23907196044921875 reward_loss:  -11.953598022460938
epoch:  28 batch:  130 region_loss:  7.0 7.0 loc_loss:  0.3884463882446289 reward_loss:  -19.422317504882812
acc@1:  0.12605832549388524
epoch: 28 region loss 0.17051094890510948 loc loss 0.4358998625469904 reward loss -21.794992687058276
epoch:  29 batch:  0 region_loss:  10.0 10.0 loc_loss:  0.4647770309448242 reward_loss:  -23.23885154724121
epoch:  29 batch:  10 region_loss:  10.0 10.0 loc_loss:  0.504084358215332 reward_loss:  -25.20421600341797
epoch:  29 batch:  20 region_loss:  10.0 10.0 loc_loss:  0.46849449157714845 reward_loss:  -23.424724578857422
epoch:  29 batch:  30 region_loss:  10.0 10.0 loc_loss:  0.4692893600463867 reward_loss:  -23.464466094970703
epoch:  29 batch:  40 region_loss:  10.0 10.0 loc_loss:  0.5873139953613281 reward_loss:  -29.36569595336914
epoch:  29 batch:  50 region_loss:  10.0 10.0 loc_loss:  0.4773950958251953 reward_loss:  -23.869754791259766
epoch:  29 batch:  60 region_loss:  10.0 10.0 loc_loss:  0.4812923431396484 reward_loss:  -24.064620971679688
epoch:  29 batch:  70 region_loss:  10.0 10.0 loc_loss:  0.4766980743408203 reward_loss:  -23.834903717041016
epoch:  29 batch:  80 region_loss:  10.0 10.0 loc_loss:  0.536462287902832 reward_loss:  -26.8231143951416
epoch:  29 batch:  90 region_loss:  6.0 6.0 loc_loss:  0.3238513946533203 reward_loss:  -16.192569732666016
epoch:  29 batch:  100 region_loss:  8.0 8.0 loc_loss:  0.36503116607666014 reward_loss:  -18.251558303833008
epoch:  29 batch:  110 region_loss:  4.0 4.0 loc_loss:  0.2080521583557129 reward_loss:  -10.402606964111328
epoch:  29 batch:  120 region_loss:  5.0 5.0 loc_loss:  0.2258612632751465 reward_loss:  -11.293063163757324
epoch:  29 batch:  130 region_loss:  7.0 7.0 loc_loss:  0.36988937377929687 reward_loss:  -18.494468688964844
acc@1:  0.12323612417685795
epoch: 29 region loss 0.17051094890510948 loc loss 0.41657216371410954 reward loss -20.82860782024634
epoch:  30 batch:  0 region_loss:  10.0 10.0 loc_loss:  0.4419268035888672 reward_loss:  -22.09634017944336
epoch:  30 batch:  10 region_loss:  10.0 10.0 loc_loss:  0.48196510314941404 reward_loss:  -24.098255157470703
epoch:  30 batch:  20 region_loss:  10.0 10.0 loc_loss:  0.4500115203857422 reward_loss:  -22.50057601928711
epoch:  30 batch:  30 region_loss:  10.0 10.0 loc_loss:  0.4476615905761719 reward_loss:  -22.383079528808594
epoch:  30 batch:  40 region_loss:  10.0 10.0 loc_loss:  0.5637822723388672 reward_loss:  -28.189109802246094
epoch:  30 batch:  50 region_loss:  10.0 10.0 loc_loss:  0.45706172943115236 reward_loss:  -22.853086471557617
epoch:  30 batch:  60 region_loss:  10.0 10.0 loc_loss:  0.4574420166015625 reward_loss:  -22.872098922729492
epoch:  30 batch:  70 region_loss:  10.0 10.0 loc_loss:  0.45582275390625 reward_loss:  -22.79113006591797
epoch:  30 batch:  80 region_loss:  10.0 10.0 loc_loss:  0.5108290100097657 reward_loss:  -25.54144859313965
epoch:  30 batch:  90 region_loss:  6.0 6.0 loc_loss:  0.3080141067504883 reward_loss:  -15.400703430175781
epoch:  30 batch:  100 region_loss:  8.0 8.0 loc_loss:  0.3469381332397461 reward_loss:  -17.346904754638672
epoch:  30 batch:  110 region_loss:  4.0 4.0 loc_loss:  0.19648778915405274 reward_loss:  -9.82438850402832
epoch:  30 batch:  120 region_loss:  5.0 5.0 loc_loss:  0.2131842041015625 reward_loss:  -10.659210205078125
epoch:  30 batch:  130 region_loss:  7.0 7.0 loc_loss:  0.3518703079223633 reward_loss:  -17.593517303466797
acc@1:  0.12088428974600188
epoch: 30 region loss 0.17051094890510948 loc loss 0.39783414165468983 reward loss -19.891706866939572
epoch:  31 batch:  0 region_loss:  10.0 10.0 loc_loss:  0.4198949432373047 reward_loss:  -20.994747161865234
epoch:  31 batch:  10 region_loss:  10.0 10.0 loc_loss:  0.46051918029785155 reward_loss:  -23.025955200195312
epoch:  31 batch:  20 region_loss:  10.0 10.0 loc_loss:  0.4320711898803711 reward_loss:  -21.603559494018555
epoch:  31 batch:  30 region_loss:  10.0 10.0 loc_loss:  0.42673320770263673 reward_loss:  -21.336660385131836
epoch:  31 batch:  40 region_loss:  10.0 10.0 loc_loss:  0.5407096099853516 reward_loss:  -27.03548240661621
epoch:  31 batch:  50 region_loss:  10.0 10.0 loc_loss:  0.43729469299316404 reward_loss:  -21.864734649658203
epoch:  31 batch:  60 region_loss:  10.0 10.0 loc_loss:  0.43445175170898437 reward_loss:  -21.72258758544922
epoch:  31 batch:  70 region_loss:  10.0 10.0 loc_loss:  0.4355813980102539 reward_loss:  -21.779069900512695
epoch:  31 batch:  80 region_loss:  10.0 10.0 loc_loss:  0.48584136962890623 reward_loss:  -24.292068481445312
epoch:  31 batch:  90 region_loss:  6.0 6.0 loc_loss:  0.29259864807128905 reward_loss:  -14.62993049621582
epoch:  31 batch:  100 region_loss:  8.0 8.0 loc_loss:  0.32938560485839846 reward_loss:  -16.46927833557129
epoch:  31 batch:  110 region_loss:  4.0 4.0 loc_loss:  0.18533552169799805 reward_loss:  -9.266775131225586
epoch:  31 batch:  120 region_loss:  5.0 5.0 loc_loss:  0.20101057052612303 reward_loss:  -10.050529479980469
epoch:  31 batch:  130 region_loss:  7.0 7.0 loc_loss:  0.334349479675293 reward_loss:  -16.717472076416016
acc@1:  0.11900282220131703
epoch: 31 region loss 0.17051094890510948 loc loss 0.37965463485160883 reward loss -18.98273182959452
epoch:  32 batch:  0 region_loss:  10.0 10.0 loc_loss:  0.39865264892578123 reward_loss:  -19.932632446289062
epoch:  32 batch:  10 region_loss:  10.0 10.0 loc_loss:  0.43969261169433593 reward_loss:  -21.984630584716797
epoch:  32 batch:  20 region_loss:  10.0 10.0 loc_loss:  0.4146226119995117 reward_loss:  -20.731130599975586
epoch:  32 batch:  30 region_loss:  10.0 10.0 loc_loss:  0.4064862823486328 reward_loss:  -20.324317932128906
epoch:  32 batch:  40 region_loss:  10.0 10.0 loc_loss:  0.5181046295166015 reward_loss:  -25.90523338317871
epoch:  32 batch:  50 region_loss:  10.0 10.0 loc_loss:  0.4180606460571289 reward_loss:  -20.903032302856445
epoch:  32 batch:  60 region_loss:  10.0 10.0 loc_loss:  0.4122805404663086 reward_loss:  -20.61402702331543
epoch:  32 batch:  70 region_loss:  10.0 10.0 loc_loss:  0.41595054626464845 reward_loss:  -20.797529220581055
epoch:  32 batch:  80 region_loss:  10.0 10.0 loc_loss:  0.461507682800293 reward_loss:  -23.07538414001465
epoch:  32 batch:  90 region_loss:  6.0 6.0 loc_loss:  0.2776004791259766 reward_loss:  -13.880023956298828
epoch:  32 batch:  100 region_loss:  8.0 8.0 loc_loss:  0.31244319915771485 reward_loss:  -15.622159957885742
epoch:  32 batch:  110 region_loss:  4.0 4.0 loc_loss:  0.17461688995361327 reward_loss:  -8.730844497680664
epoch:  32 batch:  120 region_loss:  5.0 5.0 loc_loss:  0.1893272018432617 reward_loss:  -9.466360092163086
epoch:  32 batch:  130 region_loss:  7.0 7.0 loc_loss:  0.317375431060791 reward_loss:  -15.868769645690918
acc@1:  0.11759172154280338
epoch: 32 region loss 0.17051094890510948 loc loss 0.36200560211265176 reward loss -18.100280023839353
epoch:  33 batch:  0 region_loss:  10.0 10.0 loc_loss:  0.3781439208984375 reward_loss:  -18.907196044921875
epoch:  33 batch:  10 region_loss:  10.0 10.0 loc_loss:  0.4194686508178711 reward_loss:  -20.973432540893555
epoch:  33 batch:  20 region_loss:  10.0 10.0 loc_loss:  0.39766368865966795 reward_loss:  -19.8831844329834
epoch:  33 batch:  30 region_loss:  10.0 10.0 loc_loss:  0.3868598937988281 reward_loss:  -19.342994689941406
epoch:  33 batch:  40 region_loss:  10.0 10.0 loc_loss:  0.4959025192260742 reward_loss:  -24.795122146606445
epoch:  33 batch:  50 region_loss:  10.0 10.0 loc_loss:  0.3992910385131836 reward_loss:  -19.96455192565918
epoch:  33 batch:  60 region_loss:  10.0 10.0 loc_loss:  0.39086475372314455 reward_loss:  -19.543237686157227
epoch:  33 batch:  70 region_loss:  10.0 10.0 loc_loss:  0.3968652725219727 reward_loss:  -19.84326171875
epoch:  33 batch:  80 region_loss:  10.0 10.0 loc_loss:  0.43780765533447263 reward_loss:  -21.890384674072266
epoch:  33 batch:  90 region_loss:  6.0 6.0 loc_loss:  0.26303165435791015 reward_loss:  -13.151582717895508
epoch:  33 batch:  100 region_loss:  8.0 8.0 loc_loss:  0.2959624862670898 reward_loss:  -14.798124313354492
epoch:  33 batch:  110 region_loss:  4.0 4.0 loc_loss:  0.16428918838500978 reward_loss:  -8.214459419250488
epoch:  33 batch:  120 region_loss:  5.0 5.0 loc_loss:  0.17811391830444337 reward_loss:  -8.905694961547852
epoch:  33 batch:  130 region_loss:  7.0 7.0 loc_loss:  0.3008030700683594 reward_loss:  -15.040153503417969
acc@1:  0.11853245531514581
epoch: 33 region loss 0.17051094890510948 loc loss 0.344908852055125 reward loss -17.245442414805837
epoch:  34 batch:  0 region_loss:  10.0 10.0 loc_loss:  0.35835742950439453 reward_loss:  -17.917869567871094
epoch:  34 batch:  10 region_loss:  10.0 10.0 loc_loss:  0.3998052978515625 reward_loss:  -19.990264892578125
epoch:  34 batch:  20 region_loss:  10.0 10.0 loc_loss:  0.38112640380859375 reward_loss:  -19.056320190429688
epoch:  34 batch:  30 region_loss:  10.0 10.0 loc_loss:  0.36784130096435547 reward_loss:  -18.392061233520508
epoch:  34 batch:  40 region_loss:  10.0 10.0 loc_loss:  0.47418975830078125 reward_loss:  -23.70948600769043
epoch:  34 batch:  50 region_loss:  10.0 10.0 loc_loss:  0.3810161590576172 reward_loss:  -19.05080795288086
epoch:  34 batch:  60 region_loss:  10.0 10.0 loc_loss:  0.37027069091796877 reward_loss:  -18.513534545898438
epoch:  34 batch:  70 region_loss:  10.0 10.0 loc_loss:  0.3783657836914063 reward_loss:  -18.918289184570312
epoch:  34 batch:  80 region_loss:  10.0 10.0 loc_loss:  0.4148268127441406 reward_loss:  -20.74134063720703
epoch:  34 batch:  90 region_loss:  6.0 6.0 loc_loss:  0.24881982803344727 reward_loss:  -12.44099235534668
epoch:  34 batch:  100 region_loss:  8.0 8.0 loc_loss:  0.2802563095092773 reward_loss:  -14.012815475463867
epoch:  34 batch:  110 region_loss:  4.0 4.0 loc_loss:  0.1544198513031006 reward_loss:  -7.720992088317871
epoch:  34 batch:  120 region_loss:  5.0 5.0 loc_loss:  0.16737218856811523 reward_loss:  -8.368609428405762
epoch:  34 batch:  130 region_loss:  7.0 7.0 loc_loss:  0.2848817825317383 reward_loss:  -14.244088172912598
acc@1:  0.11712135465663218
epoch: 34 region loss 0.17051094890510948 loc loss 0.32834413629378717 reward loss -16.41720661107641
epoch:  35 batch:  0 region_loss:  10.0 10.0 loc_loss:  0.33928192138671875 reward_loss:  -16.96409797668457
epoch:  35 batch:  10 region_loss:  10.0 10.0 loc_loss:  0.3807049560546875 reward_loss:  -19.035247802734375
epoch:  35 batch:  20 region_loss:  10.0 10.0 loc_loss:  0.36506561279296873 reward_loss:  -18.253278732299805
epoch:  35 batch:  30 region_loss:  10.0 10.0 loc_loss:  0.3494878768920898 reward_loss:  -17.474393844604492
epoch:  35 batch:  40 region_loss:  10.0 10.0 loc_loss:  0.45284988403320314 reward_loss:  -22.642492294311523
epoch:  35 batch:  50 region_loss:  10.0 10.0 loc_loss:  0.36314102172851564 reward_loss:  -18.15705108642578
epoch:  35 batch:  60 region_loss:  10.0 10.0 loc_loss:  0.35036983489990237 reward_loss:  -17.518491744995117
epoch:  35 batch:  70 region_loss:  10.0 10.0 loc_loss:  0.3603064727783203 reward_loss:  -18.015323638916016
epoch:  35 batch:  80 region_loss:  10.0 10.0 loc_loss:  0.3924417495727539 reward_loss:  -19.622087478637695
epoch:  35 batch:  90 region_loss:  6.0 6.0 loc_loss:  0.23510438919067383 reward_loss:  -11.755219459533691
epoch:  35 batch:  100 region_loss:  8.0 8.0 loc_loss:  0.2648204231262207 reward_loss:  -13.241021156311035
epoch:  35 batch:  110 region_loss:  4.0 4.0 loc_loss:  0.14490549087524415 reward_loss:  -7.245273590087891
epoch:  35 batch:  120 region_loss:  5.0 5.0 loc_loss:  0.15707578659057617 reward_loss:  -7.853789329528809
epoch:  35 batch:  130 region_loss:  7.0 7.0 loc_loss:  0.26918951034545896 reward_loss:  -13.459473609924316
acc@1:  0.11665098777046096
epoch: 35 region loss 0.17051094890510948 loc loss 0.312283630632136 reward loss -15.614181374111315
epoch:  36 batch:  0 region_loss:  10.0 10.0 loc_loss:  0.3208477783203125 reward_loss:  -16.042388916015625
epoch:  36 batch:  10 region_loss:  10.0 10.0 loc_loss:  0.36212738037109377 reward_loss:  -18.106367111206055
epoch:  36 batch:  20 region_loss:  10.0 10.0 loc_loss:  0.3493748474121094 reward_loss:  -17.46874237060547
epoch:  36 batch:  30 region_loss:  10.0 10.0 loc_loss:  0.3316629409790039 reward_loss:  -16.583145141601562
epoch:  36 batch:  40 region_loss:  10.0 10.0 loc_loss:  0.43206497192382814 reward_loss:  -21.60325050354004
epoch:  36 batch:  50 region_loss:  10.0 10.0 loc_loss:  0.34572669982910154 reward_loss:  -17.286334991455078
epoch:  36 batch:  60 region_loss:  10.0 10.0 loc_loss:  0.33123920440673826 reward_loss:  -16.561960220336914
epoch:  36 batch:  70 region_loss:  10.0 10.0 loc_loss:  0.3428295135498047 reward_loss:  -17.141477584838867
epoch:  36 batch:  80 region_loss:  10.0 10.0 loc_loss:  0.37074615478515627 reward_loss:  -18.537309646606445
epoch:  36 batch:  90 region_loss:  6.0 6.0 loc_loss:  0.2216973114013672 reward_loss:  -11.084866523742676
epoch:  36 batch:  100 region_loss:  8.0 8.0 loc_loss:  0.2502882766723633 reward_loss:  -12.514413833618164
epoch:  36 batch:  110 region_loss:  4.0 4.0 loc_loss:  0.13589250564575195 reward_loss:  -6.794626235961914
epoch:  36 batch:  120 region_loss:  5.0 5.0 loc_loss:  0.14724836349487305 reward_loss:  -7.3624186515808105
epoch:  36 batch:  130 region_loss:  7.0 7.0 loc_loss:  0.25426942825317383 reward_loss:  -12.713471412658691
acc@1:  0.11571025399811853
epoch: 36 region loss 0.17051094890510948 loc loss 0.2965405399781944 reward loss -14.827027016312536
epoch:  37 batch:  0 region_loss:  10.0 10.0 loc_loss:  0.30310306549072263 reward_loss:  -15.155153274536133
epoch:  37 batch:  10 region_loss:  10.0 10.0 loc_loss:  0.34406238555908203 reward_loss:  -17.20311737060547
epoch:  37 batch:  20 region_loss:  10.0 10.0 loc_loss:  0.33417530059814454 reward_loss:  -16.708763122558594
epoch:  37 batch:  30 region_loss:  10.0 10.0 loc_loss:  0.3144314956665039 reward_loss:  -15.721572875976562
epoch:  37 batch:  40 region_loss:  10.0 10.0 loc_loss:  0.41158939361572267 reward_loss:  -20.579469680786133
epoch:  37 batch:  50 region_loss:  10.0 10.0 loc_loss:  0.32886634826660155 reward_loss:  -16.443317413330078
epoch:  37 batch:  60 region_loss:  10.0 10.0 loc_loss:  0.31281105041503904 reward_loss:  -15.640551567077637
epoch:  37 batch:  70 region_loss:  10.0 10.0 loc_loss:  0.3257839584350586 reward_loss:  -16.28919792175293
epoch:  37 batch:  80 region_loss:  10.0 10.0 loc_loss:  0.34982158660888674 reward_loss:  -17.49108123779297
epoch:  37 batch:  90 region_loss:  6.0 6.0 loc_loss:  0.2087431526184082 reward_loss:  -10.437158584594727
epoch:  37 batch:  100 region_loss:  8.0 8.0 loc_loss:  0.23605079650878907 reward_loss:  -11.802538871765137
epoch:  37 batch:  110 region_loss:  4.0 4.0 loc_loss:  0.12716934204101563 reward_loss:  -6.358467102050781
epoch:  37 batch:  120 region_loss:  5.0 5.0 loc_loss:  0.1378462791442871 reward_loss:  -6.892313003540039
epoch:  37 batch:  130 region_loss:  7.0 7.0 loc_loss:  0.23950738906860353 reward_loss:  -11.975369453430176
acc@1:  0.11335841956726246
epoch: 37 region loss 0.17051094890510948 loc loss 0.2814598414149598 reward loss -14.072991995045738
epoch:  38 batch:  0 region_loss:  10.0 10.0 loc_loss:  0.28603544235229494 reward_loss:  -14.30177116394043
epoch:  38 batch:  10 region_loss:  10.0 10.0 loc_loss:  0.3265907669067383 reward_loss:  -16.329538345336914
epoch:  38 batch:  20 region_loss:  10.0 10.0 loc_loss:  0.3193442153930664 reward_loss:  -15.96721076965332
epoch:  38 batch:  30 region_loss:  10.0 10.0 loc_loss:  0.29794845581054685 reward_loss:  -14.897421836853027
epoch:  38 batch:  40 region_loss:  10.0 10.0 loc_loss:  0.39184906005859377 reward_loss:  -19.59245491027832
epoch:  38 batch:  50 region_loss:  10.0 10.0 loc_loss:  0.3121825790405273 reward_loss:  -15.609127044677734
epoch:  38 batch:  60 region_loss:  10.0 10.0 loc_loss:  0.29515565872192384 reward_loss:  -14.757781982421875
epoch:  38 batch:  70 region_loss:  10.0 10.0 loc_loss:  0.30939327239990233 reward_loss:  -15.469661712646484
epoch:  38 batch:  80 region_loss:  10.0 10.0 loc_loss:  0.3295241165161133 reward_loss:  -16.476205825805664
epoch:  38 batch:  90 region_loss:  6.0 6.0 loc_loss:  0.19627403259277343 reward_loss:  -9.813699722290039
epoch:  38 batch:  100 region_loss:  8.0 8.0 loc_loss:  0.2225710678100586 reward_loss:  -11.12855339050293
epoch:  38 batch:  110 region_loss:  4.0 4.0 loc_loss:  0.11901500701904297 reward_loss:  -5.950749397277832
epoch:  38 batch:  120 region_loss:  5.0 5.0 loc_loss:  0.12896242141723632 reward_loss:  -6.448122024536133
epoch:  38 batch:  130 region_loss:  7.0 7.0 loc_loss:  0.2256789016723633 reward_loss:  -11.283943176269531
acc@1:  0.10959548447789276
epoch: 38 region loss 0.17051094890510948 loc loss 0.26691733924141764 reward loss -13.345866801094834
epoch:  39 batch:  0 region_loss:  10.0 10.0 loc_loss:  0.2696718978881836 reward_loss:  -13.483592987060547
epoch:  39 batch:  10 region_loss:  10.0 10.0 loc_loss:  0.309616813659668 reward_loss:  -15.480842590332031
epoch:  39 batch:  20 region_loss:  10.0 10.0 loc_loss:  0.305166015625 reward_loss:  -15.25830078125
epoch:  39 batch:  30 region_loss:  10.0 10.0 loc_loss:  0.28184650421142576 reward_loss:  -14.092325210571289
epoch:  39 batch:  40 region_loss:  10.0 10.0 loc_loss:  0.37233283996582034 reward_loss:  -18.61664390563965
epoch:  39 batch:  50 region_loss:  10.0 10.0 loc_loss:  0.29652755737304687 reward_loss:  -14.826376914978027
epoch:  39 batch:  60 region_loss:  10.0 10.0 loc_loss:  0.27824222564697265 reward_loss:  -13.912110328674316
epoch:  39 batch:  70 region_loss:  10.0 10.0 loc_loss:  0.29332605361938474 reward_loss:  -14.666302680969238
epoch:  39 batch:  80 region_loss:  10.0 10.0 loc_loss:  0.31022186279296876 reward_loss:  -15.511093139648438
epoch:  39 batch:  90 region_loss:  6.0 6.0 loc_loss:  0.18411584854125976 reward_loss:  -9.205790519714355
epoch:  39 batch:  100 region_loss:  8.0 8.0 loc_loss:  0.20977210998535156 reward_loss:  -10.488604545593262
epoch:  39 batch:  110 region_loss:  4.0 4.0 loc_loss:  0.11099780082702637 reward_loss:  -5.54988956451416
epoch:  39 batch:  120 region_loss:  5.0 5.0 loc_loss:  0.12047258377075196 reward_loss:  -6.023629188537598
epoch:  39 batch:  130 region_loss:  7.0 7.0 loc_loss:  0.21182123184204102 reward_loss:  -10.59106159210205
acc@1:  0.11100658513640639
epoch: 39 region loss 0.17051094890510948 loc loss 0.25308682111057923 reward loss -12.654341070321355
epoch:  40 batch:  0 region_loss:  10.0 10.0 loc_loss:  0.2539965057373047 reward_loss:  -12.699825286865234
epoch:  40 batch:  10 region_loss:  10.0 10.0 loc_loss:  0.2933646583557129 reward_loss:  -14.668231964111328
epoch:  40 batch:  20 region_loss:  10.0 10.0 loc_loss:  0.29149526596069336 reward_loss:  -14.574763298034668
epoch:  40 batch:  30 region_loss:  10.0 10.0 loc_loss:  0.2667220687866211 reward_loss:  -13.336103439331055
epoch:  40 batch:  40 region_loss:  10.0 10.0 loc_loss:  0.35366146087646483 reward_loss:  -17.683073043823242
epoch:  40 batch:  50 region_loss:  10.0 10.0 loc_loss:  0.28063472747802737 reward_loss:  -14.031736373901367
epoch:  40 batch:  60 region_loss:  10.0 10.0 loc_loss:  0.2619070053100586 reward_loss:  -13.095353126525879
epoch:  40 batch:  70 region_loss:  10.0 10.0 loc_loss:  0.2780813980102539 reward_loss:  -13.904070854187012
epoch:  40 batch:  80 region_loss:  10.0 10.0 loc_loss:  0.2913851356506348 reward_loss:  -14.569256782531738
epoch:  40 batch:  90 region_loss:  6.0 6.0 loc_loss:  0.17272384643554686 reward_loss:  -8.636192321777344
epoch:  40 batch:  100 region_loss:  8.0 8.0 loc_loss:  0.19690807342529296 reward_loss:  -9.845402717590332
epoch:  40 batch:  110 region_loss:  4.0 4.0 loc_loss:  0.1036527156829834 reward_loss:  -5.18263578414917
epoch:  40 batch:  120 region_loss:  5.0 5.0 loc_loss:  0.11249855041503906 reward_loss:  -5.624927520751953
epoch:  40 batch:  130 region_loss:  7.0 7.0 loc_loss:  0.19924888610839844 reward_loss:  -9.962443351745605
acc@1:  0.10912511759172154
epoch: 40 region loss 0.17051094890510948 loc loss 0.23967199139351394 reward loss -11.983599526168657
epoch:  41 batch:  0 region_loss:  10.0 10.0 loc_loss:  0.23932918548583984 reward_loss:  -11.96645736694336
epoch:  41 batch:  10 region_loss:  10.0 10.0 loc_loss:  0.2774316596984863 reward_loss:  -13.871582984924316
epoch:  41 batch:  20 region_loss:  10.0 10.0 loc_loss:  0.2790657043457031 reward_loss:  -13.953286170959473
epoch:  41 batch:  30 region_loss:  10.0 10.0 loc_loss:  0.251749153137207 reward_loss:  -12.587457656860352
epoch:  41 batch:  40 region_loss:  10.0 10.0 loc_loss:  0.3352099609375 reward_loss:  -16.760498046875
epoch:  41 batch:  50 region_loss:  10.0 10.0 loc_loss:  0.26632625579833985 reward_loss:  -13.316312789916992
epoch:  41 batch:  60 region_loss:  10.0 10.0 loc_loss:  0.24657712936401366 reward_loss:  -12.328856468200684
epoch:  41 batch:  70 region_loss:  10.0 10.0 loc_loss:  0.2630618095397949 reward_loss:  -13.153091430664062
epoch:  41 batch:  80 region_loss:  10.0 10.0 loc_loss:  0.273771858215332 reward_loss:  -13.688592910766602
epoch:  41 batch:  90 region_loss:  6.0 6.0 loc_loss:  0.16146083831787109 reward_loss:  -8.073040962219238
epoch:  41 batch:  100 region_loss:  8.0 8.0 loc_loss:  0.1858156967163086 reward_loss:  -9.29078483581543
epoch:  41 batch:  110 region_loss:  4.0 4.0 loc_loss:  0.09638322830200195 reward_loss:  -4.819160461425781
epoch:  41 batch:  120 region_loss:  5.0 5.0 loc_loss:  0.10496683120727539 reward_loss:  -5.248341083526611
epoch:  41 batch:  130 region_loss:  7.0 7.0 loc_loss:  0.18624771118164063 reward_loss:  -9.312383651733398
acc@1:  0.11006585136406397
epoch: 41 region loss 0.17051094890510948 loc loss 0.22685334205627442 reward loss -11.342667083670623
epoch:  42 batch:  0 region_loss:  10.0 10.0 loc_loss:  0.22575000762939454 reward_loss:  -11.287500381469727
epoch:  42 batch:  10 region_loss:  10.0 10.0 loc_loss:  0.2624145317077637 reward_loss:  -13.120725631713867
epoch:  42 batch:  20 region_loss:  10.0 10.0 loc_loss:  0.2682175064086914 reward_loss:  -13.410874366760254
epoch:  42 batch:  30 region_loss:  10.0 10.0 loc_loss:  0.23801321029663086 reward_loss:  -11.900660514831543
epoch:  42 batch:  40 region_loss:  10.0 10.0 loc_loss:  0.318004264831543 reward_loss:  -15.900211334228516
epoch:  42 batch:  50 region_loss:  10.0 10.0 loc_loss:  0.2517262649536133 reward_loss:  -12.586313247680664
epoch:  42 batch:  60 region_loss:  10.0 10.0 loc_loss:  0.2313458251953125 reward_loss:  -11.567291259765625
epoch:  42 batch:  70 region_loss:  10.0 10.0 loc_loss:  0.24900848388671876 reward_loss:  -12.450423240661621
epoch:  42 batch:  80 region_loss:  10.0 10.0 loc_loss:  0.25661890029907225 reward_loss:  -12.830944061279297
epoch:  42 batch:  90 region_loss:  6.0 6.0 loc_loss:  0.1510718822479248 reward_loss:  -7.553594589233398
epoch:  42 batch:  100 region_loss:  8.0 8.0 loc_loss:  0.1736040687561035 reward_loss:  -8.680203437805176
epoch:  42 batch:  110 region_loss:  4.0 4.0 loc_loss:  0.08967774391174316 reward_loss:  -4.483887195587158
epoch:  42 batch:  120 region_loss:  5.0 5.0 loc_loss:  0.0978054141998291 reward_loss:  -4.890270709991455
epoch:  42 batch:  130 region_loss:  7.0 7.0 loc_loss:  0.17466665267944337 reward_loss:  -8.733332633972168
acc@1:  0.1077140169332079
epoch: 42 region loss 0.17051094890510948 loc loss 0.21436987887333778 reward loss -10.718493967160692
epoch:  43 batch:  0 region_loss:  10.0 10.0 loc_loss:  0.21262351989746095 reward_loss:  -10.631175994873047
epoch:  43 batch:  10 region_loss:  10.0 10.0 loc_loss:  0.24730945587158204 reward_loss:  -12.365474700927734
epoch:  43 batch:  20 region_loss:  10.0 10.0 loc_loss:  0.25746002197265627 reward_loss:  -12.873001098632812
epoch:  43 batch:  30 region_loss:  10.0 10.0 loc_loss:  0.22400762557983397 reward_loss:  -11.200382232666016
epoch:  43 batch:  40 region_loss:  10.0 10.0 loc_loss:  0.30070831298828127 reward_loss:  -15.035415649414062
epoch:  43 batch:  50 region_loss:  10.0 10.0 loc_loss:  0.23981325149536134 reward_loss:  -11.99066162109375
epoch:  43 batch:  60 region_loss:  10.0 10.0 loc_loss:  0.21770944595336914 reward_loss:  -10.885472297668457
epoch:  43 batch:  70 region_loss:  10.0 10.0 loc_loss:  0.23493562698364256 reward_loss:  -11.746781349182129
epoch:  43 batch:  80 region_loss:  10.0 10.0 loc_loss:  0.2404572868347168 reward_loss:  -12.02286434173584
epoch:  43 batch:  90 region_loss:  6.0 6.0 loc_loss:  0.14090799331665038 reward_loss:  -7.045400142669678
epoch:  43 batch:  100 region_loss:  8.0 8.0 loc_loss:  0.1635882568359375 reward_loss:  -8.179412841796875
epoch:  43 batch:  110 region_loss:  4.0 4.0 loc_loss:  0.08319280624389648 reward_loss:  -4.159640312194824
epoch:  43 batch:  120 region_loss:  5.0 5.0 loc_loss:  0.0911010456085205 reward_loss:  -4.555052280426025
epoch:  43 batch:  130 region_loss:  7.0 7.0 loc_loss:  0.16290805816650392 reward_loss:  -8.145402908325195
acc@1:  0.1077140169332079
epoch: 43 region loss 0.17051094890510948 loc loss 0.2023695433922928 reward loss -10.11847713959478
epoch:  44 batch:  0 region_loss:  10.0 10.0 loc_loss:  0.1997676658630371 reward_loss:  -9.988384246826172
epoch:  44 batch:  10 region_loss:  10.0 10.0 loc_loss:  0.2332819175720215 reward_loss:  -11.664094924926758
epoch:  44 batch:  20 region_loss:  10.0 10.0 loc_loss:  0.24597312927246093 reward_loss:  -12.29865550994873
epoch:  44 batch:  30 region_loss:  10.0 10.0 loc_loss:  0.21147161483764648 reward_loss:  -10.573580741882324
epoch:  44 batch:  40 region_loss:  10.0 10.0 loc_loss:  0.2850943946838379 reward_loss:  -14.254718780517578
epoch:  44 batch:  50 region_loss:  10.0 10.0 loc_loss:  0.22823631286621093 reward_loss:  -11.411816596984863
epoch:  44 batch:  60 region_loss:  10.0 10.0 loc_loss:  0.20368000030517577 reward_loss:  -10.183999061584473
epoch:  44 batch:  70 region_loss:  10.0 10.0 loc_loss:  0.22206113815307618 reward_loss:  -11.103055953979492
epoch:  44 batch:  80 region_loss:  10.0 10.0 loc_loss:  0.2250649642944336 reward_loss:  -11.253246307373047
epoch:  44 batch:  90 region_loss:  6.0 6.0 loc_loss:  0.13140511512756348 reward_loss:  -6.570255279541016
epoch:  44 batch:  100 region_loss:  8.0 8.0 loc_loss:  0.1527025032043457 reward_loss:  -7.6351237297058105
epoch:  44 batch:  110 region_loss:  4.0 4.0 loc_loss:  0.07710776329040528 reward_loss:  -3.8553881645202637
epoch:  44 batch:  120 region_loss:  5.0 5.0 loc_loss:  0.08488554954528808 reward_loss:  -4.2442779541015625
epoch:  44 batch:  130 region_loss:  7.0 7.0 loc_loss:  0.15226131439208984 reward_loss:  -7.613065719604492
acc@1:  0.10630291627469426
epoch: 44 region loss 0.17051094890510948 loc loss 0.1908356036408974 reward loss -9.54178019118135
epoch:  45 batch:  0 region_loss:  10.0 10.0 loc_loss:  0.1869129753112793 reward_loss:  -9.345649719238281
epoch:  45 batch:  10 region_loss:  10.0 10.0 loc_loss:  0.21936151504516602 reward_loss:  -10.968076705932617
epoch:  45 batch:  20 region_loss:  10.0 10.0 loc_loss:  0.23333612442016602 reward_loss:  -11.666805267333984
epoch:  45 batch:  30 region_loss:  10.0 10.0 loc_loss:  0.19868515014648438 reward_loss:  -9.934258460998535
epoch:  45 batch:  40 region_loss:  10.0 10.0 loc_loss:  0.2686825942993164 reward_loss:  -13.434128761291504
epoch:  45 batch:  50 region_loss:  10.0 10.0 loc_loss:  0.2158951187133789 reward_loss:  -10.794756889343262
epoch:  45 batch:  60 region_loss:  10.0 10.0 loc_loss:  0.1913966178894043 reward_loss:  -9.569831848144531
epoch:  45 batch:  70 region_loss:  10.0 10.0 loc_loss:  0.2088760757446289 reward_loss:  -10.443802833557129
epoch:  45 batch:  80 region_loss:  10.0 10.0 loc_loss:  0.2102987861633301 reward_loss:  -10.514939308166504
epoch:  45 batch:  90 region_loss:  6.0 6.0 loc_loss:  0.12234323501586913 reward_loss:  -6.117162227630615
epoch:  45 batch:  100 region_loss:  8.0 8.0 loc_loss:  0.1434946632385254 reward_loss:  -7.1747331619262695
epoch:  45 batch:  110 region_loss:  4.0 4.0 loc_loss:  0.07139212608337403 reward_loss:  -3.5696067810058594
epoch:  45 batch:  120 region_loss:  5.0 5.0 loc_loss:  0.07896612644195557 reward_loss:  -3.9483063220977783
epoch:  45 batch:  130 region_loss:  7.0 7.0 loc_loss:  0.14179211616516113 reward_loss:  -7.089605808258057
acc@1:  0.10630291627469426
epoch: 45 region loss 0.17051094890510948 loc loss 0.17985982421540864 reward loss -8.992991147250155
epoch:  46 batch:  0 region_loss:  10.0 10.0 loc_loss:  0.17509002685546876 reward_loss:  -8.754500389099121
epoch:  46 batch:  10 region_loss:  10.0 10.0 loc_loss:  0.20647907257080078 reward_loss:  -10.323952674865723
epoch:  46 batch:  20 region_loss:  10.0 10.0 loc_loss:  0.2216527557373047 reward_loss:  -11.082636833190918
epoch:  46 batch:  30 region_loss:  10.0 10.0 loc_loss:  0.18793928146362304 reward_loss:  -9.396964073181152
epoch:  46 batch:  40 region_loss:  10.0 10.0 loc_loss:  0.2541343307495117 reward_loss:  -12.706716537475586
epoch:  46 batch:  50 region_loss:  10.0 10.0 loc_loss:  0.20294078826904297 reward_loss:  -10.147040367126465
epoch:  46 batch:  60 region_loss:  10.0 10.0 loc_loss:  0.1789366340637207 reward_loss:  -8.946831703186035
epoch:  46 batch:  70 region_loss:  10.0 10.0 loc_loss:  0.1971128463745117 reward_loss:  -9.855642318725586
epoch:  46 batch:  80 region_loss:  10.0 10.0 loc_loss:  0.1965292739868164 reward_loss:  -9.826462745666504
epoch:  46 batch:  90 region_loss:  6.0 6.0 loc_loss:  0.1138106918334961 reward_loss:  -5.690533638000488
epoch:  46 batch:  100 region_loss:  8.0 8.0 loc_loss:  0.13395524978637696 reward_loss:  -6.697762966156006
epoch:  46 batch:  110 region_loss:  4.0 4.0 loc_loss:  0.06590746879577637 reward_loss:  -3.2953739166259766
epoch:  46 batch:  120 region_loss:  5.0 5.0 loc_loss:  0.0735563087463379 reward_loss:  -3.6778149604797363
epoch:  46 batch:  130 region_loss:  7.0 7.0 loc_loss:  0.13214085578918458 reward_loss:  -6.607043266296387
acc@1:  0.10677328316086547
epoch: 46 region loss 0.17051094890510948 loc loss 0.16930082734483873 reward loss -8.465041325910247
epoch:  47 batch:  0 region_loss:  10.0 10.0 loc_loss:  0.16383644104003905 reward_loss:  -8.191822052001953
epoch:  47 batch:  10 region_loss:  10.0 10.0 loc_loss:  0.19379390716552736 reward_loss:  -9.689695358276367
epoch:  47 batch:  20 region_loss:  10.0 10.0 loc_loss:  0.2099761199951172 reward_loss:  -10.498804092407227
epoch:  47 batch:  30 region_loss:  10.0 10.0 loc_loss:  0.17626466751098632 reward_loss:  -8.813234329223633
epoch:  47 batch:  40 region_loss:  10.0 10.0 loc_loss:  0.23858448028564452 reward_loss:  -11.929224014282227
epoch:  47 batch:  50 region_loss:  10.0 10.0 loc_loss:  0.1914683151245117 reward_loss:  -9.573416709899902
epoch:  47 batch:  60 region_loss:  10.0 10.0 loc_loss:  0.16765665054321288 reward_loss:  -8.382832527160645
epoch:  47 batch:  70 region_loss:  10.0 10.0 loc_loss:  0.1849570655822754 reward_loss:  -9.247854232788086
epoch:  47 batch:  80 region_loss:  10.0 10.0 loc_loss:  0.18337686538696288 reward_loss:  -9.168844223022461
epoch:  47 batch:  90 region_loss:  6.0 6.0 loc_loss:  0.10570781707763671 reward_loss:  -5.285390853881836
epoch:  47 batch:  100 region_loss:  8.0 8.0 loc_loss:  0.12554856300354003 reward_loss:  -6.277428150177002
epoch:  47 batch:  110 region_loss:  4.0 4.0 loc_loss:  0.060895142555236814 reward_loss:  -3.04475736618042
epoch:  47 batch:  120 region_loss:  5.0 5.0 loc_loss:  0.06840569972991943 reward_loss:  -3.420285224914551
epoch:  47 batch:  130 region_loss:  7.0 7.0 loc_loss:  0.12284112930297851 reward_loss:  -6.142056465148926
acc@1:  0.10489181561618062
epoch: 47 region loss 0.17051094890510948 loc loss 0.15933801435206058 reward loss -7.966900678446693
epoch:  48 batch:  0 region_loss:  10.0 10.0 loc_loss:  0.15334593772888183 reward_loss:  -7.667295932769775
epoch:  48 batch:  10 region_loss:  10.0 10.0 loc_loss:  0.18198537826538086 reward_loss:  -9.09926986694336
epoch:  48 batch:  20 region_loss:  10.0 10.0 loc_loss:  0.19997797012329102 reward_loss:  -9.99889850616455
epoch:  48 batch:  30 region_loss:  10.0 10.0 loc_loss:  0.16602691650390625 reward_loss:  -8.301345825195312
epoch:  48 batch:  40 region_loss:  10.0 10.0 loc_loss:  0.22517505645751953 reward_loss:  -11.258753776550293
epoch:  48 batch:  50 region_loss:  10.0 10.0 loc_loss:  0.17989437103271486 reward_loss:  -8.994717597961426
epoch:  48 batch:  60 region_loss:  10.0 10.0 loc_loss:  0.1567292881011963 reward_loss:  -7.836464881896973
epoch:  48 batch:  70 region_loss:  10.0 10.0 loc_loss:  0.17430078506469726 reward_loss:  -8.715039253234863
epoch:  48 batch:  80 region_loss:  10.0 10.0 loc_loss:  0.17114768981933592 reward_loss:  -8.557384490966797
epoch:  48 batch:  90 region_loss:  6.0 6.0 loc_loss:  0.09822711944580079 reward_loss:  -4.911355972290039
epoch:  48 batch:  100 region_loss:  8.0 8.0 loc_loss:  0.1171687126159668 reward_loss:  -5.858436584472656
epoch:  48 batch:  110 region_loss:  4.0 4.0 loc_loss:  0.056032867431640626 reward_loss:  -2.8016433715820312
epoch:  48 batch:  120 region_loss:  5.0 5.0 loc_loss:  0.06367481708526611 reward_loss:  -3.1837403774261475
epoch:  48 batch:  130 region_loss:  7.0 7.0 loc_loss:  0.11419157028198242 reward_loss:  -5.709578514099121
acc@1:  0.10677328316086547
epoch: 48 region loss 0.17051094890510948 loc loss 0.1498631658084201 reward loss -7.493158157724533
epoch:  49 batch:  0 region_loss:  10.0 10.0 loc_loss:  0.14348305702209474 reward_loss:  -7.174153804779053
epoch:  49 batch:  10 region_loss:  10.0 10.0 loc_loss:  0.1705290412902832 reward_loss:  -8.52645206451416
epoch:  49 batch:  20 region_loss:  10.0 10.0 loc_loss:  0.18976587295532227 reward_loss:  -9.48829174041748
epoch:  49 batch:  30 region_loss:  10.0 10.0 loc_loss:  0.1548581314086914 reward_loss:  -7.74290657043457
epoch:  49 batch:  40 region_loss:  10.0 10.0 loc_loss:  0.2108799171447754 reward_loss:  -10.543996810913086
epoch:  49 batch:  50 region_loss:  10.0 10.0 loc_loss:  0.17014650344848634 reward_loss:  -8.507325172424316
epoch:  49 batch:  60 region_loss:  10.0 10.0 loc_loss:  0.1465391731262207 reward_loss:  -7.326958656311035
epoch:  49 batch:  70 region_loss:  10.0 10.0 loc_loss:  0.16318593978881835 reward_loss:  -8.159296035766602
epoch:  49 batch:  80 region_loss:  10.0 10.0 loc_loss:  0.15951351165771485 reward_loss:  -7.975676536560059
epoch:  49 batch:  90 region_loss:  6.0 6.0 loc_loss:  0.09100250244140624 reward_loss:  -4.5501251220703125
epoch:  49 batch:  100 region_loss:  8.0 8.0 loc_loss:  0.10960818290710449 reward_loss:  -5.480408668518066
epoch:  49 batch:  110 region_loss:  4.0 4.0 loc_loss:  0.051640596389770504 reward_loss:  -2.5820295810699463
epoch:  49 batch:  120 region_loss:  5.0 5.0 loc_loss:  0.059230079650878904 reward_loss:  -2.961503744125366
epoch:  49 batch:  130 region_loss:  7.0 7.0 loc_loss:  0.10602307319641113 reward_loss:  -5.301154136657715
acc@1:  0.10442144873000941
epoch: 49 region loss 0.17051094890510948 loc loss 0.14087642511312107 reward loss -7.043821287416193
