nohup: ignoring input
cuda
epoch:  0 batch:  0 region_loss:  10.0 10.0 loc_loss:  1.9765048217773438 reward_loss:  -98.82575988769531
epoch:  0 batch:  10 region_loss:  10.0 10.0 loc_loss:  1.9891104125976562 reward_loss:  -99.45609283447266
epoch:  0 batch:  20 region_loss:  10.0 10.0 loc_loss:  1.9853530883789063 reward_loss:  -99.26624298095703
epoch:  0 batch:  30 region_loss:  10.0 10.0 loc_loss:  1.9878164672851562 reward_loss:  -99.39141082763672
epoch:  0 batch:  40 region_loss:  10.0 10.0 loc_loss:  1.990594482421875 reward_loss:  -99.5299301147461
epoch:  0 batch:  50 region_loss:  10.0 10.0 loc_loss:  1.979671173095703 reward_loss:  -98.98419952392578
epoch:  0 batch:  60 region_loss:  10.0 10.0 loc_loss:  1.984884033203125 reward_loss:  -99.24382019042969
epoch:  0 batch:  70 region_loss:  10.0 10.0 loc_loss:  1.9801583862304688 reward_loss:  -99.00703430175781
epoch:  0 batch:  80 region_loss:  10.0 10.0 loc_loss:  1.985394287109375 reward_loss:  -99.26930236816406
epoch:  0 batch:  90 region_loss:  6.0 6.0 loc_loss:  1.1828190612792968 reward_loss:  -59.140846252441406
epoch:  0 batch:  100 region_loss:  8.0 8.0 loc_loss:  1.5700819396972656 reward_loss:  -78.5044937133789
epoch:  0 batch:  110 region_loss:  4.0 4.0 loc_loss:  0.7897001647949219 reward_loss:  -39.48469161987305
epoch:  0 batch:  120 region_loss:  5.0 5.0 loc_loss:  0.9798780822753906 reward_loss:  -48.99420928955078
epoch:  0 batch:  130 region_loss:  7.0 7.0 loc_loss:  1.3697016906738282 reward_loss:  -68.48499298095703
acc@1:  0.003292568203198495
epoch: 0 region loss 0.17051094890510948 loc loss 1.6875190166835368 reward loss -84.37598168588903
epoch:  1 batch:  0 region_loss:  10.0 10.0 loc_loss:  1.9051536560058593 reward_loss:  -95.25708770751953
epoch:  1 batch:  10 region_loss:  10.0 10.0 loc_loss:  1.9406362915039062 reward_loss:  -97.03302764892578
epoch:  1 batch:  20 region_loss:  10.0 10.0 loc_loss:  1.9296034240722657 reward_loss:  -96.48052978515625
epoch:  1 batch:  30 region_loss:  10.0 10.0 loc_loss:  1.933896484375 reward_loss:  -96.69438171386719
epoch:  1 batch:  40 region_loss:  10.0 10.0 loc_loss:  1.9255461120605468 reward_loss:  -96.27638244628906
epoch:  1 batch:  50 region_loss:  10.0 10.0 loc_loss:  1.9078347778320313 reward_loss:  -95.39134216308594
epoch:  1 batch:  60 region_loss:  10.0 10.0 loc_loss:  1.905084686279297 reward_loss:  -95.2543716430664
epoch:  1 batch:  70 region_loss:  10.0 10.0 loc_loss:  1.886331787109375 reward_loss:  -94.31669616699219
epoch:  1 batch:  80 region_loss:  10.0 10.0 loc_loss:  1.8806948852539063 reward_loss:  -94.03511810302734
epoch:  1 batch:  90 region_loss:  6.0 6.0 loc_loss:  1.115103759765625 reward_loss:  -55.755714416503906
epoch:  1 batch:  100 region_loss:  8.0 8.0 loc_loss:  1.4586416625976562 reward_loss:  -72.93196868896484
epoch:  1 batch:  110 region_loss:  4.0 4.0 loc_loss:  0.7408760070800782 reward_loss:  -37.04430389404297
epoch:  1 batch:  120 region_loss:  5.0 5.0 loc_loss:  0.9085108184814453 reward_loss:  -45.42552947998047
epoch:  1 batch:  130 region_loss:  7.0 7.0 loc_loss:  1.2550886535644532 reward_loss:  -62.75431442260742
acc@1:  0.02634054562558796
epoch: 1 region loss 0.17051094890510948 loc loss 1.607852016365441 reward loss -80.39252605577455
epoch:  2 batch:  0 region_loss:  10.0 10.0 loc_loss:  1.7300741577148437 reward_loss:  -86.50485229492188
epoch:  2 batch:  10 region_loss:  10.0 10.0 loc_loss:  1.7546910095214843 reward_loss:  -87.73478698730469
epoch:  2 batch:  20 region_loss:  10.0 10.0 loc_loss:  1.7538160705566406 reward_loss:  -87.69115447998047
epoch:  2 batch:  30 region_loss:  10.0 10.0 loc_loss:  1.7799688720703124 reward_loss:  -88.99883270263672
epoch:  2 batch:  40 region_loss:  10.0 10.0 loc_loss:  1.7339125061035157 reward_loss:  -86.69630432128906
epoch:  2 batch:  50 region_loss:  10.0 10.0 loc_loss:  1.7680589294433593 reward_loss:  -88.4033203125
epoch:  2 batch:  60 region_loss:  10.0 10.0 loc_loss:  1.75079833984375 reward_loss:  -87.54051208496094
epoch:  2 batch:  70 region_loss:  10.0 10.0 loc_loss:  1.7445451354980468 reward_loss:  -87.22782897949219
epoch:  2 batch:  80 region_loss:  10.0 10.0 loc_loss:  1.7316044616699218 reward_loss:  -86.57933044433594
epoch:  2 batch:  90 region_loss:  6.0 6.0 loc_loss:  1.0402238464355469 reward_loss:  -52.01045227050781
epoch:  2 batch:  100 region_loss:  8.0 8.0 loc_loss:  1.3699322509765626 reward_loss:  -68.49842834472656
epoch:  2 batch:  110 region_loss:  4.0 4.0 loc_loss:  0.7024653625488281 reward_loss:  -35.12360382080078
epoch:  2 batch:  120 region_loss:  5.0 5.0 loc_loss:  0.8655838775634765 reward_loss:  -43.27904510498047
epoch:  2 batch:  130 region_loss:  7.0 7.0 loc_loss:  1.1988321685791015 reward_loss:  -59.941368103027344
acc@1:  0.03057384760112888
epoch: 2 region loss 0.17051094890510948 loc loss 1.4764851635563983 reward loss -73.82430339729699
epoch:  3 batch:  0 region_loss:  10.0 10.0 loc_loss:  1.6705633544921874 reward_loss:  -83.52735137939453
epoch:  3 batch:  10 region_loss:  10.0 10.0 loc_loss:  1.6820063781738281 reward_loss:  -84.10022735595703
epoch:  3 batch:  20 region_loss:  10.0 10.0 loc_loss:  1.6626002502441406 reward_loss:  -83.13029479980469
epoch:  3 batch:  30 region_loss:  10.0 10.0 loc_loss:  1.7071536254882813 reward_loss:  -85.35822296142578
epoch:  3 batch:  40 region_loss:  10.0 10.0 loc_loss:  1.6541110229492189 reward_loss:  -82.70633697509766
epoch:  3 batch:  50 region_loss:  10.0 10.0 loc_loss:  1.6958840942382813 reward_loss:  -84.79454803466797
epoch:  3 batch:  60 region_loss:  10.0 10.0 loc_loss:  1.6812527465820313 reward_loss:  -84.0627212524414
epoch:  3 batch:  70 region_loss:  10.0 10.0 loc_loss:  1.6750088500976563 reward_loss:  -83.74988555908203
epoch:  3 batch:  80 region_loss:  10.0 10.0 loc_loss:  1.6679495239257813 reward_loss:  -83.39806365966797
epoch:  3 batch:  90 region_loss:  6.0 6.0 loc_loss:  1.0050489044189452 reward_loss:  -50.25237274169922
epoch:  3 batch:  100 region_loss:  8.0 8.0 loc_loss:  1.3217144775390626 reward_loss:  -66.0853271484375
epoch:  3 batch:  110 region_loss:  4.0 4.0 loc_loss:  0.6820779418945313 reward_loss:  -34.104618072509766
epoch:  3 batch:  120 region_loss:  5.0 5.0 loc_loss:  0.8404084777832032 reward_loss:  -42.02059555053711
epoch:  3 batch:  130 region_loss:  7.0 7.0 loc_loss:  1.1654808807373047 reward_loss:  -58.27320098876953
acc@1:  0.039040451552210725
epoch: 3 region loss 0.17051094890510948 loc loss 1.4147138041475393 reward loss -70.73574080084362
epoch:  4 batch:  0 region_loss:  10.0 10.0 loc_loss:  1.6239602661132813 reward_loss:  -81.19952392578125
epoch:  4 batch:  10 region_loss:  10.0 10.0 loc_loss:  1.6366114807128906 reward_loss:  -81.83061981201172
epoch:  4 batch:  20 region_loss:  10.0 10.0 loc_loss:  1.5944831848144532 reward_loss:  -79.72420501708984
epoch:  4 batch:  30 region_loss:  10.0 10.0 loc_loss:  1.6527447509765625 reward_loss:  -82.63739776611328
epoch:  4 batch:  40 region_loss:  10.0 10.0 loc_loss:  1.5967965698242188 reward_loss:  -79.839599609375
epoch:  4 batch:  50 region_loss:  10.0 10.0 loc_loss:  1.638280029296875 reward_loss:  -81.91388702392578
epoch:  4 batch:  60 region_loss:  10.0 10.0 loc_loss:  1.62606201171875 reward_loss:  -81.30331420898438
epoch:  4 batch:  70 region_loss:  10.0 10.0 loc_loss:  1.616041259765625 reward_loss:  -80.80272674560547
epoch:  4 batch:  80 region_loss:  10.0 10.0 loc_loss:  1.6148098754882811 reward_loss:  -80.74020385742188
epoch:  4 batch:  90 region_loss:  6.0 6.0 loc_loss:  0.9750074768066406 reward_loss:  -48.750335693359375
epoch:  4 batch:  100 region_loss:  8.0 8.0 loc_loss:  1.2768980407714843 reward_loss:  -63.845272064208984
epoch:  4 batch:  110 region_loss:  4.0 4.0 loc_loss:  0.6643490600585937 reward_loss:  -33.21710968017578
epoch:  4 batch:  120 region_loss:  5.0 5.0 loc_loss:  0.815823974609375 reward_loss:  -40.7918586730957
epoch:  4 batch:  130 region_loss:  7.0 7.0 loc_loss:  1.132635498046875 reward_loss:  -56.631736755371094
acc@1:  0.04750705550329257
epoch: 4 region loss 0.17051094890510948 loc loss 1.3656464079696766 reward loss -68.28232208307642
epoch:  5 batch:  0 region_loss:  10.0 10.0 loc_loss:  1.5739863586425782 reward_loss:  -78.69947052001953
epoch:  5 batch:  10 region_loss:  10.0 10.0 loc_loss:  1.5918583679199219 reward_loss:  -79.59288024902344
epoch:  5 batch:  20 region_loss:  10.0 10.0 loc_loss:  1.528590850830078 reward_loss:  -76.42955780029297
epoch:  5 batch:  30 region_loss:  10.0 10.0 loc_loss:  1.5986329650878905 reward_loss:  -79.93152618408203
epoch:  5 batch:  40 region_loss:  10.0 10.0 loc_loss:  1.5423399353027343 reward_loss:  -77.11669921875
epoch:  5 batch:  50 region_loss:  10.0 10.0 loc_loss:  1.5804158020019532 reward_loss:  -79.0208511352539
epoch:  5 batch:  60 region_loss:  10.0 10.0 loc_loss:  1.5718818664550782 reward_loss:  -78.59497833251953
epoch:  5 batch:  70 region_loss:  10.0 10.0 loc_loss:  1.5569906616210938 reward_loss:  -77.84934997558594
epoch:  5 batch:  80 region_loss:  10.0 10.0 loc_loss:  1.5604464721679687 reward_loss:  -78.02236938476562
epoch:  5 batch:  90 region_loss:  6.0 6.0 loc_loss:  0.9448344421386718 reward_loss:  -47.2418212890625
epoch:  5 batch:  100 region_loss:  8.0 8.0 loc_loss:  1.2301728820800781 reward_loss:  -61.507591247558594
epoch:  5 batch:  110 region_loss:  4.0 4.0 loc_loss:  0.6467565155029297 reward_loss:  -32.337730407714844
epoch:  5 batch:  120 region_loss:  5.0 5.0 loc_loss:  0.7898318481445312 reward_loss:  -39.491851806640625
epoch:  5 batch:  130 region_loss:  7.0 7.0 loc_loss:  1.0979081726074218 reward_loss:  -54.895423889160156
acc@1:  0.061618062088428974
epoch: 5 region loss 0.17051094890510948 loc loss 1.31642488298625 reward loss -65.82119746799887
epoch:  6 batch:  0 region_loss:  10.0 10.0 loc_loss:  1.5190245056152343 reward_loss:  -75.95120239257812
epoch:  6 batch:  10 region_loss:  10.0 10.0 loc_loss:  1.5428842163085938 reward_loss:  -77.14424133300781
epoch:  6 batch:  20 region_loss:  10.0 10.0 loc_loss:  1.4605398559570313 reward_loss:  -73.02711486816406
epoch:  6 batch:  30 region_loss:  10.0 10.0 loc_loss:  1.5406625366210938 reward_loss:  -77.03317260742188
epoch:  6 batch:  40 region_loss:  10.0 10.0 loc_loss:  1.4858992004394531 reward_loss:  -74.2950668334961
epoch:  6 batch:  50 region_loss:  10.0 10.0 loc_loss:  1.518358154296875 reward_loss:  -75.91801452636719
epoch:  6 batch:  60 region_loss:  10.0 10.0 loc_loss:  1.5149813842773439 reward_loss:  -75.74850463867188
epoch:  6 batch:  70 region_loss:  10.0 10.0 loc_loss:  1.4943099975585938 reward_loss:  -74.7148666381836
epoch:  6 batch:  80 region_loss:  10.0 10.0 loc_loss:  1.50340087890625 reward_loss:  -75.1700439453125
epoch:  6 batch:  90 region_loss:  6.0 6.0 loc_loss:  0.9132805633544921 reward_loss:  -45.6640739440918
epoch:  6 batch:  100 region_loss:  8.0 8.0 loc_loss:  1.1795849609375 reward_loss:  -58.97957229614258
epoch:  6 batch:  110 region_loss:  4.0 4.0 loc_loss:  0.628278579711914 reward_loss:  -31.413925170898438
epoch:  6 batch:  120 region_loss:  5.0 5.0 loc_loss:  0.7617037963867187 reward_loss:  -38.08527755737305
epoch:  6 batch:  130 region_loss:  7.0 7.0 loc_loss:  1.0604447937011718 reward_loss:  -53.02215576171875
acc@1:  0.07478833490122296
epoch: 6 region loss 0.17051094890510948 loc loss 1.2642610218577142 reward loss -63.21305599351869
epoch:  7 batch:  0 region_loss:  10.0 10.0 loc_loss:  1.457981414794922 reward_loss:  -72.8994140625
epoch:  7 batch:  10 region_loss:  10.0 10.0 loc_loss:  1.48817138671875 reward_loss:  -74.40855407714844
epoch:  7 batch:  20 region_loss:  10.0 10.0 loc_loss:  1.3875407409667968 reward_loss:  -69.37699127197266
epoch:  7 batch:  30 region_loss:  10.0 10.0 loc_loss:  1.4774371337890626 reward_loss:  -73.87266540527344
epoch:  7 batch:  40 region_loss:  10.0 10.0 loc_loss:  1.4276930236816405 reward_loss:  -71.38465881347656
epoch:  7 batch:  50 region_loss:  10.0 10.0 loc_loss:  1.4514695739746093 reward_loss:  -72.57344818115234
epoch:  7 batch:  60 region_loss:  10.0 10.0 loc_loss:  1.4541954040527343 reward_loss:  -72.71004486083984
epoch:  7 batch:  70 region_loss:  10.0 10.0 loc_loss:  1.4267633056640625 reward_loss:  -71.33830261230469
epoch:  7 batch:  80 region_loss:  10.0 10.0 loc_loss:  1.4432392883300782 reward_loss:  -72.16206359863281
epoch:  7 batch:  90 region_loss:  6.0 6.0 loc_loss:  0.8798855590820313 reward_loss:  -43.99427032470703
epoch:  7 batch:  100 region_loss:  8.0 8.0 loc_loss:  1.124913787841797 reward_loss:  -56.24561309814453
epoch:  7 batch:  110 region_loss:  4.0 4.0 loc_loss:  0.6086594390869141 reward_loss:  -30.43290138244629
epoch:  7 batch:  120 region_loss:  5.0 5.0 loc_loss:  0.7313134002685547 reward_loss:  -36.56574249267578
epoch:  7 batch:  130 region_loss:  7.0 7.0 loc_loss:  1.0205351257324218 reward_loss:  -51.026771545410156
acc@1:  0.08419567262464722
epoch: 7 region loss 0.17051094890510948 loc loss 1.2088936846099632 reward loss -60.44469198519296
epoch:  8 batch:  0 region_loss:  10.0 10.0 loc_loss:  1.3914996337890626 reward_loss:  -69.57489776611328
epoch:  8 batch:  10 region_loss:  10.0 10.0 loc_loss:  1.428245849609375 reward_loss:  -71.41230773925781
epoch:  8 batch:  20 region_loss:  10.0 10.0 loc_loss:  1.310306396484375 reward_loss:  -65.5152359008789
epoch:  8 batch:  30 region_loss:  10.0 10.0 loc_loss:  1.4093525695800782 reward_loss:  -70.46813201904297
epoch:  8 batch:  40 region_loss:  10.0 10.0 loc_loss:  1.3700262451171874 reward_loss:  -68.50125885009766
epoch:  8 batch:  50 region_loss:  10.0 10.0 loc_loss:  1.3800843811035157 reward_loss:  -69.00418090820312
epoch:  8 batch:  60 region_loss:  10.0 10.0 loc_loss:  1.390153350830078 reward_loss:  -69.50749206542969
epoch:  8 batch:  70 region_loss:  10.0 10.0 loc_loss:  1.3551005554199218 reward_loss:  -67.7547607421875
epoch:  8 batch:  80 region_loss:  10.0 10.0 loc_loss:  1.3809288024902344 reward_loss:  -69.04644775390625
epoch:  8 batch:  90 region_loss:  6.0 6.0 loc_loss:  0.8448939514160156 reward_loss:  -42.24470138549805
epoch:  8 batch:  100 region_loss:  8.0 8.0 loc_loss:  1.0672026824951173 reward_loss:  -53.36014175415039
epoch:  8 batch:  110 region_loss:  4.0 4.0 loc_loss:  0.5879937362670898 reward_loss:  -29.399669647216797
epoch:  8 batch:  120 region_loss:  5.0 5.0 loc_loss:  0.699083251953125 reward_loss:  -34.95414733886719
epoch:  8 batch:  130 region_loss:  7.0 7.0 loc_loss:  0.9787638854980468 reward_loss:  -48.938133239746094
acc@1:  0.09642521166509878
epoch: 8 region loss 0.17051094890510948 loc loss 1.1512892496150775 reward loss -57.564466392906915
epoch:  9 batch:  0 region_loss:  10.0 10.0 loc_loss:  1.3212954711914062 reward_loss:  -66.06480407714844
epoch:  9 batch:  10 region_loss:  10.0 10.0 loc_loss:  1.3636854553222657 reward_loss:  -68.18426513671875
epoch:  9 batch:  20 region_loss:  10.0 10.0 loc_loss:  1.2328463745117189 reward_loss:  -61.64232635498047
epoch:  9 batch:  30 region_loss:  10.0 10.0 loc_loss:  1.3373228454589843 reward_loss:  -66.86616516113281
epoch:  9 batch:  40 region_loss:  10.0 10.0 loc_loss:  1.3136972045898438 reward_loss:  -65.68485260009766
epoch:  9 batch:  50 region_loss:  10.0 10.0 loc_loss:  1.3055723571777345 reward_loss:  -65.27855682373047
epoch:  9 batch:  60 region_loss:  10.0 10.0 loc_loss:  1.324724884033203 reward_loss:  -66.23619842529297
epoch:  9 batch:  70 region_loss:  10.0 10.0 loc_loss:  1.281337432861328 reward_loss:  -64.06681060791016
epoch:  9 batch:  80 region_loss:  10.0 10.0 loc_loss:  1.3182174682617187 reward_loss:  -65.91087341308594
epoch:  9 batch:  90 region_loss:  6.0 6.0 loc_loss:  0.8089200592041016 reward_loss:  -40.44572830200195
epoch:  9 batch:  100 region_loss:  8.0 8.0 loc_loss:  1.0084961700439452 reward_loss:  -50.42481994628906
epoch:  9 batch:  110 region_loss:  4.0 4.0 loc_loss:  0.5665437316894532 reward_loss:  -28.327165603637695
epoch:  9 batch:  120 region_loss:  5.0 5.0 loc_loss:  0.6659286499023438 reward_loss:  -33.29722595214844
epoch:  9 batch:  130 region_loss:  7.0 7.0 loc_loss:  0.9356944274902343 reward_loss:  -46.78474807739258
acc@1:  0.10630291627469426
epoch: 9 region loss 0.17051094890510948 loc loss 1.0928497723767356 reward loss -54.64248250696781
epoch:  10 batch:  0 region_loss:  10.0 10.0 loc_loss:  1.2491069793701173 reward_loss:  -62.4553337097168
epoch:  10 batch:  10 region_loss:  10.0 10.0 loc_loss:  1.295804443359375 reward_loss:  -64.79019927978516
epoch:  10 batch:  20 region_loss:  10.0 10.0 loc_loss:  1.1580860137939453 reward_loss:  -57.904502868652344
epoch:  10 batch:  30 region_loss:  10.0 10.0 loc_loss:  1.2633160400390624 reward_loss:  -63.16584396362305
epoch:  10 batch:  40 region_loss:  10.0 10.0 loc_loss:  1.2584528350830078 reward_loss:  -62.92264175415039
epoch:  10 batch:  50 region_loss:  10.0 10.0 loc_loss:  1.229730453491211 reward_loss:  -61.48652267456055
epoch:  10 batch:  60 region_loss:  10.0 10.0 loc_loss:  1.2598927307128907 reward_loss:  -62.994544982910156
epoch:  10 batch:  70 region_loss:  10.0 10.0 loc_loss:  1.2074964141845703 reward_loss:  -60.374820709228516
epoch:  10 batch:  80 region_loss:  10.0 10.0 loc_loss:  1.2571291351318359 reward_loss:  -62.8564567565918
epoch:  10 batch:  90 region_loss:  6.0 6.0 loc_loss:  0.7727007293701171 reward_loss:  -38.634822845458984
epoch:  10 batch:  100 region_loss:  8.0 8.0 loc_loss:  0.9506941223144532 reward_loss:  -47.53468322753906
epoch:  10 batch:  110 region_loss:  4.0 4.0 loc_loss:  0.5444913101196289 reward_loss:  -27.224571228027344
epoch:  10 batch:  120 region_loss:  5.0 5.0 loc_loss:  0.6327642059326172 reward_loss:  -31.638214111328125
epoch:  10 batch:  130 region_loss:  7.0 7.0 loc_loss:  0.8921319580078125 reward_loss:  -44.60661697387695
acc@1:  0.11712135465663218
epoch: 10 region loss 0.17051094890510948 loc loss 1.0349512899357038 reward loss -51.74756176802364
epoch:  11 batch:  0 region_loss:  10.0 10.0 loc_loss:  1.1770043182373047 reward_loss:  -58.850250244140625
epoch:  11 batch:  10 region_loss:  10.0 10.0 loc_loss:  1.2266602325439453 reward_loss:  -61.33301544189453
epoch:  11 batch:  20 region_loss:  10.0 10.0 loc_loss:  1.0870772552490235 reward_loss:  -54.3538932800293
epoch:  11 batch:  30 region_loss:  10.0 10.0 loc_loss:  1.1894970703125 reward_loss:  -59.47484588623047
epoch:  11 batch:  40 region_loss:  10.0 10.0 loc_loss:  1.2041273498535157 reward_loss:  -60.20637130737305
epoch:  11 batch:  50 region_loss:  10.0 10.0 loc_loss:  1.1545707702636718 reward_loss:  -57.72863006591797
epoch:  11 batch:  60 region_loss:  10.0 10.0 loc_loss:  1.1967395782470702 reward_loss:  -59.83698654174805
epoch:  11 batch:  70 region_loss:  10.0 10.0 loc_loss:  1.1360006713867188 reward_loss:  -56.800045013427734
epoch:  11 batch:  80 region_loss:  10.0 10.0 loc_loss:  1.1987992095947266 reward_loss:  -59.93995666503906
epoch:  11 batch:  90 region_loss:  6.0 6.0 loc_loss:  0.7369622802734375 reward_loss:  -36.848751068115234
epoch:  11 batch:  100 region_loss:  8.0 8.0 loc_loss:  0.8950469207763672 reward_loss:  -44.752357482910156
epoch:  11 batch:  110 region_loss:  4.0 4.0 loc_loss:  0.5220090484619141 reward_loss:  -26.10045623779297
epoch:  11 batch:  120 region_loss:  5.0 5.0 loc_loss:  0.6003718566894531 reward_loss:  -30.018592834472656
epoch:  11 batch:  130 region_loss:  7.0 7.0 loc_loss:  0.8490116119384765 reward_loss:  -42.45058822631836
acc@1:  0.12041392285983067
epoch: 11 region loss 0.17051094890510948 loc loss 0.9788207679247334 reward loss -48.94104783552407
epoch:  12 batch:  0 region_loss:  10.0 10.0 loc_loss:  1.1071692657470704 reward_loss:  -55.358421325683594
epoch:  12 batch:  10 region_loss:  10.0 10.0 loc_loss:  1.1586819458007813 reward_loss:  -57.9340934753418
epoch:  12 batch:  20 region_loss:  10.0 10.0 loc_loss:  1.0203263092041015 reward_loss:  -51.016265869140625
epoch:  12 batch:  30 region_loss:  10.0 10.0 loc_loss:  1.1177686309814454 reward_loss:  -55.88845443725586
epoch:  12 batch:  40 region_loss:  10.0 10.0 loc_loss:  1.1511014556884767 reward_loss:  -57.5550537109375
epoch:  12 batch:  50 region_loss:  10.0 10.0 loc_loss:  1.0822206878662108 reward_loss:  -54.11102294921875
epoch:  12 batch:  60 region_loss:  10.0 10.0 loc_loss:  1.1355982208251953 reward_loss:  -56.779937744140625
epoch:  12 batch:  70 region_loss:  10.0 10.0 loc_loss:  1.0691505432128907 reward_loss:  -53.45752716064453
epoch:  12 batch:  80 region_loss:  10.0 10.0 loc_loss:  1.14313720703125 reward_loss:  -57.1568603515625
epoch:  12 batch:  90 region_loss:  6.0 6.0 loc_loss:  0.7021603393554687 reward_loss:  -35.10803985595703
epoch:  12 batch:  100 region_loss:  8.0 8.0 loc_loss:  0.8425519561767578 reward_loss:  -42.12760925292969
epoch:  12 batch:  110 region_loss:  4.0 4.0 loc_loss:  0.4993292236328125 reward_loss:  -24.966468811035156
epoch:  12 batch:  120 region_loss:  5.0 5.0 loc_loss:  0.5693235778808594 reward_loss:  -28.466175079345703
epoch:  12 batch:  130 region_loss:  7.0 7.0 loc_loss:  0.8072040557861329 reward_loss:  -40.360206604003906
acc@1:  0.1288805268109125
epoch: 12 region loss 0.17051094890510948 loc loss 0.9254528697215727 reward loss -46.27263674770828
epoch:  13 batch:  0 region_loss:  10.0 10.0 loc_loss:  1.0413135528564452 reward_loss:  -52.06568145751953
epoch:  13 batch:  10 region_loss:  10.0 10.0 loc_loss:  1.0939923858642577 reward_loss:  -54.69961166381836
epoch:  13 batch:  20 region_loss:  10.0 10.0 loc_loss:  0.9583648681640625 reward_loss:  -47.918243408203125
epoch:  13 batch:  30 region_loss:  10.0 10.0 loc_loss:  1.0498289489746093 reward_loss:  -52.49144744873047
epoch:  13 batch:  40 region_loss:  10.0 10.0 loc_loss:  1.1000734710693358 reward_loss:  -55.003665924072266
epoch:  13 batch:  50 region_loss:  10.0 10.0 loc_loss:  1.014441909790039 reward_loss:  -50.72209930419922
epoch:  13 batch:  60 region_loss:  10.0 10.0 loc_loss:  1.0768659973144532 reward_loss:  -53.843299865722656
epoch:  13 batch:  70 region_loss:  10.0 10.0 loc_loss:  1.008125991821289 reward_loss:  -50.40629959106445
epoch:  13 batch:  80 region_loss:  10.0 10.0 loc_loss:  1.08990234375 reward_loss:  -54.4951171875
epoch:  13 batch:  90 region_loss:  6.0 6.0 loc_loss:  0.6687514495849609 reward_loss:  -33.437564849853516
epoch:  13 batch:  100 region_loss:  8.0 8.0 loc_loss:  0.793948974609375 reward_loss:  -39.697444915771484
epoch:  13 batch:  110 region_loss:  4.0 4.0 loc_loss:  0.47676040649414064 reward_loss:  -23.838008880615234
epoch:  13 batch:  120 region_loss:  5.0 5.0 loc_loss:  0.5398512649536132 reward_loss:  -26.99256134033203
epoch:  13 batch:  130 region_loss:  7.0 7.0 loc_loss:  0.7673428344726563 reward_loss:  -38.367122650146484
acc@1:  0.1317027281279398
epoch: 13 region loss 0.17051094890510948 loc loss 0.8755068493585517 reward loss -43.775342133793515
epoch:  14 batch:  0 region_loss:  10.0 10.0 loc_loss:  0.9803616333007813 reward_loss:  -49.01808547973633
epoch:  14 batch:  10 region_loss:  10.0 10.0 loc_loss:  1.033688507080078 reward_loss:  -51.684417724609375
epoch:  14 batch:  20 region_loss:  10.0 10.0 loc_loss:  0.9017100524902344 reward_loss:  -45.08550262451172
epoch:  14 batch:  30 region_loss:  10.0 10.0 loc_loss:  0.9870265197753906 reward_loss:  -49.351322174072266
epoch:  14 batch:  40 region_loss:  10.0 10.0 loc_loss:  1.0517121124267579 reward_loss:  -52.58559799194336
epoch:  14 batch:  50 region_loss:  10.0 10.0 loc_loss:  0.9522404479980469 reward_loss:  -47.61200714111328
epoch:  14 batch:  60 region_loss:  10.0 10.0 loc_loss:  1.0211186981201172 reward_loss:  -51.05593490600586
epoch:  14 batch:  70 region_loss:  10.0 10.0 loc_loss:  0.9530641174316407 reward_loss:  -47.653202056884766
epoch:  14 batch:  80 region_loss:  10.0 10.0 loc_loss:  1.0391934204101563 reward_loss:  -51.95967102050781
epoch:  14 batch:  90 region_loss:  6.0 6.0 loc_loss:  0.6370655059814453 reward_loss:  -31.853273391723633
epoch:  14 batch:  100 region_loss:  8.0 8.0 loc_loss:  0.7496392059326172 reward_loss:  -37.48195266723633
epoch:  14 batch:  110 region_loss:  4.0 4.0 loc_loss:  0.45459388732910155 reward_loss:  -22.729694366455078
epoch:  14 batch:  120 region_loss:  5.0 5.0 loc_loss:  0.5118918991088868 reward_loss:  -25.59459114074707
epoch:  14 batch:  130 region_loss:  7.0 7.0 loc_loss:  0.7298202514648438 reward_loss:  -36.490997314453125
acc@1:  0.1359360301034807
epoch: 14 region loss 0.17051094890510948 loc loss 0.8292870520153186 reward loss -41.464352336243124
epoch:  15 batch:  0 region_loss:  10.0 10.0 loc_loss:  0.9246244049072265 reward_loss:  -46.23122024536133
epoch:  15 batch:  10 region_loss:  10.0 10.0 loc_loss:  0.9779316711425782 reward_loss:  -48.896583557128906
epoch:  15 batch:  20 region_loss:  10.0 10.0 loc_loss:  0.8506556701660156 reward_loss:  -42.532779693603516
epoch:  15 batch:  30 region_loss:  10.0 10.0 loc_loss:  0.9298503875732422 reward_loss:  -46.49251937866211
epoch:  15 batch:  40 region_loss:  10.0 10.0 loc_loss:  1.0065283203125 reward_loss:  -50.326416015625
epoch:  15 batch:  50 region_loss:  10.0 10.0 loc_loss:  0.8959435272216797 reward_loss:  -44.797176361083984
epoch:  15 batch:  60 region_loss:  10.0 10.0 loc_loss:  0.9687362670898437 reward_loss:  -48.43680953979492
epoch:  15 batch:  70 region_loss:  10.0 10.0 loc_loss:  0.9035140991210937 reward_loss:  -45.17570495605469
epoch:  15 batch:  80 region_loss:  10.0 10.0 loc_loss:  0.9912911987304688 reward_loss:  -49.56455993652344
epoch:  15 batch:  90 region_loss:  6.0 6.0 loc_loss:  0.6072457885742187 reward_loss:  -30.362289428710938
epoch:  15 batch:  100 region_loss:  8.0 8.0 loc_loss:  0.7095833587646484 reward_loss:  -35.47916030883789
epoch:  15 batch:  110 region_loss:  4.0 4.0 loc_loss:  0.4330329895019531 reward_loss:  -21.65164566040039
epoch:  15 batch:  120 region_loss:  5.0 5.0 loc_loss:  0.48530471801757813 reward_loss:  -24.265235900878906
epoch:  15 batch:  130 region_loss:  7.0 7.0 loc_loss:  0.6948089599609375 reward_loss:  -34.740455627441406
acc@1:  0.1359360301034807
epoch: 15 region loss 0.17051094890510948 loc loss 0.7867867538006637 reward loss -39.33933856713511
epoch:  16 batch:  0 region_loss:  10.0 10.0 loc_loss:  0.8740287780761719 reward_loss:  -43.70143127441406
epoch:  16 batch:  10 region_loss:  10.0 10.0 loc_loss:  0.9265541076660156 reward_loss:  -46.327701568603516
epoch:  16 batch:  20 region_loss:  10.0 10.0 loc_loss:  0.8050770568847656 reward_loss:  -40.253849029541016
epoch:  16 batch:  30 region_loss:  10.0 10.0 loc_loss:  0.8779639434814454 reward_loss:  -43.898193359375
epoch:  16 batch:  40 region_loss:  10.0 10.0 loc_loss:  0.9647708129882813 reward_loss:  -48.23854064941406
epoch:  16 batch:  50 region_loss:  10.0 10.0 loc_loss:  0.8454219055175781 reward_loss:  -42.271095275878906
epoch:  16 batch:  60 region_loss:  10.0 10.0 loc_loss:  0.9197034454345703 reward_loss:  -45.985172271728516
epoch:  16 batch:  70 region_loss:  10.0 10.0 loc_loss:  0.8587236785888672 reward_loss:  -42.93618392944336
epoch:  16 batch:  80 region_loss:  10.0 10.0 loc_loss:  0.9464002227783204 reward_loss:  -47.32000732421875
epoch:  16 batch:  90 region_loss:  6.0 6.0 loc_loss:  0.5792433547973633 reward_loss:  -28.962169647216797
epoch:  16 batch:  100 region_loss:  8.0 8.0 loc_loss:  0.6733767700195312 reward_loss:  -33.668846130371094
epoch:  16 batch:  110 region_loss:  4.0 4.0 loc_loss:  0.412186393737793 reward_loss:  -20.60931968688965
epoch:  16 batch:  120 region_loss:  5.0 5.0 loc_loss:  0.4600128936767578 reward_loss:  -23.000640869140625
epoch:  16 batch:  130 region_loss:  7.0 7.0 loc_loss:  0.6622672271728516 reward_loss:  -33.11335754394531
acc@1:  0.13734713076199437
epoch: 16 region loss 0.17051094890510948 loc loss 0.7477774359710025 reward loss -37.388872647807545
epoch:  17 batch:  0 region_loss:  10.0 10.0 loc_loss:  0.8281441497802734 reward_loss:  -41.407203674316406
epoch:  17 batch:  10 region_loss:  10.0 10.0 loc_loss:  0.879383316040039 reward_loss:  -43.96916961669922
epoch:  17 batch:  20 region_loss:  10.0 10.0 loc_loss:  0.7644081878662109 reward_loss:  -38.22041702270508
epoch:  17 batch:  30 region_loss:  10.0 10.0 loc_loss:  0.8307484436035156 reward_loss:  -41.53742218017578
epoch:  17 batch:  40 region_loss:  10.0 10.0 loc_loss:  0.92633056640625 reward_loss:  -46.316524505615234
epoch:  17 batch:  50 region_loss:  10.0 10.0 loc_loss:  0.8001312255859375 reward_loss:  -40.006561279296875
epoch:  17 batch:  60 region_loss:  10.0 10.0 loc_loss:  0.8737532806396484 reward_loss:  -43.687660217285156
epoch:  17 batch:  70 region_loss:  10.0 10.0 loc_loss:  0.8178912353515625 reward_loss:  -40.894561767578125
epoch:  17 batch:  80 region_loss:  10.0 10.0 loc_loss:  0.9044786834716797 reward_loss:  -45.22393035888672
epoch:  17 batch:  90 region_loss:  6.0 6.0 loc_loss:  0.552906265258789 reward_loss:  -27.645315170288086
epoch:  17 batch:  100 region_loss:  8.0 8.0 loc_loss:  0.6404608917236329 reward_loss:  -32.023040771484375
epoch:  17 batch:  110 region_loss:  4.0 4.0 loc_loss:  0.39210315704345705 reward_loss:  -19.605159759521484
epoch:  17 batch:  120 region_loss:  5.0 5.0 loc_loss:  0.43599830627441405 reward_loss:  -21.799917221069336
epoch:  17 batch:  130 region_loss:  7.0 7.0 loc_loss:  0.631986083984375 reward_loss:  -31.59930419921875
acc@1:  0.13640639698965193
epoch: 17 region loss 0.17051094890510948 loc loss 0.7119096328568284 reward loss -35.595482373759694
epoch:  18 batch:  0 region_loss:  10.0 10.0 loc_loss:  0.7863080596923828 reward_loss:  -39.315406799316406
epoch:  18 batch:  10 region_loss:  10.0 10.0 loc_loss:  0.8361683654785156 reward_loss:  -41.808414459228516
epoch:  18 batch:  20 region_loss:  10.0 10.0 loc_loss:  0.7278702545166016 reward_loss:  -36.39350891113281
epoch:  18 batch:  30 region_loss:  10.0 10.0 loc_loss:  0.7875774383544922 reward_loss:  -39.37887191772461
epoch:  18 batch:  40 region_loss:  10.0 10.0 loc_loss:  0.8908045196533203 reward_loss:  -44.54022216796875
epoch:  18 batch:  50 region_loss:  10.0 10.0 loc_loss:  0.7592851257324219 reward_loss:  -37.964256286621094
epoch:  18 batch:  60 region_loss:  10.0 10.0 loc_loss:  0.830589828491211 reward_loss:  -41.52948760986328
epoch:  18 batch:  70 region_loss:  10.0 10.0 loc_loss:  0.7803244018554687 reward_loss:  -39.01621627807617
epoch:  18 batch:  80 region_loss:  10.0 10.0 loc_loss:  0.8652355194091796 reward_loss:  -43.26177215576172
epoch:  18 batch:  90 region_loss:  6.0 6.0 loc_loss:  0.5280596542358399 reward_loss:  -26.402982711791992
epoch:  18 batch:  100 region_loss:  8.0 8.0 loc_loss:  0.6102543258666993 reward_loss:  -30.512714385986328
epoch:  18 batch:  110 region_loss:  4.0 4.0 loc_loss:  0.37279453277587893 reward_loss:  -18.639732360839844
epoch:  18 batch:  120 region_loss:  5.0 5.0 loc_loss:  0.4132424926757812 reward_loss:  -20.66212272644043
epoch:  18 batch:  130 region_loss:  7.0 7.0 loc_loss:  0.6036760330200195 reward_loss:  -30.183801651000977
acc@1:  0.13828786453433678
epoch: 18 region loss 0.17051094890510948 loc loss 0.6787898232118927 reward loss -33.93949019995919
epoch:  19 batch:  0 region_loss:  10.0 10.0 loc_loss:  0.7478481292724609 reward_loss:  -37.392398834228516
epoch:  19 batch:  10 region_loss:  10.0 10.0 loc_loss:  0.7964952087402344 reward_loss:  -39.82475662231445
epoch:  19 batch:  20 region_loss:  10.0 10.0 loc_loss:  0.6947031402587891 reward_loss:  -34.73515319824219
epoch:  19 batch:  30 region_loss:  10.0 10.0 loc_loss:  0.7478543090820312 reward_loss:  -37.3927116394043
epoch:  19 batch:  40 region_loss:  10.0 10.0 loc_loss:  0.8576668548583984 reward_loss:  -42.88334274291992
epoch:  19 batch:  50 region_loss:  10.0 10.0 loc_loss:  0.7221466827392579 reward_loss:  -36.10733413696289
epoch:  19 batch:  60 region_loss:  10.0 10.0 loc_loss:  0.7899786376953125 reward_loss:  -39.498939514160156
epoch:  19 batch:  70 region_loss:  10.0 10.0 loc_loss:  0.7454698181152344 reward_loss:  -37.27348709106445
epoch:  19 batch:  80 region_loss:  10.0 10.0 loc_loss:  0.8282740020751953 reward_loss:  -41.413700103759766
epoch:  19 batch:  90 region_loss:  6.0 6.0 loc_loss:  0.5045455169677734 reward_loss:  -25.22726821899414
epoch:  19 batch:  100 region_loss:  8.0 8.0 loc_loss:  0.5822235870361329 reward_loss:  -29.11117935180664
epoch:  19 batch:  110 region_loss:  4.0 4.0 loc_loss:  0.3542442321777344 reward_loss:  -17.712209701538086
epoch:  19 batch:  120 region_loss:  5.0 5.0 loc_loss:  0.39170017242431643 reward_loss:  -19.584999084472656
epoch:  19 batch:  130 region_loss:  7.0 7.0 loc_loss:  0.5770309448242188 reward_loss:  -28.851547241210938
acc@1:  0.14016933207902163
epoch: 19 region loss 0.17051094890510948 loc loss 0.6480298986226103 reward loss -32.40149356674974
epoch:  20 batch:  0 region_loss:  10.0 10.0 loc_loss:  0.7121987152099609 reward_loss:  -35.60993576049805
epoch:  20 batch:  10 region_loss:  10.0 10.0 loc_loss:  0.7598480987548828 reward_loss:  -37.99240493774414
epoch:  20 batch:  20 region_loss:  10.0 10.0 loc_loss:  0.6642716217041016 reward_loss:  -33.21358108520508
epoch:  20 batch:  30 region_loss:  10.0 10.0 loc_loss:  0.7110631561279297 reward_loss:  -35.55315399169922
epoch:  20 batch:  40 region_loss:  10.0 10.0 loc_loss:  0.8264112854003907 reward_loss:  -41.32056427001953
epoch:  20 batch:  50 region_loss:  10.0 10.0 loc_loss:  0.6881343078613281 reward_loss:  -34.406715393066406
epoch:  20 batch:  60 region_loss:  10.0 10.0 loc_loss:  0.7517286682128906 reward_loss:  -37.58643341064453
epoch:  20 batch:  70 region_loss:  10.0 10.0 loc_loss:  0.7128872680664062 reward_loss:  -35.64435958862305
epoch:  20 batch:  80 region_loss:  10.0 10.0 loc_loss:  0.7932347869873047 reward_loss:  -39.661739349365234
epoch:  20 batch:  90 region_loss:  6.0 6.0 loc_loss:  0.48222152709960936 reward_loss:  -24.111074447631836
epoch:  20 batch:  100 region_loss:  8.0 8.0 loc_loss:  0.5559267807006836 reward_loss:  -27.796337127685547
epoch:  20 batch:  110 region_loss:  4.0 4.0 loc_loss:  0.33642265319824216 reward_loss:  -16.821130752563477
epoch:  20 batch:  120 region_loss:  5.0 5.0 loc_loss:  0.37130767822265626 reward_loss:  -18.56538200378418
epoch:  20 batch:  130 region_loss:  7.0 7.0 loc_loss:  0.5517750930786133 reward_loss:  -27.58875274658203
acc@1:  0.13828786453433678
epoch: 20 region loss 0.17051094890510948 loc loss 0.6192777509758942 reward loss -30.96388728427191
epoch:  21 batch:  0 region_loss:  10.0 10.0 loc_loss:  0.6789068603515624 reward_loss:  -33.94533920288086
epoch:  21 batch:  10 region_loss:  10.0 10.0 loc_loss:  0.725721435546875 reward_loss:  -36.286067962646484
epoch:  21 batch:  20 region_loss:  10.0 10.0 loc_loss:  0.6360773468017578 reward_loss:  -31.803869247436523
epoch:  21 batch:  30 region_loss:  10.0 10.0 loc_loss:  0.6767901611328125 reward_loss:  -33.839508056640625
epoch:  21 batch:  40 region_loss:  10.0 10.0 loc_loss:  0.7966138458251953 reward_loss:  -39.83069610595703
epoch:  21 batch:  50 region_loss:  10.0 10.0 loc_loss:  0.6567649841308594 reward_loss:  -32.83824920654297
epoch:  21 batch:  60 region_loss:  10.0 10.0 loc_loss:  0.7156580352783203 reward_loss:  -35.78289794921875
epoch:  21 batch:  70 region_loss:  10.0 10.0 loc_loss:  0.682228775024414 reward_loss:  -34.1114387512207
epoch:  21 batch:  80 region_loss:  10.0 10.0 loc_loss:  0.7598361206054688 reward_loss:  -37.99180221557617
epoch:  21 batch:  90 region_loss:  6.0 6.0 loc_loss:  0.46095584869384765 reward_loss:  -23.04779052734375
epoch:  21 batch:  100 region_loss:  8.0 8.0 loc_loss:  0.5310298156738281 reward_loss:  -26.551490783691406
epoch:  21 batch:  110 region_loss:  4.0 4.0 loc_loss:  0.3192951774597168 reward_loss:  -15.964761734008789
epoch:  21 batch:  120 region_loss:  5.0 5.0 loc_loss:  0.3520024871826172 reward_loss:  -17.60012435913086
epoch:  21 batch:  130 region_loss:  7.0 7.0 loc_loss:  0.5276863479614258 reward_loss:  -26.384315490722656
acc@1:  0.13687676387582315
epoch: 21 region loss 0.17051094890510948 loc loss 0.5922332355749869 reward loss -29.611660490940956
epoch:  22 batch:  0 region_loss:  10.0 10.0 loc_loss:  0.6476102447509766 reward_loss:  -32.38051223754883
epoch:  22 batch:  10 region_loss:  10.0 10.0 loc_loss:  0.6936885833740234 reward_loss:  -34.68442916870117
epoch:  22 batch:  20 region_loss:  10.0 10.0 loc_loss:  0.6097390747070313 reward_loss:  -30.48695182800293
epoch:  22 batch:  30 region_loss:  10.0 10.0 loc_loss:  0.6447087097167968 reward_loss:  -32.235435485839844
epoch:  22 batch:  40 region_loss:  10.0 10.0 loc_loss:  0.7679589080810547 reward_loss:  -38.39794158935547
epoch:  22 batch:  50 region_loss:  10.0 10.0 loc_loss:  0.6276077651977539 reward_loss:  -31.380393981933594
epoch:  22 batch:  60 region_loss:  10.0 10.0 loc_loss:  0.6815860748291016 reward_loss:  -34.07930374145508
epoch:  22 batch:  70 region_loss:  10.0 10.0 loc_loss:  0.6532264709472656 reward_loss:  -32.66132736206055
epoch:  22 batch:  80 region_loss:  10.0 10.0 loc_loss:  0.7278594970703125 reward_loss:  -36.392967224121094
epoch:  22 batch:  90 region_loss:  6.0 6.0 loc_loss:  0.4406209182739258 reward_loss:  -22.03104591369629
epoch:  22 batch:  100 region_loss:  8.0 8.0 loc_loss:  0.5072967147827149 reward_loss:  -25.36483383178711
epoch:  22 batch:  110 region_loss:  4.0 4.0 loc_loss:  0.3028289985656738 reward_loss:  -15.141449928283691
epoch:  22 batch:  120 region_loss:  5.0 5.0 loc_loss:  0.33372489929199217 reward_loss:  -16.686243057250977
epoch:  22 batch:  130 region_loss:  7.0 7.0 loc_loss:  0.5046006774902344 reward_loss:  -25.23003387451172
acc@1:  0.13358419567262464
epoch: 22 region loss 0.17051094890510948 loc loss 0.5666508256257885 reward loss -28.332540557332283
epoch:  23 batch:  0 region_loss:  10.0 10.0 loc_loss:  0.6180224609375 reward_loss:  -30.901121139526367
epoch:  23 batch:  10 region_loss:  10.0 10.0 loc_loss:  0.6634214019775391 reward_loss:  -33.17107009887695
epoch:  23 batch:  20 region_loss:  10.0 10.0 loc_loss:  0.5849667739868164 reward_loss:  -29.24833869934082
epoch:  23 batch:  30 region_loss:  10.0 10.0 loc_loss:  0.6145545196533203 reward_loss:  -30.727725982666016
epoch:  23 batch:  40 region_loss:  10.0 10.0 loc_loss:  0.7402278137207031 reward_loss:  -37.01138687133789
epoch:  23 batch:  50 region_loss:  10.0 10.0 loc_loss:  0.6002854156494141 reward_loss:  -30.014266967773438
epoch:  23 batch:  60 region_loss:  10.0 10.0 loc_loss:  0.6493326568603516 reward_loss:  -32.46663284301758
epoch:  23 batch:  70 region_loss:  10.0 10.0 loc_loss:  0.6256750106811524 reward_loss:  -31.283748626708984
epoch:  23 batch:  80 region_loss:  10.0 10.0 loc_loss:  0.6971330261230468 reward_loss:  -34.856651306152344
epoch:  23 batch:  90 region_loss:  6.0 6.0 loc_loss:  0.4211012649536133 reward_loss:  -21.055063247680664
epoch:  23 batch:  100 region_loss:  8.0 8.0 loc_loss:  0.48456668853759766 reward_loss:  -24.228334426879883
epoch:  23 batch:  110 region_loss:  4.0 4.0 loc_loss:  0.2869950485229492 reward_loss:  -14.349750518798828
epoch:  23 batch:  120 region_loss:  5.0 5.0 loc_loss:  0.3164149475097656 reward_loss:  -15.820746421813965
epoch:  23 batch:  130 region_loss:  7.0 7.0 loc_loss:  0.4823991012573242 reward_loss:  -24.119953155517578
acc@1:  0.132173095014111
epoch: 23 region loss 0.17051094890510948 loc loss 0.5423336893624633 reward loss -27.11668409222234
epoch:  24 batch:  0 region_loss:  10.0 10.0 loc_loss:  0.5899174499511719 reward_loss:  -29.495872497558594
epoch:  24 batch:  10 region_loss:  10.0 10.0 loc_loss:  0.6346809387207031 reward_loss:  -31.734045028686523
epoch:  24 batch:  20 region_loss:  10.0 10.0 loc_loss:  0.5615323638916015 reward_loss:  -28.076614379882812
epoch:  24 batch:  30 region_loss:  10.0 10.0 loc_loss:  0.5861044692993164 reward_loss:  -29.305219650268555
epoch:  24 batch:  40 region_loss:  10.0 10.0 loc_loss:  0.7132724761962891 reward_loss:  -35.66361618041992
epoch:  24 batch:  50 region_loss:  10.0 10.0 loc_loss:  0.5744847869873047 reward_loss:  -28.72423553466797
epoch:  24 batch:  60 region_loss:  10.0 10.0 loc_loss:  0.6187242889404296 reward_loss:  -30.936214447021484
epoch:  24 batch:  70 region_loss:  10.0 10.0 loc_loss:  0.5994147109985352 reward_loss:  -29.970735549926758
epoch:  24 batch:  80 region_loss:  10.0 10.0 loc_loss:  0.6675198364257813 reward_loss:  -33.37599182128906
epoch:  24 batch:  90 region_loss:  6.0 6.0 loc_loss:  0.4022955322265625 reward_loss:  -20.114776611328125
epoch:  24 batch:  100 region_loss:  8.0 8.0 loc_loss:  0.4627264404296875 reward_loss:  -23.136322021484375
epoch:  24 batch:  110 region_loss:  4.0 4.0 loc_loss:  0.27177043914794924 reward_loss:  -13.588520050048828
epoch:  24 batch:  120 region_loss:  5.0 5.0 loc_loss:  0.300004768371582 reward_loss:  -15.000240325927734
epoch:  24 batch:  130 region_loss:  7.0 7.0 loc_loss:  0.4609908294677734 reward_loss:  -23.049537658691406
acc@1:  0.12935089369708372
epoch: 24 region loss 0.17051094890510948 loc loss 0.5191234259361768 reward loss -25.956171157586315
epoch:  25 batch:  0 region_loss:  10.0 10.0 loc_loss:  0.5631172561645508 reward_loss:  -28.155860900878906
epoch:  25 batch:  10 region_loss:  10.0 10.0 loc_loss:  0.6072819900512695 reward_loss:  -30.36410140991211
epoch:  25 batch:  20 region_loss:  10.0 10.0 loc_loss:  0.5392463684082032 reward_loss:  -26.962316513061523
epoch:  25 batch:  30 region_loss:  10.0 10.0 loc_loss:  0.559162368774414 reward_loss:  -27.95811653137207
epoch:  25 batch:  40 region_loss:  10.0 10.0 loc_loss:  0.6869852447509766 reward_loss:  -34.34925842285156
epoch:  25 batch:  50 region_loss:  10.0 10.0 loc_loss:  0.5499539947509766 reward_loss:  -27.497697830200195
epoch:  25 batch:  60 region_loss:  10.0 10.0 loc_loss:  0.5895919036865235 reward_loss:  -29.47959327697754
epoch:  25 batch:  70 region_loss:  10.0 10.0 loc_loss:  0.5743148040771484 reward_loss:  -28.715740203857422
epoch:  25 batch:  80 region_loss:  10.0 10.0 loc_loss:  0.6388992309570313 reward_loss:  -31.944957733154297
epoch:  25 batch:  90 region_loss:  6.0 6.0 loc_loss:  0.3841172409057617 reward_loss:  -19.20585823059082
epoch:  25 batch:  100 region_loss:  8.0 8.0 loc_loss:  0.4416899871826172 reward_loss:  -22.08449935913086
epoch:  25 batch:  110 region_loss:  4.0 4.0 loc_loss:  0.25713483810424803 reward_loss:  -12.856740951538086
epoch:  25 batch:  120 region_loss:  5.0 5.0 loc_loss:  0.28441720962524414 reward_loss:  -14.22085952758789
epoch:  25 batch:  130 region_loss:  7.0 7.0 loc_loss:  0.4403023529052734 reward_loss:  -22.015117645263672
acc@1:  0.12746942615239887
epoch: 25 region loss 0.17051094890510948 loc loss 0.4968888981672969 reward loss -24.844444240096713
epoch:  26 batch:  0 region_loss:  10.0 10.0 loc_loss:  0.5374818420410157 reward_loss:  -26.87409019470215
epoch:  26 batch:  10 region_loss:  10.0 10.0 loc_loss:  0.5810708618164062 reward_loss:  -29.053543090820312
epoch:  26 batch:  20 region_loss:  10.0 10.0 loc_loss:  0.5179486846923829 reward_loss:  -25.89743423461914
epoch:  26 batch:  30 region_loss:  10.0 10.0 loc_loss:  0.5335515594482422 reward_loss:  -26.67757797241211
epoch:  26 batch:  40 region_loss:  10.0 10.0 loc_loss:  0.6612905120849609 reward_loss:  -33.064517974853516
epoch:  26 batch:  50 region_loss:  10.0 10.0 loc_loss:  0.5264905166625976 reward_loss:  -26.32452392578125
epoch:  26 batch:  60 region_loss:  10.0 10.0 loc_loss:  0.5617797470092774 reward_loss:  -28.088987350463867
epoch:  26 batch:  70 region_loss:  10.0 10.0 loc_loss:  0.5502614974975586 reward_loss:  -27.51307487487793
epoch:  26 batch:  80 region_loss:  10.0 10.0 loc_loss:  0.6111712646484375 reward_loss:  -30.558563232421875
epoch:  26 batch:  90 region_loss:  6.0 6.0 loc_loss:  0.3664966583251953 reward_loss:  -18.324831008911133
epoch:  26 batch:  100 region_loss:  8.0 8.0 loc_loss:  0.42139961242675783 reward_loss:  -21.06998062133789
epoch:  26 batch:  110 region_loss:  4.0 4.0 loc_loss:  0.24306785583496093 reward_loss:  -12.153392791748047
epoch:  26 batch:  120 region_loss:  5.0 5.0 loc_loss:  0.26957098007202146 reward_loss:  -13.47854995727539
epoch:  26 batch:  130 region_loss:  7.0 7.0 loc_loss:  0.4202737045288086 reward_loss:  -21.01368522644043
acc@1:  0.12464722483537159
epoch: 26 region loss 0.17051094890510948 loc loss 0.4755206568919829 reward loss -23.776029917445495
epoch:  27 batch:  0 region_loss:  10.0 10.0 loc_loss:  0.5128981399536133 reward_loss:  -25.644906997680664
epoch:  27 batch:  10 region_loss:  10.0 10.0 loc_loss:  0.5559052276611328 reward_loss:  -27.795257568359375
epoch:  27 batch:  20 region_loss:  10.0 10.0 loc_loss:  0.4975064468383789 reward_loss:  -24.875322341918945
epoch:  27 batch:  30 region_loss:  10.0 10.0 loc_loss:  0.5091118240356445 reward_loss:  -25.455589294433594
epoch:  27 batch:  40 region_loss:  10.0 10.0 loc_loss:  0.636138801574707 reward_loss:  -31.80693817138672
epoch:  27 batch:  50 region_loss:  10.0 10.0 loc_loss:  0.5039386749267578 reward_loss:  -25.19693374633789
epoch:  27 batch:  60 region_loss:  10.0 10.0 loc_loss:  0.5351527786254883 reward_loss:  -26.757638931274414
epoch:  27 batch:  70 region_loss:  10.0 10.0 loc_loss:  0.5271442031860352 reward_loss:  -26.357208251953125
epoch:  27 batch:  80 region_loss:  10.0 10.0 loc_loss:  0.5842459487915039 reward_loss:  -29.212299346923828
epoch:  27 batch:  90 region_loss:  6.0 6.0 loc_loss:  0.34938026428222657 reward_loss:  -17.469013214111328
epoch:  27 batch:  100 region_loss:  8.0 8.0 loc_loss:  0.4018068695068359 reward_loss:  -20.090343475341797
epoch:  27 batch:  110 region_loss:  4.0 4.0 loc_loss:  0.22955263137817383 reward_loss:  -11.477632522583008
epoch:  27 batch:  120 region_loss:  5.0 5.0 loc_loss:  0.2553904724121094 reward_loss:  -12.769521713256836
epoch:  27 batch:  130 region_loss:  7.0 7.0 loc_loss:  0.40085296630859374 reward_loss:  -20.042646408081055
acc@1:  0.12323612417685795
epoch: 27 region loss 0.17051094890510948 loc loss 0.4549265800949431 reward loss -22.746328834199556
epoch:  28 batch:  0 region_loss:  10.0 10.0 loc_loss:  0.4892774200439453 reward_loss:  -24.463871002197266
epoch:  28 batch:  10 region_loss:  10.0 10.0 loc_loss:  0.5316633224487305 reward_loss:  -26.583166122436523
epoch:  28 batch:  20 region_loss:  10.0 10.0 loc_loss:  0.47781135559082033 reward_loss:  -23.890565872192383
epoch:  28 batch:  30 region_loss:  10.0 10.0 loc_loss:  0.48570640563964845 reward_loss:  -24.285320281982422
epoch:  28 batch:  40 region_loss:  10.0 10.0 loc_loss:  0.6114963150024414 reward_loss:  -30.57481575012207
epoch:  28 batch:  50 region_loss:  10.0 10.0 loc_loss:  0.4821803665161133 reward_loss:  -24.109020233154297
epoch:  28 batch:  60 region_loss:  10.0 10.0 loc_loss:  0.5096037673950196 reward_loss:  -25.480186462402344
epoch:  28 batch:  70 region_loss:  10.0 10.0 loc_loss:  0.5048719024658204 reward_loss:  -25.243595123291016
epoch:  28 batch:  80 region_loss:  10.0 10.0 loc_loss:  0.5580593490600586 reward_loss:  -27.90296745300293
epoch:  28 batch:  90 region_loss:  6.0 6.0 loc_loss:  0.3327291870117188 reward_loss:  -16.636457443237305
epoch:  28 batch:  100 region_loss:  8.0 8.0 loc_loss:  0.3828759765625 reward_loss:  -19.143798828125
epoch:  28 batch:  110 region_loss:  4.0 4.0 loc_loss:  0.21656757354736328 reward_loss:  -10.828376770019531
epoch:  28 batch:  120 region_loss:  5.0 5.0 loc_loss:  0.24180727005004882 reward_loss:  -12.090363502502441
epoch:  28 batch:  130 region_loss:  7.0 7.0 loc_loss:  0.3819990921020508 reward_loss:  -19.099952697753906
