nohup: ignoring input
cuda
epoch:  0 batch:  0 region_loss:  10.0 10.0 loc_loss:  1.9837432861328126 reward_loss:  -99.18651580810547
epoch:  0 batch:  10 region_loss:  10.0 10.0 loc_loss:  1.9852940368652343 reward_loss:  -99.26458740234375
epoch:  0 batch:  20 region_loss:  10.0 10.0 loc_loss:  1.9891252136230468 reward_loss:  -99.45641326904297
epoch:  0 batch:  30 region_loss:  10.0 10.0 loc_loss:  1.9850662231445313 reward_loss:  -99.25349426269531
epoch:  0 batch:  40 region_loss:  10.0 10.0 loc_loss:  1.9776043701171875 reward_loss:  -98.88070678710938
epoch:  0 batch:  50 region_loss:  10.0 10.0 loc_loss:  1.9787542724609375 reward_loss:  -98.9377212524414
epoch:  0 batch:  60 region_loss:  10.0 10.0 loc_loss:  1.9834103393554687 reward_loss:  -99.17042541503906
epoch:  0 batch:  70 region_loss:  10.0 10.0 loc_loss:  1.9767546081542968 reward_loss:  -98.83795928955078
epoch:  0 batch:  80 region_loss:  10.0 10.0 loc_loss:  1.9786494445800782 reward_loss:  -98.93296813964844
epoch:  0 batch:  90 region_loss:  6.0 6.0 loc_loss:  1.1806773376464843 reward_loss:  -59.034339904785156
epoch:  0 batch:  100 region_loss:  8.0 8.0 loc_loss:  1.5782737731933594 reward_loss:  -78.9130859375
epoch:  0 batch:  110 region_loss:  4.0 4.0 loc_loss:  0.7870299530029297 reward_loss:  -39.35159683227539
epoch:  0 batch:  120 region_loss:  5.0 5.0 loc_loss:  0.9787664794921875 reward_loss:  -48.93848419189453
epoch:  0 batch:  130 region_loss:  7.0 7.0 loc_loss:  1.3705729675292968 reward_loss:  -68.5287094116211
acc@1:  0.0061147695202257765
epoch: 0 region loss 0.17051094890510948 loc loss 1.686313451502445 reward loss -84.31566995773872
epoch:  1 batch:  0 region_loss:  10.0 10.0 loc_loss:  1.9081439208984374 reward_loss:  -95.40670776367188
epoch:  1 batch:  10 region_loss:  10.0 10.0 loc_loss:  1.9313554382324218 reward_loss:  -96.56761932373047
epoch:  1 batch:  20 region_loss:  10.0 10.0 loc_loss:  1.927117919921875 reward_loss:  -96.35678100585938
epoch:  1 batch:  30 region_loss:  10.0 10.0 loc_loss:  1.9234217834472656 reward_loss:  -96.17037200927734
epoch:  1 batch:  40 region_loss:  10.0 10.0 loc_loss:  1.912706298828125 reward_loss:  -95.6349868774414
epoch:  1 batch:  50 region_loss:  10.0 10.0 loc_loss:  1.9017262268066406 reward_loss:  -95.08595275878906
epoch:  1 batch:  60 region_loss:  10.0 10.0 loc_loss:  1.8961766052246094 reward_loss:  -94.8085708618164
epoch:  1 batch:  70 region_loss:  10.0 10.0 loc_loss:  1.8731219482421875 reward_loss:  -93.65619659423828
epoch:  1 batch:  80 region_loss:  10.0 10.0 loc_loss:  1.8612263488769532 reward_loss:  -93.06076049804688
epoch:  1 batch:  90 region_loss:  6.0 6.0 loc_loss:  1.1000253295898437 reward_loss:  -55.00179672241211
epoch:  1 batch:  100 region_loss:  8.0 8.0 loc_loss:  1.4653395080566407 reward_loss:  -73.26717376708984
epoch:  1 batch:  110 region_loss:  4.0 4.0 loc_loss:  0.7360313415527344 reward_loss:  -36.80122756958008
epoch:  1 batch:  120 region_loss:  5.0 5.0 loc_loss:  0.9035858154296875 reward_loss:  -45.179534912109375
epoch:  1 batch:  130 region_loss:  7.0 7.0 loc_loss:  1.2534613037109374 reward_loss:  -62.67333984375
acc@1:  0.022577610536218252
epoch: 1 region loss 0.17051094890510948 loc loss 1.601648516132884 reward loss -80.08243519024258
epoch:  2 batch:  0 region_loss:  10.0 10.0 loc_loss:  1.7206660461425782 reward_loss:  -86.03328704833984
epoch:  2 batch:  10 region_loss:  10.0 10.0 loc_loss:  1.7542530822753906 reward_loss:  -87.71281433105469
epoch:  2 batch:  20 region_loss:  10.0 10.0 loc_loss:  1.7463565063476563 reward_loss:  -87.31745147705078
epoch:  2 batch:  30 region_loss:  10.0 10.0 loc_loss:  1.7581179809570313 reward_loss:  -87.90613555908203
epoch:  2 batch:  40 region_loss:  10.0 10.0 loc_loss:  1.7304852294921875 reward_loss:  -86.5239486694336
epoch:  2 batch:  50 region_loss:  10.0 10.0 loc_loss:  1.7647686767578126 reward_loss:  -88.23899841308594
epoch:  2 batch:  60 region_loss:  10.0 10.0 loc_loss:  1.7426983642578124 reward_loss:  -87.13497924804688
epoch:  2 batch:  70 region_loss:  10.0 10.0 loc_loss:  1.7399620056152343 reward_loss:  -86.99862670898438
epoch:  2 batch:  80 region_loss:  10.0 10.0 loc_loss:  1.7213630676269531 reward_loss:  -86.06863403320312
epoch:  2 batch:  90 region_loss:  6.0 6.0 loc_loss:  1.0289025115966797 reward_loss:  -51.44501876831055
epoch:  2 batch:  100 region_loss:  8.0 8.0 loc_loss:  1.3791896057128907 reward_loss:  -68.95954895019531
epoch:  2 batch:  110 region_loss:  4.0 4.0 loc_loss:  0.7000920867919922 reward_loss:  -35.00507354736328
epoch:  2 batch:  120 region_loss:  5.0 5.0 loc_loss:  0.8638759613037109 reward_loss:  -43.19352340698242
epoch:  2 batch:  130 region_loss:  7.0 7.0 loc_loss:  1.2008528900146485 reward_loss:  -60.04254150390625
acc@1:  0.032455315145813735
epoch: 2 region loss 0.17051094890510948 loc loss 1.4734076406659873 reward loss -73.67041678324233
epoch:  3 batch:  0 region_loss:  10.0 10.0 loc_loss:  1.668089599609375 reward_loss:  -83.40458679199219
epoch:  3 batch:  10 region_loss:  10.0 10.0 loc_loss:  1.6820361328125 reward_loss:  -84.10105895996094
epoch:  3 batch:  20 region_loss:  10.0 10.0 loc_loss:  1.6561448669433594 reward_loss:  -82.80779266357422
epoch:  3 batch:  30 region_loss:  10.0 10.0 loc_loss:  1.6915470886230468 reward_loss:  -84.57699584960938
epoch:  3 batch:  40 region_loss:  10.0 10.0 loc_loss:  1.6526496887207032 reward_loss:  -82.63184356689453
epoch:  3 batch:  50 region_loss:  10.0 10.0 loc_loss:  1.6939256286621094 reward_loss:  -84.69635772705078
epoch:  3 batch:  60 region_loss:  10.0 10.0 loc_loss:  1.6774415588378906 reward_loss:  -83.87164306640625
epoch:  3 batch:  70 region_loss:  10.0 10.0 loc_loss:  1.6690351867675781 reward_loss:  -83.45217895507812
epoch:  3 batch:  80 region_loss:  10.0 10.0 loc_loss:  1.6617861938476564 reward_loss:  -83.08969116210938
epoch:  3 batch:  90 region_loss:  6.0 6.0 loc_loss:  0.9959971618652343 reward_loss:  -49.79972839355469
epoch:  3 batch:  100 region_loss:  8.0 8.0 loc_loss:  1.330648193359375 reward_loss:  -66.53226470947266
epoch:  3 batch:  110 region_loss:  4.0 4.0 loc_loss:  0.6799709320068359 reward_loss:  -33.99899673461914
epoch:  3 batch:  120 region_loss:  5.0 5.0 loc_loss:  0.8399591064453125 reward_loss:  -41.99785614013672
epoch:  3 batch:  130 region_loss:  7.0 7.0 loc_loss:  1.1685881042480468 reward_loss:  -58.42934799194336
acc@1:  0.04045155221072436
epoch: 3 region loss 0.17051094890510948 loc loss 1.4133498042865391 reward loss -70.6675078677435
epoch:  4 batch:  0 region_loss:  10.0 10.0 loc_loss:  1.62607177734375 reward_loss:  -81.30308532714844
epoch:  4 batch:  10 region_loss:  10.0 10.0 loc_loss:  1.6367889404296876 reward_loss:  -81.83930969238281
epoch:  4 batch:  20 region_loss:  10.0 10.0 loc_loss:  1.5920069885253907 reward_loss:  -79.60071563720703
epoch:  4 batch:  30 region_loss:  10.0 10.0 loc_loss:  1.6401580810546874 reward_loss:  -82.00828552246094
epoch:  4 batch:  40 region_loss:  10.0 10.0 loc_loss:  1.59430419921875 reward_loss:  -79.7151870727539
epoch:  4 batch:  50 region_loss:  10.0 10.0 loc_loss:  1.6361619567871093 reward_loss:  -81.80789947509766
epoch:  4 batch:  60 region_loss:  10.0 10.0 loc_loss:  1.6245254516601562 reward_loss:  -81.22579193115234
epoch:  4 batch:  70 region_loss:  10.0 10.0 loc_loss:  1.6083424377441407 reward_loss:  -80.416748046875
epoch:  4 batch:  80 region_loss:  10.0 10.0 loc_loss:  1.6106222534179688 reward_loss:  -80.53128051757812
epoch:  4 batch:  90 region_loss:  6.0 6.0 loc_loss:  0.9674149322509765 reward_loss:  -48.37111282348633
epoch:  4 batch:  100 region_loss:  8.0 8.0 loc_loss:  1.2855851745605469 reward_loss:  -64.27908325195312
epoch:  4 batch:  110 region_loss:  4.0 4.0 loc_loss:  0.6619460296630859 reward_loss:  -33.098331451416016
epoch:  4 batch:  120 region_loss:  5.0 5.0 loc_loss:  0.8162366485595703 reward_loss:  -40.812381744384766
epoch:  4 batch:  130 region_loss:  7.0 7.0 loc_loss:  1.1368553161621093 reward_loss:  -56.84282684326172
acc@1:  0.05032925682031985
epoch: 4 region loss 0.17051094890510948 loc loss 1.364712994429317 reward loss -68.235700287088
epoch:  5 batch:  0 region_loss:  10.0 10.0 loc_loss:  1.579212646484375 reward_loss:  -78.96044158935547
epoch:  5 batch:  10 region_loss:  10.0 10.0 loc_loss:  1.592041015625 reward_loss:  -79.60221862792969
epoch:  5 batch:  20 region_loss:  10.0 10.0 loc_loss:  1.5296751403808593 reward_loss:  -76.48546600341797
epoch:  5 batch:  30 region_loss:  10.0 10.0 loc_loss:  1.5877790832519532 reward_loss:  -79.38936614990234
epoch:  5 batch:  40 region_loss:  10.0 10.0 loc_loss:  1.5369244384765626 reward_loss:  -76.84554290771484
epoch:  5 batch:  50 region_loss:  10.0 10.0 loc_loss:  1.57824462890625 reward_loss:  -78.91217803955078
epoch:  5 batch:  60 region_loss:  10.0 10.0 loc_loss:  1.5715936279296876 reward_loss:  -78.57962799072266
epoch:  5 batch:  70 region_loss:  10.0 10.0 loc_loss:  1.5481672668457032 reward_loss:  -77.40799713134766
epoch:  5 batch:  80 region_loss:  10.0 10.0 loc_loss:  1.5586930847167968 reward_loss:  -77.93470001220703
epoch:  5 batch:  90 region_loss:  6.0 6.0 loc_loss:  0.9384796905517578 reward_loss:  -46.924076080322266
epoch:  5 batch:  100 region_loss:  8.0 8.0 loc_loss:  1.239061279296875 reward_loss:  -61.953041076660156
epoch:  5 batch:  110 region_loss:  4.0 4.0 loc_loss:  0.6439828491210937 reward_loss:  -32.198997497558594
epoch:  5 batch:  120 region_loss:  5.0 5.0 loc_loss:  0.7908219909667968 reward_loss:  -39.54092788696289
epoch:  5 batch:  130 region_loss:  7.0 7.0 loc_loss:  1.1028764343261719 reward_loss:  -55.143775939941406
acc@1:  0.06114769520225776
epoch: 5 region loss 0.17051094890510948 loc loss 1.315739576520711 reward loss -65.78697974490423
epoch:  6 batch:  0 region_loss:  10.0 10.0 loc_loss:  1.5264120483398438 reward_loss:  -76.3200912475586
epoch:  6 batch:  10 region_loss:  10.0 10.0 loc_loss:  1.543714599609375 reward_loss:  -77.18569946289062
epoch:  6 batch:  20 region_loss:  10.0 10.0 loc_loss:  1.4636018371582031 reward_loss:  -73.17999267578125
epoch:  6 batch:  30 region_loss:  10.0 10.0 loc_loss:  1.5312603759765624 reward_loss:  -76.56321716308594
epoch:  6 batch:  40 region_loss:  10.0 10.0 loc_loss:  1.4785060119628906 reward_loss:  -73.92533111572266
epoch:  6 batch:  50 region_loss:  10.0 10.0 loc_loss:  1.516717529296875 reward_loss:  -75.83583068847656
epoch:  6 batch:  60 region_loss:  10.0 10.0 loc_loss:  1.5158709716796874 reward_loss:  -75.79326629638672
epoch:  6 batch:  70 region_loss:  10.0 10.0 loc_loss:  1.4847006225585937 reward_loss:  -74.23486328125
epoch:  6 batch:  80 region_loss:  10.0 10.0 loc_loss:  1.503524627685547 reward_loss:  -75.17610168457031
epoch:  6 batch:  90 region_loss:  6.0 6.0 loc_loss:  0.9079865264892578 reward_loss:  -45.399227142333984
epoch:  6 batch:  100 region_loss:  8.0 8.0 loc_loss:  1.1888812255859376 reward_loss:  -59.44343566894531
epoch:  6 batch:  110 region_loss:  4.0 4.0 loc_loss:  0.6249950408935547 reward_loss:  -31.249778747558594
epoch:  6 batch:  120 region_loss:  5.0 5.0 loc_loss:  0.7629560852050781 reward_loss:  -38.14777374267578
epoch:  6 batch:  130 region_loss:  7.0 7.0 loc_loss:  1.0658425903320312 reward_loss:  -53.29212188720703
acc@1:  0.07478833490122296
epoch: 6 region loss 0.17051094890510948 loc loss 1.2638967288497591 reward loss -63.194804476995536
epoch:  7 batch:  0 region_loss:  10.0 10.0 loc_loss:  1.4671603393554689 reward_loss:  -73.35819244384766
epoch:  7 batch:  10 region_loss:  10.0 10.0 loc_loss:  1.4903355407714844 reward_loss:  -74.51676940917969
epoch:  7 batch:  20 region_loss:  10.0 10.0 loc_loss:  1.3924678039550782 reward_loss:  -69.62349700927734
epoch:  7 batch:  30 region_loss:  10.0 10.0 loc_loss:  1.4696681213378906 reward_loss:  -73.48332214355469
epoch:  7 batch:  40 region_loss:  10.0 10.0 loc_loss:  1.4199224853515624 reward_loss:  -70.99610900878906
epoch:  7 batch:  50 region_loss:  10.0 10.0 loc_loss:  1.4499571228027344 reward_loss:  -72.49781799316406
epoch:  7 batch:  60 region_loss:  10.0 10.0 loc_loss:  1.456415557861328 reward_loss:  -72.82083129882812
epoch:  7 batch:  70 region_loss:  10.0 10.0 loc_loss:  1.4165657043457032 reward_loss:  -70.82850646972656
epoch:  7 batch:  80 region_loss:  10.0 10.0 loc_loss:  1.4447869873046875 reward_loss:  -72.2393569946289
epoch:  7 batch:  90 region_loss:  6.0 6.0 loc_loss:  0.8758592224121093 reward_loss:  -43.79296112060547
epoch:  7 batch:  100 region_loss:  8.0 8.0 loc_loss:  1.1347108459472657 reward_loss:  -56.735565185546875
epoch:  7 batch:  110 region_loss:  4.0 4.0 loc_loss:  0.6048736190795898 reward_loss:  -30.243717193603516
epoch:  7 batch:  120 region_loss:  5.0 5.0 loc_loss:  0.7328276062011718 reward_loss:  -36.64140319824219
epoch:  7 batch:  130 region_loss:  7.0 7.0 loc_loss:  1.0259432220458984 reward_loss:  -51.29713439941406
acc@1:  0.08607714016933207
epoch: 7 region loss 0.17051094890510948 loc loss 1.208958710719199 reward loss -60.44791246678707
epoch:  8 batch:  0 region_loss:  10.0 10.0 loc_loss:  1.402144012451172 reward_loss:  -70.10719299316406
epoch:  8 batch:  10 region_loss:  10.0 10.0 loc_loss:  1.4321507263183593 reward_loss:  -71.60752868652344
epoch:  8 batch:  20 region_loss:  10.0 10.0 loc_loss:  1.3176069641113282 reward_loss:  -65.88031768798828
epoch:  8 batch:  30 region_loss:  10.0 10.0 loc_loss:  1.4030747985839844 reward_loss:  -70.15360260009766
epoch:  8 batch:  40 region_loss:  10.0 10.0 loc_loss:  1.3629461669921874 reward_loss:  -68.14730834960938
epoch:  8 batch:  50 region_loss:  10.0 10.0 loc_loss:  1.3780987548828125 reward_loss:  -68.90491485595703
epoch:  8 batch:  60 region_loss:  10.0 10.0 loc_loss:  1.3939546203613282 reward_loss:  -69.6977310180664
epoch:  8 batch:  70 region_loss:  10.0 10.0 loc_loss:  1.3445997619628907 reward_loss:  -67.2303695678711
epoch:  8 batch:  80 region_loss:  10.0 10.0 loc_loss:  1.3835746765136718 reward_loss:  -69.1787338256836
epoch:  8 batch:  90 region_loss:  6.0 6.0 loc_loss:  0.8423550415039063 reward_loss:  -42.11774444580078
epoch:  8 batch:  100 region_loss:  8.0 8.0 loc_loss:  1.0776362609863281 reward_loss:  -53.88108825683594
epoch:  8 batch:  110 region_loss:  4.0 4.0 loc_loss:  0.5837187576293945 reward_loss:  -29.185914993286133
epoch:  8 batch:  120 region_loss:  5.0 5.0 loc_loss:  0.7008746337890625 reward_loss:  -35.043724060058594
epoch:  8 batch:  130 region_loss:  7.0 7.0 loc_loss:  0.9838450622558593 reward_loss:  -49.19224548339844
acc@1:  0.09971777986829727
epoch: 8 region loss 0.17051094890510948 loc loss 1.151871631928604 reward loss -57.593573284845284
epoch:  9 batch:  0 region_loss:  10.0 10.0 loc_loss:  1.3327734375 reward_loss:  -66.63871002197266
epoch:  9 batch:  10 region_loss:  10.0 10.0 loc_loss:  1.3697801208496094 reward_loss:  -68.4889907836914
epoch:  9 batch:  20 region_loss:  10.0 10.0 loc_loss:  1.2410459899902344 reward_loss:  -62.05211639404297
epoch:  9 batch:  30 region_loss:  10.0 10.0 loc_loss:  1.332557373046875 reward_loss:  -66.6279067993164
epoch:  9 batch:  40 region_loss:  10.0 10.0 loc_loss:  1.3080874633789064 reward_loss:  -65.40437316894531
epoch:  9 batch:  50 region_loss:  10.0 10.0 loc_loss:  1.3026017761230468 reward_loss:  -65.13008880615234
epoch:  9 batch:  60 region_loss:  10.0 10.0 loc_loss:  1.3299752807617187 reward_loss:  -66.49878692626953
epoch:  9 batch:  70 region_loss:  10.0 10.0 loc_loss:  1.270998764038086 reward_loss:  -63.54984664916992
epoch:  9 batch:  80 region_loss:  10.0 10.0 loc_loss:  1.3218446350097657 reward_loss:  -66.09222412109375
epoch:  9 batch:  90 region_loss:  6.0 6.0 loc_loss:  0.8078720092773437 reward_loss:  -40.39352035522461
epoch:  9 batch:  100 region_loss:  8.0 8.0 loc_loss:  1.0192560577392578 reward_loss:  -50.96265411376953
epoch:  9 batch:  110 region_loss:  4.0 4.0 loc_loss:  0.561675910949707 reward_loss:  -28.08379554748535
epoch:  9 batch:  120 region_loss:  5.0 5.0 loc_loss:  0.6677919006347657 reward_loss:  -33.389591217041016
epoch:  9 batch:  130 region_loss:  7.0 7.0 loc_loss:  0.940328369140625 reward_loss:  -47.016422271728516
acc@1:  0.11429915333960489
epoch: 9 region loss 0.17051094890510948 loc loss 1.0938556568117908 reward loss -54.69277354052467
epoch:  10 batch:  0 region_loss:  10.0 10.0 loc_loss:  1.2610646057128907 reward_loss:  -63.05322265625
epoch:  10 batch:  10 region_loss:  10.0 10.0 loc_loss:  1.3043832397460937 reward_loss:  -65.21916198730469
epoch:  10 batch:  20 region_loss:  10.0 10.0 loc_loss:  1.1649763488769531 reward_loss:  -58.248680114746094
epoch:  10 batch:  30 region_loss:  10.0 10.0 loc_loss:  1.2597218322753907 reward_loss:  -62.98609924316406
epoch:  10 batch:  40 region_loss:  10.0 10.0 loc_loss:  1.2543881225585938 reward_loss:  -62.71940994262695
epoch:  10 batch:  50 region_loss:  10.0 10.0 loc_loss:  1.2258309173583983 reward_loss:  -61.291542053222656
epoch:  10 batch:  60 region_loss:  10.0 10.0 loc_loss:  1.266100845336914 reward_loss:  -63.30503463745117
epoch:  10 batch:  70 region_loss:  10.0 10.0 loc_loss:  1.198249282836914 reward_loss:  -59.9124755859375
epoch:  10 batch:  80 region_loss:  10.0 10.0 loc_loss:  1.261727523803711 reward_loss:  -63.08637619018555
epoch:  10 batch:  90 region_loss:  6.0 6.0 loc_loss:  0.7729035949707032 reward_loss:  -38.64518356323242
epoch:  10 batch:  100 region_loss:  8.0 8.0 loc_loss:  0.9613705444335937 reward_loss:  -48.06853103637695
epoch:  10 batch:  110 region_loss:  4.0 4.0 loc_loss:  0.5389777755737305 reward_loss:  -26.94888687133789
epoch:  10 batch:  120 region_loss:  5.0 5.0 loc_loss:  0.6345056533813477 reward_loss:  -31.725299835205078
epoch:  10 batch:  130 region_loss:  7.0 7.0 loc_loss:  0.8962252807617187 reward_loss:  -44.81127166748047
acc@1:  0.1251175917215428
epoch: 10 region loss 0.17051094890510948 loc loss 1.0362451770531869 reward loss -51.81225268510136
epoch:  11 batch:  0 region_loss:  10.0 10.0 loc_loss:  1.188921661376953 reward_loss:  -59.446075439453125
epoch:  11 batch:  10 region_loss:  10.0 10.0 loc_loss:  1.2376557159423829 reward_loss:  -61.882781982421875
epoch:  11 batch:  20 region_loss:  10.0 10.0 loc_loss:  1.0913914489746093 reward_loss:  -54.5695686340332
epoch:  11 batch:  30 region_loss:  10.0 10.0 loc_loss:  1.1865252685546874 reward_loss:  -59.3263053894043
epoch:  11 batch:  40 region_loss:  10.0 10.0 loc_loss:  1.2012016296386718 reward_loss:  -60.06007766723633
epoch:  11 batch:  50 region_loss:  10.0 10.0 loc_loss:  1.1505894470214844 reward_loss:  -57.52947998046875
epoch:  11 batch:  60 region_loss:  10.0 10.0 loc_loss:  1.203466567993164 reward_loss:  -60.1733283996582
epoch:  11 batch:  70 region_loss:  10.0 10.0 loc_loss:  1.1288755798339845 reward_loss:  -56.44378662109375
epoch:  11 batch:  80 region_loss:  10.0 10.0 loc_loss:  1.204319076538086 reward_loss:  -60.21595001220703
epoch:  11 batch:  90 region_loss:  6.0 6.0 loc_loss:  0.7380587005615235 reward_loss:  -36.90293502807617
epoch:  11 batch:  100 region_loss:  8.0 8.0 loc_loss:  0.905435791015625 reward_loss:  -45.27178955078125
epoch:  11 batch:  110 region_loss:  4.0 4.0 loc_loss:  0.5158634185791016 reward_loss:  -25.79317855834961
epoch:  11 batch:  120 region_loss:  5.0 5.0 loc_loss:  0.6018356323242188 reward_loss:  -30.091796875
epoch:  11 batch:  130 region_loss:  7.0 7.0 loc_loss:  0.8524440002441406 reward_loss:  -42.6221923828125
acc@1:  0.1288805268109125
epoch: 11 region loss 0.17051094890510948 loc loss 0.9802875660805807 reward loss -49.01437755222738
epoch:  12 batch:  0 region_loss:  10.0 10.0 loc_loss:  1.1184497833251954 reward_loss:  -55.92251205444336
epoch:  12 batch:  10 region_loss:  10.0 10.0 loc_loss:  1.171330337524414 reward_loss:  -58.56651306152344
epoch:  12 batch:  20 region_loss:  10.0 10.0 loc_loss:  1.0219593811035157 reward_loss:  -51.09798049926758
epoch:  12 batch:  30 region_loss:  10.0 10.0 loc_loss:  1.1147443389892577 reward_loss:  -55.737205505371094
epoch:  12 batch:  40 region_loss:  10.0 10.0 loc_loss:  1.148799514770508 reward_loss:  -57.439979553222656
epoch:  12 batch:  50 region_loss:  10.0 10.0 loc_loss:  1.0791354370117188 reward_loss:  -53.95676803588867
epoch:  12 batch:  60 region_loss:  10.0 10.0 loc_loss:  1.142562713623047 reward_loss:  -57.12812805175781
epoch:  12 batch:  70 region_loss:  10.0 10.0 loc_loss:  1.0644358825683593 reward_loss:  -53.22179412841797
epoch:  12 batch:  80 region_loss:  10.0 10.0 loc_loss:  1.1496575927734376 reward_loss:  -57.482887268066406
epoch:  12 batch:  90 region_loss:  6.0 6.0 loc_loss:  0.7039359283447265 reward_loss:  -35.196800231933594
epoch:  12 batch:  100 region_loss:  8.0 8.0 loc_loss:  0.8527703857421876 reward_loss:  -42.63852310180664
epoch:  12 batch:  110 region_loss:  4.0 4.0 loc_loss:  0.4926430130004883 reward_loss:  -24.632137298583984
epoch:  12 batch:  120 region_loss:  5.0 5.0 loc_loss:  0.5704356002807617 reward_loss:  -28.52178192138672
epoch:  12 batch:  130 region_loss:  7.0 7.0 loc_loss:  0.8098609924316407 reward_loss:  -40.493045806884766
acc@1:  0.1349952963311383
epoch: 12 region loss 0.17051094890510948 loc loss 0.9269642847993949 reward loss -46.34821394760243
epoch:  13 batch:  0 region_loss:  10.0 10.0 loc_loss:  1.0518112182617188 reward_loss:  -52.59056091308594
epoch:  13 batch:  10 region_loss:  10.0 10.0 loc_loss:  1.1066213989257812 reward_loss:  -55.33106994628906
epoch:  13 batch:  20 region_loss:  10.0 10.0 loc_loss:  0.9580403137207031 reward_loss:  -47.902015686035156
epoch:  13 batch:  30 region_loss:  10.0 10.0 loc_loss:  1.0461373138427734 reward_loss:  -52.30684280395508
epoch:  13 batch:  40 region_loss:  10.0 10.0 loc_loss:  1.0981359100341797 reward_loss:  -54.906795501708984
epoch:  13 batch:  50 region_loss:  10.0 10.0 loc_loss:  1.0126030731201172 reward_loss:  -50.63015365600586
epoch:  13 batch:  60 region_loss:  10.0 10.0 loc_loss:  1.0839089202880858 reward_loss:  -54.19544219970703
epoch:  13 batch:  70 region_loss:  10.0 10.0 loc_loss:  1.0056700134277343 reward_loss:  -50.28350830078125
epoch:  13 batch:  80 region_loss:  10.0 10.0 loc_loss:  1.097565689086914 reward_loss:  -54.87827682495117
epoch:  13 batch:  90 region_loss:  6.0 6.0 loc_loss:  0.6710314178466796 reward_loss:  -33.551570892333984
epoch:  13 batch:  100 region_loss:  8.0 8.0 loc_loss:  0.8043724060058594 reward_loss:  -40.21862030029297
epoch:  13 batch:  110 region_loss:  4.0 4.0 loc_loss:  0.46972248077392575 reward_loss:  -23.486122131347656
epoch:  13 batch:  120 region_loss:  5.0 5.0 loc_loss:  0.5406586456298829 reward_loss:  -27.032928466796875
epoch:  13 batch:  130 region_loss:  7.0 7.0 loc_loss:  0.7691911315917969 reward_loss:  -38.45955276489258
acc@1:  0.14063969896519285
epoch: 13 region loss 0.17051094890510948 loc loss 0.8769349915441805 reward loss -43.84674849127331
epoch:  14 batch:  0 region_loss:  10.0 10.0 loc_loss:  0.99054443359375 reward_loss:  -49.527217864990234
epoch:  14 batch:  10 region_loss:  10.0 10.0 loc_loss:  1.0444554901123047 reward_loss:  -52.222774505615234
epoch:  14 batch:  20 region_loss:  10.0 10.0 loc_loss:  0.9005768585205078 reward_loss:  -45.028839111328125
epoch:  14 batch:  30 region_loss:  10.0 10.0 loc_loss:  0.9824398803710938 reward_loss:  -49.12199401855469
epoch:  14 batch:  40 region_loss:  10.0 10.0 loc_loss:  1.050098648071289 reward_loss:  -52.505001068115234
epoch:  14 batch:  50 region_loss:  10.0 10.0 loc_loss:  0.9513896179199218 reward_loss:  -47.56948471069336
epoch:  14 batch:  60 region_loss:  10.0 10.0 loc_loss:  1.0281397247314452 reward_loss:  -51.40699005126953
epoch:  14 batch:  70 region_loss:  10.0 10.0 loc_loss:  0.9526567840576172 reward_loss:  -47.63283920288086
epoch:  14 batch:  80 region_loss:  10.0 10.0 loc_loss:  1.0480126190185546 reward_loss:  -52.400630950927734
epoch:  14 batch:  90 region_loss:  6.0 6.0 loc_loss:  0.6396749114990234 reward_loss:  -31.983745574951172
epoch:  14 batch:  100 region_loss:  8.0 8.0 loc_loss:  0.7605909729003906 reward_loss:  -38.02954864501953
epoch:  14 batch:  110 region_loss:  4.0 4.0 loc_loss:  0.44749011993408205 reward_loss:  -22.3745059967041
epoch:  14 batch:  120 region_loss:  5.0 5.0 loc_loss:  0.5125066375732422 reward_loss:  -25.62533187866211
epoch:  14 batch:  130 region_loss:  7.0 7.0 loc_loss:  0.7308868408203125 reward_loss:  -36.544342041015625
acc@1:  0.1425211665098777
epoch: 14 region loss 0.17051094890510948 loc loss 0.8305418022879719 reward loss -41.52708872217332
epoch:  15 batch:  0 region_loss:  10.0 10.0 loc_loss:  0.9350462341308594 reward_loss:  -46.7523078918457
epoch:  15 batch:  10 region_loss:  10.0 10.0 loc_loss:  0.9859069061279296 reward_loss:  -49.295345306396484
epoch:  15 batch:  20 region_loss:  10.0 10.0 loc_loss:  0.849732666015625 reward_loss:  -42.486637115478516
epoch:  15 batch:  30 region_loss:  10.0 10.0 loc_loss:  0.9246133422851562 reward_loss:  -46.23066711425781
epoch:  15 batch:  40 region_loss:  10.0 10.0 loc_loss:  1.0052387237548828 reward_loss:  -50.26193618774414
epoch:  15 batch:  50 region_loss:  10.0 10.0 loc_loss:  0.8958007049560547 reward_loss:  -44.79003143310547
epoch:  15 batch:  60 region_loss:  10.0 10.0 loc_loss:  0.9756330108642578 reward_loss:  -48.78165054321289
epoch:  15 batch:  70 region_loss:  10.0 10.0 loc_loss:  0.9047428894042969 reward_loss:  -45.237144470214844
epoch:  15 batch:  80 region_loss:  10.0 10.0 loc_loss:  1.0010496520996093 reward_loss:  -50.05248260498047
epoch:  15 batch:  90 region_loss:  6.0 6.0 loc_loss:  0.6100027847290039 reward_loss:  -30.500137329101562
epoch:  15 batch:  100 region_loss:  8.0 8.0 loc_loss:  0.7211654663085938 reward_loss:  -36.05827331542969
epoch:  15 batch:  110 region_loss:  4.0 4.0 loc_loss:  0.42619087219238283 reward_loss:  -21.309539794921875
epoch:  15 batch:  120 region_loss:  5.0 5.0 loc_loss:  0.48584129333496096 reward_loss:  -24.292062759399414
epoch:  15 batch:  130 region_loss:  7.0 7.0 loc_loss:  0.6951190185546875 reward_loss:  -34.755950927734375
acc@1:  0.14487300094073377
epoch: 15 region loss 0.17051094890510948 loc loss 0.787824816738602 reward loss -39.39124044710702
epoch:  16 batch:  0 region_loss:  10.0 10.0 loc_loss:  0.8847857666015625 reward_loss:  -44.239288330078125
epoch:  16 batch:  10 region_loss:  10.0 10.0 loc_loss:  0.9319460296630859 reward_loss:  -46.5973014831543
epoch:  16 batch:  20 region_loss:  10.0 10.0 loc_loss:  0.8049199676513672 reward_loss:  -40.24599075317383
epoch:  16 batch:  30 region_loss:  10.0 10.0 loc_loss:  0.8724519348144532 reward_loss:  -43.62259292602539
epoch:  16 batch:  40 region_loss:  10.0 10.0 loc_loss:  0.9637942504882813 reward_loss:  -48.18971252441406
epoch:  16 batch:  50 region_loss:  10.0 10.0 loc_loss:  0.8458714294433594 reward_loss:  -42.29356384277344
epoch:  16 batch:  60 region_loss:  10.0 10.0 loc_loss:  0.9263555145263672 reward_loss:  -46.31777572631836
epoch:  16 batch:  70 region_loss:  10.0 10.0 loc_loss:  0.8609967803955079 reward_loss:  -43.049835205078125
epoch:  16 batch:  80 region_loss:  10.0 10.0 loc_loss:  0.9567169189453125 reward_loss:  -47.835845947265625
epoch:  16 batch:  90 region_loss:  6.0 6.0 loc_loss:  0.581990966796875 reward_loss:  -29.099552154541016
epoch:  16 batch:  100 region_loss:  8.0 8.0 loc_loss:  0.6855235290527344 reward_loss:  -34.27617263793945
epoch:  16 batch:  110 region_loss:  4.0 4.0 loc_loss:  0.4059066009521484 reward_loss:  -20.295330047607422
epoch:  16 batch:  120 region_loss:  5.0 5.0 loc_loss:  0.4605638885498047 reward_loss:  -23.028194427490234
epoch:  16 batch:  130 region_loss:  7.0 7.0 loc_loss:  0.6618259429931641 reward_loss:  -33.09129333496094
acc@1:  0.14393226716839136
epoch: 16 region loss 0.17051094890510948 loc loss 0.7485861311863808 reward loss -37.42930584928415
epoch:  17 batch:  0 region_loss:  10.0 10.0 loc_loss:  0.8389576721191406 reward_loss:  -41.94788360595703
epoch:  17 batch:  10 region_loss:  10.0 10.0 loc_loss:  0.8829113006591797 reward_loss:  -44.14556121826172
epoch:  17 batch:  20 region_loss:  10.0 10.0 loc_loss:  0.7652024841308593 reward_loss:  -38.2601203918457
epoch:  17 batch:  30 region_loss:  10.0 10.0 loc_loss:  0.8252488708496094 reward_loss:  -41.2624397277832
epoch:  17 batch:  40 region_loss:  10.0 10.0 loc_loss:  0.9256510925292969 reward_loss:  -46.28255081176758
epoch:  17 batch:  50 region_loss:  10.0 10.0 loc_loss:  0.8011522674560547 reward_loss:  -40.0576171875
epoch:  17 batch:  60 region_loss:  10.0 10.0 loc_loss:  0.8800331115722656 reward_loss:  -44.00166320800781
epoch:  17 batch:  70 region_loss:  10.0 10.0 loc_loss:  0.8206476593017578 reward_loss:  -41.032386779785156
epoch:  17 batch:  80 region_loss:  10.0 10.0 loc_loss:  0.91493896484375 reward_loss:  -45.746944427490234
epoch:  17 batch:  90 region_loss:  6.0 6.0 loc_loss:  0.5555279922485351 reward_loss:  -27.776395797729492
epoch:  17 batch:  100 region_loss:  8.0 8.0 loc_loss:  0.6530312347412109 reward_loss:  -32.651588439941406
epoch:  17 batch:  110 region_loss:  4.0 4.0 loc_loss:  0.38661285400390627 reward_loss:  -19.330642700195312
epoch:  17 batch:  120 region_loss:  5.0 5.0 loc_loss:  0.4366185760498047 reward_loss:  -21.83092498779297
epoch:  17 batch:  130 region_loss:  7.0 7.0 loc_loss:  0.6308121490478515 reward_loss:  -31.540607452392578
acc@1:  0.14393226716839136
epoch: 17 region loss 0.17051094890510948 loc loss 0.7124988800939852 reward loss -35.62494220872865
epoch:  18 batch:  0 region_loss:  10.0 10.0 loc_loss:  0.7968525695800781 reward_loss:  -39.842628479003906
epoch:  18 batch:  10 region_loss:  10.0 10.0 loc_loss:  0.8384661865234375 reward_loss:  -41.92331314086914
epoch:  18 batch:  20 region_loss:  10.0 10.0 loc_loss:  0.7296390533447266 reward_loss:  -36.48194885253906
epoch:  18 batch:  30 region_loss:  10.0 10.0 loc_loss:  0.7823164367675781 reward_loss:  -39.115821838378906
epoch:  18 batch:  40 region_loss:  10.0 10.0 loc_loss:  0.8903980255126953 reward_loss:  -44.5198974609375
epoch:  18 batch:  50 region_loss:  10.0 10.0 loc_loss:  0.7608952331542969 reward_loss:  -38.04476547241211
epoch:  18 batch:  60 region_loss:  10.0 10.0 loc_loss:  0.8363504028320312 reward_loss:  -41.81752395629883
epoch:  18 batch:  70 region_loss:  10.0 10.0 loc_loss:  0.7831575012207032 reward_loss:  -39.15787887573242
epoch:  18 batch:  80 region_loss:  10.0 10.0 loc_loss:  0.8754855346679687 reward_loss:  -43.77427291870117
epoch:  18 batch:  90 region_loss:  6.0 6.0 loc_loss:  0.5304850769042969 reward_loss:  -26.524253845214844
epoch:  18 batch:  100 region_loss:  8.0 8.0 loc_loss:  0.6230901336669922 reward_loss:  -31.154504776000977
epoch:  18 batch:  110 region_loss:  4.0 4.0 loc_loss:  0.36824180603027346 reward_loss:  -18.412092208862305
epoch:  18 batch:  120 region_loss:  5.0 5.0 loc_loss:  0.41394866943359376 reward_loss:  -20.697433471679688
epoch:  18 batch:  130 region_loss:  7.0 7.0 loc_loss:  0.6018164825439453 reward_loss:  -30.0908260345459
acc@1:  0.1425211665098777
epoch: 18 region loss 0.17051094890510948 loc loss 0.6791858862438341 reward loss -33.95929470201478
epoch:  19 batch:  0 region_loss:  10.0 10.0 loc_loss:  0.7578941345214844 reward_loss:  -37.89470672607422
epoch:  19 batch:  10 region_loss:  10.0 10.0 loc_loss:  0.7979593658447266 reward_loss:  -39.89796829223633
epoch:  19 batch:  20 region_loss:  10.0 10.0 loc_loss:  0.697409896850586 reward_loss:  -34.870506286621094
epoch:  19 batch:  30 region_loss:  10.0 10.0 loc_loss:  0.7430357360839843 reward_loss:  -37.15178680419922
epoch:  19 batch:  40 region_loss:  10.0 10.0 loc_loss:  0.8575003814697265 reward_loss:  -42.87501907348633
epoch:  19 batch:  50 region_loss:  10.0 10.0 loc_loss:  0.7243254852294921 reward_loss:  -36.216270446777344
epoch:  19 batch:  60 region_loss:  10.0 10.0 loc_loss:  0.7950490570068359 reward_loss:  -39.75245666503906
epoch:  19 batch:  70 region_loss:  10.0 10.0 loc_loss:  0.7481319427490234 reward_loss:  -37.40660095214844
epoch:  19 batch:  80 region_loss:  10.0 10.0 loc_loss:  0.838052978515625 reward_loss:  -41.90264892578125
epoch:  19 batch:  90 region_loss:  6.0 6.0 loc_loss:  0.5067451477050782 reward_loss:  -25.337257385253906
epoch:  19 batch:  100 region_loss:  8.0 8.0 loc_loss:  0.5951869583129883 reward_loss:  -29.759342193603516
epoch:  19 batch:  110 region_loss:  4.0 4.0 loc_loss:  0.3507185363769531 reward_loss:  -17.535926818847656
epoch:  19 batch:  120 region_loss:  5.0 5.0 loc_loss:  0.39249359130859374 reward_loss:  -19.62468147277832
epoch:  19 batch:  130 region_loss:  7.0 7.0 loc_loss:  0.5745500946044921 reward_loss:  -28.727502822875977
acc@1:  0.1458137347130762
epoch: 19 region loss 0.17051094890510948 loc loss 0.6482645476125453 reward loss -32.413226775009264
epoch:  20 batch:  0 region_loss:  10.0 10.0 loc_loss:  0.7216131591796875 reward_loss:  -36.080657958984375
epoch:  20 batch:  10 region_loss:  10.0 10.0 loc_loss:  0.7607264709472656 reward_loss:  -38.036319732666016
epoch:  20 batch:  20 region_loss:  10.0 10.0 loc_loss:  0.6678507995605468 reward_loss:  -33.392539978027344
epoch:  20 batch:  30 region_loss:  10.0 10.0 loc_loss:  0.7068460845947265 reward_loss:  -35.34230422973633
epoch:  20 batch:  40 region_loss:  10.0 10.0 loc_loss:  0.8264545440673828 reward_loss:  -41.32272720336914
epoch:  20 batch:  50 region_loss:  10.0 10.0 loc_loss:  0.6907899475097656 reward_loss:  -34.539493560791016
epoch:  20 batch:  60 region_loss:  10.0 10.0 loc_loss:  0.7559468841552734 reward_loss:  -37.79734420776367
epoch:  20 batch:  70 region_loss:  10.0 10.0 loc_loss:  0.7152541351318359 reward_loss:  -35.7627067565918
epoch:  20 batch:  80 region_loss:  10.0 10.0 loc_loss:  0.8023588562011719 reward_loss:  -40.117942810058594
epoch:  20 batch:  90 region_loss:  6.0 6.0 loc_loss:  0.48419597625732425 reward_loss:  -24.209800720214844
epoch:  20 batch:  100 region_loss:  8.0 8.0 loc_loss:  0.5689225006103515 reward_loss:  -28.446123123168945
epoch:  20 batch:  110 region_loss:  4.0 4.0 loc_loss:  0.33397247314453127 reward_loss:  -16.698623657226562
epoch:  20 batch:  120 region_loss:  5.0 5.0 loc_loss:  0.3721984100341797 reward_loss:  -18.609920501708984
epoch:  20 batch:  130 region_loss:  7.0 7.0 loc_loss:  0.5487403106689454 reward_loss:  -27.4370174407959
acc@1:  0.14299153339604892
epoch: 20 region loss 0.17051094890510948 loc loss 0.6193809899100422 reward loss -30.969049251862685
epoch:  21 batch:  0 region_loss:  10.0 10.0 loc_loss:  0.6876261138916016 reward_loss:  -34.38130569458008
epoch:  21 batch:  10 region_loss:  10.0 10.0 loc_loss:  0.7262002563476563 reward_loss:  -36.31001281738281
epoch:  21 batch:  20 region_loss:  10.0 10.0 loc_loss:  0.6404379272460937 reward_loss:  -32.02189254760742
epoch:  21 batch:  30 region_loss:  10.0 10.0 loc_loss:  0.6732579040527343 reward_loss:  -33.66289520263672
epoch:  21 batch:  40 region_loss:  10.0 10.0 loc_loss:  0.7968540191650391 reward_loss:  -39.84270477294922
epoch:  21 batch:  50 region_loss:  10.0 10.0 loc_loss:  0.6597743225097656 reward_loss:  -32.988712310791016
epoch:  21 batch:  60 region_loss:  10.0 10.0 loc_loss:  0.7189211273193359 reward_loss:  -35.9460563659668
epoch:  21 batch:  70 region_loss:  10.0 10.0 loc_loss:  0.6842605590820312 reward_loss:  -34.2130241394043
epoch:  21 batch:  80 region_loss:  10.0 10.0 loc_loss:  0.7681724548339843 reward_loss:  -38.40861892700195
epoch:  21 batch:  90 region_loss:  6.0 6.0 loc_loss:  0.46272064208984376 reward_loss:  -23.136028289794922
epoch:  21 batch:  100 region_loss:  8.0 8.0 loc_loss:  0.5440098190307617 reward_loss:  -27.200489044189453
epoch:  21 batch:  110 region_loss:  4.0 4.0 loc_loss:  0.3179392051696777 reward_loss:  -15.89695930480957
epoch:  21 batch:  120 region_loss:  5.0 5.0 loc_loss:  0.3530115509033203 reward_loss:  -17.650575637817383
epoch:  21 batch:  130 region_loss:  7.0 7.0 loc_loss:  0.5241644287109375 reward_loss:  -26.20821762084961
acc@1:  0.14063969896519285
epoch: 21 region loss 0.17051094890510948 loc loss 0.5922326419301277 reward loss -29.61163121244333
epoch:  22 batch:  0 region_loss:  10.0 10.0 loc_loss:  0.6556222534179688 reward_loss:  -32.78110885620117
epoch:  22 batch:  10 region_loss:  10.0 10.0 loc_loss:  0.6939173889160156 reward_loss:  -34.69586944580078
epoch:  22 batch:  20 region_loss:  10.0 10.0 loc_loss:  0.6147594833374024 reward_loss:  -30.73797607421875
epoch:  22 batch:  30 region_loss:  10.0 10.0 loc_loss:  0.6418598937988281 reward_loss:  -32.09299087524414
epoch:  22 batch:  40 region_loss:  10.0 10.0 loc_loss:  0.7683975982666016 reward_loss:  -38.41987228393555
epoch:  22 batch:  50 region_loss:  10.0 10.0 loc_loss:  0.6308641815185547 reward_loss:  -31.54320526123047
epoch:  22 batch:  60 region_loss:  10.0 10.0 loc_loss:  0.68386962890625 reward_loss:  -34.193477630615234
epoch:  22 batch:  70 region_loss:  10.0 10.0 loc_loss:  0.6549299621582031 reward_loss:  -32.74649429321289
epoch:  22 batch:  80 region_loss:  10.0 10.0 loc_loss:  0.7353118133544921 reward_loss:  -36.76559066772461
epoch:  22 batch:  90 region_loss:  6.0 6.0 loc_loss:  0.44219608306884767 reward_loss:  -22.10980224609375
epoch:  22 batch:  100 region_loss:  8.0 8.0 loc_loss:  0.5202433013916016 reward_loss:  -26.012163162231445
epoch:  22 batch:  110 region_loss:  4.0 4.0 loc_loss:  0.30255664825439454 reward_loss:  -15.127833366394043
epoch:  22 batch:  120 region_loss:  5.0 5.0 loc_loss:  0.3348789978027344 reward_loss:  -16.74394989013672
epoch:  22 batch:  130 region_loss:  7.0 7.0 loc_loss:  0.500658073425293 reward_loss:  -25.032901763916016
acc@1:  0.13922859830667922
epoch: 22 region loss 0.17051094890510948 loc loss 0.5665717868387264 reward loss -28.32858822119497
epoch:  23 batch:  0 region_loss:  10.0 10.0 loc_loss:  0.6253512191772461 reward_loss:  -31.267560958862305
epoch:  23 batch:  10 region_loss:  10.0 10.0 loc_loss:  0.663504638671875 reward_loss:  -33.17523193359375
epoch:  23 batch:  20 region_loss:  10.0 10.0 loc_loss:  0.5904998779296875 reward_loss:  -29.524993896484375
epoch:  23 batch:  30 region_loss:  10.0 10.0 loc_loss:  0.6123134613037109 reward_loss:  -30.615673065185547
epoch:  23 batch:  40 region_loss:  10.0 10.0 loc_loss:  0.7408686828613281 reward_loss:  -37.04343032836914
epoch:  23 batch:  50 region_loss:  10.0 10.0 loc_loss:  0.6037178802490234 reward_loss:  -30.18589210510254
epoch:  23 batch:  60 region_loss:  10.0 10.0 loc_loss:  0.6506791687011719 reward_loss:  -32.53395462036133
epoch:  23 batch:  70 region_loss:  10.0 10.0 loc_loss:  0.6270745086669922 reward_loss:  -31.35372543334961
epoch:  23 batch:  80 region_loss:  10.0 10.0 loc_loss:  0.7036346435546875 reward_loss:  -35.181732177734375
epoch:  23 batch:  90 region_loss:  6.0 6.0 loc_loss:  0.4225018310546875 reward_loss:  -21.12510108947754
epoch:  23 batch:  100 region_loss:  8.0 8.0 loc_loss:  0.49747093200683595 reward_loss:  -24.873546600341797
epoch:  23 batch:  110 region_loss:  4.0 4.0 loc_loss:  0.2877658271789551 reward_loss:  -14.38829231262207
epoch:  23 batch:  120 region_loss:  5.0 5.0 loc_loss:  0.3177343368530273 reward_loss:  -15.88671588897705
epoch:  23 batch:  130 region_loss:  7.0 7.0 loc_loss:  0.4780983352661133 reward_loss:  -23.904916763305664
acc@1:  0.13781749764816556
epoch: 23 region loss 0.17051094890510948 loc loss 0.5421979915312607 reward loss -27.10989925635122
epoch:  24 batch:  0 region_loss:  10.0 10.0 loc_loss:  0.5966131591796875 reward_loss:  -29.830656051635742
epoch:  24 batch:  10 region_loss:  10.0 10.0 loc_loss:  0.63466552734375 reward_loss:  -31.7332763671875
epoch:  24 batch:  20 region_loss:  10.0 10.0 loc_loss:  0.5674275207519531 reward_loss:  -28.371374130249023
epoch:  24 batch:  30 region_loss:  10.0 10.0 loc_loss:  0.5843418884277344 reward_loss:  -29.217090606689453
epoch:  24 batch:  40 region_loss:  10.0 10.0 loc_loss:  0.7141148376464844 reward_loss:  -35.70574188232422
epoch:  24 batch:  50 region_loss:  10.0 10.0 loc_loss:  0.5780564498901367 reward_loss:  -28.902822494506836
epoch:  24 batch:  60 region_loss:  10.0 10.0 loc_loss:  0.6192161560058593 reward_loss:  -30.96080780029297
epoch:  24 batch:  70 region_loss:  10.0 10.0 loc_loss:  0.6005315017700196 reward_loss:  -30.02657699584961
epoch:  24 batch:  80 region_loss:  10.0 10.0 loc_loss:  0.6730272674560547 reward_loss:  -33.651363372802734
epoch:  24 batch:  90 region_loss:  6.0 6.0 loc_loss:  0.40352783203125 reward_loss:  -20.1763916015625
epoch:  24 batch:  100 region_loss:  8.0 8.0 loc_loss:  0.4755781936645508 reward_loss:  -23.778907775878906
epoch:  24 batch:  110 region_loss:  4.0 4.0 loc_loss:  0.2735140800476074 reward_loss:  -13.675703048706055
epoch:  24 batch:  120 region_loss:  5.0 5.0 loc_loss:  0.3014958190917969 reward_loss:  -15.074790954589844
epoch:  24 batch:  130 region_loss:  7.0 7.0 loc_loss:  0.45639060974121093 reward_loss:  -22.819530487060547
acc@1:  0.13734713076199437
epoch: 24 region loss 0.17051094890510948 loc loss 0.5189470457508616 reward loss -25.947352103073232
epoch:  25 batch:  0 region_loss:  10.0 10.0 loc_loss:  0.5692456817626953 reward_loss:  -28.4622859954834
epoch:  25 batch:  10 region_loss:  10.0 10.0 loc_loss:  0.6071686553955078 reward_loss:  -30.35843276977539
epoch:  25 batch:  20 region_loss:  10.0 10.0 loc_loss:  0.5453661727905273 reward_loss:  -27.268306732177734
epoch:  25 batch:  30 region_loss:  10.0 10.0 loc_loss:  0.5577254867553711 reward_loss:  -27.886274337768555
epoch:  25 batch:  40 region_loss:  10.0 10.0 loc_loss:  0.6880226898193359 reward_loss:  -34.4011344909668
epoch:  25 batch:  50 region_loss:  10.0 10.0 loc_loss:  0.5536549377441407 reward_loss:  -27.6827449798584
epoch:  25 batch:  60 region_loss:  10.0 10.0 loc_loss:  0.5893286514282227 reward_loss:  -29.466434478759766
epoch:  25 batch:  70 region_loss:  10.0 10.0 loc_loss:  0.5751554489135742 reward_loss:  -28.75777244567871
epoch:  25 batch:  80 region_loss:  10.0 10.0 loc_loss:  0.6433938598632812 reward_loss:  -32.16969299316406
epoch:  25 batch:  90 region_loss:  6.0 6.0 loc_loss:  0.3851811599731445 reward_loss:  -19.259057998657227
epoch:  25 batch:  100 region_loss:  8.0 8.0 loc_loss:  0.4544780731201172 reward_loss:  -22.723907470703125
epoch:  25 batch:  110 region_loss:  4.0 4.0 loc_loss:  0.2597591209411621 reward_loss:  -12.987956047058105
epoch:  25 batch:  120 region_loss:  5.0 5.0 loc_loss:  0.28607442855834964 reward_loss:  -14.30372142791748
epoch:  25 batch:  130 region_loss:  7.0 7.0 loc_loss:  0.4354619216918945 reward_loss:  -21.773094177246094
acc@1:  0.1359360301034807
epoch: 25 region loss 0.17051094890510948 loc loss 0.49668215111224323 reward loss -24.834107256283726
epoch:  26 batch:  0 region_loss:  10.0 10.0 loc_loss:  0.5431109237670898 reward_loss:  -27.155546188354492
epoch:  26 batch:  10 region_loss:  10.0 10.0 loc_loss:  0.5808304595947266 reward_loss:  -29.041521072387695
epoch:  26 batch:  20 region_loss:  10.0 10.0 loc_loss:  0.5241732025146484 reward_loss:  -26.208660125732422
epoch:  26 batch:  30 region_loss:  10.0 10.0 loc_loss:  0.5322942352294922 reward_loss:  -26.614713668823242
epoch:  26 batch:  40 region_loss:  10.0 10.0 loc_loss:  0.6625054168701172 reward_loss:  -33.125274658203125
epoch:  26 batch:  50 region_loss:  10.0 10.0 loc_loss:  0.5303308868408203 reward_loss:  -26.51654624938965
epoch:  26 batch:  60 region_loss:  10.0 10.0 loc_loss:  0.5608588027954101 reward_loss:  -28.042940139770508
epoch:  26 batch:  70 region_loss:  10.0 10.0 loc_loss:  0.5508119583129882 reward_loss:  -27.540597915649414
epoch:  26 batch:  80 region_loss:  10.0 10.0 loc_loss:  0.6146472549438476 reward_loss:  -30.732358932495117
epoch:  26 batch:  90 region_loss:  6.0 6.0 loc_loss:  0.3673895263671875 reward_loss:  -18.369476318359375
epoch:  26 batch:  100 region_loss:  8.0 8.0 loc_loss:  0.43410190582275393 reward_loss:  -21.705093383789062
epoch:  26 batch:  110 region_loss:  4.0 4.0 loc_loss:  0.24646894454956056 reward_loss:  -12.323446273803711
epoch:  26 batch:  120 region_loss:  5.0 5.0 loc_loss:  0.27138408660888674 reward_loss:  -13.569204330444336
epoch:  26 batch:  130 region_loss:  7.0 7.0 loc_loss:  0.4152508544921875 reward_loss:  -20.762540817260742
acc@1:  0.13311382878645345
epoch: 26 region loss 0.17051094890510948 loc loss 0.4752885310319218 reward loss -23.764426126967383
epoch:  27 batch:  0 region_loss:  10.0 10.0 loc_loss:  0.5180857849121093 reward_loss:  -25.90428924560547
epoch:  27 batch:  10 region_loss:  10.0 10.0 loc_loss:  0.5554942321777344 reward_loss:  -27.77471160888672
epoch:  27 batch:  20 region_loss:  10.0 10.0 loc_loss:  0.5037393188476562 reward_loss:  -25.186965942382812
epoch:  27 batch:  30 region_loss:  10.0 10.0 loc_loss:  0.5079143905639648 reward_loss:  -25.395721435546875
epoch:  27 batch:  40 region_loss:  10.0 10.0 loc_loss:  0.6375063323974609 reward_loss:  -31.875316619873047
epoch:  27 batch:  50 region_loss:  10.0 10.0 loc_loss:  0.507936668395996 reward_loss:  -25.396833419799805
epoch:  27 batch:  60 region_loss:  10.0 10.0 loc_loss:  0.533659553527832 reward_loss:  -26.6829776763916
epoch:  27 batch:  70 region_loss:  10.0 10.0 loc_loss:  0.5273903656005859 reward_loss:  -26.369516372680664
epoch:  27 batch:  80 region_loss:  10.0 10.0 loc_loss:  0.5867097854614258 reward_loss:  -29.335491180419922
epoch:  27 batch:  90 region_loss:  6.0 6.0 loc_loss:  0.3501102447509766 reward_loss:  -17.505510330200195
epoch:  27 batch:  100 region_loss:  8.0 8.0 loc_loss:  0.41439620971679686 reward_loss:  -20.719810485839844
epoch:  27 batch:  110 region_loss:  4.0 4.0 loc_loss:  0.23362071990966796 reward_loss:  -11.681034088134766
epoch:  27 batch:  120 region_loss:  5.0 5.0 loc_loss:  0.2573466491699219 reward_loss:  -12.867330551147461
epoch:  27 batch:  130 region_loss:  7.0 7.0 loc_loss:  0.39570457458496094 reward_loss:  -19.78523063659668
acc@1:  0.1288805268109125
epoch: 27 region loss 0.17051094890510948 loc loss 0.4546714895485091 reward loss -22.733574091082943
epoch:  28 batch:  0 region_loss:  10.0 10.0 loc_loss:  0.49407005310058594 reward_loss:  -24.70349884033203
epoch:  28 batch:  10 region_loss:  10.0 10.0 loc_loss:  0.5310317230224609 reward_loss:  -26.551589965820312
epoch:  28 batch:  20 region_loss:  10.0 10.0 loc_loss:  0.4839731597900391 reward_loss:  -24.198657989501953
epoch:  28 batch:  30 region_loss:  10.0 10.0 loc_loss:  0.4844773101806641 reward_loss:  -24.223865509033203
epoch:  28 batch:  40 region_loss:  10.0 10.0 loc_loss:  0.6129896926879883 reward_loss:  -30.649486541748047
epoch:  28 batch:  50 region_loss:  10.0 10.0 loc_loss:  0.4863485336303711 reward_loss:  -24.317428588867188
epoch:  28 batch:  60 region_loss:  10.0 10.0 loc_loss:  0.5075978469848633 reward_loss:  -25.379892349243164
epoch:  28 batch:  70 region_loss:  10.0 10.0 loc_loss:  0.5047963333129882 reward_loss:  -25.239816665649414
epoch:  28 batch:  80 region_loss:  10.0 10.0 loc_loss:  0.559522705078125 reward_loss:  -27.97613525390625
epoch:  28 batch:  90 region_loss:  6.0 6.0 loc_loss:  0.3332979202270508 reward_loss:  -16.66489601135254
epoch:  28 batch:  100 region_loss:  8.0 8.0 loc_loss:  0.3953126907348633 reward_loss:  -19.765636444091797
epoch:  28 batch:  110 region_loss:  4.0 4.0 loc_loss:  0.22119869232177736 reward_loss:  -11.059934616088867
epoch:  28 batch:  120 region_loss:  5.0 5.0 loc_loss:  0.2438934326171875 reward_loss:  -12.194672584533691
epoch:  28 batch:  130 region_loss:  7.0 7.0 loc_loss:  0.3767757034301758 reward_loss:  -18.83878517150879
acc@1:  0.12699905926622765
epoch: 28 region loss 0.17051094890510948 loc loss 0.43475249568911367 reward loss -21.737624620869212
epoch:  29 batch:  0 region_loss:  10.0 10.0 loc_loss:  0.47097972869873045 reward_loss:  -23.548982620239258
epoch:  29 batch:  10 region_loss:  10.0 10.0 loc_loss:  0.5073392486572266 reward_loss:  -25.366962432861328
epoch:  29 batch:  20 region_loss:  10.0 10.0 loc_loss:  0.46481239318847656 reward_loss:  -23.240619659423828
epoch:  29 batch:  30 region_loss:  10.0 10.0 loc_loss:  0.46189586639404295 reward_loss:  -23.094791412353516
epoch:  29 batch:  40 region_loss:  10.0 10.0 loc_loss:  0.5889386367797852 reward_loss:  -29.44693374633789
epoch:  29 batch:  50 region_loss:  10.0 10.0 loc_loss:  0.46547149658203124 reward_loss:  -23.273574829101562
epoch:  29 batch:  60 region_loss:  10.0 10.0 loc_loss:  0.48257530212402344 reward_loss:  -24.128767013549805
epoch:  29 batch:  70 region_loss:  10.0 10.0 loc_loss:  0.48297126770019533 reward_loss:  -24.148561477661133
epoch:  29 batch:  80 region_loss:  10.0 10.0 loc_loss:  0.5330455780029297 reward_loss:  -26.65227699279785
epoch:  29 batch:  90 region_loss:  6.0 6.0 loc_loss:  0.3169511032104492 reward_loss:  -15.847555160522461
epoch:  29 batch:  100 region_loss:  8.0 8.0 loc_loss:  0.37681869506835936 reward_loss:  -18.84093475341797
epoch:  29 batch:  110 region_loss:  4.0 4.0 loc_loss:  0.2091967010498047 reward_loss:  -10.459835052490234
epoch:  29 batch:  120 region_loss:  5.0 5.0 loc_loss:  0.230966796875 reward_loss:  -11.548338890075684
epoch:  29 batch:  130 region_loss:  7.0 7.0 loc_loss:  0.35843620300292967 reward_loss:  -17.92180824279785
acc@1:  0.12746942615239887
epoch: 29 region loss 0.17051094890510948 loc loss 0.4154736649032927 reward loss -20.77368289188747
epoch:  30 batch:  0 region_loss:  10.0 10.0 loc_loss:  0.44874469757080077 reward_loss:  -22.437232971191406
epoch:  30 batch:  10 region_loss:  10.0 10.0 loc_loss:  0.48434852600097655 reward_loss:  -24.21742820739746
epoch:  30 batch:  20 region_loss:  10.0 10.0 loc_loss:  0.44618072509765627 reward_loss:  -22.309036254882812
epoch:  30 batch:  30 region_loss:  10.0 10.0 loc_loss:  0.44009502410888673 reward_loss:  -22.004751205444336
epoch:  30 batch:  40 region_loss:  10.0 10.0 loc_loss:  0.5653340530395508 reward_loss:  -28.266704559326172
epoch:  30 batch:  50 region_loss:  10.0 10.0 loc_loss:  0.4452262115478516 reward_loss:  -22.261308670043945
epoch:  30 batch:  60 region_loss:  10.0 10.0 loc_loss:  0.45848903656005857 reward_loss:  -22.924453735351562
epoch:  30 batch:  70 region_loss:  10.0 10.0 loc_loss:  0.46182273864746093 reward_loss:  -23.09113883972168
epoch:  30 batch:  80 region_loss:  10.0 10.0 loc_loss:  0.5072607803344726 reward_loss:  -25.363037109375
epoch:  30 batch:  90 region_loss:  6.0 6.0 loc_loss:  0.30100019454956056 reward_loss:  -15.050010681152344
epoch:  30 batch:  100 region_loss:  8.0 8.0 loc_loss:  0.3588690185546875 reward_loss:  -17.943450927734375
epoch:  30 batch:  110 region_loss:  4.0 4.0 loc_loss:  0.19760364532470703 reward_loss:  -9.880182266235352
epoch:  30 batch:  120 region_loss:  5.0 5.0 loc_loss:  0.21851995468139648 reward_loss:  -10.92599868774414
epoch:  30 batch:  130 region_loss:  7.0 7.0 loc_loss:  0.34064857482910155 reward_loss:  -17.032426834106445
acc@1:  0.12417685794920037
epoch: 30 region loss 0.17051094890510948 loc loss 0.3967841458494646 reward loss -19.83920714106873
epoch:  31 batch:  0 region_loss:  10.0 10.0 loc_loss:  0.427277946472168 reward_loss:  -21.36389923095703
epoch:  31 batch:  10 region_loss:  10.0 10.0 loc_loss:  0.46199756622314453 reward_loss:  -23.099878311157227
epoch:  31 batch:  20 region_loss:  10.0 10.0 loc_loss:  0.42809505462646485 reward_loss:  -21.40475082397461
epoch:  31 batch:  30 region_loss:  10.0 10.0 loc_loss:  0.4190174102783203 reward_loss:  -20.95087242126465
epoch:  31 batch:  40 region_loss:  10.0 10.0 loc_loss:  0.5421841812133789 reward_loss:  -27.109207153320312
epoch:  31 batch:  50 region_loss:  10.0 10.0 loc_loss:  0.4255823516845703 reward_loss:  -21.279115676879883
epoch:  31 batch:  60 region_loss:  10.0 10.0 loc_loss:  0.43534126281738283 reward_loss:  -21.767061233520508
epoch:  31 batch:  70 region_loss:  10.0 10.0 loc_loss:  0.4413883972167969 reward_loss:  -22.069419860839844
epoch:  31 batch:  80 region_loss:  10.0 10.0 loc_loss:  0.4821527099609375 reward_loss:  -24.107635498046875
epoch:  31 batch:  90 region_loss:  6.0 6.0 loc_loss:  0.28558156967163084 reward_loss:  -14.27907943725586
epoch:  31 batch:  100 region_loss:  8.0 8.0 loc_loss:  0.3414734649658203 reward_loss:  -17.073671340942383
epoch:  31 batch:  110 region_loss:  4.0 4.0 loc_loss:  0.18642683029174806 reward_loss:  -9.321341514587402
epoch:  31 batch:  120 region_loss:  5.0 5.0 loc_loss:  0.20652265548706056 reward_loss:  -10.326132774353027
epoch:  31 batch:  130 region_loss:  7.0 7.0 loc_loss:  0.32342376708984377 reward_loss:  -16.17119026184082
acc@1:  0.1218250235183443
epoch: 31 region loss 0.17051094890510948 loc loss 0.37868720712452913 reward loss -18.934360312719416
epoch:  32 batch:  0 region_loss:  10.0 10.0 loc_loss:  0.40656509399414065 reward_loss:  -20.32825469970703
epoch:  32 batch:  10 region_loss:  10.0 10.0 loc_loss:  0.4403031158447266 reward_loss:  -22.015153884887695
epoch:  32 batch:  20 region_loss:  10.0 10.0 loc_loss:  0.4104164505004883 reward_loss:  -20.52082061767578
epoch:  32 batch:  30 region_loss:  10.0 10.0 loc_loss:  0.3986065673828125 reward_loss:  -19.930326461791992
epoch:  32 batch:  40 region_loss:  10.0 10.0 loc_loss:  0.5194447708129882 reward_loss:  -25.97223663330078
epoch:  32 batch:  50 region_loss:  10.0 10.0 loc_loss:  0.4064616012573242 reward_loss:  -20.323078155517578
epoch:  32 batch:  60 region_loss:  10.0 10.0 loc_loss:  0.41297149658203125 reward_loss:  -20.648574829101562
epoch:  32 batch:  70 region_loss:  10.0 10.0 loc_loss:  0.4214731979370117 reward_loss:  -21.073659896850586
epoch:  32 batch:  80 region_loss:  10.0 10.0 loc_loss:  0.45773536682128907 reward_loss:  -22.88676643371582
epoch:  32 batch:  90 region_loss:  6.0 6.0 loc_loss:  0.2703749847412109 reward_loss:  -13.51874828338623
epoch:  32 batch:  100 region_loss:  8.0 8.0 loc_loss:  0.32456966400146486 reward_loss:  -16.228485107421875
epoch:  32 batch:  110 region_loss:  4.0 4.0 loc_loss:  0.17563413619995116 reward_loss:  -8.781705856323242
epoch:  32 batch:  120 region_loss:  5.0 5.0 loc_loss:  0.19495687484741211 reward_loss:  -9.747844696044922
epoch:  32 batch:  130 region_loss:  7.0 7.0 loc_loss:  0.30669460296630857 reward_loss:  -15.334729194641113
acc@1:  0.11994355597365945
epoch: 32 region loss 0.17051094890510948 loc loss 0.36115162905115283 reward loss -18.057581050552592
epoch:  33 batch:  0 region_loss:  10.0 10.0 loc_loss:  0.38646984100341797 reward_loss:  -19.3234920501709
epoch:  33 batch:  10 region_loss:  10.0 10.0 loc_loss:  0.41919158935546874 reward_loss:  -20.959579467773438
epoch:  33 batch:  20 region_loss:  10.0 10.0 loc_loss:  0.39345130920410154 reward_loss:  -19.672563552856445
epoch:  33 batch:  30 region_loss:  10.0 10.0 loc_loss:  0.37883922576904294 reward_loss:  -18.94196128845215
epoch:  33 batch:  40 region_loss:  10.0 10.0 loc_loss:  0.49720169067382813 reward_loss:  -24.86008644104004
epoch:  33 batch:  50 region_loss:  10.0 10.0 loc_loss:  0.3879863357543945 reward_loss:  -19.39931869506836
epoch:  33 batch:  60 region_loss:  10.0 10.0 loc_loss:  0.39151851654052733 reward_loss:  -19.575925827026367
epoch:  33 batch:  70 region_loss:  10.0 10.0 loc_loss:  0.40229995727539064 reward_loss:  -20.11499786376953
epoch:  33 batch:  80 region_loss:  10.0 10.0 loc_loss:  0.4340250015258789 reward_loss:  -21.701248168945312
epoch:  33 batch:  90 region_loss:  6.0 6.0 loc_loss:  0.25600395202636717 reward_loss:  -12.80019760131836
epoch:  33 batch:  100 region_loss:  8.0 8.0 loc_loss:  0.308205680847168 reward_loss:  -15.410284042358398
epoch:  33 batch:  110 region_loss:  4.0 4.0 loc_loss:  0.16530200958251953 reward_loss:  -8.265101432800293
epoch:  33 batch:  120 region_loss:  5.0 5.0 loc_loss:  0.18381113052368164 reward_loss:  -9.190555572509766
epoch:  33 batch:  130 region_loss:  7.0 7.0 loc_loss:  0.2905574607849121 reward_loss:  -14.527872085571289
acc@1:  0.11853245531514581
epoch: 33 region loss 0.17051094890510948 loc loss 0.3441762810031863 reward loss -17.20881363075145
epoch:  34 batch:  0 region_loss:  10.0 10.0 loc_loss:  0.36713069915771485 reward_loss:  -18.356534957885742
epoch:  34 batch:  10 region_loss:  10.0 10.0 loc_loss:  0.3987765121459961 reward_loss:  -19.938825607299805
epoch:  34 batch:  20 region_loss:  10.0 10.0 loc_loss:  0.3766463851928711 reward_loss:  -18.832319259643555
epoch:  34 batch:  30 region_loss:  10.0 10.0 loc_loss:  0.359676628112793 reward_loss:  -17.98383140563965
epoch:  34 batch:  40 region_loss:  10.0 10.0 loc_loss:  0.4753310394287109 reward_loss:  -23.766557693481445
epoch:  34 batch:  50 region_loss:  10.0 10.0 loc_loss:  0.36984107971191404 reward_loss:  -18.492055892944336
epoch:  34 batch:  60 region_loss:  10.0 10.0 loc_loss:  0.37079456329345706 reward_loss:  -18.53972625732422
epoch:  34 batch:  70 region_loss:  10.0 10.0 loc_loss:  0.38354709625244143 reward_loss:  -19.17735481262207
epoch:  34 batch:  80 region_loss:  10.0 10.0 loc_loss:  0.41090534210205076 reward_loss:  -20.545269012451172
epoch:  34 batch:  90 region_loss:  6.0 6.0 loc_loss:  0.24152080535888673 reward_loss:  -12.07603931427002
epoch:  34 batch:  100 region_loss:  8.0 8.0 loc_loss:  0.292371826171875 reward_loss:  -14.61859130859375
epoch:  34 batch:  110 region_loss:  4.0 4.0 loc_loss:  0.15527996063232422 reward_loss:  -7.763997554779053
epoch:  34 batch:  120 region_loss:  5.0 5.0 loc_loss:  0.17308097839355469 reward_loss:  -8.654047012329102
epoch:  34 batch:  130 region_loss:  7.0 7.0 loc_loss:  0.2748472785949707 reward_loss:  -13.742363929748535
acc@1:  0.11759172154280338
epoch: 34 region loss 0.17051094890510948 loc loss 0.32750608980220597 reward loss -16.375304646735643
epoch:  35 batch:  0 region_loss:  10.0 10.0 loc_loss:  0.3483379364013672 reward_loss:  -17.41689682006836
epoch:  35 batch:  10 region_loss:  10.0 10.0 loc_loss:  0.37889698028564456 reward_loss:  -18.944849014282227
epoch:  35 batch:  20 region_loss:  10.0 10.0 loc_loss:  0.36058292388916013 reward_loss:  -18.029144287109375
epoch:  35 batch:  30 region_loss:  10.0 10.0 loc_loss:  0.34113723754882813 reward_loss:  -17.05686378479004
epoch:  35 batch:  40 region_loss:  10.0 10.0 loc_loss:  0.4539906311035156 reward_loss:  -22.69953155517578
epoch:  35 batch:  50 region_loss:  10.0 10.0 loc_loss:  0.35237098693847657 reward_loss:  -17.618549346923828
epoch:  35 batch:  60 region_loss:  10.0 10.0 loc_loss:  0.3508295059204102 reward_loss:  -17.541475296020508
epoch:  35 batch:  70 region_loss:  10.0 10.0 loc_loss:  0.36539871215820313 reward_loss:  -18.269939422607422
epoch:  35 batch:  80 region_loss:  10.0 10.0 loc_loss:  0.38860977172851563 reward_loss:  -19.43048858642578
epoch:  35 batch:  90 region_loss:  6.0 6.0 loc_loss:  0.22807310104370118 reward_loss:  -11.403654098510742
epoch:  35 batch:  100 region_loss:  8.0 8.0 loc_loss:  0.2769210052490234 reward_loss:  -13.846050262451172
epoch:  35 batch:  110 region_loss:  4.0 4.0 loc_loss:  0.14583079338073732 reward_loss:  -7.291540145874023
epoch:  35 batch:  120 region_loss:  5.0 5.0 loc_loss:  0.16275365829467772 reward_loss:  -8.137683868408203
epoch:  35 batch:  130 region_loss:  7.0 7.0 loc_loss:  0.259733829498291 reward_loss:  -12.986690521240234
acc@1:  0.11523988711194733
epoch: 35 region loss 0.17051094890510948 loc loss 0.3114254229434215 reward loss -15.57127121678234
epoch:  36 batch:  0 region_loss:  10.0 10.0 loc_loss:  0.3302124404907227 reward_loss:  -16.5106201171875
epoch:  36 batch:  10 region_loss:  10.0 10.0 loc_loss:  0.3597273254394531 reward_loss:  -17.986366271972656
epoch:  36 batch:  20 region_loss:  10.0 10.0 loc_loss:  0.3447589874267578 reward_loss:  -17.23794937133789
epoch:  36 batch:  30 region_loss:  10.0 10.0 loc_loss:  0.32321327209472656 reward_loss:  -16.160663604736328
epoch:  36 batch:  40 region_loss:  10.0 10.0 loc_loss:  0.4330546188354492 reward_loss:  -21.65273094177246
epoch:  36 batch:  50 region_loss:  10.0 10.0 loc_loss:  0.3351901626586914 reward_loss:  -16.75950813293457
epoch:  36 batch:  60 region_loss:  10.0 10.0 loc_loss:  0.33156867980957033 reward_loss:  -16.578433990478516
epoch:  36 batch:  70 region_loss:  10.0 10.0 loc_loss:  0.34776412963867187 reward_loss:  -17.38820457458496
epoch:  36 batch:  80 region_loss:  10.0 10.0 loc_loss:  0.36689292907714843 reward_loss:  -18.34464454650879
epoch:  36 batch:  90 region_loss:  6.0 6.0 loc_loss:  0.21453239440917968 reward_loss:  -10.726619720458984
epoch:  36 batch:  100 region_loss:  8.0 8.0 loc_loss:  0.26222782135009765 reward_loss:  -13.11138916015625
epoch:  36 batch:  110 region_loss:  4.0 4.0 loc_loss:  0.1366167449951172 reward_loss:  -6.830837726593018
epoch:  36 batch:  120 region_loss:  5.0 5.0 loc_loss:  0.15289776802062988 reward_loss:  -7.644888877868652
epoch:  36 batch:  130 region_loss:  7.0 7.0 loc_loss:  0.2451156806945801 reward_loss:  -12.255783081054688
acc@1:  0.1147695202257761
epoch: 36 region loss 0.17051094890510948 loc loss 0.29582965803842476 reward loss -14.791482972402642
epoch:  37 batch:  0 region_loss:  10.0 10.0 loc_loss:  0.3127486801147461 reward_loss:  -15.637434959411621
epoch:  37 batch:  10 region_loss:  10.0 10.0 loc_loss:  0.3411072158813477 reward_loss:  -17.055360794067383
epoch:  37 batch:  20 region_loss:  10.0 10.0 loc_loss:  0.32953468322753904 reward_loss:  -16.476736068725586
epoch:  37 batch:  30 region_loss:  10.0 10.0 loc_loss:  0.30585733413696287 reward_loss:  -15.292864799499512
epoch:  37 batch:  40 region_loss:  10.0 10.0 loc_loss:  0.412630615234375 reward_loss:  -20.631526947021484
epoch:  37 batch:  50 region_loss:  10.0 10.0 loc_loss:  0.31873327255249023 reward_loss:  -15.936662673950195
epoch:  37 batch:  60 region_loss:  10.0 10.0 loc_loss:  0.3131488609313965 reward_loss:  -15.657442092895508
epoch:  37 batch:  70 region_loss:  10.0 10.0 loc_loss:  0.33064975738525393 reward_loss:  -16.532487869262695
epoch:  37 batch:  80 region_loss:  10.0 10.0 loc_loss:  0.3459994888305664 reward_loss:  -17.29997444152832
epoch:  37 batch:  90 region_loss:  6.0 6.0 loc_loss:  0.2018893051147461 reward_loss:  -10.094465255737305
epoch:  37 batch:  100 region_loss:  8.0 8.0 loc_loss:  0.24772487640380858 reward_loss:  -12.386241912841797
epoch:  37 batch:  110 region_loss:  4.0 4.0 loc_loss:  0.1280384349822998 reward_loss:  -6.401920318603516
epoch:  37 batch:  120 region_loss:  5.0 5.0 loc_loss:  0.14335347175598145 reward_loss:  -7.167673110961914
epoch:  37 batch:  130 region_loss:  7.0 7.0 loc_loss:  0.23093963623046876 reward_loss:  -11.546981811523438
acc@1:  0.11382878645343368
epoch: 37 region loss 0.17051094890510948 loc loss 0.28076180793943195 reward loss -14.038090347373572
epoch:  38 batch:  0 region_loss:  10.0 10.0 loc_loss:  0.2958011436462402 reward_loss:  -14.790057182312012
epoch:  38 batch:  10 region_loss:  10.0 10.0 loc_loss:  0.32319595336914064 reward_loss:  -16.15979766845703
epoch:  38 batch:  20 region_loss:  10.0 10.0 loc_loss:  0.3147471618652344 reward_loss:  -15.737357139587402
epoch:  38 batch:  30 region_loss:  10.0 10.0 loc_loss:  0.2891880989074707 reward_loss:  -14.459405899047852
epoch:  38 batch:  40 region_loss:  10.0 10.0 loc_loss:  0.3926114273071289 reward_loss:  -19.630569458007812
epoch:  38 batch:  50 region_loss:  10.0 10.0 loc_loss:  0.3025274467468262 reward_loss:  -15.126373291015625
epoch:  38 batch:  60 region_loss:  10.0 10.0 loc_loss:  0.29523836135864256 reward_loss:  -14.761918067932129
epoch:  38 batch:  70 region_loss:  10.0 10.0 loc_loss:  0.3142788696289063 reward_loss:  -15.713942527770996
epoch:  38 batch:  80 region_loss:  10.0 10.0 loc_loss:  0.32584098815917967 reward_loss:  -16.292049407958984
epoch:  38 batch:  90 region_loss:  6.0 6.0 loc_loss:  0.1894399642944336 reward_loss:  -9.47199821472168
epoch:  38 batch:  100 region_loss:  8.0 8.0 loc_loss:  0.23426877975463867 reward_loss:  -11.71343994140625
epoch:  38 batch:  110 region_loss:  4.0 4.0 loc_loss:  0.11961382865905762 reward_loss:  -5.980691432952881
epoch:  38 batch:  120 region_loss:  5.0 5.0 loc_loss:  0.134383602142334 reward_loss:  -6.719181060791016
epoch:  38 batch:  130 region_loss:  7.0 7.0 loc_loss:  0.2174549102783203 reward_loss:  -10.872745513916016
acc@1:  0.11523988711194733
epoch: 38 region loss 0.17051094890510948 loc loss 0.2662709073776746 reward loss -13.313545495054148
epoch:  39 batch:  0 region_loss:  10.0 10.0 loc_loss:  0.2796490669250488 reward_loss:  -13.982454299926758
epoch:  39 batch:  10 region_loss:  10.0 10.0 loc_loss:  0.3057991027832031 reward_loss:  -15.28995418548584
epoch:  39 batch:  20 region_loss:  10.0 10.0 loc_loss:  0.30046178817749025 reward_loss:  -15.023090362548828
epoch:  39 batch:  30 region_loss:  10.0 10.0 loc_loss:  0.2729805564880371 reward_loss:  -13.649028778076172
epoch:  39 batch:  40 region_loss:  10.0 10.0 loc_loss:  0.37322895050048827 reward_loss:  -18.661447525024414
epoch:  39 batch:  50 region_loss:  10.0 10.0 loc_loss:  0.28721128463745116 reward_loss:  -14.360564231872559
epoch:  39 batch:  60 region_loss:  10.0 10.0 loc_loss:  0.278322811126709 reward_loss:  -13.916139602661133
epoch:  39 batch:  70 region_loss:  10.0 10.0 loc_loss:  0.2981905746459961 reward_loss:  -14.909530639648438
epoch:  39 batch:  80 region_loss:  10.0 10.0 loc_loss:  0.30643428802490236 reward_loss:  -15.3217134475708
epoch:  39 batch:  90 region_loss:  6.0 6.0 loc_loss:  0.17760234832763672 reward_loss:  -8.880117416381836
epoch:  39 batch:  100 region_loss:  8.0 8.0 loc_loss:  0.2205280303955078 reward_loss:  -11.026402473449707
epoch:  39 batch:  110 region_loss:  4.0 4.0 loc_loss:  0.11189978599548339 reward_loss:  -5.59498929977417
epoch:  39 batch:  120 region_loss:  5.0 5.0 loc_loss:  0.12563172340393067 reward_loss:  -6.281586647033691
epoch:  39 batch:  130 region_loss:  7.0 7.0 loc_loss:  0.20416612625122071 reward_loss:  -10.208306312561035
acc@1:  0.11194731890874883
epoch: 39 region loss 0.17051094890510948 loc loss 0.25223938973280635 reward loss -12.611969536238343
epoch:  40 batch:  0 region_loss:  10.0 10.0 loc_loss:  0.26397342681884767 reward_loss:  -13.1986722946167
epoch:  40 batch:  10 region_loss:  10.0 10.0 loc_loss:  0.289193229675293 reward_loss:  -14.459662437438965
epoch:  40 batch:  20 region_loss:  10.0 10.0 loc_loss:  0.28711753845214844 reward_loss:  -14.355875015258789
epoch:  40 batch:  30 region_loss:  10.0 10.0 loc_loss:  0.25760183334350584 reward_loss:  -12.88009262084961
epoch:  40 batch:  40 region_loss:  10.0 10.0 loc_loss:  0.3542452239990234 reward_loss:  -17.712261199951172
epoch:  40 batch:  50 region_loss:  10.0 10.0 loc_loss:  0.2723163795471191 reward_loss:  -13.615819931030273
epoch:  40 batch:  60 region_loss:  10.0 10.0 loc_loss:  0.2618296241760254 reward_loss:  -13.09148120880127
epoch:  40 batch:  70 region_loss:  10.0 10.0 loc_loss:  0.2833118438720703 reward_loss:  -14.165592193603516
epoch:  40 batch:  80 region_loss:  10.0 10.0 loc_loss:  0.28801610946655276 reward_loss:  -14.400806427001953
epoch:  40 batch:  90 region_loss:  6.0 6.0 loc_loss:  0.16627504348754882 reward_loss:  -8.313751220703125
epoch:  40 batch:  100 region_loss:  8.0 8.0 loc_loss:  0.20852214813232423 reward_loss:  -10.426107406616211
epoch:  40 batch:  110 region_loss:  4.0 4.0 loc_loss:  0.10424670219421386 reward_loss:  -5.212335586547852
epoch:  40 batch:  120 region_loss:  5.0 5.0 loc_loss:  0.11751845359802246 reward_loss:  -5.8759236335754395
epoch:  40 batch:  130 region_loss:  7.0 7.0 loc_loss:  0.19180042266845704 reward_loss:  -9.590021133422852
acc@1:  0.11429915333960489
epoch: 40 region loss 0.17051094890510948 loc loss 0.2388654178946558 reward loss -11.943270752029697
epoch:  41 batch:  0 region_loss:  10.0 10.0 loc_loss:  0.24930374145507814 reward_loss:  -12.465188980102539
epoch:  41 batch:  10 region_loss:  10.0 10.0 loc_loss:  0.273037109375 reward_loss:  -13.651854515075684
epoch:  41 batch:  20 region_loss:  10.0 10.0 loc_loss:  0.2741903305053711 reward_loss:  -13.709516525268555
epoch:  41 batch:  30 region_loss:  10.0 10.0 loc_loss:  0.24254341125488282 reward_loss:  -12.12717056274414
epoch:  41 batch:  40 region_loss:  10.0 10.0 loc_loss:  0.33590274810791015 reward_loss:  -16.79513931274414
epoch:  41 batch:  50 region_loss:  10.0 10.0 loc_loss:  0.2587287712097168 reward_loss:  -12.93643856048584
epoch:  41 batch:  60 region_loss:  10.0 10.0 loc_loss:  0.24632265090942382 reward_loss:  -12.316130638122559
epoch:  41 batch:  70 region_loss:  10.0 10.0 loc_loss:  0.26811397552490235 reward_loss:  -13.4056978225708
epoch:  41 batch:  80 region_loss:  10.0 10.0 loc_loss:  0.2700943374633789 reward_loss:  -13.504717826843262
epoch:  41 batch:  90 region_loss:  6.0 6.0 loc_loss:  0.15536022186279297 reward_loss:  -7.768011569976807
epoch:  41 batch:  100 region_loss:  8.0 8.0 loc_loss:  0.1953025245666504 reward_loss:  -9.765125274658203
epoch:  41 batch:  110 region_loss:  4.0 4.0 loc_loss:  0.09735110282897949 reward_loss:  -4.867555618286133
epoch:  41 batch:  120 region_loss:  5.0 5.0 loc_loss:  0.10963844299316407 reward_loss:  -5.481922149658203
epoch:  41 batch:  130 region_loss:  7.0 7.0 loc_loss:  0.17947874069213868 reward_loss:  -8.973937034606934
acc@1:  0.11100658513640639
epoch: 41 region loss 0.17051094890510948 loc loss 0.22587105128016785 reward loss -11.293552492656847
epoch:  42 batch:  0 region_loss:  10.0 10.0 loc_loss:  0.2350895118713379 reward_loss:  -11.754474639892578
epoch:  42 batch:  10 region_loss:  10.0 10.0 loc_loss:  0.2578569221496582 reward_loss:  -12.892847061157227
epoch:  42 batch:  20 region_loss:  10.0 10.0 loc_loss:  0.262846565246582 reward_loss:  -13.142327308654785
epoch:  42 batch:  30 region_loss:  10.0 10.0 loc_loss:  0.2286272621154785 reward_loss:  -11.43136215209961
epoch:  42 batch:  40 region_loss:  10.0 10.0 loc_loss:  0.3181233215332031 reward_loss:  -15.906167984008789
epoch:  42 batch:  50 region_loss:  10.0 10.0 loc_loss:  0.2458758544921875 reward_loss:  -12.293792724609375
epoch:  42 batch:  60 region_loss:  10.0 10.0 loc_loss:  0.23134838104248046 reward_loss:  -11.567419052124023
epoch:  42 batch:  70 region_loss:  10.0 10.0 loc_loss:  0.254228401184082 reward_loss:  -12.711420059204102
epoch:  42 batch:  80 region_loss:  10.0 10.0 loc_loss:  0.253588924407959 reward_loss:  -12.67944622039795
epoch:  42 batch:  90 region_loss:  6.0 6.0 loc_loss:  0.14504891395568847 reward_loss:  -7.252446174621582
epoch:  42 batch:  100 region_loss:  8.0 8.0 loc_loss:  0.18483016967773438 reward_loss:  -9.241510391235352
epoch:  42 batch:  110 region_loss:  4.0 4.0 loc_loss:  0.09049764633178711 reward_loss:  -4.5248823165893555
epoch:  42 batch:  120 region_loss:  5.0 5.0 loc_loss:  0.10228988647460938 reward_loss:  -5.1144938468933105
epoch:  42 batch:  130 region_loss:  7.0 7.0 loc_loss:  0.16824834823608398 reward_loss:  -8.4124174118042
acc@1:  0.11288805268109126
epoch: 42 region loss 0.17051094890510948 loc loss 0.21362156145764094 reward loss -10.681078129441198
epoch:  43 batch:  0 region_loss:  10.0 10.0 loc_loss:  0.22172420501708984 reward_loss:  -11.086210250854492
epoch:  43 batch:  10 region_loss:  10.0 10.0 loc_loss:  0.2432760238647461 reward_loss:  -12.163801193237305
epoch:  43 batch:  20 region_loss:  10.0 10.0 loc_loss:  0.2508180046081543 reward_loss:  -12.540901184082031
epoch:  43 batch:  30 region_loss:  10.0 10.0 loc_loss:  0.21507991790771486 reward_loss:  -10.753995895385742
epoch:  43 batch:  40 region_loss:  10.0 10.0 loc_loss:  0.301090202331543 reward_loss:  -15.054510116577148
epoch:  43 batch:  50 region_loss:  10.0 10.0 loc_loss:  0.23249330520629882 reward_loss:  -11.624665260314941
epoch:  43 batch:  60 region_loss:  10.0 10.0 loc_loss:  0.21708303451538086 reward_loss:  -10.854151725769043
epoch:  43 batch:  70 region_loss:  10.0 10.0 loc_loss:  0.23977447509765626 reward_loss:  -11.988724708557129
epoch:  43 batch:  80 region_loss:  10.0 10.0 loc_loss:  0.23718116760253907 reward_loss:  -11.85905933380127
epoch:  43 batch:  90 region_loss:  6.0 6.0 loc_loss:  0.13522777557373047 reward_loss:  -6.761388778686523
epoch:  43 batch:  100 region_loss:  8.0 8.0 loc_loss:  0.17238019943237304 reward_loss:  -8.619009971618652
epoch:  43 batch:  110 region_loss:  4.0 4.0 loc_loss:  0.0843238353729248 reward_loss:  -4.21619176864624
epoch:  43 batch:  120 region_loss:  5.0 5.0 loc_loss:  0.0953162956237793 reward_loss:  -4.765814781188965
epoch:  43 batch:  130 region_loss:  7.0 7.0 loc_loss:  0.15701045989990234 reward_loss:  -7.850523471832275
acc@1:  0.11241768579492004
epoch: 43 region loss 0.17051094890510948 loc loss 0.20171139174134192 reward loss -10.085569599684138
epoch:  44 batch:  0 region_loss:  10.0 10.0 loc_loss:  0.20833330154418944 reward_loss:  -10.416666030883789
epoch:  44 batch:  10 region_loss:  10.0 10.0 loc_loss:  0.2300053596496582 reward_loss:  -11.50026798248291
epoch:  44 batch:  20 region_loss:  10.0 10.0 loc_loss:  0.23989397048950195 reward_loss:  -11.994699478149414
epoch:  44 batch:  30 region_loss:  10.0 10.0 loc_loss:  0.2030517578125 reward_loss:  -10.152587890625
epoch:  44 batch:  40 region_loss:  10.0 10.0 loc_loss:  0.2848624038696289 reward_loss:  -14.243119239807129
epoch:  44 batch:  50 region_loss:  10.0 10.0 loc_loss:  0.21990840911865234 reward_loss:  -10.995418548583984
epoch:  44 batch:  60 region_loss:  10.0 10.0 loc_loss:  0.2035989761352539 reward_loss:  -10.179949760437012
epoch:  44 batch:  70 region_loss:  10.0 10.0 loc_loss:  0.22656150817871093 reward_loss:  -11.328075408935547
epoch:  44 batch:  80 region_loss:  10.0 10.0 loc_loss:  0.22242147445678712 reward_loss:  -11.121073722839355
epoch:  44 batch:  90 region_loss:  6.0 6.0 loc_loss:  0.12583278656005858 reward_loss:  -6.291638374328613
epoch:  44 batch:  100 region_loss:  8.0 8.0 loc_loss:  0.16296836853027344 reward_loss:  -8.148417472839355
epoch:  44 batch:  110 region_loss:  4.0 4.0 loc_loss:  0.0782383632659912 reward_loss:  -3.911917209625244
epoch:  44 batch:  120 region_loss:  5.0 5.0 loc_loss:  0.0887968635559082 reward_loss:  -4.439842700958252
epoch:  44 batch:  130 region_loss:  7.0 7.0 loc_loss:  0.1469277000427246 reward_loss:  -7.346384525299072
acc@1:  0.10959548447789276
epoch: 44 region loss 0.17051094890510948 loc loss 0.19041121356678706 reward loss -9.52056066572231
epoch:  45 batch:  0 region_loss:  10.0 10.0 loc_loss:  0.1959719467163086 reward_loss:  -9.79859733581543
epoch:  45 batch:  10 region_loss:  10.0 10.0 loc_loss:  0.2168722152709961 reward_loss:  -10.843610763549805
epoch:  45 batch:  20 region_loss:  10.0 10.0 loc_loss:  0.22866743087768554 reward_loss:  -11.433371543884277
epoch:  45 batch:  30 region_loss:  10.0 10.0 loc_loss:  0.19171743392944335 reward_loss:  -9.585871696472168
epoch:  45 batch:  40 region_loss:  10.0 10.0 loc_loss:  0.26946338653564456 reward_loss:  -13.473169326782227
epoch:  45 batch:  50 region_loss:  10.0 10.0 loc_loss:  0.20776615142822266 reward_loss:  -10.388307571411133
epoch:  45 batch:  60 region_loss:  10.0 10.0 loc_loss:  0.19059078216552736 reward_loss:  -9.529539108276367
epoch:  45 batch:  70 region_loss:  10.0 10.0 loc_loss:  0.2131471824645996 reward_loss:  -10.657358169555664
epoch:  45 batch:  80 region_loss:  10.0 10.0 loc_loss:  0.20759407043457032 reward_loss:  -10.379705429077148
epoch:  45 batch:  90 region_loss:  6.0 6.0 loc_loss:  0.1170881748199463 reward_loss:  -5.854408264160156
epoch:  45 batch:  100 region_loss:  8.0 8.0 loc_loss:  0.15160019874572753 reward_loss:  -7.580009937286377
epoch:  45 batch:  110 region_loss:  4.0 4.0 loc_loss:  0.07270826816558838 reward_loss:  -3.635413646697998
epoch:  45 batch:  120 region_loss:  5.0 5.0 loc_loss:  0.0825025463104248 reward_loss:  -4.125127792358398
epoch:  45 batch:  130 region_loss:  7.0 7.0 loc_loss:  0.13673935890197753 reward_loss:  -6.836968421936035
acc@1:  0.10818438381937912
epoch: 45 region loss 0.17051094890510948 loc loss 0.1793137595079241 reward loss -8.96568792579818
epoch:  46 batch:  0 region_loss:  10.0 10.0 loc_loss:  0.18398063659667968 reward_loss:  -9.1990327835083
epoch:  46 batch:  10 region_loss:  10.0 10.0 loc_loss:  0.2043367576599121 reward_loss:  -10.216837882995605
epoch:  46 batch:  20 region_loss:  10.0 10.0 loc_loss:  0.21755168914794923 reward_loss:  -10.877584457397461
epoch:  46 batch:  30 region_loss:  10.0 10.0 loc_loss:  0.18066606521606446 reward_loss:  -9.033304214477539
epoch:  46 batch:  40 region_loss:  10.0 10.0 loc_loss:  0.25472896575927734 reward_loss:  -12.7364501953125
epoch:  46 batch:  50 region_loss:  10.0 10.0 loc_loss:  0.196112003326416 reward_loss:  -9.8056001663208
epoch:  46 batch:  60 region_loss:  10.0 10.0 loc_loss:  0.17840467453002928 reward_loss:  -8.920232772827148
epoch:  46 batch:  70 region_loss:  10.0 10.0 loc_loss:  0.2008705711364746 reward_loss:  -10.04352855682373
epoch:  46 batch:  80 region_loss:  10.0 10.0 loc_loss:  0.19436416625976563 reward_loss:  -9.718208312988281
epoch:  46 batch:  90 region_loss:  6.0 6.0 loc_loss:  0.10870820045471191 reward_loss:  -5.435410022735596
epoch:  46 batch:  100 region_loss:  8.0 8.0 loc_loss:  0.14292701721191406 reward_loss:  -7.146349906921387
epoch:  46 batch:  110 region_loss:  4.0 4.0 loc_loss:  0.06728575229644776 reward_loss:  -3.364287853240967
epoch:  46 batch:  120 region_loss:  5.0 5.0 loc_loss:  0.07684184074401855 reward_loss:  -3.842092514038086
epoch:  46 batch:  130 region_loss:  7.0 7.0 loc_loss:  0.1278422737121582 reward_loss:  -6.39211368560791
acc@1:  0.10677328316086547
epoch: 46 region loss 0.17051094890510948 loc loss 0.16888191054337218 reward loss -8.44409552803875
epoch:  47 batch:  0 region_loss:  10.0 10.0 loc_loss:  0.17273366928100586 reward_loss:  -8.63668441772461
epoch:  47 batch:  10 region_loss:  10.0 10.0 loc_loss:  0.19137990951538086 reward_loss:  -9.56899642944336
epoch:  47 batch:  20 region_loss:  10.0 10.0 loc_loss:  0.2072588348388672 reward_loss:  -10.362942695617676
epoch:  47 batch:  30 region_loss:  10.0 10.0 loc_loss:  0.1697824478149414 reward_loss:  -8.489123344421387
epoch:  47 batch:  40 region_loss:  10.0 10.0 loc_loss:  0.2403797149658203 reward_loss:  -12.018985748291016
epoch:  47 batch:  50 region_loss:  10.0 10.0 loc_loss:  0.1853163719177246 reward_loss:  -9.265817642211914
epoch:  47 batch:  60 region_loss:  10.0 10.0 loc_loss:  0.1668001365661621 reward_loss:  -8.340006828308105
epoch:  47 batch:  70 region_loss:  10.0 10.0 loc_loss:  0.18856386184692384 reward_loss:  -9.428193092346191
epoch:  47 batch:  80 region_loss:  10.0 10.0 loc_loss:  0.18117393493652345 reward_loss:  -9.058697700500488
epoch:  47 batch:  90 region_loss:  6.0 6.0 loc_loss:  0.10099332809448242 reward_loss:  -5.049665927886963
epoch:  47 batch:  100 region_loss:  8.0 8.0 loc_loss:  0.13283910751342773 reward_loss:  -6.641955852508545
epoch:  47 batch:  110 region_loss:  4.0 4.0 loc_loss:  0.062391715049743654 reward_loss:  -3.1195857524871826
epoch:  47 batch:  120 region_loss:  5.0 5.0 loc_loss:  0.07122382164001465 reward_loss:  -3.5611910820007324
epoch:  47 batch:  130 region_loss:  7.0 7.0 loc_loss:  0.11864404678344727 reward_loss:  -5.932201862335205
acc@1:  0.10536218250235184
epoch: 47 region loss 0.17051094890510948 loc loss 0.15877950835401994 reward loss -7.938975340258466
epoch:  48 batch:  0 region_loss:  10.0 10.0 loc_loss:  0.161806640625 reward_loss:  -8.09033203125
epoch:  48 batch:  10 region_loss:  10.0 10.0 loc_loss:  0.179330997467041 reward_loss:  -8.966547966003418
epoch:  48 batch:  20 region_loss:  10.0 10.0 loc_loss:  0.1966715621948242 reward_loss:  -9.833578109741211
epoch:  48 batch:  30 region_loss:  10.0 10.0 loc_loss:  0.1582796859741211 reward_loss:  -7.913984775543213
epoch:  48 batch:  40 region_loss:  10.0 10.0 loc_loss:  0.2262188720703125 reward_loss:  -11.310944557189941
epoch:  48 batch:  50 region_loss:  10.0 10.0 loc_loss:  0.174677791595459 reward_loss:  -8.73388957977295
epoch:  48 batch:  60 region_loss:  10.0 10.0 loc_loss:  0.15585983276367188 reward_loss:  -7.792992115020752
epoch:  48 batch:  70 region_loss:  10.0 10.0 loc_loss:  0.17737817764282227 reward_loss:  -8.868908882141113
epoch:  48 batch:  80 region_loss:  10.0 10.0 loc_loss:  0.16938085556030275 reward_loss:  -8.469043731689453
epoch:  48 batch:  90 region_loss:  6.0 6.0 loc_loss:  0.09364635467529298 reward_loss:  -4.682317733764648
epoch:  48 batch:  100 region_loss:  8.0 8.0 loc_loss:  0.1249181079864502 reward_loss:  -6.24590539932251
epoch:  48 batch:  110 region_loss:  4.0 4.0 loc_loss:  0.05761579513549805 reward_loss:  -2.8807897567749023
epoch:  48 batch:  120 region_loss:  5.0 5.0 loc_loss:  0.06632317543029785 reward_loss:  -3.3161590099334717
epoch:  48 batch:  130 region_loss:  7.0 7.0 loc_loss:  0.11081905364990234 reward_loss:  -5.540953159332275
acc@1:  0.10677328316086547
epoch: 48 region loss 0.17051094890510948 loc loss 0.14931014661371272 reward loss -7.465507264990006
epoch:  49 batch:  0 region_loss:  10.0 10.0 loc_loss:  0.15157310485839845 reward_loss:  -7.578655242919922
epoch:  49 batch:  10 region_loss:  10.0 10.0 loc_loss:  0.16765235900878905 reward_loss:  -8.382616996765137
epoch:  49 batch:  20 region_loss:  10.0 10.0 loc_loss:  0.18693735122680663 reward_loss:  -9.346867561340332
epoch:  49 batch:  30 region_loss:  10.0 10.0 loc_loss:  0.14815425872802734 reward_loss:  -7.407713413238525
epoch:  49 batch:  40 region_loss:  10.0 10.0 loc_loss:  0.21261375427246093 reward_loss:  -10.630687713623047
epoch:  49 batch:  50 region_loss:  10.0 10.0 loc_loss:  0.1649916648864746 reward_loss:  -8.24958324432373
epoch:  49 batch:  60 region_loss:  10.0 10.0 loc_loss:  0.14560174942016602 reward_loss:  -7.280086517333984
epoch:  49 batch:  70 region_loss:  10.0 10.0 loc_loss:  0.16612716674804687 reward_loss:  -8.306358337402344
epoch:  49 batch:  80 region_loss:  10.0 10.0 loc_loss:  0.1578018856048584 reward_loss:  -7.890094757080078
epoch:  49 batch:  90 region_loss:  6.0 6.0 loc_loss:  0.08692234992980957 reward_loss:  -4.346117973327637
epoch:  49 batch:  100 region_loss:  8.0 8.0 loc_loss:  0.11598707199096679 reward_loss:  -5.79935359954834
epoch:  49 batch:  110 region_loss:  4.0 4.0 loc_loss:  0.05332561492919922 reward_loss:  -2.666280746459961
epoch:  49 batch:  120 region_loss:  5.0 5.0 loc_loss:  0.0614283561706543 reward_loss:  -3.071417808532715
epoch:  49 batch:  130 region_loss:  7.0 7.0 loc_loss:  0.10263911247253418 reward_loss:  -5.131955623626709
acc@1:  0.10630291627469426
epoch: 49 region loss 0.17051094890510948 loc loss 0.14025405057155305 reward loss -7.012702523791877
