2
cuda
epoch:  0 batch:  0 region_loss:  10.0 10.0 loc_loss:  1.9860433959960937 reward_loss:  -99.30140686035156
epoch:  0 batch:  10 region_loss:  10.0 10.0 loc_loss:  1.982643585205078 reward_loss:  -99.13195037841797
epoch:  0 batch:  20 region_loss:  10.0 10.0 loc_loss:  1.9844850158691407 reward_loss:  -99.22406768798828
epoch:  0 batch:  30 region_loss:  10.0 10.0 loc_loss:  1.9897019958496094 reward_loss:  -99.48468780517578
epoch:  0 batch:  40 region_loss:  10.0 10.0 loc_loss:  1.9919705200195312 reward_loss:  -99.59941864013672
epoch:  0 batch:  50 region_loss:  10.0 10.0 loc_loss:  1.9843988037109375 reward_loss:  -99.21992492675781
epoch:  0 batch:  60 region_loss:  10.0 10.0 loc_loss:  1.9838594055175782 reward_loss:  -99.19352722167969
epoch:  0 batch:  70 region_loss:  10.0 10.0 loc_loss:  1.9855758666992187 reward_loss:  -99.27948760986328
epoch:  0 batch:  80 region_loss:  10.0 10.0 loc_loss:  1.9822477722167968 reward_loss:  -99.11247253417969
epoch:  0 batch:  90 region_loss:  6.0 6.0 loc_loss:  1.1795858764648437 reward_loss:  -58.97929763793945
epoch:  0 batch:  100 region_loss:  8.0 8.0 loc_loss:  1.572891387939453 reward_loss:  -78.64462280273438
epoch:  0 batch:  110 region_loss:  4.0 4.0 loc_loss:  0.78805419921875 reward_loss:  -39.402671813964844
epoch:  0 batch:  120 region_loss:  5.0 5.0 loc_loss:  0.9796853637695313 reward_loss:  -48.983585357666016
epoch:  0 batch:  130 region_loss:  7.0 7.0 loc_loss:  1.3728150939941406 reward_loss:  -68.64111328125
acc@1:  0.004703668861712135
epoch: 0 region loss 0.17051094890510948 loc loss 1.6868815835549014 reward loss -84.34410331893142
epoch:  1 batch:  0 region_loss:  10.0 10.0 loc_loss:  1.9139816284179687 reward_loss:  -95.69886779785156
epoch:  1 batch:  10 region_loss:  10.0 10.0 loc_loss:  1.9305152893066406 reward_loss:  -96.52569580078125
epoch:  1 batch:  20 region_loss:  10.0 10.0 loc_loss:  1.9231977844238282 reward_loss:  -96.16010284423828
epoch:  1 batch:  30 region_loss:  10.0 10.0 loc_loss:  1.9289051818847656 reward_loss:  -96.44601440429688
epoch:  1 batch:  40 region_loss:  10.0 10.0 loc_loss:  1.9263565063476562 reward_loss:  -96.31831359863281
epoch:  1 batch:  50 region_loss:  10.0 10.0 loc_loss:  1.9119686889648437 reward_loss:  -95.599853515625
epoch:  1 batch:  60 region_loss:  10.0 10.0 loc_loss:  1.9084788513183595 reward_loss:  -95.4246826171875
epoch:  1 batch:  70 region_loss:  10.0 10.0 loc_loss:  1.8922500610351562 reward_loss:  -94.61268615722656
epoch:  1 batch:  80 region_loss:  10.0 10.0 loc_loss:  1.8701588439941406 reward_loss:  -93.50791931152344
epoch:  1 batch:  90 region_loss:  6.0 6.0 loc_loss:  1.1029615783691407 reward_loss:  -55.148223876953125
epoch:  1 batch:  100 region_loss:  8.0 8.0 loc_loss:  1.4556971740722657 reward_loss:  -72.78509521484375
epoch:  1 batch:  110 region_loss:  4.0 4.0 loc_loss:  0.7387339019775391 reward_loss:  -36.93800354003906
epoch:  1 batch:  120 region_loss:  5.0 5.0 loc_loss:  0.9061195373535156 reward_loss:  -45.3067741394043
epoch:  1 batch:  130 region_loss:  7.0 7.0 loc_loss:  1.2591154479980469 reward_loss:  -62.95547103881836
acc@1:  0.024459078080903106
epoch: 1 region loss 0.17051094890510948 loc loss 1.6043490801066378 reward loss -80.21740636338282
epoch:  2 batch:  0 region_loss:  10.0 10.0 loc_loss:  1.7338726806640625 reward_loss:  -86.693603515625
epoch:  2 batch:  10 region_loss:  10.0 10.0 loc_loss:  1.744735565185547 reward_loss:  -87.23490905761719
epoch:  2 batch:  20 region_loss:  10.0 10.0 loc_loss:  1.741298828125 reward_loss:  -87.0650863647461
epoch:  2 batch:  30 region_loss:  10.0 10.0 loc_loss:  1.7727316284179688 reward_loss:  -88.63645935058594
epoch:  2 batch:  40 region_loss:  10.0 10.0 loc_loss:  1.727841339111328 reward_loss:  -86.3922119140625
epoch:  2 batch:  50 region_loss:  10.0 10.0 loc_loss:  1.7675160217285155 reward_loss:  -88.37533569335938
epoch:  2 batch:  60 region_loss:  10.0 10.0 loc_loss:  1.753470916748047 reward_loss:  -87.6730728149414
epoch:  2 batch:  70 region_loss:  10.0 10.0 loc_loss:  1.7540902709960937 reward_loss:  -87.70523071289062
epoch:  2 batch:  80 region_loss:  10.0 10.0 loc_loss:  1.724423828125 reward_loss:  -86.22145080566406
epoch:  2 batch:  90 region_loss:  6.0 6.0 loc_loss:  1.0290351104736328 reward_loss:  -51.45110321044922
epoch:  2 batch:  100 region_loss:  8.0 8.0 loc_loss:  1.3702239990234375 reward_loss:  -68.5118637084961
epoch:  2 batch:  110 region_loss:  4.0 4.0 loc_loss:  0.7016162109375 reward_loss:  -35.07989501953125
epoch:  2 batch:  120 region_loss:  5.0 5.0 loc_loss:  0.8650627136230469 reward_loss:  -43.25304412841797
epoch:  2 batch:  130 region_loss:  7.0 7.0 loc_loss:  1.2039569091796876 reward_loss:  -60.19828796386719
acc@1:  0.031044214487300093
epoch: 2 region loss 0.17051094890510948 loc loss 1.4746546518367571 reward loss -73.73274010985438
epoch:  3 batch:  0 region_loss:  10.0 10.0 loc_loss:  1.681591796875 reward_loss:  -84.07952880859375
epoch:  3 batch:  10 region_loss:  10.0 10.0 loc_loss:  1.6729759216308593 reward_loss:  -83.64783477783203
epoch:  3 batch:  20 region_loss:  10.0 10.0 loc_loss:  1.6520541381835938 reward_loss:  -82.6026840209961
epoch:  3 batch:  30 region_loss:  10.0 10.0 loc_loss:  1.7016329956054688 reward_loss:  -85.08191680908203
epoch:  3 batch:  40 region_loss:  10.0 10.0 loc_loss:  1.6529188537597657 reward_loss:  -82.64631652832031
epoch:  3 batch:  50 region_loss:  10.0 10.0 loc_loss:  1.6967800903320311 reward_loss:  -84.83990478515625
epoch:  3 batch:  60 region_loss:  10.0 10.0 loc_loss:  1.685441131591797 reward_loss:  -84.27104949951172
epoch:  3 batch:  70 region_loss:  10.0 10.0 loc_loss:  1.6857052612304688 reward_loss:  -84.28578186035156
epoch:  3 batch:  80 region_loss:  10.0 10.0 loc_loss:  1.6621003723144532 reward_loss:  -83.10457611083984
epoch:  3 batch:  90 region_loss:  6.0 6.0 loc_loss:  0.9959953308105469 reward_loss:  -49.80046844482422
epoch:  3 batch:  100 region_loss:  8.0 8.0 loc_loss:  1.3246795654296875 reward_loss:  -66.2342300415039
epoch:  3 batch:  110 region_loss:  4.0 4.0 loc_loss:  0.6814675903320313 reward_loss:  -34.074462890625
epoch:  3 batch:  120 region_loss:  5.0 5.0 loc_loss:  0.8403729248046875 reward_loss:  -42.018924713134766
epoch:  3 batch:  130 region_loss:  7.0 7.0 loc_loss:  1.1712097930908203 reward_loss:  -58.560298919677734
acc@1:  0.040921919096895576
epoch: 3 region loss 0.17051094890510948 loc loss 1.4146799847679419 reward loss -70.73408669798914
epoch:  4 batch:  0 region_loss:  10.0 10.0 loc_loss:  1.6399925231933594 reward_loss:  -81.99948120117188
epoch:  4 batch:  10 region_loss:  10.0 10.0 loc_loss:  1.6278041076660157 reward_loss:  -81.39031982421875
epoch:  4 batch:  20 region_loss:  10.0 10.0 loc_loss:  1.5888362121582031 reward_loss:  -79.44225311279297
epoch:  4 batch:  30 region_loss:  10.0 10.0 loc_loss:  1.6487464904785156 reward_loss:  -82.43732452392578
epoch:  4 batch:  40 region_loss:  10.0 10.0 loc_loss:  1.5991558837890625 reward_loss:  -79.9572525024414
epoch:  4 batch:  50 region_loss:  10.0 10.0 loc_loss:  1.6396578979492187 reward_loss:  -81.983154296875
epoch:  4 batch:  60 region_loss:  10.0 10.0 loc_loss:  1.6311543273925782 reward_loss:  -81.55712890625
epoch:  4 batch:  70 region_loss:  10.0 10.0 loc_loss:  1.628155975341797 reward_loss:  -81.40885162353516
epoch:  4 batch:  80 region_loss:  10.0 10.0 loc_loss:  1.6093478393554688 reward_loss:  -80.46731567382812
epoch:  4 batch:  90 region_loss:  6.0 6.0 loc_loss:  0.9663548278808594 reward_loss:  -48.318302154541016
epoch:  4 batch:  100 region_loss:  8.0 8.0 loc_loss:  1.2817764282226562 reward_loss:  -64.08890533447266
epoch:  4 batch:  110 region_loss:  4.0 4.0 loc_loss:  0.6634260559082031 reward_loss:  -33.171485900878906
epoch:  4 batch:  120 region_loss:  5.0 5.0 loc_loss:  0.815898666381836 reward_loss:  -40.794677734375
epoch:  4 batch:  130 region_loss:  7.0 7.0 loc_loss:  1.1388597869873047 reward_loss:  -56.94169616699219
acc@1:  0.04797742238946378
epoch: 4 region loss 0.17051094890510948 loc loss 1.366453567003682 reward loss -68.32267285089424
epoch:  5 batch:  0 region_loss:  10.0 10.0 loc_loss:  1.5939340209960937 reward_loss:  -79.69694519042969
epoch:  5 batch:  10 region_loss:  10.0 10.0 loc_loss:  1.582144775390625 reward_loss:  -79.10681915283203
epoch:  5 batch:  20 region_loss:  10.0 10.0 loc_loss:  1.5251275634765624 reward_loss:  -76.25614929199219
epoch:  5 batch:  30 region_loss:  10.0 10.0 loc_loss:  1.5948408508300782 reward_loss:  -79.74185943603516
epoch:  5 batch:  40 region_loss:  10.0 10.0 loc_loss:  1.5469462585449218 reward_loss:  -77.34699249267578
epoch:  5 batch:  50 region_loss:  10.0 10.0 loc_loss:  1.5831045532226562 reward_loss:  -79.15509033203125
epoch:  5 batch:  60 region_loss:  10.0 10.0 loc_loss:  1.577003936767578 reward_loss:  -78.8496322631836
epoch:  5 batch:  70 region_loss:  10.0 10.0 loc_loss:  1.5697694396972657 reward_loss:  -78.48931121826172
epoch:  5 batch:  80 region_loss:  10.0 10.0 loc_loss:  1.5560313415527345 reward_loss:  -77.80158233642578
epoch:  5 batch:  90 region_loss:  6.0 6.0 loc_loss:  0.9360179901123047 reward_loss:  -46.80096435546875
epoch:  5 batch:  100 region_loss:  8.0 8.0 loc_loss:  1.2360704040527344 reward_loss:  -61.80274963378906
epoch:  5 batch:  110 region_loss:  4.0 4.0 loc_loss:  0.6454307556152343 reward_loss:  -32.27163314819336
epoch:  5 batch:  120 region_loss:  5.0 5.0 loc_loss:  0.7893466949462891 reward_loss:  -39.46722412109375
epoch:  5 batch:  130 region_loss:  7.0 7.0 loc_loss:  1.1044817352294922 reward_loss:  -55.2230339050293
acc@1:  0.05832549388523048
epoch: 5 region loss 0.17051094890510948 loc loss 1.3177330760538144 reward loss -65.8866019283768
epoch:  6 batch:  0 region_loss:  10.0 10.0 loc_loss:  1.5412876892089844 reward_loss:  -77.06451416015625
epoch:  6 batch:  10 region_loss:  10.0 10.0 loc_loss:  1.5321678161621093 reward_loss:  -76.608154296875
epoch:  6 batch:  20 region_loss:  10.0 10.0 loc_loss:  1.4560565185546874 reward_loss:  -72.80348205566406
epoch:  6 batch:  30 region_loss:  10.0 10.0 loc_loss:  1.5369082641601564 reward_loss:  -76.84535217285156
epoch:  6 batch:  40 region_loss:  10.0 10.0 loc_loss:  1.4922067260742187 reward_loss:  -74.61021423339844
epoch:  6 batch:  50 region_loss:  10.0 10.0 loc_loss:  1.5231513977050781 reward_loss:  -76.15795135498047
epoch:  6 batch:  60 region_loss:  10.0 10.0 loc_loss:  1.518783416748047 reward_loss:  -75.93896484375
epoch:  6 batch:  70 region_loss:  10.0 10.0 loc_loss:  1.5075408935546875 reward_loss:  -75.37651824951172
epoch:  6 batch:  80 region_loss:  10.0 10.0 loc_loss:  1.500166015625 reward_loss:  -75.00867462158203
epoch:  6 batch:  90 region_loss:  6.0 6.0 loc_loss:  0.9038877868652344 reward_loss:  -45.19425582885742
epoch:  6 batch:  100 region_loss:  8.0 8.0 loc_loss:  1.1867718505859375 reward_loss:  -59.338417053222656
epoch:  6 batch:  110 region_loss:  4.0 4.0 loc_loss:  0.6266994476318359 reward_loss:  -31.33482551574707
epoch:  6 batch:  120 region_loss:  5.0 5.0 loc_loss:  0.7606188201904297 reward_loss:  -38.03093338012695
epoch:  6 batch:  130 region_loss:  7.0 7.0 loc_loss:  1.0672259521484375 reward_loss:  -53.361000061035156
acc@1:  0.06820319849482596
epoch: 6 region loss 0.17051094890510948 loc loss 1.2660284891615818 reward loss -63.301424694757394
epoch:  7 batch:  0 region_loss:  10.0 10.0 loc_loss:  1.4821311950683593 reward_loss:  -74.1063003540039
epoch:  7 batch:  10 region_loss:  10.0 10.0 loc_loss:  1.4769161987304686 reward_loss:  -73.84559631347656
epoch:  7 batch:  20 region_loss:  10.0 10.0 loc_loss:  1.3812771606445313 reward_loss:  -69.06370544433594
epoch:  7 batch:  30 region_loss:  10.0 10.0 loc_loss:  1.4731864929199219 reward_loss:  -73.65947723388672
epoch:  7 batch:  40 region_loss:  10.0 10.0 loc_loss:  1.4361392211914064 reward_loss:  -71.80638885498047
epoch:  7 batch:  50 region_loss:  10.0 10.0 loc_loss:  1.4575112915039063 reward_loss:  -72.875732421875
epoch:  7 batch:  60 region_loss:  10.0 10.0 loc_loss:  1.4569798278808594 reward_loss:  -72.84896087646484
epoch:  7 batch:  70 region_loss:  10.0 10.0 loc_loss:  1.4398384094238281 reward_loss:  -71.99236297607422
epoch:  7 batch:  80 region_loss:  10.0 10.0 loc_loss:  1.4411030578613282 reward_loss:  -72.0551986694336
epoch:  7 batch:  90 region_loss:  6.0 6.0 loc_loss:  0.8704249572753906 reward_loss:  -43.52109909057617
epoch:  7 batch:  100 region_loss:  8.0 8.0 loc_loss:  1.1334202575683594 reward_loss:  -56.6712532043457
epoch:  7 batch:  110 region_loss:  4.0 4.0 loc_loss:  0.606813735961914 reward_loss:  -30.340723037719727
epoch:  7 batch:  120 region_loss:  5.0 5.0 loc_loss:  0.7297015380859375 reward_loss:  -36.48460388183594
epoch:  7 batch:  130 region_loss:  7.0 7.0 loc_loss:  1.0265377807617186 reward_loss:  -51.32670974731445
acc@1:  0.08184383819379115
epoch: 7 region loss 0.17051094890510948 loc loss 1.2109423001143185 reward loss -60.54706467677207
epoch:  8 batch:  0 region_loss:  10.0 10.0 loc_loss:  1.4171710205078125 reward_loss:  -70.85868072509766
epoch:  8 batch:  10 region_loss:  10.0 10.0 loc_loss:  1.4170388793945312 reward_loss:  -70.85186767578125
epoch:  8 batch:  20 region_loss:  10.0 10.0 loc_loss:  1.303501739501953 reward_loss:  -65.17546844482422
epoch:  8 batch:  30 region_loss:  10.0 10.0 loc_loss:  1.4045599365234376 reward_loss:  -70.22779846191406
epoch:  8 batch:  40 region_loss:  10.0 10.0 loc_loss:  1.3794485473632812 reward_loss:  -68.97264099121094
epoch:  8 batch:  50 region_loss:  10.0 10.0 loc_loss:  1.3871713256835938 reward_loss:  -69.358642578125
epoch:  8 batch:  60 region_loss:  10.0 10.0 loc_loss:  1.3913790893554687 reward_loss:  -69.56925964355469
epoch:  8 batch:  70 region_loss:  10.0 10.0 loc_loss:  1.3684591674804687 reward_loss:  -68.42210388183594
epoch:  8 batch:  80 region_loss:  10.0 10.0 loc_loss:  1.3802775573730468 reward_loss:  -69.0138931274414
epoch:  8 batch:  90 region_loss:  6.0 6.0 loc_loss:  0.8352215576171875 reward_loss:  -41.76124572753906
epoch:  8 batch:  100 region_loss:  8.0 8.0 loc_loss:  1.0772564697265625 reward_loss:  -53.862815856933594
epoch:  8 batch:  110 region_loss:  4.0 4.0 loc_loss:  0.5858538436889649 reward_loss:  -29.292978286743164
epoch:  8 batch:  120 region_loss:  5.0 5.0 loc_loss:  0.6969690704345703 reward_loss:  -34.84829330444336
epoch:  8 batch:  130 region_loss:  7.0 7.0 loc_loss:  0.9844332122802735 reward_loss:  -49.221290588378906
acc@1:  0.09501411100658513
epoch: 8 region loss 0.17051094890510948 loc loss 1.1534162735765 reward loss -57.67083822375667
epoch:  9 batch:  0 region_loss:  10.0 10.0 loc_loss:  1.3484645080566406 reward_loss:  -67.42317199707031
epoch:  9 batch:  10 region_loss:  10.0 10.0 loc_loss:  1.3535940551757812 reward_loss:  -67.67964935302734
epoch:  9 batch:  20 region_loss:  10.0 10.0 loc_loss:  1.2257319641113282 reward_loss:  -61.286338806152344
epoch:  9 batch:  30 region_loss:  10.0 10.0 loc_loss:  1.331750946044922 reward_loss:  -66.58714294433594
epoch:  9 batch:  40 region_loss:  10.0 10.0 loc_loss:  1.3232769775390625 reward_loss:  -66.16403198242188
epoch:  9 batch:  50 region_loss:  10.0 10.0 loc_loss:  1.3138557434082032 reward_loss:  -65.69293212890625
epoch:  9 batch:  60 region_loss:  10.0 10.0 loc_loss:  1.3243043518066406 reward_loss:  -66.21562194824219
epoch:  9 batch:  70 region_loss:  10.0 10.0 loc_loss:  1.2948490905761718 reward_loss:  -64.7430648803711
epoch:  9 batch:  80 region_loss:  10.0 10.0 loc_loss:  1.3200784301757813 reward_loss:  -66.00366973876953
epoch:  9 batch:  90 region_loss:  6.0 6.0 loc_loss:  0.7996450805664063 reward_loss:  -39.98201370239258
epoch:  9 batch:  100 region_loss:  8.0 8.0 loc_loss:  1.0193685913085937 reward_loss:  -50.968353271484375
epoch:  9 batch:  110 region_loss:  4.0 4.0 loc_loss:  0.5642600631713868 reward_loss:  -28.213415145874023
epoch:  9 batch:  120 region_loss:  5.0 5.0 loc_loss:  0.6639846801757813 reward_loss:  -33.199031829833984
epoch:  9 batch:  130 region_loss:  7.0 7.0 loc_loss:  0.9410544586181641 reward_loss:  -47.05268096923828
acc@1:  0.10677328316086547
epoch: 9 region loss 0.17051094890510948 loc loss 1.0950104862408048 reward loss -54.75055432841726
epoch:  10 batch:  0 region_loss:  10.0 10.0 loc_loss:  1.2770565032958985 reward_loss:  -63.85293197631836
epoch:  10 batch:  10 region_loss:  10.0 10.0 loc_loss:  1.288155059814453 reward_loss:  -64.408203125
epoch:  10 batch:  20 region_loss:  10.0 10.0 loc_loss:  1.1509144592285157 reward_loss:  -57.54597091674805
epoch:  10 batch:  30 region_loss:  10.0 10.0 loc_loss:  1.2571861267089843 reward_loss:  -62.85973358154297
epoch:  10 batch:  40 region_loss:  10.0 10.0 loc_loss:  1.2674906158447266 reward_loss:  -63.37420654296875
epoch:  10 batch:  50 region_loss:  10.0 10.0 loc_loss:  1.2393533325195312 reward_loss:  -61.967567443847656
epoch:  10 batch:  60 region_loss:  10.0 10.0 loc_loss:  1.257787551879883 reward_loss:  -62.88926696777344
epoch:  10 batch:  70 region_loss:  10.0 10.0 loc_loss:  1.2211643981933593 reward_loss:  -61.05779266357422
epoch:  10 batch:  80 region_loss:  10.0 10.0 loc_loss:  1.2612530517578124 reward_loss:  -63.06279754638672
epoch:  10 batch:  90 region_loss:  6.0 6.0 loc_loss:  0.7634385681152344 reward_loss:  -38.17219543457031
epoch:  10 batch:  100 region_loss:  8.0 8.0 loc_loss:  0.9619515228271485 reward_loss:  -48.09751510620117
epoch:  10 batch:  110 region_loss:  4.0 4.0 loc_loss:  0.5420991516113282 reward_loss:  -27.104995727539062
epoch:  10 batch:  120 region_loss:  5.0 5.0 loc_loss:  0.6310998916625976 reward_loss:  -31.554529190063477
epoch:  10 batch:  130 region_loss:  7.0 7.0 loc_loss:  0.8977497100830079 reward_loss:  -44.887428283691406
acc@1:  0.11665098777046096
epoch: 10 region loss 0.17051094890510948 loc loss 1.037140356467588 reward loss -51.85705630448613
epoch:  11 batch:  0 region_loss:  10.0 10.0 loc_loss:  1.2048805236816407 reward_loss:  -60.2441520690918
epoch:  11 batch:  10 region_loss:  10.0 10.0 loc_loss:  1.2226010131835938 reward_loss:  -61.130348205566406
epoch:  11 batch:  20 region_loss:  10.0 10.0 loc_loss:  1.0790059661865234 reward_loss:  -53.949989318847656
epoch:  11 batch:  30 region_loss:  10.0 10.0 loc_loss:  1.1826375579833985 reward_loss:  -59.13178253173828
epoch:  11 batch:  40 region_loss:  10.0 10.0 loc_loss:  1.2114775085449219 reward_loss:  -60.57398223876953
epoch:  11 batch:  50 region_loss:  10.0 10.0 loc_loss:  1.164923095703125 reward_loss:  -58.246334075927734
epoch:  11 batch:  60 region_loss:  10.0 10.0 loc_loss:  1.1935836791992187 reward_loss:  -59.67943572998047
epoch:  11 batch:  70 region_loss:  10.0 10.0 loc_loss:  1.1503122711181641 reward_loss:  -57.516014099121094
epoch:  11 batch:  80 region_loss:  10.0 10.0 loc_loss:  1.2061133575439453 reward_loss:  -60.305747985839844
epoch:  11 batch:  90 region_loss:  6.0 6.0 loc_loss:  0.7278242492675782 reward_loss:  -36.391357421875
epoch:  11 batch:  100 region_loss:  8.0 8.0 loc_loss:  0.9067283630371094 reward_loss:  -45.33660125732422
epoch:  11 batch:  110 region_loss:  4.0 4.0 loc_loss:  0.5195887756347656 reward_loss:  -25.97956085205078
epoch:  11 batch:  120 region_loss:  5.0 5.0 loc_loss:  0.5985756683349609 reward_loss:  -29.92889404296875
epoch:  11 batch:  130 region_loss:  7.0 7.0 loc_loss:  0.8549551391601562 reward_loss:  -42.7481575012207
acc@1:  0.11994355597365945
epoch: 11 region loss 0.17051094890510948 loc loss 0.9811055396421112 reward loss -49.05532036384527
epoch:  12 batch:  0 region_loss:  10.0 10.0 loc_loss:  1.1339439392089843 reward_loss:  -56.69715118408203
epoch:  12 batch:  10 region_loss:  10.0 10.0 loc_loss:  1.1570863342285156 reward_loss:  -57.85444259643555
epoch:  12 batch:  20 region_loss:  10.0 10.0 loc_loss:  1.0121610260009766 reward_loss:  -50.60860061645508
epoch:  12 batch:  30 region_loss:  10.0 10.0 loc_loss:  1.111362762451172 reward_loss:  -55.56869125366211
epoch:  12 batch:  40 region_loss:  10.0 10.0 loc_loss:  1.1570430755615235 reward_loss:  -57.85209274291992
epoch:  12 batch:  50 region_loss:  10.0 10.0 loc_loss:  1.0928055572509765 reward_loss:  -54.640071868896484
epoch:  12 batch:  60 region_loss:  10.0 10.0 loc_loss:  1.1315547180175782 reward_loss:  -56.57768630981445
epoch:  12 batch:  70 region_loss:  10.0 10.0 loc_loss:  1.083246078491211 reward_loss:  -54.16242980957031
epoch:  12 batch:  80 region_loss:  10.0 10.0 loc_loss:  1.1521871185302734 reward_loss:  -57.60918426513672
epoch:  12 batch:  90 region_loss:  6.0 6.0 loc_loss:  0.6937664031982422 reward_loss:  -34.68836212158203
epoch:  12 batch:  100 region_loss:  8.0 8.0 loc_loss:  0.8545565032958984 reward_loss:  -42.727779388427734
epoch:  12 batch:  110 region_loss:  4.0 4.0 loc_loss:  0.49696495056152346 reward_loss:  -24.84805679321289
epoch:  12 batch:  120 region_loss:  5.0 5.0 loc_loss:  0.5678073501586914 reward_loss:  -28.39011573791504
epoch:  12 batch:  130 region_loss:  7.0 7.0 loc_loss:  0.8134152984619141 reward_loss:  -40.67062759399414
acc@1:  0.1251175917215428
epoch: 12 region loss 0.17051094890510948 loc loss 0.927848538308248 reward loss -46.39244167300036
epoch:  13 batch:  0 region_loss:  10.0 10.0 loc_loss:  1.0664697265625 reward_loss:  -53.32353973388672
epoch:  13 batch:  10 region_loss:  10.0 10.0 loc_loss:  1.0943009948730469 reward_loss:  -54.71482467651367
epoch:  13 batch:  20 region_loss:  10.0 10.0 loc_loss:  0.9502824401855469 reward_loss:  -47.513954162597656
epoch:  13 batch:  30 region_loss:  10.0 10.0 loc_loss:  1.0433229064941407 reward_loss:  -52.16576385498047
epoch:  13 batch:  40 region_loss:  10.0 10.0 loc_loss:  1.104786376953125 reward_loss:  -55.23876190185547
epoch:  13 batch:  50 region_loss:  10.0 10.0 loc_loss:  1.0247245025634766 reward_loss:  -51.236515045166016
epoch:  13 batch:  60 region_loss:  10.0 10.0 loc_loss:  1.071600112915039 reward_loss:  -53.579891204833984
epoch:  13 batch:  70 region_loss:  10.0 10.0 loc_loss:  1.0210200500488282 reward_loss:  -51.05059051513672
epoch:  13 batch:  80 region_loss:  10.0 10.0 loc_loss:  1.1011874389648437 reward_loss:  -55.059654235839844
epoch:  13 batch:  90 region_loss:  6.0 6.0 loc_loss:  0.6605520629882813 reward_loss:  -33.02786636352539
epoch:  13 batch:  100 region_loss:  8.0 8.0 loc_loss:  0.8062225341796875 reward_loss:  -40.31108474731445
epoch:  13 batch:  110 region_loss:  4.0 4.0 loc_loss:  0.4749550247192383 reward_loss:  -23.747806549072266
epoch:  13 batch:  120 region_loss:  5.0 5.0 loc_loss:  0.5382493591308594 reward_loss:  -26.912479400634766
epoch:  13 batch:  130 region_loss:  7.0 7.0 loc_loss:  0.7744429016113281 reward_loss:  -38.721920013427734
acc@1:  0.1317027281279398
epoch: 13 region loss 0.17051094890510948 loc loss 0.8779704808144673 reward loss -43.89851912616813
epoch:  14 batch:  0 region_loss:  10.0 10.0 loc_loss:  1.0039535522460938 reward_loss:  -50.19786071777344
epoch:  14 batch:  10 region_loss:  10.0 10.0 loc_loss:  1.0334329986572266 reward_loss:  -51.67184066772461
epoch:  14 batch:  20 region_loss:  10.0 10.0 loc_loss:  0.8946863555908203 reward_loss:  -44.73357391357422
epoch:  14 batch:  30 region_loss:  10.0 10.0 loc_loss:  0.981652603149414 reward_loss:  -49.08267593383789
epoch:  14 batch:  40 region_loss:  10.0 10.0 loc_loss:  1.0553622436523438 reward_loss:  -52.76856231689453
epoch:  14 batch:  50 region_loss:  10.0 10.0 loc_loss:  0.96197509765625 reward_loss:  -48.09906768798828
epoch:  14 batch:  60 region_loss:  10.0 10.0 loc_loss:  1.0160963439941406 reward_loss:  -50.805198669433594
epoch:  14 batch:  70 region_loss:  10.0 10.0 loc_loss:  0.9640544128417968 reward_loss:  -48.20307159423828
epoch:  14 batch:  80 region_loss:  10.0 10.0 loc_loss:  1.0512265014648436 reward_loss:  -52.56158447265625
epoch:  14 batch:  90 region_loss:  6.0 6.0 loc_loss:  0.6295487213134766 reward_loss:  -31.477142333984375
epoch:  14 batch:  100 region_loss:  8.0 8.0 loc_loss:  0.7609738159179688 reward_loss:  -38.04890060424805
epoch:  14 batch:  110 region_loss:  4.0 4.0 loc_loss:  0.45276248931884766 reward_loss:  -22.638166427612305
epoch:  14 batch:  120 region_loss:  5.0 5.0 loc_loss:  0.5103463745117187 reward_loss:  -25.51731300354004
epoch:  14 batch:  130 region_loss:  7.0 7.0 loc_loss:  0.7377748107910156 reward_loss:  -36.888790130615234
acc@1:  0.13452492944496708
epoch: 14 region loss 0.17051094890510948 loc loss 0.8317447609448955 reward loss -41.587230390005736
epoch:  15 batch:  0 region_loss:  10.0 10.0 loc_loss:  0.9467680358886719 reward_loss:  -47.33809280395508
epoch:  15 batch:  10 region_loss:  10.0 10.0 loc_loss:  0.9772008514404297 reward_loss:  -48.86033248901367
epoch:  15 batch:  20 region_loss:  10.0 10.0 loc_loss:  0.8441236114501953 reward_loss:  -42.2063102722168
epoch:  15 batch:  30 region_loss:  10.0 10.0 loc_loss:  0.9248033905029297 reward_loss:  -46.24055862426758
epoch:  15 batch:  40 region_loss:  10.0 10.0 loc_loss:  1.0092593383789064 reward_loss:  -50.462894439697266
epoch:  15 batch:  50 region_loss:  10.0 10.0 loc_loss:  0.9055025482177734 reward_loss:  -45.27519226074219
epoch:  15 batch:  60 region_loss:  10.0 10.0 loc_loss:  0.9643415832519531 reward_loss:  -48.21709060668945
epoch:  15 batch:  70 region_loss:  10.0 10.0 loc_loss:  0.9119905853271484 reward_loss:  -45.59986114501953
epoch:  15 batch:  80 region_loss:  10.0 10.0 loc_loss:  1.003430404663086 reward_loss:  -50.17117691040039
epoch:  15 batch:  90 region_loss:  6.0 6.0 loc_loss:  0.5999319076538085 reward_loss:  -29.99658203125
epoch:  15 batch:  100 region_loss:  8.0 8.0 loc_loss:  0.720614013671875 reward_loss:  -36.030426025390625
epoch:  15 batch:  110 region_loss:  4.0 4.0 loc_loss:  0.43141761779785154 reward_loss:  -21.570886611938477
epoch:  15 batch:  120 region_loss:  5.0 5.0 loc_loss:  0.4834717559814453 reward_loss:  -24.17361831665039
epoch:  15 batch:  130 region_loss:  7.0 7.0 loc_loss:  0.7037753295898438 reward_loss:  -35.18914031982422
acc@1:  0.13828786453433678
epoch: 15 region loss 0.17051094890510948 loc loss 0.7892637553528278 reward loss -39.46320961165602
epoch:  16 batch:  0 region_loss:  10.0 10.0 loc_loss:  0.8944339752197266 reward_loss:  -44.721221923828125
epoch:  16 batch:  10 region_loss:  10.0 10.0 loc_loss:  0.9252253723144531 reward_loss:  -46.26136779785156
epoch:  16 batch:  20 region_loss:  10.0 10.0 loc_loss:  0.7999996185302735 reward_loss:  -40.00048828125
epoch:  16 batch:  30 region_loss:  10.0 10.0 loc_loss:  0.8741924285888671 reward_loss:  -43.70943832397461
epoch:  16 batch:  40 region_loss:  10.0 10.0 loc_loss:  0.9674268341064454 reward_loss:  -48.37147903442383
epoch:  16 batch:  50 region_loss:  10.0 10.0 loc_loss:  0.8539686584472657 reward_loss:  -42.69868087768555
epoch:  16 batch:  60 region_loss:  10.0 10.0 loc_loss:  0.915635986328125 reward_loss:  -45.78116989135742
epoch:  16 batch:  70 region_loss:  10.0 10.0 loc_loss:  0.8651313781738281 reward_loss:  -43.256919860839844
epoch:  16 batch:  80 region_loss:  10.0 10.0 loc_loss:  0.9590763854980469 reward_loss:  -47.954063415527344
epoch:  16 batch:  90 region_loss:  6.0 6.0 loc_loss:  0.5725767898559571 reward_loss:  -28.628971099853516
epoch:  16 batch:  100 region_loss:  8.0 8.0 loc_loss:  0.6839501190185547 reward_loss:  -34.19725036621094
epoch:  16 batch:  110 region_loss:  4.0 4.0 loc_loss:  0.41132240295410155 reward_loss:  -20.56624984741211
epoch:  16 batch:  120 region_loss:  5.0 5.0 loc_loss:  0.45762027740478517 reward_loss:  -22.880950927734375
epoch:  16 batch:  130 region_loss:  7.0 7.0 loc_loss:  0.6723117065429688 reward_loss:  -33.61565017700195
acc@1:  0.1396989651928504
epoch: 16 region loss 0.17051094890510948 loc loss 0.7502639255384459 reward loss -37.51318706039095
epoch:  17 batch:  0 region_loss:  10.0 10.0 loc_loss:  0.8468513488769531 reward_loss:  -42.34279251098633
epoch:  17 batch:  10 region_loss:  10.0 10.0 loc_loss:  0.8787065124511719 reward_loss:  -43.935089111328125
epoch:  17 batch:  20 region_loss:  10.0 10.0 loc_loss:  0.7610612487792969 reward_loss:  -38.05290985107422
epoch:  17 batch:  30 region_loss:  10.0 10.0 loc_loss:  0.827376708984375 reward_loss:  -41.369171142578125
epoch:  17 batch:  40 region_loss:  10.0 10.0 loc_loss:  0.9286281585693359 reward_loss:  -46.4317512512207
epoch:  17 batch:  50 region_loss:  10.0 10.0 loc_loss:  0.8073550415039062 reward_loss:  -40.36772918701172
epoch:  17 batch:  60 region_loss:  10.0 10.0 loc_loss:  0.8708921813964844 reward_loss:  -43.544830322265625
epoch:  17 batch:  70 region_loss:  10.0 10.0 loc_loss:  0.82223388671875 reward_loss:  -41.11156463623047
epoch:  17 batch:  80 region_loss:  10.0 10.0 loc_loss:  0.9169737243652344 reward_loss:  -45.84910202026367
epoch:  17 batch:  90 region_loss:  6.0 6.0 loc_loss:  0.5465343475341797 reward_loss:  -27.3270206451416
epoch:  17 batch:  100 region_loss:  8.0 8.0 loc_loss:  0.6505577850341797 reward_loss:  -32.52794647216797
epoch:  17 batch:  110 region_loss:  4.0 4.0 loc_loss:  0.3919199371337891 reward_loss:  -19.59602165222168
epoch:  17 batch:  120 region_loss:  5.0 5.0 loc_loss:  0.433938102722168 reward_loss:  -21.69709014892578
epoch:  17 batch:  130 region_loss:  7.0 7.0 loc_loss:  0.6421233367919922 reward_loss:  -32.106178283691406
acc@1:  0.13922859830667922
epoch: 17 region loss 0.17051094890510948 loc loss 0.7143946093538383 reward loss -35.71973348185964
epoch:  18 batch:  0 region_loss:  10.0 10.0 loc_loss:  0.804010009765625 reward_loss:  -40.20072937011719
epoch:  18 batch:  10 region_loss:  10.0 10.0 loc_loss:  0.8354228210449218 reward_loss:  -41.771018981933594
epoch:  18 batch:  20 region_loss:  10.0 10.0 loc_loss:  0.7261065673828125 reward_loss:  -36.30583953857422
epoch:  18 batch:  30 region_loss:  10.0 10.0 loc_loss:  0.7851919555664062 reward_loss:  -39.25939178466797
epoch:  18 batch:  40 region_loss:  10.0 10.0 loc_loss:  0.893186264038086 reward_loss:  -44.659149169921875
epoch:  18 batch:  50 region_loss:  10.0 10.0 loc_loss:  0.7657509613037109 reward_loss:  -38.28758239746094
epoch:  18 batch:  60 region_loss:  10.0 10.0 loc_loss:  0.8283952331542969 reward_loss:  -41.41996383666992
epoch:  18 batch:  70 region_loss:  10.0 10.0 loc_loss:  0.7833025360107422 reward_loss:  -39.165069580078125
epoch:  18 batch:  80 region_loss:  10.0 10.0 loc_loss:  0.8767601013183594 reward_loss:  -43.83820724487305
epoch:  18 batch:  90 region_loss:  6.0 6.0 loc_loss:  0.5221725463867187 reward_loss:  -26.108612060546875
epoch:  18 batch:  100 region_loss:  8.0 8.0 loc_loss:  0.6201241302490235 reward_loss:  -31.005769729614258
epoch:  18 batch:  110 region_loss:  4.0 4.0 loc_loss:  0.3734162521362305 reward_loss:  -18.670766830444336
epoch:  18 batch:  120 region_loss:  5.0 5.0 loc_loss:  0.41097049713134765 reward_loss:  -20.54854393005371
epoch:  18 batch:  130 region_loss:  7.0 7.0 loc_loss:  0.6142638015747071 reward_loss:  -30.712875366210938
acc@1:  0.13687676387582315
epoch: 18 region loss 0.17051094890510948 loc loss 0.6813058919976227 reward loss -34.06531443213024
epoch:  19 batch:  0 region_loss:  10.0 10.0 loc_loss:  0.7645733642578125 reward_loss:  -38.22870635986328
epoch:  19 batch:  10 region_loss:  10.0 10.0 loc_loss:  0.7964744567871094 reward_loss:  -39.82392120361328
epoch:  19 batch:  20 region_loss:  10.0 10.0 loc_loss:  0.69472900390625 reward_loss:  -34.736454010009766
epoch:  19 batch:  30 region_loss:  10.0 10.0 loc_loss:  0.7476826477050781 reward_loss:  -37.38365936279297
epoch:  19 batch:  40 region_loss:  10.0 10.0 loc_loss:  0.8593730163574219 reward_loss:  -42.96799850463867
epoch:  19 batch:  50 region_loss:  10.0 10.0 loc_loss:  0.7280433654785157 reward_loss:  -36.40195083618164
epoch:  19 batch:  60 region_loss:  10.0 10.0 loc_loss:  0.7876649475097657 reward_loss:  -39.382869720458984
epoch:  19 batch:  70 region_loss:  10.0 10.0 loc_loss:  0.7475821685791015 reward_loss:  -37.37889862060547
epoch:  19 batch:  80 region_loss:  10.0 10.0 loc_loss:  0.8385435485839844 reward_loss:  -41.9271354675293
epoch:  19 batch:  90 region_loss:  6.0 6.0 loc_loss:  0.4987009429931641 reward_loss:  -24.9349308013916
epoch:  19 batch:  100 region_loss:  8.0 8.0 loc_loss:  0.590906982421875 reward_loss:  -29.545185089111328
epoch:  19 batch:  110 region_loss:  4.0 4.0 loc_loss:  0.35520694732666014 reward_loss:  -17.760452270507812
epoch:  19 batch:  120 region_loss:  5.0 5.0 loc_loss:  0.38944862365722654 reward_loss:  -19.472843170166016
epoch:  19 batch:  130 region_loss:  7.0 7.0 loc_loss:  0.5875611114501953 reward_loss:  -29.377925872802734
acc@1:  0.13828786453433678
epoch: 19 region loss 0.17051094890510948 loc loss 0.6506161511553465 reward loss -32.53081613387505
epoch:  20 batch:  0 region_loss:  10.0 10.0 loc_loss:  0.7278794097900391 reward_loss:  -36.393951416015625
epoch:  20 batch:  10 region_loss:  10.0 10.0 loc_loss:  0.760902099609375 reward_loss:  -38.04560089111328
epoch:  20 batch:  20 region_loss:  10.0 10.0 loc_loss:  0.6661953735351562 reward_loss:  -33.309730529785156
epoch:  20 batch:  30 region_loss:  10.0 10.0 loc_loss:  0.7110044860839844 reward_loss:  -35.5501823425293
epoch:  20 batch:  40 region_loss:  10.0 10.0 loc_loss:  0.8279715728759766 reward_loss:  -41.39855194091797
epoch:  20 batch:  50 region_loss:  10.0 10.0 loc_loss:  0.6939828491210938 reward_loss:  -34.69905090332031
epoch:  20 batch:  60 region_loss:  10.0 10.0 loc_loss:  0.7503673553466796 reward_loss:  -37.519073486328125
epoch:  20 batch:  70 region_loss:  10.0 10.0 loc_loss:  0.7134491729736329 reward_loss:  -35.672142028808594
epoch:  20 batch:  80 region_loss:  10.0 10.0 loc_loss:  0.8031085205078125 reward_loss:  -40.15520477294922
epoch:  20 batch:  90 region_loss:  6.0 6.0 loc_loss:  0.4767428207397461 reward_loss:  -23.837005615234375
epoch:  20 batch:  100 region_loss:  8.0 8.0 loc_loss:  0.5643121337890625 reward_loss:  -28.2154598236084
epoch:  20 batch:  110 region_loss:  4.0 4.0 loc_loss:  0.3379499435424805 reward_loss:  -16.897659301757812
epoch:  20 batch:  120 region_loss:  5.0 5.0 loc_loss:  0.36880271911621093 reward_loss:  -18.44033432006836
epoch:  20 batch:  130 region_loss:  7.0 7.0 loc_loss:  0.5624592590332032 reward_loss:  -28.12253189086914
acc@1:  0.13687676387582315
epoch: 20 region loss 0.17051094890510948 loc loss 0.6219334458956753 reward loss -31.096695287384257
epoch:  21 batch:  0 region_loss:  10.0 10.0 loc_loss:  0.6928617095947266 reward_loss:  -34.64286804199219
epoch:  21 batch:  10 region_loss:  10.0 10.0 loc_loss:  0.7261508941650391 reward_loss:  -36.3076057434082
epoch:  21 batch:  20 region_loss:  10.0 10.0 loc_loss:  0.6394582748413086 reward_loss:  -31.973209381103516
epoch:  21 batch:  30 region_loss:  10.0 10.0 loc_loss:  0.6774325561523438 reward_loss:  -33.87160873413086
epoch:  21 batch:  40 region_loss:  10.0 10.0 loc_loss:  0.7981533813476562 reward_loss:  -39.907684326171875
epoch:  21 batch:  50 region_loss:  10.0 10.0 loc_loss:  0.6622780609130859 reward_loss:  -33.114322662353516
epoch:  21 batch:  60 region_loss:  10.0 10.0 loc_loss:  0.7150843811035156 reward_loss:  -35.75481033325195
epoch:  21 batch:  70 region_loss:  10.0 10.0 loc_loss:  0.6820568084716797 reward_loss:  -34.1026725769043
epoch:  21 batch:  80 region_loss:  10.0 10.0 loc_loss:  0.7684303283691406 reward_loss:  -38.42213821411133
epoch:  21 batch:  90 region_loss:  6.0 6.0 loc_loss:  0.45658180236816404 reward_loss:  -22.829010009765625
epoch:  21 batch:  100 region_loss:  8.0 8.0 loc_loss:  0.538876724243164 reward_loss:  -26.943992614746094
epoch:  21 batch:  110 region_loss:  4.0 4.0 loc_loss:  0.3214883804321289 reward_loss:  -16.074491500854492
epoch:  21 batch:  120 region_loss:  5.0 5.0 loc_loss:  0.3486382293701172 reward_loss:  -17.431758880615234
epoch:  21 batch:  130 region_loss:  7.0 7.0 loc_loss:  0.537918815612793 reward_loss:  -26.8956241607666
acc@1:  0.1359360301034807
epoch: 21 region loss 0.17051094890510948 loc loss 0.594962011323358 reward loss -29.748077260316723
epoch:  22 batch:  0 region_loss:  10.0 10.0 loc_loss:  0.6605850219726562 reward_loss:  -33.02915573120117
epoch:  22 batch:  10 region_loss:  10.0 10.0 loc_loss:  0.6942497253417969 reward_loss:  -34.712738037109375
epoch:  22 batch:  20 region_loss:  10.0 10.0 loc_loss:  0.6153643798828125 reward_loss:  -30.768346786499023
epoch:  22 batch:  30 region_loss:  10.0 10.0 loc_loss:  0.64601806640625 reward_loss:  -32.3009033203125
epoch:  22 batch:  40 region_loss:  10.0 10.0 loc_loss:  0.7684175872802734 reward_loss:  -38.4208984375
epoch:  22 batch:  50 region_loss:  10.0 10.0 loc_loss:  0.6327361297607422 reward_loss:  -31.63697052001953
epoch:  22 batch:  60 region_loss:  10.0 10.0 loc_loss:  0.6810659790039062 reward_loss:  -34.053810119628906
epoch:  22 batch:  70 region_loss:  10.0 10.0 loc_loss:  0.6528119659423828 reward_loss:  -32.640682220458984
epoch:  22 batch:  80 region_loss:  10.0 10.0 loc_loss:  0.7363272094726563 reward_loss:  -36.81648254394531
epoch:  22 batch:  90 region_loss:  6.0 6.0 loc_loss:  0.43629207611083987 reward_loss:  -21.81492042541504
epoch:  22 batch:  100 region_loss:  8.0 8.0 loc_loss:  0.5144397354125977 reward_loss:  -25.721351623535156
epoch:  22 batch:  110 region_loss:  4.0 4.0 loc_loss:  0.30608856201171875 reward_loss:  -15.304075241088867
epoch:  22 batch:  120 region_loss:  5.0 5.0 loc_loss:  0.33075801849365233 reward_loss:  -16.538135528564453
epoch:  22 batch:  130 region_loss:  7.0 7.0 loc_loss:  0.5149983978271484 reward_loss:  -25.749635696411133
acc@1:  0.1359360301034807
epoch: 22 region loss 0.17051094890510948 loc loss 0.5694546192753924 reward loss -28.472763538360596
epoch:  23 batch:  0 region_loss:  10.0 10.0 loc_loss:  0.6307993316650391 reward_loss:  -31.540386199951172
epoch:  23 batch:  10 region_loss:  10.0 10.0 loc_loss:  0.6651952362060547 reward_loss:  -33.25997543334961
epoch:  23 batch:  20 region_loss:  10.0 10.0 loc_loss:  0.591921272277832 reward_loss:  -29.59601593017578
epoch:  23 batch:  30 region_loss:  10.0 10.0 loc_loss:  0.6169522857666015 reward_loss:  -30.847620010375977
epoch:  23 batch:  40 region_loss:  10.0 10.0 loc_loss:  0.7407771301269531 reward_loss:  -37.03847885131836
epoch:  23 batch:  50 region_loss:  10.0 10.0 loc_loss:  0.6052033233642579 reward_loss:  -30.26055145263672
epoch:  23 batch:  60 region_loss:  10.0 10.0 loc_loss:  0.6489323425292969 reward_loss:  -32.4470100402832
epoch:  23 batch:  70 region_loss:  10.0 10.0 loc_loss:  0.6243533706665039 reward_loss:  -31.217721939086914
epoch:  23 batch:  80 region_loss:  10.0 10.0 loc_loss:  0.7049761199951172 reward_loss:  -35.24867630004883
epoch:  23 batch:  90 region_loss:  6.0 6.0 loc_loss:  0.4166748046875 reward_loss:  -20.834030151367188
epoch:  23 batch:  100 region_loss:  8.0 8.0 loc_loss:  0.49028709411621096 reward_loss:  -24.51504135131836
epoch:  23 batch:  110 region_loss:  4.0 4.0 loc_loss:  0.29086755752563476 reward_loss:  -14.543279647827148
epoch:  23 batch:  120 region_loss:  5.0 5.0 loc_loss:  0.3133987808227539 reward_loss:  -15.670049667358398
epoch:  23 batch:  130 region_loss:  7.0 7.0 loc_loss:  0.49254196166992187 reward_loss:  -24.62713623046875
acc@1:  0.13311382878645345
epoch: 23 region loss 0.17051094890510948 loc loss 0.5452893606589658 reward loss -27.26450288730816
epoch:  24 batch:  0 region_loss:  10.0 10.0 loc_loss:  0.6013840103149414 reward_loss:  -30.069509506225586
epoch:  24 batch:  10 region_loss:  10.0 10.0 loc_loss:  0.6361595916748047 reward_loss:  -31.807723999023438
epoch:  24 batch:  20 region_loss:  10.0 10.0 loc_loss:  0.5703271865844727 reward_loss:  -28.516746520996094
epoch:  24 batch:  30 region_loss:  10.0 10.0 loc_loss:  0.5890993499755859 reward_loss:  -29.454498291015625
epoch:  24 batch:  40 region_loss:  10.0 10.0 loc_loss:  0.7141930389404297 reward_loss:  -35.709815979003906
epoch:  24 batch:  50 region_loss:  10.0 10.0 loc_loss:  0.579709129333496 reward_loss:  -28.985536575317383
epoch:  24 batch:  60 region_loss:  10.0 10.0 loc_loss:  0.6184515762329101 reward_loss:  -30.922874450683594
epoch:  24 batch:  70 region_loss:  10.0 10.0 loc_loss:  0.5973133468627929 reward_loss:  -29.86565589904785
epoch:  24 batch:  80 region_loss:  10.0 10.0 loc_loss:  0.6746351623535156 reward_loss:  -33.731903076171875
epoch:  24 batch:  90 region_loss:  6.0 6.0 loc_loss:  0.3980409240722656 reward_loss:  -19.90172576904297
epoch:  24 batch:  100 region_loss:  8.0 8.0 loc_loss:  0.4683553314208984 reward_loss:  -23.41748809814453
epoch:  24 batch:  110 region_loss:  4.0 4.0 loc_loss:  0.2766556167602539 reward_loss:  -13.832942008972168
epoch:  24 batch:  120 region_loss:  5.0 5.0 loc_loss:  0.29673423767089846 reward_loss:  -14.836809158325195
epoch:  24 batch:  130 region_loss:  7.0 7.0 loc_loss:  0.47052726745605467 reward_loss:  -23.52658462524414
acc@1:  0.13311382878645345
epoch: 24 region loss 0.17051094890510948 loc loss 0.5222071782689894 reward loss -26.110385508432877
epoch:  25 batch:  0 region_loss:  10.0 10.0 loc_loss:  0.5738711547851563 reward_loss:  -28.693315505981445
epoch:  25 batch:  10 region_loss:  10.0 10.0 loc_loss:  0.6092570495605468 reward_loss:  -30.462810516357422
epoch:  25 batch:  20 region_loss:  10.0 10.0 loc_loss:  0.5486193084716797 reward_loss:  -27.430940628051758
epoch:  25 batch:  30 region_loss:  10.0 10.0 loc_loss:  0.5633904266357422 reward_loss:  -28.169286727905273
epoch:  25 batch:  40 region_loss:  10.0 10.0 loc_loss:  0.6871015167236328 reward_loss:  -34.35470962524414
epoch:  25 batch:  50 region_loss:  10.0 10.0 loc_loss:  0.5554352188110352 reward_loss:  -27.771930694580078
epoch:  25 batch:  60 region_loss:  10.0 10.0 loc_loss:  0.5891412734985352 reward_loss:  -29.45664405822754
epoch:  25 batch:  70 region_loss:  10.0 10.0 loc_loss:  0.5719420242309571 reward_loss:  -28.597196578979492
epoch:  25 batch:  80 region_loss:  10.0 10.0 loc_loss:  0.646070327758789 reward_loss:  -32.30408477783203
epoch:  25 batch:  90 region_loss:  6.0 6.0 loc_loss:  0.38026870727539064 reward_loss:  -19.01360321044922
epoch:  25 batch:  100 region_loss:  8.0 8.0 loc_loss:  0.4465923309326172 reward_loss:  -22.32935333251953
epoch:  25 batch:  110 region_loss:  4.0 4.0 loc_loss:  0.26299232482910156 reward_loss:  -13.14951229095459
epoch:  25 batch:  120 region_loss:  5.0 5.0 loc_loss:  0.2810032272338867 reward_loss:  -14.050446510314941
epoch:  25 batch:  130 region_loss:  7.0 7.0 loc_loss:  0.45000648498535156 reward_loss:  -22.500553131103516
acc@1:  0.13123236124176857
epoch: 25 region loss 0.17051094890510948 loc loss 0.5000872479041998 reward loss -25.00436086028162
epoch:  26 batch:  0 region_loss:  10.0 10.0 loc_loss:  0.5466215133666992 reward_loss:  -27.33077621459961
epoch:  26 batch:  10 region_loss:  10.0 10.0 loc_loss:  0.5841771697998047 reward_loss:  -29.209300994873047
epoch:  26 batch:  20 region_loss:  10.0 10.0 loc_loss:  0.5284475326538086 reward_loss:  -26.422290802001953
epoch:  26 batch:  30 region_loss:  10.0 10.0 loc_loss:  0.5378362655639648 reward_loss:  -26.891845703125
epoch:  26 batch:  40 region_loss:  10.0 10.0 loc_loss:  0.6610047912597656 reward_loss:  -33.05015563964844
epoch:  26 batch:  50 region_loss:  10.0 10.0 loc_loss:  0.5319485855102539 reward_loss:  -26.597471237182617
epoch:  26 batch:  60 region_loss:  10.0 10.0 loc_loss:  0.5619436645507813 reward_loss:  -28.097137451171875
epoch:  26 batch:  70 region_loss:  10.0 10.0 loc_loss:  0.5472040557861328 reward_loss:  -27.360246658325195
epoch:  26 batch:  80 region_loss:  10.0 10.0 loc_loss:  0.6178918838500976 reward_loss:  -30.894664764404297
epoch:  26 batch:  90 region_loss:  6.0 6.0 loc_loss:  0.36252010345458985 reward_loss:  -18.126426696777344
epoch:  26 batch:  100 region_loss:  8.0 8.0 loc_loss:  0.42642166137695314 reward_loss:  -21.32135009765625
epoch:  26 batch:  110 region_loss:  4.0 4.0 loc_loss:  0.24934234619140624 reward_loss:  -12.466970443725586
epoch:  26 batch:  120 region_loss:  5.0 5.0 loc_loss:  0.2660989189147949 reward_loss:  -13.305255889892578
epoch:  26 batch:  130 region_loss:  7.0 7.0 loc_loss:  0.42958919525146483 reward_loss:  -21.4796142578125
acc@1:  0.132173095014111
epoch: 26 region loss 0.17051094890510948 loc loss 0.47883482410959954 reward loss -23.941734063364294
epoch:  27 batch:  0 region_loss:  10.0 10.0 loc_loss:  0.5206730651855469 reward_loss:  -26.033618927001953
epoch:  27 batch:  10 region_loss:  10.0 10.0 loc_loss:  0.5590545654296875 reward_loss:  -27.953121185302734
epoch:  27 batch:  20 region_loss:  10.0 10.0 loc_loss:  0.508293228149414 reward_loss:  -25.414424896240234
epoch:  27 batch:  30 region_loss:  10.0 10.0 loc_loss:  0.513965187072754 reward_loss:  -25.698402404785156
epoch:  27 batch:  40 region_loss:  10.0 10.0 loc_loss:  0.6352144622802735 reward_loss:  -31.76064682006836
epoch:  27 batch:  50 region_loss:  10.0 10.0 loc_loss:  0.5090196609497071 reward_loss:  -25.450944900512695
epoch:  27 batch:  60 region_loss:  10.0 10.0 loc_loss:  0.5344243621826172 reward_loss:  -26.7210693359375
epoch:  27 batch:  70 region_loss:  10.0 10.0 loc_loss:  0.5241763305664062 reward_loss:  -26.208850860595703
epoch:  27 batch:  80 region_loss:  10.0 10.0 loc_loss:  0.5906022644042969 reward_loss:  -29.53034019470215
epoch:  27 batch:  90 region_loss:  6.0 6.0 loc_loss:  0.34538745880126953 reward_loss:  -17.269668579101562
epoch:  27 batch:  100 region_loss:  8.0 8.0 loc_loss:  0.40638912200927735 reward_loss:  -20.31978416442871
epoch:  27 batch:  110 region_loss:  4.0 4.0 loc_loss:  0.23656333923339845 reward_loss:  -11.82809829711914
epoch:  27 batch:  120 region_loss:  5.0 5.0 loc_loss:  0.25184532165527346 reward_loss:  -12.59201431274414
epoch:  27 batch:  130 region_loss:  7.0 7.0 loc_loss:  0.40992012023925783 reward_loss:  -20.495840072631836
acc@1:  0.13264346190028223
epoch: 27 region loss 0.17051094890510948 loc loss 0.45834443607469544 reward loss -22.917229732457738
epoch:  28 batch:  0 region_loss:  10.0 10.0 loc_loss:  0.49620086669921876 reward_loss:  -24.81018829345703
epoch:  28 batch:  10 region_loss:  10.0 10.0 loc_loss:  0.5354256820678711 reward_loss:  -26.771329879760742
epoch:  28 batch:  20 region_loss:  10.0 10.0 loc_loss:  0.49008132934570314 reward_loss:  -24.504236221313477
epoch:  28 batch:  30 region_loss:  10.0 10.0 loc_loss:  0.4913471603393555 reward_loss:  -24.567758560180664
epoch:  28 batch:  40 region_loss:  10.0 10.0 loc_loss:  0.6108025741577149 reward_loss:  -30.539608001708984
epoch:  28 batch:  50 region_loss:  10.0 10.0 loc_loss:  0.48729290008544923 reward_loss:  -24.3641357421875
epoch:  28 batch:  60 region_loss:  10.0 10.0 loc_loss:  0.5096139144897461 reward_loss:  -25.480308532714844
epoch:  28 batch:  70 region_loss:  10.0 10.0 loc_loss:  0.5019646453857421 reward_loss:  -25.098346710205078
epoch:  28 batch:  80 region_loss:  10.0 10.0 loc_loss:  0.5628608322143555 reward_loss:  -28.143543243408203
epoch:  28 batch:  90 region_loss:  6.0 6.0 loc_loss:  0.32876441955566404 reward_loss:  -16.43828582763672
epoch:  28 batch:  100 region_loss:  8.0 8.0 loc_loss:  0.3862274932861328 reward_loss:  -19.311447143554688
epoch:  28 batch:  110 region_loss:  4.0 4.0 loc_loss:  0.2242574882507324 reward_loss:  -11.213167190551758
epoch:  28 batch:  120 region_loss:  5.0 5.0 loc_loss:  0.23821403503417968 reward_loss:  -11.910820007324219
epoch:  28 batch:  130 region_loss:  7.0 7.0 loc_loss:  0.39016571044921877 reward_loss:  -19.508426666259766
acc@1:  0.1284101599247413
epoch: 28 region loss 0.17051094890510948 loc loss 0.43859818371543047 reward loss -21.92990645875026
epoch:  29 batch:  0 region_loss:  10.0 10.0 loc_loss:  0.47317928314208985 reward_loss:  -23.659048080444336
epoch:  29 batch:  10 region_loss:  10.0 10.0 loc_loss:  0.5125923919677734 reward_loss:  -25.62974739074707
epoch:  29 batch:  20 region_loss:  10.0 10.0 loc_loss:  0.4716439056396484 reward_loss:  -23.58216667175293
epoch:  29 batch:  30 region_loss:  10.0 10.0 loc_loss:  0.4686074066162109 reward_loss:  -23.430255889892578
epoch:  29 batch:  40 region_loss:  10.0 10.0 loc_loss:  0.5867905807495117 reward_loss:  -29.339902877807617
epoch:  29 batch:  50 region_loss:  10.0 10.0 loc_loss:  0.4669193267822266 reward_loss:  -23.346054077148438
epoch:  29 batch:  60 region_loss:  10.0 10.0 loc_loss:  0.48502620697021487 reward_loss:  -24.25152587890625
epoch:  29 batch:  70 region_loss:  10.0 10.0 loc_loss:  0.4802526092529297 reward_loss:  -24.0130615234375
epoch:  29 batch:  80 region_loss:  10.0 10.0 loc_loss:  0.5371427917480469 reward_loss:  -26.856658935546875
epoch:  29 batch:  90 region_loss:  6.0 6.0 loc_loss:  0.313188362121582 reward_loss:  -15.659348487854004
epoch:  29 batch:  100 region_loss:  8.0 8.0 loc_loss:  0.3679611968994141 reward_loss:  -18.39771270751953
epoch:  29 batch:  110 region_loss:  4.0 4.0 loc_loss:  0.21245805740356447 reward_loss:  -10.62287712097168
epoch:  29 batch:  120 region_loss:  5.0 5.0 loc_loss:  0.22525547027587892 reward_loss:  -11.262969970703125
epoch:  29 batch:  130 region_loss:  7.0 7.0 loc_loss:  0.37198753356933595 reward_loss:  -18.59963035583496
acc@1:  0.12229539040451552
epoch: 29 region loss 0.17051094890510948 loc loss 0.4194704037687204 reward loss -20.97351705418886
epoch:  30 batch:  0 region_loss:  10.0 10.0 loc_loss:  0.45010719299316404 reward_loss:  -22.50535011291504
epoch:  30 batch:  10 region_loss:  10.0 10.0 loc_loss:  0.49061725616455076 reward_loss:  -24.530805587768555
epoch:  30 batch:  20 region_loss:  10.0 10.0 loc_loss:  0.45341644287109373 reward_loss:  -22.670713424682617
epoch:  30 batch:  30 region_loss:  10.0 10.0 loc_loss:  0.44772895812988284 reward_loss:  -22.38637351989746
epoch:  30 batch:  40 region_loss:  10.0 10.0 loc_loss:  0.5627356719970703 reward_loss:  -28.136737823486328
epoch:  30 batch:  50 region_loss:  10.0 10.0 loc_loss:  0.4459273529052734 reward_loss:  -22.296802520751953
epoch:  30 batch:  60 region_loss:  10.0 10.0 loc_loss:  0.46128761291503906 reward_loss:  -23.064584732055664
epoch:  30 batch:  70 region_loss:  10.0 10.0 loc_loss:  0.4595672607421875 reward_loss:  -22.978004455566406
epoch:  30 batch:  80 region_loss:  10.0 10.0 loc_loss:  0.5121896362304688 reward_loss:  -25.60967445373535
epoch:  30 batch:  90 region_loss:  6.0 6.0 loc_loss:  0.29658124923706053 reward_loss:  -14.828885078430176
epoch:  30 batch:  100 region_loss:  8.0 8.0 loc_loss:  0.3501450729370117 reward_loss:  -17.507278442382812
epoch:  30 batch:  110 region_loss:  4.0 4.0 loc_loss:  0.20101385116577147 reward_loss:  -10.050559043884277
epoch:  30 batch:  120 region_loss:  5.0 5.0 loc_loss:  0.21266019821166993 reward_loss:  -10.63311767578125
epoch:  30 batch:  130 region_loss:  7.0 7.0 loc_loss:  0.3536482620239258 reward_loss:  -17.68229103088379
acc@1:  0.1218250235183443
epoch: 30 region loss 0.17051094890510948 loc loss 0.40089709716991784 reward loss -20.04486106782064
epoch:  31 batch:  0 region_loss:  10.0 10.0 loc_loss:  0.42769321441650393 reward_loss:  -21.38433837890625
epoch:  31 batch:  10 region_loss:  10.0 10.0 loc_loss:  0.4687586975097656 reward_loss:  -23.438228607177734
epoch:  31 batch:  20 region_loss:  10.0 10.0 loc_loss:  0.4361495590209961 reward_loss:  -21.807334899902344
epoch:  31 batch:  30 region_loss:  10.0 10.0 loc_loss:  0.42673412322998044 reward_loss:  -21.337234497070312
epoch:  31 batch:  40 region_loss:  10.0 10.0 loc_loss:  0.538988265991211 reward_loss:  -26.949363708496094
epoch:  31 batch:  50 region_loss:  10.0 10.0 loc_loss:  0.4269689178466797 reward_loss:  -21.348234176635742
epoch:  31 batch:  60 region_loss:  10.0 10.0 loc_loss:  0.4382848358154297 reward_loss:  -21.91421890258789
epoch:  31 batch:  70 region_loss:  10.0 10.0 loc_loss:  0.43847320556640623 reward_loss:  -21.92351531982422
epoch:  31 batch:  80 region_loss:  10.0 10.0 loc_loss:  0.48678485870361327 reward_loss:  -24.33903694152832
epoch:  31 batch:  90 region_loss:  6.0 6.0 loc_loss:  0.28237970352172853 reward_loss:  -14.118855476379395
epoch:  31 batch:  100 region_loss:  8.0 8.0 loc_loss:  0.3324436569213867 reward_loss:  -16.622291564941406
epoch:  31 batch:  110 region_loss:  4.0 4.0 loc_loss:  0.19006202697753907 reward_loss:  -9.503284454345703
epoch:  31 batch:  120 region_loss:  5.0 5.0 loc_loss:  0.20078628540039062 reward_loss:  -10.039504051208496
epoch:  31 batch:  130 region_loss:  7.0 7.0 loc_loss:  0.3358665084838867 reward_loss:  -16.793243408203125
acc@1:  0.11947318908748825
epoch: 31 region loss 0.17051094890510948 loc loss 0.3828880510190978 reward loss -19.144393395333395
epoch:  32 batch:  0 region_loss:  10.0 10.0 loc_loss:  0.4059407043457031 reward_loss:  -20.296672821044922
epoch:  32 batch:  10 region_loss:  10.0 10.0 loc_loss:  0.4486470413208008 reward_loss:  -22.432125091552734
epoch:  32 batch:  20 region_loss:  10.0 10.0 loc_loss:  0.41914886474609375 reward_loss:  -20.957366943359375
epoch:  32 batch:  30 region_loss:  10.0 10.0 loc_loss:  0.40655624389648437 reward_loss:  -20.328245162963867
epoch:  32 batch:  40 region_loss:  10.0 10.0 loc_loss:  0.5156374740600586 reward_loss:  -25.781938552856445
epoch:  32 batch:  50 region_loss:  10.0 10.0 loc_loss:  0.4079800796508789 reward_loss:  -20.398914337158203
epoch:  32 batch:  60 region_loss:  10.0 10.0 loc_loss:  0.41656593322753904 reward_loss:  -20.828536987304688
epoch:  32 batch:  70 region_loss:  10.0 10.0 loc_loss:  0.41970001220703124 reward_loss:  -20.984947204589844
epoch:  32 batch:  80 region_loss:  10.0 10.0 loc_loss:  0.46276275634765623 reward_loss:  -23.13741683959961
epoch:  32 batch:  90 region_loss:  6.0 6.0 loc_loss:  0.26742700576782225 reward_loss:  -13.371553421020508
epoch:  32 batch:  100 region_loss:  8.0 8.0 loc_loss:  0.3163813781738281 reward_loss:  -15.819376945495605
epoch:  32 batch:  110 region_loss:  4.0 4.0 loc_loss:  0.1792600631713867 reward_loss:  -8.962930679321289
epoch:  32 batch:  120 region_loss:  5.0 5.0 loc_loss:  0.18901344299316405 reward_loss:  -9.450977325439453
epoch:  32 batch:  130 region_loss:  7.0 7.0 loc_loss:  0.31928924560546873 reward_loss:  -15.963998794555664
acc@1:  0.11618062088428975
epoch: 32 region loss 0.17051094890510948 loc loss 0.36526502577927855 reward loss -18.263232229399854
epoch:  33 batch:  0 region_loss:  10.0 10.0 loc_loss:  0.3862764358520508 reward_loss:  -19.313690185546875
epoch:  33 batch:  10 region_loss:  10.0 10.0 loc_loss:  0.4276912689208984 reward_loss:  -21.384742736816406
epoch:  33 batch:  20 region_loss:  10.0 10.0 loc_loss:  0.40304222106933596 reward_loss:  -20.151765823364258
epoch:  33 batch:  30 region_loss:  10.0 10.0 loc_loss:  0.38722976684570315 reward_loss:  -19.361530303955078
epoch:  33 batch:  40 region_loss:  10.0 10.0 loc_loss:  0.4927709197998047 reward_loss:  -24.638275146484375
epoch:  33 batch:  50 region_loss:  10.0 10.0 loc_loss:  0.3891735076904297 reward_loss:  -19.458864212036133
epoch:  33 batch:  60 region_loss:  10.0 10.0 loc_loss:  0.3953974533081055 reward_loss:  -19.770008087158203
epoch:  33 batch:  70 region_loss:  10.0 10.0 loc_loss:  0.4008409881591797 reward_loss:  -20.04226303100586
epoch:  33 batch:  80 region_loss:  10.0 10.0 loc_loss:  0.4396486663818359 reward_loss:  -21.98209571838379
epoch:  33 batch:  90 region_loss:  6.0 6.0 loc_loss:  0.25362070083618166 reward_loss:  -12.680865287780762
epoch:  33 batch:  100 region_loss:  8.0 8.0 loc_loss:  0.2997914886474609 reward_loss:  -14.989718437194824
epoch:  33 batch:  110 region_loss:  4.0 4.0 loc_loss:  0.16863761901855467 reward_loss:  -8.431901931762695
epoch:  33 batch:  120 region_loss:  5.0 5.0 loc_loss:  0.1783467102050781 reward_loss:  -8.917198181152344
epoch:  33 batch:  130 region_loss:  7.0 7.0 loc_loss:  0.30206611633300784 reward_loss:  -15.103323936462402
acc@1:  0.11571025399811853
epoch: 33 region loss 0.17051094890510948 loc loss 0.34823525125962973 reward loss -17.411734788087163
epoch:  34 batch:  0 region_loss:  10.0 10.0 loc_loss:  0.36648475646972656 reward_loss:  -18.324033737182617
epoch:  34 batch:  10 region_loss:  10.0 10.0 loc_loss:  0.4079327392578125 reward_loss:  -20.39697265625
epoch:  34 batch:  20 region_loss:  10.0 10.0 loc_loss:  0.38704380035400393 reward_loss:  -19.352294921875
epoch:  34 batch:  30 region_loss:  10.0 10.0 loc_loss:  0.36837162017822267 reward_loss:  -18.41878890991211
epoch:  34 batch:  40 region_loss:  10.0 10.0 loc_loss:  0.47078433990478513 reward_loss:  -23.53915786743164
epoch:  34 batch:  50 region_loss:  10.0 10.0 loc_loss:  0.37082218170166015 reward_loss:  -18.541038513183594
epoch:  34 batch:  60 region_loss:  10.0 10.0 loc_loss:  0.37545185089111327 reward_loss:  -18.7723388671875
epoch:  34 batch:  70 region_loss:  10.0 10.0 loc_loss:  0.3824806213378906 reward_loss:  -19.123977661132812
epoch:  34 batch:  80 region_loss:  10.0 10.0 loc_loss:  0.4167602920532227 reward_loss:  -20.837499618530273
epoch:  34 batch:  90 region_loss:  6.0 6.0 loc_loss:  0.23963674545288086 reward_loss:  -11.981642723083496
epoch:  34 batch:  100 region_loss:  8.0 8.0 loc_loss:  0.28448522567749024 reward_loss:  -14.22413444519043
epoch:  34 batch:  110 region_loss:  4.0 4.0 loc_loss:  0.1589415168762207 reward_loss:  -7.947018623352051
epoch:  34 batch:  120 region_loss:  5.0 5.0 loc_loss:  0.1674831771850586 reward_loss:  -8.374329566955566
epoch:  34 batch:  130 region_loss:  7.0 7.0 loc_loss:  0.2862320327758789 reward_loss:  -14.311386108398438
acc@1:  0.11241768579492004
epoch: 34 region loss 0.17051094890510948 loc loss 0.3317795527938509 reward loss -16.58897080386642
epoch:  35 batch:  0 region_loss:  10.0 10.0 loc_loss:  0.34713546752929686 reward_loss:  -17.356679916381836
epoch:  35 batch:  10 region_loss:  10.0 10.0 loc_loss:  0.38864143371582033 reward_loss:  -19.432228088378906
epoch:  35 batch:  20 region_loss:  10.0 10.0 loc_loss:  0.3719842147827148 reward_loss:  -18.599201202392578
epoch:  35 batch:  30 region_loss:  10.0 10.0 loc_loss:  0.3496979141235352 reward_loss:  -17.48465347290039
epoch:  35 batch:  40 region_loss:  10.0 10.0 loc_loss:  0.45000782012939455 reward_loss:  -22.501005172729492
epoch:  35 batch:  50 region_loss:  10.0 10.0 loc_loss:  0.3535346603393555 reward_loss:  -17.676712036132812
epoch:  35 batch:  60 region_loss:  10.0 10.0 loc_loss:  0.35501338958740236 reward_loss:  -17.750986099243164
epoch:  35 batch:  70 region_loss:  10.0 10.0 loc_loss:  0.36411216735839846 reward_loss:  -18.206207275390625
epoch:  35 batch:  80 region_loss:  10.0 10.0 loc_loss:  0.39419773101806643 reward_loss:  -19.70929718017578
epoch:  35 batch:  90 region_loss:  6.0 6.0 loc_loss:  0.22603961944580078 reward_loss:  -11.302136421203613
epoch:  35 batch:  100 region_loss:  8.0 8.0 loc_loss:  0.26912336349487304 reward_loss:  -13.455855369567871
epoch:  35 batch:  110 region_loss:  4.0 4.0 loc_loss:  0.14941770553588868 reward_loss:  -7.470949649810791
epoch:  35 batch:  120 region_loss:  5.0 5.0 loc_loss:  0.15741411209106446 reward_loss:  -7.870614051818848
epoch:  35 batch:  130 region_loss:  7.0 7.0 loc_loss:  0.2699689674377441 reward_loss:  -13.498468399047852
acc@1:  0.11571025399811853
epoch: 35 region loss 0.17051094890510948 loc loss 0.31575265639019706 reward loss -15.787624334766917
epoch:  36 batch:  0 region_loss:  10.0 10.0 loc_loss:  0.3283975982666016 reward_loss:  -16.42006492614746
epoch:  36 batch:  10 region_loss:  10.0 10.0 loc_loss:  0.36946884155273435 reward_loss:  -18.473466873168945
epoch:  36 batch:  20 region_loss:  10.0 10.0 loc_loss:  0.35676979064941405 reward_loss:  -17.83892250061035
epoch:  36 batch:  30 region_loss:  10.0 10.0 loc_loss:  0.3321787643432617 reward_loss:  -16.609060287475586
epoch:  36 batch:  40 region_loss:  10.0 10.0 loc_loss:  0.42840816497802736 reward_loss:  -21.42023468017578
epoch:  36 batch:  50 region_loss:  10.0 10.0 loc_loss:  0.3356377792358398 reward_loss:  -16.782318115234375
epoch:  36 batch:  60 region_loss:  10.0 10.0 loc_loss:  0.33642425537109377 reward_loss:  -16.821041107177734
epoch:  36 batch:  70 region_loss:  10.0 10.0 loc_loss:  0.3471547317504883 reward_loss:  -17.357742309570312
epoch:  36 batch:  80 region_loss:  10.0 10.0 loc_loss:  0.3727646636962891 reward_loss:  -18.637895584106445
epoch:  36 batch:  90 region_loss:  6.0 6.0 loc_loss:  0.2135130310058594 reward_loss:  -10.675517082214355
epoch:  36 batch:  100 region_loss:  8.0 8.0 loc_loss:  0.254774169921875 reward_loss:  -12.738734245300293
epoch:  36 batch:  110 region_loss:  4.0 4.0 loc_loss:  0.14057201385498047 reward_loss:  -7.028589725494385
epoch:  36 batch:  120 region_loss:  5.0 5.0 loc_loss:  0.14751482963562013 reward_loss:  -7.375887870788574
epoch:  36 batch:  130 region_loss:  7.0 7.0 loc_loss:  0.2547919464111328 reward_loss:  -12.739316940307617
acc@1:  0.11241768579492004
epoch: 36 region loss 0.17051094890510948 loc loss 0.30026337745415904 reward loss -15.013182032717406
epoch:  37 batch:  0 region_loss:  10.0 10.0 loc_loss:  0.31149580001831056 reward_loss:  -15.57470703125
epoch:  37 batch:  10 region_loss:  10.0 10.0 loc_loss:  0.35133480072021483 reward_loss:  -17.566795349121094
epoch:  37 batch:  20 region_loss:  10.0 10.0 loc_loss:  0.3410085296630859 reward_loss:  -17.050373077392578
epoch:  37 batch:  30 region_loss:  10.0 10.0 loc_loss:  0.31449886322021486 reward_loss:  -15.724874496459961
epoch:  37 batch:  40 region_loss:  10.0 10.0 loc_loss:  0.4081449508666992 reward_loss:  -20.407339096069336
epoch:  37 batch:  50 region_loss:  10.0 10.0 loc_loss:  0.31963462829589845 reward_loss:  -15.981783866882324
epoch:  37 batch:  60 region_loss:  10.0 10.0 loc_loss:  0.31808454513549805 reward_loss:  -15.904326438903809
epoch:  37 batch:  70 region_loss:  10.0 10.0 loc_loss:  0.33045040130615233 reward_loss:  -16.52259635925293
epoch:  37 batch:  80 region_loss:  10.0 10.0 loc_loss:  0.3511407089233398 reward_loss:  -17.556970596313477
epoch:  37 batch:  90 region_loss:  6.0 6.0 loc_loss:  0.2006986427307129 reward_loss:  -10.034916877746582
epoch:  37 batch:  100 region_loss:  8.0 8.0 loc_loss:  0.2402389907836914 reward_loss:  -12.011982917785645
epoch:  37 batch:  110 region_loss:  4.0 4.0 loc_loss:  0.1316710376739502 reward_loss:  -6.583632469177246
epoch:  37 batch:  120 region_loss:  5.0 5.0 loc_loss:  0.1388082695007324 reward_loss:  -6.940516471862793
epoch:  37 batch:  130 region_loss:  7.0 7.0 loc_loss:  0.23996345520019532 reward_loss:  -11.998064041137695
acc@1:  0.11382878645343368
epoch: 37 region loss 0.17051094890510948 loc loss 0.2851999598523996 reward loss -14.260004764925824
epoch:  38 batch:  0 region_loss:  10.0 10.0 loc_loss:  0.2943008995056152 reward_loss:  -14.714933395385742
epoch:  38 batch:  10 region_loss:  10.0 10.0 loc_loss:  0.33450653076171877 reward_loss:  -16.725543975830078
epoch:  38 batch:  20 region_loss:  10.0 10.0 loc_loss:  0.3283633041381836 reward_loss:  -16.418338775634766
epoch:  38 batch:  30 region_loss:  10.0 10.0 loc_loss:  0.2982328224182129 reward_loss:  -14.911421775817871
epoch:  38 batch:  40 region_loss:  10.0 10.0 loc_loss:  0.3863926696777344 reward_loss:  -19.319530487060547
epoch:  38 batch:  50 region_loss:  10.0 10.0 loc_loss:  0.3034349822998047 reward_loss:  -15.171862602233887
epoch:  38 batch:  60 region_loss:  10.0 10.0 loc_loss:  0.3007416915893555 reward_loss:  -15.036944389343262
epoch:  38 batch:  70 region_loss:  10.0 10.0 loc_loss:  0.31514118194580076 reward_loss:  -15.75707721710205
epoch:  38 batch:  80 region_loss:  10.0 10.0 loc_loss:  0.3315903091430664 reward_loss:  -16.579492568969727
epoch:  38 batch:  90 region_loss:  6.0 6.0 loc_loss:  0.18870290756225586 reward_loss:  -9.435382843017578
epoch:  38 batch:  100 region_loss:  8.0 8.0 loc_loss:  0.22693674087524415 reward_loss:  -11.34664535522461
epoch:  38 batch:  110 region_loss:  4.0 4.0 loc_loss:  0.12280025482177734 reward_loss:  -6.139980316162109
epoch:  38 batch:  120 region_loss:  5.0 5.0 loc_loss:  0.12997580528259278 reward_loss:  -6.498575210571289
epoch:  38 batch:  130 region_loss:  7.0 7.0 loc_loss:  0.22570581436157228 reward_loss:  -11.285408973693848
acc@1:  0.11759172154280338
epoch: 38 region loss 0.17051094890510948 loc loss 0.2708268966639999 reward loss -13.541342294999282
epoch:  39 batch:  0 region_loss:  10.0 10.0 loc_loss:  0.27669706344604494 reward_loss:  -13.834909439086914
epoch:  39 batch:  10 region_loss:  10.0 10.0 loc_loss:  0.3162090301513672 reward_loss:  -15.810324668884277
epoch:  39 batch:  20 region_loss:  10.0 10.0 loc_loss:  0.31458162307739257 reward_loss:  -15.72905158996582
epoch:  39 batch:  30 region_loss:  10.0 10.0 loc_loss:  0.28246862411499024 reward_loss:  -14.123730659484863
epoch:  39 batch:  40 region_loss:  10.0 10.0 loc_loss:  0.3685466384887695 reward_loss:  -18.4279727935791
epoch:  39 batch:  50 region_loss:  10.0 10.0 loc_loss:  0.2873880958557129 reward_loss:  -14.369462013244629
epoch:  39 batch:  60 region_loss:  10.0 10.0 loc_loss:  0.28330617904663086 reward_loss:  -14.165285110473633
epoch:  39 batch:  70 region_loss:  10.0 10.0 loc_loss:  0.2981127738952637 reward_loss:  -14.905835151672363
epoch:  39 batch:  80 region_loss:  10.0 10.0 loc_loss:  0.31141387939453125 reward_loss:  -15.570825576782227
epoch:  39 batch:  90 region_loss:  6.0 6.0 loc_loss:  0.17744871139526366 reward_loss:  -8.872414588928223
epoch:  39 batch:  100 region_loss:  8.0 8.0 loc_loss:  0.21343557357788087 reward_loss:  -10.671730995178223
epoch:  39 batch:  110 region_loss:  4.0 4.0 loc_loss:  0.11523695945739747 reward_loss:  -5.761927604675293
epoch:  39 batch:  120 region_loss:  5.0 5.0 loc_loss:  0.12155498504638672 reward_loss:  -6.077752590179443
epoch:  39 batch:  130 region_loss:  7.0 7.0 loc_loss:  0.21203712463378907 reward_loss:  -10.601729393005371
acc@1:  0.11665098777046096
epoch: 39 region loss 0.17051094890510948 loc loss 0.25667276784451337 reward loss -12.833622492142837
epoch:  40 batch:  0 region_loss:  10.0 10.0 loc_loss:  0.26114229202270506 reward_loss:  -13.057135581970215
epoch:  40 batch:  10 region_loss:  10.0 10.0 loc_loss:  0.30011667251586915 reward_loss:  -15.005497932434082
epoch:  40 batch:  20 region_loss:  10.0 10.0 loc_loss:  0.30290416717529295 reward_loss:  -15.145148277282715
epoch:  40 batch:  30 region_loss:  10.0 10.0 loc_loss:  0.26691595077514646 reward_loss:  -13.345874786376953
epoch:  40 batch:  40 region_loss:  10.0 10.0 loc_loss:  0.3488808822631836 reward_loss:  -17.44402503967285
epoch:  40 batch:  50 region_loss:  10.0 10.0 loc_loss:  0.2718944931030273 reward_loss:  -13.594799041748047
epoch:  40 batch:  60 region_loss:  10.0 10.0 loc_loss:  0.2676141929626465 reward_loss:  -13.380955696105957
epoch:  40 batch:  70 region_loss:  10.0 10.0 loc_loss:  0.2838521194458008 reward_loss:  -14.19255256652832
epoch:  40 batch:  80 region_loss:  10.0 10.0 loc_loss:  0.2934001541137695 reward_loss:  -14.669970512390137
epoch:  40 batch:  90 region_loss:  6.0 6.0 loc_loss:  0.16623712539672852 reward_loss:  -8.311883926391602
epoch:  40 batch:  100 region_loss:  8.0 8.0 loc_loss:  0.20216075897216798 reward_loss:  -10.107998847961426
epoch:  40 batch:  110 region_loss:  4.0 4.0 loc_loss:  0.10762298583984375 reward_loss:  -5.381267070770264
epoch:  40 batch:  120 region_loss:  5.0 5.0 loc_loss:  0.11323223114013672 reward_loss:  -5.661560535430908
epoch:  40 batch:  130 region_loss:  7.0 7.0 loc_loss:  0.1995353317260742 reward_loss:  -9.977105140686035
acc@1:  0.11288805268109126
epoch: 40 region loss 0.17051094890510948 loc loss 0.24323857571956886 reward loss -12.161929334167146
epoch:  41 batch:  0 region_loss:  10.0 10.0 loc_loss:  0.24717472076416017 reward_loss:  -12.359010696411133
epoch:  41 batch:  10 region_loss:  10.0 10.0 loc_loss:  0.2838244819641113 reward_loss:  -14.19110107421875
epoch:  41 batch:  20 region_loss:  10.0 10.0 loc_loss:  0.28921852111816404 reward_loss:  -14.460949897766113
epoch:  41 batch:  30 region_loss:  10.0 10.0 loc_loss:  0.2519038581848145 reward_loss:  -12.595195770263672
epoch:  41 batch:  40 region_loss:  10.0 10.0 loc_loss:  0.33169677734375 reward_loss:  -16.58482551574707
epoch:  41 batch:  50 region_loss:  10.0 10.0 loc_loss:  0.25799434661865234 reward_loss:  -12.899802207946777
epoch:  41 batch:  60 region_loss:  10.0 10.0 loc_loss:  0.25225364685058593 reward_loss:  -12.612608909606934
epoch:  41 batch:  70 region_loss:  10.0 10.0 loc_loss:  0.26838375091552735 reward_loss:  -13.419374465942383
epoch:  41 batch:  80 region_loss:  10.0 10.0 loc_loss:  0.27482267379760744 reward_loss:  -13.741035461425781
epoch:  41 batch:  90 region_loss:  6.0 6.0 loc_loss:  0.1566375160217285 reward_loss:  -7.831876754760742
epoch:  41 batch:  100 region_loss:  8.0 8.0 loc_loss:  0.1907615089416504 reward_loss:  -9.53797721862793
epoch:  41 batch:  110 region_loss:  4.0 4.0 loc_loss:  0.09997581481933594 reward_loss:  -4.998863220214844
epoch:  41 batch:  120 region_loss:  5.0 5.0 loc_loss:  0.10616148948669434 reward_loss:  -5.307984352111816
epoch:  41 batch:  130 region_loss:  7.0 7.0 loc_loss:  0.18651679992675782 reward_loss:  -9.325845718383789
acc@1:  0.11147695202257761
epoch: 41 region loss 0.17051094890510948 loc loss 0.23025038278886 reward loss -11.512519021103852
epoch:  42 batch:  0 region_loss:  10.0 10.0 loc_loss:  0.23214324951171875 reward_loss:  -11.607452392578125
epoch:  42 batch:  10 region_loss:  10.0 10.0 loc_loss:  0.2680704689025879 reward_loss:  -13.403523445129395
epoch:  42 batch:  20 region_loss:  10.0 10.0 loc_loss:  0.27766683578491214 reward_loss:  -13.883365631103516
epoch:  42 batch:  30 region_loss:  10.0 10.0 loc_loss:  0.23762592315673828 reward_loss:  -11.881063461303711
epoch:  42 batch:  40 region_loss:  10.0 10.0 loc_loss:  0.31240880966186524 reward_loss:  -15.62038516998291
epoch:  42 batch:  50 region_loss:  10.0 10.0 loc_loss:  0.24436437606811523 reward_loss:  -12.218466758728027
epoch:  42 batch:  60 region_loss:  10.0 10.0 loc_loss:  0.23701637268066406 reward_loss:  -11.850831031799316
epoch:  42 batch:  70 region_loss:  10.0 10.0 loc_loss:  0.25560441970825193 reward_loss:  -12.780324935913086
epoch:  42 batch:  80 region_loss:  10.0 10.0 loc_loss:  0.25900619506835937 reward_loss:  -12.950294494628906
epoch:  42 batch:  90 region_loss:  6.0 6.0 loc_loss:  0.14611478805541991 reward_loss:  -7.305804252624512
epoch:  42 batch:  100 region_loss:  8.0 8.0 loc_loss:  0.17817190170288086 reward_loss:  -8.908528327941895
epoch:  42 batch:  110 region_loss:  4.0 4.0 loc_loss:  0.0934719181060791 reward_loss:  -4.673344612121582
epoch:  42 batch:  120 region_loss:  5.0 5.0 loc_loss:  0.09894926071166993 reward_loss:  -4.947432994842529
epoch:  42 batch:  130 region_loss:  7.0 7.0 loc_loss:  0.17426929473876954 reward_loss:  -8.713457107543945
acc@1:  0.11194731890874883
epoch: 42 region loss 0.17051094890510948 loc loss 0.2177199432275591 reward loss -10.885996245119694
epoch:  43 batch:  0 region_loss:  10.0 10.0 loc_loss:  0.21941486358642578 reward_loss:  -10.971123695373535
epoch:  43 batch:  10 region_loss:  10.0 10.0 loc_loss:  0.25411046981811525 reward_loss:  -12.705853462219238
epoch:  43 batch:  20 region_loss:  10.0 10.0 loc_loss:  0.2664525604248047 reward_loss:  -13.322556495666504
epoch:  43 batch:  30 region_loss:  10.0 10.0 loc_loss:  0.22503746032714844 reward_loss:  -11.25170612335205
epoch:  43 batch:  40 region_loss:  10.0 10.0 loc_loss:  0.2971613693237305 reward_loss:  -14.858068466186523
epoch:  43 batch:  50 region_loss:  10.0 10.0 loc_loss:  0.23220232009887695 reward_loss:  -11.610103607177734
epoch:  43 batch:  60 region_loss:  10.0 10.0 loc_loss:  0.22341506958007812 reward_loss:  -11.170686721801758
epoch:  43 batch:  70 region_loss:  10.0 10.0 loc_loss:  0.2401062774658203 reward_loss:  -12.005369186401367
epoch:  43 batch:  80 region_loss:  10.0 10.0 loc_loss:  0.24185836791992188 reward_loss:  -12.092659950256348
epoch:  43 batch:  90 region_loss:  6.0 6.0 loc_loss:  0.13594661712646483 reward_loss:  -6.797243118286133
epoch:  43 batch:  100 region_loss:  8.0 8.0 loc_loss:  0.16923158645629882 reward_loss:  -8.461773872375488
epoch:  43 batch:  110 region_loss:  4.0 4.0 loc_loss:  0.08686897277832031 reward_loss:  -4.3433661460876465
epoch:  43 batch:  120 region_loss:  5.0 5.0 loc_loss:  0.09268847465515137 reward_loss:  -4.634438514709473
epoch:  43 batch:  130 region_loss:  7.0 7.0 loc_loss:  0.1634773063659668 reward_loss:  -8.17369270324707
acc@1:  0.11053621825023519
epoch: 43 region loss 0.17051094890510948 loc loss 0.20568119089098744 reward loss -10.284048370201223
epoch:  44 batch:  0 region_loss:  10.0 10.0 loc_loss:  0.20595264434814453 reward_loss:  -10.297752380371094
epoch:  44 batch:  10 region_loss:  10.0 10.0 loc_loss:  0.23939929962158202 reward_loss:  -11.969803810119629
epoch:  44 batch:  20 region_loss:  10.0 10.0 loc_loss:  0.25443056106567385 reward_loss:  -12.72161865234375
epoch:  44 batch:  30 region_loss:  10.0 10.0 loc_loss:  0.21170831680297852 reward_loss:  -10.585410118103027
epoch:  44 batch:  40 region_loss:  10.0 10.0 loc_loss:  0.28008787155151366 reward_loss:  -14.00438404083252
epoch:  44 batch:  50 region_loss:  10.0 10.0 loc_loss:  0.22008514404296875 reward_loss:  -11.004054069519043
epoch:  44 batch:  60 region_loss:  10.0 10.0 loc_loss:  0.20908710479736328 reward_loss:  -10.454333305358887
epoch:  44 batch:  70 region_loss:  10.0 10.0 loc_loss:  0.22811779022216797 reward_loss:  -11.406047821044922
epoch:  44 batch:  80 region_loss:  10.0 10.0 loc_loss:  0.22621936798095704 reward_loss:  -11.311120986938477
epoch:  44 batch:  90 region_loss:  6.0 6.0 loc_loss:  0.12707967758178712 reward_loss:  -6.3540496826171875
epoch:  44 batch:  100 region_loss:  8.0 8.0 loc_loss:  0.15747275352478027 reward_loss:  -7.873696327209473
epoch:  44 batch:  110 region_loss:  4.0 4.0 loc_loss:  0.08075733184814453 reward_loss:  -4.037880897521973
epoch:  44 batch:  120 region_loss:  5.0 5.0 loc_loss:  0.08582080841064453 reward_loss:  -4.291139125823975
epoch:  44 batch:  130 region_loss:  7.0 7.0 loc_loss:  0.15178606986999513 reward_loss:  -7.589293003082275
acc@1:  0.10959548447789276
epoch: 44 region loss 0.17051094890510948 loc loss 0.19403483465640214 reward loss -9.701733089276473
epoch:  45 batch:  0 region_loss:  10.0 10.0 loc_loss:  0.19353612899780273 reward_loss:  -9.676780700683594
epoch:  45 batch:  10 region_loss:  10.0 10.0 loc_loss:  0.22547237396240236 reward_loss:  -11.273575782775879
epoch:  45 batch:  20 region_loss:  10.0 10.0 loc_loss:  0.24573307037353515 reward_loss:  -12.286842346191406
epoch:  45 batch:  30 region_loss:  10.0 10.0 loc_loss:  0.19949905395507814 reward_loss:  -9.974936485290527
epoch:  45 batch:  40 region_loss:  10.0 10.0 loc_loss:  0.26390615463256833 reward_loss:  -13.195634841918945
epoch:  45 batch:  50 region_loss:  10.0 10.0 loc_loss:  0.20850194931030275 reward_loss:  -10.425086975097656
epoch:  45 batch:  60 region_loss:  10.0 10.0 loc_loss:  0.1962340545654297 reward_loss:  -9.811829566955566
epoch:  45 batch:  70 region_loss:  10.0 10.0 loc_loss:  0.2154555892944336 reward_loss:  -10.772834777832031
epoch:  45 batch:  80 region_loss:  10.0 10.0 loc_loss:  0.21076301574707032 reward_loss:  -10.538021087646484
epoch:  45 batch:  90 region_loss:  6.0 6.0 loc_loss:  0.11775520324707031 reward_loss:  -5.8876872062683105
epoch:  45 batch:  100 region_loss:  8.0 8.0 loc_loss:  0.14878741264343262 reward_loss:  -7.439299583435059
epoch:  45 batch:  110 region_loss:  4.0 4.0 loc_loss:  0.07503691673278809 reward_loss:  -3.751715898513794
epoch:  45 batch:  120 region_loss:  5.0 5.0 loc_loss:  0.08047701835632325 reward_loss:  -4.024022579193115
epoch:  45 batch:  130 region_loss:  7.0 7.0 loc_loss:  0.1423484992980957 reward_loss:  -7.117539405822754
acc@1:  0.10630291627469426
epoch: 45 region loss 0.17051094890510948 loc loss 0.18301090056878805 reward loss -9.150536649853644
epoch:  46 batch:  0 region_loss:  10.0 10.0 loc_loss:  0.1812567901611328 reward_loss:  -9.062925338745117
epoch:  46 batch:  10 region_loss:  10.0 10.0 loc_loss:  0.21244359970092774 reward_loss:  -10.62230110168457
epoch:  46 batch:  20 region_loss:  10.0 10.0 loc_loss:  0.23795717239379882 reward_loss:  -11.89791202545166
epoch:  46 batch:  30 region_loss:  10.0 10.0 loc_loss:  0.18754371643066406 reward_loss:  -9.377567291259766
epoch:  46 batch:  40 region_loss:  10.0 10.0 loc_loss:  0.2485635185241699 reward_loss:  -12.428400039672852
epoch:  46 batch:  50 region_loss:  10.0 10.0 loc_loss:  0.19650962829589844 reward_loss:  -9.825798034667969
epoch:  46 batch:  60 region_loss:  10.0 10.0 loc_loss:  0.18344705581665038 reward_loss:  -9.172340393066406
epoch:  46 batch:  70 region_loss:  10.0 10.0 loc_loss:  0.2035731315612793 reward_loss:  -10.1787691116333
epoch:  46 batch:  80 region_loss:  10.0 10.0 loc_loss:  0.19700206756591798 reward_loss:  -9.850024223327637
epoch:  46 batch:  90 region_loss:  6.0 6.0 loc_loss:  0.11067154884338379 reward_loss:  -5.533603668212891
epoch:  46 batch:  100 region_loss:  8.0 8.0 loc_loss:  0.13822712898254394 reward_loss:  -6.911383628845215
epoch:  46 batch:  110 region_loss:  4.0 4.0 loc_loss:  0.06931699752807617 reward_loss:  -3.4658865928649902
epoch:  46 batch:  120 region_loss:  5.0 5.0 loc_loss:  0.07475669860839844 reward_loss:  -3.7378907203674316
epoch:  46 batch:  130 region_loss:  7.0 7.0 loc_loss:  0.13198558807373048 reward_loss:  -6.599262237548828
acc@1:  0.1077140169332079
epoch: 46 region loss 0.17051094890510948 loc loss 0.17236111956791286 reward loss -8.618089775969512
epoch:  47 batch:  0 region_loss:  10.0 10.0 loc_loss:  0.17014558792114257 reward_loss:  -8.507156372070312
epoch:  47 batch:  10 region_loss:  10.0 10.0 loc_loss:  0.19892316818237304 reward_loss:  -9.946117401123047
epoch:  47 batch:  20 region_loss:  10.0 10.0 loc_loss:  0.23131059646606444 reward_loss:  -11.565637588500977
epoch:  47 batch:  30 region_loss:  10.0 10.0 loc_loss:  0.17615676879882813 reward_loss:  -8.807889938354492
epoch:  47 batch:  40 region_loss:  10.0 10.0 loc_loss:  0.234778995513916 reward_loss:  -11.73878288269043
epoch:  47 batch:  50 region_loss:  10.0 10.0 loc_loss:  0.18513521194458007 reward_loss:  -9.256752014160156
epoch:  47 batch:  60 region_loss:  10.0 10.0 loc_loss:  0.17243654251098633 reward_loss:  -8.622030258178711
epoch:  47 batch:  70 region_loss:  10.0 10.0 loc_loss:  0.19216896057128907 reward_loss:  -9.608579635620117
epoch:  47 batch:  80 region_loss:  10.0 10.0 loc_loss:  0.18367738723754884 reward_loss:  -9.183735847473145
epoch:  47 batch:  90 region_loss:  6.0 6.0 loc_loss:  0.10210029602050781 reward_loss:  -5.10506534576416
epoch:  47 batch:  100 region_loss:  8.0 8.0 loc_loss:  0.1300663948059082 reward_loss:  -6.503200054168701
epoch:  47 batch:  110 region_loss:  4.0 4.0 loc_loss:  0.0639337968826294 reward_loss:  -3.1967246532440186
epoch:  47 batch:  120 region_loss:  5.0 5.0 loc_loss:  0.06971253395080566 reward_loss:  -3.485584259033203
epoch:  47 batch:  130 region_loss:  7.0 7.0 loc_loss:  0.123358793258667 reward_loss:  -6.168010234832764
acc@1:  0.10489181561618062
epoch: 47 region loss 0.17051094890510948 loc loss 0.16227728253733503 reward loss -8.11384987135003
epoch:  48 batch:  0 region_loss:  10.0 10.0 loc_loss:  0.15897530555725098 reward_loss:  -7.948824882507324
epoch:  48 batch:  10 region_loss:  10.0 10.0 loc_loss:  0.18719865798950194 reward_loss:  -9.359781265258789
epoch:  48 batch:  20 region_loss:  10.0 10.0 loc_loss:  0.2212089157104492 reward_loss:  -11.060430526733398
epoch:  48 batch:  30 region_loss:  10.0 10.0 loc_loss:  0.16489696502685547 reward_loss:  -8.245060920715332
epoch:  48 batch:  40 region_loss:  10.0 10.0 loc_loss:  0.21968534469604492 reward_loss:  -10.984264373779297
epoch:  48 batch:  50 region_loss:  10.0 10.0 loc_loss:  0.17395029067993165 reward_loss:  -8.697480201721191
epoch:  48 batch:  60 region_loss:  10.0 10.0 loc_loss:  0.16114343643188478 reward_loss:  -8.057214736938477
epoch:  48 batch:  70 region_loss:  10.0 10.0 loc_loss:  0.1803292465209961 reward_loss:  -9.016356468200684
epoch:  48 batch:  80 region_loss:  10.0 10.0 loc_loss:  0.17100164413452149 reward_loss:  -8.549957275390625
epoch:  48 batch:  90 region_loss:  6.0 6.0 loc_loss:  0.0956446647644043 reward_loss:  -4.782215118408203
epoch:  48 batch:  100 region_loss:  8.0 8.0 loc_loss:  0.1205795669555664 reward_loss:  -6.029351234436035
epoch:  48 batch:  110 region_loss:  4.0 4.0 loc_loss:  0.0594382381439209 reward_loss:  -2.971519947052002
epoch:  48 batch:  120 region_loss:  5.0 5.0 loc_loss:  0.0648793077468872 reward_loss:  -3.2437543869018555
epoch:  48 batch:  130 region_loss:  7.0 7.0 loc_loss:  0.11438999176025391 reward_loss:  -5.719423294067383
acc@1:  0.10677328316086547
epoch: 48 region loss 0.17051094890510948 loc loss 0.1526917152509202 reward loss -7.634579394855638
epoch:  49 batch:  0 region_loss:  10.0 10.0 loc_loss:  0.14871646881103515 reward_loss:  -7.435984134674072
epoch:  49 batch:  10 region_loss:  10.0 10.0 loc_loss:  0.17505008697509766 reward_loss:  -8.752421379089355
epoch:  49 batch:  20 region_loss:  10.0 10.0 loc_loss:  0.2086490821838379 reward_loss:  -10.432323455810547
epoch:  49 batch:  30 region_loss:  10.0 10.0 loc_loss:  0.154866304397583 reward_loss:  -7.7432451248168945
epoch:  49 batch:  40 region_loss:  10.0 10.0 loc_loss:  0.20695510864257813 reward_loss:  -10.347862243652344
epoch:  49 batch:  50 region_loss:  10.0 10.0 loc_loss:  0.16502683639526367 reward_loss:  -8.2512845993042
epoch:  49 batch:  60 region_loss:  10.0 10.0 loc_loss:  0.15050191879272462 reward_loss:  -7.52541971206665
epoch:  49 batch:  70 region_loss:  10.0 10.0 loc_loss:  0.16897825241088868 reward_loss:  -8.448864936828613
epoch:  49 batch:  80 region_loss:  10.0 10.0 loc_loss:  0.15957298278808593 reward_loss:  -7.978561878204346
epoch:  49 batch:  90 region_loss:  6.0 6.0 loc_loss:  0.08844524383544922 reward_loss:  -4.422232151031494
epoch:  49 batch:  100 region_loss:  8.0 8.0 loc_loss:  0.11322290420532227 reward_loss:  -5.661202430725098
epoch:  49 batch:  110 region_loss:  4.0 4.0 loc_loss:  0.054298925399780276 reward_loss:  -2.7149155139923096
epoch:  49 batch:  120 region_loss:  5.0 5.0 loc_loss:  0.06032059669494629 reward_loss:  -3.0159735679626465
epoch:  49 batch:  130 region_loss:  7.0 7.0 loc_loss:  0.10656731605529784 reward_loss:  -5.328327178955078
acc@1:  0.10112888052681092
epoch: 49 region loss 0.17051094890510948 loc loss 0.14358169057073383 reward loss -7.179078788217837
