2
cuda
epoch:  0 batch:  0 region_loss:  10.0 10.0 loc_loss:  1.9902052307128906 reward_loss:  -99.50973510742188
epoch:  0 batch:  10 region_loss:  10.0 10.0 loc_loss:  1.9862107849121093 reward_loss:  -99.31086730957031
epoch:  0 batch:  20 region_loss:  10.0 10.0 loc_loss:  1.993818359375 reward_loss:  -99.69126892089844
epoch:  0 batch:  30 region_loss:  10.0 10.0 loc_loss:  1.982137451171875 reward_loss:  -99.10662841796875
epoch:  0 batch:  40 region_loss:  10.0 10.0 loc_loss:  1.9793846130371093 reward_loss:  -98.97028350830078
epoch:  0 batch:  50 region_loss:  10.0 10.0 loc_loss:  1.9863336181640625 reward_loss:  -99.31745910644531
epoch:  0 batch:  60 region_loss:  10.0 10.0 loc_loss:  1.9837277221679688 reward_loss:  -99.18722534179688
epoch:  0 batch:  70 region_loss:  10.0 10.0 loc_loss:  1.9851181030273437 reward_loss:  -99.25514221191406
epoch:  0 batch:  80 region_loss:  10.0 10.0 loc_loss:  1.9809274291992187 reward_loss:  -99.04672241210938
epoch:  0 batch:  90 region_loss:  6.0 6.0 loc_loss:  1.1802957916259766 reward_loss:  -59.01457214355469
epoch:  0 batch:  100 region_loss:  8.0 8.0 loc_loss:  1.5751507568359375 reward_loss:  -78.75789642333984
epoch:  0 batch:  110 region_loss:  4.0 4.0 loc_loss:  0.7881690979003906 reward_loss:  -39.408851623535156
epoch:  0 batch:  120 region_loss:  5.0 5.0 loc_loss:  0.9791807556152343 reward_loss:  -48.95878982543945
epoch:  0 batch:  130 region_loss:  7.0 7.0 loc_loss:  1.3724481201171874 reward_loss:  -68.62273406982422
acc@1:  0.003292568203198495
epoch: 0 region loss 0.17051094890510948 loc loss 1.686261579972984 reward loss -84.3131776517325
epoch:  1 batch:  0 region_loss:  10.0 10.0 loc_loss:  1.9096073913574219 reward_loss:  -95.48153686523438
epoch:  1 batch:  10 region_loss:  10.0 10.0 loc_loss:  1.931533966064453 reward_loss:  -96.57672119140625
epoch:  1 batch:  20 region_loss:  10.0 10.0 loc_loss:  1.931748504638672 reward_loss:  -96.58808898925781
epoch:  1 batch:  30 region_loss:  10.0 10.0 loc_loss:  1.9204476928710938 reward_loss:  -96.02249145507812
epoch:  1 batch:  40 region_loss:  10.0 10.0 loc_loss:  1.8991978454589844 reward_loss:  -94.9609146118164
epoch:  1 batch:  50 region_loss:  10.0 10.0 loc_loss:  1.9053851318359376 reward_loss:  -95.26788330078125
epoch:  1 batch:  60 region_loss:  10.0 10.0 loc_loss:  1.8882696533203125 reward_loss:  -94.41255187988281
epoch:  1 batch:  70 region_loss:  10.0 10.0 loc_loss:  1.8758786010742188 reward_loss:  -93.79566192626953
epoch:  1 batch:  80 region_loss:  10.0 10.0 loc_loss:  1.8535234069824218 reward_loss:  -92.67720031738281
epoch:  1 batch:  90 region_loss:  6.0 6.0 loc_loss:  1.0938592529296876 reward_loss:  -54.69297409057617
epoch:  1 batch:  100 region_loss:  8.0 8.0 loc_loss:  1.4497552490234376 reward_loss:  -72.48776245117188
epoch:  1 batch:  110 region_loss:  4.0 4.0 loc_loss:  0.7330730438232422 reward_loss:  -36.654964447021484
epoch:  1 batch:  120 region_loss:  5.0 5.0 loc_loss:  0.90114501953125 reward_loss:  -45.05712127685547
epoch:  1 batch:  130 region_loss:  7.0 7.0 loc_loss:  1.2534291076660156 reward_loss:  -62.67132568359375
acc@1:  0.023047977422389464
epoch: 1 region loss 0.17051094890510948 loc loss 1.596781055422595 reward loss -79.83920290870388
epoch:  2 batch:  0 region_loss:  10.0 10.0 loc_loss:  1.71838134765625 reward_loss:  -85.9190902709961
epoch:  2 batch:  10 region_loss:  10.0 10.0 loc_loss:  1.7329360961914062 reward_loss:  -86.64675903320312
epoch:  2 batch:  20 region_loss:  10.0 10.0 loc_loss:  1.7465814208984376 reward_loss:  -87.32984924316406
epoch:  2 batch:  30 region_loss:  10.0 10.0 loc_loss:  1.7665632629394532 reward_loss:  -88.32874298095703
epoch:  2 batch:  40 region_loss:  10.0 10.0 loc_loss:  1.7013442993164063 reward_loss:  -85.06867980957031
epoch:  2 batch:  50 region_loss:  10.0 10.0 loc_loss:  1.77331787109375 reward_loss:  -88.66580200195312
epoch:  2 batch:  60 region_loss:  10.0 10.0 loc_loss:  1.7407891845703125 reward_loss:  -87.03990173339844
epoch:  2 batch:  70 region_loss:  10.0 10.0 loc_loss:  1.7458782958984376 reward_loss:  -87.29393768310547
epoch:  2 batch:  80 region_loss:  10.0 10.0 loc_loss:  1.72400146484375 reward_loss:  -86.2001953125
epoch:  2 batch:  90 region_loss:  6.0 6.0 loc_loss:  1.02830322265625 reward_loss:  -51.414894104003906
epoch:  2 batch:  100 region_loss:  8.0 8.0 loc_loss:  1.372200927734375 reward_loss:  -68.61029815673828
epoch:  2 batch:  110 region_loss:  4.0 4.0 loc_loss:  0.6979791259765625 reward_loss:  -34.89899444580078
epoch:  2 batch:  120 region_loss:  5.0 5.0 loc_loss:  0.8631681060791015 reward_loss:  -43.15900421142578
epoch:  2 batch:  130 region_loss:  7.0 7.0 loc_loss:  1.2040634155273438 reward_loss:  -60.202396392822266
acc@1:  0.029633113828786452
epoch: 2 region loss 0.17051094890510948 loc loss 1.470916294738324 reward loss -73.54584968177072
epoch:  3 batch:  0 region_loss:  10.0 10.0 loc_loss:  1.6684957885742187 reward_loss:  -83.4253158569336
epoch:  3 batch:  10 region_loss:  10.0 10.0 loc_loss:  1.6685821533203125 reward_loss:  -83.42830657958984
epoch:  3 batch:  20 region_loss:  10.0 10.0 loc_loss:  1.6617662048339843 reward_loss:  -83.08895874023438
epoch:  3 batch:  30 region_loss:  10.0 10.0 loc_loss:  1.6989350891113282 reward_loss:  -84.94615936279297
epoch:  3 batch:  40 region_loss:  10.0 10.0 loc_loss:  1.633265380859375 reward_loss:  -81.66448211669922
epoch:  3 batch:  50 region_loss:  10.0 10.0 loc_loss:  1.7065028381347656 reward_loss:  -85.3254165649414
epoch:  3 batch:  60 region_loss:  10.0 10.0 loc_loss:  1.6774330139160156 reward_loss:  -83.87146759033203
epoch:  3 batch:  70 region_loss:  10.0 10.0 loc_loss:  1.6807461547851563 reward_loss:  -84.03777313232422
epoch:  3 batch:  80 region_loss:  10.0 10.0 loc_loss:  1.6680819702148437 reward_loss:  -83.40430450439453
epoch:  3 batch:  90 region_loss:  6.0 6.0 loc_loss:  0.9972514343261719 reward_loss:  -49.86283493041992
epoch:  3 batch:  100 region_loss:  8.0 8.0 loc_loss:  1.3274639892578124 reward_loss:  -66.37356567382812
epoch:  3 batch:  110 region_loss:  4.0 4.0 loc_loss:  0.67841064453125 reward_loss:  -33.9204216003418
epoch:  3 batch:  120 region_loss:  5.0 5.0 loc_loss:  0.8394409942626954 reward_loss:  -41.971710205078125
epoch:  3 batch:  130 region_loss:  7.0 7.0 loc_loss:  1.1729998779296875 reward_loss:  -58.65061569213867
acc@1:  0.039040451552210725
epoch: 3 region loss 0.17051094890510948 loc loss 1.4134428717620182 reward loss -70.6721450360152
epoch:  4 batch:  0 region_loss:  10.0 10.0 loc_loss:  1.6293360900878906 reward_loss:  -81.46685028076172
epoch:  4 batch:  10 region_loss:  10.0 10.0 loc_loss:  1.6250422668457032 reward_loss:  -81.25244903564453
epoch:  4 batch:  20 region_loss:  10.0 10.0 loc_loss:  1.5988026428222657 reward_loss:  -79.93960571289062
epoch:  4 batch:  30 region_loss:  10.0 10.0 loc_loss:  1.6463279724121094 reward_loss:  -82.31646728515625
epoch:  4 batch:  40 region_loss:  10.0 10.0 loc_loss:  1.5840890502929688 reward_loss:  -79.20276641845703
epoch:  4 batch:  50 region_loss:  10.0 10.0 loc_loss:  1.6507574462890624 reward_loss:  -82.53858184814453
epoch:  4 batch:  60 region_loss:  10.0 10.0 loc_loss:  1.62482177734375 reward_loss:  -81.24038696289062
epoch:  4 batch:  70 region_loss:  10.0 10.0 loc_loss:  1.62296142578125 reward_loss:  -81.15000915527344
epoch:  4 batch:  80 region_loss:  10.0 10.0 loc_loss:  1.6180569458007812 reward_loss:  -80.90248107910156
epoch:  4 batch:  90 region_loss:  6.0 6.0 loc_loss:  0.9686769104003906 reward_loss:  -48.434326171875
epoch:  4 batch:  100 region_loss:  8.0 8.0 loc_loss:  1.2840927124023438 reward_loss:  -64.20451354980469
epoch:  4 batch:  110 region_loss:  4.0 4.0 loc_loss:  0.6608961486816406 reward_loss:  -33.04480743408203
epoch:  4 batch:  120 region_loss:  5.0 5.0 loc_loss:  0.8153646850585937 reward_loss:  -40.76805877685547
epoch:  4 batch:  130 region_loss:  7.0 7.0 loc_loss:  1.1413526916503907 reward_loss:  -57.06776809692383
acc@1:  0.04750705550329257
epoch: 4 region loss 0.17051094890510948 loc loss 1.3659706722732878 reward loss -68.29855339718561
epoch:  5 batch:  0 region_loss:  10.0 10.0 loc_loss:  1.5851223754882813 reward_loss:  -79.25621795654297
epoch:  5 batch:  10 region_loss:  10.0 10.0 loc_loss:  1.5792498779296875 reward_loss:  -78.96148681640625
epoch:  5 batch:  20 region_loss:  10.0 10.0 loc_loss:  1.5357630920410157 reward_loss:  -76.78846740722656
epoch:  5 batch:  30 region_loss:  10.0 10.0 loc_loss:  1.59275146484375 reward_loss:  -79.6375961303711
epoch:  5 batch:  40 region_loss:  10.0 10.0 loc_loss:  1.5353390502929687 reward_loss:  -76.76708984375
epoch:  5 batch:  50 region_loss:  10.0 10.0 loc_loss:  1.5935162353515624 reward_loss:  -79.67572021484375
epoch:  5 batch:  60 region_loss:  10.0 10.0 loc_loss:  1.571824951171875 reward_loss:  -78.59149932861328
epoch:  5 batch:  70 region_loss:  10.0 10.0 loc_loss:  1.5646839904785157 reward_loss:  -78.2343978881836
epoch:  5 batch:  80 region_loss:  10.0 10.0 loc_loss:  1.5661732482910156 reward_loss:  -78.3082504272461
epoch:  5 batch:  90 region_loss:  6.0 6.0 loc_loss:  0.9392198181152344 reward_loss:  -46.961402893066406
epoch:  5 batch:  100 region_loss:  8.0 8.0 loc_loss:  1.2379612731933594 reward_loss:  -61.898216247558594
epoch:  5 batch:  110 region_loss:  4.0 4.0 loc_loss:  0.6429576873779297 reward_loss:  -32.14797592163086
epoch:  5 batch:  120 region_loss:  5.0 5.0 loc_loss:  0.7890544128417969 reward_loss:  -39.45293045043945
epoch:  5 batch:  130 region_loss:  7.0 7.0 loc_loss:  1.1073268127441407 reward_loss:  -55.36647033691406
acc@1:  0.0625587958607714
epoch: 5 region loss 0.17051094890510948 loc loss 1.3173745256966918 reward loss -65.86871602413429
epoch:  6 batch:  0 region_loss:  10.0 10.0 loc_loss:  1.5338308715820312 reward_loss:  -76.69155883789062
epoch:  6 batch:  10 region_loss:  10.0 10.0 loc_loss:  1.5280381774902343 reward_loss:  -76.4018783569336
epoch:  6 batch:  20 region_loss:  10.0 10.0 loc_loss:  1.468052215576172 reward_loss:  -73.40262603759766
epoch:  6 batch:  30 region_loss:  10.0 10.0 loc_loss:  1.5352108764648438 reward_loss:  -76.76051330566406
epoch:  6 batch:  40 region_loss:  10.0 10.0 loc_loss:  1.4843757629394532 reward_loss:  -74.21878814697266
epoch:  6 batch:  50 region_loss:  10.0 10.0 loc_loss:  1.532435760498047 reward_loss:  -76.62199401855469
epoch:  6 batch:  60 region_loss:  10.0 10.0 loc_loss:  1.5156686401367188 reward_loss:  -75.7834701538086
epoch:  6 batch:  70 region_loss:  10.0 10.0 loc_loss:  1.5027496337890625 reward_loss:  -75.13680267333984
epoch:  6 batch:  80 region_loss:  10.0 10.0 loc_loss:  1.51045654296875 reward_loss:  -75.52283477783203
epoch:  6 batch:  90 region_loss:  6.0 6.0 loc_loss:  0.9078986358642578 reward_loss:  -45.39484786987305
epoch:  6 batch:  100 region_loss:  8.0 8.0 loc_loss:  1.1877474212646484 reward_loss:  -59.387577056884766
epoch:  6 batch:  110 region_loss:  4.0 4.0 loc_loss:  0.6240768051147461 reward_loss:  -31.203922271728516
epoch:  6 batch:  120 region_loss:  5.0 5.0 loc_loss:  0.7606269073486328 reward_loss:  -38.03135681152344
epoch:  6 batch:  130 region_loss:  7.0 7.0 loc_loss:  1.070765838623047 reward_loss:  -53.5382194519043
acc@1:  0.07808090310442145
epoch: 6 region loss 0.17051094890510948 loc loss 1.2655656753317281 reward loss -63.27829504361118
epoch:  7 batch:  0 region_loss:  10.0 10.0 loc_loss:  1.4755490112304688 reward_loss:  -73.77749633789062
epoch:  7 batch:  10 region_loss:  10.0 10.0 loc_loss:  1.4704000854492187 reward_loss:  -73.51992797851562
epoch:  7 batch:  20 region_loss:  10.0 10.0 loc_loss:  1.3967774963378907 reward_loss:  -69.83897399902344
epoch:  7 batch:  30 region_loss:  10.0 10.0 loc_loss:  1.472760009765625 reward_loss:  -73.63804626464844
epoch:  7 batch:  40 region_loss:  10.0 10.0 loc_loss:  1.431531219482422 reward_loss:  -71.57658386230469
epoch:  7 batch:  50 region_loss:  10.0 10.0 loc_loss:  1.4664920043945313 reward_loss:  -73.32453155517578
epoch:  7 batch:  60 region_loss:  10.0 10.0 loc_loss:  1.4554693603515625 reward_loss:  -72.77350616455078
epoch:  7 batch:  70 region_loss:  10.0 10.0 loc_loss:  1.4365379333496093 reward_loss:  -71.82669830322266
epoch:  7 batch:  80 region_loss:  10.0 10.0 loc_loss:  1.4510737609863282 reward_loss:  -72.55363464355469
epoch:  7 batch:  90 region_loss:  6.0 6.0 loc_loss:  0.8747682189941406 reward_loss:  -43.738460540771484
epoch:  7 batch:  100 region_loss:  8.0 8.0 loc_loss:  1.1335996246337892 reward_loss:  -56.6799201965332
epoch:  7 batch:  110 region_loss:  4.0 4.0 loc_loss:  0.6041444396972656 reward_loss:  -30.20726776123047
epoch:  7 batch:  120 region_loss:  5.0 5.0 loc_loss:  0.7302742767333984 reward_loss:  -36.51370620727539
epoch:  7 batch:  130 region_loss:  7.0 7.0 loc_loss:  1.0316409301757812 reward_loss:  -51.58205032348633
acc@1:  0.09125117591721543
epoch: 7 region loss 0.17051094890510948 loc loss 1.2104691824251719 reward loss -60.52345513949429
epoch:  8 batch:  0 region_loss:  10.0 10.0 loc_loss:  1.4117451477050782 reward_loss:  -70.5872802734375
epoch:  8 batch:  10 region_loss:  10.0 10.0 loc_loss:  1.4073439025878907 reward_loss:  -70.36727905273438
epoch:  8 batch:  20 region_loss:  10.0 10.0 loc_loss:  1.3233045959472656 reward_loss:  -66.16519165039062
epoch:  8 batch:  30 region_loss:  10.0 10.0 loc_loss:  1.4058633422851563 reward_loss:  -70.293212890625
epoch:  8 batch:  40 region_loss:  10.0 10.0 loc_loss:  1.3782241821289063 reward_loss:  -68.91118621826172
epoch:  8 batch:  50 region_loss:  10.0 10.0 loc_loss:  1.3961239624023438 reward_loss:  -69.80621337890625
epoch:  8 batch:  60 region_loss:  10.0 10.0 loc_loss:  1.392297821044922 reward_loss:  -69.6148681640625
epoch:  8 batch:  70 region_loss:  10.0 10.0 loc_loss:  1.3669776916503906 reward_loss:  -68.34912109375
epoch:  8 batch:  80 region_loss:  10.0 10.0 loc_loss:  1.3885963439941407 reward_loss:  -69.4298095703125
epoch:  8 batch:  90 region_loss:  6.0 6.0 loc_loss:  0.8404035186767578 reward_loss:  -42.020103454589844
epoch:  8 batch:  100 region_loss:  8.0 8.0 loc_loss:  1.0766859436035157 reward_loss:  -53.83424377441406
epoch:  8 batch:  110 region_loss:  4.0 4.0 loc_loss:  0.5832194900512695 reward_loss:  -29.160982131958008
epoch:  8 batch:  120 region_loss:  5.0 5.0 loc_loss:  0.6982821655273438 reward_loss:  -34.914085388183594
epoch:  8 batch:  130 region_loss:  7.0 7.0 loc_loss:  0.9905534362792969 reward_loss:  -49.527706146240234
acc@1:  0.10912511759172154
epoch: 8 region loss 0.17051094890510948 loc loss 1.1530943571216 reward loss -57.65471352625937
epoch:  9 batch:  0 region_loss:  10.0 10.0 loc_loss:  1.3438948059082032 reward_loss:  -67.19476318359375
epoch:  9 batch:  10 region_loss:  10.0 10.0 loc_loss:  1.3401422119140625 reward_loss:  -67.00703430175781
epoch:  9 batch:  20 region_loss:  10.0 10.0 loc_loss:  1.2491590881347656 reward_loss:  -62.458030700683594
epoch:  9 batch:  30 region_loss:  10.0 10.0 loc_loss:  1.3357234191894531 reward_loss:  -66.78620910644531
epoch:  9 batch:  40 region_loss:  10.0 10.0 loc_loss:  1.324854278564453 reward_loss:  -66.24270629882812
epoch:  9 batch:  50 region_loss:  10.0 10.0 loc_loss:  1.3221954345703124 reward_loss:  -66.10975646972656
epoch:  9 batch:  60 region_loss:  10.0 10.0 loc_loss:  1.3275123596191407 reward_loss:  -66.37561798095703
epoch:  9 batch:  70 region_loss:  10.0 10.0 loc_loss:  1.2947702026367187 reward_loss:  -64.738525390625
epoch:  9 batch:  80 region_loss:  10.0 10.0 loc_loss:  1.3250459289550782 reward_loss:  -66.2522964477539
epoch:  9 batch:  90 region_loss:  6.0 6.0 loc_loss:  0.8053983306884765 reward_loss:  -40.269920349121094
epoch:  9 batch:  100 region_loss:  8.0 8.0 loc_loss:  1.0186903381347656 reward_loss:  -50.93450164794922
epoch:  9 batch:  110 region_loss:  4.0 4.0 loc_loss:  0.5613822555541992 reward_loss:  -28.069093704223633
epoch:  9 batch:  120 region_loss:  5.0 5.0 loc_loss:  0.6652657318115235 reward_loss:  -33.26328659057617
epoch:  9 batch:  130 region_loss:  7.0 7.0 loc_loss:  0.9481275939941406 reward_loss:  -47.4063720703125
acc@1:  0.1180620884289746
epoch: 9 region loss 0.17051094890510948 loc loss 1.094810109103683 reward loss -54.740507139776746
epoch:  10 batch:  0 region_loss:  10.0 10.0 loc_loss:  1.2736740875244141 reward_loss:  -63.68366622924805
epoch:  10 batch:  10 region_loss:  10.0 10.0 loc_loss:  1.2707511138916017 reward_loss:  -63.537452697753906
epoch:  10 batch:  20 region_loss:  10.0 10.0 loc_loss:  1.1754340362548827 reward_loss:  -58.77172088623047
epoch:  10 batch:  30 region_loss:  10.0 10.0 loc_loss:  1.2636540985107423 reward_loss:  -63.18268966674805
epoch:  10 batch:  40 region_loss:  10.0 10.0 loc_loss:  1.2714112854003907 reward_loss:  -63.57076644897461
epoch:  10 batch:  50 region_loss:  10.0 10.0 loc_loss:  1.2467567443847656 reward_loss:  -62.337852478027344
epoch:  10 batch:  60 region_loss:  10.0 10.0 loc_loss:  1.2627845764160157 reward_loss:  -63.13923263549805
epoch:  10 batch:  70 region_loss:  10.0 10.0 loc_loss:  1.2215799713134765 reward_loss:  -61.07898712158203
epoch:  10 batch:  80 region_loss:  10.0 10.0 loc_loss:  1.2625216674804687 reward_loss:  -63.1260871887207
epoch:  10 batch:  90 region_loss:  6.0 6.0 loc_loss:  0.7702175903320313 reward_loss:  -38.51090621948242
epoch:  10 batch:  100 region_loss:  8.0 8.0 loc_loss:  0.961363296508789 reward_loss:  -48.06815719604492
epoch:  10 batch:  110 region_loss:  4.0 4.0 loc_loss:  0.5388811111450196 reward_loss:  -26.94405174255371
epoch:  10 batch:  120 region_loss:  5.0 5.0 loc_loss:  0.6319443893432617 reward_loss:  -31.597213745117188
epoch:  10 batch:  130 region_loss:  7.0 7.0 loc_loss:  0.9051718139648437 reward_loss:  -45.258567810058594
acc@1:  0.12605832549388524
epoch: 10 region loss 0.17051094890510948 loc loss 1.0370048871005537 reward loss -51.85024577509748
epoch:  11 batch:  0 region_loss:  10.0 10.0 loc_loss:  1.2027317047119142 reward_loss:  -60.1365852355957
epoch:  11 batch:  10 region_loss:  10.0 10.0 loc_loss:  1.201343994140625 reward_loss:  -60.06719207763672
epoch:  11 batch:  20 region_loss:  10.0 10.0 loc_loss:  1.1037132263183593 reward_loss:  -55.1856689453125
epoch:  11 batch:  30 region_loss:  10.0 10.0 loc_loss:  1.1910189819335937 reward_loss:  -59.55093765258789
epoch:  11 batch:  40 region_loss:  10.0 10.0 loc_loss:  1.2182523345947265 reward_loss:  -60.91261672973633
epoch:  11 batch:  50 region_loss:  10.0 10.0 loc_loss:  1.1715845489501953 reward_loss:  -58.5792236328125
epoch:  11 batch:  60 region_loss:  10.0 10.0 loc_loss:  1.1994894409179688 reward_loss:  -59.97447967529297
epoch:  11 batch:  70 region_loss:  10.0 10.0 loc_loss:  1.1497853088378907 reward_loss:  -57.48822784423828
epoch:  11 batch:  80 region_loss:  10.0 10.0 loc_loss:  1.2031974792480469 reward_loss:  -60.15986633300781
epoch:  11 batch:  90 region_loss:  6.0 6.0 loc_loss:  0.7355754089355468 reward_loss:  -36.77877426147461
epoch:  11 batch:  100 region_loss:  8.0 8.0 loc_loss:  0.9064512634277344 reward_loss:  -45.322566986083984
epoch:  11 batch:  110 region_loss:  4.0 4.0 loc_loss:  0.5159840011596679 reward_loss:  -25.799205780029297
epoch:  11 batch:  120 region_loss:  5.0 5.0 loc_loss:  0.5990753173828125 reward_loss:  -29.953763961791992
epoch:  11 batch:  130 region_loss:  7.0 7.0 loc_loss:  0.8625802612304687 reward_loss:  -43.12901306152344
acc@1:  0.13123236124176857
epoch: 11 region loss 0.17051094890510948 loc loss 0.9809645514940694 reward loss -49.04821103506715
epoch:  12 batch:  0 region_loss:  10.0 10.0 loc_loss:  1.133115234375 reward_loss:  -56.6557502746582
epoch:  12 batch:  10 region_loss:  10.0 10.0 loc_loss:  1.1342538452148438 reward_loss:  -56.71269226074219
epoch:  12 batch:  20 region_loss:  10.0 10.0 loc_loss:  1.0352670288085937 reward_loss:  -51.76335906982422
epoch:  12 batch:  30 region_loss:  10.0 10.0 loc_loss:  1.1191986083984375 reward_loss:  -55.959922790527344
epoch:  12 batch:  40 region_loss:  10.0 10.0 loc_loss:  1.1659467315673828 reward_loss:  -58.297340393066406
epoch:  12 batch:  50 region_loss:  10.0 10.0 loc_loss:  1.0990892028808594 reward_loss:  -54.954490661621094
epoch:  12 batch:  60 region_loss:  10.0 10.0 loc_loss:  1.1382516479492188 reward_loss:  -56.912559509277344
epoch:  12 batch:  70 region_loss:  10.0 10.0 loc_loss:  1.0818043518066407 reward_loss:  -54.09021759033203
epoch:  12 batch:  80 region_loss:  10.0 10.0 loc_loss:  1.1471731567382812 reward_loss:  -57.358734130859375
epoch:  12 batch:  90 region_loss:  6.0 6.0 loc_loss:  0.7018994140625 reward_loss:  -35.094947814941406
epoch:  12 batch:  100 region_loss:  8.0 8.0 loc_loss:  0.8548486328125 reward_loss:  -42.742431640625
epoch:  12 batch:  110 region_loss:  4.0 4.0 loc_loss:  0.4928948974609375 reward_loss:  -24.644746780395508
epoch:  12 batch:  120 region_loss:  5.0 5.0 loc_loss:  0.5672827911376953 reward_loss:  -28.3641357421875
epoch:  12 batch:  130 region_loss:  7.0 7.0 loc_loss:  0.8212937927246093 reward_loss:  -41.0646858215332
acc@1:  0.13405456255879586
epoch: 12 region loss 0.17051094890510948 loc loss 0.9276657096138835 reward loss -46.38328671977468
epoch:  13 batch:  0 region_loss:  10.0 10.0 loc_loss:  1.0668751525878906 reward_loss:  -53.34375762939453
epoch:  13 batch:  10 region_loss:  10.0 10.0 loc_loss:  1.0713684844970703 reward_loss:  -53.568416595458984
epoch:  13 batch:  20 region_loss:  10.0 10.0 loc_loss:  0.9709581756591796 reward_loss:  -48.54792022705078
epoch:  13 batch:  30 region_loss:  10.0 10.0 loc_loss:  1.049836196899414 reward_loss:  -52.49181365966797
epoch:  13 batch:  40 region_loss:  10.0 10.0 loc_loss:  1.1152186584472656 reward_loss:  -55.760929107666016
epoch:  13 batch:  50 region_loss:  10.0 10.0 loc_loss:  1.0312136840820312 reward_loss:  -51.56068801879883
epoch:  13 batch:  60 region_loss:  10.0 10.0 loc_loss:  1.079527359008789 reward_loss:  -53.97632598876953
epoch:  13 batch:  70 region_loss:  10.0 10.0 loc_loss:  1.019383316040039 reward_loss:  -50.96916961669922
epoch:  13 batch:  80 region_loss:  10.0 10.0 loc_loss:  1.0944010162353515 reward_loss:  -54.720054626464844
epoch:  13 batch:  90 region_loss:  6.0 6.0 loc_loss:  0.6695906829833984 reward_loss:  -33.47954559326172
epoch:  13 batch:  100 region_loss:  8.0 8.0 loc_loss:  0.8072277069091797 reward_loss:  -40.36064910888672
epoch:  13 batch:  110 region_loss:  4.0 4.0 loc_loss:  0.469970703125 reward_loss:  -23.49853515625
epoch:  13 batch:  120 region_loss:  5.0 5.0 loc_loss:  0.5370052337646485 reward_loss:  -26.850261688232422
epoch:  13 batch:  130 region_loss:  7.0 7.0 loc_loss:  0.7817575073242188 reward_loss:  -39.0878791809082
acc@1:  0.1425211665098777
epoch: 13 region loss 0.17051094890510948 loc loss 0.8777617597928012 reward loss -43.88808024886751
epoch:  14 batch:  0 region_loss:  10.0 10.0 loc_loss:  1.0053529357910156 reward_loss:  -50.267635345458984
epoch:  14 batch:  10 region_loss:  10.0 10.0 loc_loss:  1.0132866668701173 reward_loss:  -50.66432571411133
epoch:  14 batch:  20 region_loss:  10.0 10.0 loc_loss:  0.9119684600830078 reward_loss:  -45.59839630126953
epoch:  14 batch:  30 region_loss:  10.0 10.0 loc_loss:  0.9849429321289063 reward_loss:  -49.247108459472656
epoch:  14 batch:  40 region_loss:  10.0 10.0 loc_loss:  1.0665412902832032 reward_loss:  -53.32706069946289
epoch:  14 batch:  50 region_loss:  10.0 10.0 loc_loss:  0.9692520141601563 reward_loss:  -48.46259307861328
epoch:  14 batch:  60 region_loss:  10.0 10.0 loc_loss:  1.0238372039794923 reward_loss:  -51.191856384277344
epoch:  14 batch:  70 region_loss:  10.0 10.0 loc_loss:  0.9626856994628906 reward_loss:  -48.1342658996582
epoch:  14 batch:  80 region_loss:  10.0 10.0 loc_loss:  1.0444803619384766 reward_loss:  -52.224021911621094
epoch:  14 batch:  90 region_loss:  6.0 6.0 loc_loss:  0.6389312744140625 reward_loss:  -31.946561813354492
epoch:  14 batch:  100 region_loss:  8.0 8.0 loc_loss:  0.7637835693359375 reward_loss:  -38.189170837402344
epoch:  14 batch:  110 region_loss:  4.0 4.0 loc_loss:  0.4474636077880859 reward_loss:  -22.3731689453125
epoch:  14 batch:  120 region_loss:  5.0 5.0 loc_loss:  0.5081672286987304 reward_loss:  -25.408363342285156
epoch:  14 batch:  130 region_loss:  7.0 7.0 loc_loss:  0.7444886779785156 reward_loss:  -37.22443389892578
acc@1:  0.14487300094073377
epoch: 14 region loss 0.17051094890510948 loc loss 0.8315583904294201 reward loss -41.57791793433419
epoch:  15 batch:  0 region_loss:  10.0 10.0 loc_loss:  0.9492596435546875 reward_loss:  -47.46299743652344
epoch:  15 batch:  10 region_loss:  10.0 10.0 loc_loss:  0.9601068878173828 reward_loss:  -48.00533676147461
epoch:  15 batch:  20 region_loss:  10.0 10.0 loc_loss:  0.8589813232421875 reward_loss:  -42.94906234741211
epoch:  15 batch:  30 region_loss:  10.0 10.0 loc_loss:  0.9260138702392579 reward_loss:  -46.30070877075195
epoch:  15 batch:  40 region_loss:  10.0 10.0 loc_loss:  1.0206791687011718 reward_loss:  -51.03395080566406
epoch:  15 batch:  50 region_loss:  10.0 10.0 loc_loss:  0.9131640625 reward_loss:  -45.658199310302734
epoch:  15 batch:  60 region_loss:  10.0 10.0 loc_loss:  0.971617202758789 reward_loss:  -48.580848693847656
epoch:  15 batch:  70 region_loss:  10.0 10.0 loc_loss:  0.9113383483886719 reward_loss:  -45.566917419433594
epoch:  15 batch:  80 region_loss:  10.0 10.0 loc_loss:  0.9972967529296874 reward_loss:  -49.86483383178711
epoch:  15 batch:  90 region_loss:  6.0 6.0 loc_loss:  0.6098905944824219 reward_loss:  -30.494522094726562
epoch:  15 batch:  100 region_loss:  8.0 8.0 loc_loss:  0.7243080139160156 reward_loss:  -36.215396881103516
epoch:  15 batch:  110 region_loss:  4.0 4.0 loc_loss:  0.4257264709472656 reward_loss:  -21.28632926940918
epoch:  15 batch:  120 region_loss:  5.0 5.0 loc_loss:  0.4809554672241211 reward_loss:  -24.04775619506836
epoch:  15 batch:  130 region_loss:  7.0 7.0 loc_loss:  0.7094263458251953 reward_loss:  -35.47132110595703
acc@1:  0.14722483537158984
epoch: 15 region loss 0.17051094890510948 loc loss 0.7890781324623275 reward loss -39.453908265942204
epoch:  16 batch:  0 region_loss:  10.0 10.0 loc_loss:  0.8981517028808593 reward_loss:  -44.9075927734375
epoch:  16 batch:  10 region_loss:  10.0 10.0 loc_loss:  0.9115211486816406 reward_loss:  -45.57605743408203
epoch:  16 batch:  20 region_loss:  10.0 10.0 loc_loss:  0.8119309234619141 reward_loss:  -40.59659194946289
epoch:  16 batch:  30 region_loss:  10.0 10.0 loc_loss:  0.8732123565673828 reward_loss:  -43.660614013671875
epoch:  16 batch:  40 region_loss:  10.0 10.0 loc_loss:  0.9779925537109375 reward_loss:  -48.899627685546875
epoch:  16 batch:  50 region_loss:  10.0 10.0 loc_loss:  0.8627145385742188 reward_loss:  -43.13572311401367
epoch:  16 batch:  60 region_loss:  10.0 10.0 loc_loss:  0.9227909851074219 reward_loss:  -46.13954544067383
epoch:  16 batch:  70 region_loss:  10.0 10.0 loc_loss:  0.8644705200195313 reward_loss:  -43.2235107421875
epoch:  16 batch:  80 region_loss:  10.0 10.0 loc_loss:  0.9528006744384766 reward_loss:  -47.64003372192383
epoch:  16 batch:  90 region_loss:  6.0 6.0 loc_loss:  0.5825014877319336 reward_loss:  -29.125078201293945
epoch:  16 batch:  100 region_loss:  8.0 8.0 loc_loss:  0.6884375 reward_loss:  -34.421875
epoch:  16 batch:  110 region_loss:  4.0 4.0 loc_loss:  0.40488597869873044 reward_loss:  -20.244300842285156
epoch:  16 batch:  120 region_loss:  5.0 5.0 loc_loss:  0.455029296875 reward_loss:  -22.75146484375
epoch:  16 batch:  130 region_loss:  7.0 7.0 loc_loss:  0.6767223358154297 reward_loss:  -33.83610153198242
acc@1:  0.14816556914393228
epoch: 16 region loss 0.17051094890510948 loc loss 0.7500897506379733 reward loss -37.50448581946157
epoch:  17 batch:  0 region_loss:  10.0 10.0 loc_loss:  0.8517926025390625 reward_loss:  -42.58962631225586
epoch:  17 batch:  10 region_loss:  10.0 10.0 loc_loss:  0.8670929718017578 reward_loss:  -43.354652404785156
epoch:  17 batch:  20 region_loss:  10.0 10.0 loc_loss:  0.7701917266845704 reward_loss:  -38.509586334228516
epoch:  17 batch:  30 region_loss:  10.0 10.0 loc_loss:  0.8257767486572266 reward_loss:  -41.28885269165039
epoch:  17 batch:  40 region_loss:  10.0 10.0 loc_loss:  0.9385636901855469 reward_loss:  -46.92818832397461
epoch:  17 batch:  50 region_loss:  10.0 10.0 loc_loss:  0.8171400451660156 reward_loss:  -40.85700225830078
epoch:  17 batch:  60 region_loss:  10.0 10.0 loc_loss:  0.8769269561767579 reward_loss:  -43.846351623535156
epoch:  17 batch:  70 region_loss:  10.0 10.0 loc_loss:  0.8214547729492188 reward_loss:  -41.072731018066406
epoch:  17 batch:  80 region_loss:  10.0 10.0 loc_loss:  0.9107683563232422 reward_loss:  -45.538414001464844
epoch:  17 batch:  90 region_loss:  6.0 6.0 loc_loss:  0.5566506195068359 reward_loss:  -27.832530975341797
epoch:  17 batch:  100 region_loss:  8.0 8.0 loc_loss:  0.6557617950439453 reward_loss:  -32.78809356689453
epoch:  17 batch:  110 region_loss:  4.0 4.0 loc_loss:  0.38503440856933596 reward_loss:  -19.251718521118164
epoch:  17 batch:  120 region_loss:  5.0 5.0 loc_loss:  0.4305167388916016 reward_loss:  -21.525835037231445
epoch:  17 batch:  130 region_loss:  7.0 7.0 loc_loss:  0.6460411071777343 reward_loss:  -32.30206298828125
acc@1:  0.1462841015992474
epoch: 17 region loss 0.17051094890510948 loc loss 0.714267067317545 reward loss -35.71335260711447
epoch:  18 batch:  0 region_loss:  10.0 10.0 loc_loss:  0.8092469024658203 reward_loss:  -40.46235656738281
epoch:  18 batch:  10 region_loss:  10.0 10.0 loc_loss:  0.826434097290039 reward_loss:  -41.32170104980469
epoch:  18 batch:  20 region_loss:  10.0 10.0 loc_loss:  0.732962646484375 reward_loss:  -36.648136138916016
epoch:  18 batch:  30 region_loss:  10.0 10.0 loc_loss:  0.7827397918701172 reward_loss:  -39.136985778808594
epoch:  18 batch:  40 region_loss:  10.0 10.0 loc_loss:  0.9020425415039063 reward_loss:  -45.10212707519531
epoch:  18 batch:  50 region_loss:  10.0 10.0 loc_loss:  0.7757957458496094 reward_loss:  -38.78978729248047
epoch:  18 batch:  60 region_loss:  10.0 10.0 loc_loss:  0.8337667846679687 reward_loss:  -41.6883430480957
epoch:  18 batch:  70 region_loss:  10.0 10.0 loc_loss:  0.7819278717041016 reward_loss:  -39.09638977050781
epoch:  18 batch:  80 region_loss:  10.0 10.0 loc_loss:  0.871096420288086 reward_loss:  -43.5548210144043
epoch:  18 batch:  90 region_loss:  6.0 6.0 loc_loss:  0.5320901870727539 reward_loss:  -26.604509353637695
epoch:  18 batch:  100 region_loss:  8.0 8.0 loc_loss:  0.6254782867431641 reward_loss:  -31.273914337158203
epoch:  18 batch:  110 region_loss:  4.0 4.0 loc_loss:  0.3661239242553711 reward_loss:  -18.306203842163086
epoch:  18 batch:  120 region_loss:  5.0 5.0 loc_loss:  0.4073047256469727 reward_loss:  -20.365234375
epoch:  18 batch:  130 region_loss:  7.0 7.0 loc_loss:  0.6172393035888671 reward_loss:  -30.86196517944336
acc@1:  0.145343367826905
epoch: 18 region loss 0.17051094890510948 loc loss 0.6812019002872662 reward loss -34.06009371263267
epoch:  19 batch:  0 region_loss:  10.0 10.0 loc_loss:  0.7700321960449219 reward_loss:  -38.501617431640625
epoch:  19 batch:  10 region_loss:  10.0 10.0 loc_loss:  0.7890227508544921 reward_loss:  -39.45112991333008
epoch:  19 batch:  20 region_loss:  10.0 10.0 loc_loss:  0.6995653533935546 reward_loss:  -34.97826385498047
epoch:  19 batch:  30 region_loss:  10.0 10.0 loc_loss:  0.7433776092529297 reward_loss:  -37.168880462646484
epoch:  19 batch:  40 region_loss:  10.0 10.0 loc_loss:  0.8681417846679688 reward_loss:  -43.40708923339844
epoch:  19 batch:  50 region_loss:  10.0 10.0 loc_loss:  0.738141860961914 reward_loss:  -36.90708923339844
epoch:  19 batch:  60 region_loss:  10.0 10.0 loc_loss:  0.792919921875 reward_loss:  -39.645999908447266
epoch:  19 batch:  70 region_loss:  10.0 10.0 loc_loss:  0.745359878540039 reward_loss:  -37.26799392700195
epoch:  19 batch:  80 region_loss:  10.0 10.0 loc_loss:  0.8333861541748047 reward_loss:  -41.6693115234375
epoch:  19 batch:  90 region_loss:  6.0 6.0 loc_loss:  0.5087819290161133 reward_loss:  -25.43909454345703
epoch:  19 batch:  100 region_loss:  8.0 8.0 loc_loss:  0.5972415542602539 reward_loss:  -29.86208152770996
epoch:  19 batch:  110 region_loss:  4.0 4.0 loc_loss:  0.34810245513916016 reward_loss:  -17.405122756958008
epoch:  19 batch:  120 region_loss:  5.0 5.0 loc_loss:  0.3852971649169922 reward_loss:  -19.264860153198242
epoch:  19 batch:  130 region_loss:  7.0 7.0 loc_loss:  0.5901287078857422 reward_loss:  -29.506433486938477
acc@1:  0.1425211665098777
epoch: 19 region loss 0.17051094890510948 loc loss 0.6505008785219958 reward loss -32.52504077967066
epoch:  20 batch:  0 region_loss:  10.0 10.0 loc_loss:  0.7335174560546875 reward_loss:  -36.675872802734375
epoch:  20 batch:  10 region_loss:  10.0 10.0 loc_loss:  0.7543452453613281 reward_loss:  -37.717262268066406
epoch:  20 batch:  20 region_loss:  10.0 10.0 loc_loss:  0.6691817474365235 reward_loss:  -33.4591064453125
epoch:  20 batch:  30 region_loss:  10.0 10.0 loc_loss:  0.7070932006835937 reward_loss:  -35.35466003417969
epoch:  20 batch:  40 region_loss:  10.0 10.0 loc_loss:  0.8361737823486328 reward_loss:  -41.808677673339844
epoch:  20 batch:  50 region_loss:  10.0 10.0 loc_loss:  0.7034880065917969 reward_loss:  -35.174400329589844
epoch:  20 batch:  60 region_loss:  10.0 10.0 loc_loss:  0.754300308227539 reward_loss:  -37.71501922607422
epoch:  20 batch:  70 region_loss:  10.0 10.0 loc_loss:  0.7112578582763672 reward_loss:  -35.56288528442383
epoch:  20 batch:  80 region_loss:  10.0 10.0 loc_loss:  0.7974090576171875 reward_loss:  -39.870452880859375
epoch:  20 batch:  90 region_loss:  6.0 6.0 loc_loss:  0.48649173736572265 reward_loss:  -24.324586868286133
epoch:  20 batch:  100 region_loss:  8.0 8.0 loc_loss:  0.5707554244995117 reward_loss:  -28.537765502929688
epoch:  20 batch:  110 region_loss:  4.0 4.0 loc_loss:  0.33086700439453126 reward_loss:  -16.543350219726562
epoch:  20 batch:  120 region_loss:  5.0 5.0 loc_loss:  0.36439128875732424 reward_loss:  -18.219562530517578
epoch:  20 batch:  130 region_loss:  7.0 7.0 loc_loss:  0.5643848419189453 reward_loss:  -28.219226837158203
acc@1:  0.1425211665098777
epoch: 20 region loss 0.17051094890510948 loc loss 0.6218155551826867 reward loss -31.09077715351634
epoch:  21 batch:  0 region_loss:  10.0 10.0 loc_loss:  0.6994464874267579 reward_loss:  -34.97232437133789
epoch:  21 batch:  10 region_loss:  10.0 10.0 loc_loss:  0.7220503997802734 reward_loss:  -36.10251998901367
epoch:  21 batch:  20 region_loss:  10.0 10.0 loc_loss:  0.6413410186767579 reward_loss:  -32.06705856323242
epoch:  21 batch:  30 region_loss:  10.0 10.0 loc_loss:  0.6735009765625 reward_loss:  -33.675052642822266
epoch:  21 batch:  40 region_loss:  10.0 10.0 loc_loss:  0.8058927917480468 reward_loss:  -40.29463195800781
epoch:  21 batch:  50 region_loss:  10.0 10.0 loc_loss:  0.6715772247314453 reward_loss:  -33.578861236572266
epoch:  21 batch:  60 region_loss:  10.0 10.0 loc_loss:  0.7176249694824218 reward_loss:  -35.881248474121094
epoch:  21 batch:  70 region_loss:  10.0 10.0 loc_loss:  0.6794453430175781 reward_loss:  -33.972267150878906
epoch:  21 batch:  80 region_loss:  10.0 10.0 loc_loss:  0.7629322052001953 reward_loss:  -38.146602630615234
epoch:  21 batch:  90 region_loss:  6.0 6.0 loc_loss:  0.46516536712646483 reward_loss:  -23.258268356323242
epoch:  21 batch:  100 region_loss:  8.0 8.0 loc_loss:  0.5455996704101562 reward_loss:  -27.279970169067383
epoch:  21 batch:  110 region_loss:  4.0 4.0 loc_loss:  0.3143765640258789 reward_loss:  -15.718828201293945
epoch:  21 batch:  120 region_loss:  5.0 5.0 loc_loss:  0.3447251892089844 reward_loss:  -17.236257553100586
epoch:  21 batch:  130 region_loss:  7.0 7.0 loc_loss:  0.5399825286865234 reward_loss:  -26.999128341674805
acc@1:  0.1415804327375353
epoch: 21 region loss 0.17051094890510948 loc loss 0.5948487922222945 reward loss -29.742439416203187
epoch:  22 batch:  0 region_loss:  10.0 10.0 loc_loss:  0.6673406219482422 reward_loss:  -33.36702346801758
epoch:  22 batch:  10 region_loss:  10.0 10.0 loc_loss:  0.6917608642578125 reward_loss:  -34.58804702758789
epoch:  22 batch:  20 region_loss:  10.0 10.0 loc_loss:  0.6154209518432617 reward_loss:  -30.771045684814453
epoch:  22 batch:  30 region_loss:  10.0 10.0 loc_loss:  0.6421514892578125 reward_loss:  -32.107574462890625
epoch:  22 batch:  40 region_loss:  10.0 10.0 loc_loss:  0.7767578887939454 reward_loss:  -38.837894439697266
epoch:  22 batch:  50 region_loss:  10.0 10.0 loc_loss:  0.6420378112792968 reward_loss:  -32.101890563964844
epoch:  22 batch:  60 region_loss:  10.0 10.0 loc_loss:  0.6829553985595703 reward_loss:  -34.147769927978516
epoch:  22 batch:  70 region_loss:  10.0 10.0 loc_loss:  0.6494936370849609 reward_loss:  -32.47468185424805
epoch:  22 batch:  80 region_loss:  10.0 10.0 loc_loss:  0.7298032379150391 reward_loss:  -36.49015808105469
epoch:  22 batch:  90 region_loss:  6.0 6.0 loc_loss:  0.44466415405273435 reward_loss:  -22.23320960998535
epoch:  22 batch:  100 region_loss:  8.0 8.0 loc_loss:  0.5216708374023438 reward_loss:  -26.083541870117188
epoch:  22 batch:  110 region_loss:  4.0 4.0 loc_loss:  0.29862174987792967 reward_loss:  -14.931085586547852
epoch:  22 batch:  120 region_loss:  5.0 5.0 loc_loss:  0.32610565185546875 reward_loss:  -16.305280685424805
epoch:  22 batch:  130 region_loss:  7.0 7.0 loc_loss:  0.5164966583251953 reward_loss:  -25.8248348236084
acc@1:  0.14205079962370648
epoch: 22 region loss 0.17051094890510948 loc loss 0.5693427882229325 reward loss -28.467135711307943
epoch:  23 batch:  0 region_loss:  10.0 10.0 loc_loss:  0.637005844116211 reward_loss:  -31.85028839111328
epoch:  23 batch:  10 region_loss:  10.0 10.0 loc_loss:  0.6631475067138672 reward_loss:  -33.15737533569336
epoch:  23 batch:  20 region_loss:  10.0 10.0 loc_loss:  0.5911464691162109 reward_loss:  -29.557323455810547
epoch:  23 batch:  30 region_loss:  10.0 10.0 loc_loss:  0.6127682495117187 reward_loss:  -30.638412475585938
epoch:  23 batch:  40 region_loss:  10.0 10.0 loc_loss:  0.7487796783447266 reward_loss:  -37.43898010253906
epoch:  23 batch:  50 region_loss:  10.0 10.0 loc_loss:  0.6142604064941406 reward_loss:  -30.713016510009766
epoch:  23 batch:  60 region_loss:  10.0 10.0 loc_loss:  0.6501914978027343 reward_loss:  -32.50957489013672
epoch:  23 batch:  70 region_loss:  10.0 10.0 loc_loss:  0.6212260437011718 reward_loss:  -31.061302185058594
epoch:  23 batch:  80 region_loss:  10.0 10.0 loc_loss:  0.6980020904541016 reward_loss:  -34.900108337402344
epoch:  23 batch:  90 region_loss:  6.0 6.0 loc_loss:  0.42498069763183594 reward_loss:  -21.249032974243164
epoch:  23 batch:  100 region_loss:  8.0 8.0 loc_loss:  0.4986005401611328 reward_loss:  -24.930028915405273
epoch:  23 batch:  110 region_loss:  4.0 4.0 loc_loss:  0.28356826782226563 reward_loss:  -14.178443908691406
epoch:  23 batch:  120 region_loss:  5.0 5.0 loc_loss:  0.30852033615112306 reward_loss:  -15.426016807556152
epoch:  23 batch:  130 region_loss:  7.0 7.0 loc_loss:  0.4939324569702148 reward_loss:  -24.69662094116211
acc@1:  0.14063969896519285
epoch: 23 region loss 0.17051094890510948 loc loss 0.545102780613586 reward loss -27.255138908859585
epoch:  24 batch:  0 region_loss:  10.0 10.0 loc_loss:  0.608139762878418 reward_loss:  -30.40699005126953
epoch:  24 batch:  10 region_loss:  10.0 10.0 loc_loss:  0.6359886932373047 reward_loss:  -31.7994327545166
epoch:  24 batch:  20 region_loss:  10.0 10.0 loc_loss:  0.568253173828125 reward_loss:  -28.412656784057617
epoch:  24 batch:  30 region_loss:  10.0 10.0 loc_loss:  0.5850340270996094 reward_loss:  -29.251697540283203
epoch:  24 batch:  40 region_loss:  10.0 10.0 loc_loss:  0.7216677093505859 reward_loss:  -36.0833854675293
epoch:  24 batch:  50 region_loss:  10.0 10.0 loc_loss:  0.5882507705688477 reward_loss:  -29.412538528442383
epoch:  24 batch:  60 region_loss:  10.0 10.0 loc_loss:  0.619107894897461 reward_loss:  -30.95539665222168
epoch:  24 batch:  70 region_loss:  10.0 10.0 loc_loss:  0.5943258285522461 reward_loss:  -29.716285705566406
epoch:  24 batch:  80 region_loss:  10.0 10.0 loc_loss:  0.6672686004638672 reward_loss:  -33.36343002319336
epoch:  24 batch:  90 region_loss:  6.0 6.0 loc_loss:  0.4059918975830078 reward_loss:  -20.29959487915039
epoch:  24 batch:  100 region_loss:  8.0 8.0 loc_loss:  0.47644237518310545 reward_loss:  -23.822118759155273
epoch:  24 batch:  110 region_loss:  4.0 4.0 loc_loss:  0.26916851043701173 reward_loss:  -13.458427429199219
epoch:  24 batch:  120 region_loss:  5.0 5.0 loc_loss:  0.29185052871704104 reward_loss:  -14.592524528503418
epoch:  24 batch:  130 region_loss:  7.0 7.0 loc_loss:  0.4721024322509766 reward_loss:  -23.60511016845703
acc@1:  0.1415804327375353
epoch: 24 region loss 0.17051094890510948 loc loss 0.5219617405773079 reward loss -26.0980848535134
epoch:  25 batch:  0 region_loss:  10.0 10.0 loc_loss:  0.5805767440795898 reward_loss:  -29.028839111328125
epoch:  25 batch:  10 region_loss:  10.0 10.0 loc_loss:  0.6099649810791016 reward_loss:  -30.498247146606445
epoch:  25 batch:  20 region_loss:  10.0 10.0 loc_loss:  0.5464681243896484 reward_loss:  -27.323402404785156
epoch:  25 batch:  30 region_loss:  10.0 10.0 loc_loss:  0.5586135864257813 reward_loss:  -27.930679321289062
epoch:  25 batch:  40 region_loss:  10.0 10.0 loc_loss:  0.6953620910644531 reward_loss:  -34.76810073852539
epoch:  25 batch:  50 region_loss:  10.0 10.0 loc_loss:  0.5635768890380859 reward_loss:  -28.17884635925293
epoch:  25 batch:  60 region_loss:  10.0 10.0 loc_loss:  0.5896723175048828 reward_loss:  -29.48361587524414
epoch:  25 batch:  70 region_loss:  10.0 10.0 loc_loss:  0.5688241958618164 reward_loss:  -28.441205978393555
epoch:  25 batch:  80 region_loss:  10.0 10.0 loc_loss:  0.6376465225219726 reward_loss:  -31.88232421875
epoch:  25 batch:  90 region_loss:  6.0 6.0 loc_loss:  0.3876527404785156 reward_loss:  -19.382638931274414
epoch:  25 batch:  100 region_loss:  8.0 8.0 loc_loss:  0.4549716567993164 reward_loss:  -22.748584747314453
epoch:  25 batch:  110 region_loss:  4.0 4.0 loc_loss:  0.2553669738769531 reward_loss:  -12.768346786499023
epoch:  25 batch:  120 region_loss:  5.0 5.0 loc_loss:  0.2760487747192383 reward_loss:  -13.802437782287598
epoch:  25 batch:  130 region_loss:  7.0 7.0 loc_loss:  0.4509712219238281 reward_loss:  -22.548561096191406
acc@1:  0.13922859830667922
epoch: 25 region loss 0.17051094890510948 loc loss 0.4997818836852582 reward loss -24.989093126171696
epoch:  26 batch:  0 region_loss:  10.0 10.0 loc_loss:  0.554233283996582 reward_loss:  -27.7116641998291
epoch:  26 batch:  10 region_loss:  10.0 10.0 loc_loss:  0.5850545501708985 reward_loss:  -29.252727508544922
epoch:  26 batch:  20 region_loss:  10.0 10.0 loc_loss:  0.5256099319458007 reward_loss:  -26.280498504638672
epoch:  26 batch:  30 region_loss:  10.0 10.0 loc_loss:  0.5334371566772461 reward_loss:  -26.671863555908203
epoch:  26 batch:  40 region_loss:  10.0 10.0 loc_loss:  0.66962890625 reward_loss:  -33.4814453125
epoch:  26 batch:  50 region_loss:  10.0 10.0 loc_loss:  0.5400850296020507 reward_loss:  -27.004253387451172
epoch:  26 batch:  60 region_loss:  10.0 10.0 loc_loss:  0.5616349792480468 reward_loss:  -28.081745147705078
epoch:  26 batch:  70 region_loss:  10.0 10.0 loc_loss:  0.5443955612182617 reward_loss:  -27.219776153564453
epoch:  26 batch:  80 region_loss:  10.0 10.0 loc_loss:  0.608942985534668 reward_loss:  -30.4471492767334
epoch:  26 batch:  90 region_loss:  6.0 6.0 loc_loss:  0.3698679733276367 reward_loss:  -18.493398666381836
epoch:  26 batch:  100 region_loss:  8.0 8.0 loc_loss:  0.43430984497070313 reward_loss:  -21.715490341186523
epoch:  26 batch:  110 region_loss:  4.0 4.0 loc_loss:  0.24211767196655273 reward_loss:  -12.105883598327637
epoch:  26 batch:  120 region_loss:  5.0 5.0 loc_loss:  0.2610237693786621 reward_loss:  -13.051187515258789
epoch:  26 batch:  130 region_loss:  7.0 7.0 loc_loss:  0.4304941940307617 reward_loss:  -21.524709701538086
acc@1:  0.1359360301034807
epoch: 26 region loss 0.17051094890510948 loc loss 0.4784516540583033 reward loss -23.922574290393914
epoch:  27 batch:  0 region_loss:  10.0 10.0 loc_loss:  0.5289395141601563 reward_loss:  -26.446975708007812
epoch:  27 batch:  10 region_loss:  10.0 10.0 loc_loss:  0.5610270309448242 reward_loss:  -28.05135154724121
epoch:  27 batch:  20 region_loss:  10.0 10.0 loc_loss:  0.5055682373046875 reward_loss:  -25.278411865234375
epoch:  27 batch:  30 region_loss:  10.0 10.0 loc_loss:  0.5092270660400391 reward_loss:  -25.461353302001953
epoch:  27 batch:  40 region_loss:  10.0 10.0 loc_loss:  0.644560317993164 reward_loss:  -32.2280158996582
epoch:  27 batch:  50 region_loss:  10.0 10.0 loc_loss:  0.5175478744506836 reward_loss:  -25.877395629882812
epoch:  27 batch:  60 region_loss:  10.0 10.0 loc_loss:  0.5349180603027344 reward_loss:  -26.74590301513672
epoch:  27 batch:  70 region_loss:  10.0 10.0 loc_loss:  0.5209905242919922 reward_loss:  -26.049522399902344
epoch:  27 batch:  80 region_loss:  10.0 10.0 loc_loss:  0.5811389923095703 reward_loss:  -29.056949615478516
epoch:  27 batch:  90 region_loss:  6.0 6.0 loc_loss:  0.3526466369628906 reward_loss:  -17.632333755493164
epoch:  27 batch:  100 region_loss:  8.0 8.0 loc_loss:  0.41422927856445313 reward_loss:  -20.71146011352539
epoch:  27 batch:  110 region_loss:  4.0 4.0 loc_loss:  0.22940813064575194 reward_loss:  -11.470406532287598
epoch:  27 batch:  120 region_loss:  5.0 5.0 loc_loss:  0.24668588638305664 reward_loss:  -12.334295272827148
epoch:  27 batch:  130 region_loss:  7.0 7.0 loc_loss:  0.41065120697021484 reward_loss:  -20.532562255859375
acc@1:  0.132173095014111
epoch: 27 region loss 0.17051094890510948 loc loss 0.45786522343210934 reward loss -22.89326453034895
epoch:  28 batch:  0 region_loss:  10.0 10.0 loc_loss:  0.5046089935302734 reward_loss:  -25.230449676513672
epoch:  28 batch:  10 region_loss:  10.0 10.0 loc_loss:  0.5377573776245117 reward_loss:  -26.88787078857422
epoch:  28 batch:  20 region_loss:  10.0 10.0 loc_loss:  0.4861843872070313 reward_loss:  -24.309219360351562
epoch:  28 batch:  30 region_loss:  10.0 10.0 loc_loss:  0.48607372283935546 reward_loss:  -24.303686141967773
epoch:  28 batch:  40 region_loss:  10.0 10.0 loc_loss:  0.6199900817871093 reward_loss:  -30.999500274658203
epoch:  28 batch:  50 region_loss:  10.0 10.0 loc_loss:  0.49584255218505857 reward_loss:  -24.79212760925293
epoch:  28 batch:  60 region_loss:  10.0 10.0 loc_loss:  0.5093184661865234 reward_loss:  -25.465925216674805
epoch:  28 batch:  70 region_loss:  10.0 10.0 loc_loss:  0.49848190307617185 reward_loss:  -24.924095153808594
epoch:  28 batch:  80 region_loss:  10.0 10.0 loc_loss:  0.5540048217773438 reward_loss:  -27.700241088867188
epoch:  28 batch:  90 region_loss:  6.0 6.0 loc_loss:  0.3359512710571289 reward_loss:  -16.797563552856445
epoch:  28 batch:  100 region_loss:  8.0 8.0 loc_loss:  0.39478622436523436 reward_loss:  -19.739307403564453
epoch:  28 batch:  110 region_loss:  4.0 4.0 loc_loss:  0.21722183227539063 reward_loss:  -10.861091613769531
epoch:  28 batch:  120 region_loss:  5.0 5.0 loc_loss:  0.2330278205871582 reward_loss:  -11.651391983032227
epoch:  28 batch:  130 region_loss:  7.0 7.0 loc_loss:  0.3913086318969727 reward_loss:  -19.565431594848633
acc@1:  0.12982126058325494
epoch: 28 region loss 0.17051094890510948 loc loss 0.4379726585680551 reward loss -21.898633734153137
epoch:  29 batch:  0 region_loss:  10.0 10.0 loc_loss:  0.48118824005126953 reward_loss:  -24.059375762939453
epoch:  29 batch:  10 region_loss:  10.0 10.0 loc_loss:  0.5151874160766602 reward_loss:  -25.759370803833008
epoch:  29 batch:  20 region_loss:  10.0 10.0 loc_loss:  0.4675309753417969 reward_loss:  -23.376554489135742
epoch:  29 batch:  30 region_loss:  10.0 10.0 loc_loss:  0.46367618560791013 reward_loss:  -23.183807373046875
epoch:  29 batch:  40 region_loss:  10.0 10.0 loc_loss:  0.5959883880615234 reward_loss:  -29.799419403076172
epoch:  29 batch:  50 region_loss:  10.0 10.0 loc_loss:  0.4747710418701172 reward_loss:  -23.738555908203125
epoch:  29 batch:  60 region_loss:  10.0 10.0 loc_loss:  0.48475074768066406 reward_loss:  -24.23754119873047
epoch:  29 batch:  70 region_loss:  10.0 10.0 loc_loss:  0.47679943084716797 reward_loss:  -23.839969635009766
epoch:  29 batch:  80 region_loss:  10.0 10.0 loc_loss:  0.527700080871582 reward_loss:  -26.385005950927734
epoch:  29 batch:  90 region_loss:  6.0 6.0 loc_loss:  0.3196898651123047 reward_loss:  -15.984496116638184
epoch:  29 batch:  100 region_loss:  8.0 8.0 loc_loss:  0.3760014343261719 reward_loss:  -18.800073623657227
epoch:  29 batch:  110 region_loss:  4.0 4.0 loc_loss:  0.2054647445678711 reward_loss:  -10.273237228393555
epoch:  29 batch:  120 region_loss:  5.0 5.0 loc_loss:  0.21989721298217774 reward_loss:  -10.99485969543457
epoch:  29 batch:  130 region_loss:  7.0 7.0 loc_loss:  0.3724570083618164 reward_loss:  -18.62285041809082
acc@1:  0.1279397930385701
epoch: 29 region loss 0.17051094890510948 loc loss 0.4186912513649376 reward loss -20.934549488290383
epoch:  30 batch:  0 region_loss:  10.0 10.0 loc_loss:  0.45853118896484374 reward_loss:  -22.926555633544922
epoch:  30 batch:  10 region_loss:  10.0 10.0 loc_loss:  0.49333919525146486 reward_loss:  -24.666955947875977
epoch:  30 batch:  20 region_loss:  10.0 10.0 loc_loss:  0.4494451141357422 reward_loss:  -22.47225570678711
epoch:  30 batch:  30 region_loss:  10.0 10.0 loc_loss:  0.44195941925048826 reward_loss:  -22.097970962524414
epoch:  30 batch:  40 region_loss:  10.0 10.0 loc_loss:  0.5724935913085938 reward_loss:  -28.624679565429688
epoch:  30 batch:  50 region_loss:  10.0 10.0 loc_loss:  0.45432937622070313 reward_loss:  -22.71647071838379
epoch:  30 batch:  60 region_loss:  10.0 10.0 loc_loss:  0.4611083221435547 reward_loss:  -23.05542755126953
epoch:  30 batch:  70 region_loss:  10.0 10.0 loc_loss:  0.4557935333251953 reward_loss:  -22.789676666259766
epoch:  30 batch:  80 region_loss:  10.0 10.0 loc_loss:  0.502016487121582 reward_loss:  -25.100826263427734
epoch:  30 batch:  90 region_loss:  6.0 6.0 loc_loss:  0.3039390563964844 reward_loss:  -15.196952819824219
epoch:  30 batch:  100 region_loss:  8.0 8.0 loc_loss:  0.3577366638183594 reward_loss:  -17.886837005615234
epoch:  30 batch:  110 region_loss:  4.0 4.0 loc_loss:  0.19410444259643556 reward_loss:  -9.705223083496094
epoch:  30 batch:  120 region_loss:  5.0 5.0 loc_loss:  0.20730968475341796 reward_loss:  -10.365484237670898
epoch:  30 batch:  130 region_loss:  7.0 7.0 loc_loss:  0.35425434112548826 reward_loss:  -17.712718963623047
acc@1:  0.12558795860771402
epoch: 30 region loss 0.17051094890510948 loc loss 0.40002432913675795 reward loss -20.001215162068387
epoch:  31 batch:  0 region_loss:  10.0 10.0 loc_loss:  0.4366340255737305 reward_loss:  -21.83169937133789
epoch:  31 batch:  10 region_loss:  10.0 10.0 loc_loss:  0.47201248168945314 reward_loss:  -23.600627899169922
epoch:  31 batch:  20 region_loss:  10.0 10.0 loc_loss:  0.4318046569824219 reward_loss:  -21.590234756469727
epoch:  31 batch:  30 region_loss:  10.0 10.0 loc_loss:  0.42098743438720704 reward_loss:  -21.049373626708984
epoch:  31 batch:  40 region_loss:  10.0 10.0 loc_loss:  0.5494627380371093 reward_loss:  -27.4731388092041
epoch:  31 batch:  50 region_loss:  10.0 10.0 loc_loss:  0.4345334243774414 reward_loss:  -21.72667121887207
epoch:  31 batch:  60 region_loss:  10.0 10.0 loc_loss:  0.43822540283203126 reward_loss:  -21.911285400390625
epoch:  31 batch:  70 region_loss:  10.0 10.0 loc_loss:  0.4354781723022461 reward_loss:  -21.773910522460938
epoch:  31 batch:  80 region_loss:  10.0 10.0 loc_loss:  0.47712738037109376 reward_loss:  -23.856369018554688
epoch:  31 batch:  90 region_loss:  6.0 6.0 loc_loss:  0.28857925415039065 reward_loss:  -14.428960800170898
epoch:  31 batch:  100 region_loss:  8.0 8.0 loc_loss:  0.3400425338745117 reward_loss:  -17.002126693725586
epoch:  31 batch:  110 region_loss:  4.0 4.0 loc_loss:  0.1833024215698242 reward_loss:  -9.165121078491211
epoch:  31 batch:  120 region_loss:  5.0 5.0 loc_loss:  0.19517824172973633 reward_loss:  -9.75891399383545
epoch:  31 batch:  130 region_loss:  7.0 7.0 loc_loss:  0.33636428833007814 reward_loss:  -16.818214416503906
acc@1:  0.12417685794920037
epoch: 31 region loss 0.17051094890510948 loc loss 0.38191421237305134 reward loss -19.09571517470979
epoch:  32 batch:  0 region_loss:  10.0 10.0 loc_loss:  0.41549217224121093 reward_loss:  -20.77461051940918
epoch:  32 batch:  10 region_loss:  10.0 10.0 loc_loss:  0.4514296340942383 reward_loss:  -22.57147979736328
epoch:  32 batch:  20 region_loss:  10.0 10.0 loc_loss:  0.41470935821533206 reward_loss:  -20.73546600341797
epoch:  32 batch:  30 region_loss:  10.0 10.0 loc_loss:  0.4005714416503906 reward_loss:  -20.0285701751709
epoch:  32 batch:  40 region_loss:  10.0 10.0 loc_loss:  0.5267796325683594 reward_loss:  -26.33898162841797
epoch:  32 batch:  50 region_loss:  10.0 10.0 loc_loss:  0.4152322006225586 reward_loss:  -20.76161003112793
epoch:  32 batch:  60 region_loss:  10.0 10.0 loc_loss:  0.4162203979492187 reward_loss:  -20.811019897460938
epoch:  32 batch:  70 region_loss:  10.0 10.0 loc_loss:  0.41570846557617186 reward_loss:  -20.785423278808594
epoch:  32 batch:  80 region_loss:  10.0 10.0 loc_loss:  0.4526044845581055 reward_loss:  -22.630224227905273
epoch:  32 batch:  90 region_loss:  6.0 6.0 loc_loss:  0.2736531448364258 reward_loss:  -13.682657241821289
epoch:  32 batch:  100 region_loss:  8.0 8.0 loc_loss:  0.32289627075195315 reward_loss:  -16.144813537597656
epoch:  32 batch:  110 region_loss:  4.0 4.0 loc_loss:  0.17268482208251953 reward_loss:  -8.634241104125977
epoch:  32 batch:  120 region_loss:  5.0 5.0 loc_loss:  0.1836583709716797 reward_loss:  -9.182914733886719
epoch:  32 batch:  130 region_loss:  7.0 7.0 loc_loss:  0.31912616729736326 reward_loss:  -15.956308364868164
acc@1:  0.12276575729068674
epoch: 32 region loss 0.17051094890510948 loc loss 0.3643470152277146 reward loss -18.21735372160473
epoch:  33 batch:  0 region_loss:  10.0 10.0 loc_loss:  0.39494659423828127 reward_loss:  -19.747329711914062
epoch:  33 batch:  10 region_loss:  10.0 10.0 loc_loss:  0.431148567199707 reward_loss:  -21.55742835998535
epoch:  33 batch:  20 region_loss:  10.0 10.0 loc_loss:  0.3981050491333008 reward_loss:  -19.905254364013672
epoch:  33 batch:  30 region_loss:  10.0 10.0 loc_loss:  0.3809236526489258 reward_loss:  -19.04618263244629
epoch:  33 batch:  40 region_loss:  10.0 10.0 loc_loss:  0.5045869064331054 reward_loss:  -25.22934341430664
epoch:  33 batch:  50 region_loss:  10.0 10.0 loc_loss:  0.3965216064453125 reward_loss:  -19.826080322265625
epoch:  33 batch:  60 region_loss:  10.0 10.0 loc_loss:  0.3949378204345703 reward_loss:  -19.746891021728516
epoch:  33 batch:  70 region_loss:  10.0 10.0 loc_loss:  0.39647392272949217 reward_loss:  -19.82369613647461
epoch:  33 batch:  80 region_loss:  10.0 10.0 loc_loss:  0.428934211730957 reward_loss:  -21.44671058654785
epoch:  33 batch:  90 region_loss:  6.0 6.0 loc_loss:  0.25923397064208986 reward_loss:  -12.961697578430176
epoch:  33 batch:  100 region_loss:  8.0 8.0 loc_loss:  0.30636959075927733 reward_loss:  -15.318480491638184
epoch:  33 batch:  110 region_loss:  4.0 4.0 loc_loss:  0.16264574050903322 reward_loss:  -8.132287979125977
epoch:  33 batch:  120 region_loss:  5.0 5.0 loc_loss:  0.17254085540771485 reward_loss:  -8.627042770385742
epoch:  33 batch:  130 region_loss:  7.0 7.0 loc_loss:  0.3023394775390625 reward_loss:  -15.116974830627441
acc@1:  0.11994355597365945
epoch: 33 region loss 0.17051094890510948 loc loss 0.34716682917880315 reward loss -17.358337607696978
epoch:  34 batch:  0 region_loss:  10.0 10.0 loc_loss:  0.37508975982666015 reward_loss:  -18.754487991333008
epoch:  34 batch:  10 region_loss:  10.0 10.0 loc_loss:  0.4116987609863281 reward_loss:  -20.584936141967773
epoch:  34 batch:  20 region_loss:  10.0 10.0 loc_loss:  0.3818436813354492 reward_loss:  -19.09218406677246
epoch:  34 batch:  30 region_loss:  10.0 10.0 loc_loss:  0.361817626953125 reward_loss:  -18.090879440307617
epoch:  34 batch:  40 region_loss:  10.0 10.0 loc_loss:  0.48287879943847656 reward_loss:  -24.14394187927246
epoch:  34 batch:  50 region_loss:  10.0 10.0 loc_loss:  0.3781582260131836 reward_loss:  -18.90791130065918
epoch:  34 batch:  60 region_loss:  10.0 10.0 loc_loss:  0.3742870330810547 reward_loss:  -18.714351654052734
epoch:  34 batch:  70 region_loss:  10.0 10.0 loc_loss:  0.3779134750366211 reward_loss:  -18.895673751831055
epoch:  34 batch:  80 region_loss:  10.0 10.0 loc_loss:  0.405711669921875 reward_loss:  -20.28558349609375
epoch:  34 batch:  90 region_loss:  6.0 6.0 loc_loss:  0.24518390655517577 reward_loss:  -12.259193420410156
epoch:  34 batch:  100 region_loss:  8.0 8.0 loc_loss:  0.2903391647338867 reward_loss:  -14.51695728302002
epoch:  34 batch:  110 region_loss:  4.0 4.0 loc_loss:  0.15292309761047362 reward_loss:  -7.64615535736084
epoch:  34 batch:  120 region_loss:  5.0 5.0 loc_loss:  0.16199146270751952 reward_loss:  -8.099573135375977
epoch:  34 batch:  130 region_loss:  7.0 7.0 loc_loss:  0.28604190826416015 reward_loss:  -14.302096366882324
acc@1:  0.12229539040451552
epoch: 34 region loss 0.17051094890510948 loc loss 0.33054323405244923 reward loss -16.527162350007217
epoch:  35 batch:  0 region_loss:  10.0 10.0 loc_loss:  0.3558262634277344 reward_loss:  -17.791311264038086
epoch:  35 batch:  10 region_loss:  10.0 10.0 loc_loss:  0.3925688934326172 reward_loss:  -19.62844467163086
epoch:  35 batch:  20 region_loss:  10.0 10.0 loc_loss:  0.36615909576416017 reward_loss:  -18.307952880859375
epoch:  35 batch:  30 region_loss:  10.0 10.0 loc_loss:  0.3432320022583008 reward_loss:  -17.16160011291504
epoch:  35 batch:  40 region_loss:  10.0 10.0 loc_loss:  0.46146133422851565 reward_loss:  -23.07306671142578
epoch:  35 batch:  50 region_loss:  10.0 10.0 loc_loss:  0.36044097900390626 reward_loss:  -18.02204704284668
epoch:  35 batch:  60 region_loss:  10.0 10.0 loc_loss:  0.3544972991943359 reward_loss:  -17.72486686706543
epoch:  35 batch:  70 region_loss:  10.0 10.0 loc_loss:  0.35981727600097657 reward_loss:  -17.990863800048828
epoch:  35 batch:  80 region_loss:  10.0 10.0 loc_loss:  0.38340606689453127 reward_loss:  -19.170305252075195
epoch:  35 batch:  90 region_loss:  6.0 6.0 loc_loss:  0.23154605865478517 reward_loss:  -11.577301979064941
epoch:  35 batch:  100 region_loss:  8.0 8.0 loc_loss:  0.27489742279052737 reward_loss:  -13.744872093200684
epoch:  35 batch:  110 region_loss:  4.0 4.0 loc_loss:  0.14364437103271485 reward_loss:  -7.182216167449951
epoch:  35 batch:  120 region_loss:  5.0 5.0 loc_loss:  0.15184203147888184 reward_loss:  -7.59210205078125
epoch:  35 batch:  130 region_loss:  7.0 7.0 loc_loss:  0.27033802032470705 reward_loss:  -13.516900062561035
acc@1:  0.11712135465663218
epoch: 35 region loss 0.17051094890510948 loc loss 0.31439094160595077 reward loss -15.719548486445072
epoch:  36 batch:  0 region_loss:  10.0 10.0 loc_loss:  0.33721927642822264 reward_loss:  -16.8609619140625
epoch:  36 batch:  10 region_loss:  10.0 10.0 loc_loss:  0.3740085983276367 reward_loss:  -18.70043182373047
epoch:  36 batch:  20 region_loss:  10.0 10.0 loc_loss:  0.35068187713623045 reward_loss:  -17.53409194946289
epoch:  36 batch:  30 region_loss:  10.0 10.0 loc_loss:  0.3252075958251953 reward_loss:  -16.260379791259766
epoch:  36 batch:  40 region_loss:  10.0 10.0 loc_loss:  0.44057506561279297 reward_loss:  -22.028751373291016
epoch:  36 batch:  50 region_loss:  10.0 10.0 loc_loss:  0.3431698226928711 reward_loss:  -17.158493041992188
epoch:  36 batch:  60 region_loss:  10.0 10.0 loc_loss:  0.33518142700195314 reward_loss:  -16.759075164794922
epoch:  36 batch:  70 region_loss:  10.0 10.0 loc_loss:  0.3423582458496094 reward_loss:  -17.1179141998291
epoch:  36 batch:  80 region_loss:  10.0 10.0 loc_loss:  0.3615134811401367 reward_loss:  -18.075674057006836
epoch:  36 batch:  90 region_loss:  6.0 6.0 loc_loss:  0.2185045051574707 reward_loss:  -10.925225257873535
epoch:  36 batch:  100 region_loss:  8.0 8.0 loc_loss:  0.2600229644775391 reward_loss:  -13.00114917755127
epoch:  36 batch:  110 region_loss:  4.0 4.0 loc_loss:  0.13471076965332032 reward_loss:  -6.73553991317749
epoch:  36 batch:  120 region_loss:  5.0 5.0 loc_loss:  0.1422944736480713 reward_loss:  -7.114725112915039
epoch:  36 batch:  130 region_loss:  7.0 7.0 loc_loss:  0.2550224876403809 reward_loss:  -12.75112533569336
acc@1:  0.11712135465663218
epoch: 36 region loss 0.17051094890510948 loc loss 0.298774156431212 reward loss -14.938708465464794
epoch:  37 batch:  0 region_loss:  10.0 10.0 loc_loss:  0.3192251014709473 reward_loss:  -15.961255073547363
epoch:  37 batch:  10 region_loss:  10.0 10.0 loc_loss:  0.3560090637207031 reward_loss:  -17.800453186035156
epoch:  37 batch:  20 region_loss:  10.0 10.0 loc_loss:  0.3358909225463867 reward_loss:  -16.794544219970703
epoch:  37 batch:  30 region_loss:  10.0 10.0 loc_loss:  0.307893009185791 reward_loss:  -15.394648551940918
epoch:  37 batch:  40 region_loss:  10.0 10.0 loc_loss:  0.42026443481445314 reward_loss:  -21.013219833374023
epoch:  37 batch:  50 region_loss:  10.0 10.0 loc_loss:  0.32633438110351565 reward_loss:  -16.31671905517578
epoch:  37 batch:  60 region_loss:  10.0 10.0 loc_loss:  0.3167732810974121 reward_loss:  -15.838664054870605
epoch:  37 batch:  70 region_loss:  10.0 10.0 loc_loss:  0.3251448059082031 reward_loss:  -16.25724220275879
epoch:  37 batch:  80 region_loss:  10.0 10.0 loc_loss:  0.3405130386352539 reward_loss:  -17.025650024414062
epoch:  37 batch:  90 region_loss:  6.0 6.0 loc_loss:  0.20570663452148438 reward_loss:  -10.285331726074219
epoch:  37 batch:  100 region_loss:  8.0 8.0 loc_loss:  0.24565702438354492 reward_loss:  -12.282851219177246
epoch:  37 batch:  110 region_loss:  4.0 4.0 loc_loss:  0.12620116233825684 reward_loss:  -6.310057163238525
epoch:  37 batch:  120 region_loss:  5.0 5.0 loc_loss:  0.13297361373901367 reward_loss:  -6.648680210113525
epoch:  37 batch:  130 region_loss:  7.0 7.0 loc_loss:  0.24036956787109376 reward_loss:  -12.018477439880371
acc@1:  0.11382878645343368
epoch: 37 region loss 0.17051094890510948 loc loss 0.2836439649902121 reward loss -14.18218994140625
epoch:  38 batch:  0 region_loss:  10.0 10.0 loc_loss:  0.30170814514160155 reward_loss:  -15.085407257080078
epoch:  38 batch:  10 region_loss:  10.0 10.0 loc_loss:  0.33841384887695314 reward_loss:  -16.920690536499023
epoch:  38 batch:  20 region_loss:  10.0 10.0 loc_loss:  0.32127132415771487 reward_loss:  -16.063568115234375
epoch:  38 batch:  30 region_loss:  10.0 10.0 loc_loss:  0.2910447883605957 reward_loss:  -14.552239418029785
epoch:  38 batch:  40 region_loss:  10.0 10.0 loc_loss:  0.40022682189941405 reward_loss:  -20.011341094970703
epoch:  38 batch:  50 region_loss:  10.0 10.0 loc_loss:  0.31005090713500977 reward_loss:  -15.502545356750488
epoch:  38 batch:  60 region_loss:  10.0 10.0 loc_loss:  0.29871454238891604 reward_loss:  -14.9357271194458
epoch:  38 batch:  70 region_loss:  10.0 10.0 loc_loss:  0.30881696701049804 reward_loss:  -15.440849304199219
epoch:  38 batch:  80 region_loss:  10.0 10.0 loc_loss:  0.3200819396972656 reward_loss:  -16.00409698486328
epoch:  38 batch:  90 region_loss:  6.0 6.0 loc_loss:  0.1935536003112793 reward_loss:  -9.677680015563965
epoch:  38 batch:  100 region_loss:  8.0 8.0 loc_loss:  0.2320917320251465 reward_loss:  -11.604585647583008
epoch:  38 batch:  110 region_loss:  4.0 4.0 loc_loss:  0.11804876327514649 reward_loss:  -5.902439117431641
epoch:  38 batch:  120 region_loss:  5.0 5.0 loc_loss:  0.12455863952636718 reward_loss:  -6.227931499481201
epoch:  38 batch:  130 region_loss:  7.0 7.0 loc_loss:  0.2260417366027832 reward_loss:  -11.30208683013916
acc@1:  0.11571025399811853
epoch: 38 region loss 0.17051094890510948 loc loss 0.26913740895960453 reward loss -13.45686861372342
epoch:  39 batch:  0 region_loss:  10.0 10.0 loc_loss:  0.28505113601684573 reward_loss:  -14.252557754516602
epoch:  39 batch:  10 region_loss:  10.0 10.0 loc_loss:  0.32139236450195313 reward_loss:  -16.069618225097656
epoch:  39 batch:  20 region_loss:  10.0 10.0 loc_loss:  0.3077469062805176 reward_loss:  -15.387345314025879
epoch:  39 batch:  30 region_loss:  10.0 10.0 loc_loss:  0.2749789047241211 reward_loss:  -13.748947143554688
epoch:  39 batch:  40 region_loss:  10.0 10.0 loc_loss:  0.38101207733154296 reward_loss:  -19.05060386657715
epoch:  39 batch:  50 region_loss:  10.0 10.0 loc_loss:  0.29433298110961914 reward_loss:  -14.716649055480957
epoch:  39 batch:  60 region_loss:  10.0 10.0 loc_loss:  0.2817645454406738 reward_loss:  -14.088227272033691
epoch:  39 batch:  70 region_loss:  10.0 10.0 loc_loss:  0.29264081954956056 reward_loss:  -14.63204288482666
epoch:  39 batch:  80 region_loss:  10.0 10.0 loc_loss:  0.3007144546508789 reward_loss:  -15.035722732543945
epoch:  39 batch:  90 region_loss:  6.0 6.0 loc_loss:  0.18173013687133788 reward_loss:  -9.086506843566895
epoch:  39 batch:  100 region_loss:  8.0 8.0 loc_loss:  0.21842584609985352 reward_loss:  -10.921292304992676
epoch:  39 batch:  110 region_loss:  4.0 4.0 loc_loss:  0.11039563179016114 reward_loss:  -5.519781589508057
epoch:  39 batch:  120 region_loss:  5.0 5.0 loc_loss:  0.1160505199432373 reward_loss:  -5.802546501159668
epoch:  39 batch:  130 region_loss:  7.0 7.0 loc_loss:  0.21260366439819336 reward_loss:  -10.630184173583984
acc@1:  0.11241768579492004
epoch: 39 region loss 0.17051094890510948 loc loss 0.2551328657665392 reward loss -12.756645797813025
epoch:  40 batch:  0 region_loss:  10.0 10.0 loc_loss:  0.2689683532714844 reward_loss:  -13.448417663574219
epoch:  40 batch:  10 region_loss:  10.0 10.0 loc_loss:  0.30482757568359375 reward_loss:  -15.241378784179688
epoch:  40 batch:  20 region_loss:  10.0 10.0 loc_loss:  0.2945341873168945 reward_loss:  -14.726709365844727
epoch:  40 batch:  30 region_loss:  10.0 10.0 loc_loss:  0.2593124580383301 reward_loss:  -12.965620994567871
epoch:  40 batch:  40 region_loss:  10.0 10.0 loc_loss:  0.36178009033203123 reward_loss:  -18.089004516601562
epoch:  40 batch:  50 region_loss:  10.0 10.0 loc_loss:  0.27911064147949216 reward_loss:  -13.955533027648926
epoch:  40 batch:  60 region_loss:  10.0 10.0 loc_loss:  0.2649814414978027 reward_loss:  -13.249073028564453
epoch:  40 batch:  70 region_loss:  10.0 10.0 loc_loss:  0.2774847412109375 reward_loss:  -13.874237060546875
epoch:  40 batch:  80 region_loss:  10.0 10.0 loc_loss:  0.281626033782959 reward_loss:  -14.08130168914795
epoch:  40 batch:  90 region_loss:  6.0 6.0 loc_loss:  0.1705980682373047 reward_loss:  -8.529901504516602
epoch:  40 batch:  100 region_loss:  8.0 8.0 loc_loss:  0.2067110061645508 reward_loss:  -10.335550308227539
epoch:  40 batch:  110 region_loss:  4.0 4.0 loc_loss:  0.10288935661315918 reward_loss:  -5.144467353820801
epoch:  40 batch:  120 region_loss:  5.0 5.0 loc_loss:  0.10870389938354492 reward_loss:  -5.435214519500732
epoch:  40 batch:  130 region_loss:  7.0 7.0 loc_loss:  0.1992496109008789 reward_loss:  -9.962483406066895
acc@1:  0.11335841956726246
epoch: 40 region loss 0.17051094890510948 loc loss 0.2417000722189019 reward loss -12.085010348445307
epoch:  41 batch:  0 region_loss:  10.0 10.0 loc_loss:  0.2535936737060547 reward_loss:  -12.679681777954102
epoch:  41 batch:  10 region_loss:  10.0 10.0 loc_loss:  0.2890181159973145 reward_loss:  -14.450905799865723
epoch:  41 batch:  20 region_loss:  10.0 10.0 loc_loss:  0.2843592071533203 reward_loss:  -14.217961311340332
epoch:  41 batch:  30 region_loss:  10.0 10.0 loc_loss:  0.2446831512451172 reward_loss:  -12.23415756225586
epoch:  41 batch:  40 region_loss:  10.0 10.0 loc_loss:  0.3439760971069336 reward_loss:  -17.198806762695312
epoch:  41 batch:  50 region_loss:  10.0 10.0 loc_loss:  0.2649724578857422 reward_loss:  -13.24862289428711
epoch:  41 batch:  60 region_loss:  10.0 10.0 loc_loss:  0.24975580215454102 reward_loss:  -12.48779010772705
epoch:  41 batch:  70 region_loss:  10.0 10.0 loc_loss:  0.2622997283935547 reward_loss:  -13.114982604980469
epoch:  41 batch:  80 region_loss:  10.0 10.0 loc_loss:  0.2639798164367676 reward_loss:  -13.198990821838379
epoch:  41 batch:  90 region_loss:  6.0 6.0 loc_loss:  0.15960725784301757 reward_loss:  -7.9803619384765625
epoch:  41 batch:  100 region_loss:  8.0 8.0 loc_loss:  0.1932977294921875 reward_loss:  -9.664885520935059
epoch:  41 batch:  110 region_loss:  4.0 4.0 loc_loss:  0.09606201171875 reward_loss:  -4.8031005859375
epoch:  41 batch:  120 region_loss:  5.0 5.0 loc_loss:  0.1009727668762207 reward_loss:  -5.048619270324707
epoch:  41 batch:  130 region_loss:  7.0 7.0 loc_loss:  0.18697601318359375 reward_loss:  -9.348797798156738
acc@1:  0.11194731890874883
epoch: 41 region loss 0.17051094890510948 loc loss 0.22874217334454947 reward loss -11.437102054157396
epoch:  42 batch:  0 region_loss:  10.0 10.0 loc_loss:  0.23912300109863283 reward_loss:  -11.95615005493164
epoch:  42 batch:  10 region_loss:  10.0 10.0 loc_loss:  0.27334114074707033 reward_loss:  -13.667057991027832
epoch:  42 batch:  20 region_loss:  10.0 10.0 loc_loss:  0.27308462142944334 reward_loss:  -13.6542329788208
epoch:  42 batch:  30 region_loss:  10.0 10.0 loc_loss:  0.23044151306152344 reward_loss:  -11.522074699401855
epoch:  42 batch:  40 region_loss:  10.0 10.0 loc_loss:  0.32587738037109376 reward_loss:  -16.293869018554688
epoch:  42 batch:  50 region_loss:  10.0 10.0 loc_loss:  0.2511773681640625 reward_loss:  -12.558868408203125
epoch:  42 batch:  60 region_loss:  10.0 10.0 loc_loss:  0.23394405364990234 reward_loss:  -11.697202682495117
epoch:  42 batch:  70 region_loss:  10.0 10.0 loc_loss:  0.24852888107299806 reward_loss:  -12.42644214630127
epoch:  42 batch:  80 region_loss:  10.0 10.0 loc_loss:  0.24656850814819337 reward_loss:  -12.328426361083984
epoch:  42 batch:  90 region_loss:  6.0 6.0 loc_loss:  0.14956924438476563 reward_loss:  -7.478462219238281
epoch:  42 batch:  100 region_loss:  8.0 8.0 loc_loss:  0.18334194183349609 reward_loss:  -9.167096138000488
epoch:  42 batch:  110 region_loss:  4.0 4.0 loc_loss:  0.08924359321594239 reward_loss:  -4.462179183959961
epoch:  42 batch:  120 region_loss:  5.0 5.0 loc_loss:  0.09467299461364746 reward_loss:  -4.733612537384033
epoch:  42 batch:  130 region_loss:  7.0 7.0 loc_loss:  0.1746696090698242 reward_loss:  -8.733482360839844
acc@1:  0.11100658513640639
epoch: 42 region loss 0.17051094890510948 loc loss 0.21630446724648025 reward loss -10.815227474609431
epoch:  43 batch:  0 region_loss:  10.0 10.0 loc_loss:  0.22491203308105467 reward_loss:  -11.245600700378418
epoch:  43 batch:  10 region_loss:  10.0 10.0 loc_loss:  0.2586776161193848 reward_loss:  -12.933879852294922
epoch:  43 batch:  20 region_loss:  10.0 10.0 loc_loss:  0.2635312080383301 reward_loss:  -13.176560401916504
epoch:  43 batch:  30 region_loss:  10.0 10.0 loc_loss:  0.21722333908081054 reward_loss:  -10.861166954040527
epoch:  43 batch:  40 region_loss:  10.0 10.0 loc_loss:  0.309514217376709 reward_loss:  -15.475709915161133
epoch:  43 batch:  50 region_loss:  10.0 10.0 loc_loss:  0.2390255355834961 reward_loss:  -11.951275825500488
epoch:  43 batch:  60 region_loss:  10.0 10.0 loc_loss:  0.22045377731323243 reward_loss:  -11.022687911987305
epoch:  43 batch:  70 region_loss:  10.0 10.0 loc_loss:  0.23449579238891602 reward_loss:  -11.724791526794434
epoch:  43 batch:  80 region_loss:  10.0 10.0 loc_loss:  0.23056930541992188 reward_loss:  -11.528465270996094
epoch:  43 batch:  90 region_loss:  6.0 6.0 loc_loss:  0.13954185485839843 reward_loss:  -6.977093696594238
epoch:  43 batch:  100 region_loss:  8.0 8.0 loc_loss:  0.1705239486694336 reward_loss:  -8.526196479797363
epoch:  43 batch:  110 region_loss:  4.0 4.0 loc_loss:  0.08310133934020997 reward_loss:  -4.15506649017334
epoch:  43 batch:  120 region_loss:  5.0 5.0 loc_loss:  0.08787312507629394 reward_loss:  -4.393624782562256
epoch:  43 batch:  130 region_loss:  7.0 7.0 loc_loss:  0.16345752716064454 reward_loss:  -8.17287540435791
acc@1:  0.11241768579492004
epoch: 43 region loss 0.17051094890510948 loc loss 0.20427874150937492 reward loss -10.21392656851859
epoch:  44 batch:  0 region_loss:  10.0 10.0 loc_loss:  0.21182771682739257 reward_loss:  -10.591385841369629
epoch:  44 batch:  10 region_loss:  10.0 10.0 loc_loss:  0.2440480613708496 reward_loss:  -12.202402114868164
epoch:  44 batch:  20 region_loss:  10.0 10.0 loc_loss:  0.2497771453857422 reward_loss:  -12.488856315612793
epoch:  44 batch:  30 region_loss:  10.0 10.0 loc_loss:  0.20393449783325196 reward_loss:  -10.196724891662598
epoch:  44 batch:  40 region_loss:  10.0 10.0 loc_loss:  0.2925815963745117 reward_loss:  -14.62907886505127
epoch:  44 batch:  50 region_loss:  10.0 10.0 loc_loss:  0.22560546875 reward_loss:  -11.2802734375
epoch:  44 batch:  60 region_loss:  10.0 10.0 loc_loss:  0.2059770965576172 reward_loss:  -10.29885482788086
epoch:  44 batch:  70 region_loss:  10.0 10.0 loc_loss:  0.22232515335083008 reward_loss:  -11.116253852844238
epoch:  44 batch:  80 region_loss:  10.0 10.0 loc_loss:  0.21498310089111328 reward_loss:  -10.749154090881348
epoch:  44 batch:  90 region_loss:  6.0 6.0 loc_loss:  0.1304682445526123 reward_loss:  -6.523412704467773
epoch:  44 batch:  100 region_loss:  8.0 8.0 loc_loss:  0.16177364349365234 reward_loss:  -8.088682174682617
epoch:  44 batch:  110 region_loss:  4.0 4.0 loc_loss:  0.07699092388153077 reward_loss:  -3.849546432495117
epoch:  44 batch:  120 region_loss:  5.0 5.0 loc_loss:  0.08230061531066894 reward_loss:  -4.11501407623291
epoch:  44 batch:  130 region_loss:  7.0 7.0 loc_loss:  0.1523347282409668 reward_loss:  -7.616739273071289
acc@1:  0.11147695202257761
epoch: 44 region loss 0.17051094890510948 loc loss 0.19271700519714913 reward loss -9.635849413210458
epoch:  45 batch:  0 region_loss:  10.0 10.0 loc_loss:  0.19899818420410156 reward_loss:  -9.949908256530762
epoch:  45 batch:  10 region_loss:  10.0 10.0 loc_loss:  0.2303790855407715 reward_loss:  -11.51895523071289
epoch:  45 batch:  20 region_loss:  10.0 10.0 loc_loss:  0.23765972137451172 reward_loss:  -11.882986068725586
epoch:  45 batch:  30 region_loss:  10.0 10.0 loc_loss:  0.19158308029174806 reward_loss:  -9.579154014587402
epoch:  45 batch:  40 region_loss:  10.0 10.0 loc_loss:  0.27715322494506833 reward_loss:  -13.857662200927734
epoch:  45 batch:  50 region_loss:  10.0 10.0 loc_loss:  0.21369646072387696 reward_loss:  -10.684823036193848
epoch:  45 batch:  60 region_loss:  10.0 10.0 loc_loss:  0.19375982284545898 reward_loss:  -9.68799114227295
epoch:  45 batch:  70 region_loss:  10.0 10.0 loc_loss:  0.20936742782592774 reward_loss:  -10.468371391296387
epoch:  45 batch:  80 region_loss:  10.0 10.0 loc_loss:  0.20052169799804687 reward_loss:  -10.026084899902344
epoch:  45 batch:  90 region_loss:  6.0 6.0 loc_loss:  0.12148100852966309 reward_loss:  -6.074049949645996
epoch:  45 batch:  100 region_loss:  8.0 8.0 loc_loss:  0.15003250122070313 reward_loss:  -7.501626014709473
epoch:  45 batch:  110 region_loss:  4.0 4.0 loc_loss:  0.07149605274200439 reward_loss:  -3.574802875518799
epoch:  45 batch:  120 region_loss:  5.0 5.0 loc_loss:  0.07642417430877685 reward_loss:  -3.821209192276001
epoch:  45 batch:  130 region_loss:  7.0 7.0 loc_loss:  0.14223764419555665 reward_loss:  -7.111882209777832
acc@1:  0.11335841956726246
epoch: 45 region loss 0.17051094890510948 loc loss 0.18164515801589853 reward loss -9.082259939969891
epoch:  46 batch:  0 region_loss:  10.0 10.0 loc_loss:  0.1870442199707031 reward_loss:  -9.352209091186523
epoch:  46 batch:  10 region_loss:  10.0 10.0 loc_loss:  0.21683307647705077 reward_loss:  -10.841645240783691
epoch:  46 batch:  20 region_loss:  10.0 10.0 loc_loss:  0.22470304489135742 reward_loss:  -11.235152244567871
epoch:  46 batch:  30 region_loss:  10.0 10.0 loc_loss:  0.17941600799560548 reward_loss:  -8.970800399780273
epoch:  46 batch:  40 region_loss:  10.0 10.0 loc_loss:  0.2610799407958984 reward_loss:  -13.053997039794922
epoch:  46 batch:  50 region_loss:  10.0 10.0 loc_loss:  0.20125747680664063 reward_loss:  -10.062874794006348
epoch:  46 batch:  60 region_loss:  10.0 10.0 loc_loss:  0.1809137535095215 reward_loss:  -9.04568862915039
epoch:  46 batch:  70 region_loss:  10.0 10.0 loc_loss:  0.19806400299072266 reward_loss:  -9.903199195861816
epoch:  46 batch:  80 region_loss:  10.0 10.0 loc_loss:  0.1865812873840332 reward_loss:  -9.329065322875977
epoch:  46 batch:  90 region_loss:  6.0 6.0 loc_loss:  0.1132731533050537 reward_loss:  -5.663657188415527
epoch:  46 batch:  100 region_loss:  8.0 8.0 loc_loss:  0.14204030990600586 reward_loss:  -7.102015972137451
epoch:  46 batch:  110 region_loss:  4.0 4.0 loc_loss:  0.06606651306152343 reward_loss:  -3.303325653076172
epoch:  46 batch:  120 region_loss:  5.0 5.0 loc_loss:  0.07149832725524902 reward_loss:  -3.5749120712280273
epoch:  46 batch:  130 region_loss:  7.0 7.0 loc_loss:  0.13224984169006349 reward_loss:  -6.612495422363281
acc@1:  0.11100658513640639
epoch: 46 region loss 0.17051094890510948 loc loss 0.17108301843169835 reward loss -8.554149191309936
epoch:  47 batch:  0 region_loss:  10.0 10.0 loc_loss:  0.17551929473876954 reward_loss:  -8.775964736938477
epoch:  47 batch:  10 region_loss:  10.0 10.0 loc_loss:  0.20428823471069335 reward_loss:  -10.214412689208984
epoch:  47 batch:  20 region_loss:  10.0 10.0 loc_loss:  0.21381441116333008 reward_loss:  -10.690719604492188
epoch:  47 batch:  30 region_loss:  10.0 10.0 loc_loss:  0.16822172164916993 reward_loss:  -8.41108512878418
epoch:  47 batch:  40 region_loss:  10.0 10.0 loc_loss:  0.24655336380004883 reward_loss:  -12.327668190002441
epoch:  47 batch:  50 region_loss:  10.0 10.0 loc_loss:  0.1901624870300293 reward_loss:  -9.508124351501465
epoch:  47 batch:  60 region_loss:  10.0 10.0 loc_loss:  0.1697775650024414 reward_loss:  -8.48887825012207
epoch:  47 batch:  70 region_loss:  10.0 10.0 loc_loss:  0.18581947326660156 reward_loss:  -9.290977478027344
epoch:  47 batch:  80 region_loss:  10.0 10.0 loc_loss:  0.1737669563293457 reward_loss:  -8.688348770141602
epoch:  47 batch:  90 region_loss:  6.0 6.0 loc_loss:  0.10531864166259766 reward_loss:  -5.265932083129883
epoch:  47 batch:  100 region_loss:  8.0 8.0 loc_loss:  0.13152682304382324 reward_loss:  -6.576342582702637
epoch:  47 batch:  110 region_loss:  4.0 4.0 loc_loss:  0.06109025478363037 reward_loss:  -3.0545125007629395
epoch:  47 batch:  120 region_loss:  5.0 5.0 loc_loss:  0.06641664505004882 reward_loss:  -3.3208396434783936
epoch:  47 batch:  130 region_loss:  7.0 7.0 loc_loss:  0.12321160316467285 reward_loss:  -6.160586833953857
acc@1:  0.11006585136406397
epoch: 47 region loss 0.17051094890510948 loc loss 0.16102312476965633 reward loss -8.051157411867685
epoch:  48 batch:  0 region_loss:  10.0 10.0 loc_loss:  0.16453903198242187 reward_loss:  -8.22695255279541
epoch:  48 batch:  10 region_loss:  10.0 10.0 loc_loss:  0.1918794631958008 reward_loss:  -9.593975067138672
epoch:  48 batch:  20 region_loss:  10.0 10.0 loc_loss:  0.20272220611572267 reward_loss:  -10.136110305786133
epoch:  48 batch:  30 region_loss:  10.0 10.0 loc_loss:  0.15735603332519532 reward_loss:  -7.867801666259766
epoch:  48 batch:  40 region_loss:  10.0 10.0 loc_loss:  0.23164127349853517 reward_loss:  -11.582063674926758
epoch:  48 batch:  50 region_loss:  10.0 10.0 loc_loss:  0.17940326690673827 reward_loss:  -8.970162391662598
epoch:  48 batch:  60 region_loss:  10.0 10.0 loc_loss:  0.1584414768218994 reward_loss:  -7.922073841094971
epoch:  48 batch:  70 region_loss:  10.0 10.0 loc_loss:  0.17528095245361328 reward_loss:  -8.764055252075195
epoch:  48 batch:  80 region_loss:  10.0 10.0 loc_loss:  0.1614447593688965 reward_loss:  -8.072237014770508
epoch:  48 batch:  90 region_loss:  6.0 6.0 loc_loss:  0.0980364990234375 reward_loss:  -4.901824951171875
epoch:  48 batch:  100 region_loss:  8.0 8.0 loc_loss:  0.12424583435058593 reward_loss:  -6.212291240692139
epoch:  48 batch:  110 region_loss:  4.0 4.0 loc_loss:  0.05636113166809082 reward_loss:  -2.818056583404541
epoch:  48 batch:  120 region_loss:  5.0 5.0 loc_loss:  0.062163405418395996 reward_loss:  -3.1081697940826416
epoch:  48 batch:  130 region_loss:  7.0 7.0 loc_loss:  0.11436718940734864 reward_loss:  -5.718368053436279
acc@1:  0.10912511759172154
epoch: 48 region loss 0.17051094890510948 loc loss 0.15149156926322158 reward loss -7.57457723452227
epoch:  49 batch:  0 region_loss:  10.0 10.0 loc_loss:  0.15420628547668458 reward_loss:  -7.710312366485596
epoch:  49 batch:  10 region_loss:  10.0 10.0 loc_loss:  0.1804327392578125 reward_loss:  -9.021636962890625
epoch:  49 batch:  20 region_loss:  10.0 10.0 loc_loss:  0.19305919647216796 reward_loss:  -9.652959823608398
epoch:  49 batch:  30 region_loss:  10.0 10.0 loc_loss:  0.147477388381958 reward_loss:  -7.373868942260742
epoch:  49 batch:  40 region_loss:  10.0 10.0 loc_loss:  0.21825117111206055 reward_loss:  -10.912559509277344
epoch:  49 batch:  50 region_loss:  10.0 10.0 loc_loss:  0.169206600189209 reward_loss:  -8.46033000946045
epoch:  49 batch:  60 region_loss:  10.0 10.0 loc_loss:  0.1483473300933838 reward_loss:  -7.417366981506348
epoch:  49 batch:  70 region_loss:  10.0 10.0 loc_loss:  0.16401378631591798 reward_loss:  -8.200689315795898
epoch:  49 batch:  80 region_loss:  10.0 10.0 loc_loss:  0.15030040740966796 reward_loss:  -7.51501989364624
epoch:  49 batch:  90 region_loss:  6.0 6.0 loc_loss:  0.0910203742980957 reward_loss:  -4.551018714904785
epoch:  49 batch:  100 region_loss:  8.0 8.0 loc_loss:  0.1149381446838379 reward_loss:  -5.7469072341918945
epoch:  49 batch:  110 region_loss:  4.0 4.0 loc_loss:  0.05190159797668457 reward_loss:  -2.5950770378112793
epoch:  49 batch:  120 region_loss:  5.0 5.0 loc_loss:  0.05770683288574219 reward_loss:  -2.885342597961426
epoch:  49 batch:  130 region_loss:  7.0 7.0 loc_loss:  0.10636561393737792 reward_loss:  -5.318282127380371
acc@1:  0.10865475070555033
epoch: 49 region loss 0.17051094890510948 loc loss 0.1424634788941293 reward loss -7.123174677800088
8250235184
epoch: 49 region loss 0.17051094890510948 loc loss 0.1413513211786312 reward loss -7.067565854883542
