3
cuda
epoch:  0 batch:  0 region_loss:  10.0 10.0 loc_loss:  1.9839141845703125 reward_loss:  -99.19497680664062
epoch:  0 batch:  10 region_loss:  10.0 10.0 loc_loss:  1.985296173095703 reward_loss:  -99.26524353027344
epoch:  0 batch:  20 region_loss:  10.0 10.0 loc_loss:  1.988968048095703 reward_loss:  -99.44786834716797
epoch:  0 batch:  30 region_loss:  10.0 10.0 loc_loss:  1.979059600830078 reward_loss:  -98.95240020751953
epoch:  0 batch:  40 region_loss:  10.0 10.0 loc_loss:  1.9817877197265625 reward_loss:  -99.08831787109375
epoch:  0 batch:  50 region_loss:  10.0 10.0 loc_loss:  1.9900070190429688 reward_loss:  -99.49966430664062
epoch:  0 batch:  60 region_loss:  10.0 10.0 loc_loss:  1.9850184631347656 reward_loss:  -99.25015258789062
epoch:  0 batch:  70 region_loss:  10.0 10.0 loc_loss:  1.9810874938964844 reward_loss:  -99.05355834960938
epoch:  0 batch:  80 region_loss:  10.0 10.0 loc_loss:  1.9818234252929687 reward_loss:  -99.0895004272461
epoch:  0 batch:  90 region_loss:  6.0 6.0 loc_loss:  1.1783026123046876 reward_loss:  -58.91474533081055
epoch:  0 batch:  100 region_loss:  8.0 8.0 loc_loss:  1.5736708068847656 reward_loss:  -78.68340301513672
epoch:  0 batch:  110 region_loss:  4.0 4.0 loc_loss:  0.7898342895507813 reward_loss:  -39.491676330566406
epoch:  0 batch:  120 region_loss:  5.0 5.0 loc_loss:  0.9802096557617187 reward_loss:  -49.01109313964844
epoch:  0 batch:  130 region_loss:  7.0 7.0 loc_loss:  1.3739723205566405 reward_loss:  -68.699462890625
acc@1:  0.0023518344308560675
epoch: 0 region loss 0.17051094890510948 loc loss 1.6869391743458102 reward loss -84.3468650483737
epoch:  1 batch:  0 region_loss:  10.0 10.0 loc_loss:  1.9067385864257813 reward_loss:  -95.33635711669922
epoch:  1 batch:  10 region_loss:  10.0 10.0 loc_loss:  1.929389190673828 reward_loss:  -96.47039031982422
epoch:  1 batch:  20 region_loss:  10.0 10.0 loc_loss:  1.9192076110839844 reward_loss:  -95.9596939086914
epoch:  1 batch:  30 region_loss:  10.0 10.0 loc_loss:  1.9087290954589844 reward_loss:  -95.43587493896484
epoch:  1 batch:  40 region_loss:  10.0 10.0 loc_loss:  1.9055673217773437 reward_loss:  -95.27845001220703
epoch:  1 batch:  50 region_loss:  10.0 10.0 loc_loss:  1.9061398315429687 reward_loss:  -95.30562591552734
epoch:  1 batch:  60 region_loss:  10.0 10.0 loc_loss:  1.8817282104492188 reward_loss:  -94.08696746826172
epoch:  1 batch:  70 region_loss:  10.0 10.0 loc_loss:  1.8581126403808594 reward_loss:  -92.90608215332031
epoch:  1 batch:  80 region_loss:  10.0 10.0 loc_loss:  1.83871337890625 reward_loss:  -91.93734741210938
epoch:  1 batch:  90 region_loss:  6.0 6.0 loc_loss:  1.0904663848876952 reward_loss:  -54.52326965332031
epoch:  1 batch:  100 region_loss:  8.0 8.0 loc_loss:  1.4420428466796875 reward_loss:  -72.10202026367188
epoch:  1 batch:  110 region_loss:  4.0 4.0 loc_loss:  0.7350153350830078 reward_loss:  -36.751251220703125
epoch:  1 batch:  120 region_loss:  5.0 5.0 loc_loss:  0.9025550842285156 reward_loss:  -45.12821960449219
epoch:  1 batch:  130 region_loss:  7.0 7.0 loc_loss:  1.2570889282226563 reward_loss:  -62.85441970825195
acc@1:  0.019285042333019756
epoch: 1 region loss 0.17051094890510948 loc loss 1.5919375576938157 reward loss -79.59691809215686
epoch:  2 batch:  0 region_loss:  10.0 10.0 loc_loss:  1.7205313110351563 reward_loss:  -86.02613067626953
epoch:  2 batch:  10 region_loss:  10.0 10.0 loc_loss:  1.7432994079589843 reward_loss:  -87.16523742675781
epoch:  2 batch:  20 region_loss:  10.0 10.0 loc_loss:  1.7302587890625 reward_loss:  -86.51236724853516
epoch:  2 batch:  30 region_loss:  10.0 10.0 loc_loss:  1.7514340209960937 reward_loss:  -87.57196044921875
epoch:  2 batch:  40 region_loss:  10.0 10.0 loc_loss:  1.72441650390625 reward_loss:  -86.22098541259766
epoch:  2 batch:  50 region_loss:  10.0 10.0 loc_loss:  1.7674542236328126 reward_loss:  -88.3722152709961
epoch:  2 batch:  60 region_loss:  10.0 10.0 loc_loss:  1.7378585815429688 reward_loss:  -86.89295196533203
epoch:  2 batch:  70 region_loss:  10.0 10.0 loc_loss:  1.7380516052246093 reward_loss:  -86.90211486816406
epoch:  2 batch:  80 region_loss:  10.0 10.0 loc_loss:  1.7212240600585937 reward_loss:  -86.06109619140625
epoch:  2 batch:  90 region_loss:  6.0 6.0 loc_loss:  1.029708251953125 reward_loss:  -51.48554992675781
epoch:  2 batch:  100 region_loss:  8.0 8.0 loc_loss:  1.3675833129882813 reward_loss:  -68.37991333007812
epoch:  2 batch:  110 region_loss:  4.0 4.0 loc_loss:  0.7019670867919922 reward_loss:  -35.0972900390625
epoch:  2 batch:  120 region_loss:  5.0 5.0 loc_loss:  0.866226806640625 reward_loss:  -43.31193542480469
epoch:  2 batch:  130 region_loss:  7.0 7.0 loc_loss:  1.2082879638671875 reward_loss:  -60.41280746459961
acc@1:  0.027281279397930385
epoch: 2 region loss 0.17051094890510948 loc loss 1.4697187816313584 reward loss -73.48588227877651
epoch:  3 batch:  0 region_loss:  10.0 10.0 loc_loss:  1.6732884216308594 reward_loss:  -83.66448974609375
epoch:  3 batch:  10 region_loss:  10.0 10.0 loc_loss:  1.6796855163574218 reward_loss:  -83.98556518554688
epoch:  3 batch:  20 region_loss:  10.0 10.0 loc_loss:  1.6455874633789063 reward_loss:  -82.28025817871094
epoch:  3 batch:  30 region_loss:  10.0 10.0 loc_loss:  1.688603057861328 reward_loss:  -84.43069458007812
epoch:  3 batch:  40 region_loss:  10.0 10.0 loc_loss:  1.6512368774414063 reward_loss:  -82.56280517578125
epoch:  3 batch:  50 region_loss:  10.0 10.0 loc_loss:  1.700794677734375 reward_loss:  -85.038818359375
epoch:  3 batch:  60 region_loss:  10.0 10.0 loc_loss:  1.6763746643066406 reward_loss:  -83.81864929199219
epoch:  3 batch:  70 region_loss:  10.0 10.0 loc_loss:  1.6744346618652344 reward_loss:  -83.72206115722656
epoch:  3 batch:  80 region_loss:  10.0 10.0 loc_loss:  1.6663340759277343 reward_loss:  -83.31668090820312
epoch:  3 batch:  90 region_loss:  6.0 6.0 loc_loss:  0.9988712310791016 reward_loss:  -49.94355010986328
epoch:  3 batch:  100 region_loss:  8.0 8.0 loc_loss:  1.3239804077148438 reward_loss:  -66.19886016845703
epoch:  3 batch:  110 region_loss:  4.0 4.0 loc_loss:  0.6825065612792969 reward_loss:  -34.12500762939453
epoch:  3 batch:  120 region_loss:  5.0 5.0 loc_loss:  0.8426802062988281 reward_loss:  -42.134193420410156
epoch:  3 batch:  130 region_loss:  7.0 7.0 loc_loss:  1.1771763610839843 reward_loss:  -58.859413146972656
acc@1:  0.0380997177798683
epoch: 3 region loss 0.17051094890510948 loc loss 1.4139197751901447 reward loss -70.6959940778078
epoch:  4 batch:  0 region_loss:  10.0 10.0 loc_loss:  1.6338572692871094 reward_loss:  -81.69305419921875
epoch:  4 batch:  10 region_loss:  10.0 10.0 loc_loss:  1.6359788513183593 reward_loss:  -81.79862213134766
epoch:  4 batch:  20 region_loss:  10.0 10.0 loc_loss:  1.5819009399414063 reward_loss:  -79.09566497802734
epoch:  4 batch:  30 region_loss:  10.0 10.0 loc_loss:  1.6388587951660156 reward_loss:  -81.94268798828125
epoch:  4 batch:  40 region_loss:  10.0 10.0 loc_loss:  1.5957113647460937 reward_loss:  -79.78614807128906
epoch:  4 batch:  50 region_loss:  10.0 10.0 loc_loss:  1.6448670959472655 reward_loss:  -82.24315643310547
epoch:  4 batch:  60 region_loss:  10.0 10.0 loc_loss:  1.6248634338378907 reward_loss:  -81.24290466308594
epoch:  4 batch:  70 region_loss:  10.0 10.0 loc_loss:  1.6183900451660156 reward_loss:  -80.91957092285156
epoch:  4 batch:  80 region_loss:  10.0 10.0 loc_loss:  1.6159408569335938 reward_loss:  -80.79715728759766
epoch:  4 batch:  90 region_loss:  6.0 6.0 loc_loss:  0.9707064819335938 reward_loss:  -48.535274505615234
epoch:  4 batch:  100 region_loss:  8.0 8.0 loc_loss:  1.2818122863769532 reward_loss:  -64.09017944335938
epoch:  4 batch:  110 region_loss:  4.0 4.0 loc_loss:  0.6652647399902344 reward_loss:  -33.26329040527344
epoch:  4 batch:  120 region_loss:  5.0 5.0 loc_loss:  0.8194464874267579 reward_loss:  -40.97233581542969
epoch:  4 batch:  130 region_loss:  7.0 7.0 loc_loss:  1.1462994384765626 reward_loss:  -57.31515884399414
acc@1:  0.045625587958607716
epoch: 4 region loss 0.17051094890510948 loc loss 1.3672386514705464 reward loss -68.36195367966255
epoch:  5 batch:  0 region_loss:  10.0 10.0 loc_loss:  1.589086151123047 reward_loss:  -79.45433044433594
epoch:  5 batch:  10 region_loss:  10.0 10.0 loc_loss:  1.591124267578125 reward_loss:  -79.55616760253906
epoch:  5 batch:  20 region_loss:  10.0 10.0 loc_loss:  1.5197564697265624 reward_loss:  -75.98868560791016
epoch:  5 batch:  30 region_loss:  10.0 10.0 loc_loss:  1.58682373046875 reward_loss:  -79.3409194946289
epoch:  5 batch:  40 region_loss:  10.0 10.0 loc_loss:  1.5411862182617186 reward_loss:  -77.05946350097656
epoch:  5 batch:  50 region_loss:  10.0 10.0 loc_loss:  1.5878207397460937 reward_loss:  -79.39160919189453
epoch:  5 batch:  60 region_loss:  10.0 10.0 loc_loss:  1.5727980041503906 reward_loss:  -78.63984680175781
epoch:  5 batch:  70 region_loss:  10.0 10.0 loc_loss:  1.5618515014648438 reward_loss:  -78.09300231933594
epoch:  5 batch:  80 region_loss:  10.0 10.0 loc_loss:  1.5638658142089843 reward_loss:  -78.193115234375
epoch:  5 batch:  90 region_loss:  6.0 6.0 loc_loss:  0.9415644836425782 reward_loss:  -47.07823944091797
epoch:  5 batch:  100 region_loss:  8.0 8.0 loc_loss:  1.237177047729492 reward_loss:  -61.85839080810547
epoch:  5 batch:  110 region_loss:  4.0 4.0 loc_loss:  0.6478125 reward_loss:  -32.390655517578125
epoch:  5 batch:  120 region_loss:  5.0 5.0 loc_loss:  0.7946514892578125 reward_loss:  -39.73248291015625
epoch:  5 batch:  130 region_loss:  7.0 7.0 loc_loss:  1.113292007446289 reward_loss:  -55.66459274291992
acc@1:  0.05832549388523048
epoch: 5 region loss 0.17051094890510948 loc loss 1.3194705598371743 reward loss -65.97352341143754
epoch:  6 batch:  0 region_loss:  10.0 10.0 loc_loss:  1.5379121398925781 reward_loss:  -76.89563751220703
epoch:  6 batch:  10 region_loss:  10.0 10.0 loc_loss:  1.54216796875 reward_loss:  -77.10846710205078
epoch:  6 batch:  20 region_loss:  10.0 10.0 loc_loss:  1.4527082824707032 reward_loss:  -72.63519287109375
epoch:  6 batch:  30 region_loss:  10.0 10.0 loc_loss:  1.5304763793945313 reward_loss:  -76.52389526367188
epoch:  6 batch:  40 region_loss:  10.0 10.0 loc_loss:  1.4834939575195312 reward_loss:  -74.1744155883789
epoch:  6 batch:  50 region_loss:  10.0 10.0 loc_loss:  1.5274435424804687 reward_loss:  -76.37205505371094
epoch:  6 batch:  60 region_loss:  10.0 10.0 loc_loss:  1.5166246032714843 reward_loss:  -75.83126831054688
epoch:  6 batch:  70 region_loss:  10.0 10.0 loc_loss:  1.501449432373047 reward_loss:  -75.0736083984375
epoch:  6 batch:  80 region_loss:  10.0 10.0 loc_loss:  1.5082772827148438 reward_loss:  -75.41387939453125
epoch:  6 batch:  90 region_loss:  6.0 6.0 loc_loss:  0.91072509765625 reward_loss:  -45.536277770996094
epoch:  6 batch:  100 region_loss:  8.0 8.0 loc_loss:  1.1885572052001954 reward_loss:  -59.42826461791992
epoch:  6 batch:  110 region_loss:  4.0 4.0 loc_loss:  0.6293195343017578 reward_loss:  -31.46599769592285
epoch:  6 batch:  120 region_loss:  5.0 5.0 loc_loss:  0.7677257537841797 reward_loss:  -38.38634490966797
epoch:  6 batch:  130 region_loss:  7.0 7.0 loc_loss:  1.0775166320800782 reward_loss:  -53.87593078613281
acc@1:  0.06914393226716839
epoch: 6 region loss 0.17051094890510948 loc loss 1.2684596619988882 reward loss -63.4229816241856
epoch:  7 batch:  0 region_loss:  10.0 10.0 loc_loss:  1.4806759643554688 reward_loss:  -74.0337905883789
epoch:  7 batch:  10 region_loss:  10.0 10.0 loc_loss:  1.4876924133300782 reward_loss:  -74.38459777832031
epoch:  7 batch:  20 region_loss:  10.0 10.0 loc_loss:  1.3811968994140624 reward_loss:  -69.05984497070312
epoch:  7 batch:  30 region_loss:  10.0 10.0 loc_loss:  1.468976287841797 reward_loss:  -73.4487075805664
epoch:  7 batch:  40 region_loss:  10.0 10.0 loc_loss:  1.4253244018554687 reward_loss:  -71.2662353515625
epoch:  7 batch:  50 region_loss:  10.0 10.0 loc_loss:  1.461519775390625 reward_loss:  -73.07640075683594
epoch:  7 batch:  60 region_loss:  10.0 10.0 loc_loss:  1.4554421997070313 reward_loss:  -72.77208709716797
epoch:  7 batch:  70 region_loss:  10.0 10.0 loc_loss:  1.4365185546875 reward_loss:  -71.825439453125
epoch:  7 batch:  80 region_loss:  10.0 10.0 loc_loss:  1.4495880126953125 reward_loss:  -72.47944641113281
epoch:  7 batch:  90 region_loss:  6.0 6.0 loc_loss:  0.8781432342529297 reward_loss:  -43.90715789794922
epoch:  7 batch:  100 region_loss:  8.0 8.0 loc_loss:  1.1359660339355468 reward_loss:  -56.798301696777344
epoch:  7 batch:  110 region_loss:  4.0 4.0 loc_loss:  0.6097237777709961 reward_loss:  -30.48618507385254
epoch:  7 batch:  120 region_loss:  5.0 5.0 loc_loss:  0.7386199951171875 reward_loss:  -36.9307975769043
epoch:  7 batch:  130 region_loss:  7.0 7.0 loc_loss:  1.039205322265625 reward_loss:  -51.96026611328125
acc@1:  0.0832549388523048
epoch: 7 region loss 0.17051094890510948 loc loss 1.2141420291984169 reward loss -60.70708698077794
epoch:  8 batch:  0 region_loss:  10.0 10.0 loc_loss:  1.4180860900878907 reward_loss:  -70.90430450439453
epoch:  8 batch:  10 region_loss:  10.0 10.0 loc_loss:  1.4274526977539062 reward_loss:  -71.37263488769531
epoch:  8 batch:  20 region_loss:  10.0 10.0 loc_loss:  1.308312225341797 reward_loss:  -65.41561889648438
epoch:  8 batch:  30 region_loss:  10.0 10.0 loc_loss:  1.402662353515625 reward_loss:  -70.13312530517578
epoch:  8 batch:  40 region_loss:  10.0 10.0 loc_loss:  1.3687945556640626 reward_loss:  -68.4397201538086
epoch:  8 batch:  50 region_loss:  10.0 10.0 loc_loss:  1.390455322265625 reward_loss:  -69.52276611328125
epoch:  8 batch:  60 region_loss:  10.0 10.0 loc_loss:  1.3903004455566406 reward_loss:  -69.51502227783203
epoch:  8 batch:  70 region_loss:  10.0 10.0 loc_loss:  1.3675003051757812 reward_loss:  -68.37501525878906
epoch:  8 batch:  80 region_loss:  10.0 10.0 loc_loss:  1.3891189575195313 reward_loss:  -69.45594024658203
epoch:  8 batch:  90 region_loss:  6.0 6.0 loc_loss:  0.8440658569335937 reward_loss:  -42.20326614379883
epoch:  8 batch:  100 region_loss:  8.0 8.0 loc_loss:  1.08020263671875 reward_loss:  -54.01030349731445
epoch:  8 batch:  110 region_loss:  4.0 4.0 loc_loss:  0.5891665267944336 reward_loss:  -29.458337783813477
epoch:  8 batch:  120 region_loss:  5.0 5.0 loc_loss:  0.7076294708251953 reward_loss:  -35.38145446777344
epoch:  8 batch:  130 region_loss:  7.0 7.0 loc_loss:  0.9988687133789063 reward_loss:  -49.94343948364258
acc@1:  0.09454374412041393
epoch: 8 region loss 0.17051094890510948 loc loss 1.1574186642500606 reward loss -57.87095139496518
epoch:  9 batch:  0 region_loss:  10.0 10.0 loc_loss:  1.3512454223632813 reward_loss:  -67.56228637695312
epoch:  9 batch:  10 region_loss:  10.0 10.0 loc_loss:  1.362605743408203 reward_loss:  -68.13027954101562
epoch:  9 batch:  20 region_loss:  10.0 10.0 loc_loss:  1.235865936279297 reward_loss:  -61.793277740478516
epoch:  9 batch:  30 region_loss:  10.0 10.0 loc_loss:  1.332919158935547 reward_loss:  -66.64594268798828
epoch:  9 batch:  40 region_loss:  10.0 10.0 loc_loss:  1.313921661376953 reward_loss:  -65.69610595703125
epoch:  9 batch:  50 region_loss:  10.0 10.0 loc_loss:  1.3161836242675782 reward_loss:  -65.8091812133789
epoch:  9 batch:  60 region_loss:  10.0 10.0 loc_loss:  1.323105010986328 reward_loss:  -66.1552505493164
epoch:  9 batch:  70 region_loss:  10.0 10.0 loc_loss:  1.2957925415039062 reward_loss:  -64.78962707519531
epoch:  9 batch:  80 region_loss:  10.0 10.0 loc_loss:  1.3289266967773437 reward_loss:  -66.4463119506836
epoch:  9 batch:  90 region_loss:  6.0 6.0 loc_loss:  0.8090351104736329 reward_loss:  -40.45175552368164
epoch:  9 batch:  100 region_loss:  8.0 8.0 loc_loss:  1.022939453125 reward_loss:  -51.147003173828125
epoch:  9 batch:  110 region_loss:  4.0 4.0 loc_loss:  0.5677534866333008 reward_loss:  -28.387680053710938
epoch:  9 batch:  120 region_loss:  5.0 5.0 loc_loss:  0.6753263092041015 reward_loss:  -33.76634216308594
epoch:  9 batch:  130 region_loss:  7.0 7.0 loc_loss:  0.9571503448486328 reward_loss:  -47.857513427734375
acc@1:  0.10630291627469426
epoch: 9 region loss 0.17051094890510948 loc loss 1.0995762748439817 reward loss -54.978808034075435
epoch:  10 batch:  0 region_loss:  10.0 10.0 loc_loss:  1.2816477966308595 reward_loss:  -64.08238983154297
epoch:  10 batch:  10 region_loss:  10.0 10.0 loc_loss:  1.2948127746582032 reward_loss:  -64.74063110351562
epoch:  10 batch:  20 region_loss:  10.0 10.0 loc_loss:  1.1649058532714844 reward_loss:  -58.24529266357422
epoch:  10 batch:  30 region_loss:  10.0 10.0 loc_loss:  1.261517333984375 reward_loss:  -63.07586669921875
epoch:  10 batch:  40 region_loss:  10.0 10.0 loc_loss:  1.259666748046875 reward_loss:  -62.983333587646484
epoch:  10 batch:  50 region_loss:  10.0 10.0 loc_loss:  1.2404877471923828 reward_loss:  -62.024383544921875
epoch:  10 batch:  60 region_loss:  10.0 10.0 loc_loss:  1.2559371185302735 reward_loss:  -62.79684829711914
epoch:  10 batch:  70 region_loss:  10.0 10.0 loc_loss:  1.223228988647461 reward_loss:  -61.161460876464844
epoch:  10 batch:  80 region_loss:  10.0 10.0 loc_loss:  1.2707735443115233 reward_loss:  -63.5386848449707
epoch:  10 batch:  90 region_loss:  6.0 6.0 loc_loss:  0.7736087036132813 reward_loss:  -38.68042755126953
epoch:  10 batch:  100 region_loss:  8.0 8.0 loc_loss:  0.9660765838623047 reward_loss:  -48.30382537841797
epoch:  10 batch:  110 region_loss:  4.0 4.0 loc_loss:  0.5456432342529297 reward_loss:  -27.28215789794922
epoch:  10 batch:  120 region_loss:  5.0 5.0 loc_loss:  0.6425696563720703 reward_loss:  -32.12848663330078
epoch:  10 batch:  130 region_loss:  7.0 7.0 loc_loss:  0.9147207641601562 reward_loss:  -45.736045837402344
acc@1:  0.11618062088428975
epoch: 10 region loss 0.17051094890510948 loc loss 1.0419608646587735 reward loss -52.09804945618567
epoch:  11 batch:  0 region_loss:  10.0 10.0 loc_loss:  1.2111808776855468 reward_loss:  -60.55904006958008
epoch:  11 batch:  10 region_loss:  10.0 10.0 loc_loss:  1.2261856079101563 reward_loss:  -61.30928421020508
epoch:  11 batch:  20 region_loss:  10.0 10.0 loc_loss:  1.096357421875 reward_loss:  -54.81787109375
epoch:  11 batch:  30 region_loss:  10.0 10.0 loc_loss:  1.1902837371826172 reward_loss:  -59.51420211791992
epoch:  11 batch:  40 region_loss:  10.0 10.0 loc_loss:  1.2055906677246093 reward_loss:  -60.27953338623047
epoch:  11 batch:  50 region_loss:  10.0 10.0 loc_loss:  1.1653450012207032 reward_loss:  -58.26723861694336
epoch:  11 batch:  60 region_loss:  10.0 10.0 loc_loss:  1.190455322265625 reward_loss:  -59.52276611328125
epoch:  11 batch:  70 region_loss:  10.0 10.0 loc_loss:  1.152252197265625 reward_loss:  -57.612457275390625
epoch:  11 batch:  80 region_loss:  10.0 10.0 loc_loss:  1.2151376342773437 reward_loss:  -60.75688552856445
epoch:  11 batch:  90 region_loss:  6.0 6.0 loc_loss:  0.7383346557617188 reward_loss:  -36.91673278808594
epoch:  11 batch:  100 region_loss:  8.0 8.0 loc_loss:  0.9110836029052735 reward_loss:  -45.554176330566406
epoch:  11 batch:  110 region_loss:  4.0 4.0 loc_loss:  0.5230646514892578 reward_loss:  -26.153228759765625
epoch:  11 batch:  120 region_loss:  5.0 5.0 loc_loss:  0.6101695632934571 reward_loss:  -30.508481979370117
epoch:  11 batch:  130 region_loss:  7.0 7.0 loc_loss:  0.8723886108398438 reward_loss:  -43.619441986083984
acc@1:  0.12652869238005646
epoch: 11 region loss 0.17051094890510948 loc loss 0.9858447741766045 reward loss -49.29223636989176
epoch:  12 batch:  0 region_loss:  10.0 10.0 loc_loss:  1.1417625427246094 reward_loss:  -57.088130950927734
epoch:  12 batch:  10 region_loss:  10.0 10.0 loc_loss:  1.1586091613769531 reward_loss:  -57.930458068847656
epoch:  12 batch:  20 region_loss:  10.0 10.0 loc_loss:  1.0310240173339844 reward_loss:  -51.551212310791016
epoch:  12 batch:  30 region_loss:  10.0 10.0 loc_loss:  1.1209960174560547 reward_loss:  -56.049800872802734
epoch:  12 batch:  40 region_loss:  10.0 10.0 loc_loss:  1.1520515441894532 reward_loss:  -57.602569580078125
epoch:  12 batch:  50 region_loss:  10.0 10.0 loc_loss:  1.0927703094482422 reward_loss:  -54.63851547241211
epoch:  12 batch:  60 region_loss:  10.0 10.0 loc_loss:  1.1275929260253905 reward_loss:  -56.379642486572266
epoch:  12 batch:  70 region_loss:  10.0 10.0 loc_loss:  1.0853958892822266 reward_loss:  -54.26979446411133
epoch:  12 batch:  80 region_loss:  10.0 10.0 loc_loss:  1.1615652465820312 reward_loss:  -58.078269958496094
epoch:  12 batch:  90 region_loss:  6.0 6.0 loc_loss:  0.703660888671875 reward_loss:  -35.18304443359375
epoch:  12 batch:  100 region_loss:  8.0 8.0 loc_loss:  0.8590571594238281 reward_loss:  -42.95280456542969
epoch:  12 batch:  110 region_loss:  4.0 4.0 loc_loss:  0.5002677536010742 reward_loss:  -25.01339340209961
epoch:  12 batch:  120 region_loss:  5.0 5.0 loc_loss:  0.5787941360473633 reward_loss:  -28.939706802368164
epoch:  12 batch:  130 region_loss:  7.0 7.0 loc_loss:  0.8309984588623047 reward_loss:  -41.54991912841797
acc@1:  0.13076199435559738
epoch: 12 region loss 0.17051094890510948 loc loss 0.9322642801103801 reward loss -46.61321094262339
epoch:  13 batch:  0 region_loss:  10.0 10.0 loc_loss:  1.0752833557128907 reward_loss:  -53.76416015625
epoch:  13 batch:  10 region_loss:  10.0 10.0 loc_loss:  1.0936072540283204 reward_loss:  -54.680362701416016
epoch:  13 batch:  20 region_loss:  10.0 10.0 loc_loss:  0.9695511627197265 reward_loss:  -48.47755432128906
epoch:  13 batch:  30 region_loss:  10.0 10.0 loc_loss:  1.0553447723388671 reward_loss:  -52.767234802246094
epoch:  13 batch:  40 region_loss:  10.0 10.0 loc_loss:  1.099894790649414 reward_loss:  -54.99473571777344
epoch:  13 batch:  50 region_loss:  10.0 10.0 loc_loss:  1.0243009948730468 reward_loss:  -51.215049743652344
epoch:  13 batch:  60 region_loss:  10.0 10.0 loc_loss:  1.068097381591797 reward_loss:  -53.404869079589844
epoch:  13 batch:  70 region_loss:  10.0 10.0 loc_loss:  1.0241849517822266 reward_loss:  -51.209232330322266
epoch:  13 batch:  80 region_loss:  10.0 10.0 loc_loss:  1.109657745361328 reward_loss:  -55.48288345336914
epoch:  13 batch:  90 region_loss:  6.0 6.0 loc_loss:  0.6699674224853516 reward_loss:  -33.49836730957031
epoch:  13 batch:  100 region_loss:  8.0 8.0 loc_loss:  0.8107299041748047 reward_loss:  -40.536495208740234
epoch:  13 batch:  110 region_loss:  4.0 4.0 loc_loss:  0.47753692626953126 reward_loss:  -23.876848220825195
epoch:  13 batch:  120 region_loss:  5.0 5.0 loc_loss:  0.5488457107543945 reward_loss:  -27.44228744506836
epoch:  13 batch:  130 region_loss:  7.0 7.0 loc_loss:  0.7911832427978516 reward_loss:  -39.55916213989258
acc@1:  0.13922859830667922
epoch: 13 region loss 0.17051094890510948 loc loss 0.8819324977902601 reward loss -44.09662593368196
epoch:  14 batch:  0 region_loss:  10.0 10.0 loc_loss:  1.0131381225585938 reward_loss:  -50.65690612792969
epoch:  14 batch:  10 region_loss:  10.0 10.0 loc_loss:  1.0325117492675782 reward_loss:  -51.62558364868164
epoch:  14 batch:  20 region_loss:  10.0 10.0 loc_loss:  0.91260986328125 reward_loss:  -45.6310920715332
epoch:  14 batch:  30 region_loss:  10.0 10.0 loc_loss:  0.9946389770507813 reward_loss:  -49.73194885253906
epoch:  14 batch:  40 region_loss:  10.0 10.0 loc_loss:  1.0500218200683593 reward_loss:  -52.50108337402344
epoch:  14 batch:  50 region_loss:  10.0 10.0 loc_loss:  0.9609313201904297 reward_loss:  -48.04656219482422
epoch:  14 batch:  60 region_loss:  10.0 10.0 loc_loss:  1.0125474548339843 reward_loss:  -50.62736892700195
epoch:  14 batch:  70 region_loss:  10.0 10.0 loc_loss:  0.9686207580566406 reward_loss:  -48.43104553222656
epoch:  14 batch:  80 region_loss:  10.0 10.0 loc_loss:  1.0594483947753905 reward_loss:  -52.97241973876953
epoch:  14 batch:  90 region_loss:  6.0 6.0 loc_loss:  0.6376184844970703 reward_loss:  -31.880918502807617
epoch:  14 batch:  100 region_loss:  8.0 8.0 loc_loss:  0.7663877868652343 reward_loss:  -38.31938934326172
epoch:  14 batch:  110 region_loss:  4.0 4.0 loc_loss:  0.4551729202270508 reward_loss:  -22.758647918701172
epoch:  14 batch:  120 region_loss:  5.0 5.0 loc_loss:  0.5204628753662109 reward_loss:  -26.02311897277832
epoch:  14 batch:  130 region_loss:  7.0 7.0 loc_loss:  0.7533243560791015 reward_loss:  -37.66621398925781
acc@1:  0.1415804327375353
epoch: 14 region loss 0.17051094890510948 loc loss 0.8352122168993428 reward loss -41.76061758333749
epoch:  15 batch:  0 region_loss:  10.0 10.0 loc_loss:  0.9560260009765625 reward_loss:  -47.801300048828125
epoch:  15 batch:  10 region_loss:  10.0 10.0 loc_loss:  0.9763327789306641 reward_loss:  -48.8166389465332
epoch:  15 batch:  20 region_loss:  10.0 10.0 loc_loss:  0.8608077239990234 reward_loss:  -43.040382385253906
epoch:  15 batch:  30 region_loss:  10.0 10.0 loc_loss:  0.9392109680175781 reward_loss:  -46.960548400878906
epoch:  15 batch:  40 region_loss:  10.0 10.0 loc_loss:  1.0031206512451172 reward_loss:  -50.156028747558594
epoch:  15 batch:  50 region_loss:  10.0 10.0 loc_loss:  0.9034056854248047 reward_loss:  -45.170284271240234
epoch:  15 batch:  60 region_loss:  10.0 10.0 loc_loss:  0.9609950256347656 reward_loss:  -48.04975128173828
epoch:  15 batch:  70 region_loss:  10.0 10.0 loc_loss:  0.9180442810058593 reward_loss:  -45.9022216796875
epoch:  15 batch:  80 region_loss:  10.0 10.0 loc_loss:  1.0112582397460939 reward_loss:  -50.56291198730469
epoch:  15 batch:  90 region_loss:  6.0 6.0 loc_loss:  0.6069102859497071 reward_loss:  -30.34551429748535
epoch:  15 batch:  100 region_loss:  8.0 8.0 loc_loss:  0.7259053039550781 reward_loss:  -36.295265197753906
epoch:  15 batch:  110 region_loss:  4.0 4.0 loc_loss:  0.433431510925293 reward_loss:  -21.671573638916016
epoch:  15 batch:  120 region_loss:  5.0 5.0 loc_loss:  0.4936210250854492 reward_loss:  -24.681055068969727
epoch:  15 batch:  130 region_loss:  7.0 7.0 loc_loss:  0.7176315307617187 reward_loss:  -35.88157653808594
acc@1:  0.14440263405456255
epoch: 15 region loss 0.17051094890510948 loc loss 0.7921640354351406 reward loss -39.60820470935237
epoch:  16 batch:  0 region_loss:  10.0 10.0 loc_loss:  0.9039277648925781 reward_loss:  -45.196388244628906
epoch:  16 batch:  10 region_loss:  10.0 10.0 loc_loss:  0.9253372192382813 reward_loss:  -46.26686096191406
epoch:  16 batch:  20 region_loss:  10.0 10.0 loc_loss:  0.8143723297119141 reward_loss:  -40.7186164855957
epoch:  16 batch:  30 region_loss:  10.0 10.0 loc_loss:  0.8886024475097656 reward_loss:  -44.43013000488281
epoch:  16 batch:  40 region_loss:  10.0 10.0 loc_loss:  0.9595899963378907 reward_loss:  -47.979496002197266
epoch:  16 batch:  50 region_loss:  10.0 10.0 loc_loss:  0.8519471740722656 reward_loss:  -42.59736251831055
epoch:  16 batch:  60 region_loss:  10.0 10.0 loc_loss:  0.9130361938476562 reward_loss:  -45.65181350708008
epoch:  16 batch:  70 region_loss:  10.0 10.0 loc_loss:  0.8718051147460938 reward_loss:  -43.590248107910156
epoch:  16 batch:  80 region_loss:  10.0 10.0 loc_loss:  0.9654238891601562 reward_loss:  -48.27119445800781
epoch:  16 batch:  90 region_loss:  6.0 6.0 loc_loss:  0.5779898452758789 reward_loss:  -28.899492263793945
epoch:  16 batch:  100 region_loss:  8.0 8.0 loc_loss:  0.6889297485351562 reward_loss:  -34.44648361206055
epoch:  16 batch:  110 region_loss:  4.0 4.0 loc_loss:  0.4124748611450195 reward_loss:  -20.623737335205078
epoch:  16 batch:  120 region_loss:  5.0 5.0 loc_loss:  0.4682483673095703 reward_loss:  -23.41241455078125
epoch:  16 batch:  130 region_loss:  7.0 7.0 loc_loss:  0.6841444396972656 reward_loss:  -34.207218170166016
acc@1:  0.14205079962370648
epoch: 16 region loss 0.17051094890510948 loc loss 0.7526242079351939 reward loss -37.63120581633853
epoch:  17 batch:  0 region_loss:  10.0 10.0 loc_loss:  0.8563440704345703 reward_loss:  -42.817195892333984
epoch:  17 batch:  10 region_loss:  10.0 10.0 loc_loss:  0.8790835571289063 reward_loss:  -43.95417785644531
epoch:  17 batch:  20 region_loss:  10.0 10.0 loc_loss:  0.7729356384277344 reward_loss:  -38.64677810668945
epoch:  17 batch:  30 region_loss:  10.0 10.0 loc_loss:  0.8422574615478515 reward_loss:  -42.11286926269531
epoch:  17 batch:  40 region_loss:  10.0 10.0 loc_loss:  0.919521713256836 reward_loss:  -45.97608184814453
epoch:  17 batch:  50 region_loss:  10.0 10.0 loc_loss:  0.8060308837890625 reward_loss:  -40.301544189453125
epoch:  17 batch:  60 region_loss:  10.0 10.0 loc_loss:  0.8681426239013672 reward_loss:  -43.407135009765625
epoch:  17 batch:  70 region_loss:  10.0 10.0 loc_loss:  0.8293489837646484 reward_loss:  -41.46744918823242
epoch:  17 batch:  80 region_loss:  10.0 10.0 loc_loss:  0.9221228790283204 reward_loss:  -46.106143951416016
epoch:  17 batch:  90 region_loss:  6.0 6.0 loc_loss:  0.5508330535888671 reward_loss:  -27.541648864746094
epoch:  17 batch:  100 region_loss:  8.0 8.0 loc_loss:  0.655040512084961 reward_loss:  -32.75202941894531
epoch:  17 batch:  110 region_loss:  4.0 4.0 loc_loss:  0.3923769378662109 reward_loss:  -19.618844985961914
epoch:  17 batch:  120 region_loss:  5.0 5.0 loc_loss:  0.44425296783447266 reward_loss:  -22.212646484375
epoch:  17 batch:  130 region_loss:  7.0 7.0 loc_loss:  0.6527296447753906 reward_loss:  -32.63648223876953
acc@1:  0.14205079962370648
epoch: 17 region loss 0.17051094890510948 loc loss 0.716281581099016 reward loss -35.81407887396151
epoch:  18 batch:  0 region_loss:  10.0 10.0 loc_loss:  0.8126486968994141 reward_loss:  -40.63243865966797
epoch:  18 batch:  10 region_loss:  10.0 10.0 loc_loss:  0.8368180847167969 reward_loss:  -41.840904235839844
epoch:  18 batch:  20 region_loss:  10.0 10.0 loc_loss:  0.73578369140625 reward_loss:  -36.7891845703125
epoch:  18 batch:  30 region_loss:  10.0 10.0 loc_loss:  0.799681167602539 reward_loss:  -39.98406219482422
epoch:  18 batch:  40 region_loss:  10.0 10.0 loc_loss:  0.8827099609375 reward_loss:  -44.135498046875
epoch:  18 batch:  50 region_loss:  10.0 10.0 loc_loss:  0.7647590637207031 reward_loss:  -38.237953186035156
epoch:  18 batch:  60 region_loss:  10.0 10.0 loc_loss:  0.8258745574951172 reward_loss:  -41.29372787475586
epoch:  18 batch:  70 region_loss:  10.0 10.0 loc_loss:  0.790189437866211 reward_loss:  -39.50947570800781
epoch:  18 batch:  80 region_loss:  10.0 10.0 loc_loss:  0.8813132476806641 reward_loss:  -44.06565475463867
epoch:  18 batch:  90 region_loss:  6.0 6.0 loc_loss:  0.5252987670898438 reward_loss:  -26.26494026184082
epoch:  18 batch:  100 region_loss:  8.0 8.0 loc_loss:  0.6238190078735352 reward_loss:  -31.190948486328125
epoch:  18 batch:  110 region_loss:  4.0 4.0 loc_loss:  0.3731579971313477 reward_loss:  -18.65789794921875
epoch:  18 batch:  120 region_loss:  5.0 5.0 loc_loss:  0.4215400695800781 reward_loss:  -21.077003479003906
epoch:  18 batch:  130 region_loss:  7.0 7.0 loc_loss:  0.6231466674804688 reward_loss:  -31.157331466674805
acc@1:  0.1415804327375353
epoch: 18 region loss 0.17051094890510948 loc loss 0.6827562894612333 reward loss -34.137814027549574
epoch:  19 batch:  0 region_loss:  10.0 10.0 loc_loss:  0.7722694396972656 reward_loss:  -38.61347198486328
epoch:  19 batch:  10 region_loss:  10.0 10.0 loc_loss:  0.7978289794921875 reward_loss:  -39.89144515991211
epoch:  19 batch:  20 region_loss:  10.0 10.0 loc_loss:  0.7022010803222656 reward_loss:  -35.1100959777832
epoch:  19 batch:  30 region_loss:  10.0 10.0 loc_loss:  0.7603691864013672 reward_loss:  -38.018455505371094
epoch:  19 batch:  40 region_loss:  10.0 10.0 loc_loss:  0.8487068176269531 reward_loss:  -42.435340881347656
epoch:  19 batch:  50 region_loss:  10.0 10.0 loc_loss:  0.7273081970214844 reward_loss:  -36.36540603637695
epoch:  19 batch:  60 region_loss:  10.0 10.0 loc_loss:  0.7859414672851562 reward_loss:  -39.29707717895508
epoch:  19 batch:  70 region_loss:  10.0 10.0 loc_loss:  0.75388427734375 reward_loss:  -37.69422149658203
epoch:  19 batch:  80 region_loss:  10.0 10.0 loc_loss:  0.8427742767333984 reward_loss:  -42.13871383666992
epoch:  19 batch:  90 region_loss:  6.0 6.0 loc_loss:  0.5012125778198242 reward_loss:  -25.06062889099121
epoch:  19 batch:  100 region_loss:  8.0 8.0 loc_loss:  0.594860496520996 reward_loss:  -29.743026733398438
epoch:  19 batch:  110 region_loss:  4.0 4.0 loc_loss:  0.35480411529541017 reward_loss:  -17.740205764770508
epoch:  19 batch:  120 region_loss:  5.0 5.0 loc_loss:  0.40002788543701173 reward_loss:  -20.00139617919922
epoch:  19 batch:  130 region_loss:  7.0 7.0 loc_loss:  0.5951315307617188 reward_loss:  -29.756576538085938
acc@1:  0.13687676387582315
epoch: 19 region loss 0.17051094890510948 loc loss 0.6516600038013318 reward loss -32.582999528759586
epoch:  20 batch:  0 region_loss:  10.0 10.0 loc_loss:  0.734719009399414 reward_loss:  -36.7359504699707
epoch:  20 batch:  10 region_loss:  10.0 10.0 loc_loss:  0.761573486328125 reward_loss:  -38.07867431640625
epoch:  20 batch:  20 region_loss:  10.0 10.0 loc_loss:  0.6715650939941407 reward_loss:  -33.57825469970703
epoch:  20 batch:  30 region_loss:  10.0 10.0 loc_loss:  0.7238410949707031 reward_loss:  -36.19205093383789
epoch:  20 batch:  40 region_loss:  10.0 10.0 loc_loss:  0.8169606781005859 reward_loss:  -40.8480339050293
epoch:  20 batch:  50 region_loss:  10.0 10.0 loc_loss:  0.6930565643310547 reward_loss:  -34.652828216552734
epoch:  20 batch:  60 region_loss:  10.0 10.0 loc_loss:  0.7481725311279297 reward_loss:  -37.40862274169922
epoch:  20 batch:  70 region_loss:  10.0 10.0 loc_loss:  0.7200304412841797 reward_loss:  -36.00152587890625
epoch:  20 batch:  80 region_loss:  10.0 10.0 loc_loss:  0.8062191772460937 reward_loss:  -40.31095886230469
epoch:  20 batch:  90 region_loss:  6.0 6.0 loc_loss:  0.47841361999511717 reward_loss:  -23.920679092407227
epoch:  20 batch:  100 region_loss:  8.0 8.0 loc_loss:  0.5677960586547851 reward_loss:  -28.389801025390625
epoch:  20 batch:  110 region_loss:  4.0 4.0 loc_loss:  0.3372810363769531 reward_loss:  -16.864051818847656
epoch:  20 batch:  120 region_loss:  5.0 5.0 loc_loss:  0.379647216796875 reward_loss:  -18.98236083984375
epoch:  20 batch:  130 region_loss:  7.0 7.0 loc_loss:  0.5684512710571289 reward_loss:  -28.42255973815918
acc@1:  0.13687676387582315
epoch: 20 region loss 0.17051094890510948 loc loss 0.622635695046752 reward loss -31.131785434527988
epoch:  21 batch:  0 region_loss:  10.0 10.0 loc_loss:  0.6995878601074219 reward_loss:  -34.979393005371094
epoch:  21 batch:  10 region_loss:  10.0 10.0 loc_loss:  0.7276622009277344 reward_loss:  -36.38311004638672
epoch:  21 batch:  20 region_loss:  10.0 10.0 loc_loss:  0.6433392333984375 reward_loss:  -32.166954040527344
epoch:  21 batch:  30 region_loss:  10.0 10.0 loc_loss:  0.6896820068359375 reward_loss:  -34.484100341796875
epoch:  21 batch:  40 region_loss:  10.0 10.0 loc_loss:  0.7869561767578125 reward_loss:  -39.347808837890625
epoch:  21 batch:  50 region_loss:  10.0 10.0 loc_loss:  0.6615196228027344 reward_loss:  -33.07598114013672
epoch:  21 batch:  60 region_loss:  10.0 10.0 loc_loss:  0.7124478912353516 reward_loss:  -35.62239456176758
epoch:  21 batch:  70 region_loss:  10.0 10.0 loc_loss:  0.688282241821289 reward_loss:  -34.41410827636719
epoch:  21 batch:  80 region_loss:  10.0 10.0 loc_loss:  0.7713859558105469 reward_loss:  -38.569297790527344
epoch:  21 batch:  90 region_loss:  6.0 6.0 loc_loss:  0.45675987243652344 reward_loss:  -22.837993621826172
epoch:  21 batch:  100 region_loss:  8.0 8.0 loc_loss:  0.5423142242431641 reward_loss:  -27.115703582763672
epoch:  21 batch:  110 region_loss:  4.0 4.0 loc_loss:  0.32054466247558594 reward_loss:  -16.027233123779297
epoch:  21 batch:  120 region_loss:  5.0 5.0 loc_loss:  0.36033172607421876 reward_loss:  -18.016584396362305
epoch:  21 batch:  130 region_loss:  7.0 7.0 loc_loss:  0.5429169082641602 reward_loss:  -27.145845413208008
acc@1:  0.13734713076199437
epoch: 21 region loss 0.17051094890510948 loc loss 0.5953755998263394 reward loss -29.768779385698974
epoch:  22 batch:  0 region_loss:  10.0 10.0 loc_loss:  0.6665292358398438 reward_loss:  -33.32646179199219
epoch:  22 batch:  10 region_loss:  10.0 10.0 loc_loss:  0.6958051300048829 reward_loss:  -34.79025650024414
epoch:  22 batch:  20 region_loss:  10.0 10.0 loc_loss:  0.6170787048339844 reward_loss:  -30.853933334350586
epoch:  22 batch:  30 region_loss:  10.0 10.0 loc_loss:  0.6575556945800781 reward_loss:  -32.877784729003906
epoch:  22 batch:  40 region_loss:  10.0 10.0 loc_loss:  0.7582859802246094 reward_loss:  -37.91429901123047
epoch:  22 batch:  50 region_loss:  10.0 10.0 loc_loss:  0.6322823333740234 reward_loss:  -31.61411476135254
epoch:  22 batch:  60 region_loss:  10.0 10.0 loc_loss:  0.67864990234375 reward_loss:  -33.9324951171875
epoch:  22 batch:  70 region_loss:  10.0 10.0 loc_loss:  0.6583574676513672 reward_loss:  -32.917869567871094
epoch:  22 batch:  80 region_loss:  10.0 10.0 loc_loss:  0.7380509948730469 reward_loss:  -36.902549743652344
epoch:  22 batch:  90 region_loss:  6.0 6.0 loc_loss:  0.43611976623535154 reward_loss:  -21.806007385253906
epoch:  22 batch:  100 region_loss:  8.0 8.0 loc_loss:  0.5181727981567383 reward_loss:  -25.908639907836914
epoch:  22 batch:  110 region_loss:  4.0 4.0 loc_loss:  0.30454660415649415 reward_loss:  -15.22732925415039
epoch:  22 batch:  120 region_loss:  5.0 5.0 loc_loss:  0.3420134735107422 reward_loss:  -17.10067367553711
epoch:  22 batch:  130 region_loss:  7.0 7.0 loc_loss:  0.5183935546875 reward_loss:  -25.919675827026367
acc@1:  0.1354656632173095
epoch: 22 region loss 0.17051094890510948 loc loss 0.569624456976452 reward loss -28.481221780289697
epoch:  23 batch:  0 region_loss:  10.0 10.0 loc_loss:  0.6352529144287109 reward_loss:  -31.762645721435547
epoch:  23 batch:  10 region_loss:  10.0 10.0 loc_loss:  0.6657688903808594 reward_loss:  -33.288448333740234
epoch:  23 batch:  20 region_loss:  10.0 10.0 loc_loss:  0.5924416351318359 reward_loss:  -29.622085571289062
epoch:  23 batch:  30 region_loss:  10.0 10.0 loc_loss:  0.6272021484375 reward_loss:  -31.360107421875
epoch:  23 batch:  40 region_loss:  10.0 10.0 loc_loss:  0.73067138671875 reward_loss:  -36.533573150634766
epoch:  23 batch:  50 region_loss:  10.0 10.0 loc_loss:  0.6049798583984375 reward_loss:  -30.248992919921875
epoch:  23 batch:  60 region_loss:  10.0 10.0 loc_loss:  0.6466414642333984 reward_loss:  -32.33207321166992
epoch:  23 batch:  70 region_loss:  10.0 10.0 loc_loss:  0.6300279235839844 reward_loss:  -31.50139808654785
epoch:  23 batch:  80 region_loss:  10.0 10.0 loc_loss:  0.7060513305664062 reward_loss:  -35.30257034301758
epoch:  23 batch:  90 region_loss:  6.0 6.0 loc_loss:  0.4163726806640625 reward_loss:  -20.818626403808594
epoch:  23 batch:  100 region_loss:  8.0 8.0 loc_loss:  0.49519660949707034 reward_loss:  -24.759828567504883
epoch:  23 batch:  110 region_loss:  4.0 4.0 loc_loss:  0.2892350196838379 reward_loss:  -14.461750030517578
epoch:  23 batch:  120 region_loss:  5.0 5.0 loc_loss:  0.324624137878418 reward_loss:  -16.231210708618164
epoch:  23 batch:  130 region_loss:  7.0 7.0 loc_loss:  0.49479652404785157 reward_loss:  -24.739824295043945
acc@1:  0.13123236124176857
epoch: 23 region loss 0.17051094890510948 loc loss 0.5451748481806178 reward loss -27.258742391628072
epoch:  24 batch:  0 region_loss:  10.0 10.0 loc_loss:  0.6055204772949219 reward_loss:  -30.276020050048828
epoch:  24 batch:  10 region_loss:  10.0 10.0 loc_loss:  0.6373447418212891 reward_loss:  -31.867238998413086
epoch:  24 batch:  20 region_loss:  10.0 10.0 loc_loss:  0.5691758346557617 reward_loss:  -28.45878791809082
epoch:  24 batch:  30 region_loss:  10.0 10.0 loc_loss:  0.5984198379516602 reward_loss:  -29.92099380493164
epoch:  24 batch:  40 region_loss:  10.0 10.0 loc_loss:  0.7039466857910156 reward_loss:  -35.197330474853516
epoch:  24 batch:  50 region_loss:  10.0 10.0 loc_loss:  0.579299201965332 reward_loss:  -28.9649600982666
epoch:  24 batch:  60 region_loss:  10.0 10.0 loc_loss:  0.6162651443481445 reward_loss:  -30.81325912475586
epoch:  24 batch:  70 region_loss:  10.0 10.0 loc_loss:  0.6031052398681641 reward_loss:  -30.155261993408203
epoch:  24 batch:  80 region_loss:  10.0 10.0 loc_loss:  0.6752619934082031 reward_loss:  -33.763099670410156
epoch:  24 batch:  90 region_loss:  6.0 6.0 loc_loss:  0.3974100875854492 reward_loss:  -19.87050437927246
epoch:  24 batch:  100 region_loss:  8.0 8.0 loc_loss:  0.4732521057128906 reward_loss:  -23.66260528564453
epoch:  24 batch:  110 region_loss:  4.0 4.0 loc_loss:  0.27455467224121094 reward_loss:  -13.727731704711914
epoch:  24 batch:  120 region_loss:  5.0 5.0 loc_loss:  0.3080967140197754 reward_loss:  -15.404836654663086
epoch:  24 batch:  130 region_loss:  7.0 7.0 loc_loss:  0.47207202911376955 reward_loss:  -23.60360336303711
acc@1:  0.1317027281279398
epoch: 24 region loss 0.17051094890510948 loc loss 0.5218580442275444 reward loss -26.09290164752598
epoch:  25 batch:  0 region_loss:  10.0 10.0 loc_loss:  0.5771362686157226 reward_loss:  -28.856813430786133
epoch:  25 batch:  10 region_loss:  10.0 10.0 loc_loss:  0.6103303909301758 reward_loss:  -30.516521453857422
epoch:  25 batch:  20 region_loss:  10.0 10.0 loc_loss:  0.5470857238769531 reward_loss:  -27.354284286499023
epoch:  25 batch:  30 region_loss:  10.0 10.0 loc_loss:  0.5710445404052734 reward_loss:  -28.55222511291504
epoch:  25 batch:  40 region_loss:  10.0 10.0 loc_loss:  0.6779744720458984 reward_loss:  -33.89872360229492
epoch:  25 batch:  50 region_loss:  10.0 10.0 loc_loss:  0.5549798583984376 reward_loss:  -27.748994827270508
epoch:  25 batch:  60 region_loss:  10.0 10.0 loc_loss:  0.5873530578613281 reward_loss:  -29.367650985717773
epoch:  25 batch:  70 region_loss:  10.0 10.0 loc_loss:  0.5774314880371094 reward_loss:  -28.871572494506836
epoch:  25 batch:  80 region_loss:  10.0 10.0 loc_loss:  0.6455734252929688 reward_loss:  -32.27867126464844
epoch:  25 batch:  90 region_loss:  6.0 6.0 loc_loss:  0.3791391372680664 reward_loss:  -18.956954956054688
epoch:  25 batch:  100 region_loss:  8.0 8.0 loc_loss:  0.45222709655761717 reward_loss:  -22.611351013183594
epoch:  25 batch:  110 region_loss:  4.0 4.0 loc_loss:  0.260450553894043 reward_loss:  -13.022527694702148
epoch:  25 batch:  120 region_loss:  5.0 5.0 loc_loss:  0.29236352920532227 reward_loss:  -14.61817455291748
epoch:  25 batch:  130 region_loss:  7.0 7.0 loc_loss:  0.45017486572265625 reward_loss:  -22.508743286132812
acc@1:  0.12982126058325494
epoch: 25 region loss 0.17051094890510948 loc loss 0.4995341214646388 reward loss -24.97670427726133
epoch:  26 batch:  0 region_loss:  10.0 10.0 loc_loss:  0.549985008239746 reward_loss:  -27.499250411987305
epoch:  26 batch:  10 region_loss:  10.0 10.0 loc_loss:  0.584531135559082 reward_loss:  -29.2265567779541
epoch:  26 batch:  20 region_loss:  10.0 10.0 loc_loss:  0.5260055541992188 reward_loss:  -26.30027961730957
epoch:  26 batch:  30 region_loss:  10.0 10.0 loc_loss:  0.544934310913086 reward_loss:  -27.246715545654297
epoch:  26 batch:  40 region_loss:  10.0 10.0 loc_loss:  0.6526557159423828 reward_loss:  -32.632781982421875
epoch:  26 batch:  50 region_loss:  10.0 10.0 loc_loss:  0.5318095779418945 reward_loss:  -26.59048080444336
epoch:  26 batch:  60 region_loss:  10.0 10.0 loc_loss:  0.5597420501708984 reward_loss:  -27.98710060119629
epoch:  26 batch:  70 region_loss:  10.0 10.0 loc_loss:  0.5528756713867188 reward_loss:  -27.643779754638672
epoch:  26 batch:  80 region_loss:  10.0 10.0 loc_loss:  0.6168845748901367 reward_loss:  -30.844226837158203
epoch:  26 batch:  90 region_loss:  6.0 6.0 loc_loss:  0.3614799880981445 reward_loss:  -18.073999404907227
epoch:  26 batch:  100 region_loss:  8.0 8.0 loc_loss:  0.43202068328857424 reward_loss:  -21.601036071777344
epoch:  26 batch:  110 region_loss:  4.0 4.0 loc_loss:  0.24687116622924804 reward_loss:  -12.343558311462402
epoch:  26 batch:  120 region_loss:  5.0 5.0 loc_loss:  0.27735759735107424 reward_loss:  -13.867879867553711
epoch:  26 batch:  130 region_loss:  7.0 7.0 loc_loss:  0.4290518569946289 reward_loss:  -21.452590942382812
acc@1:  0.1317027281279398
epoch: 26 region loss 0.17051094890510948 loc loss 0.4780865013512382 reward loss -23.90432700623561
epoch:  27 batch:  0 region_loss:  10.0 10.0 loc_loss:  0.5239762115478516 reward_loss:  -26.19881248474121
epoch:  27 batch:  10 region_loss:  10.0 10.0 loc_loss:  0.5597673034667969 reward_loss:  -27.988367080688477
epoch:  27 batch:  20 region_loss:  10.0 10.0 loc_loss:  0.505794906616211 reward_loss:  -25.28974723815918
epoch:  27 batch:  30 region_loss:  10.0 10.0 loc_loss:  0.5199636077880859 reward_loss:  -25.998180389404297
epoch:  27 batch:  40 region_loss:  10.0 10.0 loc_loss:  0.6279164505004883 reward_loss:  -31.395816802978516
epoch:  27 batch:  50 region_loss:  10.0 10.0 loc_loss:  0.5096172714233398 reward_loss:  -25.48086166381836
epoch:  27 batch:  60 region_loss:  10.0 10.0 loc_loss:  0.5332890319824218 reward_loss:  -26.664451599121094
epoch:  27 batch:  70 region_loss:  10.0 10.0 loc_loss:  0.5293222808837891 reward_loss:  -26.46611213684082
epoch:  27 batch:  80 region_loss:  10.0 10.0 loc_loss:  0.5891035461425781 reward_loss:  -29.45517921447754
epoch:  27 batch:  90 region_loss:  6.0 6.0 loc_loss:  0.3443701934814453 reward_loss:  -17.218509674072266
epoch:  27 batch:  100 region_loss:  8.0 8.0 loc_loss:  0.41253990173339844 reward_loss:  -20.626995086669922
epoch:  27 batch:  110 region_loss:  4.0 4.0 loc_loss:  0.23377864837646484 reward_loss:  -11.688931465148926
epoch:  27 batch:  120 region_loss:  5.0 5.0 loc_loss:  0.2630147361755371 reward_loss:  -13.150735855102539
epoch:  27 batch:  130 region_loss:  7.0 7.0 loc_loss:  0.4086423110961914 reward_loss:  -20.432113647460938
acc@1:  0.1284101599247413
epoch: 27 region loss 0.17051094890510948 loc loss 0.45741821699768953 reward loss -22.87091030691662
epoch:  28 batch:  0 region_loss:  10.0 10.0 loc_loss:  0.4990003204345703 reward_loss:  -24.950016021728516
epoch:  28 batch:  10 region_loss:  10.0 10.0 loc_loss:  0.5358827972412109 reward_loss:  -26.794139862060547
epoch:  28 batch:  20 region_loss:  10.0 10.0 loc_loss:  0.48633819580078125 reward_loss:  -24.316909790039062
epoch:  28 batch:  30 region_loss:  10.0 10.0 loc_loss:  0.4960219573974609 reward_loss:  -24.801097869873047
epoch:  28 batch:  40 region_loss:  10.0 10.0 loc_loss:  0.6037038803100586 reward_loss:  -30.185190200805664
epoch:  28 batch:  50 region_loss:  10.0 10.0 loc_loss:  0.48826942443847654 reward_loss:  -24.41347312927246
epoch:  28 batch:  60 region_loss:  10.0 10.0 loc_loss:  0.5078859329223633 reward_loss:  -25.394296646118164
epoch:  28 batch:  70 region_loss:  10.0 10.0 loc_loss:  0.5066573715209961 reward_loss:  -25.332868576049805
epoch:  28 batch:  80 region_loss:  10.0 10.0 loc_loss:  0.5621464157104492 reward_loss:  -28.107322692871094
epoch:  28 batch:  90 region_loss:  6.0 6.0 loc_loss:  0.32776039123535156 reward_loss:  -16.388019561767578
epoch:  28 batch:  100 region_loss:  8.0 8.0 loc_loss:  0.3937076187133789 reward_loss:  -19.685380935668945
epoch:  28 batch:  110 region_loss:  4.0 4.0 loc_loss:  0.22114877700805663 reward_loss:  -11.057440757751465
epoch:  28 batch:  120 region_loss:  5.0 5.0 loc_loss:  0.24927555084228514 reward_loss:  -12.463777542114258
epoch:  28 batch:  130 region_loss:  7.0 7.0 loc_loss:  0.3888954925537109 reward_loss:  -19.444774627685547
acc@1:  0.12652869238005646
epoch: 28 region loss 0.17051094890510948 loc loss 0.4374500201566376 reward loss -21.872501162716944
epoch:  29 batch:  0 region_loss:  10.0 10.0 loc_loss:  0.47497001647949216 reward_loss:  -23.748498916625977
epoch:  29 batch:  10 region_loss:  10.0 10.0 loc_loss:  0.5127588272094726 reward_loss:  -25.637943267822266
epoch:  29 batch:  20 region_loss:  10.0 10.0 loc_loss:  0.46754215240478514 reward_loss:  -23.377105712890625
epoch:  29 batch:  30 region_loss:  10.0 10.0 loc_loss:  0.4730128860473633 reward_loss:  -23.6506404876709
epoch:  29 batch:  40 region_loss:  10.0 10.0 loc_loss:  0.5799789810180664 reward_loss:  -28.998947143554688
epoch:  29 batch:  50 region_loss:  10.0 10.0 loc_loss:  0.4676591110229492 reward_loss:  -23.382957458496094
epoch:  29 batch:  60 region_loss:  10.0 10.0 loc_loss:  0.48345485687255857 reward_loss:  -24.172739028930664
epoch:  29 batch:  70 region_loss:  10.0 10.0 loc_loss:  0.484781494140625 reward_loss:  -24.239072799682617
epoch:  29 batch:  80 region_loss:  10.0 10.0 loc_loss:  0.5359435272216797 reward_loss:  -26.797176361083984
epoch:  29 batch:  90 region_loss:  6.0 6.0 loc_loss:  0.3116175079345703 reward_loss:  -15.580876350402832
epoch:  29 batch:  100 region_loss:  8.0 8.0 loc_loss:  0.37546180725097655 reward_loss:  -18.773094177246094
epoch:  29 batch:  110 region_loss:  4.0 4.0 loc_loss:  0.20896621704101562 reward_loss:  -10.448308944702148
epoch:  29 batch:  120 region_loss:  5.0 5.0 loc_loss:  0.23609174728393556 reward_loss:  -11.804586410522461
epoch:  29 batch:  130 region_loss:  7.0 7.0 loc_loss:  0.36976840972900393 reward_loss:  -18.488420486450195
acc@1:  0.12558795860771402
epoch: 29 region loss 0.17051094890510948 loc loss 0.4181180904207439 reward loss -20.905904045940314
epoch:  30 batch:  0 region_loss:  10.0 10.0 loc_loss:  0.45181053161621093 reward_loss:  -22.59052848815918
epoch:  30 batch:  10 region_loss:  10.0 10.0 loc_loss:  0.49030941009521484 reward_loss:  -24.515470504760742
epoch:  30 batch:  20 region_loss:  10.0 10.0 loc_loss:  0.4493359375 reward_loss:  -22.466796875
epoch:  30 batch:  30 region_loss:  10.0 10.0 loc_loss:  0.4508512878417969 reward_loss:  -22.54256248474121
epoch:  30 batch:  40 region_loss:  10.0 10.0 loc_loss:  0.5567158126831054 reward_loss:  -27.835790634155273
epoch:  30 batch:  50 region_loss:  10.0 10.0 loc_loss:  0.4477109146118164 reward_loss:  -22.385541915893555
epoch:  30 batch:  60 region_loss:  10.0 10.0 loc_loss:  0.4599285125732422 reward_loss:  -22.99642562866211
epoch:  30 batch:  70 region_loss:  10.0 10.0 loc_loss:  0.4636084747314453 reward_loss:  -23.180423736572266
epoch:  30 batch:  80 region_loss:  10.0 10.0 loc_loss:  0.5104366302490234 reward_loss:  -25.52182960510254
epoch:  30 batch:  90 region_loss:  6.0 6.0 loc_loss:  0.2959218406677246 reward_loss:  -14.79609203338623
epoch:  30 batch:  100 region_loss:  8.0 8.0 loc_loss:  0.3577655029296875 reward_loss:  -17.888275146484375
epoch:  30 batch:  110 region_loss:  4.0 4.0 loc_loss:  0.19721649169921876 reward_loss:  -9.860823631286621
epoch:  30 batch:  120 region_loss:  5.0 5.0 loc_loss:  0.22342559814453125 reward_loss:  -11.17127799987793
epoch:  30 batch:  130 region_loss:  7.0 7.0 loc_loss:  0.3512223052978516 reward_loss:  -17.561115264892578
acc@1:  0.12464722483537159
epoch: 30 region loss 0.17051094890510948 loc loss 0.3993743829657561 reward loss -19.96871901950697
epoch:  31 batch:  0 region_loss:  10.0 10.0 loc_loss:  0.42946365356445315 reward_loss:  -21.473182678222656
epoch:  31 batch:  10 region_loss:  10.0 10.0 loc_loss:  0.46847846984863284 reward_loss:  -23.423925399780273
epoch:  31 batch:  20 region_loss:  10.0 10.0 loc_loss:  0.43166580200195315 reward_loss:  -21.583288192749023
epoch:  31 batch:  30 region_loss:  10.0 10.0 loc_loss:  0.42946598052978513 reward_loss:  -21.473297119140625
epoch:  31 batch:  40 region_loss:  10.0 10.0 loc_loss:  0.5338865661621094 reward_loss:  -26.694324493408203
epoch:  31 batch:  50 region_loss:  10.0 10.0 loc_loss:  0.4283592224121094 reward_loss:  -21.41796112060547
epoch:  31 batch:  60 region_loss:  10.0 10.0 loc_loss:  0.43725013732910156 reward_loss:  -21.862504959106445
epoch:  31 batch:  70 region_loss:  10.0 10.0 loc_loss:  0.44308834075927733 reward_loss:  -22.154417037963867
epoch:  31 batch:  80 region_loss:  10.0 10.0 loc_loss:  0.4856003952026367 reward_loss:  -24.28002166748047
epoch:  31 batch:  90 region_loss:  6.0 6.0 loc_loss:  0.28066104888916016 reward_loss:  -14.033052444458008
epoch:  31 batch:  100 region_loss:  8.0 8.0 loc_loss:  0.3405778884887695 reward_loss:  -17.02889633178711
epoch:  31 batch:  110 region_loss:  4.0 4.0 loc_loss:  0.1858970832824707 reward_loss:  -9.294854164123535
epoch:  31 batch:  120 region_loss:  5.0 5.0 loc_loss:  0.21124801635742188 reward_loss:  -10.562399864196777
epoch:  31 batch:  130 region_loss:  7.0 7.0 loc_loss:  0.33323169708251954 reward_loss:  -16.661584854125977
acc@1:  0.12370649106302917
epoch: 31 region loss 0.17051094890510948 loc loss 0.38118218759550665 reward loss -19.05910968084405
epoch:  32 batch:  0 region_loss:  10.0 10.0 loc_loss:  0.40787921905517577 reward_loss:  -20.393962860107422
epoch:  32 batch:  10 region_loss:  10.0 10.0 loc_loss:  0.4472161102294922 reward_loss:  -22.36080551147461
epoch:  32 batch:  20 region_loss:  10.0 10.0 loc_loss:  0.4144963073730469 reward_loss:  -20.724815368652344
epoch:  32 batch:  30 region_loss:  10.0 10.0 loc_loss:  0.40879150390625 reward_loss:  -20.439577102661133
epoch:  32 batch:  40 region_loss:  10.0 10.0 loc_loss:  0.5114861679077148 reward_loss:  -25.574308395385742
epoch:  32 batch:  50 region_loss:  10.0 10.0 loc_loss:  0.4095741271972656 reward_loss:  -20.478710174560547
epoch:  32 batch:  60 region_loss:  10.0 10.0 loc_loss:  0.4153761291503906 reward_loss:  -20.76880645751953
epoch:  32 batch:  70 region_loss:  10.0 10.0 loc_loss:  0.4231568908691406 reward_loss:  -21.15784454345703
epoch:  32 batch:  80 region_loss:  10.0 10.0 loc_loss:  0.4613871765136719 reward_loss:  -23.069358825683594
epoch:  32 batch:  90 region_loss:  6.0 6.0 loc_loss:  0.26583854675292967 reward_loss:  -13.2919282913208
epoch:  32 batch:  100 region_loss:  8.0 8.0 loc_loss:  0.32391780853271485 reward_loss:  -16.195890426635742
epoch:  32 batch:  110 region_loss:  4.0 4.0 loc_loss:  0.17497888565063477 reward_loss:  -8.748943328857422
epoch:  32 batch:  120 region_loss:  5.0 5.0 loc_loss:  0.19953632354736328 reward_loss:  -9.976836204528809
epoch:  32 batch:  130 region_loss:  7.0 7.0 loc_loss:  0.3157744026184082 reward_loss:  -15.788722038269043
acc@1:  0.12276575729068674
epoch: 32 region loss 0.17051094890510948 loc loss 0.36352026511282814 reward loss -18.176012900623963
epoch:  33 batch:  0 region_loss:  10.0 10.0 loc_loss:  0.38703125 reward_loss:  -19.3515625
epoch:  33 batch:  10 region_loss:  10.0 10.0 loc_loss:  0.4265108108520508 reward_loss:  -21.32554054260254
epoch:  33 batch:  20 region_loss:  10.0 10.0 loc_loss:  0.3977967834472656 reward_loss:  -19.88982582092285
epoch:  33 batch:  30 region_loss:  10.0 10.0 loc_loss:  0.38878673553466797 reward_loss:  -19.4393367767334
epoch:  33 batch:  40 region_loss:  10.0 10.0 loc_loss:  0.48947982788085936 reward_loss:  -24.4739933013916
epoch:  33 batch:  50 region_loss:  10.0 10.0 loc_loss:  0.3912901306152344 reward_loss:  -19.56450653076172
epoch:  33 batch:  60 region_loss:  10.0 10.0 loc_loss:  0.39427417755126953 reward_loss:  -19.71371078491211
epoch:  33 batch:  70 region_loss:  10.0 10.0 loc_loss:  0.4038429260253906 reward_loss:  -20.19214630126953
epoch:  33 batch:  80 region_loss:  10.0 10.0 loc_loss:  0.43785747528076174 reward_loss:  -21.89287567138672
epoch:  33 batch:  90 region_loss:  6.0 6.0 loc_loss:  0.2514400291442871 reward_loss:  -12.572002410888672
epoch:  33 batch:  100 region_loss:  8.0 8.0 loc_loss:  0.30769403457641603 reward_loss:  -15.384703636169434
epoch:  33 batch:  110 region_loss:  4.0 4.0 loc_loss:  0.1645049285888672 reward_loss:  -8.225248336791992
epoch:  33 batch:  120 region_loss:  5.0 5.0 loc_loss:  0.18826242446899413 reward_loss:  -9.413122177124023
epoch:  33 batch:  130 region_loss:  7.0 7.0 loc_loss:  0.2988450050354004 reward_loss:  -14.942249298095703
acc@1:  0.1218250235183443
epoch: 33 region loss 0.17051094890510948 loc loss 0.34637560221400576 reward loss -17.31877985487889
epoch:  34 batch:  0 region_loss:  10.0 10.0 loc_loss:  0.3668679428100586 reward_loss:  -18.34339714050293
epoch:  34 batch:  10 region_loss:  10.0 10.0 loc_loss:  0.4063106536865234 reward_loss:  -20.315532684326172
epoch:  34 batch:  20 region_loss:  10.0 10.0 loc_loss:  0.3815565872192383 reward_loss:  -19.077831268310547
epoch:  34 batch:  30 region_loss:  10.0 10.0 loc_loss:  0.3694066619873047 reward_loss:  -18.4703311920166
epoch:  34 batch:  40 region_loss:  10.0 10.0 loc_loss:  0.4679188537597656 reward_loss:  -23.39594268798828
epoch:  34 batch:  50 region_loss:  10.0 10.0 loc_loss:  0.3735454559326172 reward_loss:  -18.677270889282227
epoch:  34 batch:  60 region_loss:  10.0 10.0 loc_loss:  0.3739132308959961 reward_loss:  -18.695659637451172
epoch:  34 batch:  70 region_loss:  10.0 10.0 loc_loss:  0.3849884796142578 reward_loss:  -19.24942398071289
epoch:  34 batch:  80 region_loss:  10.0 10.0 loc_loss:  0.4148591613769531 reward_loss:  -20.742958068847656
epoch:  34 batch:  90 region_loss:  6.0 6.0 loc_loss:  0.23752864837646484 reward_loss:  -11.876432418823242
epoch:  34 batch:  100 region_loss:  8.0 8.0 loc_loss:  0.29211690902709964 reward_loss:  -14.605844497680664
epoch:  34 batch:  110 region_loss:  4.0 4.0 loc_loss:  0.15434006690979005 reward_loss:  -7.717003345489502
epoch:  34 batch:  120 region_loss:  5.0 5.0 loc_loss:  0.17743804931640625 reward_loss:  -8.871902465820312
epoch:  34 batch:  130 region_loss:  7.0 7.0 loc_loss:  0.28242849349975585 reward_loss:  -14.12142562866211
acc@1:  0.12041392285983067
epoch: 34 region loss 0.17051094890510948 loc loss 0.3297983516915871 reward loss -16.489917396628943
epoch:  35 batch:  0 region_loss:  10.0 10.0 loc_loss:  0.3474169921875 reward_loss:  -17.370849609375
epoch:  35 batch:  10 region_loss:  10.0 10.0 loc_loss:  0.38669342041015625 reward_loss:  -19.33466911315918
epoch:  35 batch:  20 region_loss:  10.0 10.0 loc_loss:  0.36572120666503904 reward_loss:  -18.286060333251953
epoch:  35 batch:  30 region_loss:  10.0 10.0 loc_loss:  0.35066349029541016 reward_loss:  -17.533174514770508
epoch:  35 batch:  40 region_loss:  10.0 10.0 loc_loss:  0.44668006896972656 reward_loss:  -22.334003448486328
epoch:  35 batch:  50 region_loss:  10.0 10.0 loc_loss:  0.356202507019043 reward_loss:  -17.81012535095215
epoch:  35 batch:  60 region_loss:  10.0 10.0 loc_loss:  0.3542740249633789 reward_loss:  -17.713701248168945
epoch:  35 batch:  70 region_loss:  10.0 10.0 loc_loss:  0.3668299865722656 reward_loss:  -18.34149932861328
epoch:  35 batch:  80 region_loss:  10.0 10.0 loc_loss:  0.392642936706543 reward_loss:  -19.63214683532715
epoch:  35 batch:  90 region_loss:  6.0 6.0 loc_loss:  0.22400323867797853 reward_loss:  -11.200161933898926
epoch:  35 batch:  100 region_loss:  8.0 8.0 loc_loss:  0.2767756462097168 reward_loss:  -13.838781356811523
epoch:  35 batch:  110 region_loss:  4.0 4.0 loc_loss:  0.14472381591796876 reward_loss:  -7.2361907958984375
epoch:  35 batch:  120 region_loss:  5.0 5.0 loc_loss:  0.16700031280517577 reward_loss:  -8.350015640258789
epoch:  35 batch:  130 region_loss:  7.0 7.0 loc_loss:  0.2665632438659668 reward_loss:  -13.32816219329834
acc@1:  0.12041392285983067
epoch: 35 region loss 0.17051094890510948 loc loss 0.31368856130725276 reward loss -15.684428345547975
epoch:  36 batch:  0 region_loss:  10.0 10.0 loc_loss:  0.32860721588134767 reward_loss:  -16.430360794067383
epoch:  36 batch:  10 region_loss:  10.0 10.0 loc_loss:  0.36750877380371094 reward_loss:  -18.375438690185547
epoch:  36 batch:  20 region_loss:  10.0 10.0 loc_loss:  0.35032588958740235 reward_loss:  -17.516294479370117
epoch:  36 batch:  30 region_loss:  10.0 10.0 loc_loss:  0.3324609375 reward_loss:  -16.623046875
epoch:  36 batch:  40 region_loss:  10.0 10.0 loc_loss:  0.4260394287109375 reward_loss:  -21.301969528198242
epoch:  36 batch:  50 region_loss:  10.0 10.0 loc_loss:  0.33951229095458985 reward_loss:  -16.975614547729492
epoch:  36 batch:  60 region_loss:  10.0 10.0 loc_loss:  0.3353380966186523 reward_loss:  -16.766902923583984
epoch:  36 batch:  70 region_loss:  10.0 10.0 loc_loss:  0.3489794921875 reward_loss:  -17.448976516723633
epoch:  36 batch:  80 region_loss:  10.0 10.0 loc_loss:  0.3708857727050781 reward_loss:  -18.544288635253906
epoch:  36 batch:  90 region_loss:  6.0 6.0 loc_loss:  0.21106830596923828 reward_loss:  -10.553414344787598
epoch:  36 batch:  100 region_loss:  8.0 8.0 loc_loss:  0.26225975036621096 reward_loss:  -13.112987518310547
epoch:  36 batch:  110 region_loss:  4.0 4.0 loc_loss:  0.1353040313720703 reward_loss:  -6.765201568603516
epoch:  36 batch:  120 region_loss:  5.0 5.0 loc_loss:  0.15700133323669432 reward_loss:  -7.850066184997559
epoch:  36 batch:  130 region_loss:  7.0 7.0 loc_loss:  0.2511948585510254 reward_loss:  -12.559743881225586
acc@1:  0.11853245531514581
epoch: 36 region loss 0.17051094890510948 loc loss 0.29810850178238246 reward loss -14.905424983832088
epoch:  37 batch:  0 region_loss:  10.0 10.0 loc_loss:  0.3105039405822754 reward_loss:  -15.52519702911377
epoch:  37 batch:  10 region_loss:  10.0 10.0 loc_loss:  0.3489514923095703 reward_loss:  -17.447574615478516
epoch:  37 batch:  20 region_loss:  10.0 10.0 loc_loss:  0.335290412902832 reward_loss:  -16.76451873779297
epoch:  37 batch:  30 region_loss:  10.0 10.0 loc_loss:  0.31496702194213866 reward_loss:  -15.748350143432617
epoch:  37 batch:  40 region_loss:  10.0 10.0 loc_loss:  0.4055198669433594 reward_loss:  -20.27599334716797
epoch:  37 batch:  50 region_loss:  10.0 10.0 loc_loss:  0.3230829620361328 reward_loss:  -16.154150009155273
epoch:  37 batch:  60 region_loss:  10.0 10.0 loc_loss:  0.31706321716308594 reward_loss:  -15.853160858154297
epoch:  37 batch:  70 region_loss:  10.0 10.0 loc_loss:  0.33173629760742185 reward_loss:  -16.586816787719727
epoch:  37 batch:  80 region_loss:  10.0 10.0 loc_loss:  0.34985626220703125 reward_loss:  -17.492813110351562
epoch:  37 batch:  90 region_loss:  6.0 6.0 loc_loss:  0.19849205017089844 reward_loss:  -9.924601554870605
epoch:  37 batch:  100 region_loss:  8.0 8.0 loc_loss:  0.24792465209960937 reward_loss:  -12.396231651306152
epoch:  37 batch:  110 region_loss:  4.0 4.0 loc_loss:  0.1264625072479248 reward_loss:  -6.323124885559082
epoch:  37 batch:  120 region_loss:  5.0 5.0 loc_loss:  0.14741607666015624 reward_loss:  -7.3708038330078125
epoch:  37 batch:  130 region_loss:  7.0 7.0 loc_loss:  0.23640037536621095 reward_loss:  -11.820019721984863
acc@1:  0.11900282220131703
epoch: 37 region loss 0.17051094890510948 loc loss 0.2828639655217637 reward loss -14.143198294361142
epoch:  38 batch:  0 region_loss:  10.0 10.0 loc_loss:  0.2930976104736328 reward_loss:  -14.654881477355957
epoch:  38 batch:  10 region_loss:  10.0 10.0 loc_loss:  0.3308028793334961 reward_loss:  -16.540143966674805
epoch:  38 batch:  20 region_loss:  10.0 10.0 loc_loss:  0.3207440567016602 reward_loss:  -16.037202835083008
epoch:  38 batch:  30 region_loss:  10.0 10.0 loc_loss:  0.2978344345092773 reward_loss:  -14.891722679138184
epoch:  38 batch:  40 region_loss:  10.0 10.0 loc_loss:  0.38590484619140625 reward_loss:  -19.295244216918945
epoch:  38 batch:  50 region_loss:  10.0 10.0 loc_loss:  0.3073980712890625 reward_loss:  -15.369903564453125
epoch:  38 batch:  60 region_loss:  10.0 10.0 loc_loss:  0.2995473289489746 reward_loss:  -14.97736644744873
epoch:  38 batch:  70 region_loss:  10.0 10.0 loc_loss:  0.31503395080566404 reward_loss:  -15.75169849395752
epoch:  38 batch:  80 region_loss:  10.0 10.0 loc_loss:  0.32960708618164064 reward_loss:  -16.4803524017334
epoch:  38 batch:  90 region_loss:  6.0 6.0 loc_loss:  0.18648656845092773 reward_loss:  -9.324328422546387
epoch:  38 batch:  100 region_loss:  8.0 8.0 loc_loss:  0.23427726745605468 reward_loss:  -11.713863372802734
epoch:  38 batch:  110 region_loss:  4.0 4.0 loc_loss:  0.11785797119140624 reward_loss:  -5.8928985595703125
epoch:  38 batch:  120 region_loss:  5.0 5.0 loc_loss:  0.13820404052734375 reward_loss:  -6.910201549530029
epoch:  38 batch:  130 region_loss:  7.0 7.0 loc_loss:  0.222142333984375 reward_loss:  -11.107117652893066
acc@1:  0.11712135465663218
epoch: 38 region loss 0.17051094890510948 loc loss 0.2682813061414844 reward loss -13.414065280969997
epoch:  39 batch:  0 region_loss:  10.0 10.0 loc_loss:  0.2764259147644043 reward_loss:  -13.821295738220215
epoch:  39 batch:  10 region_loss:  10.0 10.0 loc_loss:  0.3132858085632324 reward_loss:  -15.664289474487305
epoch:  39 batch:  20 region_loss:  10.0 10.0 loc_loss:  0.30647916793823243 reward_loss:  -15.323958396911621
epoch:  39 batch:  30 region_loss:  10.0 10.0 loc_loss:  0.2815831756591797 reward_loss:  -14.079160690307617
epoch:  39 batch:  40 region_loss:  10.0 10.0 loc_loss:  0.36614261627197264 reward_loss:  -18.307130813598633
epoch:  39 batch:  50 region_loss:  10.0 10.0 loc_loss:  0.2921076583862305 reward_loss:  -14.605381965637207
epoch:  39 batch:  60 region_loss:  10.0 10.0 loc_loss:  0.28265579223632814 reward_loss:  -14.132790565490723
epoch:  39 batch:  70 region_loss:  10.0 10.0 loc_loss:  0.2986604309082031 reward_loss:  -14.93302059173584
epoch:  39 batch:  80 region_loss:  10.0 10.0 loc_loss:  0.30985279083251954 reward_loss:  -15.49263858795166
epoch:  39 batch:  90 region_loss:  6.0 6.0 loc_loss:  0.17498113632202147 reward_loss:  -8.749056816101074
epoch:  39 batch:  100 region_loss:  8.0 8.0 loc_loss:  0.2211941146850586 reward_loss:  -11.059706687927246
epoch:  39 batch:  110 region_loss:  4.0 4.0 loc_loss:  0.10978672027587891 reward_loss:  -5.489335060119629
epoch:  39 batch:  120 region_loss:  5.0 5.0 loc_loss:  0.129442138671875 reward_loss:  -6.47210693359375
epoch:  39 batch:  130 region_loss:  7.0 7.0 loc_loss:  0.20842975616455078 reward_loss:  -10.421488761901855
acc@1:  0.11618062088428975
epoch: 39 region loss 0.17051094890510948 loc loss 0.2541265096803651 reward loss -12.706325534486423
epoch:  40 batch:  0 region_loss:  10.0 10.0 loc_loss:  0.26050777435302735 reward_loss:  -13.025389671325684
epoch:  40 batch:  10 region_loss:  10.0 10.0 loc_loss:  0.29618015289306643 reward_loss:  -14.809009552001953
epoch:  40 batch:  20 region_loss:  10.0 10.0 loc_loss:  0.2931458854675293 reward_loss:  -14.657293319702148
epoch:  40 batch:  30 region_loss:  10.0 10.0 loc_loss:  0.26557634353637694 reward_loss:  -13.278816223144531
epoch:  40 batch:  40 region_loss:  10.0 10.0 loc_loss:  0.3475569534301758 reward_loss:  -17.37784767150879
epoch:  40 batch:  50 region_loss:  10.0 10.0 loc_loss:  0.2776069450378418 reward_loss:  -13.880348205566406
epoch:  40 batch:  60 region_loss:  10.0 10.0 loc_loss:  0.26651065826416015 reward_loss:  -13.325531005859375
epoch:  40 batch:  70 region_loss:  10.0 10.0 loc_loss:  0.2831004333496094 reward_loss:  -14.155021667480469
epoch:  40 batch:  80 region_loss:  10.0 10.0 loc_loss:  0.29134363174438477 reward_loss:  -14.567180633544922
epoch:  40 batch:  90 region_loss:  6.0 6.0 loc_loss:  0.16395366668701172 reward_loss:  -8.197683334350586
epoch:  40 batch:  100 region_loss:  8.0 8.0 loc_loss:  0.20807674407958984 reward_loss:  -10.403838157653809
epoch:  40 batch:  110 region_loss:  4.0 4.0 loc_loss:  0.10197831153869628 reward_loss:  -5.098915100097656
epoch:  40 batch:  120 region_loss:  5.0 5.0 loc_loss:  0.12102206230163574 reward_loss:  -6.051103591918945
epoch:  40 batch:  130 region_loss:  7.0 7.0 loc_loss:  0.1952963638305664 reward_loss:  -9.764819145202637
acc@1:  0.11288805268109126
epoch: 40 region loss 0.17051094890510948 loc loss 0.2406585365490322 reward loss -12.032926863127381
epoch:  41 batch:  0 region_loss:  10.0 10.0 loc_loss:  0.24548955917358398 reward_loss:  -12.2744779586792
epoch:  41 batch:  10 region_loss:  10.0 10.0 loc_loss:  0.27985052108764646 reward_loss:  -13.992526054382324
epoch:  41 batch:  20 region_loss:  10.0 10.0 loc_loss:  0.28032550811767576 reward_loss:  -14.016274452209473
epoch:  41 batch:  30 region_loss:  10.0 10.0 loc_loss:  0.25070220947265626 reward_loss:  -12.535110473632812
epoch:  41 batch:  40 region_loss:  10.0 10.0 loc_loss:  0.3288384246826172 reward_loss:  -16.44192123413086
epoch:  41 batch:  50 region_loss:  10.0 10.0 loc_loss:  0.2646541213989258 reward_loss:  -13.232706069946289
epoch:  41 batch:  60 region_loss:  10.0 10.0 loc_loss:  0.2510014533996582 reward_loss:  -12.55007266998291
epoch:  41 batch:  70 region_loss:  10.0 10.0 loc_loss:  0.26769380569458007 reward_loss:  -13.38469123840332
epoch:  41 batch:  80 region_loss:  10.0 10.0 loc_loss:  0.27294612884521485 reward_loss:  -13.64730453491211
epoch:  41 batch:  90 region_loss:  6.0 6.0 loc_loss:  0.15355266571044923 reward_loss:  -7.677633762359619
epoch:  41 batch:  100 region_loss:  8.0 8.0 loc_loss:  0.19699153900146485 reward_loss:  -9.849576950073242
epoch:  41 batch:  110 region_loss:  4.0 4.0 loc_loss:  0.09463497161865235 reward_loss:  -4.731748580932617
epoch:  41 batch:  120 region_loss:  5.0 5.0 loc_loss:  0.11314955711364746 reward_loss:  -5.657477855682373
epoch:  41 batch:  130 region_loss:  7.0 7.0 loc_loss:  0.18278003692626954 reward_loss:  -9.139001846313477
acc@1:  0.11523988711194733
epoch: 41 region loss 0.17051094890510948 loc loss 0.2277547645916904 reward loss -11.387738158232974
epoch:  42 batch:  0 region_loss:  10.0 10.0 loc_loss:  0.2311079216003418 reward_loss:  -11.55539608001709
epoch:  42 batch:  10 region_loss:  10.0 10.0 loc_loss:  0.26383979797363283 reward_loss:  -13.191990852355957
epoch:  42 batch:  20 region_loss:  10.0 10.0 loc_loss:  0.2689329528808594 reward_loss:  -13.446647644042969
epoch:  42 batch:  30 region_loss:  10.0 10.0 loc_loss:  0.23583148956298827 reward_loss:  -11.791574478149414
epoch:  42 batch:  40 region_loss:  10.0 10.0 loc_loss:  0.3112570571899414 reward_loss:  -15.562850952148438
epoch:  42 batch:  50 region_loss:  10.0 10.0 loc_loss:  0.25123359680175783 reward_loss:  -12.561678886413574
epoch:  42 batch:  60 region_loss:  10.0 10.0 loc_loss:  0.23629547119140626 reward_loss:  -11.814773559570312
epoch:  42 batch:  70 region_loss:  10.0 10.0 loc_loss:  0.2531489944458008 reward_loss:  -12.657448768615723
epoch:  42 batch:  80 region_loss:  10.0 10.0 loc_loss:  0.25623842239379885 reward_loss:  -12.811921119689941
epoch:  42 batch:  90 region_loss:  6.0 6.0 loc_loss:  0.14352035522460938 reward_loss:  -7.176017761230469
epoch:  42 batch:  100 region_loss:  8.0 8.0 loc_loss:  0.18390144348144533 reward_loss:  -9.195072174072266
epoch:  42 batch:  110 region_loss:  4.0 4.0 loc_loss:  0.08766761779785157 reward_loss:  -4.383380889892578
epoch:  42 batch:  120 region_loss:  5.0 5.0 loc_loss:  0.10549235343933105 reward_loss:  -5.274617671966553
epoch:  42 batch:  130 region_loss:  7.0 7.0 loc_loss:  0.17085275650024415 reward_loss:  -8.542637825012207
acc@1:  0.11241768579492004
epoch: 42 region loss 0.17051094890510948 loc loss 0.21528721383018215 reward loss -10.76436059492348
epoch:  43 batch:  0 region_loss:  10.0 10.0 loc_loss:  0.21742958068847656 reward_loss:  -10.871479034423828
epoch:  43 batch:  10 region_loss:  10.0 10.0 loc_loss:  0.24880046844482423 reward_loss:  -12.440021514892578
epoch:  43 batch:  20 region_loss:  10.0 10.0 loc_loss:  0.2582109832763672 reward_loss:  -12.91054916381836
epoch:  43 batch:  30 region_loss:  10.0 10.0 loc_loss:  0.22239871978759765 reward_loss:  -11.11993408203125
epoch:  43 batch:  40 region_loss:  10.0 10.0 loc_loss:  0.29384939193725584 reward_loss:  -14.692468643188477
epoch:  43 batch:  50 region_loss:  10.0 10.0 loc_loss:  0.2388126564025879 reward_loss:  -11.940631866455078
epoch:  43 batch:  60 region_loss:  10.0 10.0 loc_loss:  0.2220095443725586 reward_loss:  -11.10047435760498
epoch:  43 batch:  70 region_loss:  10.0 10.0 loc_loss:  0.23878826141357423 reward_loss:  -11.939413070678711
epoch:  43 batch:  80 region_loss:  10.0 10.0 loc_loss:  0.23947374343872072 reward_loss:  -11.973688125610352
epoch:  43 batch:  90 region_loss:  6.0 6.0 loc_loss:  0.13414795875549315 reward_loss:  -6.7073974609375
epoch:  43 batch:  100 region_loss:  8.0 8.0 loc_loss:  0.17455465316772462 reward_loss:  -8.727733612060547
epoch:  43 batch:  110 region_loss:  4.0 4.0 loc_loss:  0.08098421096801758 reward_loss:  -4.049211025238037
epoch:  43 batch:  120 region_loss:  5.0 5.0 loc_loss:  0.09846746444702148 reward_loss:  -4.923372745513916
epoch:  43 batch:  130 region_loss:  7.0 7.0 loc_loss:  0.15950057983398438 reward_loss:  -7.975028991699219
acc@1:  0.11194731890874883
epoch: 43 region loss 0.17051094890510948 loc loss 0.20332429783187642 reward loss -10.166214754981716
epoch:  44 batch:  0 region_loss:  10.0 10.0 loc_loss:  0.20403488159179686 reward_loss:  -10.201744079589844
epoch:  44 batch:  10 region_loss:  10.0 10.0 loc_loss:  0.23416923522949218 reward_loss:  -11.70846176147461
epoch:  44 batch:  20 region_loss:  10.0 10.0 loc_loss:  0.24616233825683595 reward_loss:  -12.308116912841797
epoch:  44 batch:  30 region_loss:  10.0 10.0 loc_loss:  0.2088128662109375 reward_loss:  -10.440643310546875
epoch:  44 batch:  40 region_loss:  10.0 10.0 loc_loss:  0.2774526214599609 reward_loss:  -13.872632026672363
epoch:  44 batch:  50 region_loss:  10.0 10.0 loc_loss:  0.22487873077392578 reward_loss:  -11.243936538696289
epoch:  44 batch:  60 region_loss:  10.0 10.0 loc_loss:  0.20868234634399413 reward_loss:  -10.434117317199707
epoch:  44 batch:  70 region_loss:  10.0 10.0 loc_loss:  0.22532997131347657 reward_loss:  -11.266497611999512
epoch:  44 batch:  80 region_loss:  10.0 10.0 loc_loss:  0.22431789398193358 reward_loss:  -11.215892791748047
epoch:  44 batch:  90 region_loss:  6.0 6.0 loc_loss:  0.12510205268859864 reward_loss:  -6.255102157592773
epoch:  44 batch:  100 region_loss:  8.0 8.0 loc_loss:  0.16210075378417968 reward_loss:  -8.105037689208984
epoch:  44 batch:  110 region_loss:  4.0 4.0 loc_loss:  0.07487363815307617 reward_loss:  -3.7436816692352295
epoch:  44 batch:  120 region_loss:  5.0 5.0 loc_loss:  0.09158727645874024 reward_loss:  -4.579363822937012
epoch:  44 batch:  130 region_loss:  7.0 7.0 loc_loss:  0.14876012802124022 reward_loss:  -7.438006401062012
acc@1:  0.11147695202257761
epoch: 44 region loss 0.17051094890510948 loc loss 0.1918013302775195 reward loss -9.59006704161637
epoch:  45 batch:  0 region_loss:  10.0 10.0 loc_loss:  0.1915609931945801 reward_loss:  -9.57805061340332
epoch:  45 batch:  10 region_loss:  10.0 10.0 loc_loss:  0.22052978515625 reward_loss:  -11.026487350463867
epoch:  45 batch:  20 region_loss:  10.0 10.0 loc_loss:  0.23491477966308594 reward_loss:  -11.74573802947998
epoch:  45 batch:  30 region_loss:  10.0 10.0 loc_loss:  0.19672203063964844 reward_loss:  -9.836100578308105
epoch:  45 batch:  40 region_loss:  10.0 10.0 loc_loss:  0.26156864166259763 reward_loss:  -13.07843017578125
epoch:  45 batch:  50 region_loss:  10.0 10.0 loc_loss:  0.21271060943603515 reward_loss:  -10.635529518127441
epoch:  45 batch:  60 region_loss:  10.0 10.0 loc_loss:  0.19578033447265625 reward_loss:  -9.789016723632812
epoch:  45 batch:  70 region_loss:  10.0 10.0 loc_loss:  0.2120306396484375 reward_loss:  -10.601531028747559
epoch:  45 batch:  80 region_loss:  10.0 10.0 loc_loss:  0.20929454803466796 reward_loss:  -10.464726448059082
epoch:  45 batch:  90 region_loss:  6.0 6.0 loc_loss:  0.11669715881347656 reward_loss:  -5.834858417510986
epoch:  45 batch:  100 region_loss:  8.0 8.0 loc_loss:  0.15324464797973633 reward_loss:  -7.662232398986816
epoch:  45 batch:  110 region_loss:  4.0 4.0 loc_loss:  0.06892558574676513 reward_loss:  -3.446279525756836
epoch:  45 batch:  120 region_loss:  5.0 5.0 loc_loss:  0.08535958290100097 reward_loss:  -4.267979145050049
epoch:  45 batch:  130 region_loss:  7.0 7.0 loc_loss:  0.13861467361450194 reward_loss:  -6.930732727050781
acc@1:  0.11288805268109126
epoch: 45 region loss 0.17051094890510948 loc loss 0.18080148490676046 reward loss -9.040075465275423
epoch:  46 batch:  0 region_loss:  10.0 10.0 loc_loss:  0.17944664001464844 reward_loss:  -8.972332000732422
epoch:  46 batch:  10 region_loss:  10.0 10.0 loc_loss:  0.20721204757690428 reward_loss:  -10.360602378845215
epoch:  46 batch:  20 region_loss:  10.0 10.0 loc_loss:  0.2223666191101074 reward_loss:  -11.118330955505371
epoch:  46 batch:  30 region_loss:  10.0 10.0 loc_loss:  0.18432952880859374 reward_loss:  -9.216476440429688
epoch:  46 batch:  40 region_loss:  10.0 10.0 loc_loss:  0.24646102905273437 reward_loss:  -12.323051452636719
epoch:  46 batch:  50 region_loss:  10.0 10.0 loc_loss:  0.20069778442382813 reward_loss:  -10.034889221191406
epoch:  46 batch:  60 region_loss:  10.0 10.0 loc_loss:  0.18341047286987305 reward_loss:  -9.170522689819336
epoch:  46 batch:  70 region_loss:  10.0 10.0 loc_loss:  0.19965017318725586 reward_loss:  -9.982510566711426
epoch:  46 batch:  80 region_loss:  10.0 10.0 loc_loss:  0.1954842758178711 reward_loss:  -9.774214744567871
epoch:  46 batch:  90 region_loss:  6.0 6.0 loc_loss:  0.10870911598205567 reward_loss:  -5.435455799102783
epoch:  46 batch:  100 region_loss:  8.0 8.0 loc_loss:  0.14232563972473145 reward_loss:  -7.1162824630737305
epoch:  46 batch:  110 region_loss:  4.0 4.0 loc_loss:  0.06360031604766846 reward_loss:  -3.1800155639648438
epoch:  46 batch:  120 region_loss:  5.0 5.0 loc_loss:  0.07929756641387939 reward_loss:  -3.964878559112549
epoch:  46 batch:  130 region_loss:  7.0 7.0 loc_loss:  0.1289214324951172 reward_loss:  -6.446071147918701
acc@1:  0.11288805268109126
epoch: 46 region loss 0.17051094890510948 loc loss 0.17020727824120627 reward loss -8.510363367352172
epoch:  47 batch:  0 region_loss:  10.0 10.0 loc_loss:  0.168321533203125 reward_loss:  -8.41607666015625
epoch:  47 batch:  10 region_loss:  10.0 10.0 loc_loss:  0.19455934524536134 reward_loss:  -9.727967262268066
epoch:  47 batch:  20 region_loss:  10.0 10.0 loc_loss:  0.21147075653076172 reward_loss:  -10.573537826538086
epoch:  47 batch:  30 region_loss:  10.0 10.0 loc_loss:  0.17339202880859375 reward_loss:  -8.669601440429688
epoch:  47 batch:  40 region_loss:  10.0 10.0 loc_loss:  0.2318886375427246 reward_loss:  -11.594432830810547
epoch:  47 batch:  50 region_loss:  10.0 10.0 loc_loss:  0.18986106872558595 reward_loss:  -9.493053436279297
epoch:  47 batch:  60 region_loss:  10.0 10.0 loc_loss:  0.17206892013549804 reward_loss:  -8.603446006774902
epoch:  47 batch:  70 region_loss:  10.0 10.0 loc_loss:  0.18739002227783202 reward_loss:  -9.369501113891602
epoch:  47 batch:  80 region_loss:  10.0 10.0 loc_loss:  0.18219789505004882 reward_loss:  -9.109895706176758
epoch:  47 batch:  90 region_loss:  6.0 6.0 loc_loss:  0.10123616218566894 reward_loss:  -5.0618085861206055
epoch:  47 batch:  100 region_loss:  8.0 8.0 loc_loss:  0.13414690971374513 reward_loss:  -6.707345962524414
epoch:  47 batch:  110 region_loss:  4.0 4.0 loc_loss:  0.058457651138305665 reward_loss:  -2.9228827953338623
epoch:  47 batch:  120 region_loss:  5.0 5.0 loc_loss:  0.07382242679595948 reward_loss:  -3.6911215782165527
epoch:  47 batch:  130 region_loss:  7.0 7.0 loc_loss:  0.11998602867126465 reward_loss:  -5.999300956726074
acc@1:  0.11100658513640639
epoch: 47 region loss 0.17051094890510948 loc loss 0.16020026087760925 reward loss -8.010003253491256
epoch:  48 batch:  0 region_loss:  10.0 10.0 loc_loss:  0.15761811256408692 reward_loss:  -7.8809051513671875
epoch:  48 batch:  10 region_loss:  10.0 10.0 loc_loss:  0.18199949264526366 reward_loss:  -9.099973678588867
epoch:  48 batch:  20 region_loss:  10.0 10.0 loc_loss:  0.2000700378417969 reward_loss:  -10.00350284576416
epoch:  48 batch:  30 region_loss:  10.0 10.0 loc_loss:  0.1622019386291504 reward_loss:  -8.11009693145752
epoch:  48 batch:  40 region_loss:  10.0 10.0 loc_loss:  0.21817390441894532 reward_loss:  -10.908695220947266
epoch:  48 batch:  50 region_loss:  10.0 10.0 loc_loss:  0.17932342529296874 reward_loss:  -8.966169357299805
epoch:  48 batch:  60 region_loss:  10.0 10.0 loc_loss:  0.16073753356933593 reward_loss:  -8.036876678466797
epoch:  48 batch:  70 region_loss:  10.0 10.0 loc_loss:  0.1763125991821289 reward_loss:  -8.815629959106445
epoch:  48 batch:  80 region_loss:  10.0 10.0 loc_loss:  0.16987661361694337 reward_loss:  -8.493831634521484
epoch:  48 batch:  90 region_loss:  6.0 6.0 loc_loss:  0.09419824600219727 reward_loss:  -4.709912300109863
epoch:  48 batch:  100 region_loss:  8.0 8.0 loc_loss:  0.12471799850463867 reward_loss:  -6.235899448394775
epoch:  48 batch:  110 region_loss:  4.0 4.0 loc_loss:  0.053869738578796386 reward_loss:  -2.6934866905212402
epoch:  48 batch:  120 region_loss:  5.0 5.0 loc_loss:  0.0685476016998291 reward_loss:  -3.427380084991455
epoch:  48 batch:  130 region_loss:  7.0 7.0 loc_loss:  0.11133956909179688 reward_loss:  -5.566978454589844
acc@1:  0.11288805268109126
epoch: 48 region loss 0.17051094890510948 loc loss 0.1505403504841519 reward loss -7.527017608176183
epoch:  49 batch:  0 region_loss:  10.0 10.0 loc_loss:  0.1476669979095459 reward_loss:  -7.383350849151611
epoch:  49 batch:  10 region_loss:  10.0 10.0 loc_loss:  0.1703024101257324 reward_loss:  -8.515119552612305
epoch:  49 batch:  20 region_loss:  10.0 10.0 loc_loss:  0.19028396606445314 reward_loss:  -9.514198303222656
epoch:  49 batch:  30 region_loss:  10.0 10.0 loc_loss:  0.1521678638458252 reward_loss:  -7.608392715454102
epoch:  49 batch:  40 region_loss:  10.0 10.0 loc_loss:  0.20480144500732422 reward_loss:  -10.240071296691895
epoch:  49 batch:  50 region_loss:  10.0 10.0 loc_loss:  0.16959875106811523 reward_loss:  -8.479937553405762
epoch:  49 batch:  60 region_loss:  10.0 10.0 loc_loss:  0.15076206207275392 reward_loss:  -7.538102626800537
epoch:  49 batch:  70 region_loss:  10.0 10.0 loc_loss:  0.16540203094482422 reward_loss:  -8.270101547241211
epoch:  49 batch:  80 region_loss:  10.0 10.0 loc_loss:  0.15821073532104493 reward_loss:  -7.9105377197265625
epoch:  49 batch:  90 region_loss:  6.0 6.0 loc_loss:  0.08769433975219726 reward_loss:  -4.384716510772705
epoch:  49 batch:  100 region_loss:  8.0 8.0 loc_loss:  0.11725851058959962 reward_loss:  -5.862926483154297
epoch:  49 batch:  110 region_loss:  4.0 4.0 loc_loss:  0.04945590019226074 reward_loss:  -2.472795009613037
epoch:  49 batch:  120 region_loss:  5.0 5.0 loc_loss:  0.06377050876617432 reward_loss:  -3.188525915145874
epoch:  49 batch:  130 region_loss:  7.0 7.0 loc_loss:  0.10350988388061523 reward_loss:  -5.175494194030762
acc@1:  0.11241768579492004
epoch: 49 region loss 0.17051094890510948 loc loss 0.141516826248517 reward loss -7.07584109532572
