nohup: ignoring input
cuda
epoch:  0 batch:  0 region_loss:  10.0 10.0 loc_loss:  1.9842332458496095 reward_loss:  -99.21174621582031
epoch:  0 batch:  10 region_loss:  10.0 10.0 loc_loss:  1.9865896606445312 reward_loss:  -99.33040618896484
epoch:  0 batch:  20 region_loss:  10.0 10.0 loc_loss:  1.9907858276367187 reward_loss:  -99.5398178100586
epoch:  0 batch:  30 region_loss:  10.0 10.0 loc_loss:  1.9840425109863282 reward_loss:  -99.19971466064453
epoch:  0 batch:  40 region_loss:  10.0 10.0 loc_loss:  1.9792214965820312 reward_loss:  -98.95954132080078
epoch:  0 batch:  50 region_loss:  10.0 10.0 loc_loss:  1.9844879150390624 reward_loss:  -99.22460174560547
epoch:  0 batch:  60 region_loss:  10.0 10.0 loc_loss:  1.9840492248535155 reward_loss:  -99.20465087890625
epoch:  0 batch:  70 region_loss:  10.0 10.0 loc_loss:  1.9841845703125 reward_loss:  -99.21109771728516
epoch:  0 batch:  80 region_loss:  10.0 10.0 loc_loss:  1.9808348083496095 reward_loss:  -99.04124450683594
epoch:  0 batch:  90 region_loss:  6.0 6.0 loc_loss:  1.1810518646240233 reward_loss:  -59.053565979003906
epoch:  0 batch:  100 region_loss:  8.0 8.0 loc_loss:  1.5731491088867187 reward_loss:  -78.65654754638672
epoch:  0 batch:  110 region_loss:  4.0 4.0 loc_loss:  0.7886830139160156 reward_loss:  -39.43541717529297
epoch:  0 batch:  120 region_loss:  5.0 5.0 loc_loss:  0.9806233215332031 reward_loss:  -49.03041458129883
epoch:  0 batch:  130 region_loss:  7.0 7.0 loc_loss:  1.3696807861328124 reward_loss:  -68.48186492919922
acc@1:  0.004703668861712135
epoch: 0 region loss 0.17051094890510948 loc loss 1.68619519365965 reward loss -84.3096664595778
epoch:  1 batch:  0 region_loss:  10.0 10.0 loc_loss:  1.9071603393554688 reward_loss:  -95.35848236083984
epoch:  1 batch:  10 region_loss:  10.0 10.0 loc_loss:  1.9291024780273438 reward_loss:  -96.4579849243164
epoch:  1 batch:  20 region_loss:  10.0 10.0 loc_loss:  1.9230502319335938 reward_loss:  -96.15067291259766
epoch:  1 batch:  30 region_loss:  10.0 10.0 loc_loss:  1.9207752990722655 reward_loss:  -96.03852844238281
epoch:  1 batch:  40 region_loss:  10.0 10.0 loc_loss:  1.9048626708984375 reward_loss:  -95.24400329589844
epoch:  1 batch:  50 region_loss:  10.0 10.0 loc_loss:  1.90348388671875 reward_loss:  -95.17308807373047
epoch:  1 batch:  60 region_loss:  10.0 10.0 loc_loss:  1.8863201904296876 reward_loss:  -94.31527709960938
epoch:  1 batch:  70 region_loss:  10.0 10.0 loc_loss:  1.8693447875976563 reward_loss:  -93.46632385253906
epoch:  1 batch:  80 region_loss:  10.0 10.0 loc_loss:  1.8392520141601563 reward_loss:  -91.96089935302734
epoch:  1 batch:  90 region_loss:  6.0 6.0 loc_loss:  1.0966386413574218 reward_loss:  -54.8309211730957
epoch:  1 batch:  100 region_loss:  8.0 8.0 loc_loss:  1.4504811096191406 reward_loss:  -72.5240249633789
epoch:  1 batch:  110 region_loss:  4.0 4.0 loc_loss:  0.7326482391357422 reward_loss:  -36.63290786743164
epoch:  1 batch:  120 region_loss:  5.0 5.0 loc_loss:  0.9006475067138672 reward_loss:  -45.03282165527344
epoch:  1 batch:  130 region_loss:  7.0 7.0 loc_loss:  1.2497261047363282 reward_loss:  -62.48813247680664
acc@1:  0.022107243650047036
epoch: 1 region loss 0.17051094890510948 loc loss 1.59222387216387 reward loss -79.611323168678
epoch:  2 batch:  0 region_loss:  10.0 10.0 loc_loss:  1.7180082702636719 reward_loss:  -85.90056610107422
epoch:  2 batch:  10 region_loss:  10.0 10.0 loc_loss:  1.7500003051757813 reward_loss:  -87.4990005493164
epoch:  2 batch:  20 region_loss:  10.0 10.0 loc_loss:  1.7286709594726561 reward_loss:  -86.4336929321289
epoch:  2 batch:  30 region_loss:  10.0 10.0 loc_loss:  1.7657913208007812 reward_loss:  -88.29024505615234
epoch:  2 batch:  40 region_loss:  10.0 10.0 loc_loss:  1.7173202514648438 reward_loss:  -85.86483764648438
epoch:  2 batch:  50 region_loss:  10.0 10.0 loc_loss:  1.77419677734375 reward_loss:  -88.71003723144531
epoch:  2 batch:  60 region_loss:  10.0 10.0 loc_loss:  1.7442219543457032 reward_loss:  -87.21038818359375
epoch:  2 batch:  70 region_loss:  10.0 10.0 loc_loss:  1.7453520202636719 reward_loss:  -87.26892852783203
epoch:  2 batch:  80 region_loss:  10.0 10.0 loc_loss:  1.720056610107422 reward_loss:  -86.00559997558594
epoch:  2 batch:  90 region_loss:  6.0 6.0 loc_loss:  1.0357115173339844 reward_loss:  -51.78473663330078
epoch:  2 batch:  100 region_loss:  8.0 8.0 loc_loss:  1.3729554748535155 reward_loss:  -68.64835357666016
epoch:  2 batch:  110 region_loss:  4.0 4.0 loc_loss:  0.7001116180419922 reward_loss:  -35.00648880004883
epoch:  2 batch:  120 region_loss:  5.0 5.0 loc_loss:  0.8652487182617188 reward_loss:  -43.26176452636719
epoch:  2 batch:  130 region_loss:  7.0 7.0 loc_loss:  1.2015050506591798 reward_loss:  -60.076385498046875
acc@1:  0.027281279397930385
epoch: 2 region loss 0.17051094890510948 loc loss 1.4690958694123872 reward loss -73.45495393850507
epoch:  3 batch:  0 region_loss:  10.0 10.0 loc_loss:  1.6719566345214845 reward_loss:  -83.59780883789062
epoch:  3 batch:  10 region_loss:  10.0 10.0 loc_loss:  1.6833561706542968 reward_loss:  -84.16860961914062
epoch:  3 batch:  20 region_loss:  10.0 10.0 loc_loss:  1.6436235046386718 reward_loss:  -82.1805419921875
epoch:  3 batch:  30 region_loss:  10.0 10.0 loc_loss:  1.6988458251953125 reward_loss:  -84.94351196289062
epoch:  3 batch:  40 region_loss:  10.0 10.0 loc_loss:  1.6443118286132812 reward_loss:  -82.21629333496094
epoch:  3 batch:  50 region_loss:  10.0 10.0 loc_loss:  1.70703125 reward_loss:  -85.3498764038086
epoch:  3 batch:  60 region_loss:  10.0 10.0 loc_loss:  1.6831571960449219 reward_loss:  -84.15830993652344
epoch:  3 batch:  70 region_loss:  10.0 10.0 loc_loss:  1.6841740417480469 reward_loss:  -84.20925903320312
epoch:  3 batch:  80 region_loss:  10.0 10.0 loc_loss:  1.6657530212402343 reward_loss:  -83.28690338134766
epoch:  3 batch:  90 region_loss:  6.0 6.0 loc_loss:  1.0038034057617187 reward_loss:  -50.19010925292969
epoch:  3 batch:  100 region_loss:  8.0 8.0 loc_loss:  1.3270259094238281 reward_loss:  -66.35208892822266
epoch:  3 batch:  110 region_loss:  4.0 4.0 loc_loss:  0.6805924987792968 reward_loss:  -34.029869079589844
epoch:  3 batch:  120 region_loss:  5.0 5.0 loc_loss:  0.8422743988037109 reward_loss:  -42.11367416381836
epoch:  3 batch:  130 region_loss:  7.0 7.0 loc_loss:  1.1701004791259766 reward_loss:  -58.504512786865234
acc@1:  0.034807149576669805
epoch: 3 region loss 0.17051094890510948 loc loss 1.4131021235110988 reward loss -70.65514125963198
epoch:  4 batch:  0 region_loss:  10.0 10.0 loc_loss:  1.6334158325195312 reward_loss:  -81.67088317871094
epoch:  4 batch:  10 region_loss:  10.0 10.0 loc_loss:  1.63915771484375 reward_loss:  -81.95840454101562
epoch:  4 batch:  20 region_loss:  10.0 10.0 loc_loss:  1.5834616088867188 reward_loss:  -79.17277526855469
epoch:  4 batch:  30 region_loss:  10.0 10.0 loc_loss:  1.6463345336914061 reward_loss:  -82.31668090820312
epoch:  4 batch:  40 region_loss:  10.0 10.0 loc_loss:  1.5896949768066406 reward_loss:  -79.48443603515625
epoch:  4 batch:  50 region_loss:  10.0 10.0 loc_loss:  1.6520858764648438 reward_loss:  -82.60427856445312
epoch:  4 batch:  60 region_loss:  10.0 10.0 loc_loss:  1.63150390625 reward_loss:  -81.57481384277344
epoch:  4 batch:  70 region_loss:  10.0 10.0 loc_loss:  1.6294882202148437 reward_loss:  -81.47428894042969
epoch:  4 batch:  80 region_loss:  10.0 10.0 loc_loss:  1.616517333984375 reward_loss:  -80.82632446289062
epoch:  4 batch:  90 region_loss:  6.0 6.0 loc_loss:  0.9753762817382813 reward_loss:  -48.768558502197266
epoch:  4 batch:  100 region_loss:  8.0 8.0 loc_loss:  1.283365478515625 reward_loss:  -64.1683120727539
epoch:  4 batch:  110 region_loss:  4.0 4.0 loc_loss:  0.6632123565673829 reward_loss:  -33.16085433959961
epoch:  4 batch:  120 region_loss:  5.0 5.0 loc_loss:  0.8185506439208985 reward_loss:  -40.92778778076172
epoch:  4 batch:  130 region_loss:  7.0 7.0 loc_loss:  1.1389884185791015 reward_loss:  -56.94986343383789
acc@1:  0.04609595484477893
epoch: 4 region loss 0.17051094890510948 loc loss 1.3664106906417512 reward loss -68.32053391950843
epoch:  5 batch:  0 region_loss:  10.0 10.0 loc_loss:  1.5889480590820313 reward_loss:  -79.44638061523438
epoch:  5 batch:  10 region_loss:  10.0 10.0 loc_loss:  1.5945233154296874 reward_loss:  -79.72596740722656
epoch:  5 batch:  20 region_loss:  10.0 10.0 loc_loss:  1.5232754516601563 reward_loss:  -76.16321563720703
epoch:  5 batch:  30 region_loss:  10.0 10.0 loc_loss:  1.5934468078613282 reward_loss:  -79.6723403930664
epoch:  5 batch:  40 region_loss:  10.0 10.0 loc_loss:  1.5364875793457031 reward_loss:  -76.82425689697266
epoch:  5 batch:  50 region_loss:  10.0 10.0 loc_loss:  1.5978285217285155 reward_loss:  -79.8915023803711
epoch:  5 batch:  60 region_loss:  10.0 10.0 loc_loss:  1.5790805053710937 reward_loss:  -78.95384979248047
epoch:  5 batch:  70 region_loss:  10.0 10.0 loc_loss:  1.5726173400878907 reward_loss:  -78.6316909790039
epoch:  5 batch:  80 region_loss:  10.0 10.0 loc_loss:  1.5661500549316407 reward_loss:  -78.30735778808594
epoch:  5 batch:  90 region_loss:  6.0 6.0 loc_loss:  0.9461741638183594 reward_loss:  -47.30859375
epoch:  5 batch:  100 region_loss:  8.0 8.0 loc_loss:  1.2369837951660156 reward_loss:  -61.849815368652344
epoch:  5 batch:  110 region_loss:  4.0 4.0 loc_loss:  0.6456133270263672 reward_loss:  -32.28117752075195
epoch:  5 batch:  120 region_loss:  5.0 5.0 loc_loss:  0.7929233551025391 reward_loss:  -39.64638900756836
epoch:  5 batch:  130 region_loss:  7.0 7.0 loc_loss:  1.1053990936279297 reward_loss:  -55.26997756958008
acc@1:  0.05503292568203198
epoch: 5 region loss 0.17051094890510948 loc loss 1.3185921174766373 reward loss -65.92962870632645
epoch:  6 batch:  0 region_loss:  10.0 10.0 loc_loss:  1.5373052978515624 reward_loss:  -76.86544799804688
epoch:  6 batch:  10 region_loss:  10.0 10.0 loc_loss:  1.54531982421875 reward_loss:  -77.26594543457031
epoch:  6 batch:  20 region_loss:  10.0 10.0 loc_loss:  1.4580293273925782 reward_loss:  -72.9014892578125
epoch:  6 batch:  30 region_loss:  10.0 10.0 loc_loss:  1.5365646362304688 reward_loss:  -76.8283462524414
epoch:  6 batch:  40 region_loss:  10.0 10.0 loc_loss:  1.482223663330078 reward_loss:  -74.11129760742188
epoch:  6 batch:  50 region_loss:  10.0 10.0 loc_loss:  1.539468994140625 reward_loss:  -76.97352600097656
epoch:  6 batch:  60 region_loss:  10.0 10.0 loc_loss:  1.522666473388672 reward_loss:  -76.13334655761719
epoch:  6 batch:  70 region_loss:  10.0 10.0 loc_loss:  1.512587127685547 reward_loss:  -75.6293716430664
epoch:  6 batch:  80 region_loss:  10.0 10.0 loc_loss:  1.5117433166503906 reward_loss:  -75.58716583251953
epoch:  6 batch:  90 region_loss:  6.0 6.0 loc_loss:  0.9154145812988281 reward_loss:  -45.77091979980469
epoch:  6 batch:  100 region_loss:  8.0 8.0 loc_loss:  1.1867029571533203 reward_loss:  -59.33546447753906
epoch:  6 batch:  110 region_loss:  4.0 4.0 loc_loss:  0.6271241378784179 reward_loss:  -31.356130599975586
epoch:  6 batch:  120 region_loss:  5.0 5.0 loc_loss:  0.7648063659667969 reward_loss:  -38.240421295166016
epoch:  6 batch:  130 region_loss:  7.0 7.0 loc_loss:  1.0691104888916017 reward_loss:  -53.45556640625
acc@1:  0.06396989651928504
epoch: 6 region loss 0.17051094890510948 loc loss 1.2674245586534487 reward loss -63.37125393944065
epoch:  7 batch:  0 region_loss:  10.0 10.0 loc_loss:  1.479365692138672 reward_loss:  -73.96829986572266
epoch:  7 batch:  10 region_loss:  10.0 10.0 loc_loss:  1.4899894714355468 reward_loss:  -74.4994888305664
epoch:  7 batch:  20 region_loss:  10.0 10.0 loc_loss:  1.388211669921875 reward_loss:  -69.41058349609375
epoch:  7 batch:  30 region_loss:  10.0 10.0 loc_loss:  1.4746476745605468 reward_loss:  -73.73237609863281
epoch:  7 batch:  40 region_loss:  10.0 10.0 loc_loss:  1.4265255737304687 reward_loss:  -71.32623291015625
epoch:  7 batch:  50 region_loss:  10.0 10.0 loc_loss:  1.4763746643066407 reward_loss:  -73.8187255859375
epoch:  7 batch:  60 region_loss:  10.0 10.0 loc_loss:  1.4617359924316407 reward_loss:  -73.08705139160156
epoch:  7 batch:  70 region_loss:  10.0 10.0 loc_loss:  1.4482077026367188 reward_loss:  -72.41011047363281
epoch:  7 batch:  80 region_loss:  10.0 10.0 loc_loss:  1.4535810852050781 reward_loss:  -72.67899322509766
epoch:  7 batch:  90 region_loss:  6.0 6.0 loc_loss:  0.8830813598632813 reward_loss:  -44.154056549072266
epoch:  7 batch:  100 region_loss:  8.0 8.0 loc_loss:  1.13251220703125 reward_loss:  -56.62623596191406
epoch:  7 batch:  110 region_loss:  4.0 4.0 loc_loss:  0.6075704574584961 reward_loss:  -30.378692626953125
epoch:  7 batch:  120 region_loss:  5.0 5.0 loc_loss:  0.7346495819091797 reward_loss:  -36.732479095458984
epoch:  7 batch:  130 region_loss:  7.0 7.0 loc_loss:  1.0303384399414062 reward_loss:  -51.51691436767578
acc@1:  0.0794920037629351
epoch: 7 region loss 0.17051094890510948 loc loss 1.2129292609221745 reward loss -60.64647696836151
epoch:  8 batch:  0 region_loss:  10.0 10.0 loc_loss:  1.4165434265136718 reward_loss:  -70.8271713256836
epoch:  8 batch:  10 region_loss:  10.0 10.0 loc_loss:  1.429905548095703 reward_loss:  -71.4952621459961
epoch:  8 batch:  20 region_loss:  10.0 10.0 loc_loss:  1.3156190490722657 reward_loss:  -65.7811508178711
epoch:  8 batch:  30 region_loss:  10.0 10.0 loc_loss:  1.4085809326171874 reward_loss:  -70.42906951904297
epoch:  8 batch:  40 region_loss:  10.0 10.0 loc_loss:  1.3711326599121094 reward_loss:  -68.5566177368164
epoch:  8 batch:  50 region_loss:  10.0 10.0 loc_loss:  1.408594207763672 reward_loss:  -70.43016815185547
epoch:  8 batch:  60 region_loss:  10.0 10.0 loc_loss:  1.3974197387695313 reward_loss:  -69.8709945678711
epoch:  8 batch:  70 region_loss:  10.0 10.0 loc_loss:  1.3792955017089843 reward_loss:  -68.96479797363281
epoch:  8 batch:  80 region_loss:  10.0 10.0 loc_loss:  1.392604217529297 reward_loss:  -69.63021850585938
epoch:  8 batch:  90 region_loss:  6.0 6.0 loc_loss:  0.8495848083496094 reward_loss:  -42.479209899902344
epoch:  8 batch:  100 region_loss:  8.0 8.0 loc_loss:  1.075221710205078 reward_loss:  -53.76095962524414
epoch:  8 batch:  110 region_loss:  4.0 4.0 loc_loss:  0.5870957946777344 reward_loss:  -29.354799270629883
epoch:  8 batch:  120 region_loss:  5.0 5.0 loc_loss:  0.7027007293701172 reward_loss:  -35.135040283203125
epoch:  8 batch:  130 region_loss:  7.0 7.0 loc_loss:  0.9897625732421875 reward_loss:  -49.4881706237793
acc@1:  0.08795860771401694
epoch: 8 region loss 0.17051094890510948 loc loss 1.1561382786548922 reward loss -57.80692197980672
epoch:  9 batch:  0 region_loss:  10.0 10.0 loc_loss:  1.3492898559570312 reward_loss:  -67.4645004272461
epoch:  9 batch:  10 region_loss:  10.0 10.0 loc_loss:  1.3658259582519532 reward_loss:  -68.29132080078125
epoch:  9 batch:  20 region_loss:  10.0 10.0 loc_loss:  1.2426260375976563 reward_loss:  -62.13129806518555
epoch:  9 batch:  30 region_loss:  10.0 10.0 loc_loss:  1.3394139099121094 reward_loss:  -66.9708023071289
epoch:  9 batch:  40 region_loss:  10.0 10.0 loc_loss:  1.3166317749023437 reward_loss:  -65.83157348632812
epoch:  9 batch:  50 region_loss:  10.0 10.0 loc_loss:  1.3369886779785156 reward_loss:  -66.84942626953125
epoch:  9 batch:  60 region_loss:  10.0 10.0 loc_loss:  1.331294403076172 reward_loss:  -66.56466674804688
epoch:  9 batch:  70 region_loss:  10.0 10.0 loc_loss:  1.3073855590820314 reward_loss:  -65.3693618774414
epoch:  9 batch:  80 region_loss:  10.0 10.0 loc_loss:  1.3299630737304688 reward_loss:  -66.4981460571289
epoch:  9 batch:  90 region_loss:  6.0 6.0 loc_loss:  0.8150361633300781 reward_loss:  -40.751800537109375
epoch:  9 batch:  100 region_loss:  8.0 8.0 loc_loss:  1.01713623046875 reward_loss:  -50.8568229675293
epoch:  9 batch:  110 region_loss:  4.0 4.0 loc_loss:  0.5659060287475586 reward_loss:  -28.295305252075195
epoch:  9 batch:  120 region_loss:  5.0 5.0 loc_loss:  0.66963134765625 reward_loss:  -33.48167037963867
epoch:  9 batch:  130 region_loss:  7.0 7.0 loc_loss:  0.9478596496582031 reward_loss:  -47.39295196533203
acc@1:  0.10112888052681092
epoch: 9 region loss 0.17051094890510948 loc loss 1.0983246136407783 reward loss -54.91623893793482
epoch:  10 batch:  0 region_loss:  10.0 10.0 loc_loss:  1.2794377136230468 reward_loss:  -63.971885681152344
epoch:  10 batch:  10 region_loss:  10.0 10.0 loc_loss:  1.2992271423339843 reward_loss:  -64.96135711669922
epoch:  10 batch:  20 region_loss:  10.0 10.0 loc_loss:  1.1713973999023437 reward_loss:  -58.56988525390625
epoch:  10 batch:  30 region_loss:  10.0 10.0 loc_loss:  1.2681711578369141 reward_loss:  -63.408538818359375
epoch:  10 batch:  40 region_loss:  10.0 10.0 loc_loss:  1.2627958679199218 reward_loss:  -63.139793395996094
epoch:  10 batch:  50 region_loss:  10.0 10.0 loc_loss:  1.2623342895507812 reward_loss:  -63.116703033447266
epoch:  10 batch:  60 region_loss:  10.0 10.0 loc_loss:  1.2653176879882813 reward_loss:  -63.26588439941406
epoch:  10 batch:  70 region_loss:  10.0 10.0 loc_loss:  1.2346903228759765 reward_loss:  -61.73451614379883
epoch:  10 batch:  80 region_loss:  10.0 10.0 loc_loss:  1.2680209350585938 reward_loss:  -63.40082931518555
epoch:  10 batch:  90 region_loss:  6.0 6.0 loc_loss:  0.7800765991210937 reward_loss:  -39.00382614135742
epoch:  10 batch:  100 region_loss:  8.0 8.0 loc_loss:  0.9603748321533203 reward_loss:  -48.018741607666016
epoch:  10 batch:  110 region_loss:  4.0 4.0 loc_loss:  0.5441390228271484 reward_loss:  -27.206941604614258
epoch:  10 batch:  120 region_loss:  5.0 5.0 loc_loss:  0.6363426208496094 reward_loss:  -31.81717300415039
epoch:  10 batch:  130 region_loss:  7.0 7.0 loc_loss:  0.9054093933105469 reward_loss:  -45.27046585083008
acc@1:  0.11147695202257761
epoch: 10 region loss 0.17051094890510948 loc loss 1.0408545759994619 reward loss -52.04272820131622
epoch:  11 batch:  0 region_loss:  10.0 10.0 loc_loss:  1.2089693450927734 reward_loss:  -60.44844055175781
epoch:  11 batch:  10 region_loss:  10.0 10.0 loc_loss:  1.2313088989257812 reward_loss:  -61.565452575683594
epoch:  11 batch:  20 region_loss:  10.0 10.0 loc_loss:  1.1026819610595704 reward_loss:  -55.13409423828125
epoch:  11 batch:  30 region_loss:  10.0 10.0 loc_loss:  1.1961156463623046 reward_loss:  -59.80577850341797
epoch:  11 batch:  40 region_loss:  10.0 10.0 loc_loss:  1.209346694946289 reward_loss:  -60.46733474731445
epoch:  11 batch:  50 region_loss:  10.0 10.0 loc_loss:  1.1866269683837891 reward_loss:  -59.33134841918945
epoch:  11 batch:  60 region_loss:  10.0 10.0 loc_loss:  1.2009307861328125 reward_loss:  -60.04652404785156
epoch:  11 batch:  70 region_loss:  10.0 10.0 loc_loss:  1.1635537719726563 reward_loss:  -58.177703857421875
epoch:  11 batch:  80 region_loss:  10.0 10.0 loc_loss:  1.2085885620117187 reward_loss:  -60.42938995361328
epoch:  11 batch:  90 region_loss:  6.0 6.0 loc_loss:  0.745186767578125 reward_loss:  -37.259342193603516
epoch:  11 batch:  100 region_loss:  8.0 8.0 loc_loss:  0.9056832885742188 reward_loss:  -45.28415298461914
epoch:  11 batch:  110 region_loss:  4.0 4.0 loc_loss:  0.5220149993896485 reward_loss:  -26.100727081298828
epoch:  11 batch:  120 region_loss:  5.0 5.0 loc_loss:  0.6032570266723633 reward_loss:  -30.16284942626953
epoch:  11 batch:  130 region_loss:  7.0 7.0 loc_loss:  0.8633140563964844 reward_loss:  -43.16569519042969
acc@1:  0.12088428974600188
epoch: 11 region loss 0.17051094890510948 loc loss 0.9849258202879969 reward loss -49.24628339892757
epoch:  12 batch:  0 region_loss:  10.0 10.0 loc_loss:  1.1399533081054687 reward_loss:  -56.99766159057617
epoch:  12 batch:  10 region_loss:  10.0 10.0 loc_loss:  1.164242935180664 reward_loss:  -58.2121467590332
epoch:  12 batch:  20 region_loss:  10.0 10.0 loc_loss:  1.0374728393554689 reward_loss:  -51.873775482177734
epoch:  12 batch:  30 region_loss:  10.0 10.0 loc_loss:  1.124536895751953 reward_loss:  -56.22686767578125
epoch:  12 batch:  40 region_loss:  10.0 10.0 loc_loss:  1.1566242218017577 reward_loss:  -57.83120346069336
epoch:  12 batch:  50 region_loss:  10.0 10.0 loc_loss:  1.1120578002929689 reward_loss:  -55.60289001464844
epoch:  12 batch:  60 region_loss:  10.0 10.0 loc_loss:  1.139093780517578 reward_loss:  -56.954681396484375
epoch:  12 batch:  70 region_loss:  10.0 10.0 loc_loss:  1.0961532592773438 reward_loss:  -54.80765914916992
epoch:  12 batch:  80 region_loss:  10.0 10.0 loc_loss:  1.1523123931884767 reward_loss:  -57.61562728881836
epoch:  12 batch:  90 region_loss:  6.0 6.0 loc_loss:  0.7108365631103516 reward_loss:  -35.5426139831543
epoch:  12 batch:  100 region_loss:  8.0 8.0 loc_loss:  0.8540312957763672 reward_loss:  -42.70157241821289
epoch:  12 batch:  110 region_loss:  4.0 4.0 loc_loss:  0.49971004486083986 reward_loss:  -24.98550033569336
epoch:  12 batch:  120 region_loss:  5.0 5.0 loc_loss:  0.5710429763793945 reward_loss:  -28.55215835571289
epoch:  12 batch:  130 region_loss:  7.0 7.0 loc_loss:  0.8222185516357422 reward_loss:  -41.11092758178711
acc@1:  0.12746942615239887
epoch: 12 region loss 0.17051094890510948 loc loss 0.9315140800754519 reward loss -46.575705047941554
epoch:  13 batch:  0 region_loss:  10.0 10.0 loc_loss:  1.0739502716064453 reward_loss:  -53.69751739501953
epoch:  13 batch:  10 region_loss:  10.0 10.0 loc_loss:  1.0992984008789062 reward_loss:  -54.9648551940918
epoch:  13 batch:  20 region_loss:  10.0 10.0 loc_loss:  0.9764369201660156 reward_loss:  -48.821876525878906
epoch:  13 batch:  30 region_loss:  10.0 10.0 loc_loss:  1.0553369903564453 reward_loss:  -52.7668571472168
epoch:  13 batch:  40 region_loss:  10.0 10.0 loc_loss:  1.1054901123046874 reward_loss:  -55.274478912353516
epoch:  13 batch:  50 region_loss:  10.0 10.0 loc_loss:  1.0413563537597657 reward_loss:  -52.06783676147461
epoch:  13 batch:  60 region_loss:  10.0 10.0 loc_loss:  1.0801892852783204 reward_loss:  -54.009483337402344
epoch:  13 batch:  70 region_loss:  10.0 10.0 loc_loss:  1.0333607482910157 reward_loss:  -51.66801452636719
epoch:  13 batch:  80 region_loss:  10.0 10.0 loc_loss:  1.099003219604492 reward_loss:  -54.95015335083008
epoch:  13 batch:  90 region_loss:  6.0 6.0 loc_loss:  0.6775187683105469 reward_loss:  -33.87596130371094
epoch:  13 batch:  100 region_loss:  8.0 8.0 loc_loss:  0.8063468933105469 reward_loss:  -40.31732940673828
epoch:  13 batch:  110 region_loss:  4.0 4.0 loc_loss:  0.4776398468017578 reward_loss:  -23.882007598876953
epoch:  13 batch:  120 region_loss:  5.0 5.0 loc_loss:  0.5404069900512696 reward_loss:  -27.02033042907715
epoch:  13 batch:  130 region_loss:  7.0 7.0 loc_loss:  0.7827061462402344 reward_loss:  -39.13530731201172
acc@1:  0.13311382878645345
epoch: 13 region loss 0.17051094890510948 loc loss 0.8812976895631666 reward loss -44.06488208353085
epoch:  14 batch:  0 region_loss:  10.0 10.0 loc_loss:  1.0118064880371094 reward_loss:  -50.59040832519531
epoch:  14 batch:  10 region_loss:  10.0 10.0 loc_loss:  1.038198013305664 reward_loss:  -51.909889221191406
epoch:  14 batch:  20 region_loss:  10.0 10.0 loc_loss:  0.9201997375488281 reward_loss:  -46.00998306274414
epoch:  14 batch:  30 region_loss:  10.0 10.0 loc_loss:  0.9903911590576172 reward_loss:  -49.51956558227539
epoch:  14 batch:  40 region_loss:  10.0 10.0 loc_loss:  1.0568128967285155 reward_loss:  -52.84063720703125
epoch:  14 batch:  50 region_loss:  10.0 10.0 loc_loss:  0.9763810729980469 reward_loss:  -48.81904602050781
epoch:  14 batch:  60 region_loss:  10.0 10.0 loc_loss:  1.0242293548583985 reward_loss:  -51.21146774291992
epoch:  14 batch:  70 region_loss:  10.0 10.0 loc_loss:  0.975919189453125 reward_loss:  -48.79597473144531
epoch:  14 batch:  80 region_loss:  10.0 10.0 loc_loss:  1.0483518981933593 reward_loss:  -52.41759490966797
epoch:  14 batch:  90 region_loss:  6.0 6.0 loc_loss:  0.6456666564941407 reward_loss:  -32.28333282470703
epoch:  14 batch:  100 region_loss:  8.0 8.0 loc_loss:  0.7627202606201172 reward_loss:  -38.13593292236328
epoch:  14 batch:  110 region_loss:  4.0 4.0 loc_loss:  0.4559030532836914 reward_loss:  -22.795156478881836
epoch:  14 batch:  120 region_loss:  5.0 5.0 loc_loss:  0.5114028930664063 reward_loss:  -25.5700740814209
epoch:  14 batch:  130 region_loss:  7.0 7.0 loc_loss:  0.74468994140625 reward_loss:  -37.234500885009766
acc@1:  0.138758231420508
epoch: 14 region loss 0.17051094890510948 loc loss 0.8346297246000192 reward loss -41.73148705141388
epoch:  15 batch:  0 region_loss:  10.0 10.0 loc_loss:  0.9543707275390625 reward_loss:  -47.71854019165039
epoch:  15 batch:  10 region_loss:  10.0 10.0 loc_loss:  0.9815399932861328 reward_loss:  -49.07699966430664
epoch:  15 batch:  20 region_loss:  10.0 10.0 loc_loss:  0.8689893341064453 reward_loss:  -43.449466705322266
epoch:  15 batch:  30 region_loss:  10.0 10.0 loc_loss:  0.9308965301513672 reward_loss:  -46.54482650756836
epoch:  15 batch:  40 region_loss:  10.0 10.0 loc_loss:  1.0107019805908204 reward_loss:  -50.53548812866211
epoch:  15 batch:  50 region_loss:  10.0 10.0 loc_loss:  0.9178706359863281 reward_loss:  -45.893531799316406
epoch:  15 batch:  60 region_loss:  10.0 10.0 loc_loss:  0.9714830780029297 reward_loss:  -48.57415771484375
epoch:  15 batch:  70 region_loss:  10.0 10.0 loc_loss:  0.9234745025634765 reward_loss:  -46.17372131347656
epoch:  15 batch:  80 region_loss:  10.0 10.0 loc_loss:  1.0001846313476563 reward_loss:  -50.00923156738281
epoch:  15 batch:  90 region_loss:  6.0 6.0 loc_loss:  0.6156016921997071 reward_loss:  -30.78008460998535
epoch:  15 batch:  100 region_loss:  8.0 8.0 loc_loss:  0.7230903625488281 reward_loss:  -36.154510498046875
epoch:  15 batch:  110 region_loss:  4.0 4.0 loc_loss:  0.4347431182861328 reward_loss:  -21.737136840820312
epoch:  15 batch:  120 region_loss:  5.0 5.0 loc_loss:  0.48419406890869143 reward_loss:  -24.209705352783203
epoch:  15 batch:  130 region_loss:  7.0 7.0 loc_loss:  0.7087398529052734 reward_loss:  -35.43699645996094
acc@1:  0.14111006585136407
epoch: 15 region loss 0.17051094890510948 loc loss 0.7915995259528613 reward loss -39.57997617234279
epoch:  16 batch:  0 region_loss:  10.0 10.0 loc_loss:  0.901353759765625 reward_loss:  -45.06768798828125
epoch:  16 batch:  10 region_loss:  10.0 10.0 loc_loss:  0.929487075805664 reward_loss:  -46.47434997558594
epoch:  16 batch:  20 region_loss:  10.0 10.0 loc_loss:  0.8228549957275391 reward_loss:  -41.142757415771484
epoch:  16 batch:  30 region_loss:  10.0 10.0 loc_loss:  0.87727783203125 reward_loss:  -43.863895416259766
epoch:  16 batch:  40 region_loss:  10.0 10.0 loc_loss:  0.9680020141601563 reward_loss:  -48.40010070800781
epoch:  16 batch:  50 region_loss:  10.0 10.0 loc_loss:  0.8659001159667968 reward_loss:  -43.295005798339844
epoch:  16 batch:  60 region_loss:  10.0 10.0 loc_loss:  0.9217622375488281 reward_loss:  -46.088111877441406
epoch:  16 batch:  70 region_loss:  10.0 10.0 loc_loss:  0.8750579833984375 reward_loss:  -43.75242614746094
epoch:  16 batch:  80 region_loss:  10.0 10.0 loc_loss:  0.9548229217529297 reward_loss:  -47.74114990234375
epoch:  16 batch:  90 region_loss:  6.0 6.0 loc_loss:  0.5873700714111328 reward_loss:  -29.368499755859375
epoch:  16 batch:  100 region_loss:  8.0 8.0 loc_loss:  0.6869979095458985 reward_loss:  -34.34990310668945
epoch:  16 batch:  110 region_loss:  4.0 4.0 loc_loss:  0.41435440063476564 reward_loss:  -20.71772003173828
epoch:  16 batch:  120 region_loss:  5.0 5.0 loc_loss:  0.4586298370361328 reward_loss:  -22.931488037109375
epoch:  16 batch:  130 region_loss:  7.0 7.0 loc_loss:  0.6749396514892578 reward_loss:  -33.746978759765625
acc@1:  0.14205079962370648
epoch: 16 region loss 0.17051094890510948 loc loss 0.7520572389477361 reward loss -37.6028587035019
epoch:  17 batch:  0 region_loss:  10.0 10.0 loc_loss:  0.8529730987548828 reward_loss:  -42.648651123046875
epoch:  17 batch:  10 region_loss:  10.0 10.0 loc_loss:  0.8817982482910156 reward_loss:  -44.08991622924805
epoch:  17 batch:  20 region_loss:  10.0 10.0 loc_loss:  0.7814047241210937 reward_loss:  -39.070228576660156
epoch:  17 batch:  30 region_loss:  10.0 10.0 loc_loss:  0.8285711669921875 reward_loss:  -41.428558349609375
epoch:  17 batch:  40 region_loss:  10.0 10.0 loc_loss:  0.9281891632080078 reward_loss:  -46.40945816040039
epoch:  17 batch:  50 region_loss:  10.0 10.0 loc_loss:  0.8194190979003906 reward_loss:  -40.97095489501953
epoch:  17 batch:  60 region_loss:  10.0 10.0 loc_loss:  0.8749488830566406 reward_loss:  -43.747440338134766
epoch:  17 batch:  70 region_loss:  10.0 10.0 loc_loss:  0.8308826446533203 reward_loss:  -41.54413986206055
epoch:  17 batch:  80 region_loss:  10.0 10.0 loc_loss:  0.912015151977539 reward_loss:  -45.60075378417969
epoch:  17 batch:  90 region_loss:  6.0 6.0 loc_loss:  0.5607063293457031 reward_loss:  -28.035316467285156
epoch:  17 batch:  100 region_loss:  8.0 8.0 loc_loss:  0.653880615234375 reward_loss:  -32.69403839111328
epoch:  17 batch:  110 region_loss:  4.0 4.0 loc_loss:  0.39470577239990234 reward_loss:  -19.735258102416992
epoch:  17 batch:  120 region_loss:  5.0 5.0 loc_loss:  0.43450557708740234 reward_loss:  -21.725242614746094
epoch:  17 batch:  130 region_loss:  7.0 7.0 loc_loss:  0.6431987762451172 reward_loss:  -32.15993881225586
acc@1:  0.14063969896519285
epoch: 17 region loss 0.17051094890510948 loc loss 0.7157067780599107 reward loss -35.78533763607053
epoch:  18 batch:  0 region_loss:  10.0 10.0 loc_loss:  0.8084345245361328 reward_loss:  -40.42172622680664
epoch:  18 batch:  10 region_loss:  10.0 10.0 loc_loss:  0.8381071472167969 reward_loss:  -41.90536117553711
epoch:  18 batch:  20 region_loss:  10.0 10.0 loc_loss:  0.744010009765625 reward_loss:  -37.200504302978516
epoch:  18 batch:  30 region_loss:  10.0 10.0 loc_loss:  0.7844157409667969 reward_loss:  -39.22078323364258
epoch:  18 batch:  40 region_loss:  10.0 10.0 loc_loss:  0.8913949584960937 reward_loss:  -44.56974792480469
epoch:  18 batch:  50 region_loss:  10.0 10.0 loc_loss:  0.7776841735839843 reward_loss:  -38.88420486450195
epoch:  18 batch:  60 region_loss:  10.0 10.0 loc_loss:  0.830879898071289 reward_loss:  -41.54399490356445
epoch:  18 batch:  70 region_loss:  10.0 10.0 loc_loss:  0.7901241302490234 reward_loss:  -39.50619888305664
epoch:  18 batch:  80 region_loss:  10.0 10.0 loc_loss:  0.8716993713378907 reward_loss:  -43.58496856689453
epoch:  18 batch:  90 region_loss:  6.0 6.0 loc_loss:  0.5355467224121093 reward_loss:  -26.77733612060547
epoch:  18 batch:  100 region_loss:  8.0 8.0 loc_loss:  0.623288688659668 reward_loss:  -31.164432525634766
epoch:  18 batch:  110 region_loss:  4.0 4.0 loc_loss:  0.37571563720703127 reward_loss:  -18.785783767700195
epoch:  18 batch:  120 region_loss:  5.0 5.0 loc_loss:  0.41182540893554687 reward_loss:  -20.59130096435547
epoch:  18 batch:  130 region_loss:  7.0 7.0 loc_loss:  0.6134306716918946 reward_loss:  -30.671533584594727
acc@1:  0.1396989651928504
epoch: 18 region loss 0.17051094890510948 loc loss 0.6821667584885646 reward loss -34.108336845453636
epoch:  19 batch:  0 region_loss:  10.0 10.0 loc_loss:  0.7674451446533204 reward_loss:  -38.37226104736328
epoch:  19 batch:  10 region_loss:  10.0 10.0 loc_loss:  0.7979468536376954 reward_loss:  -39.89735794067383
epoch:  19 batch:  20 region_loss:  10.0 10.0 loc_loss:  0.7103408813476563 reward_loss:  -35.51704025268555
epoch:  19 batch:  30 region_loss:  10.0 10.0 loc_loss:  0.7441851806640625 reward_loss:  -37.20926284790039
epoch:  19 batch:  40 region_loss:  10.0 10.0 loc_loss:  0.8572328186035156 reward_loss:  -42.86164093017578
epoch:  19 batch:  50 region_loss:  10.0 10.0 loc_loss:  0.739773178100586 reward_loss:  -36.98866271972656
epoch:  19 batch:  60 region_loss:  10.0 10.0 loc_loss:  0.7894719696044922 reward_loss:  -39.47359848022461
epoch:  19 batch:  70 region_loss:  10.0 10.0 loc_loss:  0.7526449584960937 reward_loss:  -37.63224792480469
epoch:  19 batch:  80 region_loss:  10.0 10.0 loc_loss:  0.833640365600586 reward_loss:  -41.681888580322266
epoch:  19 batch:  90 region_loss:  6.0 6.0 loc_loss:  0.5116510009765625 reward_loss:  -25.58254623413086
epoch:  19 batch:  100 region_loss:  8.0 8.0 loc_loss:  0.5950161743164063 reward_loss:  -29.750804901123047
epoch:  19 batch:  110 region_loss:  4.0 4.0 loc_loss:  0.35742515563964844 reward_loss:  -17.871257781982422
epoch:  19 batch:  120 region_loss:  5.0 5.0 loc_loss:  0.3902721786499023 reward_loss:  -19.51360511779785
epoch:  19 batch:  130 region_loss:  7.0 7.0 loc_loss:  0.5854671859741211 reward_loss:  -29.273359298706055
acc@1:  0.14063969896519285
epoch: 19 region loss 0.17051094890510948 loc loss 0.6510785498236217 reward loss -32.55392475545841
epoch:  20 batch:  0 region_loss:  10.0 10.0 loc_loss:  0.7293336486816406 reward_loss:  -36.466678619384766
epoch:  20 batch:  10 region_loss:  10.0 10.0 loc_loss:  0.7607061004638672 reward_loss:  -38.035308837890625
epoch:  20 batch:  20 region_loss:  10.0 10.0 loc_loss:  0.6796590423583985 reward_loss:  -33.982967376708984
epoch:  20 batch:  30 region_loss:  10.0 10.0 loc_loss:  0.7071730804443359 reward_loss:  -35.35865020751953
epoch:  20 batch:  40 region_loss:  10.0 10.0 loc_loss:  0.8250967407226563 reward_loss:  -41.25484085083008
epoch:  20 batch:  50 region_loss:  10.0 10.0 loc_loss:  0.7050679016113282 reward_loss:  -35.25338363647461
epoch:  20 batch:  60 region_loss:  10.0 10.0 loc_loss:  0.7504441833496094 reward_loss:  -37.5222053527832
epoch:  20 batch:  70 region_loss:  10.0 10.0 loc_loss:  0.7177476501464843 reward_loss:  -35.88737869262695
epoch:  20 batch:  80 region_loss:  10.0 10.0 loc_loss:  0.7972903442382813 reward_loss:  -39.86451721191406
epoch:  20 batch:  90 region_loss:  6.0 6.0 loc_loss:  0.4891259384155273 reward_loss:  -24.4562931060791
epoch:  20 batch:  100 region_loss:  8.0 8.0 loc_loss:  0.5683427429199219 reward_loss:  -28.417137145996094
epoch:  20 batch:  110 region_loss:  4.0 4.0 loc_loss:  0.3399718475341797 reward_loss:  -16.99859619140625
epoch:  20 batch:  120 region_loss:  5.0 5.0 loc_loss:  0.36997314453125 reward_loss:  -18.498661041259766
epoch:  20 batch:  130 region_loss:  7.0 7.0 loc_loss:  0.5590761566162109 reward_loss:  -27.953807830810547
acc@1:  0.14016933207902163
epoch: 20 region loss 0.17051094890510948 loc loss 0.6220766887525573 reward loss -31.103837347378697
epoch:  21 batch:  0 region_loss:  10.0 10.0 loc_loss:  0.6936663818359375 reward_loss:  -34.683319091796875
epoch:  21 batch:  10 region_loss:  10.0 10.0 loc_loss:  0.7260211944580078 reward_loss:  -36.30105972290039
epoch:  21 batch:  20 region_loss:  10.0 10.0 loc_loss:  0.6514396667480469 reward_loss:  -32.571983337402344
epoch:  21 batch:  30 region_loss:  10.0 10.0 loc_loss:  0.6728968811035156 reward_loss:  -33.64484405517578
epoch:  21 batch:  40 region_loss:  10.0 10.0 loc_loss:  0.7946983337402344 reward_loss:  -39.73490905761719
epoch:  21 batch:  50 region_loss:  10.0 10.0 loc_loss:  0.6730132293701172 reward_loss:  -33.65066146850586
epoch:  21 batch:  60 region_loss:  10.0 10.0 loc_loss:  0.7135692596435547 reward_loss:  -35.678462982177734
epoch:  21 batch:  70 region_loss:  10.0 10.0 loc_loss:  0.685428466796875 reward_loss:  -34.27142333984375
epoch:  21 batch:  80 region_loss:  10.0 10.0 loc_loss:  0.7627130126953126 reward_loss:  -38.135650634765625
epoch:  21 batch:  90 region_loss:  6.0 6.0 loc_loss:  0.4674612808227539 reward_loss:  -23.373046875
epoch:  21 batch:  100 region_loss:  8.0 8.0 loc_loss:  0.5432121658325195 reward_loss:  -27.160606384277344
epoch:  21 batch:  110 region_loss:  4.0 4.0 loc_loss:  0.3230760192871094 reward_loss:  -16.15380096435547
epoch:  21 batch:  120 region_loss:  5.0 5.0 loc_loss:  0.35051197052001953 reward_loss:  -17.525596618652344
epoch:  21 batch:  130 region_loss:  7.0 7.0 loc_loss:  0.5339316558837891 reward_loss:  -26.696578979492188
acc@1:  0.14111006585136407
epoch: 21 region loss 0.17051094890510948 loc loss 0.5948456194801053 reward loss -29.742282769975873
epoch:  22 batch:  0 region_loss:  10.0 10.0 loc_loss:  0.6601515960693359 reward_loss:  -33.00757598876953
epoch:  22 batch:  10 region_loss:  10.0 10.0 loc_loss:  0.6937355804443359 reward_loss:  -34.6867790222168
epoch:  22 batch:  20 region_loss:  10.0 10.0 loc_loss:  0.6251775741577148 reward_loss:  -31.258880615234375
epoch:  22 batch:  30 region_loss:  10.0 10.0 loc_loss:  0.6409623718261719 reward_loss:  -32.048118591308594
epoch:  22 batch:  40 region_loss:  10.0 10.0 loc_loss:  0.7656769561767578 reward_loss:  -38.28385925292969
epoch:  22 batch:  50 region_loss:  10.0 10.0 loc_loss:  0.6431636810302734 reward_loss:  -32.15818786621094
epoch:  22 batch:  60 region_loss:  10.0 10.0 loc_loss:  0.6787720489501953 reward_loss:  -33.93860626220703
epoch:  22 batch:  70 region_loss:  10.0 10.0 loc_loss:  0.655040512084961 reward_loss:  -32.75202560424805
epoch:  22 batch:  80 region_loss:  10.0 10.0 loc_loss:  0.72971923828125 reward_loss:  -36.485958099365234
epoch:  22 batch:  90 region_loss:  6.0 6.0 loc_loss:  0.4467526626586914 reward_loss:  -22.33763313293457
epoch:  22 batch:  100 region_loss:  8.0 8.0 loc_loss:  0.5191861724853516 reward_loss:  -25.95931053161621
epoch:  22 batch:  110 region_loss:  4.0 4.0 loc_loss:  0.3069137191772461 reward_loss:  -15.345685958862305
epoch:  22 batch:  120 region_loss:  5.0 5.0 loc_loss:  0.33216133117675783 reward_loss:  -16.60806655883789
epoch:  22 batch:  130 region_loss:  7.0 7.0 loc_loss:  0.5099875259399415 reward_loss:  -25.49937629699707
acc@1:  0.1415804327375353
epoch: 22 region loss 0.17051094890510948 loc loss 0.5691464764532381 reward loss -28.45732556642407
epoch:  23 batch:  0 region_loss:  10.0 10.0 loc_loss:  0.6284829330444336 reward_loss:  -31.424144744873047
epoch:  23 batch:  10 region_loss:  10.0 10.0 loc_loss:  0.6633043670654297 reward_loss:  -33.165218353271484
epoch:  23 batch:  20 region_loss:  10.0 10.0 loc_loss:  0.6006326675415039 reward_loss:  -30.031631469726562
epoch:  23 batch:  30 region_loss:  10.0 10.0 loc_loss:  0.6110625457763672 reward_loss:  -30.553125381469727
epoch:  23 batch:  40 region_loss:  10.0 10.0 loc_loss:  0.7378809356689453 reward_loss:  -36.894046783447266
epoch:  23 batch:  50 region_loss:  10.0 10.0 loc_loss:  0.6153865814208984 reward_loss:  -30.769329071044922
epoch:  23 batch:  60 region_loss:  10.0 10.0 loc_loss:  0.6457708740234375 reward_loss:  -32.288536071777344
epoch:  23 batch:  70 region_loss:  10.0 10.0 loc_loss:  0.6264607620239258 reward_loss:  -31.32303810119629
epoch:  23 batch:  80 region_loss:  10.0 10.0 loc_loss:  0.6978744506835938 reward_loss:  -34.89373016357422
epoch:  23 batch:  90 region_loss:  6.0 6.0 loc_loss:  0.42693893432617186 reward_loss:  -21.34694480895996
epoch:  23 batch:  100 region_loss:  8.0 8.0 loc_loss:  0.49645458221435546 reward_loss:  -24.822731018066406
epoch:  23 batch:  110 region_loss:  4.0 4.0 loc_loss:  0.29141691207885745 reward_loss:  -14.570846557617188
epoch:  23 batch:  120 region_loss:  5.0 5.0 loc_loss:  0.3147166633605957 reward_loss:  -15.735833168029785
epoch:  23 batch:  130 region_loss:  7.0 7.0 loc_loss:  0.4870798110961914 reward_loss:  -24.353988647460938
acc@1:  0.1415804327375353
epoch: 23 region loss 0.17051094890510948 loc loss 0.5447458627102149 reward loss -27.237295878194544
epoch:  24 batch:  0 region_loss:  10.0 10.0 loc_loss:  0.5984952545166016 reward_loss:  -29.924760818481445
epoch:  24 batch:  10 region_loss:  10.0 10.0 loc_loss:  0.6345122146606446 reward_loss:  -31.725610733032227
epoch:  24 batch:  20 region_loss:  10.0 10.0 loc_loss:  0.57758056640625 reward_loss:  -28.8790283203125
epoch:  24 batch:  30 region_loss:  10.0 10.0 loc_loss:  0.5829369354248047 reward_loss:  -29.1468505859375
epoch:  24 batch:  40 region_loss:  10.0 10.0 loc_loss:  0.710959701538086 reward_loss:  -35.5479850769043
epoch:  24 batch:  50 region_loss:  10.0 10.0 loc_loss:  0.5892286682128907 reward_loss:  -29.461429595947266
epoch:  24 batch:  60 region_loss:  10.0 10.0 loc_loss:  0.6146612548828125 reward_loss:  -30.733062744140625
epoch:  24 batch:  70 region_loss:  10.0 10.0 loc_loss:  0.599301528930664 reward_loss:  -29.965076446533203
epoch:  24 batch:  80 region_loss:  10.0 10.0 loc_loss:  0.6673341369628907 reward_loss:  -33.3667106628418
epoch:  24 batch:  90 region_loss:  6.0 6.0 loc_loss:  0.40793140411376955 reward_loss:  -20.39657211303711
epoch:  24 batch:  100 region_loss:  8.0 8.0 loc_loss:  0.47453014373779295 reward_loss:  -23.726505279541016
epoch:  24 batch:  110 region_loss:  4.0 4.0 loc_loss:  0.27640996932983397 reward_loss:  -13.820497512817383
epoch:  24 batch:  120 region_loss:  5.0 5.0 loc_loss:  0.2980431938171387 reward_loss:  -14.902158737182617
epoch:  24 batch:  130 region_loss:  7.0 7.0 loc_loss:  0.46504764556884765 reward_loss:  -23.25238037109375
acc@1:  0.1396989651928504
epoch: 24 region loss 0.17051094890510948 loc loss 0.5214918701840143 reward loss -26.07459226315909
epoch:  25 batch:  0 region_loss:  10.0 10.0 loc_loss:  0.5699767303466797 reward_loss:  -28.498838424682617
epoch:  25 batch:  10 region_loss:  10.0 10.0 loc_loss:  0.6072601699829101 reward_loss:  -30.363008499145508
epoch:  25 batch:  20 region_loss:  10.0 10.0 loc_loss:  0.5553814697265625 reward_loss:  -27.769073486328125
epoch:  25 batch:  30 region_loss:  10.0 10.0 loc_loss:  0.5563374328613281 reward_loss:  -27.816871643066406
epoch:  25 batch:  40 region_loss:  10.0 10.0 loc_loss:  0.6847156524658203 reward_loss:  -34.235782623291016
epoch:  25 batch:  50 region_loss:  10.0 10.0 loc_loss:  0.5642430114746094 reward_loss:  -28.212146759033203
epoch:  25 batch:  60 region_loss:  10.0 10.0 loc_loss:  0.5850767135620117 reward_loss:  -29.253835678100586
epoch:  25 batch:  70 region_loss:  10.0 10.0 loc_loss:  0.573782958984375 reward_loss:  -28.68914794921875
epoch:  25 batch:  80 region_loss:  10.0 10.0 loc_loss:  0.6377704620361329 reward_loss:  -31.888521194458008
epoch:  25 batch:  90 region_loss:  6.0 6.0 loc_loss:  0.38953800201416017 reward_loss:  -19.476900100708008
epoch:  25 batch:  100 region_loss:  8.0 8.0 loc_loss:  0.4534024810791016 reward_loss:  -22.670124053955078
epoch:  25 batch:  110 region_loss:  4.0 4.0 loc_loss:  0.2621900939941406 reward_loss:  -13.109518051147461
epoch:  25 batch:  120 region_loss:  5.0 5.0 loc_loss:  0.28229103088378904 reward_loss:  -14.114553451538086
epoch:  25 batch:  130 region_loss:  7.0 7.0 loc_loss:  0.4437653350830078 reward_loss:  -22.18826675415039
acc@1:  0.138758231420508
epoch: 25 region loss 0.17051094890510948 loc loss 0.4992360217379827 reward loss -24.961802051015145
epoch:  26 batch:  0 region_loss:  10.0 10.0 loc_loss:  0.5425901794433594 reward_loss:  -27.129507064819336
epoch:  26 batch:  10 region_loss:  10.0 10.0 loc_loss:  0.5810031127929688 reward_loss:  -29.050155639648438
epoch:  26 batch:  20 region_loss:  10.0 10.0 loc_loss:  0.5344506072998046 reward_loss:  -26.722532272338867
epoch:  26 batch:  30 region_loss:  10.0 10.0 loc_loss:  0.531142692565918 reward_loss:  -26.55713653564453
epoch:  26 batch:  40 region_loss:  10.0 10.0 loc_loss:  0.6590264129638672 reward_loss:  -32.951316833496094
epoch:  26 batch:  50 region_loss:  10.0 10.0 loc_loss:  0.5405748748779297 reward_loss:  -27.02873992919922
epoch:  26 batch:  60 region_loss:  10.0 10.0 loc_loss:  0.5568143844604492 reward_loss:  -27.84071922302246
epoch:  26 batch:  70 region_loss:  10.0 10.0 loc_loss:  0.5494623184204102 reward_loss:  -27.473115921020508
epoch:  26 batch:  80 region_loss:  10.0 10.0 loc_loss:  0.6093273544311524 reward_loss:  -30.46636199951172
epoch:  26 batch:  90 region_loss:  6.0 6.0 loc_loss:  0.3717788314819336 reward_loss:  -18.588939666748047
epoch:  26 batch:  100 region_loss:  8.0 8.0 loc_loss:  0.4329591369628906 reward_loss:  -21.6479549407959
epoch:  26 batch:  110 region_loss:  4.0 4.0 loc_loss:  0.24845787048339843 reward_loss:  -12.422893524169922
epoch:  26 batch:  120 region_loss:  5.0 5.0 loc_loss:  0.26715965270996095 reward_loss:  -13.358037948608398
epoch:  26 batch:  130 region_loss:  7.0 7.0 loc_loss:  0.4232626724243164 reward_loss:  -21.163131713867188
acc@1:  0.1354656632173095
epoch: 26 region loss 0.17051094890510948 loc loss 0.4778559765502484 reward loss -23.892799711575474
epoch:  27 batch:  0 region_loss:  10.0 10.0 loc_loss:  0.5165245819091797 reward_loss:  -25.82623863220215
epoch:  27 batch:  10 region_loss:  10.0 10.0 loc_loss:  0.556064453125 reward_loss:  -27.803220748901367
epoch:  27 batch:  20 region_loss:  10.0 10.0 loc_loss:  0.514276123046875 reward_loss:  -25.713790893554688
epoch:  27 batch:  30 region_loss:  10.0 10.0 loc_loss:  0.5069023513793945 reward_loss:  -25.34511947631836
epoch:  27 batch:  40 region_loss:  10.0 10.0 loc_loss:  0.634248275756836 reward_loss:  -31.712413787841797
epoch:  27 batch:  50 region_loss:  10.0 10.0 loc_loss:  0.517838134765625 reward_loss:  -25.89190673828125
epoch:  27 batch:  60 region_loss:  10.0 10.0 loc_loss:  0.5299341201782226 reward_loss:  -26.4967041015625
epoch:  27 batch:  70 region_loss:  10.0 10.0 loc_loss:  0.5261431121826172 reward_loss:  -26.307153701782227
epoch:  27 batch:  80 region_loss:  10.0 10.0 loc_loss:  0.5818455123901367 reward_loss:  -29.09227752685547
epoch:  27 batch:  90 region_loss:  6.0 6.0 loc_loss:  0.3545975112915039 reward_loss:  -17.729873657226562
epoch:  27 batch:  100 region_loss:  8.0 8.0 loc_loss:  0.4134670257568359 reward_loss:  -20.673351287841797
epoch:  27 batch:  110 region_loss:  4.0 4.0 loc_loss:  0.23513442993164063 reward_loss:  -11.756721496582031
epoch:  27 batch:  120 region_loss:  5.0 5.0 loc_loss:  0.25282583236694334 reward_loss:  -12.641290664672852
epoch:  27 batch:  130 region_loss:  7.0 7.0 loc_loss:  0.40338951110839844 reward_loss:  -20.169475555419922
acc@1:  0.1359360301034807
epoch: 27 region loss 0.17051094890510948 loc loss 0.45729786072334233 reward loss -22.86489484605998
epoch:  28 batch:  0 region_loss:  10.0 10.0 loc_loss:  0.491524772644043 reward_loss:  -24.576236724853516
epoch:  28 batch:  10 region_loss:  10.0 10.0 loc_loss:  0.5320298385620117 reward_loss:  -26.60149383544922
epoch:  28 batch:  20 region_loss:  10.0 10.0 loc_loss:  0.4948719024658203 reward_loss:  -24.743595123291016
epoch:  28 batch:  30 region_loss:  10.0 10.0 loc_loss:  0.48377376556396484 reward_loss:  -24.188688278198242
epoch:  28 batch:  40 region_loss:  10.0 10.0 loc_loss:  0.6097632217407226 reward_loss:  -30.488162994384766
epoch:  28 batch:  50 region_loss:  10.0 10.0 loc_loss:  0.49583099365234373 reward_loss:  -24.79155158996582
epoch:  28 batch:  60 region_loss:  10.0 10.0 loc_loss:  0.5043679809570313 reward_loss:  -25.21839714050293
epoch:  28 batch:  70 region_loss:  10.0 10.0 loc_loss:  0.5038085174560547 reward_loss:  -25.190425872802734
epoch:  28 batch:  80 region_loss:  10.0 10.0 loc_loss:  0.5550847244262695 reward_loss:  -27.754234313964844
epoch:  28 batch:  90 region_loss:  6.0 6.0 loc_loss:  0.3377865982055664 reward_loss:  -16.889331817626953
epoch:  28 batch:  100 region_loss:  8.0 8.0 loc_loss:  0.39450912475585936 reward_loss:  -19.725454330444336
epoch:  28 batch:  110 region_loss:  4.0 4.0 loc_loss:  0.22255853652954102 reward_loss:  -11.127911567687988
epoch:  28 batch:  120 region_loss:  5.0 5.0 loc_loss:  0.2390645980834961 reward_loss:  -11.953228950500488
epoch:  28 batch:  130 region_loss:  7.0 7.0 loc_loss:  0.38414608001708983 reward_loss:  -19.20730209350586
acc@1:  0.13452492944496708
epoch: 28 region loss 0.17051094890510948 loc loss 0.4374550782154947 reward loss -21.872737277163207
epoch:  29 batch:  0 region_loss:  10.0 10.0 loc_loss:  0.46764411926269533 reward_loss:  -23.3822078704834
epoch:  29 batch:  10 region_loss:  10.0 10.0 loc_loss:  0.5087255096435547 reward_loss:  -25.4362735748291
epoch:  29 batch:  20 region_loss:  10.0 10.0 loc_loss:  0.47602195739746095 reward_loss:  -23.801097869873047
epoch:  29 batch:  30 region_loss:  10.0 10.0 loc_loss:  0.46144149780273436 reward_loss:  -23.07207489013672
epoch:  29 batch:  40 region_loss:  10.0 10.0 loc_loss:  0.5859942626953125 reward_loss:  -29.299713134765625
epoch:  29 batch:  50 region_loss:  10.0 10.0 loc_loss:  0.47469047546386717 reward_loss:  -23.73452377319336
epoch:  29 batch:  60 region_loss:  10.0 10.0 loc_loss:  0.47956100463867185 reward_loss:  -23.978050231933594
epoch:  29 batch:  70 region_loss:  10.0 10.0 loc_loss:  0.4823054122924805 reward_loss:  -24.115283966064453
epoch:  29 batch:  80 region_loss:  10.0 10.0 loc_loss:  0.5290130615234375 reward_loss:  -26.450653076171875
epoch:  29 batch:  90 region_loss:  6.0 6.0 loc_loss:  0.3217473983764648 reward_loss:  -16.08736801147461
epoch:  29 batch:  100 region_loss:  8.0 8.0 loc_loss:  0.3761026000976562 reward_loss:  -18.805130004882812
epoch:  29 batch:  110 region_loss:  4.0 4.0 loc_loss:  0.21005935668945314 reward_loss:  -10.502969741821289
epoch:  29 batch:  120 region_loss:  5.0 5.0 loc_loss:  0.22593624114990235 reward_loss:  -11.29681396484375
epoch:  29 batch:  130 region_loss:  7.0 7.0 loc_loss:  0.3653097152709961 reward_loss:  -18.265487670898438
acc@1:  0.13311382878645345
epoch: 29 region loss 0.17051094890510948 loc loss 0.41824948335215995 reward loss -20.912472194128664
epoch:  30 batch:  0 region_loss:  10.0 10.0 loc_loss:  0.44454452514648435 reward_loss:  -22.22722625732422
epoch:  30 batch:  10 region_loss:  10.0 10.0 loc_loss:  0.486263427734375 reward_loss:  -24.313173294067383
epoch:  30 batch:  20 region_loss:  10.0 10.0 loc_loss:  0.45785133361816405 reward_loss:  -22.89257049560547
epoch:  30 batch:  30 region_loss:  10.0 10.0 loc_loss:  0.4399565124511719 reward_loss:  -21.997821807861328
epoch:  30 batch:  40 region_loss:  10.0 10.0 loc_loss:  0.5626059722900391 reward_loss:  -28.130298614501953
epoch:  30 batch:  50 region_loss:  10.0 10.0 loc_loss:  0.4541024398803711 reward_loss:  -22.705121994018555
epoch:  30 batch:  60 region_loss:  10.0 10.0 loc_loss:  0.45590595245361326 reward_loss:  -22.795299530029297
epoch:  30 batch:  70 region_loss:  10.0 10.0 loc_loss:  0.461552734375 reward_loss:  -23.07763671875
epoch:  30 batch:  80 region_loss:  10.0 10.0 loc_loss:  0.5036465454101563 reward_loss:  -25.182331085205078
epoch:  30 batch:  90 region_loss:  6.0 6.0 loc_loss:  0.30571685791015624 reward_loss:  -15.285841941833496
epoch:  30 batch:  100 region_loss:  8.0 8.0 loc_loss:  0.35821353912353515 reward_loss:  -17.910676956176758
epoch:  30 batch:  110 region_loss:  4.0 4.0 loc_loss:  0.1984054946899414 reward_loss:  -9.920275688171387
epoch:  30 batch:  120 region_loss:  5.0 5.0 loc_loss:  0.21333147048950196 reward_loss:  -10.666572570800781
epoch:  30 batch:  130 region_loss:  7.0 7.0 loc_loss:  0.34715076446533205 reward_loss:  -17.357540130615234
acc@1:  0.1317027281279398
epoch: 30 region loss 0.17051094890510948 loc loss 0.3995399597961537 reward loss -19.9769975060094
epoch:  31 batch:  0 region_loss:  10.0 10.0 loc_loss:  0.42253929138183594 reward_loss:  -21.126964569091797
epoch:  31 batch:  10 region_loss:  10.0 10.0 loc_loss:  0.4644487762451172 reward_loss:  -23.222436904907227
epoch:  31 batch:  20 region_loss:  10.0 10.0 loc_loss:  0.4400384521484375 reward_loss:  -22.00192642211914
epoch:  31 batch:  30 region_loss:  10.0 10.0 loc_loss:  0.41922458648681643 reward_loss:  -20.96122932434082
epoch:  31 batch:  40 region_loss:  10.0 10.0 loc_loss:  0.5396581268310547 reward_loss:  -26.982906341552734
epoch:  31 batch:  50 region_loss:  10.0 10.0 loc_loss:  0.43411712646484374 reward_loss:  -21.705856323242188
epoch:  31 batch:  60 region_loss:  10.0 10.0 loc_loss:  0.43291080474853516 reward_loss:  -21.645538330078125
epoch:  31 batch:  70 region_loss:  10.0 10.0 loc_loss:  0.4416313934326172 reward_loss:  -22.081571578979492
epoch:  31 batch:  80 region_loss:  10.0 10.0 loc_loss:  0.47924556732177737 reward_loss:  -23.962278366088867
epoch:  31 batch:  90 region_loss:  6.0 6.0 loc_loss:  0.29059806823730466 reward_loss:  -14.529905319213867
epoch:  31 batch:  100 region_loss:  8.0 8.0 loc_loss:  0.34099273681640624 reward_loss:  -17.049636840820312
epoch:  31 batch:  110 region_loss:  4.0 4.0 loc_loss:  0.18695236206054688 reward_loss:  -9.34761905670166
epoch:  31 batch:  120 region_loss:  5.0 5.0 loc_loss:  0.20121810913085938 reward_loss:  -10.060904502868652
epoch:  31 batch:  130 region_loss:  7.0 7.0 loc_loss:  0.3293495178222656 reward_loss:  -16.46747589111328
acc@1:  0.12935089369708372
epoch: 31 region loss 0.17051094890510948 loc loss 0.38142980704342366 reward loss -19.07148983878811
epoch:  32 batch:  0 region_loss:  10.0 10.0 loc_loss:  0.4013007354736328 reward_loss:  -20.065032958984375
epoch:  32 batch:  10 region_loss:  10.0 10.0 loc_loss:  0.4433811950683594 reward_loss:  -22.16905975341797
epoch:  32 batch:  20 region_loss:  10.0 10.0 loc_loss:  0.4227938461303711 reward_loss:  -21.139694213867188
epoch:  32 batch:  30 region_loss:  10.0 10.0 loc_loss:  0.3991583251953125 reward_loss:  -19.957916259765625
epoch:  32 batch:  40 region_loss:  10.0 10.0 loc_loss:  0.5171875381469726 reward_loss:  -25.859376907348633
epoch:  32 batch:  50 region_loss:  10.0 10.0 loc_loss:  0.41457794189453123 reward_loss:  -20.728893280029297
epoch:  32 batch:  60 region_loss:  10.0 10.0 loc_loss:  0.41095939636230466 reward_loss:  -20.547971725463867
epoch:  32 batch:  70 region_loss:  10.0 10.0 loc_loss:  0.4222312545776367 reward_loss:  -21.111562728881836
epoch:  32 batch:  80 region_loss:  10.0 10.0 loc_loss:  0.4551009750366211 reward_loss:  -22.755048751831055
epoch:  32 batch:  90 region_loss:  6.0 6.0 loc_loss:  0.275356559753418 reward_loss:  -13.767828941345215
epoch:  32 batch:  100 region_loss:  8.0 8.0 loc_loss:  0.3242159652709961 reward_loss:  -16.210798263549805
epoch:  32 batch:  110 region_loss:  4.0 4.0 loc_loss:  0.17621795654296876 reward_loss:  -8.81089973449707
epoch:  32 batch:  120 region_loss:  5.0 5.0 loc_loss:  0.1896710777282715 reward_loss:  -9.483553886413574
epoch:  32 batch:  130 region_loss:  7.0 7.0 loc_loss:  0.3120504570007324 reward_loss:  -15.602520942687988
acc@1:  0.12935089369708372
epoch: 32 region loss 0.17051094890510948 loc loss 0.36387601584413626 reward loss -18.193798695167487
epoch:  33 batch:  0 region_loss:  10.0 10.0 loc_loss:  0.380927734375 reward_loss:  -19.046384811401367
epoch:  33 batch:  10 region_loss:  10.0 10.0 loc_loss:  0.4227552795410156 reward_loss:  -21.13776206970215
epoch:  33 batch:  20 region_loss:  10.0 10.0 loc_loss:  0.40593807220458983 reward_loss:  -20.296903610229492
epoch:  33 batch:  30 region_loss:  10.0 10.0 loc_loss:  0.37985931396484374 reward_loss:  -18.992965698242188
epoch:  33 batch:  40 region_loss:  10.0 10.0 loc_loss:  0.49523860931396485 reward_loss:  -24.761930465698242
epoch:  33 batch:  50 region_loss:  10.0 10.0 loc_loss:  0.3957312393188477 reward_loss:  -19.786563873291016
epoch:  33 batch:  60 region_loss:  10.0 10.0 loc_loss:  0.3896383285522461 reward_loss:  -19.481916427612305
epoch:  33 batch:  70 region_loss:  10.0 10.0 loc_loss:  0.40346229553222657 reward_loss:  -20.173112869262695
epoch:  33 batch:  80 region_loss:  10.0 10.0 loc_loss:  0.4318318557739258 reward_loss:  -21.59159278869629
epoch:  33 batch:  90 region_loss:  6.0 6.0 loc_loss:  0.2611485290527344 reward_loss:  -13.057427406311035
epoch:  33 batch:  100 region_loss:  8.0 8.0 loc_loss:  0.3079090118408203 reward_loss:  -15.395454406738281
epoch:  33 batch:  110 region_loss:  4.0 4.0 loc_loss:  0.16555397033691407 reward_loss:  -8.27769660949707
epoch:  33 batch:  120 region_loss:  5.0 5.0 loc_loss:  0.17842533111572265 reward_loss:  -8.921268463134766
epoch:  33 batch:  130 region_loss:  7.0 7.0 loc_loss:  0.2952671432495117 reward_loss:  -14.763359069824219
acc@1:  0.1288805268109125
epoch: 33 region loss 0.17051094890510948 loc loss 0.34682967965620276 reward loss -17.341484207306465
epoch:  34 batch:  0 region_loss:  10.0 10.0 loc_loss:  0.3611838912963867 reward_loss:  -18.059194564819336
epoch:  34 batch:  10 region_loss:  10.0 10.0 loc_loss:  0.40289657592773437 reward_loss:  -20.14482879638672
epoch:  34 batch:  20 region_loss:  10.0 10.0 loc_loss:  0.38969635009765624 reward_loss:  -19.484817504882812
epoch:  34 batch:  30 region_loss:  10.0 10.0 loc_loss:  0.3610645294189453 reward_loss:  -18.053226470947266
epoch:  34 batch:  40 region_loss:  10.0 10.0 loc_loss:  0.4736141586303711 reward_loss:  -23.680706024169922
epoch:  34 batch:  50 region_loss:  10.0 10.0 loc_loss:  0.3773422622680664 reward_loss:  -18.86711311340332
epoch:  34 batch:  60 region_loss:  10.0 10.0 loc_loss:  0.3693318557739258 reward_loss:  -18.46659278869629
epoch:  34 batch:  70 region_loss:  10.0 10.0 loc_loss:  0.3850690460205078 reward_loss:  -19.253467559814453
epoch:  34 batch:  80 region_loss:  10.0 10.0 loc_loss:  0.40908592224121093 reward_loss:  -20.454294204711914
epoch:  34 batch:  90 region_loss:  6.0 6.0 loc_loss:  0.24672361373901366 reward_loss:  -12.33617877960205
epoch:  34 batch:  100 region_loss:  8.0 8.0 loc_loss:  0.2923877716064453 reward_loss:  -14.619389533996582
epoch:  34 batch:  110 region_loss:  4.0 4.0 loc_loss:  0.15558804512023927 reward_loss:  -7.779401779174805
epoch:  34 batch:  120 region_loss:  5.0 5.0 loc_loss:  0.16779178619384766 reward_loss:  -8.389589309692383
epoch:  34 batch:  130 region_loss:  7.0 7.0 loc_loss:  0.2790805435180664 reward_loss:  -13.954026222229004
acc@1:  0.1279397930385701
epoch: 34 region loss 0.17051094890510948 loc loss 0.33033451428378585 reward loss -16.51672226321088
epoch:  35 batch:  0 region_loss:  10.0 10.0 loc_loss:  0.3422719955444336 reward_loss:  -17.113603591918945
epoch:  35 batch:  10 region_loss:  10.0 10.0 loc_loss:  0.38347808837890623 reward_loss:  -19.173904418945312
epoch:  35 batch:  20 region_loss:  10.0 10.0 loc_loss:  0.3737697219848633 reward_loss:  -18.6884822845459
epoch:  35 batch:  30 region_loss:  10.0 10.0 loc_loss:  0.34284385681152346 reward_loss:  -17.142192840576172
epoch:  35 batch:  40 region_loss:  10.0 10.0 loc_loss:  0.4525907516479492 reward_loss:  -22.629535675048828
epoch:  35 batch:  50 region_loss:  10.0 10.0 loc_loss:  0.3594812774658203 reward_loss:  -17.974149703979492
epoch:  35 batch:  60 region_loss:  10.0 10.0 loc_loss:  0.3494266510009766 reward_loss:  -17.471332550048828
epoch:  35 batch:  70 region_loss:  10.0 10.0 loc_loss:  0.36740718841552733 reward_loss:  -18.370359420776367
epoch:  35 batch:  80 region_loss:  10.0 10.0 loc_loss:  0.387218017578125 reward_loss:  -19.36090087890625
epoch:  35 batch:  90 region_loss:  6.0 6.0 loc_loss:  0.23336143493652345 reward_loss:  -11.668070793151855
epoch:  35 batch:  100 region_loss:  8.0 8.0 loc_loss:  0.27671300888061523 reward_loss:  -13.835651397705078
epoch:  35 batch:  110 region_loss:  4.0 4.0 loc_loss:  0.14585720062255858 reward_loss:  -7.29286003112793
epoch:  35 batch:  120 region_loss:  5.0 5.0 loc_loss:  0.1574534797668457 reward_loss:  -7.87267541885376
epoch:  35 batch:  130 region_loss:  7.0 7.0 loc_loss:  0.26333566665649416 reward_loss:  -13.166781425476074
acc@1:  0.1251175917215428
epoch: 35 region loss 0.17051094890510948 loc loss 0.31429449097083434 reward loss -15.714725289031536
epoch:  36 batch:  0 region_loss:  10.0 10.0 loc_loss:  0.3240818023681641 reward_loss:  -16.204090118408203
epoch:  36 batch:  10 region_loss:  10.0 10.0 loc_loss:  0.3647055816650391 reward_loss:  -18.235279083251953
epoch:  36 batch:  20 region_loss:  10.0 10.0 loc_loss:  0.3584054183959961 reward_loss:  -17.920270919799805
epoch:  36 batch:  30 region_loss:  10.0 10.0 loc_loss:  0.3252455902099609 reward_loss:  -16.262279510498047
epoch:  36 batch:  40 region_loss:  10.0 10.0 loc_loss:  0.4319910049438477 reward_loss:  -21.59954833984375
epoch:  36 batch:  50 region_loss:  10.0 10.0 loc_loss:  0.3419442367553711 reward_loss:  -17.09721565246582
epoch:  36 batch:  60 region_loss:  10.0 10.0 loc_loss:  0.3305336380004883 reward_loss:  -16.526681900024414
epoch:  36 batch:  70 region_loss:  10.0 10.0 loc_loss:  0.34994529724121093 reward_loss:  -17.497262954711914
epoch:  36 batch:  80 region_loss:  10.0 10.0 loc_loss:  0.3656647872924805 reward_loss:  -18.283239364624023
epoch:  36 batch:  90 region_loss:  6.0 6.0 loc_loss:  0.2199246597290039 reward_loss:  -10.996232986450195
epoch:  36 batch:  100 region_loss:  8.0 8.0 loc_loss:  0.26275321960449216 reward_loss:  -13.13766098022461
epoch:  36 batch:  110 region_loss:  4.0 4.0 loc_loss:  0.13679731369018555 reward_loss:  -6.8398661613464355
epoch:  36 batch:  120 region_loss:  5.0 5.0 loc_loss:  0.1477640438079834 reward_loss:  -7.388202667236328
epoch:  36 batch:  130 region_loss:  7.0 7.0 loc_loss:  0.24825084686279297 reward_loss:  -12.412541389465332
acc@1:  0.12370649106302917
epoch: 36 region loss 0.17051094890510948 loc loss 0.29886080541749943 reward loss -14.943040470137213
epoch:  37 batch:  0 region_loss:  10.0 10.0 loc_loss:  0.3064851760864258 reward_loss:  -15.324259757995605
epoch:  37 batch:  10 region_loss:  10.0 10.0 loc_loss:  0.3463491439819336 reward_loss:  -17.31745719909668
epoch:  37 batch:  20 region_loss:  10.0 10.0 loc_loss:  0.34340694427490237 reward_loss:  -17.17034912109375
epoch:  37 batch:  30 region_loss:  10.0 10.0 loc_loss:  0.30807636260986326 reward_loss:  -15.403817176818848
epoch:  37 batch:  40 region_loss:  10.0 10.0 loc_loss:  0.41189937591552733 reward_loss:  -20.594970703125
epoch:  37 batch:  50 region_loss:  10.0 10.0 loc_loss:  0.325048828125 reward_loss:  -16.25244140625
epoch:  37 batch:  60 region_loss:  10.0 10.0 loc_loss:  0.31211265563964846 reward_loss:  -15.605629920959473
epoch:  37 batch:  70 region_loss:  10.0 10.0 loc_loss:  0.3332054901123047 reward_loss:  -16.6602725982666
epoch:  37 batch:  80 region_loss:  10.0 10.0 loc_loss:  0.34534942626953125 reward_loss:  -17.267471313476562
epoch:  37 batch:  90 region_loss:  6.0 6.0 loc_loss:  0.20722379684448242 reward_loss:  -10.361188888549805
epoch:  37 batch:  100 region_loss:  8.0 8.0 loc_loss:  0.24752092361450195 reward_loss:  -12.376045227050781
epoch:  37 batch:  110 region_loss:  4.0 4.0 loc_loss:  0.12784525871276856 reward_loss:  -6.392263889312744
epoch:  37 batch:  120 region_loss:  5.0 5.0 loc_loss:  0.13832681655883788 reward_loss:  -6.916339874267578
epoch:  37 batch:  130 region_loss:  7.0 7.0 loc_loss:  0.23352863311767577 reward_loss:  -11.676432609558105
acc@1:  0.12323612417685795
epoch: 37 region loss 0.17051094890510948 loc loss 0.28378488001162117 reward loss -14.18924399100951
epoch:  38 batch:  0 region_loss:  10.0 10.0 loc_loss:  0.2897843933105469 reward_loss:  -14.489219665527344
epoch:  38 batch:  10 region_loss:  10.0 10.0 loc_loss:  0.3288143157958984 reward_loss:  -16.44071388244629
epoch:  38 batch:  20 region_loss:  10.0 10.0 loc_loss:  0.3289122009277344 reward_loss:  -16.44561004638672
epoch:  38 batch:  30 region_loss:  10.0 10.0 loc_loss:  0.2918009567260742 reward_loss:  -14.590048789978027
epoch:  38 batch:  40 region_loss:  10.0 10.0 loc_loss:  0.39198883056640627 reward_loss:  -19.59943962097168
epoch:  38 batch:  50 region_loss:  10.0 10.0 loc_loss:  0.3085592079162598 reward_loss:  -15.427959442138672
epoch:  38 batch:  60 region_loss:  10.0 10.0 loc_loss:  0.29466909408569336 reward_loss:  -14.733454704284668
epoch:  38 batch:  70 region_loss:  10.0 10.0 loc_loss:  0.3165784072875977 reward_loss:  -15.82891845703125
epoch:  38 batch:  80 region_loss:  10.0 10.0 loc_loss:  0.324952392578125 reward_loss:  -16.24761962890625
epoch:  38 batch:  90 region_loss:  6.0 6.0 loc_loss:  0.19488880157470703 reward_loss:  -9.744440078735352
epoch:  38 batch:  100 region_loss:  8.0 8.0 loc_loss:  0.23504531860351563 reward_loss:  -11.752265930175781
epoch:  38 batch:  110 region_loss:  4.0 4.0 loc_loss:  0.11949267387390136 reward_loss:  -5.974634170532227
epoch:  38 batch:  120 region_loss:  5.0 5.0 loc_loss:  0.12949853897094726 reward_loss:  -6.474926471710205
epoch:  38 batch:  130 region_loss:  7.0 7.0 loc_loss:  0.21959287643432618 reward_loss:  -10.979642868041992
acc@1:  0.1213546566321731
epoch: 38 region loss 0.17051094890510948 loc loss 0.26937331613833015 reward loss -13.468665954840445
epoch:  39 batch:  0 region_loss:  10.0 10.0 loc_loss:  0.2739590835571289 reward_loss:  -13.697955131530762
epoch:  39 batch:  10 region_loss:  10.0 10.0 loc_loss:  0.3115254974365234 reward_loss:  -15.576275825500488
epoch:  39 batch:  20 region_loss:  10.0 10.0 loc_loss:  0.3149402046203613 reward_loss:  -15.747010231018066
epoch:  39 batch:  30 region_loss:  10.0 10.0 loc_loss:  0.27579832077026367 reward_loss:  -13.789916038513184
epoch:  39 batch:  40 region_loss:  10.0 10.0 loc_loss:  0.37295314788818357 reward_loss:  -18.647659301757812
epoch:  39 batch:  50 region_loss:  10.0 10.0 loc_loss:  0.2926165962219238 reward_loss:  -14.630830764770508
epoch:  39 batch:  60 region_loss:  10.0 10.0 loc_loss:  0.27754993438720704 reward_loss:  -13.877496719360352
epoch:  39 batch:  70 region_loss:  10.0 10.0 loc_loss:  0.3009215927124023 reward_loss:  -15.04608154296875
epoch:  39 batch:  80 region_loss:  10.0 10.0 loc_loss:  0.30612443923950194 reward_loss:  -15.306221961975098
epoch:  39 batch:  90 region_loss:  6.0 6.0 loc_loss:  0.1830499839782715 reward_loss:  -9.152498245239258
epoch:  39 batch:  100 region_loss:  8.0 8.0 loc_loss:  0.22059261322021484 reward_loss:  -11.029631614685059
epoch:  39 batch:  110 region_loss:  4.0 4.0 loc_loss:  0.11144464492797851 reward_loss:  -5.572232723236084
epoch:  39 batch:  120 region_loss:  5.0 5.0 loc_loss:  0.12093973159790039 reward_loss:  -6.0469865798950195
epoch:  39 batch:  130 region_loss:  7.0 7.0 loc_loss:  0.2059945297241211 reward_loss:  -10.299725532531738
acc@1:  0.11853245531514581
epoch: 39 region loss 0.17051094890510948 loc loss 0.2553718532088899 reward loss -12.76859220884142
epoch:  40 batch:  0 region_loss:  10.0 10.0 loc_loss:  0.2585702133178711 reward_loss:  -12.928509712219238
epoch:  40 batch:  10 region_loss:  10.0 10.0 loc_loss:  0.2948172569274902 reward_loss:  -14.740863800048828
epoch:  40 batch:  20 region_loss:  10.0 10.0 loc_loss:  0.3015439796447754 reward_loss:  -15.077198028564453
epoch:  40 batch:  30 region_loss:  10.0 10.0 loc_loss:  0.26065858840942385 reward_loss:  -13.032930374145508
epoch:  40 batch:  40 region_loss:  10.0 10.0 loc_loss:  0.35413440704345706 reward_loss:  -17.706716537475586
epoch:  40 batch:  50 region_loss:  10.0 10.0 loc_loss:  0.2772512435913086 reward_loss:  -13.86256217956543
epoch:  40 batch:  60 region_loss:  10.0 10.0 loc_loss:  0.2615829849243164 reward_loss:  -13.07914924621582
epoch:  40 batch:  70 region_loss:  10.0 10.0 loc_loss:  0.28527532577514647 reward_loss:  -14.26376724243164
epoch:  40 batch:  80 region_loss:  10.0 10.0 loc_loss:  0.2870062255859375 reward_loss:  -14.350310325622559
epoch:  40 batch:  90 region_loss:  6.0 6.0 loc_loss:  0.17167411804199217 reward_loss:  -8.583704948425293
epoch:  40 batch:  100 region_loss:  8.0 8.0 loc_loss:  0.20920392990112305 reward_loss:  -10.460197448730469
epoch:  40 batch:  110 region_loss:  4.0 4.0 loc_loss:  0.10387325286865234 reward_loss:  -5.193661689758301
epoch:  40 batch:  120 region_loss:  5.0 5.0 loc_loss:  0.11292595863342285 reward_loss:  -5.646298408508301
epoch:  40 batch:  130 region_loss:  7.0 7.0 loc_loss:  0.19319250106811522 reward_loss:  -9.659626007080078
acc@1:  0.11665098777046096
epoch: 40 region loss 0.17051094890510948 loc loss 0.24197363289603352 reward loss -12.098684759905739
epoch:  41 batch:  0 region_loss:  10.0 10.0 loc_loss:  0.24427722930908202 reward_loss:  -12.213861465454102
epoch:  41 batch:  10 region_loss:  10.0 10.0 loc_loss:  0.27866230010986326 reward_loss:  -13.93311595916748
epoch:  41 batch:  20 region_loss:  10.0 10.0 loc_loss:  0.28823314666748046 reward_loss:  -14.411657333374023
epoch:  41 batch:  30 region_loss:  10.0 10.0 loc_loss:  0.24587003707885743 reward_loss:  -12.293501853942871
epoch:  41 batch:  40 region_loss:  10.0 10.0 loc_loss:  0.3362159729003906 reward_loss:  -16.81079864501953
epoch:  41 batch:  50 region_loss:  10.0 10.0 loc_loss:  0.2624436187744141 reward_loss:  -13.122179985046387
epoch:  41 batch:  60 region_loss:  10.0 10.0 loc_loss:  0.24573604583740236 reward_loss:  -12.286800384521484
epoch:  41 batch:  70 region_loss:  10.0 10.0 loc_loss:  0.2705813217163086 reward_loss:  -13.529067039489746
epoch:  41 batch:  80 region_loss:  10.0 10.0 loc_loss:  0.26970516204833983 reward_loss:  -13.485259056091309
epoch:  41 batch:  90 region_loss:  6.0 6.0 loc_loss:  0.16066350936889648 reward_loss:  -8.033175468444824
epoch:  41 batch:  100 region_loss:  8.0 8.0 loc_loss:  0.19579795837402345 reward_loss:  -9.789896965026855
epoch:  41 batch:  110 region_loss:  4.0 4.0 loc_loss:  0.09667682647705078 reward_loss:  -4.833841323852539
epoch:  41 batch:  120 region_loss:  5.0 5.0 loc_loss:  0.10534225463867188 reward_loss:  -5.267114162445068
epoch:  41 batch:  130 region_loss:  7.0 7.0 loc_loss:  0.18061796188354493 reward_loss:  -9.030899047851562
acc@1:  0.11759172154280338
epoch: 41 region loss 0.17051094890510948 loc loss 0.22893518980402144 reward loss -11.446760114962167
epoch:  42 batch:  0 region_loss:  10.0 10.0 loc_loss:  0.22998788833618164 reward_loss:  -11.499394416809082
epoch:  42 batch:  10 region_loss:  10.0 10.0 loc_loss:  0.26328670501708984 reward_loss:  -13.164335250854492
epoch:  42 batch:  20 region_loss:  10.0 10.0 loc_loss:  0.2754778289794922 reward_loss:  -13.773890495300293
epoch:  42 batch:  30 region_loss:  10.0 10.0 loc_loss:  0.2319158935546875 reward_loss:  -11.595796585083008
epoch:  42 batch:  40 region_loss:  10.0 10.0 loc_loss:  0.3183628273010254 reward_loss:  -15.91814136505127
epoch:  42 batch:  50 region_loss:  10.0 10.0 loc_loss:  0.24796436309814454 reward_loss:  -12.39821720123291
epoch:  42 batch:  60 region_loss:  10.0 10.0 loc_loss:  0.23118169784545897 reward_loss:  -11.55908489227295
epoch:  42 batch:  70 region_loss:  10.0 10.0 loc_loss:  0.25625310897827147 reward_loss:  -12.812655448913574
epoch:  42 batch:  80 region_loss:  10.0 10.0 loc_loss:  0.25220703125 reward_loss:  -12.6103515625
epoch:  42 batch:  90 region_loss:  6.0 6.0 loc_loss:  0.15032761573791503 reward_loss:  -7.516380786895752
epoch:  42 batch:  100 region_loss:  8.0 8.0 loc_loss:  0.18534494400024415 reward_loss:  -9.26724624633789
epoch:  42 batch:  110 region_loss:  4.0 4.0 loc_loss:  0.08980386734008788 reward_loss:  -4.490195274353027
epoch:  42 batch:  120 region_loss:  5.0 5.0 loc_loss:  0.0980821704864502 reward_loss:  -4.90410852432251
epoch:  42 batch:  130 region_loss:  7.0 7.0 loc_loss:  0.16910028457641602 reward_loss:  -8.455013275146484
acc@1:  0.11523988711194733
epoch: 42 region loss 0.17051094890510948 loc loss 0.21647906327769703 reward loss -10.823953707722852
epoch:  43 batch:  0 region_loss:  10.0 10.0 loc_loss:  0.21652582168579101 reward_loss:  -10.82629108428955
epoch:  43 batch:  10 region_loss:  10.0 10.0 loc_loss:  0.2483891487121582 reward_loss:  -12.41945743560791
epoch:  43 batch:  20 region_loss:  10.0 10.0 loc_loss:  0.2631861686706543 reward_loss:  -13.159310340881348
epoch:  43 batch:  30 region_loss:  10.0 10.0 loc_loss:  0.21835926055908203 reward_loss:  -10.917963027954102
epoch:  43 batch:  40 region_loss:  10.0 10.0 loc_loss:  0.30167762756347655 reward_loss:  -15.083878517150879
epoch:  43 batch:  50 region_loss:  10.0 10.0 loc_loss:  0.23439542770385743 reward_loss:  -11.719771385192871
epoch:  43 batch:  60 region_loss:  10.0 10.0 loc_loss:  0.2166817855834961 reward_loss:  -10.834095001220703
epoch:  43 batch:  70 region_loss:  10.0 10.0 loc_loss:  0.24277116775512694 reward_loss:  -12.138557434082031
epoch:  43 batch:  80 region_loss:  10.0 10.0 loc_loss:  0.23629161834716797 reward_loss:  -11.814581871032715
epoch:  43 batch:  90 region_loss:  6.0 6.0 loc_loss:  0.14026817321777343 reward_loss:  -7.013408660888672
epoch:  43 batch:  100 region_loss:  8.0 8.0 loc_loss:  0.17304590225219726 reward_loss:  -8.65229606628418
epoch:  43 batch:  110 region_loss:  4.0 4.0 loc_loss:  0.08342592239379883 reward_loss:  -4.171296119689941
epoch:  43 batch:  120 region_loss:  5.0 5.0 loc_loss:  0.09132754325866699 reward_loss:  -4.56637716293335
epoch:  43 batch:  130 region_loss:  7.0 7.0 loc_loss:  0.15773427963256836 reward_loss:  -7.886713981628418
acc@1:  0.1147695202257761
epoch: 43 region loss 0.17051094890510948 loc loss 0.20441825885842316 reward loss -10.220913493720284
epoch:  44 batch:  0 region_loss:  10.0 10.0 loc_loss:  0.20341670989990235 reward_loss:  -10.170833587646484
epoch:  44 batch:  10 region_loss:  10.0 10.0 loc_loss:  0.23401954650878906 reward_loss:  -11.700977325439453
epoch:  44 batch:  20 region_loss:  10.0 10.0 loc_loss:  0.2516080665588379 reward_loss:  -12.580404281616211
epoch:  44 batch:  30 region_loss:  10.0 10.0 loc_loss:  0.20536327362060547 reward_loss:  -10.26816463470459
epoch:  44 batch:  40 region_loss:  10.0 10.0 loc_loss:  0.28493919372558596 reward_loss:  -14.24695873260498
epoch:  44 batch:  50 region_loss:  10.0 10.0 loc_loss:  0.22128162384033204 reward_loss:  -11.064081192016602
epoch:  44 batch:  60 region_loss:  10.0 10.0 loc_loss:  0.2035662841796875 reward_loss:  -10.178315162658691
epoch:  44 batch:  70 region_loss:  10.0 10.0 loc_loss:  0.22962020874023437 reward_loss:  -11.481010437011719
epoch:  44 batch:  80 region_loss:  10.0 10.0 loc_loss:  0.22040544509887694 reward_loss:  -11.020273208618164
epoch:  44 batch:  90 region_loss:  6.0 6.0 loc_loss:  0.1309305763244629 reward_loss:  -6.546529293060303
epoch:  44 batch:  100 region_loss:  8.0 8.0 loc_loss:  0.16337886810302735 reward_loss:  -8.168943405151367
epoch:  44 batch:  110 region_loss:  4.0 4.0 loc_loss:  0.07732260227203369 reward_loss:  -3.8661305904388428
epoch:  44 batch:  120 region_loss:  5.0 5.0 loc_loss:  0.08485495567321777 reward_loss:  -4.242747783660889
epoch:  44 batch:  130 region_loss:  7.0 7.0 loc_loss:  0.14725296020507814 reward_loss:  -7.362651348114014
acc@1:  0.11100658513640639
epoch: 44 region loss 0.17051094890510948 loc loss 0.19294515754184582 reward loss -9.647257387203021
epoch:  45 batch:  0 region_loss:  10.0 10.0 loc_loss:  0.19104883193969727 reward_loss:  -9.552440643310547
epoch:  45 batch:  10 region_loss:  10.0 10.0 loc_loss:  0.22012947082519532 reward_loss:  -11.006473541259766
epoch:  45 batch:  20 region_loss:  10.0 10.0 loc_loss:  0.24323829650878906 reward_loss:  -12.161853790283203
epoch:  45 batch:  30 region_loss:  10.0 10.0 loc_loss:  0.19320302963256836 reward_loss:  -9.660151481628418
epoch:  45 batch:  40 region_loss:  10.0 10.0 loc_loss:  0.26987092971801757 reward_loss:  -13.493546485900879
epoch:  45 batch:  50 region_loss:  10.0 10.0 loc_loss:  0.2090517234802246 reward_loss:  -10.45258617401123
epoch:  45 batch:  60 region_loss:  10.0 10.0 loc_loss:  0.19026304244995118 reward_loss:  -9.513153076171875
epoch:  45 batch:  70 region_loss:  10.0 10.0 loc_loss:  0.2168036651611328 reward_loss:  -10.84018325805664
epoch:  45 batch:  80 region_loss:  10.0 10.0 loc_loss:  0.2063151168823242 reward_loss:  -10.315755844116211
epoch:  45 batch:  90 region_loss:  6.0 6.0 loc_loss:  0.12168270111083984 reward_loss:  -6.084135055541992
epoch:  45 batch:  100 region_loss:  8.0 8.0 loc_loss:  0.15228734016418458 reward_loss:  -7.61436653137207
epoch:  45 batch:  110 region_loss:  4.0 4.0 loc_loss:  0.07154619693756104 reward_loss:  -3.5773096084594727
epoch:  45 batch:  120 region_loss:  5.0 5.0 loc_loss:  0.07898343086242676 reward_loss:  -3.949172258377075
epoch:  45 batch:  130 region_loss:  7.0 7.0 loc_loss:  0.13701312065124513 reward_loss:  -6.850656032562256
acc@1:  0.11429915333960489
epoch: 45 region loss 0.17051094890510948 loc loss 0.18190072554741463 reward loss -9.09503630695552
epoch:  46 batch:  0 region_loss:  10.0 10.0 loc_loss:  0.17924156188964843 reward_loss:  -8.962079048156738
epoch:  46 batch:  10 region_loss:  10.0 10.0 loc_loss:  0.20706918716430664 reward_loss:  -10.353461265563965
epoch:  46 batch:  20 region_loss:  10.0 10.0 loc_loss:  0.23687816619873048 reward_loss:  -11.843907356262207
epoch:  46 batch:  30 region_loss:  10.0 10.0 loc_loss:  0.18129198074340822 reward_loss:  -9.06459903717041
epoch:  46 batch:  40 region_loss:  10.0 10.0 loc_loss:  0.2541158676147461 reward_loss:  -12.705793380737305
epoch:  46 batch:  50 region_loss:  10.0 10.0 loc_loss:  0.19715065002441406 reward_loss:  -9.857532501220703
epoch:  46 batch:  60 region_loss:  10.0 10.0 loc_loss:  0.17864608764648438 reward_loss:  -8.932305335998535
epoch:  46 batch:  70 region_loss:  10.0 10.0 loc_loss:  0.20416704177856446 reward_loss:  -10.208349227905273
epoch:  46 batch:  80 region_loss:  10.0 10.0 loc_loss:  0.1919635772705078 reward_loss:  -9.59817886352539
epoch:  46 batch:  90 region_loss:  6.0 6.0 loc_loss:  0.11355876922607422 reward_loss:  -5.677938461303711
epoch:  46 batch:  100 region_loss:  8.0 8.0 loc_loss:  0.14334611892700194 reward_loss:  -7.167305946350098
epoch:  46 batch:  110 region_loss:  4.0 4.0 loc_loss:  0.06619765281677246 reward_loss:  -3.3098831176757812
epoch:  46 batch:  120 region_loss:  5.0 5.0 loc_loss:  0.07333771705627441 reward_loss:  -3.666886806488037
epoch:  46 batch:  130 region_loss:  7.0 7.0 loc_loss:  0.12780686378479003 reward_loss:  -6.390343189239502
acc@1:  0.11147695202257761
epoch: 46 region loss 0.17051094890510948 loc loss 0.17151179324101357 reward loss -8.575589639427019
epoch:  47 batch:  0 region_loss:  10.0 10.0 loc_loss:  0.16805248260498046 reward_loss:  -8.40262508392334
epoch:  47 batch:  10 region_loss:  10.0 10.0 loc_loss:  0.19433509826660156 reward_loss:  -9.716754913330078
epoch:  47 batch:  20 region_loss:  10.0 10.0 loc_loss:  0.23076850891113282 reward_loss:  -11.538426399230957
epoch:  47 batch:  30 region_loss:  10.0 10.0 loc_loss:  0.1705478858947754 reward_loss:  -8.52739429473877
epoch:  47 batch:  40 region_loss:  10.0 10.0 loc_loss:  0.2407335662841797 reward_loss:  -12.0366792678833
epoch:  47 batch:  50 region_loss:  10.0 10.0 loc_loss:  0.1867561912536621 reward_loss:  -9.337809562683105
epoch:  47 batch:  60 region_loss:  10.0 10.0 loc_loss:  0.16679052352905274 reward_loss:  -8.339526176452637
epoch:  47 batch:  70 region_loss:  10.0 10.0 loc_loss:  0.19218523025512696 reward_loss:  -9.609261512756348
epoch:  47 batch:  80 region_loss:  10.0 10.0 loc_loss:  0.17948579788208008 reward_loss:  -8.97429084777832
epoch:  47 batch:  90 region_loss:  6.0 6.0 loc_loss:  0.10517644882202148 reward_loss:  -5.258821964263916
epoch:  47 batch:  100 region_loss:  8.0 8.0 loc_loss:  0.1335929298400879 reward_loss:  -6.6796464920043945
epoch:  47 batch:  110 region_loss:  4.0 4.0 loc_loss:  0.06106913089752197 reward_loss:  -3.053455352783203
epoch:  47 batch:  120 region_loss:  5.0 5.0 loc_loss:  0.06823958396911621 reward_loss:  -3.4119791984558105
epoch:  47 batch:  130 region_loss:  7.0 7.0 loc_loss:  0.11868736267089844 reward_loss:  -5.934368133544922
acc@1:  0.11006585136406397
epoch: 47 region loss 0.17051094890510948 loc loss 0.1615476092369887 reward loss -8.077380604117456
epoch:  48 batch:  0 region_loss:  10.0 10.0 loc_loss:  0.15756739616394044 reward_loss:  -7.87837028503418
epoch:  48 batch:  10 region_loss:  10.0 10.0 loc_loss:  0.18245080947875977 reward_loss:  -9.122540473937988
epoch:  48 batch:  20 region_loss:  10.0 10.0 loc_loss:  0.2186678695678711 reward_loss:  -10.933394432067871
epoch:  48 batch:  30 region_loss:  10.0 10.0 loc_loss:  0.1600341033935547 reward_loss:  -8.001705169677734
epoch:  48 batch:  40 region_loss:  10.0 10.0 loc_loss:  0.2260598945617676 reward_loss:  -11.302995681762695
epoch:  48 batch:  50 region_loss:  10.0 10.0 loc_loss:  0.17583492279052734 reward_loss:  -8.791747093200684
epoch:  48 batch:  60 region_loss:  10.0 10.0 loc_loss:  0.15628464698791503 reward_loss:  -7.814231872558594
epoch:  48 batch:  70 region_loss:  10.0 10.0 loc_loss:  0.1806173324584961 reward_loss:  -9.030872344970703
epoch:  48 batch:  80 region_loss:  10.0 10.0 loc_loss:  0.1667487144470215 reward_loss:  -8.337432861328125
epoch:  48 batch:  90 region_loss:  6.0 6.0 loc_loss:  0.09829349517822265 reward_loss:  -4.914674758911133
epoch:  48 batch:  100 region_loss:  8.0 8.0 loc_loss:  0.1253162670135498 reward_loss:  -6.265812873840332
epoch:  48 batch:  110 region_loss:  4.0 4.0 loc_loss:  0.05641720771789551 reward_loss:  -2.8208601474761963
epoch:  48 batch:  120 region_loss:  5.0 5.0 loc_loss:  0.06325301170349121 reward_loss:  -3.1626501083374023
epoch:  48 batch:  130 region_loss:  7.0 7.0 loc_loss:  0.11053897857666016 reward_loss:  -5.526948928833008
acc@1:  0.10536218250235184
epoch: 48 region loss 0.17051094890510948 loc loss 0.15212287493865856 reward loss -7.606143528092517
epoch:  49 batch:  0 region_loss:  10.0 10.0 loc_loss:  0.14749319076538087 reward_loss:  -7.374659538269043
epoch:  49 batch:  10 region_loss:  10.0 10.0 loc_loss:  0.17097084045410157 reward_loss:  -8.548542976379395
epoch:  49 batch:  20 region_loss:  10.0 10.0 loc_loss:  0.20476680755615234 reward_loss:  -10.238341331481934
epoch:  49 batch:  30 region_loss:  10.0 10.0 loc_loss:  0.15051084518432617 reward_loss:  -7.525543689727783
epoch:  49 batch:  40 region_loss:  10.0 10.0 loc_loss:  0.21374650955200195 reward_loss:  -10.687325477600098
epoch:  49 batch:  50 region_loss:  10.0 10.0 loc_loss:  0.16684194564819335 reward_loss:  -8.342097282409668
epoch:  49 batch:  60 region_loss:  10.0 10.0 loc_loss:  0.14569040298461913 reward_loss:  -7.284519672393799
epoch:  49 batch:  70 region_loss:  10.0 10.0 loc_loss:  0.16976593017578126 reward_loss:  -8.488295555114746
epoch:  49 batch:  80 region_loss:  10.0 10.0 loc_loss:  0.1558978271484375 reward_loss:  -7.794891357421875
epoch:  49 batch:  90 region_loss:  6.0 6.0 loc_loss:  0.09053783416748047 reward_loss:  -4.526892185211182
epoch:  49 batch:  100 region_loss:  8.0 8.0 loc_loss:  0.11675317764282227 reward_loss:  -5.837658405303955
epoch:  49 batch:  110 region_loss:  4.0 4.0 loc_loss:  0.0518778657913208 reward_loss:  -2.5938925743103027
epoch:  49 batch:  120 region_loss:  5.0 5.0 loc_loss:  0.05883242130279541 reward_loss:  -2.9416213035583496
epoch:  49 batch:  130 region_loss:  7.0 7.0 loc_loss:  0.10252413749694825 reward_loss:  -5.126206874847412
acc@1:  0.10724365004703669
epoch: 49 region loss 0.17051094890510948 loc loss 0.14312437295913696 reward loss -7.156218647956848
