3
cuda
epoch:  0 batch:  0 region_loss:  10.0 10.0 loc_loss:  1.9838850402832031 reward_loss:  -99.19328308105469
epoch:  0 batch:  10 region_loss:  10.0 10.0 loc_loss:  1.9830882263183593 reward_loss:  -99.15425109863281
epoch:  0 batch:  20 region_loss:  10.0 10.0 loc_loss:  1.9771337890625 reward_loss:  -98.85652923583984
epoch:  0 batch:  30 region_loss:  10.0 10.0 loc_loss:  1.9839494323730469 reward_loss:  -99.19758605957031
epoch:  0 batch:  40 region_loss:  10.0 10.0 loc_loss:  1.9827897644042969 reward_loss:  -99.13893127441406
epoch:  0 batch:  50 region_loss:  10.0 10.0 loc_loss:  1.9848320007324218 reward_loss:  -99.24126434326172
epoch:  0 batch:  60 region_loss:  10.0 10.0 loc_loss:  1.977505645751953 reward_loss:  -98.8753433227539
epoch:  0 batch:  70 region_loss:  10.0 10.0 loc_loss:  1.9862945556640625 reward_loss:  -99.3147201538086
epoch:  0 batch:  80 region_loss:  10.0 10.0 loc_loss:  1.982501220703125 reward_loss:  -99.12592315673828
epoch:  0 batch:  90 region_loss:  6.0 6.0 loc_loss:  1.1784181213378906 reward_loss:  -58.92021179199219
epoch:  0 batch:  100 region_loss:  8.0 8.0 loc_loss:  1.5731683349609376 reward_loss:  -78.65916442871094
epoch:  0 batch:  110 region_loss:  4.0 4.0 loc_loss:  0.7860131072998047 reward_loss:  -39.30046081542969
epoch:  0 batch:  120 region_loss:  5.0 5.0 loc_loss:  0.9817711639404297 reward_loss:  -49.088462829589844
epoch:  0 batch:  130 region_loss:  7.0 7.0 loc_loss:  1.3725750732421875 reward_loss:  -68.6277084350586
acc@1:  0.0018814675446848542
epoch: 0 region loss 0.17051094890510948 loc loss 1.6864008481659158 reward loss -84.31999727235224
epoch:  1 batch:  0 region_loss:  10.0 10.0 loc_loss:  1.9143038940429689 reward_loss:  -95.71528625488281
epoch:  1 batch:  10 region_loss:  10.0 10.0 loc_loss:  1.9314720153808593 reward_loss:  -96.57361602783203
epoch:  1 batch:  20 region_loss:  10.0 10.0 loc_loss:  1.91365478515625 reward_loss:  -95.68177795410156
epoch:  1 batch:  30 region_loss:  10.0 10.0 loc_loss:  1.9279627990722656 reward_loss:  -96.39920043945312
epoch:  1 batch:  40 region_loss:  10.0 10.0 loc_loss:  1.9151614379882813 reward_loss:  -95.75939178466797
epoch:  1 batch:  50 region_loss:  10.0 10.0 loc_loss:  1.9208273315429687 reward_loss:  -96.04065704345703
epoch:  1 batch:  60 region_loss:  10.0 10.0 loc_loss:  1.8973609924316406 reward_loss:  -94.86679077148438
epoch:  1 batch:  70 region_loss:  10.0 10.0 loc_loss:  1.9021478271484376 reward_loss:  -95.1078872680664
epoch:  1 batch:  80 region_loss:  10.0 10.0 loc_loss:  1.879173583984375 reward_loss:  -93.95976257324219
epoch:  1 batch:  90 region_loss:  6.0 6.0 loc_loss:  1.1090538787841797 reward_loss:  -55.453189849853516
epoch:  1 batch:  100 region_loss:  8.0 8.0 loc_loss:  1.4608717346191407 reward_loss:  -73.04310607910156
epoch:  1 batch:  110 region_loss:  4.0 4.0 loc_loss:  0.7377508544921875 reward_loss:  -36.887481689453125
epoch:  1 batch:  120 region_loss:  5.0 5.0 loc_loss:  0.9156571197509765 reward_loss:  -45.782474517822266
epoch:  1 batch:  130 region_loss:  7.0 7.0 loc_loss:  1.2582757568359375 reward_loss:  -62.915061950683594
acc@1:  0.024459078080903106
epoch: 1 region loss 0.17051094890510948 loc loss 1.6075782731327697 reward loss -80.37898861404753
epoch:  2 batch:  0 region_loss:  10.0 10.0 loc_loss:  1.7389974975585938 reward_loss:  -86.9496078491211
epoch:  2 batch:  10 region_loss:  10.0 10.0 loc_loss:  1.7446273803710937 reward_loss:  -87.23102569580078
epoch:  2 batch:  20 region_loss:  10.0 10.0 loc_loss:  1.7274331665039062 reward_loss:  -86.37101745605469
epoch:  2 batch:  30 region_loss:  10.0 10.0 loc_loss:  1.773416748046875 reward_loss:  -88.67134857177734
epoch:  2 batch:  40 region_loss:  10.0 10.0 loc_loss:  1.7154452514648437 reward_loss:  -85.77265930175781
epoch:  2 batch:  50 region_loss:  10.0 10.0 loc_loss:  1.7840872192382813 reward_loss:  -89.2052001953125
epoch:  2 batch:  60 region_loss:  10.0 10.0 loc_loss:  1.7417501831054687 reward_loss:  -87.0867691040039
epoch:  2 batch:  70 region_loss:  10.0 10.0 loc_loss:  1.7634716796875 reward_loss:  -88.17428588867188
epoch:  2 batch:  80 region_loss:  10.0 10.0 loc_loss:  1.7351277160644532 reward_loss:  -86.75640869140625
epoch:  2 batch:  90 region_loss:  6.0 6.0 loc_loss:  1.032759323120117 reward_loss:  -51.63848114013672
epoch:  2 batch:  100 region_loss:  8.0 8.0 loc_loss:  1.3701278686523437 reward_loss:  -68.5071029663086
epoch:  2 batch:  110 region_loss:  4.0 4.0 loc_loss:  0.6990276336669922 reward_loss:  -34.9515380859375
epoch:  2 batch:  120 region_loss:  5.0 5.0 loc_loss:  0.8703417205810546 reward_loss:  -43.5181884765625
epoch:  2 batch:  130 region_loss:  7.0 7.0 loc_loss:  1.2024740600585937 reward_loss:  -60.12492752075195
acc@1:  0.03198494825964252
epoch: 2 region loss 0.17051094890510948 loc loss 1.4765596826929246 reward loss -73.82799000983691
epoch:  3 batch:  0 region_loss:  10.0 10.0 loc_loss:  1.6783967590332032 reward_loss:  -83.92001342773438
epoch:  3 batch:  10 region_loss:  10.0 10.0 loc_loss:  1.6738493347167969 reward_loss:  -83.69315338134766
epoch:  3 batch:  20 region_loss:  10.0 10.0 loc_loss:  1.6360147094726563 reward_loss:  -81.8006362915039
epoch:  3 batch:  30 region_loss:  10.0 10.0 loc_loss:  1.7020750427246094 reward_loss:  -85.10359191894531
epoch:  3 batch:  40 region_loss:  10.0 10.0 loc_loss:  1.6392796325683594 reward_loss:  -81.96342468261719
epoch:  3 batch:  50 region_loss:  10.0 10.0 loc_loss:  1.711849365234375 reward_loss:  -85.59298706054688
epoch:  3 batch:  60 region_loss:  10.0 10.0 loc_loss:  1.6747755432128906 reward_loss:  -83.73839569091797
epoch:  3 batch:  70 region_loss:  10.0 10.0 loc_loss:  1.6939059448242189 reward_loss:  -84.69540405273438
epoch:  3 batch:  80 region_loss:  10.0 10.0 loc_loss:  1.6728359985351562 reward_loss:  -83.64241027832031
epoch:  3 batch:  90 region_loss:  6.0 6.0 loc_loss:  0.9989482116699219 reward_loss:  -49.947261810302734
epoch:  3 batch:  100 region_loss:  8.0 8.0 loc_loss:  1.3226283264160157 reward_loss:  -66.13148498535156
epoch:  3 batch:  110 region_loss:  4.0 4.0 loc_loss:  0.6782556915283203 reward_loss:  -33.913177490234375
epoch:  3 batch:  120 region_loss:  5.0 5.0 loc_loss:  0.8441151428222656 reward_loss:  -42.205726623535156
epoch:  3 batch:  130 region_loss:  7.0 7.0 loc_loss:  1.1703026580810547 reward_loss:  -58.515533447265625
acc@1:  0.03998118532455315
epoch: 3 region loss 0.17051094890510948 loc loss 1.4150399952909374 reward loss -70.75202281979749
epoch:  4 batch:  0 region_loss:  10.0 10.0 loc_loss:  1.6332502746582032 reward_loss:  -81.6619644165039
epoch:  4 batch:  10 region_loss:  10.0 10.0 loc_loss:  1.629200439453125 reward_loss:  -81.46017456054688
epoch:  4 batch:  20 region_loss:  10.0 10.0 loc_loss:  1.572239227294922 reward_loss:  -78.61222076416016
epoch:  4 batch:  30 region_loss:  10.0 10.0 loc_loss:  1.6490444946289062 reward_loss:  -82.45133972167969
epoch:  4 batch:  40 region_loss:  10.0 10.0 loc_loss:  1.584780731201172 reward_loss:  -79.23906707763672
epoch:  4 batch:  50 region_loss:  10.0 10.0 loc_loss:  1.65360595703125 reward_loss:  -82.67988586425781
epoch:  4 batch:  60 region_loss:  10.0 10.0 loc_loss:  1.6215689086914062 reward_loss:  -81.07896423339844
epoch:  4 batch:  70 region_loss:  10.0 10.0 loc_loss:  1.6352879333496093 reward_loss:  -81.76466369628906
epoch:  4 batch:  80 region_loss:  10.0 10.0 loc_loss:  1.621485595703125 reward_loss:  -81.07396697998047
epoch:  4 batch:  90 region_loss:  6.0 6.0 loc_loss:  0.9696125030517578 reward_loss:  -48.48027801513672
epoch:  4 batch:  100 region_loss:  8.0 8.0 loc_loss:  1.2784530639648437 reward_loss:  -63.92241287231445
epoch:  4 batch:  110 region_loss:  4.0 4.0 loc_loss:  0.659791259765625 reward_loss:  -32.98954391479492
epoch:  4 batch:  120 region_loss:  5.0 5.0 loc_loss:  0.8187376403808594 reward_loss:  -40.9366569519043
epoch:  4 batch:  130 region_loss:  7.0 7.0 loc_loss:  1.138250198364258 reward_loss:  -56.912513732910156
acc@1:  0.047036688617121354
epoch: 4 region loss 0.17051094890510948 loc loss 1.36630555368688 reward loss -68.31527637565223
epoch:  5 batch:  0 region_loss:  10.0 10.0 loc_loss:  1.5848345947265625 reward_loss:  -79.24143981933594
epoch:  5 batch:  10 region_loss:  10.0 10.0 loc_loss:  1.5842155456542968 reward_loss:  -79.21075439453125
epoch:  5 batch:  20 region_loss:  10.0 10.0 loc_loss:  1.5110649108886718 reward_loss:  -75.55303192138672
epoch:  5 batch:  30 region_loss:  10.0 10.0 loc_loss:  1.5957856750488282 reward_loss:  -79.78947448730469
epoch:  5 batch:  40 region_loss:  10.0 10.0 loc_loss:  1.5314573669433593 reward_loss:  -76.57278442382812
epoch:  5 batch:  50 region_loss:  10.0 10.0 loc_loss:  1.594761962890625 reward_loss:  -79.73822784423828
epoch:  5 batch:  60 region_loss:  10.0 10.0 loc_loss:  1.5681880187988282 reward_loss:  -78.409423828125
epoch:  5 batch:  70 region_loss:  10.0 10.0 loc_loss:  1.5768623352050781 reward_loss:  -78.84309387207031
epoch:  5 batch:  80 region_loss:  10.0 10.0 loc_loss:  1.5698529052734376 reward_loss:  -78.49311065673828
epoch:  5 batch:  90 region_loss:  6.0 6.0 loc_loss:  0.9393882751464844 reward_loss:  -46.96971130371094
epoch:  5 batch:  100 region_loss:  8.0 8.0 loc_loss:  1.231680908203125 reward_loss:  -61.58392333984375
epoch:  5 batch:  110 region_loss:  4.0 4.0 loc_loss:  0.6413920593261718 reward_loss:  -32.06917953491211
epoch:  5 batch:  120 region_loss:  5.0 5.0 loc_loss:  0.7922219085693359 reward_loss:  -39.61101150512695
epoch:  5 batch:  130 region_loss:  7.0 7.0 loc_loss:  1.104285659790039 reward_loss:  -55.214317321777344
acc@1:  0.05644402634054563
epoch: 5 region loss 0.17051094890510948 loc loss 1.3173457252892264 reward loss -65.86730496204683
epoch:  6 batch:  0 region_loss:  10.0 10.0 loc_loss:  1.530778350830078 reward_loss:  -76.53910827636719
epoch:  6 batch:  10 region_loss:  10.0 10.0 loc_loss:  1.5345558166503905 reward_loss:  -76.72776794433594
epoch:  6 batch:  20 region_loss:  10.0 10.0 loc_loss:  1.4467340087890626 reward_loss:  -72.33677673339844
epoch:  6 batch:  30 region_loss:  10.0 10.0 loc_loss:  1.538018798828125 reward_loss:  -76.90113067626953
epoch:  6 batch:  40 region_loss:  10.0 10.0 loc_loss:  1.4762684631347656 reward_loss:  -73.81324005126953
epoch:  6 batch:  50 region_loss:  10.0 10.0 loc_loss:  1.5316349792480468 reward_loss:  -76.58186340332031
epoch:  6 batch:  60 region_loss:  10.0 10.0 loc_loss:  1.5119891357421875 reward_loss:  -75.59938049316406
epoch:  6 batch:  70 region_loss:  10.0 10.0 loc_loss:  1.5152244567871094 reward_loss:  -75.7611312866211
epoch:  6 batch:  80 region_loss:  10.0 10.0 loc_loss:  1.515618896484375 reward_loss:  -75.78099060058594
epoch:  6 batch:  90 region_loss:  6.0 6.0 loc_loss:  0.9075154113769531 reward_loss:  -45.37565994262695
epoch:  6 batch:  100 region_loss:  8.0 8.0 loc_loss:  1.1813023376464844 reward_loss:  -59.06512451171875
epoch:  6 batch:  110 region_loss:  4.0 4.0 loc_loss:  0.6222172164916993 reward_loss:  -31.110809326171875
epoch:  6 batch:  120 region_loss:  5.0 5.0 loc_loss:  0.7637851715087891 reward_loss:  -38.189266204833984
epoch:  6 batch:  130 region_loss:  7.0 7.0 loc_loss:  1.0673265838623047 reward_loss:  -53.36628723144531
acc@1:  0.06961429915333961
epoch: 6 region loss 0.17051094890510948 loc loss 1.2653767701309093 reward loss -63.26883676626387
epoch:  7 batch:  0 region_loss:  10.0 10.0 loc_loss:  1.470726318359375 reward_loss:  -73.53631591796875
epoch:  7 batch:  10 region_loss:  10.0 10.0 loc_loss:  1.4792333984375 reward_loss:  -73.96168518066406
epoch:  7 batch:  20 region_loss:  10.0 10.0 loc_loss:  1.3778677368164063 reward_loss:  -68.89336395263672
epoch:  7 batch:  30 region_loss:  10.0 10.0 loc_loss:  1.4760079956054688 reward_loss:  -73.80030822753906
epoch:  7 batch:  40 region_loss:  10.0 10.0 loc_loss:  1.420467529296875 reward_loss:  -71.02336883544922
epoch:  7 batch:  50 region_loss:  10.0 10.0 loc_loss:  1.4639657592773438 reward_loss:  -73.19833374023438
epoch:  7 batch:  60 region_loss:  10.0 10.0 loc_loss:  1.4517955017089843 reward_loss:  -72.58975982666016
epoch:  7 batch:  70 region_loss:  10.0 10.0 loc_loss:  1.4494111633300781 reward_loss:  -72.47057342529297
epoch:  7 batch:  80 region_loss:  10.0 10.0 loc_loss:  1.4577915954589844 reward_loss:  -72.88960266113281
epoch:  7 batch:  90 region_loss:  6.0 6.0 loc_loss:  0.8739060211181641 reward_loss:  -43.695335388183594
epoch:  7 batch:  100 region_loss:  8.0 8.0 loc_loss:  1.1265967559814454 reward_loss:  -56.329833984375
epoch:  7 batch:  110 region_loss:  4.0 4.0 loc_loss:  0.6016926956176758 reward_loss:  -30.08466148376465
epoch:  7 batch:  120 region_loss:  5.0 5.0 loc_loss:  0.7333805847167969 reward_loss:  -36.66904830932617
epoch:  7 batch:  130 region_loss:  7.0 7.0 loc_loss:  1.0281272888183595 reward_loss:  -51.4063720703125
acc@1:  0.08090310442144873
epoch: 7 region loss 0.17051094890510948 loc loss 1.2100613698472071 reward loss -60.50308000606342
epoch:  8 batch:  0 region_loss:  10.0 10.0 loc_loss:  1.4053215026855468 reward_loss:  -70.26600646972656
epoch:  8 batch:  10 region_loss:  10.0 10.0 loc_loss:  1.41753662109375 reward_loss:  -70.8768310546875
epoch:  8 batch:  20 region_loss:  10.0 10.0 loc_loss:  1.3065493774414063 reward_loss:  -65.32745361328125
epoch:  8 batch:  30 region_loss:  10.0 10.0 loc_loss:  1.4089019775390625 reward_loss:  -70.44509887695312
epoch:  8 batch:  40 region_loss:  10.0 10.0 loc_loss:  1.3661761474609375 reward_loss:  -68.30879974365234
epoch:  8 batch:  50 region_loss:  10.0 10.0 loc_loss:  1.3914654541015625 reward_loss:  -69.57328796386719
epoch:  8 batch:  60 region_loss:  10.0 10.0 loc_loss:  1.388466339111328 reward_loss:  -69.42334747314453
epoch:  8 batch:  70 region_loss:  10.0 10.0 loc_loss:  1.3801492309570313 reward_loss:  -69.00748443603516
epoch:  8 batch:  80 region_loss:  10.0 10.0 loc_loss:  1.3969395446777344 reward_loss:  -69.84698486328125
epoch:  8 batch:  90 region_loss:  6.0 6.0 loc_loss:  0.8385484313964844 reward_loss:  -41.92740249633789
epoch:  8 batch:  100 region_loss:  8.0 8.0 loc_loss:  1.0686984252929688 reward_loss:  -53.43492889404297
epoch:  8 batch:  110 region_loss:  4.0 4.0 loc_loss:  0.5802568054199219 reward_loss:  -29.01276206970215
epoch:  8 batch:  120 region_loss:  5.0 5.0 loc_loss:  0.7013538360595704 reward_loss:  -35.0676383972168
epoch:  8 batch:  130 region_loss:  7.0 7.0 loc_loss:  0.9868556976318359 reward_loss:  -49.34278106689453
acc@1:  0.09548447789275635
epoch: 8 region loss 0.17051094890510948 loc loss 1.1523515843300922 reward loss -57.6175743854829
epoch:  9 batch:  0 region_loss:  10.0 10.0 loc_loss:  1.3358186340332032 reward_loss:  -66.79093170166016
epoch:  9 batch:  10 region_loss:  10.0 10.0 loc_loss:  1.3515591430664062 reward_loss:  -67.57796478271484
epoch:  9 batch:  20 region_loss:  10.0 10.0 loc_loss:  1.234697265625 reward_loss:  -61.73487091064453
epoch:  9 batch:  30 region_loss:  10.0 10.0 loc_loss:  1.3376864624023437 reward_loss:  -66.88423919677734
epoch:  9 batch:  40 region_loss:  10.0 10.0 loc_loss:  1.3130801391601563 reward_loss:  -65.65400695800781
epoch:  9 batch:  50 region_loss:  10.0 10.0 loc_loss:  1.315803985595703 reward_loss:  -65.79019165039062
epoch:  9 batch:  60 region_loss:  10.0 10.0 loc_loss:  1.3236053466796875 reward_loss:  -66.18025970458984
epoch:  9 batch:  70 region_loss:  10.0 10.0 loc_loss:  1.3071749877929688 reward_loss:  -65.35871887207031
epoch:  9 batch:  80 region_loss:  10.0 10.0 loc_loss:  1.3346987915039064 reward_loss:  -66.73490905761719
epoch:  9 batch:  90 region_loss:  6.0 6.0 loc_loss:  0.8022723388671875 reward_loss:  -40.11362075805664
epoch:  9 batch:  100 region_loss:  8.0 8.0 loc_loss:  1.0097561645507813 reward_loss:  -50.4878044128418
epoch:  9 batch:  110 region_loss:  4.0 4.0 loc_loss:  0.558006362915039 reward_loss:  -27.900320053100586
epoch:  9 batch:  120 region_loss:  5.0 5.0 loc_loss:  0.668369140625 reward_loss:  -33.41844940185547
epoch:  9 batch:  130 region_loss:  7.0 7.0 loc_loss:  0.9442875671386719 reward_loss:  -47.21437454223633
acc@1:  0.10301034807149577
epoch: 9 region loss 0.17051094890510948 loc loss 1.093594517394574 reward loss -54.67973164746361
epoch:  10 batch:  0 region_loss:  10.0 10.0 loc_loss:  1.2642164611816407 reward_loss:  -63.21080780029297
epoch:  10 batch:  10 region_loss:  10.0 10.0 loc_loss:  1.2821966552734374 reward_loss:  -64.10983276367188
epoch:  10 batch:  20 region_loss:  10.0 10.0 loc_loss:  1.164099884033203 reward_loss:  -58.204978942871094
epoch:  10 batch:  30 region_loss:  10.0 10.0 loc_loss:  1.2642951965332032 reward_loss:  -63.214752197265625
epoch:  10 batch:  40 region_loss:  10.0 10.0 loc_loss:  1.2602593231201171 reward_loss:  -63.012962341308594
epoch:  10 batch:  50 region_loss:  10.0 10.0 loc_loss:  1.2378878784179688 reward_loss:  -61.894405364990234
epoch:  10 batch:  60 region_loss:  10.0 10.0 loc_loss:  1.259036102294922 reward_loss:  -62.95179748535156
epoch:  10 batch:  70 region_loss:  10.0 10.0 loc_loss:  1.2330502319335936 reward_loss:  -61.652496337890625
epoch:  10 batch:  80 region_loss:  10.0 10.0 loc_loss:  1.2732431030273437 reward_loss:  -63.66215515136719
epoch:  10 batch:  90 region_loss:  6.0 6.0 loc_loss:  0.7659223937988281 reward_loss:  -38.29609298706055
epoch:  10 batch:  100 region_loss:  8.0 8.0 loc_loss:  0.9518684387207031 reward_loss:  -47.593414306640625
epoch:  10 batch:  110 region_loss:  4.0 4.0 loc_loss:  0.5352297592163086 reward_loss:  -26.761489868164062
epoch:  10 batch:  120 region_loss:  5.0 5.0 loc_loss:  0.6355088424682617 reward_loss:  -31.775436401367188
epoch:  10 batch:  130 region_loss:  7.0 7.0 loc_loss:  0.9010029602050781 reward_loss:  -45.05014419555664
acc@1:  0.11194731890874883
epoch: 10 region loss 0.17051094890510948 loc loss 1.0352633747741253 reward loss -51.7631629470491
epoch:  11 batch:  0 region_loss:  10.0 10.0 loc_loss:  1.1922469329833985 reward_loss:  -59.61234664916992
epoch:  11 batch:  10 region_loss:  10.0 10.0 loc_loss:  1.2126377868652343 reward_loss:  -60.63188934326172
epoch:  11 batch:  20 region_loss:  10.0 10.0 loc_loss:  1.0952693176269532 reward_loss:  -54.76346206665039
epoch:  11 batch:  30 region_loss:  10.0 10.0 loc_loss:  1.1905551147460938 reward_loss:  -59.52772903442383
epoch:  11 batch:  40 region_loss:  10.0 10.0 loc_loss:  1.2074378204345704 reward_loss:  -60.37189483642578
epoch:  11 batch:  50 region_loss:  10.0 10.0 loc_loss:  1.1607881164550782 reward_loss:  -58.0394172668457
epoch:  11 batch:  60 region_loss:  10.0 10.0 loc_loss:  1.196051025390625 reward_loss:  -59.802547454833984
epoch:  11 batch:  70 region_loss:  10.0 10.0 loc_loss:  1.1600594329833984 reward_loss:  -58.00297927856445
epoch:  11 batch:  80 region_loss:  10.0 10.0 loc_loss:  1.2143708038330079 reward_loss:  -60.71854019165039
epoch:  11 batch:  90 region_loss:  6.0 6.0 loc_loss:  0.7299884033203125 reward_loss:  -36.49940872192383
epoch:  11 batch:  100 region_loss:  8.0 8.0 loc_loss:  0.8966309356689454 reward_loss:  -44.8315544128418
epoch:  11 batch:  110 region_loss:  4.0 4.0 loc_loss:  0.5119200897216797 reward_loss:  -25.59598159790039
epoch:  11 batch:  120 region_loss:  5.0 5.0 loc_loss:  0.6033098983764649 reward_loss:  -30.165491104125977
epoch:  11 batch:  130 region_loss:  7.0 7.0 loc_loss:  0.8581004333496094 reward_loss:  -42.9050178527832
acc@1:  0.11759172154280338
epoch: 11 region loss 0.17051094890510948 loc loss 0.9787024443689054 reward loss -48.935117178589756
epoch:  12 batch:  0 region_loss:  10.0 10.0 loc_loss:  1.1225942993164062 reward_loss:  -56.12971496582031
epoch:  12 batch:  10 region_loss:  10.0 10.0 loc_loss:  1.1445320129394532 reward_loss:  -57.226600646972656
epoch:  12 batch:  20 region_loss:  10.0 10.0 loc_loss:  1.029414291381836 reward_loss:  -51.4707145690918
epoch:  12 batch:  30 region_loss:  10.0 10.0 loc_loss:  1.1184249114990235 reward_loss:  -55.92129135131836
epoch:  12 batch:  40 region_loss:  10.0 10.0 loc_loss:  1.1551087951660157 reward_loss:  -57.755435943603516
epoch:  12 batch:  50 region_loss:  10.0 10.0 loc_loss:  1.086511459350586 reward_loss:  -54.32557678222656
epoch:  12 batch:  60 region_loss:  10.0 10.0 loc_loss:  1.1353174591064452 reward_loss:  -56.765869140625
epoch:  12 batch:  70 region_loss:  10.0 10.0 loc_loss:  1.091397247314453 reward_loss:  -54.56984329223633
epoch:  12 batch:  80 region_loss:  10.0 10.0 loc_loss:  1.158814926147461 reward_loss:  -57.94074249267578
epoch:  12 batch:  90 region_loss:  6.0 6.0 loc_loss:  0.6953687286376953 reward_loss:  -34.7684326171875
epoch:  12 batch:  100 region_loss:  8.0 8.0 loc_loss:  0.84511962890625 reward_loss:  -42.255985260009766
epoch:  12 batch:  110 region_loss:  4.0 4.0 loc_loss:  0.4887113189697266 reward_loss:  -24.435569763183594
epoch:  12 batch:  120 region_loss:  5.0 5.0 loc_loss:  0.57227294921875 reward_loss:  -28.6136474609375
epoch:  12 batch:  130 region_loss:  7.0 7.0 loc_loss:  0.8162568664550781 reward_loss:  -40.812843322753906
acc@1:  0.12229539040451552
epoch: 12 region loss 0.17051094890510948 loc loss 0.9250646666366689 reward loss -46.25323618589527
epoch:  13 batch:  0 region_loss:  10.0 10.0 loc_loss:  1.057122116088867 reward_loss:  -52.856101989746094
epoch:  13 batch:  10 region_loss:  10.0 10.0 loc_loss:  1.079258270263672 reward_loss:  -53.962913513183594
epoch:  13 batch:  20 region_loss:  10.0 10.0 loc_loss:  0.9678617095947266 reward_loss:  -48.39309310913086
epoch:  13 batch:  30 region_loss:  10.0 10.0 loc_loss:  1.0496590423583985 reward_loss:  -52.48295974731445
epoch:  13 batch:  40 region_loss:  10.0 10.0 loc_loss:  1.1039131927490233 reward_loss:  -55.19565200805664
epoch:  13 batch:  50 region_loss:  10.0 10.0 loc_loss:  1.017530746459961 reward_loss:  -50.87651824951172
epoch:  13 batch:  60 region_loss:  10.0 10.0 loc_loss:  1.0776640319824218 reward_loss:  -53.88319778442383
epoch:  13 batch:  70 region_loss:  10.0 10.0 loc_loss:  1.0281083679199219 reward_loss:  -51.40541458129883
epoch:  13 batch:  80 region_loss:  10.0 10.0 loc_loss:  1.1063478088378906 reward_loss:  -55.31743240356445
epoch:  13 batch:  90 region_loss:  6.0 6.0 loc_loss:  0.6621409606933594 reward_loss:  -33.10703659057617
epoch:  13 batch:  100 region_loss:  8.0 8.0 loc_loss:  0.7980055236816406 reward_loss:  -39.9002685546875
epoch:  13 batch:  110 region_loss:  4.0 4.0 loc_loss:  0.46601295471191406 reward_loss:  -23.30064582824707
epoch:  13 batch:  120 region_loss:  5.0 5.0 loc_loss:  0.5425376129150391 reward_loss:  -27.126869201660156
epoch:  13 batch:  130 region_loss:  7.0 7.0 loc_loss:  0.7762316131591797 reward_loss:  -38.811580657958984
acc@1:  0.12699905926622765
epoch: 13 region loss 0.17051094890510948 loc loss 0.8749428842363567 reward loss -43.747144253584594
epoch:  14 batch:  0 region_loss:  10.0 10.0 loc_loss:  0.996666030883789 reward_loss:  -49.83329391479492
epoch:  14 batch:  10 region_loss:  10.0 10.0 loc_loss:  1.0185650634765624 reward_loss:  -50.928253173828125
epoch:  14 batch:  20 region_loss:  10.0 10.0 loc_loss:  0.9118539428710938 reward_loss:  -45.59269714355469
epoch:  14 batch:  30 region_loss:  10.0 10.0 loc_loss:  0.986092529296875 reward_loss:  -49.304622650146484
epoch:  14 batch:  40 region_loss:  10.0 10.0 loc_loss:  1.05490234375 reward_loss:  -52.745113372802734
epoch:  14 batch:  50 region_loss:  10.0 10.0 loc_loss:  0.955024642944336 reward_loss:  -47.75123596191406
epoch:  14 batch:  60 region_loss:  10.0 10.0 loc_loss:  1.023122329711914 reward_loss:  -51.15612030029297
epoch:  14 batch:  70 region_loss:  10.0 10.0 loc_loss:  0.9709095001220703 reward_loss:  -48.54544448852539
epoch:  14 batch:  80 region_loss:  10.0 10.0 loc_loss:  1.0560837554931641 reward_loss:  -52.8041877746582
epoch:  14 batch:  90 region_loss:  6.0 6.0 loc_loss:  0.6309110260009766 reward_loss:  -31.545574188232422
epoch:  14 batch:  100 region_loss:  8.0 8.0 loc_loss:  0.7550559997558594 reward_loss:  -37.75279998779297
epoch:  14 batch:  110 region_loss:  4.0 4.0 loc_loss:  0.443502311706543 reward_loss:  -22.175125122070312
epoch:  14 batch:  120 region_loss:  5.0 5.0 loc_loss:  0.514422378540039 reward_loss:  -25.721118927001953
epoch:  14 batch:  130 region_loss:  7.0 7.0 loc_loss:  0.7382685852050781 reward_loss:  -36.91342544555664
acc@1:  0.1317027281279398
epoch: 14 region loss 0.17051094890510948 loc loss 0.8286666494216363 reward loss -41.43333224832577
epoch:  15 batch:  0 region_loss:  10.0 10.0 loc_loss:  0.9413649749755859 reward_loss:  -47.0682373046875
epoch:  15 batch:  10 region_loss:  10.0 10.0 loc_loss:  0.9631304168701171 reward_loss:  -48.156517028808594
epoch:  15 batch:  20 region_loss:  10.0 10.0 loc_loss:  0.861575927734375 reward_loss:  -43.07880401611328
epoch:  15 batch:  30 region_loss:  10.0 10.0 loc_loss:  0.9282532501220703 reward_loss:  -46.41261672973633
epoch:  15 batch:  40 region_loss:  10.0 10.0 loc_loss:  1.008855438232422 reward_loss:  -50.442771911621094
epoch:  15 batch:  50 region_loss:  10.0 10.0 loc_loss:  0.8989912414550781 reward_loss:  -44.94956588745117
epoch:  15 batch:  60 region_loss:  10.0 10.0 loc_loss:  0.9721663665771484 reward_loss:  -48.608314514160156
epoch:  15 batch:  70 region_loss:  10.0 10.0 loc_loss:  0.9191873931884765 reward_loss:  -45.95936584472656
epoch:  15 batch:  80 region_loss:  10.0 10.0 loc_loss:  1.0088215637207032 reward_loss:  -50.44108200073242
epoch:  15 batch:  90 region_loss:  6.0 6.0 loc_loss:  0.6016570281982422 reward_loss:  -30.082847595214844
epoch:  15 batch:  100 region_loss:  8.0 8.0 loc_loss:  0.7161019897460937 reward_loss:  -35.805091857910156
epoch:  15 batch:  110 region_loss:  4.0 4.0 loc_loss:  0.4221002960205078 reward_loss:  -21.105022430419922
epoch:  15 batch:  120 region_loss:  5.0 5.0 loc_loss:  0.48752891540527343 reward_loss:  -24.376445770263672
epoch:  15 batch:  130 region_loss:  7.0 7.0 loc_loss:  0.7028658294677734 reward_loss:  -35.14329528808594
acc@1:  0.13358419567262464
epoch: 15 region loss 0.17051094890510948 loc loss 0.7861603398566699 reward loss -39.3080319731775
epoch:  16 batch:  0 region_loss:  10.0 10.0 loc_loss:  0.8904832458496094 reward_loss:  -44.5241584777832
epoch:  16 batch:  10 region_loss:  10.0 10.0 loc_loss:  0.9125974273681641 reward_loss:  -45.62986755371094
epoch:  16 batch:  20 region_loss:  10.0 10.0 loc_loss:  0.8162982177734375 reward_loss:  -40.814903259277344
epoch:  16 batch:  30 region_loss:  10.0 10.0 loc_loss:  0.8755483245849609 reward_loss:  -43.77742004394531
epoch:  16 batch:  40 region_loss:  10.0 10.0 loc_loss:  0.9656465148925781 reward_loss:  -48.28232192993164
epoch:  16 batch:  50 region_loss:  10.0 10.0 loc_loss:  0.8488910675048829 reward_loss:  -42.444557189941406
epoch:  16 batch:  60 region_loss:  10.0 10.0 loc_loss:  0.9244390869140625 reward_loss:  -46.221946716308594
epoch:  16 batch:  70 region_loss:  10.0 10.0 loc_loss:  0.8727358245849609 reward_loss:  -43.63678741455078
epoch:  16 batch:  80 region_loss:  10.0 10.0 loc_loss:  0.9639611053466797 reward_loss:  -48.198055267333984
epoch:  16 batch:  90 region_loss:  6.0 6.0 loc_loss:  0.5741511154174804 reward_loss:  -28.70755958557129
epoch:  16 batch:  100 region_loss:  8.0 8.0 loc_loss:  0.6805732727050782 reward_loss:  -34.0286750793457
epoch:  16 batch:  110 region_loss:  4.0 4.0 loc_loss:  0.40140422821044924 reward_loss:  -20.070209503173828
epoch:  16 batch:  120 region_loss:  5.0 5.0 loc_loss:  0.46198974609375 reward_loss:  -23.099483489990234
epoch:  16 batch:  130 region_loss:  7.0 7.0 loc_loss:  0.6700077819824218 reward_loss:  -33.500389099121094
acc@1:  0.1349952963311383
epoch: 16 region loss 0.17051094890510948 loc loss 0.7472094512159806 reward loss -37.36047219882046
epoch:  17 batch:  0 region_loss:  10.0 10.0 loc_loss:  0.843331298828125 reward_loss:  -42.166568756103516
epoch:  17 batch:  10 region_loss:  10.0 10.0 loc_loss:  0.866808853149414 reward_loss:  -43.3404426574707
epoch:  17 batch:  20 region_loss:  10.0 10.0 loc_loss:  0.7753988647460938 reward_loss:  -38.76993942260742
epoch:  17 batch:  30 region_loss:  10.0 10.0 loc_loss:  0.82809326171875 reward_loss:  -41.40461349487305
epoch:  17 batch:  40 region_loss:  10.0 10.0 loc_loss:  0.9257810974121093 reward_loss:  -46.28904724121094
epoch:  17 batch:  50 region_loss:  10.0 10.0 loc_loss:  0.8044693756103516 reward_loss:  -40.22346878051758
epoch:  17 batch:  60 region_loss:  10.0 10.0 loc_loss:  0.8797315216064453 reward_loss:  -43.986572265625
epoch:  17 batch:  70 region_loss:  10.0 10.0 loc_loss:  0.8300180816650391 reward_loss:  -41.50090408325195
epoch:  17 batch:  80 region_loss:  10.0 10.0 loc_loss:  0.921399154663086 reward_loss:  -46.06996154785156
epoch:  17 batch:  90 region_loss:  6.0 6.0 loc_loss:  0.5483122253417969 reward_loss:  -27.415607452392578
epoch:  17 batch:  100 region_loss:  8.0 8.0 loc_loss:  0.6483036041259765 reward_loss:  -32.41518020629883
epoch:  17 batch:  110 region_loss:  4.0 4.0 loc_loss:  0.38180389404296877 reward_loss:  -19.090187072753906
epoch:  17 batch:  120 region_loss:  5.0 5.0 loc_loss:  0.4378973007202148 reward_loss:  -21.894865036010742
epoch:  17 batch:  130 region_loss:  7.0 7.0 loc_loss:  0.6395286560058594 reward_loss:  -31.97643280029297
acc@1:  0.13687676387582315
epoch: 17 region loss 0.17051094890510948 loc loss 0.7114297382326892 reward loss -35.571487036934734
epoch:  18 batch:  0 region_loss:  10.0 10.0 loc_loss:  0.7997389221191407 reward_loss:  -39.98694610595703
epoch:  18 batch:  10 region_loss:  10.0 10.0 loc_loss:  0.8248677825927735 reward_loss:  -41.24338912963867
epoch:  18 batch:  20 region_loss:  10.0 10.0 loc_loss:  0.7388954162597656 reward_loss:  -36.944766998291016
epoch:  18 batch:  30 region_loss:  10.0 10.0 loc_loss:  0.7841915893554687 reward_loss:  -39.20957946777344
epoch:  18 batch:  40 region_loss:  10.0 10.0 loc_loss:  0.8889752960205078 reward_loss:  -44.448760986328125
epoch:  18 batch:  50 region_loss:  10.0 10.0 loc_loss:  0.7644175720214844 reward_loss:  -38.220882415771484
epoch:  18 batch:  60 region_loss:  10.0 10.0 loc_loss:  0.8371156311035156 reward_loss:  -41.85578536987305
epoch:  18 batch:  70 region_loss:  10.0 10.0 loc_loss:  0.7912922668457031 reward_loss:  -39.564537048339844
epoch:  18 batch:  80 region_loss:  10.0 10.0 loc_loss:  0.8814613342285156 reward_loss:  -44.07306671142578
epoch:  18 batch:  90 region_loss:  6.0 6.0 loc_loss:  0.5239730072021485 reward_loss:  -26.19864845275879
epoch:  18 batch:  100 region_loss:  8.0 8.0 loc_loss:  0.6180576324462891 reward_loss:  -30.90287971496582
epoch:  18 batch:  110 region_loss:  4.0 4.0 loc_loss:  0.3627381896972656 reward_loss:  -18.13690757751465
epoch:  18 batch:  120 region_loss:  5.0 5.0 loc_loss:  0.4149776458740234 reward_loss:  -20.74888038635254
epoch:  18 batch:  130 region_loss:  7.0 7.0 loc_loss:  0.6106587982177735 reward_loss:  -30.532943725585938
acc@1:  0.13828786453433678
epoch: 18 region loss 0.17051094890510948 loc loss 0.678451423227352 reward loss -33.92257059751636
epoch:  19 batch:  0 region_loss:  10.0 10.0 loc_loss:  0.7593890380859375 reward_loss:  -37.96945571899414
epoch:  19 batch:  10 region_loss:  10.0 10.0 loc_loss:  0.7866802978515625 reward_loss:  -39.334014892578125
epoch:  19 batch:  20 region_loss:  10.0 10.0 loc_loss:  0.7057161712646485 reward_loss:  -35.28580856323242
epoch:  19 batch:  30 region_loss:  10.0 10.0 loc_loss:  0.7441973876953125 reward_loss:  -37.209861755371094
epoch:  19 batch:  40 region_loss:  10.0 10.0 loc_loss:  0.8545123291015625 reward_loss:  -42.72562026977539
epoch:  19 batch:  50 region_loss:  10.0 10.0 loc_loss:  0.7279546356201172 reward_loss:  -36.39773178100586
epoch:  19 batch:  60 region_loss:  10.0 10.0 loc_loss:  0.7971344757080078 reward_loss:  -39.85673141479492
epoch:  19 batch:  70 region_loss:  10.0 10.0 loc_loss:  0.755296630859375 reward_loss:  -37.76483917236328
epoch:  19 batch:  80 region_loss:  10.0 10.0 loc_loss:  0.843072280883789 reward_loss:  -42.15361404418945
epoch:  19 batch:  90 region_loss:  6.0 6.0 loc_loss:  0.5006140518188477 reward_loss:  -25.030698776245117
epoch:  19 batch:  100 region_loss:  8.0 8.0 loc_loss:  0.5900996780395508 reward_loss:  -29.504985809326172
epoch:  19 batch:  110 region_loss:  4.0 4.0 loc_loss:  0.3448899459838867 reward_loss:  -17.244497299194336
epoch:  19 batch:  120 region_loss:  5.0 5.0 loc_loss:  0.3933225631713867 reward_loss:  -19.666128158569336
epoch:  19 batch:  130 region_loss:  7.0 7.0 loc_loss:  0.5836117172241211 reward_loss:  -29.180583953857422
acc@1:  0.14016933207902163
epoch: 19 region loss 0.17051094890510948 loc loss 0.6478624602825973 reward loss -32.3931225755789
epoch:  20 batch:  0 region_loss:  10.0 10.0 loc_loss:  0.7219283294677734 reward_loss:  -36.096412658691406
epoch:  20 batch:  10 region_loss:  10.0 10.0 loc_loss:  0.751265869140625 reward_loss:  -37.563297271728516
epoch:  20 batch:  20 region_loss:  10.0 10.0 loc_loss:  0.6753143310546875 reward_loss:  -33.765716552734375
epoch:  20 batch:  30 region_loss:  10.0 10.0 loc_loss:  0.7068091583251953 reward_loss:  -35.340457916259766
epoch:  20 batch:  40 region_loss:  10.0 10.0 loc_loss:  0.8225346374511718 reward_loss:  -41.12673568725586
epoch:  20 batch:  50 region_loss:  10.0 10.0 loc_loss:  0.694494857788086 reward_loss:  -34.7247428894043
epoch:  20 batch:  60 region_loss:  10.0 10.0 loc_loss:  0.7589254760742188 reward_loss:  -37.9462776184082
epoch:  20 batch:  70 region_loss:  10.0 10.0 loc_loss:  0.7219806671142578 reward_loss:  -36.09901809692383
epoch:  20 batch:  80 region_loss:  10.0 10.0 loc_loss:  0.8064978790283203 reward_loss:  -40.324886322021484
epoch:  20 batch:  90 region_loss:  6.0 6.0 loc_loss:  0.4787948226928711 reward_loss:  -23.939739227294922
epoch:  20 batch:  100 region_loss:  8.0 8.0 loc_loss:  0.5639537811279297 reward_loss:  -28.197689056396484
epoch:  20 batch:  110 region_loss:  4.0 4.0 loc_loss:  0.32771793365478513 reward_loss:  -16.385896682739258
epoch:  20 batch:  120 region_loss:  5.0 5.0 loc_loss:  0.3729692840576172 reward_loss:  -18.648460388183594
epoch:  20 batch:  130 region_loss:  7.0 7.0 loc_loss:  0.5578863525390625 reward_loss:  -27.89431381225586
acc@1:  0.1415804327375353
epoch: 20 region loss 0.17051094890510948 loc loss 0.6192863309818463 reward loss -30.964314753121702
epoch:  21 batch:  0 region_loss:  10.0 10.0 loc_loss:  0.6865585327148438 reward_loss:  -34.32792663574219
epoch:  21 batch:  10 region_loss:  10.0 10.0 loc_loss:  0.7182421112060546 reward_loss:  -35.9120979309082
epoch:  21 batch:  20 region_loss:  10.0 10.0 loc_loss:  0.6475350952148438 reward_loss:  -32.37675476074219
epoch:  21 batch:  30 region_loss:  10.0 10.0 loc_loss:  0.6720826721191406 reward_loss:  -33.60413360595703
epoch:  21 batch:  40 region_loss:  10.0 10.0 loc_loss:  0.7922870635986328 reward_loss:  -39.614356994628906
epoch:  21 batch:  50 region_loss:  10.0 10.0 loc_loss:  0.6636726379394531 reward_loss:  -33.183631896972656
epoch:  21 batch:  60 region_loss:  10.0 10.0 loc_loss:  0.7226490020751953 reward_loss:  -36.13245391845703
epoch:  21 batch:  70 region_loss:  10.0 10.0 loc_loss:  0.6905592346191406 reward_loss:  -34.527957916259766
epoch:  21 batch:  80 region_loss:  10.0 10.0 loc_loss:  0.771502456665039 reward_loss:  -38.57512283325195
epoch:  21 batch:  90 region_loss:  6.0 6.0 loc_loss:  0.4577459716796875 reward_loss:  -22.887298583984375
epoch:  21 batch:  100 region_loss:  8.0 8.0 loc_loss:  0.5388734436035156 reward_loss:  -26.94367218017578
epoch:  21 batch:  110 region_loss:  4.0 4.0 loc_loss:  0.3112447738647461 reward_loss:  -15.562239646911621
epoch:  21 batch:  120 region_loss:  5.0 5.0 loc_loss:  0.3538249206542969 reward_loss:  -17.691246032714844
epoch:  21 batch:  130 region_loss:  7.0 7.0 loc_loss:  0.5330754852294922 reward_loss:  -26.653772354125977
acc@1:  0.14111006585136407
epoch: 21 region loss 0.17051094890510948 loc loss 0.5924332537964312 reward loss -29.62166144377994
epoch:  22 batch:  0 region_loss:  10.0 10.0 loc_loss:  0.6534169006347657 reward_loss:  -32.67084884643555
epoch:  22 batch:  10 region_loss:  10.0 10.0 loc_loss:  0.687350082397461 reward_loss:  -34.36750793457031
epoch:  22 batch:  20 region_loss:  10.0 10.0 loc_loss:  0.621414794921875 reward_loss:  -31.070741653442383
epoch:  22 batch:  30 region_loss:  10.0 10.0 loc_loss:  0.6398869323730468 reward_loss:  -31.99434471130371
epoch:  22 batch:  40 region_loss:  10.0 10.0 loc_loss:  0.7635111999511719 reward_loss:  -38.175559997558594
epoch:  22 batch:  50 region_loss:  10.0 10.0 loc_loss:  0.634646987915039 reward_loss:  -31.732351303100586
epoch:  22 batch:  60 region_loss:  10.0 10.0 loc_loss:  0.6882427215576172 reward_loss:  -34.412139892578125
epoch:  22 batch:  70 region_loss:  10.0 10.0 loc_loss:  0.6610356140136718 reward_loss:  -33.05178451538086
epoch:  22 batch:  80 region_loss:  10.0 10.0 loc_loss:  0.7378168487548828 reward_loss:  -36.89084243774414
epoch:  22 batch:  90 region_loss:  6.0 6.0 loc_loss:  0.4375736618041992 reward_loss:  -21.878681182861328
epoch:  22 batch:  100 region_loss:  8.0 8.0 loc_loss:  0.5153026580810547 reward_loss:  -25.7651309967041
epoch:  22 batch:  110 region_loss:  4.0 4.0 loc_loss:  0.2956719970703125 reward_loss:  -14.783598899841309
epoch:  22 batch:  120 region_loss:  5.0 5.0 loc_loss:  0.3354967498779297 reward_loss:  -16.774837493896484
epoch:  22 batch:  130 region_loss:  7.0 7.0 loc_loss:  0.5094223403930664 reward_loss:  -25.471115112304688
acc@1:  0.13781749764816556
epoch: 22 region loss 0.17051094890510948 loc loss 0.5670150595337805 reward loss -28.350753909479963
epoch:  23 batch:  0 region_loss:  10.0 10.0 loc_loss:  0.6222655105590821 reward_loss:  -31.1132755279541
epoch:  23 batch:  10 region_loss:  10.0 10.0 loc_loss:  0.6582346343994141 reward_loss:  -32.9117317199707
epoch:  23 batch:  20 region_loss:  10.0 10.0 loc_loss:  0.5970659637451172 reward_loss:  -29.85329818725586
epoch:  23 batch:  30 region_loss:  10.0 10.0 loc_loss:  0.609027099609375 reward_loss:  -30.451358795166016
epoch:  23 batch:  40 region_loss:  10.0 10.0 loc_loss:  0.7357362365722656 reward_loss:  -36.786808013916016
epoch:  23 batch:  50 region_loss:  10.0 10.0 loc_loss:  0.6075466918945313 reward_loss:  -30.377336502075195
epoch:  23 batch:  60 region_loss:  10.0 10.0 loc_loss:  0.6553533172607422 reward_loss:  -32.76766586303711
epoch:  23 batch:  70 region_loss:  10.0 10.0 loc_loss:  0.6332115173339844 reward_loss:  -31.660568237304688
epoch:  23 batch:  80 region_loss:  10.0 10.0 loc_loss:  0.7055422973632812 reward_loss:  -35.27711868286133
epoch:  23 batch:  90 region_loss:  6.0 6.0 loc_loss:  0.4181431579589844 reward_loss:  -20.90715980529785
epoch:  23 batch:  100 region_loss:  8.0 8.0 loc_loss:  0.492684326171875 reward_loss:  -24.63421630859375
epoch:  23 batch:  110 region_loss:  4.0 4.0 loc_loss:  0.2806379318237305 reward_loss:  -14.03189754486084
epoch:  23 batch:  120 region_loss:  5.0 5.0 loc_loss:  0.31826297760009764 reward_loss:  -15.913147926330566
epoch:  23 batch:  130 region_loss:  7.0 7.0 loc_loss:  0.48636272430419925 reward_loss:  -24.31813621520996
acc@1:  0.13687676387582315
epoch: 23 region loss 0.17051094890510948 loc loss 0.5428629080918583 reward loss -27.143146943001852
epoch:  24 batch:  0 region_loss:  10.0 10.0 loc_loss:  0.5925141906738282 reward_loss:  -29.625709533691406
epoch:  24 batch:  10 region_loss:  10.0 10.0 loc_loss:  0.6303248596191406 reward_loss:  -31.516239166259766
epoch:  24 batch:  20 region_loss:  10.0 10.0 loc_loss:  0.5741027450561523 reward_loss:  -28.705135345458984
epoch:  24 batch:  30 region_loss:  10.0 10.0 loc_loss:  0.580442123413086 reward_loss:  -29.022106170654297
epoch:  24 batch:  40 region_loss:  10.0 10.0 loc_loss:  0.7087683868408203 reward_loss:  -35.438419342041016
epoch:  24 batch:  50 region_loss:  10.0 10.0 loc_loss:  0.5816578292846679 reward_loss:  -29.0828914642334
epoch:  24 batch:  60 region_loss:  10.0 10.0 loc_loss:  0.6243708801269531 reward_loss:  -31.218542098999023
epoch:  24 batch:  70 region_loss:  10.0 10.0 loc_loss:  0.6068679046630859 reward_loss:  -30.343395233154297
epoch:  24 batch:  80 region_loss:  10.0 10.0 loc_loss:  0.6746016693115234 reward_loss:  -33.730079650878906
epoch:  24 batch:  90 region_loss:  6.0 6.0 loc_loss:  0.39950099945068357 reward_loss:  -19.975048065185547
epoch:  24 batch:  100 region_loss:  8.0 8.0 loc_loss:  0.4710293960571289 reward_loss:  -23.551469802856445
epoch:  24 batch:  110 region_loss:  4.0 4.0 loc_loss:  0.26624494552612304 reward_loss:  -13.312247276306152
epoch:  24 batch:  120 region_loss:  5.0 5.0 loc_loss:  0.30180381774902343 reward_loss:  -15.090189933776855
epoch:  24 batch:  130 region_loss:  7.0 7.0 loc_loss:  0.4642572784423828 reward_loss:  -23.212860107421875
acc@1:  0.1359360301034807
epoch: 24 region loss 0.17051094890510948 loc loss 0.5198241606942059 reward loss -25.991208417572246
epoch:  25 batch:  0 region_loss:  10.0 10.0 loc_loss:  0.5645324325561524 reward_loss:  -28.226621627807617
epoch:  25 batch:  10 region_loss:  10.0 10.0 loc_loss:  0.6040758514404296 reward_loss:  -30.203792572021484
epoch:  25 batch:  20 region_loss:  10.0 10.0 loc_loss:  0.5522605514526367 reward_loss:  -27.613027572631836
epoch:  25 batch:  30 region_loss:  10.0 10.0 loc_loss:  0.5535702896118164 reward_loss:  -27.67851448059082
epoch:  25 batch:  40 region_loss:  10.0 10.0 loc_loss:  0.6830601501464844 reward_loss:  -34.15300750732422
epoch:  25 batch:  50 region_loss:  10.0 10.0 loc_loss:  0.5573858261108399 reward_loss:  -27.869291305541992
epoch:  25 batch:  60 region_loss:  10.0 10.0 loc_loss:  0.5945397567749023 reward_loss:  -29.726987838745117
epoch:  25 batch:  70 region_loss:  10.0 10.0 loc_loss:  0.5815939712524414 reward_loss:  -29.079710006713867
epoch:  25 batch:  80 region_loss:  10.0 10.0 loc_loss:  0.6445912170410156 reward_loss:  -32.229557037353516
epoch:  25 batch:  90 region_loss:  6.0 6.0 loc_loss:  0.38140960693359377 reward_loss:  -19.070480346679688
epoch:  25 batch:  100 region_loss:  8.0 8.0 loc_loss:  0.45013397216796874 reward_loss:  -22.506698608398438
epoch:  25 batch:  110 region_loss:  4.0 4.0 loc_loss:  0.2523785400390625 reward_loss:  -12.618927001953125
epoch:  25 batch:  120 region_loss:  5.0 5.0 loc_loss:  0.28648447036743163 reward_loss:  -14.324223518371582
epoch:  25 batch:  130 region_loss:  7.0 7.0 loc_loss:  0.442913818359375 reward_loss:  -22.145700454711914
acc@1:  0.13734713076199437
epoch: 25 region loss 0.17051094890510948 loc loss 0.4977615824233006 reward loss -24.88807842505239
epoch:  26 batch:  0 region_loss:  10.0 10.0 loc_loss:  0.5377896881103515 reward_loss:  -26.889484405517578
epoch:  26 batch:  10 region_loss:  10.0 10.0 loc_loss:  0.5785365676879883 reward_loss:  -28.926828384399414
epoch:  26 batch:  20 region_loss:  10.0 10.0 loc_loss:  0.5311483764648437 reward_loss:  -26.557418823242188
epoch:  26 batch:  30 region_loss:  10.0 10.0 loc_loss:  0.5273896789550782 reward_loss:  -26.369483947753906
epoch:  26 batch:  40 region_loss:  10.0 10.0 loc_loss:  0.6576673126220703 reward_loss:  -32.883365631103516
epoch:  26 batch:  50 region_loss:  10.0 10.0 loc_loss:  0.5339015197753906 reward_loss:  -26.695077896118164
epoch:  26 batch:  60 region_loss:  10.0 10.0 loc_loss:  0.5659416961669922 reward_loss:  -28.29708480834961
epoch:  26 batch:  70 region_loss:  10.0 10.0 loc_loss:  0.5577809143066407 reward_loss:  -27.88904571533203
epoch:  26 batch:  80 region_loss:  10.0 10.0 loc_loss:  0.615515365600586 reward_loss:  -30.775768280029297
epoch:  26 batch:  90 region_loss:  6.0 6.0 loc_loss:  0.3636886978149414 reward_loss:  -18.184432983398438
epoch:  26 batch:  100 region_loss:  8.0 8.0 loc_loss:  0.43038330078125 reward_loss:  -21.5191650390625
epoch:  26 batch:  110 region_loss:  4.0 4.0 loc_loss:  0.2392212677001953 reward_loss:  -11.961061477661133
epoch:  26 batch:  120 region_loss:  5.0 5.0 loc_loss:  0.27172643661499024 reward_loss:  -13.586320877075195
epoch:  26 batch:  130 region_loss:  7.0 7.0 loc_loss:  0.42235965728759767 reward_loss:  -21.117982864379883
acc@1:  0.13076199435559738
epoch: 26 region loss 0.17051094890510948 loc loss 0.4765422631702284 reward loss -23.82711600909268
epoch:  27 batch:  0 region_loss:  10.0 10.0 loc_loss:  0.5122213745117188 reward_loss:  -25.611064910888672
epoch:  27 batch:  10 region_loss:  10.0 10.0 loc_loss:  0.5541008758544922 reward_loss:  -27.70504379272461
epoch:  27 batch:  20 region_loss:  10.0 10.0 loc_loss:  0.5110823822021484 reward_loss:  -25.55411720275879
epoch:  27 batch:  30 region_loss:  10.0 10.0 loc_loss:  0.5031850814819336 reward_loss:  -25.15925407409668
epoch:  27 batch:  40 region_loss:  10.0 10.0 loc_loss:  0.6330590438842774 reward_loss:  -31.652950286865234
epoch:  27 batch:  50 region_loss:  10.0 10.0 loc_loss:  0.5114838409423829 reward_loss:  -25.57419204711914
epoch:  27 batch:  60 region_loss:  10.0 10.0 loc_loss:  0.5387601470947265 reward_loss:  -26.938007354736328
epoch:  27 batch:  70 region_loss:  10.0 10.0 loc_loss:  0.5348847961425781 reward_loss:  -26.744239807128906
epoch:  27 batch:  80 region_loss:  10.0 10.0 loc_loss:  0.5876314163208007 reward_loss:  -29.38157081604004
epoch:  27 batch:  90 region_loss:  6.0 6.0 loc_loss:  0.34639652252197267 reward_loss:  -17.31982421875
epoch:  27 batch:  100 region_loss:  8.0 8.0 loc_loss:  0.4110532760620117 reward_loss:  -20.55265998840332
epoch:  27 batch:  110 region_loss:  4.0 4.0 loc_loss:  0.22636497497558594 reward_loss:  -11.31825065612793
epoch:  27 batch:  120 region_loss:  5.0 5.0 loc_loss:  0.2574486351013184 reward_loss:  -12.872432708740234
epoch:  27 batch:  130 region_loss:  7.0 7.0 loc_loss:  0.402481803894043 reward_loss:  -20.12409019470215
acc@1:  0.12982126058325494
epoch: 27 region loss 0.17051094890510948 loc loss 0.45613519543278824 reward loss -22.806759406180277
epoch:  28 batch:  0 region_loss:  10.0 10.0 loc_loss:  0.48772708892822264 reward_loss:  -24.386354446411133
epoch:  28 batch:  10 region_loss:  10.0 10.0 loc_loss:  0.5306893157958984 reward_loss:  -26.534467697143555
epoch:  28 batch:  20 region_loss:  10.0 10.0 loc_loss:  0.4913796615600586 reward_loss:  -24.568984985351562
epoch:  28 batch:  30 region_loss:  10.0 10.0 loc_loss:  0.4797779846191406 reward_loss:  -23.9888973236084
epoch:  28 batch:  40 region_loss:  10.0 10.0 loc_loss:  0.6087794876098633 reward_loss:  -30.4389705657959
epoch:  28 batch:  50 region_loss:  10.0 10.0 loc_loss:  0.48989784240722656 reward_loss:  -24.494890213012695
epoch:  28 batch:  60 region_loss:  10.0 10.0 loc_loss:  0.5125644302368164 reward_loss:  -25.628219604492188
epoch:  28 batch:  70 region_loss:  10.0 10.0 loc_loss:  0.512732048034668 reward_loss:  -25.63660430908203
epoch:  28 batch:  80 region_loss:  10.0 10.0 loc_loss:  0.5603836441040039 reward_loss:  -28.019180297851562
epoch:  28 batch:  90 region_loss:  6.0 6.0 loc_loss:  0.32994857788085935 reward_loss:  -16.49742889404297
epoch:  28 batch:  100 region_loss:  8.0 8.0 loc_loss:  0.39255237579345703 reward_loss:  -19.627620697021484
epoch:  28 batch:  110 region_loss:  4.0 4.0 loc_loss:  0.21409337997436523 reward_loss:  -10.704668045043945
epoch:  28 batch:  120 region_loss:  5.0 5.0 loc_loss:  0.2440132713317871 reward_loss:  -12.200663566589355
epoch:  28 batch:  130 region_loss:  7.0 7.0 loc_loss:  0.38334625244140624 reward_loss:  -19.167316436767578
acc@1:  0.1288805268109125
epoch: 28 region loss 0.17051094890510948 loc loss 0.4363101534947862 reward loss -21.815508724129113
epoch:  29 batch:  0 region_loss:  10.0 10.0 loc_loss:  0.46415756225585936 reward_loss:  -23.20787811279297
epoch:  29 batch:  10 region_loss:  10.0 10.0 loc_loss:  0.5078585815429687 reward_loss:  -25.392929077148438
epoch:  29 batch:  20 region_loss:  10.0 10.0 loc_loss:  0.47279891967773435 reward_loss:  -23.63994026184082
epoch:  29 batch:  30 region_loss:  10.0 10.0 loc_loss:  0.4573476791381836 reward_loss:  -22.86738395690918
epoch:  29 batch:  40 region_loss:  10.0 10.0 loc_loss:  0.5853532791137696 reward_loss:  -29.267669677734375
epoch:  29 batch:  50 region_loss:  10.0 10.0 loc_loss:  0.4689912796020508 reward_loss:  -23.44956398010254
epoch:  29 batch:  60 region_loss:  10.0 10.0 loc_loss:  0.4867809295654297 reward_loss:  -24.339046478271484
epoch:  29 batch:  70 region_loss:  10.0 10.0 loc_loss:  0.4916402053833008 reward_loss:  -24.582012176513672
epoch:  29 batch:  80 region_loss:  10.0 10.0 loc_loss:  0.5339632415771485 reward_loss:  -26.698171615600586
epoch:  29 batch:  90 region_loss:  6.0 6.0 loc_loss:  0.3136933517456055 reward_loss:  -15.684666633605957
epoch:  29 batch:  100 region_loss:  8.0 8.0 loc_loss:  0.3743217086791992 reward_loss:  -18.716083526611328
epoch:  29 batch:  110 region_loss:  4.0 4.0 loc_loss:  0.2023457717895508 reward_loss:  -10.117359161376953
epoch:  29 batch:  120 region_loss:  5.0 5.0 loc_loss:  0.23096927642822265 reward_loss:  -11.548463821411133
epoch:  29 batch:  130 region_loss:  7.0 7.0 loc_loss:  0.36466346740722655 reward_loss:  -18.233173370361328
