nohup: ignoring input
cuda
epoch:  0 batch:  0 region_loss:  10.0 10.0 loc_loss:  1.9839926147460938 reward_loss:  -99.19877624511719
epoch:  0 batch:  10 region_loss:  10.0 10.0 loc_loss:  1.9822407531738282 reward_loss:  -99.11158752441406
epoch:  0 batch:  20 region_loss:  10.0 10.0 loc_loss:  1.9817022705078124 reward_loss:  -99.08660125732422
epoch:  0 batch:  30 region_loss:  10.0 10.0 loc_loss:  1.986859130859375 reward_loss:  -99.34200286865234
epoch:  0 batch:  40 region_loss:  10.0 10.0 loc_loss:  1.985869140625 reward_loss:  -99.29248046875
epoch:  0 batch:  50 region_loss:  10.0 10.0 loc_loss:  1.9874005126953125 reward_loss:  -99.37140655517578
epoch:  0 batch:  60 region_loss:  10.0 10.0 loc_loss:  1.9849586486816406 reward_loss:  -99.24594116210938
epoch:  0 batch:  70 region_loss:  10.0 10.0 loc_loss:  1.9829379272460939 reward_loss:  -99.14765930175781
epoch:  0 batch:  80 region_loss:  10.0 10.0 loc_loss:  1.97489501953125 reward_loss:  -98.74697875976562
epoch:  0 batch:  90 region_loss:  6.0 6.0 loc_loss:  1.1820038604736327 reward_loss:  -59.10068130493164
epoch:  0 batch:  100 region_loss:  8.0 8.0 loc_loss:  1.5749899291992187 reward_loss:  -78.75010681152344
epoch:  0 batch:  110 region_loss:  4.0 4.0 loc_loss:  0.7881452941894531 reward_loss:  -39.407264709472656
epoch:  0 batch:  120 region_loss:  5.0 5.0 loc_loss:  0.9829949188232422 reward_loss:  -49.14891052246094
epoch:  0 batch:  130 region_loss:  7.0 7.0 loc_loss:  1.3749502563476563 reward_loss:  -68.74785614013672
acc@1:  0.0042333019755409216
epoch: 0 region loss 0.17051094890510948 loc loss 1.6872510695631489 reward loss -84.36258666880809
epoch:  1 batch:  0 region_loss:  10.0 10.0 loc_loss:  1.9111624145507813 reward_loss:  -95.55608367919922
epoch:  1 batch:  10 region_loss:  10.0 10.0 loc_loss:  1.9308042907714844 reward_loss:  -96.54169464111328
epoch:  1 batch:  20 region_loss:  10.0 10.0 loc_loss:  1.9182839965820313 reward_loss:  -95.9140625
epoch:  1 batch:  30 region_loss:  10.0 10.0 loc_loss:  1.9279344177246094 reward_loss:  -96.39630126953125
epoch:  1 batch:  40 region_loss:  10.0 10.0 loc_loss:  1.9154742431640626 reward_loss:  -95.7747573852539
epoch:  1 batch:  50 region_loss:  10.0 10.0 loc_loss:  1.9172958374023437 reward_loss:  -95.86592864990234
epoch:  1 batch:  60 region_loss:  10.0 10.0 loc_loss:  1.9007838439941407 reward_loss:  -95.03921508789062
epoch:  1 batch:  70 region_loss:  10.0 10.0 loc_loss:  1.88807373046875 reward_loss:  -94.40328979492188
epoch:  1 batch:  80 region_loss:  10.0 10.0 loc_loss:  1.8583551025390626 reward_loss:  -92.91825866699219
epoch:  1 batch:  90 region_loss:  6.0 6.0 loc_loss:  1.1037918853759765 reward_loss:  -55.18968200683594
epoch:  1 batch:  100 region_loss:  8.0 8.0 loc_loss:  1.4602546691894531 reward_loss:  -73.01380157470703
epoch:  1 batch:  110 region_loss:  4.0 4.0 loc_loss:  0.7368065643310547 reward_loss:  -36.83889389038086
epoch:  1 batch:  120 region_loss:  5.0 5.0 loc_loss:  0.908720703125 reward_loss:  -45.43663787841797
epoch:  1 batch:  130 region_loss:  7.0 7.0 loc_loss:  1.2644224548339844 reward_loss:  -63.220523834228516
acc@1:  0.023518344308560677
epoch: 1 region loss 0.17051094890510948 loc loss 1.6028099789584642 reward loss -80.14042259828888
epoch:  2 batch:  0 region_loss:  10.0 10.0 loc_loss:  1.7370248413085938 reward_loss:  -86.8509521484375
epoch:  2 batch:  10 region_loss:  10.0 10.0 loc_loss:  1.7502989196777343 reward_loss:  -87.51476287841797
epoch:  2 batch:  20 region_loss:  10.0 10.0 loc_loss:  1.7405007934570313 reward_loss:  -87.0245590209961
epoch:  2 batch:  30 region_loss:  10.0 10.0 loc_loss:  1.7706495666503905 reward_loss:  -88.5311050415039
epoch:  2 batch:  40 region_loss:  10.0 10.0 loc_loss:  1.718329620361328 reward_loss:  -85.91502380371094
epoch:  2 batch:  50 region_loss:  10.0 10.0 loc_loss:  1.7802699279785157 reward_loss:  -89.01471710205078
epoch:  2 batch:  60 region_loss:  10.0 10.0 loc_loss:  1.7516598510742187 reward_loss:  -87.58252716064453
epoch:  2 batch:  70 region_loss:  10.0 10.0 loc_loss:  1.755439453125 reward_loss:  -87.7710952758789
epoch:  2 batch:  80 region_loss:  10.0 10.0 loc_loss:  1.7191885375976563 reward_loss:  -85.96029663085938
epoch:  2 batch:  90 region_loss:  6.0 6.0 loc_loss:  1.034193649291992 reward_loss:  -51.71086883544922
epoch:  2 batch:  100 region_loss:  8.0 8.0 loc_loss:  1.376185302734375 reward_loss:  -68.81000518798828
epoch:  2 batch:  110 region_loss:  4.0 4.0 loc_loss:  0.7008834075927735 reward_loss:  -35.045021057128906
epoch:  2 batch:  120 region_loss:  5.0 5.0 loc_loss:  0.8674960327148438 reward_loss:  -43.37350082397461
epoch:  2 batch:  130 region_loss:  7.0 7.0 loc_loss:  1.2098956298828125 reward_loss:  -60.494102478027344
acc@1:  0.032455315145813735
epoch: 2 region loss 0.17051094890510948 loc loss 1.4749410999604384 reward loss -73.7469765878942
epoch:  3 batch:  0 region_loss:  10.0 10.0 loc_loss:  1.6807661437988282 reward_loss:  -84.03836822509766
epoch:  3 batch:  10 region_loss:  10.0 10.0 loc_loss:  1.6802165222167968 reward_loss:  -84.01103210449219
epoch:  3 batch:  20 region_loss:  10.0 10.0 loc_loss:  1.6487477111816407 reward_loss:  -82.4378433227539
epoch:  3 batch:  30 region_loss:  10.0 10.0 loc_loss:  1.7021112060546875 reward_loss:  -85.10572052001953
epoch:  3 batch:  40 region_loss:  10.0 10.0 loc_loss:  1.6451638793945313 reward_loss:  -82.25729370117188
epoch:  3 batch:  50 region_loss:  10.0 10.0 loc_loss:  1.7109893798828124 reward_loss:  -85.55056762695312
epoch:  3 batch:  60 region_loss:  10.0 10.0 loc_loss:  1.6816374206542968 reward_loss:  -84.08282470703125
epoch:  3 batch:  70 region_loss:  10.0 10.0 loc_loss:  1.6845614624023437 reward_loss:  -84.228271484375
epoch:  3 batch:  80 region_loss:  10.0 10.0 loc_loss:  1.6568228149414062 reward_loss:  -82.84111022949219
epoch:  3 batch:  90 region_loss:  6.0 6.0 loc_loss:  1.0020650482177735 reward_loss:  -50.1036491394043
epoch:  3 batch:  100 region_loss:  8.0 8.0 loc_loss:  1.3288285827636719 reward_loss:  -66.44267272949219
epoch:  3 batch:  110 region_loss:  4.0 4.0 loc_loss:  0.680711669921875 reward_loss:  -34.03565216064453
epoch:  3 batch:  120 region_loss:  5.0 5.0 loc_loss:  0.84254638671875 reward_loss:  -42.12752151489258
epoch:  3 batch:  130 region_loss:  7.0 7.0 loc_loss:  1.1770362091064452 reward_loss:  -58.852298736572266
acc@1:  0.03715898400752587
epoch: 3 region loss 0.17051094890510948 loc loss 1.415471765003065 reward loss -70.77375804594834
epoch:  4 batch:  0 region_loss:  10.0 10.0 loc_loss:  1.6365350341796876 reward_loss:  -81.82653045654297
epoch:  4 batch:  10 region_loss:  10.0 10.0 loc_loss:  1.6367680358886718 reward_loss:  -81.8382568359375
epoch:  4 batch:  20 region_loss:  10.0 10.0 loc_loss:  1.585522918701172 reward_loss:  -79.27678680419922
epoch:  4 batch:  30 region_loss:  10.0 10.0 loc_loss:  1.6498336791992188 reward_loss:  -82.4915542602539
epoch:  4 batch:  40 region_loss:  10.0 10.0 loc_loss:  1.5914942932128906 reward_loss:  -79.57438659667969
epoch:  4 batch:  50 region_loss:  10.0 10.0 loc_loss:  1.6553007507324218 reward_loss:  -82.76542663574219
epoch:  4 batch:  60 region_loss:  10.0 10.0 loc_loss:  1.6272856140136718 reward_loss:  -81.3648452758789
epoch:  4 batch:  70 region_loss:  10.0 10.0 loc_loss:  1.6241117858886718 reward_loss:  -81.20449829101562
epoch:  4 batch:  80 region_loss:  10.0 10.0 loc_loss:  1.6045790100097657 reward_loss:  -80.22882843017578
epoch:  4 batch:  90 region_loss:  6.0 6.0 loc_loss:  0.9737007141113281 reward_loss:  -48.68456268310547
epoch:  4 batch:  100 region_loss:  8.0 8.0 loc_loss:  1.2846670532226563 reward_loss:  -64.23362731933594
epoch:  4 batch:  110 region_loss:  4.0 4.0 loc_loss:  0.6629788208007813 reward_loss:  -33.14960861206055
epoch:  4 batch:  120 region_loss:  5.0 5.0 loc_loss:  0.8182140350341797 reward_loss:  -40.910675048828125
epoch:  4 batch:  130 region_loss:  7.0 7.0 loc_loss:  1.1445453643798829 reward_loss:  -57.2273063659668
acc@1:  0.04844778927563499
epoch: 4 region loss 0.17051094890510948 loc loss 1.3676835941398229 reward loss -68.38416973865816
epoch:  5 batch:  0 region_loss:  10.0 10.0 loc_loss:  1.5881730651855468 reward_loss:  -79.40885162353516
epoch:  5 batch:  10 region_loss:  10.0 10.0 loc_loss:  1.5921873474121093 reward_loss:  -79.60973358154297
epoch:  5 batch:  20 region_loss:  10.0 10.0 loc_loss:  1.5237617492675781 reward_loss:  -76.18773651123047
epoch:  5 batch:  30 region_loss:  10.0 10.0 loc_loss:  1.5958505249023438 reward_loss:  -79.7930679321289
epoch:  5 batch:  40 region_loss:  10.0 10.0 loc_loss:  1.5380845642089844 reward_loss:  -76.9044418334961
epoch:  5 batch:  50 region_loss:  10.0 10.0 loc_loss:  1.5997242736816406 reward_loss:  -79.9861831665039
epoch:  5 batch:  60 region_loss:  10.0 10.0 loc_loss:  1.5734742736816407 reward_loss:  -78.67356872558594
epoch:  5 batch:  70 region_loss:  10.0 10.0 loc_loss:  1.5631512451171874 reward_loss:  -78.1573715209961
epoch:  5 batch:  80 region_loss:  10.0 10.0 loc_loss:  1.5517176818847656 reward_loss:  -77.5855941772461
epoch:  5 batch:  90 region_loss:  6.0 6.0 loc_loss:  0.9443531799316406 reward_loss:  -47.21700668334961
epoch:  5 batch:  100 region_loss:  8.0 8.0 loc_loss:  1.2385570526123046 reward_loss:  -61.927581787109375
epoch:  5 batch:  110 region_loss:  4.0 4.0 loc_loss:  0.6452011108398438 reward_loss:  -32.25989532470703
epoch:  5 batch:  120 region_loss:  5.0 5.0 loc_loss:  0.7921348571777344 reward_loss:  -39.606719970703125
epoch:  5 batch:  130 region_loss:  7.0 7.0 loc_loss:  1.110008544921875 reward_loss:  -55.50038528442383
acc@1:  0.05456255879586077
epoch: 5 region loss 0.17051094890510948 loc loss 1.3192056884208736 reward loss -65.96028390592032
epoch:  6 batch:  0 region_loss:  10.0 10.0 loc_loss:  1.5339151000976563 reward_loss:  -76.69593811035156
epoch:  6 batch:  10 region_loss:  10.0 10.0 loc_loss:  1.5428985595703124 reward_loss:  -77.14480590820312
epoch:  6 batch:  20 region_loss:  10.0 10.0 loc_loss:  1.4593966674804688 reward_loss:  -72.9700698852539
epoch:  6 batch:  30 region_loss:  10.0 10.0 loc_loss:  1.537643585205078 reward_loss:  -76.8828125
epoch:  6 batch:  40 region_loss:  10.0 10.0 loc_loss:  1.4818057250976562 reward_loss:  -74.09027862548828
epoch:  6 batch:  50 region_loss:  10.0 10.0 loc_loss:  1.54069580078125 reward_loss:  -77.03498840332031
epoch:  6 batch:  60 region_loss:  10.0 10.0 loc_loss:  1.5165109252929687 reward_loss:  -75.82564544677734
epoch:  6 batch:  70 region_loss:  10.0 10.0 loc_loss:  1.4984921264648436 reward_loss:  -74.92499542236328
epoch:  6 batch:  80 region_loss:  10.0 10.0 loc_loss:  1.496083984375 reward_loss:  -74.80355834960938
epoch:  6 batch:  90 region_loss:  6.0 6.0 loc_loss:  0.9132460021972656 reward_loss:  -45.66263198852539
epoch:  6 batch:  100 region_loss:  8.0 8.0 loc_loss:  1.1883876037597656 reward_loss:  -59.419437408447266
epoch:  6 batch:  110 region_loss:  4.0 4.0 loc_loss:  0.6264216995239258 reward_loss:  -31.321151733398438
epoch:  6 batch:  120 region_loss:  5.0 5.0 loc_loss:  0.7639088439941406 reward_loss:  -38.19538116455078
epoch:  6 batch:  130 region_loss:  7.0 7.0 loc_loss:  1.0730384063720704 reward_loss:  -53.651920318603516
acc@1:  0.06632173095014111
epoch: 6 region loss 0.17051094890510948 loc loss 1.2676040298573292 reward loss -63.380216027698374
epoch:  7 batch:  0 region_loss:  10.0 10.0 loc_loss:  1.4727297973632814 reward_loss:  -73.6357421875
epoch:  7 batch:  10 region_loss:  10.0 10.0 loc_loss:  1.487960205078125 reward_loss:  -74.39802551269531
epoch:  7 batch:  20 region_loss:  10.0 10.0 loc_loss:  1.3901457214355468 reward_loss:  -69.50724792480469
epoch:  7 batch:  30 region_loss:  10.0 10.0 loc_loss:  1.474809112548828 reward_loss:  -73.74052429199219
epoch:  7 batch:  40 region_loss:  10.0 10.0 loc_loss:  1.4238064575195313 reward_loss:  -71.19034576416016
epoch:  7 batch:  50 region_loss:  10.0 10.0 loc_loss:  1.4766616821289062 reward_loss:  -73.83314514160156
epoch:  7 batch:  60 region_loss:  10.0 10.0 loc_loss:  1.4556851196289062 reward_loss:  -72.78441619873047
epoch:  7 batch:  70 region_loss:  10.0 10.0 loc_loss:  1.42925537109375 reward_loss:  -71.4627914428711
epoch:  7 batch:  80 region_loss:  10.0 10.0 loc_loss:  1.437344970703125 reward_loss:  -71.867431640625
epoch:  7 batch:  90 region_loss:  6.0 6.0 loc_loss:  0.8802218627929688 reward_loss:  -44.01084899902344
epoch:  7 batch:  100 region_loss:  8.0 8.0 loc_loss:  1.1339926147460937 reward_loss:  -56.699607849121094
epoch:  7 batch:  110 region_loss:  4.0 4.0 loc_loss:  0.6065655899047852 reward_loss:  -30.328453063964844
epoch:  7 batch:  120 region_loss:  5.0 5.0 loc_loss:  0.7335671234130859 reward_loss:  -36.67833709716797
epoch:  7 batch:  130 region_loss:  7.0 7.0 loc_loss:  1.0336600494384767 reward_loss:  -51.683006286621094
acc@1:  0.08466603951081844
epoch: 7 region loss 0.17051094890510948 loc loss 1.2127193320058558 reward loss -60.635938310275115
epoch:  8 batch:  0 region_loss:  10.0 10.0 loc_loss:  1.4058351135253906 reward_loss:  -70.29240417480469
epoch:  8 batch:  10 region_loss:  10.0 10.0 loc_loss:  1.4278842163085939 reward_loss:  -71.3941421508789
epoch:  8 batch:  20 region_loss:  10.0 10.0 loc_loss:  1.316891632080078 reward_loss:  -65.8441162109375
epoch:  8 batch:  30 region_loss:  10.0 10.0 loc_loss:  1.4076458740234374 reward_loss:  -70.38241577148438
epoch:  8 batch:  40 region_loss:  10.0 10.0 loc_loss:  1.3662686157226562 reward_loss:  -68.31331634521484
epoch:  8 batch:  50 region_loss:  10.0 10.0 loc_loss:  1.4075920104980468 reward_loss:  -70.3796157836914
epoch:  8 batch:  60 region_loss:  10.0 10.0 loc_loss:  1.3915887451171876 reward_loss:  -69.5794677734375
epoch:  8 batch:  70 region_loss:  10.0 10.0 loc_loss:  1.3567008972167969 reward_loss:  -67.8351821899414
epoch:  8 batch:  80 region_loss:  10.0 10.0 loc_loss:  1.37622802734375 reward_loss:  -68.81153869628906
epoch:  8 batch:  90 region_loss:  6.0 6.0 loc_loss:  0.8459407043457031 reward_loss:  -42.29670333862305
epoch:  8 batch:  100 region_loss:  8.0 8.0 loc_loss:  1.0765668487548827 reward_loss:  -53.828369140625
epoch:  8 batch:  110 region_loss:  4.0 4.0 loc_loss:  0.5856635284423828 reward_loss:  -29.283178329467773
epoch:  8 batch:  120 region_loss:  5.0 5.0 loc_loss:  0.7015468597412109 reward_loss:  -35.07735061645508
epoch:  8 batch:  130 region_loss:  7.0 7.0 loc_loss:  0.9922157287597656 reward_loss:  -49.61079025268555
acc@1:  0.09595484477892756
epoch: 8 region loss 0.17051094890510948 loc loss 1.1554736055248847 reward loss -57.77365979661037
epoch:  9 batch:  0 region_loss:  10.0 10.0 loc_loss:  1.3348287963867187 reward_loss:  -66.74175262451172
epoch:  9 batch:  10 region_loss:  10.0 10.0 loc_loss:  1.363291015625 reward_loss:  -68.16455078125
epoch:  9 batch:  20 region_loss:  10.0 10.0 loc_loss:  1.2415610504150392 reward_loss:  -62.07810974121094
epoch:  9 batch:  30 region_loss:  10.0 10.0 loc_loss:  1.337138671875 reward_loss:  -66.8570327758789
epoch:  9 batch:  40 region_loss:  10.0 10.0 loc_loss:  1.3105413818359375 reward_loss:  -65.52720642089844
epoch:  9 batch:  50 region_loss:  10.0 10.0 loc_loss:  1.3346192932128906 reward_loss:  -66.73095703125
epoch:  9 batch:  60 region_loss:  10.0 10.0 loc_loss:  1.32593017578125 reward_loss:  -66.29667663574219
epoch:  9 batch:  70 region_loss:  10.0 10.0 loc_loss:  1.2824520874023437 reward_loss:  -64.12259674072266
epoch:  9 batch:  80 region_loss:  10.0 10.0 loc_loss:  1.3145697021484375 reward_loss:  -65.72852325439453
epoch:  9 batch:  90 region_loss:  6.0 6.0 loc_loss:  0.8106977844238281 reward_loss:  -40.535343170166016
epoch:  9 batch:  100 region_loss:  8.0 8.0 loc_loss:  1.0178559112548828 reward_loss:  -50.89265060424805
epoch:  9 batch:  110 region_loss:  4.0 4.0 loc_loss:  0.5639056015014648 reward_loss:  -28.19549560546875
epoch:  9 batch:  120 region_loss:  5.0 5.0 loc_loss:  0.6684745788574219 reward_loss:  -33.423736572265625
epoch:  9 batch:  130 region_loss:  7.0 7.0 loc_loss:  0.9494094848632812 reward_loss:  -47.47047424316406
acc@1:  0.10865475070555033
epoch: 9 region loss 0.17051094890510948 loc loss 1.0971302761996748 reward loss -54.856520715421134
epoch:  10 batch:  0 region_loss:  10.0 10.0 loc_loss:  1.261680145263672 reward_loss:  -63.08397674560547
epoch:  10 batch:  10 region_loss:  10.0 10.0 loc_loss:  1.295436553955078 reward_loss:  -64.7718276977539
epoch:  10 batch:  20 region_loss:  10.0 10.0 loc_loss:  1.1667884063720704 reward_loss:  -58.33940124511719
epoch:  10 batch:  30 region_loss:  10.0 10.0 loc_loss:  1.2646837615966797 reward_loss:  -63.23411560058594
epoch:  10 batch:  40 region_loss:  10.0 10.0 loc_loss:  1.2562553405761718 reward_loss:  -62.812808990478516
epoch:  10 batch:  50 region_loss:  10.0 10.0 loc_loss:  1.259295425415039 reward_loss:  -62.96476364135742
epoch:  10 batch:  60 region_loss:  10.0 10.0 loc_loss:  1.2602159118652343 reward_loss:  -63.010765075683594
epoch:  10 batch:  70 region_loss:  10.0 10.0 loc_loss:  1.2091521453857421 reward_loss:  -60.45756912231445
epoch:  10 batch:  80 region_loss:  10.0 10.0 loc_loss:  1.2540766143798827 reward_loss:  -62.703853607177734
epoch:  10 batch:  90 region_loss:  6.0 6.0 loc_loss:  0.77500244140625 reward_loss:  -38.750179290771484
epoch:  10 batch:  100 region_loss:  8.0 8.0 loc_loss:  0.9601094818115234 reward_loss:  -48.00544357299805
epoch:  10 batch:  110 region_loss:  4.0 4.0 loc_loss:  0.5414178848266602 reward_loss:  -27.07090187072754
epoch:  10 batch:  120 region_loss:  5.0 5.0 loc_loss:  0.6353451538085938 reward_loss:  -31.767261505126953
epoch:  10 batch:  130 region_loss:  7.0 7.0 loc_loss:  0.9059762573242187 reward_loss:  -45.29875564575195
acc@1:  0.12417685794920037
epoch: 10 region loss 0.17051094890510948 loc loss 1.0390822824074404 reward loss -51.95410824518134
epoch:  11 batch:  0 region_loss:  10.0 10.0 loc_loss:  1.1885177612304687 reward_loss:  -59.425872802734375
epoch:  11 batch:  10 region_loss:  10.0 10.0 loc_loss:  1.2262132263183594 reward_loss:  -61.3111457824707
epoch:  11 batch:  20 region_loss:  10.0 10.0 loc_loss:  1.0945589447021484 reward_loss:  -54.72810363769531
epoch:  11 batch:  30 region_loss:  10.0 10.0 loc_loss:  1.191858367919922 reward_loss:  -59.59292984008789
epoch:  11 batch:  40 region_loss:  10.0 10.0 loc_loss:  1.2026516723632812 reward_loss:  -60.13208770751953
epoch:  11 batch:  50 region_loss:  10.0 10.0 loc_loss:  1.1834796142578126 reward_loss:  -59.17397689819336
epoch:  11 batch:  60 region_loss:  10.0 10.0 loc_loss:  1.1960366821289063 reward_loss:  -59.801490783691406
epoch:  11 batch:  70 region_loss:  10.0 10.0 loc_loss:  1.1389362335205078 reward_loss:  -56.94679641723633
epoch:  11 batch:  80 region_loss:  10.0 10.0 loc_loss:  1.1963517761230469 reward_loss:  -59.81757736206055
epoch:  11 batch:  90 region_loss:  6.0 6.0 loc_loss:  0.7398200225830078 reward_loss:  -36.99112319946289
epoch:  11 batch:  100 region_loss:  8.0 8.0 loc_loss:  0.9045942687988281 reward_loss:  -45.229705810546875
epoch:  11 batch:  110 region_loss:  4.0 4.0 loc_loss:  0.5185357666015625 reward_loss:  -25.92681884765625
epoch:  11 batch:  120 region_loss:  5.0 5.0 loc_loss:  0.602867317199707 reward_loss:  -30.143442153930664
epoch:  11 batch:  130 region_loss:  7.0 7.0 loc_loss:  0.8628482818603516 reward_loss:  -43.142356872558594
acc@1:  0.1284101599247413
epoch: 11 region loss 0.17051094890510948 loc loss 0.9826658569113181 reward loss -49.133283294900494
epoch:  12 batch:  0 region_loss:  10.0 10.0 loc_loss:  1.1180289459228516 reward_loss:  -55.90143966674805
epoch:  12 batch:  10 region_loss:  10.0 10.0 loc_loss:  1.1579515838623047 reward_loss:  -57.897544860839844
epoch:  12 batch:  20 region_loss:  10.0 10.0 loc_loss:  1.0266802978515626 reward_loss:  -51.33405303955078
epoch:  12 batch:  30 region_loss:  10.0 10.0 loc_loss:  1.1198097991943359 reward_loss:  -55.99050521850586
epoch:  12 batch:  40 region_loss:  10.0 10.0 loc_loss:  1.1500263214111328 reward_loss:  -57.50127029418945
epoch:  12 batch:  50 region_loss:  10.0 10.0 loc_loss:  1.1094442749023437 reward_loss:  -55.47220230102539
epoch:  12 batch:  60 region_loss:  10.0 10.0 loc_loss:  1.134095230102539 reward_loss:  -56.70478439331055
epoch:  12 batch:  70 region_loss:  10.0 10.0 loc_loss:  1.073278045654297 reward_loss:  -53.66389465332031
epoch:  12 batch:  80 region_loss:  10.0 10.0 loc_loss:  1.1411132049560546 reward_loss:  -57.05564880371094
epoch:  12 batch:  90 region_loss:  6.0 6.0 loc_loss:  0.7055428314208985 reward_loss:  -35.27677536010742
epoch:  12 batch:  100 region_loss:  8.0 8.0 loc_loss:  0.8526246643066406 reward_loss:  -42.63124084472656
epoch:  12 batch:  110 region_loss:  4.0 4.0 loc_loss:  0.49552574157714846 reward_loss:  -24.776275634765625
epoch:  12 batch:  120 region_loss:  5.0 5.0 loc_loss:  0.5716222381591797 reward_loss:  -28.58110809326172
epoch:  12 batch:  130 region_loss:  7.0 7.0 loc_loss:  0.8208679962158203 reward_loss:  -41.04339599609375
acc@1:  0.138758231420508
epoch: 12 region loss 0.17051094890510948 loc loss 0.9289659007274321 reward loss -46.44828850683505
epoch:  13 batch:  0 region_loss:  10.0 10.0 loc_loss:  1.052007064819336 reward_loss:  -52.600341796875
epoch:  13 batch:  10 region_loss:  10.0 10.0 loc_loss:  1.09207275390625 reward_loss:  -54.60307312011719
epoch:  13 batch:  20 region_loss:  10.0 10.0 loc_loss:  0.9641305541992188 reward_loss:  -48.2065315246582
epoch:  13 batch:  30 region_loss:  10.0 10.0 loc_loss:  1.0503855895996095 reward_loss:  -52.51927947998047
epoch:  13 batch:  40 region_loss:  10.0 10.0 loc_loss:  1.0991555786132812 reward_loss:  -54.957786560058594
epoch:  13 batch:  50 region_loss:  10.0 10.0 loc_loss:  1.039657745361328 reward_loss:  -51.98288345336914
epoch:  13 batch:  60 region_loss:  10.0 10.0 loc_loss:  1.0746955871582031 reward_loss:  -53.73478317260742
epoch:  13 batch:  70 region_loss:  10.0 10.0 loc_loss:  1.0129051208496094 reward_loss:  -50.64524459838867
epoch:  13 batch:  80 region_loss:  10.0 10.0 loc_loss:  1.088750686645508 reward_loss:  -54.43752670288086
epoch:  13 batch:  90 region_loss:  6.0 6.0 loc_loss:  0.6727564239501953 reward_loss:  -33.638004302978516
epoch:  13 batch:  100 region_loss:  8.0 8.0 loc_loss:  0.8046739196777344 reward_loss:  -40.23369598388672
epoch:  13 batch:  110 region_loss:  4.0 4.0 loc_loss:  0.47289363861083983 reward_loss:  -23.644678115844727
epoch:  13 batch:  120 region_loss:  5.0 5.0 loc_loss:  0.5420758819580078 reward_loss:  -27.103797912597656
epoch:  13 batch:  130 region_loss:  7.0 7.0 loc_loss:  0.7807558441162109 reward_loss:  -39.03779220581055
acc@1:  0.13828786453433678
epoch: 13 region loss 0.17051094890510948 loc loss 0.8786649330863118 reward loss -43.93324192074964
epoch:  14 batch:  0 region_loss:  10.0 10.0 loc_loss:  0.9918682861328125 reward_loss:  -49.59342956542969
epoch:  14 batch:  10 region_loss:  10.0 10.0 loc_loss:  1.0299712371826173 reward_loss:  -51.498558044433594
epoch:  14 batch:  20 region_loss:  10.0 10.0 loc_loss:  0.9076387023925782 reward_loss:  -45.38194274902344
epoch:  14 batch:  30 region_loss:  10.0 10.0 loc_loss:  0.9856991577148437 reward_loss:  -49.28495788574219
epoch:  14 batch:  40 region_loss:  10.0 10.0 loc_loss:  1.0509266662597656 reward_loss:  -52.54633331298828
epoch:  14 batch:  50 region_loss:  10.0 10.0 loc_loss:  0.9759771728515625 reward_loss:  -48.79886245727539
epoch:  14 batch:  60 region_loss:  10.0 10.0 loc_loss:  1.0188786315917968 reward_loss:  -50.94392776489258
epoch:  14 batch:  70 region_loss:  10.0 10.0 loc_loss:  0.9577648162841796 reward_loss:  -47.88825225830078
epoch:  14 batch:  80 region_loss:  10.0 10.0 loc_loss:  1.0392005920410157 reward_loss:  -51.96002197265625
epoch:  14 batch:  90 region_loss:  6.0 6.0 loc_loss:  0.6416131591796875 reward_loss:  -32.08063507080078
epoch:  14 batch:  100 region_loss:  8.0 8.0 loc_loss:  0.7607575988769532 reward_loss:  -38.03786849975586
epoch:  14 batch:  110 region_loss:  4.0 4.0 loc_loss:  0.4509633636474609 reward_loss:  -22.54817008972168
epoch:  14 batch:  120 region_loss:  5.0 5.0 loc_loss:  0.5140770721435547 reward_loss:  -25.7038516998291
epoch:  14 batch:  130 region_loss:  7.0 7.0 loc_loss:  0.7427375793457032 reward_loss:  -37.13687515258789
acc@1:  0.14393226716839136
epoch: 14 region loss 0.17051094890510948 loc loss 0.8320846794295486 reward loss -41.60423852405409
epoch:  15 batch:  0 region_loss:  10.0 10.0 loc_loss:  0.9372400665283203 reward_loss:  -46.8620719909668
epoch:  15 batch:  10 region_loss:  10.0 10.0 loc_loss:  0.9723528289794922 reward_loss:  -48.61764144897461
epoch:  15 batch:  20 region_loss:  10.0 10.0 loc_loss:  0.8570803070068359 reward_loss:  -42.85402297973633
epoch:  15 batch:  30 region_loss:  10.0 10.0 loc_loss:  0.926580810546875 reward_loss:  -46.32904052734375
epoch:  15 batch:  40 region_loss:  10.0 10.0 loc_loss:  1.0056786346435547 reward_loss:  -50.283931732177734
epoch:  15 batch:  50 region_loss:  10.0 10.0 loc_loss:  0.9182581329345703 reward_loss:  -45.912906646728516
epoch:  15 batch:  60 region_loss:  10.0 10.0 loc_loss:  0.9666064453125 reward_loss:  -48.330326080322266
epoch:  15 batch:  70 region_loss:  10.0 10.0 loc_loss:  0.9076356506347656 reward_loss:  -45.38178634643555
epoch:  15 batch:  80 region_loss:  10.0 10.0 loc_loss:  0.9922539520263672 reward_loss:  -49.61268997192383
epoch:  15 batch:  90 region_loss:  6.0 6.0 loc_loss:  0.6124454879760742 reward_loss:  -30.622264862060547
epoch:  15 batch:  100 region_loss:  8.0 8.0 loc_loss:  0.7206927490234375 reward_loss:  -36.03461456298828
epoch:  15 batch:  110 region_loss:  4.0 4.0 loc_loss:  0.4298630523681641 reward_loss:  -21.493144989013672
epoch:  15 batch:  120 region_loss:  5.0 5.0 loc_loss:  0.48770679473876954 reward_loss:  -24.385334014892578
epoch:  15 batch:  130 region_loss:  7.0 7.0 loc_loss:  0.7071940612792968 reward_loss:  -35.35969924926758
acc@1:  0.1491063029162747
epoch: 15 region loss 0.17051094890510948 loc loss 0.7892618293483763 reward loss -39.46308857159023
epoch:  16 batch:  0 region_loss:  10.0 10.0 loc_loss:  0.8879538726806641 reward_loss:  -44.39767074584961
epoch:  16 batch:  10 region_loss:  10.0 10.0 loc_loss:  0.9199618530273438 reward_loss:  -45.99809265136719
epoch:  16 batch:  20 region_loss:  10.0 10.0 loc_loss:  0.8120195770263672 reward_loss:  -40.600982666015625
epoch:  16 batch:  30 region_loss:  10.0 10.0 loc_loss:  0.8737059783935547 reward_loss:  -43.68528747558594
epoch:  16 batch:  40 region_loss:  10.0 10.0 loc_loss:  0.9642410278320312 reward_loss:  -48.21205520629883
epoch:  16 batch:  50 region_loss:  10.0 10.0 loc_loss:  0.8664053344726562 reward_loss:  -43.32026672363281
epoch:  16 batch:  60 region_loss:  10.0 10.0 loc_loss:  0.9179277801513672 reward_loss:  -45.89638900756836
epoch:  16 batch:  70 region_loss:  10.0 10.0 loc_loss:  0.8620352172851562 reward_loss:  -43.10175323486328
epoch:  16 batch:  80 region_loss:  10.0 10.0 loc_loss:  0.9480124664306641 reward_loss:  -47.4006233215332
epoch:  16 batch:  90 region_loss:  6.0 6.0 loc_loss:  0.5848429107666016 reward_loss:  -29.242143630981445
epoch:  16 batch:  100 region_loss:  8.0 8.0 loc_loss:  0.6841783905029297 reward_loss:  -34.208927154541016
epoch:  16 batch:  110 region_loss:  4.0 4.0 loc_loss:  0.409633903503418 reward_loss:  -20.48172950744629
epoch:  16 batch:  120 region_loss:  5.0 5.0 loc_loss:  0.46283737182617185 reward_loss:  -23.141870498657227
epoch:  16 batch:  130 region_loss:  7.0 7.0 loc_loss:  0.6740666961669922 reward_loss:  -33.703330993652344
acc@1:  0.15098777046095954
epoch: 16 region loss 0.17051094890510948 loc loss 0.7500095258838069 reward loss -37.5004718529917
epoch:  17 batch:  0 region_loss:  10.0 10.0 loc_loss:  0.8429033660888672 reward_loss:  -42.14517593383789
epoch:  17 batch:  10 region_loss:  10.0 10.0 loc_loss:  0.8723262786865235 reward_loss:  -43.61631774902344
epoch:  17 batch:  20 region_loss:  10.0 10.0 loc_loss:  0.7713322448730469 reward_loss:  -38.56660461425781
epoch:  17 batch:  30 region_loss:  10.0 10.0 loc_loss:  0.8258597564697265 reward_loss:  -41.292991638183594
epoch:  17 batch:  40 region_loss:  10.0 10.0 loc_loss:  0.9261067962646484 reward_loss:  -46.305328369140625
epoch:  17 batch:  50 region_loss:  10.0 10.0 loc_loss:  0.8199566650390625 reward_loss:  -40.99782943725586
epoch:  17 batch:  60 region_loss:  10.0 10.0 loc_loss:  0.8723661041259766 reward_loss:  -43.61830139160156
epoch:  17 batch:  70 region_loss:  10.0 10.0 loc_loss:  0.8201966094970703 reward_loss:  -41.00972366333008
epoch:  17 batch:  80 region_loss:  10.0 10.0 loc_loss:  0.9060272216796875 reward_loss:  -45.301368713378906
epoch:  17 batch:  90 region_loss:  6.0 6.0 loc_loss:  0.558834342956543 reward_loss:  -27.941675186157227
epoch:  17 batch:  100 region_loss:  8.0 8.0 loc_loss:  0.6507384490966797 reward_loss:  -32.536922454833984
epoch:  17 batch:  110 region_loss:  4.0 4.0 loc_loss:  0.39036231994628906 reward_loss:  -19.518115997314453
epoch:  17 batch:  120 region_loss:  5.0 5.0 loc_loss:  0.4391115951538086 reward_loss:  -21.955577850341797
epoch:  17 batch:  130 region_loss:  7.0 7.0 loc_loss:  0.6430712127685547 reward_loss:  -32.153564453125
acc@1:  0.1491063029162747
epoch: 17 region loss 0.17051094890510948 loc loss 0.7139588527261777 reward loss -35.69793719270804
epoch:  18 batch:  0 region_loss:  10.0 10.0 loc_loss:  0.8016423797607422 reward_loss:  -40.08211898803711
epoch:  18 batch:  10 region_loss:  10.0 10.0 loc_loss:  0.8288878631591797 reward_loss:  -41.44438934326172
epoch:  18 batch:  20 region_loss:  10.0 10.0 loc_loss:  0.7345575714111328 reward_loss:  -36.72787857055664
epoch:  18 batch:  30 region_loss:  10.0 10.0 loc_loss:  0.7823963165283203 reward_loss:  -39.119815826416016
epoch:  18 batch:  40 region_loss:  10.0 10.0 loc_loss:  0.8909762573242187 reward_loss:  -44.54882049560547
epoch:  18 batch:  50 region_loss:  10.0 10.0 loc_loss:  0.7779808044433594 reward_loss:  -38.89904022216797
epoch:  18 batch:  60 region_loss:  10.0 10.0 loc_loss:  0.8297119903564453 reward_loss:  -41.48558807373047
epoch:  18 batch:  70 region_loss:  10.0 10.0 loc_loss:  0.7818215942382812 reward_loss:  -39.09107208251953
epoch:  18 batch:  80 region_loss:  10.0 10.0 loc_loss:  0.8662176513671875 reward_loss:  -43.31087875366211
epoch:  18 batch:  90 region_loss:  6.0 6.0 loc_loss:  0.5342526245117187 reward_loss:  -26.712635040283203
epoch:  18 batch:  100 region_loss:  8.0 8.0 loc_loss:  0.6200186157226563 reward_loss:  -31.00092887878418
epoch:  18 batch:  110 region_loss:  4.0 4.0 loc_loss:  0.3720910263061523 reward_loss:  -18.604564666748047
epoch:  18 batch:  120 region_loss:  5.0 5.0 loc_loss:  0.41684879302978517 reward_loss:  -20.842439651489258
epoch:  18 batch:  130 region_loss:  7.0 7.0 loc_loss:  0.6140487289428711 reward_loss:  -30.702436447143555
acc@1:  0.15004703668861713
epoch: 18 region loss 0.17051094890510948 loc loss 0.6807300887838766 reward loss -34.03650819820209
epoch:  19 batch:  0 region_loss:  10.0 10.0 loc_loss:  0.7633207702636718 reward_loss:  -38.166038513183594
epoch:  19 batch:  10 region_loss:  10.0 10.0 loc_loss:  0.7889217376708985 reward_loss:  -39.446083068847656
epoch:  19 batch:  20 region_loss:  10.0 10.0 loc_loss:  0.7010507202148437 reward_loss:  -35.05253982543945
epoch:  19 batch:  30 region_loss:  10.0 10.0 loc_loss:  0.7426187133789063 reward_loss:  -37.13093948364258
epoch:  19 batch:  40 region_loss:  10.0 10.0 loc_loss:  0.8581240844726562 reward_loss:  -42.90620040893555
epoch:  19 batch:  50 region_loss:  10.0 10.0 loc_loss:  0.7399422454833985 reward_loss:  -36.99711227416992
epoch:  19 batch:  60 region_loss:  10.0 10.0 loc_loss:  0.7894425964355469 reward_loss:  -39.472129821777344
epoch:  19 batch:  70 region_loss:  10.0 10.0 loc_loss:  0.7463398742675781 reward_loss:  -37.317012786865234
epoch:  19 batch:  80 region_loss:  10.0 10.0 loc_loss:  0.828270492553711 reward_loss:  -41.41352844238281
epoch:  19 batch:  90 region_loss:  6.0 6.0 loc_loss:  0.5109981536865235 reward_loss:  -25.549903869628906
epoch:  19 batch:  100 region_loss:  8.0 8.0 loc_loss:  0.5914060974121094 reward_loss:  -29.570302963256836
epoch:  19 batch:  110 region_loss:  4.0 4.0 loc_loss:  0.3545562744140625 reward_loss:  -17.72780990600586
epoch:  19 batch:  120 region_loss:  5.0 5.0 loc_loss:  0.39579124450683595 reward_loss:  -19.78957748413086
epoch:  19 batch:  130 region_loss:  7.0 7.0 loc_loss:  0.5865150833129883 reward_loss:  -29.32574462890625
acc@1:  0.15004703668861713
epoch: 19 region loss 0.17051094890510948 loc loss 0.6498952241883661 reward loss -32.49476216309262
epoch:  20 batch:  0 region_loss:  10.0 10.0 loc_loss:  0.7276131439208985 reward_loss:  -36.38066101074219
epoch:  20 batch:  10 region_loss:  10.0 10.0 loc_loss:  0.7521275329589844 reward_loss:  -37.60637664794922
epoch:  20 batch:  20 region_loss:  10.0 10.0 loc_loss:  0.6702899169921875 reward_loss:  -33.514495849609375
epoch:  20 batch:  30 region_loss:  10.0 10.0 loc_loss:  0.7057670593261719 reward_loss:  -35.288352966308594
epoch:  20 batch:  40 region_loss:  10.0 10.0 loc_loss:  0.8273847198486328 reward_loss:  -41.369232177734375
epoch:  20 batch:  50 region_loss:  10.0 10.0 loc_loss:  0.7050852966308594 reward_loss:  -35.254268646240234
epoch:  20 batch:  60 region_loss:  10.0 10.0 loc_loss:  0.7516658782958985 reward_loss:  -37.58329391479492
epoch:  20 batch:  70 region_loss:  10.0 10.0 loc_loss:  0.7130439758300782 reward_loss:  -35.652191162109375
epoch:  20 batch:  80 region_loss:  10.0 10.0 loc_loss:  0.7920220947265625 reward_loss:  -39.60110092163086
epoch:  20 batch:  90 region_loss:  6.0 6.0 loc_loss:  0.4887979888916016 reward_loss:  -24.43990135192871
epoch:  20 batch:  100 region_loss:  8.0 8.0 loc_loss:  0.5646687316894531 reward_loss:  -28.233436584472656
epoch:  20 batch:  110 region_loss:  4.0 4.0 loc_loss:  0.3378269958496094 reward_loss:  -16.891347885131836
epoch:  20 batch:  120 region_loss:  5.0 5.0 loc_loss:  0.3758974838256836 reward_loss:  -18.794872283935547
epoch:  20 batch:  130 region_loss:  7.0 7.0 loc_loss:  0.5604677963256836 reward_loss:  -28.02338981628418
acc@1:  0.15004703668861713
epoch: 20 region loss 0.17051094890510948 loc loss 0.6211010040505959 reward loss -31.055049443767018
epoch:  21 batch:  0 region_loss:  10.0 10.0 loc_loss:  0.6943024444580078 reward_loss:  -34.71511459350586
epoch:  21 batch:  10 region_loss:  10.0 10.0 loc_loss:  0.7178579711914063 reward_loss:  -35.89289474487305
epoch:  21 batch:  20 region_loss:  10.0 10.0 loc_loss:  0.6421881103515625 reward_loss:  -32.109405517578125
epoch:  21 batch:  30 region_loss:  10.0 10.0 loc_loss:  0.6713351440429688 reward_loss:  -33.56675720214844
epoch:  21 batch:  40 region_loss:  10.0 10.0 loc_loss:  0.7978630065917969 reward_loss:  -39.89314651489258
epoch:  21 batch:  50 region_loss:  10.0 10.0 loc_loss:  0.6729640960693359 reward_loss:  -33.6482048034668
epoch:  21 batch:  60 region_loss:  10.0 10.0 loc_loss:  0.7157262420654297 reward_loss:  -35.786312103271484
epoch:  21 batch:  70 region_loss:  10.0 10.0 loc_loss:  0.6818911743164062 reward_loss:  -34.09455490112305
epoch:  21 batch:  80 region_loss:  10.0 10.0 loc_loss:  0.7569227600097657 reward_loss:  -37.84614562988281
epoch:  21 batch:  90 region_loss:  6.0 6.0 loc_loss:  0.46764976501464844 reward_loss:  -23.382492065429688
epoch:  21 batch:  100 region_loss:  8.0 8.0 loc_loss:  0.5392646026611329 reward_loss:  -26.963232040405273
epoch:  21 batch:  110 region_loss:  4.0 4.0 loc_loss:  0.32183616638183593 reward_loss:  -16.091808319091797
epoch:  21 batch:  120 region_loss:  5.0 5.0 loc_loss:  0.3570047760009766 reward_loss:  -17.85024070739746
epoch:  21 batch:  130 region_loss:  7.0 7.0 loc_loss:  0.5355970764160156 reward_loss:  -26.779855728149414
acc@1:  0.14675446848541862
epoch: 21 region loss 0.17051094890510948 loc loss 0.5940281518532412 reward loss -29.7014070496942
epoch:  22 batch:  0 region_loss:  10.0 10.0 loc_loss:  0.6628291320800781 reward_loss:  -33.14146041870117
epoch:  22 batch:  10 region_loss:  10.0 10.0 loc_loss:  0.68594970703125 reward_loss:  -34.2974853515625
epoch:  22 batch:  20 region_loss:  10.0 10.0 loc_loss:  0.6157959365844726 reward_loss:  -30.789794921875
epoch:  22 batch:  30 region_loss:  10.0 10.0 loc_loss:  0.6392072677612305 reward_loss:  -31.96036720275879
epoch:  22 batch:  40 region_loss:  10.0 10.0 loc_loss:  0.7696086120605469 reward_loss:  -38.480430603027344
epoch:  22 batch:  50 region_loss:  10.0 10.0 loc_loss:  0.6431351470947265 reward_loss:  -32.15675354003906
epoch:  22 batch:  60 region_loss:  10.0 10.0 loc_loss:  0.6818997955322266 reward_loss:  -34.09497833251953
epoch:  22 batch:  70 region_loss:  10.0 10.0 loc_loss:  0.652325668334961 reward_loss:  -32.61628341674805
epoch:  22 batch:  80 region_loss:  10.0 10.0 loc_loss:  0.7234900665283203 reward_loss:  -36.174503326416016
epoch:  22 batch:  90 region_loss:  6.0 6.0 loc_loss:  0.4473246002197266 reward_loss:  -22.366230010986328
epoch:  22 batch:  100 region_loss:  8.0 8.0 loc_loss:  0.5152546691894532 reward_loss:  -25.762733459472656
epoch:  22 batch:  110 region_loss:  4.0 4.0 loc_loss:  0.3064936828613281 reward_loss:  -15.324685096740723
epoch:  22 batch:  120 region_loss:  5.0 5.0 loc_loss:  0.3391065979003906 reward_loss:  -16.9553165435791
epoch:  22 batch:  130 region_loss:  7.0 7.0 loc_loss:  0.5118215942382812 reward_loss:  -25.591079711914062
acc@1:  0.145343367826905
epoch: 22 region loss 0.17051094890510948 loc loss 0.5684405155599552 reward loss -28.422024528475575
epoch:  23 batch:  0 region_loss:  10.0 10.0 loc_loss:  0.6327860641479492 reward_loss:  -31.639301300048828
epoch:  23 batch:  10 region_loss:  10.0 10.0 loc_loss:  0.6559245300292968 reward_loss:  -32.79622268676758
epoch:  23 batch:  20 region_loss:  10.0 10.0 loc_loss:  0.5912854766845703 reward_loss:  -29.56427764892578
epoch:  23 batch:  30 region_loss:  10.0 10.0 loc_loss:  0.6092242431640625 reward_loss:  -30.461212158203125
epoch:  23 batch:  40 region_loss:  10.0 10.0 loc_loss:  0.7421570587158203 reward_loss:  -37.10784912109375
epoch:  23 batch:  50 region_loss:  10.0 10.0 loc_loss:  0.6152853393554687 reward_loss:  -30.764266967773438
epoch:  23 batch:  60 region_loss:  10.0 10.0 loc_loss:  0.6497465515136719 reward_loss:  -32.48732376098633
epoch:  23 batch:  70 region_loss:  10.0 10.0 loc_loss:  0.6245402526855469 reward_loss:  -31.22701072692871
epoch:  23 batch:  80 region_loss:  10.0 10.0 loc_loss:  0.6910250854492187 reward_loss:  -34.55125045776367
epoch:  23 batch:  90 region_loss:  6.0 6.0 loc_loss:  0.42783733367919924 reward_loss:  -21.39186668395996
epoch:  23 batch:  100 region_loss:  8.0 8.0 loc_loss:  0.492267951965332 reward_loss:  -24.613399505615234
epoch:  23 batch:  110 region_loss:  4.0 4.0 loc_loss:  0.2917728042602539 reward_loss:  -14.588638305664062
epoch:  23 batch:  120 region_loss:  5.0 5.0 loc_loss:  0.3221776580810547 reward_loss:  -16.108888626098633
epoch:  23 batch:  130 region_loss:  7.0 7.0 loc_loss:  0.48890792846679687 reward_loss:  -24.44539451599121
acc@1:  0.1425211665098777
epoch: 23 region loss 0.17051094890510948 loc loss 0.5441271133144406 reward loss -27.20635628526228
epoch:  24 batch:  0 region_loss:  10.0 10.0 loc_loss:  0.604404182434082 reward_loss:  -30.22020721435547
epoch:  24 batch:  10 region_loss:  10.0 10.0 loc_loss:  0.6274759292602539 reward_loss:  -31.373796463012695
epoch:  24 batch:  20 region_loss:  10.0 10.0 loc_loss:  0.5681426620483399 reward_loss:  -28.40713119506836
epoch:  24 batch:  30 region_loss:  10.0 10.0 loc_loss:  0.5807584381103515 reward_loss:  -29.037921905517578
epoch:  24 batch:  40 region_loss:  10.0 10.0 loc_loss:  0.7156582641601562 reward_loss:  -35.78290557861328
epoch:  24 batch:  50 region_loss:  10.0 10.0 loc_loss:  0.5891057968139648 reward_loss:  -29.45528793334961
epoch:  24 batch:  60 region_loss:  10.0 10.0 loc_loss:  0.6192268753051757 reward_loss:  -30.96134376525879
epoch:  24 batch:  70 region_loss:  10.0 10.0 loc_loss:  0.5979143905639649 reward_loss:  -29.895719528198242
epoch:  24 batch:  80 region_loss:  10.0 10.0 loc_loss:  0.6597622680664063 reward_loss:  -32.98811340332031
epoch:  24 batch:  90 region_loss:  6.0 6.0 loc_loss:  0.4090702438354492 reward_loss:  -20.453510284423828
epoch:  24 batch:  100 region_loss:  8.0 8.0 loc_loss:  0.47008697509765623 reward_loss:  -23.504350662231445
epoch:  24 batch:  110 region_loss:  4.0 4.0 loc_loss:  0.27767333984375 reward_loss:  -13.8836669921875
epoch:  24 batch:  120 region_loss:  5.0 5.0 loc_loss:  0.3059779357910156 reward_loss:  -15.298896789550781
epoch:  24 batch:  130 region_loss:  7.0 7.0 loc_loss:  0.4668772888183594 reward_loss:  -23.34386444091797
acc@1:  0.1415804327375353
epoch: 24 region loss 0.17051094890510948 loc loss 0.520927671098361 reward loss -26.04638242025445
epoch:  25 batch:  0 region_loss:  10.0 10.0 loc_loss:  0.5771413803100586 reward_loss:  -28.85706901550293
epoch:  25 batch:  10 region_loss:  10.0 10.0 loc_loss:  0.6005226516723633 reward_loss:  -30.02613067626953
epoch:  25 batch:  20 region_loss:  10.0 10.0 loc_loss:  0.5460848999023438 reward_loss:  -27.30424690246582
epoch:  25 batch:  30 region_loss:  10.0 10.0 loc_loss:  0.5537958145141602 reward_loss:  -27.68979263305664
epoch:  25 batch:  40 region_loss:  10.0 10.0 loc_loss:  0.6898362731933594 reward_loss:  -34.4918098449707
epoch:  25 batch:  50 region_loss:  10.0 10.0 loc_loss:  0.5641748046875 reward_loss:  -28.208730697631836
epoch:  25 batch:  60 region_loss:  10.0 10.0 loc_loss:  0.5903347778320313 reward_loss:  -29.516735076904297
epoch:  25 batch:  70 region_loss:  10.0 10.0 loc_loss:  0.5727119827270508 reward_loss:  -28.63559913635254
epoch:  25 batch:  80 region_loss:  10.0 10.0 loc_loss:  0.629694938659668 reward_loss:  -31.484745025634766
epoch:  25 batch:  90 region_loss:  6.0 6.0 loc_loss:  0.3910203552246094 reward_loss:  -19.551021575927734
epoch:  25 batch:  100 region_loss:  8.0 8.0 loc_loss:  0.4491112518310547 reward_loss:  -22.455562591552734
epoch:  25 batch:  110 region_loss:  4.0 4.0 loc_loss:  0.2641033935546875 reward_loss:  -13.205169677734375
epoch:  25 batch:  120 region_loss:  5.0 5.0 loc_loss:  0.2906132888793945 reward_loss:  -14.530664443969727
epoch:  25 batch:  130 region_loss:  7.0 7.0 loc_loss:  0.4457318878173828 reward_loss:  -22.286592483520508
acc@1:  0.14111006585136407
epoch: 25 region loss 0.17051094890510948 loc loss 0.49870896151466093 reward loss -24.935448023524597
epoch:  26 batch:  0 region_loss:  10.0 10.0 loc_loss:  0.5510512924194336 reward_loss:  -27.55256462097168
epoch:  26 batch:  10 region_loss:  10.0 10.0 loc_loss:  0.5748576736450195 reward_loss:  -28.74288558959961
epoch:  26 batch:  20 region_loss:  10.0 10.0 loc_loss:  0.5250038909912109 reward_loss:  -26.250192642211914
epoch:  26 batch:  30 region_loss:  10.0 10.0 loc_loss:  0.5282149887084961 reward_loss:  -26.41074562072754
epoch:  26 batch:  40 region_loss:  10.0 10.0 loc_loss:  0.6647175598144531 reward_loss:  -33.235877990722656
epoch:  26 batch:  50 region_loss:  10.0 10.0 loc_loss:  0.5404224014282226 reward_loss:  -27.021121978759766
epoch:  26 batch:  60 region_loss:  10.0 10.0 loc_loss:  0.5624578094482422 reward_loss:  -28.122888565063477
epoch:  26 batch:  70 region_loss:  10.0 10.0 loc_loss:  0.5485183334350586 reward_loss:  -27.425914764404297
epoch:  26 batch:  80 region_loss:  10.0 10.0 loc_loss:  0.6004776763916015 reward_loss:  -30.02388572692871
epoch:  26 batch:  90 region_loss:  6.0 6.0 loc_loss:  0.37323062896728515 reward_loss:  -18.661531448364258
epoch:  26 batch:  100 region_loss:  8.0 8.0 loc_loss:  0.4288427734375 reward_loss:  -21.442138671875
epoch:  26 batch:  110 region_loss:  4.0 4.0 loc_loss:  0.2510139656066894 reward_loss:  -12.550698280334473
epoch:  26 batch:  120 region_loss:  5.0 5.0 loc_loss:  0.27598154067993164 reward_loss:  -13.799077033996582
epoch:  26 batch:  130 region_loss:  7.0 7.0 loc_loss:  0.4251234436035156 reward_loss:  -21.25617218017578
acc@1:  0.13922859830667922
epoch: 26 region loss 0.17051094890510948 loc loss 0.4773440355454048 reward loss -23.867201088118726
epoch:  27 batch:  0 region_loss:  10.0 10.0 loc_loss:  0.525957145690918 reward_loss:  -26.297855377197266
epoch:  27 batch:  10 region_loss:  10.0 10.0 loc_loss:  0.5502959060668945 reward_loss:  -27.514793395996094
epoch:  27 batch:  20 region_loss:  10.0 10.0 loc_loss:  0.5048180389404296 reward_loss:  -25.240901947021484
epoch:  27 batch:  30 region_loss:  10.0 10.0 loc_loss:  0.5036153793334961 reward_loss:  -25.180770874023438
epoch:  27 batch:  40 region_loss:  10.0 10.0 loc_loss:  0.6400116729736328 reward_loss:  -32.00060272216797
epoch:  27 batch:  50 region_loss:  10.0 10.0 loc_loss:  0.5176272201538086 reward_loss:  -25.88136100769043
epoch:  27 batch:  60 region_loss:  10.0 10.0 loc_loss:  0.5359539413452148 reward_loss:  -26.797698974609375
epoch:  27 batch:  70 region_loss:  10.0 10.0 loc_loss:  0.525250244140625 reward_loss:  -26.26251220703125
epoch:  27 batch:  80 region_loss:  10.0 10.0 loc_loss:  0.5722034454345704 reward_loss:  -28.610170364379883
epoch:  27 batch:  90 region_loss:  6.0 6.0 loc_loss:  0.3561293792724609 reward_loss:  -17.806468963623047
epoch:  27 batch:  100 region_loss:  8.0 8.0 loc_loss:  0.40928413391113283 reward_loss:  -20.46420669555664
epoch:  27 batch:  110 region_loss:  4.0 4.0 loc_loss:  0.23839122772216798 reward_loss:  -11.919560432434082
epoch:  27 batch:  120 region_loss:  5.0 5.0 loc_loss:  0.2620668792724609 reward_loss:  -13.103343963623047
epoch:  27 batch:  130 region_loss:  7.0 7.0 loc_loss:  0.4053568649291992 reward_loss:  -20.26784324645996
acc@1:  0.138758231420508
epoch: 27 region loss 0.17051094890510948 loc loss 0.456735946905874 reward loss -22.836798841935874
epoch:  28 batch:  0 region_loss:  10.0 10.0 loc_loss:  0.502032470703125 reward_loss:  -25.101619720458984
epoch:  28 batch:  10 region_loss:  10.0 10.0 loc_loss:  0.5265607070922852 reward_loss:  -26.328035354614258
epoch:  28 batch:  20 region_loss:  10.0 10.0 loc_loss:  0.4853883361816406 reward_loss:  -24.269418716430664
epoch:  28 batch:  30 region_loss:  10.0 10.0 loc_loss:  0.48016117095947264 reward_loss:  -24.008058547973633
epoch:  28 batch:  40 region_loss:  10.0 10.0 loc_loss:  0.6157442474365235 reward_loss:  -30.787208557128906
epoch:  28 batch:  50 region_loss:  10.0 10.0 loc_loss:  0.4956435394287109 reward_loss:  -24.782176971435547
epoch:  28 batch:  60 region_loss:  10.0 10.0 loc_loss:  0.5104450607299804 reward_loss:  -25.522254943847656
epoch:  28 batch:  70 region_loss:  10.0 10.0 loc_loss:  0.5029352188110352 reward_loss:  -25.146759033203125
epoch:  28 batch:  80 region_loss:  10.0 10.0 loc_loss:  0.5448413848876953 reward_loss:  -27.242067337036133
epoch:  28 batch:  90 region_loss:  6.0 6.0 loc_loss:  0.33937984466552734 reward_loss:  -16.968990325927734
epoch:  28 batch:  100 region_loss:  8.0 8.0 loc_loss:  0.3903968811035156 reward_loss:  -19.519845962524414
epoch:  28 batch:  110 region_loss:  4.0 4.0 loc_loss:  0.22614559173583984 reward_loss:  -11.307279586791992
epoch:  28 batch:  120 region_loss:  5.0 5.0 loc_loss:  0.2486378288269043 reward_loss:  -12.431890487670898
epoch:  28 batch:  130 region_loss:  7.0 7.0 loc_loss:  0.38609172821044924 reward_loss:  -19.30458641052246
acc@1:  0.13687676387582315
epoch: 28 region loss 0.17051094890510948 loc loss 0.43683039912342153 reward loss -21.841518706648888
epoch:  29 batch:  0 region_loss:  10.0 10.0 loc_loss:  0.4786043548583984 reward_loss:  -23.930206298828125
epoch:  29 batch:  10 region_loss:  10.0 10.0 loc_loss:  0.5038404846191407 reward_loss:  -25.19202423095703
epoch:  29 batch:  20 region_loss:  10.0 10.0 loc_loss:  0.46661231994628904 reward_loss:  -23.33061408996582
epoch:  29 batch:  30 region_loss:  10.0 10.0 loc_loss:  0.4575236892700195 reward_loss:  -22.876182556152344
epoch:  29 batch:  40 region_loss:  10.0 10.0 loc_loss:  0.5919571685791015 reward_loss:  -29.597858428955078
epoch:  29 batch:  50 region_loss:  10.0 10.0 loc_loss:  0.47444278717041016 reward_loss:  -23.722139358520508
epoch:  29 batch:  60 region_loss:  10.0 10.0 loc_loss:  0.4859317398071289 reward_loss:  -24.296586990356445
epoch:  29 batch:  70 region_loss:  10.0 10.0 loc_loss:  0.48139205932617185 reward_loss:  -24.069597244262695
epoch:  29 batch:  80 region_loss:  10.0 10.0 loc_loss:  0.5183186721801758 reward_loss:  -25.91593360900879
epoch:  29 batch:  90 region_loss:  6.0 6.0 loc_loss:  0.3230619430541992 reward_loss:  -16.153099060058594
epoch:  29 batch:  100 region_loss:  8.0 8.0 loc_loss:  0.37212017059326175 reward_loss:  -18.606008529663086
epoch:  29 batch:  110 region_loss:  4.0 4.0 loc_loss:  0.2143898391723633 reward_loss:  -10.719491958618164
epoch:  29 batch:  120 region_loss:  5.0 5.0 loc_loss:  0.23565528869628907 reward_loss:  -11.782764434814453
epoch:  29 batch:  130 region_loss:  7.0 7.0 loc_loss:  0.36749259948730467 reward_loss:  -18.374629974365234
acc@1:  0.13640639698965193
epoch: 29 region loss 0.17051094890510948 loc loss 0.4175531645238834 reward loss -20.877659590574947
epoch:  30 batch:  0 region_loss:  10.0 10.0 loc_loss:  0.4562631988525391 reward_loss:  -22.813161849975586
epoch:  30 batch:  10 region_loss:  10.0 10.0 loc_loss:  0.4817889404296875 reward_loss:  -24.089447021484375
epoch:  30 batch:  20 region_loss:  10.0 10.0 loc_loss:  0.44834205627441404 reward_loss:  -22.41710090637207
epoch:  30 batch:  30 region_loss:  10.0 10.0 loc_loss:  0.4356237030029297 reward_loss:  -21.78118133544922
epoch:  30 batch:  40 region_loss:  10.0 10.0 loc_loss:  0.5686240386962891 reward_loss:  -28.431196212768555
epoch:  30 batch:  50 region_loss:  10.0 10.0 loc_loss:  0.4539207458496094 reward_loss:  -22.69603729248047
epoch:  30 batch:  60 region_loss:  10.0 10.0 loc_loss:  0.46230674743652345 reward_loss:  -23.115337371826172
epoch:  30 batch:  70 region_loss:  10.0 10.0 loc_loss:  0.46048908233642577 reward_loss:  -23.02445411682129
epoch:  30 batch:  80 region_loss:  10.0 10.0 loc_loss:  0.4926472854614258 reward_loss:  -24.63236427307129
epoch:  30 batch:  90 region_loss:  6.0 6.0 loc_loss:  0.30725067138671874 reward_loss:  -15.362531661987305
epoch:  30 batch:  100 region_loss:  8.0 8.0 loc_loss:  0.35436553955078126 reward_loss:  -17.718276977539062
epoch:  30 batch:  110 region_loss:  4.0 4.0 loc_loss:  0.20291509628295898 reward_loss:  -10.145752906799316
epoch:  30 batch:  120 region_loss:  5.0 5.0 loc_loss:  0.22322917938232423 reward_loss:  -11.161458969116211
epoch:  30 batch:  130 region_loss:  7.0 7.0 loc_loss:  0.3493816375732422 reward_loss:  -17.46908187866211
acc@1:  0.132173095014111
epoch: 30 region loss 0.17051094890510948 loc loss 0.39884673149916383 reward loss -19.942336550594245
epoch:  31 batch:  0 region_loss:  10.0 10.0 loc_loss:  0.43464111328125 reward_loss:  -21.732051849365234
epoch:  31 batch:  10 region_loss:  10.0 10.0 loc_loss:  0.46031181335449217 reward_loss:  -23.01559066772461
epoch:  31 batch:  20 region_loss:  10.0 10.0 loc_loss:  0.43073204040527346 reward_loss:  -21.536609649658203
epoch:  31 batch:  30 region_loss:  10.0 10.0 loc_loss:  0.4146284484863281 reward_loss:  -20.731420516967773
epoch:  31 batch:  40 region_loss:  10.0 10.0 loc_loss:  0.5456975936889649 reward_loss:  -27.284879684448242
epoch:  31 batch:  50 region_loss:  10.0 10.0 loc_loss:  0.4339043426513672 reward_loss:  -21.69521713256836
epoch:  31 batch:  60 region_loss:  10.0 10.0 loc_loss:  0.43943111419677733 reward_loss:  -21.971555709838867
epoch:  31 batch:  70 region_loss:  10.0 10.0 loc_loss:  0.4402518081665039 reward_loss:  -22.01259422302246
epoch:  31 batch:  80 region_loss:  10.0 10.0 loc_loss:  0.46754859924316405 reward_loss:  -23.377429962158203
epoch:  31 batch:  90 region_loss:  6.0 6.0 loc_loss:  0.29168411254882814 reward_loss:  -14.584207534790039
epoch:  31 batch:  100 region_loss:  8.0 8.0 loc_loss:  0.33734031677246096 reward_loss:  -16.867015838623047
epoch:  31 batch:  110 region_loss:  4.0 4.0 loc_loss:  0.19186262130737305 reward_loss:  -9.593132019042969
epoch:  31 batch:  120 region_loss:  5.0 5.0 loc_loss:  0.21124324798583985 reward_loss:  -10.562162399291992
epoch:  31 batch:  130 region_loss:  7.0 7.0 loc_loss:  0.33180015563964843 reward_loss:  -16.590007781982422
acc@1:  0.1317027281279398
epoch: 31 region loss 0.17051094890510948 loc loss 0.38069303060100024 reward loss -19.03465226618913
epoch:  32 batch:  0 region_loss:  10.0 10.0 loc_loss:  0.41375179290771485 reward_loss:  -20.687589645385742
epoch:  32 batch:  10 region_loss:  10.0 10.0 loc_loss:  0.4396354293823242 reward_loss:  -21.98177146911621
epoch:  32 batch:  20 region_loss:  10.0 10.0 loc_loss:  0.41354133605957033 reward_loss:  -20.677066802978516
epoch:  32 batch:  30 region_loss:  10.0 10.0 loc_loss:  0.3941400146484375 reward_loss:  -19.707000732421875
epoch:  32 batch:  40 region_loss:  10.0 10.0 loc_loss:  0.5233369445800782 reward_loss:  -26.166845321655273
epoch:  32 batch:  50 region_loss:  10.0 10.0 loc_loss:  0.41456275939941406 reward_loss:  -20.728139877319336
epoch:  32 batch:  60 region_loss:  10.0 10.0 loc_loss:  0.4173420333862305 reward_loss:  -20.867103576660156
epoch:  32 batch:  70 region_loss:  10.0 10.0 loc_loss:  0.4207115936279297 reward_loss:  -21.035579681396484
epoch:  32 batch:  80 region_loss:  10.0 10.0 loc_loss:  0.44327396392822266 reward_loss:  -22.163700103759766
epoch:  32 batch:  90 region_loss:  6.0 6.0 loc_loss:  0.2765863990783691 reward_loss:  -13.829318046569824
epoch:  32 batch:  100 region_loss:  8.0 8.0 loc_loss:  0.3207437133789062 reward_loss:  -16.037185668945312
epoch:  32 batch:  110 region_loss:  4.0 4.0 loc_loss:  0.18112342834472656 reward_loss:  -9.056170463562012
epoch:  32 batch:  120 region_loss:  5.0 5.0 loc_loss:  0.19960437774658202 reward_loss:  -9.980218887329102
epoch:  32 batch:  130 region_loss:  7.0 7.0 loc_loss:  0.3147096061706543 reward_loss:  -15.735480308532715
acc@1:  0.13029162746942616
epoch: 32 region loss 0.17051094890510948 loc loss 0.36312972180164643 reward loss -18.156486311098085
epoch:  33 batch:  0 region_loss:  10.0 10.0 loc_loss:  0.39342662811279294 reward_loss:  -19.67133140563965
epoch:  33 batch:  10 region_loss:  10.0 10.0 loc_loss:  0.41940200805664063 reward_loss:  -20.97010040283203
epoch:  33 batch:  20 region_loss:  10.0 10.0 loc_loss:  0.3967629623413086 reward_loss:  -19.838144302368164
epoch:  33 batch:  30 region_loss:  10.0 10.0 loc_loss:  0.3744132614135742 reward_loss:  -18.72066307067871
epoch:  33 batch:  40 region_loss:  10.0 10.0 loc_loss:  0.5012916946411132 reward_loss:  -25.06458854675293
epoch:  33 batch:  50 region_loss:  10.0 10.0 loc_loss:  0.39564491271972657 reward_loss:  -19.782245635986328
epoch:  33 batch:  60 region_loss:  10.0 10.0 loc_loss:  0.3961777114868164 reward_loss:  -19.808883666992188
epoch:  33 batch:  70 region_loss:  10.0 10.0 loc_loss:  0.4016261672973633 reward_loss:  -20.081308364868164
epoch:  33 batch:  80 region_loss:  10.0 10.0 loc_loss:  0.4199205780029297 reward_loss:  -20.996028900146484
epoch:  33 batch:  90 region_loss:  6.0 6.0 loc_loss:  0.2618366050720215 reward_loss:  -13.091832160949707
epoch:  33 batch:  100 region_loss:  8.0 8.0 loc_loss:  0.3046011543273926 reward_loss:  -15.230057716369629
epoch:  33 batch:  110 region_loss:  4.0 4.0 loc_loss:  0.170784912109375 reward_loss:  -8.53924560546875
epoch:  33 batch:  120 region_loss:  5.0 5.0 loc_loss:  0.1884457778930664 reward_loss:  -9.42228889465332
epoch:  33 batch:  130 region_loss:  7.0 7.0 loc_loss:  0.298092041015625 reward_loss:  -14.904603004455566
acc@1:  0.1284101599247413
epoch: 33 region loss 0.17051094890510948 loc loss 0.3460553479716726 reward loss -17.302767012241112
epoch:  34 batch:  0 region_loss:  10.0 10.0 loc_loss:  0.37396625518798826 reward_loss:  -18.698312759399414
epoch:  34 batch:  10 region_loss:  10.0 10.0 loc_loss:  0.3998076248168945 reward_loss:  -19.990379333496094
epoch:  34 batch:  20 region_loss:  10.0 10.0 loc_loss:  0.38057735443115237 reward_loss:  -19.02886962890625
epoch:  34 batch:  30 region_loss:  10.0 10.0 loc_loss:  0.35525177001953123 reward_loss:  -17.762588500976562
epoch:  34 batch:  40 region_loss:  10.0 10.0 loc_loss:  0.4796614074707031 reward_loss:  -23.983070373535156
epoch:  34 batch:  50 region_loss:  10.0 10.0 loc_loss:  0.37734031677246094 reward_loss:  -18.867015838623047
epoch:  34 batch:  60 region_loss:  10.0 10.0 loc_loss:  0.37565109252929685 reward_loss:  -18.782550811767578
epoch:  34 batch:  70 region_loss:  10.0 10.0 loc_loss:  0.38319557189941406 reward_loss:  -19.159639358520508
epoch:  34 batch:  80 region_loss:  10.0 10.0 loc_loss:  0.39721572875976563 reward_loss:  -19.86078453063965
epoch:  34 batch:  90 region_loss:  6.0 6.0 loc_loss:  0.2475232696533203 reward_loss:  -12.376163482666016
epoch:  34 batch:  100 region_loss:  8.0 8.0 loc_loss:  0.2889224052429199 reward_loss:  -14.44611930847168
epoch:  34 batch:  110 region_loss:  4.0 4.0 loc_loss:  0.16077737808227538 reward_loss:  -8.03886890411377
epoch:  34 batch:  120 region_loss:  5.0 5.0 loc_loss:  0.1775643730163574 reward_loss:  -8.878218650817871
epoch:  34 batch:  130 region_loss:  7.0 7.0 loc_loss:  0.2819797515869141 reward_loss:  -14.098986625671387
acc@1:  0.1284101599247413
epoch: 34 region loss 0.17051094890510948 loc loss 0.32948768904609405 reward loss -16.47438336288842
epoch:  35 batch:  0 region_loss:  10.0 10.0 loc_loss:  0.35498470306396485 reward_loss:  -17.749237060546875
epoch:  35 batch:  10 region_loss:  10.0 10.0 loc_loss:  0.38063621520996094 reward_loss:  -19.031808853149414
epoch:  35 batch:  20 region_loss:  10.0 10.0 loc_loss:  0.364686279296875 reward_loss:  -18.23431396484375
epoch:  35 batch:  30 region_loss:  10.0 10.0 loc_loss:  0.3366894912719727 reward_loss:  -16.83447265625
epoch:  35 batch:  40 region_loss:  10.0 10.0 loc_loss:  0.45836708068847654 reward_loss:  -22.918352127075195
epoch:  35 batch:  50 region_loss:  10.0 10.0 loc_loss:  0.35942543029785157 reward_loss:  -17.971271514892578
epoch:  35 batch:  60 region_loss:  10.0 10.0 loc_loss:  0.35573993682861327 reward_loss:  -17.786996841430664
epoch:  35 batch:  70 region_loss:  10.0 10.0 loc_loss:  0.3651947784423828 reward_loss:  -18.259740829467773
epoch:  35 batch:  80 region_loss:  10.0 10.0 loc_loss:  0.37510093688964846 reward_loss:  -18.75504493713379
epoch:  35 batch:  90 region_loss:  6.0 6.0 loc_loss:  0.23370262145996093 reward_loss:  -11.685132026672363
epoch:  35 batch:  100 region_loss:  8.0 8.0 loc_loss:  0.2739602279663086 reward_loss:  -13.69801139831543
epoch:  35 batch:  110 region_loss:  4.0 4.0 loc_loss:  0.15105228424072265 reward_loss:  -7.552614688873291
epoch:  35 batch:  120 region_loss:  5.0 5.0 loc_loss:  0.16730428695678712 reward_loss:  -8.365215301513672
epoch:  35 batch:  130 region_loss:  7.0 7.0 loc_loss:  0.26637428283691406 reward_loss:  -13.31871223449707
acc@1:  0.1251175917215428
epoch: 35 region loss 0.17051094890510948 loc loss 0.3132713330749177 reward loss -15.663565936749869
epoch:  36 batch:  0 region_loss:  10.0 10.0 loc_loss:  0.33674121856689454 reward_loss:  -16.837060928344727
epoch:  36 batch:  10 region_loss:  10.0 10.0 loc_loss:  0.3620565414428711 reward_loss:  -18.102828979492188
epoch:  36 batch:  20 region_loss:  10.0 10.0 loc_loss:  0.3493520355224609 reward_loss:  -17.467599868774414
epoch:  36 batch:  30 region_loss:  10.0 10.0 loc_loss:  0.31880668640136717 reward_loss:  -15.94033432006836
epoch:  36 batch:  40 region_loss:  10.0 10.0 loc_loss:  0.4376557922363281 reward_loss:  -21.882789611816406
epoch:  36 batch:  50 region_loss:  10.0 10.0 loc_loss:  0.34225955963134763 reward_loss:  -17.112977981567383
epoch:  36 batch:  60 region_loss:  10.0 10.0 loc_loss:  0.3367831420898437 reward_loss:  -16.839157104492188
epoch:  36 batch:  70 region_loss:  10.0 10.0 loc_loss:  0.347745361328125 reward_loss:  -17.387269973754883
epoch:  36 batch:  80 region_loss:  10.0 10.0 loc_loss:  0.3539521026611328 reward_loss:  -17.697608947753906
epoch:  36 batch:  90 region_loss:  6.0 6.0 loc_loss:  0.2200516128540039 reward_loss:  -11.002580642700195
epoch:  36 batch:  100 region_loss:  8.0 8.0 loc_loss:  0.2593202018737793 reward_loss:  -12.966011047363281
epoch:  36 batch:  110 region_loss:  4.0 4.0 loc_loss:  0.14166237831115722 reward_loss:  -7.083118438720703
epoch:  36 batch:  120 region_loss:  5.0 5.0 loc_loss:  0.15720104217529296 reward_loss:  -7.860052108764648
epoch:  36 batch:  130 region_loss:  7.0 7.0 loc_loss:  0.2511421585083008 reward_loss:  -12.557107925415039
acc@1:  0.12605832549388524
epoch: 36 region loss 0.17051094890510948 loc loss 0.2976967128697973 reward loss -14.884837645683845
epoch:  37 batch:  0 region_loss:  10.0 10.0 loc_loss:  0.31913339614868164 reward_loss:  -15.956632614135742
epoch:  37 batch:  10 region_loss:  10.0 10.0 loc_loss:  0.34403945922851564 reward_loss:  -17.20197296142578
epoch:  37 batch:  20 region_loss:  10.0 10.0 loc_loss:  0.33440113067626953 reward_loss:  -16.720056533813477
epoch:  37 batch:  30 region_loss:  10.0 10.0 loc_loss:  0.30154951095581056 reward_loss:  -15.077474594116211
epoch:  37 batch:  40 region_loss:  10.0 10.0 loc_loss:  0.41737152099609376 reward_loss:  -20.868576049804688
epoch:  37 batch:  50 region_loss:  10.0 10.0 loc_loss:  0.3252708435058594 reward_loss:  -16.26354217529297
epoch:  37 batch:  60 region_loss:  10.0 10.0 loc_loss:  0.31833784103393553 reward_loss:  -15.916893005371094
epoch:  37 batch:  70 region_loss:  10.0 10.0 loc_loss:  0.33097000122070314 reward_loss:  -16.54849624633789
epoch:  37 batch:  80 region_loss:  10.0 10.0 loc_loss:  0.33324901580810545 reward_loss:  -16.662446975708008
epoch:  37 batch:  90 region_loss:  6.0 6.0 loc_loss:  0.2073027038574219 reward_loss:  -10.36513614654541
epoch:  37 batch:  100 region_loss:  8.0 8.0 loc_loss:  0.2451920700073242 reward_loss:  -12.259602546691895
epoch:  37 batch:  110 region_loss:  4.0 4.0 loc_loss:  0.13269443511962892 reward_loss:  -6.634721755981445
epoch:  37 batch:  120 region_loss:  5.0 5.0 loc_loss:  0.1476136589050293 reward_loss:  -7.380681991577148
epoch:  37 batch:  130 region_loss:  7.0 7.0 loc_loss:  0.23667919158935546 reward_loss:  -11.833958625793457
acc@1:  0.12417685794920037
epoch: 37 region loss 0.17051094890510948 loc loss 0.2826494251550549 reward loss -14.132470485067715
epoch:  38 batch:  0 region_loss:  10.0 10.0 loc_loss:  0.30209358215332033 reward_loss:  -15.104679107666016
epoch:  38 batch:  10 region_loss:  10.0 10.0 loc_loss:  0.32646678924560546 reward_loss:  -16.323341369628906
epoch:  38 batch:  20 region_loss:  10.0 10.0 loc_loss:  0.32028106689453123 reward_loss:  -16.01405143737793
epoch:  38 batch:  30 region_loss:  10.0 10.0 loc_loss:  0.2848908805847168 reward_loss:  -14.24454402923584
epoch:  38 batch:  40 region_loss:  10.0 10.0 loc_loss:  0.3978529357910156 reward_loss:  -19.89264678955078
epoch:  38 batch:  50 region_loss:  10.0 10.0 loc_loss:  0.30925886154174803 reward_loss:  -15.462944984436035
epoch:  38 batch:  60 region_loss:  10.0 10.0 loc_loss:  0.3007534408569336 reward_loss:  -15.03767204284668
epoch:  38 batch:  70 region_loss:  10.0 10.0 loc_loss:  0.31455867767333984 reward_loss:  -15.727933883666992
epoch:  38 batch:  80 region_loss:  10.0 10.0 loc_loss:  0.3138007164001465 reward_loss:  -15.690034866333008
epoch:  38 batch:  90 region_loss:  6.0 6.0 loc_loss:  0.19436321258544922 reward_loss:  -9.718160629272461
epoch:  38 batch:  100 region_loss:  8.0 8.0 loc_loss:  0.23182071685791017 reward_loss:  -11.591035842895508
epoch:  38 batch:  110 region_loss:  4.0 4.0 loc_loss:  0.12407164573669434 reward_loss:  -6.203581809997559
epoch:  38 batch:  120 region_loss:  5.0 5.0 loc_loss:  0.13819539070129394 reward_loss:  -6.909769535064697
epoch:  38 batch:  130 region_loss:  7.0 7.0 loc_loss:  0.2226362419128418 reward_loss:  -11.13181209564209
acc@1:  0.12041392285983067
epoch: 38 region loss 0.17051094890510948 loc loss 0.26823077274935087 reward loss -13.411538728832328
epoch:  39 batch:  0 region_loss:  10.0 10.0 loc_loss:  0.28577098846435545 reward_loss:  -14.288546562194824
epoch:  39 batch:  10 region_loss:  10.0 10.0 loc_loss:  0.30958669662475585 reward_loss:  -15.479333877563477
epoch:  39 batch:  20 region_loss:  10.0 10.0 loc_loss:  0.30635173797607423 reward_loss:  -15.317586898803711
epoch:  39 batch:  30 region_loss:  10.0 10.0 loc_loss:  0.268886890411377 reward_loss:  -13.444344520568848
epoch:  39 batch:  40 region_loss:  10.0 10.0 loc_loss:  0.3782851409912109 reward_loss:  -18.914257049560547
epoch:  39 batch:  50 region_loss:  10.0 10.0 loc_loss:  0.29322378158569334 reward_loss:  -14.661190032958984
epoch:  39 batch:  60 region_loss:  10.0 10.0 loc_loss:  0.28353349685668944 reward_loss:  -14.176673889160156
epoch:  39 batch:  70 region_loss:  10.0 10.0 loc_loss:  0.29878299713134765 reward_loss:  -14.939146995544434
epoch:  39 batch:  80 region_loss:  10.0 10.0 loc_loss:  0.2944642066955566 reward_loss:  -14.723209381103516
epoch:  39 batch:  90 region_loss:  6.0 6.0 loc_loss:  0.1825811767578125 reward_loss:  -9.129058837890625
epoch:  39 batch:  100 region_loss:  8.0 8.0 loc_loss:  0.21814121246337892 reward_loss:  -10.907059669494629
epoch:  39 batch:  110 region_loss:  4.0 4.0 loc_loss:  0.11584691047668456 reward_loss:  -5.792346000671387
epoch:  39 batch:  120 region_loss:  5.0 5.0 loc_loss:  0.1294800567626953 reward_loss:  -6.474003314971924
epoch:  39 batch:  130 region_loss:  7.0 7.0 loc_loss:  0.20916011810302734 reward_loss:  -10.458005905151367
acc@1:  0.1213546566321731
epoch: 39 region loss 0.17051094890510948 loc loss 0.2541351705049946 reward loss -12.706759729524599
epoch:  40 batch:  0 region_loss:  10.0 10.0 loc_loss:  0.2701112747192383 reward_loss:  -13.50556468963623
epoch:  40 batch:  10 region_loss:  10.0 10.0 loc_loss:  0.29301651000976564 reward_loss:  -14.650825500488281
epoch:  40 batch:  20 region_loss:  10.0 10.0 loc_loss:  0.29406150817871096 reward_loss:  -14.703075408935547
epoch:  40 batch:  30 region_loss:  10.0 10.0 loc_loss:  0.2537849235534668 reward_loss:  -12.689247131347656
epoch:  40 batch:  40 region_loss:  10.0 10.0 loc_loss:  0.35984336853027343 reward_loss:  -17.99216651916504
epoch:  40 batch:  50 region_loss:  10.0 10.0 loc_loss:  0.27874149322509767 reward_loss:  -13.9370756149292
epoch:  40 batch:  60 region_loss:  10.0 10.0 loc_loss:  0.2675762176513672 reward_loss:  -13.378811836242676
epoch:  40 batch:  70 region_loss:  10.0 10.0 loc_loss:  0.2836552047729492 reward_loss:  -14.182758331298828
epoch:  40 batch:  80 region_loss:  10.0 10.0 loc_loss:  0.276348762512207 reward_loss:  -13.817438125610352
epoch:  40 batch:  90 region_loss:  6.0 6.0 loc_loss:  0.17074718475341796 reward_loss:  -8.537359237670898
epoch:  40 batch:  100 region_loss:  8.0 8.0 loc_loss:  0.20682014465332033 reward_loss:  -10.341008186340332
epoch:  40 batch:  110 region_loss:  4.0 4.0 loc_loss:  0.10797728538513184 reward_loss:  -5.398863792419434
epoch:  40 batch:  120 region_loss:  5.0 5.0 loc_loss:  0.12082057952880859 reward_loss:  -6.04102897644043
epoch:  40 batch:  130 region_loss:  7.0 7.0 loc_loss:  0.19630002975463867 reward_loss:  -9.815001487731934
acc@1:  0.12276575729068674
epoch: 40 region loss 0.17051094890510948 loc loss 0.24077069844642693 reward loss -12.03853842985891
epoch:  41 batch:  0 region_loss:  10.0 10.0 loc_loss:  0.2556021690368652 reward_loss:  -12.780106544494629
epoch:  41 batch:  10 region_loss:  10.0 10.0 loc_loss:  0.2774036407470703 reward_loss:  -13.870182991027832
epoch:  41 batch:  20 region_loss:  10.0 10.0 loc_loss:  0.2830632209777832 reward_loss:  -14.153162002563477
epoch:  41 batch:  30 region_loss:  10.0 10.0 loc_loss:  0.2390555763244629 reward_loss:  -11.952778816223145
epoch:  41 batch:  40 region_loss:  10.0 10.0 loc_loss:  0.34125461578369143 reward_loss:  -17.062728881835938
epoch:  41 batch:  50 region_loss:  10.0 10.0 loc_loss:  0.2642863655090332 reward_loss:  -13.214317321777344
epoch:  41 batch:  60 region_loss:  10.0 10.0 loc_loss:  0.2518092346191406 reward_loss:  -12.590461730957031
epoch:  41 batch:  70 region_loss:  10.0 10.0 loc_loss:  0.2691303253173828 reward_loss:  -13.45651626586914
epoch:  41 batch:  80 region_loss:  10.0 10.0 loc_loss:  0.2588347434997559 reward_loss:  -12.941727638244629
epoch:  41 batch:  90 region_loss:  6.0 6.0 loc_loss:  0.1599204158782959 reward_loss:  -7.996010780334473
epoch:  41 batch:  100 region_loss:  8.0 8.0 loc_loss:  0.1931130599975586 reward_loss:  -9.655653953552246
epoch:  41 batch:  110 region_loss:  4.0 4.0 loc_loss:  0.10060090065002442 reward_loss:  -5.030045032501221
epoch:  41 batch:  120 region_loss:  5.0 5.0 loc_loss:  0.11304556846618652 reward_loss:  -5.652278900146484
epoch:  41 batch:  130 region_loss:  7.0 7.0 loc_loss:  0.18382705688476564 reward_loss:  -9.191352844238281
acc@1:  0.12088428974600188
epoch: 41 region loss 0.17051094890510948 loc loss 0.22776451009903512 reward loss -11.388226335936219
epoch:  42 batch:  0 region_loss:  10.0 10.0 loc_loss:  0.2416890525817871 reward_loss:  -12.084453582763672
epoch:  42 batch:  10 region_loss:  10.0 10.0 loc_loss:  0.26220352172851563 reward_loss:  -13.110175132751465
epoch:  42 batch:  20 region_loss:  10.0 10.0 loc_loss:  0.2733051300048828 reward_loss:  -13.665251731872559
epoch:  42 batch:  30 region_loss:  10.0 10.0 loc_loss:  0.2256926727294922 reward_loss:  -11.284634590148926
epoch:  42 batch:  40 region_loss:  10.0 10.0 loc_loss:  0.323925666809082 reward_loss:  -16.196285247802734
epoch:  42 batch:  50 region_loss:  10.0 10.0 loc_loss:  0.25125995635986326 reward_loss:  -12.562999725341797
epoch:  42 batch:  60 region_loss:  10.0 10.0 loc_loss:  0.237191104888916 reward_loss:  -11.859556198120117
epoch:  42 batch:  70 region_loss:  10.0 10.0 loc_loss:  0.2559391212463379 reward_loss:  -12.796955108642578
epoch:  42 batch:  80 region_loss:  10.0 10.0 loc_loss:  0.24239484786987306 reward_loss:  -12.119734764099121
epoch:  42 batch:  90 region_loss:  6.0 6.0 loc_loss:  0.14918705940246582 reward_loss:  -7.459353446960449
epoch:  42 batch:  100 region_loss:  8.0 8.0 loc_loss:  0.18373605728149414 reward_loss:  -9.186805725097656
epoch:  42 batch:  110 region_loss:  4.0 4.0 loc_loss:  0.09345016479492188 reward_loss:  -4.672508239746094
epoch:  42 batch:  120 region_loss:  5.0 5.0 loc_loss:  0.10511886596679687 reward_loss:  -5.2559428215026855
epoch:  42 batch:  130 region_loss:  7.0 7.0 loc_loss:  0.17228307723999023 reward_loss:  -8.614152908325195
acc@1:  0.12323612417685795
epoch: 42 region loss 0.17051094890510948 loc loss 0.21554786668206652 reward loss -10.777392767641667
epoch:  43 batch:  0 region_loss:  10.0 10.0 loc_loss:  0.2285125160217285 reward_loss:  -11.425626754760742
epoch:  43 batch:  10 region_loss:  10.0 10.0 loc_loss:  0.2476743698120117 reward_loss:  -12.383718490600586
epoch:  43 batch:  20 region_loss:  10.0 10.0 loc_loss:  0.2632062530517578 reward_loss:  -13.16031265258789
epoch:  43 batch:  30 region_loss:  10.0 10.0 loc_loss:  0.21216606140136718 reward_loss:  -10.608302116394043
epoch:  43 batch:  40 region_loss:  10.0 10.0 loc_loss:  0.30628677368164064 reward_loss:  -15.314337730407715
epoch:  43 batch:  50 region_loss:  10.0 10.0 loc_loss:  0.23827905654907228 reward_loss:  -11.91395378112793
epoch:  43 batch:  60 region_loss:  10.0 10.0 loc_loss:  0.2227810287475586 reward_loss:  -11.13905143737793
epoch:  43 batch:  70 region_loss:  10.0 10.0 loc_loss:  0.24250703811645508 reward_loss:  -12.12535285949707
epoch:  43 batch:  80 region_loss:  10.0 10.0 loc_loss:  0.22664422988891603 reward_loss:  -11.332218170166016
epoch:  43 batch:  90 region_loss:  6.0 6.0 loc_loss:  0.1392054080963135 reward_loss:  -6.960270881652832
epoch:  43 batch:  100 region_loss:  8.0 8.0 loc_loss:  0.17075651168823242 reward_loss:  -8.537825584411621
epoch:  43 batch:  110 region_loss:  4.0 4.0 loc_loss:  0.08679240226745605 reward_loss:  -4.339620590209961
epoch:  43 batch:  120 region_loss:  5.0 5.0 loc_loss:  0.09801289558410645 reward_loss:  -4.900644779205322
epoch:  43 batch:  130 region_loss:  7.0 7.0 loc_loss:  0.16072450637817381 reward_loss:  -8.036226272583008
acc@1:  0.12088428974600188
epoch: 43 region loss 0.17051094890510948 loc loss 0.20350758893646465 reward loss -10.175379676540402
epoch:  44 batch:  0 region_loss:  10.0 10.0 loc_loss:  0.21499454498291015 reward_loss:  -10.749727249145508
epoch:  44 batch:  10 region_loss:  10.0 10.0 loc_loss:  0.23368362426757813 reward_loss:  -11.684181213378906
epoch:  44 batch:  20 region_loss:  10.0 10.0 loc_loss:  0.24992151260375978 reward_loss:  -12.496076583862305
epoch:  44 batch:  30 region_loss:  10.0 10.0 loc_loss:  0.19967288970947267 reward_loss:  -9.983644485473633
epoch:  44 batch:  40 region_loss:  10.0 10.0 loc_loss:  0.2898550033569336 reward_loss:  -14.49275016784668
epoch:  44 batch:  50 region_loss:  10.0 10.0 loc_loss:  0.22497722625732422 reward_loss:  -11.248860359191895
epoch:  44 batch:  60 region_loss:  10.0 10.0 loc_loss:  0.20966875076293945 reward_loss:  -10.483438491821289
epoch:  44 batch:  70 region_loss:  10.0 10.0 loc_loss:  0.22959611892700196 reward_loss:  -11.479806900024414
epoch:  44 batch:  80 region_loss:  10.0 10.0 loc_loss:  0.21186609268188478 reward_loss:  -10.593306541442871
epoch:  44 batch:  90 region_loss:  6.0 6.0 loc_loss:  0.12964715003967286 reward_loss:  -6.482357501983643
epoch:  44 batch:  100 region_loss:  8.0 8.0 loc_loss:  0.16198566436767578 reward_loss:  -8.099281311035156
epoch:  44 batch:  110 region_loss:  4.0 4.0 loc_loss:  0.08041826248168946 reward_loss:  -4.020914077758789
epoch:  44 batch:  120 region_loss:  5.0 5.0 loc_loss:  0.09099250793457031 reward_loss:  -4.549625396728516
epoch:  44 batch:  130 region_loss:  7.0 7.0 loc_loss:  0.1504342269897461 reward_loss:  -7.521711349487305
acc@1:  0.11947318908748825
epoch: 44 region loss 0.17051094890510948 loc loss 0.19202494466391795 reward loss -9.601246238189892
epoch:  45 batch:  0 region_loss:  10.0 10.0 loc_loss:  0.20194997787475585 reward_loss:  -10.097498893737793
epoch:  45 batch:  10 region_loss:  10.0 10.0 loc_loss:  0.22035118103027343 reward_loss:  -11.017559051513672
epoch:  45 batch:  20 region_loss:  10.0 10.0 loc_loss:  0.23797168731689453 reward_loss:  -11.898581504821777
epoch:  45 batch:  30 region_loss:  10.0 10.0 loc_loss:  0.18703001022338867 reward_loss:  -9.351499557495117
epoch:  45 batch:  40 region_loss:  10.0 10.0 loc_loss:  0.27372381210327146 reward_loss:  -13.686189651489258
epoch:  45 batch:  50 region_loss:  10.0 10.0 loc_loss:  0.2122784423828125 reward_loss:  -10.613921165466309
epoch:  45 batch:  60 region_loss:  10.0 10.0 loc_loss:  0.19636226654052735 reward_loss:  -9.818117141723633
epoch:  45 batch:  70 region_loss:  10.0 10.0 loc_loss:  0.21637737274169921 reward_loss:  -10.818868637084961
epoch:  45 batch:  80 region_loss:  10.0 10.0 loc_loss:  0.1975657844543457 reward_loss:  -9.878281593322754
epoch:  45 batch:  90 region_loss:  6.0 6.0 loc_loss:  0.12067566871643066 reward_loss:  -6.03378438949585
epoch:  45 batch:  100 region_loss:  8.0 8.0 loc_loss:  0.15044110298156738 reward_loss:  -7.5220561027526855
epoch:  45 batch:  110 region_loss:  4.0 4.0 loc_loss:  0.07452453136444091 reward_loss:  -3.726226568222046
epoch:  45 batch:  120 region_loss:  5.0 5.0 loc_loss:  0.08463063240051269 reward_loss:  -4.231531143188477
epoch:  45 batch:  130 region_loss:  7.0 7.0 loc_loss:  0.13989412307739257 reward_loss:  -6.994705677032471
acc@1:  0.11759172154280338
epoch: 45 region loss 0.17051094890510948 loc loss 0.1808288011411681 reward loss -9.041433574509446
epoch:  46 batch:  0 region_loss:  10.0 10.0 loc_loss:  0.1895744514465332 reward_loss:  -9.47872257232666
epoch:  46 batch:  10 region_loss:  10.0 10.0 loc_loss:  0.207559814453125 reward_loss:  -10.37799072265625
epoch:  46 batch:  20 region_loss:  10.0 10.0 loc_loss:  0.22543689727783203 reward_loss:  -11.271845817565918
epoch:  46 batch:  30 region_loss:  10.0 10.0 loc_loss:  0.17558294296264648 reward_loss:  -8.779146194458008
epoch:  46 batch:  40 region_loss:  10.0 10.0 loc_loss:  0.25808317184448243 reward_loss:  -12.904157638549805
epoch:  46 batch:  50 region_loss:  10.0 10.0 loc_loss:  0.20045534133911133 reward_loss:  -10.02276611328125
epoch:  46 batch:  60 region_loss:  10.0 10.0 loc_loss:  0.18473684310913085 reward_loss:  -9.23684024810791
epoch:  46 batch:  70 region_loss:  10.0 10.0 loc_loss:  0.20406633377075195 reward_loss:  -10.203317642211914
epoch:  46 batch:  80 region_loss:  10.0 10.0 loc_loss:  0.1845107841491699 reward_loss:  -9.225533485412598
epoch:  46 batch:  90 region_loss:  6.0 6.0 loc_loss:  0.11217900276184083 reward_loss:  -5.608948230743408
epoch:  46 batch:  100 region_loss:  8.0 8.0 loc_loss:  0.14225102424621583 reward_loss:  -7.112551689147949
epoch:  46 batch:  110 region_loss:  4.0 4.0 loc_loss:  0.06890972137451172 reward_loss:  -3.445485830307007
epoch:  46 batch:  120 region_loss:  5.0 5.0 loc_loss:  0.07850256443023682 reward_loss:  -3.9251279830932617
epoch:  46 batch:  130 region_loss:  7.0 7.0 loc_loss:  0.13080860137939454 reward_loss:  -6.54042911529541
acc@1:  0.11618062088428975
epoch: 46 region loss 0.17051094890510948 loc loss 0.17035838174123835 reward loss -8.51792036268833
epoch:  47 batch:  0 region_loss:  10.0 10.0 loc_loss:  0.1781791305541992 reward_loss:  -8.908957481384277
epoch:  47 batch:  10 region_loss:  10.0 10.0 loc_loss:  0.1953520393371582 reward_loss:  -9.767601013183594
epoch:  47 batch:  20 region_loss:  10.0 10.0 loc_loss:  0.21417316436767578 reward_loss:  -10.708658218383789
epoch:  47 batch:  30 region_loss:  10.0 10.0 loc_loss:  0.1642269515991211 reward_loss:  -8.211348533630371
epoch:  47 batch:  40 region_loss:  10.0 10.0 loc_loss:  0.24324859619140626 reward_loss:  -12.162431716918945
epoch:  47 batch:  50 region_loss:  10.0 10.0 loc_loss:  0.18935672760009767 reward_loss:  -9.4678373336792
epoch:  47 batch:  60 region_loss:  10.0 10.0 loc_loss:  0.1725465774536133 reward_loss:  -8.627328872680664
epoch:  47 batch:  70 region_loss:  10.0 10.0 loc_loss:  0.19174760818481446 reward_loss:  -9.587379455566406
epoch:  47 batch:  80 region_loss:  10.0 10.0 loc_loss:  0.17184219360351563 reward_loss:  -8.59231185913086
epoch:  47 batch:  90 region_loss:  6.0 6.0 loc_loss:  0.10420387268066406 reward_loss:  -5.210193157196045
epoch:  47 batch:  100 region_loss:  8.0 8.0 loc_loss:  0.13232192039489746 reward_loss:  -6.616095066070557
epoch:  47 batch:  110 region_loss:  4.0 4.0 loc_loss:  0.06366118431091308 reward_loss:  -3.1830596923828125
epoch:  47 batch:  120 region_loss:  5.0 5.0 loc_loss:  0.07295171737670898 reward_loss:  -3.6475846767425537
epoch:  47 batch:  130 region_loss:  7.0 7.0 loc_loss:  0.12134961128234863 reward_loss:  -6.067480087280273
acc@1:  0.11618062088428975
epoch: 47 region loss 0.17051094890510948 loc loss 0.16025156534501236 reward loss -8.012568372444514
epoch:  48 batch:  0 region_loss:  10.0 10.0 loc_loss:  0.1671246910095215 reward_loss:  -8.356234550476074
epoch:  48 batch:  10 region_loss:  10.0 10.0 loc_loss:  0.18349658966064453 reward_loss:  -9.174829483032227
epoch:  48 batch:  20 region_loss:  10.0 10.0 loc_loss:  0.2034606170654297 reward_loss:  -10.173030853271484
epoch:  48 batch:  30 region_loss:  10.0 10.0 loc_loss:  0.15404606819152833 reward_loss:  -7.702303409576416
epoch:  48 batch:  40 region_loss:  10.0 10.0 loc_loss:  0.2289246940612793 reward_loss:  -11.446231842041016
epoch:  48 batch:  50 region_loss:  10.0 10.0 loc_loss:  0.1790927505493164 reward_loss:  -8.954636573791504
epoch:  48 batch:  60 region_loss:  10.0 10.0 loc_loss:  0.16220287322998048 reward_loss:  -8.11014461517334
epoch:  48 batch:  70 region_loss:  10.0 10.0 loc_loss:  0.18059192657470702 reward_loss:  -9.029595375061035
epoch:  48 batch:  80 region_loss:  10.0 10.0 loc_loss:  0.1603923797607422 reward_loss:  -8.01961898803711
epoch:  48 batch:  90 region_loss:  6.0 6.0 loc_loss:  0.09671956062316894 reward_loss:  -4.835978031158447
epoch:  48 batch:  100 region_loss:  8.0 8.0 loc_loss:  0.12451004981994629 reward_loss:  -6.225517749786377
epoch:  48 batch:  110 region_loss:  4.0 4.0 loc_loss:  0.058721923828125 reward_loss:  -2.936096668243408
epoch:  48 batch:  120 region_loss:  5.0 5.0 loc_loss:  0.06767078399658204 reward_loss:  -3.3835391998291016
epoch:  48 batch:  130 region_loss:  7.0 7.0 loc_loss:  0.11317712783813477 reward_loss:  -5.658856391906738
acc@1:  0.11571025399811853
epoch: 48 region loss 0.17051094890510948 loc loss 0.1508378353432147 reward loss -7.541895082397183
epoch:  49 batch:  0 region_loss:  10.0 10.0 loc_loss:  0.15677565574645996 reward_loss:  -7.838783264160156
epoch:  49 batch:  10 region_loss:  10.0 10.0 loc_loss:  0.17246437072753906 reward_loss:  -8.623218536376953
epoch:  49 batch:  20 region_loss:  10.0 10.0 loc_loss:  0.19348499298095703 reward_loss:  -9.674249649047852
epoch:  49 batch:  30 region_loss:  10.0 10.0 loc_loss:  0.14402631759643555 reward_loss:  -7.201315402984619
epoch:  49 batch:  40 region_loss:  10.0 10.0 loc_loss:  0.21551986694335937 reward_loss:  -10.775989532470703
epoch:  49 batch:  50 region_loss:  10.0 10.0 loc_loss:  0.16933256149291992 reward_loss:  -8.466628074645996
epoch:  49 batch:  60 region_loss:  10.0 10.0 loc_loss:  0.15126850128173827 reward_loss:  -7.563414096832275
epoch:  49 batch:  70 region_loss:  10.0 10.0 loc_loss:  0.1696238899230957 reward_loss:  -8.481195449829102
epoch:  49 batch:  80 region_loss:  10.0 10.0 loc_loss:  0.14918779373168944 reward_loss:  -7.4593353271484375
epoch:  49 batch:  90 region_loss:  6.0 6.0 loc_loss:  0.08963797569274902 reward_loss:  -4.481898307800293
epoch:  49 batch:  100 region_loss:  8.0 8.0 loc_loss:  0.11619956016540528 reward_loss:  -5.809976100921631
epoch:  49 batch:  110 region_loss:  4.0 4.0 loc_loss:  0.05406545162200928 reward_loss:  -2.7032723426818848
epoch:  49 batch:  120 region_loss:  5.0 5.0 loc_loss:  0.06285937786102296 reward_loss:  -3.1429691314697266
epoch:  49 batch:  130 region_loss:  7.0 7.0 loc_loss:  0.10481927871704101 reward_loss:  -5.240963935852051
acc@1:  0.11288805268109126
epoch: 49 region loss 0.17051094890510948 loc loss 0.14178964180667905 reward loss -7.089486025545719
