1
cuda
epoch:  0 batch:  0 region_loss:  10.0 10.0 loc_loss:  1.9815042114257813 reward_loss:  -99.07556915283203
epoch:  0 batch:  10 region_loss:  10.0 10.0 loc_loss:  1.9890141296386719 reward_loss:  -99.45022583007812
epoch:  0 batch:  20 region_loss:  10.0 10.0 loc_loss:  1.9785804748535156 reward_loss:  -98.92902374267578
epoch:  0 batch:  30 region_loss:  10.0 10.0 loc_loss:  1.9907769775390625 reward_loss:  -99.53875732421875
epoch:  0 batch:  40 region_loss:  10.0 10.0 loc_loss:  1.980116729736328 reward_loss:  -99.00568389892578
epoch:  0 batch:  50 region_loss:  10.0 10.0 loc_loss:  1.9845736694335938 reward_loss:  -99.22736358642578
epoch:  0 batch:  60 region_loss:  10.0 10.0 loc_loss:  1.9800164794921875 reward_loss:  -99.0011215209961
epoch:  0 batch:  70 region_loss:  10.0 10.0 loc_loss:  1.988309326171875 reward_loss:  -99.41547393798828
epoch:  0 batch:  80 region_loss:  10.0 10.0 loc_loss:  1.9746690368652344 reward_loss:  -98.73397064208984
epoch:  0 batch:  90 region_loss:  6.0 6.0 loc_loss:  1.1804676818847657 reward_loss:  -59.023006439208984
epoch:  0 batch:  100 region_loss:  8.0 8.0 loc_loss:  1.5692617797851562 reward_loss:  -78.46263122558594
epoch:  0 batch:  110 region_loss:  4.0 4.0 loc_loss:  0.7863887786865235 reward_loss:  -39.318817138671875
epoch:  0 batch:  120 region_loss:  5.0 5.0 loc_loss:  0.9807159423828125 reward_loss:  -49.036048889160156
epoch:  0 batch:  130 region_loss:  7.0 7.0 loc_loss:  1.369157257080078 reward_loss:  -68.45755004882812
acc@1:  0.005644402634054563
epoch: 0 region loss 0.17051094890510948 loc loss 1.6862326829450844 reward loss -84.31167925535327
epoch:  1 batch:  0 region_loss:  10.0 10.0 loc_loss:  1.9052359008789062 reward_loss:  -95.26139068603516
epoch:  1 batch:  10 region_loss:  10.0 10.0 loc_loss:  1.93614013671875 reward_loss:  -96.80758666992188
epoch:  1 batch:  20 region_loss:  10.0 10.0 loc_loss:  1.9170425415039063 reward_loss:  -95.85173797607422
epoch:  1 batch:  30 region_loss:  10.0 10.0 loc_loss:  1.9277230834960937 reward_loss:  -96.38542175292969
epoch:  1 batch:  40 region_loss:  10.0 10.0 loc_loss:  1.9072991943359374 reward_loss:  -95.36526489257812
epoch:  1 batch:  50 region_loss:  10.0 10.0 loc_loss:  1.9095474243164063 reward_loss:  -95.47816467285156
epoch:  1 batch:  60 region_loss:  10.0 10.0 loc_loss:  1.8934330749511719 reward_loss:  -94.67107391357422
epoch:  1 batch:  70 region_loss:  10.0 10.0 loc_loss:  1.8842649841308594 reward_loss:  -94.21289825439453
epoch:  1 batch:  80 region_loss:  10.0 10.0 loc_loss:  1.85218994140625 reward_loss:  -92.60958862304688
epoch:  1 batch:  90 region_loss:  6.0 6.0 loc_loss:  1.1004622650146485 reward_loss:  -55.022544860839844
epoch:  1 batch:  100 region_loss:  8.0 8.0 loc_loss:  1.448975830078125 reward_loss:  -72.44862365722656
epoch:  1 batch:  110 region_loss:  4.0 4.0 loc_loss:  0.7365403747558594 reward_loss:  -36.8261833190918
epoch:  1 batch:  120 region_loss:  5.0 5.0 loc_loss:  0.9063298034667969 reward_loss:  -45.31735610961914
epoch:  1 batch:  130 region_loss:  7.0 7.0 loc_loss:  1.2522066497802735 reward_loss:  -62.61115264892578
acc@1:  0.021636876763875823
epoch: 1 region loss 0.17051094890510948 loc loss 1.5998148702356938 reward loss -79.99073596592368
epoch:  2 batch:  0 region_loss:  10.0 10.0 loc_loss:  1.7266397094726562 reward_loss:  -86.33070373535156
epoch:  2 batch:  10 region_loss:  10.0 10.0 loc_loss:  1.7554429626464845 reward_loss:  -87.77153015136719
epoch:  2 batch:  20 region_loss:  10.0 10.0 loc_loss:  1.7403318786621094 reward_loss:  -87.01709747314453
epoch:  2 batch:  30 region_loss:  10.0 10.0 loc_loss:  1.7642474365234375 reward_loss:  -88.21253967285156
epoch:  2 batch:  40 region_loss:  10.0 10.0 loc_loss:  1.7205300903320313 reward_loss:  -86.02679443359375
epoch:  2 batch:  50 region_loss:  10.0 10.0 loc_loss:  1.7688238525390625 reward_loss:  -88.44110870361328
epoch:  2 batch:  60 region_loss:  10.0 10.0 loc_loss:  1.7529685974121094 reward_loss:  -87.64806365966797
epoch:  2 batch:  70 region_loss:  10.0 10.0 loc_loss:  1.7532769775390624 reward_loss:  -87.66395568847656
epoch:  2 batch:  80 region_loss:  10.0 10.0 loc_loss:  1.7187266540527344 reward_loss:  -85.93685913085938
epoch:  2 batch:  90 region_loss:  6.0 6.0 loc_loss:  1.032076416015625 reward_loss:  -51.603946685791016
epoch:  2 batch:  100 region_loss:  8.0 8.0 loc_loss:  1.3679736328125 reward_loss:  -68.39848327636719
epoch:  2 batch:  110 region_loss:  4.0 4.0 loc_loss:  0.7012299346923828 reward_loss:  -35.06181716918945
epoch:  2 batch:  120 region_loss:  5.0 5.0 loc_loss:  0.8670088195800781 reward_loss:  -43.35154724121094
epoch:  2 batch:  130 region_loss:  7.0 7.0 loc_loss:  1.200020751953125 reward_loss:  -60.00050354003906
acc@1:  0.03151458137347131
epoch: 2 region loss 0.17051094890510948 loc loss 1.4735761444760065 reward loss -73.67879589108655
epoch:  3 batch:  0 region_loss:  10.0 10.0 loc_loss:  1.6721926879882814 reward_loss:  -83.60945129394531
epoch:  3 batch:  10 region_loss:  10.0 10.0 loc_loss:  1.6853237915039063 reward_loss:  -84.26642608642578
epoch:  3 batch:  20 region_loss:  10.0 10.0 loc_loss:  1.6525192260742188 reward_loss:  -82.62606048583984
epoch:  3 batch:  30 region_loss:  10.0 10.0 loc_loss:  1.697912139892578 reward_loss:  -84.89533233642578
epoch:  3 batch:  40 region_loss:  10.0 10.0 loc_loss:  1.6421778869628907 reward_loss:  -82.1091537475586
epoch:  3 batch:  50 region_loss:  10.0 10.0 loc_loss:  1.699938507080078 reward_loss:  -84.99700927734375
epoch:  3 batch:  60 region_loss:  10.0 10.0 loc_loss:  1.6855526733398438 reward_loss:  -84.27738952636719
epoch:  3 batch:  70 region_loss:  10.0 10.0 loc_loss:  1.6868560791015625 reward_loss:  -84.34214782714844
epoch:  3 batch:  80 region_loss:  10.0 10.0 loc_loss:  1.6600485229492188 reward_loss:  -83.00239562988281
epoch:  3 batch:  90 region_loss:  6.0 6.0 loc_loss:  0.9999885559082031 reward_loss:  -49.999420166015625
epoch:  3 batch:  100 region_loss:  8.0 8.0 loc_loss:  1.3214431762695313 reward_loss:  -66.0710678100586
epoch:  3 batch:  110 region_loss:  4.0 4.0 loc_loss:  0.6814146423339844 reward_loss:  -34.070777893066406
epoch:  3 batch:  120 region_loss:  5.0 5.0 loc_loss:  0.8428326416015625 reward_loss:  -42.14165496826172
epoch:  3 batch:  130 region_loss:  7.0 7.0 loc_loss:  1.1683963012695313 reward_loss:  -58.4200439453125
acc@1:  0.03762935089369708
epoch: 3 region loss 0.17051094890510948 loc loss 1.4149267722916428 reward loss -70.74633365826016
epoch:  4 batch:  0 region_loss:  10.0 10.0 loc_loss:  1.6280693054199218 reward_loss:  -81.40291595458984
epoch:  4 batch:  10 region_loss:  10.0 10.0 loc_loss:  1.641557159423828 reward_loss:  -82.07674407958984
epoch:  4 batch:  20 region_loss:  10.0 10.0 loc_loss:  1.5881210327148438 reward_loss:  -79.40648651123047
epoch:  4 batch:  30 region_loss:  10.0 10.0 loc_loss:  1.6494853210449218 reward_loss:  -82.47455596923828
epoch:  4 batch:  40 region_loss:  10.0 10.0 loc_loss:  1.58509033203125 reward_loss:  -79.25495910644531
epoch:  4 batch:  50 region_loss:  10.0 10.0 loc_loss:  1.642570037841797 reward_loss:  -82.12841033935547
epoch:  4 batch:  60 region_loss:  10.0 10.0 loc_loss:  1.6317330932617187 reward_loss:  -81.5867691040039
epoch:  4 batch:  70 region_loss:  10.0 10.0 loc_loss:  1.6289865112304687 reward_loss:  -81.44745635986328
epoch:  4 batch:  80 region_loss:  10.0 10.0 loc_loss:  1.6082756042480468 reward_loss:  -80.4136962890625
epoch:  4 batch:  90 region_loss:  6.0 6.0 loc_loss:  0.9715167999267578 reward_loss:  -48.57574462890625
epoch:  4 batch:  100 region_loss:  8.0 8.0 loc_loss:  1.2772901153564453 reward_loss:  -63.86457061767578
epoch:  4 batch:  110 region_loss:  4.0 4.0 loc_loss:  0.6640619659423828 reward_loss:  -33.20317459106445
epoch:  4 batch:  120 region_loss:  5.0 5.0 loc_loss:  0.8184793853759765 reward_loss:  -40.924007415771484
epoch:  4 batch:  130 region_loss:  7.0 7.0 loc_loss:  1.1368262481689453 reward_loss:  -56.84135055541992
acc@1:  0.04797742238946378
epoch: 4 region loss 0.17051094890510948 loc loss 1.3673236891475036 reward loss -68.36621185636868
epoch:  5 batch:  0 region_loss:  10.0 10.0 loc_loss:  1.57805419921875 reward_loss:  -78.90168762207031
epoch:  5 batch:  10 region_loss:  10.0 10.0 loc_loss:  1.5973184204101563 reward_loss:  -79.8660659790039
epoch:  5 batch:  20 region_loss:  10.0 10.0 loc_loss:  1.524459991455078 reward_loss:  -76.22309875488281
epoch:  5 batch:  30 region_loss:  10.0 10.0 loc_loss:  1.5998692321777344 reward_loss:  -79.99341583251953
epoch:  5 batch:  40 region_loss:  10.0 10.0 loc_loss:  1.5290643310546874 reward_loss:  -76.45353698730469
epoch:  5 batch:  50 region_loss:  10.0 10.0 loc_loss:  1.584716796875 reward_loss:  -79.23589324951172
epoch:  5 batch:  60 region_loss:  10.0 10.0 loc_loss:  1.5785530090332032 reward_loss:  -78.92827606201172
epoch:  5 batch:  70 region_loss:  10.0 10.0 loc_loss:  1.5710252380371095 reward_loss:  -78.5513916015625
epoch:  5 batch:  80 region_loss:  10.0 10.0 loc_loss:  1.555167236328125 reward_loss:  -77.75810241699219
epoch:  5 batch:  90 region_loss:  6.0 6.0 loc_loss:  0.942380142211914 reward_loss:  -47.118995666503906
epoch:  5 batch:  100 region_loss:  8.0 8.0 loc_loss:  1.231007080078125 reward_loss:  -61.550350189208984
epoch:  5 batch:  110 region_loss:  4.0 4.0 loc_loss:  0.646522216796875 reward_loss:  -32.32631301879883
epoch:  5 batch:  120 region_loss:  5.0 5.0 loc_loss:  0.7922025299072266 reward_loss:  -39.6101188659668
epoch:  5 batch:  130 region_loss:  7.0 7.0 loc_loss:  1.102720947265625 reward_loss:  -55.13662338256836
acc@1:  0.059266227657572904
epoch: 5 region loss 0.17051094890510948 loc loss 1.318902508533784 reward loss -65.94513652272468
epoch:  6 batch:  0 region_loss:  10.0 10.0 loc_loss:  1.5224774169921875 reward_loss:  -76.12381744384766
epoch:  6 batch:  10 region_loss:  10.0 10.0 loc_loss:  1.5489686584472657 reward_loss:  -77.44835662841797
epoch:  6 batch:  20 region_loss:  10.0 10.0 loc_loss:  1.4581843566894532 reward_loss:  -72.90911865234375
epoch:  6 batch:  30 region_loss:  10.0 10.0 loc_loss:  1.5446278381347656 reward_loss:  -77.23152160644531
epoch:  6 batch:  40 region_loss:  10.0 10.0 loc_loss:  1.471402587890625 reward_loss:  -73.57013702392578
epoch:  6 batch:  50 region_loss:  10.0 10.0 loc_loss:  1.5236566162109375 reward_loss:  -76.18280029296875
epoch:  6 batch:  60 region_loss:  10.0 10.0 loc_loss:  1.5217633056640625 reward_loss:  -76.08783721923828
epoch:  6 batch:  70 region_loss:  10.0 10.0 loc_loss:  1.5096588134765625 reward_loss:  -75.48296356201172
epoch:  6 batch:  80 region_loss:  10.0 10.0 loc_loss:  1.4994451904296875 reward_loss:  -74.97210693359375
epoch:  6 batch:  90 region_loss:  6.0 6.0 loc_loss:  0.9116823577880859 reward_loss:  -45.58451843261719
epoch:  6 batch:  100 region_loss:  8.0 8.0 loc_loss:  1.1806414031982422 reward_loss:  -59.03170394897461
epoch:  6 batch:  110 region_loss:  4.0 4.0 loc_loss:  0.6280570983886719 reward_loss:  -31.402936935424805
epoch:  6 batch:  120 region_loss:  5.0 5.0 loc_loss:  0.763639907836914 reward_loss:  -38.18204879760742
epoch:  6 batch:  130 region_loss:  7.0 7.0 loc_loss:  1.065852508544922 reward_loss:  -53.29247283935547
acc@1:  0.06726246472248354
epoch: 6 region loss 0.17051094890510948 loc loss 1.2673425432191279 reward loss -63.367119322728065
epoch:  7 batch:  0 region_loss:  10.0 10.0 loc_loss:  1.4615458679199218 reward_loss:  -73.07707977294922
epoch:  7 batch:  10 region_loss:  10.0 10.0 loc_loss:  1.4953887939453125 reward_loss:  -74.76937103271484
epoch:  7 batch:  20 region_loss:  10.0 10.0 loc_loss:  1.3883395385742188 reward_loss:  -69.41673278808594
epoch:  7 batch:  30 region_loss:  10.0 10.0 loc_loss:  1.4833106994628906 reward_loss:  -74.1655502319336
epoch:  7 batch:  40 region_loss:  10.0 10.0 loc_loss:  1.414087371826172 reward_loss:  -70.70436096191406
epoch:  7 batch:  50 region_loss:  10.0 10.0 loc_loss:  1.4582020568847656 reward_loss:  -72.91012573242188
epoch:  7 batch:  60 region_loss:  10.0 10.0 loc_loss:  1.4610914611816406 reward_loss:  -73.05461120605469
epoch:  7 batch:  70 region_loss:  10.0 10.0 loc_loss:  1.4432164001464844 reward_loss:  -72.16083526611328
epoch:  7 batch:  80 region_loss:  10.0 10.0 loc_loss:  1.4405682373046875 reward_loss:  -72.0284194946289
epoch:  7 batch:  90 region_loss:  6.0 6.0 loc_loss:  0.8795018005371094 reward_loss:  -43.975040435791016
epoch:  7 batch:  100 region_loss:  8.0 8.0 loc_loss:  1.1260977172851563 reward_loss:  -56.304649353027344
epoch:  7 batch:  110 region_loss:  4.0 4.0 loc_loss:  0.6086397171020508 reward_loss:  -30.432117462158203
epoch:  7 batch:  120 region_loss:  5.0 5.0 loc_loss:  0.732765884399414 reward_loss:  -36.6382942199707
epoch:  7 batch:  130 region_loss:  7.0 7.0 loc_loss:  1.0263259887695313 reward_loss:  -51.316280364990234
acc@1:  0.0799623706491063
epoch: 7 region loss 0.17051094890510948 loc loss 1.212555824057029 reward loss -60.62778277988851
epoch:  8 batch:  0 region_loss:  10.0 10.0 loc_loss:  1.3958840942382813 reward_loss:  -69.7943344116211
epoch:  8 batch:  10 region_loss:  10.0 10.0 loc_loss:  1.4363215637207032 reward_loss:  -71.81605529785156
epoch:  8 batch:  20 region_loss:  10.0 10.0 loc_loss:  1.3151930236816407 reward_loss:  -65.75967407226562
epoch:  8 batch:  30 region_loss:  10.0 10.0 loc_loss:  1.4170372009277343 reward_loss:  -70.85186767578125
epoch:  8 batch:  40 region_loss:  10.0 10.0 loc_loss:  1.3584567260742189 reward_loss:  -67.92286682128906
epoch:  8 batch:  50 region_loss:  10.0 10.0 loc_loss:  1.3882640075683594 reward_loss:  -69.41322326660156
epoch:  8 batch:  60 region_loss:  10.0 10.0 loc_loss:  1.3966458129882813 reward_loss:  -69.83232879638672
epoch:  8 batch:  70 region_loss:  10.0 10.0 loc_loss:  1.3724177551269532 reward_loss:  -68.62088012695312
epoch:  8 batch:  80 region_loss:  10.0 10.0 loc_loss:  1.3790914916992187 reward_loss:  -68.95453643798828
epoch:  8 batch:  90 region_loss:  6.0 6.0 loc_loss:  0.8462539672851562 reward_loss:  -42.31267547607422
epoch:  8 batch:  100 region_loss:  8.0 8.0 loc_loss:  1.068637924194336 reward_loss:  -53.432701110839844
epoch:  8 batch:  110 region_loss:  4.0 4.0 loc_loss:  0.5882585906982422 reward_loss:  -29.41281509399414
epoch:  8 batch:  120 region_loss:  5.0 5.0 loc_loss:  0.7001905059814453 reward_loss:  -35.00953674316406
epoch:  8 batch:  130 region_loss:  7.0 7.0 loc_loss:  0.9848030090332032 reward_loss:  -49.24016571044922
acc@1:  0.09642521166509878
epoch: 8 region loss 0.17051094890510948 loc loss 1.1553434179821154 reward loss -57.76719683626273
epoch:  9 batch:  0 region_loss:  10.0 10.0 loc_loss:  1.3269839477539063 reward_loss:  -66.34923553466797
epoch:  9 batch:  10 region_loss:  10.0 10.0 loc_loss:  1.3726742553710938 reward_loss:  -68.63371276855469
epoch:  9 batch:  20 region_loss:  10.0 10.0 loc_loss:  1.2406819915771485 reward_loss:  -62.034095764160156
epoch:  9 batch:  30 region_loss:  10.0 10.0 loc_loss:  1.3470616149902344 reward_loss:  -67.35308837890625
epoch:  9 batch:  40 region_loss:  10.0 10.0 loc_loss:  1.3042605590820313 reward_loss:  -65.21296691894531
epoch:  9 batch:  50 region_loss:  10.0 10.0 loc_loss:  1.3148472595214844 reward_loss:  -65.74237823486328
epoch:  9 batch:  60 region_loss:  10.0 10.0 loc_loss:  1.3300732421875 reward_loss:  -66.503662109375
epoch:  9 batch:  70 region_loss:  10.0 10.0 loc_loss:  1.2989117431640624 reward_loss:  -64.94558715820312
epoch:  9 batch:  80 region_loss:  10.0 10.0 loc_loss:  1.316603240966797 reward_loss:  -65.83016204833984
epoch:  9 batch:  90 region_loss:  6.0 6.0 loc_loss:  0.8120903015136719 reward_loss:  -40.604496002197266
epoch:  9 batch:  100 region_loss:  8.0 8.0 loc_loss:  1.0105055999755859 reward_loss:  -50.52537155151367
epoch:  9 batch:  110 region_loss:  4.0 4.0 loc_loss:  0.5670087814331055 reward_loss:  -28.3504695892334
epoch:  9 batch:  120 region_loss:  5.0 5.0 loc_loss:  0.6668467712402344 reward_loss:  -33.34233474731445
epoch:  9 batch:  130 region_loss:  7.0 7.0 loc_loss:  0.9420111083984375 reward_loss:  -47.10055160522461
acc@1:  0.10818438381937912
epoch: 9 region loss 0.17051094890510948 loc loss 1.0970374058632955 reward loss -54.85187185245709
epoch:  10 batch:  0 region_loss:  10.0 10.0 loc_loss:  1.2565652465820312 reward_loss:  -62.82803726196289
epoch:  10 batch:  10 region_loss:  10.0 10.0 loc_loss:  1.305895538330078 reward_loss:  -65.29476928710938
epoch:  10 batch:  20 region_loss:  10.0 10.0 loc_loss:  1.166597900390625 reward_loss:  -58.32987976074219
epoch:  10 batch:  30 region_loss:  10.0 10.0 loc_loss:  1.2752306365966797 reward_loss:  -63.76152420043945
epoch:  10 batch:  40 region_loss:  10.0 10.0 loc_loss:  1.2504955291748048 reward_loss:  -62.524837493896484
epoch:  10 batch:  50 region_loss:  10.0 10.0 loc_loss:  1.23980224609375 reward_loss:  -61.99009323120117
epoch:  10 batch:  60 region_loss:  10.0 10.0 loc_loss:  1.2637845611572265 reward_loss:  -63.18919372558594
epoch:  10 batch:  70 region_loss:  10.0 10.0 loc_loss:  1.2249559783935546 reward_loss:  -61.247779846191406
epoch:  10 batch:  80 region_loss:  10.0 10.0 loc_loss:  1.2552584075927735 reward_loss:  -62.76290512084961
epoch:  10 batch:  90 region_loss:  6.0 6.0 loc_loss:  0.7776242065429687 reward_loss:  -38.88120651245117
epoch:  10 batch:  100 region_loss:  8.0 8.0 loc_loss:  0.9537553405761718 reward_loss:  -47.68791198730469
epoch:  10 batch:  110 region_loss:  4.0 4.0 loc_loss:  0.5450354385375976 reward_loss:  -27.251785278320312
epoch:  10 batch:  120 region_loss:  5.0 5.0 loc_loss:  0.6335994720458984 reward_loss:  -31.679977416992188
epoch:  10 batch:  130 region_loss:  7.0 7.0 loc_loss:  0.8986160278320312 reward_loss:  -44.93074035644531
acc@1:  0.11665098777046096
epoch: 10 region loss 0.17051094890510948 loc loss 1.0390871293005282 reward loss -51.95434684474973
epoch:  11 batch:  0 region_loss:  10.0 10.0 loc_loss:  1.186716079711914 reward_loss:  -59.3358039855957
epoch:  11 batch:  10 region_loss:  10.0 10.0 loc_loss:  1.2378549194335937 reward_loss:  -61.89275360107422
epoch:  11 batch:  20 region_loss:  10.0 10.0 loc_loss:  1.094544677734375 reward_loss:  -54.727237701416016
epoch:  11 batch:  30 region_loss:  10.0 10.0 loc_loss:  1.203169403076172 reward_loss:  -60.15850830078125
epoch:  11 batch:  40 region_loss:  10.0 10.0 loc_loss:  1.196838150024414 reward_loss:  -59.841888427734375
epoch:  11 batch:  50 region_loss:  10.0 10.0 loc_loss:  1.1650468444824218 reward_loss:  -58.2523307800293
epoch:  11 batch:  60 region_loss:  10.0 10.0 loc_loss:  1.199409942626953 reward_loss:  -59.970489501953125
epoch:  11 batch:  70 region_loss:  10.0 10.0 loc_loss:  1.1529163360595702 reward_loss:  -57.6458854675293
epoch:  11 batch:  80 region_loss:  10.0 10.0 loc_loss:  1.1966157531738282 reward_loss:  -59.83079147338867
epoch:  11 batch:  90 region_loss:  6.0 6.0 loc_loss:  0.7432145690917968 reward_loss:  -37.16072463989258
epoch:  11 batch:  100 region_loss:  8.0 8.0 loc_loss:  0.8996878051757813 reward_loss:  -44.98440933227539
epoch:  11 batch:  110 region_loss:  4.0 4.0 loc_loss:  0.5226169967651367 reward_loss:  -26.130844116210938
epoch:  11 batch:  120 region_loss:  5.0 5.0 loc_loss:  0.6011647796630859 reward_loss:  -30.0582332611084
epoch:  11 batch:  130 region_loss:  7.0 7.0 loc_loss:  0.8556787872314453 reward_loss:  -42.78394317626953
acc@1:  0.12417685794920037
epoch: 11 region loss 0.17051094890510948 loc loss 0.9828169620820205 reward loss -49.140843885658434
epoch:  12 batch:  0 region_loss:  10.0 10.0 loc_loss:  1.119316940307617 reward_loss:  -55.965843200683594
epoch:  12 batch:  10 region_loss:  10.0 10.0 loc_loss:  1.1704673767089844 reward_loss:  -58.523372650146484
epoch:  12 batch:  20 region_loss:  10.0 10.0 loc_loss:  1.0260390472412109 reward_loss:  -51.30195617675781
epoch:  12 batch:  30 region_loss:  10.0 10.0 loc_loss:  1.1323372650146484 reward_loss:  -56.616859436035156
epoch:  12 batch:  40 region_loss:  10.0 10.0 loc_loss:  1.144082260131836 reward_loss:  -57.20410919189453
epoch:  12 batch:  50 region_loss:  10.0 10.0 loc_loss:  1.093001022338867 reward_loss:  -54.650047302246094
epoch:  12 batch:  60 region_loss:  10.0 10.0 loc_loss:  1.1375595092773438 reward_loss:  -56.87797927856445
epoch:  12 batch:  70 region_loss:  10.0 10.0 loc_loss:  1.0852532958984376 reward_loss:  -54.26264953613281
epoch:  12 batch:  80 region_loss:  10.0 10.0 loc_loss:  1.1411981201171875 reward_loss:  -57.059906005859375
epoch:  12 batch:  90 region_loss:  6.0 6.0 loc_loss:  0.7095185852050782 reward_loss:  -35.475921630859375
epoch:  12 batch:  100 region_loss:  8.0 8.0 loc_loss:  0.8491641998291015 reward_loss:  -42.45820999145508
epoch:  12 batch:  110 region_loss:  4.0 4.0 loc_loss:  0.4999293518066406 reward_loss:  -24.99647331237793
epoch:  12 batch:  120 region_loss:  5.0 5.0 loc_loss:  0.5701238250732422 reward_loss:  -28.506189346313477
epoch:  12 batch:  130 region_loss:  7.0 7.0 loc_loss:  0.8138789367675782 reward_loss:  -40.69395446777344
acc@1:  0.12935089369708372
epoch: 12 region loss 0.17051094890510948 loc loss 0.9292685830332067 reward loss -46.463429193427096
epoch:  13 batch:  0 region_loss:  10.0 10.0 loc_loss:  1.0556543731689454 reward_loss:  -52.7827262878418
epoch:  13 batch:  10 region_loss:  10.0 10.0 loc_loss:  1.10537353515625 reward_loss:  -55.268680572509766
epoch:  13 batch:  20 region_loss:  10.0 10.0 loc_loss:  0.9624392700195312 reward_loss:  -48.12195587158203
epoch:  13 batch:  30 region_loss:  10.0 10.0 loc_loss:  1.0640518951416016 reward_loss:  -53.20259094238281
epoch:  13 batch:  40 region_loss:  10.0 10.0 loc_loss:  1.0931686401367187 reward_loss:  -54.65842056274414
epoch:  13 batch:  50 region_loss:  10.0 10.0 loc_loss:  1.0255947875976563 reward_loss:  -51.27973175048828
epoch:  13 batch:  60 region_loss:  10.0 10.0 loc_loss:  1.0787559509277345 reward_loss:  -53.93778991699219
epoch:  13 batch:  70 region_loss:  10.0 10.0 loc_loss:  1.023116912841797 reward_loss:  -51.15584945678711
epoch:  13 batch:  80 region_loss:  10.0 10.0 loc_loss:  1.0888946533203125 reward_loss:  -54.444732666015625
epoch:  13 batch:  90 region_loss:  6.0 6.0 loc_loss:  0.676943130493164 reward_loss:  -33.847190856933594
epoch:  13 batch:  100 region_loss:  8.0 8.0 loc_loss:  0.8026673889160156 reward_loss:  -40.133365631103516
epoch:  13 batch:  110 region_loss:  4.0 4.0 loc_loss:  0.4773764801025391 reward_loss:  -23.86883544921875
epoch:  13 batch:  120 region_loss:  5.0 5.0 loc_loss:  0.5406893920898438 reward_loss:  -27.034465789794922
epoch:  13 batch:  130 region_loss:  7.0 7.0 loc_loss:  0.7739379119873047 reward_loss:  -38.69690704345703
acc@1:  0.13358419567262464
epoch: 13 region loss 0.17051094890510948 loc loss 0.8790971148971224 reward loss -43.95485428301957
epoch:  14 batch:  0 region_loss:  10.0 10.0 loc_loss:  0.9964759063720703 reward_loss:  -49.82379913330078
epoch:  14 batch:  10 region_loss:  10.0 10.0 loc_loss:  1.0439692687988282 reward_loss:  -52.19846725463867
epoch:  14 batch:  20 region_loss:  10.0 10.0 loc_loss:  0.9047250366210937 reward_loss:  -45.23625183105469
epoch:  14 batch:  30 region_loss:  10.0 10.0 loc_loss:  1.0000180053710936 reward_loss:  -50.00090408325195
epoch:  14 batch:  40 region_loss:  10.0 10.0 loc_loss:  1.044974136352539 reward_loss:  -52.24871063232422
epoch:  14 batch:  50 region_loss:  10.0 10.0 loc_loss:  0.9640606689453125 reward_loss:  -48.203033447265625
epoch:  14 batch:  60 region_loss:  10.0 10.0 loc_loss:  1.02335205078125 reward_loss:  -51.1676025390625
epoch:  14 batch:  70 region_loss:  10.0 10.0 loc_loss:  0.9666788482666016 reward_loss:  -48.33393859863281
epoch:  14 batch:  80 region_loss:  10.0 10.0 loc_loss:  1.0398246765136718 reward_loss:  -51.991233825683594
epoch:  14 batch:  90 region_loss:  6.0 6.0 loc_loss:  0.6459687805175781 reward_loss:  -32.29843521118164
epoch:  14 batch:  100 region_loss:  8.0 8.0 loc_loss:  0.760352783203125 reward_loss:  -38.01767349243164
epoch:  14 batch:  110 region_loss:  4.0 4.0 loc_loss:  0.4551225280761719 reward_loss:  -22.756120681762695
epoch:  14 batch:  120 region_loss:  5.0 5.0 loc_loss:  0.5127385711669922 reward_loss:  -25.63692855834961
epoch:  14 batch:  130 region_loss:  7.0 7.0 loc_loss:  0.7361486053466797 reward_loss:  -36.807430267333984
acc@1:  0.13640639698965193
epoch: 14 region loss 0.17051094890510948 loc loss 0.8326229760942668 reward loss -41.63114416860316
epoch:  15 batch:  0 region_loss:  10.0 10.0 loc_loss:  0.9420233917236328 reward_loss:  -47.10116958618164
epoch:  15 batch:  10 region_loss:  10.0 10.0 loc_loss:  0.9869899749755859 reward_loss:  -49.34949493408203
epoch:  15 batch:  20 region_loss:  10.0 10.0 loc_loss:  0.8532627868652344 reward_loss:  -42.66313171386719
epoch:  15 batch:  30 region_loss:  10.0 10.0 loc_loss:  0.9413117980957031 reward_loss:  -47.06559371948242
epoch:  15 batch:  40 region_loss:  10.0 10.0 loc_loss:  0.9998910522460938 reward_loss:  -49.99455261230469
epoch:  15 batch:  50 region_loss:  10.0 10.0 loc_loss:  0.9088319396972656 reward_loss:  -45.44160079956055
epoch:  15 batch:  60 region_loss:  10.0 10.0 loc_loss:  0.9714369201660156 reward_loss:  -48.571842193603516
epoch:  15 batch:  70 region_loss:  10.0 10.0 loc_loss:  0.9157290649414063 reward_loss:  -45.78644561767578
epoch:  15 batch:  80 region_loss:  10.0 10.0 loc_loss:  0.9937022399902343 reward_loss:  -49.68510818481445
epoch:  15 batch:  90 region_loss:  6.0 6.0 loc_loss:  0.6166968536376953 reward_loss:  -30.834842681884766
epoch:  15 batch:  100 region_loss:  8.0 8.0 loc_loss:  0.7219462585449219 reward_loss:  -36.09732437133789
epoch:  15 batch:  110 region_loss:  4.0 4.0 loc_loss:  0.433603515625 reward_loss:  -21.680185317993164
epoch:  15 batch:  120 region_loss:  5.0 5.0 loc_loss:  0.48631092071533205 reward_loss:  -24.3155460357666
epoch:  15 batch:  130 region_loss:  7.0 7.0 loc_loss:  0.7007968139648437 reward_loss:  -35.03983688354492
acc@1:  0.13828786453433678
epoch: 15 region loss 0.17051094890510948 loc loss 0.7898661617641031 reward loss -39.493308672939776
epoch:  16 batch:  0 region_loss:  10.0 10.0 loc_loss:  0.8921182250976563 reward_loss:  -44.60590744018555
epoch:  16 batch:  10 region_loss:  10.0 10.0 loc_loss:  0.9345976257324219 reward_loss:  -46.729881286621094
epoch:  16 batch:  20 region_loss:  10.0 10.0 loc_loss:  0.8075943756103515 reward_loss:  -40.37971496582031
epoch:  16 batch:  30 region_loss:  10.0 10.0 loc_loss:  0.8882561492919921 reward_loss:  -44.41280746459961
epoch:  16 batch:  40 region_loss:  10.0 10.0 loc_loss:  0.9580145263671875 reward_loss:  -47.900726318359375
epoch:  16 batch:  50 region_loss:  10.0 10.0 loc_loss:  0.8595169067382813 reward_loss:  -42.97584533691406
epoch:  16 batch:  60 region_loss:  10.0 10.0 loc_loss:  0.9229451751708985 reward_loss:  -46.14726638793945
epoch:  16 batch:  70 region_loss:  10.0 10.0 loc_loss:  0.8697039794921875 reward_loss:  -43.48520278930664
epoch:  16 batch:  80 region_loss:  10.0 10.0 loc_loss:  0.9504033660888672 reward_loss:  -47.520172119140625
epoch:  16 batch:  90 region_loss:  6.0 6.0 loc_loss:  0.589195442199707 reward_loss:  -29.459766387939453
epoch:  16 batch:  100 region_loss:  8.0 8.0 loc_loss:  0.6869388580322265 reward_loss:  -34.34694290161133
epoch:  16 batch:  110 region_loss:  4.0 4.0 loc_loss:  0.41290515899658203 reward_loss:  -20.6452579498291
epoch:  16 batch:  120 region_loss:  5.0 5.0 loc_loss:  0.4612347412109375 reward_loss:  -23.061756134033203
epoch:  16 batch:  130 region_loss:  7.0 7.0 loc_loss:  0.6677708435058594 reward_loss:  -33.38854217529297
acc@1:  0.14346190028222014
epoch: 16 region loss 0.17051094890510948 loc loss 0.7506340528056569 reward loss -37.53170323893972
epoch:  17 batch:  0 region_loss:  10.0 10.0 loc_loss:  0.84619384765625 reward_loss:  -42.30970001220703
epoch:  17 batch:  10 region_loss:  10.0 10.0 loc_loss:  0.886628646850586 reward_loss:  -44.33144760131836
epoch:  17 batch:  20 region_loss:  10.0 10.0 loc_loss:  0.7671314239501953 reward_loss:  -38.356571197509766
epoch:  17 batch:  30 region_loss:  10.0 10.0 loc_loss:  0.8404039001464844 reward_loss:  -42.02018737792969
epoch:  17 batch:  40 region_loss:  10.0 10.0 loc_loss:  0.9192281341552735 reward_loss:  -45.96140670776367
epoch:  17 batch:  50 region_loss:  10.0 10.0 loc_loss:  0.8152025604248047 reward_loss:  -40.7601318359375
epoch:  17 batch:  60 region_loss:  10.0 10.0 loc_loss:  0.8775016784667968 reward_loss:  -43.87508773803711
epoch:  17 batch:  70 region_loss:  10.0 10.0 loc_loss:  0.8279448699951172 reward_loss:  -41.397239685058594
epoch:  17 batch:  80 region_loss:  10.0 10.0 loc_loss:  0.9095819854736328 reward_loss:  -45.479103088378906
epoch:  17 batch:  90 region_loss:  6.0 6.0 loc_loss:  0.5631498718261718 reward_loss:  -28.157489776611328
epoch:  17 batch:  100 region_loss:  8.0 8.0 loc_loss:  0.6547426605224609 reward_loss:  -32.73713684082031
epoch:  17 batch:  110 region_loss:  4.0 4.0 loc_loss:  0.39304237365722655 reward_loss:  -19.652122497558594
epoch:  17 batch:  120 region_loss:  5.0 5.0 loc_loss:  0.4374677276611328 reward_loss:  -21.873380661010742
epoch:  17 batch:  130 region_loss:  7.0 7.0 loc_loss:  0.6370085906982422 reward_loss:  -31.85042953491211
acc@1:  0.1425211665098777
epoch: 17 region loss 0.17051094890510948 loc loss 0.7145875528433027 reward loss -35.72938013424839
epoch:  18 batch:  0 region_loss:  10.0 10.0 loc_loss:  0.8036305236816407 reward_loss:  -40.18153381347656
epoch:  18 batch:  10 region_loss:  10.0 10.0 loc_loss:  0.8427822875976563 reward_loss:  -42.13910675048828
epoch:  18 batch:  20 region_loss:  10.0 10.0 loc_loss:  0.7311611175537109 reward_loss:  -36.55805969238281
epoch:  18 batch:  30 region_loss:  10.0 10.0 loc_loss:  0.7970780181884766 reward_loss:  -39.85389709472656
epoch:  18 batch:  40 region_loss:  10.0 10.0 loc_loss:  0.8831211853027344 reward_loss:  -44.15605926513672
epoch:  18 batch:  50 region_loss:  10.0 10.0 loc_loss:  0.7750630950927735 reward_loss:  -38.753150939941406
epoch:  18 batch:  60 region_loss:  10.0 10.0 loc_loss:  0.8347064971923828 reward_loss:  -41.735321044921875
epoch:  18 batch:  70 region_loss:  10.0 10.0 loc_loss:  0.7896588134765625 reward_loss:  -39.482940673828125
epoch:  18 batch:  80 region_loss:  10.0 10.0 loc_loss:  0.8707950592041016 reward_loss:  -43.53975296020508
epoch:  18 batch:  90 region_loss:  6.0 6.0 loc_loss:  0.5385636901855468 reward_loss:  -26.928186416625977
epoch:  18 batch:  100 region_loss:  8.0 8.0 loc_loss:  0.6249917602539062 reward_loss:  -31.24958038330078
epoch:  18 batch:  110 region_loss:  4.0 4.0 loc_loss:  0.3740967559814453 reward_loss:  -18.704833984375
epoch:  18 batch:  120 region_loss:  5.0 5.0 loc_loss:  0.4149522018432617 reward_loss:  -20.74761199951172
epoch:  18 batch:  130 region_loss:  7.0 7.0 loc_loss:  0.6082012176513671 reward_loss:  -30.410057067871094
acc@1:  0.14299153339604892
epoch: 18 region loss 0.17051094890510948 loc loss 0.6813250728245199 reward loss -34.06624953416142
epoch:  19 batch:  0 region_loss:  10.0 10.0 loc_loss:  0.7641117858886719 reward_loss:  -38.205589294433594
epoch:  19 batch:  10 region_loss:  10.0 10.0 loc_loss:  0.8026396179199219 reward_loss:  -40.13198471069336
epoch:  19 batch:  20 region_loss:  10.0 10.0 loc_loss:  0.6987629699707031 reward_loss:  -34.938148498535156
epoch:  19 batch:  30 region_loss:  10.0 10.0 loc_loss:  0.7574333953857422 reward_loss:  -37.871673583984375
epoch:  19 batch:  40 region_loss:  10.0 10.0 loc_loss:  0.8495160675048828 reward_loss:  -42.47580337524414
epoch:  19 batch:  50 region_loss:  10.0 10.0 loc_loss:  0.7381210327148438 reward_loss:  -36.90605163574219
epoch:  19 batch:  60 region_loss:  10.0 10.0 loc_loss:  0.7943175506591796 reward_loss:  -39.715877532958984
epoch:  19 batch:  70 region_loss:  10.0 10.0 loc_loss:  0.754217758178711 reward_loss:  -37.71089172363281
epoch:  19 batch:  80 region_loss:  10.0 10.0 loc_loss:  0.8339413452148438 reward_loss:  -41.69706726074219
epoch:  19 batch:  90 region_loss:  6.0 6.0 loc_loss:  0.5153083801269531 reward_loss:  -25.765417098999023
epoch:  19 batch:  100 region_loss:  8.0 8.0 loc_loss:  0.5972262573242187 reward_loss:  -29.861309051513672
epoch:  19 batch:  110 region_loss:  4.0 4.0 loc_loss:  0.3559131622314453 reward_loss:  -17.795654296875
epoch:  19 batch:  120 region_loss:  5.0 5.0 loc_loss:  0.3935786056518555 reward_loss:  -19.67892837524414
epoch:  19 batch:  130 region_loss:  7.0 7.0 loc_loss:  0.5810736083984375 reward_loss:  -29.053682327270508
acc@1:  0.14346190028222014
epoch: 19 region loss 0.17051094890510948 loc loss 0.650452362673126 reward loss -32.52261912909737
epoch:  20 batch:  0 region_loss:  10.0 10.0 loc_loss:  0.7273261260986328 reward_loss:  -36.366310119628906
epoch:  20 batch:  10 region_loss:  10.0 10.0 loc_loss:  0.765654296875 reward_loss:  -38.282711029052734
epoch:  20 batch:  20 region_loss:  10.0 10.0 loc_loss:  0.6692417907714844 reward_loss:  -33.462093353271484
epoch:  20 batch:  30 region_loss:  10.0 10.0 loc_loss:  0.7209377288818359 reward_loss:  -36.0468864440918
epoch:  20 batch:  40 region_loss:  10.0 10.0 loc_loss:  0.8180049133300781 reward_loss:  -40.90024185180664
epoch:  20 batch:  50 region_loss:  10.0 10.0 loc_loss:  0.7040089416503906 reward_loss:  -35.200443267822266
epoch:  20 batch:  60 region_loss:  10.0 10.0 loc_loss:  0.7561097717285157 reward_loss:  -37.80548858642578
epoch:  20 batch:  70 region_loss:  10.0 10.0 loc_loss:  0.7210929870605469 reward_loss:  -36.05464553833008
epoch:  20 batch:  80 region_loss:  10.0 10.0 loc_loss:  0.7986392974853516 reward_loss:  -39.93196487426758
epoch:  20 batch:  90 region_loss:  6.0 6.0 loc_loss:  0.4931572723388672 reward_loss:  -24.657859802246094
epoch:  20 batch:  100 region_loss:  8.0 8.0 loc_loss:  0.571085205078125 reward_loss:  -28.554264068603516
epoch:  20 batch:  110 region_loss:  4.0 4.0 loc_loss:  0.33850578308105467 reward_loss:  -16.925289154052734
epoch:  20 batch:  120 region_loss:  5.0 5.0 loc_loss:  0.3733945846557617 reward_loss:  -18.66972541809082
epoch:  20 batch:  130 region_loss:  7.0 7.0 loc_loss:  0.5553580856323242 reward_loss:  -27.767906188964844
acc@1:  0.14299153339604892
epoch: 20 region loss 0.17051094890510948 loc loss 0.6216213779031796 reward loss -31.08106631954221
epoch:  21 batch:  0 region_loss:  10.0 10.0 loc_loss:  0.6927406311035156 reward_loss:  -34.63703155517578
epoch:  21 batch:  10 region_loss:  10.0 10.0 loc_loss:  0.7313459014892578 reward_loss:  -36.56729507446289
epoch:  21 batch:  20 region_loss:  10.0 10.0 loc_loss:  0.6420561218261719 reward_loss:  -32.102806091308594
epoch:  21 batch:  30 region_loss:  10.0 10.0 loc_loss:  0.6870113372802734 reward_loss:  -34.350486755371094
epoch:  21 batch:  40 region_loss:  10.0 10.0 loc_loss:  0.7880558776855469 reward_loss:  -39.402793884277344
epoch:  21 batch:  50 region_loss:  10.0 10.0 loc_loss:  0.6722097015380859 reward_loss:  -33.6104850769043
epoch:  21 batch:  60 region_loss:  10.0 10.0 loc_loss:  0.7199469757080078 reward_loss:  -35.99735641479492
epoch:  21 batch:  70 region_loss:  10.0 10.0 loc_loss:  0.6899186706542969 reward_loss:  -34.49593734741211
epoch:  21 batch:  80 region_loss:  10.0 10.0 loc_loss:  0.7648408508300781 reward_loss:  -38.242042541503906
epoch:  21 batch:  90 region_loss:  6.0 6.0 loc_loss:  0.47196861267089846 reward_loss:  -23.598432540893555
epoch:  21 batch:  100 region_loss:  8.0 8.0 loc_loss:  0.5462601470947266 reward_loss:  -27.313013076782227
epoch:  21 batch:  110 region_loss:  4.0 4.0 loc_loss:  0.32181713104248044 reward_loss:  -16.09086036682129
epoch:  21 batch:  120 region_loss:  5.0 5.0 loc_loss:  0.3543067932128906 reward_loss:  -17.71533966064453
epoch:  21 batch:  130 region_loss:  7.0 7.0 loc_loss:  0.5308323669433593 reward_loss:  -26.5416202545166
acc@1:  0.14063969896519285
epoch: 21 region loss 0.17051094890510948 loc loss 0.5945265201930582 reward loss -29.72632474968903
epoch:  22 batch:  0 region_loss:  10.0 10.0 loc_loss:  0.6603495788574218 reward_loss:  -33.017478942871094
epoch:  22 batch:  10 region_loss:  10.0 10.0 loc_loss:  0.6991764831542969 reward_loss:  -34.958824157714844
epoch:  22 batch:  20 region_loss:  10.0 10.0 loc_loss:  0.6167959594726562 reward_loss:  -30.83979606628418
epoch:  22 batch:  30 region_loss:  10.0 10.0 loc_loss:  0.6552789306640625 reward_loss:  -32.76394271850586
epoch:  22 batch:  40 region_loss:  10.0 10.0 loc_loss:  0.7594997406005859 reward_loss:  -37.9749870300293
epoch:  22 batch:  50 region_loss:  10.0 10.0 loc_loss:  0.6425054931640625 reward_loss:  -32.125274658203125
epoch:  22 batch:  60 region_loss:  10.0 10.0 loc_loss:  0.6856694793701172 reward_loss:  -34.28347396850586
epoch:  22 batch:  70 region_loss:  10.0 10.0 loc_loss:  0.660504150390625 reward_loss:  -33.025203704833984
epoch:  22 batch:  80 region_loss:  10.0 10.0 loc_loss:  0.7323474884033203 reward_loss:  -36.61737060546875
epoch:  22 batch:  90 region_loss:  6.0 6.0 loc_loss:  0.4517543411254883 reward_loss:  -22.58771514892578
epoch:  22 batch:  100 region_loss:  8.0 8.0 loc_loss:  0.5226952743530273 reward_loss:  -26.134763717651367
epoch:  22 batch:  110 region_loss:  4.0 4.0 loc_loss:  0.3056447792053223 reward_loss:  -15.28223991394043
epoch:  22 batch:  120 region_loss:  5.0 5.0 loc_loss:  0.3361965560913086 reward_loss:  -16.80982780456543
epoch:  22 batch:  130 region_loss:  7.0 7.0 loc_loss:  0.507322120666504 reward_loss:  -25.36610221862793
acc@1:  0.13828786453433678
epoch: 22 region loss 0.17051094890510948 loc loss 0.5689209339392446 reward loss -28.446045882510443
epoch:  23 batch:  0 region_loss:  10.0 10.0 loc_loss:  0.6296643447875977 reward_loss:  -31.48321533203125
epoch:  23 batch:  10 region_loss:  10.0 10.0 loc_loss:  0.6690287017822265 reward_loss:  -33.45143127441406
epoch:  23 batch:  20 region_loss:  10.0 10.0 loc_loss:  0.5930296707153321 reward_loss:  -29.651479721069336
epoch:  23 batch:  30 region_loss:  10.0 10.0 loc_loss:  0.6253889846801758 reward_loss:  -31.269447326660156
epoch:  23 batch:  40 region_loss:  10.0 10.0 loc_loss:  0.7319249725341797 reward_loss:  -36.59625244140625
epoch:  23 batch:  50 region_loss:  10.0 10.0 loc_loss:  0.6145759201049805 reward_loss:  -30.728797912597656
epoch:  23 batch:  60 region_loss:  10.0 10.0 loc_loss:  0.6531523132324218 reward_loss:  -32.65761947631836
epoch:  23 batch:  70 region_loss:  10.0 10.0 loc_loss:  0.6326137542724609 reward_loss:  -31.63068389892578
epoch:  23 batch:  80 region_loss:  10.0 10.0 loc_loss:  0.7010380554199219 reward_loss:  -35.05189895629883
epoch:  23 batch:  90 region_loss:  6.0 6.0 loc_loss:  0.43227668762207033 reward_loss:  -21.61383628845215
epoch:  23 batch:  100 region_loss:  8.0 8.0 loc_loss:  0.5000510025024414 reward_loss:  -25.00255012512207
epoch:  23 batch:  110 region_loss:  4.0 4.0 loc_loss:  0.2902115058898926 reward_loss:  -14.51057243347168
epoch:  23 batch:  120 region_loss:  5.0 5.0 loc_loss:  0.319097900390625 reward_loss:  -15.954893112182617
epoch:  23 batch:  130 region_loss:  7.0 7.0 loc_loss:  0.48460830688476564 reward_loss:  -24.23041534423828
acc@1:  0.13405456255879586
epoch: 23 region loss 0.17051094890510948 loc loss 0.5446068382959296 reward loss -27.23034115255314
epoch:  24 batch:  0 region_loss:  10.0 10.0 loc_loss:  0.6005162811279297 reward_loss:  -30.02581214904785
epoch:  24 batch:  10 region_loss:  10.0 10.0 loc_loss:  0.6403656005859375 reward_loss:  -32.01827621459961
epoch:  24 batch:  20 region_loss:  10.0 10.0 loc_loss:  0.5705272293090821 reward_loss:  -28.526357650756836
epoch:  24 batch:  30 region_loss:  10.0 10.0 loc_loss:  0.5971177291870117 reward_loss:  -29.855886459350586
epoch:  24 batch:  40 region_loss:  10.0 10.0 loc_loss:  0.7053350830078124 reward_loss:  -35.266754150390625
epoch:  24 batch:  50 region_loss:  10.0 10.0 loc_loss:  0.5882614135742188 reward_loss:  -29.413070678710938
epoch:  24 batch:  60 region_loss:  10.0 10.0 loc_loss:  0.6222460174560547 reward_loss:  -31.1123046875
epoch:  24 batch:  70 region_loss:  10.0 10.0 loc_loss:  0.6061575698852539 reward_loss:  -30.307880401611328
epoch:  24 batch:  80 region_loss:  10.0 10.0 loc_loss:  0.6708206176757813 reward_loss:  -33.54103088378906
epoch:  24 batch:  90 region_loss:  6.0 6.0 loc_loss:  0.41349632263183594 reward_loss:  -20.674814224243164
epoch:  24 batch:  100 region_loss:  8.0 8.0 loc_loss:  0.4784140777587891 reward_loss:  -23.92070198059082
epoch:  24 batch:  110 region_loss:  4.0 4.0 loc_loss:  0.2753536605834961 reward_loss:  -13.767682075500488
epoch:  24 batch:  120 region_loss:  5.0 5.0 loc_loss:  0.3027951240539551 reward_loss:  -15.139756202697754
epoch:  24 batch:  130 region_loss:  7.0 7.0 loc_loss:  0.4627371597290039 reward_loss:  -23.136857986450195
acc@1:  0.13311382878645345
epoch: 24 region loss 0.17051094890510948 loc loss 0.5214090048657717 reward loss -26.07044744143521
epoch:  25 batch:  0 region_loss:  10.0 10.0 loc_loss:  0.5726554489135742 reward_loss:  -28.632770538330078
epoch:  25 batch:  10 region_loss:  10.0 10.0 loc_loss:  0.6131338119506836 reward_loss:  -30.656692504882812
epoch:  25 batch:  20 region_loss:  10.0 10.0 loc_loss:  0.5490757369995117 reward_loss:  -27.453786849975586
epoch:  25 batch:  30 region_loss:  10.0 10.0 loc_loss:  0.5702891540527344 reward_loss:  -28.51445770263672
epoch:  25 batch:  40 region_loss:  10.0 10.0 loc_loss:  0.6794195556640625 reward_loss:  -33.97097396850586
epoch:  25 batch:  50 region_loss:  10.0 10.0 loc_loss:  0.563301773071289 reward_loss:  -28.165082931518555
epoch:  25 batch:  60 region_loss:  10.0 10.0 loc_loss:  0.5929348373413086 reward_loss:  -29.646747589111328
epoch:  25 batch:  70 region_loss:  10.0 10.0 loc_loss:  0.5810041427612305 reward_loss:  -29.050203323364258
epoch:  25 batch:  80 region_loss:  10.0 10.0 loc_loss:  0.6416422271728516 reward_loss:  -32.08211135864258
epoch:  25 batch:  90 region_loss:  6.0 6.0 loc_loss:  0.3952544403076172 reward_loss:  -19.762720108032227
epoch:  25 batch:  100 region_loss:  8.0 8.0 loc_loss:  0.45757217407226564 reward_loss:  -22.878610610961914
epoch:  25 batch:  110 region_loss:  4.0 4.0 loc_loss:  0.26101978302001955 reward_loss:  -13.050987243652344
epoch:  25 batch:  120 region_loss:  5.0 5.0 loc_loss:  0.28732555389404296 reward_loss:  -14.366278648376465
epoch:  25 batch:  130 region_loss:  7.0 7.0 loc_loss:  0.44153896331787107 reward_loss:  -22.076946258544922
acc@1:  0.1288805268109125
epoch: 25 region loss 0.17051094890510948 loc loss 0.4991974465168305 reward loss -24.959871125047226
epoch:  26 batch:  0 region_loss:  10.0 10.0 loc_loss:  0.5460393142700195 reward_loss:  -27.301965713500977
epoch:  26 batch:  10 region_loss:  10.0 10.0 loc_loss:  0.587041130065918 reward_loss:  -29.35205841064453
epoch:  26 batch:  20 region_loss:  10.0 10.0 loc_loss:  0.5284880065917968 reward_loss:  -26.424400329589844
epoch:  26 batch:  30 region_loss:  10.0 10.0 loc_loss:  0.5446707916259765 reward_loss:  -27.233539581298828
epoch:  26 batch:  40 region_loss:  10.0 10.0 loc_loss:  0.6543016052246093 reward_loss:  -32.7150764465332
epoch:  26 batch:  50 region_loss:  10.0 10.0 loc_loss:  0.5394691848754882 reward_loss:  -26.97345733642578
epoch:  26 batch:  60 region_loss:  10.0 10.0 loc_loss:  0.5648965835571289 reward_loss:  -28.244831085205078
epoch:  26 batch:  70 region_loss:  10.0 10.0 loc_loss:  0.556985969543457 reward_loss:  -27.849294662475586
epoch:  26 batch:  80 region_loss:  10.0 10.0 loc_loss:  0.613361701965332 reward_loss:  -30.668087005615234
epoch:  26 batch:  90 region_loss:  6.0 6.0 loc_loss:  0.37764190673828124 reward_loss:  -18.882095336914062
epoch:  26 batch:  100 region_loss:  8.0 8.0 loc_loss:  0.43746150970458986 reward_loss:  -21.873071670532227
epoch:  26 batch:  110 region_loss:  4.0 4.0 loc_loss:  0.2472685432434082 reward_loss:  -12.36342716217041
epoch:  26 batch:  120 region_loss:  5.0 5.0 loc_loss:  0.272536506652832 reward_loss:  -13.626823425292969
epoch:  26 batch:  130 region_loss:  7.0 7.0 loc_loss:  0.4209503936767578 reward_loss:  -21.047517776489258
acc@1:  0.1284101599247413
epoch: 26 region loss 0.17051094890510948 loc loss 0.477842806099105 reward loss -23.892139145927707
epoch:  27 batch:  0 region_loss:  10.0 10.0 loc_loss:  0.5205470657348633 reward_loss:  -26.0273494720459
epoch:  27 batch:  10 region_loss:  10.0 10.0 loc_loss:  0.5619849395751954 reward_loss:  -28.0992431640625
epoch:  27 batch:  20 region_loss:  10.0 10.0 loc_loss:  0.5086236953735351 reward_loss:  -25.431180953979492
epoch:  27 batch:  30 region_loss:  10.0 10.0 loc_loss:  0.5202896499633789 reward_loss:  -26.014482498168945
epoch:  27 batch:  40 region_loss:  10.0 10.0 loc_loss:  0.6297263336181641 reward_loss:  -31.486316680908203
epoch:  27 batch:  50 region_loss:  10.0 10.0 loc_loss:  0.516609992980957 reward_loss:  -25.830501556396484
epoch:  27 batch:  60 region_loss:  10.0 10.0 loc_loss:  0.5381362152099609 reward_loss:  -26.906814575195312
epoch:  27 batch:  70 region_loss:  10.0 10.0 loc_loss:  0.5339235305786133 reward_loss:  -26.69617462158203
epoch:  27 batch:  80 region_loss:  10.0 10.0 loc_loss:  0.5858963775634766 reward_loss:  -29.294816970825195
epoch:  27 batch:  90 region_loss:  6.0 6.0 loc_loss:  0.36046524047851564 reward_loss:  -18.02326011657715
epoch:  27 batch:  100 region_loss:  8.0 8.0 loc_loss:  0.4180105590820313 reward_loss:  -20.900527954101562
epoch:  27 batch:  110 region_loss:  4.0 4.0 loc_loss:  0.23402843475341797 reward_loss:  -11.701420783996582
epoch:  27 batch:  120 region_loss:  5.0 5.0 loc_loss:  0.25839786529541015 reward_loss:  -12.919892311096191
epoch:  27 batch:  130 region_loss:  7.0 7.0 loc_loss:  0.40097431182861326 reward_loss:  -20.048715591430664
acc@1:  0.12699905926622765
epoch: 27 region loss 0.17051094890510948 loc loss 0.45726030314925814 reward loss -22.863014778081517
epoch:  28 batch:  0 region_loss:  10.0 10.0 loc_loss:  0.49603923797607424 reward_loss:  -24.80196189880371
epoch:  28 batch:  10 region_loss:  10.0 10.0 loc_loss:  0.5378605651855469 reward_loss:  -26.893030166625977
epoch:  28 batch:  20 region_loss:  10.0 10.0 loc_loss:  0.4895350646972656 reward_loss:  -24.47675323486328
epoch:  28 batch:  30 region_loss:  10.0 10.0 loc_loss:  0.49681629180908204 reward_loss:  -24.84081268310547
epoch:  28 batch:  40 region_loss:  10.0 10.0 loc_loss:  0.6057184982299805 reward_loss:  -30.285924911499023
epoch:  28 batch:  50 region_loss:  10.0 10.0 loc_loss:  0.49457191467285155 reward_loss:  -24.728595733642578
epoch:  28 batch:  60 region_loss:  10.0 10.0 loc_loss:  0.5124730300903321 reward_loss:  -25.6236515045166
epoch:  28 batch:  70 region_loss:  10.0 10.0 loc_loss:  0.5118034362792969 reward_loss:  -25.590171813964844
epoch:  28 batch:  80 region_loss:  10.0 10.0 loc_loss:  0.5591711807250976 reward_loss:  -27.958559036254883
epoch:  28 batch:  90 region_loss:  6.0 6.0 loc_loss:  0.34373634338378906 reward_loss:  -17.186811447143555
epoch:  28 batch:  100 region_loss:  8.0 8.0 loc_loss:  0.3991424560546875 reward_loss:  -19.957124710083008
epoch:  28 batch:  110 region_loss:  4.0 4.0 loc_loss:  0.22121894836425782 reward_loss:  -11.06094741821289
epoch:  28 batch:  120 region_loss:  5.0 5.0 loc_loss:  0.2448264503479004 reward_loss:  -12.241323471069336
epoch:  28 batch:  130 region_loss:  7.0 7.0 loc_loss:  0.38154014587402346 reward_loss:  -19.077009201049805
acc@1:  0.12417685794920037
epoch: 28 region loss 0.17051094890510948 loc loss 0.4373719759753151 reward loss -21.868596158758567
epoch:  29 batch:  0 region_loss:  10.0 10.0 loc_loss:  0.47255424499511717 reward_loss:  -23.627714157104492
epoch:  29 batch:  10 region_loss:  10.0 10.0 loc_loss:  0.5144050598144532 reward_loss:  -25.720252990722656
epoch:  29 batch:  20 region_loss:  10.0 10.0 loc_loss:  0.47092594146728517 reward_loss:  -23.546297073364258
epoch:  29 batch:  30 region_loss:  10.0 10.0 loc_loss:  0.47426525115966794 reward_loss:  -23.7132625579834
epoch:  29 batch:  40 region_loss:  10.0 10.0 loc_loss:  0.5821997833251953 reward_loss:  -29.109994888305664
epoch:  29 batch:  50 region_loss:  10.0 10.0 loc_loss:  0.47319828033447264 reward_loss:  -23.659912109375
epoch:  29 batch:  60 region_loss:  10.0 10.0 loc_loss:  0.4878778839111328 reward_loss:  -24.393896102905273
epoch:  29 batch:  70 region_loss:  10.0 10.0 loc_loss:  0.49046146392822265 reward_loss:  -24.523073196411133
epoch:  29 batch:  80 region_loss:  10.0 10.0 loc_loss:  0.5331887435913086 reward_loss:  -26.659439086914062
epoch:  29 batch:  90 region_loss:  6.0 6.0 loc_loss:  0.3273950958251953 reward_loss:  -16.369754791259766
epoch:  29 batch:  100 region_loss:  8.0 8.0 loc_loss:  0.3807765197753906 reward_loss:  -19.038829803466797
epoch:  29 batch:  110 region_loss:  4.0 4.0 loc_loss:  0.20887645721435547 reward_loss:  -10.443825721740723
epoch:  29 batch:  120 region_loss:  5.0 5.0 loc_loss:  0.23180419921875 reward_loss:  -11.590209007263184
epoch:  29 batch:  130 region_loss:  7.0 7.0 loc_loss:  0.36270816802978517 reward_loss:  -18.135408401489258
acc@1:  0.1251175917215428
epoch: 29 region loss 0.17051094890510948 loc loss 0.41814041705027116 reward loss -20.907020401780624
epoch:  30 batch:  0 region_loss:  10.0 10.0 loc_loss:  0.44987289428710936 reward_loss:  -22.49364471435547
epoch:  30 batch:  10 region_loss:  10.0 10.0 loc_loss:  0.4917740249633789 reward_loss:  -24.588701248168945
epoch:  30 batch:  20 region_loss:  10.0 10.0 loc_loss:  0.4528605270385742 reward_loss:  -22.643024444580078
epoch:  30 batch:  30 region_loss:  10.0 10.0 loc_loss:  0.4525664520263672 reward_loss:  -22.62832260131836
epoch:  30 batch:  40 region_loss:  10.0 10.0 loc_loss:  0.5591584014892578 reward_loss:  -27.95792007446289
epoch:  30 batch:  50 region_loss:  10.0 10.0 loc_loss:  0.4525006866455078 reward_loss:  -22.625032424926758
epoch:  30 batch:  60 region_loss:  10.0 10.0 loc_loss:  0.4640870666503906 reward_loss:  -23.204355239868164
epoch:  30 batch:  70 region_loss:  10.0 10.0 loc_loss:  0.46996852874755857 reward_loss:  -23.49842643737793
epoch:  30 batch:  80 region_loss:  10.0 10.0 loc_loss:  0.5078544235229492 reward_loss:  -25.392719268798828
epoch:  30 batch:  90 region_loss:  6.0 6.0 loc_loss:  0.31135467529296873 reward_loss:  -15.567731857299805
epoch:  30 batch:  100 region_loss:  8.0 8.0 loc_loss:  0.3630062103271484 reward_loss:  -18.150312423706055
epoch:  30 batch:  110 region_loss:  4.0 4.0 loc_loss:  0.19699230194091796 reward_loss:  -9.849615097045898
epoch:  30 batch:  120 region_loss:  5.0 5.0 loc_loss:  0.2192056083679199 reward_loss:  -10.960280418395996
epoch:  30 batch:  130 region_loss:  7.0 7.0 loc_loss:  0.34444091796875 reward_loss:  -17.2220458984375
acc@1:  0.12323612417685795
epoch: 30 region loss 0.17051094890510948 loc loss 0.399507331047615 reward loss -19.975366037257395
epoch:  31 batch:  0 region_loss:  10.0 10.0 loc_loss:  0.4281425857543945 reward_loss:  -21.407127380371094
epoch:  31 batch:  10 region_loss:  10.0 10.0 loc_loss:  0.4697870635986328 reward_loss:  -23.489347457885742
epoch:  31 batch:  20 region_loss:  10.0 10.0 loc_loss:  0.4353078460693359 reward_loss:  -21.765392303466797
epoch:  31 batch:  30 region_loss:  10.0 10.0 loc_loss:  0.4315984344482422 reward_loss:  -21.579923629760742
epoch:  31 batch:  40 region_loss:  10.0 10.0 loc_loss:  0.5366555404663086 reward_loss:  -26.83277702331543
epoch:  31 batch:  50 region_loss:  10.0 10.0 loc_loss:  0.4323469924926758 reward_loss:  -21.617351531982422
epoch:  31 batch:  60 region_loss:  10.0 10.0 loc_loss:  0.44127628326416013 reward_loss:  -22.063814163208008
epoch:  31 batch:  70 region_loss:  10.0 10.0 loc_loss:  0.4499924087524414 reward_loss:  -22.499618530273438
epoch:  31 batch:  80 region_loss:  10.0 10.0 loc_loss:  0.4834055709838867 reward_loss:  -24.17027473449707
epoch:  31 batch:  90 region_loss:  6.0 6.0 loc_loss:  0.2959128952026367 reward_loss:  -14.795646667480469
epoch:  31 batch:  100 region_loss:  8.0 8.0 loc_loss:  0.34572246551513675 reward_loss:  -17.286121368408203
epoch:  31 batch:  110 region_loss:  4.0 4.0 loc_loss:  0.18552753448486328 reward_loss:  -9.276375770568848
epoch:  31 batch:  120 region_loss:  5.0 5.0 loc_loss:  0.20710180282592774 reward_loss:  -10.355091094970703
epoch:  31 batch:  130 region_loss:  7.0 7.0 loc_loss:  0.32667911529541016 reward_loss:  -16.333955764770508
acc@1:  0.12041392285983067
epoch: 31 region loss 0.17051094890510948 loc loss 0.3814568997125556 reward loss -19.072845895795055
epoch:  32 batch:  0 region_loss:  10.0 10.0 loc_loss:  0.4070568084716797 reward_loss:  -20.352840423583984
epoch:  32 batch:  10 region_loss:  10.0 10.0 loc_loss:  0.4483039474487305 reward_loss:  -22.415199279785156
epoch:  32 batch:  20 region_loss:  10.0 10.0 loc_loss:  0.41816303253173825 reward_loss:  -20.908151626586914
epoch:  32 batch:  30 region_loss:  10.0 10.0 loc_loss:  0.4113519287109375 reward_loss:  -20.56760025024414
epoch:  32 batch:  40 region_loss:  10.0 10.0 loc_loss:  0.5145040512084961 reward_loss:  -25.725202560424805
epoch:  32 batch:  50 region_loss:  10.0 10.0 loc_loss:  0.4126692581176758 reward_loss:  -20.63346290588379
epoch:  32 batch:  60 region_loss:  10.0 10.0 loc_loss:  0.4191750717163086 reward_loss:  -20.958749771118164
epoch:  32 batch:  70 region_loss:  10.0 10.0 loc_loss:  0.43082408905029296 reward_loss:  -21.54120445251465
epoch:  32 batch:  80 region_loss:  10.0 10.0 loc_loss:  0.4593364715576172 reward_loss:  -22.96682357788086
epoch:  32 batch:  90 region_loss:  6.0 6.0 loc_loss:  0.28055515289306643 reward_loss:  -14.02775764465332
epoch:  32 batch:  100 region_loss:  8.0 8.0 loc_loss:  0.32893253326416017 reward_loss:  -16.446626663208008
epoch:  32 batch:  110 region_loss:  4.0 4.0 loc_loss:  0.1745331573486328 reward_loss:  -8.726656913757324
epoch:  32 batch:  120 region_loss:  5.0 5.0 loc_loss:  0.19545068740844726 reward_loss:  -9.772533416748047
epoch:  32 batch:  130 region_loss:  7.0 7.0 loc_loss:  0.309401741027832 reward_loss:  -15.470085144042969
acc@1:  0.11994355597365945
epoch: 32 region loss 0.17051094890510948 loc loss 0.36375562942811174 reward loss -18.187780087881716
epoch:  33 batch:  0 region_loss:  10.0 10.0 loc_loss:  0.38673393249511717 reward_loss:  -19.336698532104492
epoch:  33 batch:  10 region_loss:  10.0 10.0 loc_loss:  0.427453498840332 reward_loss:  -21.372676849365234
epoch:  33 batch:  20 region_loss:  10.0 10.0 loc_loss:  0.4014839935302734 reward_loss:  -20.074201583862305
epoch:  33 batch:  30 region_loss:  10.0 10.0 loc_loss:  0.3916671371459961 reward_loss:  -19.583356857299805
epoch:  33 batch:  40 region_loss:  10.0 10.0 loc_loss:  0.49285499572753905 reward_loss:  -24.642749786376953
epoch:  33 batch:  50 region_loss:  10.0 10.0 loc_loss:  0.39346797943115236 reward_loss:  -19.67340087890625
epoch:  33 batch:  60 region_loss:  10.0 10.0 loc_loss:  0.39785545349121093 reward_loss:  -19.89277458190918
epoch:  33 batch:  70 region_loss:  10.0 10.0 loc_loss:  0.4120100784301758 reward_loss:  -20.600502014160156
epoch:  33 batch:  80 region_loss:  10.0 10.0 loc_loss:  0.43605331420898436 reward_loss:  -21.80266761779785
epoch:  33 batch:  90 region_loss:  6.0 6.0 loc_loss:  0.26577205657958985 reward_loss:  -13.288604736328125
epoch:  33 batch:  100 region_loss:  8.0 8.0 loc_loss:  0.3126433563232422 reward_loss:  -15.63216781616211
epoch:  33 batch:  110 region_loss:  4.0 4.0 loc_loss:  0.16387720108032228 reward_loss:  -8.193859100341797
epoch:  33 batch:  120 region_loss:  5.0 5.0 loc_loss:  0.18421695709228517 reward_loss:  -9.210847854614258
epoch:  33 batch:  130 region_loss:  7.0 7.0 loc_loss:  0.2927307891845703 reward_loss:  -14.636537551879883
acc@1:  0.11994355597365945
epoch: 33 region loss 0.17051094890510948 loc loss 0.34664815944476723 reward loss -17.332408713598323
epoch:  34 batch:  0 region_loss:  10.0 10.0 loc_loss:  0.3670902633666992 reward_loss:  -18.35451316833496
epoch:  34 batch:  10 region_loss:  10.0 10.0 loc_loss:  0.4072745895385742 reward_loss:  -20.363727569580078
epoch:  34 batch:  20 region_loss:  10.0 10.0 loc_loss:  0.3851021957397461 reward_loss:  -19.255111694335938
epoch:  34 batch:  30 region_loss:  10.0 10.0 loc_loss:  0.3726895523071289 reward_loss:  -18.634475708007812
epoch:  34 batch:  40 region_loss:  10.0 10.0 loc_loss:  0.471711311340332 reward_loss:  -23.5855655670166
epoch:  34 batch:  50 region_loss:  10.0 10.0 loc_loss:  0.3747758483886719 reward_loss:  -18.738792419433594
epoch:  34 batch:  60 region_loss:  10.0 10.0 loc_loss:  0.37725597381591797 reward_loss:  -18.86280059814453
epoch:  34 batch:  70 region_loss:  10.0 10.0 loc_loss:  0.39381561279296873 reward_loss:  -19.69078254699707
epoch:  34 batch:  80 region_loss:  10.0 10.0 loc_loss:  0.4133355712890625 reward_loss:  -20.66677474975586
epoch:  34 batch:  90 region_loss:  6.0 6.0 loc_loss:  0.2512468147277832 reward_loss:  -12.56234073638916
epoch:  34 batch:  100 region_loss:  8.0 8.0 loc_loss:  0.2968415641784668 reward_loss:  -14.84207820892334
epoch:  34 batch:  110 region_loss:  4.0 4.0 loc_loss:  0.1537109661102295 reward_loss:  -7.685547351837158
epoch:  34 batch:  120 region_loss:  5.0 5.0 loc_loss:  0.17338111877441406 reward_loss:  -8.66905689239502
epoch:  34 batch:  130 region_loss:  7.0 7.0 loc_loss:  0.27647037506103517 reward_loss:  -13.823519706726074
acc@1:  0.1180620884289746
epoch: 34 region loss 0.17051094890510948 loc loss 0.33002431469242066 reward loss -16.501218031792746
epoch:  35 batch:  0 region_loss:  10.0 10.0 loc_loss:  0.34811862945556643 reward_loss:  -17.405929565429688
epoch:  35 batch:  10 region_loss:  10.0 10.0 loc_loss:  0.3875585174560547 reward_loss:  -19.3779239654541
epoch:  35 batch:  20 region_loss:  10.0 10.0 loc_loss:  0.36924243927001954 reward_loss:  -18.462121963500977
epoch:  35 batch:  30 region_loss:  10.0 10.0 loc_loss:  0.3542764663696289 reward_loss:  -17.713825225830078
epoch:  35 batch:  40 region_loss:  10.0 10.0 loc_loss:  0.4509737014770508 reward_loss:  -22.548683166503906
epoch:  35 batch:  50 region_loss:  10.0 10.0 loc_loss:  0.35657920837402346 reward_loss:  -17.828960418701172
epoch:  35 batch:  60 region_loss:  10.0 10.0 loc_loss:  0.35734115600585936 reward_loss:  -17.86705780029297
epoch:  35 batch:  70 region_loss:  10.0 10.0 loc_loss:  0.37611297607421873 reward_loss:  -18.80565071105957
epoch:  35 batch:  80 region_loss:  10.0 10.0 loc_loss:  0.39127967834472654 reward_loss:  -19.563983917236328
epoch:  35 batch:  90 region_loss:  6.0 6.0 loc_loss:  0.23728748321533202 reward_loss:  -11.864374160766602
epoch:  35 batch:  100 region_loss:  8.0 8.0 loc_loss:  0.2815165710449219 reward_loss:  -14.075828552246094
epoch:  35 batch:  110 region_loss:  4.0 4.0 loc_loss:  0.14389998435974122 reward_loss:  -7.194999694824219
epoch:  35 batch:  120 region_loss:  5.0 5.0 loc_loss:  0.16300174713134766 reward_loss:  -8.150087356567383
epoch:  35 batch:  130 region_loss:  7.0 7.0 loc_loss:  0.2608173751831055 reward_loss:  -13.040868759155273
acc@1:  0.11571025399811853
epoch: 35 region loss 0.17051094890510948 loc loss 0.31393159351209654 reward loss -15.69657811283195
epoch:  36 batch:  0 region_loss:  10.0 10.0 loc_loss:  0.3298021697998047 reward_loss:  -16.490108489990234
epoch:  36 batch:  10 region_loss:  10.0 10.0 loc_loss:  0.3683563232421875 reward_loss:  -18.417816162109375
epoch:  36 batch:  20 region_loss:  10.0 10.0 loc_loss:  0.3536048889160156 reward_loss:  -17.680246353149414
epoch:  36 batch:  30 region_loss:  10.0 10.0 loc_loss:  0.3364732360839844 reward_loss:  -16.823659896850586
epoch:  36 batch:  40 region_loss:  10.0 10.0 loc_loss:  0.4307684326171875 reward_loss:  -21.538423538208008
epoch:  36 batch:  50 region_loss:  10.0 10.0 loc_loss:  0.33884220123291015 reward_loss:  -16.942110061645508
epoch:  36 batch:  60 region_loss:  10.0 10.0 loc_loss:  0.33807159423828126 reward_loss:  -16.903575897216797
epoch:  36 batch:  70 region_loss:  10.0 10.0 loc_loss:  0.35890846252441405 reward_loss:  -17.945425033569336
epoch:  36 batch:  80 region_loss:  10.0 10.0 loc_loss:  0.3698902130126953 reward_loss:  -18.494510650634766
epoch:  36 batch:  90 region_loss:  6.0 6.0 loc_loss:  0.22361373901367188 reward_loss:  -11.180688858032227
epoch:  36 batch:  100 region_loss:  8.0 8.0 loc_loss:  0.26673255920410155 reward_loss:  -13.336627006530762
epoch:  36 batch:  110 region_loss:  4.0 4.0 loc_loss:  0.13458531379699706 reward_loss:  -6.729265213012695
epoch:  36 batch:  120 region_loss:  5.0 5.0 loc_loss:  0.15305896759033202 reward_loss:  -7.65294885635376
epoch:  36 batch:  130 region_loss:  7.0 7.0 loc_loss:  0.2456681251525879 reward_loss:  -12.283407211303711
acc@1:  0.11571025399811853
epoch: 36 region loss 0.17051094890510948 loc loss 0.29830428967510697 reward loss -14.915215014541236
epoch:  37 batch:  0 region_loss:  10.0 10.0 loc_loss:  0.312159423828125 reward_loss:  -15.607969284057617
epoch:  37 batch:  10 region_loss:  10.0 10.0 loc_loss:  0.34978992462158204 reward_loss:  -17.489498138427734
epoch:  37 batch:  20 region_loss:  10.0 10.0 loc_loss:  0.3386814117431641 reward_loss:  -16.934072494506836
epoch:  37 batch:  30 region_loss:  10.0 10.0 loc_loss:  0.3191921615600586 reward_loss:  -15.95960807800293
epoch:  37 batch:  40 region_loss:  10.0 10.0 loc_loss:  0.41096832275390627 reward_loss:  -20.54841423034668
epoch:  37 batch:  50 region_loss:  10.0 10.0 loc_loss:  0.3215740203857422 reward_loss:  -16.078699111938477
epoch:  37 batch:  60 region_loss:  10.0 10.0 loc_loss:  0.319553108215332 reward_loss:  -15.977657318115234
epoch:  37 batch:  70 region_loss:  10.0 10.0 loc_loss:  0.3420403289794922 reward_loss:  -17.102018356323242
epoch:  37 batch:  80 region_loss:  10.0 10.0 loc_loss:  0.34928375244140625 reward_loss:  -17.464187622070312
epoch:  37 batch:  90 region_loss:  6.0 6.0 loc_loss:  0.21040300369262696 reward_loss:  -10.520149230957031
epoch:  37 batch:  100 region_loss:  8.0 8.0 loc_loss:  0.2523519134521484 reward_loss:  -12.617596626281738
epoch:  37 batch:  110 region_loss:  4.0 4.0 loc_loss:  0.12560423851013183 reward_loss:  -6.280213356018066
epoch:  37 batch:  120 region_loss:  5.0 5.0 loc_loss:  0.14340607643127443 reward_loss:  -7.170304775238037
epoch:  37 batch:  130 region_loss:  7.0 7.0 loc_loss:  0.23112909317016603 reward_loss:  -11.556455612182617
acc@1:  0.11241768579492004
epoch: 37 region loss 0.17051094890510948 loc loss 0.2832306394611832 reward loss -14.161533465350631
epoch:  38 batch:  0 region_loss:  10.0 10.0 loc_loss:  0.2951931381225586 reward_loss:  -14.75965690612793
epoch:  38 batch:  10 region_loss:  10.0 10.0 loc_loss:  0.33167640686035155 reward_loss:  -16.583824157714844
epoch:  38 batch:  20 region_loss:  10.0 10.0 loc_loss:  0.3238604736328125 reward_loss:  -16.193023681640625
epoch:  38 batch:  30 region_loss:  10.0 10.0 loc_loss:  0.30251010894775393 reward_loss:  -15.125507354736328
epoch:  38 batch:  40 region_loss:  10.0 10.0 loc_loss:  0.3917314910888672 reward_loss:  -19.586572647094727
epoch:  38 batch:  50 region_loss:  10.0 10.0 loc_loss:  0.3047265434265137 reward_loss:  -15.236327171325684
epoch:  38 batch:  60 region_loss:  10.0 10.0 loc_loss:  0.30149158477783206 reward_loss:  -15.074579238891602
epoch:  38 batch:  70 region_loss:  10.0 10.0 loc_loss:  0.32582839965820315 reward_loss:  -16.291419982910156
epoch:  38 batch:  80 region_loss:  10.0 10.0 loc_loss:  0.32915191650390624 reward_loss:  -16.45759391784668
epoch:  38 batch:  90 region_loss:  6.0 6.0 loc_loss:  0.1976051902770996 reward_loss:  -9.880260467529297
epoch:  38 batch:  100 region_loss:  8.0 8.0 loc_loss:  0.23888029098510744 reward_loss:  -11.944012641906738
epoch:  38 batch:  110 region_loss:  4.0 4.0 loc_loss:  0.1171122932434082 reward_loss:  -5.855616092681885
epoch:  38 batch:  120 region_loss:  5.0 5.0 loc_loss:  0.134356107711792 reward_loss:  -6.717804908752441
epoch:  38 batch:  130 region_loss:  7.0 7.0 loc_loss:  0.21693790435791016 reward_loss:  -10.846894264221191
acc@1:  0.11335841956726246
epoch: 38 region loss 0.17051094890510948 loc loss 0.2686732900751768 reward loss -13.433665239897957
epoch:  39 batch:  0 region_loss:  10.0 10.0 loc_loss:  0.27933908462524415 reward_loss:  -13.96695613861084
epoch:  39 batch:  10 region_loss:  10.0 10.0 loc_loss:  0.3141039848327637 reward_loss:  -15.705198287963867
epoch:  39 batch:  20 region_loss:  10.0 10.0 loc_loss:  0.31073579788208006 reward_loss:  -15.536789894104004
epoch:  39 batch:  30 region_loss:  10.0 10.0 loc_loss:  0.28640085220336914 reward_loss:  -14.32004165649414
epoch:  39 batch:  40 region_loss:  10.0 10.0 loc_loss:  0.372913703918457 reward_loss:  -18.64568519592285
epoch:  39 batch:  50 region_loss:  10.0 10.0 loc_loss:  0.2888237762451172 reward_loss:  -14.44118881225586
epoch:  39 batch:  60 region_loss:  10.0 10.0 loc_loss:  0.2845034408569336 reward_loss:  -14.225177764892578
epoch:  39 batch:  70 region_loss:  10.0 10.0 loc_loss:  0.3097500228881836 reward_loss:  -15.487502098083496
epoch:  39 batch:  80 region_loss:  10.0 10.0 loc_loss:  0.3100194549560547 reward_loss:  -15.500974655151367
epoch:  39 batch:  90 region_loss:  6.0 6.0 loc_loss:  0.18532794952392578 reward_loss:  -9.266404151916504
epoch:  39 batch:  100 region_loss:  8.0 8.0 loc_loss:  0.22504718780517577 reward_loss:  -11.252359390258789
epoch:  39 batch:  110 region_loss:  4.0 4.0 loc_loss:  0.1089427661895752 reward_loss:  -5.447137832641602
epoch:  39 batch:  120 region_loss:  5.0 5.0 loc_loss:  0.1254684066772461 reward_loss:  -6.273420810699463
epoch:  39 batch:  130 region_loss:  7.0 7.0 loc_loss:  0.20363718032836914 reward_loss:  -10.18185806274414
acc@1:  0.11053621825023519
epoch: 39 region loss 0.17051094890510948 loc loss 0.2547541060760944 reward loss -12.73770580761624
epoch:  40 batch:  0 region_loss:  10.0 10.0 loc_loss:  0.2642993927001953 reward_loss:  -13.214969635009766
epoch:  40 batch:  10 region_loss:  10.0 10.0 loc_loss:  0.29716657638549804 reward_loss:  -14.85832691192627
epoch:  40 batch:  20 region_loss:  10.0 10.0 loc_loss:  0.29771980285644534 reward_loss:  -14.885990142822266
epoch:  40 batch:  30 region_loss:  10.0 10.0 loc_loss:  0.27080615997314456 reward_loss:  -13.540307998657227
epoch:  40 batch:  40 region_loss:  10.0 10.0 loc_loss:  0.35478939056396486 reward_loss:  -17.73946762084961
epoch:  40 batch:  50 region_loss:  10.0 10.0 loc_loss:  0.27290523529052735 reward_loss:  -13.645261764526367
epoch:  40 batch:  60 region_loss:  10.0 10.0 loc_loss:  0.2675910949707031 reward_loss:  -13.37955379486084
epoch:  40 batch:  70 region_loss:  10.0 10.0 loc_loss:  0.29459587097167966 reward_loss:  -14.729791641235352
epoch:  40 batch:  80 region_loss:  10.0 10.0 loc_loss:  0.29138032913208006 reward_loss:  -14.569016456604004
epoch:  40 batch:  90 region_loss:  6.0 6.0 loc_loss:  0.17348291397094726 reward_loss:  -8.674144744873047
epoch:  40 batch:  100 region_loss:  8.0 8.0 loc_loss:  0.213311767578125 reward_loss:  -10.66558837890625
epoch:  40 batch:  110 region_loss:  4.0 4.0 loc_loss:  0.1013701057434082 reward_loss:  -5.068506717681885
epoch:  40 batch:  120 region_loss:  5.0 5.0 loc_loss:  0.11737577438354492 reward_loss:  -5.8687896728515625
epoch:  40 batch:  130 region_loss:  7.0 7.0 loc_loss:  0.1904061508178711 reward_loss:  -9.520307540893555
acc@1:  0.11241768579492004
epoch: 40 region loss 0.17051094890510948 loc loss 0.24135636042504416 reward loss -12.067816886588604
epoch:  41 batch:  0 region_loss:  10.0 10.0 loc_loss:  0.2503078842163086 reward_loss:  -12.515395164489746
epoch:  41 batch:  10 region_loss:  10.0 10.0 loc_loss:  0.280722599029541 reward_loss:  -14.036128997802734
epoch:  41 batch:  20 region_loss:  10.0 10.0 loc_loss:  0.2879537773132324 reward_loss:  -14.397689819335938
epoch:  41 batch:  30 region_loss:  10.0 10.0 loc_loss:  0.2558401489257813 reward_loss:  -12.792007446289062
epoch:  41 batch:  40 region_loss:  10.0 10.0 loc_loss:  0.33695331573486326 reward_loss:  -16.84766387939453
epoch:  41 batch:  50 region_loss:  10.0 10.0 loc_loss:  0.25828071594238283 reward_loss:  -12.914036750793457
epoch:  41 batch:  60 region_loss:  10.0 10.0 loc_loss:  0.2521505928039551 reward_loss:  -12.607528686523438
epoch:  41 batch:  70 region_loss:  10.0 10.0 loc_loss:  0.2792219352722168 reward_loss:  -13.961097717285156
epoch:  41 batch:  80 region_loss:  10.0 10.0 loc_loss:  0.27384090423583984 reward_loss:  -13.692045211791992
epoch:  41 batch:  90 region_loss:  6.0 6.0 loc_loss:  0.16226951599121095 reward_loss:  -8.113475799560547
epoch:  41 batch:  100 region_loss:  8.0 8.0 loc_loss:  0.19976039886474609 reward_loss:  -9.988019943237305
epoch:  41 batch:  110 region_loss:  4.0 4.0 loc_loss:  0.093939208984375 reward_loss:  -4.696960926055908
epoch:  41 batch:  120 region_loss:  5.0 5.0 loc_loss:  0.10921856880187988 reward_loss:  -5.460927963256836
epoch:  41 batch:  130 region_loss:  7.0 7.0 loc_loss:  0.17853134155273437 reward_loss:  -8.926566123962402
acc@1:  0.10912511759172154
epoch: 41 region loss 0.17051094890510948 loc loss 0.22848408796491412 reward loss -11.42420455313077
epoch:  42 batch:  0 region_loss:  10.0 10.0 loc_loss:  0.235098876953125 reward_loss:  -11.75494384765625
epoch:  42 batch:  10 region_loss:  10.0 10.0 loc_loss:  0.26501079559326174 reward_loss:  -13.250537872314453
epoch:  42 batch:  20 region_loss:  10.0 10.0 loc_loss:  0.2753883743286133 reward_loss:  -13.769417762756348
epoch:  42 batch:  30 region_loss:  10.0 10.0 loc_loss:  0.24138967514038087 reward_loss:  -12.06948471069336
epoch:  42 batch:  40 region_loss:  10.0 10.0 loc_loss:  0.3201973342895508 reward_loss:  -16.00986671447754
epoch:  42 batch:  50 region_loss:  10.0 10.0 loc_loss:  0.24373640060424806 reward_loss:  -12.186820983886719
epoch:  42 batch:  60 region_loss:  10.0 10.0 loc_loss:  0.23647039413452148 reward_loss:  -11.823518753051758
epoch:  42 batch:  70 region_loss:  10.0 10.0 loc_loss:  0.26514736175537107 reward_loss:  -13.257368087768555
epoch:  42 batch:  80 region_loss:  10.0 10.0 loc_loss:  0.25679065704345705 reward_loss:  -12.839532852172852
epoch:  42 batch:  90 region_loss:  6.0 6.0 loc_loss:  0.15136669158935548 reward_loss:  -7.568335056304932
epoch:  42 batch:  100 region_loss:  8.0 8.0 loc_loss:  0.18974349975585938 reward_loss:  -9.487175941467285
epoch:  42 batch:  110 region_loss:  4.0 4.0 loc_loss:  0.08719724655151367 reward_loss:  -4.359862327575684
epoch:  42 batch:  120 region_loss:  5.0 5.0 loc_loss:  0.10204950332641602 reward_loss:  -5.102475166320801
epoch:  42 batch:  130 region_loss:  7.0 7.0 loc_loss:  0.1662236785888672 reward_loss:  -8.311182975769043
acc@1:  0.1077140169332079
epoch: 42 region loss 0.17051094890510948 loc loss 0.2160075961064248 reward loss -10.800379862750534
epoch:  43 batch:  0 region_loss:  10.0 10.0 loc_loss:  0.22128332138061524 reward_loss:  -11.064166069030762
epoch:  43 batch:  10 region_loss:  10.0 10.0 loc_loss:  0.24963253021240234 reward_loss:  -12.481626510620117
epoch:  43 batch:  20 region_loss:  10.0 10.0 loc_loss:  0.2637229156494141 reward_loss:  -13.186145782470703
epoch:  43 batch:  30 region_loss:  10.0 10.0 loc_loss:  0.22765298843383788 reward_loss:  -11.382650375366211
epoch:  43 batch:  40 region_loss:  10.0 10.0 loc_loss:  0.3035875701904297 reward_loss:  -15.179378509521484
epoch:  43 batch:  50 region_loss:  10.0 10.0 loc_loss:  0.23091068267822265 reward_loss:  -11.545534133911133
epoch:  43 batch:  60 region_loss:  10.0 10.0 loc_loss:  0.22236982345581055 reward_loss:  -11.118491172790527
epoch:  43 batch:  70 region_loss:  10.0 10.0 loc_loss:  0.2507133865356445 reward_loss:  -12.535667419433594
epoch:  43 batch:  80 region_loss:  10.0 10.0 loc_loss:  0.2410605812072754 reward_loss:  -12.05302906036377
epoch:  43 batch:  90 region_loss:  6.0 6.0 loc_loss:  0.1411474609375 reward_loss:  -7.057372570037842
epoch:  43 batch:  100 region_loss:  8.0 8.0 loc_loss:  0.17663455963134767 reward_loss:  -8.831727027893066
epoch:  43 batch:  110 region_loss:  4.0 4.0 loc_loss:  0.08058269500732422 reward_loss:  -4.029134273529053
epoch:  43 batch:  120 region_loss:  5.0 5.0 loc_loss:  0.09477849960327149 reward_loss:  -4.738924980163574
epoch:  43 batch:  130 region_loss:  7.0 7.0 loc_loss:  0.1557222557067871 reward_loss:  -7.786114692687988
acc@1:  0.10724365004703669
epoch: 43 region loss 0.17051094890510948 loc loss 0.2040303321128344 reward loss -10.201516957178603
epoch:  44 batch:  0 region_loss:  10.0 10.0 loc_loss:  0.2075563430786133 reward_loss:  -10.377816200256348
epoch:  44 batch:  10 region_loss:  10.0 10.0 loc_loss:  0.23522525787353515 reward_loss:  -11.761252403259277
epoch:  44 batch:  20 region_loss:  10.0 10.0 loc_loss:  0.2506902313232422 reward_loss:  -12.534509658813477
epoch:  44 batch:  30 region_loss:  10.0 10.0 loc_loss:  0.21441200256347656 reward_loss:  -10.720599174499512
epoch:  44 batch:  40 region_loss:  10.0 10.0 loc_loss:  0.28834487915039064 reward_loss:  -14.417243957519531
epoch:  44 batch:  50 region_loss:  10.0 10.0 loc_loss:  0.21902172088623048 reward_loss:  -10.95108699798584
epoch:  44 batch:  60 region_loss:  10.0 10.0 loc_loss:  0.20814760208129882 reward_loss:  -10.407381057739258
epoch:  44 batch:  70 region_loss:  10.0 10.0 loc_loss:  0.23762821197509765 reward_loss:  -11.881412506103516
epoch:  44 batch:  80 region_loss:  10.0 10.0 loc_loss:  0.2253980827331543 reward_loss:  -11.269905090332031
epoch:  44 batch:  90 region_loss:  6.0 6.0 loc_loss:  0.13132851600646972 reward_loss:  -6.566427230834961
epoch:  44 batch:  100 region_loss:  8.0 8.0 loc_loss:  0.16788877487182619 reward_loss:  -8.394438743591309
epoch:  44 batch:  110 region_loss:  4.0 4.0 loc_loss:  0.07461046218872071 reward_loss:  -3.7305238246917725
epoch:  44 batch:  120 region_loss:  5.0 5.0 loc_loss:  0.08837756156921386 reward_loss:  -4.418878555297852
epoch:  44 batch:  130 region_loss:  7.0 7.0 loc_loss:  0.14450617790222167 reward_loss:  -7.225309371948242
acc@1:  0.10724365004703669
epoch: 44 region loss 0.17051094890510948 loc loss 0.19249915028140493 reward loss -9.624957156007307
epoch:  45 batch:  0 region_loss:  10.0 10.0 loc_loss:  0.19522903442382813 reward_loss:  -9.76145076751709
epoch:  45 batch:  10 region_loss:  10.0 10.0 loc_loss:  0.2211775779724121 reward_loss:  -11.058880805969238
epoch:  45 batch:  20 region_loss:  10.0 10.0 loc_loss:  0.23727138519287108 reward_loss:  -11.863568305969238
epoch:  45 batch:  30 region_loss:  10.0 10.0 loc_loss:  0.20201231002807618 reward_loss:  -10.100614547729492
epoch:  45 batch:  40 region_loss:  10.0 10.0 loc_loss:  0.27280029296875 reward_loss:  -13.6400146484375
epoch:  45 batch:  50 region_loss:  10.0 10.0 loc_loss:  0.20717863082885743 reward_loss:  -10.358931541442871
epoch:  45 batch:  60 region_loss:  10.0 10.0 loc_loss:  0.19532695770263672 reward_loss:  -9.766348838806152
epoch:  45 batch:  70 region_loss:  10.0 10.0 loc_loss:  0.22421485900878907 reward_loss:  -11.210747718811035
epoch:  45 batch:  80 region_loss:  10.0 10.0 loc_loss:  0.2111322784423828 reward_loss:  -10.55661392211914
epoch:  45 batch:  90 region_loss:  6.0 6.0 loc_loss:  0.12215919494628906 reward_loss:  -6.1079583168029785
epoch:  45 batch:  100 region_loss:  8.0 8.0 loc_loss:  0.15564332962036131 reward_loss:  -7.782167434692383
epoch:  45 batch:  110 region_loss:  4.0 4.0 loc_loss:  0.06878756999969482 reward_loss:  -3.439378261566162
epoch:  45 batch:  120 region_loss:  5.0 5.0 loc_loss:  0.0820526123046875 reward_loss:  -4.102630615234375
epoch:  45 batch:  130 region_loss:  7.0 7.0 loc_loss:  0.13532503128051757 reward_loss:  -6.766246795654297
acc@1:  0.1077140169332079
epoch: 45 region loss 0.17051094890510948 loc loss 0.1814948298809302 reward loss -9.074739214277615
epoch:  46 batch:  0 region_loss:  10.0 10.0 loc_loss:  0.18302032470703125 reward_loss:  -9.151018142700195
epoch:  46 batch:  10 region_loss:  10.0 10.0 loc_loss:  0.20778972625732423 reward_loss:  -10.389486312866211
epoch:  46 batch:  20 region_loss:  10.0 10.0 loc_loss:  0.22487064361572265 reward_loss:  -11.24353313446045
epoch:  46 batch:  30 region_loss:  10.0 10.0 loc_loss:  0.19004539489746095 reward_loss:  -9.502269744873047
epoch:  46 batch:  40 region_loss:  10.0 10.0 loc_loss:  0.25842502593994143 reward_loss:  -12.921250343322754
epoch:  46 batch:  50 region_loss:  10.0 10.0 loc_loss:  0.19549171447753907 reward_loss:  -9.774584770202637
epoch:  46 batch:  60 region_loss:  10.0 10.0 loc_loss:  0.1824338912963867 reward_loss:  -9.121692657470703
epoch:  46 batch:  70 region_loss:  10.0 10.0 loc_loss:  0.21197864532470703 reward_loss:  -10.598945617675781
epoch:  46 batch:  80 region_loss:  10.0 10.0 loc_loss:  0.19692277908325195 reward_loss:  -9.846138000488281
epoch:  46 batch:  90 region_loss:  6.0 6.0 loc_loss:  0.11340171813964844 reward_loss:  -5.670086860656738
epoch:  46 batch:  100 region_loss:  8.0 8.0 loc_loss:  0.1477524757385254 reward_loss:  -7.387624263763428
epoch:  46 batch:  110 region_loss:  4.0 4.0 loc_loss:  0.06346413612365723 reward_loss:  -3.1732068061828613
epoch:  46 batch:  120 region_loss:  5.0 5.0 loc_loss:  0.07641209602355957 reward_loss:  -3.8206043243408203
epoch:  46 batch:  130 region_loss:  7.0 7.0 loc_loss:  0.1253633213043213 reward_loss:  -6.268166542053223
acc@1:  0.1039510818438382
epoch: 46 region loss 0.17051094890510948 loc loss 0.17090016092697197 reward loss -8.545010840805778
epoch:  47 batch:  0 region_loss:  10.0 10.0 loc_loss:  0.1719352912902832 reward_loss:  -8.596749305725098
epoch:  47 batch:  10 region_loss:  10.0 10.0 loc_loss:  0.1949699592590332 reward_loss:  -9.748496055603027
epoch:  47 batch:  20 region_loss:  10.0 10.0 loc_loss:  0.2134372329711914 reward_loss:  -10.671860694885254
epoch:  47 batch:  30 region_loss:  10.0 10.0 loc_loss:  0.1790555191040039 reward_loss:  -8.952775955200195
epoch:  47 batch:  40 region_loss:  10.0 10.0 loc_loss:  0.24349512100219728 reward_loss:  -12.17475414276123
epoch:  47 batch:  50 region_loss:  10.0 10.0 loc_loss:  0.1837157440185547 reward_loss:  -9.185787200927734
epoch:  47 batch:  60 region_loss:  10.0 10.0 loc_loss:  0.17098630905151369 reward_loss:  -8.549314498901367
epoch:  47 batch:  70 region_loss:  10.0 10.0 loc_loss:  0.19968442916870116 reward_loss:  -9.984220504760742
epoch:  47 batch:  80 region_loss:  10.0 10.0 loc_loss:  0.18416154861450196 reward_loss:  -9.208076477050781
epoch:  47 batch:  90 region_loss:  6.0 6.0 loc_loss:  0.10536057472229005 reward_loss:  -5.268028259277344
epoch:  47 batch:  100 region_loss:  8.0 8.0 loc_loss:  0.1369011878967285 reward_loss:  -6.845058441162109
epoch:  47 batch:  110 region_loss:  4.0 4.0 loc_loss:  0.058421697616577145 reward_loss:  -2.921084403991699
epoch:  47 batch:  120 region_loss:  5.0 5.0 loc_loss:  0.07092096328735352 reward_loss:  -3.546048164367676
epoch:  47 batch:  130 region_loss:  7.0 7.0 loc_loss:  0.11725469589233399 reward_loss:  -5.862733840942383
acc@1:  0.10536218250235184
epoch: 47 region loss 0.17051094890510948 loc loss 0.16090714844473958 reward loss -8.045353823769702
epoch:  48 batch:  0 region_loss:  10.0 10.0 loc_loss:  0.16107818603515625 reward_loss:  -8.053909301757812
epoch:  48 batch:  10 region_loss:  10.0 10.0 loc_loss:  0.1826985549926758 reward_loss:  -9.134926795959473
epoch:  48 batch:  20 region_loss:  10.0 10.0 loc_loss:  0.20251873016357422 reward_loss:  -10.125937461853027
epoch:  48 batch:  30 region_loss:  10.0 10.0 loc_loss:  0.1679014205932617 reward_loss:  -8.395071029663086
epoch:  48 batch:  40 region_loss:  10.0 10.0 loc_loss:  0.22991310119628905 reward_loss:  -11.495655059814453
epoch:  48 batch:  50 region_loss:  10.0 10.0 loc_loss:  0.17286502838134765 reward_loss:  -8.6432523727417
epoch:  48 batch:  60 region_loss:  10.0 10.0 loc_loss:  0.1593517017364502 reward_loss:  -7.967584609985352
epoch:  48 batch:  70 region_loss:  10.0 10.0 loc_loss:  0.1882341957092285 reward_loss:  -9.411709785461426
epoch:  48 batch:  80 region_loss:  10.0 10.0 loc_loss:  0.1715144157409668 reward_loss:  -8.57572078704834
epoch:  48 batch:  90 region_loss:  6.0 6.0 loc_loss:  0.09759751319885254 reward_loss:  -4.879875659942627
epoch:  48 batch:  100 region_loss:  8.0 8.0 loc_loss:  0.129539852142334 reward_loss:  -6.476992607116699
epoch:  48 batch:  110 region_loss:  4.0 4.0 loc_loss:  0.05376220703125 reward_loss:  -2.6881165504455566
epoch:  48 batch:  120 region_loss:  5.0 5.0 loc_loss:  0.0659889554977417 reward_loss:  -3.299447536468506
epoch:  48 batch:  130 region_loss:  7.0 7.0 loc_loss:  0.10849493980407715 reward_loss:  -5.424746513366699
acc@1:  0.10018814675446848
epoch: 48 region loss 0.17051094890510948 loc loss 0.15132759028977721 reward loss -7.566372215747833
epoch:  49 batch:  0 region_loss:  10.0 10.0 loc_loss:  0.15109880447387694 reward_loss:  -7.554940700531006
epoch:  49 batch:  10 region_loss:  10.0 10.0 loc_loss:  0.17102203369140626 reward_loss:  -8.551101684570312
epoch:  49 batch:  20 region_loss:  10.0 10.0 loc_loss:  0.19244390487670898 reward_loss:  -9.622193336486816
epoch:  49 batch:  30 region_loss:  10.0 10.0 loc_loss:  0.15748924255371094 reward_loss:  -7.874462604522705
epoch:  49 batch:  40 region_loss:  10.0 10.0 loc_loss:  0.2159242057800293 reward_loss:  -10.796210289001465
epoch:  49 batch:  50 region_loss:  10.0 10.0 loc_loss:  0.1628020477294922 reward_loss:  -8.140101432800293
epoch:  49 batch:  60 region_loss:  10.0 10.0 loc_loss:  0.14935684204101562 reward_loss:  -7.467842102050781
epoch:  49 batch:  70 region_loss:  10.0 10.0 loc_loss:  0.17718105316162108 reward_loss:  -8.859051704406738
epoch:  49 batch:  80 region_loss:  10.0 10.0 loc_loss:  0.16006267547607422 reward_loss:  -8.003129959106445
epoch:  49 batch:  90 region_loss:  6.0 6.0 loc_loss:  0.09055063247680664 reward_loss:  -4.527531623840332
epoch:  49 batch:  100 region_loss:  8.0 8.0 loc_loss:  0.12031275749206544 reward_loss:  -6.015637397766113
epoch:  49 batch:  110 region_loss:  4.0 4.0 loc_loss:  0.04938242912292481 reward_loss:  -2.4691214561462402
epoch:  49 batch:  120 region_loss:  5.0 5.0 loc_loss:  0.06130640983581543 reward_loss:  -3.0653204917907715
epoch:  49 batch:  130 region_loss:  7.0 7.0 loc_loss:  0.10134178161621094 reward_loss:  -5.067089557647705
acc@1:  0.1006585136406397
epoch: 49 region loss 0.17051094890510948 loc loss 0.14232026385564875 reward loss -7.116013314167079
