0
cuda
epoch:  0 batch:  0 region_loss:  10.0 10.0 loc_loss:  1.9838973999023437 reward_loss:  -99.19471740722656
epoch:  0 batch:  10 region_loss:  10.0 10.0 loc_loss:  1.9833267211914063 reward_loss:  -99.1657943725586
epoch:  0 batch:  20 region_loss:  10.0 10.0 loc_loss:  1.9791983032226563 reward_loss:  -98.95976257324219
epoch:  0 batch:  30 region_loss:  10.0 10.0 loc_loss:  1.9842518615722655 reward_loss:  -99.21145629882812
epoch:  0 batch:  40 region_loss:  10.0 10.0 loc_loss:  1.9941207885742187 reward_loss:  -99.70610046386719
epoch:  0 batch:  50 region_loss:  10.0 10.0 loc_loss:  1.9888442993164062 reward_loss:  -99.44339752197266
epoch:  0 batch:  60 region_loss:  10.0 10.0 loc_loss:  1.9795466613769532 reward_loss:  -98.97915649414062
epoch:  0 batch:  70 region_loss:  10.0 10.0 loc_loss:  1.9812535095214843 reward_loss:  -99.06253051757812
epoch:  0 batch:  80 region_loss:  10.0 10.0 loc_loss:  1.9875987243652344 reward_loss:  -99.37901306152344
epoch:  0 batch:  90 region_loss:  6.0 6.0 loc_loss:  1.1805190277099609 reward_loss:  -59.025474548339844
epoch:  0 batch:  100 region_loss:  8.0 8.0 loc_loss:  1.5735955810546876 reward_loss:  -78.67953491210938
epoch:  0 batch:  110 region_loss:  4.0 4.0 loc_loss:  0.7877403259277344 reward_loss:  -39.387332916259766
epoch:  0 batch:  120 region_loss:  5.0 5.0 loc_loss:  0.9810554504394531 reward_loss:  -49.051517486572266
epoch:  0 batch:  130 region_loss:  7.0 7.0 loc_loss:  1.3723370361328124 reward_loss:  -68.61676025390625
acc@1:  0.0051740357478833494
epoch: 0 region loss 0.17051094890510948 loc loss 1.6866645729454766 reward loss -84.33323171016944
epoch:  1 batch:  0 region_loss:  10.0 10.0 loc_loss:  1.908585662841797 reward_loss:  -95.43040466308594
epoch:  1 batch:  10 region_loss:  10.0 10.0 loc_loss:  1.9284385681152343 reward_loss:  -96.42207336425781
epoch:  1 batch:  20 region_loss:  10.0 10.0 loc_loss:  1.9073599243164063 reward_loss:  -95.3678207397461
epoch:  1 batch:  30 region_loss:  10.0 10.0 loc_loss:  1.9194825744628907 reward_loss:  -95.97415924072266
epoch:  1 batch:  40 region_loss:  10.0 10.0 loc_loss:  1.9203955078125 reward_loss:  -96.01979064941406
epoch:  1 batch:  50 region_loss:  10.0 10.0 loc_loss:  1.90894287109375 reward_loss:  -95.44576263427734
epoch:  1 batch:  60 region_loss:  10.0 10.0 loc_loss:  1.881913604736328 reward_loss:  -94.09550476074219
epoch:  1 batch:  70 region_loss:  10.0 10.0 loc_loss:  1.8713694763183595 reward_loss:  -93.5685043334961
epoch:  1 batch:  80 region_loss:  10.0 10.0 loc_loss:  1.8554975891113281 reward_loss:  -92.7750015258789
epoch:  1 batch:  90 region_loss:  6.0 6.0 loc_loss:  1.0973812866210937 reward_loss:  -54.869014739990234
epoch:  1 batch:  100 region_loss:  8.0 8.0 loc_loss:  1.4481611633300782 reward_loss:  -72.40831756591797
epoch:  1 batch:  110 region_loss:  4.0 4.0 loc_loss:  0.7329165649414062 reward_loss:  -36.645477294921875
epoch:  1 batch:  120 region_loss:  5.0 5.0 loc_loss:  0.9026278686523438 reward_loss:  -45.13174819946289
epoch:  1 batch:  130 region_loss:  7.0 7.0 loc_loss:  1.2536880493164062 reward_loss:  -62.684852600097656
acc@1:  0.023047977422389464
epoch: 1 region loss 0.17051094890510948 loc loss 1.596218853692939 reward loss -79.8109923035559
epoch:  2 batch:  0 region_loss:  10.0 10.0 loc_loss:  1.7331468200683593 reward_loss:  -86.6586685180664
epoch:  2 batch:  10 region_loss:  10.0 10.0 loc_loss:  1.7381231689453125 reward_loss:  -86.906005859375
epoch:  2 batch:  20 region_loss:  10.0 10.0 loc_loss:  1.7107086181640625 reward_loss:  -85.53719329833984
epoch:  2 batch:  30 region_loss:  10.0 10.0 loc_loss:  1.7593382263183595 reward_loss:  -87.96674346923828
epoch:  2 batch:  40 region_loss:  10.0 10.0 loc_loss:  1.7340533447265625 reward_loss:  -86.70326232910156
epoch:  2 batch:  50 region_loss:  10.0 10.0 loc_loss:  1.7765721130371093 reward_loss:  -88.82775115966797
epoch:  2 batch:  60 region_loss:  10.0 10.0 loc_loss:  1.7403594970703125 reward_loss:  -87.01819610595703
epoch:  2 batch:  70 region_loss:  10.0 10.0 loc_loss:  1.7475262451171876 reward_loss:  -87.37553405761719
epoch:  2 batch:  80 region_loss:  10.0 10.0 loc_loss:  1.7280020141601562 reward_loss:  -86.4004135131836
epoch:  2 batch:  90 region_loss:  6.0 6.0 loc_loss:  1.0335025024414062 reward_loss:  -51.67469787597656
epoch:  2 batch:  100 region_loss:  8.0 8.0 loc_loss:  1.37299072265625 reward_loss:  -68.64966583251953
epoch:  2 batch:  110 region_loss:  4.0 4.0 loc_loss:  0.6992003631591797 reward_loss:  -34.95907974243164
epoch:  2 batch:  120 region_loss:  5.0 5.0 loc_loss:  0.8652142333984375 reward_loss:  -43.260345458984375
epoch:  2 batch:  130 region_loss:  7.0 7.0 loc_loss:  1.2045447540283203 reward_loss:  -60.226806640625
acc@1:  0.03057384760112888
epoch: 2 region loss 0.17051094890510948 loc loss 1.471711810592317 reward loss -73.58562500111378
epoch:  3 batch:  0 region_loss:  10.0 10.0 loc_loss:  1.677144775390625 reward_loss:  -83.85735321044922
epoch:  3 batch:  10 region_loss:  10.0 10.0 loc_loss:  1.673800048828125 reward_loss:  -83.68890380859375
epoch:  3 batch:  20 region_loss:  10.0 10.0 loc_loss:  1.6286404418945313 reward_loss:  -81.43251037597656
epoch:  3 batch:  30 region_loss:  10.0 10.0 loc_loss:  1.691695098876953 reward_loss:  -84.58428192138672
epoch:  3 batch:  40 region_loss:  10.0 10.0 loc_loss:  1.6604623413085937 reward_loss:  -83.02375793457031
epoch:  3 batch:  50 region_loss:  10.0 10.0 loc_loss:  1.7065274047851562 reward_loss:  -85.32626342773438
epoch:  3 batch:  60 region_loss:  10.0 10.0 loc_loss:  1.6769871520996094 reward_loss:  -83.84889221191406
epoch:  3 batch:  70 region_loss:  10.0 10.0 loc_loss:  1.6808456420898437 reward_loss:  -84.04204559326172
epoch:  3 batch:  80 region_loss:  10.0 10.0 loc_loss:  1.6701551818847655 reward_loss:  -83.50689697265625
epoch:  3 batch:  90 region_loss:  6.0 6.0 loc_loss:  1.0014254760742187 reward_loss:  -50.07132339477539
epoch:  3 batch:  100 region_loss:  8.0 8.0 loc_loss:  1.3288597106933593 reward_loss:  -66.44344329833984
epoch:  3 batch:  110 region_loss:  4.0 4.0 loc_loss:  0.6796261596679688 reward_loss:  -33.98125457763672
epoch:  3 batch:  120 region_loss:  5.0 5.0 loc_loss:  0.8411894226074219 reward_loss:  -42.05916976928711
epoch:  3 batch:  130 region_loss:  7.0 7.0 loc_loss:  1.1724639129638672 reward_loss:  -58.62371063232422
acc@1:  0.039040451552210725
epoch: 3 region loss 0.17051094890510948 loc loss 1.4142516655469464 reward loss -70.71258923607151
epoch:  4 batch:  0 region_loss:  10.0 10.0 loc_loss:  1.6327650451660156 reward_loss:  -81.6386947631836
epoch:  4 batch:  10 region_loss:  10.0 10.0 loc_loss:  1.6315049743652343 reward_loss:  -81.57540893554688
epoch:  4 batch:  20 region_loss:  10.0 10.0 loc_loss:  1.5679603576660157 reward_loss:  -78.39848327636719
epoch:  4 batch:  30 region_loss:  10.0 10.0 loc_loss:  1.6397410583496095 reward_loss:  -81.98760986328125
epoch:  4 batch:  40 region_loss:  10.0 10.0 loc_loss:  1.6052418518066407 reward_loss:  -80.2613296508789
epoch:  4 batch:  50 region_loss:  10.0 10.0 loc_loss:  1.6481788635253907 reward_loss:  -82.4092025756836
epoch:  4 batch:  60 region_loss:  10.0 10.0 loc_loss:  1.624571533203125 reward_loss:  -81.2287368774414
epoch:  4 batch:  70 region_loss:  10.0 10.0 loc_loss:  1.6233552551269532 reward_loss:  -81.1684799194336
epoch:  4 batch:  80 region_loss:  10.0 10.0 loc_loss:  1.6198631286621095 reward_loss:  -80.99347686767578
epoch:  4 batch:  90 region_loss:  6.0 6.0 loc_loss:  0.9729962158203125 reward_loss:  -48.65070343017578
epoch:  4 batch:  100 region_loss:  8.0 8.0 loc_loss:  1.2866497802734376 reward_loss:  -64.33235931396484
epoch:  4 batch:  110 region_loss:  4.0 4.0 loc_loss:  0.662088623046875 reward_loss:  -33.104095458984375
epoch:  4 batch:  120 region_loss:  5.0 5.0 loc_loss:  0.8170725250244141 reward_loss:  -40.85414123535156
epoch:  4 batch:  130 region_loss:  7.0 7.0 loc_loss:  1.1409178924560548 reward_loss:  -57.045448303222656
acc@1:  0.05079962370649106
epoch: 4 region loss 0.17051094890510948 loc loss 1.3671433970875984 reward loss -68.35718444490085
epoch:  5 batch:  0 region_loss:  10.0 10.0 loc_loss:  1.584693145751953 reward_loss:  -79.23509979248047
epoch:  5 batch:  10 region_loss:  10.0 10.0 loc_loss:  1.5871919250488282 reward_loss:  -79.35993194580078
epoch:  5 batch:  20 region_loss:  10.0 10.0 loc_loss:  1.507047119140625 reward_loss:  -75.35287475585938
epoch:  5 batch:  30 region_loss:  10.0 10.0 loc_loss:  1.5865493774414063 reward_loss:  -79.32827758789062
epoch:  5 batch:  40 region_loss:  10.0 10.0 loc_loss:  1.5510678100585937 reward_loss:  -77.55404663085938
epoch:  5 batch:  50 region_loss:  10.0 10.0 loc_loss:  1.58971923828125 reward_loss:  -79.48661041259766
epoch:  5 batch:  60 region_loss:  10.0 10.0 loc_loss:  1.5711927795410157 reward_loss:  -78.55986022949219
epoch:  5 batch:  70 region_loss:  10.0 10.0 loc_loss:  1.5643211364746095 reward_loss:  -78.21617126464844
epoch:  5 batch:  80 region_loss:  10.0 10.0 loc_loss:  1.5677574157714844 reward_loss:  -78.3880615234375
epoch:  5 batch:  90 region_loss:  6.0 6.0 loc_loss:  0.944054183959961 reward_loss:  -47.20209503173828
epoch:  5 batch:  100 region_loss:  8.0 8.0 loc_loss:  1.241509017944336 reward_loss:  -62.075984954833984
epoch:  5 batch:  110 region_loss:  4.0 4.0 loc_loss:  0.6441094970703125 reward_loss:  -32.20531463623047
epoch:  5 batch:  120 region_loss:  5.0 5.0 loc_loss:  0.7910951232910156 reward_loss:  -39.55512237548828
epoch:  5 batch:  130 region_loss:  7.0 7.0 loc_loss:  1.1073318481445313 reward_loss:  -55.36703109741211
acc@1:  0.06444026340545625
epoch: 5 region loss 0.17051094890510948 loc loss 1.3193009389055907 reward loss -65.96512937893833
epoch:  6 batch:  0 region_loss:  10.0 10.0 loc_loss:  1.5311317443847656 reward_loss:  -76.55565643310547
epoch:  6 batch:  10 region_loss:  10.0 10.0 loc_loss:  1.5376692199707032 reward_loss:  -76.88369750976562
epoch:  6 batch:  20 region_loss:  10.0 10.0 loc_loss:  1.4417523193359374 reward_loss:  -72.08751678466797
epoch:  6 batch:  30 region_loss:  10.0 10.0 loc_loss:  1.5288868713378907 reward_loss:  -76.44481658935547
epoch:  6 batch:  40 region_loss:  10.0 10.0 loc_loss:  1.494486083984375 reward_loss:  -74.7247085571289
epoch:  6 batch:  50 region_loss:  10.0 10.0 loc_loss:  1.5274885559082032 reward_loss:  -76.37439727783203
epoch:  6 batch:  60 region_loss:  10.0 10.0 loc_loss:  1.514122314453125 reward_loss:  -75.70532989501953
epoch:  6 batch:  70 region_loss:  10.0 10.0 loc_loss:  1.50129638671875 reward_loss:  -75.06411743164062
epoch:  6 batch:  80 region_loss:  10.0 10.0 loc_loss:  1.5119941711425782 reward_loss:  -75.59991455078125
epoch:  6 batch:  90 region_loss:  6.0 6.0 loc_loss:  0.9135260009765624 reward_loss:  -45.676177978515625
epoch:  6 batch:  100 region_loss:  8.0 8.0 loc_loss:  1.1928330993652343 reward_loss:  -59.64155197143555
epoch:  6 batch:  110 region_loss:  4.0 4.0 loc_loss:  0.6255772018432617 reward_loss:  -31.279069900512695
epoch:  6 batch:  120 region_loss:  5.0 5.0 loc_loss:  0.7629918670654297 reward_loss:  -38.149566650390625
epoch:  6 batch:  130 region_loss:  7.0 7.0 loc_loss:  1.0708413696289063 reward_loss:  -53.5420036315918
acc@1:  0.07808090310442145
epoch: 6 region loss 0.17051094890510948 loc loss 1.268339644661785 reward loss -63.416937041456684
epoch:  7 batch:  0 region_loss:  10.0 10.0 loc_loss:  1.471715087890625 reward_loss:  -73.58567810058594
epoch:  7 batch:  10 region_loss:  10.0 10.0 loc_loss:  1.482722625732422 reward_loss:  -74.13574981689453
epoch:  7 batch:  20 region_loss:  10.0 10.0 loc_loss:  1.371712646484375 reward_loss:  -68.58546447753906
epoch:  7 batch:  30 region_loss:  10.0 10.0 loc_loss:  1.4664157104492188 reward_loss:  -73.32166290283203
epoch:  7 batch:  40 region_loss:  10.0 10.0 loc_loss:  1.436815185546875 reward_loss:  -71.84075164794922
epoch:  7 batch:  50 region_loss:  10.0 10.0 loc_loss:  1.4595750427246095 reward_loss:  -72.97895050048828
epoch:  7 batch:  60 region_loss:  10.0 10.0 loc_loss:  1.4532296752929688 reward_loss:  -72.66136932373047
epoch:  7 batch:  70 region_loss:  10.0 10.0 loc_loss:  1.4334490966796876 reward_loss:  -71.67240905761719
epoch:  7 batch:  80 region_loss:  10.0 10.0 loc_loss:  1.4529685974121094 reward_loss:  -72.64860534667969
epoch:  7 batch:  90 region_loss:  6.0 6.0 loc_loss:  0.8813209533691406 reward_loss:  -44.06683349609375
epoch:  7 batch:  100 region_loss:  8.0 8.0 loc_loss:  1.140215835571289 reward_loss:  -57.010704040527344
epoch:  7 batch:  110 region_loss:  4.0 4.0 loc_loss:  0.6055291366577148 reward_loss:  -30.27639389038086
epoch:  7 batch:  120 region_loss:  5.0 5.0 loc_loss:  0.7324188995361328 reward_loss:  -36.62113571166992
epoch:  7 batch:  130 region_loss:  7.0 7.0 loc_loss:  1.0316891479492187 reward_loss:  -51.584468841552734
acc@1:  0.08984007525870179
epoch: 7 region loss 0.17051094890510948 loc loss 1.2140418847633974 reward loss -60.70209191315366
epoch:  8 batch:  0 region_loss:  10.0 10.0 loc_loss:  1.4065765380859374 reward_loss:  -70.32862854003906
epoch:  8 batch:  10 region_loss:  10.0 10.0 loc_loss:  1.422381134033203 reward_loss:  -71.11915588378906
epoch:  8 batch:  20 region_loss:  10.0 10.0 loc_loss:  1.2980039978027345 reward_loss:  -64.90010833740234
epoch:  8 batch:  30 region_loss:  10.0 10.0 loc_loss:  1.399296875 reward_loss:  -69.9654312133789
epoch:  8 batch:  40 region_loss:  10.0 10.0 loc_loss:  1.3785520935058593 reward_loss:  -68.92806243896484
epoch:  8 batch:  50 region_loss:  10.0 10.0 loc_loss:  1.3869461059570312 reward_loss:  -69.34676361083984
epoch:  8 batch:  60 region_loss:  10.0 10.0 loc_loss:  1.3887016296386718 reward_loss:  -69.43498992919922
epoch:  8 batch:  70 region_loss:  10.0 10.0 loc_loss:  1.36204833984375 reward_loss:  -68.10269927978516
epoch:  8 batch:  80 region_loss:  10.0 10.0 loc_loss:  1.3911454772949219 reward_loss:  -69.55716705322266
epoch:  8 batch:  90 region_loss:  6.0 6.0 loc_loss:  0.8478157806396485 reward_loss:  -42.39044952392578
epoch:  8 batch:  100 region_loss:  8.0 8.0 loc_loss:  1.0848096466064454 reward_loss:  -54.24029541015625
epoch:  8 batch:  110 region_loss:  4.0 4.0 loc_loss:  0.5848820114135742 reward_loss:  -29.244192123413086
epoch:  8 batch:  120 region_loss:  5.0 5.0 loc_loss:  0.7001593780517578 reward_loss:  -35.008296966552734
epoch:  8 batch:  130 region_loss:  7.0 7.0 loc_loss:  0.9906826782226562 reward_loss:  -49.53402328491211
acc@1:  0.10348071495766697
epoch: 8 region loss 0.17051094890510948 loc loss 1.1572713331236455 reward loss -57.863581761826566
epoch:  9 batch:  0 region_loss:  10.0 10.0 loc_loss:  1.3371067810058594 reward_loss:  -66.8550796508789
epoch:  9 batch:  10 region_loss:  10.0 10.0 loc_loss:  1.357924041748047 reward_loss:  -67.89603424072266
epoch:  9 batch:  20 region_loss:  10.0 10.0 loc_loss:  1.2248775482177734 reward_loss:  -61.24290466308594
epoch:  9 batch:  30 region_loss:  10.0 10.0 loc_loss:  1.3288812255859375 reward_loss:  -66.44450378417969
epoch:  9 batch:  40 region_loss:  10.0 10.0 loc_loss:  1.3208456420898438 reward_loss:  -66.04203796386719
epoch:  9 batch:  50 region_loss:  10.0 10.0 loc_loss:  1.3111599731445311 reward_loss:  -65.55772399902344
epoch:  9 batch:  60 region_loss:  10.0 10.0 loc_loss:  1.3228318786621094 reward_loss:  -66.14139556884766
epoch:  9 batch:  70 region_loss:  10.0 10.0 loc_loss:  1.2887625122070312 reward_loss:  -64.43807220458984
epoch:  9 batch:  80 region_loss:  10.0 10.0 loc_loss:  1.32875 reward_loss:  -66.43733215332031
epoch:  9 batch:  90 region_loss:  6.0 6.0 loc_loss:  0.8134508514404297 reward_loss:  -40.67263412475586
epoch:  9 batch:  100 region_loss:  8.0 8.0 loc_loss:  1.0276816558837891 reward_loss:  -51.38413619995117
epoch:  9 batch:  110 region_loss:  4.0 4.0 loc_loss:  0.5632551956176758 reward_loss:  -28.16238784790039
epoch:  9 batch:  120 region_loss:  5.0 5.0 loc_loss:  0.6668788909912109 reward_loss:  -33.344085693359375
epoch:  9 batch:  130 region_loss:  7.0 7.0 loc_loss:  0.9484249114990234 reward_loss:  -47.42106246948242
acc@1:  0.11853245531514581
epoch: 9 region loss 0.17051094890510948 loc loss 1.0993732555417248 reward loss -54.9686289320897
epoch:  10 batch:  0 region_loss:  10.0 10.0 loc_loss:  1.26541259765625 reward_loss:  -63.27067565917969
epoch:  10 batch:  10 region_loss:  10.0 10.0 loc_loss:  1.2904100036621093 reward_loss:  -64.52010345458984
epoch:  10 batch:  20 region_loss:  10.0 10.0 loc_loss:  1.1530472564697265 reward_loss:  -57.65201187133789
epoch:  10 batch:  30 region_loss:  10.0 10.0 loc_loss:  1.2563235473632812 reward_loss:  -62.816253662109375
epoch:  10 batch:  40 region_loss:  10.0 10.0 loc_loss:  1.2633351135253905 reward_loss:  -63.16688537597656
epoch:  10 batch:  50 region_loss:  10.0 10.0 loc_loss:  1.2332306671142579 reward_loss:  -61.661529541015625
epoch:  10 batch:  60 region_loss:  10.0 10.0 loc_loss:  1.2567130279541017 reward_loss:  -62.83544921875
epoch:  10 batch:  70 region_loss:  10.0 10.0 loc_loss:  1.2158015441894532 reward_loss:  -60.79047775268555
epoch:  10 batch:  80 region_loss:  10.0 10.0 loc_loss:  1.267565460205078 reward_loss:  -63.37792205810547
epoch:  10 batch:  90 region_loss:  6.0 6.0 loc_loss:  0.7785943603515625 reward_loss:  -38.92933654785156
epoch:  10 batch:  100 region_loss:  8.0 8.0 loc_loss:  0.9708842468261719 reward_loss:  -48.54439926147461
epoch:  10 batch:  110 region_loss:  4.0 4.0 loc_loss:  0.5406179046630859 reward_loss:  -27.030887603759766
epoch:  10 batch:  120 region_loss:  5.0 5.0 loc_loss:  0.6330398941040039 reward_loss:  -31.65186882019043
epoch:  10 batch:  130 region_loss:  7.0 7.0 loc_loss:  0.9055805206298828 reward_loss:  -45.27878952026367
acc@1:  0.12652869238005646
epoch: 10 region loss 0.17051094890510948 loc loss 1.0417329181197785 reward loss -52.08658482906592
epoch:  11 batch:  0 region_loss:  10.0 10.0 loc_loss:  1.1933309936523437 reward_loss:  -59.666343688964844
epoch:  11 batch:  10 region_loss:  10.0 10.0 loc_loss:  1.2225477600097656 reward_loss:  -61.1271858215332
epoch:  11 batch:  20 region_loss:  10.0 10.0 loc_loss:  1.0838807678222657 reward_loss:  -54.193946838378906
epoch:  11 batch:  30 region_loss:  10.0 10.0 loc_loss:  1.1833729553222656 reward_loss:  -59.168365478515625
epoch:  11 batch:  40 region_loss:  10.0 10.0 loc_loss:  1.2063397979736328 reward_loss:  -60.31707000732422
epoch:  11 batch:  50 region_loss:  10.0 10.0 loc_loss:  1.155888214111328 reward_loss:  -57.794334411621094
epoch:  11 batch:  60 region_loss:  10.0 10.0 loc_loss:  1.1919480895996093 reward_loss:  -59.59735107421875
epoch:  11 batch:  70 region_loss:  10.0 10.0 loc_loss:  1.1456233215332032 reward_loss:  -57.28160858154297
epoch:  11 batch:  80 region_loss:  10.0 10.0 loc_loss:  1.2092728424072265 reward_loss:  -60.46349334716797
epoch:  11 batch:  90 region_loss:  6.0 6.0 loc_loss:  0.7440313720703124 reward_loss:  -37.201473236083984
epoch:  11 batch:  100 region_loss:  8.0 8.0 loc_loss:  0.916286849975586 reward_loss:  -45.813114166259766
epoch:  11 batch:  110 region_loss:  4.0 4.0 loc_loss:  0.5176206207275391 reward_loss:  -25.881277084350586
epoch:  11 batch:  120 region_loss:  5.0 5.0 loc_loss:  0.5999155426025391 reward_loss:  -29.996299743652344
epoch:  11 batch:  130 region_loss:  7.0 7.0 loc_loss:  0.8630501556396485 reward_loss:  -43.152530670166016
acc@1:  0.1349952963311383
epoch: 11 region loss 0.17051094890510948 loc loss 0.985661028284226 reward loss -49.28307889673832
epoch:  12 batch:  0 region_loss:  10.0 10.0 loc_loss:  1.122168655395508 reward_loss:  -56.10868453979492
epoch:  12 batch:  10 region_loss:  10.0 10.0 loc_loss:  1.1563421630859374 reward_loss:  -57.81675720214844
epoch:  12 batch:  20 region_loss:  10.0 10.0 loc_loss:  1.018399200439453 reward_loss:  -50.91926574707031
epoch:  12 batch:  30 region_loss:  10.0 10.0 loc_loss:  1.1119450378417968 reward_loss:  -55.59727478027344
epoch:  12 batch:  40 region_loss:  10.0 10.0 loc_loss:  1.1510110473632813 reward_loss:  -57.55070877075195
epoch:  12 batch:  50 region_loss:  10.0 10.0 loc_loss:  1.081334686279297 reward_loss:  -54.066810607910156
epoch:  12 batch:  60 region_loss:  10.0 10.0 loc_loss:  1.1295062255859376 reward_loss:  -56.47576141357422
epoch:  12 batch:  70 region_loss:  10.0 10.0 loc_loss:  1.079665069580078 reward_loss:  -53.982906341552734
epoch:  12 batch:  80 region_loss:  10.0 10.0 loc_loss:  1.1535609436035157 reward_loss:  -57.67809295654297
epoch:  12 batch:  90 region_loss:  6.0 6.0 loc_loss:  0.7097674560546875 reward_loss:  -35.48830795288086
epoch:  12 batch:  100 region_loss:  8.0 8.0 loc_loss:  0.8642692565917969 reward_loss:  -43.21329116821289
epoch:  12 batch:  110 region_loss:  4.0 4.0 loc_loss:  0.4944695281982422 reward_loss:  -24.72365951538086
epoch:  12 batch:  120 region_loss:  5.0 5.0 loc_loss:  0.5675305938720703 reward_loss:  -28.376373291015625
epoch:  12 batch:  130 region_loss:  7.0 7.0 loc_loss:  0.8219340515136718 reward_loss:  -41.0969123840332
acc@1:  0.14111006585136407
epoch: 12 region loss 0.17051094890510948 loc loss 0.9320728672333877 reward loss -46.60363156952127
epoch:  13 batch:  0 region_loss:  10.0 10.0 loc_loss:  1.055048599243164 reward_loss:  -52.75292205810547
epoch:  13 batch:  10 region_loss:  10.0 10.0 loc_loss:  1.0931736755371093 reward_loss:  -54.65940856933594
epoch:  13 batch:  20 region_loss:  10.0 10.0 loc_loss:  0.9575067138671876 reward_loss:  -47.87565612792969
epoch:  13 batch:  30 region_loss:  10.0 10.0 loc_loss:  1.0430624389648437 reward_loss:  -52.15362548828125
epoch:  13 batch:  40 region_loss:  10.0 10.0 loc_loss:  1.0980448150634765 reward_loss:  -54.9020881652832
epoch:  13 batch:  50 region_loss:  10.0 10.0 loc_loss:  1.0122525787353516 reward_loss:  -50.612667083740234
epoch:  13 batch:  60 region_loss:  10.0 10.0 loc_loss:  1.0699327850341798 reward_loss:  -53.49681091308594
epoch:  13 batch:  70 region_loss:  10.0 10.0 loc_loss:  1.0184432983398437 reward_loss:  -50.92189407348633
epoch:  13 batch:  80 region_loss:  10.0 10.0 loc_loss:  1.100638427734375 reward_loss:  -55.032073974609375
epoch:  13 batch:  90 region_loss:  6.0 6.0 loc_loss:  0.6768374633789063 reward_loss:  -33.84186935424805
epoch:  13 batch:  100 region_loss:  8.0 8.0 loc_loss:  0.8161592102050781 reward_loss:  -40.80857467651367
epoch:  13 batch:  110 region_loss:  4.0 4.0 loc_loss:  0.47171672821044924 reward_loss:  -23.58570671081543
epoch:  13 batch:  120 region_loss:  5.0 5.0 loc_loss:  0.5366443252563476 reward_loss:  -26.832073211669922
epoch:  13 batch:  130 region_loss:  7.0 7.0 loc_loss:  0.7823120880126954 reward_loss:  -39.11549377441406
acc@1:  0.1425211665098777
epoch: 13 region loss 0.17051094890510948 loc loss 0.8817953413246322 reward loss -44.08979620550671
epoch:  14 batch:  0 region_loss:  10.0 10.0 loc_loss:  0.9931723022460938 reward_loss:  -49.65929412841797
epoch:  14 batch:  10 region_loss:  10.0 10.0 loc_loss:  1.0339104461669921 reward_loss:  -51.695560455322266
epoch:  14 batch:  20 region_loss:  10.0 10.0 loc_loss:  0.9009832763671874 reward_loss:  -45.04901123046875
epoch:  14 batch:  30 region_loss:  10.0 10.0 loc_loss:  0.9792813873291015 reward_loss:  -48.96369552612305
epoch:  14 batch:  40 region_loss:  10.0 10.0 loc_loss:  1.048133087158203 reward_loss:  -52.40656280517578
epoch:  14 batch:  50 region_loss:  10.0 10.0 loc_loss:  0.9500372314453125 reward_loss:  -47.50177001953125
epoch:  14 batch:  60 region_loss:  10.0 10.0 loc_loss:  1.014025650024414 reward_loss:  -50.701141357421875
epoch:  14 batch:  70 region_loss:  10.0 10.0 loc_loss:  0.9634263610839844 reward_loss:  -48.171390533447266
epoch:  14 batch:  80 region_loss:  10.0 10.0 loc_loss:  1.0500301361083983 reward_loss:  -52.50120544433594
epoch:  14 batch:  90 region_loss:  6.0 6.0 loc_loss:  0.6452920532226563 reward_loss:  -32.26414489746094
epoch:  14 batch:  100 region_loss:  8.0 8.0 loc_loss:  0.7722580718994141 reward_loss:  -38.613182067871094
epoch:  14 batch:  110 region_loss:  4.0 4.0 loc_loss:  0.4490634536743164 reward_loss:  -22.45343017578125
epoch:  14 batch:  120 region_loss:  5.0 5.0 loc_loss:  0.5075484848022461 reward_loss:  -25.377120971679688
epoch:  14 batch:  130 region_loss:  7.0 7.0 loc_loss:  0.7449446105957032 reward_loss:  -37.24736022949219
acc@1:  0.14487300094073377
epoch: 14 region loss 0.17051094890510948 loc loss 0.8351579785869069 reward loss -41.75790866100005
epoch:  15 batch:  0 region_loss:  10.0 10.0 loc_loss:  0.9369707489013672 reward_loss:  -46.84839630126953
epoch:  15 batch:  10 region_loss:  10.0 10.0 loc_loss:  0.9791634368896485 reward_loss:  -48.958343505859375
epoch:  15 batch:  20 region_loss:  10.0 10.0 loc_loss:  0.8514744567871094 reward_loss:  -42.57406997680664
epoch:  15 batch:  30 region_loss:  10.0 10.0 loc_loss:  0.9211641693115235 reward_loss:  -46.058773040771484
epoch:  15 batch:  40 region_loss:  10.0 10.0 loc_loss:  1.0019331359863282 reward_loss:  -50.09650421142578
epoch:  15 batch:  50 region_loss:  10.0 10.0 loc_loss:  0.8946446990966797 reward_loss:  -44.73175048828125
epoch:  15 batch:  60 region_loss:  10.0 10.0 loc_loss:  0.9619453430175782 reward_loss:  -48.09750747680664
epoch:  15 batch:  70 region_loss:  10.0 10.0 loc_loss:  0.9139728546142578 reward_loss:  -45.6984977722168
epoch:  15 batch:  80 region_loss:  10.0 10.0 loc_loss:  1.0017852783203125 reward_loss:  -50.089202880859375
epoch:  15 batch:  90 region_loss:  6.0 6.0 loc_loss:  0.6154074096679687 reward_loss:  -30.769447326660156
epoch:  15 batch:  100 region_loss:  8.0 8.0 loc_loss:  0.7323246002197266 reward_loss:  -36.615699768066406
epoch:  15 batch:  110 region_loss:  4.0 4.0 loc_loss:  0.4274594497680664 reward_loss:  -21.373062133789062
epoch:  15 batch:  120 region_loss:  5.0 5.0 loc_loss:  0.4804352188110352 reward_loss:  -24.022064208984375
epoch:  15 batch:  130 region_loss:  7.0 7.0 loc_loss:  0.7100800323486328 reward_loss:  -35.50397872924805
acc@1:  0.1462841015992474
epoch: 15 region loss 0.17051094890510948 loc loss 0.7922429384106268 reward loss -39.61213947212609
epoch:  16 batch:  0 region_loss:  10.0 10.0 loc_loss:  0.886236572265625 reward_loss:  -44.31182861328125
epoch:  16 batch:  10 region_loss:  10.0 10.0 loc_loss:  0.9288749694824219 reward_loss:  -46.44353103637695
epoch:  16 batch:  20 region_loss:  10.0 10.0 loc_loss:  0.8061170959472657 reward_loss:  -40.30614471435547
epoch:  16 batch:  30 region_loss:  10.0 10.0 loc_loss:  0.8691105651855469 reward_loss:  -43.45543670654297
epoch:  16 batch:  40 region_loss:  10.0 10.0 loc_loss:  0.9587101745605469 reward_loss:  -47.9355354309082
epoch:  16 batch:  50 region_loss:  10.0 10.0 loc_loss:  0.8450669860839843 reward_loss:  -42.25344467163086
epoch:  16 batch:  60 region_loss:  10.0 10.0 loc_loss:  0.9141776275634765 reward_loss:  -45.70884323120117
epoch:  16 batch:  70 region_loss:  10.0 10.0 loc_loss:  0.8685971069335937 reward_loss:  -43.43022155761719
epoch:  16 batch:  80 region_loss:  10.0 10.0 loc_loss:  0.9570124053955078 reward_loss:  -47.85020446777344
epoch:  16 batch:  90 region_loss:  6.0 6.0 loc_loss:  0.5876521682739257 reward_loss:  -29.382156372070312
epoch:  16 batch:  100 region_loss:  8.0 8.0 loc_loss:  0.6961021423339844 reward_loss:  -34.805789947509766
epoch:  16 batch:  110 region_loss:  4.0 4.0 loc_loss:  0.4071414566040039 reward_loss:  -20.357234954833984
epoch:  16 batch:  120 region_loss:  5.0 5.0 loc_loss:  0.4547299957275391 reward_loss:  -22.73652458190918
epoch:  16 batch:  130 region_loss:  7.0 7.0 loc_loss:  0.6767793273925782 reward_loss:  -33.83897399902344
acc@1:  0.145343367826905
epoch: 16 region loss 0.17051094890510948 loc loss 0.7528983262333557 reward loss -37.64493945045193
epoch:  17 batch:  0 region_loss:  10.0 10.0 loc_loss:  0.8402334594726563 reward_loss:  -42.011905670166016
epoch:  17 batch:  10 region_loss:  10.0 10.0 loc_loss:  0.8835662841796875 reward_loss:  -44.17829895019531
epoch:  17 batch:  20 region_loss:  10.0 10.0 loc_loss:  0.7665960693359375 reward_loss:  -38.3298454284668
epoch:  17 batch:  30 region_loss:  10.0 10.0 loc_loss:  0.8219488525390625 reward_loss:  -41.09741973876953
epoch:  17 batch:  40 region_loss:  10.0 10.0 loc_loss:  0.9198965454101562 reward_loss:  -45.9945068359375
epoch:  17 batch:  50 region_loss:  10.0 10.0 loc_loss:  0.8017496490478515 reward_loss:  -40.08727264404297
epoch:  17 batch:  60 region_loss:  10.0 10.0 loc_loss:  0.8683965301513672 reward_loss:  -43.42003631591797
epoch:  17 batch:  70 region_loss:  10.0 10.0 loc_loss:  0.8268712615966797 reward_loss:  -41.34401321411133
epoch:  17 batch:  80 region_loss:  10.0 10.0 loc_loss:  0.9145647430419922 reward_loss:  -45.72814178466797
epoch:  17 batch:  90 region_loss:  6.0 6.0 loc_loss:  0.5611824035644531 reward_loss:  -28.059127807617188
epoch:  17 batch:  100 region_loss:  8.0 8.0 loc_loss:  0.6631010437011718 reward_loss:  -33.15491485595703
epoch:  17 batch:  110 region_loss:  4.0 4.0 loc_loss:  0.38695362091064456 reward_loss:  -19.347763061523438
epoch:  17 batch:  120 region_loss:  5.0 5.0 loc_loss:  0.43082054138183595 reward_loss:  -21.541078567504883
epoch:  17 batch:  130 region_loss:  7.0 7.0 loc_loss:  0.6459922027587891 reward_loss:  -32.29946517944336
acc@1:  0.14346190028222014
epoch: 17 region loss 0.17051094890510948 loc loss 0.7167429014888123 reward loss -35.837095246697864
epoch:  18 batch:  0 region_loss:  10.0 10.0 loc_loss:  0.7982197570800781 reward_loss:  -39.91106033325195
epoch:  18 batch:  10 region_loss:  10.0 10.0 loc_loss:  0.8412128448486328 reward_loss:  -42.06124496459961
epoch:  18 batch:  20 region_loss:  10.0 10.0 loc_loss:  0.7307749938964844 reward_loss:  -36.53892517089844
epoch:  18 batch:  30 region_loss:  10.0 10.0 loc_loss:  0.7792371368408203 reward_loss:  -38.96230697631836
epoch:  18 batch:  40 region_loss:  10.0 10.0 loc_loss:  0.8836522674560547 reward_loss:  -44.18313980102539
epoch:  18 batch:  50 region_loss:  10.0 10.0 loc_loss:  0.7623237609863281 reward_loss:  -38.11594772338867
epoch:  18 batch:  60 region_loss:  10.0 10.0 loc_loss:  0.826435546875 reward_loss:  -41.322166442871094
epoch:  18 batch:  70 region_loss:  10.0 10.0 loc_loss:  0.7894345855712891 reward_loss:  -39.47151184082031
epoch:  18 batch:  80 region_loss:  10.0 10.0 loc_loss:  0.8747473907470703 reward_loss:  -43.737586975097656
epoch:  18 batch:  90 region_loss:  6.0 6.0 loc_loss:  0.5355007171630859 reward_loss:  -26.775318145751953
epoch:  18 batch:  100 region_loss:  8.0 8.0 loc_loss:  0.6333523941040039 reward_loss:  -31.66725730895996
epoch:  18 batch:  110 region_loss:  4.0 4.0 loc_loss:  0.3682734680175781 reward_loss:  -18.413646697998047
epoch:  18 batch:  120 region_loss:  5.0 5.0 loc_loss:  0.40875980377197263 reward_loss:  -20.438282012939453
epoch:  18 batch:  130 region_loss:  7.0 7.0 loc_loss:  0.6172095489501953 reward_loss:  -30.86043930053711
acc@1:  0.14393226716839136
epoch: 18 region loss 0.17051094890510948 loc loss 0.6833920963315198 reward loss -34.16958646008568
epoch:  19 batch:  0 region_loss:  10.0 10.0 loc_loss:  0.7598011779785157 reward_loss:  -37.98952102661133
epoch:  19 batch:  10 region_loss:  10.0 10.0 loc_loss:  0.8026334381103516 reward_loss:  -40.131629943847656
epoch:  19 batch:  20 region_loss:  10.0 10.0 loc_loss:  0.6993344116210938 reward_loss:  -34.96654510498047
epoch:  19 batch:  30 region_loss:  10.0 10.0 loc_loss:  0.7407904815673828 reward_loss:  -37.03973388671875
epoch:  19 batch:  40 region_loss:  10.0 10.0 loc_loss:  0.8492904663085937 reward_loss:  -42.46434783935547
epoch:  19 batch:  50 region_loss:  10.0 10.0 loc_loss:  0.7263299560546875 reward_loss:  -36.316253662109375
epoch:  19 batch:  60 region_loss:  10.0 10.0 loc_loss:  0.7863448333740234 reward_loss:  -39.317203521728516
epoch:  19 batch:  70 region_loss:  10.0 10.0 loc_loss:  0.75345703125 reward_loss:  -37.672698974609375
epoch:  19 batch:  80 region_loss:  10.0 10.0 loc_loss:  0.8371085357666016 reward_loss:  -41.8556022644043
epoch:  19 batch:  90 region_loss:  6.0 6.0 loc_loss:  0.5123464965820312 reward_loss:  -25.617450714111328
epoch:  19 batch:  100 region_loss:  8.0 8.0 loc_loss:  0.6050424194335937 reward_loss:  -30.252267837524414
epoch:  19 batch:  110 region_loss:  4.0 4.0 loc_loss:  0.3502214050292969 reward_loss:  -17.51128578186035
epoch:  19 batch:  120 region_loss:  5.0 5.0 loc_loss:  0.3873454666137695 reward_loss:  -19.36724281311035
epoch:  19 batch:  130 region_loss:  7.0 7.0 loc_loss:  0.5896971511840821 reward_loss:  -29.485126495361328
acc@1:  0.14346190028222014
epoch: 19 region loss 0.17051094890510948 loc loss 0.6524316041486976 reward loss -32.621588915804004
epoch:  20 batch:  0 region_loss:  10.0 10.0 loc_loss:  0.7236392974853516 reward_loss:  -36.18220138549805
epoch:  20 batch:  10 region_loss:  10.0 10.0 loc_loss:  0.767026138305664 reward_loss:  -38.35098648071289
epoch:  20 batch:  20 region_loss:  10.0 10.0 loc_loss:  0.6704788208007812 reward_loss:  -33.52413558959961
epoch:  20 batch:  30 region_loss:  10.0 10.0 loc_loss:  0.704308090209961 reward_loss:  -35.21539306640625
epoch:  20 batch:  40 region_loss:  10.0 10.0 loc_loss:  0.8176512908935547 reward_loss:  -40.8828010559082
epoch:  20 batch:  50 region_loss:  10.0 10.0 loc_loss:  0.6943955993652344 reward_loss:  -34.72037124633789
epoch:  20 batch:  60 region_loss:  10.0 10.0 loc_loss:  0.7485939025878906 reward_loss:  -37.429256439208984
epoch:  20 batch:  70 region_loss:  10.0 10.0 loc_loss:  0.7200801849365235 reward_loss:  -36.00445556640625
epoch:  20 batch:  80 region_loss:  10.0 10.0 loc_loss:  0.8012214660644531 reward_loss:  -40.060707092285156
epoch:  20 batch:  90 region_loss:  6.0 6.0 loc_loss:  0.489701042175293 reward_loss:  -24.485029220581055
epoch:  20 batch:  100 region_loss:  8.0 8.0 loc_loss:  0.5790037536621093 reward_loss:  -28.950183868408203
epoch:  20 batch:  110 region_loss:  4.0 4.0 loc_loss:  0.3331479263305664 reward_loss:  -16.657428741455078
epoch:  20 batch:  120 region_loss:  5.0 5.0 loc_loss:  0.3677891540527344 reward_loss:  -18.389156341552734
epoch:  20 batch:  130 region_loss:  7.0 7.0 loc_loss:  0.5636894226074218 reward_loss:  -28.184282302856445
acc@1:  0.14111006585136407
epoch: 20 region loss 0.17051094890510948 loc loss 0.6235930335608711 reward loss -31.179659537155263
epoch:  21 batch:  0 region_loss:  10.0 10.0 loc_loss:  0.6900396728515625 reward_loss:  -34.50153350830078
epoch:  21 batch:  10 region_loss:  10.0 10.0 loc_loss:  0.7329660797119141 reward_loss:  -36.648170471191406
epoch:  21 batch:  20 region_loss:  10.0 10.0 loc_loss:  0.6430586242675781 reward_loss:  -32.152801513671875
epoch:  21 batch:  30 region_loss:  10.0 10.0 loc_loss:  0.6705977630615234 reward_loss:  -33.52960968017578
epoch:  21 batch:  40 region_loss:  10.0 10.0 loc_loss:  0.7877008056640625 reward_loss:  -39.38503646850586
epoch:  21 batch:  50 region_loss:  10.0 10.0 loc_loss:  0.6639432525634765 reward_loss:  -33.19721603393555
epoch:  21 batch:  60 region_loss:  10.0 10.0 loc_loss:  0.7130718231201172 reward_loss:  -35.653106689453125
epoch:  21 batch:  70 region_loss:  10.0 10.0 loc_loss:  0.6891242218017578 reward_loss:  -34.4561882019043
epoch:  21 batch:  80 region_loss:  10.0 10.0 loc_loss:  0.7664615631103515 reward_loss:  -38.322669982910156
epoch:  21 batch:  90 region_loss:  6.0 6.0 loc_loss:  0.46823432922363284 reward_loss:  -23.41176986694336
epoch:  21 batch:  100 region_loss:  8.0 8.0 loc_loss:  0.5542252349853516 reward_loss:  -27.71135711669922
epoch:  21 batch:  110 region_loss:  4.0 4.0 loc_loss:  0.31689937591552736 reward_loss:  -15.844831466674805
epoch:  21 batch:  120 region_loss:  5.0 5.0 loc_loss:  0.34879119873046877 reward_loss:  -17.439373016357422
epoch:  21 batch:  130 region_loss:  7.0 7.0 loc_loss:  0.5388278961181641 reward_loss:  -26.94120979309082
acc@1:  0.138758231420508
epoch: 21 region loss 0.17051094890510948 loc loss 0.5963891160227086 reward loss -29.81945761798942
epoch:  22 batch:  0 region_loss:  10.0 10.0 loc_loss:  0.6588300323486328 reward_loss:  -32.94161605834961
epoch:  22 batch:  10 region_loss:  10.0 10.0 loc_loss:  0.7016627502441406 reward_loss:  -35.08310317993164
epoch:  22 batch:  20 region_loss:  10.0 10.0 loc_loss:  0.6187920761108399 reward_loss:  -30.93939208984375
epoch:  22 batch:  30 region_loss:  10.0 10.0 loc_loss:  0.6395491027832031 reward_loss:  -31.977458953857422
epoch:  22 batch:  40 region_loss:  10.0 10.0 loc_loss:  0.7585525512695312 reward_loss:  -37.9277229309082
epoch:  22 batch:  50 region_loss:  10.0 10.0 loc_loss:  0.6358871841430664 reward_loss:  -31.79433250427246
epoch:  22 batch:  60 region_loss:  10.0 10.0 loc_loss:  0.6799002075195313 reward_loss:  -33.99523162841797
epoch:  22 batch:  70 region_loss:  10.0 10.0 loc_loss:  0.6591466522216797 reward_loss:  -32.95691680908203
epoch:  22 batch:  80 region_loss:  10.0 10.0 loc_loss:  0.7336834716796875 reward_loss:  -36.68412399291992
epoch:  22 batch:  90 region_loss:  6.0 6.0 loc_loss:  0.44742156982421877 reward_loss:  -22.3710994720459
epoch:  22 batch:  100 region_loss:  8.0 8.0 loc_loss:  0.5304056549072266 reward_loss:  -26.520278930664062
epoch:  22 batch:  110 region_loss:  4.0 4.0 loc_loss:  0.3013774299621582 reward_loss:  -15.06875228881836
epoch:  22 batch:  120 region_loss:  5.0 5.0 loc_loss:  0.3305226898193359 reward_loss:  -16.526470184326172
epoch:  22 batch:  130 region_loss:  7.0 7.0 loc_loss:  0.5154293060302735 reward_loss:  -25.77135467529297
acc@1:  0.13640639698965193
epoch: 22 region loss 0.17051094890510948 loc loss 0.5707538450199322 reward loss -28.537690416739807
epoch:  23 batch:  0 region_loss:  10.0 10.0 loc_loss:  0.6280669021606445 reward_loss:  -31.403337478637695
epoch:  23 batch:  10 region_loss:  10.0 10.0 loc_loss:  0.6717438507080078 reward_loss:  -33.58689880371094
epoch:  23 batch:  20 region_loss:  10.0 10.0 loc_loss:  0.5963168334960938 reward_loss:  -29.81572151184082
epoch:  23 batch:  30 region_loss:  10.0 10.0 loc_loss:  0.609979248046875 reward_loss:  -30.499038696289062
epoch:  23 batch:  40 region_loss:  10.0 10.0 loc_loss:  0.7304045104980469 reward_loss:  -36.52030944824219
epoch:  23 batch:  50 region_loss:  10.0 10.0 loc_loss:  0.6094448089599609 reward_loss:  -30.471839904785156
epoch:  23 batch:  60 region_loss:  10.0 10.0 loc_loss:  0.6480062103271484 reward_loss:  -32.40034103393555
epoch:  23 batch:  70 region_loss:  10.0 10.0 loc_loss:  0.6302922439575195 reward_loss:  -31.51457977294922
epoch:  23 batch:  80 region_loss:  10.0 10.0 loc_loss:  0.7019234466552734 reward_loss:  -35.0958251953125
epoch:  23 batch:  90 region_loss:  6.0 6.0 loc_loss:  0.4269253921508789 reward_loss:  -21.34610366821289
epoch:  23 batch:  100 region_loss:  8.0 8.0 loc_loss:  0.5081411743164063 reward_loss:  -25.407024383544922
epoch:  23 batch:  110 region_loss:  4.0 4.0 loc_loss:  0.28648609161376953 reward_loss:  -14.324352264404297
epoch:  23 batch:  120 region_loss:  5.0 5.0 loc_loss:  0.31362123489379884 reward_loss:  -15.68101978302002
epoch:  23 batch:  130 region_loss:  7.0 7.0 loc_loss:  0.49227046966552734 reward_loss:  -24.613449096679688
