1
cuda
epoch:  0 batch:  0 region_loss:  10.0 10.0 loc_loss:  1.9942587280273438 reward_loss:  -99.71363830566406
epoch:  0 batch:  10 region_loss:  10.0 10.0 loc_loss:  1.9841029357910156 reward_loss:  -99.20448303222656
epoch:  0 batch:  20 region_loss:  10.0 10.0 loc_loss:  1.975552520751953 reward_loss:  -98.77820587158203
epoch:  0 batch:  30 region_loss:  10.0 10.0 loc_loss:  1.9864096069335937 reward_loss:  -99.3196792602539
epoch:  0 batch:  40 region_loss:  10.0 10.0 loc_loss:  1.982635498046875 reward_loss:  -99.13261413574219
epoch:  0 batch:  50 region_loss:  10.0 10.0 loc_loss:  1.9879991149902343 reward_loss:  -99.39997863769531
epoch:  0 batch:  60 region_loss:  10.0 10.0 loc_loss:  1.9839985656738282 reward_loss:  -99.20114135742188
epoch:  0 batch:  70 region_loss:  10.0 10.0 loc_loss:  1.9807626342773437 reward_loss:  -99.03768157958984
epoch:  0 batch:  80 region_loss:  10.0 10.0 loc_loss:  1.979234619140625 reward_loss:  -98.96218872070312
epoch:  0 batch:  90 region_loss:  6.0 6.0 loc_loss:  1.1806087493896484 reward_loss:  -59.029747009277344
epoch:  0 batch:  100 region_loss:  8.0 8.0 loc_loss:  1.5744131469726563 reward_loss:  -78.72091674804688
epoch:  0 batch:  110 region_loss:  4.0 4.0 loc_loss:  0.7852850341796875 reward_loss:  -39.26398468017578
epoch:  0 batch:  120 region_loss:  5.0 5.0 loc_loss:  0.9830907440185547 reward_loss:  -49.15534591674805
epoch:  0 batch:  130 region_loss:  7.0 7.0 loc_loss:  1.3693608093261718 reward_loss:  -68.46807861328125
acc@1:  0.0028222013170272815
epoch: 0 region loss 0.17051094890510948 loc loss 1.686814453236378 reward loss -84.34074574491403
epoch:  1 batch:  0 region_loss:  10.0 10.0 loc_loss:  1.9199374389648438 reward_loss:  -95.99681091308594
epoch:  1 batch:  10 region_loss:  10.0 10.0 loc_loss:  1.9352656555175782 reward_loss:  -96.76242065429688
epoch:  1 batch:  20 region_loss:  10.0 10.0 loc_loss:  1.9151341247558593 reward_loss:  -95.7576904296875
epoch:  1 batch:  30 region_loss:  10.0 10.0 loc_loss:  1.9290724182128907 reward_loss:  -96.45337677001953
epoch:  1 batch:  40 region_loss:  10.0 10.0 loc_loss:  1.9107923889160157 reward_loss:  -95.5386734008789
epoch:  1 batch:  50 region_loss:  10.0 10.0 loc_loss:  1.9138856506347657 reward_loss:  -95.6939697265625
epoch:  1 batch:  60 region_loss:  10.0 10.0 loc_loss:  1.89994873046875 reward_loss:  -94.9988784790039
epoch:  1 batch:  70 region_loss:  10.0 10.0 loc_loss:  1.88827392578125 reward_loss:  -94.41276550292969
epoch:  1 batch:  80 region_loss:  10.0 10.0 loc_loss:  1.8665963745117187 reward_loss:  -93.33033752441406
epoch:  1 batch:  90 region_loss:  6.0 6.0 loc_loss:  1.109025115966797 reward_loss:  -55.451271057128906
epoch:  1 batch:  100 region_loss:  8.0 8.0 loc_loss:  1.463057861328125 reward_loss:  -73.15316009521484
epoch:  1 batch:  110 region_loss:  4.0 4.0 loc_loss:  0.7357725524902343 reward_loss:  -36.78861618041992
epoch:  1 batch:  120 region_loss:  5.0 5.0 loc_loss:  0.9096405029296875 reward_loss:  -45.48131561279297
epoch:  1 batch:  130 region_loss:  7.0 7.0 loc_loss:  1.2571013641357422 reward_loss:  -62.85548400878906
acc@1:  0.018344308560677328
epoch: 1 region loss 0.17051094890510948 loc loss 1.6056116652662737 reward loss -80.28054283309157
epoch:  2 batch:  0 region_loss:  10.0 10.0 loc_loss:  1.739534912109375 reward_loss:  -86.97689819335938
epoch:  2 batch:  10 region_loss:  10.0 10.0 loc_loss:  1.752718963623047 reward_loss:  -87.63623809814453
epoch:  2 batch:  20 region_loss:  10.0 10.0 loc_loss:  1.7292034912109375 reward_loss:  -86.46092987060547
epoch:  2 batch:  30 region_loss:  10.0 10.0 loc_loss:  1.7722886657714845 reward_loss:  -88.61497497558594
epoch:  2 batch:  40 region_loss:  10.0 10.0 loc_loss:  1.7101597595214844 reward_loss:  -85.50823211669922
epoch:  2 batch:  50 region_loss:  10.0 10.0 loc_loss:  1.772698211669922 reward_loss:  -88.63491821289062
epoch:  2 batch:  60 region_loss:  10.0 10.0 loc_loss:  1.7415492248535156 reward_loss:  -87.07805633544922
epoch:  2 batch:  70 region_loss:  10.0 10.0 loc_loss:  1.7490110778808594 reward_loss:  -87.45069122314453
epoch:  2 batch:  80 region_loss:  10.0 10.0 loc_loss:  1.7257688903808595 reward_loss:  -86.28748321533203
epoch:  2 batch:  90 region_loss:  6.0 6.0 loc_loss:  1.0339764404296874 reward_loss:  -51.69892120361328
epoch:  2 batch:  100 region_loss:  8.0 8.0 loc_loss:  1.3739462280273438 reward_loss:  -68.6962890625
epoch:  2 batch:  110 region_loss:  4.0 4.0 loc_loss:  0.6968830871582031 reward_loss:  -34.84538269042969
epoch:  2 batch:  120 region_loss:  5.0 5.0 loc_loss:  0.8671476745605469 reward_loss:  -43.35728454589844
epoch:  2 batch:  130 region_loss:  7.0 7.0 loc_loss:  1.1999543762207032 reward_loss:  -59.997779846191406
acc@1:  0.028692380056444027
epoch: 2 region loss 0.17051094890510948 loc loss 1.4751900760622791 reward loss -73.75946635225394
epoch:  3 batch:  0 region_loss:  10.0 10.0 loc_loss:  1.6811195373535157 reward_loss:  -84.05591583251953
epoch:  3 batch:  10 region_loss:  10.0 10.0 loc_loss:  1.6797158813476563 reward_loss:  -83.98573303222656
epoch:  3 batch:  20 region_loss:  10.0 10.0 loc_loss:  1.6366416931152343 reward_loss:  -81.83201599121094
epoch:  3 batch:  30 region_loss:  10.0 10.0 loc_loss:  1.7002122497558594 reward_loss:  -85.01072692871094
epoch:  3 batch:  40 region_loss:  10.0 10.0 loc_loss:  1.635504150390625 reward_loss:  -81.77459716796875
epoch:  3 batch:  50 region_loss:  10.0 10.0 loc_loss:  1.7019198608398438 reward_loss:  -85.09638977050781
epoch:  3 batch:  60 region_loss:  10.0 10.0 loc_loss:  1.6739297485351563 reward_loss:  -83.69561004638672
epoch:  3 batch:  70 region_loss:  10.0 10.0 loc_loss:  1.6788739013671874 reward_loss:  -83.9446792602539
epoch:  3 batch:  80 region_loss:  10.0 10.0 loc_loss:  1.6653437805175781 reward_loss:  -83.26729583740234
epoch:  3 batch:  90 region_loss:  6.0 6.0 loc_loss:  0.9996365356445313 reward_loss:  -49.9824104309082
epoch:  3 batch:  100 region_loss:  8.0 8.0 loc_loss:  1.3265199279785156 reward_loss:  -66.32661437988281
epoch:  3 batch:  110 region_loss:  4.0 4.0 loc_loss:  0.6760563659667969 reward_loss:  -33.802330017089844
epoch:  3 batch:  120 region_loss:  5.0 5.0 loc_loss:  0.8423419952392578 reward_loss:  -42.117313385009766
epoch:  3 batch:  130 region_loss:  7.0 7.0 loc_loss:  1.1664305114746094 reward_loss:  -58.3214111328125
acc@1:  0.0380997177798683
epoch: 3 region loss 0.17051094890510948 loc loss 1.4142085778452185 reward loss -70.71047656205448
epoch:  4 batch:  0 region_loss:  10.0 10.0 loc_loss:  1.6388299560546875 reward_loss:  -81.94224548339844
epoch:  4 batch:  10 region_loss:  10.0 10.0 loc_loss:  1.6347425842285157 reward_loss:  -81.73706817626953
epoch:  4 batch:  20 region_loss:  10.0 10.0 loc_loss:  1.5707923889160156 reward_loss:  -78.53936004638672
epoch:  4 batch:  30 region_loss:  10.0 10.0 loc_loss:  1.6471829223632812 reward_loss:  -82.35922241210938
epoch:  4 batch:  40 region_loss:  10.0 10.0 loc_loss:  1.5816972351074219 reward_loss:  -79.08428955078125
epoch:  4 batch:  50 region_loss:  10.0 10.0 loc_loss:  1.647601318359375 reward_loss:  -82.38021850585938
epoch:  4 batch:  60 region_loss:  10.0 10.0 loc_loss:  1.6210404968261718 reward_loss:  -81.05134582519531
epoch:  4 batch:  70 region_loss:  10.0 10.0 loc_loss:  1.6190354919433594 reward_loss:  -80.95146942138672
epoch:  4 batch:  80 region_loss:  10.0 10.0 loc_loss:  1.6139395141601562 reward_loss:  -80.69744110107422
epoch:  4 batch:  90 region_loss:  6.0 6.0 loc_loss:  0.9698468017578125 reward_loss:  -48.49263000488281
epoch:  4 batch:  100 region_loss:  8.0 8.0 loc_loss:  1.2827970886230469 reward_loss:  -64.1395492553711
epoch:  4 batch:  110 region_loss:  4.0 4.0 loc_loss:  0.6578720855712891 reward_loss:  -32.89364242553711
epoch:  4 batch:  120 region_loss:  5.0 5.0 loc_loss:  0.8180328369140625 reward_loss:  -40.90166091918945
epoch:  4 batch:  130 region_loss:  7.0 7.0 loc_loss:  1.1339684295654298 reward_loss:  -56.69902038574219
acc@1:  0.049388523047977424
epoch: 4 region loss 0.17051094890510948 loc loss 1.3655777389637747 reward loss -68.27888157419915
epoch:  5 batch:  0 region_loss:  10.0 10.0 loc_loss:  1.593604278564453 reward_loss:  -79.68016815185547
epoch:  5 batch:  10 region_loss:  10.0 10.0 loc_loss:  1.5901158142089844 reward_loss:  -79.50587463378906
epoch:  5 batch:  20 region_loss:  10.0 10.0 loc_loss:  1.506656494140625 reward_loss:  -75.33292388916016
epoch:  5 batch:  30 region_loss:  10.0 10.0 loc_loss:  1.5940914916992188 reward_loss:  -79.70380401611328
epoch:  5 batch:  40 region_loss:  10.0 10.0 loc_loss:  1.530227813720703 reward_loss:  -76.51154327392578
epoch:  5 batch:  50 region_loss:  10.0 10.0 loc_loss:  1.5933831787109376 reward_loss:  -79.66923522949219
epoch:  5 batch:  60 region_loss:  10.0 10.0 loc_loss:  1.567735137939453 reward_loss:  -78.38679504394531
epoch:  5 batch:  70 region_loss:  10.0 10.0 loc_loss:  1.5597181701660157 reward_loss:  -77.98657989501953
epoch:  5 batch:  80 region_loss:  10.0 10.0 loc_loss:  1.562430877685547 reward_loss:  -78.12151336669922
epoch:  5 batch:  90 region_loss:  6.0 6.0 loc_loss:  0.9397750854492187 reward_loss:  -46.98896026611328
epoch:  5 batch:  100 region_loss:  8.0 8.0 loc_loss:  1.236654052734375 reward_loss:  -61.83311462402344
epoch:  5 batch:  110 region_loss:  4.0 4.0 loc_loss:  0.6397163009643555 reward_loss:  -31.98579978942871
epoch:  5 batch:  120 region_loss:  5.0 5.0 loc_loss:  0.7920231628417969 reward_loss:  -39.60114669799805
epoch:  5 batch:  130 region_loss:  7.0 7.0 loc_loss:  1.0994190979003906 reward_loss:  -54.970947265625
acc@1:  0.05973659454374412
epoch: 5 region loss 0.17051094890510948 loc loss 1.3167052317709818 reward loss -65.83527038741286
epoch:  6 batch:  0 region_loss:  10.0 10.0 loc_loss:  1.5418373107910157 reward_loss:  -77.09186553955078
epoch:  6 batch:  10 region_loss:  10.0 10.0 loc_loss:  1.5410975646972656 reward_loss:  -77.0549087524414
epoch:  6 batch:  20 region_loss:  10.0 10.0 loc_loss:  1.4384530639648438 reward_loss:  -71.92241668701172
epoch:  6 batch:  30 region_loss:  10.0 10.0 loc_loss:  1.5360812377929687 reward_loss:  -76.80422973632812
epoch:  6 batch:  40 region_loss:  10.0 10.0 loc_loss:  1.4765933227539063 reward_loss:  -73.82972717285156
epoch:  6 batch:  50 region_loss:  10.0 10.0 loc_loss:  1.5352980041503905 reward_loss:  -76.7649154663086
epoch:  6 batch:  60 region_loss:  10.0 10.0 loc_loss:  1.5109161376953124 reward_loss:  -75.54589080810547
epoch:  6 batch:  70 region_loss:  10.0 10.0 loc_loss:  1.4966180419921875 reward_loss:  -74.83110046386719
epoch:  6 batch:  80 region_loss:  10.0 10.0 loc_loss:  1.5081106567382812 reward_loss:  -75.4055404663086
epoch:  6 batch:  90 region_loss:  6.0 6.0 loc_loss:  0.9082836151123047 reward_loss:  -45.4138298034668
epoch:  6 batch:  100 region_loss:  8.0 8.0 loc_loss:  1.186615219116211 reward_loss:  -59.330867767333984
epoch:  6 batch:  110 region_loss:  4.0 4.0 loc_loss:  0.6206891632080078 reward_loss:  -31.034082412719727
epoch:  6 batch:  120 region_loss:  5.0 5.0 loc_loss:  0.7639458465576172 reward_loss:  -38.197181701660156
epoch:  6 batch:  130 region_loss:  7.0 7.0 loc_loss:  1.0619537353515625 reward_loss:  -53.09769821166992
acc@1:  0.07149576669802446
epoch: 6 region loss 0.17051094890510948 loc loss 1.2647490449891474 reward loss -63.23743273045895
epoch:  7 batch:  0 region_loss:  10.0 10.0 loc_loss:  1.4832508850097657 reward_loss:  -74.16252136230469
epoch:  7 batch:  10 region_loss:  10.0 10.0 loc_loss:  1.4867144775390626 reward_loss:  -74.3357162475586
epoch:  7 batch:  20 region_loss:  10.0 10.0 loc_loss:  1.3657186889648438 reward_loss:  -68.28559875488281
epoch:  7 batch:  30 region_loss:  10.0 10.0 loc_loss:  1.4726223754882812 reward_loss:  -73.63111877441406
epoch:  7 batch:  40 region_loss:  10.0 10.0 loc_loss:  1.4220579528808595 reward_loss:  -71.10294342041016
epoch:  7 batch:  50 region_loss:  10.0 10.0 loc_loss:  1.472448272705078 reward_loss:  -73.6224136352539
epoch:  7 batch:  60 region_loss:  10.0 10.0 loc_loss:  1.4503756713867189 reward_loss:  -72.5187759399414
epoch:  7 batch:  70 region_loss:  10.0 10.0 loc_loss:  1.4288621520996094 reward_loss:  -71.44412994384766
epoch:  7 batch:  80 region_loss:  10.0 10.0 loc_loss:  1.4505239868164062 reward_loss:  -72.52619171142578
epoch:  7 batch:  90 region_loss:  6.0 6.0 loc_loss:  0.87542236328125 reward_loss:  -43.77113342285156
epoch:  7 batch:  100 region_loss:  8.0 8.0 loc_loss:  1.132451934814453 reward_loss:  -56.622806549072266
epoch:  7 batch:  110 region_loss:  4.0 4.0 loc_loss:  0.6006184387207031 reward_loss:  -30.030899047851562
epoch:  7 batch:  120 region_loss:  5.0 5.0 loc_loss:  0.73411865234375 reward_loss:  -36.705867767333984
epoch:  7 batch:  130 region_loss:  7.0 7.0 loc_loss:  1.021754913330078 reward_loss:  -51.08770751953125
acc@1:  0.08278457196613359
epoch: 7 region loss 0.17051094890510948 loc loss 1.20948199836007 reward loss -60.474121219050275
epoch:  8 batch:  0 region_loss:  10.0 10.0 loc_loss:  1.4183877563476563 reward_loss:  -70.91939544677734
epoch:  8 batch:  10 region_loss:  10.0 10.0 loc_loss:  1.4268240356445312 reward_loss:  -71.3412094116211
epoch:  8 batch:  20 region_loss:  10.0 10.0 loc_loss:  1.2907106018066405 reward_loss:  -64.53560638427734
epoch:  8 batch:  30 region_loss:  10.0 10.0 loc_loss:  1.4049224853515625 reward_loss:  -70.24617004394531
epoch:  8 batch:  40 region_loss:  10.0 10.0 loc_loss:  1.3681753540039063 reward_loss:  -68.40876770019531
epoch:  8 batch:  50 region_loss:  10.0 10.0 loc_loss:  1.404762725830078 reward_loss:  -70.23814392089844
epoch:  8 batch:  60 region_loss:  10.0 10.0 loc_loss:  1.386488494873047 reward_loss:  -69.3244857788086
epoch:  8 batch:  70 region_loss:  10.0 10.0 loc_loss:  1.3572282409667968 reward_loss:  -67.86149597167969
epoch:  8 batch:  80 region_loss:  10.0 10.0 loc_loss:  1.3900291442871093 reward_loss:  -69.50171661376953
epoch:  8 batch:  90 region_loss:  6.0 6.0 loc_loss:  0.8412877655029297 reward_loss:  -42.06440734863281
epoch:  8 batch:  100 region_loss:  8.0 8.0 loc_loss:  1.0753085327148437 reward_loss:  -53.76533126831055
epoch:  8 batch:  110 region_loss:  4.0 4.0 loc_loss:  0.579633560180664 reward_loss:  -28.98168182373047
epoch:  8 batch:  120 region_loss:  5.0 5.0 loc_loss:  0.7031591796875 reward_loss:  -35.15793991088867
epoch:  8 batch:  130 region_loss:  7.0 7.0 loc_loss:  0.9796588134765625 reward_loss:  -48.982948303222656
acc@1:  0.09407337723424271
epoch: 8 region loss 0.17051094890510948 loc loss 1.1519498131745052 reward loss -57.59748165102771
epoch:  9 batch:  0 region_loss:  10.0 10.0 loc_loss:  1.3488662719726563 reward_loss:  -67.44331359863281
epoch:  9 batch:  10 region_loss:  10.0 10.0 loc_loss:  1.3623324584960939 reward_loss:  -68.11661529541016
epoch:  9 batch:  20 region_loss:  10.0 10.0 loc_loss:  1.2153517150878905 reward_loss:  -60.76755905151367
epoch:  9 batch:  30 region_loss:  10.0 10.0 loc_loss:  1.3344155883789062 reward_loss:  -66.72077941894531
epoch:  9 batch:  40 region_loss:  10.0 10.0 loc_loss:  1.3150587463378907 reward_loss:  -65.75293731689453
epoch:  9 batch:  50 region_loss:  10.0 10.0 loc_loss:  1.3329905700683593 reward_loss:  -66.6495361328125
epoch:  9 batch:  60 region_loss:  10.0 10.0 loc_loss:  1.3209214782714844 reward_loss:  -66.04611206054688
epoch:  9 batch:  70 region_loss:  10.0 10.0 loc_loss:  1.2832814025878907 reward_loss:  -64.1640625
epoch:  9 batch:  80 region_loss:  10.0 10.0 loc_loss:  1.3280308532714844 reward_loss:  -66.40155029296875
epoch:  9 batch:  90 region_loss:  6.0 6.0 loc_loss:  0.8062451171875 reward_loss:  -40.312217712402344
epoch:  9 batch:  100 region_loss:  8.0 8.0 loc_loss:  1.0170498657226563 reward_loss:  -50.85247039794922
epoch:  9 batch:  110 region_loss:  4.0 4.0 loc_loss:  0.5579279327392578 reward_loss:  -27.89634895324707
epoch:  9 batch:  120 region_loss:  5.0 5.0 loc_loss:  0.6716861724853516 reward_loss:  -33.58431625366211
epoch:  9 batch:  130 region_loss:  7.0 7.0 loc_loss:  0.9365208435058594 reward_loss:  -46.82604217529297
acc@1:  0.10442144873000941
epoch: 9 region loss 0.17051094890510948 loc loss 1.0935590880456632 reward loss -54.67795117232051
epoch:  10 batch:  0 region_loss:  10.0 10.0 loc_loss:  1.2765489196777344 reward_loss:  -63.82745361328125
epoch:  10 batch:  10 region_loss:  10.0 10.0 loc_loss:  1.2946395874023438 reward_loss:  -64.73197174072266
epoch:  10 batch:  20 region_loss:  10.0 10.0 loc_loss:  1.1412261962890624 reward_loss:  -57.061302185058594
epoch:  10 batch:  30 region_loss:  10.0 10.0 loc_loss:  1.2624525451660156 reward_loss:  -63.122623443603516
epoch:  10 batch:  40 region_loss:  10.0 10.0 loc_loss:  1.2621653747558594 reward_loss:  -63.108253479003906
epoch:  10 batch:  50 region_loss:  10.0 10.0 loc_loss:  1.258565444946289 reward_loss:  -62.92826843261719
epoch:  10 batch:  60 region_loss:  10.0 10.0 loc_loss:  1.2557792663574219 reward_loss:  -62.788963317871094
epoch:  10 batch:  70 region_loss:  10.0 10.0 loc_loss:  1.2092829895019532 reward_loss:  -60.46415710449219
epoch:  10 batch:  80 region_loss:  10.0 10.0 loc_loss:  1.266412887573242 reward_loss:  -63.320640563964844
epoch:  10 batch:  90 region_loss:  6.0 6.0 loc_loss:  0.7709931182861328 reward_loss:  -38.54965591430664
epoch:  10 batch:  100 region_loss:  8.0 8.0 loc_loss:  0.9596179962158203 reward_loss:  -47.98088455200195
epoch:  10 batch:  110 region_loss:  4.0 4.0 loc_loss:  0.5356659698486328 reward_loss:  -26.78329849243164
epoch:  10 batch:  120 region_loss:  5.0 5.0 loc_loss:  0.6401180267333985 reward_loss:  -32.005897521972656
epoch:  10 batch:  130 region_loss:  7.0 7.0 loc_loss:  0.8931304931640625 reward_loss:  -44.6565055847168
acc@1:  0.11100658513640639
epoch: 10 region loss 0.17051094890510948 loc loss 1.0356912852377789 reward loss -51.784565417435914
epoch:  11 batch:  0 region_loss:  10.0 10.0 loc_loss:  1.2035565185546875 reward_loss:  -60.177825927734375
epoch:  11 batch:  10 region_loss:  10.0 10.0 loc_loss:  1.2256890106201173 reward_loss:  -61.28450012207031
epoch:  11 batch:  20 region_loss:  10.0 10.0 loc_loss:  1.0702912139892578 reward_loss:  -53.51455307006836
epoch:  11 batch:  30 region_loss:  10.0 10.0 loc_loss:  1.1906119537353517 reward_loss:  -59.53059387207031
epoch:  11 batch:  40 region_loss:  10.0 10.0 loc_loss:  1.2095279693603516 reward_loss:  -60.47637939453125
epoch:  11 batch:  50 region_loss:  10.0 10.0 loc_loss:  1.1835701751708985 reward_loss:  -59.17850875854492
epoch:  11 batch:  60 region_loss:  10.0 10.0 loc_loss:  1.1923890686035157 reward_loss:  -59.61943435668945
epoch:  11 batch:  70 region_loss:  10.0 10.0 loc_loss:  1.1379935455322265 reward_loss:  -56.89966583251953
epoch:  11 batch:  80 region_loss:  10.0 10.0 loc_loss:  1.2068954467773438 reward_loss:  -60.34477233886719
epoch:  11 batch:  90 region_loss:  6.0 6.0 loc_loss:  0.7362150573730468 reward_loss:  -36.810752868652344
epoch:  11 batch:  100 region_loss:  8.0 8.0 loc_loss:  0.9044406890869141 reward_loss:  -45.22206115722656
epoch:  11 batch:  110 region_loss:  4.0 4.0 loc_loss:  0.5130139541625977 reward_loss:  -25.650705337524414
epoch:  11 batch:  120 region_loss:  5.0 5.0 loc_loss:  0.60885986328125 reward_loss:  -30.4429931640625
epoch:  11 batch:  130 region_loss:  7.0 7.0 loc_loss:  0.8502886199951172 reward_loss:  -42.514434814453125
acc@1:  0.11900282220131703
epoch: 11 region loss 0.17051094890510948 loc loss 0.9796130284775783 reward loss -48.980649586141546
epoch:  12 batch:  0 region_loss:  10.0 10.0 loc_loss:  1.1321099090576172 reward_loss:  -56.605491638183594
epoch:  12 batch:  10 region_loss:  10.0 10.0 loc_loss:  1.157745590209961 reward_loss:  -57.88727951049805
epoch:  12 batch:  20 region_loss:  10.0 10.0 loc_loss:  1.0041824340820313 reward_loss:  -50.209129333496094
epoch:  12 batch:  30 region_loss:  10.0 10.0 loc_loss:  1.1201737213134766 reward_loss:  -56.00868606567383
epoch:  12 batch:  40 region_loss:  10.0 10.0 loc_loss:  1.1576290893554688 reward_loss:  -57.88145446777344
epoch:  12 batch:  50 region_loss:  10.0 10.0 loc_loss:  1.1103715515136718 reward_loss:  -55.51859664916992
epoch:  12 batch:  60 region_loss:  10.0 10.0 loc_loss:  1.131485137939453 reward_loss:  -56.574249267578125
epoch:  12 batch:  70 region_loss:  10.0 10.0 loc_loss:  1.0716006469726562 reward_loss:  -53.58002853393555
epoch:  12 batch:  80 region_loss:  10.0 10.0 loc_loss:  1.150476837158203 reward_loss:  -57.52384948730469
epoch:  12 batch:  90 region_loss:  6.0 6.0 loc_loss:  0.7024024963378906 reward_loss:  -35.1201171875
epoch:  12 batch:  100 region_loss:  8.0 8.0 loc_loss:  0.8525000762939453 reward_loss:  -42.625
epoch:  12 batch:  110 region_loss:  4.0 4.0 loc_loss:  0.4902243804931641 reward_loss:  -24.5112247467041
epoch:  12 batch:  120 region_loss:  5.0 5.0 loc_loss:  0.5783181762695313 reward_loss:  -28.915904998779297
epoch:  12 batch:  130 region_loss:  7.0 7.0 loc_loss:  0.8087500762939454 reward_loss:  -40.437496185302734
acc@1:  0.12746942615239887
epoch: 12 region loss 0.17051094890510948 loc loss 0.9263080349107728 reward loss -46.315399462289186
epoch:  13 batch:  0 region_loss:  10.0 10.0 loc_loss:  1.0641802978515624 reward_loss:  -53.209007263183594
epoch:  13 batch:  10 region_loss:  10.0 10.0 loc_loss:  1.0930823516845702 reward_loss:  -54.65411376953125
epoch:  13 batch:  20 region_loss:  10.0 10.0 loc_loss:  0.9437162017822266 reward_loss:  -47.18581008911133
epoch:  13 batch:  30 region_loss:  10.0 10.0 loc_loss:  1.0523932647705079 reward_loss:  -52.61966323852539
epoch:  13 batch:  40 region_loss:  10.0 10.0 loc_loss:  1.1070798492431642 reward_loss:  -55.35398864746094
epoch:  13 batch:  50 region_loss:  10.0 10.0 loc_loss:  1.0411901092529297 reward_loss:  -52.05951690673828
epoch:  13 batch:  60 region_loss:  10.0 10.0 loc_loss:  1.0736259460449218 reward_loss:  -53.68181610107422
epoch:  13 batch:  70 region_loss:  10.0 10.0 loc_loss:  1.0109858703613281 reward_loss:  -50.5493049621582
epoch:  13 batch:  80 region_loss:  10.0 10.0 loc_loss:  1.0973631286621093 reward_loss:  -54.86815643310547
epoch:  13 batch:  90 region_loss:  6.0 6.0 loc_loss:  0.6698860168457031 reward_loss:  -33.494300842285156
epoch:  13 batch:  100 region_loss:  8.0 8.0 loc_loss:  0.8045086669921875 reward_loss:  -40.22542953491211
epoch:  13 batch:  110 region_loss:  4.0 4.0 loc_loss:  0.46760513305664064 reward_loss:  -23.380260467529297
epoch:  13 batch:  120 region_loss:  5.0 5.0 loc_loss:  0.5488232040405273 reward_loss:  -27.441164016723633
epoch:  13 batch:  130 region_loss:  7.0 7.0 loc_loss:  0.7691631317138672 reward_loss:  -38.45757293701172
acc@1:  0.13123236124176857
epoch: 13 region loss 0.17051094890510948 loc loss 0.8764062731109397 reward loss -43.8203145048044
epoch:  14 batch:  0 region_loss:  10.0 10.0 loc_loss:  1.001171875 reward_loss:  -50.05868148803711
epoch:  14 batch:  10 region_loss:  10.0 10.0 loc_loss:  1.0333294677734375 reward_loss:  -51.66647720336914
epoch:  14 batch:  20 region_loss:  10.0 10.0 loc_loss:  0.8890803527832031 reward_loss:  -44.454017639160156
epoch:  14 batch:  30 region_loss:  10.0 10.0 loc_loss:  0.988745346069336 reward_loss:  -49.437255859375
epoch:  14 batch:  40 region_loss:  10.0 10.0 loc_loss:  1.0585182952880858 reward_loss:  -52.9259147644043
epoch:  14 batch:  50 region_loss:  10.0 10.0 loc_loss:  0.9776853942871093 reward_loss:  -48.88426971435547
epoch:  14 batch:  60 region_loss:  10.0 10.0 loc_loss:  1.019201202392578 reward_loss:  -50.96006774902344
epoch:  14 batch:  70 region_loss:  10.0 10.0 loc_loss:  0.9560699462890625 reward_loss:  -47.803497314453125
epoch:  14 batch:  80 region_loss:  10.0 10.0 loc_loss:  1.0474105834960938 reward_loss:  -52.37052917480469
epoch:  14 batch:  90 region_loss:  6.0 6.0 loc_loss:  0.6389015579223633 reward_loss:  -31.945079803466797
epoch:  14 batch:  100 region_loss:  8.0 8.0 loc_loss:  0.7608538818359375 reward_loss:  -38.042694091796875
epoch:  14 batch:  110 region_loss:  4.0 4.0 loc_loss:  0.4454541015625 reward_loss:  -22.27271270751953
epoch:  14 batch:  120 region_loss:  5.0 5.0 loc_loss:  0.5205746459960937 reward_loss:  -26.028732299804688
epoch:  14 batch:  130 region_loss:  7.0 7.0 loc_loss:  0.7319085693359375 reward_loss:  -36.59543228149414
acc@1:  0.13687676387582315
epoch: 14 region loss 0.17051094890510948 loc loss 0.830193389279999 reward loss -41.50967325085271
epoch:  15 batch:  0 region_loss:  10.0 10.0 loc_loss:  0.9436080169677734 reward_loss:  -47.18040084838867
epoch:  15 batch:  10 region_loss:  10.0 10.0 loc_loss:  0.9789382934570312 reward_loss:  -48.94691467285156
epoch:  15 batch:  20 region_loss:  10.0 10.0 loc_loss:  0.8401856994628907 reward_loss:  -42.00927734375
epoch:  15 batch:  30 region_loss:  10.0 10.0 loc_loss:  0.9304463195800782 reward_loss:  -46.522315979003906
epoch:  15 batch:  40 region_loss:  10.0 10.0 loc_loss:  1.0125007629394531 reward_loss:  -50.62504196166992
epoch:  15 batch:  50 region_loss:  10.0 10.0 loc_loss:  0.9205417633056641 reward_loss:  -46.02708435058594
epoch:  15 batch:  60 region_loss:  10.0 10.0 loc_loss:  0.9682361602783203 reward_loss:  -48.41181182861328
epoch:  15 batch:  70 region_loss:  10.0 10.0 loc_loss:  0.9063751220703125 reward_loss:  -45.31875991821289
epoch:  15 batch:  80 region_loss:  10.0 10.0 loc_loss:  1.0004019165039062 reward_loss:  -50.02009582519531
epoch:  15 batch:  90 region_loss:  6.0 6.0 loc_loss:  0.60955078125 reward_loss:  -30.4775390625
epoch:  15 batch:  100 region_loss:  8.0 8.0 loc_loss:  0.7214741516113281 reward_loss:  -36.07371139526367
epoch:  15 batch:  110 region_loss:  4.0 4.0 loc_loss:  0.4240028762817383 reward_loss:  -21.200170516967773
epoch:  15 batch:  120 region_loss:  5.0 5.0 loc_loss:  0.49365013122558593 reward_loss:  -24.682519912719727
epoch:  15 batch:  130 region_loss:  7.0 7.0 loc_loss:  0.697259521484375 reward_loss:  -34.86297607421875
acc@1:  0.13687676387582315
epoch: 15 region loss 0.17051094890510948 loc loss 0.7876654013752068 reward loss -39.38326941441446
epoch:  16 batch:  0 region_loss:  10.0 10.0 loc_loss:  0.8912409210205078 reward_loss:  -44.562049865722656
epoch:  16 batch:  10 region_loss:  10.0 10.0 loc_loss:  0.9294918060302735 reward_loss:  -46.47456741333008
epoch:  16 batch:  20 region_loss:  10.0 10.0 loc_loss:  0.7966766357421875 reward_loss:  -39.833831787109375
epoch:  16 batch:  30 region_loss:  10.0 10.0 loc_loss:  0.8777583312988281 reward_loss:  -43.88792037963867
epoch:  16 batch:  40 region_loss:  10.0 10.0 loc_loss:  0.9693777465820312 reward_loss:  -48.46888732910156
epoch:  16 batch:  50 region_loss:  10.0 10.0 loc_loss:  0.8695116424560547 reward_loss:  -43.47557830810547
epoch:  16 batch:  60 region_loss:  10.0 10.0 loc_loss:  0.9204464721679687 reward_loss:  -46.022315979003906
epoch:  16 batch:  70 region_loss:  10.0 10.0 loc_loss:  0.8612811279296875 reward_loss:  -43.0640754699707
epoch:  16 batch:  80 region_loss:  10.0 10.0 loc_loss:  0.9561050415039063 reward_loss:  -47.80525207519531
epoch:  16 batch:  90 region_loss:  6.0 6.0 loc_loss:  0.5817873764038086 reward_loss:  -29.08936882019043
epoch:  16 batch:  100 region_loss:  8.0 8.0 loc_loss:  0.6858892822265625 reward_loss:  -34.294456481933594
epoch:  16 batch:  110 region_loss:  4.0 4.0 loc_loss:  0.4033805847167969 reward_loss:  -20.16902732849121
epoch:  16 batch:  120 region_loss:  5.0 5.0 loc_loss:  0.46805816650390625 reward_loss:  -23.40290641784668
epoch:  16 batch:  130 region_loss:  7.0 7.0 loc_loss:  0.6651371002197266 reward_loss:  -33.25685119628906
acc@1:  0.13922859830667922
epoch: 16 region loss 0.17051094890510948 loc loss 0.7486104444517706 reward loss -37.43052102527479
epoch:  17 batch:  0 region_loss:  10.0 10.0 loc_loss:  0.8435171508789062 reward_loss:  -42.17585754394531
epoch:  17 batch:  10 region_loss:  10.0 10.0 loc_loss:  0.884300308227539 reward_loss:  -44.21501159667969
epoch:  17 batch:  20 region_loss:  10.0 10.0 loc_loss:  0.7579049682617187 reward_loss:  -37.89524459838867
epoch:  17 batch:  30 region_loss:  10.0 10.0 loc_loss:  0.8300675201416016 reward_loss:  -41.50337600708008
epoch:  17 batch:  40 region_loss:  10.0 10.0 loc_loss:  0.9292239379882813 reward_loss:  -46.46119689941406
epoch:  17 batch:  50 region_loss:  10.0 10.0 loc_loss:  0.8238275909423828 reward_loss:  -41.19137954711914
epoch:  17 batch:  60 region_loss:  10.0 10.0 loc_loss:  0.8754814910888672 reward_loss:  -43.774070739746094
epoch:  17 batch:  70 region_loss:  10.0 10.0 loc_loss:  0.8201492309570313 reward_loss:  -41.00746536254883
epoch:  17 batch:  80 region_loss:  10.0 10.0 loc_loss:  0.9142927551269531 reward_loss:  -45.71463394165039
epoch:  17 batch:  90 region_loss:  6.0 6.0 loc_loss:  0.5554841613769531 reward_loss:  -27.77420425415039
epoch:  17 batch:  100 region_loss:  8.0 8.0 loc_loss:  0.6534232330322266 reward_loss:  -32.67115783691406
epoch:  17 batch:  110 region_loss:  4.0 4.0 loc_loss:  0.3836273956298828 reward_loss:  -19.181367874145508
epoch:  17 batch:  120 region_loss:  5.0 5.0 loc_loss:  0.4437651443481445 reward_loss:  -22.188255310058594
epoch:  17 batch:  130 region_loss:  7.0 7.0 loc_loss:  0.6352917098999024 reward_loss:  -31.764589309692383
acc@1:  0.1349952963311383
epoch: 17 region loss 0.17051094890510948 loc loss 0.7126921716397696 reward loss -35.63460512926979
epoch:  18 batch:  0 region_loss:  10.0 10.0 loc_loss:  0.7998503875732422 reward_loss:  -39.992515563964844
epoch:  18 batch:  10 region_loss:  10.0 10.0 loc_loss:  0.842703857421875 reward_loss:  -42.13519287109375
epoch:  18 batch:  20 region_loss:  10.0 10.0 loc_loss:  0.7230732727050782 reward_loss:  -36.15366744995117
epoch:  18 batch:  30 region_loss:  10.0 10.0 loc_loss:  0.7865798950195313 reward_loss:  -39.32899475097656
epoch:  18 batch:  40 region_loss:  10.0 10.0 loc_loss:  0.8918740844726563 reward_loss:  -44.59370040893555
epoch:  18 batch:  50 region_loss:  10.0 10.0 loc_loss:  0.7826342010498046 reward_loss:  -39.13170623779297
epoch:  18 batch:  60 region_loss:  10.0 10.0 loc_loss:  0.8330508422851562 reward_loss:  -41.65254211425781
epoch:  18 batch:  70 region_loss:  10.0 10.0 loc_loss:  0.7823737335205078 reward_loss:  -39.118675231933594
epoch:  18 batch:  80 region_loss:  10.0 10.0 loc_loss:  0.8747556304931641 reward_loss:  -43.73777389526367
epoch:  18 batch:  90 region_loss:  6.0 6.0 loc_loss:  0.530507698059082 reward_loss:  -26.525386810302734
epoch:  18 batch:  100 region_loss:  8.0 8.0 loc_loss:  0.6234357452392578 reward_loss:  -31.171775817871094
epoch:  18 batch:  110 region_loss:  4.0 4.0 loc_loss:  0.3647382354736328 reward_loss:  -18.23691177368164
epoch:  18 batch:  120 region_loss:  5.0 5.0 loc_loss:  0.4207064437866211 reward_loss:  -21.035320281982422
epoch:  18 batch:  130 region_loss:  7.0 7.0 loc_loss:  0.6073942184448242 reward_loss:  -30.369712829589844
acc@1:  0.13452492944496708
epoch: 18 region loss 0.17051094890510948 loc loss 0.6795240382730526 reward loss -33.976200778989025
epoch:  19 batch:  0 region_loss:  10.0 10.0 loc_loss:  0.7596768951416015 reward_loss:  -37.98384475708008
epoch:  19 batch:  10 region_loss:  10.0 10.0 loc_loss:  0.8041165924072265 reward_loss:  -40.20582962036133
epoch:  19 batch:  20 region_loss:  10.0 10.0 loc_loss:  0.6914429473876953 reward_loss:  -34.5721435546875
epoch:  19 batch:  30 region_loss:  10.0 10.0 loc_loss:  0.7466698455810546 reward_loss:  -37.3334846496582
epoch:  19 batch:  40 region_loss:  10.0 10.0 loc_loss:  0.8570001220703125 reward_loss:  -42.850006103515625
epoch:  19 batch:  50 region_loss:  10.0 10.0 loc_loss:  0.7452191162109375 reward_loss:  -37.260955810546875
epoch:  19 batch:  60 region_loss:  10.0 10.0 loc_loss:  0.7929368591308594 reward_loss:  -39.646846771240234
epoch:  19 batch:  70 region_loss:  10.0 10.0 loc_loss:  0.7474014282226562 reward_loss:  -37.37006378173828
epoch:  19 batch:  80 region_loss:  10.0 10.0 loc_loss:  0.837294921875 reward_loss:  -41.864749908447266
epoch:  19 batch:  90 region_loss:  6.0 6.0 loc_loss:  0.5067491912841797 reward_loss:  -25.337461471557617
epoch:  19 batch:  100 region_loss:  8.0 8.0 loc_loss:  0.5954177474975586 reward_loss:  -29.770893096923828
epoch:  19 batch:  110 region_loss:  4.0 4.0 loc_loss:  0.3466921234130859 reward_loss:  -17.334609985351562
epoch:  19 batch:  120 region_loss:  5.0 5.0 loc_loss:  0.39880706787109377 reward_loss:  -19.940351486206055
epoch:  19 batch:  130 region_loss:  7.0 7.0 loc_loss:  0.5811236953735351 reward_loss:  -29.056184768676758
acc@1:  0.13405456255879586
epoch: 19 region loss 0.17051094890510948 loc loss 0.6487239492374616 reward loss -32.43619842946964
epoch:  20 batch:  0 region_loss:  10.0 10.0 loc_loss:  0.7224787139892578 reward_loss:  -36.123931884765625
epoch:  20 batch:  10 region_loss:  10.0 10.0 loc_loss:  0.7680619049072266 reward_loss:  -38.40309524536133
epoch:  20 batch:  20 region_loss:  10.0 10.0 loc_loss:  0.66241943359375 reward_loss:  -33.120967864990234
epoch:  20 batch:  30 region_loss:  10.0 10.0 loc_loss:  0.7098490142822266 reward_loss:  -35.49245834350586
epoch:  20 batch:  40 region_loss:  10.0 10.0 loc_loss:  0.8241974639892579 reward_loss:  -41.20987319946289
epoch:  20 batch:  50 region_loss:  10.0 10.0 loc_loss:  0.7110143280029297 reward_loss:  -35.550716400146484
epoch:  20 batch:  60 region_loss:  10.0 10.0 loc_loss:  0.754972915649414 reward_loss:  -37.74864959716797
epoch:  20 batch:  70 region_loss:  10.0 10.0 loc_loss:  0.7147560882568359 reward_loss:  -35.7378044128418
epoch:  20 batch:  80 region_loss:  10.0 10.0 loc_loss:  0.8017027282714844 reward_loss:  -40.08514404296875
epoch:  20 batch:  90 region_loss:  6.0 6.0 loc_loss:  0.4841199493408203 reward_loss:  -24.20599365234375
epoch:  20 batch:  100 region_loss:  8.0 8.0 loc_loss:  0.5690049743652343 reward_loss:  -28.450244903564453
epoch:  20 batch:  110 region_loss:  4.0 4.0 loc_loss:  0.32946311950683593 reward_loss:  -16.473155975341797
epoch:  20 batch:  120 region_loss:  5.0 5.0 loc_loss:  0.3780099487304687 reward_loss:  -18.90049934387207
epoch:  20 batch:  130 region_loss:  7.0 7.0 loc_loss:  0.5562040710449219 reward_loss:  -27.810199737548828
acc@1:  0.13311382878645345
epoch: 20 region loss 0.17051094890510948 loc loss 0.619944542515887 reward loss -30.997223561697634
epoch:  21 batch:  0 region_loss:  10.0 10.0 loc_loss:  0.6877997589111328 reward_loss:  -34.38998794555664
epoch:  21 batch:  10 region_loss:  10.0 10.0 loc_loss:  0.7341696166992188 reward_loss:  -36.70848083496094
epoch:  21 batch:  20 region_loss:  10.0 10.0 loc_loss:  0.6355285263061523 reward_loss:  -31.776426315307617
epoch:  21 batch:  30 region_loss:  10.0 10.0 loc_loss:  0.6756899261474609 reward_loss:  -33.78450012207031
epoch:  21 batch:  40 region_loss:  10.0 10.0 loc_loss:  0.7930706024169922 reward_loss:  -39.65353012084961
epoch:  21 batch:  50 region_loss:  10.0 10.0 loc_loss:  0.6795195770263672 reward_loss:  -33.975982666015625
epoch:  21 batch:  60 region_loss:  10.0 10.0 loc_loss:  0.7190217590332031 reward_loss:  -35.951087951660156
epoch:  21 batch:  70 region_loss:  10.0 10.0 loc_loss:  0.6840622711181641 reward_loss:  -34.20321273803711
epoch:  21 batch:  80 region_loss:  10.0 10.0 loc_loss:  0.7677654266357422 reward_loss:  -38.38827133178711
epoch:  21 batch:  90 region_loss:  6.0 6.0 loc_loss:  0.4625347137451172 reward_loss:  -23.126737594604492
epoch:  21 batch:  100 region_loss:  8.0 8.0 loc_loss:  0.5439420318603516 reward_loss:  -27.197101593017578
epoch:  21 batch:  110 region_loss:  4.0 4.0 loc_loss:  0.3130151557922363 reward_loss:  -15.650755882263184
epoch:  21 batch:  120 region_loss:  5.0 5.0 loc_loss:  0.3582760238647461 reward_loss:  -17.913803100585938
epoch:  21 batch:  130 region_loss:  7.0 7.0 loc_loss:  0.5324180603027344 reward_loss:  -26.62090492248535
acc@1:  0.13405456255879586
epoch: 21 region loss 0.17051094890510948 loc loss 0.5928885958316552 reward loss -29.64443141352521
epoch:  22 batch:  0 region_loss:  10.0 10.0 loc_loss:  0.6552542114257812 reward_loss:  -32.76271057128906
epoch:  22 batch:  10 region_loss:  10.0 10.0 loc_loss:  0.7021443176269532 reward_loss:  -35.107215881347656
epoch:  22 batch:  20 region_loss:  10.0 10.0 loc_loss:  0.6103818511962891 reward_loss:  -30.519092559814453
epoch:  22 batch:  30 region_loss:  10.0 10.0 loc_loss:  0.6438020324707031 reward_loss:  -32.190101623535156
epoch:  22 batch:  40 region_loss:  10.0 10.0 loc_loss:  0.7632960510253907 reward_loss:  -38.164798736572266
epoch:  22 batch:  50 region_loss:  10.0 10.0 loc_loss:  0.6502709197998047 reward_loss:  -32.513545989990234
epoch:  22 batch:  60 region_loss:  10.0 10.0 loc_loss:  0.6849617767333984 reward_loss:  -34.24809265136719
epoch:  22 batch:  70 region_loss:  10.0 10.0 loc_loss:  0.6550457763671875 reward_loss:  -32.752288818359375
epoch:  22 batch:  80 region_loss:  10.0 10.0 loc_loss:  0.7352858734130859 reward_loss:  -36.7642936706543
epoch:  22 batch:  90 region_loss:  6.0 6.0 loc_loss:  0.44189918518066407 reward_loss:  -22.094959259033203
epoch:  22 batch:  100 region_loss:  8.0 8.0 loc_loss:  0.5200485229492188 reward_loss:  -26.002424240112305
epoch:  22 batch:  110 region_loss:  4.0 4.0 loc_loss:  0.2973017692565918 reward_loss:  -14.865089416503906
epoch:  22 batch:  120 region_loss:  5.0 5.0 loc_loss:  0.3395721435546875 reward_loss:  -16.978607177734375
epoch:  22 batch:  130 region_loss:  7.0 7.0 loc_loss:  0.5096089553833008 reward_loss:  -25.480445861816406
acc@1:  0.13311382878645345
epoch: 22 region loss 0.17051094890510948 loc loss 0.5673119327099654 reward loss -28.3655958384493
epoch:  23 batch:  0 region_loss:  10.0 10.0 loc_loss:  0.6245219421386718 reward_loss:  -31.22610092163086
epoch:  23 batch:  10 region_loss:  10.0 10.0 loc_loss:  0.6717533111572266 reward_loss:  -33.58766555786133
epoch:  23 batch:  20 region_loss:  10.0 10.0 loc_loss:  0.5866644668579102 reward_loss:  -29.33321762084961
epoch:  23 batch:  30 region_loss:  10.0 10.0 loc_loss:  0.6138426208496094 reward_loss:  -30.692129135131836
epoch:  23 batch:  40 region_loss:  10.0 10.0 loc_loss:  0.7346343231201172 reward_loss:  -36.731712341308594
epoch:  23 batch:  50 region_loss:  10.0 10.0 loc_loss:  0.6228545379638671 reward_loss:  -31.14272689819336
epoch:  23 batch:  60 region_loss:  10.0 10.0 loc_loss:  0.6526674652099609 reward_loss:  -32.63337326049805
epoch:  23 batch:  70 region_loss:  10.0 10.0 loc_loss:  0.627506103515625 reward_loss:  -31.37531280517578
epoch:  23 batch:  80 region_loss:  10.0 10.0 loc_loss:  0.7040962219238281 reward_loss:  -35.204811096191406
epoch:  23 batch:  90 region_loss:  6.0 6.0 loc_loss:  0.422112922668457 reward_loss:  -21.10564422607422
epoch:  23 batch:  100 region_loss:  8.0 8.0 loc_loss:  0.4971878814697266 reward_loss:  -24.859392166137695
epoch:  23 batch:  110 region_loss:  4.0 4.0 loc_loss:  0.2822707176208496 reward_loss:  -14.113537788391113
epoch:  23 batch:  120 region_loss:  5.0 5.0 loc_loss:  0.32185935974121094 reward_loss:  -16.09296989440918
epoch:  23 batch:  130 region_loss:  7.0 7.0 loc_loss:  0.4876620864868164 reward_loss:  -24.38310432434082
acc@1:  0.13405456255879586
epoch: 23 region loss 0.17051094890510948 loc loss 0.5430157371159017 reward loss -27.150786646961297
epoch:  24 batch:  0 region_loss:  10.0 10.0 loc_loss:  0.5953452682495117 reward_loss:  -29.767263412475586
epoch:  24 batch:  10 region_loss:  10.0 10.0 loc_loss:  0.6428170013427734 reward_loss:  -32.14085006713867
epoch:  24 batch:  20 region_loss:  10.0 10.0 loc_loss:  0.5641278076171875 reward_loss:  -28.206388473510742
epoch:  24 batch:  30 region_loss:  10.0 10.0 loc_loss:  0.5855314254760742 reward_loss:  -29.27657127380371
epoch:  24 batch:  40 region_loss:  10.0 10.0 loc_loss:  0.7069142913818359 reward_loss:  -35.34571075439453
epoch:  24 batch:  50 region_loss:  10.0 10.0 loc_loss:  0.5969276046752929 reward_loss:  -29.84638023376465
epoch:  24 batch:  60 region_loss:  10.0 10.0 loc_loss:  0.6219977569580079 reward_loss:  -31.09988784790039
epoch:  24 batch:  70 region_loss:  10.0 10.0 loc_loss:  0.6012870025634766 reward_loss:  -30.064350128173828
epoch:  24 batch:  80 region_loss:  10.0 10.0 loc_loss:  0.674052963256836 reward_loss:  -33.70265197753906
epoch:  24 batch:  90 region_loss:  6.0 6.0 loc_loss:  0.4030801010131836 reward_loss:  -20.154006958007812
epoch:  24 batch:  100 region_loss:  8.0 8.0 loc_loss:  0.47525127410888673 reward_loss:  -23.762563705444336
epoch:  24 batch:  110 region_loss:  4.0 4.0 loc_loss:  0.26786663055419924 reward_loss:  -13.393329620361328
epoch:  24 batch:  120 region_loss:  5.0 5.0 loc_loss:  0.30508493423461913 reward_loss:  -15.254247665405273
epoch:  24 batch:  130 region_loss:  7.0 7.0 loc_loss:  0.466483154296875 reward_loss:  -23.324153900146484
acc@1:  0.13311382878645345
epoch: 24 region loss 0.17051094890510948 loc loss 0.5198375900296399 reward loss -25.991878899344563
epoch:  25 batch:  0 region_loss:  10.0 10.0 loc_loss:  0.5675246810913086 reward_loss:  -28.376232147216797
epoch:  25 batch:  10 region_loss:  10.0 10.0 loc_loss:  0.6151882934570313 reward_loss:  -30.75941276550293
epoch:  25 batch:  20 region_loss:  10.0 10.0 loc_loss:  0.5425807952880859 reward_loss:  -27.129039764404297
epoch:  25 batch:  30 region_loss:  10.0 10.0 loc_loss:  0.558641357421875 reward_loss:  -27.93206787109375
epoch:  25 batch:  40 region_loss:  10.0 10.0 loc_loss:  0.6800173187255859 reward_loss:  -34.0008659362793
epoch:  25 batch:  50 region_loss:  10.0 10.0 loc_loss:  0.5722213745117187 reward_loss:  -28.611068725585938
epoch:  25 batch:  60 region_loss:  10.0 10.0 loc_loss:  0.5928013610839844 reward_loss:  -29.64006996154785
epoch:  25 batch:  70 region_loss:  10.0 10.0 loc_loss:  0.576243896484375 reward_loss:  -28.812191009521484
epoch:  25 batch:  80 region_loss:  10.0 10.0 loc_loss:  0.6450299072265625 reward_loss:  -32.251495361328125
epoch:  25 batch:  90 region_loss:  6.0 6.0 loc_loss:  0.3847179794311523 reward_loss:  -19.235898971557617
epoch:  25 batch:  100 region_loss:  8.0 8.0 loc_loss:  0.4541440200805664 reward_loss:  -22.70720100402832
epoch:  25 batch:  110 region_loss:  4.0 4.0 loc_loss:  0.2540346336364746 reward_loss:  -12.70173168182373
epoch:  25 batch:  120 region_loss:  5.0 5.0 loc_loss:  0.2891779327392578 reward_loss:  -14.458897590637207
epoch:  25 batch:  130 region_loss:  7.0 7.0 loc_loss:  0.4459901428222656 reward_loss:  -22.299503326416016
acc@1:  0.1317027281279398
epoch: 25 region loss 0.17051094890510948 loc loss 0.49764203732901247 reward loss -24.882101796839358
epoch:  26 batch:  0 region_loss:  10.0 10.0 loc_loss:  0.5409175109863281 reward_loss:  -27.045873641967773
epoch:  26 batch:  10 region_loss:  10.0 10.0 loc_loss:  0.5887288284301758 reward_loss:  -29.436437606811523
epoch:  26 batch:  20 region_loss:  10.0 10.0 loc_loss:  0.521875 reward_loss:  -26.093746185302734
epoch:  26 batch:  30 region_loss:  10.0 10.0 loc_loss:  0.5329853820800782 reward_loss:  -26.649269104003906
epoch:  26 batch:  40 region_loss:  10.0 10.0 loc_loss:  0.6538445281982422 reward_loss:  -32.69222640991211
epoch:  26 batch:  50 region_loss:  10.0 10.0 loc_loss:  0.548535270690918 reward_loss:  -27.42676544189453
epoch:  26 batch:  60 region_loss:  10.0 10.0 loc_loss:  0.5649289321899414 reward_loss:  -28.246444702148438
epoch:  26 batch:  70 region_loss:  10.0 10.0 loc_loss:  0.5522538375854492 reward_loss:  -27.612689971923828
epoch:  26 batch:  80 region_loss:  10.0 10.0 loc_loss:  0.6169094848632812 reward_loss:  -30.845470428466797
epoch:  26 batch:  90 region_loss:  6.0 6.0 loc_loss:  0.3669495391845703 reward_loss:  -18.347476959228516
epoch:  26 batch:  100 region_loss:  8.0 8.0 loc_loss:  0.43378616333007813 reward_loss:  -21.689308166503906
epoch:  26 batch:  110 region_loss:  4.0 4.0 loc_loss:  0.24072437286376952 reward_loss:  -12.036219596862793
epoch:  26 batch:  120 region_loss:  5.0 5.0 loc_loss:  0.27405513763427736 reward_loss:  -13.70275592803955
epoch:  26 batch:  130 region_loss:  7.0 7.0 loc_loss:  0.42611331939697267 reward_loss:  -21.305665969848633
acc@1:  0.1279397930385701
epoch: 26 region loss 0.17051094890510948 loc loss 0.4763148546566929 reward loss -23.815742068047072
epoch:  27 batch:  0 region_loss:  10.0 10.0 loc_loss:  0.5154261016845703 reward_loss:  -25.771305084228516
epoch:  27 batch:  10 region_loss:  10.0 10.0 loc_loss:  0.5633111953735351 reward_loss:  -28.165559768676758
epoch:  27 batch:  20 region_loss:  10.0 10.0 loc_loss:  0.5018943786621094 reward_loss:  -25.0947208404541
epoch:  27 batch:  30 region_loss:  10.0 10.0 loc_loss:  0.508410415649414 reward_loss:  -25.42051887512207
epoch:  27 batch:  40 region_loss:  10.0 10.0 loc_loss:  0.6283126831054687 reward_loss:  -31.415630340576172
epoch:  27 batch:  50 region_loss:  10.0 10.0 loc_loss:  0.5257210540771484 reward_loss:  -26.286048889160156
epoch:  27 batch:  60 region_loss:  10.0 10.0 loc_loss:  0.5382446670532226 reward_loss:  -26.912233352661133
epoch:  27 batch:  70 region_loss:  10.0 10.0 loc_loss:  0.5291982650756836 reward_loss:  -26.459911346435547
epoch:  27 batch:  80 region_loss:  10.0 10.0 loc_loss:  0.5895942306518555 reward_loss:  -29.479705810546875
epoch:  27 batch:  90 region_loss:  6.0 6.0 loc_loss:  0.34972305297851564 reward_loss:  -17.48615264892578
epoch:  27 batch:  100 region_loss:  8.0 8.0 loc_loss:  0.41411746978759767 reward_loss:  -20.705875396728516
epoch:  27 batch:  110 region_loss:  4.0 4.0 loc_loss:  0.22789375305175782 reward_loss:  -11.394688606262207
epoch:  27 batch:  120 region_loss:  5.0 5.0 loc_loss:  0.25962873458862307 reward_loss:  -12.981436729431152
epoch:  27 batch:  130 region_loss:  7.0 7.0 loc_loss:  0.40679977416992186 reward_loss:  -20.339988708496094
acc@1:  0.12558795860771402
epoch: 27 region loss 0.17051094890510948 loc loss 0.45576125312025534 reward loss -22.788062633389103
epoch:  28 batch:  0 region_loss:  10.0 10.0 loc_loss:  0.4909696578979492 reward_loss:  -24.54848289489746
epoch:  28 batch:  10 region_loss:  10.0 10.0 loc_loss:  0.5388161849975586 reward_loss:  -26.940811157226562
epoch:  28 batch:  20 region_loss:  10.0 10.0 loc_loss:  0.48254638671875 reward_loss:  -24.127323150634766
epoch:  28 batch:  30 region_loss:  10.0 10.0 loc_loss:  0.4847907257080078 reward_loss:  -24.239538192749023
epoch:  28 batch:  40 region_loss:  10.0 10.0 loc_loss:  0.6033588790893555 reward_loss:  -30.167945861816406
epoch:  28 batch:  50 region_loss:  10.0 10.0 loc_loss:  0.5036702728271485 reward_loss:  -25.183513641357422
epoch:  28 batch:  60 region_loss:  10.0 10.0 loc_loss:  0.5126322174072265 reward_loss:  -25.63161277770996
epoch:  28 batch:  70 region_loss:  10.0 10.0 loc_loss:  0.5069856262207031 reward_loss:  -25.349279403686523
epoch:  28 batch:  80 region_loss:  10.0 10.0 loc_loss:  0.5629874801635742 reward_loss:  -28.14937400817871
epoch:  28 batch:  90 region_loss:  6.0 6.0 loc_loss:  0.3330145263671875 reward_loss:  -16.650724411010742
epoch:  28 batch:  100 region_loss:  8.0 8.0 loc_loss:  0.39508495330810545 reward_loss:  -19.75424575805664
epoch:  28 batch:  110 region_loss:  4.0 4.0 loc_loss:  0.21550819396972656 reward_loss:  -10.775407791137695
epoch:  28 batch:  120 region_loss:  5.0 5.0 loc_loss:  0.2458322525024414 reward_loss:  -12.29161262512207
epoch:  28 batch:  130 region_loss:  7.0 7.0 loc_loss:  0.3880076217651367 reward_loss:  -19.400381088256836
acc@1:  0.12652869238005646
epoch: 28 region loss 0.17051094890510948 loc loss 0.4359018542296695 reward loss -21.795090294232335
epoch:  29 batch:  0 region_loss:  10.0 10.0 loc_loss:  0.4674652862548828 reward_loss:  -23.37326431274414
epoch:  29 batch:  10 region_loss:  10.0 10.0 loc_loss:  0.5151566314697266 reward_loss:  -25.757831573486328
epoch:  29 batch:  20 region_loss:  10.0 10.0 loc_loss:  0.4637699890136719 reward_loss:  -23.188499450683594
epoch:  29 batch:  30 region_loss:  10.0 10.0 loc_loss:  0.4620333099365234 reward_loss:  -23.101669311523438
epoch:  29 batch:  40 region_loss:  10.0 10.0 loc_loss:  0.5789389801025391 reward_loss:  -28.946950912475586
epoch:  29 batch:  50 region_loss:  10.0 10.0 loc_loss:  0.4823025894165039 reward_loss:  -24.115127563476562
epoch:  29 batch:  60 region_loss:  10.0 10.0 loc_loss:  0.4879998779296875 reward_loss:  -24.399993896484375
epoch:  29 batch:  70 region_loss:  10.0 10.0 loc_loss:  0.4854998016357422 reward_loss:  -24.274988174438477
epoch:  29 batch:  80 region_loss:  10.0 10.0 loc_loss:  0.5370469284057617 reward_loss:  -26.85234832763672
epoch:  29 batch:  90 region_loss:  6.0 6.0 loc_loss:  0.3168077278137207 reward_loss:  -15.840384483337402
epoch:  29 batch:  100 region_loss:  8.0 8.0 loc_loss:  0.37664806365966796 reward_loss:  -18.8324031829834
epoch:  29 batch:  110 region_loss:  4.0 4.0 loc_loss:  0.20354482650756836 reward_loss:  -10.177242279052734
epoch:  29 batch:  120 region_loss:  5.0 5.0 loc_loss:  0.2325967788696289 reward_loss:  -11.629838943481445
epoch:  29 batch:  130 region_loss:  7.0 7.0 loc_loss:  0.3697092056274414 reward_loss:  -18.48546028137207
acc@1:  0.12652869238005646
epoch: 29 region loss 0.17051094890510948 loc loss 0.41667917415173383 reward loss -20.833958427401356
epoch:  30 batch:  0 region_loss:  10.0 10.0 loc_loss:  0.44484554290771483 reward_loss:  -22.242277145385742
epoch:  30 batch:  10 region_loss:  10.0 10.0 loc_loss:  0.49223915100097654 reward_loss:  -24.611955642700195
epoch:  30 batch:  20 region_loss:  10.0 10.0 loc_loss:  0.44551876068115237 reward_loss:  -22.275938034057617
epoch:  30 batch:  30 region_loss:  10.0 10.0 loc_loss:  0.4400612258911133 reward_loss:  -22.003061294555664
epoch:  30 batch:  40 region_loss:  10.0 10.0 loc_loss:  0.5550104522705078 reward_loss:  -27.750526428222656
epoch:  30 batch:  50 region_loss:  10.0 10.0 loc_loss:  0.46155982971191406 reward_loss:  -23.07798957824707
epoch:  30 batch:  60 region_loss:  10.0 10.0 loc_loss:  0.4642646026611328 reward_loss:  -23.213232040405273
epoch:  30 batch:  70 region_loss:  10.0 10.0 loc_loss:  0.46472442626953125 reward_loss:  -23.236223220825195
epoch:  30 batch:  80 region_loss:  10.0 10.0 loc_loss:  0.5116859436035156 reward_loss:  -25.58429718017578
epoch:  30 batch:  90 region_loss:  6.0 6.0 loc_loss:  0.301029109954834 reward_loss:  -15.051454544067383
epoch:  30 batch:  100 region_loss:  8.0 8.0 loc_loss:  0.35875057220458983 reward_loss:  -17.937530517578125
epoch:  30 batch:  110 region_loss:  4.0 4.0 loc_loss:  0.1919857406616211 reward_loss:  -9.599287033081055
epoch:  30 batch:  120 region_loss:  5.0 5.0 loc_loss:  0.21992198944091798 reward_loss:  -10.996099472045898
epoch:  30 batch:  130 region_loss:  7.0 7.0 loc_loss:  0.3518849563598633 reward_loss:  -17.594247817993164
