0
cuda
epoch:  0 batch:  0 region_loss:  10.0 10.0 loc_loss:  1.979678955078125 reward_loss:  -98.98352813720703
epoch:  0 batch:  10 region_loss:  10.0 10.0 loc_loss:  1.9851034545898438 reward_loss:  -99.25509643554688
epoch:  0 batch:  20 region_loss:  10.0 10.0 loc_loss:  1.979381103515625 reward_loss:  -98.9699478149414
epoch:  0 batch:  30 region_loss:  10.0 10.0 loc_loss:  1.988417510986328 reward_loss:  -99.42069244384766
epoch:  0 batch:  40 region_loss:  10.0 10.0 loc_loss:  1.985926055908203 reward_loss:  -99.29634094238281
epoch:  0 batch:  50 region_loss:  10.0 10.0 loc_loss:  1.9840380859375 reward_loss:  -99.20133972167969
epoch:  0 batch:  60 region_loss:  10.0 10.0 loc_loss:  1.97838134765625 reward_loss:  -98.91830444335938
epoch:  0 batch:  70 region_loss:  10.0 10.0 loc_loss:  1.9823500061035155 reward_loss:  -99.11810302734375
epoch:  0 batch:  80 region_loss:  10.0 10.0 loc_loss:  1.9770755004882812 reward_loss:  -98.85395812988281
epoch:  0 batch:  90 region_loss:  6.0 6.0 loc_loss:  1.1818569946289061 reward_loss:  -59.091976165771484
epoch:  0 batch:  100 region_loss:  8.0 8.0 loc_loss:  1.5716795349121093 reward_loss:  -78.58372497558594
epoch:  0 batch:  110 region_loss:  4.0 4.0 loc_loss:  0.7874334716796875 reward_loss:  -39.37194061279297
epoch:  0 batch:  120 region_loss:  5.0 5.0 loc_loss:  0.9797471618652344 reward_loss:  -48.98765563964844
epoch:  0 batch:  130 region_loss:  7.0 7.0 loc_loss:  1.3711003112792968 reward_loss:  -68.55411529541016
acc@1:  0.0018814675446848542
epoch: 0 region loss 0.17051094890510948 loc loss 1.6863004241720603 reward loss -84.31502396520906
epoch:  1 batch:  0 region_loss:  10.0 10.0 loc_loss:  1.9070870971679688 reward_loss:  -95.35401916503906
epoch:  1 batch:  10 region_loss:  10.0 10.0 loc_loss:  1.931561279296875 reward_loss:  -96.57717895507812
epoch:  1 batch:  20 region_loss:  10.0 10.0 loc_loss:  1.9116241455078125 reward_loss:  -95.580322265625
epoch:  1 batch:  30 region_loss:  10.0 10.0 loc_loss:  1.9264666748046875 reward_loss:  -96.32294464111328
epoch:  1 batch:  40 region_loss:  10.0 10.0 loc_loss:  1.91725830078125 reward_loss:  -95.86335754394531
epoch:  1 batch:  50 region_loss:  10.0 10.0 loc_loss:  1.9119790649414063 reward_loss:  -95.59895324707031
epoch:  1 batch:  60 region_loss:  10.0 10.0 loc_loss:  1.8895965576171876 reward_loss:  -94.47937774658203
epoch:  1 batch:  70 region_loss:  10.0 10.0 loc_loss:  1.8872119140625 reward_loss:  -94.35987091064453
epoch:  1 batch:  80 region_loss:  10.0 10.0 loc_loss:  1.8640390014648438 reward_loss:  -93.20249938964844
epoch:  1 batch:  90 region_loss:  6.0 6.0 loc_loss:  1.1043087768554687 reward_loss:  -55.21489715576172
epoch:  1 batch:  100 region_loss:  8.0 8.0 loc_loss:  1.4548167419433593 reward_loss:  -72.7415771484375
epoch:  1 batch:  110 region_loss:  4.0 4.0 loc_loss:  0.737764892578125 reward_loss:  -36.888282775878906
epoch:  1 batch:  120 region_loss:  5.0 5.0 loc_loss:  0.9058885955810547 reward_loss:  -45.294307708740234
epoch:  1 batch:  130 region_loss:  7.0 7.0 loc_loss:  1.2553487396240235 reward_loss:  -62.76784896850586
acc@1:  0.02022577610536218
epoch: 1 region loss 0.17051094890510948 loc loss 1.6017865998205476 reward loss -80.08933093774057
epoch:  2 batch:  0 region_loss:  10.0 10.0 loc_loss:  1.7263188171386719 reward_loss:  -86.31587982177734
epoch:  2 batch:  10 region_loss:  10.0 10.0 loc_loss:  1.739428253173828 reward_loss:  -86.97205352783203
epoch:  2 batch:  20 region_loss:  10.0 10.0 loc_loss:  1.7171432495117187 reward_loss:  -85.8572998046875
epoch:  2 batch:  30 region_loss:  10.0 10.0 loc_loss:  1.7781295776367188 reward_loss:  -88.90702056884766
epoch:  2 batch:  40 region_loss:  10.0 10.0 loc_loss:  1.7266433715820313 reward_loss:  -86.33268737792969
epoch:  2 batch:  50 region_loss:  10.0 10.0 loc_loss:  1.7755770874023438 reward_loss:  -88.77867126464844
epoch:  2 batch:  60 region_loss:  10.0 10.0 loc_loss:  1.7366786193847656 reward_loss:  -86.83350372314453
epoch:  2 batch:  70 region_loss:  10.0 10.0 loc_loss:  1.7534925842285156 reward_loss:  -87.67535400390625
epoch:  2 batch:  80 region_loss:  10.0 10.0 loc_loss:  1.7295057678222656 reward_loss:  -86.47564697265625
epoch:  2 batch:  90 region_loss:  6.0 6.0 loc_loss:  1.0347381591796876 reward_loss:  -51.7364387512207
epoch:  2 batch:  100 region_loss:  8.0 8.0 loc_loss:  1.3702239990234375 reward_loss:  -68.51026153564453
epoch:  2 batch:  110 region_loss:  4.0 4.0 loc_loss:  0.7016622924804687 reward_loss:  -35.08262634277344
epoch:  2 batch:  120 region_loss:  5.0 5.0 loc_loss:  0.8649298858642578 reward_loss:  -43.246334075927734
epoch:  2 batch:  130 region_loss:  7.0 7.0 loc_loss:  1.2026353454589844 reward_loss:  -60.1307487487793
acc@1:  0.029633113828786452
epoch: 2 region loss 0.17051094890510948 loc loss 1.4735809281620666 reward loss -73.67910215280352
epoch:  3 batch:  0 region_loss:  10.0 10.0 loc_loss:  1.6743673706054687 reward_loss:  -83.7192611694336
epoch:  3 batch:  10 region_loss:  10.0 10.0 loc_loss:  1.6710443115234375 reward_loss:  -83.55220031738281
epoch:  3 batch:  20 region_loss:  10.0 10.0 loc_loss:  1.6280068969726562 reward_loss:  -81.40009307861328
epoch:  3 batch:  30 region_loss:  10.0 10.0 loc_loss:  1.7071710205078126 reward_loss:  -85.35847473144531
epoch:  3 batch:  40 region_loss:  10.0 10.0 loc_loss:  1.6507830810546875 reward_loss:  -82.53865814208984
epoch:  3 batch:  50 region_loss:  10.0 10.0 loc_loss:  1.706475830078125 reward_loss:  -85.32217407226562
epoch:  3 batch:  60 region_loss:  10.0 10.0 loc_loss:  1.6697314453125 reward_loss:  -83.48628234863281
epoch:  3 batch:  70 region_loss:  10.0 10.0 loc_loss:  1.6845591735839844 reward_loss:  -84.22773742675781
epoch:  3 batch:  80 region_loss:  10.0 10.0 loc_loss:  1.6695680236816406 reward_loss:  -83.47846221923828
epoch:  3 batch:  90 region_loss:  6.0 6.0 loc_loss:  1.002062530517578 reward_loss:  -50.10321807861328
epoch:  3 batch:  100 region_loss:  8.0 8.0 loc_loss:  1.3234878540039063 reward_loss:  -66.1736831665039
epoch:  3 batch:  110 region_loss:  4.0 4.0 loc_loss:  0.6819660949707032 reward_loss:  -34.09779739379883
epoch:  3 batch:  120 region_loss:  5.0 5.0 loc_loss:  0.8400473022460937 reward_loss:  -42.002742767333984
epoch:  3 batch:  130 region_loss:  7.0 7.0 loc_loss:  1.170298843383789 reward_loss:  -58.515106201171875
acc@1:  0.040921919096895576
epoch: 3 region loss 0.17051094890510948 loc loss 1.4141492874256887 reward loss -70.70750786440216
epoch:  4 batch:  0 region_loss:  10.0 10.0 loc_loss:  1.6343789672851563 reward_loss:  -81.72030639648438
epoch:  4 batch:  10 region_loss:  10.0 10.0 loc_loss:  1.6272244262695312 reward_loss:  -81.36112213134766
epoch:  4 batch:  20 region_loss:  10.0 10.0 loc_loss:  1.5638603210449218 reward_loss:  -78.19346618652344
epoch:  4 batch:  30 region_loss:  10.0 10.0 loc_loss:  1.6528480529785157 reward_loss:  -82.64167022705078
epoch:  4 batch:  40 region_loss:  10.0 10.0 loc_loss:  1.595284423828125 reward_loss:  -79.76437377929688
epoch:  4 batch:  50 region_loss:  10.0 10.0 loc_loss:  1.64998046875 reward_loss:  -82.49881744384766
epoch:  4 batch:  60 region_loss:  10.0 10.0 loc_loss:  1.6158094787597657 reward_loss:  -80.79068756103516
epoch:  4 batch:  70 region_loss:  10.0 10.0 loc_loss:  1.6246287536621093 reward_loss:  -81.23197937011719
epoch:  4 batch:  80 region_loss:  10.0 10.0 loc_loss:  1.617068328857422 reward_loss:  -80.85319519042969
epoch:  4 batch:  90 region_loss:  6.0 6.0 loc_loss:  0.973128662109375 reward_loss:  -48.656009674072266
epoch:  4 batch:  100 region_loss:  8.0 8.0 loc_loss:  1.2793728637695312 reward_loss:  -63.96873092651367
epoch:  4 batch:  110 region_loss:  4.0 4.0 loc_loss:  0.6644884490966797 reward_loss:  -33.22489547729492
epoch:  4 batch:  120 region_loss:  5.0 5.0 loc_loss:  0.8155438232421875 reward_loss:  -40.776668548583984
epoch:  4 batch:  130 region_loss:  7.0 7.0 loc_loss:  1.1382500457763671 reward_loss:  -56.91301727294922
acc@1:  0.04891815616180621
epoch: 4 region loss 0.17051094890510948 loc loss 1.3661682112199545 reward loss -68.30843255815715
epoch:  5 batch:  0 region_loss:  10.0 10.0 loc_loss:  1.5886399841308594 reward_loss:  -79.43157958984375
epoch:  5 batch:  10 region_loss:  10.0 10.0 loc_loss:  1.5822251892089845 reward_loss:  -79.11128234863281
epoch:  5 batch:  20 region_loss:  10.0 10.0 loc_loss:  1.5002696228027343 reward_loss:  -75.01348114013672
epoch:  5 batch:  30 region_loss:  10.0 10.0 loc_loss:  1.5984890747070313 reward_loss:  -79.92452239990234
epoch:  5 batch:  40 region_loss:  10.0 10.0 loc_loss:  1.541221160888672 reward_loss:  -77.06057739257812
epoch:  5 batch:  50 region_loss:  10.0 10.0 loc_loss:  1.59231689453125 reward_loss:  -79.61518096923828
epoch:  5 batch:  60 region_loss:  10.0 10.0 loc_loss:  1.5621856689453124 reward_loss:  -78.109130859375
epoch:  5 batch:  70 region_loss:  10.0 10.0 loc_loss:  1.5641387939453124 reward_loss:  -78.20703125
epoch:  5 batch:  80 region_loss:  10.0 10.0 loc_loss:  1.5636581420898437 reward_loss:  -78.1828384399414
epoch:  5 batch:  90 region_loss:  6.0 6.0 loc_loss:  0.943648681640625 reward_loss:  -47.18212890625
epoch:  5 batch:  100 region_loss:  8.0 8.0 loc_loss:  1.2327875518798828 reward_loss:  -61.63947677612305
epoch:  5 batch:  110 region_loss:  4.0 4.0 loc_loss:  0.6469140625 reward_loss:  -32.34593200683594
epoch:  5 batch:  120 region_loss:  5.0 5.0 loc_loss:  0.7892040252685547 reward_loss:  -39.460609436035156
epoch:  5 batch:  130 region_loss:  7.0 7.0 loc_loss:  1.1040003967285157 reward_loss:  -55.20002746582031
acc@1:  0.05832549388523048
epoch: 5 region loss 0.17051094890510948 loc loss 1.317619948004284 reward loss -65.8809762244677
epoch:  6 batch:  0 region_loss:  10.0 10.0 loc_loss:  1.5359034729003906 reward_loss:  -76.79473876953125
epoch:  6 batch:  10 region_loss:  10.0 10.0 loc_loss:  1.53244140625 reward_loss:  -76.62208557128906
epoch:  6 batch:  20 region_loss:  10.0 10.0 loc_loss:  1.4331167602539063 reward_loss:  -71.65591430664062
epoch:  6 batch:  30 region_loss:  10.0 10.0 loc_loss:  1.5400418090820311 reward_loss:  -77.00255584716797
epoch:  6 batch:  40 region_loss:  10.0 10.0 loc_loss:  1.4850679016113282 reward_loss:  -74.25340270996094
epoch:  6 batch:  50 region_loss:  10.0 10.0 loc_loss:  1.5297732543945313 reward_loss:  -76.48868560791016
epoch:  6 batch:  60 region_loss:  10.0 10.0 loc_loss:  1.5041404724121095 reward_loss:  -75.20696258544922
epoch:  6 batch:  70 region_loss:  10.0 10.0 loc_loss:  1.4996922302246094 reward_loss:  -74.98502349853516
epoch:  6 batch:  80 region_loss:  10.0 10.0 loc_loss:  1.507799835205078 reward_loss:  -75.38996124267578
epoch:  6 batch:  90 region_loss:  6.0 6.0 loc_loss:  0.9124652099609375 reward_loss:  -45.623207092285156
epoch:  6 batch:  100 region_loss:  8.0 8.0 loc_loss:  1.1819430541992189 reward_loss:  -59.09722900390625
epoch:  6 batch:  110 region_loss:  4.0 4.0 loc_loss:  0.628491439819336 reward_loss:  -31.42376708984375
epoch:  6 batch:  120 region_loss:  5.0 5.0 loc_loss:  0.7605024719238281 reward_loss:  -38.02507781982422
epoch:  6 batch:  130 region_loss:  7.0 7.0 loc_loss:  1.066904525756836 reward_loss:  -53.345245361328125
acc@1:  0.0729068673565381
epoch: 6 region loss 0.17051094890510948 loc loss 1.2658399991223412 reward loss -63.29198230270052
epoch:  7 batch:  0 region_loss:  10.0 10.0 loc_loss:  1.47661865234375 reward_loss:  -73.83097076416016
epoch:  7 batch:  10 region_loss:  10.0 10.0 loc_loss:  1.4764552307128906 reward_loss:  -73.82275390625
epoch:  7 batch:  20 region_loss:  10.0 10.0 loc_loss:  1.3623469543457032 reward_loss:  -68.11735534667969
epoch:  7 batch:  30 region_loss:  10.0 10.0 loc_loss:  1.4760830688476563 reward_loss:  -73.80416870117188
epoch:  7 batch:  40 region_loss:  10.0 10.0 loc_loss:  1.428043212890625 reward_loss:  -71.40215301513672
epoch:  7 batch:  50 region_loss:  10.0 10.0 loc_loss:  1.4621800231933593 reward_loss:  -73.10934448242188
epoch:  7 batch:  60 region_loss:  10.0 10.0 loc_loss:  1.441248321533203 reward_loss:  -72.06241607666016
epoch:  7 batch:  70 region_loss:  10.0 10.0 loc_loss:  1.4307537841796876 reward_loss:  -71.53717041015625
epoch:  7 batch:  80 region_loss:  10.0 10.0 loc_loss:  1.4488534545898437 reward_loss:  -72.44267272949219
epoch:  7 batch:  90 region_loss:  6.0 6.0 loc_loss:  0.8795404815673828 reward_loss:  -43.97700881958008
epoch:  7 batch:  100 region_loss:  8.0 8.0 loc_loss:  1.1268665313720703 reward_loss:  -56.34334182739258
epoch:  7 batch:  110 region_loss:  4.0 4.0 loc_loss:  0.608904800415039 reward_loss:  -30.44497299194336
epoch:  7 batch:  120 region_loss:  5.0 5.0 loc_loss:  0.729810562133789 reward_loss:  -36.490501403808594
epoch:  7 batch:  130 region_loss:  7.0 7.0 loc_loss:  1.0270635986328125 reward_loss:  -51.35316848754883
acc@1:  0.08466603951081844
epoch: 7 region loss 0.17051094890510948 loc loss 1.210545948891744 reward loss -60.5272949107372
epoch:  8 batch:  0 region_loss:  10.0 10.0 loc_loss:  1.4113514709472657 reward_loss:  -70.56777954101562
epoch:  8 batch:  10 region_loss:  10.0 10.0 loc_loss:  1.4144761657714844 reward_loss:  -70.72379302978516
epoch:  8 batch:  20 region_loss:  10.0 10.0 loc_loss:  1.2898065185546874 reward_loss:  -64.4903335571289
epoch:  8 batch:  30 region_loss:  10.0 10.0 loc_loss:  1.4071397399902343 reward_loss:  -70.35697174072266
epoch:  8 batch:  40 region_loss:  10.0 10.0 loc_loss:  1.3724082946777343 reward_loss:  -68.62044525146484
epoch:  8 batch:  50 region_loss:  10.0 10.0 loc_loss:  1.3899819946289063 reward_loss:  -69.49908447265625
epoch:  8 batch:  60 region_loss:  10.0 10.0 loc_loss:  1.3748416137695312 reward_loss:  -68.74208068847656
epoch:  8 batch:  70 region_loss:  10.0 10.0 loc_loss:  1.35802978515625 reward_loss:  -67.90123748779297
epoch:  8 batch:  80 region_loss:  10.0 10.0 loc_loss:  1.3874490356445313 reward_loss:  -69.37245178222656
epoch:  8 batch:  90 region_loss:  6.0 6.0 loc_loss:  0.8451638031005859 reward_loss:  -42.2581672668457
epoch:  8 batch:  100 region_loss:  8.0 8.0 loc_loss:  1.068838119506836 reward_loss:  -53.44191360473633
epoch:  8 batch:  110 region_loss:  4.0 4.0 loc_loss:  0.5883720779418945 reward_loss:  -29.418663024902344
epoch:  8 batch:  120 region_loss:  5.0 5.0 loc_loss:  0.6977136993408203 reward_loss:  -34.885684967041016
epoch:  8 batch:  130 region_loss:  7.0 7.0 loc_loss:  0.9852706909179687 reward_loss:  -49.26353454589844
acc@1:  0.0936030103480715
epoch: 8 region loss 0.17051094890510948 loc loss 1.152729772024781 reward loss -57.63646834436124
epoch:  9 batch:  0 region_loss:  10.0 10.0 loc_loss:  1.3414462280273438 reward_loss:  -67.0722885131836
epoch:  9 batch:  10 region_loss:  10.0 10.0 loc_loss:  1.3479176330566407 reward_loss:  -67.39588165283203
epoch:  9 batch:  20 region_loss:  10.0 10.0 loc_loss:  1.2175057983398438 reward_loss:  -60.875282287597656
epoch:  9 batch:  30 region_loss:  10.0 10.0 loc_loss:  1.3351239013671874 reward_loss:  -66.75619506835938
epoch:  9 batch:  40 region_loss:  10.0 10.0 loc_loss:  1.3190817260742187 reward_loss:  -65.95404052734375
epoch:  9 batch:  50 region_loss:  10.0 10.0 loc_loss:  1.3142984008789063 reward_loss:  -65.71489715576172
epoch:  9 batch:  60 region_loss:  10.0 10.0 loc_loss:  1.307314453125 reward_loss:  -65.36575317382812
epoch:  9 batch:  70 region_loss:  10.0 10.0 loc_loss:  1.283098907470703 reward_loss:  -64.1549301147461
epoch:  9 batch:  80 region_loss:  10.0 10.0 loc_loss:  1.3248301696777345 reward_loss:  -66.24150848388672
epoch:  9 batch:  90 region_loss:  6.0 6.0 loc_loss:  0.8097850799560546 reward_loss:  -40.489173889160156
epoch:  9 batch:  100 region_loss:  8.0 8.0 loc_loss:  1.0099077606201172 reward_loss:  -50.49538803100586
epoch:  9 batch:  110 region_loss:  4.0 4.0 loc_loss:  0.5670158767700195 reward_loss:  -28.35079002380371
epoch:  9 batch:  120 region_loss:  5.0 5.0 loc_loss:  0.6649905395507812 reward_loss:  -33.249515533447266
epoch:  9 batch:  130 region_loss:  7.0 7.0 loc_loss:  0.9423866271972656 reward_loss:  -47.11933517456055
acc@1:  0.10442144873000941
epoch: 9 region loss 0.17051094890510948 loc loss 1.0939433469563504 reward loss -54.69716977028951
epoch:  10 batch:  0 region_loss:  10.0 10.0 loc_loss:  1.2694461059570312 reward_loss:  -63.47236251831055
epoch:  10 batch:  10 region_loss:  10.0 10.0 loc_loss:  1.2785738372802735 reward_loss:  -63.92869567871094
epoch:  10 batch:  20 region_loss:  10.0 10.0 loc_loss:  1.1469187927246094 reward_loss:  -57.345947265625
epoch:  10 batch:  30 region_loss:  10.0 10.0 loc_loss:  1.2619487762451171 reward_loss:  -63.097442626953125
epoch:  10 batch:  40 region_loss:  10.0 10.0 loc_loss:  1.2669853210449218 reward_loss:  -63.34928512573242
epoch:  10 batch:  50 region_loss:  10.0 10.0 loc_loss:  1.2372509765625 reward_loss:  -61.862525939941406
epoch:  10 batch:  60 region_loss:  10.0 10.0 loc_loss:  1.2407933044433594 reward_loss:  -62.03963851928711
epoch:  10 batch:  70 region_loss:  10.0 10.0 loc_loss:  1.2082664489746093 reward_loss:  -60.41332244873047
epoch:  10 batch:  80 region_loss:  10.0 10.0 loc_loss:  1.2630482482910157 reward_loss:  -63.152400970458984
epoch:  10 batch:  90 region_loss:  6.0 6.0 loc_loss:  0.773990478515625 reward_loss:  -38.69953918457031
epoch:  10 batch:  100 region_loss:  8.0 8.0 loc_loss:  0.9520365905761718 reward_loss:  -47.60182571411133
epoch:  10 batch:  110 region_loss:  4.0 4.0 loc_loss:  0.545075798034668 reward_loss:  -27.253765106201172
epoch:  10 batch:  120 region_loss:  5.0 5.0 loc_loss:  0.6324037933349609 reward_loss:  -31.620162963867188
epoch:  10 batch:  130 region_loss:  7.0 7.0 loc_loss:  0.8992121124267578 reward_loss:  -44.96058654785156
acc@1:  0.11571025399811853
epoch: 10 region loss 0.17051094890510948 loc loss 1.0357274120915545 reward loss -51.78637856810632
epoch:  11 batch:  0 region_loss:  10.0 10.0 loc_loss:  1.1976645660400391 reward_loss:  -59.88323974609375
epoch:  11 batch:  10 region_loss:  10.0 10.0 loc_loss:  1.2088508605957031 reward_loss:  -60.44253921508789
epoch:  11 batch:  20 region_loss:  10.0 10.0 loc_loss:  1.0794445037841798 reward_loss:  -53.97222137451172
epoch:  11 batch:  30 region_loss:  10.0 10.0 loc_loss:  1.1891039276123048 reward_loss:  -59.455196380615234
epoch:  11 batch:  40 region_loss:  10.0 10.0 loc_loss:  1.2154138946533204 reward_loss:  -60.77070236206055
epoch:  11 batch:  50 region_loss:  10.0 10.0 loc_loss:  1.1608671569824218 reward_loss:  -58.043357849121094
epoch:  11 batch:  60 region_loss:  10.0 10.0 loc_loss:  1.1764669036865234 reward_loss:  -58.82334899902344
epoch:  11 batch:  70 region_loss:  10.0 10.0 loc_loss:  1.136202621459961 reward_loss:  -56.810142517089844
epoch:  11 batch:  80 region_loss:  10.0 10.0 loc_loss:  1.2039122772216797 reward_loss:  -60.19561767578125
epoch:  11 batch:  90 region_loss:  6.0 6.0 loc_loss:  0.7384835052490234 reward_loss:  -36.92417907714844
epoch:  11 batch:  100 region_loss:  8.0 8.0 loc_loss:  0.8966189575195312 reward_loss:  -44.830963134765625
epoch:  11 batch:  110 region_loss:  4.0 4.0 loc_loss:  0.522736930847168 reward_loss:  -26.136856079101562
epoch:  11 batch:  120 region_loss:  5.0 5.0 loc_loss:  0.6005248260498047 reward_loss:  -30.0262393951416
epoch:  11 batch:  130 region_loss:  7.0 7.0 loc_loss:  0.8566516876220703 reward_loss:  -42.83258819580078
acc@1:  0.12417685794920037
epoch: 11 region loss 0.17051094890510948 loc loss 0.9794223105994455 reward loss -48.97110482375987
epoch:  12 batch:  0 region_loss:  10.0 10.0 loc_loss:  1.1284530639648438 reward_loss:  -56.42265319824219
epoch:  12 batch:  10 region_loss:  10.0 10.0 loc_loss:  1.1411976623535156 reward_loss:  -57.05988311767578
epoch:  12 batch:  20 region_loss:  10.0 10.0 loc_loss:  1.0160342407226564 reward_loss:  -50.80171585083008
epoch:  12 batch:  30 region_loss:  10.0 10.0 loc_loss:  1.1180227661132813 reward_loss:  -55.90114212036133
epoch:  12 batch:  40 region_loss:  10.0 10.0 loc_loss:  1.1648678588867187 reward_loss:  -58.24339294433594
epoch:  12 batch:  50 region_loss:  10.0 10.0 loc_loss:  1.0876144409179687 reward_loss:  -54.38072204589844
epoch:  12 batch:  60 region_loss:  10.0 10.0 loc_loss:  1.1147245788574218 reward_loss:  -55.736228942871094
epoch:  12 batch:  70 region_loss:  10.0 10.0 loc_loss:  1.0691356658935547 reward_loss:  -53.456787109375
epoch:  12 batch:  80 region_loss:  10.0 10.0 loc_loss:  1.1481381225585938 reward_loss:  -57.406925201416016
epoch:  12 batch:  90 region_loss:  6.0 6.0 loc_loss:  0.7040011596679687 reward_loss:  -35.20006561279297
epoch:  12 batch:  100 region_loss:  8.0 8.0 loc_loss:  0.8446343231201172 reward_loss:  -42.231712341308594
epoch:  12 batch:  110 region_loss:  4.0 4.0 loc_loss:  0.5002774047851563 reward_loss:  -25.013809204101562
epoch:  12 batch:  120 region_loss:  5.0 5.0 loc_loss:  0.569833869934082 reward_loss:  -28.49169921875
epoch:  12 batch:  130 region_loss:  7.0 7.0 loc_loss:  0.8155052185058593 reward_loss:  -40.7752571105957
acc@1:  0.13311382878645345
epoch: 12 region loss 0.17051094890510948 loc loss 0.9260674834425431 reward loss -46.3033731279582
epoch:  13 batch:  0 region_loss:  10.0 10.0 loc_loss:  1.062947769165039 reward_loss:  -53.147396087646484
epoch:  13 batch:  10 region_loss:  10.0 10.0 loc_loss:  1.0775025939941407 reward_loss:  -53.87512969970703
epoch:  13 batch:  20 region_loss:  10.0 10.0 loc_loss:  0.9573088836669922 reward_loss:  -47.86543655395508
epoch:  13 batch:  30 region_loss:  10.0 10.0 loc_loss:  1.0502019500732422 reward_loss:  -52.51008605957031
epoch:  13 batch:  40 region_loss:  10.0 10.0 loc_loss:  1.115923614501953 reward_loss:  -55.796173095703125
epoch:  13 batch:  50 region_loss:  10.0 10.0 loc_loss:  1.0195291137695313 reward_loss:  -50.9764518737793
epoch:  13 batch:  60 region_loss:  10.0 10.0 loc_loss:  1.0562187957763671 reward_loss:  -52.81093978881836
epoch:  13 batch:  70 region_loss:  10.0 10.0 loc_loss:  1.008239974975586 reward_loss:  -50.41199493408203
epoch:  13 batch:  80 region_loss:  10.0 10.0 loc_loss:  1.095542449951172 reward_loss:  -54.777122497558594
epoch:  13 batch:  90 region_loss:  6.0 6.0 loc_loss:  0.6709613800048828 reward_loss:  -33.54806900024414
epoch:  13 batch:  100 region_loss:  8.0 8.0 loc_loss:  0.7967625427246093 reward_loss:  -39.8381233215332
epoch:  13 batch:  110 region_loss:  4.0 4.0 loc_loss:  0.4779444885253906 reward_loss:  -23.8972225189209
epoch:  13 batch:  120 region_loss:  5.0 5.0 loc_loss:  0.5404785537719726 reward_loss:  -27.023929595947266
epoch:  13 batch:  130 region_loss:  7.0 7.0 loc_loss:  0.7762337493896484 reward_loss:  -38.81169128417969
acc@1:  0.13687676387582315
epoch: 13 region loss 0.17051094890510948 loc loss 0.8762401500061481 reward loss -43.812005217057944
epoch:  14 batch:  0 region_loss:  10.0 10.0 loc_loss:  1.0021508026123047 reward_loss:  -50.10753631591797
epoch:  14 batch:  10 region_loss:  10.0 10.0 loc_loss:  1.0186997222900391 reward_loss:  -50.93498992919922
epoch:  14 batch:  20 region_loss:  10.0 10.0 loc_loss:  0.9033458709716797 reward_loss:  -45.167293548583984
epoch:  14 batch:  30 region_loss:  10.0 10.0 loc_loss:  0.9873039245605468 reward_loss:  -49.365196228027344
epoch:  14 batch:  40 region_loss:  10.0 10.0 loc_loss:  1.0691681671142579 reward_loss:  -53.45841598510742
epoch:  14 batch:  50 region_loss:  10.0 10.0 loc_loss:  0.9575299835205078 reward_loss:  -47.87648391723633
epoch:  14 batch:  60 region_loss:  10.0 10.0 loc_loss:  1.001581573486328 reward_loss:  -50.07907485961914
epoch:  14 batch:  70 region_loss:  10.0 10.0 loc_loss:  0.9533481597900391 reward_loss:  -47.66740798950195
epoch:  14 batch:  80 region_loss:  10.0 10.0 loc_loss:  1.0457437133789063 reward_loss:  -52.28718948364258
epoch:  14 batch:  90 region_loss:  6.0 6.0 loc_loss:  0.6397660827636719 reward_loss:  -31.988304138183594
epoch:  14 batch:  100 region_loss:  8.0 8.0 loc_loss:  0.7532891082763672 reward_loss:  -37.66445541381836
epoch:  14 batch:  110 region_loss:  4.0 4.0 loc_loss:  0.45600284576416017 reward_loss:  -22.800138473510742
epoch:  14 batch:  120 region_loss:  5.0 5.0 loc_loss:  0.5126412963867187 reward_loss:  -25.632062911987305
epoch:  14 batch:  130 region_loss:  7.0 7.0 loc_loss:  0.7391267395019532 reward_loss:  -36.95634078979492
acc@1:  0.13922859830667922
epoch: 14 region loss 0.17051094890510948 loc loss 0.8301759697573029 reward loss -41.50879435295606
epoch:  15 batch:  0 region_loss:  10.0 10.0 loc_loss:  0.9461988830566406 reward_loss:  -47.30994415283203
epoch:  15 batch:  10 region_loss:  10.0 10.0 loc_loss:  0.9649162292480469 reward_loss:  -48.24580764770508
epoch:  15 batch:  20 region_loss:  10.0 10.0 loc_loss:  0.8542414855957031 reward_loss:  -42.712074279785156
epoch:  15 batch:  30 region_loss:  10.0 10.0 loc_loss:  0.9303755950927735 reward_loss:  -46.51877975463867
epoch:  15 batch:  40 region_loss:  10.0 10.0 loc_loss:  1.0249734497070313 reward_loss:  -51.24867248535156
epoch:  15 batch:  50 region_loss:  10.0 10.0 loc_loss:  0.9018685913085938 reward_loss:  -45.09342956542969
epoch:  15 batch:  60 region_loss:  10.0 10.0 loc_loss:  0.9509564208984375 reward_loss:  -47.547821044921875
epoch:  15 batch:  70 region_loss:  10.0 10.0 loc_loss:  0.9036795806884765 reward_loss:  -45.18397521972656
epoch:  15 batch:  80 region_loss:  10.0 10.0 loc_loss:  0.9987374114990234 reward_loss:  -49.93687057495117
epoch:  15 batch:  90 region_loss:  6.0 6.0 loc_loss:  0.610516471862793 reward_loss:  -30.525821685791016
epoch:  15 batch:  100 region_loss:  8.0 8.0 loc_loss:  0.7140001678466796 reward_loss:  -35.700008392333984
epoch:  15 batch:  110 region_loss:  4.0 4.0 loc_loss:  0.4347713470458984 reward_loss:  -21.738561630249023
epoch:  15 batch:  120 region_loss:  5.0 5.0 loc_loss:  0.48618526458740235 reward_loss:  -24.30927276611328
epoch:  15 batch:  130 region_loss:  7.0 7.0 loc_loss:  0.704332275390625 reward_loss:  -35.21661376953125
acc@1:  0.1415804327375353
epoch: 15 region loss 0.17051094890510948 loc loss 0.7878238655702912 reward loss -39.39119281908021
epoch:  16 batch:  0 region_loss:  10.0 10.0 loc_loss:  0.8949954986572266 reward_loss:  -44.749755859375
epoch:  16 batch:  10 region_loss:  10.0 10.0 loc_loss:  0.9157952880859375 reward_loss:  -45.789764404296875
epoch:  16 batch:  20 region_loss:  10.0 10.0 loc_loss:  0.8098665618896485 reward_loss:  -40.49332809448242
epoch:  16 batch:  30 region_loss:  10.0 10.0 loc_loss:  0.8792147827148438 reward_loss:  -43.96074295043945
epoch:  16 batch:  40 region_loss:  10.0 10.0 loc_loss:  0.983436279296875 reward_loss:  -49.17181396484375
epoch:  16 batch:  50 region_loss:  10.0 10.0 loc_loss:  0.8522152709960937 reward_loss:  -42.610782623291016
epoch:  16 batch:  60 region_loss:  10.0 10.0 loc_loss:  0.9038650512695312 reward_loss:  -45.19324493408203
epoch:  16 batch:  70 region_loss:  10.0 10.0 loc_loss:  0.8584603881835937 reward_loss:  -42.92301940917969
epoch:  16 batch:  80 region_loss:  10.0 10.0 loc_loss:  0.9542936706542968 reward_loss:  -47.714683532714844
epoch:  16 batch:  90 region_loss:  6.0 6.0 loc_loss:  0.5830742645263672 reward_loss:  -29.15371322631836
epoch:  16 batch:  100 region_loss:  8.0 8.0 loc_loss:  0.6783877563476562 reward_loss:  -33.91938781738281
epoch:  16 batch:  110 region_loss:  4.0 4.0 loc_loss:  0.414317626953125 reward_loss:  -20.71588134765625
epoch:  16 batch:  120 region_loss:  5.0 5.0 loc_loss:  0.4609145355224609 reward_loss:  -23.045726776123047
epoch:  16 batch:  130 region_loss:  7.0 7.0 loc_loss:  0.6717280578613282 reward_loss:  -33.586402893066406
acc@1:  0.14346190028222014
epoch: 16 region loss 0.17051094890510948 loc loss 0.7489756763764541 reward loss -37.4487860324609
epoch:  17 batch:  0 region_loss:  10.0 10.0 loc_loss:  0.8482420349121094 reward_loss:  -42.41209030151367
epoch:  17 batch:  10 region_loss:  10.0 10.0 loc_loss:  0.8709122467041016 reward_loss:  -43.54560852050781
epoch:  17 batch:  20 region_loss:  10.0 10.0 loc_loss:  0.7697175598144531 reward_loss:  -38.48588180541992
epoch:  17 batch:  30 region_loss:  10.0 10.0 loc_loss:  0.8331218719482422 reward_loss:  -41.65609359741211
epoch:  17 batch:  40 region_loss:  10.0 10.0 loc_loss:  0.9447837066650391 reward_loss:  -47.23917770385742
epoch:  17 batch:  50 region_loss:  10.0 10.0 loc_loss:  0.807802734375 reward_loss:  -40.39013671875
epoch:  17 batch:  60 region_loss:  10.0 10.0 loc_loss:  0.8597624206542969 reward_loss:  -42.98812484741211
epoch:  17 batch:  70 region_loss:  10.0 10.0 loc_loss:  0.817267074584961 reward_loss:  -40.86334991455078
epoch:  17 batch:  80 region_loss:  10.0 10.0 loc_loss:  0.9123986053466797 reward_loss:  -45.619930267333984
epoch:  17 batch:  90 region_loss:  6.0 6.0 loc_loss:  0.557297248840332 reward_loss:  -27.86486053466797
epoch:  17 batch:  100 region_loss:  8.0 8.0 loc_loss:  0.645830307006836 reward_loss:  -32.2915153503418
epoch:  17 batch:  110 region_loss:  4.0 4.0 loc_loss:  0.39474971771240236 reward_loss:  -19.73748779296875
epoch:  17 batch:  120 region_loss:  5.0 5.0 loc_loss:  0.43688968658447264 reward_loss:  -21.8444881439209
epoch:  17 batch:  130 region_loss:  7.0 7.0 loc_loss:  0.6412374114990235 reward_loss:  -32.061866760253906
acc@1:  0.14346190028222014
epoch: 17 region loss 0.17051094890510948 loc loss 0.7132890531442462 reward loss -35.66445219777796
epoch:  18 batch:  0 region_loss:  10.0 10.0 loc_loss:  0.8054000854492187 reward_loss:  -40.269996643066406
epoch:  18 batch:  10 region_loss:  10.0 10.0 loc_loss:  0.8298956298828125 reward_loss:  -41.49477767944336
epoch:  18 batch:  20 region_loss:  10.0 10.0 loc_loss:  0.7334034729003907 reward_loss:  -36.67018127441406
epoch:  18 batch:  30 region_loss:  10.0 10.0 loc_loss:  0.7911419677734375 reward_loss:  -39.55709457397461
epoch:  18 batch:  40 region_loss:  10.0 10.0 loc_loss:  0.9087251281738281 reward_loss:  -45.436256408691406
epoch:  18 batch:  50 region_loss:  10.0 10.0 loc_loss:  0.7676689147949218 reward_loss:  -38.38344192504883
epoch:  18 batch:  60 region_loss:  10.0 10.0 loc_loss:  0.8182679748535157 reward_loss:  -40.913387298583984
epoch:  18 batch:  70 region_loss:  10.0 10.0 loc_loss:  0.7791580200195313 reward_loss:  -38.9578971862793
epoch:  18 batch:  80 region_loss:  10.0 10.0 loc_loss:  0.8726405334472657 reward_loss:  -43.63203430175781
epoch:  18 batch:  90 region_loss:  6.0 6.0 loc_loss:  0.5329125213623047 reward_loss:  -26.64562225341797
epoch:  18 batch:  100 region_loss:  8.0 8.0 loc_loss:  0.6158266830444336 reward_loss:  -30.791332244873047
epoch:  18 batch:  110 region_loss:  4.0 4.0 loc_loss:  0.37601383209228517 reward_loss:  -18.800691604614258
epoch:  18 batch:  120 region_loss:  5.0 5.0 loc_loss:  0.41395145416259765 reward_loss:  -20.697574615478516
epoch:  18 batch:  130 region_loss:  7.0 7.0 loc_loss:  0.6125820541381836 reward_loss:  -30.629100799560547
acc@1:  0.14346190028222014
epoch: 18 region loss 0.17051094890510948 loc loss 0.6803612046346177 reward loss -34.01805989759682
epoch:  19 batch:  0 region_loss:  10.0 10.0 loc_loss:  0.7659330749511719 reward_loss:  -38.29664993286133
epoch:  19 batch:  10 region_loss:  10.0 10.0 loc_loss:  0.79212890625 reward_loss:  -39.60643768310547
epoch:  19 batch:  20 region_loss:  10.0 10.0 loc_loss:  0.7003934478759766 reward_loss:  -35.01967239379883
epoch:  19 batch:  30 region_loss:  10.0 10.0 loc_loss:  0.7525634002685547 reward_loss:  -37.628170013427734
epoch:  19 batch:  40 region_loss:  10.0 10.0 loc_loss:  0.8749420928955078 reward_loss:  -43.74709701538086
epoch:  19 batch:  50 region_loss:  10.0 10.0 loc_loss:  0.7311019134521485 reward_loss:  -36.55509567260742
epoch:  19 batch:  60 region_loss:  10.0 10.0 loc_loss:  0.7791001892089844 reward_loss:  -38.95500946044922
epoch:  19 batch:  70 region_loss:  10.0 10.0 loc_loss:  0.743823013305664 reward_loss:  -37.1911506652832
epoch:  19 batch:  80 region_loss:  10.0 10.0 loc_loss:  0.8348099517822266 reward_loss:  -41.74049758911133
epoch:  19 batch:  90 region_loss:  6.0 6.0 loc_loss:  0.5098297119140625 reward_loss:  -25.49148178100586
epoch:  19 batch:  100 region_loss:  8.0 8.0 loc_loss:  0.5879435729980469 reward_loss:  -29.397180557250977
epoch:  19 batch:  110 region_loss:  4.0 4.0 loc_loss:  0.3581780242919922 reward_loss:  -17.90890121459961
epoch:  19 batch:  120 region_loss:  5.0 5.0 loc_loss:  0.39208992004394533 reward_loss:  -19.6044921875
epoch:  19 batch:  130 region_loss:  7.0 7.0 loc_loss:  0.5855496978759765 reward_loss:  -29.277482986450195
acc@1:  0.14111006585136407
epoch: 19 region loss 0.17051094890510948 loc loss 0.649794919508217 reward loss -32.489744757213735
epoch:  20 batch:  0 region_loss:  10.0 10.0 loc_loss:  0.7292662048339844 reward_loss:  -36.46330261230469
epoch:  20 batch:  10 region_loss:  10.0 10.0 loc_loss:  0.7572146606445312 reward_loss:  -37.8607292175293
epoch:  20 batch:  20 region_loss:  10.0 10.0 loc_loss:  0.6701084899902344 reward_loss:  -33.50542449951172
epoch:  20 batch:  30 region_loss:  10.0 10.0 loc_loss:  0.7167549133300781 reward_loss:  -35.837745666503906
epoch:  20 batch:  40 region_loss:  10.0 10.0 loc_loss:  0.8431748199462891 reward_loss:  -42.15873718261719
epoch:  20 batch:  50 region_loss:  10.0 10.0 loc_loss:  0.6974594116210937 reward_loss:  -34.872989654541016
epoch:  20 batch:  60 region_loss:  10.0 10.0 loc_loss:  0.7421260833740234 reward_loss:  -37.10630798339844
epoch:  20 batch:  70 region_loss:  10.0 10.0 loc_loss:  0.7108763885498047 reward_loss:  -35.543819427490234
epoch:  20 batch:  80 region_loss:  10.0 10.0 loc_loss:  0.7987674713134766 reward_loss:  -39.938377380371094
epoch:  20 batch:  90 region_loss:  6.0 6.0 loc_loss:  0.487838134765625 reward_loss:  -24.39190101623535
epoch:  20 batch:  100 region_loss:  8.0 8.0 loc_loss:  0.5618136215209961 reward_loss:  -28.09067726135254
epoch:  20 batch:  110 region_loss:  4.0 4.0 loc_loss:  0.3410744476318359 reward_loss:  -17.05376434326172
epoch:  20 batch:  120 region_loss:  5.0 5.0 loc_loss:  0.37127208709716797 reward_loss:  -18.56360626220703
epoch:  20 batch:  130 region_loss:  7.0 7.0 loc_loss:  0.5598560333251953 reward_loss:  -27.992801666259766
acc@1:  0.1425211665098777
epoch: 20 region loss 0.17051094890510948 loc loss 0.621230152297194 reward loss -31.061506939630437
epoch:  21 batch:  0 region_loss:  10.0 10.0 loc_loss:  0.6949197387695313 reward_loss:  -34.74598693847656
epoch:  21 batch:  10 region_loss:  10.0 10.0 loc_loss:  0.7246038055419922 reward_loss:  -36.230186462402344
epoch:  21 batch:  20 region_loss:  10.0 10.0 loc_loss:  0.6421592712402344 reward_loss:  -32.10795974731445
epoch:  21 batch:  30 region_loss:  10.0 10.0 loc_loss:  0.6833369445800781 reward_loss:  -34.166847229003906
epoch:  21 batch:  40 region_loss:  10.0 10.0 loc_loss:  0.8129194641113281 reward_loss:  -40.64596939086914
epoch:  21 batch:  50 region_loss:  10.0 10.0 loc_loss:  0.6663793182373047 reward_loss:  -33.318965911865234
epoch:  21 batch:  60 region_loss:  10.0 10.0 loc_loss:  0.7071080780029297 reward_loss:  -35.355403900146484
epoch:  21 batch:  70 region_loss:  10.0 10.0 loc_loss:  0.6799193572998047 reward_loss:  -33.99596405029297
epoch:  21 batch:  80 region_loss:  10.0 10.0 loc_loss:  0.7641416931152344 reward_loss:  -38.207088470458984
epoch:  21 batch:  90 region_loss:  6.0 6.0 loc_loss:  0.46677230834960937 reward_loss:  -23.338619232177734
epoch:  21 batch:  100 region_loss:  8.0 8.0 loc_loss:  0.5371355819702148 reward_loss:  -26.85677719116211
epoch:  21 batch:  110 region_loss:  4.0 4.0 loc_loss:  0.32469070434570313 reward_loss:  -16.23455047607422
epoch:  21 batch:  120 region_loss:  5.0 5.0 loc_loss:  0.35146141052246094 reward_loss:  -17.573070526123047
epoch:  21 batch:  130 region_loss:  7.0 7.0 loc_loss:  0.5352702331542969 reward_loss:  -26.763513565063477
acc@1:  0.1425211665098777
epoch: 21 region loss 0.17051094890510948 loc loss 0.5943578422156564 reward loss -29.717891324175536
epoch:  22 batch:  0 region_loss:  10.0 10.0 loc_loss:  0.6624766540527344 reward_loss:  -33.123836517333984
epoch:  22 batch:  10 region_loss:  10.0 10.0 loc_loss:  0.6941199493408203 reward_loss:  -34.70600128173828
epoch:  22 batch:  20 region_loss:  10.0 10.0 loc_loss:  0.6161427688598633 reward_loss:  -30.807138442993164
epoch:  22 batch:  30 region_loss:  10.0 10.0 loc_loss:  0.6519313049316406 reward_loss:  -32.59656524658203
epoch:  22 batch:  40 region_loss:  10.0 10.0 loc_loss:  0.783957748413086 reward_loss:  -39.1978874206543
epoch:  22 batch:  50 region_loss:  10.0 10.0 loc_loss:  0.637430534362793 reward_loss:  -31.871524810791016
epoch:  22 batch:  60 region_loss:  10.0 10.0 loc_loss:  0.6740840911865235 reward_loss:  -33.70420837402344
epoch:  22 batch:  70 region_loss:  10.0 10.0 loc_loss:  0.6506717681884766 reward_loss:  -32.533592224121094
epoch:  22 batch:  80 region_loss:  10.0 10.0 loc_loss:  0.73087890625 reward_loss:  -36.5439453125
epoch:  22 batch:  90 region_loss:  6.0 6.0 loc_loss:  0.4465435028076172 reward_loss:  -22.327173233032227
epoch:  22 batch:  100 region_loss:  8.0 8.0 loc_loss:  0.5137424087524414 reward_loss:  -25.687114715576172
epoch:  22 batch:  110 region_loss:  4.0 4.0 loc_loss:  0.30896663665771484 reward_loss:  -15.448332786560059
epoch:  22 batch:  120 region_loss:  5.0 5.0 loc_loss:  0.3326390838623047 reward_loss:  -16.631954193115234
epoch:  22 batch:  130 region_loss:  7.0 7.0 loc_loss:  0.5117213439941406 reward_loss:  -25.586063385009766
acc@1:  0.14111006585136407
epoch: 22 region loss 0.17051094890510948 loc loss 0.5689322876060097 reward loss -28.44661398003571
epoch:  23 batch:  0 region_loss:  10.0 10.0 loc_loss:  0.6316878509521484 reward_loss:  -31.584396362304688
epoch:  23 batch:  10 region_loss:  10.0 10.0 loc_loss:  0.6652397155761719 reward_loss:  -33.261985778808594
epoch:  23 batch:  20 region_loss:  10.0 10.0 loc_loss:  0.5917362594604492 reward_loss:  -29.586814880371094
epoch:  23 batch:  30 region_loss:  10.0 10.0 loc_loss:  0.6223516082763672 reward_loss:  -31.11758041381836
epoch:  23 batch:  40 region_loss:  10.0 10.0 loc_loss:  0.7559590911865235 reward_loss:  -37.79795455932617
epoch:  23 batch:  50 region_loss:  10.0 10.0 loc_loss:  0.6102437973022461 reward_loss:  -30.512187957763672
epoch:  23 batch:  60 region_loss:  10.0 10.0 loc_loss:  0.6428416442871093 reward_loss:  -32.14208221435547
epoch:  23 batch:  70 region_loss:  10.0 10.0 loc_loss:  0.6229457473754882 reward_loss:  -31.147279739379883
epoch:  23 batch:  80 region_loss:  10.0 10.0 loc_loss:  0.6988631439208984 reward_loss:  -34.94315719604492
epoch:  23 batch:  90 region_loss:  6.0 6.0 loc_loss:  0.4270661926269531 reward_loss:  -21.353307723999023
epoch:  23 batch:  100 region_loss:  8.0 8.0 loc_loss:  0.49138435363769534 reward_loss:  -24.569217681884766
epoch:  23 batch:  110 region_loss:  4.0 4.0 loc_loss:  0.2938798141479492 reward_loss:  -14.693997383117676
epoch:  23 batch:  120 region_loss:  5.0 5.0 loc_loss:  0.3147574043273926 reward_loss:  -15.737870216369629
epoch:  23 batch:  130 region_loss:  7.0 7.0 loc_loss:  0.4890406036376953 reward_loss:  -24.452030181884766
acc@1:  0.13922859830667922
epoch: 23 region loss 0.17051094890510948 loc loss 0.5447530781961706 reward loss -27.23765337728236
epoch:  24 batch:  0 region_loss:  10.0 10.0 loc_loss:  0.6023694610595703 reward_loss:  -30.118473052978516
epoch:  24 batch:  10 region_loss:  10.0 10.0 loc_loss:  0.6379457473754883 reward_loss:  -31.897287368774414
epoch:  24 batch:  20 region_loss:  10.0 10.0 loc_loss:  0.5687400817871093 reward_loss:  -28.437000274658203
epoch:  24 batch:  30 region_loss:  10.0 10.0 loc_loss:  0.5943402862548828 reward_loss:  -29.71701431274414
epoch:  24 batch:  40 region_loss:  10.0 10.0 loc_loss:  0.7287788391113281 reward_loss:  -36.43894577026367
epoch:  24 batch:  50 region_loss:  10.0 10.0 loc_loss:  0.5846139907836914 reward_loss:  -29.23069953918457
epoch:  24 batch:  60 region_loss:  10.0 10.0 loc_loss:  0.6131413269042969 reward_loss:  -30.65707015991211
epoch:  24 batch:  70 region_loss:  10.0 10.0 loc_loss:  0.5966078948974609 reward_loss:  -29.830394744873047
epoch:  24 batch:  80 region_loss:  10.0 10.0 loc_loss:  0.6679319763183593 reward_loss:  -33.39659881591797
epoch:  24 batch:  90 region_loss:  6.0 6.0 loc_loss:  0.40826534271240233 reward_loss:  -20.413265228271484
epoch:  24 batch:  100 region_loss:  8.0 8.0 loc_loss:  0.46996551513671875 reward_loss:  -23.498273849487305
epoch:  24 batch:  110 region_loss:  4.0 4.0 loc_loss:  0.27932546615600584 reward_loss:  -13.966272354125977
epoch:  24 batch:  120 region_loss:  5.0 5.0 loc_loss:  0.297845630645752 reward_loss:  -14.892282485961914
epoch:  24 batch:  130 region_loss:  7.0 7.0 loc_loss:  0.46722457885742186 reward_loss:  -23.361228942871094
acc@1:  0.1349952963311383
epoch: 24 region loss 0.17051094890510948 loc loss 0.5216535599562373 reward loss -26.082678036098063
epoch:  25 batch:  0 region_loss:  10.0 10.0 loc_loss:  0.574370002746582 reward_loss:  -28.71849822998047
epoch:  25 batch:  10 region_loss:  10.0 10.0 loc_loss:  0.6118286514282226 reward_loss:  -30.591428756713867
epoch:  25 batch:  20 region_loss:  10.0 10.0 loc_loss:  0.5469168090820312 reward_loss:  -27.345840454101562
epoch:  25 batch:  30 region_loss:  10.0 10.0 loc_loss:  0.5676427459716797 reward_loss:  -28.38213539123535
epoch:  25 batch:  40 region_loss:  10.0 10.0 loc_loss:  0.7023014068603516 reward_loss:  -35.11507034301758
epoch:  25 batch:  50 region_loss:  10.0 10.0 loc_loss:  0.5601210021972656 reward_loss:  -28.00605010986328
epoch:  25 batch:  60 region_loss:  10.0 10.0 loc_loss:  0.5849266815185546 reward_loss:  -29.246337890625
epoch:  25 batch:  70 region_loss:  10.0 10.0 loc_loss:  0.5714360809326172 reward_loss:  -28.571792602539062
epoch:  25 batch:  80 region_loss:  10.0 10.0 loc_loss:  0.6379832077026367 reward_loss:  -31.899160385131836
epoch:  25 batch:  90 region_loss:  6.0 6.0 loc_loss:  0.39004867553710937 reward_loss:  -19.50243377685547
epoch:  25 batch:  100 region_loss:  8.0 8.0 loc_loss:  0.44941131591796873 reward_loss:  -22.47056770324707
epoch:  25 batch:  110 region_loss:  4.0 4.0 loc_loss:  0.26535423278808595 reward_loss:  -13.267711639404297
epoch:  25 batch:  120 region_loss:  5.0 5.0 loc_loss:  0.2817036437988281 reward_loss:  -14.085182189941406
epoch:  25 batch:  130 region_loss:  7.0 7.0 loc_loss:  0.4460880661010742 reward_loss:  -22.30440330505371
acc@1:  0.13358419567262464
epoch: 25 region loss 0.17051094890510948 loc loss 0.4995076038193529 reward loss -24.975379755897244
epoch:  26 batch:  0 region_loss:  10.0 10.0 loc_loss:  0.5475365447998047 reward_loss:  -27.3768253326416
epoch:  26 batch:  10 region_loss:  10.0 10.0 loc_loss:  0.5867645645141601 reward_loss:  -29.338226318359375
epoch:  26 batch:  20 region_loss:  10.0 10.0 loc_loss:  0.526091194152832 reward_loss:  -26.304561614990234
epoch:  26 batch:  30 region_loss:  10.0 10.0 loc_loss:  0.542269287109375 reward_loss:  -27.11346435546875
epoch:  26 batch:  40 region_loss:  10.0 10.0 loc_loss:  0.6764116668701172 reward_loss:  -33.82058334350586
epoch:  26 batch:  50 region_loss:  10.0 10.0 loc_loss:  0.5367885208129883 reward_loss:  -26.839426040649414
epoch:  26 batch:  60 region_loss:  10.0 10.0 loc_loss:  0.5579970932006836 reward_loss:  -27.89985466003418
epoch:  26 batch:  70 region_loss:  10.0 10.0 loc_loss:  0.5473746490478516 reward_loss:  -27.368732452392578
epoch:  26 batch:  80 region_loss:  10.0 10.0 loc_loss:  0.609056625366211 reward_loss:  -30.45282745361328
epoch:  26 batch:  90 region_loss:  6.0 6.0 loc_loss:  0.3724337387084961 reward_loss:  -18.621686935424805
epoch:  26 batch:  100 region_loss:  8.0 8.0 loc_loss:  0.42958248138427735 reward_loss:  -21.479124069213867
epoch:  26 batch:  110 region_loss:  4.0 4.0 loc_loss:  0.2519381141662598 reward_loss:  -12.596906661987305
epoch:  26 batch:  120 region_loss:  5.0 5.0 loc_loss:  0.2663910102844238 reward_loss:  -13.319547653198242
epoch:  26 batch:  130 region_loss:  7.0 7.0 loc_loss:  0.4256566619873047 reward_loss:  -21.282833099365234
acc@1:  0.13264346190028223
epoch: 26 region loss 0.17051094890510948 loc loss 0.47821064190272866 reward loss -23.910531931549965
epoch:  27 batch:  0 region_loss:  10.0 10.0 loc_loss:  0.5218351364135743 reward_loss:  -26.09175682067871
epoch:  27 batch:  10 region_loss:  10.0 10.0 loc_loss:  0.562642936706543 reward_loss:  -28.132144927978516
epoch:  27 batch:  20 region_loss:  10.0 10.0 loc_loss:  0.5060297393798828 reward_loss:  -25.301485061645508
epoch:  27 batch:  30 region_loss:  10.0 10.0 loc_loss:  0.5179001617431641 reward_loss:  -25.895008087158203
epoch:  27 batch:  40 region_loss:  10.0 10.0 loc_loss:  0.6509789276123047 reward_loss:  -32.54894256591797
epoch:  27 batch:  50 region_loss:  10.0 10.0 loc_loss:  0.5143566513061524 reward_loss:  -25.71783447265625
epoch:  27 batch:  60 region_loss:  10.0 10.0 loc_loss:  0.5321451950073243 reward_loss:  -26.607257843017578
epoch:  27 batch:  70 region_loss:  10.0 10.0 loc_loss:  0.5241957473754882 reward_loss:  -26.20978546142578
epoch:  27 batch:  80 region_loss:  10.0 10.0 loc_loss:  0.5809333038330078 reward_loss:  -29.046667098999023
epoch:  27 batch:  90 region_loss:  6.0 6.0 loc_loss:  0.3552419281005859 reward_loss:  -17.762094497680664
epoch:  27 batch:  100 region_loss:  8.0 8.0 loc_loss:  0.41040992736816406 reward_loss:  -20.520498275756836
epoch:  27 batch:  110 region_loss:  4.0 4.0 loc_loss:  0.2390022850036621 reward_loss:  -11.950115203857422
epoch:  27 batch:  120 region_loss:  5.0 5.0 loc_loss:  0.25176082611083983 reward_loss:  -12.588041305541992
epoch:  27 batch:  130 region_loss:  7.0 7.0 loc_loss:  0.4058230972290039 reward_loss:  -20.291156768798828
acc@1:  0.13123236124176857
epoch: 27 region loss 0.17051094890510948 loc loss 0.45765782954919076 reward loss -22.882891320834194
epoch:  28 batch:  0 region_loss:  10.0 10.0 loc_loss:  0.4972168731689453 reward_loss:  -24.860843658447266
epoch:  28 batch:  10 region_loss:  10.0 10.0 loc_loss:  0.5393649291992187 reward_loss:  -26.968246459960938
epoch:  28 batch:  20 region_loss:  10.0 10.0 loc_loss:  0.486677360534668 reward_loss:  -24.33386993408203
epoch:  28 batch:  30 region_loss:  10.0 10.0 loc_loss:  0.49452728271484375 reward_loss:  -24.726364135742188
epoch:  28 batch:  40 region_loss:  10.0 10.0 loc_loss:  0.6261316680908203 reward_loss:  -31.306581497192383
epoch:  28 batch:  50 region_loss:  10.0 10.0 loc_loss:  0.49274539947509766 reward_loss:  -24.637269973754883
epoch:  28 batch:  60 region_loss:  10.0 10.0 loc_loss:  0.5072578430175781 reward_loss:  -25.362895965576172
epoch:  28 batch:  70 region_loss:  10.0 10.0 loc_loss:  0.5018610000610352 reward_loss:  -25.093050003051758
epoch:  28 batch:  80 region_loss:  10.0 10.0 loc_loss:  0.5535621261596679 reward_loss:  -27.6781063079834
epoch:  28 batch:  90 region_loss:  6.0 6.0 loc_loss:  0.3385288619995117 reward_loss:  -16.926443099975586
epoch:  28 batch:  100 region_loss:  8.0 8.0 loc_loss:  0.3917702865600586 reward_loss:  -19.588512420654297
epoch:  28 batch:  110 region_loss:  4.0 4.0 loc_loss:  0.22649124145507812 reward_loss:  -11.324562072753906
epoch:  28 batch:  120 region_loss:  5.0 5.0 loc_loss:  0.23778247833251953 reward_loss:  -11.889124870300293
epoch:  28 batch:  130 region_loss:  7.0 7.0 loc_loss:  0.3865293884277344 reward_loss:  -19.32646942138672
acc@1:  0.1288805268109125
epoch: 28 region loss 0.17051094890510948 loc loss 0.4377810165307817 reward loss -21.889050605523327
epoch:  29 batch:  0 region_loss:  10.0 10.0 loc_loss:  0.4734722900390625 reward_loss:  -23.673616409301758
epoch:  29 batch:  10 region_loss:  10.0 10.0 loc_loss:  0.5168524932861328 reward_loss:  -25.842626571655273
epoch:  29 batch:  20 region_loss:  10.0 10.0 loc_loss:  0.4680149078369141 reward_loss:  -23.400745391845703
epoch:  29 batch:  30 region_loss:  10.0 10.0 loc_loss:  0.4719852447509766 reward_loss:  -23.59926414489746
epoch:  29 batch:  40 region_loss:  10.0 10.0 loc_loss:  0.6016095352172851 reward_loss:  -30.080476760864258
epoch:  29 batch:  50 region_loss:  10.0 10.0 loc_loss:  0.47190052032470703 reward_loss:  -23.59502601623535
epoch:  29 batch:  60 region_loss:  10.0 10.0 loc_loss:  0.48340347290039065 reward_loss:  -24.17017364501953
epoch:  29 batch:  70 region_loss:  10.0 10.0 loc_loss:  0.4803390121459961 reward_loss:  -24.01695442199707
epoch:  29 batch:  80 region_loss:  10.0 10.0 loc_loss:  0.5270817565917969 reward_loss:  -26.354087829589844
epoch:  29 batch:  90 region_loss:  6.0 6.0 loc_loss:  0.32222766876220704 reward_loss:  -16.11138343811035
epoch:  29 batch:  100 region_loss:  8.0 8.0 loc_loss:  0.3738032150268555 reward_loss:  -18.690162658691406
epoch:  29 batch:  110 region_loss:  4.0 4.0 loc_loss:  0.2144315528869629 reward_loss:  -10.721578598022461
epoch:  29 batch:  120 region_loss:  5.0 5.0 loc_loss:  0.224412841796875 reward_loss:  -11.22064208984375
epoch:  29 batch:  130 region_loss:  7.0 7.0 loc_loss:  0.3677433776855469 reward_loss:  -18.387168884277344
acc@1:  0.12699905926622765
epoch: 29 region loss 0.17051094890510948 loc loss 0.41853050566067657 reward loss -20.926525030693
epoch:  30 batch:  0 region_loss:  10.0 10.0 loc_loss:  0.4507509994506836 reward_loss:  -22.537548065185547
epoch:  30 batch:  10 region_loss:  10.0 10.0 loc_loss:  0.49491062164306643 reward_loss:  -24.745532989501953
epoch:  30 batch:  20 region_loss:  10.0 10.0 loc_loss:  0.4499628448486328 reward_loss:  -22.49814224243164
epoch:  30 batch:  30 region_loss:  10.0 10.0 loc_loss:  0.45023178100585937 reward_loss:  -22.511587142944336
epoch:  30 batch:  40 region_loss:  10.0 10.0 loc_loss:  0.5775806427001953 reward_loss:  -28.879030227661133
epoch:  30 batch:  50 region_loss:  10.0 10.0 loc_loss:  0.4516749954223633 reward_loss:  -22.583749771118164
epoch:  30 batch:  60 region_loss:  10.0 10.0 loc_loss:  0.46030517578125 reward_loss:  -23.015256881713867
epoch:  30 batch:  70 region_loss:  10.0 10.0 loc_loss:  0.4594020462036133 reward_loss:  -22.970104217529297
epoch:  30 batch:  80 region_loss:  10.0 10.0 loc_loss:  0.5012496566772461 reward_loss:  -25.062482833862305
epoch:  30 batch:  90 region_loss:  6.0 6.0 loc_loss:  0.3063766860961914 reward_loss:  -15.31883430480957
epoch:  30 batch:  100 region_loss:  8.0 8.0 loc_loss:  0.35623626708984374 reward_loss:  -17.811811447143555
epoch:  30 batch:  110 region_loss:  4.0 4.0 loc_loss:  0.20277742385864259 reward_loss:  -10.138872146606445
epoch:  30 batch:  120 region_loss:  5.0 5.0 loc_loss:  0.21160507202148438 reward_loss:  -10.580253601074219
epoch:  30 batch:  130 region_loss:  7.0 7.0 loc_loss:  0.3494988250732422 reward_loss:  -17.47494125366211
acc@1:  0.12652869238005646
epoch: 30 region loss 0.17051094890510948 loc loss 0.399854026049593 reward loss -19.992701749732024
epoch:  31 batch:  0 region_loss:  10.0 10.0 loc_loss:  0.4287495422363281 reward_loss:  -21.43747329711914
epoch:  31 batch:  10 region_loss:  10.0 10.0 loc_loss:  0.47364105224609376 reward_loss:  -23.68205451965332
epoch:  31 batch:  20 region_loss:  10.0 10.0 loc_loss:  0.4323516845703125 reward_loss:  -21.617584228515625
epoch:  31 batch:  30 region_loss:  10.0 10.0 loc_loss:  0.42917049407958985 reward_loss:  -21.458524703979492
epoch:  31 batch:  40 region_loss:  10.0 10.0 loc_loss:  0.5540009307861328 reward_loss:  -27.70004653930664
epoch:  31 batch:  50 region_loss:  10.0 10.0 loc_loss:  0.43206588745117186 reward_loss:  -21.603294372558594
epoch:  31 batch:  60 region_loss:  10.0 10.0 loc_loss:  0.4379618835449219 reward_loss:  -21.898094177246094
epoch:  31 batch:  70 region_loss:  10.0 10.0 loc_loss:  0.43907047271728517 reward_loss:  -21.953523635864258
epoch:  31 batch:  80 region_loss:  10.0 10.0 loc_loss:  0.4761505126953125 reward_loss:  -23.807523727416992
epoch:  31 batch:  90 region_loss:  6.0 6.0 loc_loss:  0.29094728469848635 reward_loss:  -14.547364234924316
epoch:  31 batch:  100 region_loss:  8.0 8.0 loc_loss:  0.3392058563232422 reward_loss:  -16.96029281616211
epoch:  31 batch:  110 region_loss:  4.0 4.0 loc_loss:  0.19153053283691407 reward_loss:  -9.576525688171387
epoch:  31 batch:  120 region_loss:  5.0 5.0 loc_loss:  0.19933046340942384 reward_loss:  -9.966524124145508
epoch:  31 batch:  130 region_loss:  7.0 7.0 loc_loss:  0.3317533874511719 reward_loss:  -16.587669372558594
acc@1:  0.12464722483537159
epoch: 31 region loss 0.17051094890510948 loc loss 0.38173522552434547 reward loss -19.086761190943474
epoch:  32 batch:  0 region_loss:  10.0 10.0 loc_loss:  0.40765392303466796 reward_loss:  -20.382692337036133
epoch:  32 batch:  10 region_loss:  10.0 10.0 loc_loss:  0.45281620025634767 reward_loss:  -22.64080810546875
epoch:  32 batch:  20 region_loss:  10.0 10.0 loc_loss:  0.4152263641357422 reward_loss:  -20.76131820678711
epoch:  32 batch:  30 region_loss:  10.0 10.0 loc_loss:  0.4089033126831055 reward_loss:  -20.445165634155273
epoch:  32 batch:  40 region_loss:  10.0 10.0 loc_loss:  0.5307809448242188 reward_loss:  -26.539047241210938
epoch:  32 batch:  50 region_loss:  10.0 10.0 loc_loss:  0.4129239273071289 reward_loss:  -20.646196365356445
epoch:  32 batch:  60 region_loss:  10.0 10.0 loc_loss:  0.4164044952392578 reward_loss:  -20.82022476196289
epoch:  32 batch:  70 region_loss:  10.0 10.0 loc_loss:  0.41927852630615237 reward_loss:  -20.963926315307617
epoch:  32 batch:  80 region_loss:  10.0 10.0 loc_loss:  0.4516778564453125 reward_loss:  -22.583892822265625
epoch:  32 batch:  90 region_loss:  6.0 6.0 loc_loss:  0.2759606552124023 reward_loss:  -13.798033714294434
epoch:  32 batch:  100 region_loss:  8.0 8.0 loc_loss:  0.3227044677734375 reward_loss:  -16.135223388671875
epoch:  32 batch:  110 region_loss:  4.0 4.0 loc_loss:  0.1806943893432617 reward_loss:  -9.034719467163086
epoch:  32 batch:  120 region_loss:  5.0 5.0 loc_loss:  0.18763351440429688 reward_loss:  -9.381674766540527
epoch:  32 batch:  130 region_loss:  7.0 7.0 loc_loss:  0.31454910278320314 reward_loss:  -15.727455139160156
acc@1:  0.12323612417685795
epoch: 32 region loss 0.17051094890510948 loc loss 0.3641491215420466 reward loss -18.20745575340995
epoch:  33 batch:  0 region_loss:  10.0 10.0 loc_loss:  0.3872496032714844 reward_loss:  -19.36248207092285
epoch:  33 batch:  10 region_loss:  10.0 10.0 loc_loss:  0.43258575439453123 reward_loss:  -21.629287719726562
epoch:  33 batch:  20 region_loss:  10.0 10.0 loc_loss:  0.3985530090332031 reward_loss:  -19.927650451660156
epoch:  33 batch:  30 region_loss:  10.0 10.0 loc_loss:  0.3891584014892578 reward_loss:  -19.457921981811523
epoch:  33 batch:  40 region_loss:  10.0 10.0 loc_loss:  0.5080350112915039 reward_loss:  -25.401750564575195
epoch:  33 batch:  50 region_loss:  10.0 10.0 loc_loss:  0.3944599151611328 reward_loss:  -19.723011016845703
epoch:  33 batch:  60 region_loss:  10.0 10.0 loc_loss:  0.3955517578125 reward_loss:  -19.777589797973633
epoch:  33 batch:  70 region_loss:  10.0 10.0 loc_loss:  0.4000261688232422 reward_loss:  -20.00130844116211
epoch:  33 batch:  80 region_loss:  10.0 10.0 loc_loss:  0.42799598693847657 reward_loss:  -21.399799346923828
epoch:  33 batch:  90 region_loss:  6.0 6.0 loc_loss:  0.26138526916503907 reward_loss:  -13.069263458251953
epoch:  33 batch:  100 region_loss:  8.0 8.0 loc_loss:  0.30661380767822266 reward_loss:  -15.330689430236816
epoch:  33 batch:  110 region_loss:  4.0 4.0 loc_loss:  0.1702116012573242 reward_loss:  -8.510579109191895
epoch:  33 batch:  120 region_loss:  5.0 5.0 loc_loss:  0.1762908363342285 reward_loss:  -8.814541816711426
epoch:  33 batch:  130 region_loss:  7.0 7.0 loc_loss:  0.2976842498779297 reward_loss:  -14.884212493896484
acc@1:  0.12088428974600188
epoch: 33 region loss 0.17051094890510948 loc loss 0.34709420656635814 reward loss -17.35471028655115
epoch:  34 batch:  0 region_loss:  10.0 10.0 loc_loss:  0.3676118850708008 reward_loss:  -18.38059425354004
epoch:  34 batch:  10 region_loss:  10.0 10.0 loc_loss:  0.41278385162353515 reward_loss:  -20.639190673828125
epoch:  34 batch:  20 region_loss:  10.0 10.0 loc_loss:  0.3823040008544922 reward_loss:  -19.11520004272461
epoch:  34 batch:  30 region_loss:  10.0 10.0 loc_loss:  0.37002471923828123 reward_loss:  -18.501235961914062
epoch:  34 batch:  40 region_loss:  10.0 10.0 loc_loss:  0.4856821060180664 reward_loss:  -24.28410530090332
epoch:  34 batch:  50 region_loss:  10.0 10.0 loc_loss:  0.37630760192871093 reward_loss:  -18.81538200378418
epoch:  34 batch:  60 region_loss:  10.0 10.0 loc_loss:  0.3753635406494141 reward_loss:  -18.768177032470703
epoch:  34 batch:  70 region_loss:  10.0 10.0 loc_loss:  0.3811498260498047 reward_loss:  -19.0574893951416
epoch:  34 batch:  80 region_loss:  10.0 10.0 loc_loss:  0.4049015808105469 reward_loss:  -20.245080947875977
epoch:  34 batch:  90 region_loss:  6.0 6.0 loc_loss:  0.24710617065429688 reward_loss:  -12.355308532714844
epoch:  34 batch:  100 region_loss:  8.0 8.0 loc_loss:  0.29092491149902344 reward_loss:  -14.546245574951172
epoch:  34 batch:  110 region_loss:  4.0 4.0 loc_loss:  0.16012811660766602 reward_loss:  -8.006404876708984
epoch:  34 batch:  120 region_loss:  5.0 5.0 loc_loss:  0.16554725646972657 reward_loss:  -8.277363777160645
epoch:  34 batch:  130 region_loss:  7.0 7.0 loc_loss:  0.28149923324584963 reward_loss:  -14.07496166229248
acc@1:  0.12041392285983067
epoch: 34 region loss 0.17051094890510948 loc loss 0.330435845207994 reward loss -16.521792367427018
epoch:  35 batch:  0 region_loss:  10.0 10.0 loc_loss:  0.34860767364501954 reward_loss:  -17.430383682250977
epoch:  35 batch:  10 region_loss:  10.0 10.0 loc_loss:  0.3935726547241211 reward_loss:  -19.67862892150879
epoch:  35 batch:  20 region_loss:  10.0 10.0 loc_loss:  0.36654315948486327 reward_loss:  -18.327157974243164
epoch:  35 batch:  30 region_loss:  10.0 10.0 loc_loss:  0.35154468536376954 reward_loss:  -17.577232360839844
epoch:  35 batch:  40 region_loss:  10.0 10.0 loc_loss:  0.4638973617553711 reward_loss:  -23.194868087768555
epoch:  35 batch:  50 region_loss:  10.0 10.0 loc_loss:  0.3588266372680664 reward_loss:  -17.94133186340332
epoch:  35 batch:  60 region_loss:  10.0 10.0 loc_loss:  0.3559095764160156 reward_loss:  -17.795482635498047
epoch:  35 batch:  70 region_loss:  10.0 10.0 loc_loss:  0.3629098892211914 reward_loss:  -18.14549446105957
epoch:  35 batch:  80 region_loss:  10.0 10.0 loc_loss:  0.38258991241455076 reward_loss:  -19.129497528076172
epoch:  35 batch:  90 region_loss:  6.0 6.0 loc_loss:  0.2334303855895996 reward_loss:  -11.671520233154297
epoch:  35 batch:  100 region_loss:  8.0 8.0 loc_loss:  0.27576269149780275 reward_loss:  -13.788134574890137
epoch:  35 batch:  110 region_loss:  4.0 4.0 loc_loss:  0.1504862880706787 reward_loss:  -7.5243144035339355
epoch:  35 batch:  120 region_loss:  5.0 5.0 loc_loss:  0.15519437789916993 reward_loss:  -7.759718894958496
epoch:  35 batch:  130 region_loss:  7.0 7.0 loc_loss:  0.2656227493286133 reward_loss:  -13.281135559082031
acc@1:  0.12041392285983067
epoch: 35 region loss 0.17051094890510948 loc loss 0.31430430118184893 reward loss -15.715215910090148
epoch:  36 batch:  0 region_loss:  10.0 10.0 loc_loss:  0.3302668380737305 reward_loss:  -16.513341903686523
epoch:  36 batch:  10 region_loss:  10.0 10.0 loc_loss:  0.374730224609375 reward_loss:  -18.736509323120117
epoch:  36 batch:  20 region_loss:  10.0 10.0 loc_loss:  0.35114105224609377 reward_loss:  -17.557052612304688
epoch:  36 batch:  30 region_loss:  10.0 10.0 loc_loss:  0.33359485626220703 reward_loss:  -16.67974281311035
epoch:  36 batch:  40 region_loss:  10.0 10.0 loc_loss:  0.4424683380126953 reward_loss:  -22.12342071533203
epoch:  36 batch:  50 region_loss:  10.0 10.0 loc_loss:  0.3416930389404297 reward_loss:  -17.084651947021484
epoch:  36 batch:  60 region_loss:  10.0 10.0 loc_loss:  0.33712589263916015 reward_loss:  -16.856294631958008
epoch:  36 batch:  70 region_loss:  10.0 10.0 loc_loss:  0.34499305725097656 reward_loss:  -17.24965476989746
epoch:  36 batch:  80 region_loss:  10.0 10.0 loc_loss:  0.3608890151977539 reward_loss:  -18.044452667236328
epoch:  36 batch:  90 region_loss:  6.0 6.0 loc_loss:  0.22001476287841798 reward_loss:  -11.000738143920898
epoch:  36 batch:  100 region_loss:  8.0 8.0 loc_loss:  0.26110347747802737 reward_loss:  -13.055173873901367
epoch:  36 batch:  110 region_loss:  4.0 4.0 loc_loss:  0.14118606567382813 reward_loss:  -7.059304237365723
epoch:  36 batch:  120 region_loss:  5.0 5.0 loc_loss:  0.14539328575134278 reward_loss:  -7.269664764404297
epoch:  36 batch:  130 region_loss:  7.0 7.0 loc_loss:  0.25038272857666016 reward_loss:  -12.51913833618164
acc@1:  0.1180620884289746
epoch: 36 region loss 0.17051094890510948 loc loss 0.29868935818219705 reward loss -14.934467266075803
epoch:  37 batch:  0 region_loss:  10.0 10.0 loc_loss:  0.3125942230224609 reward_loss:  -15.629712104797363
epoch:  37 batch:  10 region_loss:  10.0 10.0 loc_loss:  0.35661323547363283 reward_loss:  -17.830659866333008
epoch:  37 batch:  20 region_loss:  10.0 10.0 loc_loss:  0.3364157867431641 reward_loss:  -16.820789337158203
epoch:  37 batch:  30 region_loss:  10.0 10.0 loc_loss:  0.31630046844482423 reward_loss:  -15.815022468566895
epoch:  37 batch:  40 region_loss:  10.0 10.0 loc_loss:  0.4216836166381836 reward_loss:  -21.08418083190918
epoch:  37 batch:  50 region_loss:  10.0 10.0 loc_loss:  0.32515396118164064 reward_loss:  -16.2576961517334
epoch:  37 batch:  60 region_loss:  10.0 10.0 loc_loss:  0.31906120300292967 reward_loss:  -15.9530611038208
epoch:  37 batch:  70 region_loss:  10.0 10.0 loc_loss:  0.3277128601074219 reward_loss:  -16.385643005371094
epoch:  37 batch:  80 region_loss:  10.0 10.0 loc_loss:  0.3400577545166016 reward_loss:  -17.002887725830078
epoch:  37 batch:  90 region_loss:  6.0 6.0 loc_loss:  0.20725120544433595 reward_loss:  -10.362558364868164
epoch:  37 batch:  100 region_loss:  8.0 8.0 loc_loss:  0.24665485382080077 reward_loss:  -12.332744598388672
epoch:  37 batch:  110 region_loss:  4.0 4.0 loc_loss:  0.1323769760131836 reward_loss:  -6.618847846984863
epoch:  37 batch:  120 region_loss:  5.0 5.0 loc_loss:  0.135943021774292 reward_loss:  -6.7971510887146
epoch:  37 batch:  130 region_loss:  7.0 7.0 loc_loss:  0.23555778503417968 reward_loss:  -11.777887344360352
acc@1:  0.12041392285983067
epoch: 37 region loss 0.17051094890510948 loc loss 0.2836122700071683 reward loss -14.180615698334075
epoch:  38 batch:  0 region_loss:  10.0 10.0 loc_loss:  0.2955619812011719 reward_loss:  -14.778099060058594
epoch:  38 batch:  10 region_loss:  10.0 10.0 loc_loss:  0.33879230499267576 reward_loss:  -16.939613342285156
epoch:  38 batch:  20 region_loss:  10.0 10.0 loc_loss:  0.3219312286376953 reward_loss:  -16.096561431884766
epoch:  38 batch:  30 region_loss:  10.0 10.0 loc_loss:  0.29955821990966797 reward_loss:  -14.977911949157715
epoch:  38 batch:  40 region_loss:  10.0 10.0 loc_loss:  0.40129325866699217 reward_loss:  -20.064661026000977
epoch:  38 batch:  50 region_loss:  10.0 10.0 loc_loss:  0.30905372619628907 reward_loss:  -15.45268726348877
epoch:  38 batch:  60 region_loss:  10.0 10.0 loc_loss:  0.3017283821105957 reward_loss:  -15.086418151855469
epoch:  38 batch:  70 region_loss:  10.0 10.0 loc_loss:  0.3108567810058594 reward_loss:  -15.542838096618652
epoch:  38 batch:  80 region_loss:  10.0 10.0 loc_loss:  0.31988422393798827 reward_loss:  -15.99421501159668
epoch:  38 batch:  90 region_loss:  6.0 6.0 loc_loss:  0.194654483795166 reward_loss:  -9.732725143432617
epoch:  38 batch:  100 region_loss:  8.0 8.0 loc_loss:  0.23340030670166015 reward_loss:  -11.670016288757324
epoch:  38 batch:  110 region_loss:  4.0 4.0 loc_loss:  0.12377695083618163 reward_loss:  -6.188847541809082
epoch:  38 batch:  120 region_loss:  5.0 5.0 loc_loss:  0.12705215454101562 reward_loss:  -6.352607250213623
epoch:  38 batch:  130 region_loss:  7.0 7.0 loc_loss:  0.2213161849975586 reward_loss:  -11.065808296203613
acc@1:  0.11523988711194733
epoch: 38 region loss 0.17051094890510948 loc loss 0.2692458450185121 reward loss -13.46229144865579
epoch:  39 batch:  0 region_loss:  10.0 10.0 loc_loss:  0.27927341461181643 reward_loss:  -13.963672637939453
epoch:  39 batch:  10 region_loss:  10.0 10.0 loc_loss:  0.3216978454589844 reward_loss:  -16.08489227294922
epoch:  39 batch:  20 region_loss:  10.0 10.0 loc_loss:  0.30917911529541015 reward_loss:  -15.45895767211914
epoch:  39 batch:  30 region_loss:  10.0 10.0 loc_loss:  0.2834252738952637 reward_loss:  -14.171260833740234
epoch:  39 batch:  40 region_loss:  10.0 10.0 loc_loss:  0.3817281723022461 reward_loss:  -19.086408615112305
epoch:  39 batch:  50 region_loss:  10.0 10.0 loc_loss:  0.2935616493225098 reward_loss:  -14.678081512451172
epoch:  39 batch:  60 region_loss:  10.0 10.0 loc_loss:  0.28513511657714846 reward_loss:  -14.256754875183105
epoch:  39 batch:  70 region_loss:  10.0 10.0 loc_loss:  0.2945947456359863 reward_loss:  -14.729737281799316
epoch:  39 batch:  80 region_loss:  10.0 10.0 loc_loss:  0.3005670166015625 reward_loss:  -15.028352737426758
epoch:  39 batch:  90 region_loss:  6.0 6.0 loc_loss:  0.1829084014892578 reward_loss:  -9.14542293548584
epoch:  39 batch:  100 region_loss:  8.0 8.0 loc_loss:  0.21937753677368163 reward_loss:  -10.968875885009766
epoch:  39 batch:  110 region_loss:  4.0 4.0 loc_loss:  0.11576254844665528 reward_loss:  -5.788127899169922
epoch:  39 batch:  120 region_loss:  5.0 5.0 loc_loss:  0.11856290817260742 reward_loss:  -5.9281463623046875
epoch:  39 batch:  130 region_loss:  7.0 7.0 loc_loss:  0.20754653930664063 reward_loss:  -10.377326011657715
acc@1:  0.11712135465663218
epoch: 39 region loss 0.17051094890510948 loc loss 0.2553179249102182 reward loss -12.765895624230378
epoch:  40 batch:  0 region_loss:  10.0 10.0 loc_loss:  0.2638558578491211 reward_loss:  -13.192791938781738
epoch:  40 batch:  10 region_loss:  10.0 10.0 loc_loss:  0.30488851547241214 reward_loss:  -15.244425773620605
epoch:  40 batch:  20 region_loss:  10.0 10.0 loc_loss:  0.2967252540588379 reward_loss:  -14.836263656616211
epoch:  40 batch:  30 region_loss:  10.0 10.0 loc_loss:  0.2679066467285156 reward_loss:  -13.395334243774414
epoch:  40 batch:  40 region_loss:  10.0 10.0 loc_loss:  0.3621046829223633 reward_loss:  -18.10523223876953
epoch:  40 batch:  50 region_loss:  10.0 10.0 loc_loss:  0.2784793472290039 reward_loss:  -13.923967361450195
epoch:  40 batch:  60 region_loss:  10.0 10.0 loc_loss:  0.2689948081970215 reward_loss:  -13.449740409851074
epoch:  40 batch:  70 region_loss:  10.0 10.0 loc_loss:  0.2787162971496582 reward_loss:  -13.93581485748291
epoch:  40 batch:  80 region_loss:  10.0 10.0 loc_loss:  0.2819514846801758 reward_loss:  -14.097574234008789
epoch:  40 batch:  90 region_loss:  6.0 6.0 loc_loss:  0.17126716613769533 reward_loss:  -8.563358306884766
epoch:  40 batch:  100 region_loss:  8.0 8.0 loc_loss:  0.20777347564697266 reward_loss:  -10.388673782348633
epoch:  40 batch:  110 region_loss:  4.0 4.0 loc_loss:  0.10785243988037109 reward_loss:  -5.392621994018555
epoch:  40 batch:  120 region_loss:  5.0 5.0 loc_loss:  0.11060309410095215 reward_loss:  -5.530155181884766
epoch:  40 batch:  130 region_loss:  7.0 7.0 loc_loss:  0.19431659698486328 reward_loss:  -9.715827941894531
acc@1:  0.11429915333960489
epoch: 40 region loss 0.17051094890510948 loc loss 0.24186253881802525 reward loss -12.093126283074817
epoch:  41 batch:  0 region_loss:  10.0 10.0 loc_loss:  0.24945148468017578 reward_loss:  -12.472575187683105
epoch:  41 batch:  10 region_loss:  10.0 10.0 loc_loss:  0.28882829666137694 reward_loss:  -14.441415786743164
epoch:  41 batch:  20 region_loss:  10.0 10.0 loc_loss:  0.2883799743652344 reward_loss:  -14.418998718261719
epoch:  41 batch:  30 region_loss:  10.0 10.0 loc_loss:  0.2526383781433105 reward_loss:  -12.631918907165527
epoch:  41 batch:  40 region_loss:  10.0 10.0 loc_loss:  0.3438405990600586 reward_loss:  -17.19202995300293
epoch:  41 batch:  50 region_loss:  10.0 10.0 loc_loss:  0.26425613403320314 reward_loss:  -13.212804794311523
epoch:  41 batch:  60 region_loss:  10.0 10.0 loc_loss:  0.2539257049560547 reward_loss:  -12.69628620147705
epoch:  41 batch:  70 region_loss:  10.0 10.0 loc_loss:  0.26373245239257814 reward_loss:  -13.186622619628906
epoch:  41 batch:  80 region_loss:  10.0 10.0 loc_loss:  0.2642234230041504 reward_loss:  -13.21117115020752
epoch:  41 batch:  90 region_loss:  6.0 6.0 loc_loss:  0.16045230865478516 reward_loss:  -8.022614479064941
epoch:  41 batch:  100 region_loss:  8.0 8.0 loc_loss:  0.1945365333557129 reward_loss:  -9.726826667785645
epoch:  41 batch:  110 region_loss:  4.0 4.0 loc_loss:  0.10062779426574707 reward_loss:  -5.0313897132873535
epoch:  41 batch:  120 region_loss:  5.0 5.0 loc_loss:  0.10297697067260742 reward_loss:  -5.148848533630371
epoch:  41 batch:  130 region_loss:  7.0 7.0 loc_loss:  0.18178943634033204 reward_loss:  -9.089471817016602
acc@1:  0.11288805268109126
epoch: 41 region loss 0.17051094890510948 loc loss 0.22881043369752646 reward loss -11.440520139506264
epoch:  42 batch:  0 region_loss:  10.0 10.0 loc_loss:  0.2361574363708496 reward_loss:  -11.807872772216797
epoch:  42 batch:  10 region_loss:  10.0 10.0 loc_loss:  0.2733317375183105 reward_loss:  -13.666585922241211
epoch:  42 batch:  20 region_loss:  10.0 10.0 loc_loss:  0.27776851654052737 reward_loss:  -13.888426780700684
epoch:  42 batch:  30 region_loss:  10.0 10.0 loc_loss:  0.23855335235595704 reward_loss:  -11.927666664123535
epoch:  42 batch:  40 region_loss:  10.0 10.0 loc_loss:  0.3251573944091797 reward_loss:  -16.25786781311035
epoch:  42 batch:  50 region_loss:  10.0 10.0 loc_loss:  0.2505500411987305 reward_loss:  -12.527502059936523
epoch:  42 batch:  60 region_loss:  10.0 10.0 loc_loss:  0.23892494201660155 reward_loss:  -11.946249008178711
epoch:  42 batch:  70 region_loss:  10.0 10.0 loc_loss:  0.2489647674560547 reward_loss:  -12.448238372802734
epoch:  42 batch:  80 region_loss:  10.0 10.0 loc_loss:  0.2473689842224121 reward_loss:  -12.368447303771973
epoch:  42 batch:  90 region_loss:  6.0 6.0 loc_loss:  0.14992841720581054 reward_loss:  -7.496421813964844
epoch:  42 batch:  100 region_loss:  8.0 8.0 loc_loss:  0.18364719390869141 reward_loss:  -9.18235969543457
epoch:  42 batch:  110 region_loss:  4.0 4.0 loc_loss:  0.0935385513305664 reward_loss:  -4.676928520202637
epoch:  42 batch:  120 region_loss:  5.0 5.0 loc_loss:  0.09598828315734863 reward_loss:  -4.799414157867432
epoch:  42 batch:  130 region_loss:  7.0 7.0 loc_loss:  0.16967496871948243 reward_loss:  -8.48375129699707
acc@1:  0.11241768579492004
epoch: 42 region loss 0.17051094890510948 loc loss 0.2163536677047284 reward loss -10.817681304729767
epoch:  43 batch:  0 region_loss:  10.0 10.0 loc_loss:  0.2218916130065918 reward_loss:  -11.094579696655273
epoch:  43 batch:  10 region_loss:  10.0 10.0 loc_loss:  0.25828128814697265 reward_loss:  -12.914064407348633
epoch:  43 batch:  20 region_loss:  10.0 10.0 loc_loss:  0.2670440101623535 reward_loss:  -13.35219955444336
epoch:  43 batch:  30 region_loss:  10.0 10.0 loc_loss:  0.22436670303344727 reward_loss:  -11.218337059020996
epoch:  43 batch:  40 region_loss:  10.0 10.0 loc_loss:  0.3081951904296875 reward_loss:  -15.409760475158691
epoch:  43 batch:  50 region_loss:  10.0 10.0 loc_loss:  0.2385710334777832 reward_loss:  -11.928552627563477
epoch:  43 batch:  60 region_loss:  10.0 10.0 loc_loss:  0.22541305541992188 reward_loss:  -11.270652770996094
epoch:  43 batch:  70 region_loss:  10.0 10.0 loc_loss:  0.2354141044616699 reward_loss:  -11.770705223083496
epoch:  43 batch:  80 region_loss:  10.0 10.0 loc_loss:  0.23107839584350587 reward_loss:  -11.553918838500977
epoch:  43 batch:  90 region_loss:  6.0 6.0 loc_loss:  0.13997027397155762 reward_loss:  -6.998513221740723
epoch:  43 batch:  100 region_loss:  8.0 8.0 loc_loss:  0.1717323875427246 reward_loss:  -8.58661937713623
epoch:  43 batch:  110 region_loss:  4.0 4.0 loc_loss:  0.08686556816101074 reward_loss:  -4.343277931213379
epoch:  43 batch:  120 region_loss:  5.0 5.0 loc_loss:  0.0891262435913086 reward_loss:  -4.45631217956543
epoch:  43 batch:  130 region_loss:  7.0 7.0 loc_loss:  0.1584153938293457 reward_loss:  -7.920769214630127
acc@1:  0.11194731890874883
epoch: 43 region loss 0.17051094890510948 loc loss 0.2043511596213292 reward loss -10.217557573405495
epoch:  44 batch:  0 region_loss:  10.0 10.0 loc_loss:  0.20837472915649413 reward_loss:  -10.418737411499023
epoch:  44 batch:  10 region_loss:  10.0 10.0 loc_loss:  0.24393569946289062 reward_loss:  -12.196784973144531
epoch:  44 batch:  20 region_loss:  10.0 10.0 loc_loss:  0.25187040328979493 reward_loss:  -12.593520164489746
epoch:  44 batch:  30 region_loss:  10.0 10.0 loc_loss:  0.21156991958618165 reward_loss:  -10.578495025634766
epoch:  44 batch:  40 region_loss:  10.0 10.0 loc_loss:  0.2907967376708984 reward_loss:  -14.539836883544922
epoch:  44 batch:  50 region_loss:  10.0 10.0 loc_loss:  0.22703227996826172 reward_loss:  -11.351613998413086
epoch:  44 batch:  60 region_loss:  10.0 10.0 loc_loss:  0.21165216445922852 reward_loss:  -10.582608222961426
epoch:  44 batch:  70 region_loss:  10.0 10.0 loc_loss:  0.22153120040893554 reward_loss:  -11.076560020446777
epoch:  44 batch:  80 region_loss:  10.0 10.0 loc_loss:  0.2160285758972168 reward_loss:  -10.801427841186523
epoch:  44 batch:  90 region_loss:  6.0 6.0 loc_loss:  0.130540714263916 reward_loss:  -6.527036190032959
epoch:  44 batch:  100 region_loss:  8.0 8.0 loc_loss:  0.16140525817871093 reward_loss:  -8.07026195526123
epoch:  44 batch:  110 region_loss:  4.0 4.0 loc_loss:  0.0806399154663086 reward_loss:  -4.031994819641113
epoch:  44 batch:  120 region_loss:  5.0 5.0 loc_loss:  0.08312463760375977 reward_loss:  -4.156231880187988
epoch:  44 batch:  130 region_loss:  7.0 7.0 loc_loss:  0.14724749565124512 reward_loss:  -7.362374305725098
acc@1:  0.11288805268109126
epoch: 44 region loss 0.17051094890510948 loc loss 0.19278152494534959 reward loss -9.639076734111256
epoch:  45 batch:  0 region_loss:  10.0 10.0 loc_loss:  0.19541133880615236 reward_loss:  -9.770566940307617
epoch:  45 batch:  10 region_loss:  10.0 10.0 loc_loss:  0.2298733711242676 reward_loss:  -11.493668556213379
epoch:  45 batch:  20 region_loss:  10.0 10.0 loc_loss:  0.23951770782470702 reward_loss:  -11.975886344909668
epoch:  45 batch:  30 region_loss:  10.0 10.0 loc_loss:  0.19876045227050781 reward_loss:  -9.93802261352539
epoch:  45 batch:  40 region_loss:  10.0 10.0 loc_loss:  0.2752737045288086 reward_loss:  -13.76368522644043
epoch:  45 batch:  50 region_loss:  10.0 10.0 loc_loss:  0.21401697158813476 reward_loss:  -10.700847625732422
epoch:  45 batch:  60 region_loss:  10.0 10.0 loc_loss:  0.19941480636596678 reward_loss:  -9.970738410949707
epoch:  45 batch:  70 region_loss:  10.0 10.0 loc_loss:  0.20908618927001954 reward_loss:  -10.454309463500977
epoch:  45 batch:  80 region_loss:  10.0 10.0 loc_loss:  0.2012760353088379 reward_loss:  -10.063804626464844
epoch:  45 batch:  90 region_loss:  6.0 6.0 loc_loss:  0.12143802642822266 reward_loss:  -6.071901321411133
epoch:  45 batch:  100 region_loss:  8.0 8.0 loc_loss:  0.15078837394714356 reward_loss:  -7.539418697357178
epoch:  45 batch:  110 region_loss:  4.0 4.0 loc_loss:  0.07454248905181884 reward_loss:  -3.727123498916626
epoch:  45 batch:  120 region_loss:  5.0 5.0 loc_loss:  0.07711339950561523 reward_loss:  -3.8556699752807617
epoch:  45 batch:  130 region_loss:  7.0 7.0 loc_loss:  0.13735245704650878 reward_loss:  -6.867622375488281
acc@1:  0.10959548447789276
epoch: 45 region loss 0.17051094890510948 loc loss 0.18169804383368388 reward loss -9.084902320029961
epoch:  46 batch:  0 region_loss:  10.0 10.0 loc_loss:  0.1833951759338379 reward_loss:  -9.169758796691895
epoch:  46 batch:  10 region_loss:  10.0 10.0 loc_loss:  0.216538028717041 reward_loss:  -10.826902389526367
epoch:  46 batch:  20 region_loss:  10.0 10.0 loc_loss:  0.22633283615112304 reward_loss:  -11.316640853881836
epoch:  46 batch:  30 region_loss:  10.0 10.0 loc_loss:  0.18734897613525392 reward_loss:  -9.367449760437012
epoch:  46 batch:  40 region_loss:  10.0 10.0 loc_loss:  0.259398365020752 reward_loss:  -12.969918251037598
epoch:  46 batch:  50 region_loss:  10.0 10.0 loc_loss:  0.20200447082519532 reward_loss:  -10.100223541259766
epoch:  46 batch:  60 region_loss:  10.0 10.0 loc_loss:  0.18688779830932617 reward_loss:  -9.344389915466309
epoch:  46 batch:  70 region_loss:  10.0 10.0 loc_loss:  0.19596378326416017 reward_loss:  -9.798188209533691
epoch:  46 batch:  80 region_loss:  10.0 10.0 loc_loss:  0.18791910171508788 reward_loss:  -9.395954132080078
epoch:  46 batch:  90 region_loss:  6.0 6.0 loc_loss:  0.11309384346008301 reward_loss:  -5.654692649841309
epoch:  46 batch:  100 region_loss:  8.0 8.0 loc_loss:  0.1413440990447998 reward_loss:  -7.067205429077148
epoch:  46 batch:  110 region_loss:  4.0 4.0 loc_loss:  0.06905783653259277 reward_loss:  -3.4528915882110596
epoch:  46 batch:  120 region_loss:  5.0 5.0 loc_loss:  0.07187504768371582 reward_loss:  -3.593752145767212
epoch:  46 batch:  130 region_loss:  7.0 7.0 loc_loss:  0.127154541015625 reward_loss:  -6.35772705078125
acc@1:  0.11100658513640639
epoch: 46 region loss 0.17051094890510948 loc loss 0.1710709097437615 reward loss -8.553545694716655
epoch:  47 batch:  0 region_loss:  10.0 10.0 loc_loss:  0.17180267333984375 reward_loss:  -8.590134620666504
epoch:  47 batch:  10 region_loss:  10.0 10.0 loc_loss:  0.20352188110351563 reward_loss:  -10.176093101501465
epoch:  47 batch:  20 region_loss:  10.0 10.0 loc_loss:  0.21553564071655273 reward_loss:  -10.776782989501953
epoch:  47 batch:  30 region_loss:  10.0 10.0 loc_loss:  0.17573825836181642 reward_loss:  -8.786914825439453
epoch:  47 batch:  40 region_loss:  10.0 10.0 loc_loss:  0.24537817001342774 reward_loss:  -12.268906593322754
epoch:  47 batch:  50 region_loss:  10.0 10.0 loc_loss:  0.19093626022338867 reward_loss:  -9.546813011169434
epoch:  47 batch:  60 region_loss:  10.0 10.0 loc_loss:  0.17574804306030273 reward_loss:  -8.787403106689453
epoch:  47 batch:  70 region_loss:  10.0 10.0 loc_loss:  0.18433282852172853 reward_loss:  -9.216642379760742
epoch:  47 batch:  80 region_loss:  10.0 10.0 loc_loss:  0.17480093002319336 reward_loss:  -8.740032196044922
epoch:  47 batch:  90 region_loss:  6.0 6.0 loc_loss:  0.1048882007598877 reward_loss:  -5.244410514831543
epoch:  47 batch:  100 region_loss:  8.0 8.0 loc_loss:  0.13185659408569336 reward_loss:  -6.59282922744751
epoch:  47 batch:  110 region_loss:  4.0 4.0 loc_loss:  0.06363332271575928 reward_loss:  -3.181666135787964
epoch:  47 batch:  120 region_loss:  5.0 5.0 loc_loss:  0.06670228004455567 reward_loss:  -3.335114002227783
epoch:  47 batch:  130 region_loss:  7.0 7.0 loc_loss:  0.11852740287780762 reward_loss:  -5.9263691902160645
acc@1:  0.10677328316086547
epoch: 47 region loss 0.17051094890510948 loc loss 0.16101061110948994 reward loss -8.05052989503763
epoch:  48 batch:  0 region_loss:  10.0 10.0 loc_loss:  0.161204776763916 reward_loss:  -8.0602388381958
epoch:  48 batch:  10 region_loss:  10.0 10.0 loc_loss:  0.19132511138916017 reward_loss:  -9.566254615783691
epoch:  48 batch:  20 region_loss:  10.0 10.0 loc_loss:  0.20445323944091798 reward_loss:  -10.222661018371582
epoch:  48 batch:  30 region_loss:  10.0 10.0 loc_loss:  0.16484106063842774 reward_loss:  -8.242053031921387
epoch:  48 batch:  40 region_loss:  10.0 10.0 loc_loss:  0.23100940704345704 reward_loss:  -11.5504732131958
epoch:  48 batch:  50 region_loss:  10.0 10.0 loc_loss:  0.18064430236816406 reward_loss:  -9.032215118408203
epoch:  48 batch:  60 region_loss:  10.0 10.0 loc_loss:  0.16463930130004883 reward_loss:  -8.231966018676758
epoch:  48 batch:  70 region_loss:  10.0 10.0 loc_loss:  0.17238029479980468 reward_loss:  -8.619013786315918
epoch:  48 batch:  80 region_loss:  10.0 10.0 loc_loss:  0.16306598663330077 reward_loss:  -8.153299331665039
epoch:  48 batch:  90 region_loss:  6.0 6.0 loc_loss:  0.09748629570007324 reward_loss:  -4.87431526184082
epoch:  48 batch:  100 region_loss:  8.0 8.0 loc_loss:  0.12351459503173828 reward_loss:  -6.175729751586914
epoch:  48 batch:  110 region_loss:  4.0 4.0 loc_loss:  0.05875682830810547 reward_loss:  -2.937840223312378
epoch:  48 batch:  120 region_loss:  5.0 5.0 loc_loss:  0.062080154418945314 reward_loss:  -3.104008197784424
epoch:  48 batch:  130 region_loss:  7.0 7.0 loc_loss:  0.10935761451721192 reward_loss:  -5.4678802490234375
acc@1:  0.11006585136406397
epoch: 48 region loss 0.17051094890510948 loc loss 0.15146522161734366 reward loss -7.573261873565451
epoch:  49 batch:  0 region_loss:  10.0 10.0 loc_loss:  0.15072545051574707 reward_loss:  -7.53627347946167
epoch:  49 batch:  10 region_loss:  10.0 10.0 loc_loss:  0.17947935104370116 reward_loss:  -8.973967552185059
epoch:  49 batch:  20 region_loss:  10.0 10.0 loc_loss:  0.19495943069458008 reward_loss:  -9.74797248840332
epoch:  49 batch:  30 region_loss:  10.0 10.0 loc_loss:  0.1541172218322754 reward_loss:  -7.705859661102295
epoch:  49 batch:  40 region_loss:  10.0 10.0 loc_loss:  0.21822040557861327 reward_loss:  -10.911020278930664
epoch:  49 batch:  50 region_loss:  10.0 10.0 loc_loss:  0.17028928756713868 reward_loss:  -8.514463424682617
epoch:  49 batch:  60 region_loss:  10.0 10.0 loc_loss:  0.15445268630981446 reward_loss:  -7.722634315490723
epoch:  49 batch:  70 region_loss:  10.0 10.0 loc_loss:  0.16172391891479493 reward_loss:  -8.086195945739746
epoch:  49 batch:  80 region_loss:  10.0 10.0 loc_loss:  0.15164627075195314 reward_loss:  -7.582313537597656
epoch:  49 batch:  90 region_loss:  6.0 6.0 loc_loss:  0.09030038833618165 reward_loss:  -4.51501989364624
epoch:  49 batch:  100 region_loss:  8.0 8.0 loc_loss:  0.11496429443359375 reward_loss:  -5.748215198516846
epoch:  49 batch:  110 region_loss:  4.0 4.0 loc_loss:  0.05404389381408691 reward_loss:  -2.7021939754486084
epoch:  49 batch:  120 region_loss:  5.0 5.0 loc_loss:  0.05776677131652832 reward_loss:  -2.888338327407837
epoch:  49 batch:  130 region_loss:  7.0 7.0 loc_loss:  0.10185920715332031 reward_loss:  -5.092960357666016
acc@1:  0.10677328316086547
epoch: 49 region loss 0.17051094890510948 loc loss 0.14244834534443207 reward loss -7.122416848683879
