1
cuda
epoch:  0 batch:  0 region_loss:  10.0 10.0 loc_loss:  1.9916250610351562 reward_loss:  -99.5810546875
epoch:  0 batch:  10 region_loss:  10.0 10.0 loc_loss:  1.9761068725585937 reward_loss:  -98.80450439453125
epoch:  0 batch:  20 region_loss:  10.0 10.0 loc_loss:  1.9905682373046876 reward_loss:  -99.52754211425781
epoch:  0 batch:  30 region_loss:  10.0 10.0 loc_loss:  1.9946469116210936 reward_loss:  -99.732666015625
epoch:  0 batch:  40 region_loss:  10.0 10.0 loc_loss:  1.9771371459960938 reward_loss:  -98.85698699951172
epoch:  0 batch:  50 region_loss:  10.0 10.0 loc_loss:  1.9819688415527343 reward_loss:  -99.09786224365234
epoch:  0 batch:  60 region_loss:  10.0 10.0 loc_loss:  1.9846835327148438 reward_loss:  -99.23391723632812
epoch:  0 batch:  70 region_loss:  10.0 10.0 loc_loss:  1.980360870361328 reward_loss:  -99.018310546875
epoch:  0 batch:  80 region_loss:  10.0 10.0 loc_loss:  1.9777119445800782 reward_loss:  -98.88494110107422
epoch:  0 batch:  90 region_loss:  6.0 6.0 loc_loss:  1.1841748809814454 reward_loss:  -59.208396911621094
epoch:  0 batch:  100 region_loss:  8.0 8.0 loc_loss:  1.57254638671875 reward_loss:  -78.62745666503906
epoch:  0 batch:  110 region_loss:  4.0 4.0 loc_loss:  0.7892915344238282 reward_loss:  -39.465213775634766
epoch:  0 batch:  120 region_loss:  5.0 5.0 loc_loss:  0.9812117004394532 reward_loss:  -49.060447692871094
epoch:  0 batch:  130 region_loss:  7.0 7.0 loc_loss:  1.3727359008789062 reward_loss:  -68.63629150390625
acc@1:  0.0028222013170272815
epoch: 0 region loss 0.17051094890510948 loc loss 1.6865218598303133 reward loss -84.32601151849232
epoch:  1 batch:  0 region_loss:  10.0 10.0 loc_loss:  1.9177694702148438 reward_loss:  -95.8879165649414
epoch:  1 batch:  10 region_loss:  10.0 10.0 loc_loss:  1.9263365173339844 reward_loss:  -96.31757354736328
epoch:  1 batch:  20 region_loss:  10.0 10.0 loc_loss:  1.92835693359375 reward_loss:  -96.41739654541016
epoch:  1 batch:  30 region_loss:  10.0 10.0 loc_loss:  1.9398170471191407 reward_loss:  -96.99160766601562
epoch:  1 batch:  40 region_loss:  10.0 10.0 loc_loss:  1.9048692321777343 reward_loss:  -95.24459075927734
epoch:  1 batch:  50 region_loss:  10.0 10.0 loc_loss:  1.9124685668945312 reward_loss:  -95.62422180175781
epoch:  1 batch:  60 region_loss:  10.0 10.0 loc_loss:  1.905108642578125 reward_loss:  -95.2535171508789
epoch:  1 batch:  70 region_loss:  10.0 10.0 loc_loss:  1.8866726684570312 reward_loss:  -94.33242797851562
epoch:  1 batch:  80 region_loss:  10.0 10.0 loc_loss:  1.8687890625 reward_loss:  -93.43827056884766
epoch:  1 batch:  90 region_loss:  6.0 6.0 loc_loss:  1.1143133544921875 reward_loss:  -55.714351654052734
epoch:  1 batch:  100 region_loss:  8.0 8.0 loc_loss:  1.4609393310546874 reward_loss:  -73.04537963867188
epoch:  1 batch:  110 region_loss:  4.0 4.0 loc_loss:  0.7424976348876953 reward_loss:  -37.1252555847168
epoch:  1 batch:  120 region_loss:  5.0 5.0 loc_loss:  0.909975814819336 reward_loss:  -45.49890899658203
epoch:  1 batch:  130 region_loss:  7.0 7.0 loc_loss:  1.2627037811279296 reward_loss:  -63.136051177978516
acc@1:  0.020696142991533398
epoch: 1 region loss 0.17051094890510948 loc loss 1.6071169119507727 reward loss -80.35582719232045
epoch:  2 batch:  0 region_loss:  10.0 10.0 loc_loss:  1.7340809631347656 reward_loss:  -86.70420837402344
epoch:  2 batch:  10 region_loss:  10.0 10.0 loc_loss:  1.7467095947265625 reward_loss:  -87.33480834960938
epoch:  2 batch:  20 region_loss:  10.0 10.0 loc_loss:  1.7379470825195313 reward_loss:  -86.8979721069336
epoch:  2 batch:  30 region_loss:  10.0 10.0 loc_loss:  1.7818830871582032 reward_loss:  -89.0941162109375
epoch:  2 batch:  40 region_loss:  10.0 10.0 loc_loss:  1.7250154113769531 reward_loss:  -86.25140380859375
epoch:  2 batch:  50 region_loss:  10.0 10.0 loc_loss:  1.7686131286621094 reward_loss:  -88.43090057373047
epoch:  2 batch:  60 region_loss:  10.0 10.0 loc_loss:  1.7481062316894531 reward_loss:  -87.40497589111328
epoch:  2 batch:  70 region_loss:  10.0 10.0 loc_loss:  1.7459503173828126 reward_loss:  -87.29723358154297
epoch:  2 batch:  80 region_loss:  10.0 10.0 loc_loss:  1.724531707763672 reward_loss:  -86.22608184814453
epoch:  2 batch:  90 region_loss:  6.0 6.0 loc_loss:  1.0390951538085937 reward_loss:  -51.9540901184082
epoch:  2 batch:  100 region_loss:  8.0 8.0 loc_loss:  1.3717787170410156 reward_loss:  -68.59048461914062
epoch:  2 batch:  110 region_loss:  4.0 4.0 loc_loss:  0.7028938293457031 reward_loss:  -35.144134521484375
epoch:  2 batch:  120 region_loss:  5.0 5.0 loc_loss:  0.8666196441650391 reward_loss:  -43.330875396728516
epoch:  2 batch:  130 region_loss:  7.0 7.0 loc_loss:  1.2056260681152344 reward_loss:  -60.281883239746094
acc@1:  0.028222013170272814
epoch: 2 region loss 0.17051094890510948 loc loss 1.4755978777808862 reward loss -73.77989544833663
epoch:  3 batch:  0 region_loss:  10.0 10.0 loc_loss:  1.6792312622070313 reward_loss:  -83.961669921875
epoch:  3 batch:  10 region_loss:  10.0 10.0 loc_loss:  1.6738710021972656 reward_loss:  -83.69351196289062
epoch:  3 batch:  20 region_loss:  10.0 10.0 loc_loss:  1.647648162841797 reward_loss:  -82.38229370117188
epoch:  3 batch:  30 region_loss:  10.0 10.0 loc_loss:  1.7083610534667968 reward_loss:  -85.4180679321289
epoch:  3 batch:  40 region_loss:  10.0 10.0 loc_loss:  1.6439021301269532 reward_loss:  -82.19456481933594
epoch:  3 batch:  50 region_loss:  10.0 10.0 loc_loss:  1.6986032104492188 reward_loss:  -84.92977142333984
epoch:  3 batch:  60 region_loss:  10.0 10.0 loc_loss:  1.6773568725585937 reward_loss:  -83.8681411743164
epoch:  3 batch:  70 region_loss:  10.0 10.0 loc_loss:  1.6771736145019531 reward_loss:  -83.85794830322266
epoch:  3 batch:  80 region_loss:  10.0 10.0 loc_loss:  1.6651011657714845 reward_loss:  -83.25591278076172
epoch:  3 batch:  90 region_loss:  6.0 6.0 loc_loss:  1.0042357635498047 reward_loss:  -50.211341857910156
epoch:  3 batch:  100 region_loss:  8.0 8.0 loc_loss:  1.3231973266601562 reward_loss:  -66.16004180908203
epoch:  3 batch:  110 region_loss:  4.0 4.0 loc_loss:  0.6823149108886719 reward_loss:  -34.11537551879883
epoch:  3 batch:  120 region_loss:  5.0 5.0 loc_loss:  0.8419461822509766 reward_loss:  -42.09706115722656
epoch:  3 batch:  130 region_loss:  7.0 7.0 loc_loss:  1.173069305419922 reward_loss:  -58.65327835083008
acc@1:  0.04045155221072436
epoch: 3 region loss 0.17051094890510948 loc loss 1.4140513042811929 reward loss -70.70248304492365
epoch:  4 batch:  0 region_loss:  10.0 10.0 loc_loss:  1.6390989685058595 reward_loss:  -81.95518493652344
epoch:  4 batch:  10 region_loss:  10.0 10.0 loc_loss:  1.627802734375 reward_loss:  -81.39006042480469
epoch:  4 batch:  20 region_loss:  10.0 10.0 loc_loss:  1.5852102661132812 reward_loss:  -79.26089477539062
epoch:  4 batch:  30 region_loss:  10.0 10.0 loc_loss:  1.6533930969238282 reward_loss:  -82.670654296875
epoch:  4 batch:  40 region_loss:  10.0 10.0 loc_loss:  1.5844171142578125 reward_loss:  -79.2203369140625
epoch:  4 batch:  50 region_loss:  10.0 10.0 loc_loss:  1.6420693969726563 reward_loss:  -82.10305786132812
epoch:  4 batch:  60 region_loss:  10.0 10.0 loc_loss:  1.6223944091796876 reward_loss:  -81.11975860595703
epoch:  4 batch:  70 region_loss:  10.0 10.0 loc_loss:  1.6185575866699218 reward_loss:  -80.92833709716797
epoch:  4 batch:  80 region_loss:  10.0 10.0 loc_loss:  1.61423583984375 reward_loss:  -80.7125473022461
epoch:  4 batch:  90 region_loss:  6.0 6.0 loc_loss:  0.9742324066162109 reward_loss:  -48.712039947509766
epoch:  4 batch:  100 region_loss:  8.0 8.0 loc_loss:  1.2784549713134765 reward_loss:  -63.9234733581543
epoch:  4 batch:  110 region_loss:  4.0 4.0 loc_loss:  0.664345703125 reward_loss:  -33.21693420410156
epoch:  4 batch:  120 region_loss:  5.0 5.0 loc_loss:  0.817144775390625 reward_loss:  -40.85675048828125
epoch:  4 batch:  130 region_loss:  7.0 7.0 loc_loss:  1.141446304321289 reward_loss:  -57.072322845458984
acc@1:  0.051269990592662275
epoch: 4 region loss 0.17051094890510948 loc loss 1.3653000178650347 reward loss -68.26496266274556
epoch:  5 batch:  0 region_loss:  10.0 10.0 loc_loss:  1.5935960388183594 reward_loss:  -79.67987060546875
epoch:  5 batch:  10 region_loss:  10.0 10.0 loc_loss:  1.581824951171875 reward_loss:  -79.09163665771484
epoch:  5 batch:  20 region_loss:  10.0 10.0 loc_loss:  1.5242860412597656 reward_loss:  -76.21392059326172
epoch:  5 batch:  30 region_loss:  10.0 10.0 loc_loss:  1.5984046936035157 reward_loss:  -79.92073059082031
epoch:  5 batch:  40 region_loss:  10.0 10.0 loc_loss:  1.528359375 reward_loss:  -76.41913604736328
epoch:  5 batch:  50 region_loss:  10.0 10.0 loc_loss:  1.5847935485839844 reward_loss:  -79.2392578125
epoch:  5 batch:  60 region_loss:  10.0 10.0 loc_loss:  1.5685987854003907 reward_loss:  -78.42984008789062
epoch:  5 batch:  70 region_loss:  10.0 10.0 loc_loss:  1.5589201354980469 reward_loss:  -77.94554901123047
epoch:  5 batch:  80 region_loss:  10.0 10.0 loc_loss:  1.562022705078125 reward_loss:  -78.10105895996094
epoch:  5 batch:  90 region_loss:  6.0 6.0 loc_loss:  0.9441802215576172 reward_loss:  -47.208946228027344
epoch:  5 batch:  100 region_loss:  8.0 8.0 loc_loss:  1.2319186401367188 reward_loss:  -61.595672607421875
epoch:  5 batch:  110 region_loss:  4.0 4.0 loc_loss:  0.6462837982177735 reward_loss:  -32.31449508666992
epoch:  5 batch:  120 region_loss:  5.0 5.0 loc_loss:  0.7909818267822266 reward_loss:  -39.54927062988281
epoch:  5 batch:  130 region_loss:  7.0 7.0 loc_loss:  1.1075992584228516 reward_loss:  -55.37958526611328
acc@1:  0.060206961429915336
epoch: 5 region loss 0.17051094890510948 loc loss 1.3162735918142499 reward loss -65.81366128295008
epoch:  6 batch:  0 region_loss:  10.0 10.0 loc_loss:  1.5416714477539062 reward_loss:  -77.08370208740234
epoch:  6 batch:  10 region_loss:  10.0 10.0 loc_loss:  1.5319404602050781 reward_loss:  -76.59705352783203
epoch:  6 batch:  20 region_loss:  10.0 10.0 loc_loss:  1.4597332763671875 reward_loss:  -72.98678588867188
epoch:  6 batch:  30 region_loss:  10.0 10.0 loc_loss:  1.5399276733398437 reward_loss:  -76.9954833984375
epoch:  6 batch:  40 region_loss:  10.0 10.0 loc_loss:  1.4713766479492187 reward_loss:  -73.56909942626953
epoch:  6 batch:  50 region_loss:  10.0 10.0 loc_loss:  1.522496795654297 reward_loss:  -76.12425231933594
epoch:  6 batch:  60 region_loss:  10.0 10.0 loc_loss:  1.5119845581054687 reward_loss:  -75.59940338134766
epoch:  6 batch:  70 region_loss:  10.0 10.0 loc_loss:  1.4960633850097655 reward_loss:  -74.80398559570312
epoch:  6 batch:  80 region_loss:  10.0 10.0 loc_loss:  1.5069522094726562 reward_loss:  -75.34774017333984
epoch:  6 batch:  90 region_loss:  6.0 6.0 loc_loss:  0.9127607727050782 reward_loss:  -45.6379508972168
epoch:  6 batch:  100 region_loss:  8.0 8.0 loc_loss:  1.1810931396484374 reward_loss:  -59.05541229248047
epoch:  6 batch:  110 region_loss:  4.0 4.0 loc_loss:  0.627317123413086 reward_loss:  -31.36608123779297
epoch:  6 batch:  120 region_loss:  5.0 5.0 loc_loss:  0.7625420379638672 reward_loss:  -38.1272087097168
epoch:  6 batch:  130 region_loss:  7.0 7.0 loc_loss:  1.0713774108886718 reward_loss:  -53.56914138793945
acc@1:  0.0729068673565381
epoch: 6 region loss 0.17051094890510948 loc loss 1.2643170600389912 reward loss -63.21589501930849
epoch:  7 batch:  0 region_loss:  10.0 10.0 loc_loss:  1.4832960510253905 reward_loss:  -74.1649169921875
epoch:  7 batch:  10 region_loss:  10.0 10.0 loc_loss:  1.4760975646972656 reward_loss:  -73.80498504638672
epoch:  7 batch:  20 region_loss:  10.0 10.0 loc_loss:  1.3905232238769532 reward_loss:  -69.52593994140625
epoch:  7 batch:  30 region_loss:  10.0 10.0 loc_loss:  1.4760528564453126 reward_loss:  -73.80262756347656
epoch:  7 batch:  40 region_loss:  10.0 10.0 loc_loss:  1.4144847106933593 reward_loss:  -70.72474670410156
epoch:  7 batch:  50 region_loss:  10.0 10.0 loc_loss:  1.4542979431152343 reward_loss:  -72.71509552001953
epoch:  7 batch:  60 region_loss:  10.0 10.0 loc_loss:  1.4515000915527343 reward_loss:  -72.57523345947266
epoch:  7 batch:  70 region_loss:  10.0 10.0 loc_loss:  1.4282000732421876 reward_loss:  -71.4095687866211
epoch:  7 batch:  80 region_loss:  10.0 10.0 loc_loss:  1.44845703125 reward_loss:  -72.42267608642578
epoch:  7 batch:  90 region_loss:  6.0 6.0 loc_loss:  0.8797174072265626 reward_loss:  -43.98630142211914
epoch:  7 batch:  100 region_loss:  8.0 8.0 loc_loss:  1.126631622314453 reward_loss:  -56.33125305175781
epoch:  7 batch:  110 region_loss:  4.0 4.0 loc_loss:  0.6072223281860352 reward_loss:  -30.361263275146484
epoch:  7 batch:  120 region_loss:  5.0 5.0 loc_loss:  0.7324303436279297 reward_loss:  -36.62110137939453
epoch:  7 batch:  130 region_loss:  7.0 7.0 loc_loss:  1.032147216796875 reward_loss:  -51.608070373535156
acc@1:  0.08419567262464722
epoch: 7 region loss 0.17051094890510948 loc loss 1.2090805972579621 reward loss -60.454005109132645
epoch:  8 batch:  0 region_loss:  10.0 10.0 loc_loss:  1.419909210205078 reward_loss:  -70.99529266357422
epoch:  8 batch:  10 region_loss:  10.0 10.0 loc_loss:  1.4148777770996093 reward_loss:  -70.74408721923828
epoch:  8 batch:  20 region_loss:  10.0 10.0 loc_loss:  1.3179656982421875 reward_loss:  -65.89873504638672
epoch:  8 batch:  30 region_loss:  10.0 10.0 loc_loss:  1.4082867431640624 reward_loss:  -70.41401672363281
epoch:  8 batch:  40 region_loss:  10.0 10.0 loc_loss:  1.3590521240234374 reward_loss:  -67.95228576660156
epoch:  8 batch:  50 region_loss:  10.0 10.0 loc_loss:  1.3819073486328124 reward_loss:  -69.09485626220703
epoch:  8 batch:  60 region_loss:  10.0 10.0 loc_loss:  1.3880409240722655 reward_loss:  -69.40203094482422
epoch:  8 batch:  70 region_loss:  10.0 10.0 loc_loss:  1.3570372009277343 reward_loss:  -67.851318359375
epoch:  8 batch:  80 region_loss:  10.0 10.0 loc_loss:  1.3867738342285156 reward_loss:  -69.33871459960938
epoch:  8 batch:  90 region_loss:  6.0 6.0 loc_loss:  0.8452120208740235 reward_loss:  -42.26070785522461
epoch:  8 batch:  100 region_loss:  8.0 8.0 loc_loss:  1.0694950103759766 reward_loss:  -53.47419357299805
epoch:  8 batch:  110 region_loss:  4.0 4.0 loc_loss:  0.5860546875 reward_loss:  -29.302719116210938
epoch:  8 batch:  120 region_loss:  5.0 5.0 loc_loss:  0.7002378845214844 reward_loss:  -35.011844635009766
epoch:  8 batch:  130 region_loss:  7.0 7.0 loc_loss:  0.9910737609863282 reward_loss:  -49.552825927734375
acc@1:  0.09924741298212605
epoch: 8 region loss 0.17051094890510948 loc loss 1.1515710474278804 reward loss -57.57851923643238
epoch:  9 batch:  0 region_loss:  10.0 10.0 loc_loss:  1.3524334716796875 reward_loss:  -67.62181854248047
epoch:  9 batch:  10 region_loss:  10.0 10.0 loc_loss:  1.3490145874023438 reward_loss:  -67.45044708251953
epoch:  9 batch:  20 region_loss:  10.0 10.0 loc_loss:  1.245122756958008 reward_loss:  -62.25664138793945
epoch:  9 batch:  30 region_loss:  10.0 10.0 loc_loss:  1.3370951843261718 reward_loss:  -66.85514831542969
epoch:  9 batch:  40 region_loss:  10.0 10.0 loc_loss:  1.3051112365722657 reward_loss:  -65.25540924072266
epoch:  9 batch:  50 region_loss:  10.0 10.0 loc_loss:  1.307008056640625 reward_loss:  -65.3507308959961
epoch:  9 batch:  60 region_loss:  10.0 10.0 loc_loss:  1.3229795837402343 reward_loss:  -66.14933013916016
epoch:  9 batch:  70 region_loss:  10.0 10.0 loc_loss:  1.2843321228027345 reward_loss:  -64.21658325195312
epoch:  9 batch:  80 region_loss:  10.0 10.0 loc_loss:  1.3235047912597657 reward_loss:  -66.17571258544922
epoch:  9 batch:  90 region_loss:  6.0 6.0 loc_loss:  0.8094090270996094 reward_loss:  -40.47013473510742
epoch:  9 batch:  100 region_loss:  8.0 8.0 loc_loss:  1.0112265014648438 reward_loss:  -50.56055450439453
epoch:  9 batch:  110 region_loss:  4.0 4.0 loc_loss:  0.5641075134277344 reward_loss:  -28.20536231994629
epoch:  9 batch:  120 region_loss:  5.0 5.0 loc_loss:  0.6672188568115235 reward_loss:  -33.360816955566406
epoch:  9 batch:  130 region_loss:  7.0 7.0 loc_loss:  0.9485637664794921 reward_loss:  -47.427825927734375
acc@1:  0.10818438381937912
epoch: 9 region loss 0.17051094890510948 loc loss 1.0931830168118442 reward loss -54.65912671332812
epoch:  10 batch:  0 region_loss:  10.0 10.0 loc_loss:  1.281439208984375 reward_loss:  -64.07190704345703
epoch:  10 batch:  10 region_loss:  10.0 10.0 loc_loss:  1.280298614501953 reward_loss:  -64.01483154296875
epoch:  10 batch:  20 region_loss:  10.0 10.0 loc_loss:  1.1731462097167968 reward_loss:  -58.65647888183594
epoch:  10 batch:  30 region_loss:  10.0 10.0 loc_loss:  1.264327621459961 reward_loss:  -63.21641540527344
epoch:  10 batch:  40 region_loss:  10.0 10.0 loc_loss:  1.252527847290039 reward_loss:  -62.62623596191406
epoch:  10 batch:  50 region_loss:  10.0 10.0 loc_loss:  1.2317137145996093 reward_loss:  -61.58584976196289
epoch:  10 batch:  60 region_loss:  10.0 10.0 loc_loss:  1.2588909149169922 reward_loss:  -62.94469451904297
epoch:  10 batch:  70 region_loss:  10.0 10.0 loc_loss:  1.2114473724365233 reward_loss:  -60.572654724121094
epoch:  10 batch:  80 region_loss:  10.0 10.0 loc_loss:  1.2608546447753906 reward_loss:  -63.0424690246582
epoch:  10 batch:  90 region_loss:  6.0 6.0 loc_loss:  0.773608169555664 reward_loss:  -38.68064498901367
epoch:  10 batch:  100 region_loss:  8.0 8.0 loc_loss:  0.9542505645751953 reward_loss:  -47.712364196777344
epoch:  10 batch:  110 region_loss:  4.0 4.0 loc_loss:  0.5415752029418945 reward_loss:  -27.07893180847168
epoch:  10 batch:  120 region_loss:  5.0 5.0 loc_loss:  0.6340818786621094 reward_loss:  -31.704002380371094
epoch:  10 batch:  130 region_loss:  7.0 7.0 loc_loss:  0.9053228759765625 reward_loss:  -45.2657470703125
acc@1:  0.11571025399811853
epoch: 10 region loss 0.17051094890510948 loc loss 1.0352713132426685 reward loss -51.76354721514848
epoch:  11 batch:  0 region_loss:  10.0 10.0 loc_loss:  1.2094949340820313 reward_loss:  -60.475303649902344
epoch:  11 batch:  10 region_loss:  10.0 10.0 loc_loss:  1.2115270233154296 reward_loss:  -60.576454162597656
epoch:  11 batch:  20 region_loss:  10.0 10.0 loc_loss:  1.1023223114013672 reward_loss:  -55.116119384765625
epoch:  11 batch:  30 region_loss:  10.0 10.0 loc_loss:  1.191680679321289 reward_loss:  -59.5839958190918
epoch:  11 batch:  40 region_loss:  10.0 10.0 loc_loss:  1.1996192932128906 reward_loss:  -59.98115158081055
epoch:  11 batch:  50 region_loss:  10.0 10.0 loc_loss:  1.1582730102539063 reward_loss:  -57.91376876831055
epoch:  11 batch:  60 region_loss:  10.0 10.0 loc_loss:  1.1966001892089844 reward_loss:  -59.830116271972656
epoch:  11 batch:  70 region_loss:  10.0 10.0 loc_loss:  1.1414888763427735 reward_loss:  -57.07483673095703
epoch:  11 batch:  80 region_loss:  10.0 10.0 loc_loss:  1.2010990142822267 reward_loss:  -60.054779052734375
epoch:  11 batch:  90 region_loss:  6.0 6.0 loc_loss:  0.7377025604248046 reward_loss:  -36.88535690307617
epoch:  11 batch:  100 region_loss:  8.0 8.0 loc_loss:  0.8998369598388671 reward_loss:  -44.992515563964844
epoch:  11 batch:  110 region_loss:  4.0 4.0 loc_loss:  0.5184734344482422 reward_loss:  -25.923385620117188
epoch:  11 batch:  120 region_loss:  5.0 5.0 loc_loss:  0.6012459945678711 reward_loss:  -30.06220054626465
epoch:  11 batch:  130 region_loss:  7.0 7.0 loc_loss:  0.8625325012207031 reward_loss:  -43.12631607055664
acc@1:  0.12652869238005646
epoch: 11 region loss 0.17051094890510948 loc loss 0.9792603173917227 reward loss -48.963014505205365
epoch:  12 batch:  0 region_loss:  10.0 10.0 loc_loss:  1.1391273498535157 reward_loss:  -56.95634841918945
epoch:  12 batch:  10 region_loss:  10.0 10.0 loc_loss:  1.1439988708496094 reward_loss:  -57.20016098022461
epoch:  12 batch:  20 region_loss:  10.0 10.0 loc_loss:  1.0344383239746093 reward_loss:  -51.722232818603516
epoch:  12 batch:  30 region_loss:  10.0 10.0 loc_loss:  1.119501495361328 reward_loss:  -55.97470474243164
epoch:  12 batch:  40 region_loss:  10.0 10.0 loc_loss:  1.1474439239501952 reward_loss:  -57.372520446777344
epoch:  12 batch:  50 region_loss:  10.0 10.0 loc_loss:  1.0885459899902343 reward_loss:  -54.42720413208008
epoch:  12 batch:  60 region_loss:  10.0 10.0 loc_loss:  1.1372354125976563 reward_loss:  -56.86186218261719
epoch:  12 batch:  70 region_loss:  10.0 10.0 loc_loss:  1.0755636596679687 reward_loss:  -53.77753829956055
epoch:  12 batch:  80 region_loss:  10.0 10.0 loc_loss:  1.1444830322265624 reward_loss:  -57.22389221191406
epoch:  12 batch:  90 region_loss:  6.0 6.0 loc_loss:  0.70294189453125 reward_loss:  -35.147117614746094
epoch:  12 batch:  100 region_loss:  8.0 8.0 loc_loss:  0.84888427734375 reward_loss:  -42.443817138671875
epoch:  12 batch:  110 region_loss:  4.0 4.0 loc_loss:  0.4951806640625 reward_loss:  -24.759288787841797
epoch:  12 batch:  120 region_loss:  5.0 5.0 loc_loss:  0.5697731018066406 reward_loss:  -28.489042282104492
epoch:  12 batch:  130 region_loss:  7.0 7.0 loc_loss:  0.8210633850097656 reward_loss:  -41.053226470947266
acc@1:  0.13405456255879586
epoch: 12 region loss 0.17051094890510948 loc loss 0.9259817103921932 reward loss -46.299048876240306
epoch:  13 batch:  0 region_loss:  10.0 10.0 loc_loss:  1.0722527313232422 reward_loss:  -53.61260223388672
epoch:  13 batch:  10 region_loss:  10.0 10.0 loc_loss:  1.079445571899414 reward_loss:  -53.97221755981445
epoch:  13 batch:  20 region_loss:  10.0 10.0 loc_loss:  0.969937973022461 reward_loss:  -48.49713897705078
epoch:  13 batch:  30 region_loss:  10.0 10.0 loc_loss:  1.0511036682128907 reward_loss:  -52.55516052246094
epoch:  13 batch:  40 region_loss:  10.0 10.0 loc_loss:  1.0968862915039062 reward_loss:  -54.84434127807617
epoch:  13 batch:  50 region_loss:  10.0 10.0 loc_loss:  1.0239630126953125 reward_loss:  -51.198184967041016
epoch:  13 batch:  60 region_loss:  10.0 10.0 loc_loss:  1.0803837585449219 reward_loss:  -54.01926803588867
epoch:  13 batch:  70 region_loss:  10.0 10.0 loc_loss:  1.014946746826172 reward_loss:  -50.747188568115234
epoch:  13 batch:  80 region_loss:  10.0 10.0 loc_loss:  1.0911153411865235 reward_loss:  -54.555908203125
epoch:  13 batch:  90 region_loss:  6.0 6.0 loc_loss:  0.6697496795654296 reward_loss:  -33.486968994140625
epoch:  13 batch:  100 region_loss:  8.0 8.0 loc_loss:  0.802019271850586 reward_loss:  -40.10090255737305
epoch:  13 batch:  110 region_loss:  4.0 4.0 loc_loss:  0.4722020721435547 reward_loss:  -23.610198974609375
epoch:  13 batch:  120 region_loss:  5.0 5.0 loc_loss:  0.5398522186279296 reward_loss:  -26.992511749267578
epoch:  13 batch:  130 region_loss:  7.0 7.0 loc_loss:  0.7814518737792969 reward_loss:  -39.072998046875
acc@1:  0.13452492944496708
epoch: 13 region loss 0.17051094890510948 loc loss 0.8761631794393497 reward loss -43.808130542727284
epoch:  14 batch:  0 region_loss:  10.0 10.0 loc_loss:  1.0099596405029296 reward_loss:  -50.49810791015625
epoch:  14 batch:  10 region_loss:  10.0 10.0 loc_loss:  1.018988723754883 reward_loss:  -50.949867248535156
epoch:  14 batch:  20 region_loss:  10.0 10.0 loc_loss:  0.9105709075927735 reward_loss:  -45.52869415283203
epoch:  14 batch:  30 region_loss:  10.0 10.0 loc_loss:  0.9875341796875 reward_loss:  -49.376564025878906
epoch:  14 batch:  40 region_loss:  10.0 10.0 loc_loss:  1.048548812866211 reward_loss:  -52.4278450012207
epoch:  14 batch:  50 region_loss:  10.0 10.0 loc_loss:  0.9637281036376953 reward_loss:  -48.18661880493164
epoch:  14 batch:  60 region_loss:  10.0 10.0 loc_loss:  1.0269398498535156 reward_loss:  -51.34665298461914
epoch:  14 batch:  70 region_loss:  10.0 10.0 loc_loss:  0.9594518280029297 reward_loss:  -47.97260665893555
epoch:  14 batch:  80 region_loss:  10.0 10.0 loc_loss:  1.0410472106933595 reward_loss:  -52.052886962890625
epoch:  14 batch:  90 region_loss:  6.0 6.0 loc_loss:  0.6388602447509766 reward_loss:  -31.943084716796875
epoch:  14 batch:  100 region_loss:  8.0 8.0 loc_loss:  0.7595768737792968 reward_loss:  -37.978431701660156
epoch:  14 batch:  110 region_loss:  4.0 4.0 loc_loss:  0.44992450714111326 reward_loss:  -22.49596405029297
epoch:  14 batch:  120 region_loss:  5.0 5.0 loc_loss:  0.5117431640625 reward_loss:  -25.587127685546875
epoch:  14 batch:  130 region_loss:  7.0 7.0 loc_loss:  0.7439803314208985 reward_loss:  -37.19867706298828
acc@1:  0.14063969896519285
epoch: 14 region loss 0.17051094890510948 loc loss 0.8300357381444777 reward loss -41.50179379873902
epoch:  15 batch:  0 region_loss:  10.0 10.0 loc_loss:  0.9534030151367188 reward_loss:  -47.670249938964844
epoch:  15 batch:  10 region_loss:  10.0 10.0 loc_loss:  0.9634257507324219 reward_loss:  -48.1718635559082
epoch:  15 batch:  20 region_loss:  10.0 10.0 loc_loss:  0.8576184844970703 reward_loss:  -42.88064193725586
epoch:  15 batch:  30 region_loss:  10.0 10.0 loc_loss:  0.9290876770019532 reward_loss:  -46.454463958740234
epoch:  15 batch:  40 region_loss:  10.0 10.0 loc_loss:  1.0030927276611328 reward_loss:  -50.15473175048828
epoch:  15 batch:  50 region_loss:  10.0 10.0 loc_loss:  0.9096067810058593 reward_loss:  -45.480220794677734
epoch:  15 batch:  60 region_loss:  10.0 10.0 loc_loss:  0.9760586547851563 reward_loss:  -48.80303955078125
epoch:  15 batch:  70 region_loss:  10.0 10.0 loc_loss:  0.9094420623779297 reward_loss:  -45.4719352722168
epoch:  15 batch:  80 region_loss:  10.0 10.0 loc_loss:  0.9941159820556641 reward_loss:  -49.70585250854492
epoch:  15 batch:  90 region_loss:  6.0 6.0 loc_loss:  0.6091328430175781 reward_loss:  -30.456480026245117
epoch:  15 batch:  100 region_loss:  8.0 8.0 loc_loss:  0.7209120941162109 reward_loss:  -36.04576873779297
epoch:  15 batch:  110 region_loss:  4.0 4.0 loc_loss:  0.4284402465820312 reward_loss:  -21.42193031311035
epoch:  15 batch:  120 region_loss:  5.0 5.0 loc_loss:  0.4850060272216797 reward_loss:  -24.250164031982422
epoch:  15 batch:  130 region_loss:  7.0 7.0 loc_loss:  0.7088359832763672 reward_loss:  -35.44184494018555
acc@1:  0.138758231420508
epoch: 15 region loss 0.17051094890510948 loc loss 0.7876150509910862 reward loss -39.38074656298561
epoch:  16 batch:  0 region_loss:  10.0 10.0 loc_loss:  0.9015689849853515 reward_loss:  -45.078468322753906
epoch:  16 batch:  10 region_loss:  10.0 10.0 loc_loss:  0.9128631591796875 reward_loss:  -45.643760681152344
epoch:  16 batch:  20 region_loss:  10.0 10.0 loc_loss:  0.8107350158691407 reward_loss:  -40.5369987487793
epoch:  16 batch:  30 region_loss:  10.0 10.0 loc_loss:  0.8768820953369141 reward_loss:  -43.84331512451172
epoch:  16 batch:  40 region_loss:  10.0 10.0 loc_loss:  0.9607064819335938 reward_loss:  -48.03498077392578
epoch:  16 batch:  50 region_loss:  10.0 10.0 loc_loss:  0.8600149536132813 reward_loss:  -43.00035858154297
epoch:  16 batch:  60 region_loss:  10.0 10.0 loc_loss:  0.9283614349365235 reward_loss:  -46.4182014465332
epoch:  16 batch:  70 region_loss:  10.0 10.0 loc_loss:  0.8628939056396484 reward_loss:  -43.144752502441406
epoch:  16 batch:  80 region_loss:  10.0 10.0 loc_loss:  0.9496456146240234 reward_loss:  -47.481937408447266
epoch:  16 batch:  90 region_loss:  6.0 6.0 loc_loss:  0.5814507293701172 reward_loss:  -29.072708129882812
epoch:  16 batch:  100 region_loss:  8.0 8.0 loc_loss:  0.6855946350097656 reward_loss:  -34.27903366088867
epoch:  16 batch:  110 region_loss:  4.0 4.0 loc_loss:  0.40787204742431643 reward_loss:  -20.393390655517578
epoch:  16 batch:  120 region_loss:  5.0 5.0 loc_loss:  0.4598838806152344 reward_loss:  -22.994197845458984
epoch:  16 batch:  130 region_loss:  7.0 7.0 loc_loss:  0.6759405517578125 reward_loss:  -33.79703140258789
acc@1:  0.14063969896519285
epoch: 16 region loss 0.17051094890510948 loc loss 0.7486715341832516 reward loss -37.43355641051801
epoch:  17 batch:  0 region_loss:  10.0 10.0 loc_loss:  0.8545264434814454 reward_loss:  -42.72616195678711
epoch:  17 batch:  10 region_loss:  10.0 10.0 loc_loss:  0.8672383117675782 reward_loss:  -43.36181640625
epoch:  17 batch:  20 region_loss:  10.0 10.0 loc_loss:  0.7684558868408203 reward_loss:  -38.423030853271484
epoch:  17 batch:  30 region_loss:  10.0 10.0 loc_loss:  0.8295924377441406 reward_loss:  -41.47903823852539
epoch:  17 batch:  40 region_loss:  10.0 10.0 loc_loss:  0.9197557067871094 reward_loss:  -45.98762512207031
epoch:  17 batch:  50 region_loss:  10.0 10.0 loc_loss:  0.8156079864501953 reward_loss:  -40.78069305419922
epoch:  17 batch:  60 region_loss:  10.0 10.0 loc_loss:  0.8837452697753906 reward_loss:  -44.1871337890625
epoch:  17 batch:  70 region_loss:  10.0 10.0 loc_loss:  0.8207758331298828 reward_loss:  -41.0389404296875
epoch:  17 batch:  80 region_loss:  10.0 10.0 loc_loss:  0.9081707000732422 reward_loss:  -45.40854263305664
epoch:  17 batch:  90 region_loss:  6.0 6.0 loc_loss:  0.5556352615356446 reward_loss:  -27.78167724609375
epoch:  17 batch:  100 region_loss:  8.0 8.0 loc_loss:  0.6532830047607422 reward_loss:  -32.664398193359375
epoch:  17 batch:  110 region_loss:  4.0 4.0 loc_loss:  0.388193244934082 reward_loss:  -19.409740447998047
epoch:  17 batch:  120 region_loss:  5.0 5.0 loc_loss:  0.43609588623046874 reward_loss:  -21.80457305908203
epoch:  17 batch:  130 region_loss:  7.0 7.0 loc_loss:  0.6452931976318359 reward_loss:  -32.26469039916992
acc@1:  0.138758231420508
epoch: 17 region loss 0.17051094890510948 loc loss 0.7129210708785232 reward loss -35.64602111203827
epoch:  18 batch:  0 region_loss:  10.0 10.0 loc_loss:  0.8103366088867188 reward_loss:  -40.517120361328125
epoch:  18 batch:  10 region_loss:  10.0 10.0 loc_loss:  0.8256756591796875 reward_loss:  -41.283470153808594
epoch:  18 batch:  20 region_loss:  10.0 10.0 loc_loss:  0.731710205078125 reward_loss:  -36.585689544677734
epoch:  18 batch:  30 region_loss:  10.0 10.0 loc_loss:  0.7861001586914063 reward_loss:  -39.304908752441406
epoch:  18 batch:  40 region_loss:  10.0 10.0 loc_loss:  0.8826448059082032 reward_loss:  -44.13207244873047
epoch:  18 batch:  50 region_loss:  10.0 10.0 loc_loss:  0.774483642578125 reward_loss:  -38.72419357299805
epoch:  18 batch:  60 region_loss:  10.0 10.0 loc_loss:  0.8416017150878906 reward_loss:  -42.08024597167969
epoch:  18 batch:  70 region_loss:  10.0 10.0 loc_loss:  0.7810562133789063 reward_loss:  -39.05316162109375
epoch:  18 batch:  80 region_loss:  10.0 10.0 loc_loss:  0.8682122802734376 reward_loss:  -43.410831451416016
epoch:  18 batch:  90 region_loss:  6.0 6.0 loc_loss:  0.5315425109863281 reward_loss:  -26.576860427856445
epoch:  18 batch:  100 region_loss:  8.0 8.0 loc_loss:  0.6229111480712891 reward_loss:  -31.145627975463867
epoch:  18 batch:  110 region_loss:  4.0 4.0 loc_loss:  0.36965354919433596 reward_loss:  -18.48260498046875
epoch:  18 batch:  120 region_loss:  5.0 5.0 loc_loss:  0.4134014129638672 reward_loss:  -20.670129776000977
epoch:  18 batch:  130 region_loss:  7.0 7.0 loc_loss:  0.6165013885498047 reward_loss:  -30.825040817260742
acc@1:  0.14111006585136407
epoch: 18 region loss 0.17051094890510948 loc loss 0.679883156101199 reward loss -33.99413927454148
epoch:  19 batch:  0 region_loss:  10.0 10.0 loc_loss:  0.7699469757080079 reward_loss:  -38.497467041015625
epoch:  19 batch:  10 region_loss:  10.0 10.0 loc_loss:  0.7873994445800782 reward_loss:  -39.36973571777344
epoch:  19 batch:  20 region_loss:  10.0 10.0 loc_loss:  0.6981364440917969 reward_loss:  -34.90705108642578
epoch:  19 batch:  30 region_loss:  10.0 10.0 loc_loss:  0.7455646514892578 reward_loss:  -37.2783317565918
epoch:  19 batch:  40 region_loss:  10.0 10.0 loc_loss:  0.8477803802490235 reward_loss:  -42.388790130615234
epoch:  19 batch:  50 region_loss:  10.0 10.0 loc_loss:  0.737428970336914 reward_loss:  -36.87117004394531
epoch:  19 batch:  60 region_loss:  10.0 10.0 loc_loss:  0.8013106536865234 reward_loss:  -40.065879821777344
epoch:  19 batch:  70 region_loss:  10.0 10.0 loc_loss:  0.7445692443847656 reward_loss:  -37.2286376953125
epoch:  19 batch:  80 region_loss:  10.0 10.0 loc_loss:  0.8304198455810546 reward_loss:  -41.5208625793457
epoch:  19 batch:  90 region_loss:  6.0 6.0 loc_loss:  0.5078114700317383 reward_loss:  -25.390792846679688
epoch:  19 batch:  100 region_loss:  8.0 8.0 loc_loss:  0.5946727371215821 reward_loss:  -29.733383178710938
epoch:  19 batch:  110 region_loss:  4.0 4.0 loc_loss:  0.3513658142089844 reward_loss:  -17.568359375
epoch:  19 batch:  120 region_loss:  5.0 5.0 loc_loss:  0.391823844909668 reward_loss:  -19.591014862060547
epoch:  19 batch:  130 region_loss:  7.0 7.0 loc_loss:  0.5897827529907227 reward_loss:  -29.489017486572266
acc@1:  0.1425211665098777
epoch: 19 region loss 0.17051094890510948 loc loss 0.6491494196870902 reward loss -32.45745218235211
epoch:  20 batch:  0 region_loss:  10.0 10.0 loc_loss:  0.73281982421875 reward_loss:  -36.64106750488281
epoch:  20 batch:  10 region_loss:  10.0 10.0 loc_loss:  0.7524788665771485 reward_loss:  -37.6236686706543
epoch:  20 batch:  20 region_loss:  10.0 10.0 loc_loss:  0.6681258392333984 reward_loss:  -33.40618896484375
epoch:  20 batch:  30 region_loss:  10.0 10.0 loc_loss:  0.7088414764404297 reward_loss:  -35.44194793701172
epoch:  20 batch:  40 region_loss:  10.0 10.0 loc_loss:  0.815504150390625 reward_loss:  -40.77509307861328
epoch:  20 batch:  50 region_loss:  10.0 10.0 loc_loss:  0.7025881958007812 reward_loss:  -35.12919235229492
epoch:  20 batch:  60 region_loss:  10.0 10.0 loc_loss:  0.7634729766845703 reward_loss:  -38.17387771606445
epoch:  20 batch:  70 region_loss:  10.0 10.0 loc_loss:  0.7109580993652344 reward_loss:  -35.54777526855469
epoch:  20 batch:  80 region_loss:  10.0 10.0 loc_loss:  0.7949258422851563 reward_loss:  -39.74623107910156
epoch:  20 batch:  90 region_loss:  6.0 6.0 loc_loss:  0.48647457122802734 reward_loss:  -24.323699951171875
epoch:  20 batch:  100 region_loss:  8.0 8.0 loc_loss:  0.5684771728515625 reward_loss:  -28.423606872558594
epoch:  20 batch:  110 region_loss:  4.0 4.0 loc_loss:  0.334759521484375 reward_loss:  -16.738143920898438
epoch:  20 batch:  120 region_loss:  5.0 5.0 loc_loss:  0.3712408447265625 reward_loss:  -18.562049865722656
epoch:  20 batch:  130 region_loss:  7.0 7.0 loc_loss:  0.5635552978515626 reward_loss:  -28.177921295166016
acc@1:  0.14016933207902163
epoch: 20 region loss 0.17051094890510948 loc loss 0.6205205971655184 reward loss -31.026036109367425
epoch:  21 batch:  0 region_loss:  10.0 10.0 loc_loss:  0.6971610260009765 reward_loss:  -34.85797119140625
epoch:  21 batch:  10 region_loss:  10.0 10.0 loc_loss:  0.7194180297851562 reward_loss:  -35.971221923828125
epoch:  21 batch:  20 region_loss:  10.0 10.0 loc_loss:  0.6407266998291016 reward_loss:  -32.03633117675781
epoch:  21 batch:  30 region_loss:  10.0 10.0 loc_loss:  0.6743948364257812 reward_loss:  -33.72007369995117
epoch:  21 batch:  40 region_loss:  10.0 10.0 loc_loss:  0.7849100494384765 reward_loss:  -39.2452392578125
epoch:  21 batch:  50 region_loss:  10.0 10.0 loc_loss:  0.6708052062988281 reward_loss:  -33.54052734375
epoch:  21 batch:  60 region_loss:  10.0 10.0 loc_loss:  0.7277427673339844 reward_loss:  -36.387508392333984
epoch:  21 batch:  70 region_loss:  10.0 10.0 loc_loss:  0.6784661865234375 reward_loss:  -33.92335891723633
epoch:  21 batch:  80 region_loss:  10.0 10.0 loc_loss:  0.7614299774169921 reward_loss:  -38.071563720703125
epoch:  21 batch:  90 region_loss:  6.0 6.0 loc_loss:  0.46548812866210937 reward_loss:  -23.274208068847656
epoch:  21 batch:  100 region_loss:  8.0 8.0 loc_loss:  0.542354736328125 reward_loss:  -27.11803436279297
epoch:  21 batch:  110 region_loss:  4.0 4.0 loc_loss:  0.31810998916625977 reward_loss:  -15.905494689941406
epoch:  21 batch:  120 region_loss:  5.0 5.0 loc_loss:  0.3521710205078125 reward_loss:  -17.608671188354492
epoch:  21 batch:  130 region_loss:  7.0 7.0 loc_loss:  0.5392914962768555 reward_loss:  -26.964710235595703
acc@1:  0.13828786453433678
epoch: 21 region loss 0.17051094890510948 loc loss 0.5935300069655816 reward loss -29.676507497355885
epoch:  22 batch:  0 region_loss:  10.0 10.0 loc_loss:  0.6641131591796875 reward_loss:  -33.20577621459961
epoch:  22 batch:  10 region_loss:  10.0 10.0 loc_loss:  0.6882904815673828 reward_loss:  -34.41436004638672
epoch:  22 batch:  20 region_loss:  10.0 10.0 loc_loss:  0.6145743179321289 reward_loss:  -30.728713989257812
epoch:  22 batch:  30 region_loss:  10.0 10.0 loc_loss:  0.6425057983398438 reward_loss:  -32.125091552734375
epoch:  22 batch:  40 region_loss:  10.0 10.0 loc_loss:  0.7555793762207031 reward_loss:  -37.77919006347656
epoch:  22 batch:  50 region_loss:  10.0 10.0 loc_loss:  0.6408531188964843 reward_loss:  -32.04215621948242
epoch:  22 batch:  60 region_loss:  10.0 10.0 loc_loss:  0.6943606567382813 reward_loss:  -34.718116760253906
epoch:  22 batch:  70 region_loss:  10.0 10.0 loc_loss:  0.6480791473388672 reward_loss:  -32.40401077270508
epoch:  22 batch:  80 region_loss:  10.0 10.0 loc_loss:  0.7283020782470703 reward_loss:  -36.414852142333984
epoch:  22 batch:  90 region_loss:  6.0 6.0 loc_loss:  0.4453413391113281 reward_loss:  -22.267127990722656
epoch:  22 batch:  100 region_loss:  8.0 8.0 loc_loss:  0.5178571701049804 reward_loss:  -25.893199920654297
epoch:  22 batch:  110 region_loss:  4.0 4.0 loc_loss:  0.3022396850585938 reward_loss:  -15.112001419067383
epoch:  22 batch:  120 region_loss:  5.0 5.0 loc_loss:  0.33323944091796875 reward_loss:  -16.66200065612793
epoch:  22 batch:  130 region_loss:  7.0 7.0 loc_loss:  0.5157426071166992 reward_loss:  -25.787353515625
acc@1:  0.14063969896519285
epoch: 22 region loss 0.17051094890510948 loc loss 0.5680285044482154 reward loss -28.401414961710465
epoch:  23 batch:  0 region_loss:  10.0 10.0 loc_loss:  0.6331303405761719 reward_loss:  -31.656198501586914
epoch:  23 batch:  10 region_loss:  10.0 10.0 loc_loss:  0.6595302581787109 reward_loss:  -32.976417541503906
epoch:  23 batch:  20 region_loss:  10.0 10.0 loc_loss:  0.5899164581298828 reward_loss:  -29.49599266052246
epoch:  23 batch:  30 region_loss:  10.0 10.0 loc_loss:  0.6127010726928711 reward_loss:  -30.635116577148438
epoch:  23 batch:  40 region_loss:  10.0 10.0 loc_loss:  0.7273867034912109 reward_loss:  -36.36954879760742
epoch:  23 batch:  50 region_loss:  10.0 10.0 loc_loss:  0.6131268692016602 reward_loss:  -30.6566104888916
epoch:  23 batch:  60 region_loss:  10.0 10.0 loc_loss:  0.6620915985107422 reward_loss:  -33.10459899902344
epoch:  23 batch:  70 region_loss:  10.0 10.0 loc_loss:  0.6193371200561524 reward_loss:  -30.966880798339844
epoch:  23 batch:  80 region_loss:  10.0 10.0 loc_loss:  0.6968660736083985 reward_loss:  -34.84295654296875
epoch:  23 batch:  90 region_loss:  6.0 6.0 loc_loss:  0.4266901397705078 reward_loss:  -21.33462142944336
epoch:  23 batch:  100 region_loss:  8.0 8.0 loc_loss:  0.49519943237304687 reward_loss:  -24.759716033935547
epoch:  23 batch:  110 region_loss:  4.0 4.0 loc_loss:  0.2875043487548828 reward_loss:  -14.375133514404297
epoch:  23 batch:  120 region_loss:  5.0 5.0 loc_loss:  0.31588436126708985 reward_loss:  -15.794052124023438
epoch:  23 batch:  130 region_loss:  7.0 7.0 loc_loss:  0.49395065307617186 reward_loss:  -24.697219848632812
acc@1:  0.1415804327375353
epoch: 23 region loss 0.17051094890510948 loc loss 0.5438499874616192 reward loss -27.19247713576268
epoch:  24 batch:  0 region_loss:  10.0 10.0 loc_loss:  0.6025294876098632 reward_loss:  -30.12628746032715
epoch:  24 batch:  10 region_loss:  10.0 10.0 loc_loss:  0.6315176391601562 reward_loss:  -31.57573699951172
epoch:  24 batch:  20 region_loss:  10.0 10.0 loc_loss:  0.5671608352661133 reward_loss:  -28.358232498168945
epoch:  24 batch:  30 region_loss:  10.0 10.0 loc_loss:  0.5839935302734375 reward_loss:  -29.19949722290039
epoch:  24 batch:  40 region_loss:  10.0 10.0 loc_loss:  0.7003961181640626 reward_loss:  -35.019447326660156
epoch:  24 batch:  50 region_loss:  10.0 10.0 loc_loss:  0.5861886978149414 reward_loss:  -29.309293746948242
epoch:  24 batch:  60 region_loss:  10.0 10.0 loc_loss:  0.6321885299682617 reward_loss:  -31.60970687866211
epoch:  24 batch:  70 region_loss:  10.0 10.0 loc_loss:  0.5923052215576172 reward_loss:  -29.615446090698242
epoch:  24 batch:  80 region_loss:  10.0 10.0 loc_loss:  0.6667094421386719 reward_loss:  -33.33552169799805
epoch:  24 batch:  90 region_loss:  6.0 6.0 loc_loss:  0.40748943328857423 reward_loss:  -20.3743896484375
epoch:  24 batch:  100 region_loss:  8.0 8.0 loc_loss:  0.4729582214355469 reward_loss:  -23.64788246154785
epoch:  24 batch:  110 region_loss:  4.0 4.0 loc_loss:  0.27333112716674807 reward_loss:  -13.666831016540527
epoch:  24 batch:  120 region_loss:  5.0 5.0 loc_loss:  0.29933120727539064 reward_loss:  -14.966519355773926
epoch:  24 batch:  130 region_loss:  7.0 7.0 loc_loss:  0.4715837860107422 reward_loss:  -23.57902717590332
acc@1:  0.1396989651928504
epoch: 24 region loss 0.17051094890510948 loc loss 0.5206467968181971 reward loss -26.032337404515623
epoch:  25 batch:  0 region_loss:  10.0 10.0 loc_loss:  0.5747610092163086 reward_loss:  -28.737802505493164
epoch:  25 batch:  10 region_loss:  10.0 10.0 loc_loss:  0.6047107696533203 reward_loss:  -30.235942840576172
epoch:  25 batch:  20 region_loss:  10.0 10.0 loc_loss:  0.5450512313842774 reward_loss:  -27.252334594726562
epoch:  25 batch:  30 region_loss:  10.0 10.0 loc_loss:  0.5569809722900391 reward_loss:  -27.848793029785156
epoch:  25 batch:  40 region_loss:  10.0 10.0 loc_loss:  0.6732746887207032 reward_loss:  -33.66349411010742
epoch:  25 batch:  50 region_loss:  10.0 10.0 loc_loss:  0.5612635040283203 reward_loss:  -28.06298065185547
epoch:  25 batch:  60 region_loss:  10.0 10.0 loc_loss:  0.6029552841186523 reward_loss:  -30.14776039123535
epoch:  25 batch:  70 region_loss:  10.0 10.0 loc_loss:  0.5670007705688477 reward_loss:  -28.350109100341797
epoch:  25 batch:  80 region_loss:  10.0 10.0 loc_loss:  0.6376232528686523 reward_loss:  -31.88092613220215
epoch:  25 batch:  90 region_loss:  6.0 6.0 loc_loss:  0.38936695098876956 reward_loss:  -19.468870162963867
epoch:  25 batch:  100 region_loss:  8.0 8.0 loc_loss:  0.45090518951416014 reward_loss:  -22.545421600341797
epoch:  25 batch:  110 region_loss:  4.0 4.0 loc_loss:  0.25922861099243166 reward_loss:  -12.961402893066406
epoch:  25 batch:  120 region_loss:  5.0 5.0 loc_loss:  0.28345550537109376 reward_loss:  -14.172746658325195
epoch:  25 batch:  130 region_loss:  7.0 7.0 loc_loss:  0.4505645751953125 reward_loss:  -22.528093338012695
