2
cuda
epoch:  0 batch:  0 region_loss:  10.0 10.0 loc_loss:  1.9877146911621093 reward_loss:  -99.38536071777344
epoch:  0 batch:  10 region_loss:  10.0 10.0 loc_loss:  1.9837968444824219 reward_loss:  -99.1895523071289
epoch:  0 batch:  20 region_loss:  10.0 10.0 loc_loss:  1.985579833984375 reward_loss:  -99.27922821044922
epoch:  0 batch:  30 region_loss:  10.0 10.0 loc_loss:  1.9775 reward_loss:  -98.87416076660156
epoch:  0 batch:  40 region_loss:  10.0 10.0 loc_loss:  1.973409423828125 reward_loss:  -98.6689682006836
epoch:  0 batch:  50 region_loss:  10.0 10.0 loc_loss:  1.9882376098632812 reward_loss:  -99.41154479980469
epoch:  0 batch:  60 region_loss:  10.0 10.0 loc_loss:  1.9804672241210937 reward_loss:  -99.0244140625
epoch:  0 batch:  70 region_loss:  10.0 10.0 loc_loss:  1.978500518798828 reward_loss:  -98.924560546875
epoch:  0 batch:  80 region_loss:  10.0 10.0 loc_loss:  1.979149627685547 reward_loss:  -98.9587173461914
epoch:  0 batch:  90 region_loss:  6.0 6.0 loc_loss:  1.1828262329101562 reward_loss:  -59.14219665527344
epoch:  0 batch:  100 region_loss:  8.0 8.0 loc_loss:  1.5732759094238282 reward_loss:  -78.66368103027344
epoch:  0 batch:  110 region_loss:  4.0 4.0 loc_loss:  0.7863929748535157 reward_loss:  -39.319759368896484
epoch:  0 batch:  120 region_loss:  5.0 5.0 loc_loss:  0.9804438781738282 reward_loss:  -49.0213737487793
epoch:  0 batch:  130 region_loss:  7.0 7.0 loc_loss:  1.3729380798339843 reward_loss:  -68.64683532714844
acc@1:  0.0023518344308560675
epoch: 0 region loss 0.17051094890510948 loc loss 1.6871434477645986 reward loss -84.35713708139684
epoch:  1 batch:  0 region_loss:  10.0 10.0 loc_loss:  1.9152604675292968 reward_loss:  -95.76251220703125
epoch:  1 batch:  10 region_loss:  10.0 10.0 loc_loss:  1.933650665283203 reward_loss:  -96.68296813964844
epoch:  1 batch:  20 region_loss:  10.0 10.0 loc_loss:  1.9267779541015626 reward_loss:  -96.34024810791016
epoch:  1 batch:  30 region_loss:  10.0 10.0 loc_loss:  1.9226742553710938 reward_loss:  -96.13178253173828
epoch:  1 batch:  40 region_loss:  10.0 10.0 loc_loss:  1.9099365234375 reward_loss:  -95.4968490600586
epoch:  1 batch:  50 region_loss:  10.0 10.0 loc_loss:  1.9162870788574218 reward_loss:  -95.81329345703125
epoch:  1 batch:  60 region_loss:  10.0 10.0 loc_loss:  1.9004348754882812 reward_loss:  -95.02181243896484
epoch:  1 batch:  70 region_loss:  10.0 10.0 loc_loss:  1.8876849365234376 reward_loss:  -94.38389587402344
epoch:  1 batch:  80 region_loss:  10.0 10.0 loc_loss:  1.868572998046875 reward_loss:  -93.4281997680664
epoch:  1 batch:  90 region_loss:  6.0 6.0 loc_loss:  1.1079193115234376 reward_loss:  -55.39689254760742
epoch:  1 batch:  100 region_loss:  8.0 8.0 loc_loss:  1.4587191772460937 reward_loss:  -72.935546875
epoch:  1 batch:  110 region_loss:  4.0 4.0 loc_loss:  0.7383790588378907 reward_loss:  -36.91810607910156
epoch:  1 batch:  120 region_loss:  5.0 5.0 loc_loss:  0.9091983795166015 reward_loss:  -45.45969009399414
epoch:  1 batch:  130 region_loss:  7.0 7.0 loc_loss:  1.2587715148925782 reward_loss:  -62.939064025878906
acc@1:  0.02022577610536218
epoch: 1 region loss 0.17051094890510948 loc loss 1.6055121233863552 reward loss -80.27548320798108
epoch:  2 batch:  0 region_loss:  10.0 10.0 loc_loss:  1.73498291015625 reward_loss:  -86.75020599365234
epoch:  2 batch:  10 region_loss:  10.0 10.0 loc_loss:  1.7382612609863282 reward_loss:  -86.91248321533203
epoch:  2 batch:  20 region_loss:  10.0 10.0 loc_loss:  1.7408360290527343 reward_loss:  -87.04205322265625
epoch:  2 batch:  30 region_loss:  10.0 10.0 loc_loss:  1.7697550964355468 reward_loss:  -88.48828125
epoch:  2 batch:  40 region_loss:  10.0 10.0 loc_loss:  1.7325283813476562 reward_loss:  -86.62664031982422
epoch:  2 batch:  50 region_loss:  10.0 10.0 loc_loss:  1.7798774719238282 reward_loss:  -88.9932632446289
epoch:  2 batch:  60 region_loss:  10.0 10.0 loc_loss:  1.749158935546875 reward_loss:  -87.45712280273438
epoch:  2 batch:  70 region_loss:  10.0 10.0 loc_loss:  1.7633251953125 reward_loss:  -88.16573333740234
epoch:  2 batch:  80 region_loss:  10.0 10.0 loc_loss:  1.7273251342773437 reward_loss:  -86.36507415771484
epoch:  2 batch:  90 region_loss:  6.0 6.0 loc_loss:  1.0348278045654298 reward_loss:  -51.740936279296875
epoch:  2 batch:  100 region_loss:  8.0 8.0 loc_loss:  1.37100341796875 reward_loss:  -68.5504150390625
epoch:  2 batch:  110 region_loss:  4.0 4.0 loc_loss:  0.7014154052734375 reward_loss:  -35.07062530517578
epoch:  2 batch:  120 region_loss:  5.0 5.0 loc_loss:  0.8668946838378906 reward_loss:  -43.34306716918945
epoch:  2 batch:  130 region_loss:  7.0 7.0 loc_loss:  1.2049839782714844 reward_loss:  -60.24867248535156
acc@1:  0.025870178739416744
epoch: 2 region loss 0.17051094890510948 loc loss 1.47572195902358 reward loss -73.78603560733099
epoch:  3 batch:  0 region_loss:  10.0 10.0 loc_loss:  1.6779351806640626 reward_loss:  -83.89667510986328
epoch:  3 batch:  10 region_loss:  10.0 10.0 loc_loss:  1.6711448669433593 reward_loss:  -83.55745697021484
epoch:  3 batch:  20 region_loss:  10.0 10.0 loc_loss:  1.6552116394042968 reward_loss:  -82.76058959960938
epoch:  3 batch:  30 region_loss:  10.0 10.0 loc_loss:  1.6985711669921875 reward_loss:  -84.92839813232422
epoch:  3 batch:  40 region_loss:  10.0 10.0 loc_loss:  1.6519955444335936 reward_loss:  -82.60067749023438
epoch:  3 batch:  50 region_loss:  10.0 10.0 loc_loss:  1.7086911010742187 reward_loss:  -85.43467712402344
epoch:  3 batch:  60 region_loss:  10.0 10.0 loc_loss:  1.6800003051757812 reward_loss:  -83.99954223632812
epoch:  3 batch:  70 region_loss:  10.0 10.0 loc_loss:  1.6928631591796874 reward_loss:  -84.643310546875
epoch:  3 batch:  80 region_loss:  10.0 10.0 loc_loss:  1.6658815002441407 reward_loss:  -83.29373931884766
epoch:  3 batch:  90 region_loss:  6.0 6.0 loc_loss:  1.0013172912597657 reward_loss:  -50.06552505493164
epoch:  3 batch:  100 region_loss:  8.0 8.0 loc_loss:  1.3237899780273437 reward_loss:  -66.18951416015625
epoch:  3 batch:  110 region_loss:  4.0 4.0 loc_loss:  0.6801345825195313 reward_loss:  -34.00507354736328
epoch:  3 batch:  120 region_loss:  5.0 5.0 loc_loss:  0.8414006042480469 reward_loss:  -42.069541931152344
epoch:  3 batch:  130 region_loss:  7.0 7.0 loc_loss:  1.1721714782714843 reward_loss:  -58.609107971191406
acc@1:  0.032455315145813735
epoch: 3 region loss 0.17051094890510948 loc loss 1.4151457247768875 reward loss -70.75726209765803
epoch:  4 batch:  0 region_loss:  10.0 10.0 loc_loss:  1.6369313049316405 reward_loss:  -81.84610748291016
epoch:  4 batch:  10 region_loss:  10.0 10.0 loc_loss:  1.628382110595703 reward_loss:  -81.41931915283203
epoch:  4 batch:  20 region_loss:  10.0 10.0 loc_loss:  1.5945884704589843 reward_loss:  -79.72879791259766
epoch:  4 batch:  30 region_loss:  10.0 10.0 loc_loss:  1.6439404296875 reward_loss:  -82.1972885131836
epoch:  4 batch:  40 region_loss:  10.0 10.0 loc_loss:  1.5947731018066407 reward_loss:  -79.7384262084961
epoch:  4 batch:  50 region_loss:  10.0 10.0 loc_loss:  1.6532708740234374 reward_loss:  -82.66341400146484
epoch:  4 batch:  60 region_loss:  10.0 10.0 loc_loss:  1.625291290283203 reward_loss:  -81.26439666748047
epoch:  4 batch:  70 region_loss:  10.0 10.0 loc_loss:  1.6345137023925782 reward_loss:  -81.72540283203125
epoch:  4 batch:  80 region_loss:  10.0 10.0 loc_loss:  1.6132244873046875 reward_loss:  -80.66155242919922
epoch:  4 batch:  90 region_loss:  6.0 6.0 loc_loss:  0.9719612884521485 reward_loss:  -48.59770202636719
epoch:  4 batch:  100 region_loss:  8.0 8.0 loc_loss:  1.2795989990234375 reward_loss:  -63.9792366027832
epoch:  4 batch:  110 region_loss:  4.0 4.0 loc_loss:  0.6612086486816406 reward_loss:  -33.06034851074219
epoch:  4 batch:  120 region_loss:  5.0 5.0 loc_loss:  0.8165285491943359 reward_loss:  -40.826595306396484
epoch:  4 batch:  130 region_loss:  7.0 7.0 loc_loss:  1.139884490966797 reward_loss:  -56.99439239501953
acc@1:  0.04233301975540922
epoch: 4 region loss 0.17051094890510948 loc loss 1.366643504678768 reward loss -68.33213094725225
epoch:  5 batch:  0 region_loss:  10.0 10.0 loc_loss:  1.5904917907714844 reward_loss:  -79.5241928100586
epoch:  5 batch:  10 region_loss:  10.0 10.0 loc_loss:  1.5838059997558593 reward_loss:  -79.19066619873047
epoch:  5 batch:  20 region_loss:  10.0 10.0 loc_loss:  1.5347605895996095 reward_loss:  -76.73798370361328
epoch:  5 batch:  30 region_loss:  10.0 10.0 loc_loss:  1.589452362060547 reward_loss:  -79.47178649902344
epoch:  5 batch:  40 region_loss:  10.0 10.0 loc_loss:  1.539939422607422 reward_loss:  -76.99724578857422
epoch:  5 batch:  50 region_loss:  10.0 10.0 loc_loss:  1.5982090759277343 reward_loss:  -79.91044616699219
epoch:  5 batch:  60 region_loss:  10.0 10.0 loc_loss:  1.5708279418945312 reward_loss:  -78.54149627685547
epoch:  5 batch:  70 region_loss:  10.0 10.0 loc_loss:  1.576908721923828 reward_loss:  -78.84556579589844
epoch:  5 batch:  80 region_loss:  10.0 10.0 loc_loss:  1.5606961059570312 reward_loss:  -78.03461456298828
epoch:  5 batch:  90 region_loss:  6.0 6.0 loc_loss:  0.9421002960205078 reward_loss:  -47.1050910949707
epoch:  5 batch:  100 region_loss:  8.0 8.0 loc_loss:  1.2332382965087891 reward_loss:  -61.66180419921875
epoch:  5 batch:  110 region_loss:  4.0 4.0 loc_loss:  0.6423216247558594 reward_loss:  -32.116153717041016
epoch:  5 batch:  120 region_loss:  5.0 5.0 loc_loss:  0.7899611663818359 reward_loss:  -39.49795913696289
epoch:  5 batch:  130 region_loss:  7.0 7.0 loc_loss:  1.1054080200195313 reward_loss:  -55.2705192565918
acc@1:  0.05879586077140169
epoch: 5 region loss 0.17051094890510948 loc loss 1.3178353021440714 reward loss -65.89175108749501
epoch:  6 batch:  0 region_loss:  10.0 10.0 loc_loss:  1.5370510864257811 reward_loss:  -76.8526840209961
epoch:  6 batch:  10 region_loss:  10.0 10.0 loc_loss:  1.5336764526367188 reward_loss:  -76.68389892578125
epoch:  6 batch:  20 region_loss:  10.0 10.0 loc_loss:  1.471492156982422 reward_loss:  -73.57504272460938
epoch:  6 batch:  30 region_loss:  10.0 10.0 loc_loss:  1.531641845703125 reward_loss:  -76.58218383789062
epoch:  6 batch:  40 region_loss:  10.0 10.0 loc_loss:  1.4835548400878906 reward_loss:  -74.17736053466797
epoch:  6 batch:  50 region_loss:  10.0 10.0 loc_loss:  1.539151611328125 reward_loss:  -76.95758056640625
epoch:  6 batch:  60 region_loss:  10.0 10.0 loc_loss:  1.5136695861816407 reward_loss:  -75.68412017822266
epoch:  6 batch:  70 region_loss:  10.0 10.0 loc_loss:  1.5168490600585938 reward_loss:  -75.84236145019531
epoch:  6 batch:  80 region_loss:  10.0 10.0 loc_loss:  1.5057220458984375 reward_loss:  -75.285888671875
epoch:  6 batch:  90 region_loss:  6.0 6.0 loc_loss:  0.9107429504394531 reward_loss:  -45.53692626953125
epoch:  6 batch:  100 region_loss:  8.0 8.0 loc_loss:  1.1832933044433593 reward_loss:  -59.164634704589844
epoch:  6 batch:  110 region_loss:  4.0 4.0 loc_loss:  0.6226475524902344 reward_loss:  -31.132307052612305
epoch:  6 batch:  120 region_loss:  5.0 5.0 loc_loss:  0.7612519836425782 reward_loss:  -38.062530517578125
epoch:  6 batch:  130 region_loss:  7.0 7.0 loc_loss:  1.0684912872314454 reward_loss:  -53.424644470214844
acc@1:  0.07102539981185324
epoch: 6 region loss 0.17051094890510948 loc loss 1.2660704547297346 reward loss -63.303525855071356
epoch:  7 batch:  0 region_loss:  10.0 10.0 loc_loss:  1.477730712890625 reward_loss:  -73.88644409179688
epoch:  7 batch:  10 region_loss:  10.0 10.0 loc_loss:  1.4775921630859374 reward_loss:  -73.8796157836914
epoch:  7 batch:  20 region_loss:  10.0 10.0 loc_loss:  1.4032510375976563 reward_loss:  -70.16338348388672
epoch:  7 batch:  30 region_loss:  10.0 10.0 loc_loss:  1.4693673706054688 reward_loss:  -73.46833801269531
epoch:  7 batch:  40 region_loss:  10.0 10.0 loc_loss:  1.4255570983886718 reward_loss:  -71.27787780761719
epoch:  7 batch:  50 region_loss:  10.0 10.0 loc_loss:  1.474869842529297 reward_loss:  -73.74349975585938
epoch:  7 batch:  60 region_loss:  10.0 10.0 loc_loss:  1.4531591796875 reward_loss:  -72.65792083740234
epoch:  7 batch:  70 region_loss:  10.0 10.0 loc_loss:  1.45249267578125 reward_loss:  -72.62458801269531
epoch:  7 batch:  80 region_loss:  10.0 10.0 loc_loss:  1.448032684326172 reward_loss:  -72.40162658691406
epoch:  7 batch:  90 region_loss:  6.0 6.0 loc_loss:  0.8778373718261718 reward_loss:  -43.891571044921875
epoch:  7 batch:  100 region_loss:  8.0 8.0 loc_loss:  1.1292506408691407 reward_loss:  -56.46241760253906
epoch:  7 batch:  110 region_loss:  4.0 4.0 loc_loss:  0.6019797897338868 reward_loss:  -30.099058151245117
epoch:  7 batch:  120 region_loss:  5.0 5.0 loc_loss:  0.730245361328125 reward_loss:  -36.512264251708984
epoch:  7 batch:  130 region_loss:  7.0 7.0 loc_loss:  1.0291426086425781 reward_loss:  -51.457157135009766
acc@1:  0.08090310442144873
epoch: 7 region loss 0.17051094890510948 loc loss 1.210991749728683 reward loss -60.54957664099923
epoch:  8 batch:  0 region_loss:  10.0 10.0 loc_loss:  1.4128407287597655 reward_loss:  -70.64207458496094
epoch:  8 batch:  10 region_loss:  10.0 10.0 loc_loss:  1.4156898498535155 reward_loss:  -70.78450775146484
epoch:  8 batch:  20 region_loss:  10.0 10.0 loc_loss:  1.3301811218261719 reward_loss:  -66.51005554199219
epoch:  8 batch:  30 region_loss:  10.0 10.0 loc_loss:  1.4025567626953126 reward_loss:  -70.12784576416016
epoch:  8 batch:  40 region_loss:  10.0 10.0 loc_loss:  1.36733642578125 reward_loss:  -68.36680603027344
epoch:  8 batch:  50 region_loss:  10.0 10.0 loc_loss:  1.4055738830566407 reward_loss:  -70.27869415283203
epoch:  8 batch:  60 region_loss:  10.0 10.0 loc_loss:  1.3894944763183594 reward_loss:  -69.47468566894531
epoch:  8 batch:  70 region_loss:  10.0 10.0 loc_loss:  1.3837553405761718 reward_loss:  -69.1880874633789
epoch:  8 batch:  80 region_loss:  10.0 10.0 loc_loss:  1.3878176879882813 reward_loss:  -69.3908920288086
epoch:  8 batch:  90 region_loss:  6.0 6.0 loc_loss:  0.8433645629882812 reward_loss:  -42.16808319091797
epoch:  8 batch:  100 region_loss:  8.0 8.0 loc_loss:  1.0719019317626952 reward_loss:  -53.59579849243164
epoch:  8 batch:  110 region_loss:  4.0 4.0 loc_loss:  0.5803913879394531 reward_loss:  -29.019542694091797
epoch:  8 batch:  120 region_loss:  5.0 5.0 loc_loss:  0.6974696350097657 reward_loss:  -34.873470306396484
epoch:  8 batch:  130 region_loss:  7.0 7.0 loc_loss:  0.9878807067871094 reward_loss:  -49.39398956298828
acc@1:  0.09407337723424271
epoch: 8 region loss 0.17051094890510948 loc loss 1.1533291046810847 reward loss -57.66647061814357
epoch:  9 batch:  0 region_loss:  10.0 10.0 loc_loss:  1.3434513854980468 reward_loss:  -67.1725845336914
epoch:  9 batch:  10 region_loss:  10.0 10.0 loc_loss:  1.3491078186035157 reward_loss:  -67.45538330078125
epoch:  9 batch:  20 region_loss:  10.0 10.0 loc_loss:  1.254214096069336 reward_loss:  -62.710670471191406
epoch:  9 batch:  30 region_loss:  10.0 10.0 loc_loss:  1.332209930419922 reward_loss:  -66.61054229736328
epoch:  9 batch:  40 region_loss:  10.0 10.0 loc_loss:  1.3094622802734375 reward_loss:  -65.4731216430664
epoch:  9 batch:  50 region_loss:  10.0 10.0 loc_loss:  1.3321121215820313 reward_loss:  -66.60560607910156
epoch:  9 batch:  60 region_loss:  10.0 10.0 loc_loss:  1.3239633178710937 reward_loss:  -66.1978759765625
epoch:  9 batch:  70 region_loss:  10.0 10.0 loc_loss:  1.3118783569335937 reward_loss:  -65.59320068359375
epoch:  9 batch:  80 region_loss:  10.0 10.0 loc_loss:  1.3260610961914063 reward_loss:  -66.30304718017578
epoch:  9 batch:  90 region_loss:  6.0 6.0 loc_loss:  0.8079218292236328 reward_loss:  -40.39616012573242
epoch:  9 batch:  100 region_loss:  8.0 8.0 loc_loss:  1.0131388092041016 reward_loss:  -50.657020568847656
epoch:  9 batch:  110 region_loss:  4.0 4.0 loc_loss:  0.5580309677124023 reward_loss:  -27.901552200317383
epoch:  9 batch:  120 region_loss:  5.0 5.0 loc_loss:  0.6638465118408203 reward_loss:  -33.19237518310547
epoch:  9 batch:  130 region_loss:  7.0 7.0 loc_loss:  0.9453178405761719 reward_loss:  -47.26591491699219
acc@1:  0.10818438381937912
epoch: 9 region loss 0.17051094890510948 loc loss 1.0944883833836465 reward loss -54.72441155371005
epoch:  10 batch:  0 region_loss:  10.0 10.0 loc_loss:  1.2713319396972655 reward_loss:  -63.56657409667969
epoch:  10 batch:  10 region_loss:  10.0 10.0 loc_loss:  1.27979248046875 reward_loss:  -63.989620208740234
epoch:  10 batch:  20 region_loss:  10.0 10.0 loc_loss:  1.1780693817138672 reward_loss:  -58.90383529663086
epoch:  10 batch:  30 region_loss:  10.0 10.0 loc_loss:  1.2601724243164063 reward_loss:  -63.008636474609375
epoch:  10 batch:  40 region_loss:  10.0 10.0 loc_loss:  1.252067108154297 reward_loss:  -62.60337448120117
epoch:  10 batch:  50 region_loss:  10.0 10.0 loc_loss:  1.2560623931884765 reward_loss:  -62.80309295654297
epoch:  10 batch:  60 region_loss:  10.0 10.0 loc_loss:  1.2584224700927735 reward_loss:  -62.921104431152344
epoch:  10 batch:  70 region_loss:  10.0 10.0 loc_loss:  1.2389625549316405 reward_loss:  -61.948097229003906
epoch:  10 batch:  80 region_loss:  10.0 10.0 loc_loss:  1.2645771789550782 reward_loss:  -63.22844696044922
epoch:  10 batch:  90 region_loss:  6.0 6.0 loc_loss:  0.7721932983398437 reward_loss:  -38.60967254638672
epoch:  10 batch:  100 region_loss:  8.0 8.0 loc_loss:  0.9550337219238281 reward_loss:  -47.75184631347656
epoch:  10 batch:  110 region_loss:  4.0 4.0 loc_loss:  0.5351374053955078 reward_loss:  -26.756879806518555
epoch:  10 batch:  120 region_loss:  5.0 5.0 loc_loss:  0.630144271850586 reward_loss:  -31.507246017456055
epoch:  10 batch:  130 region_loss:  7.0 7.0 loc_loss:  0.9021658325195312 reward_loss:  -45.108272552490234
acc@1:  0.11947318908748825
epoch: 10 region loss 0.17051094890510948 loc loss 1.0359929264374892 reward loss -51.799658615223684
epoch:  11 batch:  0 region_loss:  10.0 10.0 loc_loss:  1.1984712982177734 reward_loss:  -59.9235725402832
epoch:  11 batch:  10 region_loss:  10.0 10.0 loc_loss:  1.2099847412109375 reward_loss:  -60.499237060546875
epoch:  11 batch:  20 region_loss:  10.0 10.0 loc_loss:  1.1042446899414062 reward_loss:  -55.212242126464844
epoch:  11 batch:  30 region_loss:  10.0 10.0 loc_loss:  1.1879280090332032 reward_loss:  -59.3963508605957
epoch:  11 batch:  40 region_loss:  10.0 10.0 loc_loss:  1.1953742980957032 reward_loss:  -59.7686882019043
epoch:  11 batch:  50 region_loss:  10.0 10.0 loc_loss:  1.179863739013672 reward_loss:  -58.993186950683594
epoch:  11 batch:  60 region_loss:  10.0 10.0 loc_loss:  1.1943746185302735 reward_loss:  -59.71873092651367
epoch:  11 batch:  70 region_loss:  10.0 10.0 loc_loss:  1.16736572265625 reward_loss:  -58.36827087402344
epoch:  11 batch:  80 region_loss:  10.0 10.0 loc_loss:  1.2049425506591798 reward_loss:  -60.24713134765625
epoch:  11 batch:  90 region_loss:  6.0 6.0 loc_loss:  0.7368061828613282 reward_loss:  -36.84030532836914
epoch:  11 batch:  100 region_loss:  8.0 8.0 loc_loss:  0.8995326232910156 reward_loss:  -44.976802825927734
epoch:  11 batch:  110 region_loss:  4.0 4.0 loc_loss:  0.5118689727783203 reward_loss:  -25.59344482421875
epoch:  11 batch:  120 region_loss:  5.0 5.0 loc_loss:  0.5970945739746094 reward_loss:  -29.85472869873047
epoch:  11 batch:  130 region_loss:  7.0 7.0 loc_loss:  0.8594415283203125 reward_loss:  -42.97199249267578
acc@1:  0.12558795860771402
epoch: 11 region loss 0.17051094890510948 loc loss 0.9792711954047211 reward loss -48.963541866218954
epoch:  12 batch:  0 region_loss:  10.0 10.0 loc_loss:  1.1273458862304688 reward_loss:  -56.36728286743164
epoch:  12 batch:  10 region_loss:  10.0 10.0 loc_loss:  1.1420645141601562 reward_loss:  -57.10322189331055
epoch:  12 batch:  20 region_loss:  10.0 10.0 loc_loss:  1.034165725708008 reward_loss:  -51.70829772949219
epoch:  12 batch:  30 region_loss:  10.0 10.0 loc_loss:  1.116939697265625 reward_loss:  -55.84718322753906
epoch:  12 batch:  40 region_loss:  10.0 10.0 loc_loss:  1.1400818634033203 reward_loss:  -57.00414276123047
epoch:  12 batch:  50 region_loss:  10.0 10.0 loc_loss:  1.1059832763671875 reward_loss:  -55.29916000366211
epoch:  12 batch:  60 region_loss:  10.0 10.0 loc_loss:  1.1327333068847656 reward_loss:  -56.63657760620117
epoch:  12 batch:  70 region_loss:  10.0 10.0 loc_loss:  1.0993435668945313 reward_loss:  -54.96670150756836
epoch:  12 batch:  80 region_loss:  10.0 10.0 loc_loss:  1.1483699035644532 reward_loss:  -57.41849899291992
epoch:  12 batch:  90 region_loss:  6.0 6.0 loc_loss:  0.702420883178711 reward_loss:  -35.12104034423828
epoch:  12 batch:  100 region_loss:  8.0 8.0 loc_loss:  0.8477848052978516 reward_loss:  -42.38887023925781
epoch:  12 batch:  110 region_loss:  4.0 4.0 loc_loss:  0.48856430053710936 reward_loss:  -24.42821502685547
epoch:  12 batch:  120 region_loss:  5.0 5.0 loc_loss:  0.5653837585449218 reward_loss:  -28.269174575805664
epoch:  12 batch:  130 region_loss:  7.0 7.0 loc_loss:  0.8178297424316406 reward_loss:  -40.89148712158203
acc@1:  0.132173095014111
epoch: 12 region loss 0.17051094890510948 loc loss 0.925415552236738 reward loss -46.27076371742861
epoch:  13 batch:  0 region_loss:  10.0 10.0 loc_loss:  1.05999267578125 reward_loss:  -52.999671936035156
epoch:  13 batch:  10 region_loss:  10.0 10.0 loc_loss:  1.0776260375976563 reward_loss:  -53.88129806518555
epoch:  13 batch:  20 region_loss:  10.0 10.0 loc_loss:  0.9691612243652343 reward_loss:  -48.45806121826172
epoch:  13 batch:  30 region_loss:  10.0 10.0 loc_loss:  1.0490573120117188 reward_loss:  -52.45286178588867
epoch:  13 batch:  40 region_loss:  10.0 10.0 loc_loss:  1.0869508361816407 reward_loss:  -54.3475456237793
epoch:  13 batch:  50 region_loss:  10.0 10.0 loc_loss:  1.0368147277832032 reward_loss:  -51.840736389160156
epoch:  13 batch:  60 region_loss:  10.0 10.0 loc_loss:  1.0739827728271485 reward_loss:  -53.69913101196289
epoch:  13 batch:  70 region_loss:  10.0 10.0 loc_loss:  1.0360665130615234 reward_loss:  -51.80332946777344
epoch:  13 batch:  80 region_loss:  10.0 10.0 loc_loss:  1.0949168395996094 reward_loss:  -54.745849609375
epoch:  13 batch:  90 region_loss:  6.0 6.0 loc_loss:  0.6692935180664062 reward_loss:  -33.46467590332031
epoch:  13 batch:  100 region_loss:  8.0 8.0 loc_loss:  0.8001863098144532 reward_loss:  -40.00960922241211
epoch:  13 batch:  110 region_loss:  4.0 4.0 loc_loss:  0.4655230712890625 reward_loss:  -23.276161193847656
epoch:  13 batch:  120 region_loss:  5.0 5.0 loc_loss:  0.5353549194335937 reward_loss:  -26.767742156982422
epoch:  13 batch:  130 region_loss:  7.0 7.0 loc_loss:  0.7779254913330078 reward_loss:  -38.89626693725586
acc@1:  0.13640639698965193
epoch: 13 region loss 0.17051094890510948 loc loss 0.8750944861530389 reward loss -43.75473256354785
epoch:  14 batch:  0 region_loss:  10.0 10.0 loc_loss:  0.9977055358886718 reward_loss:  -49.88528823852539
epoch:  14 batch:  10 region_loss:  10.0 10.0 loc_loss:  1.0175647735595703 reward_loss:  -50.87824249267578
epoch:  14 batch:  20 region_loss:  10.0 10.0 loc_loss:  0.9103011322021485 reward_loss:  -45.515052795410156
epoch:  14 batch:  30 region_loss:  10.0 10.0 loc_loss:  0.9861608123779297 reward_loss:  -49.30804443359375
epoch:  14 batch:  40 region_loss:  10.0 10.0 loc_loss:  1.0369278717041015 reward_loss:  -51.846397399902344
epoch:  14 batch:  50 region_loss:  10.0 10.0 loc_loss:  0.9733770751953125 reward_loss:  -48.66884994506836
epoch:  14 batch:  60 region_loss:  10.0 10.0 loc_loss:  1.0186380004882813 reward_loss:  -50.9318962097168
epoch:  14 batch:  70 region_loss:  10.0 10.0 loc_loss:  0.9779206085205078 reward_loss:  -48.89619827270508
epoch:  14 batch:  80 region_loss:  10.0 10.0 loc_loss:  1.044533233642578 reward_loss:  -52.226661682128906
epoch:  14 batch:  90 region_loss:  6.0 6.0 loc_loss:  0.6377606201171875 reward_loss:  -31.888031005859375
epoch:  14 batch:  100 region_loss:  8.0 8.0 loc_loss:  0.7570431518554688 reward_loss:  -37.85201644897461
epoch:  14 batch:  110 region_loss:  4.0 4.0 loc_loss:  0.44306632995605466 reward_loss:  -22.1533203125
epoch:  14 batch:  120 region_loss:  5.0 5.0 loc_loss:  0.5070029830932617 reward_loss:  -25.350154876708984
epoch:  14 batch:  130 region_loss:  7.0 7.0 loc_loss:  0.7401268005371093 reward_loss:  -37.00634002685547
acc@1:  0.138758231420508
epoch: 14 region loss 0.17051094890510948 loc loss 0.8286072242346993 reward loss -41.43035509986599
epoch:  15 batch:  0 region_loss:  10.0 10.0 loc_loss:  0.9408296966552734 reward_loss:  -47.0414924621582
epoch:  15 batch:  10 region_loss:  10.0 10.0 loc_loss:  0.9621906280517578 reward_loss:  -48.109535217285156
epoch:  15 batch:  20 region_loss:  10.0 10.0 loc_loss:  0.8576549530029297 reward_loss:  -42.88275146484375
epoch:  15 batch:  30 region_loss:  10.0 10.0 loc_loss:  0.9292149353027344 reward_loss:  -46.459625244140625
epoch:  15 batch:  40 region_loss:  10.0 10.0 loc_loss:  0.990401611328125 reward_loss:  -49.52008056640625
epoch:  15 batch:  50 region_loss:  10.0 10.0 loc_loss:  0.9161470031738281 reward_loss:  -45.80735397338867
epoch:  15 batch:  60 region_loss:  10.0 10.0 loc_loss:  0.9669099426269532 reward_loss:  -48.34550476074219
epoch:  15 batch:  70 region_loss:  10.0 10.0 loc_loss:  0.9245908355712891 reward_loss:  -46.22953796386719
epoch:  15 batch:  80 region_loss:  10.0 10.0 loc_loss:  0.9968270874023437 reward_loss:  -49.84136199951172
epoch:  15 batch:  90 region_loss:  6.0 6.0 loc_loss:  0.6078696060180664 reward_loss:  -30.393478393554688
epoch:  15 batch:  100 region_loss:  8.0 8.0 loc_loss:  0.7179706573486329 reward_loss:  -35.898860931396484
epoch:  15 batch:  110 region_loss:  4.0 4.0 loc_loss:  0.4214145660400391 reward_loss:  -21.070724487304688
epoch:  15 batch:  120 region_loss:  5.0 5.0 loc_loss:  0.48013484954833985 reward_loss:  -24.00674057006836
epoch:  15 batch:  130 region_loss:  7.0 7.0 loc_loss:  0.704679183959961 reward_loss:  -35.233970642089844
acc@1:  0.14299153339604892
epoch: 15 region loss 0.17051094890510948 loc loss 0.7859078882036418 reward loss -39.295391848487576
epoch:  16 batch:  0 region_loss:  10.0 10.0 loc_loss:  0.8891647338867188 reward_loss:  -44.458213806152344
epoch:  16 batch:  10 region_loss:  10.0 10.0 loc_loss:  0.9116143035888672 reward_loss:  -45.580711364746094
epoch:  16 batch:  20 region_loss:  10.0 10.0 loc_loss:  0.8107061767578125 reward_loss:  -40.53530502319336
epoch:  16 batch:  30 region_loss:  10.0 10.0 loc_loss:  0.8777627563476562 reward_loss:  -43.88813781738281
epoch:  16 batch:  40 region_loss:  10.0 10.0 loc_loss:  0.9476223754882812 reward_loss:  -47.38112258911133
epoch:  16 batch:  50 region_loss:  10.0 10.0 loc_loss:  0.8647599029541015 reward_loss:  -43.23800277709961
epoch:  16 batch:  60 region_loss:  10.0 10.0 loc_loss:  0.9183637237548828 reward_loss:  -45.918182373046875
epoch:  16 batch:  70 region_loss:  10.0 10.0 loc_loss:  0.8758280944824218 reward_loss:  -43.791385650634766
epoch:  16 batch:  80 region_loss:  10.0 10.0 loc_loss:  0.9516924285888672 reward_loss:  -47.58461380004883
epoch:  16 batch:  90 region_loss:  6.0 6.0 loc_loss:  0.5797564315795899 reward_loss:  -28.98784065246582
epoch:  16 batch:  100 region_loss:  8.0 8.0 loc_loss:  0.6824910736083984 reward_loss:  -34.124786376953125
epoch:  16 batch:  110 region_loss:  4.0 4.0 loc_loss:  0.40076580047607424 reward_loss:  -20.038286209106445
epoch:  16 batch:  120 region_loss:  5.0 5.0 loc_loss:  0.4547320556640625 reward_loss:  -22.736602783203125
epoch:  16 batch:  130 region_loss:  7.0 7.0 loc_loss:  0.671532974243164 reward_loss:  -33.576637268066406
acc@1:  0.14205079962370648
epoch: 16 region loss 0.17051094890510948 loc loss 0.7467625510779611 reward loss -37.33812140026232
epoch:  17 batch:  0 region_loss:  10.0 10.0 loc_loss:  0.8421803283691406 reward_loss:  -42.109012603759766
epoch:  17 batch:  10 region_loss:  10.0 10.0 loc_loss:  0.8654444122314453 reward_loss:  -43.272220611572266
epoch:  17 batch:  20 region_loss:  10.0 10.0 loc_loss:  0.7692173767089844 reward_loss:  -38.460872650146484
epoch:  17 batch:  30 region_loss:  10.0 10.0 loc_loss:  0.8312319946289063 reward_loss:  -41.561614990234375
epoch:  17 batch:  40 region_loss:  10.0 10.0 loc_loss:  0.9083844757080078 reward_loss:  -45.41922378540039
epoch:  17 batch:  50 region_loss:  10.0 10.0 loc_loss:  0.8186100006103516 reward_loss:  -40.930503845214844
epoch:  17 batch:  60 region_loss:  10.0 10.0 loc_loss:  0.8726683044433594 reward_loss:  -43.633419036865234
epoch:  17 batch:  70 region_loss:  10.0 10.0 loc_loss:  0.8311958312988281 reward_loss:  -41.55979537963867
epoch:  17 batch:  80 region_loss:  10.0 10.0 loc_loss:  0.9090213775634766 reward_loss:  -45.45106887817383
epoch:  17 batch:  90 region_loss:  6.0 6.0 loc_loss:  0.5530629348754883 reward_loss:  -27.65314292907715
epoch:  17 batch:  100 region_loss:  8.0 8.0 loc_loss:  0.6501541137695312 reward_loss:  -32.5076789855957
epoch:  17 batch:  110 region_loss:  4.0 4.0 loc_loss:  0.3811354064941406 reward_loss:  -19.056772232055664
epoch:  17 batch:  120 region_loss:  5.0 5.0 loc_loss:  0.43075889587402344 reward_loss:  -21.537944793701172
epoch:  17 batch:  130 region_loss:  7.0 7.0 loc_loss:  0.6406898498535156 reward_loss:  -32.03449249267578
acc@1:  0.14299153339604892
epoch: 17 region loss 0.17051094890510948 loc loss 0.7108115871457288 reward loss -35.54058215565925
epoch:  18 batch:  0 region_loss:  10.0 10.0 loc_loss:  0.799227066040039 reward_loss:  -39.96135330200195
epoch:  18 batch:  10 region_loss:  10.0 10.0 loc_loss:  0.8233071899414063 reward_loss:  -41.16535949707031
epoch:  18 batch:  20 region_loss:  10.0 10.0 loc_loss:  0.7322440338134766 reward_loss:  -36.61219787597656
epoch:  18 batch:  30 region_loss:  10.0 10.0 loc_loss:  0.7887457275390625 reward_loss:  -39.437286376953125
epoch:  18 batch:  40 region_loss:  10.0 10.0 loc_loss:  0.8722631072998047 reward_loss:  -43.61315155029297
epoch:  18 batch:  50 region_loss:  10.0 10.0 loc_loss:  0.7767959594726562 reward_loss:  -38.83979415893555
epoch:  18 batch:  60 region_loss:  10.0 10.0 loc_loss:  0.8295700073242187 reward_loss:  -41.47849655151367
epoch:  18 batch:  70 region_loss:  10.0 10.0 loc_loss:  0.7902544403076172 reward_loss:  -39.512725830078125
epoch:  18 batch:  80 region_loss:  10.0 10.0 loc_loss:  0.8685686492919922 reward_loss:  -43.42843246459961
epoch:  18 batch:  90 region_loss:  6.0 6.0 loc_loss:  0.5277816772460937 reward_loss:  -26.38908576965332
epoch:  18 batch:  100 region_loss:  8.0 8.0 loc_loss:  0.6201640701293946 reward_loss:  -31.008190155029297
epoch:  18 batch:  110 region_loss:  4.0 4.0 loc_loss:  0.3623495864868164 reward_loss:  -18.117477416992188
epoch:  18 batch:  120 region_loss:  5.0 5.0 loc_loss:  0.40820056915283204 reward_loss:  -20.41002655029297
epoch:  18 batch:  130 region_loss:  7.0 7.0 loc_loss:  0.611718635559082 reward_loss:  -30.58592987060547
acc@1:  0.14346190028222014
epoch: 18 region loss 0.17051094890510948 loc loss 0.6776463887291233 reward loss -33.88231441748403
epoch:  19 batch:  0 region_loss:  10.0 10.0 loc_loss:  0.7596049499511719 reward_loss:  -37.980224609375
epoch:  19 batch:  10 region_loss:  10.0 10.0 loc_loss:  0.7845320892333985 reward_loss:  -39.22660446166992
epoch:  19 batch:  20 region_loss:  10.0 10.0 loc_loss:  0.6989707183837891 reward_loss:  -34.94853210449219
epoch:  19 batch:  30 region_loss:  10.0 10.0 loc_loss:  0.7494731140136719 reward_loss:  -37.47364807128906
epoch:  19 batch:  40 region_loss:  10.0 10.0 loc_loss:  0.8386077880859375 reward_loss:  -41.930381774902344
epoch:  19 batch:  50 region_loss:  10.0 10.0 loc_loss:  0.7387545013427734 reward_loss:  -36.93772506713867
epoch:  19 batch:  60 region_loss:  10.0 10.0 loc_loss:  0.7888361358642578 reward_loss:  -39.44180679321289
epoch:  19 batch:  70 region_loss:  10.0 10.0 loc_loss:  0.7525765991210938 reward_loss:  -37.62883377075195
epoch:  19 batch:  80 region_loss:  10.0 10.0 loc_loss:  0.8301602935791016 reward_loss:  -41.50801467895508
epoch:  19 batch:  90 region_loss:  6.0 6.0 loc_loss:  0.5037713241577149 reward_loss:  -25.188434600830078
epoch:  19 batch:  100 region_loss:  8.0 8.0 loc_loss:  0.5923671722412109 reward_loss:  -29.61833953857422
epoch:  19 batch:  110 region_loss:  4.0 4.0 loc_loss:  0.3444630432128906 reward_loss:  -17.22315216064453
epoch:  19 batch:  120 region_loss:  5.0 5.0 loc_loss:  0.3869561767578125 reward_loss:  -19.347806930541992
epoch:  19 batch:  130 region_loss:  7.0 7.0 loc_loss:  0.5844789123535157 reward_loss:  -29.22394561767578
acc@1:  0.14440263405456255
epoch: 19 region loss 0.17051094890510948 loc loss 0.6468748987852222 reward loss -32.34374494622224
epoch:  20 batch:  0 region_loss:  10.0 10.0 loc_loss:  0.7229074096679687 reward_loss:  -36.145362854003906
epoch:  20 batch:  10 region_loss:  10.0 10.0 loc_loss:  0.7486812591552734 reward_loss:  -37.434059143066406
epoch:  20 batch:  20 region_loss:  10.0 10.0 loc_loss:  0.6687071228027344 reward_loss:  -33.43535614013672
epoch:  20 batch:  30 region_loss:  10.0 10.0 loc_loss:  0.7131300354003907 reward_loss:  -35.656497955322266
epoch:  20 batch:  40 region_loss:  10.0 10.0 loc_loss:  0.806796646118164 reward_loss:  -40.3398323059082
epoch:  20 batch:  50 region_loss:  10.0 10.0 loc_loss:  0.703656997680664 reward_loss:  -35.1828498840332
epoch:  20 batch:  60 region_loss:  10.0 10.0 loc_loss:  0.7500588989257813 reward_loss:  -37.50293731689453
epoch:  20 batch:  70 region_loss:  10.0 10.0 loc_loss:  0.7174957275390625 reward_loss:  -35.874786376953125
epoch:  20 batch:  80 region_loss:  10.0 10.0 loc_loss:  0.7935997772216797 reward_loss:  -39.67998504638672
epoch:  20 batch:  90 region_loss:  6.0 6.0 loc_loss:  0.4809148406982422 reward_loss:  -24.04574203491211
epoch:  20 batch:  100 region_loss:  8.0 8.0 loc_loss:  0.5660722732543946 reward_loss:  -28.303640365600586
epoch:  20 batch:  110 region_loss:  4.0 4.0 loc_loss:  0.3273580932617188 reward_loss:  -16.36790657043457
epoch:  20 batch:  120 region_loss:  5.0 5.0 loc_loss:  0.36691429138183596 reward_loss:  -18.345703125
epoch:  20 batch:  130 region_loss:  7.0 7.0 loc_loss:  0.5585123825073243 reward_loss:  -27.92561912536621
acc@1:  0.1425211665098777
epoch: 20 region loss 0.17051094890510948 loc loss 0.6181307636734342 reward loss -30.906537271764158
epoch:  21 batch:  0 region_loss:  10.0 10.0 loc_loss:  0.6887081909179688 reward_loss:  -34.43540954589844
epoch:  21 batch:  10 region_loss:  10.0 10.0 loc_loss:  0.7152477264404297 reward_loss:  -35.76238250732422
epoch:  21 batch:  20 region_loss:  10.0 10.0 loc_loss:  0.6409029388427734 reward_loss:  -32.04511642456055
epoch:  21 batch:  30 region_loss:  10.0 10.0 loc_loss:  0.6791736602783203 reward_loss:  -33.958683013916016
epoch:  21 batch:  40 region_loss:  10.0 10.0 loc_loss:  0.776604232788086 reward_loss:  -38.830204010009766
epoch:  21 batch:  50 region_loss:  10.0 10.0 loc_loss:  0.6711871337890625 reward_loss:  -33.55935287475586
epoch:  21 batch:  60 region_loss:  10.0 10.0 loc_loss:  0.713370361328125 reward_loss:  -35.66851806640625
epoch:  21 batch:  70 region_loss:  10.0 10.0 loc_loss:  0.6845957946777343 reward_loss:  -34.22978591918945
epoch:  21 batch:  80 region_loss:  10.0 10.0 loc_loss:  0.7585992431640625 reward_loss:  -37.92996597290039
epoch:  21 batch:  90 region_loss:  6.0 6.0 loc_loss:  0.45904457092285156 reward_loss:  -22.952228546142578
epoch:  21 batch:  100 region_loss:  8.0 8.0 loc_loss:  0.5411676025390625 reward_loss:  -27.05837631225586
epoch:  21 batch:  110 region_loss:  4.0 4.0 loc_loss:  0.31103755950927736 reward_loss:  -15.551876068115234
epoch:  21 batch:  120 region_loss:  5.0 5.0 loc_loss:  0.3480635070800781 reward_loss:  -17.40317726135254
epoch:  21 batch:  130 region_loss:  7.0 7.0 loc_loss:  0.5337912368774415 reward_loss:  -26.689558029174805
acc@1:  0.1415804327375353
epoch: 21 region loss 0.17051094890510948 loc loss 0.591135542932218 reward loss -29.55678514494513
epoch:  22 batch:  0 region_loss:  10.0 10.0 loc_loss:  0.6565239715576172 reward_loss:  -32.82619857788086
epoch:  22 batch:  10 region_loss:  10.0 10.0 loc_loss:  0.6839286804199218 reward_loss:  -34.196434020996094
epoch:  22 batch:  20 region_loss:  10.0 10.0 loc_loss:  0.6149640655517579 reward_loss:  -30.748205184936523
epoch:  22 batch:  30 region_loss:  10.0 10.0 loc_loss:  0.647372817993164 reward_loss:  -32.3686408996582
epoch:  22 batch:  40 region_loss:  10.0 10.0 loc_loss:  0.7476097106933594 reward_loss:  -37.380489349365234
epoch:  22 batch:  50 region_loss:  10.0 10.0 loc_loss:  0.6409293365478516 reward_loss:  -32.04646682739258
epoch:  22 batch:  60 region_loss:  10.0 10.0 loc_loss:  0.6784828186035157 reward_loss:  -33.924137115478516
epoch:  22 batch:  70 region_loss:  10.0 10.0 loc_loss:  0.6536350250244141 reward_loss:  -32.68174743652344
epoch:  22 batch:  80 region_loss:  10.0 10.0 loc_loss:  0.7250321960449219 reward_loss:  -36.251609802246094
epoch:  22 batch:  90 region_loss:  6.0 6.0 loc_loss:  0.43814697265625 reward_loss:  -21.907346725463867
epoch:  22 batch:  100 region_loss:  8.0 8.0 loc_loss:  0.5174115753173828 reward_loss:  -25.870615005493164
epoch:  22 batch:  110 region_loss:  4.0 4.0 loc_loss:  0.29527040481567385 reward_loss:  -14.763517379760742
epoch:  22 batch:  120 region_loss:  5.0 5.0 loc_loss:  0.33025794982910156 reward_loss:  -16.51289939880371
epoch:  22 batch:  130 region_loss:  7.0 7.0 loc_loss:  0.509977149963379 reward_loss:  -25.498857498168945
acc@1:  0.13922859830667922
epoch: 22 region loss 0.17051094890510948 loc loss 0.5656184703938283 reward loss -28.28091992775019
epoch:  23 batch:  0 region_loss:  10.0 10.0 loc_loss:  0.6261799621582032 reward_loss:  -31.30898094177246
epoch:  23 batch:  10 region_loss:  10.0 10.0 loc_loss:  0.6545057678222657 reward_loss:  -32.725284576416016
epoch:  23 batch:  20 region_loss:  10.0 10.0 loc_loss:  0.5905617523193359 reward_loss:  -29.52808952331543
epoch:  23 batch:  30 region_loss:  10.0 10.0 loc_loss:  0.6175234603881836 reward_loss:  -30.876190185546875
epoch:  23 batch:  40 region_loss:  10.0 10.0 loc_loss:  0.7197915649414063 reward_loss:  -35.98957824707031
epoch:  23 batch:  50 region_loss:  10.0 10.0 loc_loss:  0.612612075805664 reward_loss:  -30.630603790283203
epoch:  23 batch:  60 region_loss:  10.0 10.0 loc_loss:  0.6454328155517578 reward_loss:  -32.271644592285156
epoch:  23 batch:  70 region_loss:  10.0 10.0 loc_loss:  0.6242749404907226 reward_loss:  -31.213748931884766
epoch:  23 batch:  80 region_loss:  10.0 10.0 loc_loss:  0.6927722930908203 reward_loss:  -34.63861083984375
epoch:  23 batch:  90 region_loss:  6.0 6.0 loc_loss:  0.41819469451904295 reward_loss:  -20.909730911254883
epoch:  23 batch:  100 region_loss:  8.0 8.0 loc_loss:  0.4946641159057617 reward_loss:  -24.73338508605957
epoch:  23 batch:  110 region_loss:  4.0 4.0 loc_loss:  0.2802491760253906 reward_loss:  -14.012455940246582
epoch:  23 batch:  120 region_loss:  5.0 5.0 loc_loss:  0.3134183120727539 reward_loss:  -15.670915603637695
epoch:  23 batch:  130 region_loss:  7.0 7.0 loc_loss:  0.48710491180419924 reward_loss:  -24.355249404907227
acc@1:  0.13734713076199437
epoch: 23 region loss 0.17051094890510948 loc loss 0.5413929472178438 reward loss -27.069649974795155
epoch:  24 batch:  0 region_loss:  10.0 10.0 loc_loss:  0.5973641204833985 reward_loss:  -29.868209838867188
epoch:  24 batch:  10 region_loss:  10.0 10.0 loc_loss:  0.626594352722168 reward_loss:  -31.329715728759766
epoch:  24 batch:  20 region_loss:  10.0 10.0 loc_loss:  0.567466812133789 reward_loss:  -28.37333869934082
epoch:  24 batch:  30 region_loss:  10.0 10.0 loc_loss:  0.5892433166503906 reward_loss:  -29.46217155456543
epoch:  24 batch:  40 region_loss:  10.0 10.0 loc_loss:  0.6928666687011719 reward_loss:  -34.643333435058594
epoch:  24 batch:  50 region_loss:  10.0 10.0 loc_loss:  0.5859352111816406 reward_loss:  -29.2967586517334
epoch:  24 batch:  60 region_loss:  10.0 10.0 loc_loss:  0.6141056060791016 reward_loss:  -30.705276489257812
epoch:  24 batch:  70 region_loss:  10.0 10.0 loc_loss:  0.5964518737792969 reward_loss:  -29.822589874267578
epoch:  24 batch:  80 region_loss:  10.0 10.0 loc_loss:  0.6617646789550782 reward_loss:  -33.08823013305664
epoch:  24 batch:  90 region_loss:  6.0 6.0 loc_loss:  0.39899120330810545 reward_loss:  -19.94955825805664
epoch:  24 batch:  100 region_loss:  8.0 8.0 loc_loss:  0.4727038955688477 reward_loss:  -23.6352596282959
epoch:  24 batch:  110 region_loss:  4.0 4.0 loc_loss:  0.2658023452758789 reward_loss:  -13.290117263793945
epoch:  24 batch:  120 region_loss:  5.0 5.0 loc_loss:  0.2974014663696289 reward_loss:  -14.870071411132812
epoch:  24 batch:  130 region_loss:  7.0 7.0 loc_loss:  0.46499736785888673 reward_loss:  -23.24987030029297
acc@1:  0.13734713076199437
epoch: 24 region loss 0.17051094890510948 loc loss 0.518275636965341 reward loss -25.91378205710084
epoch:  25 batch:  0 region_loss:  10.0 10.0 loc_loss:  0.5699277496337891 reward_loss:  -28.496387481689453
epoch:  25 batch:  10 region_loss:  10.0 10.0 loc_loss:  0.6001092529296875 reward_loss:  -30.005460739135742
epoch:  25 batch:  20 region_loss:  10.0 10.0 loc_loss:  0.5455077743530273 reward_loss:  -27.275388717651367
epoch:  25 batch:  30 region_loss:  10.0 10.0 loc_loss:  0.5623804473876953 reward_loss:  -28.119020462036133
epoch:  25 batch:  40 region_loss:  10.0 10.0 loc_loss:  0.6667056274414063 reward_loss:  -33.33528137207031
epoch:  25 batch:  50 region_loss:  10.0 10.0 loc_loss:  0.5605836486816407 reward_loss:  -28.029176712036133
epoch:  25 batch:  60 region_loss:  10.0 10.0 loc_loss:  0.5843405914306641 reward_loss:  -29.21702766418457
epoch:  25 batch:  70 region_loss:  10.0 10.0 loc_loss:  0.5698480224609375 reward_loss:  -28.492399215698242
epoch:  25 batch:  80 region_loss:  10.0 10.0 loc_loss:  0.6317719268798828 reward_loss:  -31.588594436645508
epoch:  25 batch:  90 region_loss:  6.0 6.0 loc_loss:  0.3804228973388672 reward_loss:  -19.021142959594727
epoch:  25 batch:  100 region_loss:  8.0 8.0 loc_loss:  0.45169548034667967 reward_loss:  -22.584762573242188
epoch:  25 batch:  110 region_loss:  4.0 4.0 loc_loss:  0.2519111251831055 reward_loss:  -12.595556259155273
epoch:  25 batch:  120 region_loss:  5.0 5.0 loc_loss:  0.2823248100280762 reward_loss:  -14.116239547729492
epoch:  25 batch:  130 region_loss:  7.0 7.0 loc_loss:  0.44373092651367185 reward_loss:  -22.186546325683594
acc@1:  0.1354656632173095
epoch: 25 region loss 0.17051094890510948 loc loss 0.4961346134130102 reward loss -24.806729149644394
epoch:  26 batch:  0 region_loss:  10.0 10.0 loc_loss:  0.543707389831543 reward_loss:  -27.185365676879883
epoch:  26 batch:  10 region_loss:  10.0 10.0 loc_loss:  0.5747505187988281 reward_loss:  -28.737525939941406
epoch:  26 batch:  20 region_loss:  10.0 10.0 loc_loss:  0.5244749450683593 reward_loss:  -26.223745346069336
epoch:  26 batch:  30 region_loss:  10.0 10.0 loc_loss:  0.5368061828613281 reward_loss:  -26.840309143066406
epoch:  26 batch:  40 region_loss:  10.0 10.0 loc_loss:  0.6412386322021484 reward_loss:  -32.06193161010742
epoch:  26 batch:  50 region_loss:  10.0 10.0 loc_loss:  0.5365265274047851 reward_loss:  -26.82632827758789
epoch:  26 batch:  60 region_loss:  10.0 10.0 loc_loss:  0.5561130142211914 reward_loss:  -27.80565071105957
epoch:  26 batch:  70 region_loss:  10.0 10.0 loc_loss:  0.5444625091552734 reward_loss:  -27.223125457763672
epoch:  26 batch:  80 region_loss:  10.0 10.0 loc_loss:  0.6028325653076172 reward_loss:  -30.14162826538086
epoch:  26 batch:  90 region_loss:  6.0 6.0 loc_loss:  0.3624357604980469 reward_loss:  -18.12178611755371
epoch:  26 batch:  100 region_loss:  8.0 8.0 loc_loss:  0.43127185821533204 reward_loss:  -21.563589096069336
epoch:  26 batch:  110 region_loss:  4.0 4.0 loc_loss:  0.2384980773925781 reward_loss:  -11.924903869628906
epoch:  26 batch:  120 region_loss:  5.0 5.0 loc_loss:  0.2678647422790527 reward_loss:  -13.393237113952637
epoch:  26 batch:  130 region_loss:  7.0 7.0 loc_loss:  0.4230976104736328 reward_loss:  -21.154878616333008
acc@1:  0.13405456255879586
epoch: 26 region loss 0.17051094890510948 loc loss 0.4748512078027655 reward loss -23.742557306359284
epoch:  27 batch:  0 region_loss:  10.0 10.0 loc_loss:  0.5186231994628906 reward_loss:  -25.93115997314453
epoch:  27 batch:  10 region_loss:  10.0 10.0 loc_loss:  0.5504027557373047 reward_loss:  -27.520139694213867
epoch:  27 batch:  20 region_loss:  10.0 10.0 loc_loss:  0.5042712783813477 reward_loss:  -25.21353530883789
epoch:  27 batch:  30 region_loss:  10.0 10.0 loc_loss:  0.5122214889526367 reward_loss:  -25.611072540283203
epoch:  27 batch:  40 region_loss:  10.0 10.0 loc_loss:  0.6164275360107422 reward_loss:  -30.821374893188477
epoch:  27 batch:  50 region_loss:  10.0 10.0 loc_loss:  0.5134254455566406 reward_loss:  -25.671274185180664
epoch:  27 batch:  60 region_loss:  10.0 10.0 loc_loss:  0.5290961456298828 reward_loss:  -26.454805374145508
epoch:  27 batch:  70 region_loss:  10.0 10.0 loc_loss:  0.5201299285888672 reward_loss:  -26.00649642944336
epoch:  27 batch:  80 region_loss:  10.0 10.0 loc_loss:  0.5749349594116211 reward_loss:  -28.746746063232422
epoch:  27 batch:  90 region_loss:  6.0 6.0 loc_loss:  0.34510696411132813 reward_loss:  -17.255340576171875
epoch:  27 batch:  100 region_loss:  8.0 8.0 loc_loss:  0.4115694808959961 reward_loss:  -20.57846450805664
epoch:  27 batch:  110 region_loss:  4.0 4.0 loc_loss:  0.22560972213745117 reward_loss:  -11.280484199523926
epoch:  27 batch:  120 region_loss:  5.0 5.0 loc_loss:  0.2541060066223145 reward_loss:  -12.705300331115723
epoch:  27 batch:  130 region_loss:  7.0 7.0 loc_loss:  0.40317569732666014 reward_loss:  -20.158782958984375
acc@1:  0.132173095014111
epoch: 27 region loss 0.17051094890510948 loc loss 0.4543299530892477 reward loss -22.71649671471032
epoch:  28 batch:  0 region_loss:  10.0 10.0 loc_loss:  0.4944942092895508 reward_loss:  -24.72471046447754
epoch:  28 batch:  10 region_loss:  10.0 10.0 loc_loss:  0.5269852066040039 reward_loss:  -26.349260330200195
epoch:  28 batch:  20 region_loss:  10.0 10.0 loc_loss:  0.48473785400390623 reward_loss:  -24.236896514892578
epoch:  28 batch:  30 region_loss:  10.0 10.0 loc_loss:  0.4886956787109375 reward_loss:  -24.434783935546875
epoch:  28 batch:  40 region_loss:  10.0 10.0 loc_loss:  0.5921628570556641 reward_loss:  -29.608144760131836
epoch:  28 batch:  50 region_loss:  10.0 10.0 loc_loss:  0.4912265396118164 reward_loss:  -24.561323165893555
epoch:  28 batch:  60 region_loss:  10.0 10.0 loc_loss:  0.5032791137695313 reward_loss:  -25.16395378112793
epoch:  28 batch:  70 region_loss:  10.0 10.0 loc_loss:  0.49674293518066404 reward_loss:  -24.837146759033203
epoch:  28 batch:  80 region_loss:  10.0 10.0 loc_loss:  0.5476590728759766 reward_loss:  -27.382953643798828
epoch:  28 batch:  90 region_loss:  6.0 6.0 loc_loss:  0.328192138671875 reward_loss:  -16.409605026245117
epoch:  28 batch:  100 region_loss:  8.0 8.0 loc_loss:  0.3925056457519531 reward_loss:  -19.625314712524414
epoch:  28 batch:  110 region_loss:  4.0 4.0 loc_loss:  0.21316293716430665 reward_loss:  -10.658146858215332
epoch:  28 batch:  120 region_loss:  5.0 5.0 loc_loss:  0.24088741302490235 reward_loss:  -12.0443696975708
epoch:  28 batch:  130 region_loss:  7.0 7.0 loc_loss:  0.3838691329956055 reward_loss:  -19.193456649780273
acc@1:  0.12699905926622765
epoch: 28 region loss 0.17051094890510948 loc loss 0.4344976363912986 reward loss -21.724881866552533
epoch:  29 batch:  0 region_loss:  10.0 10.0 loc_loss:  0.4712899398803711 reward_loss:  -23.564498901367188
epoch:  29 batch:  10 region_loss:  10.0 10.0 loc_loss:  0.5043268966674804 reward_loss:  -25.216346740722656
epoch:  29 batch:  20 region_loss:  10.0 10.0 loc_loss:  0.46582229614257814 reward_loss:  -23.29111099243164
epoch:  29 batch:  30 region_loss:  10.0 10.0 loc_loss:  0.4659405517578125 reward_loss:  -23.297027587890625
epoch:  29 batch:  40 region_loss:  10.0 10.0 loc_loss:  0.5684435272216797 reward_loss:  -28.42217254638672
epoch:  29 batch:  50 region_loss:  10.0 10.0 loc_loss:  0.46982288360595703 reward_loss:  -23.49114418029785
epoch:  29 batch:  60 region_loss:  10.0 10.0 loc_loss:  0.4785351943969727 reward_loss:  -23.926759719848633
epoch:  29 batch:  70 region_loss:  10.0 10.0 loc_loss:  0.4741590118408203 reward_loss:  -23.70795249938965
epoch:  29 batch:  80 region_loss:  10.0 10.0 loc_loss:  0.5212559509277344 reward_loss:  -26.06279945373535
epoch:  29 batch:  90 region_loss:  6.0 6.0 loc_loss:  0.3118804168701172 reward_loss:  -15.59402084350586
epoch:  29 batch:  100 region_loss:  8.0 8.0 loc_loss:  0.374063720703125 reward_loss:  -18.70319938659668
epoch:  29 batch:  110 region_loss:  4.0 4.0 loc_loss:  0.2011975860595703 reward_loss:  -10.059880256652832
epoch:  29 batch:  120 region_loss:  5.0 5.0 loc_loss:  0.22824466705322266 reward_loss:  -11.4122314453125
epoch:  29 batch:  130 region_loss:  7.0 7.0 loc_loss:  0.365120849609375 reward_loss:  -18.25604248046875
acc@1:  0.12746942615239887
epoch: 29 region loss 0.17051094890510948 loc loss 0.41529448418721665 reward loss -20.76472600185088
epoch:  30 batch:  0 region_loss:  10.0 10.0 loc_loss:  0.44892536163330077 reward_loss:  -22.44626808166504
epoch:  30 batch:  10 region_loss:  10.0 10.0 loc_loss:  0.48247364044189456 reward_loss:  -24.123680114746094
epoch:  30 batch:  20 region_loss:  10.0 10.0 loc_loss:  0.4474911117553711 reward_loss:  -22.374557495117188
epoch:  30 batch:  30 region_loss:  10.0 10.0 loc_loss:  0.4440209579467773 reward_loss:  -22.201045989990234
epoch:  30 batch:  40 region_loss:  10.0 10.0 loc_loss:  0.5451958465576172 reward_loss:  -27.25979232788086
epoch:  30 batch:  50 region_loss:  10.0 10.0 loc_loss:  0.4490628433227539 reward_loss:  -22.453142166137695
epoch:  30 batch:  60 region_loss:  10.0 10.0 loc_loss:  0.45474929809570314 reward_loss:  -22.73746109008789
epoch:  30 batch:  70 region_loss:  10.0 10.0 loc_loss:  0.45248703002929686 reward_loss:  -22.62434959411621
epoch:  30 batch:  80 region_loss:  10.0 10.0 loc_loss:  0.49564815521240235 reward_loss:  -24.782407760620117
epoch:  30 batch:  90 region_loss:  6.0 6.0 loc_loss:  0.2959269332885742 reward_loss:  -14.796347618103027
epoch:  30 batch:  100 region_loss:  8.0 8.0 loc_loss:  0.35622081756591795 reward_loss:  -17.81106185913086
epoch:  30 batch:  110 region_loss:  4.0 4.0 loc_loss:  0.1897360610961914 reward_loss:  -9.48680305480957
epoch:  30 batch:  120 region_loss:  5.0 5.0 loc_loss:  0.21610366821289062 reward_loss:  -10.805183410644531
epoch:  30 batch:  130 region_loss:  7.0 7.0 loc_loss:  0.34699119567871095 reward_loss:  -17.349559783935547
acc@1:  0.12558795860771402
epoch: 30 region loss 0.17051094890510948 loc loss 0.3966993854689772 reward loss -19.83497140355354
epoch:  31 batch:  0 region_loss:  10.0 10.0 loc_loss:  0.42729278564453127 reward_loss:  -21.364639282226562
epoch:  31 batch:  10 region_loss:  10.0 10.0 loc_loss:  0.4612618637084961 reward_loss:  -23.063093185424805
epoch:  31 batch:  20 region_loss:  10.0 10.0 loc_loss:  0.42970226287841795 reward_loss:  -21.48511505126953
epoch:  31 batch:  30 region_loss:  10.0 10.0 loc_loss:  0.4227639389038086 reward_loss:  -21.13819694519043
epoch:  31 batch:  40 region_loss:  10.0 10.0 loc_loss:  0.522514877319336 reward_loss:  -26.125747680664062
epoch:  31 batch:  50 region_loss:  10.0 10.0 loc_loss:  0.42896572113037107 reward_loss:  -21.448284149169922
epoch:  31 batch:  60 region_loss:  10.0 10.0 loc_loss:  0.43193775177001953 reward_loss:  -21.59688949584961
epoch:  31 batch:  70 region_loss:  10.0 10.0 loc_loss:  0.43143520355224607 reward_loss:  -21.57175636291504
epoch:  31 batch:  80 region_loss:  10.0 10.0 loc_loss:  0.4707249450683594 reward_loss:  -23.536251068115234
epoch:  31 batch:  90 region_loss:  6.0 6.0 loc_loss:  0.28066041946411135 reward_loss:  -14.033021926879883
epoch:  31 batch:  100 region_loss:  8.0 8.0 loc_loss:  0.3388715362548828 reward_loss:  -16.943618774414062
epoch:  31 batch:  110 region_loss:  4.0 4.0 loc_loss:  0.17858345031738282 reward_loss:  -8.929171562194824
epoch:  31 batch:  120 region_loss:  5.0 5.0 loc_loss:  0.20431156158447267 reward_loss:  -10.215578079223633
epoch:  31 batch:  130 region_loss:  7.0 7.0 loc_loss:  0.329466438293457 reward_loss:  -16.47332191467285
acc@1:  0.12652869238005646
epoch: 31 region loss 0.17051094890510948 loc loss 0.37869965880456635 reward loss -18.934982405961865
epoch:  32 batch:  0 region_loss:  10.0 10.0 loc_loss:  0.4064717483520508 reward_loss:  -20.32358741760254
epoch:  32 batch:  10 region_loss:  10.0 10.0 loc_loss:  0.44061702728271485 reward_loss:  -22.030851364135742
epoch:  32 batch:  20 region_loss:  10.0 10.0 loc_loss:  0.4125009918212891 reward_loss:  -20.625045776367188
epoch:  32 batch:  30 region_loss:  10.0 10.0 loc_loss:  0.40222721099853515 reward_loss:  -20.111358642578125
epoch:  32 batch:  40 region_loss:  10.0 10.0 loc_loss:  0.5001237487792969 reward_loss:  -25.006187438964844
epoch:  32 batch:  50 region_loss:  10.0 10.0 loc_loss:  0.40947906494140623 reward_loss:  -20.473957061767578
epoch:  32 batch:  60 region_loss:  10.0 10.0 loc_loss:  0.4099985122680664 reward_loss:  -20.49992561340332
epoch:  32 batch:  70 region_loss:  10.0 10.0 loc_loss:  0.4111994934082031 reward_loss:  -20.559974670410156
epoch:  32 batch:  80 region_loss:  10.0 10.0 loc_loss:  0.4465576171875 reward_loss:  -22.327878952026367
epoch:  32 batch:  90 region_loss:  6.0 6.0 loc_loss:  0.2655850601196289 reward_loss:  -13.279253005981445
epoch:  32 batch:  100 region_loss:  8.0 8.0 loc_loss:  0.322198486328125 reward_loss:  -16.10991859436035
epoch:  32 batch:  110 region_loss:  4.0 4.0 loc_loss:  0.1680358123779297 reward_loss:  -8.401790618896484
epoch:  32 batch:  120 region_loss:  5.0 5.0 loc_loss:  0.19307245254516603 reward_loss:  -9.6536226272583
epoch:  32 batch:  130 region_loss:  7.0 7.0 loc_loss:  0.31240936279296877 reward_loss:  -15.620468139648438
acc@1:  0.12417685794920037
epoch: 32 region loss 0.17051094890510948 loc loss 0.36111155252387056 reward loss -18.055574093421882
epoch:  33 batch:  0 region_loss:  10.0 10.0 loc_loss:  0.38621623992919923 reward_loss:  -19.310810089111328
epoch:  33 batch:  10 region_loss:  10.0 10.0 loc_loss:  0.4205043411254883 reward_loss:  -21.025217056274414
epoch:  33 batch:  20 region_loss:  10.0 10.0 loc_loss:  0.39568328857421875 reward_loss:  -19.784162521362305
epoch:  33 batch:  30 region_loss:  10.0 10.0 loc_loss:  0.38229759216308595 reward_loss:  -19.114879608154297
epoch:  33 batch:  40 region_loss:  10.0 10.0 loc_loss:  0.47820201873779294 reward_loss:  -23.91010284423828
epoch:  33 batch:  50 region_loss:  10.0 10.0 loc_loss:  0.3905759811401367 reward_loss:  -19.52880096435547
epoch:  33 batch:  60 region_loss:  10.0 10.0 loc_loss:  0.38892322540283203 reward_loss:  -19.446163177490234
epoch:  33 batch:  70 region_loss:  10.0 10.0 loc_loss:  0.39154647827148437 reward_loss:  -19.577322006225586
epoch:  33 batch:  80 region_loss:  10.0 10.0 loc_loss:  0.4230479049682617 reward_loss:  -21.15239715576172
epoch:  33 batch:  90 region_loss:  6.0 6.0 loc_loss:  0.25123497009277346 reward_loss:  -12.561749458312988
epoch:  33 batch:  100 region_loss:  8.0 8.0 loc_loss:  0.30596912384033204 reward_loss:  -15.29847240447998
epoch:  33 batch:  110 region_loss:  4.0 4.0 loc_loss:  0.15778623580932616 reward_loss:  -7.889311790466309
epoch:  33 batch:  120 region_loss:  5.0 5.0 loc_loss:  0.18217304229736328 reward_loss:  -9.108652114868164
epoch:  33 batch:  130 region_loss:  7.0 7.0 loc_loss:  0.2959693145751953 reward_loss:  -14.79846477508545
acc@1:  0.12370649106302917
epoch: 33 region loss 0.17051094890510948 loc loss 0.3440720483682451 reward loss -17.203602286150854
epoch:  34 batch:  0 region_loss:  10.0 10.0 loc_loss:  0.36670852661132813 reward_loss:  -18.335426330566406
epoch:  34 batch:  10 region_loss:  10.0 10.0 loc_loss:  0.4010486602783203 reward_loss:  -20.052433013916016
epoch:  34 batch:  20 region_loss:  10.0 10.0 loc_loss:  0.37937862396240235 reward_loss:  -18.96893310546875
epoch:  34 batch:  30 region_loss:  10.0 10.0 loc_loss:  0.3629905700683594 reward_loss:  -18.14952850341797
epoch:  34 batch:  40 region_loss:  10.0 10.0 loc_loss:  0.4567433547973633 reward_loss:  -22.837169647216797
epoch:  34 batch:  50 region_loss:  10.0 10.0 loc_loss:  0.37217498779296876 reward_loss:  -18.608749389648438
epoch:  34 batch:  60 region_loss:  10.0 10.0 loc_loss:  0.3685683059692383 reward_loss:  -18.428415298461914
epoch:  34 batch:  70 region_loss:  10.0 10.0 loc_loss:  0.3725771713256836 reward_loss:  -18.628860473632812
epoch:  34 batch:  80 region_loss:  10.0 10.0 loc_loss:  0.40032085418701174 reward_loss:  -20.016042709350586
epoch:  34 batch:  90 region_loss:  6.0 6.0 loc_loss:  0.23715497970581054 reward_loss:  -11.857748985290527
epoch:  34 batch:  100 region_loss:  8.0 8.0 loc_loss:  0.290419807434082 reward_loss:  -14.521003723144531
epoch:  34 batch:  110 region_loss:  4.0 4.0 loc_loss:  0.14806901931762695 reward_loss:  -7.403451919555664
epoch:  34 batch:  120 region_loss:  5.0 5.0 loc_loss:  0.1717456817626953 reward_loss:  -8.587285041809082
epoch:  34 batch:  130 region_loss:  7.0 7.0 loc_loss:  0.2800912857055664 reward_loss:  -14.00456428527832
acc@1:  0.12417685794920037
epoch: 34 region loss 0.17051094890510948 loc loss 0.327496681770269 reward loss -16.374833266230397
epoch:  35 batch:  0 region_loss:  10.0 10.0 loc_loss:  0.3477576065063477 reward_loss:  -17.38787841796875
epoch:  35 batch:  10 region_loss:  10.0 10.0 loc_loss:  0.3821135711669922 reward_loss:  -19.10567855834961
epoch:  35 batch:  20 region_loss:  10.0 10.0 loc_loss:  0.3635357666015625 reward_loss:  -18.176788330078125
epoch:  35 batch:  30 region_loss:  10.0 10.0 loc_loss:  0.34428253173828127 reward_loss:  -17.214126586914062
epoch:  35 batch:  40 region_loss:  10.0 10.0 loc_loss:  0.4357558059692383 reward_loss:  -21.787790298461914
epoch:  35 batch:  50 region_loss:  10.0 10.0 loc_loss:  0.354324951171875 reward_loss:  -17.71624755859375
epoch:  35 batch:  60 region_loss:  10.0 10.0 loc_loss:  0.3490195846557617 reward_loss:  -17.450977325439453
epoch:  35 batch:  70 region_loss:  10.0 10.0 loc_loss:  0.35429615020751953 reward_loss:  -17.714805603027344
epoch:  35 batch:  80 region_loss:  10.0 10.0 loc_loss:  0.3782201385498047 reward_loss:  -18.911006927490234
epoch:  35 batch:  90 region_loss:  6.0 6.0 loc_loss:  0.2237028694152832 reward_loss:  -11.18514347076416
epoch:  35 batch:  100 region_loss:  8.0 8.0 loc_loss:  0.27522661209106447 reward_loss:  -13.761309623718262
epoch:  35 batch:  110 region_loss:  4.0 4.0 loc_loss:  0.13865816116333007 reward_loss:  -6.932908535003662
epoch:  35 batch:  120 region_loss:  5.0 5.0 loc_loss:  0.16165317535400392 reward_loss:  -8.082658767700195
epoch:  35 batch:  130 region_loss:  7.0 7.0 loc_loss:  0.2646503067016602 reward_loss:  -13.232516288757324
acc@1:  0.12323612417685795
epoch: 35 region loss 0.17051094890510948 loc loss 0.31146056444975584 reward loss -15.573025005577254
epoch:  36 batch:  0 region_loss:  10.0 10.0 loc_loss:  0.329509391784668 reward_loss:  -16.47547149658203
epoch:  36 batch:  10 region_loss:  10.0 10.0 loc_loss:  0.3637151336669922 reward_loss:  -18.18575668334961
epoch:  36 batch:  20 region_loss:  10.0 10.0 loc_loss:  0.3482701873779297 reward_loss:  -17.41348648071289
epoch:  36 batch:  30 region_loss:  10.0 10.0 loc_loss:  0.3262643051147461 reward_loss:  -16.313213348388672
epoch:  36 batch:  40 region_loss:  10.0 10.0 loc_loss:  0.41512596130371093 reward_loss:  -20.756298065185547
epoch:  36 batch:  50 region_loss:  10.0 10.0 loc_loss:  0.3369468688964844 reward_loss:  -16.847341537475586
epoch:  36 batch:  60 region_loss:  10.0 10.0 loc_loss:  0.33020877838134766 reward_loss:  -16.51043701171875
epoch:  36 batch:  70 region_loss:  10.0 10.0 loc_loss:  0.33657730102539063 reward_loss:  -16.82886505126953
epoch:  36 batch:  80 region_loss:  10.0 10.0 loc_loss:  0.35698116302490235 reward_loss:  -17.849058151245117
epoch:  36 batch:  90 region_loss:  6.0 6.0 loc_loss:  0.21049339294433594 reward_loss:  -10.524669647216797
epoch:  36 batch:  100 region_loss:  8.0 8.0 loc_loss:  0.26100250244140627 reward_loss:  -13.050138473510742
epoch:  36 batch:  110 region_loss:  4.0 4.0 loc_loss:  0.12981684684753417 reward_loss:  -6.490842819213867
epoch:  36 batch:  120 region_loss:  5.0 5.0 loc_loss:  0.1521780776977539 reward_loss:  -7.608902931213379
epoch:  36 batch:  130 region_loss:  7.0 7.0 loc_loss:  0.24983577728271483 reward_loss:  -12.491788864135742
acc@1:  0.12276575729068674
epoch: 36 region loss 0.17051094890510948 loc loss 0.2959293762088692 reward loss -14.796470335800283
epoch:  37 batch:  0 region_loss:  10.0 10.0 loc_loss:  0.31178815841674806 reward_loss:  -15.589409828186035
epoch:  37 batch:  10 region_loss:  10.0 10.0 loc_loss:  0.3458939743041992 reward_loss:  -17.29469871520996
epoch:  37 batch:  20 region_loss:  10.0 10.0 loc_loss:  0.33330577850341797 reward_loss:  -16.66529083251953
epoch:  37 batch:  30 region_loss:  10.0 10.0 loc_loss:  0.3086367416381836 reward_loss:  -15.43183708190918
epoch:  37 batch:  40 region_loss:  10.0 10.0 loc_loss:  0.3952397537231445 reward_loss:  -19.761987686157227
epoch:  37 batch:  50 region_loss:  10.0 10.0 loc_loss:  0.3202463531494141 reward_loss:  -16.01231575012207
epoch:  37 batch:  60 region_loss:  10.0 10.0 loc_loss:  0.3120309829711914 reward_loss:  -15.601551055908203
epoch:  37 batch:  70 region_loss:  10.0 10.0 loc_loss:  0.3193994903564453 reward_loss:  -15.969976425170898
epoch:  37 batch:  80 region_loss:  10.0 10.0 loc_loss:  0.33635826110839845 reward_loss:  -16.817913055419922
epoch:  37 batch:  90 region_loss:  6.0 6.0 loc_loss:  0.1980521011352539 reward_loss:  -9.902605056762695
epoch:  37 batch:  100 region_loss:  8.0 8.0 loc_loss:  0.24657907485961914 reward_loss:  -12.328960418701172
epoch:  37 batch:  110 region_loss:  4.0 4.0 loc_loss:  0.12127353668212891 reward_loss:  -6.063676834106445
epoch:  37 batch:  120 region_loss:  5.0 5.0 loc_loss:  0.14278596878051758 reward_loss:  -7.139298915863037
epoch:  37 batch:  130 region_loss:  7.0 7.0 loc_loss:  0.23541893005371095 reward_loss:  -11.770946502685547
acc@1:  0.1218250235183443
epoch: 37 region loss 0.17051094890510948 loc loss 0.2809228811298844 reward loss -14.046154077035668
epoch:  38 batch:  0 region_loss:  10.0 10.0 loc_loss:  0.29485502243041994 reward_loss:  -14.742752075195312
epoch:  38 batch:  10 region_loss:  10.0 10.0 loc_loss:  0.32863433837890627 reward_loss:  -16.431716918945312
epoch:  38 batch:  20 region_loss:  10.0 10.0 loc_loss:  0.31895315170288085 reward_loss:  -15.947656631469727
epoch:  38 batch:  30 region_loss:  10.0 10.0 loc_loss:  0.29187673568725586 reward_loss:  -14.59383773803711
epoch:  38 batch:  40 region_loss:  10.0 10.0 loc_loss:  0.37559852600097654 reward_loss:  -18.779926300048828
epoch:  38 batch:  50 region_loss:  10.0 10.0 loc_loss:  0.30387493133544924 reward_loss:  -15.193746566772461
epoch:  38 batch:  60 region_loss:  10.0 10.0 loc_loss:  0.29477657318115236 reward_loss:  -14.738828659057617
epoch:  38 batch:  70 region_loss:  10.0 10.0 loc_loss:  0.3027368927001953 reward_loss:  -15.136844635009766
epoch:  38 batch:  80 region_loss:  10.0 10.0 loc_loss:  0.3164204025268555 reward_loss:  -15.821019172668457
epoch:  38 batch:  90 region_loss:  6.0 6.0 loc_loss:  0.18582584381103515 reward_loss:  -9.291292190551758
epoch:  38 batch:  100 region_loss:  8.0 8.0 loc_loss:  0.23378561019897462 reward_loss:  -11.68927001953125
epoch:  38 batch:  110 region_loss:  4.0 4.0 loc_loss:  0.1132933521270752 reward_loss:  -5.664672374725342
epoch:  38 batch:  120 region_loss:  5.0 5.0 loc_loss:  0.1341984176635742 reward_loss:  -6.709920883178711
epoch:  38 batch:  130 region_loss:  7.0 7.0 loc_loss:  0.22156988143920897 reward_loss:  -11.07849407196045
acc@1:  0.12088428974600188
epoch: 38 region loss 0.17051094890510948 loc loss 0.26647820023724633 reward loss -13.323897932567736
epoch:  39 batch:  0 region_loss:  10.0 10.0 loc_loss:  0.278342227935791 reward_loss:  -13.917106628417969
epoch:  39 batch:  10 region_loss:  10.0 10.0 loc_loss:  0.3118287467956543 reward_loss:  -15.591435432434082
epoch:  39 batch:  20 region_loss:  10.0 10.0 loc_loss:  0.3049415969848633 reward_loss:  -15.247076988220215
epoch:  39 batch:  30 region_loss:  10.0 10.0 loc_loss:  0.2753733253479004 reward_loss:  -13.76866626739502
epoch:  39 batch:  40 region_loss:  10.0 10.0 loc_loss:  0.3566295623779297 reward_loss:  -17.83148193359375
epoch:  39 batch:  50 region_loss:  10.0 10.0 loc_loss:  0.28832263946533204 reward_loss:  -14.416131973266602
epoch:  39 batch:  60 region_loss:  10.0 10.0 loc_loss:  0.277922248840332 reward_loss:  -13.896113395690918
epoch:  39 batch:  70 region_loss:  10.0 10.0 loc_loss:  0.2867878532409668 reward_loss:  -14.339394569396973
epoch:  39 batch:  80 region_loss:  10.0 10.0 loc_loss:  0.2974706268310547 reward_loss:  -14.873531341552734
epoch:  39 batch:  90 region_loss:  6.0 6.0 loc_loss:  0.17431188583374024 reward_loss:  -8.715594291687012
epoch:  39 batch:  100 region_loss:  8.0 8.0 loc_loss:  0.22006563186645509 reward_loss:  -11.003278732299805
epoch:  39 batch:  110 region_loss:  4.0 4.0 loc_loss:  0.10553193092346191 reward_loss:  -5.276597023010254
epoch:  39 batch:  120 region_loss:  5.0 5.0 loc_loss:  0.1254536247253418 reward_loss:  -6.27268123626709
epoch:  39 batch:  130 region_loss:  7.0 7.0 loc_loss:  0.20816051483154296 reward_loss:  -10.408027648925781
acc@1:  0.11994355597365945
epoch: 39 region loss 0.17051094890510948 loc loss 0.25248236456056583 reward loss -12.624114550813271
epoch:  40 batch:  0 region_loss:  10.0 10.0 loc_loss:  0.26280813217163085 reward_loss:  -13.14040756225586
epoch:  40 batch:  10 region_loss:  10.0 10.0 loc_loss:  0.29578399658203125 reward_loss:  -14.789199829101562
epoch:  40 batch:  20 region_loss:  10.0 10.0 loc_loss:  0.29218647003173825 reward_loss:  -14.609323501586914
epoch:  40 batch:  30 region_loss:  10.0 10.0 loc_loss:  0.25989538192749023 reward_loss:  -12.994768142700195
epoch:  40 batch:  40 region_loss:  10.0 10.0 loc_loss:  0.3379796600341797 reward_loss:  -16.898990631103516
epoch:  40 batch:  50 region_loss:  10.0 10.0 loc_loss:  0.27322280883789063 reward_loss:  -13.661140441894531
epoch:  40 batch:  60 region_loss:  10.0 10.0 loc_loss:  0.2622373962402344 reward_loss:  -13.111869812011719
epoch:  40 batch:  70 region_loss:  10.0 10.0 loc_loss:  0.2712650489807129 reward_loss:  -13.563253402709961
epoch:  40 batch:  80 region_loss:  10.0 10.0 loc_loss:  0.27894880294799806 reward_loss:  -13.947439193725586
epoch:  40 batch:  90 region_loss:  6.0 6.0 loc_loss:  0.16307424545288085 reward_loss:  -8.153712272644043
epoch:  40 batch:  100 region_loss:  8.0 8.0 loc_loss:  0.20880006790161132 reward_loss:  -10.440009117126465
epoch:  40 batch:  110 region_loss:  4.0 4.0 loc_loss:  0.09839528083801269 reward_loss:  -4.919764041900635
epoch:  40 batch:  120 region_loss:  5.0 5.0 loc_loss:  0.11776191711425782 reward_loss:  -5.888095855712891
epoch:  40 batch:  130 region_loss:  7.0 7.0 loc_loss:  0.19543809890747071 reward_loss:  -9.771905899047852
acc@1:  0.11712135465663218
epoch: 40 region loss 0.17051094890510948 loc loss 0.23916490213714375 reward loss -11.958246445133739
epoch:  41 batch:  0 region_loss:  10.0 10.0 loc_loss:  0.24766910552978516 reward_loss:  -12.383455276489258
epoch:  41 batch:  10 region_loss:  10.0 10.0 loc_loss:  0.2800749206542969 reward_loss:  -14.003744125366211
epoch:  41 batch:  20 region_loss:  10.0 10.0 loc_loss:  0.2804744911193848 reward_loss:  -14.023724555969238
epoch:  41 batch:  30 region_loss:  10.0 10.0 loc_loss:  0.24480558395385743 reward_loss:  -12.240279197692871
epoch:  41 batch:  40 region_loss:  10.0 10.0 loc_loss:  0.32021141052246094 reward_loss:  -16.01057243347168
epoch:  41 batch:  50 region_loss:  10.0 10.0 loc_loss:  0.2593536376953125 reward_loss:  -12.967681884765625
epoch:  41 batch:  60 region_loss:  10.0 10.0 loc_loss:  0.24660966873168946 reward_loss:  -12.330482482910156
epoch:  41 batch:  70 region_loss:  10.0 10.0 loc_loss:  0.2562946891784668 reward_loss:  -12.814736366271973
epoch:  41 batch:  80 region_loss:  10.0 10.0 loc_loss:  0.2617381286621094 reward_loss:  -13.086907386779785
epoch:  41 batch:  90 region_loss:  6.0 6.0 loc_loss:  0.15245442390441893 reward_loss:  -7.622721195220947
epoch:  41 batch:  100 region_loss:  8.0 8.0 loc_loss:  0.19557743072509765 reward_loss:  -9.77886962890625
epoch:  41 batch:  110 region_loss:  4.0 4.0 loc_loss:  0.0914631462097168 reward_loss:  -4.573157787322998
epoch:  41 batch:  120 region_loss:  5.0 5.0 loc_loss:  0.10976921081542969 reward_loss:  -5.488460540771484
epoch:  41 batch:  130 region_loss:  7.0 7.0 loc_loss:  0.18282314300537109 reward_loss:  -9.141158103942871
acc@1:  0.11853245531514581
epoch: 41 region loss 0.17051094890510948 loc loss 0.22614902473714232 reward loss -11.307454853162278
epoch:  42 batch:  0 region_loss:  10.0 10.0 loc_loss:  0.23433788299560546 reward_loss:  -11.716894149780273
epoch:  42 batch:  10 region_loss:  10.0 10.0 loc_loss:  0.26509292602539064 reward_loss:  -13.254646301269531
epoch:  42 batch:  20 region_loss:  10.0 10.0 loc_loss:  0.27303525924682615 reward_loss:  -13.651762962341309
epoch:  42 batch:  30 region_loss:  10.0 10.0 loc_loss:  0.23057609558105469 reward_loss:  -11.528804779052734
epoch:  42 batch:  40 region_loss:  10.0 10.0 loc_loss:  0.3027568054199219 reward_loss:  -15.137839317321777
epoch:  42 batch:  50 region_loss:  10.0 10.0 loc_loss:  0.24647571563720702 reward_loss:  -12.323784828186035
epoch:  42 batch:  60 region_loss:  10.0 10.0 loc_loss:  0.23260791778564452 reward_loss:  -11.630393981933594
epoch:  42 batch:  70 region_loss:  10.0 10.0 loc_loss:  0.24200435638427734 reward_loss:  -12.100217819213867
epoch:  42 batch:  80 region_loss:  10.0 10.0 loc_loss:  0.24473201751708984 reward_loss:  -12.236601829528809
epoch:  42 batch:  90 region_loss:  6.0 6.0 loc_loss:  0.14240473747253418 reward_loss:  -7.120236396789551
epoch:  42 batch:  100 region_loss:  8.0 8.0 loc_loss:  0.18569137573242187 reward_loss:  -9.284544944763184
epoch:  42 batch:  110 region_loss:  4.0 4.0 loc_loss:  0.0850975513458252 reward_loss:  -4.254878044128418
epoch:  42 batch:  120 region_loss:  5.0 5.0 loc_loss:  0.10279664993286133 reward_loss:  -5.139832973480225
epoch:  42 batch:  130 region_loss:  7.0 7.0 loc_loss:  0.17134578704833983 reward_loss:  -8.567289352416992
acc@1:  0.1147695202257761
epoch: 42 region loss 0.17051094890510948 loc loss 0.2139437625355964 reward loss -10.697192603654235
epoch:  43 batch:  0 region_loss:  10.0 10.0 loc_loss:  0.2209128761291504 reward_loss:  -11.04564380645752
epoch:  43 batch:  10 region_loss:  10.0 10.0 loc_loss:  0.25049083709716796 reward_loss:  -12.524541854858398
epoch:  43 batch:  20 region_loss:  10.0 10.0 loc_loss:  0.2637666702270508 reward_loss:  -13.188334465026855
epoch:  43 batch:  30 region_loss:  10.0 10.0 loc_loss:  0.21711000442504882 reward_loss:  -10.855499267578125
epoch:  43 batch:  40 region_loss:  10.0 10.0 loc_loss:  0.2862097358703613 reward_loss:  -14.310486793518066
epoch:  43 batch:  50 region_loss:  10.0 10.0 loc_loss:  0.23381660461425782 reward_loss:  -11.69083023071289
epoch:  43 batch:  60 region_loss:  10.0 10.0 loc_loss:  0.21807170867919923 reward_loss:  -10.903585433959961
epoch:  43 batch:  70 region_loss:  10.0 10.0 loc_loss:  0.2280902099609375 reward_loss:  -11.404510498046875
epoch:  43 batch:  80 region_loss:  10.0 10.0 loc_loss:  0.22935134887695313 reward_loss:  -11.467567443847656
epoch:  43 batch:  90 region_loss:  6.0 6.0 loc_loss:  0.13278118133544922 reward_loss:  -6.639058589935303
epoch:  43 batch:  100 region_loss:  8.0 8.0 loc_loss:  0.17331045150756835 reward_loss:  -8.665529251098633
epoch:  43 batch:  110 region_loss:  4.0 4.0 loc_loss:  0.07884616374969483 reward_loss:  -3.942307949066162
epoch:  43 batch:  120 region_loss:  5.0 5.0 loc_loss:  0.0955283546447754 reward_loss:  -4.7764177322387695
epoch:  43 batch:  130 region_loss:  7.0 7.0 loc_loss:  0.15968880653381348 reward_loss:  -7.98444128036499
acc@1:  0.11759172154280338
epoch: 43 region loss 0.17051094890510948 loc loss 0.2020512990881927 reward loss -10.102559631323292
epoch:  44 batch:  0 region_loss:  10.0 10.0 loc_loss:  0.20851631164550782 reward_loss:  -10.425817489624023
epoch:  44 batch:  10 region_loss:  10.0 10.0 loc_loss:  0.23662473678588866 reward_loss:  -11.831236839294434
epoch:  44 batch:  20 region_loss:  10.0 10.0 loc_loss:  0.2534610366821289 reward_loss:  -12.673050880432129
epoch:  44 batch:  30 region_loss:  10.0 10.0 loc_loss:  0.2043280792236328 reward_loss:  -10.216404914855957
epoch:  44 batch:  40 region_loss:  10.0 10.0 loc_loss:  0.2701208877563477 reward_loss:  -13.506044387817383
epoch:  44 batch:  50 region_loss:  10.0 10.0 loc_loss:  0.22133752822875977 reward_loss:  -11.066876411437988
epoch:  44 batch:  60 region_loss:  10.0 10.0 loc_loss:  0.20557573318481445 reward_loss:  -10.278788566589355
epoch:  44 batch:  70 region_loss:  10.0 10.0 loc_loss:  0.21509960174560547 reward_loss:  -10.754980087280273
epoch:  44 batch:  80 region_loss:  10.0 10.0 loc_loss:  0.21384418487548829 reward_loss:  -10.692208290100098
epoch:  44 batch:  90 region_loss:  6.0 6.0 loc_loss:  0.12385577201843262 reward_loss:  -6.192790985107422
epoch:  44 batch:  100 region_loss:  8.0 8.0 loc_loss:  0.16414194107055663 reward_loss:  -8.207090377807617
epoch:  44 batch:  110 region_loss:  4.0 4.0 loc_loss:  0.07330792427062988 reward_loss:  -3.665395736694336
epoch:  44 batch:  120 region_loss:  5.0 5.0 loc_loss:  0.08935846328735352 reward_loss:  -4.467923641204834
epoch:  44 batch:  130 region_loss:  7.0 7.0 loc_loss:  0.1494676113128662 reward_loss:  -7.473381042480469
acc@1:  0.11335841956726246
epoch: 44 region loss 0.17051094890510948 loc loss 0.1908286083353697 reward loss -9.541423245503085
epoch:  45 batch:  0 region_loss:  10.0 10.0 loc_loss:  0.19479442596435548 reward_loss:  -9.739721298217773
epoch:  45 batch:  10 region_loss:  10.0 10.0 loc_loss:  0.2232542610168457 reward_loss:  -11.162714004516602
epoch:  45 batch:  20 region_loss:  10.0 10.0 loc_loss:  0.23998136520385743 reward_loss:  -11.999067306518555
epoch:  45 batch:  30 region_loss:  10.0 10.0 loc_loss:  0.1920948791503906 reward_loss:  -9.604744911193848
epoch:  45 batch:  40 region_loss:  10.0 10.0 loc_loss:  0.2549698638916016 reward_loss:  -12.748494148254395
epoch:  45 batch:  50 region_loss:  10.0 10.0 loc_loss:  0.2086295509338379 reward_loss:  -10.431476593017578
epoch:  45 batch:  60 region_loss:  10.0 10.0 loc_loss:  0.19226821899414062 reward_loss:  -9.613410949707031
epoch:  45 batch:  70 region_loss:  10.0 10.0 loc_loss:  0.20205114364624024 reward_loss:  -10.102556228637695
epoch:  45 batch:  80 region_loss:  10.0 10.0 loc_loss:  0.20015090942382813 reward_loss:  -10.00754451751709
epoch:  45 batch:  90 region_loss:  6.0 6.0 loc_loss:  0.1152150821685791 reward_loss:  -5.760754585266113
epoch:  45 batch:  100 region_loss:  8.0 8.0 loc_loss:  0.15304133415222168 reward_loss:  -7.652066230773926
epoch:  45 batch:  110 region_loss:  4.0 4.0 loc_loss:  0.06774628639221192 reward_loss:  -3.387314796447754
epoch:  45 batch:  120 region_loss:  5.0 5.0 loc_loss:  0.0829228973388672 reward_loss:  -4.146145820617676
epoch:  45 batch:  130 region_loss:  7.0 7.0 loc_loss:  0.1388319206237793 reward_loss:  -6.941596508026123
acc@1:  0.11523988711194733
epoch: 45 region loss 0.17051094890510948 loc loss 0.17979185484621646 reward loss -8.989592515639146
epoch:  46 batch:  0 region_loss:  10.0 10.0 loc_loss:  0.1830322265625 reward_loss:  -9.151610374450684
epoch:  46 batch:  10 region_loss:  10.0 10.0 loc_loss:  0.2105036735534668 reward_loss:  -10.525184631347656
epoch:  46 batch:  20 region_loss:  10.0 10.0 loc_loss:  0.22620019912719727 reward_loss:  -11.31001091003418
epoch:  46 batch:  30 region_loss:  10.0 10.0 loc_loss:  0.18003721237182618 reward_loss:  -9.001856803894043
epoch:  46 batch:  40 region_loss:  10.0 10.0 loc_loss:  0.24046663284301759 reward_loss:  -12.023330688476562
epoch:  46 batch:  50 region_loss:  10.0 10.0 loc_loss:  0.19653085708618165 reward_loss:  -9.82654094696045
epoch:  46 batch:  60 region_loss:  10.0 10.0 loc_loss:  0.18095643997192382 reward_loss:  -9.047821998596191
epoch:  46 batch:  70 region_loss:  10.0 10.0 loc_loss:  0.19028316497802733 reward_loss:  -9.514158248901367
epoch:  46 batch:  80 region_loss:  10.0 10.0 loc_loss:  0.18616971969604493 reward_loss:  -9.308485984802246
epoch:  46 batch:  90 region_loss:  6.0 6.0 loc_loss:  0.10740334510803223 reward_loss:  -5.3701677322387695
epoch:  46 batch:  100 region_loss:  8.0 8.0 loc_loss:  0.14445645332336426 reward_loss:  -7.222822189331055
epoch:  46 batch:  110 region_loss:  4.0 4.0 loc_loss:  0.06288705825805664 reward_loss:  -3.1443533897399902
epoch:  46 batch:  120 region_loss:  5.0 5.0 loc_loss:  0.07739762783050537 reward_loss:  -3.8698813915252686
epoch:  46 batch:  130 region_loss:  7.0 7.0 loc_loss:  0.1296691131591797 reward_loss:  -6.483455657958984
acc@1:  0.11241768579492004
epoch: 46 region loss 0.17051094890510948 loc loss 0.16936824222550775 reward loss -8.468412932688302
epoch:  47 batch:  0 region_loss:  10.0 10.0 loc_loss:  0.17124433517456056 reward_loss:  -8.562215805053711
epoch:  47 batch:  10 region_loss:  10.0 10.0 loc_loss:  0.19828227996826173 reward_loss:  -9.914113998413086
epoch:  47 batch:  20 region_loss:  10.0 10.0 loc_loss:  0.21331979751586913 reward_loss:  -10.665989875793457
epoch:  47 batch:  30 region_loss:  10.0 10.0 loc_loss:  0.16863052368164064 reward_loss:  -8.431526184082031
epoch:  47 batch:  40 region_loss:  10.0 10.0 loc_loss:  0.22682506561279298 reward_loss:  -11.341253280639648
epoch:  47 batch:  50 region_loss:  10.0 10.0 loc_loss:  0.185594539642334 reward_loss:  -9.279727935791016
epoch:  47 batch:  60 region_loss:  10.0 10.0 loc_loss:  0.1690531539916992 reward_loss:  -8.452658653259277
epoch:  47 batch:  70 region_loss:  10.0 10.0 loc_loss:  0.17808822631835938 reward_loss:  -8.904411315917969
epoch:  47 batch:  80 region_loss:  10.0 10.0 loc_loss:  0.17398399353027344 reward_loss:  -8.699199676513672
epoch:  47 batch:  90 region_loss:  6.0 6.0 loc_loss:  0.09979933738708496 reward_loss:  -4.98996639251709
epoch:  47 batch:  100 region_loss:  8.0 8.0 loc_loss:  0.13468994140625 reward_loss:  -6.734499931335449
epoch:  47 batch:  110 region_loss:  4.0 4.0 loc_loss:  0.05802046775817871 reward_loss:  -2.901024341583252
epoch:  47 batch:  120 region_loss:  5.0 5.0 loc_loss:  0.07178954124450683 reward_loss:  -3.5894775390625
epoch:  47 batch:  130 region_loss:  7.0 7.0 loc_loss:  0.12021574020385742 reward_loss:  -6.010787487030029
acc@1:  0.11053621825023519
epoch: 47 region loss 0.17051094890510948 loc loss 0.1592719277413222 reward loss -7.963597820623078
epoch:  48 batch:  0 region_loss:  10.0 10.0 loc_loss:  0.16066049575805663 reward_loss:  -8.033023834228516
epoch:  48 batch:  10 region_loss:  10.0 10.0 loc_loss:  0.18653837203979493 reward_loss:  -9.326918601989746
epoch:  48 batch:  20 region_loss:  10.0 10.0 loc_loss:  0.20287023544311522 reward_loss:  -10.143512725830078
epoch:  48 batch:  30 region_loss:  10.0 10.0 loc_loss:  0.157884521484375 reward_loss:  -7.894225597381592
epoch:  48 batch:  40 region_loss:  10.0 10.0 loc_loss:  0.21357276916503906 reward_loss:  -10.678637504577637
epoch:  48 batch:  50 region_loss:  10.0 10.0 loc_loss:  0.17475124359130859 reward_loss:  -8.73756217956543
epoch:  48 batch:  60 region_loss:  10.0 10.0 loc_loss:  0.1589166736602783 reward_loss:  -7.945833683013916
epoch:  48 batch:  70 region_loss:  10.0 10.0 loc_loss:  0.16758804321289061 reward_loss:  -8.379400253295898
epoch:  48 batch:  80 region_loss:  10.0 10.0 loc_loss:  0.1617088508605957 reward_loss:  -8.085443496704102
epoch:  48 batch:  90 region_loss:  6.0 6.0 loc_loss:  0.09293118476867676 reward_loss:  -4.646559238433838
epoch:  48 batch:  100 region_loss:  8.0 8.0 loc_loss:  0.12683548927307128 reward_loss:  -6.3417744636535645
epoch:  48 batch:  110 region_loss:  4.0 4.0 loc_loss:  0.053699803352355954 reward_loss:  -2.684990644454956
epoch:  48 batch:  120 region_loss:  5.0 5.0 loc_loss:  0.06693948745727539 reward_loss:  -3.3469748497009277
epoch:  48 batch:  130 region_loss:  7.0 7.0 loc_loss:  0.11204261779785156 reward_loss:  -5.60213041305542
acc@1:  0.11053621825023519
epoch: 48 region loss 0.17051094890510948 loc loss 0.14988200570545057 reward loss -7.49409933986455
epoch:  49 batch:  0 region_loss:  10.0 10.0 loc_loss:  0.15046393394470214 reward_loss:  -7.523196697235107
epoch:  49 batch:  10 region_loss:  10.0 10.0 loc_loss:  0.17564002990722657 reward_loss:  -8.782001495361328
epoch:  49 batch:  20 region_loss:  10.0 10.0 loc_loss:  0.19248064041137694 reward_loss:  -9.624031066894531
epoch:  49 batch:  30 region_loss:  10.0 10.0 loc_loss:  0.14765816688537597 reward_loss:  -7.3829026222229
epoch:  49 batch:  40 region_loss:  10.0 10.0 loc_loss:  0.20112020492553712 reward_loss:  -10.056010246276855
epoch:  49 batch:  50 region_loss:  10.0 10.0 loc_loss:  0.1652056884765625 reward_loss:  -8.260284423828125
epoch:  49 batch:  60 region_loss:  10.0 10.0 loc_loss:  0.14826990127563477 reward_loss:  -7.41349458694458
epoch:  49 batch:  70 region_loss:  10.0 10.0 loc_loss:  0.15639124870300292 reward_loss:  -7.819561958312988
epoch:  49 batch:  80 region_loss:  10.0 10.0 loc_loss:  0.15086789131164552 reward_loss:  -7.543395042419434
epoch:  49 batch:  90 region_loss:  6.0 6.0 loc_loss:  0.08638616561889649 reward_loss:  -4.319307804107666
epoch:  49 batch:  100 region_loss:  8.0 8.0 loc_loss:  0.11817137718200683 reward_loss:  -5.908553123474121
epoch:  49 batch:  110 region_loss:  4.0 4.0 loc_loss:  0.049540319442749024 reward_loss:  -2.4770164489746094
epoch:  49 batch:  120 region_loss:  5.0 5.0 loc_loss:  0.062060613632202145 reward_loss:  -3.1030304431915283
epoch:  49 batch:  130 region_loss:  7.0 7.0 loc_loss:  0.10381560325622559 reward_loss:  -5.190780162811279
acc@1:  0.10912511759172154
epoch: 49 region loss 0.17051094890510948 loc loss 0.1409221948585371 reward loss -7.046109645906156
